================================================================================
Enclosure

1: 0
2: 0
3: 0
4: 0
5: 4
6: 5
8: 4
9: 4
10: 9
11: 10
12: 10
13: 10
14: 9
15: 9
16: 0
17: 0
================================================================================
Initialisation

0; d(6); 18.
1; a(12,14); 14.
2; d(3); 13.
3; d(13); 18.
4; d(10); 4.
5; d(13); 18.
6; a(13,8); 18.
7; d(13); 18.
8; d(12); 4.
9; d(13); 18.
10; d(13); 18.
11; r(13,6); 18.
12; r(15,12); 18.
13; d(15); 5.
14; d(13); 18.
15; r(3,9); 1.
16; a(13,10); 18.
17; r(12,13); 4.
18; r(2,15); 0.
19; d(14); 5.
20; d(13); 18.
21; r(13,16); 18.
22; d(1); 42.
23; d(3); 13.
24; r(13,5); 18.
25; r(14,3); 5.
26; d(1); 42.
27; r(11,2); 4.
28; d(5); 0.
29; a(12,5); 18.
30; r(15,8); 5.
31; a(2,12); 0.
32; d(8); 13.
33; a(4,13); 18.
34; d(13); 18.
35; a(11,17); 4.
36; d(9); 4.
37; r(13,12); 18.
38; r(8,4); 11.
39; original; 18.
================================================================================
Generation 1

--------------------------------------------------------------------------------
Selection

0; 13
1; 37
2; 9
3; 36
4; 28
5; 28
6; 27
7; 2
8; 10
9; 36
10; 18
11; 32
12; 34
13; 32
14; 0
15; 32
16; 23
17; 25
18; 32
19; 28
20; 28
21; 30
22; 24
23; 11
24; 4
25; 15
26; 13
27; 20
28; 0
29; 23
30; 18
31; 30
32; 36
33; 19
34; 8
35; 37
36; 32
37; 27
38; 18
39; 11
--------------------------------------------------------------------------------
Crossover

0; 27; r(11,2)
1; 8; d(12)
2; 28, 13; d(5)
3; 28, 13; d(15)
4; 28; d(5)
5; 13; d(15)
6; 36; d(9)
7; 23; d(3)
8; 36; d(9)
9; 2; d(3)
10; 18; r(2,15)
11; 32; d(8)
12; 28, 32; d(5)
13; 28, 32; d(8)
14; 28; d(5)
15; 32; d(8)
16; 37; r(13,12)
17; 32; d(8)
18; 15; r(3,9)
19; 24; r(13,5)
20; 19; d(14)
21; 0; d(6)
22; 30; r(15,8)
23; 27; r(11,2)
24; 11; r(13,6)
25; 30; r(15,8)
26; 28; d(5)
27; 28; d(5)
28; 9, 25; d(13)
29; 9, 25; r(14,3)
30; 9; d(13)
31; 25; r(14,3)
32; 0, 37; d(6)
33; 0, 37; r(13,12)
34; 0; d(6)
35; 37; r(13,12)
36; 32, 13; d(8)
37; 32, 13; d(15)
38; 32; d(8)
39; 13; d(15)
40; 23; d(3)
41; 34; d(13)
42; 11, 10; r(13,6)
43; 11, 10; d(13)
44; 11; r(13,6)
45; 10; d(13)
46; 36; d(9)
47; 20; d(13)
48; 18; r(2,15)
49; 32; d(8)
50; 4, 18; d(10)
51; 4, 18; r(2,15)
52; 4; d(10)
53; 18; r(2,15)
--------------------------------------------------------------------------------
Mutation

0; r(11,2) a(13,9)
1; d(12) a(4,8)
2; d(5) a(1,6)
3; d(15) r(8,12)
4; d(5) a(14,5)
5; d(15) a(13,8)
6; d(9) a(5,10)
7; d(3) d(13)
8; d(9) d(3)
9; d(3) d(4)
10; r(2,15) d(13)
11; d(8) d(6)
12; d(5) r(1,13)
13; d(8) d(13)
14; d(5) d(13)
15; d(8) a(9,16)
16; r(13,12) d(4)
17; d(8) d(15)
18; r(3,9) d(12)
19; r(13,5) a(10,9)
20; d(14) a(10,8)
21; d(6) a(13,15)
22; r(15,8) d(9)
23; r(11,2) a(10,2)
24; r(13,6) r(10,12)
25; r(15,8) r(2,11)
26; d(5) r(13,11)
27; d(5) r(1,6)
28; d(13) a(11,16)
29; r(14,3) d(4)
30; d(13) a(11,4)
31; r(14,3) a(3,15)
32; d(6) r(13,14)
33; r(13,12) r(9,6)
34; d(6) d(13)
35; r(13,12) a(6,5)
36; d(8) a(4,4)
37; d(15) a(13,15)
38; d(8) a(13,5)
39; d(15) a(13,13)
40; d(3) a(5,12)
41; d(13) r(5,8)
42; r(13,6) d(3)
43; d(13) a(2,8)
44; r(13,6) d(10)
45; d(13) d(10)
46; d(9) r(4,8)
47; d(13) d(3)
48; r(2,15) r(13,16)
49; d(8) d(15)
50; d(10) a(2,16)
51; r(2,15) d(15)
52; d(10) d(6)
53; r(2,15) a(5,2)
--------------------------------------------------------------------------------
Evaluation

0; 4.
1; 4.
2; 0.
3; 13.
4; 7.
5; 5.
6; 42.
7; 13.
8; 13.
9; 13.
10; 0.
11; 13.
12; 0.
13; 13.
14; 0.
15; 4.
16; 13.
17; 13.
18; 1.
19; 42.
20; 5.
21; 18.
22; 4.
23; 4.
24; 4.
25; 0.
26; 0.
27; 0.
28; 4.
29; 13.
30; 44.
31; 0.
32; 54.
33; 4.
34; 18.
35; 18.
36; 13.
37; 5.
38; 13.
39; 5.
40; 13.
41; 0.
42; 13.
43; 18.
44; 4.
45; 4.
46; 13.
47; 13.
48; 0.
49; 13.
50; 0.
51; 0.
52; 4.
53; 1.
================================================================================
Generation 2

--------------------------------------------------------------------------------
Selection

0; 51
1; 41
2; 27
3; 45
4; 14
5; 42
6; 33
7; 27
8; 41
9; 18
10; 4
11; 18
12; 0
13; 4
14; 36
15; 22
16; 44
17; 4
18; 20
19; 15
20; 24
21; 29
22; 45
23; 48
24; 45
25; 2
26; 44
27; 49
28; 24
29; 7
30; 45
31; 33
32; 52
33; 43
34; 21
35; 51
36; 20
37; 27
38; 23
39; 2
--------------------------------------------------------------------------------
Crossover

0; 33; r(13,12) r(9,6)
1; 23; r(11,2) a(10,2)
2; 22, 29; r(15,8) d(9) d(4)
3; 22, 29; r(14,3)
4; 22; r(15,8) d(9)
5; 29; r(14,3) d(4)
6; 48, 20; r(2,15) r(13,16) a(10,8)
7; 48, 20; d(14)
8; 48; r(2,15) r(13,16)
9; 20; d(14) a(10,8)
10; 44; r(13,6) d(10)
11; 45; d(13) d(10)
12; 18; r(3,9) d(12)
13; 14; d(5) d(13)
14; 36, 52; d(8) a(4,4) d(6)
15; 36, 52; d(10)
16; 36; d(8) a(4,4)
17; 52; d(10) d(6)
18; 15, 51; d(8) a(9,16) d(15)
19; 15, 51; r(2,15)
20; 15; d(8) a(9,16)
21; 51; r(2,15) d(15)
22; 4; d(5) a(14,5)
23; 43; d(13) a(2,8)
24; 27, 44; d(5) r(1,6)
25; 27, 44; r(13,6) d(10)
26; 27; d(5) r(1,6)
27; 44; r(13,6) d(10)
28; 49, 27; d(8) r(1,6)
29; 49, 27; d(5) d(15)
30; 49; d(8) d(15)
31; 27; d(5) r(1,6)
32; 41; d(13) r(5,8)
33; 18; r(3,9) d(12)
34; 20, 45; d(14) d(10)
35; 20, 45; d(13) a(10,8)
36; 20; d(14) a(10,8)
37; 45; d(13) d(10)
38; 2, 33; d(5) a(1,6) r(9,6)
39; 2, 33; r(13,12)
40; 2; d(5) a(1,6)
41; 33; r(13,12) r(9,6)
42; 24, 27; r(13,6)
43; 24, 27; d(5) r(1,6) r(10,12)
44; 24; r(13,6) r(10,12)
45; 27; d(5) r(1,6)
46; 7; d(3) d(13)
47; 41; d(13) r(5,8)
48; 4; d(5) a(14,5)
49; 4; d(5) a(14,5)
50; 45, 2; d(13) d(10)
51; 45, 2; d(5) a(1,6)
52; 45; d(13) d(10)
53; 2; d(5) a(1,6)
54; 45; d(13) d(10)
55; 24; r(13,6) r(10,12)
56; 21, 0; d(6) a(13,9)
57; 21, 0; r(11,2) a(13,15)
58; 21; d(6) a(13,15)
59; 0; r(11,2) a(13,9)
60; 42, 51; r(13,6) d(3)
61; 42, 51; r(2,15) d(15)
62; 42; r(13,6) d(3)
63; 51; r(2,15) d(15)
--------------------------------------------------------------------------------
Mutation

0; r(13,12) r(9,6) a(3,4)
1; r(11,2) a(10,2) r(13,16)
2; r(15,8) d(9) d(4) d(1)
3; r(14,3) d(3)
4; r(15,8) d(9) a(5,16)
5; r(14,3) d(4) r(3,9)
6; r(2,15) r(13,16) a(10,8) r(8,13)
7; d(14) r(11,13)
8; r(2,15) r(13,16) a(8,9)
9; d(14) a(10,8) d(13)
10; r(13,6) d(10) r(4,15)
11; d(13) d(10) d(8)
12; r(3,9) d(12) a(14,8)
13; d(5) d(13) r(2,9)
14; d(8) a(4,4) d(6) r(5,3)
15; d(10) r(2,13)
16; d(8) a(4,4) r(13,14)
17; d(10) d(6) d(4)
18; d(8) a(9,16) d(15) r(2,13)
19; r(2,15) a(13,10)
20; d(8) a(9,16) r(13,4)
21; r(2,15) d(15) r(3,17)
22; d(5) a(14,5) r(13,12)
23; d(13) a(2,8) a(2,10)
24; d(5) r(1,6) r(9,11)
25; r(13,6) d(10) r(8,11)
26; d(5) r(1,6) r(3,12)
27; r(13,6) d(10) d(1)
28; d(8) r(1,6) a(14,4)
29; d(5) d(15) a(12,4)
30; d(8) d(15) r(13,14)
31; d(5) r(1,6) d(13)
32; d(13) r(5,8) a(12,10)
33; r(3,9) d(12) r(4,17)
34; d(14) d(10) r(15,16)
35; d(13) a(10,8) r(9,5)
36; d(14) a(10,8) a(10,3)
37; d(13) d(10) r(14,2)
38; d(5) a(1,6) r(9,6) d(1)
39; r(13,12) d(12)
40; d(5) a(1,6) r(13,14)
41; r(13,12) r(9,6) d(5)
42; r(13,6) d(1)
43; d(5) r(1,6) r(10,12) a(14,6)
44; r(13,6) r(10,12) a(15,9)
45; d(5) r(1,6) a(13,3)
46; d(3) d(13) d(6)
47; d(13) r(5,8) a(12,12)
48; d(5) a(14,5) a(2,6)
49; d(5) a(14,5) a(13,8)
50; d(13) d(10) d(4)
51; d(5) a(1,6) d(13)
52; d(13) d(10) r(1,17)
53; d(5) a(1,6) a(13,6)
54; d(13) d(10) a(6,11)
55; r(13,6) r(10,12) d(3)
56; d(6) a(13,9) r(10,14)
57; r(11,2) a(13,15) a(4,12)
58; d(6) a(13,15) r(13,5)
59; r(11,2) a(13,9) a(13,4)
60; r(13,6) d(3) d(4)
61; r(2,15) d(15) d(13)
62; r(13,6) d(3) r(1,17)
63; r(2,15) d(15) a(13,4)
--------------------------------------------------------------------------------
Evaluation

0; 18.
1; 4.
2; 13.
3; 13.
4; 4.
5; 1.
6; 0.
7; 4.
8; 0.
9; 5.
10; 1.
11; 13.
12; 1.
13; 0.
14; 0.
15; 0.
16; 13.
17; 13.
18; 0.
19; 0.
20; 4.
21; 0.
22; 7.
23; 18.
24; 0.
25; 5.
26; 0.
27; 4.
28; 42.
29; 0.
30; 13.
31; 0.
32; 0.
33; 0.
34; 4.
35; 4.
36; 4.
37; 4.
38; 0.
39; 4.
40; 0.
41; 0.
42; 42.
43; 0.
44; 4.
45; 0.
46; 13.
47; 0.
48; 7.
49; 7.
50; 13.
51; 0.
52; 13.
53; 0.
54; 13.
55; 13.
56; 13.
57; 10.
58; 18.
59; 4.
60; 13.
61; 0.
62; 13.
63; 0.
================================================================================
Generation 3

--------------------------------------------------------------------------------
Selection

0; 18
1; 47
2; 63
3; 44
4; 48
5; 47
6; 32
7; 49
8; 48
9; 18
10; 8
11; 49
12; 5
13; 34
14; 15
15; 12
16; 59
17; 27
18; 19
19; 19
20; 1
21; 43
22; 24
23; 14
24; 40
25; 15
26; 33
27; 13
28; 21
29; 37
30; 59
31; 32
32; 11
33; 32
34; 19
35; 29
36; 32
37; 53
38; 6
39; 38
--------------------------------------------------------------------------------
Crossover

0; 49, 48; d(5)
1; 49, 48; d(5) a(14,5) a(2,6) a(14,5) a(13,8)
2; 49; d(5) a(14,5) a(13,8)
3; 48; d(5) a(14,5) a(2,6)
4; 15; d(10) r(2,13)
5; 43; d(5) r(1,6) r(10,12) a(14,6)
6; 19; r(2,15) a(13,10)
7; 34; d(14) d(10) r(15,16)
8; 48, 24; d(5)
9; 48, 24; d(5) r(1,6) r(9,11) a(14,5) a(2,6)
10; 48; d(5) a(14,5) a(2,6)
11; 24; d(5) r(1,6) r(9,11)
12; 18, 8; d(8) a(9,16) d(15) r(2,13) a(8,9)
13; 18, 8; r(2,15) r(13,16)
14; 18; d(8) a(9,16) d(15) r(2,13)
15; 8; r(2,15) r(13,16) a(8,9)
16; 12, 21; r(3,9) d(12) a(14,8)
17; 12, 21; r(2,15) d(15) r(3,17)
18; 12; r(3,9) d(12) a(14,8)
19; 21; r(2,15) d(15) r(3,17)
20; 40; d(5) a(1,6) r(13,14)
21; 33; r(3,9) d(12) r(4,17)
22; 32, 59; d(13) r(5,8) a(13,9) a(13,4)
23; 32, 59; r(11,2) a(12,10)
24; 32; d(13) r(5,8) a(12,10)
25; 59; r(11,2) a(13,9) a(13,4)
26; 32, 37; d(13)
27; 32, 37; d(13) d(10) r(14,2) r(5,8) a(12,10)
28; 32; d(13) r(5,8) a(12,10)
29; 37; d(13) d(10) r(14,2)
30; 13, 11; d(5) d(13) d(10) d(8)
31; 13, 11; d(13) r(2,9)
32; 13; d(5) d(13) r(2,9)
33; 11; d(13) d(10) d(8)
34; 14, 49; d(8) a(4,4) d(6) a(13,8)
35; 14, 49; d(5) a(14,5) r(5,3)
36; 14; d(8) a(4,4) d(6) r(5,3)
37; 49; d(5) a(14,5) a(13,8)
38; 47; d(13) r(5,8) a(12,12)
39; 38; d(5) a(1,6) r(9,6) d(1)
40; 47; d(13) r(5,8) a(12,12)
41; 19; r(2,15) a(13,10)
42; 5, 32; r(14,3) a(12,10)
43; 5, 32; d(13) r(5,8) d(4) r(3,9)
44; 5; r(14,3) d(4) r(3,9)
45; 32; d(13) r(5,8) a(12,10)
46; 63, 29; r(2,15) d(15) a(13,4) a(12,4)
47; 63, 29; d(5) d(15)
48; 63; r(2,15) d(15) a(13,4)
49; 29; d(5) d(15) a(12,4)
50; 27; r(13,6) d(10) d(1)
51; 1; r(11,2) a(10,2) r(13,16)
52; 59, 15; r(11,2) a(13,9) r(2,13)
53; 59, 15; d(10) a(13,4)
54; 59; r(11,2) a(13,9) a(13,4)
55; 15; d(10) r(2,13)
56; 44, 19; r(13,6) r(10,12) a(15,9)
57; 44, 19; r(2,15) a(13,10)
58; 44; r(13,6) r(10,12) a(15,9)
59; 19; r(2,15) a(13,10)
60; 53; d(5) a(1,6) a(13,6)
61; 18; d(8) a(9,16) d(15) r(2,13)
62; 32; d(13) r(5,8) a(12,10)
63; 6; r(2,15) r(13,16) a(10,8) r(8,13)
--------------------------------------------------------------------------------
Mutation

0; d(5) r(14,17)
1; d(5) a(14,5) a(2,6) a(14,5) a(13,8) d(9)
2; d(5) a(14,5) a(13,8) r(11,5)
3; d(5) a(14,5) a(2,6) r(13,17)
4; d(10) r(2,13) r(15,16)
5; d(5) r(1,6) r(10,12) a(14,6) a(15,5)
6; r(2,15) a(13,10) r(13,15)
7; d(14) d(10) r(15,16) r(5,10)
8; d(5) a(13,11)
9; d(5) r(1,6) r(9,11) a(14,5) a(2,6) r(2,11)
10; d(5) a(14,5) a(2,6) a(13,15)
11; d(5) r(1,6) r(9,11) d(3)
12; d(8) a(9,16) d(15) r(2,13) a(8,9) d(9)
13; r(2,15) r(13,16) d(8)
14; d(8) a(9,16) d(15) r(2,13) r(14,4)
15; r(2,15) r(13,16) a(8,9) a(5,5)
16; r(3,9) d(12) a(14,8) a(2,8)
17; r(2,15) d(15) r(3,17) d(13)
18; r(3,9) d(12) a(14,8) r(2,14)
19; r(2,15) d(15) r(3,17) d(13)
20; d(5) a(1,6) r(13,14) a(1,13)
21; r(3,9) d(12) r(4,17) r(1,17)
22; d(13) r(5,8) a(13,9) a(13,4) d(11)
23; r(11,2) a(12,10) d(5)
24; d(13) r(5,8) a(12,10) d(8)
25; r(11,2) a(13,9) a(13,4) a(13,3)
26; d(13) a(1,13)
27; d(13) d(10) r(14,2) r(5,8) a(12,10) a(3,2)
28; d(13) r(5,8) a(12,10) d(10)
29; d(13) d(10) r(14,2) d(4)
30; d(5) d(13) d(10) d(8) a(1,6)
31; d(13) r(2,9) r(10,15)
32; d(5) d(13) r(2,9) a(4,4)
33; d(13) d(10) d(8) r(6,14)
34; d(8) a(4,4) d(6) a(13,8) r(13,9)
35; d(5) a(14,5) r(5,3) a(14,12)
36; d(8) a(4,4) d(6) r(5,3) a(13,8)
37; d(5) a(14,5) a(13,8) a(13,3)
38; d(13) r(5,8) a(12,12) d(15)
39; d(5) a(1,6) r(9,6) d(1) r(8,11)
40; d(13) r(5,8) a(12,12) a(2,17)
41; r(2,15) a(13,10) a(8,16)
42; r(14,3) a(12,10) r(10,3)
43; d(13) r(5,8) d(4) r(3,9) a(1,6)
44; r(14,3) d(4) r(3,9) r(1,6)
45; d(13) r(5,8) a(12,10) r(9,17)
46; r(2,15) d(15) a(13,4) a(12,4) a(13,17)
47; d(5) d(15) r(9,4)
48; r(2,15) d(15) a(13,4) d(5)
49; d(5) d(15) a(12,4) a(14,8)
50; r(13,6) d(10) d(1) d(4)
51; r(11,2) a(10,2) r(13,16) a(10,17)
52; r(11,2) a(13,9) r(2,13) a(3,14)
53; d(10) a(13,4) r(2,4)
54; r(11,2) a(13,9) a(13,4) a(9,3)
55; d(10) r(2,13) a(1,1)
56; r(13,6) r(10,12) a(15,9) a(9,4)
57; r(2,15) a(13,10) d(13)
58; r(13,6) r(10,12) a(15,9) a(3,6)
59; r(2,15) a(13,10) d(13)
60; d(5) a(1,6) a(13,6) d(8)
61; d(8) a(9,16) d(15) r(2,13) a(13,13)
62; d(13) r(5,8) a(12,10) r(14,4)
63; r(2,15) r(13,16) a(10,8) r(8,13) d(14)
--------------------------------------------------------------------------------
Evaluation

0; 0.
1; 0.
2; 2.
3; 7.
4; 0.
5; 0.
6; 0.
7; 0.
8; 0.
9; 0.
10; 7.
11; 0.
12; 0.
13; 0.
14; 0.
15; 0.
16; 13.
17; 0.
18; 0.
19; 0.
20; 0.
21; 0.
22; 0.
23; 0.
24; 0.
25; 4.
26; 18.
27; 0.
28; 0.
29; 13.
30; 0.
31; 0.
32; 0.
33; 5.
34; 13.
35; 1.
36; 0.
37; 7.
38; 0.
39; 0.
40; 0.
41; 0.
42; 4.
43; 1.
44; 1.
45; 0.
46; 0.
47; 0.
48; 0.
49; 0.
50; 13.
51; 13.
52; 10.
53; 0.
54; 4.
55; 0.
56; 4.
57; 0.
58; 4.
59; 0.
60; 0.
61; 0.
62; 0.
63; 0.
================================================================================
Generation 4

--------------------------------------------------------------------------------
Selection

0; 15
1; 22
2; 49
3; 39
4; 59
5; 22
6; 45
7; 53
8; 23
9; 48
10; 48
11; 14
12; 20
13; 55
14; 38
15; 49
16; 39
17; 13
18; 12
19; 39
20; 57
21; 1
22; 40
23; 4
24; 20
25; 31
26; 15
27; 28
28; 63
29; 12
30; 54
31; 8
32; 55
33; 48
34; 8
35; 48
36; 28
37; 48
38; 19
39; 12
--------------------------------------------------------------------------------
Crossover

0; 39; d(5) a(1,6) r(9,6) d(1) r(8,11)
1; 8; d(5) a(13,11)
2; 1; d(5) a(14,5) a(2,6) a(14,5) a(13,8) d(9)
3; 12; d(8) a(9,16) d(15) r(2,13) a(8,9) d(9)
4; 20; d(5) a(1,6) r(13,14) a(1,13)
5; 12; d(8) a(9,16) d(15) r(2,13) a(8,9) d(9)
6; 31; d(13) r(2,9) r(10,15)
7; 12; d(8) a(9,16) d(15) r(2,13) a(8,9) d(9)
8; 48, 63; r(2,15) d(15) r(13,16) a(10,8) r(8,13) d(14)
9; 48, 63; r(2,15) a(13,4) d(5)
10; 48; r(2,15) d(15) a(13,4) d(5)
11; 63; r(2,15) r(13,16) a(10,8) r(8,13) d(14)
12; 15; r(2,15) r(13,16) a(8,9) a(5,5)
13; 39; d(5) a(1,6) r(9,6) d(1) r(8,11)
14; 49, 20; d(5) d(15) a(1,6) r(13,14) a(1,13)
15; 49, 20; d(5) a(12,4) a(14,8)
16; 49; d(5) d(15) a(12,4) a(14,8)
17; 20; d(5) a(1,6) r(13,14) a(1,13)
18; 48; r(2,15) d(15) a(13,4) d(5)
19; 14; d(8) a(9,16) d(15) r(2,13) r(14,4)
20; 22; d(13) r(5,8) a(13,9) a(13,4) d(11)
21; 55; d(10) r(2,13) a(1,1)
22; 49; d(5) d(15) a(12,4) a(14,8)
23; 28; d(13) r(5,8) a(12,10) d(10)
24; 48; r(2,15) d(15) a(13,4) d(5)
25; 28; d(13) r(5,8) a(12,10) d(10)
26; 38; d(13) r(5,8) a(12,12) d(15)
27; 53; d(10) a(13,4) r(2,4)
28; 22, 19; d(13) d(13)
29; 22, 19; r(2,15) d(15) r(3,17) r(5,8) a(13,9) a(13,4) d(11)
30; 22; d(13) r(5,8) a(13,9) a(13,4) d(11)
31; 19; r(2,15) d(15) r(3,17) d(13)
32; 13; r(2,15) r(13,16) d(8)
33; 55; d(10) r(2,13) a(1,1)
34; 8, 45; d(5)
35; 8, 45; d(13) r(5,8) a(12,10) r(9,17) a(13,11)
36; 8; d(5) a(13,11)
37; 45; d(13) r(5,8) a(12,10) r(9,17)
38; 57; r(2,15) a(13,10) d(13)
39; 39; d(5) a(1,6) r(9,6) d(1) r(8,11)
40; 4, 48; d(10) r(2,13) d(15) a(13,4) d(5)
41; 4, 48; r(2,15) r(15,16)
42; 4; d(10) r(2,13) r(15,16)
43; 48; r(2,15) d(15) a(13,4) d(5)
44; 15; r(2,15) r(13,16) a(8,9) a(5,5)
45; 48; r(2,15) d(15) a(13,4) d(5)
46; 59; r(2,15) a(13,10) d(13)
47; 54; r(11,2) a(13,9) a(13,4) a(9,3)
48; 23; r(11,2) a(12,10) d(5)
49; 40; d(13) r(5,8) a(12,12) a(2,17)
--------------------------------------------------------------------------------
Mutation

0; d(5) a(1,6) r(9,6) d(1) r(8,11) r(3,10)
1; d(5) a(13,11) r(13,9)
2; d(5) a(14,5) a(2,6) a(14,5) a(13,8) d(9) d(1)
3; d(8) a(9,16) d(15) r(2,13) a(8,9) d(9) r(5,12)
4; d(5) a(1,6) r(13,14) a(1,13) r(9,4)
5; d(8) a(9,16) d(15) r(2,13) a(8,9) d(9) a(4,11)
6; d(13) r(2,9) r(10,15) d(1)
7; d(8) a(9,16) d(15) r(2,13) a(8,9) d(9) r(3,13)
8; r(2,15) d(15) r(13,16) a(10,8) r(8,13) d(14) r(4,12)
9; r(2,15) a(13,4) d(5) d(1)
10; r(2,15) d(15) a(13,4) d(5) r(13,9)
11; r(2,15) r(13,16) a(10,8) r(8,13) d(14) a(6,15)
12; r(2,15) r(13,16) a(8,9) a(5,5) r(3,10)
13; d(5) a(1,6) r(9,6) d(1) r(8,11) r(2,6)
14; d(5) d(15) a(1,6) r(13,14) a(1,13) r(10,5)
15; d(5) a(12,4) a(14,8) d(13)
16; d(5) d(15) a(12,4) a(14,8) r(10,16)
17; d(5) a(1,6) r(13,14) a(1,13) a(3,16)
18; r(2,15) d(15) a(13,4) d(5) a(13,17)
19; d(8) a(9,16) d(15) r(2,13) r(14,4) r(13,10)
20; d(13) r(5,8) a(13,9) a(13,4) d(11) d(4)
21; d(10) r(2,13) a(1,1) a(14,5)
22; d(5) d(15) a(12,4) a(14,8) a(4,12)
23; d(13) r(5,8) a(12,10) d(10) a(15,9)
24; r(2,15) d(15) a(13,4) d(5) r(13,5)
25; d(13) r(5,8) a(12,10) d(10) r(4,8)
26; d(13) r(5,8) a(12,12) d(15) a(8,3)
27; d(10) a(13,4) r(2,4) r(8,4)
28; d(13) d(13) d(10)
29; r(2,15) d(15) r(3,17) r(5,8) a(13,9) a(13,4) d(11) a(12,3)
30; d(13) r(5,8) a(13,9) a(13,4) d(11) a(3,11)
31; r(2,15) d(15) r(3,17) d(13) d(9)
32; r(2,15) r(13,16) d(8) a(11,3)
33; d(10) r(2,13) a(1,1) d(14)
34; d(5) r(2,16)
35; d(13) r(5,8) a(12,10) r(9,17) a(13,11) a(1,6)
36; d(5) a(13,11) d(11)
37; d(13) r(5,8) a(12,10) r(9,17) d(4)
38; r(2,15) a(13,10) d(13) r(8,16)
39; d(5) a(1,6) r(9,6) d(1) r(8,11) d(4)
40; d(10) r(2,13) d(15) a(13,4) d(5) a(4,2)
41; r(2,15) r(15,16) d(12)
42; d(10) r(2,13) r(15,16) a(5,3)
43; r(2,15) d(15) a(13,4) d(5) r(13,3)
44; r(2,15) r(13,16) a(8,9) a(5,5) d(11)
45; r(2,15) d(15) a(13,4) d(5) d(3)
46; r(2,15) a(13,10) d(13) d(5)
47; r(11,2) a(13,9) a(13,4) a(9,3) r(13,17)
48; r(11,2) a(12,10) d(5) d(12)
49; d(13) r(5,8) a(12,12) a(2,17) a(4,14)
--------------------------------------------------------------------------------
Evaluation

0; 0.
1; 0.
2; 0.
3; 0.
4; 0.
5; 0.
6; 0.
7; 0.
8; 0.
9; 0.
10; 0.
11; 0.
12; 0.
13; 0.
14; 4.
15; 0.
16; 0.
17; 0.
18; 0.
19; 0.
20; 13.
21; 0.
22; 0.
23; 0.
24; 0.
25; 13.
26; 0.
27; 0.
28; 4.
29; 0.
30; 0.
31; 0.
32; 0.
33; 0.
34; 0.
35; 0.
36; 0.
37; 13.
38; 0.
39; 13.
40; 0.
41; 0.
42; 0.
43; 0.
44; 0.
45; 0.
46; 0.
47; 4.
48; 0.
49; 0.
================================================================================
Generation 5

--------------------------------------------------------------------------------
Selection

0; 31
1; 44
2; 10
3; 19
4; 23
5; 41
6; 24
7; 48
8; 27
9; 5
10; 35
11; 23
12; 13
13; 19
14; 40
15; 0
16; 15
17; 42
18; 43
19; 48
20; 33
21; 24
22; 0
23; 23
24; 27
25; 0
26; 17
27; 9
28; 17
29; 21
30; 7
31; 48
32; 26
33; 30
34; 18
35; 3
36; 46
37; 2
38; 41
39; 33
--------------------------------------------------------------------------------
Crossover

0; 27, 15; d(10) a(13,4) r(2,4) a(12,4) a(14,8) d(13)
1; 27, 15; d(5) r(8,4)
2; 27; d(10) a(13,4) r(2,4) r(8,4)
3; 15; d(5) a(12,4) a(14,8) d(13)
4; 30, 17; d(13) r(5,8) a(13,9) a(13,4) a(1,13) a(3,16)
5; 30, 17; d(5) a(1,6) r(13,14) d(11) a(3,11)
6; 30; d(13) r(5,8) a(13,9) a(13,4) d(11) a(3,11)
7; 17; d(5) a(1,6) r(13,14) a(1,13) a(3,16)
8; 0; d(5) a(1,6) r(9,6) d(1) r(8,11) r(3,10)
9; 24; r(2,15) d(15) a(13,4) d(5) r(13,5)
10; 17, 2; d(5) a(1,6) r(13,14) a(1,13) a(14,5) a(13,8) d(9) d(1)
11; 17, 2; d(5) a(14,5) a(2,6) a(3,16)
12; 17; d(5) a(1,6) r(13,14) a(1,13) a(3,16)
13; 2; d(5) a(14,5) a(2,6) a(14,5) a(13,8) d(9) d(1)
14; 40; d(10) r(2,13) d(15) a(13,4) d(5) a(4,2)
15; 41; r(2,15) r(15,16) d(12)
16; 35, 5; d(13) r(5,8) a(12,10) r(9,17) a(9,16) d(15) r(2,13) a(8,9) d(9) a(4,11)
17; 35, 5; d(8) a(13,11) a(1,6)
18; 35; d(13) r(5,8) a(12,10) r(9,17) a(13,11) a(1,6)
19; 5; d(8) a(9,16) d(15) r(2,13) a(8,9) d(9) a(4,11)
20; 7, 26; d(8) a(9,16) d(15) r(2,13) a(8,9) d(15) a(8,3)
21; 7, 26; d(13) r(5,8) a(12,12) d(9) r(3,13)
22; 7; d(8) a(9,16) d(15) r(2,13) a(8,9) d(9) r(3,13)
23; 26; d(13) r(5,8) a(12,12) d(15) a(8,3)
24; 23; d(13) r(5,8) a(12,10) d(10) a(15,9)
25; 27; d(10) a(13,4) r(2,4) r(8,4)
26; 0; d(5) a(1,6) r(9,6) d(1) r(8,11) r(3,10)
27; 18; r(2,15) d(15) a(13,4) d(5) a(13,17)
28; 0, 33; d(5) a(1,6) r(9,6) d(1) r(8,11) r(2,13) a(1,1) d(14)
29; 0, 33; d(10) r(3,10)
30; 0; d(5) a(1,6) r(9,6) d(1) r(8,11) r(3,10)
31; 33; d(10) r(2,13) a(1,1) d(14)
32; 3; d(8) a(9,16) d(15) r(2,13) a(8,9) d(9) r(5,12)
33; 24; r(2,15) d(15) a(13,4) d(5) r(13,5)
34; 44; r(2,15) r(13,16) a(8,9) a(5,5) d(11)
35; 48; r(11,2) a(12,10) d(5) d(12)
36; 31; r(2,15) d(15) r(3,17) d(13) d(9)
37; 10; r(2,15) d(15) a(13,4) d(5) r(13,9)
38; 42, 9; d(10) r(2,13) r(15,16) a(5,3) d(5) d(1)
39; 42, 9; r(2,15) a(13,4)
40; 42; d(10) r(2,13) r(15,16) a(5,3)
41; 9; r(2,15) a(13,4) d(5) d(1)
42; 13, 41; d(5) a(1,6)
43; 13, 41; r(2,15) r(15,16) d(12) r(9,6) d(1) r(8,11) r(2,6)
44; 13; d(5) a(1,6) r(9,6) d(1) r(8,11) r(2,6)
45; 41; r(2,15) r(15,16) d(12)
46; 23; d(13) r(5,8) a(12,10) d(10) a(15,9)
47; 23; d(13) r(5,8) a(12,10) d(10) a(15,9)
48; 19; d(8) a(9,16) d(15) r(2,13) r(14,4) r(13,10)
49; 46; r(2,15) a(13,10) d(13) d(5)
50; 48, 33; r(11,2) a(12,10) d(14)
51; 48, 33; d(10) r(2,13) a(1,1) d(5) d(12)
52; 48; r(11,2) a(12,10) d(5) d(12)
53; 33; d(10) r(2,13) a(1,1) d(14)
54; 19, 43; d(8) d(15) a(13,4) d(5) r(13,3)
55; 19, 43; r(2,15) a(9,16) d(15) r(2,13) r(14,4) r(13,10)
56; 19; d(8) a(9,16) d(15) r(2,13) r(14,4) r(13,10)
57; 43; r(2,15) d(15) a(13,4) d(5) r(13,3)
58; 21; d(10) r(2,13) a(1,1) a(14,5)
59; 48; r(11,2) a(12,10) d(5) d(12)
--------------------------------------------------------------------------------
Mutation

0; d(10) a(13,4) r(2,4) a(12,4) a(14,8) d(13) r(8,14)
1; d(5) r(8,4) r(13,12)
2; d(10) a(13,4) r(2,4) r(8,4) d(9)
3; d(5) a(12,4) a(14,8) d(13) a(14,11)
4; d(13) r(5,8) a(13,9) a(13,4) a(1,13) a(3,16) r(4,17)
5; d(5) a(1,6) r(13,14) d(11) a(3,11) d(2)
6; d(13) r(5,8) a(13,9) a(13,4) d(11) a(3,11) r(14,10)
7; d(5) a(1,6) r(13,14) a(1,13) a(3,16) a(9,3)
8; d(5) a(1,6) r(9,6) d(1) r(8,11) r(3,10) a(4,10)
9; r(2,15) d(15) a(13,4) d(5) r(13,5) r(4,14)
10; d(5) a(1,6) r(13,14) a(1,13) a(14,5) a(13,8) d(9) d(1) a(4,14)
11; d(5) a(14,5) a(2,6) a(3,16) d(13)
12; d(5) a(1,6) r(13,14) a(1,13) a(3,16) a(8,3)
13; d(5) a(14,5) a(2,6) a(14,5) a(13,8) d(9) d(1) a(2,8)
14; d(10) r(2,13) d(15) a(13,4) d(5) a(4,2) r(8,4)
15; r(2,15) r(15,16) d(12) r(1,6)
16; d(13) r(5,8) a(12,10) r(9,17) a(9,16) d(15) r(2,13) a(8,9) d(9) a(4,11) d(4)
17; d(8) a(13,11) a(1,6) a(13,16)
18; d(13) r(5,8) a(12,10) r(9,17) a(13,11) a(1,6) a(2,8)
19; d(8) a(9,16) d(15) r(2,13) a(8,9) d(9) a(4,11) r(5,11)
20; d(8) a(9,16) d(15) r(2,13) a(8,9) d(15) a(8,3) d(13)
21; d(13) r(5,8) a(12,12) d(9) r(3,13) r(8,16)
22; d(8) a(9,16) d(15) r(2,13) a(8,9) d(9) r(3,13) a(1,13)
23; d(13) r(5,8) a(12,12) d(15) a(8,3) r(3,9)
24; d(13) r(5,8) a(12,10) d(10) a(15,9) a(15,4)
25; d(10) a(13,4) r(2,4) r(8,4) d(1)
26; d(5) a(1,6) r(9,6) d(1) r(8,11) r(3,10) a(2,8)
27; r(2,15) d(15) a(13,4) d(5) a(13,17) r(13,15)
28; d(5) a(1,6) r(9,6) d(1) r(8,11) r(2,13) a(1,1) d(14) d(4)
29; d(10) r(3,10) d(1)
30; d(5) a(1,6) r(9,6) d(1) r(8,11) r(3,10) d(2)
31; d(10) r(2,13) a(1,1) d(14) d(1)
32; d(8) a(9,16) d(15) r(2,13) a(8,9) d(9) r(5,12) a(4,14)
33; r(2,15) d(15) a(13,4) d(5) r(13,5) r(14,15)
34; r(2,15) r(13,16) a(8,9) a(5,5) d(11) a(15,17)
35; r(11,2) a(12,10) d(5) d(12) a(2,16)
36; r(2,15) d(15) r(3,17) d(13) d(9) r(4,2)
37; r(2,15) d(15) a(13,4) d(5) r(13,9) r(8,17)
38; d(10) r(2,13) r(15,16) a(5,3) d(5) d(1) a(3,13)
39; r(2,15) a(13,4) d(13)
40; d(10) r(2,13) r(15,16) a(5,3) a(4,6)
41; r(2,15) a(13,4) d(5) d(1) r(13,6)
42; d(5) a(1,6) r(13,15)
43; r(2,15) r(15,16) d(12) r(9,6) d(1) r(8,11) r(2,6) a(3,6)
44; d(5) a(1,6) r(9,6) d(1) r(8,11) r(2,6) r(3,11)
45; r(2,15) r(15,16) d(12) a(13,14)
46; d(13) r(5,8) a(12,10) d(10) a(15,9) a(9,12)
47; d(13) r(5,8) a(12,10) d(10) a(15,9) a(2,8)
48; d(8) a(9,16) d(15) r(2,13) r(14,4) r(13,10) d(10)
49; r(2,15) a(13,10) d(13) d(5) r(11,12)
50; r(11,2) a(12,10) d(14) d(6)
51; d(10) r(2,13) a(1,1) d(5) d(12) d(14)
52; r(11,2) a(12,10) d(5) d(12) d(13)
53; d(10) r(2,13) a(1,1) d(14) d(3)
54; d(8) d(15) a(13,4) d(5) r(13,3) d(4)
55; r(2,15) a(9,16) d(15) r(2,13) r(14,4) r(13,10) d(3)
56; d(8) a(9,16) d(15) r(2,13) r(14,4) r(13,10) r(6,16)
57; r(2,15) d(15) a(13,4) d(5) r(13,3) r(1,13)
58; d(10) r(2,13) a(1,1) a(14,5) d(9)
59; r(11,2) a(12,10) d(5) d(12) a(3,10)
--------------------------------------------------------------------------------
Evaluation

0; 0.
1; 0.
2; 0.
3; 0.
4; 13.
5; 0.
6; 0.
7; 0.
8; 0.
9; 0.
10; 0.
11; 0.
12; 0.
13; 0.
14; 0.
15; 0.
16; 0.
17; 13.
18; 0.
19; 0.
20; 0.
21; 0.
22; 0.
23; 0.
24; 0.
25; 0.
26; 0.
27; 0.
28; 0.
29; 13.
30; 0.
31; 0.
32; 0.
33; 0.
34; 0.
35; 0.
36; 0.
37; 0.
38; 0.
39; 0.
40; 0.
41; 0.
42; 0.
43; 0.
44; 0.
45; 0.
46; 0.
47; 0.
48; 0.
49; 0.
50; 5.
51; 0.
52; 0.
53; 0.
54; 13.
55; 0.
56; 0.
57; 0.
58; 0.
59; 0.
================================================================================
Generation 6

--------------------------------------------------------------------------------
Selection

0; 34
1; 53
2; 28
3; 20
4; 43
5; 13
6; 47
7; 41
8; 18
9; 14
10; 25
11; 46
12; 6
13; 42
14; 37
15; 14
16; 7
17; 31
18; 15
19; 47
20; 44
21; 15
22; 25
23; 44
24; 46
25; 26
26; 35
27; 3
28; 55
29; 9
30; 44
31; 48
32; 57
33; 51
34; 59
35; 41
36; 50
37; 59
38; 28
39; 59
--------------------------------------------------------------------------------
Crossover

0; 15, 28; r(2,15) r(15,16) d(12) r(1,6) a(1,1) d(14) d(4)
1; 15, 28; d(5) a(1,6) r(9,6) d(1) r(8,11) r(2,13)
2; 15; r(2,15) r(15,16) d(12) r(1,6)
3; 28; d(5) a(1,6) r(9,6) d(1) r(8,11) r(2,13) a(1,1) d(14) d(4)
4; 15, 47; r(2,15) r(15,16) d(12)
5; 15, 47; d(13) r(5,8) a(12,10) d(10) a(15,9) a(2,8) r(1,6)
6; 15; r(2,15) r(15,16) d(12) r(1,6)
7; 47; d(13) r(5,8) a(12,10) d(10) a(15,9) a(2,8)
8; 53, 14; d(10) r(2,13) a(1,1) a(4,2) r(8,4)
9; 53, 14; d(10) r(2,13) d(15) a(13,4) d(5) d(14) d(3)
10; 53; d(10) r(2,13) a(1,1) d(14) d(3)
11; 14; d(10) r(2,13) d(15) a(13,4) d(5) a(4,2) r(8,4)
12; 34; r(2,15) r(13,16) a(8,9) a(5,5) d(11) a(15,17)
13; 6; d(13) r(5,8) a(13,9) a(13,4) d(11) a(3,11) r(14,10)
14; 13; d(5) a(14,5) a(2,6) a(14,5) a(13,8) d(9) d(1) a(2,8)
15; 28; d(5) a(1,6) r(9,6) d(1) r(8,11) r(2,13) a(1,1) d(14) d(4)
16; 14, 46; d(10) r(2,13) d(15) a(13,4) a(15,9) a(9,12)
17; 14, 46; d(13) r(5,8) a(12,10) d(10) d(5) a(4,2) r(8,4)
18; 14; d(10) r(2,13) d(15) a(13,4) d(5) a(4,2) r(8,4)
19; 46; d(13) r(5,8) a(12,10) d(10) a(15,9) a(9,12)
20; 7; d(5) a(1,6) r(13,14) a(1,13) a(3,16) a(9,3)
21; 9; r(2,15) d(15) a(13,4) d(5) r(13,5) r(4,14)
22; 18; d(13) r(5,8) a(12,10) r(9,17) a(13,11) a(1,6) a(2,8)
23; 47; d(13) r(5,8) a(12,10) d(10) a(15,9) a(2,8)
24; 20; d(8) a(9,16) d(15) r(2,13) a(8,9) d(15) a(8,3) d(13)
25; 25; d(10) a(13,4) r(2,4) r(8,4) d(1)
26; 35; r(11,2) a(12,10) d(5) d(12) a(2,16)
27; 46; d(13) r(5,8) a(12,10) d(10) a(15,9) a(9,12)
28; 41; r(2,15) a(13,4) d(5) d(1) r(13,6)
29; 26; d(5) a(1,6) r(9,6) d(1) r(8,11) r(3,10) a(2,8)
30; 55; r(2,15) a(9,16) d(15) r(2,13) r(14,4) r(13,10) d(3)
31; 57; r(2,15) d(15) a(13,4) d(5) r(13,3) r(1,13)
32; 44, 48; d(5) a(1,6) r(14,4) r(13,10) d(10)
33; 44, 48; d(8) a(9,16) d(15) r(2,13) r(9,6) d(1) r(8,11) r(2,6) r(3,11)
34; 44; d(5) a(1,6) r(9,6) d(1) r(8,11) r(2,6) r(3,11)
35; 48; d(8) a(9,16) d(15) r(2,13) r(14,4) r(13,10) d(10)
36; 25; d(10) a(13,4) r(2,4) r(8,4) d(1)
37; 59; r(11,2) a(12,10) d(5) d(12) a(3,10)
38; 31, 41; d(10) r(2,13) d(5) d(1) r(13,6)
39; 31, 41; r(2,15) a(13,4) a(1,1) d(14) d(1)
40; 31; d(10) r(2,13) a(1,1) d(14) d(1)
41; 41; r(2,15) a(13,4) d(5) d(1) r(13,6)
42; 44; d(5) a(1,6) r(9,6) d(1) r(8,11) r(2,6) r(3,11)
43; 59; r(11,2) a(12,10) d(5) d(12) a(3,10)
44; 44, 43; d(5) a(1,6) r(8,11) r(2,6) a(3,6)
45; 44, 43; r(2,15) r(15,16) d(12) r(9,6) d(1) r(9,6) d(1) r(8,11) r(2,6) r(3,11)
46; 44; d(5) a(1,6) r(9,6) d(1) r(8,11) r(2,6) r(3,11)
47; 43; r(2,15) r(15,16) d(12) r(9,6) d(1) r(8,11) r(2,6) a(3,6)
48; 42; d(5) a(1,6) r(13,15)
49; 3; d(5) a(12,4) a(14,8) d(13) a(14,11)
50; 51, 50; d(10) r(2,13) a(1,1) d(5) d(12) d(14) d(14) d(6)
51; 51, 50; r(11,2) a(12,10)
52; 51; d(10) r(2,13) a(1,1) d(5) d(12) d(14)
53; 50; r(11,2) a(12,10) d(14) d(6)
54; 37; r(2,15) d(15) a(13,4) d(5) r(13,9) r(8,17)
55; 59; r(11,2) a(12,10) d(5) d(12) a(3,10)
--------------------------------------------------------------------------------
Mutation

0; r(2,15) r(15,16) d(12) r(1,6) a(1,1) d(14) d(4) r(3,6)
1; d(5) a(1,6) r(9,6) d(1) r(8,11) r(2,13) a(4,15)
2; r(2,15) r(15,16) d(12) r(1,6) d(4)
3; d(5) a(1,6) r(9,6) d(1) r(8,11) r(2,13) a(1,1) d(14) d(4) a(3,16)
4; r(2,15) r(15,16) d(12) d(5)
5; d(13) r(5,8) a(12,10) d(10) a(15,9) a(2,8) r(1,6) a(14,16)
6; r(2,15) r(15,16) d(12) r(1,6) r(11,15)
7; d(13) r(5,8) a(12,10) d(10) a(15,9) a(2,8) a(3,4)
8; d(10) r(2,13) a(1,1) a(4,2) r(8,4) d(5)
9; d(10) r(2,13) d(15) a(13,4) d(5) d(14) d(3) r(9,6)
10; d(10) r(2,13) a(1,1) d(14) d(3) d(15)
11; d(10) r(2,13) d(15) a(13,4) d(5) a(4,2) r(8,4) d(4)
12; r(2,15) r(13,16) a(8,9) a(5,5) d(11) a(15,17) d(1)
13; d(13) r(5,8) a(13,9) a(13,4) d(11) a(3,11) r(14,10) r(4,15)
14; d(5) a(14,5) a(2,6) a(14,5) a(13,8) d(9) d(1) a(2,8) a(2,10)
15; d(5) a(1,6) r(9,6) d(1) r(8,11) r(2,13) a(1,1) d(14) d(4) r(3,4)
16; d(10) r(2,13) d(15) a(13,4) a(15,9) a(9,12) r(8,3)
17; d(13) r(5,8) a(12,10) d(10) d(5) a(4,2) r(8,4) d(3)
18; d(10) r(2,13) d(15) a(13,4) d(5) a(4,2) r(8,4) d(4)
19; d(13) r(5,8) a(12,10) d(10) a(15,9) a(9,12) d(14)
20; d(5) a(1,6) r(13,14) a(1,13) a(3,16) a(9,3) r(9,4)
21; r(2,15) d(15) a(13,4) d(5) r(13,5) r(4,14) d(1)
22; d(13) r(5,8) a(12,10) r(9,17) a(13,11) a(1,6) a(2,8) r(3,12)
23; d(13) r(5,8) a(12,10) d(10) a(15,9) a(2,8) a(2,6)
24; d(8) a(9,16) d(15) r(2,13) a(8,9) d(15) a(8,3) d(13) d(5)
25; d(10) a(13,4) r(2,4) r(8,4) d(1) r(14,17)
26; r(11,2) a(12,10) d(5) d(12) a(2,16) r(1,6)
27; d(13) r(5,8) a(12,10) d(10) a(15,9) a(9,12) d(15)
28; r(2,15) a(13,4) d(5) d(1) r(13,6) a(12,11)
29; d(5) a(1,6) r(9,6) d(1) r(8,11) r(3,10) a(2,8) a(4,2)
30; r(2,15) a(9,16) d(15) r(2,13) r(14,4) r(13,10) d(3) a(9,4)
31; r(2,15) d(15) a(13,4) d(5) r(13,3) r(1,13) a(9,12)
32; d(5) a(1,6) r(14,4) r(13,10) d(10) d(2)
33; d(8) a(9,16) d(15) r(2,13) r(9,6) d(1) r(8,11) r(2,6) r(3,11) d(4)
34; d(5) a(1,6) r(9,6) d(1) r(8,11) r(2,6) r(3,11) r(4,16)
35; d(8) a(9,16) d(15) r(2,13) r(14,4) r(13,10) d(10) r(4,8)
36; d(10) a(13,4) r(2,4) r(8,4) d(1) a(4,14)
37; r(11,2) a(12,10) d(5) d(12) a(3,10) d(13)
38; d(10) r(2,13) d(5) d(1) r(13,6) d(14)
39; r(2,15) a(13,4) a(1,1) d(14) d(1) r(8,9)
40; d(10) r(2,13) a(1,1) d(14) d(1) r(6,13)
41; r(2,15) a(13,4) d(5) d(1) r(13,6) r(10,6)
42; d(5) a(1,6) r(9,6) d(1) r(8,11) r(2,6) r(3,11) r(4,8)
43; r(11,2) a(12,10) d(5) d(12) a(3,10) d(13)
44; d(5) a(1,6) r(8,11) r(2,6) a(3,6) d(13)
45; r(2,15) r(15,16) d(12) r(9,6) d(1) r(9,6) d(1) r(8,11) r(2,6) r(3,11) a(4,14)
46; d(5) a(1,6) r(9,6) d(1) r(8,11) r(2,6) r(3,11) r(4,16)
47; r(2,15) r(15,16) d(12) r(9,6) d(1) r(8,11) r(2,6) a(3,6) d(5)
48; d(5) a(1,6) r(13,15) d(8)
49; d(5) a(12,4) a(14,8) d(13) a(14,11) d(1)
50; d(10) r(2,13) a(1,1) d(5) d(12) d(14) d(14) d(6) d(9)
51; r(11,2) a(12,10) d(13)
52; d(10) r(2,13) a(1,1) d(5) d(12) d(14) a(4,13)
53; r(11,2) a(12,10) d(14) d(6) d(13)
54; r(2,15) d(15) a(13,4) d(5) r(13,9) r(8,17) a(11,9)
55; r(11,2) a(12,10) d(5) d(12) a(3,10) a(13,5)
--------------------------------------------------------------------------------
Evaluation

0; 0.
1; 0.
2; 0.
3; 0.
4; 0.
5; 0.
6; 0.
7; 0.
8; 0.
9; 0.
10; 0.
11; 13.
12; 0.
13; 1.
14; 0.
15; 0.
16; 0.
17; 0.
18; 13.
19; 0.
20; 0.
21; 0.
22; 0.
23; 0.
24; 0.
25; 0.
26; 0.
27; 0.
28; 0.
29; 0.
30; 0.
31; 0.
32; 0.
33; 0.
34; 0.
35; 0.
36; 0.
37; 0.
38; 0.
39; 0.
40; 0.
41; 0.
42; 0.
43; 0.
44; 0.
45; 0.
46; 0.
47; 0.
48; 0.
49; 0.
50; 0.
51; 4.
52; 0.
53; 5.
54; 0.
55; 5.
================================================================================
Generation 7

--------------------------------------------------------------------------------
Selection

0; 54
1; 52
2; 50
3; 27
4; 19
5; 43
6; 47
7; 14
8; 17
9; 32
10; 14
11; 38
12; 44
13; 14
14; 19
15; 46
16; 38
17; 43
18; 29
19; 1
20; 16
21; 21
22; 49
23; 54
24; 25
25; 29
26; 3
27; 21
28; 25
29; 47
30; 0
31; 10
32; 22
33; 6
34; 6
35; 15
36; 30
37; 35
38; 7
39; 9
--------------------------------------------------------------------------------
Crossover

0; 6; r(2,15) r(15,16) d(12) r(1,6) r(11,15)
1; 7; d(13) r(5,8) a(12,10) d(10) a(15,9) a(2,8) a(3,4)
2; 38, 44; d(10)
3; 38, 44; d(5) a(1,6) r(8,11) r(2,6) a(3,6) d(13) r(2,13) d(5) d(1) r(13,6) d(14)
4; 38; d(10) r(2,13) d(5) d(1) r(13,6) d(14)
5; 44; d(5) a(1,6) r(8,11) r(2,6) a(3,6) d(13)
6; 14, 22; d(5) a(14,5) a(2,6) a(14,5) a(13,8) d(9) d(1) r(3,12)
7; 14, 22; d(13) r(5,8) a(12,10) r(9,17) a(13,11) a(1,6) a(2,8) a(2,8) a(2,10)
8; 14; d(5) a(14,5) a(2,6) a(14,5) a(13,8) d(9) d(1) a(2,8) a(2,10)
9; 22; d(13) r(5,8) a(12,10) r(9,17) a(13,11) a(1,6) a(2,8) r(3,12)
10; 29; d(5) a(1,6) r(9,6) d(1) r(8,11) r(3,10) a(2,8) a(4,2)
11; 21; r(2,15) d(15) a(13,4) d(5) r(13,5) r(4,14) d(1)
12; 47; r(2,15) r(15,16) d(12) r(9,6) d(1) r(8,11) r(2,6) a(3,6) d(5)
13; 54; r(2,15) d(15) a(13,4) d(5) r(13,9) r(8,17) a(11,9)
14; 38; d(10) r(2,13) d(5) d(1) r(13,6) d(14)
15; 15; d(5) a(1,6) r(9,6) d(1) r(8,11) r(2,13) a(1,1) d(14) d(4) r(3,4)
16; 27, 19; d(13) a(12,10) d(10) a(15,9) a(9,12) d(14)
17; 27, 19; d(13) r(5,8) r(5,8) a(12,10) d(10) a(15,9) a(9,12) d(15)
18; 27; d(13) r(5,8) a(12,10) d(10) a(15,9) a(9,12) d(15)
19; 19; d(13) r(5,8) a(12,10) d(10) a(15,9) a(9,12) d(14)
20; 25, 30; d(10) a(13,4) r(2,4) r(8,4) d(1) a(9,16) d(15) r(2,13) r(14,4) r(13,10) d(3) a(9,4)
21; 25, 30; r(2,15) r(14,17)
22; 25; d(10) a(13,4) r(2,4) r(8,4) d(1) r(14,17)
23; 30; r(2,15) a(9,16) d(15) r(2,13) r(14,4) r(13,10) d(3) a(9,4)
24; 9, 52; d(10) r(2,13) d(15) a(13,4) d(5) r(2,13) a(1,1) d(5) d(12) d(14) a(4,13)
25; 9, 52; d(10) d(14) d(3) r(9,6)
26; 9; d(10) r(2,13) d(15) a(13,4) d(5) d(14) d(3) r(9,6)
27; 52; d(10) r(2,13) a(1,1) d(5) d(12) d(14) a(4,13)
28; 16; d(10) r(2,13) d(15) a(13,4) a(15,9) a(9,12) r(8,3)
29; 0; r(2,15) r(15,16) d(12) r(1,6) a(1,1) d(14) d(4) r(3,6)
30; 43, 47; r(11,2) a(12,10) d(5) d(12) a(3,10) d(13) r(9,6) d(1) r(8,11) r(2,6) a(3,6) d(5)
31; 43, 47; r(2,15) r(15,16) d(12)
32; 43; r(11,2) a(12,10) d(5) d(12) a(3,10) d(13)
33; 47; r(2,15) r(15,16) d(12) r(9,6) d(1) r(8,11) r(2,6) a(3,6) d(5)
34; 25, 32; d(10) a(13,4) r(2,4) r(8,4) d(1) r(13,10) d(10) d(2)
35; 25, 32; d(5) a(1,6) r(14,4) r(14,17)
36; 25; d(10) a(13,4) r(2,4) r(8,4) d(1) r(14,17)
37; 32; d(5) a(1,6) r(14,4) r(13,10) d(10) d(2)
38; 46; d(5) a(1,6) r(9,6) d(1) r(8,11) r(2,6) r(3,11) r(4,16)
39; 19; d(13) r(5,8) a(12,10) d(10) a(15,9) a(9,12) d(14)
40; 1; d(5) a(1,6) r(9,6) d(1) r(8,11) r(2,13) a(4,15)
41; 3; d(5) a(1,6) r(9,6) d(1) r(8,11) r(2,13) a(1,1) d(14) d(4) a(3,16)
42; 17, 10; d(13) d(14) d(3) d(15)
43; 17, 10; d(10) r(2,13) a(1,1) r(5,8) a(12,10) d(10) d(5) a(4,2) r(8,4) d(3)
44; 17; d(13) r(5,8) a(12,10) d(10) d(5) a(4,2) r(8,4) d(3)
45; 10; d(10) r(2,13) a(1,1) d(14) d(3) d(15)
46; 6, 29; r(2,15) r(15,16) d(12) r(1,6) d(1) r(8,11) r(3,10) a(2,8) a(4,2)
47; 6, 29; d(5) a(1,6) r(9,6) r(11,15)
48; 6; r(2,15) r(15,16) d(12) r(1,6) r(11,15)
49; 29; d(5) a(1,6) r(9,6) d(1) r(8,11) r(3,10) a(2,8) a(4,2)
50; 49, 14; d(5) a(12,4) a(14,8) d(13) d(9) d(1) a(2,8) a(2,10)
51; 49, 14; d(5) a(14,5) a(2,6) a(14,5) a(13,8) a(14,11) d(1)
52; 49; d(5) a(12,4) a(14,8) d(13) a(14,11) d(1)
53; 14; d(5) a(14,5) a(2,6) a(14,5) a(13,8) d(9) d(1) a(2,8) a(2,10)
54; 35, 50; d(8) a(9,16) d(15) r(2,13) r(14,4) r(13,10) d(9)
55; 35, 50; d(10) r(2,13) a(1,1) d(5) d(12) d(14) d(14) d(6) d(10) r(4,8)
56; 35; d(8) a(9,16) d(15) r(2,13) r(14,4) r(13,10) d(10) r(4,8)
57; 50; d(10) r(2,13) a(1,1) d(5) d(12) d(14) d(14) d(6) d(9)
58; 43, 54; r(11,2) a(12,10) d(5) d(12)
59; 43, 54; r(2,15) d(15) a(13,4) d(5) r(13,9) r(8,17) a(11,9) a(3,10) d(13)
60; 43; r(11,2) a(12,10) d(5) d(12) a(3,10) d(13)
61; 54; r(2,15) d(15) a(13,4) d(5) r(13,9) r(8,17) a(11,9)
62; 21, 14; r(2,15) d(15) d(1) a(2,8) a(2,10)
63; 21, 14; d(5) a(14,5) a(2,6) a(14,5) a(13,8) d(9) a(13,4) d(5) r(13,5) r(4,14) d(1)
64; 21; r(2,15) d(15) a(13,4) d(5) r(13,5) r(4,14) d(1)
65; 14; d(5) a(14,5) a(2,6) a(14,5) a(13,8) d(9) d(1) a(2,8) a(2,10)
--------------------------------------------------------------------------------
Mutation

0; r(2,15) r(15,16) d(12) r(1,6) r(11,15) r(14,17)
1; d(13) r(5,8) a(12,10) d(10) a(15,9) a(2,8) a(3,4) r(8,12)
2; d(10) d(9)
3; d(5) a(1,6) r(8,11) r(2,6) a(3,6) d(13) r(2,13) d(5) d(1) r(13,6) d(14) a(4,3)
4; d(10) r(2,13) d(5) d(1) r(13,6) d(14) d(15)
5; d(5) a(1,6) r(8,11) r(2,6) a(3,6) d(13) d(9)
6; d(5) a(14,5) a(2,6) a(14,5) a(13,8) d(9) d(1) r(3,12) r(4,3)
7; d(13) r(5,8) a(12,10) r(9,17) a(13,11) a(1,6) a(2,8) a(2,8) a(2,10) d(3)
8; d(5) a(14,5) a(2,6) a(14,5) a(13,8) d(9) d(1) a(2,8) a(2,10) d(8)
9; d(13) r(5,8) a(12,10) r(9,17) a(13,11) a(1,6) a(2,8) r(3,12) r(2,13)
10; d(5) a(1,6) r(9,6) d(1) r(8,11) r(3,10) a(2,8) a(4,2) r(2,11)
11; r(2,15) d(15) a(13,4) d(5) r(13,5) r(4,14) d(1) d(3)
12; r(2,15) r(15,16) d(12) r(9,6) d(1) r(8,11) r(2,6) a(3,6) d(5) a(4,2)
13; r(2,15) d(15) a(13,4) d(5) r(13,9) r(8,17) a(11,9) r(1,6)
14; d(10) r(2,13) d(5) d(1) r(13,6) d(14) d(4)
15; d(5) a(1,6) r(9,6) d(1) r(8,11) r(2,13) a(1,1) d(14) d(4) r(3,4)
16; d(13) a(12,10) d(10) a(15,9) a(9,12) d(14) r(6,14)
17; d(13) r(5,8) r(5,8) a(12,10) d(10) a(15,9) a(9,12) d(15) a(8,10)
18; d(13) r(5,8) a(12,10) d(10) a(15,9) a(9,12) d(15) a(3,6)
19; d(13) r(5,8) a(12,10) d(10) a(15,9) a(9,12) d(14) r(1,6)
20; d(10) a(13,4) r(2,4) r(8,4) d(1) a(9,16) d(15) r(2,13) r(14,4) r(13,10) d(3) a(9,4) d(4)
21; r(2,15) r(14,17) a(13,15)
22; d(10) a(13,4) r(2,4) r(8,4) d(1) r(14,17) d(9)
23; r(2,15) a(9,16) d(15) r(2,13) r(14,4) r(13,10) d(3) a(9,4) r(6,13)
24; d(10) r(2,13) d(15) a(13,4) d(5) r(2,13) a(1,1) d(5) d(12) d(14) a(4,13) r(8,5)
25; d(10) d(14) d(3) r(9,6) r(5,3)
26; d(10) r(2,13) d(15) a(13,4) d(5) d(14) d(3) r(9,6) r(1,13)
27; d(10) r(2,13) a(1,1) d(5) d(12) d(14) a(4,13) r(15,11)
28; d(10) r(2,13) d(15) a(13,4) a(15,9) a(9,12) r(8,3) d(14)
29; r(2,15) r(15,16) d(12) r(1,6) a(1,1) d(14) d(4) r(3,6)
30; r(11,2) a(12,10) d(5) d(12) a(3,10) d(13) r(9,6) d(1) r(8,11) r(2,6) a(3,6) d(5) a(3,15)
31; r(2,15) r(15,16) d(12) a(13,8)
32; r(11,2) a(12,10) d(5) d(12) a(3,10) d(13) r(14,6)
33; r(2,15) r(15,16) d(12) r(9,6) d(1) r(8,11) r(2,6) a(3,6) d(5) d(4)
34; d(10) a(13,4) r(2,4) r(8,4) d(1) r(13,10) d(10) d(2) r(3,13)
35; d(5) a(1,6) r(14,4) r(14,17) a(4,2)
36; d(10) a(13,4) r(2,4) r(8,4) d(1) r(14,17) d(15)
37; d(5) a(1,6) r(14,4) r(13,10) d(10) d(2) a(9,12)
38; d(5) a(1,6) r(9,6) d(1) r(8,11) r(2,6) r(3,11) r(4,16)
39; d(13) r(5,8) a(12,10) d(10) a(15,9) a(9,12) d(14) a(15,17)
40; d(5) a(1,6) r(9,6) d(1) r(8,11) r(2,13) a(4,15) r(4,2)
41; d(5) a(1,6) r(9,6) d(1) r(8,11) r(2,13) a(1,1) d(14) d(4) a(3,16) a(3,2)
42; d(13) d(14) d(3) d(15) r(12,14)
43; d(10) r(2,13) a(1,1) r(5,8) a(12,10) d(10) d(5) a(4,2) r(8,4) d(3) a(14,15)
44; d(13) r(5,8) a(12,10) d(10) d(5) a(4,2) r(8,4) d(3) r(1,13)
45; d(10) r(2,13) a(1,1) d(14) d(3) d(15) d(5)
46; r(2,15) r(15,16) d(12) r(1,6) d(1) r(8,11) r(3,10) a(2,8) a(4,2) d(13)
47; d(5) a(1,6) r(9,6) r(11,15) a(1,1)
48; r(2,15) r(15,16) d(12) r(1,6) r(11,15) a(13,17)
49; d(5) a(1,6) r(9,6) d(1) r(8,11) r(3,10) a(2,8) a(4,2) r(2,17)
50; d(5) a(12,4) a(14,8) d(13) d(9) d(1) a(2,8) a(2,10) a(3,14)
51; d(5) a(14,5) a(2,6) a(14,5) a(13,8) a(14,11) d(1) a(13,4)
52; d(5) a(12,4) a(14,8) d(13) a(14,11) d(1) a(3,11)
53; d(5) a(14,5) a(2,6) a(14,5) a(13,8) d(9) d(1) a(2,8) a(2,10) r(3,4)
54; d(8) a(9,16) d(15) r(2,13) r(14,4) r(13,10) d(9) a(5,12)
55; d(10) r(2,13) a(1,1) d(5) d(12) d(14) d(14) d(6) d(10) r(4,8) a(3,12)
56; d(8) a(9,16) d(15) r(2,13) r(14,4) r(13,10) d(10) r(4,8) r(3,14)
57; d(10) r(2,13) a(1,1) d(5) d(12) d(14) d(14) d(6) d(9) r(3,8)
58; r(11,2) a(12,10) d(5) d(12) d(13)
59; r(2,15) d(15) a(13,4) d(5) r(13,9) r(8,17) a(11,9) a(3,10) d(13) r(9,2)
60; r(11,2) a(12,10) d(5) d(12) a(3,10) d(13) a(8,13)
61; r(2,15) d(15) a(13,4) d(5) r(13,9) r(8,17) a(11,9) r(14,11)
62; r(2,15) d(15) d(1) a(2,8) a(2,10) r(11,8)
63; d(5) a(14,5) a(2,6) a(14,5) a(13,8) d(9) a(13,4) d(5) r(13,5) r(4,14) d(1) a(3,12)
64; r(2,15) d(15) a(13,4) d(5) r(13,5) r(4,14) d(1) r(3,8)
65; d(5) a(14,5) a(2,6) a(14,5) a(13,8) d(9) d(1) a(2,8) a(2,10) a(3,4)
--------------------------------------------------------------------------------
Evaluation

0; 0.
1; 0.
2; 4.
3; 0.
4; 0.
5; 0.
6; 1.
7; 0.
8; 0.
9; 0.
10; 0.
11; 0.
12; 0.
13; 0.
14; 0.
15; 0.
16; 5.
17; 0.
18; 0.
19; 0.
20; 0.
21; 0.
22; 0.
23; 0.
24; 0.
25; 0.
26; 0.
27; 0.
28; 0.
29; 0.
30; 0.
31; 0.
32; 0.
33; 0.
34; 0.
35; 0.
36; 0.
37; 0.
38; 0.
39; 0.
40; 1.
41; 0.
42; 13.
43; 0.
44; 0.
45; 0.
46; 13.
47; 0.
48; 0.
49; 0.
50; 0.
51; 0.
52; 0.
53; 0.
54; 0.
55; 0.
56; 0.
57; 0.
58; 0.
59; 0.
60; 0.
61; 0.
62; 0.
63; 1.
64; 0.
65; 0.
================================================================================
Generation 8

--------------------------------------------------------------------------------
Selection

0; 59
1; 18
2; 15
3; 8
4; 29
5; 43
6; 30
7; 34
8; 39
9; 54
10; 24
11; 3
12; 17
13; 27
14; 43
15; 32
16; 53
17; 41
18; 43
19; 44
20; 22
21; 0
22; 18
23; 4
24; 20
25; 20
26; 0
27; 56
28; 14
29; 20
30; 65
31; 48
32; 65
33; 43
34; 59
35; 56
36; 36
37; 4
38; 60
39; 49
--------------------------------------------------------------------------------
Crossover

0; 15, 18; d(5) a(1,6) r(9,6) d(1) a(9,12) d(15) a(3,6)
1; 15, 18; d(13) r(5,8) a(12,10) d(10) a(15,9) r(8,11) r(2,13) a(1,1) d(14) d(4) r(3,4)
2; 15; d(5) a(1,6) r(9,6) d(1) r(8,11) r(2,13) a(1,1) d(14) d(4) r(3,4)
3; 18; d(13) r(5,8) a(12,10) d(10) a(15,9) a(9,12) d(15) a(3,6)
4; 54; d(8) a(9,16) d(15) r(2,13) r(14,4) r(13,10) d(9) a(5,12)
5; 18; d(13) r(5,8) a(12,10) d(10) a(15,9) a(9,12) d(15) a(3,6)
6; 43; d(10) r(2,13) a(1,1) r(5,8) a(12,10) d(10) d(5) a(4,2) r(8,4) d(3) a(14,15)
7; 17; d(13) r(5,8) r(5,8) a(12,10) d(10) a(15,9) a(9,12) d(15) a(8,10)
8; 53; d(5) a(14,5) a(2,6) a(14,5) a(13,8) d(9) d(1) a(2,8) a(2,10) r(3,4)
9; 36; d(10) a(13,4) r(2,4) r(8,4) d(1) r(14,17) d(15)
10; 65; d(5) a(14,5) a(2,6) a(14,5) a(13,8) d(9) d(1) a(2,8) a(2,10) a(3,4)
11; 49; d(5) a(1,6) r(9,6) d(1) r(8,11) r(3,10) a(2,8) a(4,2) r(2,17)
12; 20; d(10) a(13,4) r(2,4) r(8,4) d(1) a(9,16) d(15) r(2,13) r(14,4) r(13,10) d(3) a(9,4) d(4)
13; 60; r(11,2) a(12,10) d(5) d(12) a(3,10) d(13) a(8,13)
14; 59; r(2,15) d(15) a(13,4) d(5) r(13,9) r(8,17) a(11,9) a(3,10) d(13) r(9,2)
15; 48; r(2,15) r(15,16) d(12) r(1,6) r(11,15) a(13,17)
16; 56; d(8) a(9,16) d(15) r(2,13) r(14,4) r(13,10) d(10) r(4,8) r(3,14)
17; 20; d(10) a(13,4) r(2,4) r(8,4) d(1) a(9,16) d(15) r(2,13) r(14,4) r(13,10) d(3) a(9,4) d(4)
18; 27; d(10) r(2,13) a(1,1) d(5) d(12) d(14) a(4,13) r(15,11)
19; 56; d(8) a(9,16) d(15) r(2,13) r(14,4) r(13,10) d(10) r(4,8) r(3,14)
20; 8; d(5) a(14,5) a(2,6) a(14,5) a(13,8) d(9) d(1) a(2,8) a(2,10) d(8)
21; 30; r(11,2) a(12,10) d(5) d(12) a(3,10) d(13) r(9,6) d(1) r(8,11) r(2,6) a(3,6) d(5) a(3,15)
22; 39; d(13) r(5,8) a(12,10) d(10) a(15,9) a(9,12) d(14) a(15,17)
23; 24; d(10) r(2,13) d(15) a(13,4) d(5) r(2,13) a(1,1) d(5) d(12) d(14) a(4,13) r(8,5)
24; 65, 43; d(5) a(14,5) a(2,6) a(14,5) a(13,8) d(9) r(2,13) a(1,1) r(5,8) a(12,10) d(10) d(5) a(4,2) r(8,4) d(3) a(14,15)
25; 65, 43; d(10) d(1) a(2,8) a(2,10) a(3,4)
26; 65; d(5) a(14,5) a(2,6) a(14,5) a(13,8) d(9) d(1) a(2,8) a(2,10) a(3,4)
27; 43; d(10) r(2,13) a(1,1) r(5,8) a(12,10) d(10) d(5) a(4,2) r(8,4) d(3) a(14,15)
28; 34; d(10) a(13,4) r(2,4) r(8,4) d(1) r(13,10) d(10) d(2) r(3,13)
29; 43; d(10) r(2,13) a(1,1) r(5,8) a(12,10) d(10) d(5) a(4,2) r(8,4) d(3) a(14,15)
30; 41; d(5) a(1,6) r(9,6) d(1) r(8,11) r(2,13) a(1,1) d(14) d(4) a(3,16) a(3,2)
31; 0; r(2,15) r(15,16) d(12) r(1,6) r(11,15) r(14,17)
32; 43, 14; d(10) r(2,13) a(1,1) r(5,8) d(4)
33; 43, 14; d(10) r(2,13) d(5) d(1) r(13,6) d(14) a(12,10) d(10) d(5) a(4,2) r(8,4) d(3) a(14,15)
34; 43; d(10) r(2,13) a(1,1) r(5,8) a(12,10) d(10) d(5) a(4,2) r(8,4) d(3) a(14,15)
35; 14; d(10) r(2,13) d(5) d(1) r(13,6) d(14) d(4)
36; 4, 3; d(10) r(2,13) a(1,6) r(8,11) r(2,6) a(3,6) d(13) r(2,13) d(5) d(1) r(13,6) d(14) a(4,3)
37; 4, 3; d(5) d(5) d(1) r(13,6) d(14) d(15)
38; 4; d(10) r(2,13) d(5) d(1) r(13,6) d(14) d(15)
39; 3; d(5) a(1,6) r(8,11) r(2,6) a(3,6) d(13) r(2,13) d(5) d(1) r(13,6) d(14) a(4,3)
40; 22; d(10) a(13,4) r(2,4) r(8,4) d(1) r(14,17) d(9)
41; 29; r(2,15) r(15,16) d(12) r(1,6) a(1,1) d(14) d(4) r(3,6)
42; 0; r(2,15) r(15,16) d(12) r(1,6) r(11,15) r(14,17)
43; 4; d(10) r(2,13) d(5) d(1) r(13,6) d(14) d(15)
44; 32, 20; r(11,2) d(4)
45; 32, 20; d(10) a(13,4) r(2,4) r(8,4) d(1) a(9,16) d(15) r(2,13) r(14,4) r(13,10) d(3) a(9,4) a(12,10) d(5) d(12) a(3,10) d(13) r(14,6)
46; 32; r(11,2) a(12,10) d(5) d(12) a(3,10) d(13) r(14,6)
47; 20; d(10) a(13,4) r(2,4) r(8,4) d(1) a(9,16) d(15) r(2,13) r(14,4) r(13,10) d(3) a(9,4) d(4)
48; 59; r(2,15) d(15) a(13,4) d(5) r(13,9) r(8,17) a(11,9) a(3,10) d(13) r(9,2)
49; 44; d(13) r(5,8) a(12,10) d(10) d(5) a(4,2) r(8,4) d(3) r(1,13)
--------------------------------------------------------------------------------
Mutation

0; d(5) a(1,6) r(9,6) d(1) a(9,12) d(15) a(3,6) a(3,10)
1; d(13) r(5,8) a(12,10) d(10) a(15,9) r(8,11) r(2,13) a(1,1) d(14) d(4) r(3,4) d(1)
2; d(5) a(1,6) r(9,6) d(1) r(8,11) r(2,13) a(1,1) d(14) d(4) r(3,4)
3; d(13) r(5,8) a(12,10) d(10) a(15,9) a(9,12) d(15) a(3,6) d(1)
4; d(8) a(9,16) d(15) r(2,13) r(14,4) r(13,10) d(9) a(5,12) d(4)
5; d(13) r(5,8) a(12,10) d(10) a(15,9) a(9,12) d(15) a(3,6) r(9,15)
6; d(10) r(2,13) a(1,1) r(5,8) a(12,10) d(10) d(5) a(4,2) r(8,4) d(3) a(14,15) r(4,10)
7; d(13) r(5,8) r(5,8) a(12,10) d(10) a(15,9) a(9,12) d(15) a(8,10) d(8)
8; d(5) a(14,5) a(2,6) a(14,5) a(13,8) d(9) d(1) a(2,8) a(2,10) r(3,4) r(2,15)
9; d(10) a(13,4) r(2,4) r(8,4) d(1) r(14,17) d(15) d(3)
10; d(5) a(14,5) a(2,6) a(14,5) a(13,8) d(9) d(1) a(2,8) a(2,10) a(3,4) a(2,2)
11; d(5) a(1,6) r(9,6) d(1) r(8,11) r(3,10) a(2,8) a(4,2) r(2,17) r(4,3)
12; d(10) a(13,4) r(2,4) r(8,4) d(1) a(9,16) d(15) r(2,13) r(14,4) r(13,10) d(3) a(9,4) d(4)
13; r(11,2) a(12,10) d(5) d(12) a(3,10) d(13) a(8,13) r(1,17)
14; r(2,15) d(15) a(13,4) d(5) r(13,9) r(8,17) a(11,9) a(3,10) d(13) r(9,2) a(1,17)
15; r(2,15) r(15,16) d(12) r(1,6) r(11,15) a(13,17) d(13)
16; d(8) a(9,16) d(15) r(2,13) r(14,4) r(13,10) d(10) r(4,8) r(3,14) r(1,17)
17; d(10) a(13,4) r(2,4) r(8,4) d(1) a(9,16) d(15) r(2,13) r(14,4) r(13,10) d(3) a(9,4) d(4)
18; d(10) r(2,13) a(1,1) d(5) d(12) d(14) a(4,13) r(15,11) r(9,14)
19; d(8) a(9,16) d(15) r(2,13) r(14,4) r(13,10) d(10) r(4,8) r(3,14) r(1,13)
20; d(5) a(14,5) a(2,6) a(14,5) a(13,8) d(9) d(1) a(2,8) a(2,10) d(8) r(4,13)
21; r(11,2) a(12,10) d(5) d(12) a(3,10) d(13) r(9,6) d(1) r(8,11) r(2,6) a(3,6) d(5) a(3,15) r(4,3)
22; d(13) r(5,8) a(12,10) d(10) a(15,9) a(9,12) d(14) a(15,17) r(3,17)
23; d(10) r(2,13) d(15) a(13,4) d(5) r(2,13) a(1,1) d(5) d(12) d(14) a(4,13) r(8,5) r(9,13)
24; d(5) a(14,5) a(2,6) a(14,5) a(13,8) d(9) r(2,13) a(1,1) r(5,8) a(12,10) d(10) d(5) a(4,2) r(8,4) d(3) a(14,15) r(1,17)
25; d(10) d(1) a(2,8) a(2,10) a(3,4) a(15,13)
26; d(5) a(14,5) a(2,6) a(14,5) a(13,8) d(9) d(1) a(2,8) a(2,10) a(3,4) r(4,13)
27; d(10) r(2,13) a(1,1) r(5,8) a(12,10) d(10) d(5) a(4,2) r(8,4) d(3) a(14,15) a(1,1)
28; d(10) a(13,4) r(2,4) r(8,4) d(1) r(13,10) d(10) d(2) r(3,13) d(15)
29; d(10) r(2,13) a(1,1) r(5,8) a(12,10) d(10) d(5) a(4,2) r(8,4) d(3) a(14,15) a(14,6)
30; d(5) a(1,6) r(9,6) d(1) r(8,11) r(2,13) a(1,1) d(14) d(4) a(3,16) a(3,2) a(3,10)
31; r(2,15) r(15,16) d(12) r(1,6) r(11,15) r(14,17) a(13,14)
32; d(10) r(2,13) a(1,1) r(5,8) d(4) r(3,9)
33; d(10) r(2,13) d(5) d(1) r(13,6) d(14) a(12,10) d(10) d(5) a(4,2) r(8,4) d(3) a(14,15) a(9,17)
34; d(10) r(2,13) a(1,1) r(5,8) a(12,10) d(10) d(5) a(4,2) r(8,4) d(3) a(14,15) r(14,12)
35; d(10) r(2,13) d(5) d(1) r(13,6) d(14) d(4) a(3,15)
36; d(10) r(2,13) a(1,6) r(8,11) r(2,6) a(3,6) d(13) r(2,13) d(5) d(1) r(13,6) d(14) a(4,3) d(9)
37; d(5) d(5) d(1) r(13,6) d(14) d(15) r(3,10)
38; d(10) r(2,13) d(5) d(1) r(13,6) d(14) d(15) d(8)
39; d(5) a(1,6) r(8,11) r(2,6) a(3,6) d(13) r(2,13) d(5) d(1) r(13,6) d(14) a(4,3) a(4,8)
40; d(10) a(13,4) r(2,4) r(8,4) d(1) r(14,17) d(9) r(5,6)
41; r(2,15) r(15,16) d(12) r(1,6) a(1,1) d(14) d(4) r(3,6)
42; r(2,15) r(15,16) d(12) r(1,6) r(11,15) r(14,17) a(13,4)
43; d(10) r(2,13) d(5) d(1) r(13,6) d(14) d(15) a(3,2)
44; r(11,2) d(4) d(3)
45; d(10) a(13,4) r(2,4) r(8,4) d(1) a(9,16) d(15) r(2,13) r(14,4) r(13,10) d(3) a(9,4) a(12,10) d(5) d(12) a(3,10) d(13) r(14,6) r(9,11)
46; r(11,2) a(12,10) d(5) d(12) a(3,10) d(13) r(14,6) r(4,15)
47; d(10) a(13,4) r(2,4) r(8,4) d(1) a(9,16) d(15) r(2,13) r(14,4) r(13,10) d(3) a(9,4) d(4)
48; r(2,15) d(15) a(13,4) d(5) r(13,9) r(8,17) a(11,9) a(3,10) d(13) r(9,2) d(4)
49; d(13) r(5,8) a(12,10) d(10) d(5) a(4,2) r(8,4) d(3) r(1,13) a(2,8)
--------------------------------------------------------------------------------
Evaluation

0; 0.
1; 0.
2; 0.
3; 0.
4; 0.
5; 0.
6; 13.
7; 0.
8; 0.
9; 0.
10; 0.
11; 0.
12; 0.
13; 0.
14; 0.
15; 0.
16; 0.
17; 0.
18; 0.
19; 0.
20; 13.
21; 0.
22; 0.
23; 0.
24; 0.
25; 42.
26; 42.
27; 0.
28; 0.
29; 0.
30; 0.
31; 0.
32; 0.
33; 0.
34; 0.
35; 0.
36; 0.
37; 0.
38; 0.
39; 0.
40; 0.
41; 0.
42; 0.
43; 0.
44; 13.
45; 0.
46; 1.
47; 0.
48; 0.
49; 0.
================================================================================
Generation 9

--------------------------------------------------------------------------------
Selection

0; 7
1; 49
2; 22
3; 11
4; 19
5; 12
6; 42
7; 21
8; 16
9; 8
10; 27
11; 36
12; 14
13; 8
14; 5
15; 18
16; 32
17; 8
18; 8
19; 31
20; 39
21; 43
22; 1
23; 9
24; 19
25; 42
26; 28
27; 27
28; 39
29; 19
30; 13
31; 4
32; 49
33; 23
34; 22
35; 48
36; 43
37; 34
38; 3
39; 8
--------------------------------------------------------------------------------
Crossover

0; 42; r(2,15) r(15,16) d(12) r(1,6) r(11,15) r(14,17) a(13,4)
1; 11; d(5) a(1,6) r(9,6) d(1) r(8,11) r(3,10) a(2,8) a(4,2) r(2,17) r(4,3)
2; 19; d(8) a(9,16) d(15) r(2,13) r(14,4) r(13,10) d(10) r(4,8) r(3,14) r(1,13)
3; 48; r(2,15) d(15) a(13,4) d(5) r(13,9) r(8,17) a(11,9) a(3,10) d(13) r(9,2) d(4)
4; 22, 28; d(13) r(5,8) d(15)
5; 22, 28; d(10) a(13,4) r(2,4) r(8,4) d(1) r(13,10) d(10) d(2) r(3,13) a(12,10) d(10) a(15,9) a(9,12) d(14) a(15,17) r(3,17)
6; 22; d(13) r(5,8) a(12,10) d(10) a(15,9) a(9,12) d(14) a(15,17) r(3,17)
7; 28; d(10) a(13,4) r(2,4) r(8,4) d(1) r(13,10) d(10) d(2) r(3,13) d(15)
8; 9, 49; d(10) r(1,13) a(2,8)
9; 9, 49; d(13) r(5,8) a(12,10) d(10) d(5) a(4,2) r(8,4) d(3) a(13,4) r(2,4) r(8,4) d(1) r(14,17) d(15) d(3)
10; 9; d(10) a(13,4) r(2,4) r(8,4) d(1) r(14,17) d(15) d(3)
11; 49; d(13) r(5,8) a(12,10) d(10) d(5) a(4,2) r(8,4) d(3) r(1,13) a(2,8)
12; 16; d(8) a(9,16) d(15) r(2,13) r(14,4) r(13,10) d(10) r(4,8) r(3,14) r(1,17)
13; 36; d(10) r(2,13) a(1,6) r(8,11) r(2,6) a(3,6) d(13) r(2,13) d(5) d(1) r(13,6) d(14) a(4,3) d(9)
14; 34; d(10) r(2,13) a(1,1) r(5,8) a(12,10) d(10) d(5) a(4,2) r(8,4) d(3) a(14,15) r(14,12)
15; 39; d(5) a(1,6) r(8,11) r(2,6) a(3,6) d(13) r(2,13) d(5) d(1) r(13,6) d(14) a(4,3) a(4,8)
16; 12; d(10) a(13,4) r(2,4) r(8,4) d(1) a(9,16) d(15) r(2,13) r(14,4) r(13,10) d(3) a(9,4) d(4)
17; 8; d(5) a(14,5) a(2,6) a(14,5) a(13,8) d(9) d(1) a(2,8) a(2,10) r(3,4) r(2,15)
18; 19; d(8) a(9,16) d(15) r(2,13) r(14,4) r(13,10) d(10) r(4,8) r(3,14) r(1,13)
19; 8; d(5) a(14,5) a(2,6) a(14,5) a(13,8) d(9) d(1) a(2,8) a(2,10) r(3,4) r(2,15)
20; 5, 42; d(13) r(5,8) a(12,10) d(10) d(12) r(1,6) r(11,15) r(14,17) a(13,4)
21; 5, 42; r(2,15) r(15,16) a(15,9) a(9,12) d(15) a(3,6) r(9,15)
22; 5; d(13) r(5,8) a(12,10) d(10) a(15,9) a(9,12) d(15) a(3,6) r(9,15)
23; 42; r(2,15) r(15,16) d(12) r(1,6) r(11,15) r(14,17) a(13,4)
24; 31; r(2,15) r(15,16) d(12) r(1,6) r(11,15) r(14,17) a(13,14)
25; 13; r(11,2) a(12,10) d(5) d(12) a(3,10) d(13) a(8,13) r(1,17)
26; 14, 27; r(2,15) d(15) a(13,4) d(5) r(13,9) r(8,17) a(11,9) a(3,10) a(1,1)
27; 14, 27; d(10) r(2,13) a(1,1) r(5,8) a(12,10) d(10) d(5) a(4,2) r(8,4) d(3) a(14,15) d(13) r(9,2) a(1,17)
28; 14; r(2,15) d(15) a(13,4) d(5) r(13,9) r(8,17) a(11,9) a(3,10) d(13) r(9,2) a(1,17)
29; 27; d(10) r(2,13) a(1,1) r(5,8) a(12,10) d(10) d(5) a(4,2) r(8,4) d(3) a(14,15) a(1,1)
30; 27, 19; d(10) r(2,13) a(1,1) r(5,8) a(12,10) d(10) d(5) a(4,2) r(8,4) d(3) a(14,15)
31; 27, 19; d(8) a(9,16) d(15) r(2,13) r(14,4) r(13,10) d(10) r(4,8) r(3,14) r(1,13) a(1,1)
32; 27; d(10) r(2,13) a(1,1) r(5,8) a(12,10) d(10) d(5) a(4,2) r(8,4) d(3) a(14,15) a(1,1)
33; 19; d(8) a(9,16) d(15) r(2,13) r(14,4) r(13,10) d(10) r(4,8) r(3,14) r(1,13)
34; 22, 1; d(13) r(5,8) a(12,10) d(10) a(15,9) a(9,12) r(2,13) a(1,1) d(14) d(4) r(3,4) d(1)
35; 22, 1; d(13) r(5,8) a(12,10) d(10) a(15,9) r(8,11) d(14) a(15,17) r(3,17)
36; 22; d(13) r(5,8) a(12,10) d(10) a(15,9) a(9,12) d(14) a(15,17) r(3,17)
37; 1; d(13) r(5,8) a(12,10) d(10) a(15,9) r(8,11) r(2,13) a(1,1) d(14) d(4) r(3,4) d(1)
38; 18, 32; d(10) r(2,13) a(1,1)
39; 18, 32; d(10) r(2,13) a(1,1) r(5,8) d(4) r(3,9) d(5) d(12) d(14) a(4,13) r(15,11) r(9,14)
40; 18; d(10) r(2,13) a(1,1) d(5) d(12) d(14) a(4,13) r(15,11) r(9,14)
41; 32; d(10) r(2,13) a(1,1) r(5,8) d(4) r(3,9)
42; 3, 39; d(13) r(5,8) a(12,10) d(10) r(13,6) d(14) a(4,3) a(4,8)
43; 3, 39; d(5) a(1,6) r(8,11) r(2,6) a(3,6) d(13) r(2,13) d(5) d(1) a(15,9) a(9,12) d(15) a(3,6) d(1)
44; 3; d(13) r(5,8) a(12,10) d(10) a(15,9) a(9,12) d(15) a(3,6) d(1)
45; 39; d(5) a(1,6) r(8,11) r(2,6) a(3,6) d(13) r(2,13) d(5) d(1) r(13,6) d(14) a(4,3) a(4,8)
46; 8, 21; d(5) a(14,5) a(2,6) a(14,5) a(13,8) d(9) d(12) a(3,10) d(13) r(9,6) d(1) r(8,11) r(2,6) a(3,6) d(5) a(3,15) r(4,3)
47; 8, 21; r(11,2) a(12,10) d(5) d(1) a(2,8) a(2,10) r(3,4) r(2,15)
48; 8; d(5) a(14,5) a(2,6) a(14,5) a(13,8) d(9) d(1) a(2,8) a(2,10) r(3,4) r(2,15)
49; 21; r(11,2) a(12,10) d(5) d(12) a(3,10) d(13) r(9,6) d(1) r(8,11) r(2,6) a(3,6) d(5) a(3,15) r(4,3)
50; 49, 4; d(13) r(5,8) a(12,10) d(10) d(5) a(4,2) r(8,4) d(3) r(1,13)
51; 49, 4; d(8) a(9,16) d(15) r(2,13) r(14,4) r(13,10) d(9) a(5,12) d(4) a(2,8)
52; 49; d(13) r(5,8) a(12,10) d(10) d(5) a(4,2) r(8,4) d(3) r(1,13) a(2,8)
53; 4; d(8) a(9,16) d(15) r(2,13) r(14,4) r(13,10) d(9) a(5,12) d(4)
54; 43; d(10) r(2,13) d(5) d(1) r(13,6) d(14) d(15) a(3,2)
55; 8; d(5) a(14,5) a(2,6) a(14,5) a(13,8) d(9) d(1) a(2,8) a(2,10) r(3,4) r(2,15)
56; 43; d(10) r(2,13) d(5) d(1) r(13,6) d(14) d(15) a(3,2)
57; 23; d(10) r(2,13) d(15) a(13,4) d(5) r(2,13) a(1,1) d(5) d(12) d(14) a(4,13) r(8,5) r(9,13)
58; 8, 7; d(5) a(14,5) a(2,6) a(14,5) a(13,8) d(9) d(1) a(8,10) d(8)
59; 8, 7; d(13) r(5,8) r(5,8) a(12,10) d(10) a(15,9) a(9,12) d(15) a(2,8) a(2,10) r(3,4) r(2,15)
60; 8; d(5) a(14,5) a(2,6) a(14,5) a(13,8) d(9) d(1) a(2,8) a(2,10) r(3,4) r(2,15)
61; 7; d(13) r(5,8) r(5,8) a(12,10) d(10) a(15,9) a(9,12) d(15) a(8,10) d(8)
--------------------------------------------------------------------------------
Mutation

0; r(2,15) r(15,16) d(12) r(1,6) r(11,15) r(14,17) a(13,4) r(13,12)
1; d(5) a(1,6) r(9,6) d(1) r(8,11) r(3,10) a(2,8) a(4,2) r(2,17) r(4,3)
2; d(8) a(9,16) d(15) r(2,13) r(14,4) r(13,10) d(10) r(4,8) r(3,14) r(1,13)
3; r(2,15) d(15) a(13,4) d(5) r(13,9) r(8,17) a(11,9) a(3,10) d(13) r(9,2) d(4) d(1)
4; d(13) r(5,8) d(15) d(11)
5; d(10) a(13,4) r(2,4) r(8,4) d(1) r(13,10) d(10) d(2) r(3,13) a(12,10) d(10) a(15,9) a(9,12) d(14) a(15,17) r(3,17) d(4)
6; d(13) r(5,8) a(12,10) d(10) a(15,9) a(9,12) d(14) a(15,17) r(3,17) a(2,4)
7; d(10) a(13,4) r(2,4) r(8,4) d(1) r(13,10) d(10) d(2) r(3,13) d(15) r(4,3)
8; d(10) r(1,13) a(2,8) d(15)
9; d(13) r(5,8) a(12,10) d(10) d(5) a(4,2) r(8,4) d(3) a(13,4) r(2,4) r(8,4) d(1) r(14,17) d(15) d(3) d(9)
10; d(10) a(13,4) r(2,4) r(8,4) d(1) r(14,17) d(15) d(3) r(5,12)
11; d(13) r(5,8) a(12,10) d(10) d(5) a(4,2) r(8,4) d(3) r(1,13) a(2,8) a(15,14)
12; d(8) a(9,16) d(15) r(2,13) r(14,4) r(13,10) d(10) r(4,8) r(3,14) r(1,17)
13; d(10) r(2,13) a(1,6) r(8,11) r(2,6) a(3,6) d(13) r(2,13) d(5) d(1) r(13,6) d(14) a(4,3) d(9) a(4,8)
14; d(10) r(2,13) a(1,1) r(5,8) a(12,10) d(10) d(5) a(4,2) r(8,4) d(3) a(14,15) r(14,12) r(9,2)
15; d(5) a(1,6) r(8,11) r(2,6) a(3,6) d(13) r(2,13) d(5) d(1) r(13,6) d(14) a(4,3) a(4,8) a(11,17)
16; d(10) a(13,4) r(2,4) r(8,4) d(1) a(9,16) d(15) r(2,13) r(14,4) r(13,10) d(3) a(9,4) d(4)
17; d(5) a(14,5) a(2,6) a(14,5) a(13,8) d(9) d(1) a(2,8) a(2,10) r(3,4) r(2,15) a(4,13)
18; d(8) a(9,16) d(15) r(2,13) r(14,4) r(13,10) d(10) r(4,8) r(3,14) r(1,13)
19; d(5) a(14,5) a(2,6) a(14,5) a(13,8) d(9) d(1) a(2,8) a(2,10) r(3,4) r(2,15) d(4)
20; d(13) r(5,8) a(12,10) d(10) d(12) r(1,6) r(11,15) r(14,17) a(13,4) r(2,15)
21; r(2,15) r(15,16) a(15,9) a(9,12) d(15) a(3,6) r(9,15) r(1,6)
22; d(13) r(5,8) a(12,10) d(10) a(15,9) a(9,12) d(15) a(3,6) r(9,15) d(1)
23; r(2,15) r(15,16) d(12) r(1,6) r(11,15) r(14,17) a(13,4) d(6)
24; r(2,15) r(15,16) d(12) r(1,6) r(11,15) r(14,17) a(13,14) r(13,4)
25; r(11,2) a(12,10) d(5) d(12) a(3,10) d(13) a(8,13) r(1,17) r(4,2)
26; r(2,15) d(15) a(13,4) d(5) r(13,9) r(8,17) a(11,9) a(3,10) a(1,1) d(3)
27; d(10) r(2,13) a(1,1) r(5,8) a(12,10) d(10) d(5) a(4,2) r(8,4) d(3) a(14,15) d(13) r(9,2) a(1,17) d(4)
28; r(2,15) d(15) a(13,4) d(5) r(13,9) r(8,17) a(11,9) a(3,10) d(13) r(9,2) a(1,17) r(4,10)
29; d(10) r(2,13) a(1,1) r(5,8) a(12,10) d(10) d(5) a(4,2) r(8,4) d(3) a(14,15) a(1,1) a(1,6)
30; d(10) r(2,13) a(1,1) r(5,8) a(12,10) d(10) d(5) a(4,2) r(8,4) d(3) a(14,15) r(4,12)
31; d(8) a(9,16) d(15) r(2,13) r(14,4) r(13,10) d(10) r(4,8) r(3,14) r(1,13) a(1,1)
32; d(10) r(2,13) a(1,1) r(5,8) a(12,10) d(10) d(5) a(4,2) r(8,4) d(3) a(14,15) a(1,1) r(1,17)
33; d(8) a(9,16) d(15) r(2,13) r(14,4) r(13,10) d(10) r(4,8) r(3,14) r(1,13)
34; d(13) r(5,8) a(12,10) d(10) a(15,9) a(9,12) r(2,13) a(1,1) d(14) d(4) r(3,4) d(1)
35; d(13) r(5,8) a(12,10) d(10) a(15,9) r(8,11) d(14) a(15,17) r(3,17) r(15,14)
36; d(13) r(5,8) a(12,10) d(10) a(15,9) a(9,12) d(14) a(15,17) r(3,17) a(1,17)
37; d(13) r(5,8) a(12,10) d(10) a(15,9) r(8,11) r(2,13) a(1,1) d(14) d(4) r(3,4) d(1)
38; d(10) r(2,13) a(1,1) d(8)
39; d(10) r(2,13) a(1,1) r(5,8) d(4) r(3,9) d(5) d(12) d(14) a(4,13) r(15,11) r(9,14) d(1)
40; d(10) r(2,13) a(1,1) d(5) d(12) d(14) a(4,13) r(15,11) r(9,14) a(4,12)
41; d(10) r(2,13) a(1,1) r(5,8) d(4) r(3,9) d(1)
42; d(13) r(5,8) a(12,10) d(10) r(13,6) d(14) a(4,3) a(4,8) d(4)
43; d(5) a(1,6) r(8,11) r(2,6) a(3,6) d(13) r(2,13) d(5) d(1) a(15,9) a(9,12) d(15) a(3,6) d(1) a(12,17)
44; d(13) r(5,8) a(12,10) d(10) a(15,9) a(9,12) d(15) a(3,6) d(1) a(9,12)
45; d(5) a(1,6) r(8,11) r(2,6) a(3,6) d(13) r(2,13) d(5) d(1) r(13,6) d(14) a(4,3) a(4,8) r(9,13)
46; d(5) a(14,5) a(2,6) a(14,5) a(13,8) d(9) d(12) a(3,10) d(13) r(9,6) d(1) r(8,11) r(2,6) a(3,6) d(5) a(3,15) r(4,3) r(3,15)
47; r(11,2) a(12,10) d(5) d(1) a(2,8) a(2,10) r(3,4) r(2,15) d(12)
48; d(5) a(14,5) a(2,6) a(14,5) a(13,8) d(9) d(1) a(2,8) a(2,10) r(3,4) r(2,15) a(8,14)
49; r(11,2) a(12,10) d(5) d(12) a(3,10) d(13) r(9,6) d(1) r(8,11) r(2,6) a(3,6) d(5) a(3,15) r(4,3) d(3)
50; d(13) r(5,8) a(12,10) d(10) d(5) a(4,2) r(8,4) d(3) r(1,13) d(4)
51; d(8) a(9,16) d(15) r(2,13) r(14,4) r(13,10) d(9) a(5,12) d(4) a(2,8) d(3)
52; d(13) r(5,8) a(12,10) d(10) d(5) a(4,2) r(8,4) d(3) r(1,13) a(2,8) r(2,16)
53; d(8) a(9,16) d(15) r(2,13) r(14,4) r(13,10) d(9) a(5,12) d(4) a(1,17)
54; d(10) r(2,13) d(5) d(1) r(13,6) d(14) d(15) a(3,2) d(8)
55; d(5) a(14,5) a(2,6) a(14,5) a(13,8) d(9) d(1) a(2,8) a(2,10) r(3,4) r(2,15) a(8,9)
56; d(10) r(2,13) d(5) d(1) r(13,6) d(14) d(15) a(3,2) a(4,15)
57; d(10) r(2,13) d(15) a(13,4) d(5) r(2,13) a(1,1) d(5) d(12) d(14) a(4,13) r(8,5) r(9,13) a(1,1)
58; d(5) a(14,5) a(2,6) a(14,5) a(13,8) d(9) d(1) a(8,10) d(8) a(3,4)
59; d(13) r(5,8) r(5,8) a(12,10) d(10) a(15,9) a(9,12) d(15) a(2,8) a(2,10) r(3,4) r(2,15) r(1,13)
60; d(5) a(14,5) a(2,6) a(14,5) a(13,8) d(9) d(1) a(2,8) a(2,10) r(3,4) r(2,15) d(4)
61; d(13) r(5,8) r(5,8) a(12,10) d(10) a(15,9) a(9,12) d(15) a(8,10) d(8) d(1)
--------------------------------------------------------------------------------
Evaluation

0; 0.
1; 0.
2; 0.
3; 0.
4; 0.
5; 0.
6; 0.
7; 0.
8; 4.
9; 0.
10; 0.
11; 0.
12; 0.
13; 0.
14; 0.
15; 0.
16; 0.
17; 0.
18; 0.
19; 0.
20; 0.
21; 0.
22; 0.
23; 0.
24; 0.
25; 13.
26; 0.
27; 13.
28; 0.
29; 0.
30; 13.
31; 0.
32; 0.
33; 0.
34; 0.
35; 0.
36; 0.
37; 0.
38; 0.
39; 0.
40; 0.
41; 0.
42; 13.
43; 0.
44; 0.
45; 0.
46; 0.
47; 0.
48; 0.
49; 0.
50; 13.
51; 0.
52; 0.
53; 0.
54; 0.
55; 0.
56; 0.
57; 0.
58; 0.
59; 0.
60; 0.
61; 0.
================================================================================
Generation 10

--------------------------------------------------------------------------------
Selection

0; 35
1; 43
2; 43
3; 29
4; 29
5; 11
6; 60
7; 6
8; 14
9; 21
10; 16
11; 59
12; 17
13; 39
14; 52
15; 15
16; 31
17; 5
18; 38
19; 12
20; 28
21; 36
22; 51
23; 58
24; 61
25; 18
26; 6
27; 21
28; 32
29; 53
30; 6
31; 16
32; 2
33; 17
34; 7
35; 40
36; 49
37; 18
38; 18
39; 10
--------------------------------------------------------------------------------
Crossover

0; 16; d(10) a(13,4) r(2,4) r(8,4) d(1) a(9,16) d(15) r(2,13) r(14,4) r(13,10) d(3) a(9,4) d(4)
1; 31; d(8) a(9,16) d(15) r(2,13) r(14,4) r(13,10) d(10) r(4,8) r(3,14) r(1,13) a(1,1)
2; 61; d(13) r(5,8) r(5,8) a(12,10) d(10) a(15,9) a(9,12) d(15) a(8,10) d(8) d(1)
3; 21; r(2,15) r(15,16) a(15,9) a(9,12) d(15) a(3,6) r(9,15) r(1,6)
4; 60; d(5) a(14,5) a(2,6) a(14,5) a(13,8) d(9) d(1) a(2,8) a(2,10) r(3,4) r(2,15) d(4)
5; 6; d(13) r(5,8) a(12,10) d(10) a(15,9) a(9,12) d(14) a(15,17) r(3,17) a(2,4)
6; 58; d(5) a(14,5) a(2,6) a(14,5) a(13,8) d(9) d(1) a(8,10) d(8) a(3,4)
7; 21; r(2,15) r(15,16) a(15,9) a(9,12) d(15) a(3,6) r(9,15) r(1,6)
8; 36, 17; d(13) r(5,8) a(12,10) d(10) a(15,9) a(9,12) d(14) a(15,17) a(4,13)
9; 36, 17; d(5) a(14,5) a(2,6) a(14,5) a(13,8) d(9) d(1) a(2,8) a(2,10) r(3,4) r(2,15) r(3,17) a(1,17)
10; 36; d(13) r(5,8) a(12,10) d(10) a(15,9) a(9,12) d(14) a(15,17) r(3,17) a(1,17)
11; 17; d(5) a(14,5) a(2,6) a(14,5) a(13,8) d(9) d(1) a(2,8) a(2,10) r(3,4) r(2,15) a(4,13)
12; 43; d(5) a(1,6) r(8,11) r(2,6) a(3,6) d(13) r(2,13) d(5) d(1) a(15,9) a(9,12) d(15) a(3,6) d(1) a(12,17)
13; 29; d(10) r(2,13) a(1,1) r(5,8) a(12,10) d(10) d(5) a(4,2) r(8,4) d(3) a(14,15) a(1,1) a(1,6)
14; 16; d(10) a(13,4) r(2,4) r(8,4) d(1) a(9,16) d(15) r(2,13) r(14,4) r(13,10) d(3) a(9,4) d(4)
15; 38; d(10) r(2,13) a(1,1) d(8)
16; 28; r(2,15) d(15) a(13,4) d(5) r(13,9) r(8,17) a(11,9) a(3,10) d(13) r(9,2) a(1,17) r(4,10)
17; 49; r(11,2) a(12,10) d(5) d(12) a(3,10) d(13) r(9,6) d(1) r(8,11) r(2,6) a(3,6) d(5) a(3,15) r(4,3) d(3)
18; 39; d(10) r(2,13) a(1,1) r(5,8) d(4) r(3,9) d(5) d(12) d(14) a(4,13) r(15,11) r(9,14) d(1)
19; 10; d(10) a(13,4) r(2,4) r(8,4) d(1) r(14,17) d(15) d(3) r(5,12)
20; 35, 5; d(13) r(5,8) a(12,10) d(10) a(15,9) r(8,11) d(1) r(13,10) d(10) d(2) r(3,13) a(12,10) d(10) a(15,9) a(9,12) d(14) a(15,17) r(3,17) d(4)
21; 35, 5; d(10) a(13,4) r(2,4) r(8,4) d(14) a(15,17) r(3,17) r(15,14)
22; 35; d(13) r(5,8) a(12,10) d(10) a(15,9) r(8,11) d(14) a(15,17) r(3,17) r(15,14)
23; 5; d(10) a(13,4) r(2,4) r(8,4) d(1) r(13,10) d(10) d(2) r(3,13) a(12,10) d(10) a(15,9) a(9,12) d(14) a(15,17) r(3,17) d(4)
24; 52, 6; d(13) r(5,8) a(12,10) d(10) d(5) a(4,2) r(8,4) d(3) a(9,12) d(14) a(15,17) r(3,17) a(2,4)
25; 52, 6; d(13) r(5,8) a(12,10) d(10) a(15,9) r(1,13) a(2,8) r(2,16)
26; 52; d(13) r(5,8) a(12,10) d(10) d(5) a(4,2) r(8,4) d(3) r(1,13) a(2,8) r(2,16)
27; 6; d(13) r(5,8) a(12,10) d(10) a(15,9) a(9,12) d(14) a(15,17) r(3,17) a(2,4)
28; 11, 2; d(13) r(5,8) a(12,10) d(10) d(5) a(4,2) r(8,4) d(3) r(1,13) r(1,13)
29; 11, 2; d(8) a(9,16) d(15) r(2,13) r(14,4) r(13,10) d(10) r(4,8) r(3,14) a(2,8) a(15,14)
30; 11; d(13) r(5,8) a(12,10) d(10) d(5) a(4,2) r(8,4) d(3) r(1,13) a(2,8) a(15,14)
31; 2; d(8) a(9,16) d(15) r(2,13) r(14,4) r(13,10) d(10) r(4,8) r(3,14) r(1,13)
32; 51, 53; d(8) a(9,16) d(15) r(2,13) r(14,4) r(13,10) d(9) a(5,12) d(4) a(2,8) d(3)
33; 51, 53; d(8) a(9,16) d(15) r(2,13) r(14,4) r(13,10) d(9) a(5,12) d(4) a(1,17)
34; 51; d(8) a(9,16) d(15) r(2,13) r(14,4) r(13,10) d(9) a(5,12) d(4) a(2,8) d(3)
35; 53; d(8) a(9,16) d(15) r(2,13) r(14,4) r(13,10) d(9) a(5,12) d(4) a(1,17)
36; 7; d(10) a(13,4) r(2,4) r(8,4) d(1) r(13,10) d(10) d(2) r(3,13) d(15) r(4,3)
37; 59; d(13) r(5,8) r(5,8) a(12,10) d(10) a(15,9) a(9,12) d(15) a(2,8) a(2,10) r(3,4) r(2,15) r(1,13)
38; 18; d(8) a(9,16) d(15) r(2,13) r(14,4) r(13,10) d(10) r(4,8) r(3,14) r(1,13)
39; 15; d(5) a(1,6) r(8,11) r(2,6) a(3,6) d(13) r(2,13) d(5) d(1) r(13,6) d(14) a(4,3) a(4,8) a(11,17)
40; 43, 6; d(5) a(1,6) r(8,11) a(15,9) a(9,12) d(14) a(15,17) r(3,17) a(2,4)
41; 43, 6; d(13) r(5,8) a(12,10) d(10) r(2,6) a(3,6) d(13) r(2,13) d(5) d(1) a(15,9) a(9,12) d(15) a(3,6) d(1) a(12,17)
42; 43; d(5) a(1,6) r(8,11) r(2,6) a(3,6) d(13) r(2,13) d(5) d(1) a(15,9) a(9,12) d(15) a(3,6) d(1) a(12,17)
43; 6; d(13) r(5,8) a(12,10) d(10) a(15,9) a(9,12) d(14) a(15,17) r(3,17) a(2,4)
44; 17, 14; d(5) a(14,5) a(2,6) a(14,5) a(13,8) d(9) d(1) a(2,8) a(2,10) r(3,4) r(2,15) a(4,13) a(1,1) r(5,8) a(12,10) d(10) d(5) a(4,2) r(8,4) d(3) a(14,15) r(14,12) r(9,2)
45; 17, 14; d(10) r(2,13)
46; 17; d(5) a(14,5) a(2,6) a(14,5) a(13,8) d(9) d(1) a(2,8) a(2,10) r(3,4) r(2,15) a(4,13)
47; 14; d(10) r(2,13) a(1,1) r(5,8) a(12,10) d(10) d(5) a(4,2) r(8,4) d(3) a(14,15) r(14,12) r(9,2)
48; 32; d(10) r(2,13) a(1,1) r(5,8) a(12,10) d(10) d(5) a(4,2) r(8,4) d(3) a(14,15) a(1,1) r(1,17)
49; 40; d(10) r(2,13) a(1,1) d(5) d(12) d(14) a(4,13) r(15,11) r(9,14) a(4,12)
50; 12, 18; d(8) a(9,16) d(15) r(2,13) r(14,4) r(13,10) d(10) r(2,13) r(14,4) r(13,10) d(10) r(4,8) r(3,14) r(1,13)
51; 12, 18; d(8) a(9,16) d(15) r(4,8) r(3,14) r(1,17)
52; 12; d(8) a(9,16) d(15) r(2,13) r(14,4) r(13,10) d(10) r(4,8) r(3,14) r(1,17)
53; 18; d(8) a(9,16) d(15) r(2,13) r(14,4) r(13,10) d(10) r(4,8) r(3,14) r(1,13)
54; 18; d(8) a(9,16) d(15) r(2,13) r(14,4) r(13,10) d(10) r(4,8) r(3,14) r(1,13)
55; 29; d(10) r(2,13) a(1,1) r(5,8) a(12,10) d(10) d(5) a(4,2) r(8,4) d(3) a(14,15) a(1,1) a(1,6)
--------------------------------------------------------------------------------
Mutation

0; d(10) a(13,4) r(2,4) r(8,4) d(1) a(9,16) d(15) r(2,13) r(14,4) r(13,10) d(3) a(9,4) d(4)
1; d(8) a(9,16) d(15) r(2,13) r(14,4) r(13,10) d(10) r(4,8) r(3,14) r(1,13) a(1,1)
2; d(13) r(5,8) r(5,8) a(12,10) d(10) a(15,9) a(9,12) d(15) a(8,10) d(8) d(1) a(9,10)
3; r(2,15) r(15,16) a(15,9) a(9,12) d(15) a(3,6) r(9,15) r(1,6) r(5,8)
4; d(5) a(14,5) a(2,6) a(14,5) a(13,8) d(9) d(1) a(2,8) a(2,10) r(3,4) r(2,15) d(4)
5; d(13) r(5,8) a(12,10) d(10) a(15,9) a(9,12) d(14) a(15,17) r(3,17) a(2,4) r(15,10)
6; d(5) a(14,5) a(2,6) a(14,5) a(13,8) d(9) d(1) a(8,10) d(8) a(3,4) r(4,3)
7; r(2,15) r(15,16) a(15,9) a(9,12) d(15) a(3,6) r(9,15) r(1,6) d(3)
8; d(13) r(5,8) a(12,10) d(10) a(15,9) a(9,12) d(14) a(15,17) a(4,13) a(3,11)
9; d(5) a(14,5) a(2,6) a(14,5) a(13,8) d(9) d(1) a(2,8) a(2,10) r(3,4) r(2,15) r(3,17) a(1,17) d(8)
10; d(13) r(5,8) a(12,10) d(10) a(15,9) a(9,12) d(14) a(15,17) r(3,17) a(1,17) d(1)
11; d(5) a(14,5) a(2,6) a(14,5) a(13,8) d(9) d(1) a(2,8) a(2,10) r(3,4) r(2,15) a(4,13) d(8)
12; d(5) a(1,6) r(8,11) r(2,6) a(3,6) d(13) r(2,13) d(5) d(1) a(15,9) a(9,12) d(15) a(3,6) d(1) a(12,17) r(4,6)
13; d(10) r(2,13) a(1,1) r(5,8) a(12,10) d(10) d(5) a(4,2) r(8,4) d(3) a(14,15) a(1,1) a(1,6) d(15)
14; d(10) a(13,4) r(2,4) r(8,4) d(1) a(9,16) d(15) r(2,13) r(14,4) r(13,10) d(3) a(9,4) d(4)
15; d(10) r(2,13) a(1,1) d(8) r(5,16)
16; r(2,15) d(15) a(13,4) d(5) r(13,9) r(8,17) a(11,9) a(3,10) d(13) r(9,2) a(1,17) r(4,10) d(3)
17; r(11,2) a(12,10) d(5) d(12) a(3,10) d(13) r(9,6) d(1) r(8,11) r(2,6) a(3,6) d(5) a(3,15) r(4,3) d(3)
18; d(10) r(2,13) a(1,1) r(5,8) d(4) r(3,9) d(5) d(12) d(14) a(4,13) r(15,11) r(9,14) d(1)
19; d(10) a(13,4) r(2,4) r(8,4) d(1) r(14,17) d(15) d(3) r(5,12) r(9,8)
20; d(13) r(5,8) a(12,10) d(10) a(15,9) r(8,11) d(1) r(13,10) d(10) d(2) r(3,13) a(12,10) d(10) a(15,9) a(9,12) d(14) a(15,17) r(3,17) d(4)
21; d(10) a(13,4) r(2,4) r(8,4) d(14) a(15,17) r(3,17) r(15,14) d(1)
22; d(13) r(5,8) a(12,10) d(10) a(15,9) r(8,11) d(14) a(15,17) r(3,17) r(15,14) d(1)
23; d(10) a(13,4) r(2,4) r(8,4) d(1) r(13,10) d(10) d(2) r(3,13) a(12,10) d(10) a(15,9) a(9,12) d(14) a(15,17) r(3,17) d(4)
24; d(13) r(5,8) a(12,10) d(10) d(5) a(4,2) r(8,4) d(3) a(9,12) d(14) a(15,17) r(3,17) a(2,4) d(15)
25; d(13) r(5,8) a(12,10) d(10) a(15,9) r(1,13) a(2,8) r(2,16) r(8,13)
26; d(13) r(5,8) a(12,10) d(10) d(5) a(4,2) r(8,4) d(3) r(1,13) a(2,8) r(2,16) a(14,17)
27; d(13) r(5,8) a(12,10) d(10) a(15,9) a(9,12) d(14) a(15,17) r(3,17) a(2,4) r(9,14)
28; d(13) r(5,8) a(12,10) d(10) d(5) a(4,2) r(8,4) d(3) r(1,13) r(1,13) d(2)
29; d(8) a(9,16) d(15) r(2,13) r(14,4) r(13,10) d(10) r(4,8) r(3,14) a(2,8) a(15,14) d(1)
30; d(13) r(5,8) a(12,10) d(10) d(5) a(4,2) r(8,4) d(3) r(1,13) a(2,8) a(15,14) d(9)
31; d(8) a(9,16) d(15) r(2,13) r(14,4) r(13,10) d(10) r(4,8) r(3,14) r(1,13)
32; d(8) a(9,16) d(15) r(2,13) r(14,4) r(13,10) d(9) a(5,12) d(4) a(2,8) d(3) r(1,6)
33; d(8) a(9,16) d(15) r(2,13) r(14,4) r(13,10) d(9) a(5,12) d(4) a(1,17) a(3,4)
34; d(8) a(9,16) d(15) r(2,13) r(14,4) r(13,10) d(9) a(5,12) d(4) a(2,8) d(3) r(1,13)
35; d(8) a(9,16) d(15) r(2,13) r(14,4) r(13,10) d(9) a(5,12) d(4) a(1,17) r(3,12)
36; d(10) a(13,4) r(2,4) r(8,4) d(1) r(13,10) d(10) d(2) r(3,13) d(15) r(4,3)
37; d(13) r(5,8) r(5,8) a(12,10) d(10) a(15,9) a(9,12) d(15) a(2,8) a(2,10) r(3,4) r(2,15) r(1,13) d(8)
38; d(8) a(9,16) d(15) r(2,13) r(14,4) r(13,10) d(10) r(4,8) r(3,14) r(1,13)
39; d(5) a(1,6) r(8,11) r(2,6) a(3,6) d(13) r(2,13) d(5) d(1) r(13,6) d(14) a(4,3) a(4,8) a(11,17) r(3,9)
40; d(5) a(1,6) r(8,11) a(15,9) a(9,12) d(14) a(15,17) r(3,17) a(2,4) a(1,1)
41; d(13) r(5,8) a(12,10) d(10) r(2,6) a(3,6) d(13) r(2,13) d(5) d(1) a(15,9) a(9,12) d(15) a(3,6) d(1) a(12,17) a(14,11)
42; d(5) a(1,6) r(8,11) r(2,6) a(3,6) d(13) r(2,13) d(5) d(1) a(15,9) a(9,12) d(15) a(3,6) d(1) a(12,17) a(4,15)
43; d(13) r(5,8) a(12,10) d(10) a(15,9) a(9,12) d(14) a(15,17) r(3,17) a(2,4) a(15,4)
44; d(5) a(14,5) a(2,6) a(14,5) a(13,8) d(9) d(1) a(2,8) a(2,10) r(3,4) r(2,15) a(4,13) a(1,1) r(5,8) a(12,10) d(10) d(5) a(4,2) r(8,4) d(3) a(14,15) r(14,12) r(9,2) a(4,16)
45; d(10) r(2,13) r(6,5)
46; d(5) a(14,5) a(2,6) a(14,5) a(13,8) d(9) d(1) a(2,8) a(2,10) r(3,4) r(2,15) a(4,13) a(8,15)
47; d(10) r(2,13) a(1,1) r(5,8) a(12,10) d(10) d(5) a(4,2) r(8,4) d(3) a(14,15) r(14,12) r(9,2) d(1)
48; d(10) r(2,13) a(1,1) r(5,8) a(12,10) d(10) d(5) a(4,2) r(8,4) d(3) a(14,15) a(1,1) r(1,17) a(9,4)
49; d(10) r(2,13) a(1,1) d(5) d(12) d(14) a(4,13) r(15,11) r(9,14) a(4,12) r(3,8)
50; d(8) a(9,16) d(15) r(2,13) r(14,4) r(13,10) d(10) r(2,13) r(14,4) r(13,10) d(10) r(4,8) r(3,14) r(1,13)
51; d(8) a(9,16) d(15) r(4,8) r(3,14) r(1,17) r(2,3)
52; d(8) a(9,16) d(15) r(2,13) r(14,4) r(13,10) d(10) r(4,8) r(3,14) r(1,17)
53; d(8) a(9,16) d(15) r(2,13) r(14,4) r(13,10) d(10) r(4,8) r(3,14) r(1,13)
54; d(8) a(9,16) d(15) r(2,13) r(14,4) r(13,10) d(10) r(4,8) r(3,14) r(1,13)
55; d(10) r(2,13) a(1,1) r(5,8) a(12,10) d(10) d(5) a(4,2) r(8,4) d(3) a(14,15) a(1,1) a(1,6) d(1)
--------------------------------------------------------------------------------
Evaluation

0; 0.
1; 0.
2; 0.
3; 0.
4; 0.
5; 0.
6; 42.
7; 0.
8; 0.
9; 0.
10; 0.
11; 0.
12; 0.
13; 0.
14; 0.
15; 0.
16; 0.
17; 0.
18; 0.
19; 0.
20; 0.
21; 0.
22; 0.
23; 0.
24; 0.
25; 0.
26; 0.
27; 0.
28; 0.
29; 0.
30; 0.
31; 0.
32; 0.
33; 0.
34; 0.
35; 0.
36; 0.
37; 0.
38; 0.
39; 0.
40; 0.
41; 0.
42; 0.
43; 0.
44; 0.
45; 0.
46; 0.
47; 0.
48; 0.
49; 0.
50; 0.
51; 0.
52; 0.
53; 0.
54; 0.
55; 0.
