================================================================================
Enclosure

1: 0
2: 0
3: 0
4: 0
5: 4
6: 5
8: 4
9: 4
10: 9
11: 10
12: 10
13: 10
14: 9
15: 9
16: 0
17: 0
================================================================================
Initialisation

0; d(8); 13.
1; d(11); 4.
2; r(13,10); 18.
3; r(10,4); 18.
4; d(3); 13.
5; a(13,9); 18.
6; d(5); 0.
7; r(11,5); 4.
8; a(13,2); 18.
9; a(9,2); 4.
10; a(13,8); 18.
11; r(13,11); 54.
12; r(3,8); 13.
13; d(2); 0.
14; d(4); 13.
15; r(1,6); 42.
16; a(13,12); 18.
17; d(4); 13.
18; r(8,6); 13.
19; d(13); 18.
20; d(13); 18.
21; r(8,13); 13.
22; d(8); 13.
23; r(13,10); 18.
24; r(13,14); 54.
25; d(13); 18.
26; d(4); 13.
27; d(14); 5.
28; d(6); 18.
29; d(14); 5.
30; d(13); 18.
31; r(13,17); 18.
32; a(13,6); 18.
33; a(12,14); 14.
34; r(1,6); 42.
35; r(5,3); 0.
36; d(13); 18.
37; a(13,11); 54.
38; r(13,10); 18.
39; original; 18.
================================================================================
Generation 1

--------------------------------------------------------------------------------
Selection

0; 29
1; 30
2; 35
3; 20
4; 19
5; 16
6; 0
7; 4
8; 17
9; 7
10; 27
11; 18
12; 17
13; 33
14; 10
15; 33
16; 32
17; 31
18; 0
19; 25
20; 0
21; 9
22; 20
23; 27
24; 0
25; 9
26; 26
27; 0
28; 29
29; 1
30; 1
31; 3
32; 0
33; 35
34; 6
35; 12
36; 14
37; 17
38; 0
39; 6
--------------------------------------------------------------------------------
Crossover

0; 14, 18; d(4)
1; 14, 18; r(8,6)
2; 14; d(4)
3; 18; r(8,6)
4; 3, 0; r(10,4)
5; 3, 0; d(8)
6; 3; r(10,4)
7; 0; d(8)
8; 0; d(8)
9; 33; a(12,14)
10; 20, 25; d(13)
11; 20, 25; d(13)
12; 20; d(13)
13; 25; d(13)
14; 19, 9; d(13)
15; 19, 9; a(9,2)
16; 19; d(13)
17; 9; a(9,2)
18; 17, 0; d(4)
19; 17, 0; d(8)
20; 17; d(4)
21; 0; d(8)
22; 17; d(4)
23; 12; r(3,8)
24; 16; a(13,12)
25; 0; d(8)
26; 17; d(4)
27; 33; a(12,14)
28; 9, 1; a(9,2)
29; 9, 1; d(11)
30; 9; a(9,2)
31; 1; d(11)
32; 1, 4; d(11)
33; 1, 4; d(3)
34; 1; d(11)
35; 4; d(3)
36; 20; d(13)
37; 0; d(8)
38; 27; d(14)
39; 35; r(5,3)
40; 35; r(5,3)
41; 29; d(14)
42; 27, 0; d(14)
43; 27, 0; d(8)
44; 27; d(14)
45; 0; d(8)
46; 10; a(13,8)
47; 6; d(5)
48; 30, 32; d(13)
49; 30, 32; a(13,6)
50; 30; d(13)
51; 32; a(13,6)
52; 6, 29; d(5)
53; 6, 29; d(14)
54; 6; d(5)
55; 29; d(14)
56; 0; d(8)
57; 7; r(11,5)
58; 31, 26; r(13,17)
59; 31, 26; d(4)
60; 31; r(13,17)
61; 26; d(4)
--------------------------------------------------------------------------------
Mutation

0; d(4) d(1)
1; r(8,6) a(13,14)
2; d(4) a(2,11)
3; r(8,6) r(11,4)
4; r(10,4) a(9,5)
5; d(8) d(6)
6; r(10,4) d(15)
7; d(8) a(11,17)
8; d(8) r(12,17)
9; a(12,14) d(13)
10; d(13) a(9,8)
11; d(13) r(1,17)
12; d(13) d(2)
13; d(13) r(2,14)
14; d(13) d(14)
15; a(9,2) r(13,6)
16; d(13) d(1)
17; a(9,2) d(5)
18; d(4) a(2,4)
19; d(8) a(13,16)
20; d(4) d(1)
21; d(8) a(13,17)
22; d(4) d(1)
23; r(3,8) a(9,12)
24; a(13,12) r(12,8)
25; d(8) d(13)
26; d(4) d(1)
27; a(12,14) d(13)
28; a(9,2) d(15)
29; d(11) d(2)
30; a(9,2) a(13,5)
31; d(11) r(9,5)
32; d(11) r(6,8)
33; d(3) a(5,12)
34; d(11) d(13)
35; d(3) r(13,17)
36; d(13) d(14)
37; d(8) d(1)
38; d(14) d(8)
39; r(5,3) a(15,9)
40; r(5,3) r(12,13)
41; d(14) a(2,16)
42; d(14) d(13)
43; d(8) r(6,14)
44; d(14) r(11,4)
45; d(8) d(15)
46; a(13,8) a(13,2)
47; d(5) r(13,9)
48; d(13) a(9,3)
49; a(13,6) r(6,10)
50; d(13) d(8)
51; a(13,6) d(2)
52; d(5) a(13,12)
53; d(14) d(1)
54; d(5) d(10)
55; d(14) d(13)
56; d(8) a(11,4)
57; r(11,5) d(8)
58; r(13,17) r(12,5)
59; d(4) a(2,12)
60; r(13,17) r(1,17)
61; d(4) a(3,16)
--------------------------------------------------------------------------------
Evaluation

0; 13.
1; 13.
2; 13.
3; 13.
4; 18.
5; 13.
6; 18.
7; 13.
8; 13.
9; 14.
10; 18.
11; 13.
12; 0.
13; 0.
14; 5.
15; 4.
16; 42.
17; 0.
18; 13.
19; 13.
20; 13.
21; 13.
22; 13.
23; 13.
24; 4.
25; 13.
26; 13.
27; 14.
28; 4.
29; 0.
30; 4.
31; 4.
32; 4.
33; 13.
34; 4.
35; 13.
36; 5.
37; 13.
38; 4.
39; 0.
40; 0.
41; 0.
42; 5.
43; 5.
44; 4.
45; 13.
46; 18.
47; 0.
48; 4.
49; 38.
50; 13.
51; 0.
52; 0.
53; 42.
54; 0.
55; 5.
56; 13.
57; 13.
58; 4.
59; 1.
60; 13.
61; 0.
================================================================================
Generation 2

--------------------------------------------------------------------------------
Selection

0; 12
1; 31
2; 41
3; 43
4; 15
5; 52
6; 12
7; 38
8; 17
9; 34
10; 41
11; 36
12; 19
13; 30
14; 43
15; 52
16; 55
17; 13
18; 30
19; 24
20; 56
21; 14
22; 48
23; 8
24; 48
25; 13
26; 34
27; 29
28; 51
29; 29
30; 23
31; 39
32; 43
33; 12
34; 20
35; 41
36; 28
37; 11
38; 52
39; 38
--------------------------------------------------------------------------------
Crossover

0; 13, 38; d(13) r(2,14) d(8)
1; 13, 38; d(14)
2; 13; d(13) r(2,14)
3; 38; d(14) d(8)
4; 52; d(5) a(13,12)
5; 13; d(13) r(2,14)
6; 52, 48; d(5) a(9,3)
7; 52, 48; d(13) a(13,12)
8; 52; d(5) a(13,12)
9; 48; d(13) a(9,3)
10; 41, 11; d(14) r(1,17)
11; 41, 11; d(13) a(2,16)
12; 41; d(14) a(2,16)
13; 11; d(13) r(1,17)
14; 29, 29; d(11) d(2)
15; 29, 29; d(11) d(2)
16; 29; d(11) d(2)
17; 29; d(11) d(2)
18; 56, 36; d(8) d(14)
19; 56, 36; d(13) a(11,4)
20; 56; d(8) a(11,4)
21; 36; d(13) d(14)
22; 41; d(14) a(2,16)
23; 14; d(13) d(14)
24; 34, 48; d(11) d(13)
25; 34, 48; d(13) a(9,3)
26; 34; d(11) d(13)
27; 48; d(13) a(9,3)
28; 24, 23; a(13,12) r(12,8)
29; 24, 23; r(3,8) a(9,12)
30; 24; a(13,12) r(12,8)
31; 23; r(3,8) a(9,12)
32; 43; d(8) r(6,14)
33; 19; d(8) a(13,16)
34; 8; d(8) r(12,17)
35; 12; d(13) d(2)
36; 15; a(9,2) r(13,6)
37; 43; d(8) r(6,14)
38; 51; a(13,6) d(2)
39; 20; d(4) d(1)
40; 12, 28; d(13)
41; 12, 28; a(9,2) d(15) d(2)
42; 12; d(13) d(2)
43; 28; a(9,2) d(15)
44; 43, 30; d(8) r(6,14)
45; 43, 30; a(9,2) a(13,5)
46; 43; d(8) r(6,14)
47; 30; a(9,2) a(13,5)
48; 38, 41; d(14)
49; 38, 41; d(14) a(2,16) d(8)
50; 38; d(14) d(8)
51; 41; d(14) a(2,16)
52; 52, 30; d(5) a(13,12)
53; 52, 30; a(9,2) a(13,5)
54; 52; d(5) a(13,12)
55; 30; a(9,2) a(13,5)
56; 12; d(13) d(2)
57; 31; d(11) r(9,5)
58; 55; d(14) d(13)
59; 39; r(5,3) a(15,9)
60; 34; d(11) d(13)
61; 17; a(9,2) d(5)
--------------------------------------------------------------------------------
Mutation

0; d(13) r(2,14) d(8) r(10,11)
1; d(14) a(6,15)
2; d(13) r(2,14) d(8)
3; d(14) d(8) r(13,4)
4; d(5) a(13,12) a(4,13)
5; d(13) r(2,14) a(3,4)
6; d(5) a(9,3) r(13,12)
7; d(13) a(13,12) d(12)
8; d(5) a(13,12) r(13,10)
9; d(13) a(9,3) r(10,14)
10; d(14) r(1,17) r(9,6)
11; d(13) a(2,16) d(4)
12; d(14) a(2,16) r(12,6)
13; d(13) r(1,17) d(2)
14; d(11) d(2) r(13,5)
15; d(11) d(2) d(13)
16; d(11) d(2) a(13,9)
17; d(11) d(2) r(8,2)
18; d(8) d(14) r(13,14)
19; d(13) a(11,4) a(6,2)
20; d(8) a(11,4) d(2)
21; d(13) d(14) d(6)
22; d(14) a(2,16) a(12,17)
23; d(13) d(14) d(6)
24; d(11) d(13) d(1)
25; d(13) a(9,3) a(5,5)
26; d(11) d(13) d(14)
27; d(13) a(9,3) r(11,17)
28; a(13,12) r(12,8) r(8,13)
29; r(3,8) a(9,12) r(9,12)
30; a(13,12) r(12,8) a(13,3)
31; r(3,8) a(9,12) d(13)
32; d(8) r(6,14) d(2)
33; d(8) a(13,16) d(13)
34; d(8) r(12,17) d(14)
35; d(13) d(2) a(11,2)
36; a(9,2) r(13,6) r(9,13)
37; d(8) r(6,14) d(13)
38; a(13,6) d(2) r(13,15)
39; d(4) d(1) r(3,13)
40; d(13) r(14,10)
41; a(9,2) d(15) d(2) r(13,6)
42; d(13) d(2) r(10,12)
43; a(9,2) d(15) a(13,17)
44; d(8) r(6,14) a(15,11)
45; a(9,2) a(13,5) a(13,12)
46; d(8) r(6,14) a(13,17)
47; a(9,2) a(13,5) d(10)
48; d(14) r(13,9)
49; d(14) a(2,16) d(8) d(13)
50; d(14) d(8) d(2)
51; d(14) a(2,16) r(12,5)
52; d(5) a(13,12) r(1,17)
53; a(9,2) a(13,5) a(13,4)
54; d(5) a(13,12) d(10)
55; a(9,2) a(13,5) d(3)
56; d(13) d(2) a(3,13)
57; d(11) r(9,5) r(1,17)
58; d(14) d(13) d(12)
59; r(5,3) a(15,9) a(13,3)
60; d(11) d(13) a(8,11)
61; a(9,2) d(5) r(11,8)
--------------------------------------------------------------------------------
Evaluation

0; 0.
1; 4.
2; 0.
3; 4.
4; 0.
5; 0.
6; 0.
7; 4.
8; 0.
9; 4.
10; 4.
11; 0.
12; 0.
13; 0.
14; 0.
15; 0.
16; 0.
17; 1.
18; 4.
19; 44.
20; 0.
21; 5.
22; 0.
23; 5.
24; 4.
25; 4.
26; 4.
27; 4.
28; 13.
29; 13.
30; 4.
31; 13.
32; 0.
33; 13.
34; 4.
35; 0.
36; 4.
37; 5.
38; 0.
39; 13.
40; 5.
41; 9.
42; 0.
43; 4.
44; 5.
45; 4.
46; 5.
47; 4.
48; 5.
49; 0.
50; 0.
51; 0.
52; 0.
53; 4.
54; 0.
55; 13.
56; 0.
57; 4.
58; 4.
59; 0.
60; 14.
61; 0.
================================================================================
Generation 3

--------------------------------------------------------------------------------
Selection

0; 17
1; 22
2; 53
3; 11
4; 24
5; 27
6; 50
7; 59
8; 8
9; 8
10; 26
11; 11
12; 47
13; 24
14; 26
15; 56
16; 52
17; 15
18; 7
19; 52
20; 54
21; 35
22; 13
23; 0
24; 36
25; 1
26; 33
27; 2
28; 4
29; 14
30; 52
31; 43
32; 50
33; 42
34; 6
35; 22
36; 54
37; 9
38; 32
39; 8
--------------------------------------------------------------------------------
Crossover

0; 6; d(5) a(9,3) r(13,12)
1; 42; d(13) d(2) r(10,12)
2; 47; a(9,2) a(13,5) d(10)
3; 52; d(5) a(13,12) r(1,17)
4; 50; d(14) d(8) d(2)
5; 52; d(5) a(13,12) r(1,17)
6; 27, 17; d(13) a(9,3) r(11,17) d(2) r(8,2)
7; 27, 17; d(11)
8; 27; d(13) a(9,3) r(11,17)
9; 17; d(11) d(2) r(8,2)
10; 8, 1; d(5) a(13,12) r(13,10) a(6,15)
11; 8, 1; d(14)
12; 8; d(5) a(13,12) r(13,10)
13; 1; d(14) a(6,15)
14; 13; d(13) r(1,17) d(2)
15; 11; d(13) a(2,16) d(4)
16; 24, 7; d(11) a(13,12) d(12)
17; 24, 7; d(13) d(13) d(1)
18; 24; d(11) d(13) d(1)
19; 7; d(13) a(13,12) d(12)
20; 32, 14; d(8) r(6,14) d(2) r(13,5)
21; 32, 14; d(11) d(2)
22; 32; d(8) r(6,14) d(2)
23; 14; d(11) d(2) r(13,5)
24; 43, 24; a(9,2) d(15) a(13,17)
25; 43, 24; d(11) d(13) d(1)
26; 43; a(9,2) d(15) a(13,17)
27; 24; d(11) d(13) d(1)
28; 59; r(5,3) a(15,9) a(13,3)
29; 53; a(9,2) a(13,5) a(13,4)
30; 35, 52; d(13) d(2) r(1,17)
31; 35, 52; d(5) a(13,12) a(11,2)
32; 35; d(13) d(2) a(11,2)
33; 52; d(5) a(13,12) r(1,17)
34; 15; d(11) d(2) d(13)
35; 2; d(13) r(2,14) d(8)
36; 4; d(5) a(13,12) a(4,13)
37; 33; d(8) a(13,16) d(13)
38; 8; d(5) a(13,12) r(13,10)
39; 8; d(5) a(13,12) r(13,10)
40; 26, 11; d(11) a(2,16) d(4)
41; 26, 11; d(13) d(13) d(14)
42; 26; d(11) d(13) d(14)
43; 11; d(13) a(2,16) d(4)
44; 22; d(14) a(2,16) a(12,17)
45; 36; a(9,2) r(13,6) r(9,13)
46; 56; d(13) d(2) a(3,13)
47; 9; d(13) a(9,3) r(10,14)
48; 50; d(14) d(8) d(2)
49; 26; d(11) d(13) d(14)
50; 54; d(5) a(13,12) d(10)
51; 22; d(14) a(2,16) a(12,17)
52; 0; d(13) r(2,14) d(8) r(10,11)
53; 54; d(5) a(13,12) d(10)
--------------------------------------------------------------------------------
Mutation

0; d(5) a(9,3) r(13,12) a(9,16)
1; d(13) d(2) r(10,12) r(5,4)
2; a(9,2) a(13,5) d(10) a(1,13)
3; d(5) a(13,12) r(1,17) a(13,2)
4; d(14) d(8) d(2) d(4)
5; d(5) a(13,12) r(1,17) r(12,15)
6; d(13) a(9,3) r(11,17) d(2) r(8,2) r(3,12)
7; d(11) d(14)
8; d(13) a(9,3) r(11,17) r(6,17)
9; d(11) d(2) r(8,2) r(13,15)
10; d(5) a(13,12) r(13,10) a(6,15) d(14)
11; d(14) a(13,14)
12; d(5) a(13,12) r(13,10) d(9)
13; d(14) a(6,15) r(13,2)
14; d(13) r(1,17) d(2) d(4)
15; d(13) a(2,16) d(4) r(2,4)
16; d(11) a(13,12) d(12) d(13)
17; d(13) d(13) d(1) d(11)
18; d(11) d(13) d(1) a(5,5)
19; d(13) a(13,12) d(12) a(10,12)
20; d(8) r(6,14) d(2) r(13,5) r(4,9)
21; d(11) d(2) r(10,8)
22; d(8) r(6,14) d(2) a(13,12)
23; d(11) d(2) r(13,5) r(8,10)
24; a(9,2) d(15) a(13,17) d(12)
25; d(11) d(13) d(1) d(4)
26; a(9,2) d(15) a(13,17) d(13)
27; d(11) d(13) d(1) r(10,17)
28; r(5,3) a(15,9) a(13,3) a(13,5)
29; a(9,2) a(13,5) a(13,4) a(13,4)
30; d(13) d(2) r(1,17) a(15,17)
31; d(5) a(13,12) a(11,2) r(13,10)
32; d(13) d(2) a(11,2) r(3,15)
33; d(5) a(13,12) r(1,17) r(12,17)
34; d(11) d(2) d(13) a(4,8)
35; d(13) r(2,14) d(8) d(5)
36; d(5) a(13,12) a(4,13) d(13)
37; d(8) a(13,16) d(13) d(12)
38; d(5) a(13,12) r(13,10) r(11,17)
39; d(5) a(13,12) r(13,10) a(14,5)
40; d(11) a(2,16) d(4) a(3,13)
41; d(13) d(13) d(14) d(3)
42; d(11) d(13) d(14) r(8,17)
43; d(13) a(2,16) d(4) d(3)
44; d(14) a(2,16) a(12,17) d(13)
45; a(9,2) r(13,6) r(9,13) r(5,10)
46; d(13) d(2) a(3,13) d(11)
47; d(13) a(9,3) r(10,14) d(15)
48; d(14) d(8) d(2) a(13,5)
49; d(11) d(13) d(14) a(2,9)
50; d(5) a(13,12) d(10) d(15)
51; d(14) a(2,16) a(12,17) a(13,15)
52; d(13) r(2,14) d(8) r(10,11) a(14,12)
53; d(5) a(13,12) d(10) d(1)
--------------------------------------------------------------------------------
Evaluation

0; 0.
1; 0.
2; 4.
3; 0.
4; 0.
5; 0.
6; 0.
7; 4.
8; 4.
9; 1.
10; 0.
11; 14.
12; 0.
13; 4.
14; 0.
15; 0.
16; 4.
17; 4.
18; 4.
19; 18.
20; 0.
21; 0.
22; 0.
23; 0.
24; 4.
25; 13.
26; 4.
27; 4.
28; 4.
29; 4.
30; 0.
31; 0.
32; 0.
33; 0.
34; 0.
35; 0.
36; 0.
37; 13.
38; 0.
39; 7.
40; 0.
41; 13.
42; 4.
43; 0.
44; 0.
45; 0.
46; 0.
47; 4.
48; 0.
49; 0.
50; 0.
51; 0.
52; 0.
53; 0.
================================================================================
Generation 4

--------------------------------------------------------------------------------
Selection

0; 21
1; 34
2; 20
3; 50
4; 6
5; 48
6; 46
7; 23
8; 10
9; 52
10; 0
11; 51
12; 12
13; 34
14; 23
15; 41
16; 12
17; 10
18; 12
19; 34
20; 23
21; 48
22; 10
23; 49
24; 33
25; 4
26; 50
27; 10
28; 44
29; 15
30; 1
31; 36
32; 33
33; 35
34; 33
35; 51
36; 5
37; 21
38; 35
39; 52
--------------------------------------------------------------------------------
Crossover

0; 12; d(5) a(13,12) r(13,10) d(9)
1; 21; d(11) d(2) r(10,8)
2; 15, 51; d(13)
3; 15, 51; d(14) a(2,16) a(12,17) a(13,15) a(2,16) d(4) r(2,4)
4; 15; d(13) a(2,16) d(4) r(2,4)
5; 51; d(14) a(2,16) a(12,17) a(13,15)
6; 0; d(5) a(9,3) r(13,12) a(9,16)
7; 5; d(5) a(13,12) r(1,17) r(12,15)
8; 1; d(13) d(2) r(10,12) r(5,4)
9; 35; d(13) r(2,14) d(8) d(5)
10; 50; d(5) a(13,12) d(10) d(15)
11; 50; d(5) a(13,12) d(10) d(15)
12; 23; d(11) d(2) r(13,5) r(8,10)
13; 12; d(5) a(13,12) r(13,10) d(9)
14; 48, 52; d(14) d(8) d(2)
15; 48, 52; d(13) r(2,14) d(8) r(10,11) a(14,12) a(13,5)
16; 48; d(14) d(8) d(2) a(13,5)
17; 52; d(13) r(2,14) d(8) r(10,11) a(14,12)
18; 10; d(5) a(13,12) r(13,10) a(6,15) d(14)
19; 48; d(14) d(8) d(2) a(13,5)
20; 36; d(5) a(13,12) a(4,13) d(13)
21; 33; d(5) a(13,12) r(1,17) r(12,17)
22; 12; d(5) a(13,12) r(13,10) d(9)
23; 33; d(5) a(13,12) r(1,17) r(12,17)
24; 34; d(11) d(2) d(13) a(4,8)
25; 6; d(13) a(9,3) r(11,17) d(2) r(8,2) r(3,12)
26; 46, 20; d(13)
27; 46, 20; d(8) r(6,14) d(2) r(13,5) r(4,9) d(2) a(3,13) d(11)
28; 46; d(13) d(2) a(3,13) d(11)
29; 20; d(8) r(6,14) d(2) r(13,5) r(4,9)
30; 10; d(5) a(13,12) r(13,10) a(6,15) d(14)
31; 21; d(11) d(2) r(10,8)
32; 34; d(11) d(2) d(13) a(4,8)
33; 10; d(5) a(13,12) r(13,10) a(6,15) d(14)
34; 35; d(13) r(2,14) d(8) d(5)
35; 23; d(11) d(2) r(13,5) r(8,10)
36; 34; d(11) d(2) d(13) a(4,8)
37; 23; d(11) d(2) r(13,5) r(8,10)
38; 51, 10; d(14) a(6,15) d(14)
39; 51, 10; d(5) a(13,12) r(13,10) a(2,16) a(12,17) a(13,15)
40; 51; d(14) a(2,16) a(12,17) a(13,15)
41; 10; d(5) a(13,12) r(13,10) a(6,15) d(14)
42; 33, 41; d(5) a(13,12) r(1,17) d(3)
43; 33, 41; d(13) d(13) d(14) r(12,17)
44; 33; d(5) a(13,12) r(1,17) r(12,17)
45; 41; d(13) d(13) d(14) d(3)
46; 4, 49; d(14) d(8) d(2) d(13) d(14) a(2,9)
47; 4, 49; d(11) d(4)
48; 4; d(14) d(8) d(2) d(4)
49; 49; d(11) d(13) d(14) a(2,9)
50; 52, 44; d(13) r(2,14) d(8) r(10,11) a(14,12) a(2,16) a(12,17) d(13)
51; 52, 44; d(14)
52; 52; d(13) r(2,14) d(8) r(10,11) a(14,12)
53; 44; d(14) a(2,16) a(12,17) d(13)
--------------------------------------------------------------------------------
Mutation

0; d(5) a(13,12) r(13,10) d(9) d(3)
1; d(11) d(2) r(10,8) d(14)
2; d(13) r(11,12)
3; d(14) a(2,16) a(12,17) a(13,15) a(2,16) d(4) r(2,4) d(1)
4; d(13) a(2,16) d(4) r(2,4) a(3,8)
5; d(14) a(2,16) a(12,17) a(13,15) r(13,6)
6; d(5) a(9,3) r(13,12) a(9,16) a(9,6)
7; d(5) a(13,12) r(1,17) r(12,15) d(4)
8; d(13) d(2) r(10,12) r(5,4) a(15,2)
9; d(13) r(2,14) d(8) d(5) r(15,2)
10; d(5) a(13,12) d(10) d(15) d(1)
11; d(5) a(13,12) d(10) d(15) d(8)
12; d(11) d(2) r(13,5) r(8,10) r(14,12)
13; d(5) a(13,12) r(13,10) d(9) a(3,11)
14; d(14) d(8) d(2) a(6,9)
15; d(13) r(2,14) d(8) r(10,11) a(14,12) a(13,5) d(6)
16; d(14) d(8) d(2) a(13,5) d(13)
17; d(13) r(2,14) d(8) r(10,11) a(14,12) a(5,3)
18; d(5) a(13,12) r(13,10) a(6,15) d(14) a(1,1)
19; d(14) d(8) d(2) a(13,5) d(6)
20; d(5) a(13,12) a(4,13) d(13) a(4,12)
21; d(5) a(13,12) r(1,17) r(12,17) a(3,2)
22; d(5) a(13,12) r(13,10) d(9) r(2,10)
23; d(5) a(13,12) r(1,17) r(12,17) d(13)
24; d(11) d(2) d(13) a(4,8) d(9)
25; d(13) a(9,3) r(11,17) d(2) r(8,2) r(3,12) d(10)
26; d(13) r(1,17)
27; d(8) r(6,14) d(2) r(13,5) r(4,9) d(2) a(3,13) d(11) a(3,17)
28; d(13) d(2) a(3,13) d(11) r(9,12)
29; d(8) r(6,14) d(2) r(13,5) r(4,9) d(1)
30; d(5) a(13,12) r(13,10) a(6,15) d(14) a(10,9)
31; d(11) d(2) r(10,8) d(8)
32; d(11) d(2) d(13) a(4,8) d(3)
33; d(5) a(13,12) r(13,10) a(6,15) d(14) d(15)
34; d(13) r(2,14) d(8) d(5) r(1,13)
35; d(11) d(2) r(13,5) r(8,10) d(5)
36; d(11) d(2) d(13) a(4,8) d(5)
37; d(11) d(2) r(13,5) r(8,10) d(12)
38; d(14) a(6,15) d(14) d(1)
39; d(5) a(13,12) r(13,10) a(2,16) a(12,17) a(13,15) r(12,5)
40; d(14) a(2,16) a(12,17) a(13,15) a(13,11)
41; d(5) a(13,12) r(13,10) a(6,15) d(14) a(8,14)
42; d(5) a(13,12) r(1,17) d(3) r(9,12)
43; d(13) d(13) d(14) r(12,17) a(9,13)
44; d(5) a(13,12) r(1,17) r(12,17) r(10,16)
45; d(13) d(13) d(14) d(3) r(9,15)
46; d(14) d(8) d(2) d(13) d(14) a(2,9) r(11,6)
47; d(11) d(4) d(2)
48; d(14) d(8) d(2) d(4) a(3,2)
49; d(11) d(13) d(14) a(2,9) a(10,10)
50; d(13) r(2,14) d(8) r(10,11) a(14,12) a(2,16) a(12,17) d(13) d(3)
51; d(14) d(6)
52; d(13) r(2,14) d(8) r(10,11) a(14,12) d(15)
53; d(14) a(2,16) a(12,17) d(13) d(4)
--------------------------------------------------------------------------------
Evaluation

0; 0.
1; 0.
2; 4.
3; 0.
4; 0.
5; 0.
6; 0.
7; 13.
8; 0.
9; 0.
10; 0.
11; 0.
12; 0.
13; 0.
14; 0.
15; 0.
16; 0.
17; 0.
18; 0.
19; 0.
20; 0.
21; 0.
22; 0.
23; 0.
24; 0.
25; 0.
26; 13.
27; 0.
28; 0.
29; 0.
30; 0.
31; 0.
32; 0.
33; 0.
34; 0.
35; 0.
36; 0.
37; 0.
38; 4.
39; 13.
40; 0.
41; 0.
42; 0.
43; 4.
44; 0.
45; 13.
46; 0.
47; 0.
48; 13.
49; 0.
50; 0.
51; 5.
52; 0.
53; 0.
================================================================================
Generation 5

--------------------------------------------------------------------------------
Selection

0; 37
1; 14
2; 10
3; 37
4; 37
5; 42
6; 52
7; 29
8; 31
9; 23
10; 6
11; 40
12; 24
13; 2
14; 24
15; 9
16; 44
17; 11
18; 25
19; 42
20; 51
21; 24
22; 34
23; 34
24; 20
25; 29
26; 30
27; 31
28; 1
29; 53
30; 9
31; 6
32; 22
33; 27
34; 25
35; 52
36; 24
37; 40
38; 52
39; 53
--------------------------------------------------------------------------------
Crossover

0; 44, 9; d(5) a(13,12) d(5) r(15,2)
1; 44, 9; d(13) r(2,14) d(8) r(1,17) r(12,17) r(10,16)
2; 44; d(5) a(13,12) r(1,17) r(12,17) r(10,16)
3; 9; d(13) r(2,14) d(8) d(5) r(15,2)
4; 1; d(11) d(2) r(10,8) d(14)
5; 31; d(11) d(2) r(10,8) d(8)
6; 34, 20; d(13) r(2,14) d(8) d(5) r(1,13) a(4,12)
7; 34, 20; d(5) a(13,12) a(4,13) d(13)
8; 34; d(13) r(2,14) d(8) d(5) r(1,13)
9; 20; d(5) a(13,12) a(4,13) d(13) a(4,12)
10; 52; d(13) r(2,14) d(8) r(10,11) a(14,12) d(15)
11; 42; d(5) a(13,12) r(1,17) d(3) r(9,12)
12; 37; d(11) d(2) r(13,5) r(8,10) d(12)
13; 23; d(5) a(13,12) r(1,17) r(12,17) d(13)
14; 34, 31; d(13) r(2,14) d(8) d(8)
15; 34, 31; d(11) d(2) r(10,8) d(5) r(1,13)
16; 34; d(13) r(2,14) d(8) d(5) r(1,13)
17; 31; d(11) d(2) r(10,8) d(8)
18; 14; d(14) d(8) d(2) a(6,9)
19; 22; d(5) a(13,12) r(13,10) d(9) r(2,10)
20; 29; d(8) r(6,14) d(2) r(13,5) r(4,9) d(1)
21; 40; d(14) a(2,16) a(12,17) a(13,15) a(13,11)
22; 40, 52; d(14) a(2,16) a(14,12) d(15)
23; 40, 52; d(13) r(2,14) d(8) r(10,11) a(12,17) a(13,15) a(13,11)
24; 40; d(14) a(2,16) a(12,17) a(13,15) a(13,11)
25; 52; d(13) r(2,14) d(8) r(10,11) a(14,12) d(15)
26; 51, 9; d(14) d(5) r(15,2)
27; 51, 9; d(13) r(2,14) d(8) d(6)
28; 51; d(14) d(6)
29; 9; d(13) r(2,14) d(8) d(5) r(15,2)
30; 37, 10; d(11) d(2) d(15) d(1)
31; 37, 10; d(5) a(13,12) d(10) r(13,5) r(8,10) d(12)
32; 37; d(11) d(2) r(13,5) r(8,10) d(12)
33; 10; d(5) a(13,12) d(10) d(15) d(1)
34; 25, 30; d(13) a(9,3) r(11,17) d(2) r(8,2) r(3,12) a(10,9)
35; 25, 30; d(5) a(13,12) r(13,10) a(6,15) d(14) d(10)
36; 25; d(13) a(9,3) r(11,17) d(2) r(8,2) r(3,12) d(10)
37; 30; d(5) a(13,12) r(13,10) a(6,15) d(14) a(10,9)
38; 29; d(8) r(6,14) d(2) r(13,5) r(4,9) d(1)
39; 37; d(11) d(2) r(13,5) r(8,10) d(12)
40; 11; d(5) a(13,12) d(10) d(15) d(8)
41; 25; d(13) a(9,3) r(11,17) d(2) r(8,2) r(3,12) d(10)
42; 6; d(5) a(9,3) r(13,12) a(9,16) a(9,6)
43; 52; d(13) r(2,14) d(8) r(10,11) a(14,12) d(15)
44; 24, 42; d(11) d(2) d(13) a(4,8) d(9) a(13,12) r(1,17) d(3) r(9,12)
45; 24, 42; d(5)
46; 24; d(11) d(2) d(13) a(4,8) d(9)
47; 42; d(5) a(13,12) r(1,17) d(3) r(9,12)
48; 6, 24; d(5) a(9,3) r(13,12) a(9,16)
49; 6, 24; d(11) d(2) d(13) a(4,8) d(9) a(9,6)
50; 6; d(5) a(9,3) r(13,12) a(9,16) a(9,6)
51; 24; d(11) d(2) d(13) a(4,8) d(9)
52; 24, 2; d(11) d(2) d(13)
53; 24, 2; d(13) r(11,12) a(4,8) d(9)
54; 24; d(11) d(2) d(13) a(4,8) d(9)
55; 2; d(13) r(11,12)
56; 24; d(11) d(2) d(13) a(4,8) d(9)
57; 53; d(14) a(2,16) a(12,17) d(13) d(4)
58; 53; d(14) a(2,16) a(12,17) d(13) d(4)
59; 27; d(8) r(6,14) d(2) r(13,5) r(4,9) d(2) a(3,13) d(11) a(3,17)
--------------------------------------------------------------------------------
Mutation

0; d(5) a(13,12) d(5) r(15,2) a(13,15)
1; d(13) r(2,14) d(8) r(1,17) r(12,17) r(10,16) r(14,17)
2; d(5) a(13,12) r(1,17) r(12,17) r(10,16) r(15,11)
3; d(13) r(2,14) d(8) d(5) r(15,2) a(14,5)
4; d(11) d(2) r(10,8) d(14) r(9,6)
5; d(11) d(2) r(10,8) d(8) d(6)
6; d(13) r(2,14) d(8) d(5) r(1,13) a(4,12) d(12)
7; d(5) a(13,12) a(4,13) d(13) d(14)
8; d(13) r(2,14) d(8) d(5) r(1,13) r(3,6)
9; d(5) a(13,12) a(4,13) d(13) a(4,12) d(11)
10; d(13) r(2,14) d(8) r(10,11) a(14,12) d(15) d(1)
11; d(5) a(13,12) r(1,17) d(3) r(9,12) r(4,15)
12; d(11) d(2) r(13,5) r(8,10) d(12) d(6)
13; d(5) a(13,12) r(1,17) r(12,17) d(13) a(11,14)
14; d(13) r(2,14) d(8) d(8) d(4)
15; d(11) d(2) r(10,8) d(5) r(1,13) a(9,15)
16; d(13) r(2,14) d(8) d(5) r(1,13) r(3,14)
17; d(11) d(2) r(10,8) d(8) a(14,12)
18; d(14) d(8) d(2) a(6,9) d(3)
19; d(5) a(13,12) r(13,10) d(9) r(2,10) r(4,6)
20; d(8) r(6,14) d(2) r(13,5) r(4,9) d(1) d(3)
21; d(14) a(2,16) a(12,17) a(13,15) a(13,11) d(13)
22; d(14) a(2,16) a(14,12) d(15) r(13,6)
23; d(13) r(2,14) d(8) r(10,11) a(12,17) a(13,15) a(13,11) r(5,16)
24; d(14) a(2,16) a(12,17) a(13,15) a(13,11) a(13,11)
25; d(13) r(2,14) d(8) r(10,11) a(14,12) d(15) d(9)
26; d(14) d(5) r(15,2) r(11,17)
27; d(13) r(2,14) d(8) d(6) a(5,4)
28; d(14) d(6) r(13,15)
29; d(13) r(2,14) d(8) d(5) r(15,2) d(14)
30; d(11) d(2) d(15) d(1) d(13)
31; d(5) a(13,12) d(10) r(13,5) r(8,10) d(12) a(1,1)
32; d(11) d(2) r(13,5) r(8,10) d(12) d(14)
33; d(5) a(13,12) d(10) d(15) d(1) r(9,16)
34; d(13) a(9,3) r(11,17) d(2) r(8,2) r(3,12) a(10,9) d(9)
35; d(5) a(13,12) r(13,10) a(6,15) d(14) d(10) d(15)
36; d(13) a(9,3) r(11,17) d(2) r(8,2) r(3,12) d(10) a(4,6)
37; d(5) a(13,12) r(13,10) a(6,15) d(14) a(10,9) a(4,4)
38; d(8) r(6,14) d(2) r(13,5) r(4,9) d(1) d(3)
39; d(11) d(2) r(13,5) r(8,10) d(12) r(10,6)
40; d(5) a(13,12) d(10) d(15) d(8) a(4,3)
41; d(13) a(9,3) r(11,17) d(2) r(8,2) r(3,12) d(10) a(15,6)
42; d(5) a(9,3) r(13,12) a(9,16) a(9,6) d(11)
43; d(13) r(2,14) d(8) r(10,11) a(14,12) d(15) r(1,13)
44; d(11) d(2) d(13) a(4,8) d(9) a(13,12) r(1,17) d(3) r(9,12) a(5,3)
45; d(5) r(13,10)
46; d(11) d(2) d(13) a(4,8) d(9) r(8,9)
47; d(5) a(13,12) r(1,17) d(3) r(9,12) d(2)
48; d(5) a(9,3) r(13,12) a(9,16) a(10,4)
49; d(11) d(2) d(13) a(4,8) d(9) a(9,6) a(1,13)
50; d(5) a(9,3) r(13,12) a(9,16) a(9,6) a(10,15)
51; d(11) d(2) d(13) a(4,8) d(9) r(6,5)
52; d(11) d(2) d(13) d(9)
53; d(13) r(11,12) a(4,8) d(9) d(1)
54; d(11) d(2) d(13) a(4,8) d(9) r(8,2)
55; d(13) r(11,12) a(15,12)
56; d(11) d(2) d(13) a(4,8) d(9) d(8)
57; d(14) a(2,16) a(12,17) d(13) d(4) d(3)
58; d(14) a(2,16) a(12,17) d(13) d(4) r(2,8)
59; d(8) r(6,14) d(2) r(13,5) r(4,9) d(2) a(3,13) d(11) a(3,17) r(1,13)
--------------------------------------------------------------------------------
Evaluation

0; 0.
1; 0.
2; 0.
3; 0.
4; 0.
5; 0.
6; 0.
7; 0.
8; 0.
9; 0.
10; 0.
11; 1.
12; 0.
13; 0.
14; 0.
15; 0.
16; 0.
17; 0.
18; 0.
19; 0.
20; 0.
21; 0.
22; 0.
23; 0.
24; 0.
25; 0.
26; 0.
27; 0.
28; 5.
29; 0.
30; 0.
31; 0.
32; 0.
33; 0.
34; 0.
35; 0.
36; 0.
37; 0.
38; 0.
39; 0.
40; 0.
41; 0.
42; 0.
43; 0.
44; 0.
45; 0.
46; 0.
47; 0.
48; 0.
49; 0.
50; 0.
51; 0.
52; 0.
53; 4.
54; 0.
55; 4.
56; 0.
57; 0.
58; 0.
59; 0.
================================================================================
Generation 6

--------------------------------------------------------------------------------
Selection

0; 6
1; 41
2; 19
3; 50
4; 47
5; 36
6; 34
7; 6
8; 44
9; 33
10; 22
11; 21
12; 9
13; 25
14; 14
15; 25
16; 52
17; 45
18; 9
19; 1
20; 30
21; 35
22; 37
23; 10
24; 9
25; 4
26; 49
27; 21
28; 39
29; 22
30; 20
31; 26
32; 15
33; 27
34; 15
35; 14
36; 48
37; 57
38; 58
39; 57
--------------------------------------------------------------------------------
Crossover

0; 45; d(5) r(13,10)
1; 6; d(13) r(2,14) d(8) d(5) r(1,13) a(4,12) d(12)
2; 22; d(14) a(2,16) a(14,12) d(15) r(13,6)
3; 57; d(14) a(2,16) a(12,17) d(13) d(4) d(3)
4; 20, 9; d(8) r(6,14) d(2) a(4,12) d(11)
5; 20, 9; d(5) a(13,12) a(4,13) d(13) r(13,5) r(4,9) d(1) d(3)
6; 20; d(8) r(6,14) d(2) r(13,5) r(4,9) d(1) d(3)
7; 9; d(5) a(13,12) a(4,13) d(13) a(4,12) d(11)
8; 47; d(5) a(13,12) r(1,17) d(3) r(9,12) d(2)
9; 35; d(5) a(13,12) r(13,10) a(6,15) d(14) d(10) d(15)
10; 37, 30; d(5) d(15) d(1) d(13)
11; 37, 30; d(11) d(2) a(13,12) r(13,10) a(6,15) d(14) a(10,9) a(4,4)
12; 37; d(5) a(13,12) r(13,10) a(6,15) d(14) a(10,9) a(4,4)
13; 30; d(11) d(2) d(15) d(1) d(13)
14; 6, 49; d(13) a(9,6) a(1,13)
15; 6, 49; d(11) d(2) d(13) a(4,8) d(9) r(2,14) d(8) d(5) r(1,13) a(4,12) d(12)
16; 6; d(13) r(2,14) d(8) d(5) r(1,13) a(4,12) d(12)
17; 49; d(11) d(2) d(13) a(4,8) d(9) a(9,6) a(1,13)
18; 34, 52; d(13) a(9,3) r(11,17) d(2) r(8,2) d(2) d(13) d(9)
19; 34, 52; d(11) r(3,12) a(10,9) d(9)
20; 34; d(13) a(9,3) r(11,17) d(2) r(8,2) r(3,12) a(10,9) d(9)
21; 52; d(11) d(2) d(13) d(9)
22; 22, 25; d(14) a(2,16) a(14,12) d(15) r(13,6) r(2,14) d(8) r(10,11) a(14,12) d(15) d(9)
23; 22, 25; d(13)
24; 22; d(14) a(2,16) a(14,12) d(15) r(13,6)
25; 25; d(13) r(2,14) d(8) r(10,11) a(14,12) d(15) d(9)
26; 1, 19; d(13) r(2,14) d(8) r(1,17) r(12,17) r(4,6)
27; 1, 19; d(5) a(13,12) r(13,10) d(9) r(2,10) r(10,16) r(14,17)
28; 1; d(13) r(2,14) d(8) r(1,17) r(12,17) r(10,16) r(14,17)
29; 19; d(5) a(13,12) r(13,10) d(9) r(2,10) r(4,6)
30; 9, 41; d(5) a(13,12) a(4,13) d(13) a(4,12) d(2) r(8,2) r(3,12) d(10) a(15,6)
31; 9, 41; d(13) a(9,3) r(11,17) d(11)
32; 9; d(5) a(13,12) a(4,13) d(13) a(4,12) d(11)
33; 41; d(13) a(9,3) r(11,17) d(2) r(8,2) r(3,12) d(10) a(15,6)
34; 26, 10; d(14) d(5) r(15,2) r(11,17) r(2,14) d(8) r(10,11) a(14,12) d(15) d(1)
35; 26, 10; d(13)
36; 26; d(14) d(5) r(15,2) r(11,17)
37; 10; d(13) r(2,14) d(8) r(10,11) a(14,12) d(15) d(1)
38; 58; d(14) a(2,16) a(12,17) d(13) d(4) r(2,8)
39; 14; d(13) r(2,14) d(8) d(8) d(4)
40; 57; d(14) a(2,16) a(12,17) d(13) d(4) d(3)
41; 21; d(14) a(2,16) a(12,17) a(13,15) a(13,11) d(13)
42; 33, 15; d(5) a(13,12) d(10) d(15) d(5) r(1,13) a(9,15)
43; 33, 15; d(11) d(2) r(10,8) d(1) r(9,16)
44; 33; d(5) a(13,12) d(10) d(15) d(1) r(9,16)
45; 15; d(11) d(2) r(10,8) d(5) r(1,13) a(9,15)
46; 39, 4; d(11) d(2) r(13,5) d(2) r(10,8) d(14) r(9,6)
47; 39, 4; d(11) r(8,10) d(12) r(10,6)
48; 39; d(11) d(2) r(13,5) r(8,10) d(12) r(10,6)
49; 4; d(11) d(2) r(10,8) d(14) r(9,6)
50; 48; d(5) a(9,3) r(13,12) a(9,16) a(10,4)
51; 44; d(11) d(2) d(13) a(4,8) d(9) a(13,12) r(1,17) d(3) r(9,12) a(5,3)
52; 25; d(13) r(2,14) d(8) r(10,11) a(14,12) d(15) d(9)
53; 36; d(13) a(9,3) r(11,17) d(2) r(8,2) r(3,12) d(10) a(4,6)
54; 27, 50; d(13) r(2,14) d(8) a(9,6) a(10,15)
55; 27, 50; d(5) a(9,3) r(13,12) a(9,16) d(6) a(5,4)
56; 27; d(13) r(2,14) d(8) d(6) a(5,4)
57; 50; d(5) a(9,3) r(13,12) a(9,16) a(9,6) a(10,15)
58; 21, 15; d(14) a(2,16) a(12,17) a(13,15) r(10,8) d(5) r(1,13) a(9,15)
59; 21, 15; d(11) d(2) a(13,11) d(13)
60; 21; d(14) a(2,16) a(12,17) a(13,15) a(13,11) d(13)
61; 15; d(11) d(2) r(10,8) d(5) r(1,13) a(9,15)
62; 14, 9; d(13) r(2,14) d(8) d(8) d(4)
63; 14, 9; d(5) a(13,12) a(4,13) d(13) a(4,12) d(11)
64; 14; d(13) r(2,14) d(8) d(8) d(4)
65; 9; d(5) a(13,12) a(4,13) d(13) a(4,12) d(11)
--------------------------------------------------------------------------------
Mutation

0; d(5) r(13,10) a(8,9)
1; d(13) r(2,14) d(8) d(5) r(1,13) a(4,12) d(12) d(4)
2; d(14) a(2,16) a(14,12) d(15) r(13,6) d(2)
3; d(14) a(2,16) a(12,17) d(13) d(4) d(3) r(2,6)
4; d(8) r(6,14) d(2) a(4,12) d(11) a(13,12)
5; d(5) a(13,12) a(4,13) d(13) r(13,5) r(4,9) d(1) d(3) d(2)
6; d(8) r(6,14) d(2) r(13,5) r(4,9) d(1) d(3)
7; d(5) a(13,12) a(4,13) d(13) a(4,12) d(11) r(12,14)
8; d(5) a(13,12) r(1,17) d(3) r(9,12) d(2) r(4,14)
9; d(5) a(13,12) r(13,10) a(6,15) d(14) d(10) d(15) a(3,6)
10; d(5) d(15) d(1) d(13) a(11,12)
11; d(11) d(2) a(13,12) r(13,10) a(6,15) d(14) a(10,9) a(4,4) d(6)
12; d(5) a(13,12) r(13,10) a(6,15) d(14) a(10,9) a(4,4) r(9,17)
13; d(11) d(2) d(15) d(1) d(13) r(6,8)
14; d(13) a(9,6) a(1,13) r(11,9)
15; d(11) d(2) d(13) a(4,8) d(9) r(2,14) d(8) d(5) r(1,13) a(4,12) d(12) d(3)
16; d(13) r(2,14) d(8) d(5) r(1,13) a(4,12) d(12) r(3,2)
17; d(11) d(2) d(13) a(4,8) d(9) a(9,6) a(1,13) r(3,9)
18; d(13) a(9,3) r(11,17) d(2) r(8,2) d(2) d(13) d(9) d(1)
19; d(11) r(3,12) a(10,9) d(9) d(8)
20; d(13) a(9,3) r(11,17) d(2) r(8,2) r(3,12) a(10,9) d(9) a(4,6)
21; d(11) d(2) d(13) d(9) d(6)
22; d(14) a(2,16) a(14,12) d(15) r(13,6) r(2,14) d(8) r(10,11) a(14,12) d(15) d(9) a(4,4)
23; d(13) r(3,4)
24; d(14) a(2,16) a(14,12) d(15) r(13,6) d(8)
25; d(13) r(2,14) d(8) r(10,11) a(14,12) d(15) d(9) a(6,8)
26; d(13) r(2,14) d(8) r(1,17) r(12,17) r(4,6) r(3,14)
27; d(5) a(13,12) r(13,10) d(9) r(2,10) r(10,16) r(14,17) a(1,6)
28; d(13) r(2,14) d(8) r(1,17) r(12,17) r(10,16) r(14,17) d(9)
29; d(5) a(13,12) r(13,10) d(9) r(2,10) r(4,6) r(3,14)
30; d(5) a(13,12) a(4,13) d(13) a(4,12) d(2) r(8,2) r(3,12) d(10) a(15,6) r(14,4)
31; d(13) a(9,3) r(11,17) d(11) d(4)
32; d(5) a(13,12) a(4,13) d(13) a(4,12) d(11) r(2,12)
33; d(13) a(9,3) r(11,17) d(2) r(8,2) r(3,12) d(10) a(15,6) r(9,15)
34; d(14) d(5) r(15,2) r(11,17) r(2,14) d(8) r(10,11) a(14,12) d(15) d(1) a(3,17)
35; d(13) r(10,9)
36; d(14) d(5) r(15,2) r(11,17) a(13,16)
37; d(13) r(2,14) d(8) r(10,11) a(14,12) d(15) d(1) d(3)
38; d(14) a(2,16) a(12,17) d(13) d(4) r(2,8) a(3,4)
39; d(13) r(2,14) d(8) d(8) d(4) d(3)
40; d(14) a(2,16) a(12,17) d(13) d(4) d(3) a(1,1)
41; d(14) a(2,16) a(12,17) a(13,15) a(13,11) d(13) a(4,13)
42; d(5) a(13,12) d(10) d(15) d(5) r(1,13) a(9,15) d(8)
43; d(11) d(2) r(10,8) d(1) r(9,16) d(8)
44; d(5) a(13,12) d(10) d(15) d(1) r(9,16) a(3,9)
45; d(11) d(2) r(10,8) d(5) r(1,13) a(9,15) r(9,17)
46; d(11) d(2) r(13,5) d(2) r(10,8) d(14) r(9,6) a(4,15)
47; d(11) r(8,10) d(12) r(10,6) a(5,17)
48; d(11) d(2) r(13,5) r(8,10) d(12) r(10,6) d(3)
49; d(11) d(2) r(10,8) d(14) r(9,6) r(6,12)
50; d(5) a(9,3) r(13,12) a(9,16) a(10,4) r(15,3)
51; d(11) d(2) d(13) a(4,8) d(9) a(13,12) r(1,17) d(3) r(9,12) a(5,3) a(4,3)
52; d(13) r(2,14) d(8) r(10,11) a(14,12) d(15) d(9) d(4)
53; d(13) a(9,3) r(11,17) d(2) r(8,2) r(3,12) d(10) a(4,6) d(6)
54; d(13) r(2,14) d(8) a(9,6) a(10,15) a(6,8)
55; d(5) a(9,3) r(13,12) a(9,16) d(6) a(5,4) a(8,17)
56; d(13) r(2,14) d(8) d(6) a(5,4) r(1,13)
57; d(5) a(9,3) r(13,12) a(9,16) a(9,6) a(10,15) r(12,15)
58; d(14) a(2,16) a(12,17) a(13,15) r(10,8) d(5) r(1,13) a(9,15) a(8,2)
59; d(11) d(2) a(13,11) d(13) a(5,9)
60; d(14) a(2,16) a(12,17) a(13,15) a(13,11) d(13) a(11,10)
61; d(11) d(2) r(10,8) d(5) r(1,13) a(9,15) r(4,6)
62; d(13) r(2,14) d(8) d(8) d(4) r(1,6)
63; d(5) a(13,12) a(4,13) d(13) a(4,12) d(11) r(3,6)
64; d(13) r(2,14) d(8) d(8) d(4) d(1)
65; d(5) a(13,12) a(4,13) d(13) a(4,12) d(11) r(2,14)
--------------------------------------------------------------------------------
Evaluation

0; 0.
1; 0.
2; 0.
3; 0.
4; 0.
5; 0.
6; 0.
7; 0.
8; 0.
9; 0.
10; 0.
11; 0.
12; 0.
13; 0.
14; 4.
15; 0.
16; 0.
17; 0.
18; 0.
19; 1.
20; 0.
21; 0.
22; 0.
23; 13.
24; 0.
25; 0.
26; 0.
27; 0.
28; 0.
29; 0.
30; 0.
31; 13.
32; 0.
33; 0.
34; 0.
35; 18.
36; 0.
37; 0.
38; 0.
39; 0.
40; 0.
41; 0.
42; 0.
43; 0.
44; 0.
45; 0.
46; 0.
47; 4.
48; 0.
49; 0.
50; 0.
51; 0.
52; 0.
53; 0.
54; 0.
55; 0.
56; 0.
57; 0.
58; 0.
59; 0.
60; 0.
61; 0.
62; 0.
63; 0.
64; 0.
65; 0.
================================================================================
Generation 7

--------------------------------------------------------------------------------
Selection

0; 26
1; 51
2; 62
3; 58
4; 62
5; 1
6; 16
7; 37
8; 26
9; 54
10; 18
11; 25
12; 25
13; 44
14; 3
15; 55
16; 39
17; 30
18; 46
19; 42
20; 22
21; 40
22; 41
23; 9
24; 42
25; 40
26; 11
27; 32
28; 24
29; 54
30; 45
31; 25
32; 36
33; 8
34; 9
35; 45
36; 54
37; 62
38; 44
39; 10
--------------------------------------------------------------------------------
Crossover

0; 3, 44; d(14) a(2,16) a(12,17) d(13) d(4) d(3) d(10) d(15) d(1) r(9,16) a(3,9)
1; 3, 44; d(5) a(13,12) r(2,6)
2; 3; d(14) a(2,16) a(12,17) d(13) d(4) d(3) r(2,6)
3; 44; d(5) a(13,12) d(10) d(15) d(1) r(9,16) a(3,9)
4; 25, 51; d(13) r(2,14) d(8) r(10,11) a(14,12) r(9,12) a(5,3) a(4,3)
5; 25, 51; d(11) d(2) d(13) a(4,8) d(9) a(13,12) r(1,17) d(3) d(15) d(9) a(6,8)
6; 25; d(13) r(2,14) d(8) r(10,11) a(14,12) d(15) d(9) a(6,8)
7; 51; d(11) d(2) d(13) a(4,8) d(9) a(13,12) r(1,17) d(3) r(9,12) a(5,3) a(4,3)
8; 42, 45; d(5) a(13,12) d(10) d(15) d(5) a(9,15) r(9,17)
9; 42, 45; d(11) d(2) r(10,8) d(5) r(1,13) r(1,13) a(9,15) d(8)
10; 42; d(5) a(13,12) d(10) d(15) d(5) r(1,13) a(9,15) d(8)
11; 45; d(11) d(2) r(10,8) d(5) r(1,13) a(9,15) r(9,17)
12; 58, 44; d(14) a(2,16) a(12,17) a(13,15) r(10,8) d(5) r(1,13) a(9,15) a(8,2) a(13,12) d(10) d(15) d(1) r(9,16) a(3,9)
13; 58, 44; d(5)
14; 58; d(14) a(2,16) a(12,17) a(13,15) r(10,8) d(5) r(1,13) a(9,15) a(8,2)
15; 44; d(5) a(13,12) d(10) d(15) d(1) r(9,16) a(3,9)
16; 30; d(5) a(13,12) a(4,13) d(13) a(4,12) d(2) r(8,2) r(3,12) d(10) a(15,6) r(14,4)
17; 42; d(5) a(13,12) d(10) d(15) d(5) r(1,13) a(9,15) d(8)
18; 36; d(14) d(5) r(15,2) r(11,17) a(13,16)
19; 46; d(11) d(2) r(13,5) d(2) r(10,8) d(14) r(9,6) a(4,15)
20; 25; d(13) r(2,14) d(8) r(10,11) a(14,12) d(15) d(9) a(6,8)
21; 22; d(14) a(2,16) a(14,12) d(15) r(13,6) r(2,14) d(8) r(10,11) a(14,12) d(15) d(9) a(4,4)
22; 25; d(13) r(2,14) d(8) r(10,11) a(14,12) d(15) d(9) a(6,8)
23; 26; d(13) r(2,14) d(8) r(1,17) r(12,17) r(4,6) r(3,14)
24; 54, 8; d(13) d(2) r(4,14)
25; 54, 8; d(5) a(13,12) r(1,17) d(3) r(9,12) r(2,14) d(8) a(9,6) a(10,15) a(6,8)
26; 54; d(13) r(2,14) d(8) a(9,6) a(10,15) a(6,8)
27; 8; d(5) a(13,12) r(1,17) d(3) r(9,12) d(2) r(4,14)
28; 11, 26; d(11) d(2) a(13,12) r(13,10) a(6,15) d(14) r(12,17) r(4,6) r(3,14)
29; 11, 26; d(13) r(2,14) d(8) r(1,17) a(10,9) a(4,4) d(6)
30; 11; d(11) d(2) a(13,12) r(13,10) a(6,15) d(14) a(10,9) a(4,4) d(6)
31; 26; d(13) r(2,14) d(8) r(1,17) r(12,17) r(4,6) r(3,14)
32; 24; d(14) a(2,16) a(14,12) d(15) r(13,6) d(8)
33; 9; d(5) a(13,12) r(13,10) a(6,15) d(14) d(10) d(15) a(3,6)
34; 62, 40; d(13) r(2,14) d(8) d(8) d(4) r(1,6) d(4) d(3) a(1,1)
35; 62, 40; d(14) a(2,16) a(12,17) d(13)
36; 62; d(13) r(2,14) d(8) d(8) d(4) r(1,6)
37; 40; d(14) a(2,16) a(12,17) d(13) d(4) d(3) a(1,1)
38; 16, 54; d(13) a(10,15) a(6,8)
39; 16, 54; d(13) r(2,14) d(8) a(9,6) r(2,14) d(8) d(5) r(1,13) a(4,12) d(12) r(3,2)
40; 16; d(13) r(2,14) d(8) d(5) r(1,13) a(4,12) d(12) r(3,2)
41; 54; d(13) r(2,14) d(8) a(9,6) a(10,15) a(6,8)
42; 32; d(5) a(13,12) a(4,13) d(13) a(4,12) d(11) r(2,12)
43; 41; d(14) a(2,16) a(12,17) a(13,15) a(13,11) d(13) a(4,13)
44; 10; d(5) d(15) d(1) d(13) a(11,12)
45; 62; d(13) r(2,14) d(8) d(8) d(4) r(1,6)
46; 37, 40; d(13) r(2,14) d(8) r(10,11) a(14,12) a(12,17) d(13) d(4) d(3) a(1,1)
47; 37, 40; d(14) a(2,16) d(15) d(1) d(3)
48; 37; d(13) r(2,14) d(8) r(10,11) a(14,12) d(15) d(1) d(3)
49; 40; d(14) a(2,16) a(12,17) d(13) d(4) d(3) a(1,1)
50; 54; d(13) r(2,14) d(8) a(9,6) a(10,15) a(6,8)
51; 39; d(13) r(2,14) d(8) d(8) d(4) d(3)
52; 62; d(13) r(2,14) d(8) d(8) d(4) r(1,6)
53; 18; d(13) a(9,3) r(11,17) d(2) r(8,2) d(2) d(13) d(9) d(1)
54; 1; d(13) r(2,14) d(8) d(5) r(1,13) a(4,12) d(12) d(4)
55; 45; d(11) d(2) r(10,8) d(5) r(1,13) a(9,15) r(9,17)
56; 9; d(5) a(13,12) r(13,10) a(6,15) d(14) d(10) d(15) a(3,6)
57; 55; d(5) a(9,3) r(13,12) a(9,16) d(6) a(5,4) a(8,17)
--------------------------------------------------------------------------------
Mutation

0; d(14) a(2,16) a(12,17) d(13) d(4) d(3) d(10) d(15) d(1) r(9,16) a(3,9) r(2,14)
1; d(5) a(13,12) r(2,6) d(13)
2; d(14) a(2,16) a(12,17) d(13) d(4) d(3) r(2,6) a(1,17)
3; d(5) a(13,12) d(10) d(15) d(1) r(9,16) a(3,9) a(4,11)
4; d(13) r(2,14) d(8) r(10,11) a(14,12) r(9,12) a(5,3) a(4,3) d(3)
5; d(11) d(2) d(13) a(4,8) d(9) a(13,12) r(1,17) d(3) d(15) d(9) a(6,8) d(5)
6; d(13) r(2,14) d(8) r(10,11) a(14,12) d(15) d(9) a(6,8) r(4,14)
7; d(11) d(2) d(13) a(4,8) d(9) a(13,12) r(1,17) d(3) r(9,12) a(5,3) a(4,3) a(5,2)
8; d(5) a(13,12) d(10) d(15) d(5) a(9,15) r(9,17) d(8)
9; d(11) d(2) r(10,8) d(5) r(1,13) r(1,13) a(9,15) d(8) a(9,15)
10; d(5) a(13,12) d(10) d(15) d(5) r(1,13) a(9,15) d(8) a(4,12)
11; d(11) d(2) r(10,8) d(5) r(1,13) a(9,15) r(9,17) d(8)
12; d(14) a(2,16) a(12,17) a(13,15) r(10,8) d(5) r(1,13) a(9,15) a(8,2) a(13,12) d(10) d(15) d(1) r(9,16) a(3,9) d(4)
13; d(5) r(9,15)
14; d(14) a(2,16) a(12,17) a(13,15) r(10,8) d(5) r(1,13) a(9,15) a(8,2) r(9,4)
15; d(5) a(13,12) d(10) d(15) d(1) r(9,16) a(3,9) d(8)
16; d(5) a(13,12) a(4,13) d(13) a(4,12) d(2) r(8,2) r(3,12) d(10) a(15,6) r(14,4) d(4)
17; d(5) a(13,12) d(10) d(15) d(5) r(1,13) a(9,15) d(8) d(14)
18; d(14) d(5) r(15,2) r(11,17) a(13,16) r(10,11)
19; d(11) d(2) r(13,5) d(2) r(10,8) d(14) r(9,6) a(4,15) d(6)
20; d(13) r(2,14) d(8) r(10,11) a(14,12) d(15) d(9) a(6,8) d(5)
21; d(14) a(2,16) a(14,12) d(15) r(13,6) r(2,14) d(8) r(10,11) a(14,12) d(15) d(9) a(4,4) a(1,6)
22; d(13) r(2,14) d(8) r(10,11) a(14,12) d(15) d(9) a(6,8) r(1,17)
23; d(13) r(2,14) d(8) r(1,17) r(12,17) r(4,6) r(3,14)
24; d(13) d(2) r(4,14) a(1,17)
25; d(5) a(13,12) r(1,17) d(3) r(9,12) r(2,14) d(8) a(9,6) a(10,15) a(6,8) d(4)
26; d(13) r(2,14) d(8) a(9,6) a(10,15) a(6,8) r(10,8)
27; d(5) a(13,12) r(1,17) d(3) r(9,12) d(2) r(4,14)
28; d(11) d(2) a(13,12) r(13,10) a(6,15) d(14) r(12,17) r(4,6) r(3,14) r(1,13)
29; d(13) r(2,14) d(8) r(1,17) a(10,9) a(4,4) d(6) d(14)
30; d(11) d(2) a(13,12) r(13,10) a(6,15) d(14) a(10,9) a(4,4) d(6) d(15)
31; d(13) r(2,14) d(8) r(1,17) r(12,17) r(4,6) r(3,14)
32; d(14) a(2,16) a(14,12) d(15) r(13,6) d(8) r(9,17)
33; d(5) a(13,12) r(13,10) a(6,15) d(14) d(10) d(15) a(3,6) r(8,13)
34; d(13) r(2,14) d(8) d(8) d(4) r(1,6) d(4) d(3) a(1,1)
35; d(14) a(2,16) a(12,17) d(13) a(5,3)
36; d(13) r(2,14) d(8) d(8) d(4) r(1,6) r(3,13)
37; d(14) a(2,16) a(12,17) d(13) d(4) d(3) a(1,1) d(2)
38; d(13) a(10,15) a(6,8) a(3,9)
39; d(13) r(2,14) d(8) a(9,6) r(2,14) d(8) d(5) r(1,13) a(4,12) d(12) r(3,2) a(9,13)
40; d(13) r(2,14) d(8) d(5) r(1,13) a(4,12) d(12) r(3,2) d(15)
41; d(13) r(2,14) d(8) a(9,6) a(10,15) a(6,8) d(5)
42; d(5) a(13,12) a(4,13) d(13) a(4,12) d(11) r(2,12) d(12)
43; d(14) a(2,16) a(12,17) a(13,15) a(13,11) d(13) a(4,13) d(10)
44; d(5) d(15) d(1) d(13) a(11,12) a(4,13)
45; d(13) r(2,14) d(8) d(8) d(4) r(1,6) d(3)
46; d(13) r(2,14) d(8) r(10,11) a(14,12) a(12,17) d(13) d(4) d(3) a(1,1) r(1,17)
47; d(14) a(2,16) d(15) d(1) d(3) d(9)
48; d(13) r(2,14) d(8) r(10,11) a(14,12) d(15) d(1) d(3) a(6,9)
49; d(14) a(2,16) a(12,17) d(13) d(4) d(3) a(1,1) d(2)
50; d(13) r(2,14) d(8) a(9,6) a(10,15) a(6,8) d(6)
51; d(13) r(2,14) d(8) d(8) d(4) d(3) d(1)
52; d(13) r(2,14) d(8) d(8) d(4) r(1,6) d(3)
53; d(13) a(9,3) r(11,17) d(2) r(8,2) d(2) d(13) d(9) d(1) d(6)
54; d(13) r(2,14) d(8) d(5) r(1,13) a(4,12) d(12) d(4) d(3)
55; d(11) d(2) r(10,8) d(5) r(1,13) a(9,15) r(9,17) d(4)
56; d(5) a(13,12) r(13,10) a(6,15) d(14) d(10) d(15) a(3,6) d(4)
57; d(5) a(9,3) r(13,12) a(9,16) d(6) a(5,4) a(8,17) r(14,6)
--------------------------------------------------------------------------------
Evaluation

0; 0.
1; 0.
2; 0.
3; 0.
4; 0.
5; 0.
6; 0.
7; 0.
8; 0.
9; 0.
10; 0.
11; 0.
12; 0.
13; 0.
14; 0.
15; 0.
16; 0.
17; 0.
18; 0.
19; 0.
20; 0.
21; 0.
22; 0.
23; 0.
24; 0.
25; 0.
26; 0.
27; 0.
28; 0.
29; 0.
30; 0.
31; 0.
32; 9.
33; 0.
34; 0.
35; 0.
36; 0.
37; 0.
38; 2.
39; 0.
40; 0.
41; 0.
42; 0.
43; 0.
44; 0.
45; 0.
46; 0.
47; 0.
48; 0.
49; 0.
50; 0.
51; 0.
52; 0.
53; 0.
54; 0.
55; 0.
56; 13.
57; 0.
================================================================================
Generation 8

--------------------------------------------------------------------------------
Selection

0; 36
1; 13
2; 42
3; 18
4; 13
5; 5
6; 45
7; 19
8; 24
9; 28
10; 49
11; 38
12; 22
13; 43
14; 57
15; 11
16; 40
17; 15
18; 18
19; 1
20; 5
21; 17
22; 37
23; 20
24; 19
25; 19
26; 21
27; 23
28; 28
29; 11
30; 40
31; 4
32; 18
33; 0
34; 12
35; 42
36; 20
37; 51
38; 30
39; 11
--------------------------------------------------------------------------------
Crossover

0; 36; d(13) r(2,14) d(8) d(8) d(4) r(1,6) r(3,13)
1; 5; d(11) d(2) d(13) a(4,8) d(9) a(13,12) r(1,17) d(3) d(15) d(9) a(6,8) d(5)
2; 19; d(11) d(2) r(13,5) d(2) r(10,8) d(14) r(9,6) a(4,15) d(6)
3; 51; d(13) r(2,14) d(8) d(8) d(4) d(3) d(1)
4; 18; d(14) d(5) r(15,2) r(11,17) a(13,16) r(10,11)
5; 23; d(13) r(2,14) d(8) r(1,17) r(12,17) r(4,6) r(3,14)
6; 5, 13; d(11) d(2) d(13) a(4,8) d(9) a(13,12) r(1,17) d(3) d(15) d(9) r(9,15)
7; 5, 13; d(5) a(6,8) d(5)
8; 5; d(11) d(2) d(13) a(4,8) d(9) a(13,12) r(1,17) d(3) d(15) d(9) a(6,8) d(5)
9; 13; d(5) r(9,15)
10; 38; d(13) a(10,15) a(6,8) a(3,9)
11; 0; d(14) a(2,16) a(12,17) d(13) d(4) d(3) d(10) d(15) d(1) r(9,16) a(3,9) r(2,14)
12; 11; d(11) d(2) r(10,8) d(5) r(1,13) a(9,15) r(9,17) d(8)
13; 21; d(14) a(2,16) a(14,12) d(15) r(13,6) r(2,14) d(8) r(10,11) a(14,12) d(15) d(9) a(4,4) a(1,6)
14; 11, 18; d(11) d(2)
15; 11, 18; d(14) d(5) r(15,2) r(11,17) a(13,16) r(10,11) r(10,8) d(5) r(1,13) a(9,15) r(9,17) d(8)
16; 11; d(11) d(2) r(10,8) d(5) r(1,13) a(9,15) r(9,17) d(8)
17; 18; d(14) d(5) r(15,2) r(11,17) a(13,16) r(10,11)
18; 19; d(11) d(2) r(13,5) d(2) r(10,8) d(14) r(9,6) a(4,15) d(6)
19; 17; d(5) a(13,12) d(10) d(15) d(5) r(1,13) a(9,15) d(8) d(14)
20; 20, 30; d(13) r(2,14) d(8) r(10,11) a(14,12) d(15) d(9) r(13,10) a(6,15) d(14) a(10,9) a(4,4) d(6) d(15)
21; 20, 30; d(11) d(2) a(13,12) a(6,8) d(5)
22; 20; d(13) r(2,14) d(8) r(10,11) a(14,12) d(15) d(9) a(6,8) d(5)
23; 30; d(11) d(2) a(13,12) r(13,10) a(6,15) d(14) a(10,9) a(4,4) d(6) d(15)
24; 37; d(14) a(2,16) a(12,17) d(13) d(4) d(3) a(1,1) d(2)
25; 20; d(13) r(2,14) d(8) r(10,11) a(14,12) d(15) d(9) a(6,8) d(5)
26; 24; d(13) d(2) r(4,14) a(1,17)
27; 28; d(11) d(2) a(13,12) r(13,10) a(6,15) d(14) r(12,17) r(4,6) r(3,14) r(1,13)
28; 15; d(5) a(13,12) d(10) d(15) d(1) r(9,16) a(3,9) d(8)
29; 40; d(13) r(2,14) d(8) d(5) r(1,13) a(4,12) d(12) r(3,2) d(15)
30; 57, 45; d(5) a(9,3) r(13,12) a(9,16) d(6) a(5,4) a(8,17) d(3)
31; 57, 45; d(13) r(2,14) d(8) d(8) d(4) r(1,6) r(14,6)
32; 57; d(5) a(9,3) r(13,12) a(9,16) d(6) a(5,4) a(8,17) r(14,6)
33; 45; d(13) r(2,14) d(8) d(8) d(4) r(1,6) d(3)
34; 42; d(5) a(13,12) a(4,13) d(13) a(4,12) d(11) r(2,12) d(12)
35; 19; d(11) d(2) r(13,5) d(2) r(10,8) d(14) r(9,6) a(4,15) d(6)
36; 43, 18; d(14) a(2,16) a(12,17) a(13,15) a(13,11) d(13) r(10,11)
37; 43, 18; d(14) d(5) r(15,2) r(11,17) a(13,16) a(4,13) d(10)
38; 43; d(14) a(2,16) a(12,17) a(13,15) a(13,11) d(13) a(4,13) d(10)
39; 18; d(14) d(5) r(15,2) r(11,17) a(13,16) r(10,11)
40; 4; d(13) r(2,14) d(8) r(10,11) a(14,12) r(9,12) a(5,3) a(4,3) d(3)
41; 42; d(5) a(13,12) a(4,13) d(13) a(4,12) d(11) r(2,12) d(12)
42; 12, 28; d(14) a(2,16) a(12,17) a(13,15) r(10,8) d(5) r(1,13) a(9,15) a(8,2) a(13,12) d(10) d(15) d(1) r(9,16) r(4,6) r(3,14) r(1,13)
43; 12, 28; d(11) d(2) a(13,12) r(13,10) a(6,15) d(14) r(12,17) a(3,9) d(4)
44; 12; d(14) a(2,16) a(12,17) a(13,15) r(10,8) d(5) r(1,13) a(9,15) a(8,2) a(13,12) d(10) d(15) d(1) r(9,16) a(3,9) d(4)
45; 28; d(11) d(2) a(13,12) r(13,10) a(6,15) d(14) r(12,17) r(4,6) r(3,14) r(1,13)
46; 11, 13; d(11) d(2) r(10,8) d(5) r(9,15)
47; 11, 13; d(5) r(1,13) a(9,15) r(9,17) d(8)
48; 11; d(11) d(2) r(10,8) d(5) r(1,13) a(9,15) r(9,17) d(8)
49; 13; d(5) r(9,15)
50; 22, 1; d(13) r(2,14) d(8) r(10,11) d(13)
51; 22, 1; d(5) a(13,12) r(2,6) a(14,12) d(15) d(9) a(6,8) r(1,17)
52; 22; d(13) r(2,14) d(8) r(10,11) a(14,12) d(15) d(9) a(6,8) r(1,17)
53; 1; d(5) a(13,12) r(2,6) d(13)
54; 49, 40; d(14) a(2,16) a(4,12) d(12) r(3,2) d(15)
55; 49, 40; d(13) r(2,14) d(8) d(5) r(1,13) a(12,17) d(13) d(4) d(3) a(1,1) d(2)
56; 49; d(14) a(2,16) a(12,17) d(13) d(4) d(3) a(1,1) d(2)
57; 40; d(13) r(2,14) d(8) d(5) r(1,13) a(4,12) d(12) r(3,2) d(15)
--------------------------------------------------------------------------------
Mutation

0; d(13) r(2,14) d(8) d(8) d(4) r(1,6) r(3,13)
1; d(11) d(2) d(13) a(4,8) d(9) a(13,12) r(1,17) d(3) d(15) d(9) a(6,8) d(5) d(4)
2; d(11) d(2) r(13,5) d(2) r(10,8) d(14) r(9,6) a(4,15) d(6) d(4)
3; d(13) r(2,14) d(8) d(8) d(4) d(3) d(1)
4; d(14) d(5) r(15,2) r(11,17) a(13,16) r(10,11) r(9,6)
5; d(13) r(2,14) d(8) r(1,17) r(12,17) r(4,6) r(3,14)
6; d(11) d(2) d(13) a(4,8) d(9) a(13,12) r(1,17) d(3) d(15) d(9) r(9,15) r(6,17)
7; d(5) a(6,8) d(5) r(13,6)
8; d(11) d(2) d(13) a(4,8) d(9) a(13,12) r(1,17) d(3) d(15) d(9) a(6,8) d(5) r(8,2)
9; d(5) r(9,15) a(3,9)
10; d(13) a(10,15) a(6,8) a(3,9) a(11,16)
11; d(14) a(2,16) a(12,17) d(13) d(4) d(3) d(10) d(15) d(1) r(9,16) a(3,9) r(2,14)
12; d(11) d(2) r(10,8) d(5) r(1,13) a(9,15) r(9,17) d(8) a(3,14)
13; d(14) a(2,16) a(14,12) d(15) r(13,6) r(2,14) d(8) r(10,11) a(14,12) d(15) d(9) a(4,4) a(1,6) a(3,3)
14; d(11) d(2) a(12,8)
15; d(14) d(5) r(15,2) r(11,17) a(13,16) r(10,11) r(10,8) d(5) r(1,13) a(9,15) r(9,17) d(8) d(3)
16; d(11) d(2) r(10,8) d(5) r(1,13) a(9,15) r(9,17) d(8) d(4)
17; d(14) d(5) r(15,2) r(11,17) a(13,16) r(10,11) r(1,13)
18; d(11) d(2) r(13,5) d(2) r(10,8) d(14) r(9,6) a(4,15) d(6) r(5,13)
19; d(5) a(13,12) d(10) d(15) d(5) r(1,13) a(9,15) d(8) d(14) a(4,3)
20; d(13) r(2,14) d(8) r(10,11) a(14,12) d(15) d(9) r(13,10) a(6,15) d(14) a(10,9) a(4,4) d(6) d(15) r(3,16)
21; d(11) d(2) a(13,12) a(6,8) d(5) a(10,12)
22; d(13) r(2,14) d(8) r(10,11) a(14,12) d(15) d(9) a(6,8) d(5) d(4)
23; d(11) d(2) a(13,12) r(13,10) a(6,15) d(14) a(10,9) a(4,4) d(6) d(15) d(10)
24; d(14) a(2,16) a(12,17) d(13) d(4) d(3) a(1,1) d(2) a(1,6)
25; d(13) r(2,14) d(8) r(10,11) a(14,12) d(15) d(9) a(6,8) d(5) a(1,13)
26; d(13) d(2) r(4,14) a(1,17) d(1)
27; d(11) d(2) a(13,12) r(13,10) a(6,15) d(14) r(12,17) r(4,6) r(3,14) r(1,13)
28; d(5) a(13,12) d(10) d(15) d(1) r(9,16) a(3,9) d(8) d(2)
29; d(13) r(2,14) d(8) d(5) r(1,13) a(4,12) d(12) r(3,2) d(15) a(11,4)
30; d(5) a(9,3) r(13,12) a(9,16) d(6) a(5,4) a(8,17) d(3) a(14,8)
31; d(13) r(2,14) d(8) d(8) d(4) r(1,6) r(14,6) d(3)
32; d(5) a(9,3) r(13,12) a(9,16) d(6) a(5,4) a(8,17) r(14,6) d(2)
33; d(13) r(2,14) d(8) d(8) d(4) r(1,6) d(3)
34; d(5) a(13,12) a(4,13) d(13) a(4,12) d(11) r(2,12) d(12) r(15,8)
35; d(11) d(2) r(13,5) d(2) r(10,8) d(14) r(9,6) a(4,15) d(6) d(8)
36; d(14) a(2,16) a(12,17) a(13,15) a(13,11) d(13) r(10,11) r(5,4)
37; d(14) d(5) r(15,2) r(11,17) a(13,16) a(4,13) d(10) r(1,6)
38; d(14) a(2,16) a(12,17) a(13,15) a(13,11) d(13) a(4,13) d(10) r(4,17)
39; d(14) d(5) r(15,2) r(11,17) a(13,16) r(10,11) r(8,6)
40; d(13) r(2,14) d(8) r(10,11) a(14,12) r(9,12) a(5,3) a(4,3) d(3) d(4)
41; d(5) a(13,12) a(4,13) d(13) a(4,12) d(11) r(2,12) d(12) d(9)
42; d(14) a(2,16) a(12,17) a(13,15) r(10,8) d(5) r(1,13) a(9,15) a(8,2) a(13,12) d(10) d(15) d(1) r(9,16) r(4,6) r(3,14) r(1,13) d(2)
43; d(11) d(2) a(13,12) r(13,10) a(6,15) d(14) r(12,17) a(3,9) d(4) r(1,13)
44; d(14) a(2,16) a(12,17) a(13,15) r(10,8) d(5) r(1,13) a(9,15) a(8,2) a(13,12) d(10) d(15) d(1) r(9,16) a(3,9) d(4) r(3,2)
45; d(11) d(2) a(13,12) r(13,10) a(6,15) d(14) r(12,17) r(4,6) r(3,14) r(1,13)
46; d(11) d(2) r(10,8) d(5) r(9,15) d(3)
47; d(5) r(1,13) a(9,15) r(9,17) d(8) d(4)
48; d(11) d(2) r(10,8) d(5) r(1,13) a(9,15) r(9,17) d(8) d(4)
49; d(5) r(9,15) a(2,10)
50; d(13) r(2,14) d(8) r(10,11) d(13) r(6,14)
51; d(5) a(13,12) r(2,6) a(14,12) d(15) d(9) a(6,8) r(1,17) a(8,5)
52; d(13) r(2,14) d(8) r(10,11) a(14,12) d(15) d(9) a(6,8) r(1,17) d(4)
53; d(5) a(13,12) r(2,6) d(13) d(3)
54; d(14) a(2,16) a(4,12) d(12) r(3,2) d(15) a(13,17)
55; d(13) r(2,14) d(8) d(5) r(1,13) a(12,17) d(13) d(4) d(3) a(1,1) d(2)
56; d(14) a(2,16) a(12,17) d(13) d(4) d(3) a(1,1) d(2) d(1)
57; d(13) r(2,14) d(8) d(5) r(1,13) a(4,12) d(12) r(3,2) d(15) d(14)
--------------------------------------------------------------------------------
Evaluation

0; 0.
1; 0.
2; 0.
3; 0.
4; 0.
5; 0.
6; 0.
7; 0.
8; 0.
9; 0.
10; 2.
11; 0.
12; 0.
13; 0.
14; 0.
15; 0.
16; 0.
17; 0.
18; 0.
19; 0.
20; 0.
21; 0.
22; 0.
23; 0.
24; 0.
25; 0.
26; 0.
27; 0.
28; 0.
29; 0.
30; 0.
31; 0.
32; 0.
33; 0.
34; 0.
35; 0.
36; 0.
37; 0.
38; 13.
39; 0.
40; 0.
41; 0.
42; 0.
43; 0.
44; 0.
45; 0.
46; 0.
47; 13.
48; 0.
49; 0.
50; 0.
51; 0.
52; 0.
53; 0.
54; 0.
55; 0.
56; 0.
57; 0.
================================================================================
Generation 9

--------------------------------------------------------------------------------
Selection

0; 51
1; 32
2; 20
3; 55
4; 18
5; 41
6; 18
7; 53
8; 29
9; 0
10; 1
11; 27
12; 0
13; 46
14; 48
15; 11
16; 48
17; 56
18; 48
19; 48
20; 26
21; 5
22; 30
23; 27
24; 28
25; 15
26; 56
27; 25
28; 23
29; 8
30; 52
31; 31
32; 0
33; 3
34; 5
35; 15
36; 44
37; 28
38; 0
39; 0
--------------------------------------------------------------------------------
Crossover

0; 3, 48; d(13) r(2,14) d(8) d(8) d(4) d(3) d(8) d(4)
1; 3, 48; d(11) d(2) r(10,8) d(5) r(1,13) a(9,15) r(9,17) d(1)
2; 3; d(13) r(2,14) d(8) d(8) d(4) d(3) d(1)
3; 48; d(11) d(2) r(10,8) d(5) r(1,13) a(9,15) r(9,17) d(8) d(4)
4; 5, 0; d(13) r(2,14) r(1,6) r(3,13)
5; 5, 0; d(13) r(2,14) d(8) d(8) d(4) d(8) r(1,17) r(12,17) r(4,6) r(3,14)
6; 5; d(13) r(2,14) d(8) r(1,17) r(12,17) r(4,6) r(3,14)
7; 0; d(13) r(2,14) d(8) d(8) d(4) r(1,6) r(3,13)
8; 0, 44; d(13) r(2,14) d(8) d(8) r(9,16) a(3,9) d(4) r(3,2)
9; 0, 44; d(14) a(2,16) a(12,17) a(13,15) r(10,8) d(5) r(1,13) a(9,15) a(8,2) a(13,12) d(10) d(15) d(1) d(4) r(1,6) r(3,13)
10; 0; d(13) r(2,14) d(8) d(8) d(4) r(1,6) r(3,13)
11; 44; d(14) a(2,16) a(12,17) a(13,15) r(10,8) d(5) r(1,13) a(9,15) a(8,2) a(13,12) d(10) d(15) d(1) r(9,16) a(3,9) d(4) r(3,2)
12; 5; d(13) r(2,14) d(8) r(1,17) r(12,17) r(4,6) r(3,14)
13; 32; d(5) a(9,3) r(13,12) a(9,16) d(6) a(5,4) a(8,17) r(14,6) d(2)
14; 1; d(11) d(2) d(13) a(4,8) d(9) a(13,12) r(1,17) d(3) d(15) d(9) a(6,8) d(5) d(4)
15; 56; d(14) a(2,16) a(12,17) d(13) d(4) d(3) a(1,1) d(2) d(1)
16; 27; d(11) d(2) a(13,12) r(13,10) a(6,15) d(14) r(12,17) r(4,6) r(3,14) r(1,13)
17; 18; d(11) d(2) r(13,5) d(2) r(10,8) d(14) r(9,6) a(4,15) d(6) r(5,13)
18; 23, 15; d(11) d(2) a(13,12) r(13,10) a(6,15) d(14) a(10,9) a(4,4) a(13,16) r(10,11) r(10,8) d(5) r(1,13) a(9,15) r(9,17) d(8) d(3)
19; 23, 15; d(14) d(5) r(15,2) r(11,17) d(6) d(15) d(10)
20; 23; d(11) d(2) a(13,12) r(13,10) a(6,15) d(14) a(10,9) a(4,4) d(6) d(15) d(10)
21; 15; d(14) d(5) r(15,2) r(11,17) a(13,16) r(10,11) r(10,8) d(5) r(1,13) a(9,15) r(9,17) d(8) d(3)
22; 8, 27; d(11) d(2) d(13) a(4,8) d(9) a(13,12) r(1,17) d(3) d(15) d(9) a(6,8) d(5) r(8,2) a(6,15) d(14) r(12,17) r(4,6) r(3,14) r(1,13)
23; 8, 27; d(11) d(2) a(13,12) r(13,10)
24; 8; d(11) d(2) d(13) a(4,8) d(9) a(13,12) r(1,17) d(3) d(15) d(9) a(6,8) d(5) r(8,2)
25; 27; d(11) d(2) a(13,12) r(13,10) a(6,15) d(14) r(12,17) r(4,6) r(3,14) r(1,13)
26; 11; d(14) a(2,16) a(12,17) d(13) d(4) d(3) d(10) d(15) d(1) r(9,16) a(3,9) r(2,14)
27; 26; d(13) d(2) r(4,14) a(1,17) d(1)
28; 48, 41; d(11) d(2) d(9)
29; 48, 41; d(5) a(13,12) a(4,13) d(13) a(4,12) d(11) r(2,12) d(12) r(10,8) d(5) r(1,13) a(9,15) r(9,17) d(8) d(4)
30; 48; d(11) d(2) r(10,8) d(5) r(1,13) a(9,15) r(9,17) d(8) d(4)
31; 41; d(5) a(13,12) a(4,13) d(13) a(4,12) d(11) r(2,12) d(12) d(9)
32; 48, 56; d(11) d(2) d(1)
33; 48, 56; d(14) a(2,16) a(12,17) d(13) d(4) d(3) a(1,1) d(2) r(10,8) d(5) r(1,13) a(9,15) r(9,17) d(8) d(4)
34; 48; d(11) d(2) r(10,8) d(5) r(1,13) a(9,15) r(9,17) d(8) d(4)
35; 56; d(14) a(2,16) a(12,17) d(13) d(4) d(3) a(1,1) d(2) d(1)
36; 51; d(5) a(13,12) r(2,6) a(14,12) d(15) d(9) a(6,8) r(1,17) a(8,5)
37; 46; d(11) d(2) r(10,8) d(5) r(9,15) d(3)
38; 28; d(5) a(13,12) d(10) d(15) d(1) r(9,16) a(3,9) d(8) d(2)
39; 28; d(5) a(13,12) d(10) d(15) d(1) r(9,16) a(3,9) d(8) d(2)
40; 53; d(5) a(13,12) r(2,6) d(13) d(3)
41; 0; d(13) r(2,14) d(8) d(8) d(4) r(1,6) r(3,13)
42; 55, 20; d(13) r(2,14) d(8) d(5) r(1,13) a(12,17) a(10,9) a(4,4) d(6) d(15) r(3,16)
43; 55, 20; d(13) r(2,14) d(8) r(10,11) a(14,12) d(15) d(9) r(13,10) a(6,15) d(14) d(13) d(4) d(3) a(1,1) d(2)
44; 55; d(13) r(2,14) d(8) d(5) r(1,13) a(12,17) d(13) d(4) d(3) a(1,1) d(2)
45; 20; d(13) r(2,14) d(8) r(10,11) a(14,12) d(15) d(9) r(13,10) a(6,15) d(14) a(10,9) a(4,4) d(6) d(15) r(3,16)
46; 0; d(13) r(2,14) d(8) d(8) d(4) r(1,6) r(3,13)
47; 52; d(13) r(2,14) d(8) r(10,11) a(14,12) d(15) d(9) a(6,8) r(1,17) d(4)
48; 25; d(13) r(2,14) d(8) r(10,11) a(14,12) d(15) d(9) a(6,8) d(5) a(1,13)
49; 31; d(13) r(2,14) d(8) d(8) d(4) r(1,6) r(14,6) d(3)
50; 15; d(14) d(5) r(15,2) r(11,17) a(13,16) r(10,11) r(10,8) d(5) r(1,13) a(9,15) r(9,17) d(8) d(3)
51; 29; d(13) r(2,14) d(8) d(5) r(1,13) a(4,12) d(12) r(3,2) d(15) a(11,4)
52; 30, 48; d(5) a(9,3) r(13,12) a(9,16) d(6) a(5,4) a(8,17) d(5) r(1,13) a(9,15) r(9,17) d(8) d(4)
53; 30, 48; d(11) d(2) r(10,8) d(3) a(14,8)
54; 30; d(5) a(9,3) r(13,12) a(9,16) d(6) a(5,4) a(8,17) d(3) a(14,8)
55; 48; d(11) d(2) r(10,8) d(5) r(1,13) a(9,15) r(9,17) d(8) d(4)
56; 0; d(13) r(2,14) d(8) d(8) d(4) r(1,6) r(3,13)
57; 18; d(11) d(2) r(13,5) d(2) r(10,8) d(14) r(9,6) a(4,15) d(6) r(5,13)
--------------------------------------------------------------------------------
Mutation

0; d(13) r(2,14) d(8) d(8) d(4) d(3) d(8) d(4) d(1)
1; d(11) d(2) r(10,8) d(5) r(1,13) a(9,15) r(9,17) d(1) r(3,17)
2; d(13) r(2,14) d(8) d(8) d(4) d(3) d(1)
3; d(11) d(2) r(10,8) d(5) r(1,13) a(9,15) r(9,17) d(8) d(4) r(3,10)
4; d(13) r(2,14) r(1,6) r(3,13) a(15,15)
5; d(13) r(2,14) d(8) d(8) d(4) d(8) r(1,17) r(12,17) r(4,6) r(3,14)
6; d(13) r(2,14) d(8) r(1,17) r(12,17) r(4,6) r(3,14)
7; d(13) r(2,14) d(8) d(8) d(4) r(1,6) r(3,13)
8; d(13) r(2,14) d(8) d(8) r(9,16) a(3,9) d(4) r(3,2) d(1)
9; d(14) a(2,16) a(12,17) a(13,15) r(10,8) d(5) r(1,13) a(9,15) a(8,2) a(13,12) d(10) d(15) d(1) d(4) r(1,6) r(3,13) r(2,10)
10; d(13) r(2,14) d(8) d(8) d(4) r(1,6) r(3,13)
11; d(14) a(2,16) a(12,17) a(13,15) r(10,8) d(5) r(1,13) a(9,15) a(8,2) a(13,12) d(10) d(15) d(1) r(9,16) a(3,9) d(4) r(3,2) a(2,11)
12; d(13) r(2,14) d(8) r(1,17) r(12,17) r(4,6) r(3,14)
13; d(5) a(9,3) r(13,12) a(9,16) d(6) a(5,4) a(8,17) r(14,6) d(2) r(1,17)
14; d(11) d(2) d(13) a(4,8) d(9) a(13,12) r(1,17) d(3) d(15) d(9) a(6,8) d(5) d(4)
15; d(14) a(2,16) a(12,17) d(13) d(4) d(3) a(1,1) d(2) d(1)
16; d(11) d(2) a(13,12) r(13,10) a(6,15) d(14) r(12,17) r(4,6) r(3,14) r(1,13)
17; d(11) d(2) r(13,5) d(2) r(10,8) d(14) r(9,6) a(4,15) d(6) r(5,13) d(3)
18; d(11) d(2) a(13,12) r(13,10) a(6,15) d(14) a(10,9) a(4,4) a(13,16) r(10,11) r(10,8) d(5) r(1,13) a(9,15) r(9,17) d(8) d(3) r(4,16)
19; d(14) d(5) r(15,2) r(11,17) d(6) d(15) d(10) r(9,3)
20; d(11) d(2) a(13,12) r(13,10) a(6,15) d(14) a(10,9) a(4,4) d(6) d(15) d(10) a(4,6)
21; d(14) d(5) r(15,2) r(11,17) a(13,16) r(10,11) r(10,8) d(5) r(1,13) a(9,15) r(9,17) d(8) d(3) a(2,14)
22; d(11) d(2) d(13) a(4,8) d(9) a(13,12) r(1,17) d(3) d(15) d(9) a(6,8) d(5) r(8,2) a(6,15) d(14) r(12,17) r(4,6) r(3,14) r(1,13)
23; d(11) d(2) a(13,12) r(13,10) d(4)
24; d(11) d(2) d(13) a(4,8) d(9) a(13,12) r(1,17) d(3) d(15) d(9) a(6,8) d(5) r(8,2) r(4,14)
25; d(11) d(2) a(13,12) r(13,10) a(6,15) d(14) r(12,17) r(4,6) r(3,14) r(1,13)
26; d(14) a(2,16) a(12,17) d(13) d(4) d(3) d(10) d(15) d(1) r(9,16) a(3,9) r(2,14)
27; d(13) d(2) r(4,14) a(1,17) d(1) d(3)
28; d(11) d(2) d(9) d(1)
29; d(5) a(13,12) a(4,13) d(13) a(4,12) d(11) r(2,12) d(12) r(10,8) d(5) r(1,13) a(9,15) r(9,17) d(8) d(4) d(3)
30; d(11) d(2) r(10,8) d(5) r(1,13) a(9,15) r(9,17) d(8) d(4) r(3,17)
31; d(5) a(13,12) a(4,13) d(13) a(4,12) d(11) r(2,12) d(12) d(9) a(4,17)
32; d(11) d(2) d(1) r(4,10)
33; d(14) a(2,16) a(12,17) d(13) d(4) d(3) a(1,1) d(2) r(10,8) d(5) r(1,13) a(9,15) r(9,17) d(8) d(4)
34; d(11) d(2) r(10,8) d(5) r(1,13) a(9,15) r(9,17) d(8) d(4) a(3,12)
35; d(14) a(2,16) a(12,17) d(13) d(4) d(3) a(1,1) d(2) d(1)
36; d(5) a(13,12) r(2,6) a(14,12) d(15) d(9) a(6,8) r(1,17) a(8,5) a(4,12)
37; d(11) d(2) r(10,8) d(5) r(9,15) d(3) r(4,3)
38; d(5) a(13,12) d(10) d(15) d(1) r(9,16) a(3,9) d(8) d(2) r(4,3)
39; d(5) a(13,12) d(10) d(15) d(1) r(9,16) a(3,9) d(8) d(2) a(3,6)
40; d(5) a(13,12) r(2,6) d(13) d(3) d(15)
41; d(13) r(2,14) d(8) d(8) d(4) r(1,6) r(3,13)
42; d(13) r(2,14) d(8) d(5) r(1,13) a(12,17) a(10,9) a(4,4) d(6) d(15) r(3,16) a(11,12)
43; d(13) r(2,14) d(8) r(10,11) a(14,12) d(15) d(9) r(13,10) a(6,15) d(14) d(13) d(4) d(3) a(1,1) d(2) a(1,6)
44; d(13) r(2,14) d(8) d(5) r(1,13) a(12,17) d(13) d(4) d(3) a(1,1) d(2)
45; d(13) r(2,14) d(8) r(10,11) a(14,12) d(15) d(9) r(13,10) a(6,15) d(14) a(10,9) a(4,4) d(6) d(15) r(3,16) a(1,1)
46; d(13) r(2,14) d(8) d(8) d(4) r(1,6) r(3,13)
47; d(13) r(2,14) d(8) r(10,11) a(14,12) d(15) d(9) a(6,8) r(1,17) d(4) d(3)
48; d(13) r(2,14) d(8) r(10,11) a(14,12) d(15) d(9) a(6,8) d(5) a(1,13) a(4,6)
49; d(13) r(2,14) d(8) d(8) d(4) r(1,6) r(14,6) d(3)
50; d(14) d(5) r(15,2) r(11,17) a(13,16) r(10,11) r(10,8) d(5) r(1,13) a(9,15) r(9,17) d(8) d(3) r(2,8)
51; d(13) r(2,14) d(8) d(5) r(1,13) a(4,12) d(12) r(3,2) d(15) a(11,4) d(10)
52; d(5) a(9,3) r(13,12) a(9,16) d(6) a(5,4) a(8,17) d(5) r(1,13) a(9,15) r(9,17) d(8) d(4) d(2)
53; d(11) d(2) r(10,8) d(3) a(14,8) d(4)
54; d(5) a(9,3) r(13,12) a(9,16) d(6) a(5,4) a(8,17) d(3) a(14,8) a(15,3)
55; d(11) d(2) r(10,8) d(5) r(1,13) a(9,15) r(9,17) d(8) d(4) r(3,17)
56; d(13) r(2,14) d(8) d(8) d(4) r(1,6) r(3,13)
57; d(11) d(2) r(13,5) d(2) r(10,8) d(14) r(9,6) a(4,15) d(6) r(5,13) a(1,6)
--------------------------------------------------------------------------------
Evaluation

0; 0.
1; 0.
2; 0.
3; 0.
4; 0.
5; 0.
6; 0.
7; 0.
8; 1.
9; 0.
10; 0.
11; 0.
12; 0.
13; 0.
14; 0.
15; 0.
16; 0.
17; 0.
18; 0.
19; 0.
20; 0.
21; 0.
22; 0.
23; 0.
24; 0.
25; 0.
26; 0.
27; 0.
28; 0.
29; 0.
30; 0.
31; 0.
32; 0.
33; 0.
34; 0.
35; 0.
36; 0.
37; 0.
38; 0.
39; 0.
40; 0.
41; 0.
42; 0.
43; 0.
44; 0.
45; 0.
46; 0.
47; 0.
48; 0.
49; 0.
50; 0.
51; 0.
52; 0.
53; 0.
54; 0.
55; 0.
56; 0.
57; 0.
================================================================================
Generation 10

--------------------------------------------------------------------------------
Selection

0; 9
1; 57
2; 52
3; 25
4; 37
5; 34
6; 50
7; 41
8; 50
9; 19
10; 39
11; 13
12; 35
13; 25
14; 44
15; 11
16; 13
17; 23
18; 32
19; 45
20; 28
21; 43
22; 14
23; 46
24; 23
25; 5
26; 11
27; 12
28; 3
29; 47
30; 50
31; 19
32; 17
33; 23
34; 52
35; 51
36; 28
37; 43
38; 2
39; 40
--------------------------------------------------------------------------------
Crossover

0; 25; d(11) d(2) a(13,12) r(13,10) a(6,15) d(14) r(12,17) r(4,6) r(3,14) r(1,13)
1; 2; d(13) r(2,14) d(8) d(8) d(4) d(3) d(1)
2; 51; d(13) r(2,14) d(8) d(5) r(1,13) a(4,12) d(12) r(3,2) d(15) a(11,4) d(10)
3; 23; d(11) d(2) a(13,12) r(13,10) d(4)
4; 45; d(13) r(2,14) d(8) r(10,11) a(14,12) d(15) d(9) r(13,10) a(6,15) d(14) a(10,9) a(4,4) d(6) d(15) r(3,16) a(1,1)
5; 50; d(14) d(5) r(15,2) r(11,17) a(13,16) r(10,11) r(10,8) d(5) r(1,13) a(9,15) r(9,17) d(8) d(3) r(2,8)
6; 17, 44; d(11) d(2) r(13,5) d(2) r(10,8) d(14) r(9,6) a(4,15) d(6) r(5,13) a(12,17) d(13) d(4) d(3) a(1,1) d(2)
7; 17, 44; d(13) r(2,14) d(8) d(5) r(1,13) d(3)
8; 17; d(11) d(2) r(13,5) d(2) r(10,8) d(14) r(9,6) a(4,15) d(6) r(5,13) d(3)
9; 44; d(13) r(2,14) d(8) d(5) r(1,13) a(12,17) d(13) d(4) d(3) a(1,1) d(2)
10; 13, 9; d(5) d(1) d(4) r(1,6) r(3,13) r(2,10)
11; 13, 9; d(14) a(2,16) a(12,17) a(13,15) r(10,8) d(5) r(1,13) a(9,15) a(8,2) a(13,12) d(10) d(15) a(9,3) r(13,12) a(9,16) d(6) a(5,4) a(8,17) r(14,6) d(2) r(1,17)
12; 13; d(5) a(9,3) r(13,12) a(9,16) d(6) a(5,4) a(8,17) r(14,6) d(2) r(1,17)
13; 9; d(14) a(2,16) a(12,17) a(13,15) r(10,8) d(5) r(1,13) a(9,15) a(8,2) a(13,12) d(10) d(15) d(1) d(4) r(1,6) r(3,13) r(2,10)
14; 34, 52; d(11) d(2) r(10,8) d(5) r(1,13) a(9,15) r(9,17) d(8) d(5) r(1,13) a(9,15) r(9,17) d(8) d(4) d(2)
15; 34, 52; d(5) a(9,3) r(13,12) a(9,16) d(6) a(5,4) a(8,17) d(4) a(3,12)
16; 34; d(11) d(2) r(10,8) d(5) r(1,13) a(9,15) r(9,17) d(8) d(4) a(3,12)
17; 52; d(5) a(9,3) r(13,12) a(9,16) d(6) a(5,4) a(8,17) d(5) r(1,13) a(9,15) r(9,17) d(8) d(4) d(2)
18; 23; d(11) d(2) a(13,12) r(13,10) d(4)
19; 43; d(13) r(2,14) d(8) r(10,11) a(14,12) d(15) d(9) r(13,10) a(6,15) d(14) d(13) d(4) d(3) a(1,1) d(2) a(1,6)
20; 11, 28; d(14) a(2,16) a(12,17) a(13,15)
21; 11, 28; d(11) d(2) d(9) d(1) r(10,8) d(5) r(1,13) a(9,15) a(8,2) a(13,12) d(10) d(15) d(1) r(9,16) a(3,9) d(4) r(3,2) a(2,11)
22; 11; d(14) a(2,16) a(12,17) a(13,15) r(10,8) d(5) r(1,13) a(9,15) a(8,2) a(13,12) d(10) d(15) d(1) r(9,16) a(3,9) d(4) r(3,2) a(2,11)
23; 28; d(11) d(2) d(9) d(1)
24; 5; d(13) r(2,14) d(8) d(8) d(4) d(8) r(1,17) r(12,17) r(4,6) r(3,14)
25; 47; d(13) r(2,14) d(8) r(10,11) a(14,12) d(15) d(9) a(6,8) r(1,17) d(4) d(3)
26; 57, 14; d(11) d(2) r(13,5) d(2) r(10,8) d(14) d(4)
27; 57, 14; d(11) d(2) d(13) a(4,8) d(9) a(13,12) r(1,17) d(3) d(15) d(9) a(6,8) d(5) r(9,6) a(4,15) d(6) r(5,13) a(1,6)
28; 57; d(11) d(2) r(13,5) d(2) r(10,8) d(14) r(9,6) a(4,15) d(6) r(5,13) a(1,6)
29; 14; d(11) d(2) d(13) a(4,8) d(9) a(13,12) r(1,17) d(3) d(15) d(9) a(6,8) d(5) d(4)
30; 40; d(5) a(13,12) r(2,6) d(13) d(3) d(15)
31; 13; d(5) a(9,3) r(13,12) a(9,16) d(6) a(5,4) a(8,17) r(14,6) d(2) r(1,17)
32; 50; d(14) d(5) r(15,2) r(11,17) a(13,16) r(10,11) r(10,8) d(5) r(1,13) a(9,15) r(9,17) d(8) d(3) r(2,8)
33; 12; d(13) r(2,14) d(8) r(1,17) r(12,17) r(4,6) r(3,14)
34; 11; d(14) a(2,16) a(12,17) a(13,15) r(10,8) d(5) r(1,13) a(9,15) a(8,2) a(13,12) d(10) d(15) d(1) r(9,16) a(3,9) d(4) r(3,2) a(2,11)
35; 52; d(5) a(9,3) r(13,12) a(9,16) d(6) a(5,4) a(8,17) d(5) r(1,13) a(9,15) r(9,17) d(8) d(4) d(2)
36; 37, 43; d(11) d(2) d(13) d(4) d(3) a(1,1) d(2) a(1,6)
37; 37, 43; d(13) r(2,14) d(8) r(10,11) a(14,12) d(15) d(9) r(13,10) a(6,15) d(14) r(10,8) d(5) r(9,15) d(3) r(4,3)
38; 37; d(11) d(2) r(10,8) d(5) r(9,15) d(3) r(4,3)
39; 43; d(13) r(2,14) d(8) r(10,11) a(14,12) d(15) d(9) r(13,10) a(6,15) d(14) d(13) d(4) d(3) a(1,1) d(2) a(1,6)
40; 32, 19; d(11) d(2) d(1) r(4,10)
41; 32, 19; d(14) d(5) r(15,2) r(11,17) d(6) d(15) d(10) r(9,3)
42; 32; d(11) d(2) d(1) r(4,10)
43; 19; d(14) d(5) r(15,2) r(11,17) d(6) d(15) d(10) r(9,3)
44; 25, 19; d(11) d(2) a(13,12) r(13,10) a(6,15) d(14) r(12,17) r(4,6) d(15) d(10) r(9,3)
45; 25, 19; d(14) d(5) r(15,2) r(11,17) d(6) r(3,14) r(1,13)
46; 25; d(11) d(2) a(13,12) r(13,10) a(6,15) d(14) r(12,17) r(4,6) r(3,14) r(1,13)
47; 19; d(14) d(5) r(15,2) r(11,17) d(6) d(15) d(10) r(9,3)
48; 46; d(13) r(2,14) d(8) d(8) d(4) r(1,6) r(3,13)
49; 28; d(11) d(2) d(9) d(1)
50; 35; d(14) a(2,16) a(12,17) d(13) d(4) d(3) a(1,1) d(2) d(1)
51; 39; d(5) a(13,12) d(10) d(15) d(1) r(9,16) a(3,9) d(8) d(2) a(3,6)
52; 41, 23; d(13)
53; 41, 23; d(11) d(2) a(13,12) r(13,10) d(4) r(2,14) d(8) d(8) d(4) r(1,6) r(3,13)
54; 41; d(13) r(2,14) d(8) d(8) d(4) r(1,6) r(3,13)
55; 23; d(11) d(2) a(13,12) r(13,10) d(4)
56; 3; d(11) d(2) r(10,8) d(5) r(1,13) a(9,15) r(9,17) d(8) d(4) r(3,10)
57; 50; d(14) d(5) r(15,2) r(11,17) a(13,16) r(10,11) r(10,8) d(5) r(1,13) a(9,15) r(9,17) d(8) d(3) r(2,8)
--------------------------------------------------------------------------------
Mutation

0; d(11) d(2) a(13,12) r(13,10) a(6,15) d(14) r(12,17) r(4,6) r(3,14) r(1,13)
1; d(13) r(2,14) d(8) d(8) d(4) d(3) d(1)
2; d(13) r(2,14) d(8) d(5) r(1,13) a(4,12) d(12) r(3,2) d(15) a(11,4) d(10) d(9)
3; d(11) d(2) a(13,12) r(13,10) d(4) a(1,17)
4; d(13) r(2,14) d(8) r(10,11) a(14,12) d(15) d(9) r(13,10) a(6,15) d(14) a(10,9) a(4,4) d(6) d(15) r(3,16) a(1,1) a(1,17)
5; d(14) d(5) r(15,2) r(11,17) a(13,16) r(10,11) r(10,8) d(5) r(1,13) a(9,15) r(9,17) d(8) d(3) r(2,8) r(4,6)
6; d(11) d(2) r(13,5) d(2) r(10,8) d(14) r(9,6) a(4,15) d(6) r(5,13) a(12,17) d(13) d(4) d(3) a(1,1) d(2) r(1,17)
7; d(13) r(2,14) d(8) d(5) r(1,13) d(3) d(10)
8; d(11) d(2) r(13,5) d(2) r(10,8) d(14) r(9,6) a(4,15) d(6) r(5,13) d(3) d(8)
9; d(13) r(2,14) d(8) d(5) r(1,13) a(12,17) d(13) d(4) d(3) a(1,1) d(2)
10; d(5) d(1) d(4) r(1,6) r(3,13) r(2,10)
11; d(14) a(2,16) a(12,17) a(13,15) r(10,8) d(5) r(1,13) a(9,15) a(8,2) a(13,12) d(10) d(15) a(9,3) r(13,12) a(9,16) d(6) a(5,4) a(8,17) r(14,6) d(2) r(1,17) d(9)
12; d(5) a(9,3) r(13,12) a(9,16) d(6) a(5,4) a(8,17) r(14,6) d(2) r(1,17) a(4,14)
13; d(14) a(2,16) a(12,17) a(13,15) r(10,8) d(5) r(1,13) a(9,15) a(8,2) a(13,12) d(10) d(15) d(1) d(4) r(1,6) r(3,13) r(2,10)
14; d(11) d(2) r(10,8) d(5) r(1,13) a(9,15) r(9,17) d(8) d(5) r(1,13) a(9,15) r(9,17) d(8) d(4) d(2) r(3,9)
15; d(5) a(9,3) r(13,12) a(9,16) d(6) a(5,4) a(8,17) d(4) a(3,12) a(1,13)
16; d(11) d(2) r(10,8) d(5) r(1,13) a(9,15) r(9,17) d(8) d(4) a(3,12) d(3)
17; d(5) a(9,3) r(13,12) a(9,16) d(6) a(5,4) a(8,17) d(5) r(1,13) a(9,15) r(9,17) d(8) d(4) d(2) r(3,17)
18; d(11) d(2) a(13,12) r(13,10) d(4) d(1)
19; d(13) r(2,14) d(8) r(10,11) a(14,12) d(15) d(9) r(13,10) a(6,15) d(14) d(13) d(4) d(3) a(1,1) d(2) a(1,6) a(1,17)
20; d(14) a(2,16) a(12,17) a(13,15) d(13)
21; d(11) d(2) d(9) d(1) r(10,8) d(5) r(1,13) a(9,15) a(8,2) a(13,12) d(10) d(15) d(1) r(9,16) a(3,9) d(4) r(3,2) a(2,11)
22; d(14) a(2,16) a(12,17) a(13,15) r(10,8) d(5) r(1,13) a(9,15) a(8,2) a(13,12) d(10) d(15) d(1) r(9,16) a(3,9) d(4) r(3,2) a(2,11) d(2)
23; d(11) d(2) d(9) d(1) a(5,13)
24; d(13) r(2,14) d(8) d(8) d(4) d(8) r(1,17) r(12,17) r(4,6) r(3,14)
25; d(13) r(2,14) d(8) r(10,11) a(14,12) d(15) d(9) a(6,8) r(1,17) d(4) d(3)
26; d(11) d(2) r(13,5) d(2) r(10,8) d(14) d(4) r(3,2)
27; d(11) d(2) d(13) a(4,8) d(9) a(13,12) r(1,17) d(3) d(15) d(9) a(6,8) d(5) r(9,6) a(4,15) d(6) r(5,13) a(1,6) r(8,3)
28; d(11) d(2) r(13,5) d(2) r(10,8) d(14) r(9,6) a(4,15) d(6) r(5,13) a(1,6) r(4,9)
29; d(11) d(2) d(13) a(4,8) d(9) a(13,12) r(1,17) d(3) d(15) d(9) a(6,8) d(5) d(4)
30; d(5) a(13,12) r(2,6) d(13) d(3) d(15) r(9,17)
31; d(5) a(9,3) r(13,12) a(9,16) d(6) a(5,4) a(8,17) r(14,6) d(2) r(1,17) r(10,15)
32; d(14) d(5) r(15,2) r(11,17) a(13,16) r(10,11) r(10,8) d(5) r(1,13) a(9,15) r(9,17) d(8) d(3) r(2,8) a(4,6)
33; d(13) r(2,14) d(8) r(1,17) r(12,17) r(4,6) r(3,14)
34; d(14) a(2,16) a(12,17) a(13,15) r(10,8) d(5) r(1,13) a(9,15) a(8,2) a(13,12) d(10) d(15) d(1) r(9,16) a(3,9) d(4) r(3,2) a(2,11) r(2,13)
35; d(5) a(9,3) r(13,12) a(9,16) d(6) a(5,4) a(8,17) d(5) r(1,13) a(9,15) r(9,17) d(8) d(4) d(2) a(3,10)
36; d(11) d(2) d(13) d(4) d(3) a(1,1) d(2) a(1,6) d(1)
37; d(13) r(2,14) d(8) r(10,11) a(14,12) d(15) d(9) r(13,10) a(6,15) d(14) r(10,8) d(5) r(9,15) d(3) r(4,3) r(1,6)
38; d(11) d(2) r(10,8) d(5) r(9,15) d(3) r(4,3) d(1)
39; d(13) r(2,14) d(8) r(10,11) a(14,12) d(15) d(9) r(13,10) a(6,15) d(14) d(13) d(4) d(3) a(1,1) d(2) a(1,6) r(1,13)
40; d(11) d(2) d(1) r(4,10) a(3,3)
41; d(14) d(5) r(15,2) r(11,17) d(6) d(15) d(10) r(9,3) d(4)
42; d(11) d(2) d(1) r(4,10) d(3)
43; d(14) d(5) r(15,2) r(11,17) d(6) d(15) d(10) r(9,3) d(1)
44; d(11) d(2) a(13,12) r(13,10) a(6,15) d(14) r(12,17) r(4,6) d(15) d(10) r(9,3) r(3,4)
45; d(14) d(5) r(15,2) r(11,17) d(6) r(3,14) r(1,13) a(13,2)
46; d(11) d(2) a(13,12) r(13,10) a(6,15) d(14) r(12,17) r(4,6) r(3,14) r(1,13)
47; d(14) d(5) r(15,2) r(11,17) d(6) d(15) d(10) r(9,3) r(3,2)
48; d(13) r(2,14) d(8) d(8) d(4) r(1,6) r(3,13)
49; d(11) d(2) d(9) d(1) a(3,13)
50; d(14) a(2,16) a(12,17) d(13) d(4) d(3) a(1,1) d(2) d(1)
51; d(5) a(13,12) d(10) d(15) d(1) r(9,16) a(3,9) d(8) d(2) a(3,6) r(3,17)
52; d(13) d(10)
53; d(11) d(2) a(13,12) r(13,10) d(4) r(2,14) d(8) d(8) d(4) r(1,6) r(3,13)
54; d(13) r(2,14) d(8) d(8) d(4) r(1,6) r(3,13)
55; d(11) d(2) a(13,12) r(13,10) d(4) a(1,13)
56; d(11) d(2) r(10,8) d(5) r(1,13) a(9,15) r(9,17) d(8) d(4) r(3,10)
57; d(14) d(5) r(15,2) r(11,17) a(13,16) r(10,11) r(10,8) d(5) r(1,13) a(9,15) r(9,17) d(8) d(3) r(2,8) a(4,6)
--------------------------------------------------------------------------------
Evaluation

0; 0.
1; 0.
2; 0.
3; 0.
4; 0.
5; 0.
6; 0.
7; 0.
8; 0.
9; 0.
10; 0.
11; 0.
12; 0.
13; 0.
14; 0.
15; 1.
16; 0.
17; 0.
18; 0.
19; 0.
20; 0.
21; 1.
22; 0.
23; 0.
24; 0.
25; 0.
26; 13.
27; 0.
28; 0.
29; 0.
30; 0.
31; 0.
32; 0.
33; 0.
34; 0.
35; 0.
36; 0.
37; 0.
38; 0.
39; 0.
40; 0.
41; 13.
42; 0.
43; 0.
44; 0.
45; 0.
46; 0.
47; 0.
48; 0.
49; 0.
50; 0.
51; 0.
52; 4.
53; 0.
54; 0.
55; 0.
56; 0.
57; 0.
