================================================================================
Enclosure

1: 0
2: 0
3: 0
4: 0
5: 4
6: 5
8: 4
9: 4
10: 9
11: 10
12: 10
13: 10
14: 9
15: 9
16: 0
17: 0
================================================================================
Initialisation

0; r(13,10); 18.
1; a(1,1); 18.
2; d(4); 13.
3; r(13,10); 18.
4; a(3,4); 18.
5; d(13); 18.
6; d(2); 0.
7; d(15); 5.
8; a(2,2); 18.
9; a(14,17); 5.
10; r(13,9); 18.
11; d(10); 4.
12; a(13,13); 18.
13; d(1); 42.
14; r(3,17); 0.
15; a(13,12); 18.
16; a(13,9); 18.
17; a(13,14); 54.
18; a(13,12); 18.
19; r(9,5); 4.
20; a(6,8); 18.
21; d(13); 18.
22; r(3,9); 1.
23; r(8,5); 13.
24; a(13,11); 54.
25; d(3); 13.
26; d(4); 13.
27; d(8); 13.
28; a(13,11); 54.
29; r(11,14); 13.
30; a(13,9); 18.
31; r(13,9); 18.
32; a(1,1); 18.
33; d(5); 0.
34; d(4); 13.
35; d(2); 0.
36; d(13); 18.
37; a(13,9); 18.
38; a(13,4); 18.
39; original; 18.
================================================================================
Generation 1

--------------------------------------------------------------------------------
Selection

0; 27
1; 15
2; 14
3; 7
4; 26
5; 36
6; 34
7; 19
8; 6
9; 22
10; 19
11; 38
12; 6
13; 8
14; 18
15; 25
16; 9
17; 33
18; 14
19; 34
20; 0
21; 31
22; 15
23; 34
24; 22
25; 26
26; 14
27; 22
28; 22
29; 33
30; 34
31; 25
32; 7
33; 0
34; 11
35; 18
36; 11
37; 33
38; 12
39; 15
--------------------------------------------------------------------------------
Crossover

0; 34; d(4)
1; 36; d(13)
2; 34, 22; d(4)
3; 34, 22; r(3,9)
4; 34; d(4)
5; 22; r(3,9)
6; 15, 15; a(13,12)
7; 15, 15; a(13,12)
8; 15; a(13,12)
9; 15; a(13,12)
10; 0, 6; r(13,10)
11; 0, 6; d(2)
12; 0; r(13,10)
13; 6; d(2)
14; 19; r(9,5)
15; 15; a(13,12)
16; 33, 18; d(5)
17; 33, 18; a(13,12)
18; 33; d(5)
19; 18; a(13,12)
20; 11, 22; d(10)
21; 11, 22; r(3,9)
22; 11; d(10)
23; 22; r(3,9)
24; 8, 11; a(2,2)
25; 8, 11; d(10)
26; 8; a(2,2)
27; 11; d(10)
28; 31, 27; r(13,9)
29; 31, 27; d(8)
30; 31; r(13,9)
31; 27; d(8)
32; 12; a(13,13)
33; 25; d(3)
34; 14; r(3,17)
35; 22; r(3,9)
36; 38; a(13,4)
37; 0; r(13,10)
38; 19; r(9,5)
39; 6; d(2)
40; 26, 25; d(4)
41; 26, 25; d(3)
42; 26; d(4)
43; 25; d(3)
44; 22; r(3,9)
45; 34; d(4)
46; 7; d(15)
47; 33; d(5)
48; 14, 33; r(3,17)
49; 14, 33; d(5)
50; 14; r(3,17)
51; 33; d(5)
52; 7; d(15)
53; 34; d(4)
54; 9; a(14,17)
55; 14; r(3,17)
56; 18, 26; a(13,12)
57; 18, 26; d(4)
58; 18; a(13,12)
59; 26; d(4)
--------------------------------------------------------------------------------
Mutation

0; d(4) r(1,17)
1; d(13) a(12,3)
2; d(4) a(1,6)
3; r(3,9) a(13,16)
4; d(4) r(2,4)
5; r(3,9) a(13,3)
6; a(13,12) r(1,6)
7; a(13,12) r(12,2)
8; a(13,12) a(13,11)
9; a(13,12) d(8)
10; r(13,10) a(10,5)
11; d(2) d(13)
12; r(13,10) r(15,11)
13; d(2) d(13)
14; r(9,5) r(1,17)
15; a(13,12) r(13,5)
16; d(5) r(9,13)
17; a(13,12) d(13)
18; d(5) d(11)
19; a(13,12) a(13,13)
20; d(10) d(14)
21; r(3,9) r(9,4)
22; d(10) r(5,15)
23; r(3,9) a(13,12)
24; a(2,2) r(10,8)
25; d(10) r(1,17)
26; a(2,2) a(6,4)
27; d(10) a(6,16)
28; r(13,9) a(3,12)
29; d(8) d(5)
30; r(13,9) d(9)
31; d(8) a(13,15)
32; a(13,13) r(12,5)
33; d(3) r(10,11)
34; r(3,17) a(14,6)
35; r(3,9) r(10,6)
36; a(13,4) r(1,6)
37; r(13,10) d(1)
38; r(9,5) a(4,4)
39; d(2) d(6)
40; d(4) d(3)
41; d(3) a(1,6)
42; d(4) d(2)
43; d(3) r(13,8)
44; r(3,9) r(10,17)
45; d(4) d(1)
46; d(15) a(8,4)
47; d(5) d(13)
48; r(3,17) d(1)
49; d(5) d(13)
50; r(3,17) a(13,9)
51; d(5) a(12,12)
52; d(15) r(13,5)
53; d(4) a(3,10)
54; a(14,17) d(6)
55; r(3,17) d(13)
56; a(13,12) d(13)
57; d(4) d(3)
58; a(13,12) r(13,5)
59; d(4) a(3,12)
--------------------------------------------------------------------------------
Evaluation

0; 13.
1; 4.
2; 13.
3; 1.
4; 0.
5; 1.
6; 42.
7; 4.
8; 18.
9; 13.
10; 18.
11; 0.
12; 5.
13; 0.
14; 4.
15; 18.
16; 0.
17; 18.
18; 0.
19; 18.
20; 4.
21; 1.
22; 0.
23; 1.
24; 4.
25; 13.
26; 8.
27; 4.
28; 0.
29; 0.
30; 4.
31; 13.
32; 4.
33; 13.
34; 0.
35; 1.
36; 42.
37; 42.
38; 4.
39; 0.
40; 13.
41; 13.
42; 0.
43; 13.
44; 1.
45; 13.
46; 18.
47; 0.
48; 0.
49; 0.
50; 0.
51; 0.
52; 5.
53; 14.
54; 5.
55; 0.
56; 18.
57; 13.
58; 18.
59; 1.
================================================================================
Generation 2

--------------------------------------------------------------------------------
Selection

0; 11
1; 21
2; 47
3; 26
4; 3
5; 38
6; 12
7; 39
8; 34
9; 13
10; 48
11; 50
12; 26
13; 26
14; 44
15; 34
16; 11
17; 1
18; 55
19; 59
20; 16
21; 39
22; 42
23; 48
24; 21
25; 5
26; 3
27; 23
28; 46
29; 3
30; 13
31; 41
32; 47
33; 13
34; 39
35; 42
36; 42
37; 55
38; 22
39; 14
--------------------------------------------------------------------------------
Crossover

0; 11; d(2) d(13)
1; 59; d(4) a(3,12)
2; 1; d(13) a(12,3)
3; 39; d(2) d(6)
4; 47, 55; d(5)
5; 47, 55; r(3,17) d(13) d(13)
6; 47; d(5) d(13)
7; 55; r(3,17) d(13)
8; 47; d(5) d(13)
9; 39; d(2) d(6)
10; 21; r(3,9) r(9,4)
11; 22; d(10) r(5,15)
12; 11, 41; d(2) d(13)
13; 11, 41; d(3) a(1,6)
14; 11; d(2) d(13)
15; 41; d(3) a(1,6)
16; 42; d(4) d(2)
17; 16; d(5) r(9,13)
18; 14, 46; r(9,5) r(1,17)
19; 14, 46; d(15) a(8,4)
20; 14; r(9,5) r(1,17)
21; 46; d(15) a(8,4)
22; 26; a(2,2) a(6,4)
23; 42; d(4) d(2)
24; 38; r(9,5) a(4,4)
25; 50; r(3,17) a(13,9)
26; 12; r(13,10) r(15,11)
27; 3; r(3,9) a(13,16)
28; 21, 3; r(3,9) a(13,16)
29; 21, 3; r(3,9) r(9,4)
30; 21; r(3,9) r(9,4)
31; 3; r(3,9) a(13,16)
32; 34; r(3,17) a(14,6)
33; 13; d(2) d(13)
34; 48; r(3,17) d(1)
35; 13; d(2) d(13)
36; 34, 23; r(3,17) a(14,6) a(13,12)
37; 34, 23; r(3,9)
38; 34; r(3,17) a(14,6)
39; 23; r(3,9) a(13,12)
40; 42, 26; d(4)
41; 42, 26; a(2,2) a(6,4) d(2)
42; 42; d(4) d(2)
43; 26; a(2,2) a(6,4)
44; 26, 48; a(2,2)
45; 26, 48; r(3,17) d(1) a(6,4)
46; 26; a(2,2) a(6,4)
47; 48; r(3,17) d(1)
48; 44; r(3,9) r(10,17)
49; 39; d(2) d(6)
50; 13, 55; d(2)
51; 13, 55; r(3,17) d(13) d(13)
52; 13; d(2) d(13)
53; 55; r(3,17) d(13)
54; 3, 5; r(3,9) a(13,16)
55; 3, 5; r(3,9) a(13,3)
56; 3; r(3,9) a(13,16)
57; 5; r(3,9) a(13,3)
--------------------------------------------------------------------------------
Mutation

0; d(2) d(13) d(4)
1; d(4) a(3,12) d(3)
2; d(13) a(12,3) d(15)
3; d(2) d(6) d(8)
4; d(5) d(3)
5; r(3,17) d(13) d(13) d(14)
6; d(5) d(13) d(10)
7; r(3,17) d(13) d(5)
8; d(5) d(13) d(9)
9; d(2) d(6) a(13,6)
10; r(3,9) r(9,4) d(2)
11; d(10) r(5,15) d(3)
12; d(2) d(13) a(5,16)
13; d(3) a(1,6) d(13)
14; d(2) d(13) r(6,4)
15; d(3) a(1,6) r(13,11)
16; d(4) d(2) d(1)
17; d(5) r(9,13) r(8,13)
18; r(9,5) r(1,17) a(8,13)
19; d(15) a(8,4) d(11)
20; r(9,5) r(1,17) r(2,11)
21; d(15) a(8,4) d(13)
22; a(2,2) a(6,4) r(3,4)
23; d(4) d(2) a(3,17)
24; r(9,5) a(4,4) d(4)
25; r(3,17) a(13,9) d(9)
26; r(13,10) r(15,11) d(3)
27; r(3,9) a(13,16) r(13,5)
28; r(3,9) a(13,16) r(13,12)
29; r(3,9) r(9,4) d(4)
30; r(3,9) r(9,4) d(5)
31; r(3,9) a(13,16) r(2,10)
32; r(3,17) a(14,6) r(13,15)
33; d(2) d(13) d(4)
34; r(3,17) d(1) r(11,14)
35; d(2) d(13) r(8,12)
36; r(3,17) a(14,6) a(13,12) d(4)
37; r(3,9) r(13,16)
38; r(3,17) a(14,6) d(8)
39; r(3,9) a(13,12) d(13)
40; d(4) r(3,10)
41; a(2,2) a(6,4) d(2) a(13,12)
42; d(4) d(2) d(1)
43; a(2,2) a(6,4) a(8,3)
44; a(2,2) r(10,11)
45; r(3,17) d(1) a(6,4) r(13,2)
46; a(2,2) a(6,4) d(9)
47; r(3,17) d(1) r(12,3)
48; r(3,9) r(10,17) r(14,12)
49; d(2) d(6) d(1)
50; d(2) r(13,9)
51; r(3,17) d(13) d(13) r(5,9)
52; d(2) d(13) r(4,2)
53; r(3,17) d(13) d(1)
54; r(3,9) a(13,16) d(13)
55; r(3,9) a(13,3) r(5,8)
56; r(3,9) a(13,16) r(4,3)
57; r(3,9) a(13,3) r(13,16)
--------------------------------------------------------------------------------
Evaluation

0; 0.
1; 1.
2; 5.
3; 0.
4; 0.
5; 0.
6; 0.
7; 0.
8; 0.
9; 0.
10; 0.
11; 0.
12; 0.
13; 13.
14; 0.
15; 13.
16; 0.
17; 0.
18; 4.
19; 18.
20; 0.
21; 18.
22; 13.
23; 0.
24; 18.
25; 0.
26; 13.
27; 1.
28; 1.
29; 1.
30; 0.
31; 0.
32; 0.
33; 0.
34; 0.
35; 0.
36; 0.
37; 1.
38; 0.
39; 1.
40; 13.
41; 4.
42; 0.
43; 4.
44; 13.
45; 0.
46; 18.
47; 0.
48; 1.
49; 0.
50; 0.
51; 0.
52; 13.
53; 0.
54; 1.
55; 0.
56; 1.
57; 1.
================================================================================
Generation 3

--------------------------------------------------------------------------------
Selection

0; 33
1; 33
2; 36
3; 6
4; 25
5; 57
6; 17
7; 5
8; 32
9; 15
10; 16
11; 25
12; 49
13; 50
14; 47
15; 30
16; 43
17; 17
18; 30
19; 50
20; 11
21; 49
22; 38
23; 10
24; 38
25; 51
26; 5
27; 12
28; 55
29; 45
30; 45
31; 20
32; 29
33; 10
34; 15
35; 30
36; 11
37; 31
38; 23
39; 51
--------------------------------------------------------------------------------
Crossover

0; 30; r(3,9) r(9,4) d(5)
1; 23; d(4) d(2) a(3,17)
2; 51; r(3,17) d(13) d(13) r(5,9)
3; 32; r(3,17) a(14,6) r(13,15)
4; 17, 49; d(5) d(1)
5; 17, 49; d(2) d(6) r(9,13) r(8,13)
6; 17; d(5) r(9,13) r(8,13)
7; 49; d(2) d(6) d(1)
8; 15, 20; d(3) a(1,6) r(13,11) r(2,11)
9; 15, 20; r(9,5) r(1,17)
10; 15; d(3) a(1,6) r(13,11)
11; 20; r(9,5) r(1,17) r(2,11)
12; 36, 6; r(3,17)
13; 36, 6; d(5) d(13) d(10) a(14,6) a(13,12) d(4)
14; 36; r(3,17) a(14,6) a(13,12) d(4)
15; 6; d(5) d(13) d(10)
16; 30, 5; r(3,9) r(9,4)
17; 30, 5; r(3,17) d(13) d(13) d(14) d(5)
18; 30; r(3,9) r(9,4) d(5)
19; 5; r(3,17) d(13) d(13) d(14)
20; 12, 5; d(2)
21; 12, 5; r(3,17) d(13) d(13) d(14) d(13) a(5,16)
22; 12; d(2) d(13) a(5,16)
23; 5; r(3,17) d(13) d(13) d(14)
24; 45; r(3,17) d(1) a(6,4) r(13,2)
25; 11; d(10) r(5,15) d(3)
26; 51, 33; r(3,17) d(13) d(13) r(5,9)
27; 51, 33; d(2) d(13) d(4)
28; 51; r(3,17) d(13) d(13) r(5,9)
29; 33; d(2) d(13) d(4)
30; 25; r(3,17) a(13,9) d(9)
31; 25; r(3,17) a(13,9) d(9)
32; 10; r(3,9) r(9,4) d(2)
33; 17; d(5) r(9,13) r(8,13)
34; 10; r(3,9) r(9,4) d(2)
35; 16; d(4) d(2) d(1)
36; 45, 55; r(3,17) d(1) r(5,8)
37; 45, 55; r(3,9) a(13,3) a(6,4) r(13,2)
38; 45; r(3,17) d(1) a(6,4) r(13,2)
39; 55; r(3,9) a(13,3) r(5,8)
40; 30, 15; r(3,9) r(9,4) a(1,6) r(13,11)
41; 30, 15; d(3) d(5)
42; 30; r(3,9) r(9,4) d(5)
43; 15; d(3) a(1,6) r(13,11)
44; 47; r(3,17) d(1) r(12,3)
45; 33; d(2) d(13) d(4)
46; 49; d(2) d(6) d(1)
47; 50; d(2) r(13,9)
48; 29; r(3,9) r(9,4) d(4)
49; 38; r(3,17) a(14,6) d(8)
50; 57; r(3,9) a(13,3) r(13,16)
51; 31; r(3,9) a(13,16) r(2,10)
52; 50; d(2) r(13,9)
53; 11; d(10) r(5,15) d(3)
54; 43; a(2,2) a(6,4) a(8,3)
55; 38; r(3,17) a(14,6) d(8)
--------------------------------------------------------------------------------
Mutation

0; r(3,9) r(9,4) d(5) d(8)
1; d(4) d(2) a(3,17) a(3,2)
2; r(3,17) d(13) d(13) r(5,9) d(14)
3; r(3,17) a(14,6) r(13,15) r(6,5)
4; d(5) d(1) d(13)
5; d(2) d(6) r(9,13) r(8,13) d(5)
6; d(5) r(9,13) r(8,13) d(3)
7; d(2) d(6) d(1) r(5,6)
8; d(3) a(1,6) r(13,11) r(2,11) d(6)
9; r(9,5) r(1,17) d(3)
10; d(3) a(1,6) r(13,11) a(15,15)
11; r(9,5) r(1,17) r(2,11) r(5,3)
12; r(3,17) a(8,13)
13; d(5) d(13) d(10) a(14,6) a(13,12) d(4) r(3,16)
14; r(3,17) a(14,6) a(13,12) d(4) d(1)
15; d(5) d(13) d(10) r(3,9)
16; r(3,9) r(9,4) a(8,10)
17; r(3,17) d(13) d(13) d(14) d(5) r(4,13)
18; r(3,9) r(9,4) d(5) d(4)
19; r(3,17) d(13) d(13) d(14) a(4,13)
20; d(2) r(13,3)
21; r(3,17) d(13) d(13) d(14) d(13) a(5,16) d(10)
22; d(2) d(13) a(5,16) r(5,14)
23; r(3,17) d(13) d(13) d(14) a(2,4)
24; r(3,17) d(1) a(6,4) r(13,2) r(5,10)
25; d(10) r(5,15) d(3) a(2,10)
26; r(3,17) d(13) d(13) r(5,9) r(8,4)
27; d(2) d(13) d(4) r(1,6)
28; r(3,17) d(13) d(13) r(5,9) r(8,12)
29; d(2) d(13) d(4) r(3,8)
30; r(3,17) a(13,9) d(9) r(6,3)
31; r(3,17) a(13,9) d(9) r(1,6)
32; r(3,9) r(9,4) d(2) r(4,17)
33; d(5) r(9,13) r(8,13) d(1)
34; r(3,9) r(9,4) d(2) d(8)
35; d(4) d(2) d(1) a(3,9)
36; r(3,17) d(1) r(5,8) a(11,4)
37; r(3,9) a(13,3) a(6,4) r(13,2) r(5,17)
38; r(3,17) d(1) a(6,4) r(13,2) a(10,11)
39; r(3,9) a(13,3) r(5,8) d(13)
40; r(3,9) r(9,4) a(1,6) r(13,11) d(5)
41; d(3) d(5) r(11,10)
42; r(3,9) r(9,4) d(5) d(2)
43; d(3) a(1,6) r(13,11) d(2)
44; r(3,17) d(1) r(12,3) d(4)
45; d(2) d(13) d(4) a(3,8)
46; d(2) d(6) d(1) r(13,15)
47; d(2) r(13,9) a(8,15)
48; r(3,9) r(9,4) d(4) d(2)
49; r(3,17) a(14,6) d(8) d(6)
50; r(3,9) a(13,3) r(13,16) r(1,13)
51; r(3,9) a(13,16) r(2,10) r(13,8)
52; d(2) r(13,9) d(14)
53; d(10) r(5,15) d(3) a(1,17)
54; a(2,2) a(6,4) a(8,3) r(5,6)
55; r(3,17) a(14,6) d(8) a(12,11)
--------------------------------------------------------------------------------
Evaluation

0; 0.
1; 0.
2; 0.
3; 0.
4; 0.
5; 0.
6; 0.
7; 0.
8; 0.
9; 13.
10; 13.
11; 0.
12; 0.
13; 0.
14; 0.
15; 0.
16; 1.
17; 0.
18; 1.
19; 0.
20; 0.
21; 0.
22; 0.
23; 0.
24; 0.
25; 0.
26; 0.
27; 0.
28; 0.
29; 0.
30; 0.
31; 0.
32; 0.
33; 0.
34; 0.
35; 0.
36; 0.
37; 0.
38; 0.
39; 0.
40; 0.
41; 0.
42; 0.
43; 0.
44; 0.
45; 0.
46; 0.
47; 0.
48; 0.
49; 0.
50; 1.
51; 0.
52; 0.
53; 0.
54; 0.
55; 0.
================================================================================
Generation 4

--------------------------------------------------------------------------------
Selection

0; 31
1; 33
2; 39
3; 49
4; 53
5; 48
6; 13
7; 1
8; 1
9; 36
10; 54
11; 29
12; 36
13; 24
14; 33
15; 51
16; 28
17; 35
18; 6
19; 32
20; 15
21; 28
22; 27
23; 26
24; 11
25; 19
26; 29
27; 26
28; 20
29; 25
30; 45
31; 29
32; 29
33; 37
34; 45
35; 35
36; 5
37; 28
38; 43
39; 52
--------------------------------------------------------------------------------
Crossover

0; 26, 27; r(3,17) r(1,6)
1; 26, 27; d(2) d(13) d(4) d(13) d(13) r(5,9) r(8,4)
2; 26; r(3,17) d(13) d(13) r(5,9) r(8,4)
3; 27; d(2) d(13) d(4) r(1,6)
4; 1; d(4) d(2) a(3,17) a(3,2)
5; 35; d(4) d(2) d(1) a(3,9)
6; 29, 49; d(2) d(13) d(4) d(8) d(6)
7; 29, 49; r(3,17) a(14,6) r(3,8)
8; 29; d(2) d(13) d(4) r(3,8)
9; 49; r(3,17) a(14,6) d(8) d(6)
10; 13; d(5) d(13) d(10) a(14,6) a(13,12) d(4) r(3,16)
11; 29; d(2) d(13) d(4) r(3,8)
12; 32; r(3,9) r(9,4) d(2) r(4,17)
13; 45; d(2) d(13) d(4) a(3,8)
14; 29, 1; d(2) d(13) d(4) r(3,8)
15; 29, 1; d(4) d(2) a(3,17) a(3,2)
16; 29; d(2) d(13) d(4) r(3,8)
17; 1; d(4) d(2) a(3,17) a(3,2)
18; 19; r(3,17) d(13) d(13) d(14) a(4,13)
19; 29; d(2) d(13) d(4) r(3,8)
20; 15, 11; d(5) d(13) d(10) r(3,9)
21; 15, 11; r(9,5) r(1,17) r(2,11) r(5,3)
22; 15; d(5) d(13) d(10) r(3,9)
23; 11; r(9,5) r(1,17) r(2,11) r(5,3)
24; 20, 53; d(2) r(13,3) d(3) a(1,17)
25; 20, 53; d(10) r(5,15)
26; 20; d(2) r(13,3)
27; 53; d(10) r(5,15) d(3) a(1,17)
28; 31, 39; r(3,17) a(13,9) d(9)
29; 31, 39; r(3,9) a(13,3) r(5,8) d(13) r(1,6)
30; 31; r(3,17) a(13,9) d(9) r(1,6)
31; 39; r(3,9) a(13,3) r(5,8) d(13)
32; 36; r(3,17) d(1) r(5,8) a(11,4)
33; 35; d(4) d(2) d(1) a(3,9)
34; 6, 43; d(5) d(2)
35; 6, 43; d(3) a(1,6) r(13,11) r(9,13) r(8,13) d(3)
36; 6; d(5) r(9,13) r(8,13) d(3)
37; 43; d(3) a(1,6) r(13,11) d(2)
38; 33; d(5) r(9,13) r(8,13) d(1)
39; 52; d(2) r(13,9) d(14)
40; 26, 45; r(3,17) d(13) d(13) a(3,8)
41; 26, 45; d(2) d(13) d(4) r(5,9) r(8,4)
42; 26; r(3,17) d(13) d(13) r(5,9) r(8,4)
43; 45; d(2) d(13) d(4) a(3,8)
44; 5, 25; d(2) d(6) r(9,13) r(8,13) r(5,15) d(3) a(2,10)
45; 5, 25; d(10) d(5)
46; 5; d(2) d(6) r(9,13) r(8,13) d(5)
47; 25; d(10) r(5,15) d(3) a(2,10)
48; 28; r(3,17) d(13) d(13) r(5,9) r(8,12)
49; 54; a(2,2) a(6,4) a(8,3) r(5,6)
50; 37, 28; r(3,9) r(5,9) r(8,12)
51; 37, 28; r(3,17) d(13) d(13) a(13,3) a(6,4) r(13,2) r(5,17)
52; 37; r(3,9) a(13,3) a(6,4) r(13,2) r(5,17)
53; 28; r(3,17) d(13) d(13) r(5,9) r(8,12)
54; 51; r(3,9) a(13,16) r(2,10) r(13,8)
55; 28; r(3,17) d(13) d(13) r(5,9) r(8,12)
56; 33, 36; d(5) d(1) r(5,8) a(11,4)
57; 33, 36; r(3,17) r(9,13) r(8,13) d(1)
58; 33; d(5) r(9,13) r(8,13) d(1)
59; 36; r(3,17) d(1) r(5,8) a(11,4)
60; 48; r(3,9) r(9,4) d(4) d(2)
61; 24; r(3,17) d(1) a(6,4) r(13,2) r(5,10)
--------------------------------------------------------------------------------
Mutation

0; r(3,17) r(1,6) r(8,11)
1; d(2) d(13) d(4) d(13) d(13) r(5,9) r(8,4) d(3)
2; r(3,17) d(13) d(13) r(5,9) r(8,4) a(12,13)
3; d(2) d(13) d(4) r(1,6) d(3)
4; d(4) d(2) a(3,17) a(3,2) d(3)
5; d(4) d(2) d(1) a(3,9) r(3,13)
6; d(2) d(13) d(4) d(8) d(6) r(3,6)
7; r(3,17) a(14,6) r(3,8) r(13,12)
8; d(2) d(13) d(4) r(3,8) d(1)
9; r(3,17) a(14,6) d(8) d(6) d(4)
10; d(5) d(13) d(10) a(14,6) a(13,12) d(4) r(3,16) a(1,17)
11; d(2) d(13) d(4) r(3,8) r(1,6)
12; r(3,9) r(9,4) d(2) r(4,17) r(1,6)
13; d(2) d(13) d(4) a(3,8) a(3,12)
14; d(2) d(13) d(4) r(3,8) a(1,13)
15; d(4) d(2) a(3,17) a(3,2) d(3)
16; d(2) d(13) d(4) r(3,8) a(1,17)
17; d(4) d(2) a(3,17) a(3,2) r(1,13)
18; r(3,17) d(13) d(13) d(14) a(4,13) a(5,3)
19; d(2) d(13) d(4) r(3,8) r(1,6)
20; d(5) d(13) d(10) r(3,9) d(2)
21; r(9,5) r(1,17) r(2,11) r(5,3) a(3,16)
22; d(5) d(13) d(10) r(3,9) d(1)
23; r(9,5) r(1,17) r(2,11) r(5,3) a(8,9)
24; d(2) r(13,3) d(3) a(1,17) d(12)
25; d(10) r(5,15) a(15,3)
26; d(2) r(13,3) a(10,16)
27; d(10) r(5,15) d(3) a(1,17) r(1,13)
28; r(3,17) a(13,9) d(9) a(6,12)
29; r(3,9) a(13,3) r(5,8) d(13) r(1,6) d(15)
30; r(3,17) a(13,9) d(9) r(1,6) r(2,16)
31; r(3,9) a(13,3) r(5,8) d(13) r(1,6)
32; r(3,17) d(1) r(5,8) a(11,4) r(13,3)
33; d(4) d(2) d(1) a(3,9) d(3)
34; d(5) d(2) r(10,16)
35; d(3) a(1,6) r(13,11) r(9,13) r(8,13) d(3) d(6)
36; d(5) r(9,13) r(8,13) d(3) r(4,11)
37; d(3) a(1,6) r(13,11) d(2) r(1,17)
38; d(5) r(9,13) r(8,13) d(1) r(3,14)
39; d(2) r(13,9) d(14) a(15,15)
40; r(3,17) d(13) d(13) a(3,8) r(10,15)
41; d(2) d(13) d(4) r(5,9) r(8,4) r(3,17)
42; r(3,17) d(13) d(13) r(5,9) r(8,4) d(14)
43; d(2) d(13) d(4) a(3,8) a(1,1)
44; d(2) d(6) r(9,13) r(8,13) r(5,15) d(3) a(2,10) a(4,11)
45; d(10) d(5) d(4)
46; d(2) d(6) r(9,13) r(8,13) d(5) r(3,2)
47; d(10) r(5,15) d(3) a(2,10) r(1,6)
48; r(3,17) d(13) d(13) r(5,9) r(8,12) r(2,3)
49; a(2,2) a(6,4) a(8,3) r(5,6) r(15,5)
50; r(3,9) r(5,9) r(8,12) d(13)
51; r(3,17) d(13) d(13) a(13,3) a(6,4) r(13,2) r(5,17) d(8)
52; r(3,9) a(13,3) a(6,4) r(13,2) r(5,17) r(11,12)
53; r(3,17) d(13) d(13) r(5,9) r(8,12) a(15,14)
54; r(3,9) a(13,16) r(2,10) r(13,8) d(4)
55; r(3,17) d(13) d(13) r(5,9) r(8,12) r(9,4)
56; d(5) d(1) r(5,8) a(11,4) r(13,12)
57; r(3,17) r(9,13) r(8,13) d(1) a(4,11)
58; d(5) r(9,13) r(8,13) d(1) d(2)
59; r(3,17) d(1) r(5,8) a(11,4) r(13,3)
60; r(3,9) r(9,4) d(4) d(2) r(1,6)
61; r(3,17) d(1) a(6,4) r(13,2) r(5,10) d(14)
--------------------------------------------------------------------------------
Evaluation

0; 0.
1; 0.
2; 0.
3; 0.
4; 0.
5; 0.
6; 0.
7; 0.
8; 0.
9; 0.
10; 0.
11; 0.
12; 0.
13; 0.
14; 0.
15; 0.
16; 0.
17; 0.
18; 0.
19; 0.
20; 0.
21; 0.
22; 0.
23; 0.
24; 0.
25; 0.
26; 0.
27; 0.
28; 0.
29; 0.
30; 0.
31; 0.
32; 0.
33; 0.
34; 0.
35; 13.
36; 13.
37; 0.
38; 0.
39; 0.
40; 0.
41; 0.
42; 0.
43; 0.
44; 0.
45; 13.
46; 0.
47; 0.
48; 0.
49; 1.
50; 0.
51; 0.
52; 0.
53; 0.
54; 0.
55; 0.
56; 0.
57; 0.
58; 0.
59; 0.
60; 0.
61; 0.
================================================================================
Generation 5

--------------------------------------------------------------------------------
Selection

0; 43
1; 9
2; 29
3; 20
4; 43
5; 30
6; 1
7; 29
8; 0
9; 22
10; 39
11; 55
12; 1
13; 12
14; 26
15; 39
16; 48
17; 2
18; 22
19; 31
20; 2
21; 10
22; 12
23; 6
24; 41
25; 59
26; 50
27; 2
28; 15
29; 55
30; 52
31; 60
32; 14
33; 13
34; 15
35; 34
36; 24
37; 20
38; 2
39; 33
--------------------------------------------------------------------------------
Crossover

0; 12; r(3,9) r(9,4) d(2) r(4,17) r(1,6)
1; 50; r(3,9) r(5,9) r(8,12) d(13)
2; 20, 55; d(5) d(13) d(10) r(3,9) d(2) r(9,4)
3; 20, 55; r(3,17) d(13) d(13) r(5,9) r(8,12)
4; 20; d(5) d(13) d(10) r(3,9) d(2)
5; 55; r(3,17) d(13) d(13) r(5,9) r(8,12) r(9,4)
6; 39; d(2) r(13,9) d(14) a(15,15)
7; 12; r(3,9) r(9,4) d(2) r(4,17) r(1,6)
8; 22, 43; d(5) d(4) a(3,8) a(1,1)
9; 22, 43; d(2) d(13) d(13) d(10) r(3,9) d(1)
10; 22; d(5) d(13) d(10) r(3,9) d(1)
11; 43; d(2) d(13) d(4) a(3,8) a(1,1)
12; 29; r(3,9) a(13,3) r(5,8) d(13) r(1,6) d(15)
13; 22; d(5) d(13) d(10) r(3,9) d(1)
14; 0, 13; r(3,17) r(1,6) r(8,11) d(4) a(3,8) a(3,12)
15; 0, 13; d(2) d(13)
16; 0; r(3,17) r(1,6) r(8,11)
17; 13; d(2) d(13) d(4) a(3,8) a(3,12)
18; 10; d(5) d(13) d(10) a(14,6) a(13,12) d(4) r(3,16) a(1,17)
19; 31; r(3,9) a(13,3) r(5,8) d(13) r(1,6)
20; 59; r(3,17) d(1) r(5,8) a(11,4) r(13,3)
21; 60; r(3,9) r(9,4) d(4) d(2) r(1,6)
22; 15, 34; d(4) d(2) r(10,16)
23; 15, 34; d(5) d(2) a(3,17) a(3,2) d(3)
24; 15; d(4) d(2) a(3,17) a(3,2) d(3)
25; 34; d(5) d(2) r(10,16)
26; 29; r(3,9) a(13,3) r(5,8) d(13) r(1,6) d(15)
27; 9; r(3,17) a(14,6) d(8) d(6) d(4)
28; 6; d(2) d(13) d(4) d(8) d(6) r(3,6)
29; 39; d(2) r(13,9) d(14) a(15,15)
30; 2; r(3,17) d(13) d(13) r(5,9) r(8,4) a(12,13)
31; 2; r(3,17) d(13) d(13) r(5,9) r(8,4) a(12,13)
32; 52, 48; r(3,9) a(13,3) r(8,12) r(2,3)
33; 52, 48; r(3,17) d(13) d(13) r(5,9) a(6,4) r(13,2) r(5,17) r(11,12)
34; 52; r(3,9) a(13,3) a(6,4) r(13,2) r(5,17) r(11,12)
35; 48; r(3,17) d(13) d(13) r(5,9) r(8,12) r(2,3)
36; 30, 1; r(3,17) a(13,9) d(9) r(1,6) r(2,16)
37; 30, 1; d(2) d(13) d(4) d(13) d(13) r(5,9) r(8,4) d(3)
38; 30; r(3,17) a(13,9) d(9) r(1,6) r(2,16)
39; 1; d(2) d(13) d(4) d(13) d(13) r(5,9) r(8,4) d(3)
40; 20, 14; d(5) d(13) d(10) r(3,9) a(1,13)
41; 20, 14; d(2) d(13) d(4) r(3,8) d(2)
42; 20; d(5) d(13) d(10) r(3,9) d(2)
43; 14; d(2) d(13) d(4) r(3,8) a(1,13)
44; 43; d(2) d(13) d(4) a(3,8) a(1,1)
45; 15; d(4) d(2) a(3,17) a(3,2) d(3)
46; 26, 24; d(2) r(13,3) d(3) a(1,17) d(12)
47; 26, 24; d(2) r(13,3) a(10,16)
48; 26; d(2) r(13,3) a(10,16)
49; 24; d(2) r(13,3) d(3) a(1,17) d(12)
50; 2, 41; r(3,17) d(13) d(13) r(8,4) r(3,17)
51; 2, 41; d(2) d(13) d(4) r(5,9) r(5,9) r(8,4) a(12,13)
52; 2; r(3,17) d(13) d(13) r(5,9) r(8,4) a(12,13)
53; 41; d(2) d(13) d(4) r(5,9) r(8,4) r(3,17)
54; 55, 33; r(3,17) d(13)
55; 55, 33; d(4) d(2) d(1) a(3,9) d(3) d(13) r(5,9) r(8,12) r(9,4)
56; 55; r(3,17) d(13) d(13) r(5,9) r(8,12) r(9,4)
57; 33; d(4) d(2) d(1) a(3,9) d(3)
58; 2; r(3,17) d(13) d(13) r(5,9) r(8,4) a(12,13)
59; 1; d(2) d(13) d(4) d(13) d(13) r(5,9) r(8,4) d(3)
--------------------------------------------------------------------------------
Mutation

0; r(3,9) r(9,4) d(2) r(4,17) r(1,6)
1; r(3,9) r(5,9) r(8,12) d(13) d(14)
2; d(5) d(13) d(10) r(3,9) d(2) r(9,4) d(1)
3; r(3,17) d(13) d(13) r(5,9) r(8,12) r(9,15)
4; d(5) d(13) d(10) r(3,9) d(2) a(8,6)
5; r(3,17) d(13) d(13) r(5,9) r(8,12) r(9,4) d(2)
6; d(2) r(13,9) d(14) a(15,15) d(8)
7; r(3,9) r(9,4) d(2) r(4,17) r(1,6)
8; d(5) d(4) a(3,8) a(1,1) a(1,13)
9; d(2) d(13) d(13) d(10) r(3,9) d(1) r(8,3)
10; d(5) d(13) d(10) r(3,9) d(1) d(8)
11; d(2) d(13) d(4) a(3,8) a(1,1) r(3,17)
12; r(3,9) a(13,3) r(5,8) d(13) r(1,6) d(15) r(14,13)
13; d(5) d(13) d(10) r(3,9) d(1) r(9,10)
14; r(3,17) r(1,6) r(8,11) d(4) a(3,8) a(3,12) a(2,6)
15; d(2) d(13) r(11,8)
16; r(3,17) r(1,6) r(8,11) a(11,12)
17; d(2) d(13) d(4) a(3,8) a(3,12) r(1,17)
18; d(5) d(13) d(10) a(14,6) a(13,12) d(4) r(3,16) a(1,17) d(2)
19; r(3,9) a(13,3) r(5,8) d(13) r(1,6) d(4)
20; r(3,17) d(1) r(5,8) a(11,4) r(13,3) r(12,15)
21; r(3,9) r(9,4) d(4) d(2) r(1,6)
22; d(4) d(2) r(10,16) r(3,10)
23; d(5) d(2) a(3,17) a(3,2) d(3) d(13)
24; d(4) d(2) a(3,17) a(3,2) d(3) a(1,13)
25; d(5) d(2) r(10,16) r(15,12)
26; r(3,9) a(13,3) r(5,8) d(13) r(1,6) d(15) d(14)
27; r(3,17) a(14,6) d(8) d(6) d(4) a(1,6)
28; d(2) d(13) d(4) d(8) d(6) r(3,6) d(1)
29; d(2) r(13,9) d(14) a(15,15) a(4,2)
30; r(3,17) d(13) d(13) r(5,9) r(8,4) a(12,13) a(11,4)
31; r(3,17) d(13) d(13) r(5,9) r(8,4) a(12,13) a(12,8)
32; r(3,9) a(13,3) r(8,12) r(2,3) d(13)
33; r(3,17) d(13) d(13) r(5,9) a(6,4) r(13,2) r(5,17) r(11,12) r(1,6)
34; r(3,9) a(13,3) a(6,4) r(13,2) r(5,17) r(11,12) a(15,10)
35; r(3,17) d(13) d(13) r(5,9) r(8,12) r(2,3) r(14,4)
36; r(3,17) a(13,9) d(9) r(1,6) r(2,16) d(6)
37; d(2) d(13) d(4) d(13) d(13) r(5,9) r(8,4) d(3) d(1)
38; r(3,17) a(13,9) d(9) r(1,6) r(2,16) r(4,2)
39; d(2) d(13) d(4) d(13) d(13) r(5,9) r(8,4) d(3) a(1,17)
40; d(5) d(13) d(10) r(3,9) a(1,13) a(8,16)
41; d(2) d(13) d(4) r(3,8) d(2) d(1)
42; d(5) d(13) d(10) r(3,9) d(2) a(15,3)
43; d(2) d(13) d(4) r(3,8) a(1,13) r(1,13)
44; d(2) d(13) d(4) a(3,8) a(1,1) d(1)
45; d(4) d(2) a(3,17) a(3,2) d(3) a(1,6)
46; d(2) r(13,3) d(3) a(1,17) d(12) a(15,2)
47; d(2) r(13,3) a(10,16) d(11)
48; d(2) r(13,3) a(10,16) r(12,8)
49; d(2) r(13,3) d(3) a(1,17) d(12) d(10)
50; r(3,17) d(13) d(13) r(8,4) r(3,17) d(14)
51; d(2) d(13) d(4) r(5,9) r(5,9) r(8,4) a(12,13) d(3)
52; r(3,17) d(13) d(13) r(5,9) r(8,4) a(12,13) d(9)
53; d(2) d(13) d(4) r(5,9) r(8,4) r(3,17) a(1,17)
54; r(3,17) d(13) d(15)
55; d(4) d(2) d(1) a(3,9) d(3) d(13) r(5,9) r(8,12) r(9,4)
56; r(3,17) d(13) d(13) r(5,9) r(8,12) r(9,4) a(1,17)
57; d(4) d(2) d(1) a(3,9) d(3)
58; r(3,17) d(13) d(13) r(5,9) r(8,4) a(12,13) a(2,8)
59; d(2) d(13) d(4) d(13) d(13) r(5,9) r(8,4) d(3) a(1,1)
--------------------------------------------------------------------------------
Evaluation

0; 0.
1; 0.
2; 0.
3; 0.
4; 0.
5; 0.
6; 0.
7; 0.
8; 13.
9; 0.
10; 0.
11; 0.
12; 0.
13; 0.
14; 0.
15; 0.
16; 0.
17; 0.
18; 0.
19; 1.
20; 0.
21; 0.
22; 0.
23; 0.
24; 0.
25; 0.
26; 0.
27; 0.
28; 0.
29; 4.
30; 0.
31; 0.
32; 0.
33; 0.
34; 0.
35; 0.
36; 0.
37; 0.
38; 0.
39; 0.
40; 0.
41; 0.
42; 0.
43; 0.
44; 0.
45; 0.
46; 0.
47; 0.
48; 0.
49; 0.
50; 0.
51; 0.
52; 0.
53; 0.
54; 0.
55; 0.
56; 0.
57; 0.
58; 0.
59; 0.
================================================================================
Generation 6

--------------------------------------------------------------------------------
Selection

0; 57
1; 20
2; 39
3; 58
4; 53
5; 57
6; 57
7; 47
8; 24
9; 33
10; 48
11; 5
12; 6
13; 32
14; 23
15; 40
16; 28
17; 24
18; 34
19; 15
20; 18
21; 17
22; 27
23; 14
24; 3
25; 22
26; 51
27; 4
28; 35
29; 13
30; 20
31; 47
32; 31
33; 58
34; 55
35; 31
36; 20
37; 1
38; 6
39; 6
--------------------------------------------------------------------------------
Crossover

0; 57, 27; d(4) d(2) d(1) a(3,9) d(3) a(14,6) d(8) d(6) d(4) a(1,6)
1; 57, 27; r(3,17)
2; 57; d(4) d(2) d(1) a(3,9) d(3)
3; 27; r(3,17) a(14,6) d(8) d(6) d(4) a(1,6)
4; 20, 31; r(3,17) d(1) r(5,8) d(13) r(5,9) r(8,4) a(12,13) a(12,8)
5; 20, 31; r(3,17) d(13) a(11,4) r(13,3) r(12,15)
6; 20; r(3,17) d(1) r(5,8) a(11,4) r(13,3) r(12,15)
7; 31; r(3,17) d(13) d(13) r(5,9) r(8,4) a(12,13) a(12,8)
8; 17; d(2) d(13) d(4) a(3,8) a(3,12) r(1,17)
9; 48; d(2) r(13,3) a(10,16) r(12,8)
10; 23, 34; d(5) d(2) a(3,17) a(3,2) d(3)
11; 23, 34; r(3,9) a(13,3) a(6,4) r(13,2) r(5,17) r(11,12) a(15,10) d(13)
12; 23; d(5) d(2) a(3,17) a(3,2) d(3) d(13)
13; 34; r(3,9) a(13,3) a(6,4) r(13,2) r(5,17) r(11,12) a(15,10)
14; 18, 20; d(5) d(13) d(10) a(14,6) a(13,12) d(4) a(11,4) r(13,3) r(12,15)
15; 18, 20; r(3,17) d(1) r(5,8) r(3,16) a(1,17) d(2)
16; 18; d(5) d(13) d(10) a(14,6) a(13,12) d(4) r(3,16) a(1,17) d(2)
17; 20; r(3,17) d(1) r(5,8) a(11,4) r(13,3) r(12,15)
18; 6; d(2) r(13,9) d(14) a(15,15) d(8)
19; 58; r(3,17) d(13) d(13) r(5,9) r(8,4) a(12,13) a(2,8)
20; 4; d(5) d(13) d(10) r(3,9) d(2) a(8,6)
21; 20; r(3,17) d(1) r(5,8) a(11,4) r(13,3) r(12,15)
22; 15; d(2) d(13) r(11,8)
23; 22; d(4) d(2) r(10,16) r(3,10)
24; 47; d(2) r(13,3) a(10,16) d(11)
25; 14; r(3,17) r(1,6) r(8,11) d(4) a(3,8) a(3,12) a(2,6)
26; 51, 6; d(2) d(13) d(4) r(5,9) r(5,9) r(8,4) a(12,13) a(15,15) d(8)
27; 51, 6; d(2) r(13,9) d(14) d(3)
28; 51; d(2) d(13) d(4) r(5,9) r(5,9) r(8,4) a(12,13) d(3)
29; 6; d(2) r(13,9) d(14) a(15,15) d(8)
30; 5, 33; r(3,17) d(13) d(13) r(5,9) r(8,12) r(9,4) r(5,9) a(6,4) r(13,2) r(5,17) r(11,12) r(1,6)
31; 5, 33; r(3,17) d(13) d(13) d(2)
32; 5; r(3,17) d(13) d(13) r(5,9) r(8,12) r(9,4) d(2)
33; 33; r(3,17) d(13) d(13) r(5,9) a(6,4) r(13,2) r(5,17) r(11,12) r(1,6)
34; 35, 39; r(3,17) d(13) r(5,9) r(8,4) d(3) a(1,17)
35; 35, 39; d(2) d(13) d(4) d(13) d(13) d(13) r(5,9) r(8,12) r(2,3) r(14,4)
36; 35; r(3,17) d(13) d(13) r(5,9) r(8,12) r(2,3) r(14,4)
37; 39; d(2) d(13) d(4) d(13) d(13) r(5,9) r(8,4) d(3) a(1,17)
38; 40; d(5) d(13) d(10) r(3,9) a(1,13) a(8,16)
39; 13; d(5) d(13) d(10) r(3,9) d(1) r(9,10)
40; 6, 32; d(2) r(13,9) d(14) a(15,15) d(8) r(8,12) r(2,3) d(13)
41; 6, 32; r(3,9) a(13,3)
42; 6; d(2) r(13,9) d(14) a(15,15) d(8)
43; 32; r(3,9) a(13,3) r(8,12) r(2,3) d(13)
44; 28; d(2) d(13) d(4) d(8) d(6) r(3,6) d(1)
45; 31; r(3,17) d(13) d(13) r(5,9) r(8,4) a(12,13) a(12,8)
46; 47, 1; d(2) r(13,3) a(10,16) d(11) r(8,12) d(13) d(14)
47; 47, 1; r(3,9) r(5,9)
48; 47; d(2) r(13,3) a(10,16) d(11)
49; 1; r(3,9) r(5,9) r(8,12) d(13) d(14)
50; 57; d(4) d(2) d(1) a(3,9) d(3)
51; 55; d(4) d(2) d(1) a(3,9) d(3) d(13) r(5,9) r(8,12) r(9,4)
52; 58; r(3,17) d(13) d(13) r(5,9) r(8,4) a(12,13) a(2,8)
53; 57; d(4) d(2) d(1) a(3,9) d(3)
54; 3, 24; r(3,17) d(13) d(13) r(5,9) a(3,2) d(3) a(1,13)
55; 3, 24; d(4) d(2) a(3,17) r(8,12) r(9,15)
56; 3; r(3,17) d(13) d(13) r(5,9) r(8,12) r(9,15)
57; 24; d(4) d(2) a(3,17) a(3,2) d(3) a(1,13)
58; 53; d(2) d(13) d(4) r(5,9) r(8,4) r(3,17) a(1,17)
59; 24; d(4) d(2) a(3,17) a(3,2) d(3) a(1,13)
--------------------------------------------------------------------------------
Mutation

0; d(4) d(2) d(1) a(3,9) d(3) a(14,6) d(8) d(6) d(4) a(1,6)
1; r(3,17) a(13,12)
2; d(4) d(2) d(1) a(3,9) d(3)
3; r(3,17) a(14,6) d(8) d(6) d(4) a(1,6) r(2,13)
4; r(3,17) d(1) r(5,8) d(13) r(5,9) r(8,4) a(12,13) a(12,8) d(15)
5; r(3,17) d(13) a(11,4) r(13,3) r(12,15) r(6,15)
6; r(3,17) d(1) r(5,8) a(11,4) r(13,3) r(12,15) r(15,14)
7; r(3,17) d(13) d(13) r(5,9) r(8,4) a(12,13) a(12,8) a(15,11)
8; d(2) d(13) d(4) a(3,8) a(3,12) r(1,17) d(3)
9; d(2) r(13,3) a(10,16) r(12,8) a(5,17)
10; d(5) d(2) a(3,17) a(3,2) d(3) d(12)
11; r(3,9) a(13,3) a(6,4) r(13,2) r(5,17) r(11,12) a(15,10) d(13) r(1,6)
12; d(5) d(2) a(3,17) a(3,2) d(3) d(13) r(11,3)
13; r(3,9) a(13,3) a(6,4) r(13,2) r(5,17) r(11,12) a(15,10) r(12,10)
14; d(5) d(13) d(10) a(14,6) a(13,12) d(4) a(11,4) r(13,3) r(12,15) a(1,13)
15; r(3,17) d(1) r(5,8) r(3,16) a(1,17) d(2) r(13,4)
16; d(5) d(13) d(10) a(14,6) a(13,12) d(4) r(3,16) a(1,17) d(2) r(1,6)
17; r(3,17) d(1) r(5,8) a(11,4) r(13,3) r(12,15) a(9,11)
18; d(2) r(13,9) d(14) a(15,15) d(8) a(5,8)
19; r(3,17) d(13) d(13) r(5,9) r(8,4) a(12,13) a(2,8) a(9,4)
20; d(5) d(13) d(10) r(3,9) d(2) a(8,6) a(8,5)
21; r(3,17) d(1) r(5,8) a(11,4) r(13,3) r(12,15) a(4,17)
22; d(2) d(13) r(11,8) a(8,15)
23; d(4) d(2) r(10,16) r(3,10) d(1)
24; d(2) r(13,3) a(10,16) d(11) a(8,3)
25; r(3,17) r(1,6) r(8,11) d(4) a(3,8) a(3,12) a(2,6) a(2,16)
26; d(2) d(13) d(4) r(5,9) r(5,9) r(8,4) a(12,13) a(15,15) d(8) d(1)
27; d(2) r(13,9) d(14) d(3) d(5)
28; d(2) d(13) d(4) r(5,9) r(5,9) r(8,4) a(12,13) d(3) a(1,17)
29; d(2) r(13,9) d(14) a(15,15) d(8) a(9,14)
30; r(3,17) d(13) d(13) r(5,9) r(8,12) r(9,4) r(5,9) a(6,4) r(13,2) r(5,17) r(11,12) r(1,6) a(4,3)
31; r(3,17) d(13) d(13) d(2) d(10)
32; r(3,17) d(13) d(13) r(5,9) r(8,12) r(9,4) d(2) r(4,13)
33; r(3,17) d(13) d(13) r(5,9) a(6,4) r(13,2) r(5,17) r(11,12) r(1,6) a(12,13)
34; r(3,17) d(13) r(5,9) r(8,4) d(3) a(1,17) r(15,11)
35; d(2) d(13) d(4) d(13) d(13) d(13) r(5,9) r(8,12) r(2,3) r(14,4) d(3)
36; r(3,17) d(13) d(13) r(5,9) r(8,12) r(2,3) r(14,4) a(9,10)
37; d(2) d(13) d(4) d(13) d(13) r(5,9) r(8,4) d(3) a(1,17) r(1,6)
38; d(5) d(13) d(10) r(3,9) a(1,13) a(8,16) d(15)
39; d(5) d(13) d(10) r(3,9) d(1) r(9,10) d(2)
40; d(2) r(13,9) d(14) a(15,15) d(8) r(8,12) r(2,3) d(13) r(9,10)
41; r(3,9) a(13,3) d(13)
42; d(2) r(13,9) d(14) a(15,15) d(8) r(10,17)
43; r(3,9) a(13,3) r(8,12) r(2,3) d(13) d(4)
44; d(2) d(13) d(4) d(8) d(6) r(3,6) d(1)
45; r(3,17) d(13) d(13) r(5,9) r(8,4) a(12,13) a(12,8) a(11,14)
46; d(2) r(13,3) a(10,16) d(11) r(8,12) d(13) d(14) d(5)
47; r(3,9) r(5,9) d(10)
48; d(2) r(13,3) a(10,16) d(11) a(4,16)
49; r(3,9) r(5,9) r(8,12) d(13) d(14) r(10,14)
50; d(4) d(2) d(1) a(3,9) d(3)
51; d(4) d(2) d(1) a(3,9) d(3) d(13) r(5,9) r(8,12) r(9,4)
52; r(3,17) d(13) d(13) r(5,9) r(8,4) a(12,13) a(2,8) r(11,4)
53; d(4) d(2) d(1) a(3,9) d(3)
54; r(3,17) d(13) d(13) r(5,9) a(3,2) d(3) a(1,13) d(11)
55; d(4) d(2) a(3,17) r(8,12) r(9,15) d(3)
56; r(3,17) d(13) d(13) r(5,9) r(8,12) r(9,15) r(1,13)
57; d(4) d(2) a(3,17) a(3,2) d(3) a(1,13) a(1,17)
58; d(2) d(13) d(4) r(5,9) r(8,4) r(3,17) a(1,17) d(1)
59; d(4) d(2) a(3,17) a(3,2) d(3) a(1,13) a(1,17)
--------------------------------------------------------------------------------
Evaluation

0; 0.
1; 0.
2; 0.
3; 0.
4; 0.
5; 0.
6; 0.
7; 0.
8; 0.
9; 0.
10; 0.
11; 0.
12; 0.
13; 0.
14; 13.
15; 0.
16; 0.
17; 0.
18; 0.
19; 0.
20; 0.
21; 0.
22; 0.
23; 0.
24; 0.
25; 13.
26; 0.
27; 0.
28; 0.
29; 0.
30; 0.
31; 0.
32; 0.
33; 0.
34; 0.
35; 0.
36; 0.
37; 0.
38; 0.
39; 0.
40; 0.
41; 1.
42; 0.
43; 0.
44; 0.
45; 0.
46; 0.
47; 0.
48; 0.
49; 0.
50; 0.
51; 0.
52; 0.
53; 0.
54; 0.
55; 0.
56; 0.
57; 0.
58; 0.
59; 0.
================================================================================
Generation 7

--------------------------------------------------------------------------------
Selection

0; 21
1; 19
2; 3
3; 6
4; 54
5; 15
6; 45
7; 45
8; 45
9; 59
10; 58
11; 10
12; 40
13; 17
14; 42
15; 37
16; 33
17; 37
18; 19
19; 20
20; 34
21; 44
22; 50
23; 36
24; 33
25; 53
26; 43
27; 32
28; 47
29; 24
30; 52
31; 19
32; 37
33; 11
34; 59
35; 2
36; 37
37; 43
38; 36
39; 6
--------------------------------------------------------------------------------
Crossover

0; 37; d(2) d(13) d(4) d(13) d(13) r(5,9) r(8,4) d(3) a(1,17) r(1,6)
1; 10; d(5) d(2) a(3,17) a(3,2) d(3) d(12)
2; 15, 33; r(3,17) a(12,13)
3; 15, 33; r(3,17) d(13) d(13) r(5,9) a(6,4) r(13,2) r(5,17) r(11,12) r(1,6) d(1) r(5,8) r(3,16) a(1,17) d(2) r(13,4)
4; 15; r(3,17) d(1) r(5,8) r(3,16) a(1,17) d(2) r(13,4)
5; 33; r(3,17) d(13) d(13) r(5,9) a(6,4) r(13,2) r(5,17) r(11,12) r(1,6) a(12,13)
6; 54, 43; r(3,17) d(13) d(13) r(5,9) a(3,2) d(3) a(1,13)
7; 54, 43; r(3,9) a(13,3) r(8,12) r(2,3) d(13) d(4) d(11)
8; 54; r(3,17) d(13) d(13) r(5,9) a(3,2) d(3) a(1,13) d(11)
9; 43; r(3,9) a(13,3) r(8,12) r(2,3) d(13) d(4)
10; 37; d(2) d(13) d(4) d(13) d(13) r(5,9) r(8,4) d(3) a(1,17) r(1,6)
11; 40; d(2) r(13,9) d(14) a(15,15) d(8) r(8,12) r(2,3) d(13) r(9,10)
12; 33; r(3,17) d(13) d(13) r(5,9) a(6,4) r(13,2) r(5,17) r(11,12) r(1,6) a(12,13)
13; 17; r(3,17) d(1) r(5,8) a(11,4) r(13,3) r(12,15) a(9,11)
14; 47; r(3,9) r(5,9) d(10)
15; 37; d(2) d(13) d(4) d(13) d(13) r(5,9) r(8,4) d(3) a(1,17) r(1,6)
16; 3, 42; r(3,17) a(14,6) d(8) d(6) d(4) d(8) r(10,17)
17; 3, 42; d(2) r(13,9) d(14) a(15,15) a(1,6) r(2,13)
18; 3; r(3,17) a(14,6) d(8) d(6) d(4) a(1,6) r(2,13)
19; 42; d(2) r(13,9) d(14) a(15,15) d(8) r(10,17)
20; 58; d(2) d(13) d(4) r(5,9) r(8,4) r(3,17) a(1,17) d(1)
21; 32; r(3,17) d(13) d(13) r(5,9) r(8,12) r(9,4) d(2) r(4,13)
22; 19; r(3,17) d(13) d(13) r(5,9) r(8,4) a(12,13) a(2,8) a(9,4)
23; 53; d(4) d(2) d(1) a(3,9) d(3)
24; 20, 36; d(5) d(13) d(10) r(3,9) r(2,3) r(14,4) a(9,10)
25; 20, 36; r(3,17) d(13) d(13) r(5,9) r(8,12) d(2) a(8,6) a(8,5)
26; 20; d(5) d(13) d(10) r(3,9) d(2) a(8,6) a(8,5)
27; 36; r(3,17) d(13) d(13) r(5,9) r(8,12) r(2,3) r(14,4) a(9,10)
28; 59; d(4) d(2) a(3,17) a(3,2) d(3) a(1,13) a(1,17)
29; 59; d(4) d(2) a(3,17) a(3,2) d(3) a(1,13) a(1,17)
30; 43, 45; r(3,9) a(13,3) r(8,12) r(2,3) d(13) a(12,13) a(12,8) a(11,14)
31; 43, 45; r(3,17) d(13) d(13) r(5,9) r(8,4) d(4)
32; 43; r(3,9) a(13,3) r(8,12) r(2,3) d(13) d(4)
33; 45; r(3,17) d(13) d(13) r(5,9) r(8,4) a(12,13) a(12,8) a(11,14)
34; 45; r(3,17) d(13) d(13) r(5,9) r(8,4) a(12,13) a(12,8) a(11,14)
35; 2; d(4) d(2) d(1) a(3,9) d(3)
36; 19; r(3,17) d(13) d(13) r(5,9) r(8,4) a(12,13) a(2,8) a(9,4)
37; 6; r(3,17) d(1) r(5,8) a(11,4) r(13,3) r(12,15) r(15,14)
38; 24, 50; d(2) a(3,9) d(3)
39; 24, 50; d(4) d(2) d(1) r(13,3) a(10,16) d(11) a(8,3)
40; 24; d(2) r(13,3) a(10,16) d(11) a(8,3)
41; 50; d(4) d(2) d(1) a(3,9) d(3)
42; 11; r(3,9) a(13,3) a(6,4) r(13,2) r(5,17) r(11,12) a(15,10) d(13) r(1,6)
43; 34; r(3,17) d(13) r(5,9) r(8,4) d(3) a(1,17) r(15,11)
44; 6, 45; r(3,17) d(1)
45; 6, 45; r(3,17) d(13) d(13) r(5,9) r(8,4) a(12,13) a(12,8) a(11,14) r(5,8) a(11,4) r(13,3) r(12,15) r(15,14)
46; 6; r(3,17) d(1) r(5,8) a(11,4) r(13,3) r(12,15) r(15,14)
47; 45; r(3,17) d(13) d(13) r(5,9) r(8,4) a(12,13) a(12,8) a(11,14)
48; 37; d(2) d(13) d(4) d(13) d(13) r(5,9) r(8,4) d(3) a(1,17) r(1,6)
49; 44; d(2) d(13) d(4) d(8) d(6) r(3,6) d(1)
50; 21, 52; r(3,17) r(11,4)
51; 21, 52; r(3,17) d(13) d(13) r(5,9) r(8,4) a(12,13) a(2,8) d(1) r(5,8) a(11,4) r(13,3) r(12,15) a(4,17)
52; 21; r(3,17) d(1) r(5,8) a(11,4) r(13,3) r(12,15) a(4,17)
53; 52; r(3,17) d(13) d(13) r(5,9) r(8,4) a(12,13) a(2,8) r(11,4)
54; 36, 19; r(3,17) d(13) d(13) r(5,9) r(8,12) r(2,3) r(14,4) a(2,8) a(9,4)
55; 36, 19; r(3,17) d(13) d(13) r(5,9) r(8,4) a(12,13) a(9,10)
56; 36; r(3,17) d(13) d(13) r(5,9) r(8,12) r(2,3) r(14,4) a(9,10)
57; 19; r(3,17) d(13) d(13) r(5,9) r(8,4) a(12,13) a(2,8) a(9,4)
--------------------------------------------------------------------------------
Mutation

0; d(2) d(13) d(4) d(13) d(13) r(5,9) r(8,4) d(3) a(1,17) r(1,6)
1; d(5) d(2) a(3,17) a(3,2) d(3) d(12) r(13,4)
2; r(3,17) a(12,13) d(13)
3; r(3,17) d(13) d(13) r(5,9) a(6,4) r(13,2) r(5,17) r(11,12) r(1,6) d(1) r(5,8) r(3,16) a(1,17) d(2) r(13,4) r(8,14)
4; r(3,17) d(1) r(5,8) r(3,16) a(1,17) d(2) r(13,4) r(12,2)
5; r(3,17) d(13) d(13) r(5,9) a(6,4) r(13,2) r(5,17) r(11,12) r(1,6) a(12,13) a(9,5)
6; r(3,17) d(13) d(13) r(5,9) a(3,2) d(3) a(1,13) d(9)
7; r(3,9) a(13,3) r(8,12) r(2,3) d(13) d(4) d(11) r(1,17)
8; r(3,17) d(13) d(13) r(5,9) a(3,2) d(3) a(1,13) d(11) d(4)
9; r(3,9) a(13,3) r(8,12) r(2,3) d(13) d(4) r(1,6)
10; d(2) d(13) d(4) d(13) d(13) r(5,9) r(8,4) d(3) a(1,17) r(1,6)
11; d(2) r(13,9) d(14) a(15,15) d(8) r(8,12) r(2,3) d(13) r(9,10) a(4,13)
12; r(3,17) d(13) d(13) r(5,9) a(6,4) r(13,2) r(5,17) r(11,12) r(1,6) a(12,13) r(15,2)
13; r(3,17) d(1) r(5,8) a(11,4) r(13,3) r(12,15) a(9,11) r(9,16)
14; r(3,9) r(5,9) d(10) a(1,1)
15; d(2) d(13) d(4) d(13) d(13) r(5,9) r(8,4) d(3) a(1,17) r(1,6)
16; r(3,17) a(14,6) d(8) d(6) d(4) d(8) r(10,17) d(1)
17; d(2) r(13,9) d(14) a(15,15) a(1,6) r(2,13) r(11,17)
18; r(3,17) a(14,6) d(8) d(6) d(4) a(1,6) r(2,13) a(1,13)
19; d(2) r(13,9) d(14) a(15,15) d(8) r(10,17) d(3)
20; d(2) d(13) d(4) r(5,9) r(8,4) r(3,17) a(1,17) d(1)
21; r(3,17) d(13) d(13) r(5,9) r(8,12) r(9,4) d(2) r(4,13) r(1,17)
22; r(3,17) d(13) d(13) r(5,9) r(8,4) a(12,13) a(2,8) a(9,4) d(11)
23; d(4) d(2) d(1) a(3,9) d(3)
24; d(5) d(13) d(10) r(3,9) r(2,3) r(14,4) a(9,10) r(15,12)
25; r(3,17) d(13) d(13) r(5,9) r(8,12) d(2) a(8,6) a(8,5) a(1,6)
26; d(5) d(13) d(10) r(3,9) d(2) a(8,6) a(8,5) a(14,11)
27; r(3,17) d(13) d(13) r(5,9) r(8,12) r(2,3) r(14,4) a(9,10) r(15,9)
28; d(4) d(2) a(3,17) a(3,2) d(3) a(1,13) a(1,17) d(1)
29; d(4) d(2) a(3,17) a(3,2) d(3) a(1,13) a(1,17) d(1)
30; r(3,9) a(13,3) r(8,12) r(2,3) d(13) a(12,13) a(12,8) a(11,14) d(9)
31; r(3,17) d(13) d(13) r(5,9) r(8,4) d(4) d(2)
32; r(3,9) a(13,3) r(8,12) r(2,3) d(13) d(4) r(1,17)
33; r(3,17) d(13) d(13) r(5,9) r(8,4) a(12,13) a(12,8) a(11,14) r(14,10)
34; r(3,17) d(13) d(13) r(5,9) r(8,4) a(12,13) a(12,8) a(11,14) a(12,12)
35; d(4) d(2) d(1) a(3,9) d(3)
36; r(3,17) d(13) d(13) r(5,9) r(8,4) a(12,13) a(2,8) a(9,4) a(9,12)
37; r(3,17) d(1) r(5,8) a(11,4) r(13,3) r(12,15) r(15,14) r(14,11)
38; d(2) a(3,9) d(3) r(1,13)
39; d(4) d(2) d(1) r(13,3) a(10,16) d(11) a(8,3) d(3)
40; d(2) r(13,3) a(10,16) d(11) a(8,3) r(10,14)
41; d(4) d(2) d(1) a(3,9) d(3)
42; r(3,9) a(13,3) a(6,4) r(13,2) r(5,17) r(11,12) a(15,10) d(13) r(1,6) d(8)
43; r(3,17) d(13) r(5,9) r(8,4) d(3) a(1,17) r(15,11) a(9,3)
44; r(3,17) d(1) a(12,13)
45; r(3,17) d(13) d(13) r(5,9) r(8,4) a(12,13) a(12,8) a(11,14) r(5,8) a(11,4) r(13,3) r(12,15) r(15,14) d(11)
46; r(3,17) d(1) r(5,8) a(11,4) r(13,3) r(12,15) r(15,14) r(10,6)
47; r(3,17) d(13) d(13) r(5,9) r(8,4) a(12,13) a(12,8) a(11,14) a(4,10)
48; d(2) d(13) d(4) d(13) d(13) r(5,9) r(8,4) d(3) a(1,17) r(1,6)
49; d(2) d(13) d(4) d(8) d(6) r(3,6) d(1)
50; r(3,17) r(11,4) a(13,8)
51; r(3,17) d(13) d(13) r(5,9) r(8,4) a(12,13) a(2,8) d(1) r(5,8) a(11,4) r(13,3) r(12,15) a(4,17) a(10,11)
52; r(3,17) d(1) r(5,8) a(11,4) r(13,3) r(12,15) a(4,17) d(15)
53; r(3,17) d(13) d(13) r(5,9) r(8,4) a(12,13) a(2,8) r(11,4) r(15,16)
54; r(3,17) d(13) d(13) r(5,9) r(8,12) r(2,3) r(14,4) a(2,8) a(9,4) a(4,12)
55; r(3,17) d(13) d(13) r(5,9) r(8,4) a(12,13) a(9,10) r(1,17)
56; r(3,17) d(13) d(13) r(5,9) r(8,12) r(2,3) r(14,4) a(9,10) a(4,14)
57; r(3,17) d(13) d(13) r(5,9) r(8,4) a(12,13) a(2,8) a(9,4) a(14,3)
--------------------------------------------------------------------------------
Evaluation

0; 0.
1; 0.
2; 0.
3; 0.
4; 0.
5; 0.
6; 0.
7; 0.
8; 0.
9; 0.
10; 0.
11; 0.
12; 0.
13; 0.
14; 0.
15; 0.
16; 0.
17; 0.
18; 0.
19; 0.
20; 0.
21; 0.
22; 0.
23; 0.
24; 0.
25; 0.
26; 0.
27; 0.
28; 0.
29; 0.
30; 0.
31; 0.
32; 0.
33; 0.
34; 0.
35; 0.
36; 0.
37; 0.
38; 0.
39; 0.
40; 0.
41; 0.
42; 0.
43; 0.
44; 0.
45; 0.
46; 0.
47; 0.
48; 0.
49; 0.
50; 0.
51; 0.
52; 0.
53; 0.
54; 0.
55; 0.
56; 0.
57; 0.
================================================================================
Generation 8

--------------------------------------------------------------------------------
Selection

0; 31
1; 50
2; 2
3; 36
4; 16
5; 30
6; 33
7; 49
8; 0
9; 15
10; 0
11; 12
12; 43
13; 41
14; 4
15; 3
16; 28
17; 23
18; 28
19; 10
20; 4
21; 16
22; 25
23; 13
24; 0
25; 41
26; 24
27; 17
28; 10
29; 21
30; 25
31; 53
32; 11
33; 34
34; 41
35; 48
36; 39
37; 53
38; 39
39; 48
--------------------------------------------------------------------------------
Crossover

0; 41; d(4) d(2) d(1) a(3,9) d(3)
1; 0; d(2) d(13) d(4) d(13) d(13) r(5,9) r(8,4) d(3) a(1,17) r(1,6)
2; 36; r(3,17) d(13) d(13) r(5,9) r(8,4) a(12,13) a(2,8) a(9,4) a(9,12)
3; 41; d(4) d(2) d(1) a(3,9) d(3)
4; 4, 23; r(3,17) d(1) r(5,8) r(3,16) a(3,9) d(3)
5; 4, 23; d(4) d(2) d(1) a(1,17) d(2) r(13,4) r(12,2)
6; 4; r(3,17) d(1) r(5,8) r(3,16) a(1,17) d(2) r(13,4) r(12,2)
7; 23; d(4) d(2) d(1) a(3,9) d(3)
8; 16; r(3,17) a(14,6) d(8) d(6) d(4) d(8) r(10,17) d(1)
9; 28; d(4) d(2) a(3,17) a(3,2) d(3) a(1,13) a(1,17) d(1)
10; 25, 50; r(3,17) d(13) d(13) r(5,9) r(8,12) d(2) a(8,6) a(13,8)
11; 25, 50; r(3,17) r(11,4) a(8,5) a(1,6)
12; 25; r(3,17) d(13) d(13) r(5,9) r(8,12) d(2) a(8,6) a(8,5) a(1,6)
13; 50; r(3,17) r(11,4) a(13,8)
14; 16; r(3,17) a(14,6) d(8) d(6) d(4) d(8) r(10,17) d(1)
15; 39; d(4) d(2) d(1) r(13,3) a(10,16) d(11) a(8,3) d(3)
16; 21, 0; r(3,17) d(13) d(13) r(5,9) r(8,12) r(9,4) d(2) r(4,13) r(1,17) r(1,6)
17; 21, 0; d(2) d(13) d(4) d(13) d(13) r(5,9) r(8,4) d(3) a(1,17)
18; 21; r(3,17) d(13) d(13) r(5,9) r(8,12) r(9,4) d(2) r(4,13) r(1,17)
19; 0; d(2) d(13) d(4) d(13) d(13) r(5,9) r(8,4) d(3) a(1,17) r(1,6)
20; 25; r(3,17) d(13) d(13) r(5,9) r(8,12) d(2) a(8,6) a(8,5) a(1,6)
21; 48; d(2) d(13) d(4) d(13) d(13) r(5,9) r(8,4) d(3) a(1,17) r(1,6)
22; 30, 3; r(3,9) a(13,3) r(8,12) r(2,3) d(13) d(13) r(5,9) a(6,4) r(13,2) r(5,17) r(11,12) r(1,6) d(1) r(5,8) r(3,16) a(1,17) d(2) r(13,4) r(8,14)
23; 30, 3; r(3,17) d(13) a(12,13) a(12,8) a(11,14) d(9)
24; 30; r(3,9) a(13,3) r(8,12) r(2,3) d(13) a(12,13) a(12,8) a(11,14) d(9)
25; 3; r(3,17) d(13) d(13) r(5,9) a(6,4) r(13,2) r(5,17) r(11,12) r(1,6) d(1) r(5,8) r(3,16) a(1,17) d(2) r(13,4) r(8,14)
26; 53; r(3,17) d(13) d(13) r(5,9) r(8,4) a(12,13) a(2,8) r(11,4) r(15,16)
27; 2; r(3,17) a(12,13) d(13)
28; 53, 24; r(3,17) d(13) a(9,10) r(15,12)
29; 53, 24; d(5) d(13) d(10) r(3,9) r(2,3) r(14,4) d(13) r(5,9) r(8,4) a(12,13) a(2,8) r(11,4) r(15,16)
30; 53; r(3,17) d(13) d(13) r(5,9) r(8,4) a(12,13) a(2,8) r(11,4) r(15,16)
31; 24; d(5) d(13) d(10) r(3,9) r(2,3) r(14,4) a(9,10) r(15,12)
32; 28; d(4) d(2) a(3,17) a(3,2) d(3) a(1,13) a(1,17) d(1)
33; 0; d(2) d(13) d(4) d(13) d(13) r(5,9) r(8,4) d(3) a(1,17) r(1,6)
34; 4; r(3,17) d(1) r(5,8) r(3,16) a(1,17) d(2) r(13,4) r(12,2)
35; 41; d(4) d(2) d(1) a(3,9) d(3)
36; 10; d(2) d(13) d(4) d(13) d(13) r(5,9) r(8,4) d(3) a(1,17) r(1,6)
37; 15; d(2) d(13) d(4) d(13) d(13) r(5,9) r(8,4) d(3) a(1,17) r(1,6)
38; 17, 39; d(2) r(13,9)
39; 17, 39; d(4) d(2) d(1) r(13,3) a(10,16) d(11) a(8,3) d(3) d(14) a(15,15) a(1,6) r(2,13) r(11,17)
40; 17; d(2) r(13,9) d(14) a(15,15) a(1,6) r(2,13) r(11,17)
41; 39; d(4) d(2) d(1) r(13,3) a(10,16) d(11) a(8,3) d(3)
42; 33; r(3,17) d(13) d(13) r(5,9) r(8,4) a(12,13) a(12,8) a(11,14) r(14,10)
43; 13; r(3,17) d(1) r(5,8) a(11,4) r(13,3) r(12,15) a(9,11) r(9,16)
44; 10; d(2) d(13) d(4) d(13) d(13) r(5,9) r(8,4) d(3) a(1,17) r(1,6)
45; 31; r(3,17) d(13) d(13) r(5,9) r(8,4) d(4) d(2)
46; 12, 48; r(3,17) d(13) d(13) r(5,9) a(6,4) r(13,2) r(5,17) r(11,12) r(1,6)
47; 12, 48; d(2) d(13) d(4) d(13) d(13) r(5,9) r(8,4) d(3) a(1,17) r(1,6) a(12,13) r(15,2)
48; 12; r(3,17) d(13) d(13) r(5,9) a(6,4) r(13,2) r(5,17) r(11,12) r(1,6) a(12,13) r(15,2)
49; 48; d(2) d(13) d(4) d(13) d(13) r(5,9) r(8,4) d(3) a(1,17) r(1,6)
50; 11; d(2) r(13,9) d(14) a(15,15) d(8) r(8,12) r(2,3) d(13) r(9,10) a(4,13)
51; 49; d(2) d(13) d(4) d(8) d(6) r(3,6) d(1)
52; 34; r(3,17) d(13) d(13) r(5,9) r(8,4) a(12,13) a(12,8) a(11,14) a(12,12)
53; 43; r(3,17) d(13) r(5,9) r(8,4) d(3) a(1,17) r(15,11) a(9,3)
--------------------------------------------------------------------------------
Mutation

0; d(4) d(2) d(1) a(3,9) d(3)
1; d(2) d(13) d(4) d(13) d(13) r(5,9) r(8,4) d(3) a(1,17) r(1,6)
2; r(3,17) d(13) d(13) r(5,9) r(8,4) a(12,13) a(2,8) a(9,4) a(9,12) d(2)
3; d(4) d(2) d(1) a(3,9) d(3)
4; r(3,17) d(1) r(5,8) r(3,16) a(3,9) d(3) a(13,16)
5; d(4) d(2) d(1) a(1,17) d(2) r(13,4) r(12,2) d(3)
6; r(3,17) d(1) r(5,8) r(3,16) a(1,17) d(2) r(13,4) r(12,2) d(10)
7; d(4) d(2) d(1) a(3,9) d(3)
8; r(3,17) a(14,6) d(8) d(6) d(4) d(8) r(10,17) d(1) d(2)
9; d(4) d(2) a(3,17) a(3,2) d(3) a(1,13) a(1,17) d(1)
10; r(3,17) d(13) d(13) r(5,9) r(8,12) d(2) a(8,6) a(13,8) d(9)
11; r(3,17) r(11,4) a(8,5) a(1,6) r(15,3)
12; r(3,17) d(13) d(13) r(5,9) r(8,12) d(2) a(8,6) a(8,5) a(1,6) d(14)
13; r(3,17) r(11,4) a(13,8) r(13,11)
14; r(3,17) a(14,6) d(8) d(6) d(4) d(8) r(10,17) d(1) r(2,6)
15; d(4) d(2) d(1) r(13,3) a(10,16) d(11) a(8,3) d(3)
16; r(3,17) d(13) d(13) r(5,9) r(8,12) r(9,4) d(2) r(4,13) r(1,17) r(1,6)
17; d(2) d(13) d(4) d(13) d(13) r(5,9) r(8,4) d(3) a(1,17) a(1,17)
18; r(3,17) d(13) d(13) r(5,9) r(8,12) r(9,4) d(2) r(4,13) r(1,17)
19; d(2) d(13) d(4) d(13) d(13) r(5,9) r(8,4) d(3) a(1,17) r(1,6)
20; r(3,17) d(13) d(13) r(5,9) r(8,12) d(2) a(8,6) a(8,5) a(1,6) a(15,16)
21; d(2) d(13) d(4) d(13) d(13) r(5,9) r(8,4) d(3) a(1,17) r(1,6)
22; r(3,9) a(13,3) r(8,12) r(2,3) d(13) d(13) r(5,9) a(6,4) r(13,2) r(5,17) r(11,12) r(1,6) d(1) r(5,8) r(3,16) a(1,17) d(2) r(13,4) r(8,14) r(12,8)
23; r(3,17) d(13) a(12,13) a(12,8) a(11,14) d(9) r(6,10)
24; r(3,9) a(13,3) r(8,12) r(2,3) d(13) a(12,13) a(12,8) a(11,14) d(9) a(4,16)
25; r(3,17) d(13) d(13) r(5,9) a(6,4) r(13,2) r(5,17) r(11,12) r(1,6) d(1) r(5,8) r(3,16) a(1,17) d(2) r(13,4) r(8,14) a(15,6)
26; r(3,17) d(13) d(13) r(5,9) r(8,4) a(12,13) a(2,8) r(11,4) r(15,16) r(4,8)
27; r(3,17) a(12,13) d(13) d(5)
28; r(3,17) d(13) a(9,10) r(15,12) a(1,17)
29; d(5) d(13) d(10) r(3,9) r(2,3) r(14,4) d(13) r(5,9) r(8,4) a(12,13) a(2,8) r(11,4) r(15,16) d(1)
30; r(3,17) d(13) d(13) r(5,9) r(8,4) a(12,13) a(2,8) r(11,4) r(15,16) d(4)
31; d(5) d(13) d(10) r(3,9) r(2,3) r(14,4) a(9,10) r(15,12) d(9)
32; d(4) d(2) a(3,17) a(3,2) d(3) a(1,13) a(1,17) d(1)
33; d(2) d(13) d(4) d(13) d(13) r(5,9) r(8,4) d(3) a(1,17) r(1,6)
34; r(3,17) d(1) r(5,8) r(3,16) a(1,17) d(2) r(13,4) r(12,2) r(8,17)
35; d(4) d(2) d(1) a(3,9) d(3)
36; d(2) d(13) d(4) d(13) d(13) r(5,9) r(8,4) d(3) a(1,17) r(1,6)
37; d(2) d(13) d(4) d(13) d(13) r(5,9) r(8,4) d(3) a(1,17) r(1,6)
38; d(2) r(13,9) r(11,15)
39; d(4) d(2) d(1) r(13,3) a(10,16) d(11) a(8,3) d(3) d(14) a(15,15) a(1,6) r(2,13) r(11,17)
40; d(2) r(13,9) d(14) a(15,15) a(1,6) r(2,13) r(11,17) a(12,12)
41; d(4) d(2) d(1) r(13,3) a(10,16) d(11) a(8,3) d(3)
42; r(3,17) d(13) d(13) r(5,9) r(8,4) a(12,13) a(12,8) a(11,14) r(14,10) r(10,14)
43; r(3,17) d(1) r(5,8) a(11,4) r(13,3) r(12,15) a(9,11) r(9,16) a(2,4)
44; d(2) d(13) d(4) d(13) d(13) r(5,9) r(8,4) d(3) a(1,17) r(1,6)
45; r(3,17) d(13) d(13) r(5,9) r(8,4) d(4) d(2) a(1,13)
46; r(3,17) d(13) d(13) r(5,9) a(6,4) r(13,2) r(5,17) r(11,12) r(1,6) a(8,13)
47; d(2) d(13) d(4) d(13) d(13) r(5,9) r(8,4) d(3) a(1,17) r(1,6) a(12,13) r(15,2)
48; r(3,17) d(13) d(13) r(5,9) a(6,4) r(13,2) r(5,17) r(11,12) r(1,6) a(12,13) r(15,2) a(10,5)
49; d(2) d(13) d(4) d(13) d(13) r(5,9) r(8,4) d(3) a(1,17) r(1,6)
50; d(2) r(13,9) d(14) a(15,15) d(8) r(8,12) r(2,3) d(13) r(9,10) a(4,13) r(4,6)
51; d(2) d(13) d(4) d(8) d(6) r(3,6) d(1)
52; r(3,17) d(13) d(13) r(5,9) r(8,4) a(12,13) a(12,8) a(11,14) a(12,12) d(2)
53; r(3,17) d(13) r(5,9) r(8,4) d(3) a(1,17) r(15,11) a(9,3) d(9)
--------------------------------------------------------------------------------
Evaluation

0; 0.
1; 0.
2; 0.
3; 0.
4; 0.
5; 0.
6; 0.
7; 0.
8; 0.
9; 0.
10; 0.
11; 0.
12; 0.
13; 0.
14; 0.
15; 0.
16; 0.
17; 0.
18; 0.
19; 0.
20; 0.
21; 0.
22; 0.
23; 0.
24; 0.
25; 0.
26; 0.
27; 0.
28; 0.
29; 0.
30; 0.
31; 0.
32; 0.
33; 0.
34; 0.
35; 0.
36; 0.
37; 0.
38; 0.
39; 0.
40; 0.
41; 0.
42; 0.
43; 0.
44; 0.
45; 0.
46; 0.
47; 0.
48; 0.
49; 0.
50; 0.
51; 0.
52; 0.
53; 0.
================================================================================
Generation 9

--------------------------------------------------------------------------------
Selection

0; 27
1; 23
2; 5
3; 39
4; 42
5; 52
6; 52
7; 40
8; 46
9; 10
10; 37
11; 7
12; 50
13; 23
14; 34
15; 26
16; 6
17; 10
18; 32
19; 6
20; 7
21; 31
22; 12
23; 18
24; 45
25; 5
26; 17
27; 30
28; 9
29; 14
30; 49
31; 18
32; 24
33; 41
34; 3
35; 36
36; 42
37; 0
38; 53
39; 50
--------------------------------------------------------------------------------
Crossover

0; 24; r(3,9) a(13,3) r(8,12) r(2,3) d(13) a(12,13) a(12,8) a(11,14) d(9) a(4,16)
1; 9; d(4) d(2) a(3,17) a(3,2) d(3) a(1,13) a(1,17) d(1)
2; 50, 7; d(2) r(13,9) d(2) d(1) a(3,9) d(3)
3; 50, 7; d(4) d(14) a(15,15) d(8) r(8,12) r(2,3) d(13) r(9,10) a(4,13) r(4,6)
4; 50; d(2) r(13,9) d(14) a(15,15) d(8) r(8,12) r(2,3) d(13) r(9,10) a(4,13) r(4,6)
5; 7; d(4) d(2) d(1) a(3,9) d(3)
6; 18, 3; r(3,17) d(13) d(13) r(5,9) r(8,12) r(9,4) d(2) r(4,13) r(1,17) a(3,9) d(3)
7; 18, 3; d(4) d(2) d(1)
8; 18; r(3,17) d(13) d(13) r(5,9) r(8,12) r(9,4) d(2) r(4,13) r(1,17)
9; 3; d(4) d(2) d(1) a(3,9) d(3)
10; 42, 37; r(3,17) d(13) d(13) r(5,9) r(8,4) a(12,13) a(12,8) a(11,14) r(1,6)
11; 42, 37; d(2) d(13) d(4) d(13) d(13) r(5,9) r(8,4) d(3) a(1,17) r(14,10) r(10,14)
12; 42; r(3,17) d(13) d(13) r(5,9) r(8,4) a(12,13) a(12,8) a(11,14) r(14,10) r(10,14)
13; 37; d(2) d(13) d(4) d(13) d(13) r(5,9) r(8,4) d(3) a(1,17) r(1,6)
14; 39, 26; d(4) d(2) d(1) a(2,8) r(11,4) r(15,16) r(4,8)
15; 39, 26; r(3,17) d(13) d(13) r(5,9) r(8,4) a(12,13) r(13,3) a(10,16) d(11) a(8,3) d(3) d(14) a(15,15) a(1,6) r(2,13) r(11,17)
16; 39; d(4) d(2) d(1) r(13,3) a(10,16) d(11) a(8,3) d(3) d(14) a(15,15) a(1,6) r(2,13) r(11,17)
17; 26; r(3,17) d(13) d(13) r(5,9) r(8,4) a(12,13) a(2,8) r(11,4) r(15,16) r(4,8)
18; 12, 50; r(3,17) d(13) d(13) r(5,9) r(4,6)
19; 12, 50; d(2) r(13,9) d(14) a(15,15) d(8) r(8,12) r(2,3) d(13) r(9,10) a(4,13) r(8,12) d(2) a(8,6) a(8,5) a(1,6) d(14)
20; 12; r(3,17) d(13) d(13) r(5,9) r(8,12) d(2) a(8,6) a(8,5) a(1,6) d(14)
21; 50; d(2) r(13,9) d(14) a(15,15) d(8) r(8,12) r(2,3) d(13) r(9,10) a(4,13) r(4,6)
22; 18, 6; r(3,17) d(13) d(13) d(10)
23; 18, 6; r(3,17) d(1) r(5,8) r(3,16) a(1,17) d(2) r(13,4) r(12,2) r(5,9) r(8,12) r(9,4) d(2) r(4,13) r(1,17)
24; 18; r(3,17) d(13) d(13) r(5,9) r(8,12) r(9,4) d(2) r(4,13) r(1,17)
25; 6; r(3,17) d(1) r(5,8) r(3,16) a(1,17) d(2) r(13,4) r(12,2) d(10)
26; 41, 10; d(4) d(2) d(1) r(13,3) a(10,16) d(11) a(8,3)
27; 41, 10; r(3,17) d(13) d(13) r(5,9) r(8,12) d(2) a(8,6) a(13,8) d(9) d(3)
28; 41; d(4) d(2) d(1) r(13,3) a(10,16) d(11) a(8,3) d(3)
29; 10; r(3,17) d(13) d(13) r(5,9) r(8,12) d(2) a(8,6) a(13,8) d(9)
30; 36; d(2) d(13) d(4) d(13) d(13) r(5,9) r(8,4) d(3) a(1,17) r(1,6)
31; 23; r(3,17) d(13) a(12,13) a(12,8) a(11,14) d(9) r(6,10)
32; 49; d(2) d(13) d(4) d(13) d(13) r(5,9) r(8,4) d(3) a(1,17) r(1,6)
33; 31; d(5) d(13) d(10) r(3,9) r(2,3) r(14,4) a(9,10) r(15,12) d(9)
34; 27; r(3,17) a(12,13) d(13) d(5)
35; 30; r(3,17) d(13) d(13) r(5,9) r(8,4) a(12,13) a(2,8) r(11,4) r(15,16) d(4)
36; 53; r(3,17) d(13) r(5,9) r(8,4) d(3) a(1,17) r(15,11) a(9,3) d(9)
37; 5; d(4) d(2) d(1) a(1,17) d(2) r(13,4) r(12,2) d(3)
38; 32, 5; d(4) r(12,2) d(3)
39; 32, 5; d(4) d(2) d(1) a(1,17) d(2) r(13,4) d(2) a(3,17) a(3,2) d(3) a(1,13) a(1,17) d(1)
40; 32; d(4) d(2) a(3,17) a(3,2) d(3) a(1,13) a(1,17) d(1)
41; 5; d(4) d(2) d(1) a(1,17) d(2) r(13,4) r(12,2) d(3)
42; 6, 10; r(3,17) d(1) r(5,8) r(3,16) a(1,17) d(13) d(13) r(5,9) r(8,12) d(2) a(8,6) a(13,8) d(9)
43; 6, 10; r(3,17) d(2) r(13,4) r(12,2) d(10)
44; 6; r(3,17) d(1) r(5,8) r(3,16) a(1,17) d(2) r(13,4) r(12,2) d(10)
45; 10; r(3,17) d(13) d(13) r(5,9) r(8,12) d(2) a(8,6) a(13,8) d(9)
46; 45, 52; r(3,17) d(13) d(13) r(5,9) r(8,4) r(5,9) r(8,4) a(12,13) a(12,8) a(11,14) a(12,12) d(2)
47; 45, 52; r(3,17) d(13) d(13) d(4) d(2) a(1,13)
48; 45; r(3,17) d(13) d(13) r(5,9) r(8,4) d(4) d(2) a(1,13)
49; 52; r(3,17) d(13) d(13) r(5,9) r(8,4) a(12,13) a(12,8) a(11,14) a(12,12) d(2)
50; 0, 40; d(4) a(12,12)
51; 0, 40; d(2) r(13,9) d(14) a(15,15) a(1,6) r(2,13) r(11,17) d(2) d(1) a(3,9) d(3)
52; 0; d(4) d(2) d(1) a(3,9) d(3)
53; 40; d(2) r(13,9) d(14) a(15,15) a(1,6) r(2,13) r(11,17) a(12,12)
54; 34, 14; r(3,17) d(1) r(5,8) r(3,16) a(1,17) d(2) r(13,4) r(12,2) d(4) d(8) r(10,17) d(1) r(2,6)
55; 34, 14; r(3,17) a(14,6) d(8) d(6) r(8,17)
56; 34; r(3,17) d(1) r(5,8) r(3,16) a(1,17) d(2) r(13,4) r(12,2) r(8,17)
57; 14; r(3,17) a(14,6) d(8) d(6) d(4) d(8) r(10,17) d(1) r(2,6)
58; 42; r(3,17) d(13) d(13) r(5,9) r(8,4) a(12,13) a(12,8) a(11,14) r(14,10) r(10,14)
59; 7; d(4) d(2) d(1) a(3,9) d(3)
60; 23, 52; r(3,17) d(13) a(12,13) a(12,8) d(2)
61; 23, 52; r(3,17) d(13) d(13) r(5,9) r(8,4) a(12,13) a(12,8) a(11,14) a(12,12) a(11,14) d(9) r(6,10)
62; 23; r(3,17) d(13) a(12,13) a(12,8) a(11,14) d(9) r(6,10)
63; 52; r(3,17) d(13) d(13) r(5,9) r(8,4) a(12,13) a(12,8) a(11,14) a(12,12) d(2)
64; 46; r(3,17) d(13) d(13) r(5,9) a(6,4) r(13,2) r(5,17) r(11,12) r(1,6) a(8,13)
65; 17; d(2) d(13) d(4) d(13) d(13) r(5,9) r(8,4) d(3) a(1,17) a(1,17)
--------------------------------------------------------------------------------
Mutation

0; r(3,9) a(13,3) r(8,12) r(2,3) d(13) a(12,13) a(12,8) a(11,14) d(9) a(4,16) r(6,10)
1; d(4) d(2) a(3,17) a(3,2) d(3) a(1,13) a(1,17) d(1)
2; d(2) r(13,9) d(2) d(1) a(3,9) d(3) d(9)
3; d(4) d(14) a(15,15) d(8) r(8,12) r(2,3) d(13) r(9,10) a(4,13) r(4,6) d(3)
4; d(2) r(13,9) d(14) a(15,15) d(8) r(8,12) r(2,3) d(13) r(9,10) a(4,13) r(4,6) a(1,6)
5; d(4) d(2) d(1) a(3,9) d(3)
6; r(3,17) d(13) d(13) r(5,9) r(8,12) r(9,4) d(2) r(4,13) r(1,17) a(3,9) d(3)
7; d(4) d(2) d(1) d(3)
8; r(3,17) d(13) d(13) r(5,9) r(8,12) r(9,4) d(2) r(4,13) r(1,17)
9; d(4) d(2) d(1) a(3,9) d(3)
10; r(3,17) d(13) d(13) r(5,9) r(8,4) a(12,13) a(12,8) a(11,14) r(1,6) d(10)
11; d(2) d(13) d(4) d(13) d(13) r(5,9) r(8,4) d(3) a(1,17) r(14,10) r(10,14) r(1,17)
12; r(3,17) d(13) d(13) r(5,9) r(8,4) a(12,13) a(12,8) a(11,14) r(14,10) r(10,14) a(15,14)
13; d(2) d(13) d(4) d(13) d(13) r(5,9) r(8,4) d(3) a(1,17) r(1,6)
14; d(4) d(2) d(1) a(2,8) r(11,4) r(15,16) r(4,8) a(3,11)
15; r(3,17) d(13) d(13) r(5,9) r(8,4) a(12,13) r(13,3) a(10,16) d(11) a(8,3) d(3) d(14) a(15,15) a(1,6) r(2,13) r(11,17) d(15)
16; d(4) d(2) d(1) r(13,3) a(10,16) d(11) a(8,3) d(3) d(14) a(15,15) a(1,6) r(2,13) r(11,17)
17; r(3,17) d(13) d(13) r(5,9) r(8,4) a(12,13) a(2,8) r(11,4) r(15,16) r(4,8) d(2)
18; r(3,17) d(13) d(13) r(5,9) r(4,6) r(1,13)
19; d(2) r(13,9) d(14) a(15,15) d(8) r(8,12) r(2,3) d(13) r(9,10) a(4,13) r(8,12) d(2) a(8,6) a(8,5) a(1,6) d(14) r(1,13)
20; r(3,17) d(13) d(13) r(5,9) r(8,12) d(2) a(8,6) a(8,5) a(1,6) d(14) d(4)
21; d(2) r(13,9) d(14) a(15,15) d(8) r(8,12) r(2,3) d(13) r(9,10) a(4,13) r(4,6) a(1,6)
22; r(3,17) d(13) d(13) d(10) r(2,17)
23; r(3,17) d(1) r(5,8) r(3,16) a(1,17) d(2) r(13,4) r(12,2) r(5,9) r(8,12) r(9,4) d(2) r(4,13) r(1,17)
24; r(3,17) d(13) d(13) r(5,9) r(8,12) r(9,4) d(2) r(4,13) r(1,17)
25; r(3,17) d(1) r(5,8) r(3,16) a(1,17) d(2) r(13,4) r(12,2) d(10) a(8,4)
26; d(4) d(2) d(1) r(13,3) a(10,16) d(11) a(8,3) a(3,10)
27; r(3,17) d(13) d(13) r(5,9) r(8,12) d(2) a(8,6) a(13,8) d(9) d(3) r(4,11)
28; d(4) d(2) d(1) r(13,3) a(10,16) d(11) a(8,3) d(3)
29; r(3,17) d(13) d(13) r(5,9) r(8,12) d(2) a(8,6) a(13,8) d(9) d(1)
30; d(2) d(13) d(4) d(13) d(13) r(5,9) r(8,4) d(3) a(1,17) r(1,6)
31; r(3,17) d(13) a(12,13) a(12,8) a(11,14) d(9) r(6,10) d(4)
32; d(2) d(13) d(4) d(13) d(13) r(5,9) r(8,4) d(3) a(1,17) r(1,6)
33; d(5) d(13) d(10) r(3,9) r(2,3) r(14,4) a(9,10) r(15,12) d(9) a(4,10)
34; r(3,17) a(12,13) d(13) d(5) d(9)
35; r(3,17) d(13) d(13) r(5,9) r(8,4) a(12,13) a(2,8) r(11,4) r(15,16) d(4) d(2)
36; r(3,17) d(13) r(5,9) r(8,4) d(3) a(1,17) r(15,11) a(9,3) d(9) a(4,9)
37; d(4) d(2) d(1) a(1,17) d(2) r(13,4) r(12,2) d(3)
38; d(4) r(12,2) d(3) a(1,6)
39; d(4) d(2) d(1) a(1,17) d(2) r(13,4) d(2) a(3,17) a(3,2) d(3) a(1,13) a(1,17) d(1)
40; d(4) d(2) a(3,17) a(3,2) d(3) a(1,13) a(1,17) d(1)
41; d(4) d(2) d(1) a(1,17) d(2) r(13,4) r(12,2) d(3)
42; r(3,17) d(1) r(5,8) r(3,16) a(1,17) d(13) d(13) r(5,9) r(8,12) d(2) a(8,6) a(13,8) d(9) r(4,16)
43; r(3,17) d(2) r(13,4) r(12,2) d(10) a(9,9)
44; r(3,17) d(1) r(5,8) r(3,16) a(1,17) d(2) r(13,4) r(12,2) d(10) d(14)
45; r(3,17) d(13) d(13) r(5,9) r(8,12) d(2) a(8,6) a(13,8) d(9) d(4)
46; r(3,17) d(13) d(13) r(5,9) r(8,4) r(5,9) r(8,4) a(12,13) a(12,8) a(11,14) a(12,12) d(2) a(11,11)
47; r(3,17) d(13) d(13) d(4) d(2) a(1,13) r(1,13)
48; r(3,17) d(13) d(13) r(5,9) r(8,4) d(4) d(2) a(1,13) d(1)
49; r(3,17) d(13) d(13) r(5,9) r(8,4) a(12,13) a(12,8) a(11,14) a(12,12) d(2) d(11)
50; d(4) a(12,12) r(2,3)
51; d(2) r(13,9) d(14) a(15,15) a(1,6) r(2,13) r(11,17) d(2) d(1) a(3,9) d(3) a(6,4)
52; d(4) d(2) d(1) a(3,9) d(3)
53; d(2) r(13,9) d(14) a(15,15) a(1,6) r(2,13) r(11,17) a(12,12) d(15)
54; r(3,17) d(1) r(5,8) r(3,16) a(1,17) d(2) r(13,4) r(12,2) d(4) d(8) r(10,17) d(1) r(2,6)
55; r(3,17) a(14,6) d(8) d(6) r(8,17) a(1,1)
56; r(3,17) d(1) r(5,8) r(3,16) a(1,17) d(2) r(13,4) r(12,2) r(8,17) a(14,16)
57; r(3,17) a(14,6) d(8) d(6) d(4) d(8) r(10,17) d(1) r(2,6)
58; r(3,17) d(13) d(13) r(5,9) r(8,4) a(12,13) a(12,8) a(11,14) r(14,10) r(10,14) d(2)
59; d(4) d(2) d(1) a(3,9) d(3)
60; r(3,17) d(13) a(12,13) a(12,8) d(2) r(4,8)
61; r(3,17) d(13) d(13) r(5,9) r(8,4) a(12,13) a(12,8) a(11,14) a(12,12) a(11,14) d(9) r(6,10) d(4)
62; r(3,17) d(13) a(12,13) a(12,8) a(11,14) d(9) r(6,10) d(2)
63; r(3,17) d(13) d(13) r(5,9) r(8,4) a(12,13) a(12,8) a(11,14) a(12,12) d(2) r(11,9)
64; r(3,17) d(13) d(13) r(5,9) a(6,4) r(13,2) r(5,17) r(11,12) r(1,6) a(8,13) a(12,2)
65; d(2) d(13) d(4) d(13) d(13) r(5,9) r(8,4) d(3) a(1,17) a(1,17) r(1,13)
--------------------------------------------------------------------------------
Evaluation

0; 0.
1; 0.
2; 0.
3; 0.
4; 0.
5; 0.
6; 0.
7; 0.
8; 0.
9; 0.
10; 0.
11; 0.
12; 0.
13; 0.
14; 0.
15; 0.
16; 0.
17; 0.
18; 0.
19; 0.
20; 0.
21; 0.
22; 0.
23; 0.
24; 0.
25; 0.
26; 0.
27; 0.
28; 0.
29; 0.
30; 0.
31; 0.
32; 0.
33; 0.
34; 0.
35; 0.
36; 0.
37; 0.
38; 13.
39; 0.
40; 0.
41; 0.
42; 0.
43; 0.
44; 0.
45; 0.
46; 0.
47; 0.
48; 0.
49; 0.
50; 0.
51; 0.
52; 0.
53; 0.
54; 0.
55; 0.
56; 0.
57; 0.
58; 0.
59; 0.
60; 0.
61; 0.
62; 0.
63; 0.
64; 0.
65; 0.
================================================================================
Generation 10

--------------------------------------------------------------------------------
Selection

0; 27
1; 29
2; 41
3; 65
4; 52
5; 30
6; 6
7; 20
8; 32
9; 32
10; 19
11; 64
12; 55
13; 10
14; 62
15; 26
16; 19
17; 56
18; 50
19; 18
20; 15
21; 6
22; 15
23; 8
24; 31
25; 49
26; 4
27; 51
28; 40
29; 23
30; 17
31; 36
32; 4
33; 39
34; 9
35; 31
36; 61
37; 34
38; 21
39; 64
--------------------------------------------------------------------------------
Crossover

0; 20, 30; r(3,17) d(13) d(13) r(5,9) r(8,12) d(2) a(8,6) a(8,5) a(1,6) d(14) d(13) r(5,9) r(8,4) d(3) a(1,17) r(1,6)
1; 20, 30; d(2) d(13) d(4) d(13) d(4)
2; 20; r(3,17) d(13) d(13) r(5,9) r(8,12) d(2) a(8,6) a(8,5) a(1,6) d(14) d(4)
3; 30; d(2) d(13) d(4) d(13) d(13) r(5,9) r(8,4) d(3) a(1,17) r(1,6)
4; 64; r(3,17) d(13) d(13) r(5,9) a(6,4) r(13,2) r(5,17) r(11,12) r(1,6) a(8,13) a(12,2)
5; 19; d(2) r(13,9) d(14) a(15,15) d(8) r(8,12) r(2,3) d(13) r(9,10) a(4,13) r(8,12) d(2) a(8,6) a(8,5) a(1,6) d(14) r(1,13)
6; 17; r(3,17) d(13) d(13) r(5,9) r(8,4) a(12,13) a(2,8) r(11,4) r(15,16) r(4,8) d(2)
7; 55; r(3,17) a(14,6) d(8) d(6) r(8,17) a(1,1)
8; 29; r(3,17) d(13) d(13) r(5,9) r(8,12) d(2) a(8,6) a(13,8) d(9) d(1)
9; 36; r(3,17) d(13) r(5,9) r(8,4) d(3) a(1,17) r(15,11) a(9,3) d(9) a(4,9)
10; 50, 52; d(4) a(12,12) r(2,3) d(3)
11; 50, 52; d(4) d(2) d(1) a(3,9)
12; 50; d(4) a(12,12) r(2,3)
13; 52; d(4) d(2) d(1) a(3,9) d(3)
14; 34, 31; r(3,17) a(11,14) d(9) r(6,10) d(4)
15; 34, 31; r(3,17) d(13) a(12,13) a(12,8) a(12,13) d(13) d(5) d(9)
16; 34; r(3,17) a(12,13) d(13) d(5) d(9)
17; 31; r(3,17) d(13) a(12,13) a(12,8) a(11,14) d(9) r(6,10) d(4)
18; 62, 6; r(3,17) d(13) a(12,13) a(12,8) a(11,14) r(9,4) d(2) r(4,13) r(1,17) a(3,9) d(3)
19; 62, 6; r(3,17) d(13) d(13) r(5,9) r(8,12) d(9) r(6,10) d(2)
20; 62; r(3,17) d(13) a(12,13) a(12,8) a(11,14) d(9) r(6,10) d(2)
21; 6; r(3,17) d(13) d(13) r(5,9) r(8,12) r(9,4) d(2) r(4,13) r(1,17) a(3,9) d(3)
22; 31, 39; r(3,17) d(13) a(12,13) a(12,8) a(11,14) d(3) a(1,13) a(1,17) d(1)
23; 31, 39; d(4) d(2) d(1) a(1,17) d(2) r(13,4) d(2) a(3,17) a(3,2) d(9) r(6,10) d(4)
24; 31; r(3,17) d(13) a(12,13) a(12,8) a(11,14) d(9) r(6,10) d(4)
25; 39; d(4) d(2) d(1) a(1,17) d(2) r(13,4) d(2) a(3,17) a(3,2) d(3) a(1,13) a(1,17) d(1)
26; 64, 19; r(3,17) d(13) d(13) r(5,9) a(6,4) r(1,13)
27; 64, 19; d(2) r(13,9) d(14) a(15,15) d(8) r(8,12) r(2,3) d(13) r(9,10) a(4,13) r(8,12) d(2) a(8,6) a(8,5) a(1,6) d(14) r(13,2) r(5,17) r(11,12) r(1,6) a(8,13) a(12,2)
28; 64; r(3,17) d(13) d(13) r(5,9) a(6,4) r(13,2) r(5,17) r(11,12) r(1,6) a(8,13) a(12,2)
29; 19; d(2) r(13,9) d(14) a(15,15) d(8) r(8,12) r(2,3) d(13) r(9,10) a(4,13) r(8,12) d(2) a(8,6) a(8,5) a(1,6) d(14) r(1,13)
30; 49, 23; r(3,17) d(13) d(13) r(5,9) r(8,4) a(12,13) a(12,8) r(1,17)
31; 49, 23; r(3,17) d(1) r(5,8) r(3,16) a(1,17) d(2) r(13,4) r(12,2) r(5,9) r(8,12) r(9,4) d(2) r(4,13) a(11,14) a(12,12) d(2) d(11)
32; 49; r(3,17) d(13) d(13) r(5,9) r(8,4) a(12,13) a(12,8) a(11,14) a(12,12) d(2) d(11)
33; 23; r(3,17) d(1) r(5,8) r(3,16) a(1,17) d(2) r(13,4) r(12,2) r(5,9) r(8,12) r(9,4) d(2) r(4,13) r(1,17)
34; 18; r(3,17) d(13) d(13) r(5,9) r(4,6) r(1,13)
35; 40; d(4) d(2) a(3,17) a(3,2) d(3) a(1,13) a(1,17) d(1)
36; 27; r(3,17) d(13) d(13) r(5,9) r(8,12) d(2) a(8,6) a(13,8) d(9) d(3) r(4,11)
37; 8; r(3,17) d(13) d(13) r(5,9) r(8,12) r(9,4) d(2) r(4,13) r(1,17)
38; 65, 4; d(2) d(13) d(4) d(13) r(4,6) a(1,6)
39; 65, 4; d(2) r(13,9) d(14) a(15,15) d(8) r(8,12) r(2,3) d(13) r(9,10) a(4,13) d(13) r(5,9) r(8,4) d(3) a(1,17) a(1,17) r(1,13)
40; 65; d(2) d(13) d(4) d(13) d(13) r(5,9) r(8,4) d(3) a(1,17) a(1,17) r(1,13)
41; 4; d(2) r(13,9) d(14) a(15,15) d(8) r(8,12) r(2,3) d(13) r(9,10) a(4,13) r(4,6) a(1,6)
42; 6, 26; r(3,17) a(8,3) a(3,10)
43; 6, 26; d(4) d(2) d(1) r(13,3) a(10,16) d(11) d(13) d(13) r(5,9) r(8,12) r(9,4) d(2) r(4,13) r(1,17) a(3,9) d(3)
44; 6; r(3,17) d(13) d(13) r(5,9) r(8,12) r(9,4) d(2) r(4,13) r(1,17) a(3,9) d(3)
45; 26; d(4) d(2) d(1) r(13,3) a(10,16) d(11) a(8,3) a(3,10)
46; 56; r(3,17) d(1) r(5,8) r(3,16) a(1,17) d(2) r(13,4) r(12,2) r(8,17) a(14,16)
47; 10; r(3,17) d(13) d(13) r(5,9) r(8,4) a(12,13) a(12,8) a(11,14) r(1,6) d(10)
48; 41; d(4) d(2) d(1) a(1,17) d(2) r(13,4) r(12,2) d(3)
49; 15; r(3,17) d(13) d(13) r(5,9) r(8,4) a(12,13) r(13,3) a(10,16) d(11) a(8,3) d(3) d(14) a(15,15) a(1,6) r(2,13) r(11,17) d(15)
50; 21, 61; d(2) d(9) r(6,10) d(4)
51; 21, 61; r(3,17) d(13) d(13) r(5,9) r(8,4) a(12,13) a(12,8) a(11,14) a(12,12) a(11,14) r(13,9) d(14) a(15,15) d(8) r(8,12) r(2,3) d(13) r(9,10) a(4,13) r(4,6) a(1,6)
52; 21; d(2) r(13,9) d(14) a(15,15) d(8) r(8,12) r(2,3) d(13) r(9,10) a(4,13) r(4,6) a(1,6)
53; 61; r(3,17) d(13) d(13) r(5,9) r(8,4) a(12,13) a(12,8) a(11,14) a(12,12) a(11,14) d(9) r(6,10) d(4)
54; 4, 32; d(2) r(13,9) d(14) a(15,15) d(8) d(13) d(13) r(5,9) r(8,4) d(3) a(1,17) r(1,6)
55; 4, 32; d(2) d(13) d(4) r(8,12) r(2,3) d(13) r(9,10) a(4,13) r(4,6) a(1,6)
56; 4; d(2) r(13,9) d(14) a(15,15) d(8) r(8,12) r(2,3) d(13) r(9,10) a(4,13) r(4,6) a(1,6)
57; 32; d(2) d(13) d(4) d(13) d(13) r(5,9) r(8,4) d(3) a(1,17) r(1,6)
58; 9, 32; d(4) d(2) d(1) r(1,6)
59; 9, 32; d(2) d(13) d(4) d(13) d(13) r(5,9) r(8,4) d(3) a(1,17) a(3,9) d(3)
60; 9; d(4) d(2) d(1) a(3,9) d(3)
61; 32; d(2) d(13) d(4) d(13) d(13) r(5,9) r(8,4) d(3) a(1,17) r(1,6)
62; 15; r(3,17) d(13) d(13) r(5,9) r(8,4) a(12,13) r(13,3) a(10,16) d(11) a(8,3) d(3) d(14) a(15,15) a(1,6) r(2,13) r(11,17) d(15)
63; 51; d(2) r(13,9) d(14) a(15,15) a(1,6) r(2,13) r(11,17) d(2) d(1) a(3,9) d(3) a(6,4)
--------------------------------------------------------------------------------
Mutation

0; r(3,17) d(13) d(13) r(5,9) r(8,12) d(2) a(8,6) a(8,5) a(1,6) d(14) d(13) r(5,9) r(8,4) d(3) a(1,17) r(1,6) d(9)
1; d(2) d(13) d(4) d(13) d(4) a(1,13)
2; r(3,17) d(13) d(13) r(5,9) r(8,12) d(2) a(8,6) a(8,5) a(1,6) d(14) d(4) d(1)
3; d(2) d(13) d(4) d(13) d(13) r(5,9) r(8,4) d(3) a(1,17) r(1,6)
4; r(3,17) d(13) d(13) r(5,9) a(6,4) r(13,2) r(5,17) r(11,12) r(1,6) a(8,13) a(12,2) r(12,13)
5; d(2) r(13,9) d(14) a(15,15) d(8) r(8,12) r(2,3) d(13) r(9,10) a(4,13) r(8,12) d(2) a(8,6) a(8,5) a(1,6) d(14) r(1,13) r(5,14)
6; r(3,17) d(13) d(13) r(5,9) r(8,4) a(12,13) a(2,8) r(11,4) r(15,16) r(4,8) d(2) d(1)
7; r(3,17) a(14,6) d(8) d(6) r(8,17) a(1,1) r(13,6)
8; r(3,17) d(13) d(13) r(5,9) r(8,12) d(2) a(8,6) a(13,8) d(9) d(1) d(4)
9; r(3,17) d(13) r(5,9) r(8,4) d(3) a(1,17) r(15,11) a(9,3) d(9) a(4,9) d(1)
10; d(4) a(12,12) r(2,3) d(3) d(1)
11; d(4) d(2) d(1) a(3,9) r(3,12)
12; d(4) a(12,12) r(2,3) d(1)
13; d(4) d(2) d(1) a(3,9) d(3)
14; r(3,17) a(11,14) d(9) r(6,10) d(4) r(2,9)
15; r(3,17) d(13) a(12,13) a(12,8) a(12,13) d(13) d(5) d(9) a(1,13)
16; r(3,17) a(12,13) d(13) d(5) d(9) d(8)
17; r(3,17) d(13) a(12,13) a(12,8) a(11,14) d(9) r(6,10) d(4) d(2)
18; r(3,17) d(13) a(12,13) a(12,8) a(11,14) r(9,4) d(2) r(4,13) r(1,17) a(3,9) d(3)
19; r(3,17) d(13) d(13) r(5,9) r(8,12) d(9) r(6,10) d(2) r(1,17)
20; r(3,17) d(13) a(12,13) a(12,8) a(11,14) d(9) r(6,10) d(2) a(8,2)
21; r(3,17) d(13) d(13) r(5,9) r(8,12) r(9,4) d(2) r(4,13) r(1,17) a(3,9) d(3)
22; r(3,17) d(13) a(12,13) a(12,8) a(11,14) d(3) a(1,13) a(1,17) d(1) a(4,16)
23; d(4) d(2) d(1) a(1,17) d(2) r(13,4) d(2) a(3,17) a(3,2) d(9) r(6,10) d(4) a(3,10)
24; r(3,17) d(13) a(12,13) a(12,8) a(11,14) d(9) r(6,10) d(4) a(2,9)
25; d(4) d(2) d(1) a(1,17) d(2) r(13,4) d(2) a(3,17) a(3,2) d(3) a(1,13) a(1,17) d(1)
26; r(3,17) d(13) d(13) r(5,9) a(6,4) r(1,13) d(12)
27; d(2) r(13,9) d(14) a(15,15) d(8) r(8,12) r(2,3) d(13) r(9,10) a(4,13) r(8,12) d(2) a(8,6) a(8,5) a(1,6) d(14) r(13,2) r(5,17) r(11,12) r(1,6) a(8,13) a(12,2) d(3)
28; r(3,17) d(13) d(13) r(5,9) a(6,4) r(13,2) r(5,17) r(11,12) r(1,6) a(8,13) a(12,2) a(9,9)
29; d(2) r(13,9) d(14) a(15,15) d(8) r(8,12) r(2,3) d(13) r(9,10) a(4,13) r(8,12) d(2) a(8,6) a(8,5) a(1,6) d(14) r(1,13) a(4,16)
30; r(3,17) d(13) d(13) r(5,9) r(8,4) a(12,13) a(12,8) r(1,17) r(15,10)
31; r(3,17) d(1) r(5,8) r(3,16) a(1,17) d(2) r(13,4) r(12,2) r(5,9) r(8,12) r(9,4) d(2) r(4,13) a(11,14) a(12,12) d(2) d(11)
32; r(3,17) d(13) d(13) r(5,9) r(8,4) a(12,13) a(12,8) a(11,14) a(12,12) d(2) d(11) d(10)
33; r(3,17) d(1) r(5,8) r(3,16) a(1,17) d(2) r(13,4) r(12,2) r(5,9) r(8,12) r(9,4) d(2) r(4,13) r(1,17)
34; r(3,17) d(13) d(13) r(5,9) r(4,6) r(1,13) d(2)
35; d(4) d(2) a(3,17) a(3,2) d(3) a(1,13) a(1,17) d(1)
36; r(3,17) d(13) d(13) r(5,9) r(8,12) d(2) a(8,6) a(13,8) d(9) d(3) r(4,11) a(1,17)
37; r(3,17) d(13) d(13) r(5,9) r(8,12) r(9,4) d(2) r(4,13) r(1,17)
38; d(2) d(13) d(4) d(13) r(4,6) a(1,6) r(3,10)
39; d(2) r(13,9) d(14) a(15,15) d(8) r(8,12) r(2,3) d(13) r(9,10) a(4,13) d(13) r(5,9) r(8,4) d(3) a(1,17) a(1,17) r(1,13) r(4,9)
40; d(2) d(13) d(4) d(13) d(13) r(5,9) r(8,4) d(3) a(1,17) a(1,17) r(1,13)
41; d(2) r(13,9) d(14) a(15,15) d(8) r(8,12) r(2,3) d(13) r(9,10) a(4,13) r(4,6) a(1,6) r(1,13)
42; r(3,17) a(8,3) a(3,10) a(13,8)
43; d(4) d(2) d(1) r(13,3) a(10,16) d(11) d(13) d(13) r(5,9) r(8,12) r(9,4) d(2) r(4,13) r(1,17) a(3,9) d(3)
44; r(3,17) d(13) d(13) r(5,9) r(8,12) r(9,4) d(2) r(4,13) r(1,17) a(3,9) d(3)
45; d(4) d(2) d(1) r(13,3) a(10,16) d(11) a(8,3) a(3,10) r(3,13)
46; r(3,17) d(1) r(5,8) r(3,16) a(1,17) d(2) r(13,4) r(12,2) r(8,17) a(14,16) d(15)
47; r(3,17) d(13) d(13) r(5,9) r(8,4) a(12,13) a(12,8) a(11,14) r(1,6) d(10) a(4,14)
48; d(4) d(2) d(1) a(1,17) d(2) r(13,4) r(12,2) d(3)
49; r(3,17) d(13) d(13) r(5,9) r(8,4) a(12,13) r(13,3) a(10,16) d(11) a(8,3) d(3) d(14) a(15,15) a(1,6) r(2,13) r(11,17) d(15) r(4,10)
50; d(2) d(9) r(6,10) d(4) r(3,13)
51; r(3,17) d(13) d(13) r(5,9) r(8,4) a(12,13) a(12,8) a(11,14) a(12,12) a(11,14) r(13,9) d(14) a(15,15) d(8) r(8,12) r(2,3) d(13) r(9,10) a(4,13) r(4,6) a(1,6) a(1,1)
52; d(2) r(13,9) d(14) a(15,15) d(8) r(8,12) r(2,3) d(13) r(9,10) a(4,13) r(4,6) a(1,6) d(3)
53; r(3,17) d(13) d(13) r(5,9) r(8,4) a(12,13) a(12,8) a(11,14) a(12,12) a(11,14) d(9) r(6,10) d(4) r(1,13)
54; d(2) r(13,9) d(14) a(15,15) d(8) d(13) d(13) r(5,9) r(8,4) d(3) a(1,17) r(1,6) a(9,8)
55; d(2) d(13) d(4) r(8,12) r(2,3) d(13) r(9,10) a(4,13) r(4,6) a(1,6) d(3)
56; d(2) r(13,9) d(14) a(15,15) d(8) r(8,12) r(2,3) d(13) r(9,10) a(4,13) r(4,6) a(1,6) r(1,13)
57; d(2) d(13) d(4) d(13) d(13) r(5,9) r(8,4) d(3) a(1,17) r(1,6)
58; d(4) d(2) d(1) r(1,6) d(3)
59; d(2) d(13) d(4) d(13) d(13) r(5,9) r(8,4) d(3) a(1,17) a(3,9) d(3) a(1,1)
60; d(4) d(2) d(1) a(3,9) d(3)
61; d(2) d(13) d(4) d(13) d(13) r(5,9) r(8,4) d(3) a(1,17) r(1,6)
62; r(3,17) d(13) d(13) r(5,9) r(8,4) a(12,13) r(13,3) a(10,16) d(11) a(8,3) d(3) d(14) a(15,15) a(1,6) r(2,13) r(11,17) d(15) r(4,2)
63; d(2) r(13,9) d(14) a(15,15) a(1,6) r(2,13) r(11,17) d(2) d(1) a(3,9) d(3) a(6,4) r(8,9)
--------------------------------------------------------------------------------
Evaluation

0; 0.
1; 0.
2; 0.
3; 0.
4; 0.
5; 0.
6; 0.
7; 0.
8; 0.
9; 0.
10; 0.
11; 0.
12; 0.
13; 0.
14; 0.
15; 0.
16; 0.
17; 0.
18; 0.
19; 0.
20; 0.
21; 0.
22; 0.
23; 0.
24; 0.
25; 0.
26; 0.
27; 0.
28; 0.
29; 0.
30; 0.
31; 0.
32; 0.
33; 0.
34; 0.
35; 0.
36; 0.
37; 0.
38; 0.
39; 0.
40; 0.
41; 0.
42; 0.
43; 0.
44; 0.
45; 0.
46; 0.
47; 0.
48; 0.
49; 0.
50; 0.
51; 0.
52; 0.
53; 0.
54; 0.
55; 0.
56; 0.
57; 0.
58; 0.
59; 0.
60; 0.
61; 0.
62; 0.
63; 0.
