================================================================================
Enclosure

1: 0
2: 0
3: 0
4: 0
5: 4
6: 5
8: 4
9: 4
10: 9
11: 10
12: 10
13: 10
14: 9
15: 9
16: 0
17: 0
================================================================================
Initialisation

0; d(12); 4.
1; d(13); 18.
2; d(14); 5.
3; a(13,11); 54.
4; d(9); 4.
5; a(13,12); 18.
6; r(3,11); 13.
7; r(13,10); 18.
8; d(2); 0.
9; d(13); 18.
10; d(2); 0.
11; r(12,4); 4.
12; d(4); 13.
13; d(13); 18.
14; d(11); 4.
15; r(14,16); 5.
16; a(13,17); 18.
17; r(13,17); 18.
18; r(3,2); 13.
19; d(15); 5.
20; r(11,15); 4.
21; d(2); 0.
22; a(13,2); 18.
23; r(6,13); 18.
24; d(13); 18.
25; a(13,16); 18.
26; a(13,3); 18.
27; a(13,4); 18.
28; r(1,13); 42.
29; d(13); 18.
30; d(13); 18.
31; a(13,6); 18.
32; d(8); 13.
33; a(13,2); 18.
34; a(1,13); 18.
35; a(12,11); 5.
36; r(13,4); 18.
37; r(6,16); 4.
38; d(13); 18.
39; original; 18.
================================================================================
Generation 1

--------------------------------------------------------------------------------
Selection

0; 6
1; 8
2; 11
3; 8
4; 39
5; 4
6; 10
7; 8
8; 4
9; 7
10; 15
11; 8
12; 12
13; 2
14; 18
15; 0
16; 39
17; 4
18; 30
19; 2
20; 30
21; 2
22; 10
23; 35
24; 13
25; 4
26; 30
27; 0
28; 19
29; 15
30; 35
31; 12
32; 5
33; 39
34; 0
35; 8
36; 8
37; 9
38; 37
39; 11
--------------------------------------------------------------------------------
Crossover

0; 15; r(14,16)
1; 7; r(13,10)
2; 15, 18; r(14,16)
3; 15, 18; r(3,2)
4; 15; r(14,16)
5; 18; r(3,2)
6; 4; d(9)
7; 39; original
8; 9, 30; d(13)
9; 9, 30; d(13)
10; 9; d(13)
11; 30; d(13)
12; 2, 0; d(14)
13; 2, 0; d(12)
14; 2; d(14)
15; 0; d(12)
16; 4; d(9)
17; 11; r(12,4)
18; 5, 0; a(13,12)
19; 5, 0; d(12)
20; 5; a(13,12)
21; 0; d(12)
22; 8, 2; d(2)
23; 8, 2; d(14)
24; 8; d(2)
25; 2; d(14)
26; 8; d(2)
27; 4; d(9)
28; 2; d(14)
29; 10; d(2)
30; 30, 12; d(13)
31; 30, 12; d(4)
32; 30; d(13)
33; 12; d(4)
34; 39, 4; original
35; 39, 4; d(9)
36; 39; original
37; 4; d(9)
38; 35, 30; a(12,11)
39; 35, 30; d(13)
40; 35; a(12,11)
41; 30; d(13)
42; 19; d(15)
43; 11; r(12,4)
44; 8, 39; d(2)
45; 8, 39; original
46; 8; d(2)
47; 39; original
48; 10, 8; d(2)
49; 10, 8; d(2)
50; 10; d(2)
51; 8; d(2)
52; 13, 35; d(13)
53; 13, 35; a(12,11)
54; 13; d(13)
55; 35; a(12,11)
56; 12; d(4)
57; 8; d(2)
58; 8, 0; d(2)
59; 8, 0; d(12)
60; 8; d(2)
61; 0; d(12)
62; 37, 6; r(6,16)
63; 37, 6; r(3,11)
64; 37; r(6,16)
65; 6; r(3,11)
--------------------------------------------------------------------------------
Mutation

0; r(14,16) d(9)
1; r(13,10) r(5,16)
2; r(14,16) r(15,4)
3; r(3,2) r(1,13)
4; r(14,16) d(9)
5; r(3,2) a(13,11)
6; d(9) r(8,9)
7; a(9,8)
8; d(13) d(9)
9; d(13) r(9,16)
10; d(13) a(15,9)
11; d(13) r(8,4)
12; d(14) r(5,15)
13; d(12) r(5,11)
14; d(14) d(10)
15; d(12) d(13)
16; d(9) r(5,2)
17; r(12,4) r(13,4)
18; a(13,12) r(14,15)
19; d(12) r(13,4)
20; a(13,12) r(9,15)
21; d(12) r(13,5)
22; d(2) r(13,2)
23; d(14) d(1)
24; d(2) d(13)
25; d(14) a(13,12)
26; d(2) d(13)
27; d(9) a(5,3)
28; d(14) d(3)
29; d(2) a(13,8)
30; d(13) r(3,15)
31; d(4) a(1,1)
32; d(13) a(2,11)
33; d(4) a(1,6)
34; d(15)
35; d(9) r(5,11)
36; d(13)
37; d(9) r(8,13)
38; a(12,11) d(14)
39; d(13) d(5)
40; a(12,11) d(13)
41; d(13) d(15)
42; d(15) a(13,16)
43; r(12,4) a(13,11)
44; d(2) a(5,5)
45; r(2,8)
46; d(2) d(1)
47; d(13)
48; d(2) d(13)
49; d(2) a(13,5)
50; d(2) d(13)
51; d(2) d(13)
52; d(13) r(9,5)
53; a(12,11) r(1,13)
54; d(13) d(14)
55; a(12,11) d(13)
56; d(4) d(1)
57; d(2) r(12,16)
58; d(2) a(10,10)
59; d(12) a(13,10)
60; d(2) r(13,5)
61; d(12) r(6,15)
62; r(6,16) r(13,15)
63; r(3,11) a(13,6)
64; r(6,16) d(13)
65; r(3,11) r(13,14)
--------------------------------------------------------------------------------
Evaluation

0; 4.
1; 0.
2; 5.
3; 13.
4; 4.
5; 13.
6; 13.
7; 18.
8; 4.
9; 4.
10; 9.
11; 11.
12; 0.
13; 0.
14; 4.
15; 4.
16; 0.
17; 4.
18; 5.
19; 4.
20; 4.
21; 4.
22; 0.
23; 42.
24; 0.
25; 5.
26; 0.
27; 4.
28; 13.
29; 0.
30; 1.
31; 13.
32; 18.
33; 13.
34; 5.
35; 0.
36; 18.
37; 4.
38; 5.
39; 0.
40; 5.
41; 5.
42; 5.
43; 13.
44; 0.
45; 0.
46; 0.
47; 18.
48; 0.
49; 0.
50; 0.
51; 0.
52; 4.
53; 5.
54; 5.
55; 5.
56; 13.
57; 0.
58; 0.
59; 4.
60; 0.
61; 4.
62; 4.
63; 13.
64; 4.
65; 13.
================================================================================
Generation 2

--------------------------------------------------------------------------------
Selection

0; 16
1; 37
2; 29
3; 30
4; 26
5; 46
6; 39
7; 19
8; 55
9; 58
10; 24
11; 46
12; 0
13; 25
14; 49
15; 44
16; 30
17; 43
18; 19
19; 31
20; 13
21; 44
22; 29
23; 59
24; 34
25; 60
26; 13
27; 52
28; 33
29; 57
30; 29
31; 57
32; 24
33; 51
34; 37
35; 8
36; 1
37; 29
38; 50
39; 45
--------------------------------------------------------------------------------
Crossover

0; 30; d(13) r(3,15)
1; 51; d(2) d(13)
2; 29; d(2) a(13,8)
3; 13; d(12) r(5,11)
4; 50; d(2) d(13)
5; 26; d(2) d(13)
6; 29, 13; d(2) r(5,11)
7; 29, 13; d(12) a(13,8)
8; 29; d(2) a(13,8)
9; 13; d(12) r(5,11)
10; 34, 16; d(15) r(5,2)
11; 34, 16; d(9)
12; 34; d(15)
13; 16; d(9) r(5,2)
14; 57, 45; d(2) r(12,16)
15; 57, 45; r(2,8)
16; 57; d(2) r(12,16)
17; 45; r(2,8)
18; 37; d(9) r(8,13)
19; 44; d(2) a(5,5)
20; 0; r(14,16) d(9)
21; 43; r(12,4) a(13,11)
22; 60; d(2) r(13,5)
23; 1; r(13,10) r(5,16)
24; 19, 55; d(12) r(13,4) d(13)
25; 19, 55; a(12,11)
26; 19; d(12) r(13,4)
27; 55; a(12,11) d(13)
28; 52, 24; d(13)
29; 52, 24; d(2) d(13) r(9,5)
30; 52; d(13) r(9,5)
31; 24; d(2) d(13)
32; 29, 30; d(2)
33; 29, 30; d(13) r(3,15) a(13,8)
34; 29; d(2) a(13,8)
35; 30; d(13) r(3,15)
36; 57, 8; d(2) r(12,16) d(9)
37; 57, 8; d(13)
38; 57; d(2) r(12,16)
39; 8; d(13) d(9)
40; 46, 31; d(2)
41; 46, 31; d(4) a(1,1) d(1)
42; 46; d(2) d(1)
43; 31; d(4) a(1,1)
44; 46; d(2) d(1)
45; 37; d(9) r(8,13)
46; 33, 24; d(4) a(1,6) d(13)
47; 33, 24; d(2)
48; 33; d(4) a(1,6)
49; 24; d(2) d(13)
50; 59, 25; d(12)
51; 59, 25; d(14) a(13,12) a(13,10)
52; 59; d(12) a(13,10)
53; 25; d(14) a(13,12)
54; 49, 39; d(2) a(13,5) d(5)
55; 49, 39; d(13)
56; 49; d(2) a(13,5)
57; 39; d(13) d(5)
58; 44, 19; d(2)
59; 44, 19; d(12) r(13,4) a(5,5)
60; 44; d(2) a(5,5)
61; 19; d(12) r(13,4)
62; 29, 58; d(2)
63; 29, 58; d(2) a(10,10) a(13,8)
64; 29; d(2) a(13,8)
65; 58; d(2) a(10,10)
--------------------------------------------------------------------------------
Mutation

0; d(13) r(3,15) a(6,8)
1; d(2) d(13) r(1,6)
2; d(2) a(13,8) r(10,5)
3; d(12) r(5,11) a(13,17)
4; d(2) d(13) a(12,10)
5; d(2) d(13) a(12,17)
6; d(2) r(5,11) a(9,11)
7; d(12) a(13,8) a(4,9)
8; d(2) a(13,8) a(12,14)
9; d(12) r(5,11) a(13,10)
10; d(15) r(5,2) a(1,6)
11; d(9) a(2,17)
12; d(15) r(4,14)
13; d(9) r(5,2) r(1,17)
14; d(2) r(12,16) d(13)
15; r(2,8) a(13,6)
16; d(2) r(12,16) a(13,12)
17; r(2,8) r(13,3)
18; d(9) r(8,13) d(4)
19; d(2) a(5,5) r(14,4)
20; r(14,16) d(9) d(5)
21; r(12,4) a(13,11) r(13,2)
22; d(2) r(13,5) r(15,5)
23; r(13,10) r(5,16) a(11,4)
24; d(12) r(13,4) d(13) r(6,9)
25; a(12,11) r(13,11)
26; d(12) r(13,4) a(14,4)
27; a(12,11) d(13) r(10,12)
28; d(13) a(8,12)
29; d(2) d(13) r(9,5) d(3)
30; d(13) r(9,5) d(3)
31; d(2) d(13) d(12)
32; d(2) r(11,14)
33; d(13) r(3,15) a(13,8) a(15,13)
34; d(2) a(13,8) a(13,15)
35; d(13) r(3,15) r(8,4)
36; d(2) r(12,16) d(9) a(3,16)
37; d(13) d(5)
38; d(2) r(12,16) r(13,17)
39; d(13) d(9) d(1)
40; d(2) d(12)
41; d(4) a(1,1) d(1) a(3,14)
42; d(2) d(1) d(13)
43; d(4) a(1,1) d(3)
44; d(2) d(1) a(14,12)
45; d(9) r(8,13) r(1,13)
46; d(4) a(1,6) d(13) r(2,4)
47; d(2) a(13,5)
48; d(4) a(1,6) d(3)
49; d(2) d(13) r(5,12)
50; d(12) r(13,8)
51; d(14) a(13,12) a(13,10) d(13)
52; d(12) a(13,10) a(6,5)
53; d(14) a(13,12) d(13)
54; d(2) a(13,5) d(5) a(14,8)
55; d(13) d(1)
56; d(2) a(13,5) d(8)
57; d(13) d(5) a(4,4)
58; d(2) r(5,3)
59; d(12) r(13,4) a(5,5) d(4)
60; d(2) a(5,5) d(3)
61; d(12) r(13,4) d(3)
62; d(2) a(14,8)
63; d(2) a(10,10) a(13,8) d(6)
64; d(2) a(13,8) d(13)
65; d(2) a(10,10) d(10)
--------------------------------------------------------------------------------
Evaluation

0; 1.
1; 0.
2; 0.
3; 0.
4; 0.
5; 0.
6; 0.
7; 0.
8; 0.
9; 0.
10; 0.
11; 0.
12; 13.
13; 0.
14; 0.
15; 0.
16; 0.
17; 0.
18; 13.
19; 0.
20; 0.
21; 13.
22; 0.
23; 0.
24; 8.
25; 14.
26; 4.
27; 4.
28; 4.
29; 0.
30; 13.
31; 0.
32; 0.
33; 1.
34; 0.
35; 1.
36; 0.
37; 0.
38; 0.
39; 4.
40; 0.
41; 13.
42; 0.
43; 13.
44; 0.
45; 4.
46; 0.
47; 0.
48; 13.
49; 0.
50; 4.
51; 5.
52; 4.
53; 5.
54; 0.
55; 42.
56; 0.
57; 0.
58; 0.
59; 13.
60; 0.
61; 13.
62; 0.
63; 0.
64; 0.
65; 0.
================================================================================
Generation 3

--------------------------------------------------------------------------------
Selection

0; 31
1; 17
2; 37
3; 54
4; 49
5; 15
6; 2
7; 37
8; 1
9; 16
10; 9
11; 40
12; 36
13; 4
14; 14
15; 38
16; 5
17; 22
18; 15
19; 19
20; 53
21; 35
22; 49
23; 38
24; 17
25; 38
26; 58
27; 1
28; 21
29; 38
30; 14
31; 35
32; 58
33; 28
34; 6
35; 36
36; 54
37; 14
38; 64
39; 22
--------------------------------------------------------------------------------
Crossover

0; 21, 6; r(12,4) a(13,11) r(5,11) a(9,11)
1; 21, 6; d(2) r(13,2)
2; 21; r(12,4) a(13,11) r(13,2)
3; 6; d(2) r(5,11) a(9,11)
4; 5, 17; d(2)
5; 5, 17; r(2,8) r(13,3) d(13) a(12,17)
6; 5; d(2) d(13) a(12,17)
7; 17; r(2,8) r(13,3)
8; 35; d(13) r(3,15) r(8,4)
9; 53; d(14) a(13,12) d(13)
10; 36, 14; d(2) r(12,16) d(9) r(12,16) d(13)
11; 36, 14; d(2) a(3,16)
12; 36; d(2) r(12,16) d(9) a(3,16)
13; 14; d(2) r(12,16) d(13)
14; 54, 4; d(2) a(13,5) d(5)
15; 54, 4; d(2) d(13) a(12,10) a(14,8)
16; 54; d(2) a(13,5) d(5) a(14,8)
17; 4; d(2) d(13) a(12,10)
18; 15, 22; r(2,8) a(13,6) r(15,5)
19; 15, 22; d(2) r(13,5)
20; 15; r(2,8) a(13,6)
21; 22; d(2) r(13,5) r(15,5)
22; 1; d(2) d(13) r(1,6)
23; 49; d(2) d(13) r(5,12)
24; 9, 28; d(12) r(5,11)
25; 9, 28; d(13) a(8,12) a(13,10)
26; 9; d(12) r(5,11) a(13,10)
27; 28; d(13) a(8,12)
28; 16; d(2) r(12,16) a(13,12)
29; 19; d(2) a(5,5) r(14,4)
30; 37, 2; d(13) d(5) a(13,8) r(10,5)
31; 37, 2; d(2)
32; 37; d(13) d(5)
33; 2; d(2) a(13,8) r(10,5)
34; 35; d(13) r(3,15) r(8,4)
35; 17; r(2,8) r(13,3)
36; 58; d(2) r(5,3)
37; 38; d(2) r(12,16) r(13,17)
38; 15; r(2,8) a(13,6)
39; 37; d(13) d(5)
40; 54, 14; d(2) a(13,5) d(5) r(12,16) d(13)
41; 54, 14; d(2) a(14,8)
42; 54; d(2) a(13,5) d(5) a(14,8)
43; 14; d(2) r(12,16) d(13)
44; 14; d(2) r(12,16) d(13)
45; 31; d(2) d(13) d(12)
46; 36; d(2) r(12,16) d(9) a(3,16)
47; 38; d(2) r(12,16) r(13,17)
48; 1; d(2) d(13) r(1,6)
49; 49; d(2) d(13) r(5,12)
50; 58, 22; d(2) r(5,3) r(13,5) r(15,5)
51; 58, 22; d(2)
52; 58; d(2) r(5,3)
53; 22; d(2) r(13,5) r(15,5)
54; 38, 64; d(2) d(13)
55; 38, 64; d(2) a(13,8) r(12,16) r(13,17)
56; 38; d(2) r(12,16) r(13,17)
57; 64; d(2) a(13,8) d(13)
58; 40, 38; d(2) r(12,16) r(13,17)
59; 40, 38; d(2) d(12)
60; 40; d(2) d(12)
61; 38; d(2) r(12,16) r(13,17)
--------------------------------------------------------------------------------
Mutation

0; r(12,4) a(13,11) r(5,11) a(9,11) a(4,12)
1; d(2) r(13,2) d(9)
2; r(12,4) a(13,11) r(13,2) a(5,16)
3; d(2) r(5,11) a(9,11) d(9)
4; d(2) d(5)
5; r(2,8) r(13,3) d(13) a(12,17) a(1,13)
6; d(2) d(13) a(12,17) a(1,6)
7; r(2,8) r(13,3) r(4,10)
8; d(13) r(3,15) r(8,4) d(2)
9; d(14) a(13,12) d(13) a(2,6)
10; d(2) r(12,16) d(9) r(12,16) d(13) r(6,3)
11; d(2) a(3,16) r(12,17)
12; d(2) r(12,16) d(9) a(3,16) r(5,9)
13; d(2) r(12,16) d(13) a(5,3)
14; d(2) a(13,5) d(5) d(13)
15; d(2) d(13) a(12,10) a(14,8) a(4,13)
16; d(2) a(13,5) d(5) a(14,8) d(10)
17; d(2) d(13) a(12,10) d(11)
18; r(2,8) a(13,6) r(15,5) d(4)
19; d(2) r(13,5) a(6,10)
20; r(2,8) a(13,6) r(5,9)
21; d(2) r(13,5) r(15,5) d(8)
22; d(2) d(13) r(1,6) d(12)
23; d(2) d(13) r(5,12) r(3,17)
24; d(12) r(5,11) a(14,8)
25; d(13) a(8,12) a(13,10) a(10,16)
26; d(12) r(5,11) a(13,10) a(11,2)
27; d(13) a(8,12) d(14)
28; d(2) r(12,16) a(13,12) r(13,6)
29; d(2) a(5,5) r(14,4) r(15,9)
30; d(13) d(5) a(13,8) r(10,5) d(15)
31; d(2) d(13)
32; d(13) d(5) a(4,10)
33; d(2) a(13,8) r(10,5) d(14)
34; d(13) r(3,15) r(8,4) d(6)
35; r(2,8) r(13,3) a(12,13)
36; d(2) r(5,3) d(13)
37; d(2) r(12,16) r(13,17) r(9,11)
38; r(2,8) a(13,6) a(10,5)
39; d(13) d(5) a(10,6)
40; d(2) a(13,5) d(5) r(12,16) d(13) d(1)
41; d(2) a(14,8) a(1,6)
42; d(2) a(13,5) d(5) a(14,8) a(13,10)
43; d(2) r(12,16) d(13) d(15)
44; d(2) r(12,16) d(13) r(15,6)
45; d(2) d(13) d(12) r(5,12)
46; d(2) r(12,16) d(9) a(3,16) a(8,9)
47; d(2) r(12,16) r(13,17) d(8)
48; d(2) d(13) r(1,6) r(12,3)
49; d(2) d(13) r(5,12) d(12)
50; d(2) r(5,3) r(13,5) r(15,5) r(1,13)
51; d(2) d(13)
52; d(2) r(5,3) r(13,17)
53; d(2) r(13,5) r(15,5) d(3)
54; d(2) d(13) d(3)
55; d(2) a(13,8) r(12,16) r(13,17) r(15,8)
56; d(2) r(12,16) r(13,17) r(1,17)
57; d(2) a(13,8) d(13) a(1,13)
58; d(2) r(12,16) r(13,17) r(8,17)
59; d(2) d(12) r(15,14)
60; d(2) d(12) r(3,2)
61; d(2) r(12,16) r(13,17) a(10,12)
--------------------------------------------------------------------------------
Evaluation

0; 0.
1; 0.
2; 4.
3; 0.
4; 0.
5; 0.
6; 0.
7; 0.
8; 0.
9; 5.
10; 0.
11; 0.
12; 0.
13; 0.
14; 0.
15; 0.
16; 0.
17; 0.
18; 0.
19; 0.
20; 0.
21; 0.
22; 0.
23; 0.
24; 0.
25; 4.
26; 0.
27; 4.
28; 0.
29; 0.
30; 4.
31; 0.
32; 0.
33; 0.
34; 1.
35; 0.
36; 0.
37; 0.
38; 0.
39; 0.
40; 0.
41; 0.
42; 0.
43; 0.
44; 0.
45; 0.
46; 0.
47; 0.
48; 0.
49; 0.
50; 0.
51; 0.
52; 0.
53; 0.
54; 0.
55; 0.
56; 0.
57; 0.
58; 0.
59; 0.
60; 13.
61; 0.
================================================================================
Generation 4

--------------------------------------------------------------------------------
Selection

0; 24
1; 58
2; 5
3; 51
4; 3
5; 40
6; 56
7; 26
8; 3
9; 24
10; 3
11; 31
12; 44
13; 48
14; 1
15; 58
16; 29
17; 33
18; 59
19; 26
20; 49
21; 53
22; 3
23; 13
24; 51
25; 42
26; 46
27; 37
28; 32
29; 1
30; 23
31; 29
32; 10
33; 19
34; 55
35; 33
36; 19
37; 59
38; 44
39; 32
--------------------------------------------------------------------------------
Crossover

0; 24; d(12) r(5,11) a(14,8)
1; 56; d(2) r(12,16) r(13,17) r(1,17)
2; 3, 49; d(2) r(5,11) r(5,12) d(12)
3; 3, 49; d(2) d(13) a(9,11) d(9)
4; 3; d(2) r(5,11) a(9,11) d(9)
5; 49; d(2) d(13) r(5,12) d(12)
6; 32; d(13) d(5) a(4,10)
7; 1; d(2) r(13,2) d(9)
8; 26, 58; d(12) r(5,11) r(8,17)
9; 26, 58; d(2) r(12,16) r(13,17) a(13,10) a(11,2)
10; 26; d(12) r(5,11) a(13,10) a(11,2)
11; 58; d(2) r(12,16) r(13,17) r(8,17)
12; 33; d(2) a(13,8) r(10,5) d(14)
13; 37; d(2) r(12,16) r(13,17) r(9,11)
14; 59; d(2) d(12) r(15,14)
15; 23; d(2) d(13) r(5,12) r(3,17)
16; 58; d(2) r(12,16) r(13,17) r(8,17)
17; 19; d(2) r(13,5) a(6,10)
18; 3; d(2) r(5,11) a(9,11) d(9)
19; 42; d(2) a(13,5) d(5) a(14,8) a(13,10)
20; 31; d(2) d(13)
21; 10; d(2) r(12,16) d(9) r(12,16) d(13) r(6,3)
22; 26; d(12) r(5,11) a(13,10) a(11,2)
23; 51; d(2) d(13)
24; 40, 46; d(2) a(8,9)
25; 40, 46; d(2) r(12,16) d(9) a(3,16) a(13,5) d(5) r(12,16) d(13) d(1)
26; 40; d(2) a(13,5) d(5) r(12,16) d(13) d(1)
27; 46; d(2) r(12,16) d(9) a(3,16) a(8,9)
28; 19, 59; d(2) r(13,5) d(12) r(15,14)
29; 19, 59; d(2) a(6,10)
30; 19; d(2) r(13,5) a(6,10)
31; 59; d(2) d(12) r(15,14)
32; 29, 3; d(2) a(5,5) r(14,4) d(9)
33; 29, 3; d(2) r(5,11) a(9,11) r(15,9)
34; 29; d(2) a(5,5) r(14,4) r(15,9)
35; 3; d(2) r(5,11) a(9,11) d(9)
36; 55, 33; d(2) a(13,8) r(12,16) r(13,17) r(15,8) a(13,8) r(10,5) d(14)
37; 55, 33; d(2)
38; 55; d(2) a(13,8) r(12,16) r(13,17) r(15,8)
39; 33; d(2) a(13,8) r(10,5) d(14)
40; 3, 5; d(2) r(5,11) a(9,11) d(9)
41; 3, 5; r(2,8) r(13,3) d(13) a(12,17) a(1,13)
42; 3; d(2) r(5,11) a(9,11) d(9)
43; 5; r(2,8) r(13,3) d(13) a(12,17) a(1,13)
44; 44, 1; d(2) r(12,16) d(13) r(15,6)
45; 44, 1; d(2) r(13,2) d(9)
46; 44; d(2) r(12,16) d(13) r(15,6)
47; 1; d(2) r(13,2) d(9)
48; 24, 32; d(12) r(5,11) a(14,8) d(5) a(4,10)
49; 24, 32; d(13)
50; 24; d(12) r(5,11) a(14,8)
51; 32; d(13) d(5) a(4,10)
52; 51; d(2) d(13)
53; 48; d(2) d(13) r(1,6) r(12,3)
54; 29, 13; d(2) a(5,5) r(14,4) r(12,16) d(13) a(5,3)
55; 29, 13; d(2) r(15,9)
56; 29; d(2) a(5,5) r(14,4) r(15,9)
57; 13; d(2) r(12,16) d(13) a(5,3)
58; 53, 44; d(2) r(15,6)
59; 53, 44; d(2) r(12,16) d(13) r(13,5) r(15,5) d(3)
60; 53; d(2) r(13,5) r(15,5) d(3)
61; 44; d(2) r(12,16) d(13) r(15,6)
--------------------------------------------------------------------------------
Mutation

0; d(12) r(5,11) a(14,8) r(14,17)
1; d(2) r(12,16) r(13,17) r(1,17) d(8)
2; d(2) r(5,11) r(5,12) d(12) d(13)
3; d(2) d(13) a(9,11) d(9) a(6,9)
4; d(2) r(5,11) a(9,11) d(9) a(4,8)
5; d(2) d(13) r(5,12) d(12) a(9,9)
6; d(13) d(5) a(4,10) d(3)
7; d(2) r(13,2) d(9) d(6)
8; d(12) r(5,11) r(8,17) a(1,6)
9; d(2) r(12,16) r(13,17) a(13,10) a(11,2) r(9,13)
10; d(12) r(5,11) a(13,10) a(11,2) r(13,16)
11; d(2) r(12,16) r(13,17) r(8,17) r(11,4)
12; d(2) a(13,8) r(10,5) d(14) d(9)
13; d(2) r(12,16) r(13,17) r(9,11) a(1,17)
14; d(2) d(12) r(15,14) r(1,17)
15; d(2) d(13) r(5,12) r(3,17) d(10)
16; d(2) r(12,16) r(13,17) r(8,17) r(4,16)
17; d(2) r(13,5) a(6,10) a(15,13)
18; d(2) r(5,11) a(9,11) d(9) a(1,13)
19; d(2) a(13,5) d(5) a(14,8) a(13,10) d(13)
20; d(2) d(13) r(6,4)
21; d(2) r(12,16) d(9) r(12,16) d(13) r(6,3) r(1,17)
22; d(12) r(5,11) a(13,10) a(11,2) d(13)
23; d(2) d(13) a(15,5)
24; d(2) a(8,9) r(13,9)
25; d(2) r(12,16) d(9) a(3,16) a(13,5) d(5) r(12,16) d(13) d(1) a(4,15)
26; d(2) a(13,5) d(5) r(12,16) d(13) d(1) r(4,17)
27; d(2) r(12,16) d(9) a(3,16) a(8,9) r(8,14)
28; d(2) r(13,5) d(12) r(15,14) d(10)
29; d(2) a(6,10) r(13,17)
30; d(2) r(13,5) a(6,10) r(1,13)
31; d(2) d(12) r(15,14) d(8)
32; d(2) a(5,5) r(14,4) d(9) a(5,16)
33; d(2) r(5,11) a(9,11) r(15,9) d(14)
34; d(2) a(5,5) r(14,4) r(15,9) r(3,14)
35; d(2) r(5,11) a(9,11) d(9) a(3,15)
36; d(2) a(13,8) r(12,16) r(13,17) r(15,8) a(13,8) r(10,5) d(14) r(6,3)
37; d(2) d(13)
38; d(2) a(13,8) r(12,16) r(13,17) r(15,8) d(9)
39; d(2) a(13,8) r(10,5) d(14) r(15,10)
40; d(2) r(5,11) a(9,11) d(9) r(4,8)
41; r(2,8) r(13,3) d(13) a(12,17) a(1,13) a(8,12)
42; d(2) r(5,11) a(9,11) d(9) a(1,17)
43; r(2,8) r(13,3) d(13) a(12,17) a(1,13) r(8,10)
44; d(2) r(12,16) d(13) r(15,6) r(14,17)
45; d(2) r(13,2) d(9) d(8)
46; d(2) r(12,16) d(13) r(15,6) r(5,8)
47; d(2) r(13,2) d(9) r(1,17)
48; d(12) r(5,11) a(14,8) d(5) a(4,10) d(13)
49; d(13) r(9,17)
50; d(12) r(5,11) a(14,8) a(13,11)
51; d(13) d(5) a(4,10) d(14)
52; d(2) d(13) d(15)
53; d(2) d(13) r(1,6) r(12,3) r(4,8)
54; d(2) a(5,5) r(14,4) r(12,16) d(13) a(5,3) a(3,13)
55; d(2) r(15,9) d(11)
56; d(2) a(5,5) r(14,4) r(15,9) d(13)
57; d(2) r(12,16) d(13) a(5,3) r(1,13)
58; d(2) r(15,6) a(13,12)
59; d(2) r(12,16) d(13) r(13,5) r(15,5) d(3) d(1)
60; d(2) r(13,5) r(15,5) d(3) r(11,9)
61; d(2) r(12,16) d(13) r(15,6) a(5,12)
--------------------------------------------------------------------------------
Evaluation

0; 0.
1; 0.
2; 0.
3; 0.
4; 0.
5; 0.
6; 0.
7; 0.
8; 0.
9; 0.
10; 0.
11; 0.
12; 0.
13; 0.
14; 0.
15; 0.
16; 0.
17; 0.
18; 0.
19; 0.
20; 0.
21; 0.
22; 0.
23; 0.
24; 0.
25; 0.
26; 0.
27; 0.
28; 0.
29; 0.
30; 0.
31; 0.
32; 0.
33; 0.
34; 0.
35; 0.
36; 0.
37; 0.
38; 0.
39; 0.
40; 0.
41; 0.
42; 0.
43; 0.
44; 0.
45; 0.
46; 0.
47; 0.
48; 0.
49; 4.
50; 0.
51; 0.
52; 0.
53; 0.
54; 0.
55; 0.
56; 0.
57; 0.
58; 0.
59; 0.
60; 0.
61; 0.
================================================================================
Generation 5

--------------------------------------------------------------------------------
Selection

0; 4
1; 29
2; 7
3; 53
4; 50
5; 11
6; 15
7; 46
8; 4
9; 23
10; 13
11; 31
12; 8
13; 52
14; 59
15; 10
16; 45
17; 44
18; 35
19; 9
20; 52
21; 5
22; 22
23; 25
24; 1
25; 57
26; 55
27; 60
28; 53
29; 24
30; 17
31; 2
32; 45
33; 46
34; 31
35; 9
36; 31
37; 47
38; 51
39; 52
--------------------------------------------------------------------------------
Crossover

0; 9; d(2) r(12,16) r(13,17) a(13,10) a(11,2) r(9,13)
1; 51; d(13) d(5) a(4,10) d(14)
2; 7, 24; d(2) r(13,2) d(9) a(8,9) r(13,9)
3; 7, 24; d(2) d(6)
4; 7; d(2) r(13,2) d(9) d(6)
5; 24; d(2) a(8,9) r(13,9)
6; 13; d(2) r(12,16) r(13,17) r(9,11) a(1,17)
7; 57; d(2) r(12,16) d(13) a(5,3) r(1,13)
8; 44; d(2) r(12,16) d(13) r(15,6) r(14,17)
9; 31; d(2) d(12) r(15,14) d(8)
10; 31; d(2) d(12) r(15,14) d(8)
11; 59; d(2) r(12,16) d(13) r(13,5) r(15,5) d(3) d(1)
12; 35, 4; d(2) r(5,11) a(9,11)
13; 35, 4; d(2) r(5,11) a(9,11) d(9) a(4,8) d(9) a(3,15)
14; 35; d(2) r(5,11) a(9,11) d(9) a(3,15)
15; 4; d(2) r(5,11) a(9,11) d(9) a(4,8)
16; 8; d(12) r(5,11) r(8,17) a(1,6)
17; 50; d(12) r(5,11) a(14,8) a(13,11)
18; 25; d(2) r(12,16) d(9) a(3,16) a(13,5) d(5) r(12,16) d(13) d(1) a(4,15)
19; 4; d(2) r(5,11) a(9,11) d(9) a(4,8)
20; 45; d(2) r(13,2) d(9) d(8)
21; 46; d(2) r(12,16) d(13) r(15,6) r(5,8)
22; 9, 17; d(2) a(6,10) a(15,13)
23; 9, 17; d(2) r(13,5) r(12,16) r(13,17) a(13,10) a(11,2) r(9,13)
24; 9; d(2) r(12,16) r(13,17) a(13,10) a(11,2) r(9,13)
25; 17; d(2) r(13,5) a(6,10) a(15,13)
26; 46, 2; d(2) r(12,16) d(13) r(15,6) r(5,8) r(5,11) r(5,12) d(12) d(13)
27; 46, 2; d(2)
28; 46; d(2) r(12,16) d(13) r(15,6) r(5,8)
29; 2; d(2) r(5,11) r(5,12) d(12) d(13)
30; 52; d(2) d(13) d(15)
31; 5; d(2) d(13) r(5,12) d(12) a(9,9)
32; 15; d(2) d(13) r(5,12) r(3,17) d(10)
33; 10; d(12) r(5,11) a(13,10) a(11,2) r(13,16)
34; 1, 53; d(2) r(12,16) r(13,17) r(1,17) r(4,8)
35; 1, 53; d(2) d(13) r(1,6) r(12,3) d(8)
36; 1; d(2) r(12,16) r(13,17) r(1,17) d(8)
37; 53; d(2) d(13) r(1,6) r(12,3) r(4,8)
38; 29, 31; d(2) a(6,10) r(15,14) d(8)
39; 29, 31; d(2) d(12) r(13,17)
40; 29; d(2) a(6,10) r(13,17)
41; 31; d(2) d(12) r(15,14) d(8)
42; 60, 45; d(2) r(13,5) r(13,2) d(9) d(8)
43; 60, 45; d(2) r(15,5) d(3) r(11,9)
44; 60; d(2) r(13,5) r(15,5) d(3) r(11,9)
45; 45; d(2) r(13,2) d(9) d(8)
46; 52; d(2) d(13) d(15)
47; 23; d(2) d(13) a(15,5)
48; 11, 22; d(2) r(12,16) a(13,10) a(11,2) d(13)
49; 11, 22; d(12) r(5,11) r(13,17) r(8,17) r(11,4)
50; 11; d(2) r(12,16) r(13,17) r(8,17) r(11,4)
51; 22; d(12) r(5,11) a(13,10) a(11,2) d(13)
52; 53; d(2) d(13) r(1,6) r(12,3) r(4,8)
53; 55; d(2) r(15,9) d(11)
54; 47, 52; d(2) r(13,2) d(9) r(1,17)
55; 47, 52; d(2) d(13) d(15)
56; 47; d(2) r(13,2) d(9) r(1,17)
57; 52; d(2) d(13) d(15)
--------------------------------------------------------------------------------
Mutation

0; d(2) r(12,16) r(13,17) a(13,10) a(11,2) r(9,13) a(3,3)
1; d(13) d(5) a(4,10) d(14) a(3,12)
2; d(2) r(13,2) d(9) a(8,9) r(13,9) a(8,5)
3; d(2) d(6) a(12,16)
4; d(2) r(13,2) d(9) d(6) a(5,11)
5; d(2) a(8,9) r(13,9) r(3,16)
6; d(2) r(12,16) r(13,17) r(9,11) a(1,17) d(8)
7; d(2) r(12,16) d(13) a(5,3) r(1,13) d(14)
8; d(2) r(12,16) d(13) r(15,6) r(14,17) r(8,6)
9; d(2) d(12) r(15,14) d(8) a(13,17)
10; d(2) d(12) r(15,14) d(8) r(3,14)
11; d(2) r(12,16) d(13) r(13,5) r(15,5) d(3) d(1) r(8,13)
12; d(2) r(5,11) a(9,11) a(13,15)
13; d(2) r(5,11) a(9,11) d(9) a(4,8) d(9) a(3,15) r(3,10)
14; d(2) r(5,11) a(9,11) d(9) a(3,15) a(1,6)
15; d(2) r(5,11) a(9,11) d(9) a(4,8) a(3,3)
16; d(12) r(5,11) r(8,17) a(1,6) r(10,3)
17; d(12) r(5,11) a(14,8) a(13,11) a(8,14)
18; d(2) r(12,16) d(9) a(3,16) a(13,5) d(5) r(12,16) d(13) d(1) a(4,15) d(8)
19; d(2) r(5,11) a(9,11) d(9) a(4,8) r(1,17)
20; d(2) r(13,2) d(9) d(8) a(1,6)
21; d(2) r(12,16) d(13) r(15,6) r(5,8) r(4,14)
22; d(2) a(6,10) a(15,13) r(4,12)
23; d(2) r(13,5) r(12,16) r(13,17) a(13,10) a(11,2) r(9,13) a(5,6)
24; d(2) r(12,16) r(13,17) a(13,10) a(11,2) r(9,13) a(8,12)
25; d(2) r(13,5) a(6,10) a(15,13) d(14)
26; d(2) r(12,16) d(13) r(15,6) r(5,8) r(5,11) r(5,12) d(12) d(13) d(8)
27; d(2) d(13)
28; d(2) r(12,16) d(13) r(15,6) r(5,8) r(14,10)
29; d(2) r(5,11) r(5,12) d(12) d(13) a(8,12)
30; d(2) d(13) d(15) d(1)
31; d(2) d(13) r(5,12) d(12) a(9,9) d(14)
32; d(2) d(13) r(5,12) r(3,17) d(10) r(9,11)
33; d(12) r(5,11) a(13,10) a(11,2) r(13,16) a(9,16)
34; d(2) r(12,16) r(13,17) r(1,17) r(4,8) a(3,16)
35; d(2) d(13) r(1,6) r(12,3) d(8) d(3)
36; d(2) r(12,16) r(13,17) r(1,17) d(8) r(11,17)
37; d(2) d(13) r(1,6) r(12,3) r(4,8) r(3,16)
38; d(2) a(6,10) r(15,14) d(8) r(11,8)
39; d(2) d(12) r(13,17) d(14)
40; d(2) a(6,10) r(13,17) r(4,2)
41; d(2) d(12) r(15,14) d(8) r(13,5)
42; d(2) r(13,5) r(13,2) d(9) d(8) a(3,15)
43; d(2) r(15,5) d(3) r(11,9) d(9)
44; d(2) r(13,5) r(15,5) d(3) r(11,9) d(10)
45; d(2) r(13,2) d(9) d(8) a(3,17)
46; d(2) d(13) d(15) a(8,11)
47; d(2) d(13) a(15,5) r(10,12)
48; d(2) r(12,16) a(13,10) a(11,2) d(13) r(8,6)
49; d(12) r(5,11) r(13,17) r(8,17) r(11,4) r(2,4)
50; d(2) r(12,16) r(13,17) r(8,17) r(11,4) r(3,8)
51; d(12) r(5,11) a(13,10) a(11,2) d(13) d(3)
52; d(2) d(13) r(1,6) r(12,3) r(4,8) r(3,11)
53; d(2) r(15,9) d(11) a(14,6)
54; d(2) r(13,2) d(9) r(1,17) d(5)
55; d(2) d(13) d(15) a(6,16)
56; d(2) r(13,2) d(9) r(1,17) a(8,17)
57; d(2) d(13) d(15) d(5)
--------------------------------------------------------------------------------
Evaluation

0; 0.
1; 0.
2; 0.
3; 0.
4; 0.
5; 0.
6; 0.
7; 0.
8; 0.
9; 0.
10; 0.
11; 0.
12; 0.
13; 0.
14; 0.
15; 0.
16; 0.
17; 0.
18; 0.
19; 0.
20; 0.
21; 0.
22; 0.
23; 0.
24; 0.
25; 0.
26; 0.
27; 0.
28; 0.
29; 0.
30; 0.
31; 0.
32; 0.
33; 0.
34; 0.
35; 0.
36; 0.
37; 0.
38; 0.
39; 0.
40; 13.
41; 0.
42; 0.
43; 0.
44; 0.
45; 0.
46; 0.
47; 0.
48; 0.
49; 0.
50; 0.
51; 0.
52; 0.
53; 0.
54; 0.
55; 0.
56; 0.
57; 0.
================================================================================
Generation 6

--------------------------------------------------------------------------------
Selection

0; 45
1; 42
2; 28
3; 24
4; 26
5; 38
6; 42
7; 25
8; 41
9; 9
10; 37
11; 43
12; 47
13; 20
14; 22
15; 3
16; 5
17; 56
18; 17
19; 34
20; 2
21; 51
22; 44
23; 45
24; 1
25; 8
26; 34
27; 11
28; 53
29; 32
30; 13
31; 6
32; 8
33; 20
34; 25
35; 3
36; 29
37; 26
38; 9
39; 48
--------------------------------------------------------------------------------
Crossover

0; 11; d(2) r(12,16) d(13) r(13,5) r(15,5) d(3) d(1) r(8,13)
1; 6; d(2) r(12,16) r(13,17) r(9,11) a(1,17) d(8)
2; 51, 34; d(12) r(5,11) a(13,10) a(11,2) a(3,16)
3; 51, 34; d(2) r(12,16) r(13,17) r(1,17) r(4,8) d(13) d(3)
4; 51; d(12) r(5,11) a(13,10) a(11,2) d(13) d(3)
5; 34; d(2) r(12,16) r(13,17) r(1,17) r(4,8) a(3,16)
6; 13, 29; d(2) r(5,11) a(9,11) r(5,12) d(12) d(13) a(8,12)
7; 13, 29; d(2) r(5,11) d(9) a(4,8) d(9) a(3,15) r(3,10)
8; 13; d(2) r(5,11) a(9,11) d(9) a(4,8) d(9) a(3,15) r(3,10)
9; 29; d(2) r(5,11) r(5,12) d(12) d(13) a(8,12)
10; 53, 28; d(2) r(14,10)
11; 53, 28; d(2) r(12,16) d(13) r(15,6) r(5,8) r(15,9) d(11) a(14,6)
12; 53; d(2) r(15,9) d(11) a(14,6)
13; 28; d(2) r(12,16) d(13) r(15,6) r(5,8) r(14,10)
14; 9; d(2) d(12) r(15,14) d(8) a(13,17)
15; 3; d(2) d(6) a(12,16)
16; 26; d(2) r(12,16) d(13) r(15,6) r(5,8) r(5,11) r(5,12) d(12) d(13) d(8)
17; 17; d(12) r(5,11) a(14,8) a(13,11) a(8,14)
18; 41, 20; d(2) r(13,2) d(9) d(8) a(1,6)
19; 41, 20; d(2) d(12) r(15,14) d(8) r(13,5)
20; 41; d(2) d(12) r(15,14) d(8) r(13,5)
21; 20; d(2) r(13,2) d(9) d(8) a(1,6)
22; 8, 45; d(2) r(12,16) d(13) r(15,6) r(14,17) r(8,6)
23; 8, 45; d(2) r(13,2) d(9) d(8) a(3,17)
24; 8; d(2) r(12,16) d(13) r(15,6) r(14,17) r(8,6)
25; 45; d(2) r(13,2) d(9) d(8) a(3,17)
26; 25, 48; d(2) d(13) r(8,6)
27; 25, 48; d(2) r(12,16) a(13,10) a(11,2) r(13,5) a(6,10) a(15,13) d(14)
28; 25; d(2) r(13,5) a(6,10) a(15,13) d(14)
29; 48; d(2) r(12,16) a(13,10) a(11,2) d(13) r(8,6)
30; 25, 1; d(2) r(13,5)
31; 25, 1; d(13) d(5) a(4,10) d(14) a(3,12) a(6,10) a(15,13) d(14)
32; 25; d(2) r(13,5) a(6,10) a(15,13) d(14)
33; 1; d(13) d(5) a(4,10) d(14) a(3,12)
34; 44, 56; d(2) r(13,5) r(15,5) d(3) r(11,9) d(9) r(1,17) a(8,17)
35; 44, 56; d(2) r(13,2) d(10)
36; 44; d(2) r(13,5) r(15,5) d(3) r(11,9) d(10)
37; 56; d(2) r(13,2) d(9) r(1,17) a(8,17)
38; 38; d(2) a(6,10) r(15,14) d(8) r(11,8)
39; 26; d(2) r(12,16) d(13) r(15,6) r(5,8) r(5,11) r(5,12) d(12) d(13) d(8)
40; 37; d(2) d(13) r(1,6) r(12,3) r(4,8) r(3,16)
41; 32; d(2) d(13) r(5,12) r(3,17) d(10) r(9,11)
42; 8, 9; d(2) r(12,16)
43; 8, 9; d(2) d(12) r(15,14) d(8) a(13,17) d(13) r(15,6) r(14,17) r(8,6)
44; 8; d(2) r(12,16) d(13) r(15,6) r(14,17) r(8,6)
45; 9; d(2) d(12) r(15,14) d(8) a(13,17)
46; 34; d(2) r(12,16) r(13,17) r(1,17) r(4,8) a(3,16)
47; 5; d(2) a(8,9) r(13,9) r(3,16)
48; 3, 45; d(2) d(6) a(12,16) a(3,17)
49; 3, 45; d(2) r(13,2) d(9) d(8)
50; 3; d(2) d(6) a(12,16)
51; 45; d(2) r(13,2) d(9) d(8) a(3,17)
52; 2; d(2) r(13,2) d(9) a(8,9) r(13,9) a(8,5)
53; 22; d(2) a(6,10) a(15,13) r(4,12)
54; 43, 42; d(2) r(15,5) d(3)
55; 43, 42; d(2) r(13,5) r(13,2) d(9) d(8) a(3,15) r(11,9) d(9)
56; 43; d(2) r(15,5) d(3) r(11,9) d(9)
57; 42; d(2) r(13,5) r(13,2) d(9) d(8) a(3,15)
58; 24; d(2) r(12,16) r(13,17) a(13,10) a(11,2) r(9,13) a(8,12)
59; 47; d(2) d(13) a(15,5) r(10,12)
60; 42, 20; d(2) r(13,5) r(13,2) d(9)
61; 42, 20; d(2) r(13,2) d(9) d(8) a(1,6) d(8) a(3,15)
62; 42; d(2) r(13,5) r(13,2) d(9) d(8) a(3,15)
63; 20; d(2) r(13,2) d(9) d(8) a(1,6)
--------------------------------------------------------------------------------
Mutation

0; d(2) r(12,16) d(13) r(13,5) r(15,5) d(3) d(1) r(8,13) a(5,9)
1; d(2) r(12,16) r(13,17) r(9,11) a(1,17) d(8) a(3,4)
2; d(12) r(5,11) a(13,10) a(11,2) a(3,16) r(13,9)
3; d(2) r(12,16) r(13,17) r(1,17) r(4,8) d(13) d(3)
4; d(12) r(5,11) a(13,10) a(11,2) d(13) d(3) r(9,11)
5; d(2) r(12,16) r(13,17) r(1,17) r(4,8) a(3,16) a(3,6)
6; d(2) r(5,11) a(9,11) r(5,12) d(12) d(13) a(8,12) a(3,16)
7; d(2) r(5,11) d(9) a(4,8) d(9) a(3,15) r(3,10) r(4,15)
8; d(2) r(5,11) a(9,11) d(9) a(4,8) d(9) a(3,15) r(3,10) r(4,17)
9; d(2) r(5,11) r(5,12) d(12) d(13) a(8,12) a(10,15)
10; d(2) r(14,10) r(13,8)
11; d(2) r(12,16) d(13) r(15,6) r(5,8) r(15,9) d(11) a(14,6) r(10,4)
12; d(2) r(15,9) d(11) a(14,6) r(13,3)
13; d(2) r(12,16) d(13) r(15,6) r(5,8) r(14,10) d(8)
14; d(2) d(12) r(15,14) d(8) a(13,17) r(9,14)
15; d(2) d(6) a(12,16) d(13)
16; d(2) r(12,16) d(13) r(15,6) r(5,8) r(5,11) r(5,12) d(12) d(13) d(8) r(3,2)
17; d(12) r(5,11) a(14,8) a(13,11) a(8,14) d(13)
18; d(2) r(13,2) d(9) d(8) a(1,6) a(6,6)
19; d(2) d(12) r(15,14) d(8) r(13,5) a(5,13)
20; d(2) d(12) r(15,14) d(8) r(13,5) r(1,17)
21; d(2) r(13,2) d(9) d(8) a(1,6) r(3,13)
22; d(2) r(12,16) d(13) r(15,6) r(14,17) r(8,6) a(11,10)
23; d(2) r(13,2) d(9) d(8) a(3,17) a(3,13)
24; d(2) r(12,16) d(13) r(15,6) r(14,17) r(8,6) r(9,5)
25; d(2) r(13,2) d(9) d(8) a(3,17) d(5)
26; d(2) d(13) r(8,6) r(14,12)
27; d(2) r(12,16) a(13,10) a(11,2) r(13,5) a(6,10) a(15,13) d(14) d(8)
28; d(2) r(13,5) a(6,10) a(15,13) d(14) d(5)
29; d(2) r(12,16) a(13,10) a(11,2) d(13) r(8,6) r(14,17)
30; d(2) r(13,5) a(1,17)
31; d(13) d(5) a(4,10) d(14) a(3,12) a(6,10) a(15,13) d(14) r(1,17)
32; d(2) r(13,5) a(6,10) a(15,13) d(14) d(9)
33; d(13) d(5) a(4,10) d(14) a(3,12) a(12,17)
34; d(2) r(13,5) r(15,5) d(3) r(11,9) d(9) r(1,17) a(8,17) a(6,14)
35; d(2) r(13,2) d(10) a(1,6)
36; d(2) r(13,5) r(15,5) d(3) r(11,9) d(10) r(8,14)
37; d(2) r(13,2) d(9) r(1,17) a(8,17) d(6)
38; d(2) a(6,10) r(15,14) d(8) r(11,8) d(13)
39; d(2) r(12,16) d(13) r(15,6) r(5,8) r(5,11) r(5,12) d(12) d(13) d(8) a(1,17)
40; d(2) d(13) r(1,6) r(12,3) r(4,8) r(3,16)
41; d(2) d(13) r(5,12) r(3,17) d(10) r(9,11) a(1,13)
42; d(2) r(12,16) r(13,16)
43; d(2) d(12) r(15,14) d(8) a(13,17) d(13) r(15,6) r(14,17) r(8,6) d(3)
44; d(2) r(12,16) d(13) r(15,6) r(14,17) r(8,6) d(3)
45; d(2) d(12) r(15,14) d(8) a(13,17) r(14,2)
46; d(2) r(12,16) r(13,17) r(1,17) r(4,8) a(3,16) d(3)
47; d(2) a(8,9) r(13,9) r(3,16) a(11,6)
48; d(2) d(6) a(12,16) a(3,17) r(5,10)
49; d(2) r(13,2) d(9) d(8) a(1,17)
50; d(2) d(6) a(12,16) r(13,15)
51; d(2) r(13,2) d(9) d(8) a(3,17) r(5,9)
52; d(2) r(13,2) d(9) a(8,9) r(13,9) a(8,5) r(5,6)
53; d(2) a(6,10) a(15,13) r(4,12) a(3,16)
54; d(2) r(15,5) d(3) a(6,10)
55; d(2) r(13,5) r(13,2) d(9) d(8) a(3,15) r(11,9) d(9) r(5,4)
56; d(2) r(15,5) d(3) r(11,9) d(9) d(5)
57; d(2) r(13,5) r(13,2) d(9) d(8) a(3,15) r(5,14)
58; d(2) r(12,16) r(13,17) a(13,10) a(11,2) r(9,13) a(8,12) r(6,14)
59; d(2) d(13) a(15,5) r(10,12) d(1)
60; d(2) r(13,5) r(13,2) d(9) d(4)
61; d(2) r(13,2) d(9) d(8) a(1,6) d(8) a(3,15) r(5,3)
62; d(2) r(13,5) r(13,2) d(9) d(8) a(3,15) d(3)
63; d(2) r(13,2) d(9) d(8) a(1,6) r(6,16)
--------------------------------------------------------------------------------
Evaluation

0; 0.
1; 0.
2; 0.
3; 0.
4; 0.
5; 0.
6; 0.
7; 0.
8; 0.
9; 0.
10; 0.
11; 0.
12; 0.
13; 0.
14; 0.
15; 0.
16; 0.
17; 0.
18; 0.
19; 0.
20; 0.
21; 0.
22; 0.
23; 0.
24; 0.
25; 0.
26; 0.
27; 0.
28; 0.
29; 0.
30; 0.
31; 0.
32; 0.
33; 0.
34; 0.
35; 0.
36; 0.
37; 0.
38; 0.
39; 0.
40; 0.
41; 0.
42; 0.
43; 0.
44; 0.
45; 9.
46; 0.
47; 0.
48; 0.
49; 0.
50; 0.
51; 0.
52; 0.
53; 0.
54; 0.
55; 0.
56; 0.
57; 0.
58; 0.
59; 0.
60; 0.
61; 0.
62; 0.
63; 0.
================================================================================
Generation 7

--------------------------------------------------------------------------------
Selection

0; 8
1; 10
2; 49
3; 31
4; 15
5; 14
6; 60
7; 53
8; 50
9; 62
10; 43
11; 39
12; 51
13; 47
14; 56
15; 2
16; 34
17; 30
18; 21
19; 58
20; 29
21; 41
22; 1
23; 35
24; 32
25; 42
26; 4
27; 31
28; 40
29; 43
30; 9
31; 43
32; 49
33; 60
34; 47
35; 37
36; 52
37; 27
38; 14
39; 57
--------------------------------------------------------------------------------
Crossover

0; 43, 9; d(2) d(12) r(15,14) d(8) a(13,17) d(13) r(5,11) r(5,12) d(12) d(13) a(8,12) a(10,15)
1; 43, 9; d(2) r(15,6) r(14,17) r(8,6) d(3)
2; 43; d(2) d(12) r(15,14) d(8) a(13,17) d(13) r(15,6) r(14,17) r(8,6) d(3)
3; 9; d(2) r(5,11) r(5,12) d(12) d(13) a(8,12) a(10,15)
4; 35, 1; d(2) r(13,2) a(3,4)
5; 35, 1; d(2) r(12,16) r(13,17) r(9,11) a(1,17) d(8) d(10) a(1,6)
6; 35; d(2) r(13,2) d(10) a(1,6)
7; 1; d(2) r(12,16) r(13,17) r(9,11) a(1,17) d(8) a(3,4)
8; 50; d(2) d(6) a(12,16) r(13,15)
9; 60; d(2) r(13,5) r(13,2) d(9) d(4)
10; 56; d(2) r(15,5) d(3) r(11,9) d(9) d(5)
11; 27; d(2) r(12,16) a(13,10) a(11,2) r(13,5) a(6,10) a(15,13) d(14) d(8)
12; 14; d(2) d(12) r(15,14) d(8) a(13,17) r(9,14)
13; 29; d(2) r(12,16) a(13,10) a(11,2) d(13) r(8,6) r(14,17)
14; 15; d(2) d(6) a(12,16) d(13)
15; 60; d(2) r(13,5) r(13,2) d(9) d(4)
16; 57; d(2) r(13,5) r(13,2) d(9) d(8) a(3,15) r(5,14)
17; 10; d(2) r(14,10) r(13,8)
18; 53; d(2) a(6,10) a(15,13) r(4,12) a(3,16)
19; 52; d(2) r(13,2) d(9) a(8,9) r(13,9) a(8,5) r(5,6)
20; 42, 21; d(2) r(12,16) r(13,2) d(9) d(8) a(1,6) r(3,13)
21; 42, 21; d(2) r(13,16)
22; 42; d(2) r(12,16) r(13,16)
23; 21; d(2) r(13,2) d(9) d(8) a(1,6) r(3,13)
24; 58; d(2) r(12,16) r(13,17) a(13,10) a(11,2) r(9,13) a(8,12) r(6,14)
25; 40; d(2) d(13) r(1,6) r(12,3) r(4,8) r(3,16)
26; 49, 37; d(2) r(13,2) d(9) d(8) d(6)
27; 49, 37; d(2) r(13,2) d(9) r(1,17) a(8,17) a(1,17)
28; 49; d(2) r(13,2) d(9) d(8) a(1,17)
29; 37; d(2) r(13,2) d(9) r(1,17) a(8,17) d(6)
30; 62, 14; d(2) r(13,5) r(13,2) d(9) d(8) a(3,15) d(3)
31; 62, 14; d(2) d(12) r(15,14) d(8) a(13,17) r(9,14)
32; 62; d(2) r(13,5) r(13,2) d(9) d(8) a(3,15) d(3)
33; 14; d(2) d(12) r(15,14) d(8) a(13,17) r(9,14)
34; 2; d(12) r(5,11) a(13,10) a(11,2) a(3,16) r(13,9)
35; 8; d(2) r(5,11) a(9,11) d(9) a(4,8) d(9) a(3,15) r(3,10) r(4,17)
36; 30, 43; d(2) r(13,5) d(3)
37; 30, 43; d(2) d(12) r(15,14) d(8) a(13,17) d(13) r(15,6) r(14,17) r(8,6) a(1,17)
38; 30; d(2) r(13,5) a(1,17)
39; 43; d(2) d(12) r(15,14) d(8) a(13,17) d(13) r(15,6) r(14,17) r(8,6) d(3)
40; 47, 34; d(2) a(8,9) r(13,9) r(3,16) a(11,6) r(13,5) r(15,5) d(3) r(11,9) d(9) r(1,17) a(8,17) a(6,14)
41; 47, 34; d(2)
42; 47; d(2) a(8,9) r(13,9) r(3,16) a(11,6)
43; 34; d(2) r(13,5) r(15,5) d(3) r(11,9) d(9) r(1,17) a(8,17) a(6,14)
44; 51; d(2) r(13,2) d(9) d(8) a(3,17) r(5,9)
45; 4; d(12) r(5,11) a(13,10) a(11,2) d(13) d(3) r(9,11)
46; 31, 39; d(13) d(5) a(4,10) d(14) a(3,12) a(6,10) r(5,11) r(5,12) d(12) d(13) d(8) a(1,17)
47; 31, 39; d(2) r(12,16) d(13) r(15,6) r(5,8) a(15,13) d(14) r(1,17)
48; 31; d(13) d(5) a(4,10) d(14) a(3,12) a(6,10) a(15,13) d(14) r(1,17)
49; 39; d(2) r(12,16) d(13) r(15,6) r(5,8) r(5,11) r(5,12) d(12) d(13) d(8) a(1,17)
50; 47, 41; d(2) a(8,9) r(13,9) d(13) r(5,12) r(3,17) d(10) r(9,11) a(1,13)
51; 47, 41; d(2) r(3,16) a(11,6)
52; 47; d(2) a(8,9) r(13,9) r(3,16) a(11,6)
53; 41; d(2) d(13) r(5,12) r(3,17) d(10) r(9,11) a(1,13)
54; 32; d(2) r(13,5) a(6,10) a(15,13) d(14) d(9)
55; 49; d(2) r(13,2) d(9) d(8) a(1,17)
56; 31, 43; d(13) d(5) a(4,10) r(15,6) r(14,17) r(8,6) d(3)
57; 31, 43; d(2) d(12) r(15,14) d(8) a(13,17) d(13) d(14) a(3,12) a(6,10) a(15,13) d(14) r(1,17)
58; 31; d(13) d(5) a(4,10) d(14) a(3,12) a(6,10) a(15,13) d(14) r(1,17)
59; 43; d(2) d(12) r(15,14) d(8) a(13,17) d(13) r(15,6) r(14,17) r(8,6) d(3)
--------------------------------------------------------------------------------
Mutation

0; d(2) d(12) r(15,14) d(8) a(13,17) d(13) r(5,11) r(5,12) d(12) d(13) a(8,12) a(10,15) r(3,14)
1; d(2) r(15,6) r(14,17) r(8,6) d(3) r(13,14)
2; d(2) d(12) r(15,14) d(8) a(13,17) d(13) r(15,6) r(14,17) r(8,6) d(3) r(9,14)
3; d(2) r(5,11) r(5,12) d(12) d(13) a(8,12) a(10,15) r(4,12)
4; d(2) r(13,2) a(3,4) a(4,9)
5; d(2) r(12,16) r(13,17) r(9,11) a(1,17) d(8) d(10) a(1,6) a(6,8)
6; d(2) r(13,2) d(10) a(1,6) r(4,8)
7; d(2) r(12,16) r(13,17) r(9,11) a(1,17) d(8) a(3,4) d(3)
8; d(2) d(6) a(12,16) r(13,15) r(12,10)
9; d(2) r(13,5) r(13,2) d(9) d(4) d(1)
10; d(2) r(15,5) d(3) r(11,9) d(9) d(5) a(8,11)
11; d(2) r(12,16) a(13,10) a(11,2) r(13,5) a(6,10) a(15,13) d(14) d(8) a(4,16)
12; d(2) d(12) r(15,14) d(8) a(13,17) r(9,14) r(5,2)
13; d(2) r(12,16) a(13,10) a(11,2) d(13) r(8,6) r(14,17) r(1,6)
14; d(2) d(6) a(12,16) d(13) d(4)
15; d(2) r(13,5) r(13,2) d(9) d(4) d(1)
16; d(2) r(13,5) r(13,2) d(9) d(8) a(3,15) r(5,14) r(4,8)
17; d(2) r(14,10) r(13,8) a(9,8)
18; d(2) a(6,10) a(15,13) r(4,12) a(3,16) d(1)
19; d(2) r(13,2) d(9) a(8,9) r(13,9) a(8,5) r(5,6) d(4)
20; d(2) r(12,16) r(13,2) d(9) d(8) a(1,6) r(3,13) d(1)
21; d(2) r(13,16) r(6,11)
22; d(2) r(12,16) r(13,16) d(5)
23; d(2) r(13,2) d(9) d(8) a(1,6) r(3,13) d(5)
24; d(2) r(12,16) r(13,17) a(13,10) a(11,2) r(9,13) a(8,12) r(6,14) r(3,6)
25; d(2) d(13) r(1,6) r(12,3) r(4,8) r(3,16)
26; d(2) r(13,2) d(9) d(8) d(6) d(4)
27; d(2) r(13,2) d(9) r(1,17) a(8,17) a(1,17) r(4,12)
28; d(2) r(13,2) d(9) d(8) a(1,17) r(4,14)
29; d(2) r(13,2) d(9) r(1,17) a(8,17) d(6) r(8,16)
30; d(2) r(13,5) r(13,2) d(9) d(8) a(3,15) d(3) d(4)
31; d(2) d(12) r(15,14) d(8) a(13,17) r(9,14) a(5,10)
32; d(2) r(13,5) r(13,2) d(9) d(8) a(3,15) d(3) a(6,16)
33; d(2) d(12) r(15,14) d(8) a(13,17) r(9,14) d(6)
34; d(12) r(5,11) a(13,10) a(11,2) a(3,16) r(13,9) a(3,17)
35; d(2) r(5,11) a(9,11) d(9) a(4,8) d(9) a(3,15) r(3,10) r(4,17) d(1)
36; d(2) r(13,5) d(3) r(11,16)
37; d(2) d(12) r(15,14) d(8) a(13,17) d(13) r(15,6) r(14,17) r(8,6) a(1,17) r(4,16)
38; d(2) r(13,5) a(1,17) a(6,11)
39; d(2) d(12) r(15,14) d(8) a(13,17) d(13) r(15,6) r(14,17) r(8,6) d(3) d(11)
40; d(2) a(8,9) r(13,9) r(3,16) a(11,6) r(13,5) r(15,5) d(3) r(11,9) d(9) r(1,17) a(8,17) a(6,14) d(5)
41; d(2) a(13,17)
42; d(2) a(8,9) r(13,9) r(3,16) a(11,6) r(5,13)
43; d(2) r(13,5) r(15,5) d(3) r(11,9) d(9) r(1,17) a(8,17) a(6,14) a(6,6)
44; d(2) r(13,2) d(9) d(8) a(3,17) r(5,9) d(4)
45; d(12) r(5,11) a(13,10) a(11,2) d(13) d(3) r(9,11) a(1,17)
46; d(13) d(5) a(4,10) d(14) a(3,12) a(6,10) r(5,11) r(5,12) d(12) d(13) d(8) a(1,17) r(9,4)
47; d(2) r(12,16) d(13) r(15,6) r(5,8) a(15,13) d(14) r(1,17) a(11,5)
48; d(13) d(5) a(4,10) d(14) a(3,12) a(6,10) a(15,13) d(14) r(1,17) a(12,12)
49; d(2) r(12,16) d(13) r(15,6) r(5,8) r(5,11) r(5,12) d(12) d(13) d(8) a(1,17) r(1,13)
50; d(2) a(8,9) r(13,9) d(13) r(5,12) r(3,17) d(10) r(9,11) a(1,13) d(4)
51; d(2) r(3,16) a(11,6) a(13,6)
52; d(2) a(8,9) r(13,9) r(3,16) a(11,6) d(10)
53; d(2) d(13) r(5,12) r(3,17) d(10) r(9,11) a(1,13) r(4,10)
54; d(2) r(13,5) a(6,10) a(15,13) d(14) d(9) a(8,2)
55; d(2) r(13,2) d(9) d(8) a(1,17) a(5,15)
56; d(13) d(5) a(4,10) r(15,6) r(14,17) r(8,6) d(3) d(11)
57; d(2) d(12) r(15,14) d(8) a(13,17) d(13) d(14) a(3,12) a(6,10) a(15,13) d(14) r(1,17) d(4)
58; d(13) d(5) a(4,10) d(14) a(3,12) a(6,10) a(15,13) d(14) r(1,17) a(15,6)
59; d(2) d(12) r(15,14) d(8) a(13,17) d(13) r(15,6) r(14,17) r(8,6) d(3) a(11,12)
--------------------------------------------------------------------------------
Evaluation

0; 0.
1; 0.
2; 0.
3; 0.
4; 0.
5; 0.
6; 0.
7; 0.
8; 0.
9; 0.
10; 0.
11; 0.
12; 0.
13; 0.
14; 0.
15; 0.
16; 0.
17; 0.
18; 0.
19; 0.
20; 0.
21; 0.
22; 0.
23; 0.
24; 0.
25; 0.
26; 0.
27; 0.
28; 0.
29; 0.
30; 0.
31; 0.
32; 0.
33; 0.
34; 0.
35; 0.
36; 0.
37; 0.
38; 0.
39; 0.
40; 0.
41; 0.
42; 0.
43; 0.
44; 0.
45; 0.
46; 0.
47; 0.
48; 0.
49; 0.
50; 0.
51; 0.
52; 0.
53; 0.
54; 0.
55; 0.
56; 0.
57; 0.
58; 0.
59; 0.
================================================================================
Generation 8

--------------------------------------------------------------------------------
Selection

0; 9
1; 17
2; 1
3; 23
4; 8
5; 56
6; 28
7; 53
8; 28
9; 41
10; 53
11; 18
12; 44
13; 53
14; 49
15; 35
16; 34
17; 27
18; 53
19; 35
20; 35
21; 26
22; 33
23; 46
24; 2
25; 11
26; 1
27; 15
28; 52
29; 26
30; 42
31; 22
32; 17
33; 1
34; 20
35; 50
36; 50
37; 44
38; 31
39; 56
--------------------------------------------------------------------------------
Crossover

0; 18, 53; d(2) r(5,12) r(3,17) d(10) r(9,11) a(1,13) r(4,10)
1; 18, 53; d(2) d(13) a(6,10) a(15,13) r(4,12) a(3,16) d(1)
2; 18; d(2) a(6,10) a(15,13) r(4,12) a(3,16) d(1)
3; 53; d(2) d(13) r(5,12) r(3,17) d(10) r(9,11) a(1,13) r(4,10)
4; 53, 2; d(2) d(13) r(5,12) r(14,17) r(8,6) d(3) r(9,14)
5; 53, 2; d(2) d(12) r(15,14) d(8) a(13,17) d(13) r(15,6) r(3,17) d(10) r(9,11) a(1,13) r(4,10)
6; 53; d(2) d(13) r(5,12) r(3,17) d(10) r(9,11) a(1,13) r(4,10)
7; 2; d(2) d(12) r(15,14) d(8) a(13,17) d(13) r(15,6) r(14,17) r(8,6) d(3) r(9,14)
8; 46, 8; d(13) d(5) a(4,10) d(14) a(3,12) a(6,10) r(5,11) r(5,12) d(12) d(13) d(8) a(1,17) r(13,15) r(12,10)
9; 46, 8; d(2) d(6) a(12,16) r(9,4)
10; 46; d(13) d(5) a(4,10) d(14) a(3,12) a(6,10) r(5,11) r(5,12) d(12) d(13) d(8) a(1,17) r(9,4)
11; 8; d(2) d(6) a(12,16) r(13,15) r(12,10)
12; 26, 20; d(2) r(13,2) d(9) d(8) d(6) a(1,6) r(3,13) d(1)
13; 26, 20; d(2) r(12,16) r(13,2) d(9) d(8) d(4)
14; 26; d(2) r(13,2) d(9) d(8) d(6) d(4)
15; 20; d(2) r(12,16) r(13,2) d(9) d(8) a(1,6) r(3,13) d(1)
16; 17, 44; d(2) a(3,17) r(5,9) d(4)
17; 17, 44; d(2) r(13,2) d(9) d(8) r(14,10) r(13,8) a(9,8)
18; 17; d(2) r(14,10) r(13,8) a(9,8)
19; 44; d(2) r(13,2) d(9) d(8) a(3,17) r(5,9) d(4)
20; 27; d(2) r(13,2) d(9) r(1,17) a(8,17) a(1,17) r(4,12)
21; 22; d(2) r(12,16) r(13,16) d(5)
22; 1; d(2) r(15,6) r(14,17) r(8,6) d(3) r(13,14)
23; 1; d(2) r(15,6) r(14,17) r(8,6) d(3) r(13,14)
24; 15, 44; d(2) r(13,5) r(13,2) a(3,17) r(5,9) d(4)
25; 15, 44; d(2) r(13,2) d(9) d(8) d(9) d(4) d(1)
26; 15; d(2) r(13,5) r(13,2) d(9) d(4) d(1)
27; 44; d(2) r(13,2) d(9) d(8) a(3,17) r(5,9) d(4)
28; 9; d(2) r(13,5) r(13,2) d(9) d(4) d(1)
29; 1; d(2) r(15,6) r(14,17) r(8,6) d(3) r(13,14)
30; 52; d(2) a(8,9) r(13,9) r(3,16) a(11,6) d(10)
31; 28; d(2) r(13,2) d(9) d(8) a(1,17) r(4,14)
32; 23, 11; d(2) r(13,2) d(9) d(8) a(1,6) d(14) d(8) a(4,16)
33; 23, 11; d(2) r(12,16) a(13,10) a(11,2) r(13,5) a(6,10) a(15,13) r(3,13) d(5)
34; 23; d(2) r(13,2) d(9) d(8) a(1,6) r(3,13) d(5)
35; 11; d(2) r(12,16) a(13,10) a(11,2) r(13,5) a(6,10) a(15,13) d(14) d(8) a(4,16)
36; 53, 53; d(2) d(13) d(13) r(5,12) r(3,17) d(10) r(9,11) a(1,13) r(4,10)
37; 53, 53; d(2) r(5,12) r(3,17) d(10) r(9,11) a(1,13) r(4,10)
38; 53; d(2) d(13) r(5,12) r(3,17) d(10) r(9,11) a(1,13) r(4,10)
39; 53; d(2) d(13) r(5,12) r(3,17) d(10) r(9,11) a(1,13) r(4,10)
40; 50, 56; d(2) a(8,9) r(13,9) d(13) r(5,12) r(3,17) d(10) r(9,11) a(1,13) d(4) d(3) d(11)
41; 50, 56; d(13) d(5) a(4,10) r(15,6) r(14,17) r(8,6)
42; 50; d(2) a(8,9) r(13,9) d(13) r(5,12) r(3,17) d(10) r(9,11) a(1,13) d(4)
43; 56; d(13) d(5) a(4,10) r(15,6) r(14,17) r(8,6) d(3) d(11)
44; 41, 35; d(2) a(13,17) a(3,15) r(3,10) r(4,17) d(1)
45; 41, 35; d(2) r(5,11) a(9,11) d(9) a(4,8) d(9)
46; 41; d(2) a(13,17)
47; 35; d(2) r(5,11) a(9,11) d(9) a(4,8) d(9) a(3,15) r(3,10) r(4,17) d(1)
48; 35; d(2) r(5,11) a(9,11) d(9) a(4,8) d(9) a(3,15) r(3,10) r(4,17) d(1)
49; 31; d(2) d(12) r(15,14) d(8) a(13,17) r(9,14) a(5,10)
50; 34; d(12) r(5,11) a(13,10) a(11,2) a(3,16) r(13,9) a(3,17)
51; 17; d(2) r(14,10) r(13,8) a(9,8)
52; 42, 26; d(2) r(13,2) d(9) d(8) d(6) d(4)
53; 42, 26; d(2) a(8,9) r(13,9) r(3,16) a(11,6) r(5,13)
54; 42; d(2) a(8,9) r(13,9) r(3,16) a(11,6) r(5,13)
55; 26; d(2) r(13,2) d(9) d(8) d(6) d(4)
56; 56, 50; d(13) d(5) a(4,10) r(15,6) r(14,17) r(8,6) d(3) d(11) d(13) r(5,12) r(3,17) d(10) r(9,11) a(1,13) d(4)
57; 56, 50; d(2) a(8,9) r(13,9)
58; 56; d(13) d(5) a(4,10) r(15,6) r(14,17) r(8,6) d(3) d(11)
59; 50; d(2) a(8,9) r(13,9) d(13) r(5,12) r(3,17) d(10) r(9,11) a(1,13) d(4)
60; 28, 49; d(2) r(13,2) d(9) r(5,12) d(12) d(13) d(8) a(1,17) r(1,13)
61; 28, 49; d(2) r(12,16) d(13) r(15,6) r(5,8) r(5,11) d(8) a(1,17) r(4,14)
62; 28; d(2) r(13,2) d(9) d(8) a(1,17) r(4,14)
63; 49; d(2) r(12,16) d(13) r(15,6) r(5,8) r(5,11) r(5,12) d(12) d(13) d(8) a(1,17) r(1,13)
64; 35, 33; d(2) r(5,11) a(9,11) r(9,14) d(6)
65; 35, 33; d(2) d(12) r(15,14) d(8) a(13,17) d(9) a(4,8) d(9) a(3,15) r(3,10) r(4,17) d(1)
66; 35; d(2) r(5,11) a(9,11) d(9) a(4,8) d(9) a(3,15) r(3,10) r(4,17) d(1)
67; 33; d(2) d(12) r(15,14) d(8) a(13,17) r(9,14) d(6)
--------------------------------------------------------------------------------
Mutation

0; d(2) r(5,12) r(3,17) d(10) r(9,11) a(1,13) r(4,10) a(1,6)
1; d(2) d(13) a(6,10) a(15,13) r(4,12) a(3,16) d(1) d(3)
2; d(2) a(6,10) a(15,13) r(4,12) a(3,16) d(1) a(3,8)
3; d(2) d(13) r(5,12) r(3,17) d(10) r(9,11) a(1,13) r(4,10) r(1,6)
4; d(2) d(13) r(5,12) r(14,17) r(8,6) d(3) r(9,14) a(1,1)
5; d(2) d(12) r(15,14) d(8) a(13,17) d(13) r(15,6) r(3,17) d(10) r(9,11) a(1,13) r(4,10) r(1,17)
6; d(2) d(13) r(5,12) r(3,17) d(10) r(9,11) a(1,13) r(4,10) d(1)
7; d(2) d(12) r(15,14) d(8) a(13,17) d(13) r(15,6) r(14,17) r(8,6) d(3) r(9,14) r(4,8)
8; d(13) d(5) a(4,10) d(14) a(3,12) a(6,10) r(5,11) r(5,12) d(12) d(13) d(8) a(1,17) r(13,15) r(12,10) r(1,6)
9; d(2) d(6) a(12,16) r(9,4) d(8)
10; d(13) d(5) a(4,10) d(14) a(3,12) a(6,10) r(5,11) r(5,12) d(12) d(13) d(8) a(1,17) r(9,4) d(3)
11; d(2) d(6) a(12,16) r(13,15) r(12,10) r(5,2)
12; d(2) r(13,2) d(9) d(8) d(6) a(1,6) r(3,13) d(1) a(5,4)
13; d(2) r(12,16) r(13,2) d(9) d(8) d(4) a(3,4)
14; d(2) r(13,2) d(9) d(8) d(6) d(4) r(3,8)
15; d(2) r(12,16) r(13,2) d(9) d(8) a(1,6) r(3,13) d(1) d(6)
16; d(2) a(3,17) r(5,9) d(4) r(1,13)
17; d(2) r(13,2) d(9) d(8) r(14,10) r(13,8) a(9,8) d(3)
18; d(2) r(14,10) r(13,8) a(9,8) r(9,2)
19; d(2) r(13,2) d(9) d(8) a(3,17) r(5,9) d(4) a(1,6)
20; d(2) r(13,2) d(9) r(1,17) a(8,17) a(1,17) r(4,12) a(3,13)
21; d(2) r(12,16) r(13,16) d(5) a(14,2)
22; d(2) r(15,6) r(14,17) r(8,6) d(3) r(13,14) a(5,9)
23; d(2) r(15,6) r(14,17) r(8,6) d(3) r(13,14) a(4,12)
24; d(2) r(13,5) r(13,2) a(3,17) r(5,9) d(4) d(3)
25; d(2) r(13,2) d(9) d(8) d(9) d(4) d(1) d(3)
26; d(2) r(13,5) r(13,2) d(9) d(4) d(1) r(3,9)
27; d(2) r(13,2) d(9) d(8) a(3,17) r(5,9) d(4) r(1,17)
28; d(2) r(13,5) r(13,2) d(9) d(4) d(1) r(3,10)
29; d(2) r(15,6) r(14,17) r(8,6) d(3) r(13,14) a(9,11)
30; d(2) a(8,9) r(13,9) r(3,16) a(11,6) d(10) a(9,17)
31; d(2) r(13,2) d(9) d(8) a(1,17) r(4,14) d(3)
32; d(2) r(13,2) d(9) d(8) a(1,6) d(14) d(8) a(4,16) a(3,17)
33; d(2) r(12,16) a(13,10) a(11,2) r(13,5) a(6,10) a(15,13) r(3,13) d(5) a(10,3)
34; d(2) r(13,2) d(9) d(8) a(1,6) r(3,13) d(5) r(4,14)
35; d(2) r(12,16) a(13,10) a(11,2) r(13,5) a(6,10) a(15,13) d(14) d(8) a(4,16) r(6,17)
36; d(2) d(13) d(13) r(5,12) r(3,17) d(10) r(9,11) a(1,13) r(4,10) a(1,1)
37; d(2) r(5,12) r(3,17) d(10) r(9,11) a(1,13) r(4,10) r(1,6)
38; d(2) d(13) r(5,12) r(3,17) d(10) r(9,11) a(1,13) r(4,10) r(1,13)
39; d(2) d(13) r(5,12) r(3,17) d(10) r(9,11) a(1,13) r(4,10) r(1,17)
40; d(2) a(8,9) r(13,9) d(13) r(5,12) r(3,17) d(10) r(9,11) a(1,13) d(4) d(3) d(11) r(1,6)
41; d(13) d(5) a(4,10) r(15,6) r(14,17) r(8,6) d(1)
42; d(2) a(8,9) r(13,9) d(13) r(5,12) r(3,17) d(10) r(9,11) a(1,13) d(4) a(1,1)
43; d(13) d(5) a(4,10) r(15,6) r(14,17) r(8,6) d(3) d(11) r(2,3)
44; d(2) a(13,17) a(3,15) r(3,10) r(4,17) d(1)
45; d(2) r(5,11) a(9,11) d(9) a(4,8) d(9) r(4,10)
46; d(2) a(13,17) a(11,5)
47; d(2) r(5,11) a(9,11) d(9) a(4,8) d(9) a(3,15) r(3,10) r(4,17) d(1)
48; d(2) r(5,11) a(9,11) d(9) a(4,8) d(9) a(3,15) r(3,10) r(4,17) d(1)
49; d(2) d(12) r(15,14) d(8) a(13,17) r(9,14) a(5,10) a(1,13)
50; d(12) r(5,11) a(13,10) a(11,2) a(3,16) r(13,9) a(3,17) a(14,8)
51; d(2) r(14,10) r(13,8) a(9,8) a(11,17)
52; d(2) r(13,2) d(9) d(8) d(6) d(4) a(1,13)
53; d(2) a(8,9) r(13,9) r(3,16) a(11,6) r(5,13) r(4,13)
54; d(2) a(8,9) r(13,9) r(3,16) a(11,6) r(5,13) a(9,10)
55; d(2) r(13,2) d(9) d(8) d(6) d(4) r(1,6)
56; d(13) d(5) a(4,10) r(15,6) r(14,17) r(8,6) d(3) d(11) d(13) r(5,12) r(3,17) d(10) r(9,11) a(1,13) d(4) d(1)
57; d(2) a(8,9) r(13,9) d(12)
58; d(13) d(5) a(4,10) r(15,6) r(14,17) r(8,6) d(3) d(11) a(9,3)
59; d(2) a(8,9) r(13,9) d(13) r(5,12) r(3,17) d(10) r(9,11) a(1,13) d(4) a(1,1)
60; d(2) r(13,2) d(9) r(5,12) d(12) d(13) d(8) a(1,17) r(1,13) d(3)
61; d(2) r(12,16) d(13) r(15,6) r(5,8) r(5,11) d(8) a(1,17) r(4,14) a(3,12)
62; d(2) r(13,2) d(9) d(8) a(1,17) r(4,14) d(3)
63; d(2) r(12,16) d(13) r(15,6) r(5,8) r(5,11) r(5,12) d(12) d(13) d(8) a(1,17) r(1,13) a(14,9)
64; d(2) r(5,11) a(9,11) r(9,14) d(6) a(3,16)
65; d(2) d(12) r(15,14) d(8) a(13,17) d(9) a(4,8) d(9) a(3,15) r(3,10) r(4,17) d(1)
66; d(2) r(5,11) a(9,11) d(9) a(4,8) d(9) a(3,15) r(3,10) r(4,17) d(1)
67; d(2) d(12) r(15,14) d(8) a(13,17) r(9,14) d(6) r(1,13)
--------------------------------------------------------------------------------
Evaluation

0; 0.
1; 0.
2; 0.
3; 0.
4; 0.
5; 0.
6; 0.
7; 0.
8; 0.
9; 0.
10; 0.
11; 0.
12; 0.
13; 0.
14; 0.
15; 0.
16; 0.
17; 0.
18; 0.
19; 0.
20; 0.
21; 0.
22; 0.
23; 0.
24; 0.
25; 0.
26; 0.
27; 0.
28; 0.
29; 0.
30; 0.
31; 0.
32; 0.
33; 0.
34; 0.
35; 0.
36; 0.
37; 0.
38; 0.
39; 0.
40; 0.
41; 0.
42; 0.
43; 0.
44; 0.
45; 0.
46; 0.
47; 0.
48; 0.
49; 0.
50; 0.
51; 0.
52; 0.
53; 0.
54; 0.
55; 0.
56; 13.
57; 0.
58; 0.
59; 0.
60; 0.
61; 0.
62; 0.
63; 0.
64; 0.
65; 0.
66; 0.
67; 0.
================================================================================
Generation 9

--------------------------------------------------------------------------------
Selection

0; 44
1; 54
2; 63
3; 17
4; 35
5; 59
6; 65
7; 2
8; 48
9; 47
10; 59
11; 43
12; 22
13; 35
14; 13
15; 11
16; 59
17; 25
18; 3
19; 61
20; 66
21; 23
22; 20
23; 21
24; 24
25; 24
26; 54
27; 37
28; 18
29; 54
30; 5
31; 12
32; 18
33; 23
34; 21
35; 39
36; 58
37; 7
38; 36
39; 1
--------------------------------------------------------------------------------
Crossover

0; 23; d(2) r(15,6) r(14,17) r(8,6) d(3) r(13,14) a(4,12)
1; 35; d(2) r(12,16) a(13,10) a(11,2) r(13,5) a(6,10) a(15,13) d(14) d(8) a(4,16) r(6,17)
2; 17; d(2) r(13,2) d(9) d(8) r(14,10) r(13,8) a(9,8) d(3)
3; 18; d(2) r(14,10) r(13,8) a(9,8) r(9,2)
4; 7, 59; d(2) d(12) r(15,14) d(8) a(13,17) d(13) r(15,6) r(14,17) d(4) a(1,1)
5; 7, 59; d(2) a(8,9) r(13,9) d(13) r(5,12) r(3,17) d(10) r(9,11) a(1,13) r(8,6) d(3) r(9,14) r(4,8)
6; 7; d(2) d(12) r(15,14) d(8) a(13,17) d(13) r(15,6) r(14,17) r(8,6) d(3) r(9,14) r(4,8)
7; 59; d(2) a(8,9) r(13,9) d(13) r(5,12) r(3,17) d(10) r(9,11) a(1,13) d(4) a(1,1)
8; 37, 24; d(2) r(5,12) r(3,17) d(10) r(9,11) d(3)
9; 37, 24; d(2) r(13,5) r(13,2) a(3,17) r(5,9) d(4) a(1,13) r(4,10) r(1,6)
10; 37; d(2) r(5,12) r(3,17) d(10) r(9,11) a(1,13) r(4,10) r(1,6)
11; 24; d(2) r(13,5) r(13,2) a(3,17) r(5,9) d(4) d(3)
12; 25, 59; d(2) r(13,2) d(9)
13; 25, 59; d(2) a(8,9) r(13,9) d(13) r(5,12) r(3,17) d(10) r(9,11) a(1,13) d(4) a(1,1) d(8) d(9) d(4) d(1) d(3)
14; 25; d(2) r(13,2) d(9) d(8) d(9) d(4) d(1) d(3)
15; 59; d(2) a(8,9) r(13,9) d(13) r(5,12) r(3,17) d(10) r(9,11) a(1,13) d(4) a(1,1)
16; 1, 36; d(2) d(13) a(6,10) a(15,13) d(13) r(5,12) r(3,17) d(10) r(9,11) a(1,13) r(4,10) a(1,1)
17; 1, 36; d(2) d(13) r(4,12) a(3,16) d(1) d(3)
18; 1; d(2) d(13) a(6,10) a(15,13) r(4,12) a(3,16) d(1) d(3)
19; 36; d(2) d(13) d(13) r(5,12) r(3,17) d(10) r(9,11) a(1,13) r(4,10) a(1,1)
20; 5; d(2) d(12) r(15,14) d(8) a(13,17) d(13) r(15,6) r(3,17) d(10) r(9,11) a(1,13) r(4,10) r(1,17)
21; 3; d(2) d(13) r(5,12) r(3,17) d(10) r(9,11) a(1,13) r(4,10) r(1,6)
22; 54, 18; d(2) r(13,8) a(9,8) r(9,2)
23; 54, 18; d(2) r(14,10) a(8,9) r(13,9) r(3,16) a(11,6) r(5,13) a(9,10)
24; 54; d(2) a(8,9) r(13,9) r(3,16) a(11,6) r(5,13) a(9,10)
25; 18; d(2) r(14,10) r(13,8) a(9,8) r(9,2)
26; 59; d(2) a(8,9) r(13,9) d(13) r(5,12) r(3,17) d(10) r(9,11) a(1,13) d(4) a(1,1)
27; 54; d(2) a(8,9) r(13,9) r(3,16) a(11,6) r(5,13) a(9,10)
28; 63, 12; d(2) r(12,16) d(13) r(15,6) r(5,8) r(5,11) r(5,12) d(12) r(13,2) d(9) d(8) d(6) a(1,6) r(3,13) d(1) a(5,4)
29; 63, 12; d(2) d(13) d(8) a(1,17) r(1,13) a(14,9)
30; 63; d(2) r(12,16) d(13) r(15,6) r(5,8) r(5,11) r(5,12) d(12) d(13) d(8) a(1,17) r(1,13) a(14,9)
31; 12; d(2) r(13,2) d(9) d(8) d(6) a(1,6) r(3,13) d(1) a(5,4)
32; 54; d(2) a(8,9) r(13,9) r(3,16) a(11,6) r(5,13) a(9,10)
33; 65; d(2) d(12) r(15,14) d(8) a(13,17) d(9) a(4,8) d(9) a(3,15) r(3,10) r(4,17) d(1)
34; 35; d(2) r(12,16) a(13,10) a(11,2) r(13,5) a(6,10) a(15,13) d(14) d(8) a(4,16) r(6,17)
35; 66; d(2) r(5,11) a(9,11) d(9) a(4,8) d(9) a(3,15) r(3,10) r(4,17) d(1)
36; 13, 23; d(2) r(12,16) r(13,14) a(4,12)
37; 13, 23; d(2) r(15,6) r(14,17) r(8,6) d(3) r(13,2) d(9) d(8) d(4) a(3,4)
38; 13; d(2) r(12,16) r(13,2) d(9) d(8) d(4) a(3,4)
39; 23; d(2) r(15,6) r(14,17) r(8,6) d(3) r(13,14) a(4,12)
40; 21; d(2) r(12,16) r(13,16) d(5) a(14,2)
41; 47; d(2) r(5,11) a(9,11) d(9) a(4,8) d(9) a(3,15) r(3,10) r(4,17) d(1)
42; 20; d(2) r(13,2) d(9) r(1,17) a(8,17) a(1,17) r(4,12) a(3,13)
43; 24; d(2) r(13,5) r(13,2) a(3,17) r(5,9) d(4) d(3)
44; 58; d(13) d(5) a(4,10) r(15,6) r(14,17) r(8,6) d(3) d(11) a(9,3)
45; 48; d(2) r(5,11) a(9,11) d(9) a(4,8) d(9) a(3,15) r(3,10) r(4,17) d(1)
46; 39; d(2) d(13) r(5,12) r(3,17) d(10) r(9,11) a(1,13) r(4,10) r(1,17)
47; 22; d(2) r(15,6) r(14,17) r(8,6) d(3) r(13,14) a(5,9)
48; 44, 61; d(2) a(13,17) a(3,15)
49; 44, 61; d(2) r(12,16) d(13) r(15,6) r(5,8) r(5,11) d(8) a(1,17) r(4,14) a(3,12) r(3,10) r(4,17) d(1)
50; 44; d(2) a(13,17) a(3,15) r(3,10) r(4,17) d(1)
51; 61; d(2) r(12,16) d(13) r(15,6) r(5,8) r(5,11) d(8) a(1,17) r(4,14) a(3,12)
52; 11; d(2) d(6) a(12,16) r(13,15) r(12,10) r(5,2)
53; 43; d(13) d(5) a(4,10) r(15,6) r(14,17) r(8,6) d(3) d(11) r(2,3)
54; 21; d(2) r(12,16) r(13,16) d(5) a(14,2)
55; 2; d(2) a(6,10) a(15,13) r(4,12) a(3,16) d(1) a(3,8)
--------------------------------------------------------------------------------
Mutation

0; d(2) r(15,6) r(14,17) r(8,6) d(3) r(13,14) a(4,12) d(10)
1; d(2) r(12,16) a(13,10) a(11,2) r(13,5) a(6,10) a(15,13) d(14) d(8) a(4,16) r(6,17) a(4,3)
2; d(2) r(13,2) d(9) d(8) r(14,10) r(13,8) a(9,8) d(3) r(4,11)
3; d(2) r(14,10) r(13,8) a(9,8) r(9,2) d(3)
4; d(2) d(12) r(15,14) d(8) a(13,17) d(13) r(15,6) r(14,17) d(4) a(1,1) r(3,15)
5; d(2) a(8,9) r(13,9) d(13) r(5,12) r(3,17) d(10) r(9,11) a(1,13) r(8,6) d(3) r(9,14) r(4,8) d(1)
6; d(2) d(12) r(15,14) d(8) a(13,17) d(13) r(15,6) r(14,17) r(8,6) d(3) r(9,14) r(4,8) r(1,6)
7; d(2) a(8,9) r(13,9) d(13) r(5,12) r(3,17) d(10) r(9,11) a(1,13) d(4) a(1,1) a(1,1)
8; d(2) r(5,12) r(3,17) d(10) r(9,11) d(3) d(8)
9; d(2) r(13,5) r(13,2) a(3,17) r(5,9) d(4) a(1,13) r(4,10) r(1,6) r(3,12)
10; d(2) r(5,12) r(3,17) d(10) r(9,11) a(1,13) r(4,10) r(1,6)
11; d(2) r(13,5) r(13,2) a(3,17) r(5,9) d(4) d(3) r(1,13)
12; d(2) r(13,2) d(9) d(6)
13; d(2) a(8,9) r(13,9) d(13) r(5,12) r(3,17) d(10) r(9,11) a(1,13) d(4) a(1,1) d(8) d(9) d(4) d(1) d(3)
14; d(2) r(13,2) d(9) d(8) d(9) d(4) d(1) d(3)
15; d(2) a(8,9) r(13,9) d(13) r(5,12) r(3,17) d(10) r(9,11) a(1,13) d(4) a(1,1) d(1)
16; d(2) d(13) a(6,10) a(15,13) d(13) r(5,12) r(3,17) d(10) r(9,11) a(1,13) r(4,10) a(1,1) d(1)
17; d(2) d(13) r(4,12) a(3,16) d(1) d(3)
18; d(2) d(13) a(6,10) a(15,13) r(4,12) a(3,16) d(1) d(3)
19; d(2) d(13) d(13) r(5,12) r(3,17) d(10) r(9,11) a(1,13) r(4,10) a(1,1) r(1,6)
20; d(2) d(12) r(15,14) d(8) a(13,17) d(13) r(15,6) r(3,17) d(10) r(9,11) a(1,13) r(4,10) r(1,17)
21; d(2) d(13) r(5,12) r(3,17) d(10) r(9,11) a(1,13) r(4,10) r(1,6)
22; d(2) r(13,8) a(9,8) r(9,2) r(5,6)
23; d(2) r(14,10) a(8,9) r(13,9) r(3,16) a(11,6) r(5,13) a(9,10) r(9,4)
24; d(2) a(8,9) r(13,9) r(3,16) a(11,6) r(5,13) a(9,10) a(8,5)
25; d(2) r(14,10) r(13,8) a(9,8) r(9,2) a(8,9)
26; d(2) a(8,9) r(13,9) d(13) r(5,12) r(3,17) d(10) r(9,11) a(1,13) d(4) a(1,1) a(1,13)
27; d(2) a(8,9) r(13,9) r(3,16) a(11,6) r(5,13) a(9,10) a(8,16)
28; d(2) r(12,16) d(13) r(15,6) r(5,8) r(5,11) r(5,12) d(12) r(13,2) d(9) d(8) d(6) a(1,6) r(3,13) d(1) a(5,4) d(4)
29; d(2) d(13) d(8) a(1,17) r(1,13) a(14,9) r(11,16)
30; d(2) r(12,16) d(13) r(15,6) r(5,8) r(5,11) r(5,12) d(12) d(13) d(8) a(1,17) r(1,13) a(14,9) r(9,3)
31; d(2) r(13,2) d(9) d(8) d(6) a(1,6) r(3,13) d(1) a(5,4) a(4,15)
32; d(2) a(8,9) r(13,9) r(3,16) a(11,6) r(5,13) a(9,10) r(14,4)
33; d(2) d(12) r(15,14) d(8) a(13,17) d(9) a(4,8) d(9) a(3,15) r(3,10) r(4,17) d(1)
34; d(2) r(12,16) a(13,10) a(11,2) r(13,5) a(6,10) a(15,13) d(14) d(8) a(4,16) r(6,17) a(1,17)
35; d(2) r(5,11) a(9,11) d(9) a(4,8) d(9) a(3,15) r(3,10) r(4,17) d(1)
36; d(2) r(12,16) r(13,14) a(4,12) d(5)
37; d(2) r(15,6) r(14,17) r(8,6) d(3) r(13,2) d(9) d(8) d(4) a(3,4) a(1,13)
38; d(2) r(12,16) r(13,2) d(9) d(8) d(4) a(3,4) d(1)
39; d(2) r(15,6) r(14,17) r(8,6) d(3) r(13,14) a(4,12) r(11,14)
40; d(2) r(12,16) r(13,16) d(5) a(14,2) a(9,10)
41; d(2) r(5,11) a(9,11) d(9) a(4,8) d(9) a(3,15) r(3,10) r(4,17) d(1)
42; d(2) r(13,2) d(9) r(1,17) a(8,17) a(1,17) r(4,12) a(3,13) d(3)
43; d(2) r(13,5) r(13,2) a(3,17) r(5,9) d(4) d(3) d(1)
44; d(13) d(5) a(4,10) r(15,6) r(14,17) r(8,6) d(3) d(11) a(9,3) r(2,10)
45; d(2) r(5,11) a(9,11) d(9) a(4,8) d(9) a(3,15) r(3,10) r(4,17) d(1)
46; d(2) d(13) r(5,12) r(3,17) d(10) r(9,11) a(1,13) r(4,10) r(1,17)
47; d(2) r(15,6) r(14,17) r(8,6) d(3) r(13,14) a(5,9) r(10,4)
48; d(2) a(13,17) a(3,15) d(13)
49; d(2) r(12,16) d(13) r(15,6) r(5,8) r(5,11) d(8) a(1,17) r(4,14) a(3,12) r(3,10) r(4,17) d(1)
50; d(2) a(13,17) a(3,15) r(3,10) r(4,17) d(1)
51; d(2) r(12,16) d(13) r(15,6) r(5,8) r(5,11) d(8) a(1,17) r(4,14) a(3,12) d(1)
52; d(2) d(6) a(12,16) r(13,15) r(12,10) r(5,2) r(8,4)
53; d(13) d(5) a(4,10) r(15,6) r(14,17) r(8,6) d(3) d(11) r(2,3) r(4,16)
54; d(2) r(12,16) r(13,16) d(5) a(14,2) d(3)
55; d(2) a(6,10) a(15,13) r(4,12) a(3,16) d(1) a(3,8) r(3,8)
--------------------------------------------------------------------------------
Evaluation

0; 0.
1; 0.
2; 0.
3; 0.
4; 0.
5; 0.
6; 0.
7; 0.
8; 0.
9; 0.
10; 0.
11; 0.
12; 0.
13; 0.
14; 0.
15; 0.
16; 0.
17; 0.
18; 0.
19; 0.
20; 0.
21; 0.
22; 0.
23; 0.
24; 0.
25; 0.
26; 0.
27; 0.
28; 0.
29; 0.
30; 0.
31; 0.
32; 0.
33; 0.
34; 0.
35; 0.
36; 0.
37; 0.
38; 0.
39; 0.
40; 0.
41; 0.
42; 0.
43; 0.
44; 0.
45; 0.
46; 0.
47; 0.
48; 0.
49; 0.
50; 0.
51; 0.
52; 0.
53; 0.
54; 0.
55; 0.
================================================================================
Generation 10

--------------------------------------------------------------------------------
Selection

0; 8
1; 15
2; 14
3; 38
4; 44
5; 36
6; 47
7; 37
8; 53
9; 31
10; 30
11; 49
12; 9
13; 0
14; 53
15; 15
16; 11
17; 32
18; 23
19; 8
20; 13
21; 24
22; 26
23; 54
24; 31
25; 17
26; 39
27; 19
28; 27
29; 45
30; 44
31; 47
32; 40
33; 39
34; 24
35; 10
36; 12
37; 54
38; 19
39; 20
--------------------------------------------------------------------------------
Crossover

0; 53; d(13) d(5) a(4,10) r(15,6) r(14,17) r(8,6) d(3) d(11) r(2,3) r(4,16)
1; 14; d(2) r(13,2) d(9) d(8) d(9) d(4) d(1) d(3)
2; 8, 26; d(2) r(5,12) r(3,17) d(10) r(9,11) d(3) a(8,9) r(13,9) d(13) r(5,12) r(3,17) d(10) r(9,11) a(1,13) d(4) a(1,1) a(1,13)
3; 8, 26; d(2) d(8)
4; 8; d(2) r(5,12) r(3,17) d(10) r(9,11) d(3) d(8)
5; 26; d(2) a(8,9) r(13,9) d(13) r(5,12) r(3,17) d(10) r(9,11) a(1,13) d(4) a(1,1) a(1,13)
6; 27, 32; d(2) a(8,9) r(5,13) a(9,10) r(14,4)
7; 27, 32; d(2) a(8,9) r(13,9) r(3,16) a(11,6) r(13,9) r(3,16) a(11,6) r(5,13) a(9,10) a(8,16)
8; 27; d(2) a(8,9) r(13,9) r(3,16) a(11,6) r(5,13) a(9,10) a(8,16)
9; 32; d(2) a(8,9) r(13,9) r(3,16) a(11,6) r(5,13) a(9,10) r(14,4)
10; 37, 23; d(2) r(15,6) r(14,17) r(8,6) d(3) r(13,2) d(9) d(8) a(9,10) r(9,4)
11; 37, 23; d(2) r(14,10) a(8,9) r(13,9) r(3,16) a(11,6) r(5,13) d(4) a(3,4) a(1,13)
12; 37; d(2) r(15,6) r(14,17) r(8,6) d(3) r(13,2) d(9) d(8) d(4) a(3,4) a(1,13)
13; 23; d(2) r(14,10) a(8,9) r(13,9) r(3,16) a(11,6) r(5,13) a(9,10) r(9,4)
14; 31; d(2) r(13,2) d(9) d(8) d(6) a(1,6) r(3,13) d(1) a(5,4) a(4,15)
15; 10; d(2) r(5,12) r(3,17) d(10) r(9,11) a(1,13) r(4,10) r(1,6)
16; 39, 36; d(2) r(15,6) r(14,17) r(8,6) d(3) r(13,14) a(4,12) r(11,14)
17; 39, 36; d(2) r(12,16) r(13,14) a(4,12) d(5)
18; 39; d(2) r(15,6) r(14,17) r(8,6) d(3) r(13,14) a(4,12) r(11,14)
19; 36; d(2) r(12,16) r(13,14) a(4,12) d(5)
20; 15, 39; d(2) r(15,6) r(14,17) r(8,6) d(3) r(13,14) a(4,12) r(11,14)
21; 15, 39; d(2) a(8,9) r(13,9) d(13) r(5,12) r(3,17) d(10) r(9,11) a(1,13) d(4) a(1,1) d(1)
22; 15; d(2) a(8,9) r(13,9) d(13) r(5,12) r(3,17) d(10) r(9,11) a(1,13) d(4) a(1,1) d(1)
23; 39; d(2) r(15,6) r(14,17) r(8,6) d(3) r(13,14) a(4,12) r(11,14)
24; 11; d(2) r(13,5) r(13,2) a(3,17) r(5,9) d(4) d(3) r(1,13)
25; 47; d(2) r(15,6) r(14,17) r(8,6) d(3) r(13,14) a(5,9) r(10,4)
26; 30, 47; d(2) r(12,16) d(13) r(15,6) r(5,8) r(5,11) r(10,4)
27; 30, 47; d(2) r(15,6) r(14,17) r(8,6) d(3) r(13,14) a(5,9) r(5,12) d(12) d(13) d(8) a(1,17) r(1,13) a(14,9) r(9,3)
28; 30; d(2) r(12,16) d(13) r(15,6) r(5,8) r(5,11) r(5,12) d(12) d(13) d(8) a(1,17) r(1,13) a(14,9) r(9,3)
29; 47; d(2) r(15,6) r(14,17) r(8,6) d(3) r(13,14) a(5,9) r(10,4)
30; 45, 44; d(2) r(5,11) a(9,11) d(9) a(4,8) r(14,17) r(8,6) d(3) d(11) a(9,3) r(2,10)
31; 45, 44; d(13) d(5) a(4,10) r(15,6) d(9) a(3,15) r(3,10) r(4,17) d(1)
32; 45; d(2) r(5,11) a(9,11) d(9) a(4,8) d(9) a(3,15) r(3,10) r(4,17) d(1)
33; 44; d(13) d(5) a(4,10) r(15,6) r(14,17) r(8,6) d(3) d(11) a(9,3) r(2,10)
34; 17; d(2) d(13) r(4,12) a(3,16) d(1) d(3)
35; 19; d(2) d(13) d(13) r(5,12) r(3,17) d(10) r(9,11) a(1,13) r(4,10) a(1,1) r(1,6)
36; 19, 24; d(2) d(13) d(13) r(5,12) r(13,9) r(3,16) a(11,6) r(5,13) a(9,10) a(8,5)
37; 19, 24; d(2) a(8,9) r(3,17) d(10) r(9,11) a(1,13) r(4,10) a(1,1) r(1,6)
38; 19; d(2) d(13) d(13) r(5,12) r(3,17) d(10) r(9,11) a(1,13) r(4,10) a(1,1) r(1,6)
39; 24; d(2) a(8,9) r(13,9) r(3,16) a(11,6) r(5,13) a(9,10) a(8,5)
40; 12, 20; d(2) d(13) r(15,6) r(3,17) d(10) r(9,11) a(1,13) r(4,10) r(1,17)
41; 12, 20; d(2) d(12) r(15,14) d(8) a(13,17) r(13,2) d(9) d(6)
42; 12; d(2) r(13,2) d(9) d(6)
43; 20; d(2) d(12) r(15,14) d(8) a(13,17) d(13) r(15,6) r(3,17) d(10) r(9,11) a(1,13) r(4,10) r(1,17)
44; 13, 15; d(2) a(8,9) r(13,9) d(13) d(4) a(1,1) d(1)
45; 13, 15; d(2) a(8,9) r(13,9) d(13) r(5,12) r(3,17) d(10) r(9,11) a(1,13) r(5,12) r(3,17) d(10) r(9,11) a(1,13) d(4) a(1,1) d(8) d(9) d(4) d(1) d(3)
46; 13; d(2) a(8,9) r(13,9) d(13) r(5,12) r(3,17) d(10) r(9,11) a(1,13) d(4) a(1,1) d(8) d(9) d(4) d(1) d(3)
47; 15; d(2) a(8,9) r(13,9) d(13) r(5,12) r(3,17) d(10) r(9,11) a(1,13) d(4) a(1,1) d(1)
48; 0, 54; d(2) r(15,6) r(14,17) r(8,6) d(3) r(13,14) a(4,12) a(14,2) d(3)
49; 0, 54; d(2) r(12,16) r(13,16) d(5) d(10)
50; 0; d(2) r(15,6) r(14,17) r(8,6) d(3) r(13,14) a(4,12) d(10)
51; 54; d(2) r(12,16) r(13,16) d(5) a(14,2) d(3)
52; 54, 24; d(2) r(12,16) r(13,16) d(5) a(14,2) a(9,10) a(8,5)
53; 54, 24; d(2) a(8,9) r(13,9) r(3,16) a(11,6) r(5,13) d(3)
54; 54; d(2) r(12,16) r(13,16) d(5) a(14,2) d(3)
55; 24; d(2) a(8,9) r(13,9) r(3,16) a(11,6) r(5,13) a(9,10) a(8,5)
56; 8, 31; d(2) r(5,12) r(3,17) d(10) r(9,11) a(4,15)
57; 8, 31; d(2) r(13,2) d(9) d(8) d(6) a(1,6) r(3,13) d(1) a(5,4) d(3) d(8)
58; 8; d(2) r(5,12) r(3,17) d(10) r(9,11) d(3) d(8)
59; 31; d(2) r(13,2) d(9) d(8) d(6) a(1,6) r(3,13) d(1) a(5,4) a(4,15)
60; 44, 40; d(13) d(5) r(12,16) r(13,16) d(5) a(14,2) a(9,10)
61; 44, 40; d(2) a(4,10) r(15,6) r(14,17) r(8,6) d(3) d(11) a(9,3) r(2,10)
62; 44; d(13) d(5) a(4,10) r(15,6) r(14,17) r(8,6) d(3) d(11) a(9,3) r(2,10)
63; 40; d(2) r(12,16) r(13,16) d(5) a(14,2) a(9,10)
64; 38, 9; d(2) r(12,16) r(13,2) r(3,12)
65; 38, 9; d(2) r(13,5) r(13,2) a(3,17) r(5,9) d(4) a(1,13) r(4,10) r(1,6) d(9) d(8) d(4) a(3,4) d(1)
66; 38; d(2) r(12,16) r(13,2) d(9) d(8) d(4) a(3,4) d(1)
67; 9; d(2) r(13,5) r(13,2) a(3,17) r(5,9) d(4) a(1,13) r(4,10) r(1,6) r(3,12)
68; 49, 53; d(2) r(12,16) r(15,6) r(14,17) r(8,6) d(3) d(11) r(2,3) r(4,16)
69; 49, 53; d(13) d(5) a(4,10) d(13) r(15,6) r(5,8) r(5,11) d(8) a(1,17) r(4,14) a(3,12) r(3,10) r(4,17) d(1)
70; 49; d(2) r(12,16) d(13) r(15,6) r(5,8) r(5,11) d(8) a(1,17) r(4,14) a(3,12) r(3,10) r(4,17) d(1)
71; 53; d(13) d(5) a(4,10) r(15,6) r(14,17) r(8,6) d(3) d(11) r(2,3) r(4,16)
--------------------------------------------------------------------------------
Mutation

0; d(13) d(5) a(4,10) r(15,6) r(14,17) r(8,6) d(3) d(11) r(2,3) r(4,16) d(1)
1; d(2) r(13,2) d(9) d(8) d(9) d(4) d(1) d(3)
2; d(2) r(5,12) r(3,17) d(10) r(9,11) d(3) a(8,9) r(13,9) d(13) r(5,12) r(3,17) d(10) r(9,11) a(1,13) d(4) a(1,1) a(1,13) d(1)
3; d(2) d(8) a(3,10)
4; d(2) r(5,12) r(3,17) d(10) r(9,11) d(3) d(8) a(4,11)
5; d(2) a(8,9) r(13,9) d(13) r(5,12) r(3,17) d(10) r(9,11) a(1,13) d(4) a(1,1) a(1,13) r(1,6)
6; d(2) a(8,9) r(5,13) a(9,10) r(14,4) d(13)
7; d(2) a(8,9) r(13,9) r(3,16) a(11,6) r(13,9) r(3,16) a(11,6) r(5,13) a(9,10) a(8,16) r(14,15)
8; d(2) a(8,9) r(13,9) r(3,16) a(11,6) r(5,13) a(9,10) a(8,16) r(4,6)
9; d(2) a(8,9) r(13,9) r(3,16) a(11,6) r(5,13) a(9,10) r(14,4) r(8,14)
10; d(2) r(15,6) r(14,17) r(8,6) d(3) r(13,2) d(9) d(8) a(9,10) r(9,4) d(4)
11; d(2) r(14,10) a(8,9) r(13,9) r(3,16) a(11,6) r(5,13) d(4) a(3,4) a(1,13) a(1,1)
12; d(2) r(15,6) r(14,17) r(8,6) d(3) r(13,2) d(9) d(8) d(4) a(3,4) a(1,13) a(1,17)
13; d(2) r(14,10) a(8,9) r(13,9) r(3,16) a(11,6) r(5,13) a(9,10) r(9,4) r(1,17)
14; d(2) r(13,2) d(9) d(8) d(6) a(1,6) r(3,13) d(1) a(5,4) a(4,15) d(5)
15; d(2) r(5,12) r(3,17) d(10) r(9,11) a(1,13) r(4,10) r(1,6)
16; d(2) r(15,6) r(14,17) r(8,6) d(3) r(13,14) a(4,12) r(11,14) a(6,9)
17; d(2) r(12,16) r(13,14) a(4,12) d(5) d(14)
18; d(2) r(15,6) r(14,17) r(8,6) d(3) r(13,14) a(4,12) r(11,14) d(9)
19; d(2) r(12,16) r(13,14) a(4,12) d(5) r(11,16)
20; d(2) r(15,6) r(14,17) r(8,6) d(3) r(13,14) a(4,12) r(11,14) r(6,13)
21; d(2) a(8,9) r(13,9) d(13) r(5,12) r(3,17) d(10) r(9,11) a(1,13) d(4) a(1,1) d(1)
22; d(2) a(8,9) r(13,9) d(13) r(5,12) r(3,17) d(10) r(9,11) a(1,13) d(4) a(1,1) d(1)
23; d(2) r(15,6) r(14,17) r(8,6) d(3) r(13,14) a(4,12) r(11,14) a(4,2)
24; d(2) r(13,5) r(13,2) a(3,17) r(5,9) d(4) d(3) r(1,13)
25; d(2) r(15,6) r(14,17) r(8,6) d(3) r(13,14) a(5,9) r(10,4) d(4)
26; d(2) r(12,16) d(13) r(15,6) r(5,8) r(5,11) r(10,4) d(9)
27; d(2) r(15,6) r(14,17) r(8,6) d(3) r(13,14) a(5,9) r(5,12) d(12) d(13) d(8) a(1,17) r(1,13) a(14,9) r(9,3) a(4,13)
28; d(2) r(12,16) d(13) r(15,6) r(5,8) r(5,11) r(5,12) d(12) d(13) d(8) a(1,17) r(1,13) a(14,9) r(9,3) d(3)
29; d(2) r(15,6) r(14,17) r(8,6) d(3) r(13,14) a(5,9) r(10,4) d(6)
30; d(2) r(5,11) a(9,11) d(9) a(4,8) r(14,17) r(8,6) d(3) d(11) a(9,3) r(2,10) r(1,13)
31; d(13) d(5) a(4,10) r(15,6) d(9) a(3,15) r(3,10) r(4,17) d(1) a(2,6)
32; d(2) r(5,11) a(9,11) d(9) a(4,8) d(9) a(3,15) r(3,10) r(4,17) d(1)
33; d(13) d(5) a(4,10) r(15,6) r(14,17) r(8,6) d(3) d(11) a(9,3) r(2,10) d(10)
34; d(2) d(13) r(4,12) a(3,16) d(1) d(3)
35; d(2) d(13) d(13) r(5,12) r(3,17) d(10) r(9,11) a(1,13) r(4,10) a(1,1) r(1,6)
36; d(2) d(13) d(13) r(5,12) r(13,9) r(3,16) a(11,6) r(5,13) a(9,10) a(8,5) d(10)
37; d(2) a(8,9) r(3,17) d(10) r(9,11) a(1,13) r(4,10) a(1,1) r(1,6)
38; d(2) d(13) d(13) r(5,12) r(3,17) d(10) r(9,11) a(1,13) r(4,10) a(1,1) r(1,6)
39; d(2) a(8,9) r(13,9) r(3,16) a(11,6) r(5,13) a(9,10) a(8,5) r(1,17)
40; d(2) d(13) r(15,6) r(3,17) d(10) r(9,11) a(1,13) r(4,10) r(1,17)
41; d(2) d(12) r(15,14) d(8) a(13,17) r(13,2) d(9) d(6) d(3)
42; d(2) r(13,2) d(9) d(6) d(8)
43; d(2) d(12) r(15,14) d(8) a(13,17) d(13) r(15,6) r(3,17) d(10) r(9,11) a(1,13) r(4,10) r(1,17)
44; d(2) a(8,9) r(13,9) d(13) d(4) a(1,1) d(1) d(3)
45; d(2) a(8,9) r(13,9) d(13) r(5,12) r(3,17) d(10) r(9,11) a(1,13) r(5,12) r(3,17) d(10) r(9,11) a(1,13) d(4) a(1,1) d(8) d(9) d(4) d(1) d(3)
46; d(2) a(8,9) r(13,9) d(13) r(5,12) r(3,17) d(10) r(9,11) a(1,13) d(4) a(1,1) d(8) d(9) d(4) d(1) d(3)
47; d(2) a(8,9) r(13,9) d(13) r(5,12) r(3,17) d(10) r(9,11) a(1,13) d(4) a(1,1) d(1)
48; d(2) r(15,6) r(14,17) r(8,6) d(3) r(13,14) a(4,12) a(14,2) d(3) d(12)
49; d(2) r(12,16) r(13,16) d(5) d(10) r(15,3)
50; d(2) r(15,6) r(14,17) r(8,6) d(3) r(13,14) a(4,12) d(10) d(9)
51; d(2) r(12,16) r(13,16) d(5) a(14,2) d(3) r(9,16)
52; d(2) r(12,16) r(13,16) d(5) a(14,2) a(9,10) a(8,5) a(8,16)
53; d(2) a(8,9) r(13,9) r(3,16) a(11,6) r(5,13) d(3) d(12)
54; d(2) r(12,16) r(13,16) d(5) a(14,2) d(3) d(11)
55; d(2) a(8,9) r(13,9) r(3,16) a(11,6) r(5,13) a(9,10) a(8,5) r(11,14)
56; d(2) r(5,12) r(3,17) d(10) r(9,11) a(4,15) r(1,17)
57; d(2) r(13,2) d(9) d(8) d(6) a(1,6) r(3,13) d(1) a(5,4) d(3) d(8) r(5,16)
58; d(2) r(5,12) r(3,17) d(10) r(9,11) d(3) d(8) a(4,17)
59; d(2) r(13,2) d(9) d(8) d(6) a(1,6) r(3,13) d(1) a(5,4) a(4,15) r(4,3)
60; d(13) d(5) r(12,16) r(13,16) d(5) a(14,2) a(9,10) d(8)
61; d(2) a(4,10) r(15,6) r(14,17) r(8,6) d(3) d(11) a(9,3) r(2,10) d(13)
62; d(13) d(5) a(4,10) r(15,6) r(14,17) r(8,6) d(3) d(11) a(9,3) r(2,10) d(12)
63; d(2) r(12,16) r(13,16) d(5) a(14,2) a(9,10) d(1)
64; d(2) r(12,16) r(13,2) r(3,12) r(14,11)
65; d(2) r(13,5) r(13,2) a(3,17) r(5,9) d(4) a(1,13) r(4,10) r(1,6) d(9) d(8) d(4) a(3,4) d(1) d(3)
66; d(2) r(12,16) r(13,2) d(9) d(8) d(4) a(3,4) d(1) r(3,9)
67; d(2) r(13,5) r(13,2) a(3,17) r(5,9) d(4) a(1,13) r(4,10) r(1,6) r(3,12)
68; d(2) r(12,16) r(15,6) r(14,17) r(8,6) d(3) d(11) r(2,3) r(4,16) d(1)
69; d(13) d(5) a(4,10) d(13) r(15,6) r(5,8) r(5,11) d(8) a(1,17) r(4,14) a(3,12) r(3,10) r(4,17) d(1) a(2,2)
70; d(2) r(12,16) d(13) r(15,6) r(5,8) r(5,11) d(8) a(1,17) r(4,14) a(3,12) r(3,10) r(4,17) d(1)
71; d(13) d(5) a(4,10) r(15,6) r(14,17) r(8,6) d(3) d(11) r(2,3) r(4,16) a(1,1)
--------------------------------------------------------------------------------
Evaluation

0; 0.
1; 0.
2; 0.
3; 0.
4; 0.
5; 0.
6; 0.
7; 0.
8; 0.
9; 0.
10; 0.
11; 0.
12; 0.
13; 0.
14; 0.
15; 0.
16; 0.
17; 0.
18; 0.
19; 0.
20; 0.
21; 0.
22; 0.
23; 1.
24; 0.
25; 0.
26; 0.
27; 0.
28; 0.
29; 0.
30; 0.
31; 0.
32; 0.
33; 0.
34; 0.
35; 0.
36; 0.
37; 0.
38; 0.
39; 0.
40; 0.
41; 0.
42; 0.
43; 0.
44; 0.
45; 0.
46; 0.
47; 0.
48; 0.
49; 0.
50; 0.
51; 0.
52; 0.
53; 0.
54; 0.
55; 0.
56; 0.
57; 0.
58; 0.
59; 0.
60; 0.
61; 0.
62; 0.
63; 0.
64; 0.
65; 0.
66; 0.
67; 0.
68; 0.
69; 1.
70; 0.
71; 0.
