================================================================================
Enclosure

1: 0
2: 0
3: 0
4: 0
5: 0
6: 5
7: 6
9: 5
10: 9
11: 9
12: 11
13: 11
14: 9
15: 9
17: 9
18: 5
19: 18
20: 18
21: 18
23: 18
24: 5
25: 5
26: 25
27: 25
29: 0
30: 29
31: 29
32: 31
33: 31
34: 29
35: 0
36: 0
37: 36
38: 36
39: 0
40: 39
41: 39
42: 39
43: 42
44: 42
45: 42
46: 39
47: 39
48: 47
49: 47
50: 47
51: 47
52: 51
53: 51
54: 51
55: 54
56: 54
57: 54
58: 51
59: 51
60: 59
62: 47
63: 47
64: 0
65: 64
66: 64
67: 66
69: 64
70: 69
71: 69
72: 64
73: 64
74: 64
75: 0
76: 0
78: 0
79: 78
80: 78
81: 78
83: 0
85: 83
86: 0
87: 0
88: 0
89: 0
90: 0
91: 0
92: 0
93: 0
94: 0
95: 94
96: 94
97: 94
98: 94
99: 98
101: 94
102: 94
103: 94
104: 103
105: 103
106: 0
107: 106
108: 106
109: 0
110: 0
111: 0
112: 0
113: 0
114: 113
115: 113
116: 113
117: 116
119: 113
120: 119
121: 120
122: 120
123: 122
125: 119
126: 113
127: 126
129: 127
131: 129
133: 131
134: 126
135: 0
136: 135
137: 135
138: 135
139: 138
140: 139
143: 135
144: 0
145: 0
146: 0
================================================================================
Initialisation

0; r(6,62); 0.
1; a(29,50); 5.
2; d(69); 0.
3; r(72,105); 15.
4; a(65,74); 1.
5; d(73); 15.
6; r(69,67); 0.
7; a(34,52); 5.
8; r(34,5); 5.
9; a(65,65); 5.
10; a(73,43); 5.
11; r(65,43); 0.
12; d(73); 15.
13; a(72,52); 5.
14; r(72,75); 5.
15; a(71,55); 5.
16; a(5,46); 5.
17; r(74,105); 15.
18; r(72,88); 15.
19; a(65,37); 15.
20; r(66,37); 15.
21; r(69,63); 0.
22; r(72,76); 15.
23; a(67,43); 5.
24; d(66); 3.
25; r(64,72); 0.
26; a(35,54); 5.
27; d(71); 5.
28; r(64,70); 15.
29; r(71,105); 5.
30; r(66,70); 15.
31; d(5); 5.
32; d(66); 3.
33; r(65,75); 0.
34; d(71); 5.
35; a(35,99); 5.
36; a(69,63); 5.
37; d(29); 5.
38; r(35,52); 15.
39; original; 5.
================================================================================
Generation 1

--------------------------------------------------------------------------------
Selection

0; 21
1; 4
2; 38
3; 21
4; 34
5; 32
6; 2
7; 11
8; 2
9; 16
10; 6
11; 2
12; 22
13; 21
14; 15
15; 2
16; 39
17; 25
18; 26
19; 39
20; 8
21; 15
22; 8
23; 34
24; 15
25; 23
26; 26
27; 32
28; 4
29; 6
30; 23
31; 38
32; 8
33; 35
34; 24
35; 36
36; 17
37; 11
38; 31
39; 35
--------------------------------------------------------------------------------
Crossover

0; 24; d(66)
1; 8; r(34,5)
2; 39, 38; original
3; 39, 38; r(35,52)
4; 39; original
5; 38; r(35,52)
6; 21; r(69,63)
7; 17; r(74,105)
8; 22, 2; r(72,76)
9; 22, 2; d(69)
10; 22; r(72,76)
11; 2; d(69)
12; 26, 25; a(35,54)
13; 26, 25; r(64,72)
14; 26; a(35,54)
15; 25; r(64,72)
16; 6; r(69,67)
17; 35; a(35,99)
18; 21; r(69,63)
19; 11; r(65,43)
20; 32; d(66)
21; 31; d(5)
22; 6; r(69,67)
23; 34; d(71)
24; 23, 4; a(67,43)
25; 23, 4; a(65,74)
26; 23; a(67,43)
27; 4; a(65,74)
28; 11, 38; r(65,43)
29; 11, 38; r(35,52)
30; 11; r(65,43)
31; 38; r(35,52)
32; 8; r(34,5)
33; 15; a(71,55)
34; 23, 2; a(67,43)
35; 23, 2; d(69)
36; 23; a(67,43)
37; 2; d(69)
38; 39; original
39; 15; a(71,55)
40; 36; a(69,63)
41; 15; a(71,55)
42; 21; r(69,63)
43; 16; a(5,46)
44; 34; d(71)
45; 32; d(66)
46; 8; r(34,5)
47; 2; d(69)
48; 4; a(65,74)
49; 26; a(35,54)
50; 35, 2; a(35,99)
51; 35, 2; d(69)
52; 35; a(35,99)
53; 2; d(69)
--------------------------------------------------------------------------------
Mutation

0; d(66) r(73,74)
1; r(34,5) a(67,63)
2; a(34,90)
3; r(35,52) r(67,43)
4; r(5,56)
5; r(35,52) a(72,44)
6; r(69,63) a(66,44)
7; r(74,105) d(29)
8; r(72,76) a(64,38)
9; d(69) d(66)
10; r(72,76) r(65,63)
11; d(69) r(34,62)
12; a(35,54) a(71,38)
13; r(64,72) d(6)
14; a(35,54) r(29,43)
15; r(64,72) r(6,51)
16; r(69,67) a(6,5)
17; a(35,99) a(5,63)
18; r(69,63) d(73)
19; r(65,43) a(67,91)
20; d(66) d(6)
21; d(5) d(29)
22; r(69,67) a(5,37)
23; d(71) r(35,56)
24; a(67,43) a(72,67)
25; a(65,74) r(65,66)
26; a(67,43) d(65)
27; a(65,74) d(64)
28; r(65,43) r(5,52)
29; r(35,52) a(73,71)
30; r(65,43) d(66)
31; r(35,52) a(67,37)
32; r(34,5) r(29,67)
33; a(71,55) d(72)
34; a(67,43) a(71,55)
35; d(69) r(65,99)
36; a(67,43) d(29)
37; d(69) r(66,57)
38; r(64,34)
39; a(71,55) r(65,66)
40; a(69,63) d(65)
41; a(71,55) a(74,50)
42; r(69,63) d(6)
43; a(5,46) r(35,99)
44; d(71) d(69)
45; d(66) d(29)
46; r(34,5) r(69,105)
47; d(69) r(34,55)
48; a(65,74) a(6,53)
49; a(35,54) r(65,76)
50; a(35,99) d(72)
51; d(69) r(35,91)
52; a(35,99) d(35)
53; d(69) a(5,54)
--------------------------------------------------------------------------------
Evaluation

0; 15.
1; 5.
2; 5.
3; 15.
4; 15.
5; 15.
6; 15.
7; 15.
8; 15.
9; 0.
10; 0.
11; 0.
12; 5.
13; 0.
14; 5.
15; 0.
16; 0.
17; 5.
18; 0.
19; 0.
20; 0.
21; 5.
22; 15.
23; 15.
24; 5.
25; 0.
26; 0.
27; 0.
28; 0.
29; 15.
30; 0.
31; 15.
32; 5.
33; 15.
34; 5.
35; 0.
36; 5.
37; 0.
38; 0.
39; 0.
40; 0.
41; 5.
42; 0.
43; 5.
44; 0.
45; 3.
46; 0.
47; 0.
48; 1.
49; 0.
50; 15.
51; 15.
52; 15.
53; 15.
================================================================================
Generation 2

--------------------------------------------------------------------------------
Selection

0; 48
1; 35
2; 43
3; 14
4; 44
5; 17
6; 1
7; 10
8; 46
9; 39
10; 16
11; 52
12; 51
13; 37
14; 35
15; 13
16; 46
17; 18
18; 2
19; 20
20; 9
21; 19
22; 14
23; 46
24; 13
25; 26
26; 33
27; 18
28; 52
29; 1
30; 48
31; 6
32; 42
33; 47
34; 39
35; 18
36; 9
37; 48
38; 41
39; 13
--------------------------------------------------------------------------------
Crossover

0; 18; r(69,63) d(73)
1; 1; r(34,5) a(67,63)
2; 39, 26; a(71,55) r(65,66)
3; 39, 26; a(67,43) d(65)
4; 39; a(71,55) r(65,66)
5; 26; a(67,43) d(65)
6; 43, 19; a(5,46) r(35,99)
7; 43, 19; r(65,43) a(67,91)
8; 43; a(5,46) r(35,99)
9; 19; r(65,43) a(67,91)
10; 35, 14; d(69) r(65,99) r(29,43)
11; 35, 14; a(35,54)
12; 35; d(69) r(65,99)
13; 14; a(35,54) r(29,43)
14; 46; r(34,5) r(69,105)
15; 1; r(34,5) a(67,63)
16; 51; d(69) r(35,91)
17; 17; a(35,99) a(5,63)
18; 6, 13; r(69,63) a(66,44) d(6)
19; 6, 13; r(64,72)
20; 6; r(69,63) a(66,44)
21; 13; r(64,72) d(6)
22; 2; a(34,90)
23; 18; r(69,63) d(73)
24; 46; r(34,5) r(69,105)
25; 52; a(35,99) d(35)
26; 9, 33; d(69)
27; 9, 33; a(71,55) d(72) d(66)
28; 9; d(69) d(66)
29; 33; a(71,55) d(72)
30; 48; a(65,74) a(6,53)
31; 44; d(71) d(69)
32; 35; d(69) r(65,99)
33; 13; r(64,72) d(6)
34; 13, 47; r(64,72) d(6) r(34,55)
35; 13, 47; d(69)
36; 13; r(64,72) d(6)
37; 47; d(69) r(34,55)
38; 20; d(66) d(6)
39; 48; a(65,74) a(6,53)
40; 10, 37; r(72,76) r(65,63) r(66,57)
41; 10, 37; d(69)
42; 10; r(72,76) r(65,63)
43; 37; d(69) r(66,57)
44; 42; r(69,63) d(6)
45; 48; a(65,74) a(6,53)
46; 14, 41; a(35,54) a(74,50)
47; 14, 41; a(71,55) r(29,43)
48; 14; a(35,54) r(29,43)
49; 41; a(71,55) a(74,50)
50; 39, 18; a(71,55) r(65,66) d(73)
51; 39, 18; r(69,63)
52; 39; a(71,55) r(65,66)
53; 18; r(69,63) d(73)
54; 46; r(34,5) r(69,105)
55; 52; a(35,99) d(35)
56; 16; r(69,67) a(6,5)
57; 9; d(69) d(66)
--------------------------------------------------------------------------------
Mutation

0; r(69,63) d(73) d(66)
1; r(34,5) a(67,63) r(67,52)
2; a(71,55) r(65,66) a(67,52)
3; a(67,43) d(65) d(34)
4; a(71,55) r(65,66) d(5)
5; a(67,43) d(65) r(71,70)
6; a(5,46) r(35,99) d(6)
7; r(65,43) a(67,91) r(72,52)
8; a(5,46) r(35,99) r(34,47)
9; r(65,43) a(67,91) d(67)
10; d(69) r(65,99) r(29,43) r(74,43)
11; a(35,54) a(73,67)
12; d(69) r(65,99) d(67)
13; a(35,54) r(29,43) a(73,66)
14; r(34,5) r(69,105) d(29)
15; r(34,5) a(67,63) d(71)
16; d(69) r(35,91) d(66)
17; a(35,99) a(5,63) r(65,34)
18; r(69,63) a(66,44) d(6) r(35,46)
19; r(64,72) d(34)
20; r(69,63) a(66,44) a(5,49)
21; r(64,72) d(6) d(34)
22; a(34,90) r(66,34)
23; r(69,63) d(73) r(67,57)
24; r(34,5) r(69,105) r(5,43)
25; a(35,99) d(35) a(69,45)
26; d(69) r(65,43)
27; a(71,55) d(72) d(66) d(5)
28; d(69) d(66) r(72,90)
29; a(71,55) d(72) a(29,50)
30; a(65,74) a(6,53) r(69,65)
31; d(71) d(69) a(74,74)
32; d(69) r(65,99) d(35)
33; r(64,72) d(6) a(29,104)
34; r(64,72) d(6) r(34,55) a(5,56)
35; d(69) a(5,53)
36; r(64,72) d(6) r(5,62)
37; d(69) r(34,55) r(29,51)
38; d(66) d(6) d(35)
39; a(65,74) a(6,53) r(35,37)
40; r(72,76) r(65,63) r(66,57) a(29,104)
41; d(69) a(6,36)
42; r(72,76) r(65,63) r(64,50)
43; d(69) r(66,57) a(6,99)
44; r(69,63) d(6) a(73,72)
45; a(65,74) a(6,53) r(67,43)
46; a(35,54) a(74,50) d(72)
47; a(71,55) r(29,43) d(66)
48; a(35,54) r(29,43) r(64,76)
49; a(71,55) a(74,50) a(74,34)
50; a(71,55) r(65,66) d(73) d(34)
51; r(69,63) r(6,104)
52; a(71,55) r(65,66) a(5,91)
53; r(69,63) d(73) d(35)
54; r(34,5) r(69,105) a(72,67)
55; a(35,99) d(35) d(73)
56; r(69,67) a(6,5) a(34,50)
57; d(69) d(66) a(73,91)
--------------------------------------------------------------------------------
Evaluation

0; 0.
1; 5.
2; 0.
3; 0.
4; 0.
5; 15.
6; 0.
7; 0.
8; 15.
9; 0.
10; 0.
11; 5.
12; 0.
13; 5.
14; 0.
15; 5.
16; 15.
17; 0.
18; 0.
19; 0.
20; 15.
21; 0.
22; 3.
23; 0.
24; 0.
25; 15.
26; 0.
27; 0.
28; 0.
29; 15.
30; 0.
31; 0.
32; 15.
33; 0.
34; 0.
35; 0.
36; 0.
37; 0.
38; 0.
39; 15.
40; 15.
41; 0.
42; 0.
43; 0.
44; 0.
45; 1.
46; 15.
47; 3.
48; 15.
49; 5.
50; 0.
51; 15.
52; 15.
53; 15.
54; 0.
55; 15.
56; 0.
57; 0.
================================================================================
Generation 3

--------------------------------------------------------------------------------
Selection

0; 32
1; 31
2; 6
3; 12
4; 34
5; 15
6; 14
7; 21
8; 7
9; 45
10; 35
11; 2
12; 47
13; 39
14; 10
15; 43
16; 28
17; 7
18; 37
19; 28
20; 34
21; 4
22; 2
23; 7
24; 2
25; 6
26; 34
27; 54
28; 36
29; 0
30; 40
31; 18
32; 11
33; 50
34; 10
35; 37
36; 4
37; 40
38; 16
39; 54
--------------------------------------------------------------------------------
Crossover

0; 6; a(5,46) r(35,99) d(6)
1; 12; d(69) r(65,99) d(67)
2; 28, 34; d(69) d(66) r(72,90)
3; 28, 34; r(64,72) d(6) r(34,55) a(5,56)
4; 28; d(69) d(66) r(72,90)
5; 34; r(64,72) d(6) r(34,55) a(5,56)
6; 37, 43; d(69) r(34,55) r(66,57) a(6,99)
7; 37, 43; d(69) r(29,51)
8; 37; d(69) r(34,55) r(29,51)
9; 43; d(69) r(66,57) a(6,99)
10; 35, 10; d(69) r(29,43) r(74,43)
11; 35, 10; d(69) r(65,99) a(5,53)
12; 35; d(69) a(5,53)
13; 10; d(69) r(65,99) r(29,43) r(74,43)
14; 40; r(72,76) r(65,63) r(66,57) a(29,104)
15; 4; a(71,55) r(65,66) d(5)
16; 40; r(72,76) r(65,63) r(66,57) a(29,104)
17; 37; d(69) r(34,55) r(29,51)
18; 4; a(71,55) r(65,66) d(5)
19; 21; r(64,72) d(6) d(34)
20; 28, 54; d(69) d(66) r(72,90) a(72,67)
21; 28, 54; r(34,5) r(69,105)
22; 28; d(69) d(66) r(72,90)
23; 54; r(34,5) r(69,105) a(72,67)
24; 34; r(64,72) d(6) r(34,55) a(5,56)
25; 54; r(34,5) r(69,105) a(72,67)
26; 2, 36; a(71,55) r(5,62)
27; 2, 36; r(64,72) d(6) r(65,66) a(67,52)
28; 2; a(71,55) r(65,66) a(67,52)
29; 36; r(64,72) d(6) r(5,62)
30; 7; r(65,43) a(67,91) r(72,52)
31; 32; d(69) r(65,99) d(35)
32; 39, 18; a(65,74) d(6) r(35,46)
33; 39, 18; r(69,63) a(66,44) a(6,53) r(35,37)
34; 39; a(65,74) a(6,53) r(35,37)
35; 18; r(69,63) a(66,44) d(6) r(35,46)
36; 2, 50; a(71,55) r(65,66) a(67,52) d(34)
37; 2, 50; a(71,55) r(65,66) d(73)
38; 2; a(71,55) r(65,66) a(67,52)
39; 50; a(71,55) r(65,66) d(73) d(34)
40; 31; d(71) d(69) a(74,74)
41; 45; a(65,74) a(6,53) r(67,43)
42; 2; a(71,55) r(65,66) a(67,52)
43; 47; a(71,55) r(29,43) d(66)
44; 10, 34; d(69) r(65,99) r(29,43) r(74,43) a(5,56)
45; 10, 34; r(64,72) d(6) r(34,55)
46; 10; d(69) r(65,99) r(29,43) r(74,43)
47; 34; r(64,72) d(6) r(34,55) a(5,56)
48; 14, 6; r(34,5) r(69,105) r(35,99) d(6)
49; 14, 6; a(5,46) d(29)
50; 14; r(34,5) r(69,105) d(29)
51; 6; a(5,46) r(35,99) d(6)
52; 7; r(65,43) a(67,91) r(72,52)
53; 16; d(69) r(35,91) d(66)
54; 7; r(65,43) a(67,91) r(72,52)
55; 11; a(35,54) a(73,67)
56; 15; r(34,5) a(67,63) d(71)
57; 0; r(69,63) d(73) d(66)
--------------------------------------------------------------------------------
Mutation

0; a(5,46) r(35,99) d(6) r(65,50)
1; d(69) r(65,99) d(67) r(74,34)
2; d(69) d(66) r(72,90) a(65,104)
3; r(64,72) d(6) r(34,55) a(5,56) r(29,70)
4; d(69) d(66) r(72,90) a(6,71)
5; r(64,72) d(6) r(34,55) a(5,56) a(5,44)
6; d(69) r(34,55) r(66,57) a(6,99) r(5,40)
7; d(69) r(29,51) r(73,43)
8; d(69) r(34,55) r(29,51) r(67,72)
9; d(69) r(66,57) a(6,99) a(34,88)
10; d(69) r(29,43) r(74,43) d(65)
11; d(69) r(65,99) a(5,53) r(35,51)
12; d(69) a(5,53) d(73)
13; d(69) r(65,99) r(29,43) r(74,43) a(67,40)
14; r(72,76) r(65,63) r(66,57) a(29,104) d(6)
15; a(71,55) r(65,66) d(5) d(66)
16; r(72,76) r(65,63) r(66,57) a(29,104) a(29,70)
17; d(69) r(34,55) r(29,51) a(66,66)
18; a(71,55) r(65,66) d(5) r(34,62)
19; r(64,72) d(6) d(34) d(35)
20; d(69) d(66) r(72,90) a(72,67) a(64,62)
21; r(34,5) r(69,105) a(64,74)
22; d(69) d(66) r(72,90) d(64)
23; r(34,5) r(69,105) a(72,67) a(29,55)
24; r(64,72) d(6) r(34,55) a(5,56) d(29)
25; r(34,5) r(69,105) a(72,67) d(73)
26; a(71,55) r(5,62) d(67)
27; r(64,72) d(6) r(65,66) a(67,52) a(29,36)
28; a(71,55) r(65,66) a(67,52) a(73,38)
29; r(64,72) d(6) r(5,62) a(34,45)
30; r(65,43) a(67,91) r(72,52) d(73)
31; d(69) r(65,99) d(35) d(34)
32; a(65,74) d(6) r(35,46) d(34)
33; r(69,63) a(66,44) a(6,53) r(35,37) a(73,57)
34; a(65,74) a(6,53) r(35,37) d(65)
35; r(69,63) a(66,44) d(6) r(35,46) r(65,70)
36; a(71,55) r(65,66) a(67,52) d(34) d(29)
37; a(71,55) r(65,66) d(73) d(67)
38; a(71,55) r(65,66) a(67,52) r(73,99)
39; a(71,55) r(65,66) d(73) d(34) r(66,63)
40; d(71) d(69) a(74,74) d(73)
41; a(65,74) a(6,53) r(67,43) d(66)
42; a(71,55) r(65,66) a(67,52) r(34,41)
43; a(71,55) r(29,43) d(66) d(64)
44; d(69) r(65,99) r(29,43) r(74,43) a(5,56) a(6,39)
45; r(64,72) d(6) r(34,55) r(29,5)
46; d(69) r(65,99) r(29,43) r(74,43) a(5,5)
47; r(64,72) d(6) r(34,55) a(5,56) d(29)
48; r(34,5) r(69,105) r(35,99) d(6) d(67)
49; a(5,46) d(29) a(71,52)
50; r(34,5) r(69,105) d(29) r(66,50)
51; a(5,46) r(35,99) d(6) a(65,88)
52; r(65,43) a(67,91) r(72,52) d(74)
53; d(69) r(35,91) d(66) d(34)
54; r(65,43) a(67,91) r(72,52) d(66)
55; a(35,54) a(73,67) a(64,43)
56; r(34,5) a(67,63) d(71) d(69)
57; r(69,63) d(73) d(66) d(5)
--------------------------------------------------------------------------------
Evaluation

0; 0.
1; 0.
2; 0.
3; 0.
4; 0.
5; 0.
6; 0.
7; 0.
8; 0.
9; 0.
10; 0.
11; 0.
12; 0.
13; 0.
14; 0.
15; 0.
16; 0.
17; 0.
18; 0.
19; 0.
20; 0.
21; 0.
22; 0.
23; 0.
24; 0.
25; 0.
26; 5.
27; 0.
28; 0.
29; 0.
30; 0.
31; 15.
32; 0.
33; 15.
34; 15.
35; 0.
36; 0.
37; 0.
38; 0.
39; 0.
40; 0.
41; 3.
42; 0.
43; 0.
44; 15.
45; 0.
46; 0.
47; 0.
48; 0.
49; 5.
50; 0.
51; 0.
52; 0.
53; 15.
54; 0.
55; 5.
56; 0.
57; 0.
================================================================================
Generation 4

--------------------------------------------------------------------------------
Selection

0; 56
1; 8
2; 56
3; 54
4; 6
5; 10
6; 46
7; 36
8; 19
9; 25
10; 42
11; 15
12; 10
13; 10
14; 45
15; 56
16; 10
17; 2
18; 50
19; 9
20; 55
21; 16
22; 39
23; 39
24; 38
25; 32
26; 51
27; 0
28; 12
29; 13
30; 29
31; 20
32; 36
33; 25
34; 21
35; 46
36; 43
37; 42
38; 6
39; 0
--------------------------------------------------------------------------------
Crossover

0; 10; d(69) r(29,43) r(74,43) d(65)
1; 36; a(71,55) r(65,66) a(67,52) d(34) d(29)
2; 56, 46; r(34,5) a(5,5)
3; 56, 46; d(69) r(65,99) r(29,43) r(74,43) a(67,63) d(71) d(69)
4; 56; r(34,5) a(67,63) d(71) d(69)
5; 46; d(69) r(65,99) r(29,43) r(74,43) a(5,5)
6; 10, 56; d(69) r(29,43) r(74,43) d(65) a(67,63) d(71) d(69)
7; 10, 56; r(34,5)
8; 10; d(69) r(29,43) r(74,43) d(65)
9; 56; r(34,5) a(67,63) d(71) d(69)
10; 32, 54; a(65,74) d(6)
11; 32, 54; r(65,43) a(67,91) r(72,52) d(66) r(35,46) d(34)
12; 32; a(65,74) d(6) r(35,46) d(34)
13; 54; r(65,43) a(67,91) r(72,52) d(66)
14; 8; d(69) r(34,55) r(29,51) r(67,72)
15; 43; a(71,55) r(29,43) d(66) d(64)
16; 15, 42; a(71,55) r(65,66) d(5)
17; 15, 42; a(71,55) r(65,66) a(67,52) r(34,41) d(66)
18; 15; a(71,55) r(65,66) d(5) d(66)
19; 42; a(71,55) r(65,66) a(67,52) r(34,41)
20; 9; d(69) r(66,57) a(6,99) a(34,88)
21; 13; d(69) r(65,99) r(29,43) r(74,43) a(67,40)
22; 39; a(71,55) r(65,66) d(73) d(34) r(66,63)
23; 39; a(71,55) r(65,66) d(73) d(34) r(66,63)
24; 51; a(5,46) r(35,99) d(6) a(65,88)
25; 20; d(69) d(66) r(72,90) a(72,67) a(64,62)
26; 55; a(35,54) a(73,67) a(64,43)
27; 29; r(64,72) d(6) r(5,62) a(34,45)
28; 2, 10; d(69) r(29,43) r(74,43) d(65)
29; 2, 10; d(69) d(66) r(72,90) a(65,104)
30; 2; d(69) d(66) r(72,90) a(65,104)
31; 10; d(69) r(29,43) r(74,43) d(65)
32; 36; a(71,55) r(65,66) a(67,52) d(34) d(29)
33; 38; a(71,55) r(65,66) a(67,52) r(73,99)
34; 0; a(5,46) r(35,99) d(6) r(65,50)
35; 6; d(69) r(34,55) r(66,57) a(6,99) r(5,40)
36; 50, 0; r(34,5) r(69,105) d(29) r(66,50) r(35,99) d(6) r(65,50)
37; 50, 0; a(5,46)
38; 50; r(34,5) r(69,105) d(29) r(66,50)
39; 0; a(5,46) r(35,99) d(6) r(65,50)
40; 6, 25; d(69) r(34,55) r(66,57) a(6,99) r(69,105) a(72,67) d(73)
41; 6, 25; r(34,5) r(5,40)
42; 6; d(69) r(34,55) r(66,57) a(6,99) r(5,40)
43; 25; r(34,5) r(69,105) a(72,67) d(73)
44; 56; r(34,5) a(67,63) d(71) d(69)
45; 46; d(69) r(65,99) r(29,43) r(74,43) a(5,5)
46; 45; r(64,72) d(6) r(34,55) r(29,5)
47; 16; r(72,76) r(65,63) r(66,57) a(29,104) a(29,70)
48; 42; a(71,55) r(65,66) a(67,52) r(34,41)
49; 25; r(34,5) r(69,105) a(72,67) d(73)
50; 19, 21; r(64,72) a(64,74)
51; 19, 21; r(34,5) r(69,105) d(6) d(34) d(35)
52; 19; r(64,72) d(6) d(34) d(35)
53; 21; r(34,5) r(69,105) a(64,74)
54; 10; d(69) r(29,43) r(74,43) d(65)
55; 12; d(69) a(5,53) d(73)
--------------------------------------------------------------------------------
Mutation

0; d(69) r(29,43) r(74,43) d(65) r(73,69)
1; a(71,55) r(65,66) a(67,52) d(34) d(29) a(69,76)
2; r(34,5) a(5,5) d(67)
3; d(69) r(65,99) r(29,43) r(74,43) a(67,63) d(71) d(69) a(73,52)
4; r(34,5) a(67,63) d(71) d(69) r(64,67)
5; d(69) r(65,99) r(29,43) r(74,43) a(5,5) r(6,55)
6; d(69) r(29,43) r(74,43) d(65) a(67,63) d(71) d(69) d(6)
7; r(34,5) r(67,63)
8; d(69) r(29,43) r(74,43) d(65) a(35,40)
9; r(34,5) a(67,63) d(71) d(69) d(74)
10; a(65,74) d(6) r(65,66)
11; r(65,43) a(67,91) r(72,52) d(66) r(35,46) d(34) a(5,71)
12; a(65,74) d(6) r(35,46) d(34) r(73,88)
13; r(65,43) a(67,91) r(72,52) d(66) d(71)
14; d(69) r(34,55) r(29,51) r(67,72) d(5)
15; a(71,55) r(29,43) d(66) d(64) a(6,88)
16; a(71,55) r(65,66) d(5) d(67)
17; a(71,55) r(65,66) a(67,52) r(34,41) d(66) d(72)
18; a(71,55) r(65,66) d(5) d(66) a(72,57)
19; a(71,55) r(65,66) a(67,52) r(34,41) a(67,64)
20; d(69) r(66,57) a(6,99) a(34,88) r(29,53)
21; d(69) r(65,99) r(29,43) r(74,43) a(67,40) r(66,67)
22; a(71,55) r(65,66) d(73) d(34) r(66,63) r(71,52)
23; a(71,55) r(65,66) d(73) d(34) r(66,63) r(74,70)
24; a(5,46) r(35,99) d(6) a(65,88) d(65)
25; d(69) d(66) r(72,90) a(72,67) a(64,62) a(74,90)
26; a(35,54) a(73,67) a(64,43) r(66,52)
27; r(64,72) d(6) r(5,62) a(34,45) r(29,57)
28; d(69) r(29,43) r(74,43) d(65) r(66,71)
29; d(69) d(66) r(72,90) a(65,104) a(65,40)
30; d(69) d(66) r(72,90) a(65,104) r(64,76)
31; d(69) r(29,43) r(74,43) d(65) a(73,49)
32; a(71,55) r(65,66) a(67,52) d(34) d(29) r(67,49)
33; a(71,55) r(65,66) a(67,52) r(73,99) a(6,67)
34; a(5,46) r(35,99) d(6) r(65,50) r(67,99)
35; d(69) r(34,55) r(66,57) a(6,99) r(5,40) r(35,42)
36; r(34,5) r(69,105) d(29) r(66,50) r(35,99) d(6) r(65,50) d(74)
37; a(5,46) d(69)
38; r(34,5) r(69,105) d(29) r(66,50) r(64,105)
39; a(5,46) r(35,99) d(6) r(65,50) d(64)
40; d(69) r(34,55) r(66,57) a(6,99) r(69,105) a(72,67) d(73) a(65,67)
41; r(34,5) r(5,40) d(74)
42; d(69) r(34,55) r(66,57) a(6,99) r(5,40) r(73,105)
43; r(34,5) r(69,105) a(72,67) d(73) d(67)
44; r(34,5) a(67,63) d(71) d(69) r(65,50)
45; d(69) r(65,99) r(29,43) r(74,43) a(5,5) r(35,104)
46; r(64,72) d(6) r(34,55) r(29,5) r(5,37)
47; r(72,76) r(65,63) r(66,57) a(29,104) a(29,70) d(64)
48; a(71,55) r(65,66) a(67,52) r(34,41) r(6,45)
49; r(34,5) r(69,105) a(72,67) d(73) r(64,43)
50; r(64,72) a(64,74) d(6)
51; r(34,5) r(69,105) d(6) d(34) d(35) d(72)
52; r(64,72) d(6) d(34) d(35) a(29,52)
53; r(34,5) r(69,105) a(64,74) a(5,5)
54; d(69) r(29,43) r(74,43) d(65) r(6,35)
55; d(69) a(5,53) d(73) d(72)
--------------------------------------------------------------------------------
Evaluation

0; 0.
1; 0.
2; 5.
3; 0.
4; 0.
5; 0.
6; 0.
7; 5.
8; 0.
9; 0.
10; 0.
11; 0.
12; 0.
13; 0.
14; 0.
15; 0.
16; 0.
17; 0.
18; 0.
19; 5.
20; 0.
21; 0.
22; 0.
23; 15.
24; 0.
25; 0.
26; 3.
27; 0.
28; 0.
29; 0.
30; 0.
31; 0.
32; 0.
33; 0.
34; 0.
35; 15.
36; 0.
37; 0.
38; 0.
39; 0.
40; 0.
41; 15.
42; 0.
43; 0.
44; 0.
45; 15.
46; 15.
47; 0.
48; 0.
49; 0.
50; 0.
51; 0.
52; 0.
53; 0.
54; 0.
55; 0.
================================================================================
Generation 5

--------------------------------------------------------------------------------
Selection

0; 3
1; 27
2; 37
3; 38
4; 27
5; 9
6; 18
7; 49
8; 38
9; 1
10; 17
11; 51
12; 12
13; 40
14; 6
15; 10
16; 36
17; 50
18; 42
19; 8
20; 28
21; 5
22; 48
23; 46
24; 43
25; 47
26; 7
27; 21
28; 48
29; 12
30; 42
31; 12
32; 13
33; 1
34; 3
35; 39
36; 33
37; 38
38; 44
39; 4
--------------------------------------------------------------------------------
Crossover

0; 21, 49; d(69) r(65,99) r(29,43) r(74,43) a(67,40) r(66,67) r(64,43)
1; 21, 49; r(34,5) r(69,105) a(72,67) d(73)
2; 21; d(69) r(65,99) r(29,43) r(74,43) a(67,40) r(66,67)
3; 49; r(34,5) r(69,105) a(72,67) d(73) r(64,43)
4; 1; a(71,55) r(65,66) a(67,52) d(34) d(29) a(69,76)
5; 46; r(64,72) d(6) r(34,55) r(29,5) r(5,37)
6; 1; a(71,55) r(65,66) a(67,52) d(34) d(29) a(69,76)
7; 48; a(71,55) r(65,66) a(67,52) r(34,41) r(6,45)
8; 42; d(69) r(34,55) r(66,57) a(6,99) r(5,40) r(73,105)
9; 51; r(34,5) r(69,105) d(6) d(34) d(35) d(72)
10; 40, 9; d(69) r(34,55) r(66,57) a(6,99) r(69,105) d(71) d(69) d(74)
11; 40, 9; r(34,5) a(67,63) a(72,67) d(73) a(65,67)
12; 40; d(69) r(34,55) r(66,57) a(6,99) r(69,105) a(72,67) d(73) a(65,67)
13; 9; r(34,5) a(67,63) d(71) d(69) d(74)
14; 12; a(65,74) d(6) r(35,46) d(34) r(73,88)
15; 47; r(72,76) r(65,63) r(66,57) a(29,104) a(29,70) d(64)
16; 39; a(5,46) r(35,99) d(6) r(65,50) d(64)
17; 17; a(71,55) r(65,66) a(67,52) r(34,41) d(66) d(72)
18; 42; d(69) r(34,55) r(66,57) a(6,99) r(5,40) r(73,105)
19; 3; d(69) r(65,99) r(29,43) r(74,43) a(67,63) d(71) d(69) a(73,52)
20; 43; r(34,5) r(69,105) a(72,67) d(73) d(67)
21; 38; r(34,5) r(69,105) d(29) r(66,50) r(64,105)
22; 28, 44; d(69) r(29,43)
23; 28, 44; r(34,5) a(67,63) d(71) d(69) r(65,50) r(74,43) d(65) r(66,71)
24; 28; d(69) r(29,43) r(74,43) d(65) r(66,71)
25; 44; r(34,5) a(67,63) d(71) d(69) r(65,50)
26; 3, 27; d(69) r(65,99) r(29,43) r(74,43) a(67,63) d(6) r(5,62) a(34,45) r(29,57)
27; 3, 27; r(64,72) d(71) d(69) a(73,52)
28; 3; d(69) r(65,99) r(29,43) r(74,43) a(67,63) d(71) d(69) a(73,52)
29; 27; r(64,72) d(6) r(5,62) a(34,45) r(29,57)
30; 27, 50; r(64,72) d(6) r(5,62) a(34,45) a(64,74) d(6)
31; 27, 50; r(64,72) r(29,57)
32; 27; r(64,72) d(6) r(5,62) a(34,45) r(29,57)
33; 50; r(64,72) a(64,74) d(6)
34; 36, 10; r(34,5) r(69,105) d(29) r(66,50) r(35,99) d(6) r(65,50) d(74)
35; 36, 10; a(65,74) d(6) r(65,66)
36; 36; r(34,5) r(69,105) d(29) r(66,50) r(35,99) d(6) r(65,50) d(74)
37; 10; a(65,74) d(6) r(65,66)
38; 38, 8; r(34,5) r(69,105) d(29) r(66,50) r(64,105) r(74,43) d(65) a(35,40)
39; 38, 8; d(69) r(29,43)
40; 38; r(34,5) r(69,105) d(29) r(66,50) r(64,105)
41; 8; d(69) r(29,43) r(74,43) d(65) a(35,40)
42; 12, 4; a(65,74)
43; 12, 4; r(34,5) a(67,63) d(71) d(69) r(64,67) d(6) r(35,46) d(34) r(73,88)
44; 12; a(65,74) d(6) r(35,46) d(34) r(73,88)
45; 4; r(34,5) a(67,63) d(71) d(69) r(64,67)
46; 38, 18; r(34,5) r(69,105) d(29) r(66,50) r(64,105) r(65,66) d(5) d(66) a(72,57)
47; 38, 18; a(71,55)
48; 38; r(34,5) r(69,105) d(29) r(66,50) r(64,105)
49; 18; a(71,55) r(65,66) d(5) d(66) a(72,57)
50; 33; a(71,55) r(65,66) a(67,52) r(73,99) a(6,67)
51; 6; d(69) r(29,43) r(74,43) d(65) a(67,63) d(71) d(69) d(6)
52; 13; r(65,43) a(67,91) r(72,52) d(66) d(71)
53; 7; r(34,5) r(67,63)
54; 37; a(5,46) d(69)
55; 5; d(69) r(65,99) r(29,43) r(74,43) a(5,5) r(6,55)
56; 48, 12; a(71,55) r(65,66) d(34) r(73,88)
57; 48, 12; a(65,74) d(6) r(35,46) a(67,52) r(34,41) r(6,45)
58; 48; a(71,55) r(65,66) a(67,52) r(34,41) r(6,45)
59; 12; a(65,74) d(6) r(35,46) d(34) r(73,88)
--------------------------------------------------------------------------------
Mutation

0; d(69) r(65,99) r(29,43) r(74,43) a(67,40) r(66,67) r(64,43) d(5)
1; r(34,5) r(69,105) a(72,67) d(73) d(5)
2; d(69) r(65,99) r(29,43) r(74,43) a(67,40) r(66,67) r(6,39)
3; r(34,5) r(69,105) a(72,67) d(73) r(64,43) a(35,55)
4; a(71,55) r(65,66) a(67,52) d(34) d(29) a(69,76) r(71,90)
5; r(64,72) d(6) r(34,55) r(29,5) r(5,37) d(35)
6; a(71,55) r(65,66) a(67,52) d(34) d(29) a(69,76) d(35)
7; a(71,55) r(65,66) a(67,52) r(34,41) r(6,45) r(71,50)
8; d(69) r(34,55) r(66,57) a(6,99) r(5,40) r(73,105) r(29,63)
9; r(34,5) r(69,105) d(6) d(34) d(35) d(72) a(74,66)
10; d(69) r(34,55) r(66,57) a(6,99) r(69,105) d(71) d(69) d(74) d(65)
11; r(34,5) a(67,63) a(72,67) d(73) a(65,67) d(35)
12; d(69) r(34,55) r(66,57) a(6,99) r(69,105) a(72,67) d(73) a(65,67) a(6,67)
13; r(34,5) a(67,63) d(71) d(69) d(74) r(35,56)
14; a(65,74) d(6) r(35,46) d(34) r(73,88) d(5)
15; r(72,76) r(65,63) r(66,57) a(29,104) a(29,70) d(64) d(6)
16; a(5,46) r(35,99) d(6) r(65,50) d(64) a(29,45)
17; a(71,55) r(65,66) a(67,52) r(34,41) d(66) d(72) a(69,52)
18; d(69) r(34,55) r(66,57) a(6,99) r(5,40) r(73,105) r(29,99)
19; d(69) r(65,99) r(29,43) r(74,43) a(67,63) d(71) d(69) a(73,52) d(72)
20; r(34,5) r(69,105) a(72,67) d(73) d(67) d(35)
21; r(34,5) r(69,105) d(29) r(66,50) r(64,105) a(5,54)
22; d(69) r(29,43) a(67,57)
23; r(34,5) a(67,63) d(71) d(69) r(65,50) r(74,43) d(65) r(66,71) a(64,49)
24; d(69) r(29,43) r(74,43) d(65) r(66,71) a(72,74)
25; r(34,5) a(67,63) d(71) d(69) r(65,50) d(6)
26; d(69) r(65,99) r(29,43) r(74,43) a(67,63) d(6) r(5,62) a(34,45) r(29,57) r(64,57)
27; r(64,72) d(71) d(69) a(73,52) d(35)
28; d(69) r(65,99) r(29,43) r(74,43) a(67,63) d(71) d(69) a(73,52) a(73,90)
29; r(64,72) d(6) r(5,62) a(34,45) r(29,57) d(35)
30; r(64,72) d(6) r(5,62) a(34,45) a(64,74) d(6) d(29)
31; r(64,72) r(29,57) r(6,53)
32; r(64,72) d(6) r(5,62) a(34,45) r(29,57) r(35,67)
33; r(64,72) a(64,74) d(6) a(35,51)
34; r(34,5) r(69,105) d(29) r(66,50) r(35,99) d(6) r(65,50) d(74) a(73,38)
35; a(65,74) d(6) r(65,66) a(74,76)
36; r(34,5) r(69,105) d(29) r(66,50) r(35,99) d(6) r(65,50) d(74) d(73)
37; a(65,74) d(6) r(65,66) d(67)
38; r(34,5) r(69,105) d(29) r(66,50) r(64,105) r(74,43) d(65) a(35,40) d(35)
39; d(69) r(29,43) r(65,45)
40; r(34,5) r(69,105) d(29) r(66,50) r(64,105) a(6,41)
41; d(69) r(29,43) r(74,43) d(65) a(35,40) d(72)
42; a(65,74) a(74,56)
43; r(34,5) a(67,63) d(71) d(69) r(64,67) d(6) r(35,46) d(34) r(73,88) d(29)
44; a(65,74) d(6) r(35,46) d(34) r(73,88) a(69,62)
45; r(34,5) a(67,63) d(71) d(69) r(64,67) r(6,52)
46; r(34,5) r(69,105) d(29) r(66,50) r(64,105) r(65,66) d(5) d(66) a(72,57) d(35)
47; a(71,55) r(71,38)
48; r(34,5) r(69,105) d(29) r(66,50) r(64,105) a(35,37)
49; a(71,55) r(65,66) d(5) d(66) a(72,57) a(35,105)
50; a(71,55) r(65,66) a(67,52) r(73,99) a(6,67) a(72,63)
51; d(69) r(29,43) r(74,43) d(65) a(67,63) d(71) d(69) d(6) d(73)
52; r(65,43) a(67,91) r(72,52) d(66) d(71) d(6)
53; r(34,5) r(67,63) r(69,50)
54; a(5,46) d(69) d(66)
55; d(69) r(65,99) r(29,43) r(74,43) a(5,5) r(6,55) r(73,67)
56; a(71,55) r(65,66) d(34) r(73,88) d(35)
57; a(65,74) d(6) r(35,46) a(67,52) r(34,41) r(6,45) a(65,105)
58; a(71,55) r(65,66) a(67,52) r(34,41) r(6,45) a(71,70)
59; a(65,74) d(6) r(35,46) d(34) r(73,88) r(74,88)
--------------------------------------------------------------------------------
Evaluation

0; 0.
1; 0.
2; 0.
3; 0.
4; 0.
5; 15.
6; 0.
7; 0.
8; 0.
9; 0.
10; 0.
11; 15.
12; 0.
13; 15.
14; 15.
15; 0.
16; 0.
17; 0.
18; 0.
19; 0.
20; 15.
21; 0.
22; 0.
23; 0.
24; 0.
25; 0.
26; 0.
27; 15.
28; 0.
29; 0.
30; 0.
31; 0.
32; 0.
33; 0.
34; 0.
35; 0.
36; 0.
37; 0.
38; 0.
39; 0.
40; 0.
41; 0.
42; 15.
43; 0.
44; 0.
45; 0.
46; 0.
47; 5.
48; 15.
49; 0.
50; 0.
51; 0.
52; 0.
53; 0.
54; 0.
55; 0.
56; 15.
57; 0.
58; 0.
59; 0.
================================================================================
Generation 6

--------------------------------------------------------------------------------
Selection

0; 35
1; 31
2; 45
3; 29
4; 45
5; 18
6; 39
7; 59
8; 19
9; 45
10; 12
11; 9
12; 57
13; 19
14; 44
15; 10
16; 46
17; 26
18; 41
19; 37
20; 34
21; 21
22; 39
23; 44
24; 53
25; 51
26; 33
27; 9
28; 16
29; 36
30; 18
31; 34
32; 54
33; 24
34; 2
35; 53
36; 53
37; 35
38; 6
39; 45
--------------------------------------------------------------------------------
Crossover

0; 19, 9; d(69) r(65,99) r(29,43) r(74,43) a(67,63) d(71) d(69) a(73,52) d(72)
1; 19, 9; r(34,5) r(69,105) d(6) d(34) d(35) d(72) a(74,66)
2; 19; d(69) r(65,99) r(29,43) r(74,43) a(67,63) d(71) d(69) a(73,52) d(72)
3; 9; r(34,5) r(69,105) d(6) d(34) d(35) d(72) a(74,66)
4; 45, 34; r(34,5) a(67,63) d(71) d(6) r(65,50) d(74) a(73,38)
5; 45, 34; r(34,5) r(69,105) d(29) r(66,50) r(35,99) d(69) r(64,67) r(6,52)
6; 45; r(34,5) a(67,63) d(71) d(69) r(64,67) r(6,52)
7; 34; r(34,5) r(69,105) d(29) r(66,50) r(35,99) d(6) r(65,50) d(74) a(73,38)
8; 2; d(69) r(65,99) r(29,43) r(74,43) a(67,40) r(66,67) r(6,39)
9; 45; r(34,5) a(67,63) d(71) d(69) r(64,67) r(6,52)
10; 53; r(34,5) r(67,63) r(69,50)
11; 26; d(69) r(65,99) r(29,43) r(74,43) a(67,63) d(6) r(5,62) a(34,45) r(29,57) r(64,57)
12; 35; a(65,74) d(6) r(65,66) a(74,76)
13; 37; a(65,74) d(6) r(65,66) d(67)
14; 53, 29; r(34,5) r(67,63) r(69,50) r(5,62) a(34,45) r(29,57) d(35)
15; 53, 29; r(64,72) d(6)
16; 53; r(34,5) r(67,63) r(69,50)
17; 29; r(64,72) d(6) r(5,62) a(34,45) r(29,57) d(35)
18; 44, 41; a(65,74) d(6) r(35,46) d(34) r(73,88) a(69,62) a(35,40) d(72)
19; 44, 41; d(69) r(29,43) r(74,43) d(65)
20; 44; a(65,74) d(6) r(35,46) d(34) r(73,88) a(69,62)
21; 41; d(69) r(29,43) r(74,43) d(65) a(35,40) d(72)
22; 45; r(34,5) a(67,63) d(71) d(69) r(64,67) r(6,52)
23; 46; r(34,5) r(69,105) d(29) r(66,50) r(64,105) r(65,66) d(5) d(66) a(72,57) d(35)
24; 33; r(64,72) a(64,74) d(6) a(35,51)
25; 57; a(65,74) d(6) r(35,46) a(67,52) r(34,41) r(6,45) a(65,105)
26; 16, 39; a(5,46) r(35,99) r(65,45)
27; 16, 39; d(69) r(29,43) d(6) r(65,50) d(64) a(29,45)
28; 16; a(5,46) r(35,99) d(6) r(65,50) d(64) a(29,45)
29; 39; d(69) r(29,43) r(65,45)
30; 54; a(5,46) d(69) d(66)
31; 39; d(69) r(29,43) r(65,45)
32; 45; r(34,5) a(67,63) d(71) d(69) r(64,67) r(6,52)
33; 34; r(34,5) r(69,105) d(29) r(66,50) r(35,99) d(6) r(65,50) d(74) a(73,38)
34; 6; a(71,55) r(65,66) a(67,52) d(34) d(29) a(69,76) d(35)
35; 19; d(69) r(65,99) r(29,43) r(74,43) a(67,63) d(71) d(69) a(73,52) d(72)
36; 36; r(34,5) r(69,105) d(29) r(66,50) r(35,99) d(6) r(65,50) d(74) d(73)
37; 53; r(34,5) r(67,63) r(69,50)
38; 35; a(65,74) d(6) r(65,66) a(74,76)
39; 10; d(69) r(34,55) r(66,57) a(6,99) r(69,105) d(71) d(69) d(74) d(65)
40; 9, 59; r(34,5) r(69,105) d(6) r(74,88)
41; 9, 59; a(65,74) d(6) r(35,46) d(34) r(73,88) d(34) d(35) d(72) a(74,66)
42; 9; r(34,5) r(69,105) d(6) d(34) d(35) d(72) a(74,66)
43; 59; a(65,74) d(6) r(35,46) d(34) r(73,88) r(74,88)
44; 18, 18; d(69) r(34,55) r(66,57) a(6,99) r(5,40) r(73,105) r(29,99)
45; 18, 18; d(69) r(34,55) r(66,57) a(6,99) r(5,40) r(73,105) r(29,99)
46; 18; d(69) r(34,55) r(66,57) a(6,99) r(5,40) r(73,105) r(29,99)
47; 18; d(69) r(34,55) r(66,57) a(6,99) r(5,40) r(73,105) r(29,99)
48; 44; a(65,74) d(6) r(35,46) d(34) r(73,88) a(69,62)
49; 51; d(69) r(29,43) r(74,43) d(65) a(67,63) d(71) d(69) d(6) d(73)
50; 12, 24; d(69) r(34,55) r(66,71) a(72,74)
51; 12, 24; d(69) r(29,43) r(74,43) d(65) r(66,57) a(6,99) r(69,105) a(72,67) d(73) a(65,67) a(6,67)
52; 12; d(69) r(34,55) r(66,57) a(6,99) r(69,105) a(72,67) d(73) a(65,67) a(6,67)
53; 24; d(69) r(29,43) r(74,43) d(65) r(66,71) a(72,74)
54; 21; r(34,5) r(69,105) d(29) r(66,50) r(64,105) a(5,54)
55; 31; r(64,72) r(29,57) r(6,53)
--------------------------------------------------------------------------------
Mutation

0; d(69) r(65,99) r(29,43) r(74,43) a(67,63) d(71) d(69) a(73,52) d(72) r(67,45)
1; r(34,5) r(69,105) d(6) d(34) d(35) d(72) a(74,66) d(74)
2; d(69) r(65,99) r(29,43) r(74,43) a(67,63) d(71) d(69) a(73,52) d(72) r(67,57)
3; r(34,5) r(69,105) d(6) d(34) d(35) d(72) a(74,66) a(29,58)
4; r(34,5) a(67,63) d(71) d(6) r(65,50) d(74) a(73,38) r(35,90)
5; r(34,5) r(69,105) d(29) r(66,50) r(35,99) d(69) r(64,67) r(6,52) d(5)
6; r(34,5) a(67,63) d(71) d(69) r(64,67) r(6,52) r(29,54)
7; r(34,5) r(69,105) d(29) r(66,50) r(35,99) d(6) r(65,50) d(74) a(73,38) d(5)
8; d(69) r(65,99) r(29,43) r(74,43) a(67,40) r(66,67) r(6,39) d(72)
9; r(34,5) a(67,63) d(71) d(69) r(64,67) r(6,52) d(5)
10; r(34,5) r(67,63) r(69,50) r(72,104)
11; d(69) r(65,99) r(29,43) r(74,43) a(67,63) d(6) r(5,62) a(34,45) r(29,57) r(64,57) a(35,38)
12; a(65,74) d(6) r(65,66) a(74,76) r(69,52)
13; a(65,74) d(6) r(65,66) d(67) r(64,99)
14; r(34,5) r(67,63) r(69,50) r(5,62) a(34,45) r(29,57) d(35) d(66)
15; r(64,72) d(6) d(29)
16; r(34,5) r(67,63) r(69,50) a(6,49)
17; r(64,72) d(6) r(5,62) a(34,45) r(29,57) d(35)
18; a(65,74) d(6) r(35,46) d(34) r(73,88) a(69,62) a(35,40) d(72) d(67)
19; d(69) r(29,43) r(74,43) d(65) r(72,62)
20; a(65,74) d(6) r(35,46) d(34) r(73,88) a(69,62) d(71)
21; d(69) r(29,43) r(74,43) d(65) a(35,40) d(72) a(5,88)
22; r(34,5) a(67,63) d(71) d(69) r(64,67) r(6,52) a(29,71)
23; r(34,5) r(69,105) d(29) r(66,50) r(64,105) r(65,66) d(5) d(66) a(72,57) d(35)
24; r(64,72) a(64,74) d(6) a(35,51) r(34,35)
25; a(65,74) d(6) r(35,46) a(67,52) r(34,41) r(6,45) a(65,105) d(71)
26; a(5,46) r(35,99) r(65,45) d(67)
27; d(69) r(29,43) d(6) r(65,50) d(64) a(29,45) d(35)
28; a(5,46) r(35,99) d(6) r(65,50) d(64) a(29,45) a(29,58)
29; d(69) r(29,43) r(65,45) d(67)
30; a(5,46) d(69) d(66) a(35,42)
31; d(69) r(29,43) r(65,45) a(5,58)
32; r(34,5) a(67,63) d(71) d(69) r(64,67) r(6,52) d(35)
33; r(34,5) r(69,105) d(29) r(66,50) r(35,99) d(6) r(65,50) d(74) a(73,38) d(73)
34; a(71,55) r(65,66) a(67,52) d(34) d(29) a(69,76) d(35) a(73,63)
35; d(69) r(65,99) r(29,43) r(74,43) a(67,63) d(71) d(69) a(73,52) d(72) a(67,105)
36; r(34,5) r(69,105) d(29) r(66,50) r(35,99) d(6) r(65,50) d(74) d(73) r(64,105)
37; r(34,5) r(67,63) r(69,50) r(6,62)
38; a(65,74) d(6) r(65,66) a(74,76) d(66)
39; d(69) r(34,55) r(66,57) a(6,99) r(69,105) d(71) d(69) d(74) d(65) a(73,105)
40; r(34,5) r(69,105) d(6) r(74,88) r(64,34)
41; a(65,74) d(6) r(35,46) d(34) r(73,88) d(34) d(35) d(72) a(74,66) r(67,70)
42; r(34,5) r(69,105) d(6) d(34) d(35) d(72) a(74,66) r(29,67)
43; a(65,74) d(6) r(35,46) d(34) r(73,88) r(74,88) d(69)
44; d(69) r(34,55) r(66,57) a(6,99) r(5,40) r(73,105) r(29,99) r(74,62)
45; d(69) r(34,55) r(66,57) a(6,99) r(5,40) r(73,105) r(29,99) a(72,76)
46; d(69) r(34,55) r(66,57) a(6,99) r(5,40) r(73,105) r(29,99) r(64,72)
47; d(69) r(34,55) r(66,57) a(6,99) r(5,40) r(73,105) r(29,99) d(64)
48; a(65,74) d(6) r(35,46) d(34) r(73,88) a(69,62) d(65)
49; d(69) r(29,43) r(74,43) d(65) a(67,63) d(71) d(69) d(6) d(73) r(72,63)
50; d(69) r(34,55) r(66,71) a(72,74) d(5)
51; d(69) r(29,43) r(74,43) d(65) r(66,57) a(6,99) r(69,105) a(72,67) d(73) a(65,67) a(6,67) r(72,57)
52; d(69) r(34,55) r(66,57) a(6,99) r(69,105) a(72,67) d(73) a(65,67) a(6,67) r(72,40)
53; d(69) r(29,43) r(74,43) d(65) r(66,71) a(72,74) a(35,76)
54; r(34,5) r(69,105) d(29) r(66,50) r(64,105) a(5,54) a(35,63)
55; r(64,72) r(29,57) r(6,53) d(5)
--------------------------------------------------------------------------------
Evaluation

0; 0.
1; 0.
2; 0.
3; 0.
4; 0.
5; 0.
6; 0.
7; 0.
8; 0.
9; 0.
10; 0.
11; 0.
12; 0.
13; 0.
14; 0.
15; 0.
16; 0.
17; 0.
18; 0.
19; 0.
20; 0.
21; 0.
22; 0.
23; 0.
24; 0.
25; 0.
26; 0.
27; 0.
28; 0.
29; 0.
30; 0.
31; 0.
32; 0.
33; 0.
34; 0.
35; 0.
36; 0.
37; 0.
38; 0.
39; 0.
40; 0.
41; 0.
42; 0.
43; 0.
44; 0.
45; 0.
46; 0.
47; 0.
48; 0.
49; 0.
50; 0.
51; 0.
52; 0.
53; 0.
54; 0.
55; 0.
================================================================================
Generation 7

--------------------------------------------------------------------------------
Selection

0; 30
1; 35
2; 26
3; 55
4; 47
5; 14
6; 3
7; 1
8; 3
9; 4
10; 9
11; 12
12; 25
13; 26
14; 16
15; 34
16; 53
17; 40
18; 10
19; 37
20; 12
21; 35
22; 48
23; 50
24; 41
25; 42
26; 25
27; 21
28; 43
29; 51
30; 16
31; 53
32; 16
33; 44
34; 10
35; 29
36; 21
37; 9
38; 11
39; 23
--------------------------------------------------------------------------------
Crossover

0; 29; d(69) r(29,43) r(65,45) d(67)
1; 35; d(69) r(65,99) r(29,43) r(74,43) a(67,63) d(71) d(69) a(73,52) d(72) a(67,105)
2; 34, 41; a(71,55) r(65,66) a(67,52) d(34) d(29) a(69,76)
3; 34, 41; a(65,74) d(6) r(35,46) d(34) r(73,88) d(34) d(35) d(72) a(74,66) r(67,70) d(35) a(73,63)
4; 34; a(71,55) r(65,66) a(67,52) d(34) d(29) a(69,76) d(35) a(73,63)
5; 41; a(65,74) d(6) r(35,46) d(34) r(73,88) d(34) d(35) d(72) a(74,66) r(67,70)
6; 26, 4; a(5,46) d(71) d(6) r(65,50) d(74) a(73,38) r(35,90)
7; 26, 4; r(34,5) a(67,63) r(35,99) r(65,45) d(67)
8; 26; a(5,46) r(35,99) r(65,45) d(67)
9; 4; r(34,5) a(67,63) d(71) d(6) r(65,50) d(74) a(73,38) r(35,90)
10; 1, 25; r(34,5) r(69,105) d(6) d(34) d(35) d(72) r(34,41) r(6,45) a(65,105) d(71)
11; 1, 25; a(65,74) d(6) r(35,46) a(67,52) a(74,66) d(74)
12; 1; r(34,5) r(69,105) d(6) d(34) d(35) d(72) a(74,66) d(74)
13; 25; a(65,74) d(6) r(35,46) a(67,52) r(34,41) r(6,45) a(65,105) d(71)
14; 3; r(34,5) r(69,105) d(6) d(34) d(35) d(72) a(74,66) a(29,58)
15; 35; d(69) r(65,99) r(29,43) r(74,43) a(67,63) d(71) d(69) a(73,52) d(72) a(67,105)
16; 12; a(65,74) d(6) r(65,66) a(74,76) r(69,52)
17; 16; r(34,5) r(67,63) r(69,50) a(6,49)
18; 3, 16; r(34,5) r(69,105) d(6) d(34) d(35) d(72) r(69,50) a(6,49)
19; 3, 16; r(34,5) r(67,63) a(74,66) a(29,58)
20; 3; r(34,5) r(69,105) d(6) d(34) d(35) d(72) a(74,66) a(29,58)
21; 16; r(34,5) r(67,63) r(69,50) a(6,49)
22; 16; r(34,5) r(67,63) r(69,50) a(6,49)
23; 25; a(65,74) d(6) r(35,46) a(67,52) r(34,41) r(6,45) a(65,105) d(71)
24; 14; r(34,5) r(67,63) r(69,50) r(5,62) a(34,45) r(29,57) d(35) d(66)
25; 55; r(64,72) r(29,57) r(6,53) d(5)
26; 26; a(5,46) r(35,99) r(65,45) d(67)
27; 53; d(69) r(29,43) r(74,43) d(65) r(66,71) a(72,74) a(35,76)
28; 9, 47; r(34,5) r(73,105) r(29,99) d(64)
29; 9, 47; d(69) r(34,55) r(66,57) a(6,99) r(5,40) a(67,63) d(71) d(69) r(64,67) r(6,52) d(5)
30; 9; r(34,5) a(67,63) d(71) d(69) r(64,67) r(6,52) d(5)
31; 47; d(69) r(34,55) r(66,57) a(6,99) r(5,40) r(73,105) r(29,99) d(64)
32; 37; r(34,5) r(67,63) r(69,50) r(6,62)
33; 48; a(65,74) d(6) r(35,46) d(34) r(73,88) a(69,62) d(65)
34; 11; d(69) r(65,99) r(29,43) r(74,43) a(67,63) d(6) r(5,62) a(34,45) r(29,57) r(64,57) a(35,38)
35; 43; a(65,74) d(6) r(35,46) d(34) r(73,88) r(74,88) d(69)
36; 12, 53; a(65,74) d(6) r(65,66) r(66,71) a(72,74) a(35,76)
37; 12, 53; d(69) r(29,43) r(74,43) d(65) a(74,76) r(69,52)
38; 12; a(65,74) d(6) r(65,66) a(74,76) r(69,52)
39; 53; d(69) r(29,43) r(74,43) d(65) r(66,71) a(72,74) a(35,76)
40; 21; d(69) r(29,43) r(74,43) d(65) a(35,40) d(72) a(5,88)
41; 10; r(34,5) r(67,63) r(69,50) r(72,104)
42; 10; r(34,5) r(67,63) r(69,50) r(72,104)
43; 51; d(69) r(29,43) r(74,43) d(65) r(66,57) a(6,99) r(69,105) a(72,67) d(73) a(65,67) a(6,67) r(72,57)
44; 42; r(34,5) r(69,105) d(6) d(34) d(35) d(72) a(74,66) r(29,67)
45; 30; a(5,46) d(69) d(66) a(35,42)
46; 40; r(34,5) r(69,105) d(6) r(74,88) r(64,34)
47; 21; d(69) r(29,43) r(74,43) d(65) a(35,40) d(72) a(5,88)
48; 9; r(34,5) a(67,63) d(71) d(69) r(64,67) r(6,52) d(5)
49; 23; r(34,5) r(69,105) d(29) r(66,50) r(64,105) r(65,66) d(5) d(66) a(72,57) d(35)
50; 44; d(69) r(34,55) r(66,57) a(6,99) r(5,40) r(73,105) r(29,99) r(74,62)
51; 50; d(69) r(34,55) r(66,71) a(72,74) d(5)
--------------------------------------------------------------------------------
Mutation

0; d(69) r(29,43) r(65,45) d(67) a(35,99)
1; d(69) r(65,99) r(29,43) r(74,43) a(67,63) d(71) d(69) a(73,52) d(72) a(67,105) a(5,36)
2; a(71,55) r(65,66) a(67,52) d(34) d(29) a(69,76) d(74)
3; a(65,74) d(6) r(35,46) d(34) r(73,88) d(34) d(35) d(72) a(74,66) r(67,70) d(35) a(73,63) r(69,91)
4; a(71,55) r(65,66) a(67,52) d(34) d(29) a(69,76) d(35) a(73,63) r(64,73)
5; a(65,74) d(6) r(35,46) d(34) r(73,88) d(34) d(35) d(72) a(74,66) r(67,70) a(74,49)
6; a(5,46) d(71) d(6) r(65,50) d(74) a(73,38) r(35,90) a(29,104)
7; r(34,5) a(67,63) r(35,99) r(65,45) d(67) d(72)
8; a(5,46) r(35,99) r(65,45) d(67) r(72,67)
9; r(34,5) a(67,63) d(71) d(6) r(65,50) d(74) a(73,38) r(35,90) a(64,74)
10; r(34,5) r(69,105) d(6) d(34) d(35) d(72) r(34,41) r(6,45) a(65,105) d(71) a(74,69)
11; a(65,74) d(6) r(35,46) a(67,52) a(74,66) d(74) r(67,72)
12; r(34,5) r(69,105) d(6) d(34) d(35) d(72) a(74,66) d(74) r(73,90)
13; a(65,74) d(6) r(35,46) a(67,52) r(34,41) r(6,45) a(65,105) d(71) r(74,62)
14; r(34,5) r(69,105) d(6) d(34) d(35) d(72) a(74,66) a(29,58) a(64,45)
15; d(69) r(65,99) r(29,43) r(74,43) a(67,63) d(71) d(69) a(73,52) d(72) a(67,105) d(73)
16; a(65,74) d(6) r(65,66) a(74,76) r(69,52) d(66)
17; r(34,5) r(67,63) r(69,50) a(6,49) d(29)
18; r(34,5) r(69,105) d(6) d(34) d(35) d(72) r(69,50) a(6,49) d(67)
19; r(34,5) r(67,63) a(74,66) a(29,58) d(66)
20; r(34,5) r(69,105) d(6) d(34) d(35) d(72) a(74,66) a(29,58) a(64,43)
21; r(34,5) r(67,63) r(69,50) a(6,49) a(64,55)
22; r(34,5) r(67,63) r(69,50) a(6,49) a(35,67)
23; a(65,74) d(6) r(35,46) a(67,52) r(34,41) r(6,45) a(65,105) d(71) a(5,104)
24; r(34,5) r(67,63) r(69,50) r(5,62) a(34,45) r(29,57) d(35) d(66) d(65)
25; r(64,72) r(29,57) r(6,53) d(5) r(35,58)
26; a(5,46) r(35,99) r(65,45) d(67) a(66,91)
27; d(69) r(29,43) r(74,43) d(65) r(66,71) a(72,74) a(35,76) a(5,91)
28; r(34,5) r(73,105) r(29,99) d(64) d(35)
29; d(69) r(34,55) r(66,57) a(6,99) r(5,40) a(67,63) d(71) d(69) r(64,67) r(6,52) d(5) a(29,47)
30; r(34,5) a(67,63) d(71) d(69) r(64,67) r(6,52) d(5) a(35,54)
31; d(69) r(34,55) r(66,57) a(6,99) r(5,40) r(73,105) r(29,99) d(64) a(35,56)
32; r(34,5) r(67,63) r(69,50) r(6,62) d(5)
33; a(65,74) d(6) r(35,46) d(34) r(73,88) a(69,62) d(65) a(67,56)
34; d(69) r(65,99) r(29,43) r(74,43) a(67,63) d(6) r(5,62) a(34,45) r(29,57) r(64,57) a(35,38) d(35)
35; a(65,74) d(6) r(35,46) d(34) r(73,88) r(74,88) d(69) d(67)
36; a(65,74) d(6) r(65,66) r(66,71) a(72,74) a(35,76) d(29)
37; d(69) r(29,43) r(74,43) d(65) a(74,76) r(69,52) r(35,41)
38; a(65,74) d(6) r(65,66) a(74,76) r(69,52) a(29,39)
39; d(69) r(29,43) r(74,43) d(65) r(66,71) a(72,74) a(35,76) d(73)
40; d(69) r(29,43) r(74,43) d(65) a(35,40) d(72) a(5,88) a(73,45)
41; r(34,5) r(67,63) r(69,50) r(72,104) a(64,99)
42; r(34,5) r(67,63) r(69,50) r(72,104) r(6,5)
43; d(69) r(29,43) r(74,43) d(65) r(66,57) a(6,99) r(69,105) a(72,67) d(73) a(65,67) a(6,67) r(72,57) r(6,38)
44; r(34,5) r(69,105) d(6) d(34) d(35) d(72) a(74,66) r(29,67) r(74,105)
45; a(5,46) d(69) d(66) a(35,42) a(72,63)
46; r(34,5) r(69,105) d(6) r(74,88) r(64,34) a(35,63)
47; d(69) r(29,43) r(74,43) d(65) a(35,40) d(72) a(5,88) r(35,90)
48; r(34,5) a(67,63) d(71) d(69) r(64,67) r(6,52) d(5) a(35,71)
49; r(34,5) r(69,105) d(29) r(66,50) r(64,105) r(65,66) d(5) d(66) a(72,57) d(35)
50; d(69) r(34,55) r(66,57) a(6,99) r(5,40) r(73,105) r(29,99) r(74,62) d(72)
51; d(69) r(34,55) r(66,71) a(72,74) d(5) a(74,91)
--------------------------------------------------------------------------------
Evaluation

0; 0.
1; 0.
2; 0.
3; 0.
4; 0.
5; 0.
6; 0.
7; 15.
8; 0.
9; 0.
10; 0.
11; 0.
12; 0.
13; 0.
14; 0.
15; 0.
16; 0.
17; 0.
18; 0.
19; 5.
20; 0.
21; 0.
22; 0.
23; 0.
24; 0.
25; 15.
26; 0.
27; 15.
28; 0.
29; 0.
30; 0.
31; 15.
32; 0.
33; 0.
34; 0.
35; 0.
36; 0.
37; 0.
38; 0.
39; 0.
40; 0.
41; 0.
42; 0.
43; 0.
44; 0.
45; 0.
46; 0.
47; 0.
48; 0.
49; 0.
50; 0.
51; 0.
================================================================================
Generation 8

--------------------------------------------------------------------------------
Selection

0; 42
1; 11
2; 33
3; 26
4; 21
5; 30
6; 12
7; 28
8; 3
9; 11
10; 3
11; 12
12; 36
13; 24
14; 29
15; 33
16; 34
17; 1
18; 50
19; 18
20; 9
21; 49
22; 43
23; 47
24; 23
25; 5
26; 13
27; 51
28; 40
29; 39
30; 4
31; 37
32; 29
33; 15
34; 15
35; 0
36; 17
37; 29
38; 41
39; 35
--------------------------------------------------------------------------------
Crossover

0; 5, 40; a(65,74) d(6) a(5,88) a(73,45)
1; 5, 40; d(69) r(29,43) r(74,43) d(65) a(35,40) d(72) r(35,46) d(34) r(73,88) d(34) d(35) d(72) a(74,66) r(67,70) a(74,49)
2; 5; a(65,74) d(6) r(35,46) d(34) r(73,88) d(34) d(35) d(72) a(74,66) r(67,70) a(74,49)
3; 40; d(69) r(29,43) r(74,43) d(65) a(35,40) d(72) a(5,88) a(73,45)
4; 3, 43; a(65,74) d(6) r(35,46) d(34) r(73,88) d(34) d(35) d(72) a(74,66) r(67,70) d(35) a(73,63) a(6,67) r(72,57) r(6,38)
5; 3, 43; d(69) r(29,43) r(74,43) d(65) r(66,57) a(6,99) r(69,105) a(72,67) d(73) a(65,67) r(69,91)
6; 3; a(65,74) d(6) r(35,46) d(34) r(73,88) d(34) d(35) d(72) a(74,66) r(67,70) d(35) a(73,63) r(69,91)
7; 43; d(69) r(29,43) r(74,43) d(65) r(66,57) a(6,99) r(69,105) a(72,67) d(73) a(65,67) a(6,67) r(72,57) r(6,38)
8; 23; a(65,74) d(6) r(35,46) a(67,52) r(34,41) r(6,45) a(65,105) d(71) a(5,104)
9; 26; a(5,46) r(35,99) r(65,45) d(67) a(66,91)
10; 33; a(65,74) d(6) r(35,46) d(34) r(73,88) a(69,62) d(65) a(67,56)
11; 17; r(34,5) r(67,63) r(69,50) a(6,49) d(29)
12; 15; d(69) r(65,99) r(29,43) r(74,43) a(67,63) d(71) d(69) a(73,52) d(72) a(67,105) d(73)
13; 11; a(65,74) d(6) r(35,46) a(67,52) a(74,66) d(74) r(67,72)
14; 47, 42; d(69) r(29,43) r(69,50) r(72,104) r(6,5)
15; 47, 42; r(34,5) r(67,63) r(74,43) d(65) a(35,40) d(72) a(5,88) r(35,90)
16; 47; d(69) r(29,43) r(74,43) d(65) a(35,40) d(72) a(5,88) r(35,90)
17; 42; r(34,5) r(67,63) r(69,50) r(72,104) r(6,5)
18; 0, 39; d(69) d(73)
19; 0, 39; d(69) r(29,43) r(74,43) d(65) r(66,71) a(72,74) a(35,76) r(29,43) r(65,45) d(67) a(35,99)
20; 0; d(69) r(29,43) r(65,45) d(67) a(35,99)
21; 39; d(69) r(29,43) r(74,43) d(65) r(66,71) a(72,74) a(35,76) d(73)
22; 50, 12; d(69) r(34,55) r(66,57) a(6,99) r(5,40) r(73,105) d(74) r(73,90)
23; 50, 12; r(34,5) r(69,105) d(6) d(34) d(35) d(72) a(74,66) r(29,99) r(74,62) d(72)
24; 50; d(69) r(34,55) r(66,57) a(6,99) r(5,40) r(73,105) r(29,99) r(74,62) d(72)
25; 12; r(34,5) r(69,105) d(6) d(34) d(35) d(72) a(74,66) d(74) r(73,90)
26; 29, 9; d(69) r(34,55) r(66,57) a(6,99) r(5,40) a(67,63) d(71) d(69) r(65,50) d(74) a(73,38) r(35,90) a(64,74)
27; 29, 9; r(34,5) a(67,63) d(71) d(6) r(64,67) r(6,52) d(5) a(29,47)
28; 29; d(69) r(34,55) r(66,57) a(6,99) r(5,40) a(67,63) d(71) d(69) r(64,67) r(6,52) d(5) a(29,47)
29; 9; r(34,5) a(67,63) d(71) d(6) r(65,50) d(74) a(73,38) r(35,90) a(64,74)
30; 28, 12; r(34,5) r(73,105) r(29,99) d(72) a(74,66) d(74) r(73,90)
31; 28, 12; r(34,5) r(69,105) d(6) d(34) d(35) d(64) d(35)
32; 28; r(34,5) r(73,105) r(29,99) d(64) d(35)
33; 12; r(34,5) r(69,105) d(6) d(34) d(35) d(72) a(74,66) d(74) r(73,90)
34; 37, 51; d(69) d(5) a(74,91)
35; 37, 51; d(69) r(34,55) r(66,71) a(72,74) r(29,43) r(74,43) d(65) a(74,76) r(69,52) r(35,41)
36; 37; d(69) r(29,43) r(74,43) d(65) a(74,76) r(69,52) r(35,41)
37; 51; d(69) r(34,55) r(66,71) a(72,74) d(5) a(74,91)
38; 18, 29; r(34,5) r(69,105) d(6) d(34) d(35) d(72) r(69,50) a(6,49) r(64,67) r(6,52) d(5) a(29,47)
39; 18, 29; d(69) r(34,55) r(66,57) a(6,99) r(5,40) a(67,63) d(71) d(69) d(67)
40; 18; r(34,5) r(69,105) d(6) d(34) d(35) d(72) r(69,50) a(6,49) d(67)
41; 29; d(69) r(34,55) r(66,57) a(6,99) r(5,40) a(67,63) d(71) d(69) r(64,67) r(6,52) d(5) a(29,47)
42; 34; d(69) r(65,99) r(29,43) r(74,43) a(67,63) d(6) r(5,62) a(34,45) r(29,57) r(64,57) a(35,38) d(35)
43; 33; a(65,74) d(6) r(35,46) d(34) r(73,88) a(69,62) d(65) a(67,56)
44; 4; a(71,55) r(65,66) a(67,52) d(34) d(29) a(69,76) d(35) a(73,63) r(64,73)
45; 35; a(65,74) d(6) r(35,46) d(34) r(73,88) r(74,88) d(69) d(67)
46; 21, 24; r(34,5) r(67,63)
47; 21, 24; r(34,5) r(67,63) r(69,50) r(5,62) a(34,45) r(29,57) d(35) d(66) d(65) r(69,50) a(6,49) a(64,55)
48; 21; r(34,5) r(67,63) r(69,50) a(6,49) a(64,55)
49; 24; r(34,5) r(67,63) r(69,50) r(5,62) a(34,45) r(29,57) d(35) d(66) d(65)
50; 29; d(69) r(34,55) r(66,57) a(6,99) r(5,40) a(67,63) d(71) d(69) r(64,67) r(6,52) d(5) a(29,47)
51; 41; r(34,5) r(67,63) r(69,50) r(72,104) a(64,99)
52; 11, 49; a(65,74) d(6) r(35,46) a(67,52) a(74,66) d(74) a(72,57) d(35)
53; 11, 49; r(34,5) r(69,105) d(29) r(66,50) r(64,105) r(65,66) d(5) d(66) r(67,72)
54; 11; a(65,74) d(6) r(35,46) a(67,52) a(74,66) d(74) r(67,72)
55; 49; r(34,5) r(69,105) d(29) r(66,50) r(64,105) r(65,66) d(5) d(66) a(72,57) d(35)
56; 1, 30; d(69) r(65,99) r(29,43) r(74,43) a(67,63) a(67,63) d(71) d(69) r(64,67) r(6,52) d(5) a(35,54)
57; 1, 30; r(34,5) d(71) d(69) a(73,52) d(72) a(67,105) a(5,36)
58; 1; d(69) r(65,99) r(29,43) r(74,43) a(67,63) d(71) d(69) a(73,52) d(72) a(67,105) a(5,36)
59; 30; r(34,5) a(67,63) d(71) d(69) r(64,67) r(6,52) d(5) a(35,54)
60; 15, 3; d(69) r(65,99) r(29,43) r(74,43) a(67,63) d(71) d(69) a(73,52) d(72) a(67,105) d(35) a(73,63) r(69,91)
61; 15, 3; a(65,74) d(6) r(35,46) d(34) r(73,88) d(34) d(35) d(72) a(74,66) r(67,70) d(73)
62; 15; d(69) r(65,99) r(29,43) r(74,43) a(67,63) d(71) d(69) a(73,52) d(72) a(67,105) d(73)
63; 3; a(65,74) d(6) r(35,46) d(34) r(73,88) d(34) d(35) d(72) a(74,66) r(67,70) d(35) a(73,63) r(69,91)
64; 36; a(65,74) d(6) r(65,66) r(66,71) a(72,74) a(35,76) d(29)
65; 13; a(65,74) d(6) r(35,46) a(67,52) r(34,41) r(6,45) a(65,105) d(71) r(74,62)
--------------------------------------------------------------------------------
Mutation

0; a(65,74) d(6) a(5,88) a(73,45) a(71,72)
1; d(69) r(29,43) r(74,43) d(65) a(35,40) d(72) r(35,46) d(34) r(73,88) d(34) d(35) d(72) a(74,66) r(67,70) a(74,49) r(5,38)
2; a(65,74) d(6) r(35,46) d(34) r(73,88) d(34) d(35) d(72) a(74,66) r(67,70) a(74,49) a(64,50)
3; d(69) r(29,43) r(74,43) d(65) a(35,40) d(72) a(5,88) a(73,45) d(5)
4; a(65,74) d(6) r(35,46) d(34) r(73,88) d(34) d(35) d(72) a(74,66) r(67,70) d(35) a(73,63) a(6,67) r(72,57) r(6,38) d(71)
5; d(69) r(29,43) r(74,43) d(65) r(66,57) a(6,99) r(69,105) a(72,67) d(73) a(65,67) r(69,91) r(35,53)
6; a(65,74) d(6) r(35,46) d(34) r(73,88) d(34) d(35) d(72) a(74,66) r(67,70) d(35) a(73,63) r(69,91) d(66)
7; d(69) r(29,43) r(74,43) d(65) r(66,57) a(6,99) r(69,105) a(72,67) d(73) a(65,67) a(6,67) r(72,57) r(6,38) a(5,53)
8; a(65,74) d(6) r(35,46) a(67,52) r(34,41) r(6,45) a(65,105) d(71) a(5,104) a(72,38)
9; a(5,46) r(35,99) r(65,45) d(67) a(66,91) d(64)
10; a(65,74) d(6) r(35,46) d(34) r(73,88) a(69,62) d(65) a(67,56) r(72,99)
11; r(34,5) r(67,63) r(69,50) a(6,49) d(29) d(35)
12; d(69) r(65,99) r(29,43) r(74,43) a(67,63) d(71) d(69) a(73,52) d(72) a(67,105) d(73) r(5,45)
13; a(65,74) d(6) r(35,46) a(67,52) a(74,66) d(74) r(67,72) a(66,64)
14; d(69) r(29,43) r(69,50) r(72,104) r(6,5) d(35)
15; r(34,5) r(67,63) r(74,43) d(65) a(35,40) d(72) a(5,88) r(35,90) a(73,37)
16; d(69) r(29,43) r(74,43) d(65) a(35,40) d(72) a(5,88) r(35,90) r(5,43)
17; r(34,5) r(67,63) r(69,50) r(72,104) r(6,5) d(64)
18; d(69) d(73) d(29)
19; d(69) r(29,43) r(74,43) d(65) r(66,71) a(72,74) a(35,76) r(29,43) r(65,45) d(67) a(35,99) d(73)
20; d(69) r(29,43) r(65,45) d(67) a(35,99) r(64,63)
21; d(69) r(29,43) r(74,43) d(65) r(66,71) a(72,74) a(35,76) d(73) r(6,42)
22; d(69) r(34,55) r(66,57) a(6,99) r(5,40) r(73,105) d(74) r(73,90) a(72,64)
23; r(34,5) r(69,105) d(6) d(34) d(35) d(72) a(74,66) r(29,99) r(74,62) d(72) r(64,71)
24; d(69) r(34,55) r(66,57) a(6,99) r(5,40) r(73,105) r(29,99) r(74,62) d(72) r(65,52)
25; r(34,5) r(69,105) d(6) d(34) d(35) d(72) a(74,66) d(74) r(73,90) d(29)
26; d(69) r(34,55) r(66,57) a(6,99) r(5,40) a(67,63) d(71) d(69) r(65,50) d(74) a(73,38) r(35,90) a(64,74) r(29,43)
27; r(34,5) a(67,63) d(71) d(6) r(64,67) r(6,52) d(5) a(29,47) r(29,88)
28; d(69) r(34,55) r(66,57) a(6,99) r(5,40) a(67,63) d(71) d(69) r(64,67) r(6,52) d(5) a(29,47) r(35,54)
29; r(34,5) a(67,63) d(71) d(6) r(65,50) d(74) a(73,38) r(35,90) a(64,74) r(73,66)
30; r(34,5) r(73,105) r(29,99) d(72) a(74,66) d(74) r(73,90) d(66)
31; r(34,5) r(69,105) d(6) d(34) d(35) d(64) d(35) d(5)
32; r(34,5) r(73,105) r(29,99) d(64) d(35) d(5)
33; r(34,5) r(69,105) d(6) d(34) d(35) d(72) a(74,66) d(74) r(73,90) d(5)
34; d(69) d(5) a(74,91) r(72,91)
35; d(69) r(34,55) r(66,71) a(72,74) r(29,43) r(74,43) d(65) a(74,76) r(69,52) r(35,41) r(73,74)
36; d(69) r(29,43) r(74,43) d(65) a(74,76) r(69,52) r(35,41) a(6,54)
37; d(69) r(34,55) r(66,71) a(72,74) d(5) a(74,91) d(72)
38; r(34,5) r(69,105) d(6) d(34) d(35) d(72) r(69,50) a(6,49) r(64,67) r(6,52) d(5) a(29,47) r(29,58)
39; d(69) r(34,55) r(66,57) a(6,99) r(5,40) a(67,63) d(71) d(69) d(67) a(72,63)
40; r(34,5) r(69,105) d(6) d(34) d(35) d(72) r(69,50) a(6,49) d(67) d(64)
41; d(69) r(34,55) r(66,57) a(6,99) r(5,40) a(67,63) d(71) d(69) r(64,67) r(6,52) d(5) a(29,47) a(35,76)
42; d(69) r(65,99) r(29,43) r(74,43) a(67,63) d(6) r(5,62) a(34,45) r(29,57) r(64,57) a(35,38) d(35)
43; a(65,74) d(6) r(35,46) d(34) r(73,88) a(69,62) d(65) a(67,56) d(64)
44; a(71,55) r(65,66) a(67,52) d(34) d(29) a(69,76) d(35) a(73,63) r(64,73) d(6)
45; a(65,74) d(6) r(35,46) d(34) r(73,88) r(74,88) d(69) d(67) r(65,52)
46; r(34,5) r(67,63) a(5,56)
47; r(34,5) r(67,63) r(69,50) r(5,62) a(34,45) r(29,57) d(35) d(66) d(65) r(69,50) a(6,49) a(64,55) a(74,105)
48; r(34,5) r(67,63) r(69,50) a(6,49) a(64,55) d(73)
49; r(34,5) r(67,63) r(69,50) r(5,62) a(34,45) r(29,57) d(35) d(66) d(65) a(74,88)
50; d(69) r(34,55) r(66,57) a(6,99) r(5,40) a(67,63) d(71) d(69) r(64,67) r(6,52) d(5) a(29,47) r(35,40)
51; r(34,5) r(67,63) r(69,50) r(72,104) a(64,99) d(6)
52; a(65,74) d(6) r(35,46) a(67,52) a(74,66) d(74) a(72,57) d(35) a(67,55)
53; r(34,5) r(69,105) d(29) r(66,50) r(64,105) r(65,66) d(5) d(66) r(67,72) d(35)
54; a(65,74) d(6) r(35,46) a(67,52) a(74,66) d(74) r(67,72) a(72,56)
55; r(34,5) r(69,105) d(29) r(66,50) r(64,105) r(65,66) d(5) d(66) a(72,57) d(35)
56; d(69) r(65,99) r(29,43) r(74,43) a(67,63) a(67,63) d(71) d(69) r(64,67) r(6,52) d(5) a(35,54) a(35,70)
57; r(34,5) d(71) d(69) a(73,52) d(72) a(67,105) a(5,36) d(5)
58; d(69) r(65,99) r(29,43) r(74,43) a(67,63) d(71) d(69) a(73,52) d(72) a(67,105) a(5,36) a(64,70)
59; r(34,5) a(67,63) d(71) d(69) r(64,67) r(6,52) d(5) a(35,54) r(35,42)
60; d(69) r(65,99) r(29,43) r(74,43) a(67,63) d(71) d(69) a(73,52) d(72) a(67,105) d(35) a(73,63) r(69,91) r(6,45)
61; a(65,74) d(6) r(35,46) d(34) r(73,88) d(34) d(35) d(72) a(74,66) r(67,70) d(73) r(66,45)
62; d(69) r(65,99) r(29,43) r(74,43) a(67,63) d(71) d(69) a(73,52) d(72) a(67,105) d(73) a(6,45)
63; a(65,74) d(6) r(35,46) d(34) r(73,88) d(34) d(35) d(72) a(74,66) r(67,70) d(35) a(73,63) r(69,91) a(29,45)
64; a(65,74) d(6) r(65,66) r(66,71) a(72,74) a(35,76) d(29) a(73,34)
65; a(65,74) d(6) r(35,46) a(67,52) r(34,41) r(6,45) a(65,105) d(71) r(74,62) d(64)
--------------------------------------------------------------------------------
Evaluation

0; 0.
1; 15.
2; 0.
3; 0.
4; 0.
5; 0.
6; 0.
7; 0.
8; 0.
9; 0.
10; 0.
11; 0.
12; 0.
13; 0.
14; 0.
15; 15.
16; 0.
17; 0.
18; 0.
19; 0.
20; 0.
21; 15.
22; 3.
23; 0.
24; 0.
25; 0.
26; 0.
27; 0.
28; 15.
29; 0.
30; 15.
31; 15.
32; 0.
33; 15.
34; 0.
35; 0.
36; 0.
37; 0.
38; 0.
39; 0.
40; 0.
41; 15.
42; 0.
43; 0.
44; 0.
45; 0.
46; 15.
47; 0.
48; 0.
49; 0.
50; 0.
51; 0.
52; 0.
53; 0.
54; 0.
55; 0.
56; 0.
57; 15.
58; 0.
59; 15.
60; 0.
61; 0.
62; 0.
63; 0.
64; 0.
65; 0.
================================================================================
Generation 9

--------------------------------------------------------------------------------
Selection

0; 5
1; 38
2; 20
3; 16
4; 45
5; 12
6; 43
7; 25
8; 6
9; 32
10; 63
11; 59
12; 19
13; 47
14; 16
15; 16
16; 19
17; 56
18; 8
19; 63
20; 26
21; 43
22; 61
23; 12
24; 60
25; 29
26; 54
27; 38
28; 64
29; 63
30; 38
31; 37
32; 58
33; 20
34; 31
35; 48
36; 65
37; 9
38; 4
39; 42
--------------------------------------------------------------------------------
Crossover

0; 63, 25; a(65,74) d(6) r(35,46) d(34) r(73,88) d(34) d(35) d(72) a(74,66) r(67,70) d(35) a(73,63) r(69,91)
1; 63, 25; r(34,5) r(69,105) d(6) d(34) d(35) d(72) a(74,66) d(74) r(73,90) d(29) a(29,45)
2; 63; a(65,74) d(6) r(35,46) d(34) r(73,88) d(34) d(35) d(72) a(74,66) r(67,70) d(35) a(73,63) r(69,91) a(29,45)
3; 25; r(34,5) r(69,105) d(6) d(34) d(35) d(72) a(74,66) d(74) r(73,90) d(29)
4; 12, 32; d(69) r(65,99) r(29,43) r(74,43) a(67,63) d(71) d(69) a(73,52) d(72) r(29,99) d(64) d(35) d(5)
5; 12, 32; r(34,5) r(73,105) a(67,105) d(73) r(5,45)
6; 12; d(69) r(65,99) r(29,43) r(74,43) a(67,63) d(71) d(69) a(73,52) d(72) a(67,105) d(73) r(5,45)
7; 32; r(34,5) r(73,105) r(29,99) d(64) d(35) d(5)
8; 8; a(65,74) d(6) r(35,46) a(67,52) r(34,41) r(6,45) a(65,105) d(71) a(5,104) a(72,38)
9; 38; r(34,5) r(69,105) d(6) d(34) d(35) d(72) r(69,50) a(6,49) r(64,67) r(6,52) d(5) a(29,47) r(29,58)
10; 20; d(69) r(29,43) r(65,45) d(67) a(35,99) r(64,63)
11; 12; d(69) r(65,99) r(29,43) r(74,43) a(67,63) d(71) d(69) a(73,52) d(72) a(67,105) d(73) r(5,45)
12; 48; r(34,5) r(67,63) r(69,50) a(6,49) a(64,55) d(73)
13; 42; d(69) r(65,99) r(29,43) r(74,43) a(67,63) d(6) r(5,62) a(34,45) r(29,57) r(64,57) a(35,38) d(35)
14; 4; a(65,74) d(6) r(35,46) d(34) r(73,88) d(34) d(35) d(72) a(74,66) r(67,70) d(35) a(73,63) a(6,67) r(72,57) r(6,38) d(71)
15; 61; a(65,74) d(6) r(35,46) d(34) r(73,88) d(34) d(35) d(72) a(74,66) r(67,70) d(73) r(66,45)
16; 6; a(65,74) d(6) r(35,46) d(34) r(73,88) d(34) d(35) d(72) a(74,66) r(67,70) d(35) a(73,63) r(69,91) d(66)
17; 19; d(69) r(29,43) r(74,43) d(65) r(66,71) a(72,74) a(35,76) r(29,43) r(65,45) d(67) a(35,99) d(73)
18; 20; d(69) r(29,43) r(65,45) d(67) a(35,99) r(64,63)
19; 45; a(65,74) d(6) r(35,46) d(34) r(73,88) r(74,88) d(69) d(67) r(65,52)
20; 47, 16; r(34,5) r(67,63) r(69,50) r(5,62) a(34,45) r(29,57) a(35,40) d(72) a(5,88) r(35,90) r(5,43)
21; 47, 16; d(69) r(29,43) r(74,43) d(65) d(35) d(66) d(65) r(69,50) a(6,49) a(64,55) a(74,105)
22; 47; r(34,5) r(67,63) r(69,50) r(5,62) a(34,45) r(29,57) d(35) d(66) d(65) r(69,50) a(6,49) a(64,55) a(74,105)
23; 16; d(69) r(29,43) r(74,43) d(65) a(35,40) d(72) a(5,88) r(35,90) r(5,43)
24; 63; a(65,74) d(6) r(35,46) d(34) r(73,88) d(34) d(35) d(72) a(74,66) r(67,70) d(35) a(73,63) r(69,91) a(29,45)
25; 16; d(69) r(29,43) r(74,43) d(65) a(35,40) d(72) a(5,88) r(35,90) r(5,43)
26; 43, 58; a(65,74) d(6) r(35,46) d(34) r(73,88) a(69,62) d(65)
27; 43, 58; d(69) r(65,99) r(29,43) r(74,43) a(67,63) d(71) d(69) a(73,52) d(72) a(67,105) a(5,36) a(64,70) a(67,56) d(64)
28; 43; a(65,74) d(6) r(35,46) d(34) r(73,88) a(69,62) d(65) a(67,56) d(64)
29; 58; d(69) r(65,99) r(29,43) r(74,43) a(67,63) d(71) d(69) a(73,52) d(72) a(67,105) a(5,36) a(64,70)
30; 31, 54; r(34,5) a(67,52) a(74,66) d(74) r(67,72) a(72,56)
31; 31, 54; a(65,74) d(6) r(35,46) r(69,105) d(6) d(34) d(35) d(64) d(35) d(5)
32; 31; r(34,5) r(69,105) d(6) d(34) d(35) d(64) d(35) d(5)
33; 54; a(65,74) d(6) r(35,46) a(67,52) a(74,66) d(74) r(67,72) a(72,56)
34; 38; r(34,5) r(69,105) d(6) d(34) d(35) d(72) r(69,50) a(6,49) r(64,67) r(6,52) d(5) a(29,47) r(29,58)
35; 26; d(69) r(34,55) r(66,57) a(6,99) r(5,40) a(67,63) d(71) d(69) r(65,50) d(74) a(73,38) r(35,90) a(64,74) r(29,43)
36; 19, 43; d(69) d(34) r(73,88) a(69,62) d(65) a(67,56) d(64)
37; 19, 43; a(65,74) d(6) r(35,46) r(29,43) r(74,43) d(65) r(66,71) a(72,74) a(35,76) r(29,43) r(65,45) d(67) a(35,99) d(73)
38; 19; d(69) r(29,43) r(74,43) d(65) r(66,71) a(72,74) a(35,76) r(29,43) r(65,45) d(67) a(35,99) d(73)
39; 43; a(65,74) d(6) r(35,46) d(34) r(73,88) a(69,62) d(65) a(67,56) d(64)
40; 38, 37; r(34,5) r(69,105) d(6) d(34) d(35) d(72) r(69,50) a(6,49) d(72)
41; 38, 37; d(69) r(34,55) r(66,71) a(72,74) d(5) a(74,91) r(64,67) r(6,52) d(5) a(29,47) r(29,58)
42; 38; r(34,5) r(69,105) d(6) d(34) d(35) d(72) r(69,50) a(6,49) r(64,67) r(6,52) d(5) a(29,47) r(29,58)
43; 37; d(69) r(34,55) r(66,71) a(72,74) d(5) a(74,91) d(72)
44; 16; d(69) r(29,43) r(74,43) d(65) a(35,40) d(72) a(5,88) r(35,90) r(5,43)
45; 65; a(65,74) d(6) r(35,46) a(67,52) r(34,41) r(6,45) a(65,105) d(71) r(74,62) d(64)
46; 5, 63; d(69) r(29,43) a(74,66) r(67,70) d(35) a(73,63) r(69,91) a(29,45)
47; 5, 63; a(65,74) d(6) r(35,46) d(34) r(73,88) d(34) d(35) d(72) r(74,43) d(65) r(66,57) a(6,99) r(69,105) a(72,67) d(73) a(65,67) r(69,91) r(35,53)
48; 5; d(69) r(29,43) r(74,43) d(65) r(66,57) a(6,99) r(69,105) a(72,67) d(73) a(65,67) r(69,91) r(35,53)
49; 63; a(65,74) d(6) r(35,46) d(34) r(73,88) d(34) d(35) d(72) a(74,66) r(67,70) d(35) a(73,63) r(69,91) a(29,45)
50; 59, 60; r(34,5) a(67,63) d(71) a(73,63) r(69,91) r(6,45)
51; 59, 60; d(69) r(65,99) r(29,43) r(74,43) a(67,63) d(71) d(69) a(73,52) d(72) a(67,105) d(35) d(69) r(64,67) r(6,52) d(5) a(35,54) r(35,42)
52; 59; r(34,5) a(67,63) d(71) d(69) r(64,67) r(6,52) d(5) a(35,54) r(35,42)
53; 60; d(69) r(65,99) r(29,43) r(74,43) a(67,63) d(71) d(69) a(73,52) d(72) a(67,105) d(35) a(73,63) r(69,91) r(6,45)
54; 9, 64; a(5,46) r(35,99) a(73,34)
55; 9, 64; a(65,74) d(6) r(65,66) r(66,71) a(72,74) a(35,76) d(29) r(65,45) d(67) a(66,91) d(64)
56; 9; a(5,46) r(35,99) r(65,45) d(67) a(66,91) d(64)
57; 64; a(65,74) d(6) r(65,66) r(66,71) a(72,74) a(35,76) d(29) a(73,34)
58; 29, 56; r(34,5) a(67,63) d(71) d(6) r(65,50) d(74) d(5) a(35,54) a(35,70)
59; 29, 56; d(69) r(65,99) r(29,43) r(74,43) a(67,63) a(67,63) d(71) d(69) r(64,67) r(6,52) a(73,38) r(35,90) a(64,74) r(73,66)
60; 29; r(34,5) a(67,63) d(71) d(6) r(65,50) d(74) a(73,38) r(35,90) a(64,74) r(73,66)
61; 56; d(69) r(65,99) r(29,43) r(74,43) a(67,63) a(67,63) d(71) d(69) r(64,67) r(6,52) d(5) a(35,54) a(35,70)
--------------------------------------------------------------------------------
Mutation

0; a(65,74) d(6) r(35,46) d(34) r(73,88) d(34) d(35) d(72) a(74,66) r(67,70) d(35) a(73,63) r(69,91) a(66,67)
1; r(34,5) r(69,105) d(6) d(34) d(35) d(72) a(74,66) d(74) r(73,90) d(29) a(29,45) r(67,65)
2; a(65,74) d(6) r(35,46) d(34) r(73,88) d(34) d(35) d(72) a(74,66) r(67,70) d(35) a(73,63) r(69,91) a(29,45) a(29,53)
3; r(34,5) r(69,105) d(6) d(34) d(35) d(72) a(74,66) d(74) r(73,90) d(29) d(67)
4; d(69) r(65,99) r(29,43) r(74,43) a(67,63) d(71) d(69) a(73,52) d(72) r(29,99) d(64) d(35) d(5)
5; r(34,5) r(73,105) a(67,105) d(73) r(5,45) d(35)
6; d(69) r(65,99) r(29,43) r(74,43) a(67,63) d(71) d(69) a(73,52) d(72) a(67,105) d(73) r(5,45) r(66,49)
7; r(34,5) r(73,105) r(29,99) d(64) d(35) d(5)
8; a(65,74) d(6) r(35,46) a(67,52) r(34,41) r(6,45) a(65,105) d(71) a(5,104) a(72,38) d(69)
9; r(34,5) r(69,105) d(6) d(34) d(35) d(72) r(69,50) a(6,49) r(64,67) r(6,52) d(5) a(29,47) r(29,58)
10; d(69) r(29,43) r(65,45) d(67) a(35,99) r(64,63) d(35)
11; d(69) r(65,99) r(29,43) r(74,43) a(67,63) d(71) d(69) a(73,52) d(72) a(67,105) d(73) r(5,45) d(64)
12; r(34,5) r(67,63) r(69,50) a(6,49) a(64,55) d(73) a(35,44)
13; d(69) r(65,99) r(29,43) r(74,43) a(67,63) d(6) r(5,62) a(34,45) r(29,57) r(64,57) a(35,38) d(35)
14; a(65,74) d(6) r(35,46) d(34) r(73,88) d(34) d(35) d(72) a(74,66) r(67,70) d(35) a(73,63) a(6,67) r(72,57) r(6,38) d(71) a(64,72)
15; a(65,74) d(6) r(35,46) d(34) r(73,88) d(34) d(35) d(72) a(74,66) r(67,70) d(73) r(66,45) a(65,37)
16; a(65,74) d(6) r(35,46) d(34) r(73,88) d(34) d(35) d(72) a(74,66) r(67,70) d(35) a(73,63) r(69,91) d(66) d(65)
17; d(69) r(29,43) r(74,43) d(65) r(66,71) a(72,74) a(35,76) r(29,43) r(65,45) d(67) a(35,99) d(73) a(64,43)
18; d(69) r(29,43) r(65,45) d(67) a(35,99) r(64,63) a(35,35)
19; a(65,74) d(6) r(35,46) d(34) r(73,88) r(74,88) d(69) d(67) r(65,52) a(64,43)
20; r(34,5) r(67,63) r(69,50) r(5,62) a(34,45) r(29,57) a(35,40) d(72) a(5,88) r(35,90) r(5,43) a(64,56)
21; d(69) r(29,43) r(74,43) d(65) d(35) d(66) d(65) r(69,50) a(6,49) a(64,55) a(74,105) a(73,67)
22; r(34,5) r(67,63) r(69,50) r(5,62) a(34,45) r(29,57) d(35) d(66) d(65) r(69,50) a(6,49) a(64,55) a(74,105) d(74)
23; d(69) r(29,43) r(74,43) d(65) a(35,40) d(72) a(5,88) r(35,90) r(5,43) a(64,56)
24; a(65,74) d(6) r(35,46) d(34) r(73,88) d(34) d(35) d(72) a(74,66) r(67,70) d(35) a(73,63) r(69,91) a(29,45) r(64,73)
25; d(69) r(29,43) r(74,43) d(65) a(35,40) d(72) a(5,88) r(35,90) r(5,43) r(73,76)
26; a(65,74) d(6) r(35,46) d(34) r(73,88) a(69,62) d(65) r(5,38)
27; d(69) r(65,99) r(29,43) r(74,43) a(67,63) d(71) d(69) a(73,52) d(72) a(67,105) a(5,36) a(64,70) a(67,56) d(64) r(35,55)
28; a(65,74) d(6) r(35,46) d(34) r(73,88) a(69,62) d(65) a(67,56) d(64) r(29,41)
29; d(69) r(65,99) r(29,43) r(74,43) a(67,63) d(71) d(69) a(73,52) d(72) a(67,105) a(5,36) a(64,70) r(5,41)
30; r(34,5) a(67,52) a(74,66) d(74) r(67,72) a(72,56) d(29)
31; a(65,74) d(6) r(35,46) r(69,105) d(6) d(34) d(35) d(64) d(35) d(5) a(29,39)
32; r(34,5) r(69,105) d(6) d(34) d(35) d(64) d(35) d(5) d(29)
33; a(65,74) d(6) r(35,46) a(67,52) a(74,66) d(74) r(67,72) a(72,56) a(5,91)
34; r(34,5) r(69,105) d(6) d(34) d(35) d(72) r(69,50) a(6,49) r(64,67) r(6,52) d(5) a(29,47) r(29,58)
35; d(69) r(34,55) r(66,57) a(6,99) r(5,40) a(67,63) d(71) d(69) r(65,50) d(74) a(73,38) r(35,90) a(64,74) r(29,43) d(64)
36; d(69) d(34) r(73,88) a(69,62) d(65) a(67,56) d(64) a(6,36)
37; a(65,74) d(6) r(35,46) r(29,43) r(74,43) d(65) r(66,71) a(72,74) a(35,76) r(29,43) r(65,45) d(67) a(35,99) d(73) d(69)
38; d(69) r(29,43) r(74,43) d(65) r(66,71) a(72,74) a(35,76) r(29,43) r(65,45) d(67) a(35,99) d(73) a(35,38)
39; a(65,74) d(6) r(35,46) d(34) r(73,88) a(69,62) d(65) a(67,56) d(64) a(29,57)
40; r(34,5) r(69,105) d(6) d(34) d(35) d(72) r(69,50) a(6,49) d(72) r(65,105)
41; d(69) r(34,55) r(66,71) a(72,74) d(5) a(74,91) r(64,67) r(6,52) d(5) a(29,47) r(29,58) r(35,104)
42; r(34,5) r(69,105) d(6) d(34) d(35) d(72) r(69,50) a(6,49) r(64,67) r(6,52) d(5) a(29,47) r(29,58)
43; d(69) r(34,55) r(66,71) a(72,74) d(5) a(74,91) d(72) a(64,57)
44; d(69) r(29,43) r(74,43) d(65) a(35,40) d(72) a(5,88) r(35,90) r(5,43) a(67,62)
45; a(65,74) d(6) r(35,46) a(67,52) r(34,41) r(6,45) a(65,105) d(71) r(74,62) d(64) r(5,104)
46; d(69) r(29,43) a(74,66) r(67,70) d(35) a(73,63) r(69,91) a(29,45) d(66)
47; a(65,74) d(6) r(35,46) d(34) r(73,88) d(34) d(35) d(72) r(74,43) d(65) r(66,57) a(6,99) r(69,105) a(72,67) d(73) a(65,67) r(69,91) r(35,53) a(5,56)
48; d(69) r(29,43) r(74,43) d(65) r(66,57) a(6,99) r(69,105) a(72,67) d(73) a(65,67) r(69,91) r(35,53) d(5)
49; a(65,74) d(6) r(35,46) d(34) r(73,88) d(34) d(35) d(72) a(74,66) r(67,70) d(35) a(73,63) r(69,91) a(29,45) d(66)
50; r(34,5) a(67,63) d(71) a(73,63) r(69,91) r(6,45) d(64)
51; d(69) r(65,99) r(29,43) r(74,43) a(67,63) d(71) d(69) a(73,52) d(72) a(67,105) d(35) d(69) r(64,67) r(6,52) d(5) a(35,54) r(35,42)
52; r(34,5) a(67,63) d(71) d(69) r(64,67) r(6,52) d(5) a(35,54) r(35,42) d(29)
53; d(69) r(65,99) r(29,43) r(74,43) a(67,63) d(71) d(69) a(73,52) d(72) a(67,105) d(35) a(73,63) r(69,91) r(6,45) d(73)
54; a(5,46) r(35,99) a(73,34) a(5,41)
55; a(65,74) d(6) r(65,66) r(66,71) a(72,74) a(35,76) d(29) r(65,45) d(67) a(66,91) d(64) a(5,63)
56; a(5,46) r(35,99) r(65,45) d(67) a(66,91) d(64) r(6,49)
57; a(65,74) d(6) r(65,66) r(66,71) a(72,74) a(35,76) d(29) a(73,34) d(64)
58; r(34,5) a(67,63) d(71) d(6) r(65,50) d(74) d(5) a(35,54) a(35,70) d(35)
59; d(69) r(65,99) r(29,43) r(74,43) a(67,63) a(67,63) d(71) d(69) r(64,67) r(6,52) a(73,38) r(35,90) a(64,74) r(73,66) a(5,42)
60; r(34,5) a(67,63) d(71) d(6) r(65,50) d(74) a(73,38) r(35,90) a(64,74) r(73,66) r(66,70)
61; d(69) r(65,99) r(29,43) r(74,43) a(67,63) a(67,63) d(71) d(69) r(64,67) r(6,52) d(5) a(35,54) a(35,70) r(35,58)
--------------------------------------------------------------------------------
Evaluation

0; 0.
1; 0.
2; 0.
3; 0.
4; 0.
5; 15.
6; 0.
7; 0.
8; 0.
9; 0.
10; 0.
11; 0.
12; 4.
13; 0.
14; 0.
15; 0.
16; 0.
17; 0.
18; 0.
19; 0.
20; 0.
21; 0.
22; 0.
23; 0.
24; 0.
25; 0.
26; 15.
27; 15.
28; 0.
29; 0.
30; 15.
31; 0.
32; 0.
33; 0.
34; 0.
35; 0.
36; 0.
37; 0.
38; 0.
39; 0.
40; 0.
41; 0.
42; 0.
43; 0.
44; 0.
45; 15.
46; 0.
47; 0.
48; 0.
49; 0.
50; 0.
51; 0.
52; 15.
53; 0.
54; 5.
55; 0.
56; 0.
57; 0.
58; 0.
59; 0.
60; 0.
61; 0.
================================================================================
Generation 10

--------------------------------------------------------------------------------
Selection

0; 51
1; 23
2; 13
3; 28
4; 0
5; 43
6; 43
7; 35
8; 59
9; 59
10; 44
11; 35
12; 23
13; 61
14; 56
15; 44
16; 37
17; 50
18; 39
19; 55
20; 1
21; 35
22; 20
23; 42
24; 43
25; 31
26; 60
27; 11
28; 53
29; 49
30; 14
31; 38
32; 38
33; 2
34; 35
35; 50
36; 47
37; 28
38; 53
39; 31
--------------------------------------------------------------------------------
Crossover

0; 31; a(65,74) d(6) r(35,46) r(69,105) d(6) d(34) d(35) d(64) d(35) d(5) a(29,39)
1; 0; a(65,74) d(6) r(35,46) d(34) r(73,88) d(34) d(35) d(72) a(74,66) r(67,70) d(35) a(73,63) r(69,91) a(66,67)
2; 56, 1; a(5,46) r(35,99) r(65,45) d(67) d(34) d(35) d(72) a(74,66) d(74) r(73,90) d(29) a(29,45) r(67,65)
3; 56, 1; r(34,5) r(69,105) d(6) a(66,91) d(64) r(6,49)
4; 56; a(5,46) r(35,99) r(65,45) d(67) a(66,91) d(64) r(6,49)
5; 1; r(34,5) r(69,105) d(6) d(34) d(35) d(72) a(74,66) d(74) r(73,90) d(29) a(29,45) r(67,65)
6; 38, 20; d(69) r(29,43) r(74,43) d(65) r(66,71) a(72,74) a(35,76) r(29,43) r(65,45) a(34,45) r(29,57) a(35,40) d(72) a(5,88) r(35,90) r(5,43) a(64,56)
7; 38, 20; r(34,5) r(67,63) r(69,50) r(5,62) d(67) a(35,99) d(73) a(35,38)
8; 38; d(69) r(29,43) r(74,43) d(65) r(66,71) a(72,74) a(35,76) r(29,43) r(65,45) d(67) a(35,99) d(73) a(35,38)
9; 20; r(34,5) r(67,63) r(69,50) r(5,62) a(34,45) r(29,57) a(35,40) d(72) a(5,88) r(35,90) r(5,43) a(64,56)
10; 42; r(34,5) r(69,105) d(6) d(34) d(35) d(72) r(69,50) a(6,49) r(64,67) r(6,52) d(5) a(29,47) r(29,58)
11; 38; d(69) r(29,43) r(74,43) d(65) r(66,71) a(72,74) a(35,76) r(29,43) r(65,45) d(67) a(35,99) d(73) a(35,38)
12; 35; d(69) r(34,55) r(66,57) a(6,99) r(5,40) a(67,63) d(71) d(69) r(65,50) d(74) a(73,38) r(35,90) a(64,74) r(29,43) d(64)
13; 50; r(34,5) a(67,63) d(71) a(73,63) r(69,91) r(6,45) d(64)
14; 60; r(34,5) a(67,63) d(71) d(6) r(65,50) d(74) a(73,38) r(35,90) a(64,74) r(73,66) r(66,70)
15; 47; a(65,74) d(6) r(35,46) d(34) r(73,88) d(34) d(35) d(72) r(74,43) d(65) r(66,57) a(6,99) r(69,105) a(72,67) d(73) a(65,67) r(69,91) r(35,53) a(5,56)
16; 61; d(69) r(65,99) r(29,43) r(74,43) a(67,63) a(67,63) d(71) d(69) r(64,67) r(6,52) d(5) a(35,54) a(35,70) r(35,58)
17; 23; d(69) r(29,43) r(74,43) d(65) a(35,40) d(72) a(5,88) r(35,90) r(5,43) a(64,56)
18; 53; d(69) r(65,99) r(29,43) r(74,43) a(67,63) d(71) d(69) a(73,52) d(72) a(67,105) d(35) a(73,63) r(69,91) r(6,45) d(73)
19; 31; a(65,74) d(6) r(35,46) r(69,105) d(6) d(34) d(35) d(64) d(35) d(5) a(29,39)
20; 59, 39; d(69) r(65,99) d(64) a(29,57)
21; 59, 39; a(65,74) d(6) r(35,46) d(34) r(73,88) a(69,62) d(65) a(67,56) r(29,43) r(74,43) a(67,63) a(67,63) d(71) d(69) r(64,67) r(6,52) a(73,38) r(35,90) a(64,74) r(73,66) a(5,42)
22; 59; d(69) r(65,99) r(29,43) r(74,43) a(67,63) a(67,63) d(71) d(69) r(64,67) r(6,52) a(73,38) r(35,90) a(64,74) r(73,66) a(5,42)
23; 39; a(65,74) d(6) r(35,46) d(34) r(73,88) a(69,62) d(65) a(67,56) d(64) a(29,57)
24; 53, 23; d(69) r(65,99) r(29,43) r(74,43) a(67,63) d(71) d(65) a(35,40) d(72) a(5,88) r(35,90) r(5,43) a(64,56)
25; 53, 23; d(69) r(29,43) r(74,43) d(69) a(73,52) d(72) a(67,105) d(35) a(73,63) r(69,91) r(6,45) d(73)
26; 53; d(69) r(65,99) r(29,43) r(74,43) a(67,63) d(71) d(69) a(73,52) d(72) a(67,105) d(35) a(73,63) r(69,91) r(6,45) d(73)
27; 23; d(69) r(29,43) r(74,43) d(65) a(35,40) d(72) a(5,88) r(35,90) r(5,43) a(64,56)
28; 49; a(65,74) d(6) r(35,46) d(34) r(73,88) d(34) d(35) d(72) a(74,66) r(67,70) d(35) a(73,63) r(69,91) a(29,45) d(66)
29; 28; a(65,74) d(6) r(35,46) d(34) r(73,88) a(69,62) d(65) a(67,56) d(64) r(29,41)
30; 55, 13; a(65,74) d(6) r(65,66) r(66,71) a(72,74) a(35,76) a(34,45) r(29,57) r(64,57) a(35,38) d(35)
31; 55, 13; d(69) r(65,99) r(29,43) r(74,43) a(67,63) d(6) r(5,62) d(29) r(65,45) d(67) a(66,91) d(64) a(5,63)
32; 55; a(65,74) d(6) r(65,66) r(66,71) a(72,74) a(35,76) d(29) r(65,45) d(67) a(66,91) d(64) a(5,63)
33; 13; d(69) r(65,99) r(29,43) r(74,43) a(67,63) d(6) r(5,62) a(34,45) r(29,57) r(64,57) a(35,38) d(35)
34; 50; r(34,5) a(67,63) d(71) a(73,63) r(69,91) r(6,45) d(64)
35; 51; d(69) r(65,99) r(29,43) r(74,43) a(67,63) d(71) d(69) a(73,52) d(72) a(67,105) d(35) d(69) r(64,67) r(6,52) d(5) a(35,54) r(35,42)
36; 37, 44; a(65,74) r(74,43) d(65) a(35,40) d(72) a(5,88) r(35,90) r(5,43) a(67,62)
37; 37, 44; d(69) r(29,43) d(6) r(35,46) r(29,43) r(74,43) d(65) r(66,71) a(72,74) a(35,76) r(29,43) r(65,45) d(67) a(35,99) d(73) d(69)
38; 37; a(65,74) d(6) r(35,46) r(29,43) r(74,43) d(65) r(66,71) a(72,74) a(35,76) r(29,43) r(65,45) d(67) a(35,99) d(73) d(69)
39; 44; d(69) r(29,43) r(74,43) d(65) a(35,40) d(72) a(5,88) r(35,90) r(5,43) a(67,62)
40; 43, 59; d(69) r(34,55) r(66,71) a(72,74) d(5) r(64,67) r(6,52) a(73,38) r(35,90) a(64,74) r(73,66) a(5,42)
41; 43, 59; d(69) r(65,99) r(29,43) r(74,43) a(67,63) a(67,63) d(71) d(69) a(74,91) d(72) a(64,57)
42; 43; d(69) r(34,55) r(66,71) a(72,74) d(5) a(74,91) d(72) a(64,57)
43; 59; d(69) r(65,99) r(29,43) r(74,43) a(67,63) a(67,63) d(71) d(69) r(64,67) r(6,52) a(73,38) r(35,90) a(64,74) r(73,66) a(5,42)
44; 2; a(65,74) d(6) r(35,46) d(34) r(73,88) d(34) d(35) d(72) a(74,66) r(67,70) d(35) a(73,63) r(69,91) a(29,45) a(29,53)
45; 35; d(69) r(34,55) r(66,57) a(6,99) r(5,40) a(67,63) d(71) d(69) r(65,50) d(74) a(73,38) r(35,90) a(64,74) r(29,43) d(64)
46; 14, 11; a(65,74) d(6) r(35,46) d(34) r(73,88) d(34) d(35) d(72) a(74,66) r(67,70) d(35) a(73,63) d(73) r(5,45) d(64)
47; 14, 11; d(69) r(65,99) r(29,43) r(74,43) a(67,63) d(71) d(69) a(73,52) d(72) a(67,105) a(6,67) r(72,57) r(6,38) d(71) a(64,72)
48; 14; a(65,74) d(6) r(35,46) d(34) r(73,88) d(34) d(35) d(72) a(74,66) r(67,70) d(35) a(73,63) a(6,67) r(72,57) r(6,38) d(71) a(64,72)
49; 11; d(69) r(65,99) r(29,43) r(74,43) a(67,63) d(71) d(69) a(73,52) d(72) a(67,105) d(73) r(5,45) d(64)
50; 43, 35; d(69) r(35,90) a(64,74) r(29,43) d(64)
51; 43, 35; d(69) r(34,55) r(66,57) a(6,99) r(5,40) a(67,63) d(71) d(69) r(65,50) d(74) a(73,38) r(34,55) r(66,71) a(72,74) d(5) a(74,91) d(72) a(64,57)
52; 43; d(69) r(34,55) r(66,71) a(72,74) d(5) a(74,91) d(72) a(64,57)
53; 35; d(69) r(34,55) r(66,57) a(6,99) r(5,40) a(67,63) d(71) d(69) r(65,50) d(74) a(73,38) r(35,90) a(64,74) r(29,43) d(64)
54; 43, 35; d(69) r(34,55) d(74) a(73,38) r(35,90) a(64,74) r(29,43) d(64)
55; 43, 35; d(69) r(34,55) r(66,57) a(6,99) r(5,40) a(67,63) d(71) d(69) r(65,50) r(66,71) a(72,74) d(5) a(74,91) d(72) a(64,57)
56; 43; d(69) r(34,55) r(66,71) a(72,74) d(5) a(74,91) d(72) a(64,57)
57; 35; d(69) r(34,55) r(66,57) a(6,99) r(5,40) a(67,63) d(71) d(69) r(65,50) d(74) a(73,38) r(35,90) a(64,74) r(29,43) d(64)
58; 28; a(65,74) d(6) r(35,46) d(34) r(73,88) a(69,62) d(65) a(67,56) d(64) r(29,41)
59; 44; d(69) r(29,43) r(74,43) d(65) a(35,40) d(72) a(5,88) r(35,90) r(5,43) a(67,62)
--------------------------------------------------------------------------------
Mutation

0; a(65,74) d(6) r(35,46) r(69,105) d(6) d(34) d(35) d(64) d(35) d(5) a(29,39) d(29)
1; a(65,74) d(6) r(35,46) d(34) r(73,88) d(34) d(35) d(72) a(74,66) r(67,70) d(35) a(73,63) r(69,91) a(66,67) d(5)
2; a(5,46) r(35,99) r(65,45) d(67) d(34) d(35) d(72) a(74,66) d(74) r(73,90) d(29) a(29,45) r(67,65) a(64,62)
3; r(34,5) r(69,105) d(6) a(66,91) d(64) r(6,49) r(29,76)
4; a(5,46) r(35,99) r(65,45) d(67) a(66,91) d(64) r(6,49) a(5,55)
5; r(34,5) r(69,105) d(6) d(34) d(35) d(72) a(74,66) d(74) r(73,90) d(29) a(29,45) r(67,65) d(65)
6; d(69) r(29,43) r(74,43) d(65) r(66,71) a(72,74) a(35,76) r(29,43) r(65,45) a(34,45) r(29,57) a(35,40) d(72) a(5,88) r(35,90) r(5,43) a(64,56) d(73)
7; r(34,5) r(67,63) r(69,50) r(5,62) d(67) a(35,99) d(73) a(35,38) a(72,56)
8; d(69) r(29,43) r(74,43) d(65) r(66,71) a(72,74) a(35,76) r(29,43) r(65,45) d(67) a(35,99) d(73) a(35,38) a(64,49)
9; r(34,5) r(67,63) r(69,50) r(5,62) a(34,45) r(29,57) a(35,40) d(72) a(5,88) r(35,90) r(5,43) a(64,56) a(73,49)
10; r(34,5) r(69,105) d(6) d(34) d(35) d(72) r(69,50) a(6,49) r(64,67) r(6,52) d(5) a(29,47) r(29,58)
11; d(69) r(29,43) r(74,43) d(65) r(66,71) a(72,74) a(35,76) r(29,43) r(65,45) d(67) a(35,99) d(73) a(35,38) d(64)
12; d(69) r(34,55) r(66,57) a(6,99) r(5,40) a(67,63) d(71) d(69) r(65,50) d(74) a(73,38) r(35,90) a(64,74) r(29,43) d(64)
13; r(34,5) a(67,63) d(71) a(73,63) r(69,91) r(6,45) d(64) d(35)
14; r(34,5) a(67,63) d(71) d(6) r(65,50) d(74) a(73,38) r(35,90) a(64,74) r(73,66) r(66,70) d(29)
15; a(65,74) d(6) r(35,46) d(34) r(73,88) d(34) d(35) d(72) r(74,43) d(65) r(66,57) a(6,99) r(69,105) a(72,67) d(73) a(65,67) r(69,91) r(35,53) a(5,56) a(5,35)
16; d(69) r(65,99) r(29,43) r(74,43) a(67,63) a(67,63) d(71) d(69) r(64,67) r(6,52) d(5) a(35,54) a(35,70) r(35,58)
17; d(69) r(29,43) r(74,43) d(65) a(35,40) d(72) a(5,88) r(35,90) r(5,43) a(64,56) a(66,105)
18; d(69) r(65,99) r(29,43) r(74,43) a(67,63) d(71) d(69) a(73,52) d(72) a(67,105) d(35) a(73,63) r(69,91) r(6,45) d(73) d(5)
19; a(65,74) d(6) r(35,46) r(69,105) d(6) d(34) d(35) d(64) d(35) d(5) a(29,39) r(29,70)
20; d(69) r(65,99) d(64) a(29,57) d(6)
21; a(65,74) d(6) r(35,46) d(34) r(73,88) a(69,62) d(65) a(67,56) r(29,43) r(74,43) a(67,63) a(67,63) d(71) d(69) r(64,67) r(6,52) a(73,38) r(35,90) a(64,74) r(73,66) a(5,42) r(5,58)
22; d(69) r(65,99) r(29,43) r(74,43) a(67,63) a(67,63) d(71) d(69) r(64,67) r(6,52) a(73,38) r(35,90) a(64,74) r(73,66) a(5,42) a(5,40)
23; a(65,74) d(6) r(35,46) d(34) r(73,88) a(69,62) d(65) a(67,56) d(64) a(29,57) a(5,91)
24; d(69) r(65,99) r(29,43) r(74,43) a(67,63) d(71) d(65) a(35,40) d(72) a(5,88) r(35,90) r(5,43) a(64,56) a(64,45)
25; d(69) r(29,43) r(74,43) d(69) a(73,52) d(72) a(67,105) d(35) a(73,63) r(69,91) r(6,45) d(73) a(65,45)
26; d(69) r(65,99) r(29,43) r(74,43) a(67,63) d(71) d(69) a(73,52) d(72) a(67,105) d(35) a(73,63) r(69,91) r(6,45) d(73) d(67)
27; d(69) r(29,43) r(74,43) d(65) a(35,40) d(72) a(5,88) r(35,90) r(5,43) a(64,56) a(67,56)
28; a(65,74) d(6) r(35,46) d(34) r(73,88) d(34) d(35) d(72) a(74,66) r(67,70) d(35) a(73,63) r(69,91) a(29,45) d(66) a(64,43)
29; a(65,74) d(6) r(35,46) d(34) r(73,88) a(69,62) d(65) a(67,56) d(64) r(29,41) r(5,40)
30; a(65,74) d(6) r(65,66) r(66,71) a(72,74) a(35,76) a(34,45) r(29,57) r(64,57) a(35,38) d(35) r(5,46)
31; d(69) r(65,99) r(29,43) r(74,43) a(67,63) d(6) r(5,62) d(29) r(65,45) d(67) a(66,91) d(64) a(5,63) d(35)
32; a(65,74) d(6) r(65,66) r(66,71) a(72,74) a(35,76) d(29) r(65,45) d(67) a(66,91) d(64) a(5,63) d(5)
33; d(69) r(65,99) r(29,43) r(74,43) a(67,63) d(6) r(5,62) a(34,45) r(29,57) r(64,57) a(35,38) d(35)
34; r(34,5) a(67,63) d(71) a(73,63) r(69,91) r(6,45) d(64) d(5)
35; d(69) r(65,99) r(29,43) r(74,43) a(67,63) d(71) d(69) a(73,52) d(72) a(67,105) d(35) d(69) r(64,67) r(6,52) d(5) a(35,54) r(35,42)
36; a(65,74) r(74,43) d(65) a(35,40) d(72) a(5,88) r(35,90) r(5,43) a(67,62) a(69,45)
37; d(69) r(29,43) d(6) r(35,46) r(29,43) r(74,43) d(65) r(66,71) a(72,74) a(35,76) r(29,43) r(65,45) d(67) a(35,99) d(73) d(69) r(72,105)
38; a(65,74) d(6) r(35,46) r(29,43) r(74,43) d(65) r(66,71) a(72,74) a(35,76) r(29,43) r(65,45) d(67) a(35,99) d(73) d(69) a(72,37)
39; d(69) r(29,43) r(74,43) d(65) a(35,40) d(72) a(5,88) r(35,90) r(5,43) a(67,62) r(73,88)
40; d(69) r(34,55) r(66,71) a(72,74) d(5) r(64,67) r(6,52) a(73,38) r(35,90) a(64,74) r(73,66) a(5,42) r(29,67)
41; d(69) r(65,99) r(29,43) r(74,43) a(67,63) a(67,63) d(71) d(69) a(74,91) d(72) a(64,57) r(67,43)
42; d(69) r(34,55) r(66,71) a(72,74) d(5) a(74,91) d(72) a(64,57) d(35)
43; d(69) r(65,99) r(29,43) r(74,43) a(67,63) a(67,63) d(71) d(69) r(64,67) r(6,52) a(73,38) r(35,90) a(64,74) r(73,66) a(5,42) d(5)
44; a(65,74) d(6) r(35,46) d(34) r(73,88) d(34) d(35) d(72) a(74,66) r(67,70) d(35) a(73,63) r(69,91) a(29,45) a(29,53) a(5,91)
45; d(69) r(34,55) r(66,57) a(6,99) r(5,40) a(67,63) d(71) d(69) r(65,50) d(74) a(73,38) r(35,90) a(64,74) r(29,43) d(64)
46; a(65,74) d(6) r(35,46) d(34) r(73,88) d(34) d(35) d(72) a(74,66) r(67,70) d(35) a(73,63) d(73) r(5,45) d(64) r(29,5)
47; d(69) r(65,99) r(29,43) r(74,43) a(67,63) d(71) d(69) a(73,52) d(72) a(67,105) a(6,67) r(72,57) r(6,38) d(71) a(64,72) d(35)
48; a(65,74) d(6) r(35,46) d(34) r(73,88) d(34) d(35) d(72) a(74,66) r(67,70) d(35) a(73,63) a(6,67) r(72,57) r(6,38) d(71) a(64,72) a(74,56)
49; d(69) r(65,99) r(29,43) r(74,43) a(67,63) d(71) d(69) a(73,52) d(72) a(67,105) d(73) r(5,45) d(64) r(35,40)
50; d(69) r(35,90) a(64,74) r(29,43) d(64) r(5,43)
51; d(69) r(34,55) r(66,57) a(6,99) r(5,40) a(67,63) d(71) d(69) r(65,50) d(74) a(73,38) r(34,55) r(66,71) a(72,74) d(5) a(74,91) d(72) a(64,57) a(64,56)
52; d(69) r(34,55) r(66,71) a(72,74) d(5) a(74,91) d(72) a(64,57) d(65)
53; d(69) r(34,55) r(66,57) a(6,99) r(5,40) a(67,63) d(71) d(69) r(65,50) d(74) a(73,38) r(35,90) a(64,74) r(29,43) d(64)
54; d(69) r(34,55) d(74) a(73,38) r(35,90) a(64,74) r(29,43) d(64) a(6,49)
55; d(69) r(34,55) r(66,57) a(6,99) r(5,40) a(67,63) d(71) d(69) r(65,50) r(66,71) a(72,74) d(5) a(74,91) d(72) a(64,57) d(73)
56; d(69) r(34,55) r(66,71) a(72,74) d(5) a(74,91) d(72) a(64,57) d(74)
57; d(69) r(34,55) r(66,57) a(6,99) r(5,40) a(67,63) d(71) d(69) r(65,50) d(74) a(73,38) r(35,90) a(64,74) r(29,43) d(64)
58; a(65,74) d(6) r(35,46) d(34) r(73,88) a(69,62) d(65) a(67,56) d(64) r(29,41) a(5,50)
59; d(69) r(29,43) r(74,43) d(65) a(35,40) d(72) a(5,88) r(35,90) r(5,43) a(67,62) a(67,64)
--------------------------------------------------------------------------------
Evaluation

0; 0.
1; 15.
2; 15.
3; 0.
4; 0.
5; 0.
6; 15.
7; 15.
8; 0.
9; 0.
10; 0.
11; 15.
12; 0.
13; 0.
14; 0.
15; 0.
16; 0.
17; 0.
18; 0.
19; 0.
20; 0.
21; 15.
22; 0.
23; 0.
24; 0.
25; 0.
26; 0.
27; 15.
28; 0.
29; 15.
30; 15.
31; 0.
32; 15.
33; 0.
34; 0.
35; 0.
36; 0.
37; 0.
38; 0.
39; 0.
40; 0.
41; 0.
42; 0.
43; 15.
44; 0.
45; 0.
46; 15.
47; 0.
48; 0.
49; 0.
50; 0.
51; 0.
52; 0.
53; 0.
54; 0.
55; 0.
56; 0.
57; 0.
58; 0.
59; 5.
