================================================================================
Enclosure

1: 0
2: 0
3: 0
4: 0
5: 0
6: 5
7: 6
9: 5
10: 9
11: 9
12: 11
13: 11
14: 9
15: 9
17: 9
18: 5
19: 18
20: 18
21: 18
23: 18
24: 5
25: 5
26: 25
27: 25
29: 0
30: 29
31: 29
32: 31
33: 31
34: 29
35: 0
36: 0
37: 36
38: 36
39: 0
40: 39
41: 39
42: 39
43: 42
44: 42
45: 42
46: 39
47: 39
48: 47
49: 47
50: 47
51: 47
52: 51
53: 51
54: 51
55: 54
56: 54
57: 54
58: 51
59: 51
60: 59
62: 47
63: 47
64: 0
65: 64
66: 64
67: 66
69: 64
70: 69
71: 69
72: 64
73: 64
74: 64
75: 0
76: 0
78: 0
79: 78
80: 78
81: 78
83: 0
85: 83
86: 0
87: 0
88: 0
89: 0
90: 0
91: 0
92: 0
93: 0
94: 0
95: 94
96: 94
97: 94
98: 94
99: 98
101: 94
102: 94
103: 94
104: 103
105: 103
106: 0
107: 106
108: 106
109: 0
110: 0
111: 0
112: 0
113: 0
114: 113
115: 113
116: 113
117: 116
119: 113
120: 119
121: 120
122: 120
123: 122
125: 119
126: 113
127: 126
129: 127
131: 129
133: 131
134: 126
135: 0
136: 135
137: 135
138: 135
139: 138
140: 139
143: 135
144: 0
145: 0
146: 0
================================================================================
Initialisation

0; d(6); 0.
1; r(74,70); 15.
2; r(34,40); 5.
3; a(5,38); 5.
4; d(66); 3.
5; a(73,64); 3.
6; d(5); 5.
7; a(69,72); 5.
8; r(29,45); 5.
9; r(65,90); 0.
10; r(6,56); 15.
11; d(72); 15.
12; r(74,50); 15.
13; d(69); 0.
14; r(71,104); 15.
15; d(29); 5.
16; r(67,40); 5.
17; r(29,99); 5.
18; d(5); 5.
19; r(73,62); 15.
20; a(72,104); 15.
21; a(71,34); 5.
22; a(65,63); 5.
23; r(6,71); 0.
24; d(64); 0.
25; a(69,91); 15.
26; a(29,76); 15.
27; d(34); 5.
28; r(34,46); 5.
29; a(72,57); 5.
30; a(29,35); 5.
31; d(69); 0.
32; r(67,65); 5.
33; d(73); 15.
34; d(64); 0.
35; a(35,88); 5.
36; a(29,46); 5.
37; r(6,46); 0.
38; a(73,52); 5.
39; original; 5.
================================================================================
Generation 1

--------------------------------------------------------------------------------
Selection

0; 24
1; 24
2; 10
3; 2
4; 11
5; 29
6; 7
7; 36
8; 37
9; 0
10; 31
11; 7
12; 31
13; 13
14; 28
15; 8
16; 27
17; 9
18; 3
19; 32
20; 27
21; 31
22; 0
23; 38
24; 3
25; 9
26; 24
27; 9
28; 12
29; 5
30; 4
31; 9
32; 4
33; 18
34; 0
35; 24
36; 27
37; 22
38; 17
39; 7
--------------------------------------------------------------------------------
Crossover

0; 12; r(74,50)
1; 9; r(65,90)
2; 9, 9; r(65,90)
3; 9, 9; r(65,90)
4; 9; r(65,90)
5; 9; r(65,90)
6; 7; a(69,72)
7; 28; r(34,46)
8; 17; r(29,99)
9; 31; d(69)
10; 27; d(34)
11; 2; r(34,40)
12; 10; r(6,56)
13; 31; d(69)
14; 24, 24; d(64)
15; 24, 24; d(64)
16; 24; d(64)
17; 24; d(64)
18; 22, 24; a(65,63)
19; 22, 24; d(64)
20; 22; a(65,63)
21; 24; d(64)
22; 4; d(66)
23; 13; d(69)
24; 7, 31; a(69,72)
25; 7, 31; d(69)
26; 7; a(69,72)
27; 31; d(69)
28; 0; d(6)
29; 0; d(6)
30; 9; r(65,90)
31; 37; r(6,46)
32; 11, 38; d(72)
33; 11, 38; a(73,52)
34; 11; d(72)
35; 38; a(73,52)
36; 3, 32; a(5,38)
37; 3, 32; r(67,65)
38; 3; a(5,38)
39; 32; r(67,65)
40; 4, 27; d(66)
41; 4, 27; d(34)
42; 4; d(66)
43; 27; d(34)
44; 5, 8; a(73,64)
45; 5, 8; r(29,45)
46; 5; a(73,64)
47; 8; r(29,45)
48; 36; a(29,46)
49; 7; a(69,72)
50; 3; a(5,38)
51; 24; d(64)
52; 27; d(34)
53; 29; a(72,57)
54; 0, 18; d(6)
55; 0, 18; d(5)
56; 0; d(6)
57; 18; d(5)
--------------------------------------------------------------------------------
Mutation

0; r(74,50) r(72,57)
1; r(65,90) a(35,41)
2; r(65,90) r(72,52)
3; r(65,90) d(71)
4; r(65,90) r(66,50)
5; r(65,90) a(66,71)
6; a(69,72) r(6,34)
7; r(34,46) d(67)
8; r(29,99) r(65,38)
9; d(69) d(35)
10; d(34) a(65,44)
11; r(34,40) r(29,45)
12; r(6,56) a(67,55)
13; d(69) a(72,91)
14; d(64) r(34,39)
15; d(64) r(29,76)
16; d(64) d(34)
17; d(64) d(34)
18; a(65,63) r(29,43)
19; d(64) a(35,50)
20; a(65,63) r(69,66)
21; d(64) a(5,99)
22; d(66) r(6,91)
23; d(69) d(5)
24; a(69,72) r(29,91)
25; d(69) d(73)
26; a(69,72) d(6)
27; d(69) a(6,56)
28; d(6) d(71)
29; d(6) r(34,44)
30; r(65,90) a(35,56)
31; r(6,46) r(34,58)
32; d(72) d(35)
33; a(73,52) a(5,42)
34; d(72) a(64,40)
35; a(73,52) r(64,105)
36; a(5,38) r(73,69)
37; r(67,65) d(6)
38; a(5,38) d(64)
39; r(67,65) r(72,49)
40; d(66) a(73,62)
41; d(34) d(72)
42; d(66) a(6,54)
43; d(34) d(67)
44; a(73,64) d(71)
45; r(29,45) d(74)
46; a(73,64) r(66,52)
47; r(29,45) d(5)
48; a(29,46) a(69,43)
49; a(69,72) a(6,57)
50; a(5,38) d(74)
51; d(64) a(29,71)
52; d(34) d(71)
53; a(72,57) a(67,37)
54; d(6) r(34,51)
55; d(5) r(35,105)
56; d(6) a(66,40)
57; d(5) r(29,70)
--------------------------------------------------------------------------------
Evaluation

0; 15.
1; 0.
2; 0.
3; 0.
4; 0.
5; 0.
6; 0.
7; 5.
8; 0.
9; 15.
10; 15.
11; 5.
12; 15.
13; 0.
14; 0.
15; 15.
16; 0.
17; 0.
18; 5.
19; 0.
20; 0.
21; 0.
22; 15.
23; 0.
24; 15.
25; 0.
26; 0.
27; 0.
28; 0.
29; 0.
30; 0.
31; 0.
32; 15.
33; 15.
34; 15.
35; 0.
36; 15.
37; 0.
38; 0.
39; 15.
40; 3.
41; 15.
42; 3.
43; 5.
44; 3.
45; 15.
46; 3.
47; 5.
48; 5.
49; 5.
50; 15.
51; 0.
52; 5.
53; 15.
54; 0.
55; 5.
56; 0.
57; 0.
================================================================================
Generation 2

--------------------------------------------------------------------------------
Selection

0; 21
1; 30
2; 29
3; 4
4; 27
5; 31
6; 27
7; 16
8; 54
9; 25
10; 1
11; 15
12; 14
13; 38
14; 39
15; 28
16; 54
17; 54
18; 30
19; 36
20; 57
21; 35
22; 52
23; 21
24; 39
25; 43
26; 35
27; 29
28; 51
29; 23
30; 48
31; 51
32; 1
33; 1
34; 13
35; 6
36; 46
37; 55
38; 42
39; 49
--------------------------------------------------------------------------------
Crossover

0; 1, 31; r(65,90) r(34,58)
1; 1, 31; r(6,46) a(35,41)
2; 1; r(65,90) a(35,41)
3; 31; r(6,46) r(34,58)
4; 29; d(6) r(34,44)
5; 27; d(69) a(6,56)
6; 39, 14; r(67,65) r(72,49) r(34,39)
7; 39, 14; d(64)
8; 39; r(67,65) r(72,49)
9; 14; d(64) r(34,39)
10; 52; d(34) d(71)
11; 25; d(69) d(73)
12; 1, 54; r(65,90) a(35,41) r(34,51)
13; 1, 54; d(6)
14; 1; r(65,90) a(35,41)
15; 54; d(6) r(34,51)
16; 39, 57; r(67,65) r(29,70)
17; 39, 57; d(5) r(72,49)
18; 39; r(67,65) r(72,49)
19; 57; d(5) r(29,70)
20; 55, 46; d(5) r(66,52)
21; 55, 46; a(73,64) r(35,105)
22; 55; d(5) r(35,105)
23; 46; a(73,64) r(66,52)
24; 54, 13; d(6) r(34,51)
25; 54, 13; d(69) a(72,91)
26; 54; d(6) r(34,51)
27; 13; d(69) a(72,91)
28; 15, 42; d(64)
29; 15, 42; d(66) a(6,54) r(29,76)
30; 15; d(64) r(29,76)
31; 42; d(66) a(6,54)
32; 35; a(73,52) r(64,105)
33; 36; a(5,38) r(73,69)
34; 16, 35; d(64) r(64,105)
35; 16, 35; a(73,52) d(34)
36; 16; d(64) d(34)
37; 35; a(73,52) r(64,105)
38; 51, 49; d(64) a(29,71) a(6,57)
39; 51, 49; a(69,72)
40; 51; d(64) a(29,71)
41; 49; a(69,72) a(6,57)
42; 23, 29; d(69)
43; 23, 29; d(6) r(34,44) d(5)
44; 23; d(69) d(5)
45; 29; d(6) r(34,44)
46; 54; d(6) r(34,51)
47; 30; r(65,90) a(35,56)
48; 4, 6; r(65,90) r(66,50) r(6,34)
49; 4, 6; a(69,72)
50; 4; r(65,90) r(66,50)
51; 6; a(69,72) r(6,34)
52; 1, 28; r(65,90) a(35,41) d(71)
53; 1, 28; d(6)
54; 1; r(65,90) a(35,41)
55; 28; d(6) d(71)
56; 27, 21; d(69)
57; 27, 21; d(64) a(5,99) a(6,56)
58; 27; d(69) a(6,56)
59; 21; d(64) a(5,99)
60; 21; d(64) a(5,99)
61; 30; r(65,90) a(35,56)
62; 38, 48; a(5,38) d(64) a(69,43)
63; 38, 48; a(29,46)
64; 38; a(5,38) d(64)
65; 48; a(29,46) a(69,43)
66; 43; d(34) d(67)
67; 51; d(64) a(29,71)
--------------------------------------------------------------------------------
Mutation

0; r(65,90) r(34,58) a(67,71)
1; r(6,46) a(35,41) r(29,99)
2; r(65,90) a(35,41) d(71)
3; r(6,46) r(34,58) d(69)
4; d(6) r(34,44) r(66,49)
5; d(69) a(6,56) r(66,76)
6; r(67,65) r(72,49) r(34,39) d(73)
7; d(64) a(35,35)
8; r(67,65) r(72,49) a(5,34)
9; d(64) r(34,39) r(5,56)
10; d(34) d(71) r(74,75)
11; d(69) d(73) a(34,57)
12; r(65,90) a(35,41) r(34,51) d(69)
13; d(6) a(65,62)
14; r(65,90) a(35,41) a(74,49)
15; d(6) r(34,51) a(71,50)
16; r(67,65) r(29,70) d(72)
17; d(5) r(72,49) r(34,105)
18; r(67,65) r(72,49) a(64,37)
19; d(5) r(29,70) a(65,74)
20; d(5) r(66,52) r(65,52)
21; a(73,64) r(35,105) r(29,53)
22; d(5) r(35,105) a(71,64)
23; a(73,64) r(66,52) d(65)
24; d(6) r(34,51) d(73)
25; d(69) a(72,91) d(29)
26; d(6) r(34,51) r(64,72)
27; d(69) a(72,91) r(6,104)
28; d(64) d(6)
29; d(66) a(6,54) r(29,76) a(73,74)
30; d(64) r(29,76) a(5,46)
31; d(66) a(6,54) a(74,40)
32; a(73,52) r(64,105) r(35,71)
33; a(5,38) r(73,69) d(72)
34; d(64) r(64,105) a(29,55)
35; a(73,52) d(34) a(29,91)
36; d(64) d(34) a(5,43)
37; a(73,52) r(64,105) a(5,99)
38; d(64) a(29,71) a(6,57) r(35,90)
39; a(69,72) d(29)
40; d(64) a(29,71) a(5,53)
41; a(69,72) a(6,57) r(5,42)
42; d(69) r(6,51)
43; d(6) r(34,44) d(5) a(73,65)
44; d(69) d(5) d(72)
45; d(6) r(34,44) d(29)
46; d(6) r(34,51) d(74)
47; r(65,90) a(35,56) d(6)
48; r(65,90) r(66,50) r(6,34) d(29)
49; a(69,72) r(72,99)
50; r(65,90) r(66,50) r(71,104)
51; a(69,72) r(6,34) d(69)
52; r(65,90) a(35,41) d(71) d(5)
53; d(6) d(66)
54; r(65,90) a(35,41) r(74,44)
55; d(6) d(71) r(74,73)
56; d(69) d(34)
57; d(64) a(5,99) a(6,56) d(29)
58; d(69) a(6,56) d(73)
59; d(64) a(5,99) d(34)
60; d(64) a(5,99) r(35,55)
61; r(65,90) a(35,56) a(71,73)
62; a(5,38) d(64) a(69,43) d(35)
63; a(29,46) r(69,44)
64; a(5,38) d(64) d(35)
65; a(29,46) a(69,43) d(66)
66; d(34) d(67) r(29,105)
67; d(64) a(29,71) d(34)
--------------------------------------------------------------------------------
Evaluation

0; 0.
1; 0.
2; 0.
3; 0.
4; 0.
5; 0.
6; 15.
7; 0.
8; 15.
9; 15.
10; 5.
11; 0.
12; 0.
13; 0.
14; 0.
15; 0.
16; 0.
17; 0.
18; 15.
19; 0.
20; 0.
21; 3.
22; 3.
23; 3.
24; 0.
25; 0.
26; 0.
27; 15.
28; 0.
29; 15.
30; 15.
31; 3.
32; 15.
33; 15.
34; 0.
35; 15.
36; 0.
37; 0.
38; 15.
39; 5.
40; 0.
41; 5.
42; 0.
43; 15.
44; 0.
45; 0.
46; 0.
47; 0.
48; 0.
49; 5.
50; 0.
51; 0.
52; 0.
53; 0.
54; 15.
55; 0.
56; 0.
57; 0.
58; 0.
59; 0.
60; 15.
61; 0.
62; 15.
63; 15.
64; 15.
65; 3.
66; 5.
67; 0.
================================================================================
Generation 3

--------------------------------------------------------------------------------
Selection

0; 26
1; 5
2; 34
3; 23
4; 49
5; 57
6; 52
7; 37
8; 4
9; 25
10; 42
11; 12
12; 59
13; 57
14; 48
15; 46
16; 44
17; 57
18; 14
19; 36
20; 28
21; 37
22; 42
23; 0
24; 19
25; 15
26; 3
27; 13
28; 57
29; 1
30; 49
31; 46
32; 37
33; 26
34; 31
35; 37
36; 47
37; 16
38; 11
39; 45
--------------------------------------------------------------------------------
Crossover

0; 5; d(69) a(6,56) r(66,76)
1; 34; d(64) r(64,105) a(29,55)
2; 23; a(73,64) r(66,52) d(65)
3; 36; d(64) d(34) a(5,43)
4; 15, 49; d(6) r(72,99)
5; 15, 49; a(69,72) r(34,51) a(71,50)
6; 15; d(6) r(34,51) a(71,50)
7; 49; a(69,72) r(72,99)
8; 28; d(64) d(6)
9; 47; r(65,90) a(35,56) d(6)
10; 1; r(6,46) a(35,41) r(29,99)
11; 49; a(69,72) r(72,99)
12; 13; d(6) a(65,62)
13; 37; a(73,52) r(64,105) a(5,99)
14; 44, 16; d(69) d(5) d(72) d(72)
15; 44, 16; r(67,65) r(29,70)
16; 44; d(69) d(5) d(72)
17; 16; r(67,65) r(29,70) d(72)
18; 52; r(65,90) a(35,41) d(71) d(5)
19; 26; d(6) r(34,51) r(64,72)
20; 14, 31; r(65,90) a(74,40)
21; 14, 31; d(66) a(6,54) a(35,41) a(74,49)
22; 14; r(65,90) a(35,41) a(74,49)
23; 31; d(66) a(6,54) a(74,40)
24; 19; d(5) r(29,70) a(65,74)
25; 57; d(64) a(5,99) a(6,56) d(29)
26; 12, 37; r(65,90) a(35,41) r(64,105) a(5,99)
27; 12, 37; a(73,52) r(34,51) d(69)
28; 12; r(65,90) a(35,41) r(34,51) d(69)
29; 37; a(73,52) r(64,105) a(5,99)
30; 11; d(69) d(73) a(34,57)
31; 0; r(65,90) r(34,58) a(67,71)
32; 48, 57; r(65,90) a(5,99) a(6,56) d(29)
33; 48, 57; d(64) r(66,50) r(6,34) d(29)
34; 48; r(65,90) r(66,50) r(6,34) d(29)
35; 57; d(64) a(5,99) a(6,56) d(29)
36; 4; d(6) r(34,44) r(66,49)
37; 59; d(64) a(5,99) d(34)
38; 37, 46; a(73,52) r(64,105)
39; 37, 46; d(6) r(34,51) d(74) a(5,99)
40; 37; a(73,52) r(64,105) a(5,99)
41; 46; d(6) r(34,51) d(74)
42; 3; r(6,46) r(34,58) d(69)
43; 42; d(69) r(6,51)
44; 42, 46; d(69) r(6,51)
45; 42, 46; d(6) r(34,51) d(74)
46; 42; d(69) r(6,51)
47; 46; d(6) r(34,51) d(74)
48; 37; a(73,52) r(64,105) a(5,99)
49; 57; d(64) a(5,99) a(6,56) d(29)
50; 57; d(64) a(5,99) a(6,56) d(29)
51; 45; d(6) r(34,44) d(29)
52; 26, 25; d(6) r(34,51) r(64,72) d(29)
53; 26, 25; d(69) a(72,91)
54; 26; d(6) r(34,51) r(64,72)
55; 25; d(69) a(72,91) d(29)
--------------------------------------------------------------------------------
Mutation

0; d(69) a(6,56) r(66,76) a(72,64)
1; d(64) r(64,105) a(29,55) r(6,50)
2; a(73,64) r(66,52) d(65) d(74)
3; d(64) d(34) a(5,43) a(35,50)
4; d(6) r(72,99) d(29)
5; a(69,72) r(34,51) a(71,50) r(29,47)
6; d(6) r(34,51) a(71,50) r(67,63)
7; a(69,72) r(72,99) a(73,52)
8; d(64) d(6) a(29,62)
9; r(65,90) a(35,56) d(6) d(69)
10; r(6,46) a(35,41) r(29,99) a(5,46)
11; a(69,72) r(72,99) a(35,42)
12; d(6) a(65,62) d(34)
13; a(73,52) r(64,105) a(5,99) d(29)
14; d(69) d(5) d(72) d(72) r(67,99)
15; r(67,65) r(29,70) a(74,67)
16; d(69) d(5) d(72) a(29,45)
17; r(67,65) r(29,70) d(72) d(74)
18; r(65,90) a(35,41) d(71) d(5) r(69,34)
19; d(6) r(34,51) r(64,72) r(29,43)
20; r(65,90) a(74,40) r(5,45)
21; d(66) a(6,54) a(35,41) a(74,49) d(65)
22; r(65,90) a(35,41) a(74,49) d(73)
23; d(66) a(6,54) a(74,40) r(6,70)
24; d(5) r(29,70) a(65,74) a(35,76)
25; d(64) a(5,99) a(6,56) d(29) r(5,36)
26; r(65,90) a(35,41) r(64,105) a(5,99) a(6,55)
27; a(73,52) r(34,51) d(69) r(29,46)
28; r(65,90) a(35,41) r(34,51) d(69) a(5,46)
29; a(73,52) r(64,105) a(5,99) r(35,52)
30; d(69) d(73) a(34,57) a(34,55)
31; r(65,90) r(34,58) a(67,71) a(71,34)
32; r(65,90) a(5,99) a(6,56) d(29) r(6,37)
33; d(64) r(66,50) r(6,34) d(29) d(5)
34; r(65,90) r(66,50) r(6,34) d(29) a(74,71)
35; d(64) a(5,99) a(6,56) d(29) d(6)
36; d(6) r(34,44) r(66,49) r(64,76)
37; d(64) a(5,99) d(34) a(29,40)
38; a(73,52) r(64,105) r(5,53)
39; d(6) r(34,51) d(74) a(5,99) d(69)
40; a(73,52) r(64,105) a(5,99) d(5)
41; d(6) r(34,51) d(74) a(64,65)
42; r(6,46) r(34,58) d(69) r(35,90)
43; d(69) r(6,51) r(35,99)
44; d(69) r(6,51) d(5)
45; d(6) r(34,51) d(74) r(5,39)
46; d(69) r(6,51) a(64,57)
47; d(6) r(34,51) d(74) r(29,43)
48; a(73,52) r(64,105) a(5,99) r(6,56)
49; d(64) a(5,99) a(6,56) d(29) d(5)
50; d(64) a(5,99) a(6,56) d(29) d(35)
51; d(6) r(34,44) d(29) r(35,88)
52; d(6) r(34,51) r(64,72) d(29) r(5,62)
53; d(69) a(72,91) a(5,49)
54; d(6) r(34,51) r(64,72) r(5,88)
55; d(69) a(72,91) d(29) d(65)
--------------------------------------------------------------------------------
Evaluation

0; 0.
1; 0.
2; 3.
3; 0.
4; 0.
5; 5.
6; 0.
7; 5.
8; 0.
9; 0.
10; 0.
11; 5.
12; 0.
13; 0.
14; 0.
15; 0.
16; 0.
17; 0.
18; 0.
19; 0.
20; 0.
21; 0.
22; 0.
23; 0.
24; 0.
25; 0.
26; 0.
27; 0.
28; 0.
29; 15.
30; 0.
31; 0.
32; 15.
33; 0.
34; 0.
35; 15.
36; 0.
37; 0.
38; 0.
39; 0.
40; 0.
41; 0.
42; 0.
43; 0.
44; 0.
45; 15.
46; 0.
47; 0.
48; 15.
49; 0.
50; 0.
51; 0.
52; 0.
53; 0.
54; 0.
55; 0.
================================================================================
Generation 4

--------------------------------------------------------------------------------
Selection

0; 55
1; 50
2; 43
3; 36
4; 16
5; 36
6; 34
7; 19
8; 39
9; 15
10; 23
11; 21
12; 21
13; 37
14; 41
15; 55
16; 46
17; 20
18; 23
19; 18
20; 47
21; 11
22; 34
23; 6
24; 28
25; 3
26; 17
27; 0
28; 55
29; 33
30; 24
31; 30
32; 41
33; 30
34; 30
35; 33
36; 51
37; 8
38; 44
39; 28
--------------------------------------------------------------------------------
Crossover

0; 28, 17; r(65,90) a(35,41)
1; 28, 17; r(67,65) r(29,70) d(72) d(74) r(34,51) d(69) a(5,46)
2; 28; r(65,90) a(35,41) r(34,51) d(69) a(5,46)
3; 17; r(67,65) r(29,70) d(72) d(74)
4; 8, 23; d(64)
5; 8, 23; d(66) a(6,54) a(74,40) r(6,70) d(6) a(29,62)
6; 8; d(64) d(6) a(29,62)
7; 23; d(66) a(6,54) a(74,40) r(6,70)
8; 30; d(69) d(73) a(34,57) a(34,55)
9; 50; d(64) a(5,99) a(6,56) d(29) d(35)
10; 23; d(66) a(6,54) a(74,40) r(6,70)
11; 51; d(6) r(34,44) d(29) r(35,88)
12; 36; d(6) r(34,44) r(66,49) r(64,76)
13; 21; d(66) a(6,54) a(35,41) a(74,49) d(65)
14; 55, 30; d(69) a(72,91) d(29) d(65) a(34,55)
15; 55, 30; d(69) d(73) a(34,57)
16; 55; d(69) a(72,91) d(29) d(65)
17; 30; d(69) d(73) a(34,57) a(34,55)
18; 47, 34; d(6) r(34,51) d(74) r(29,43) r(6,34) d(29) a(74,71)
19; 47, 34; r(65,90) r(66,50)
20; 47; d(6) r(34,51) d(74) r(29,43)
21; 34; r(65,90) r(66,50) r(6,34) d(29) a(74,71)
22; 55, 55; d(69)
23; 55, 55; d(69) a(72,91) d(29) d(65) a(72,91) d(29) d(65)
24; 55; d(69) a(72,91) d(29) d(65)
25; 55; d(69) a(72,91) d(29) d(65)
26; 28, 37; r(65,90) a(35,41) r(34,51) d(69) a(5,46) a(29,40)
27; 28, 37; d(64) a(5,99) d(34)
28; 28; r(65,90) a(35,41) r(34,51) d(69) a(5,46)
29; 37; d(64) a(5,99) d(34) a(29,40)
30; 0; d(69) a(6,56) r(66,76) a(72,64)
31; 36; d(6) r(34,44) r(66,49) r(64,76)
32; 18, 3; r(65,90) a(35,41) a(35,50)
33; 18, 3; d(64) d(34) a(5,43) d(71) d(5) r(69,34)
34; 18; r(65,90) a(35,41) d(71) d(5) r(69,34)
35; 3; d(64) d(34) a(5,43) a(35,50)
36; 15; r(67,65) r(29,70) a(74,67)
37; 41; d(6) r(34,51) d(74) a(64,65)
38; 11; a(69,72) r(72,99) a(35,42)
39; 39; d(6) r(34,51) d(74) a(5,99) d(69)
40; 33, 20; d(64) r(66,50) r(6,34) r(5,45)
41; 33, 20; r(65,90) a(74,40) d(29) d(5)
42; 33; d(64) r(66,50) r(6,34) d(29) d(5)
43; 20; r(65,90) a(74,40) r(5,45)
44; 19, 43; d(6) r(35,99)
45; 19, 43; d(69) r(6,51) r(34,51) r(64,72) r(29,43)
46; 19; d(6) r(34,51) r(64,72) r(29,43)
47; 43; d(69) r(6,51) r(35,99)
48; 24; d(5) r(29,70) a(65,74) a(35,76)
49; 6; d(6) r(34,51) a(71,50) r(67,63)
50; 21; d(66) a(6,54) a(35,41) a(74,49) d(65)
51; 30; d(69) d(73) a(34,57) a(34,55)
52; 41, 44; d(6) r(34,51) d(74) r(6,51) d(5)
53; 41, 44; d(69) a(64,65)
54; 41; d(6) r(34,51) d(74) a(64,65)
55; 44; d(69) r(6,51) d(5)
56; 34, 16; r(65,90) a(29,45)
57; 34, 16; d(69) d(5) d(72) r(66,50) r(6,34) d(29) a(74,71)
58; 34; r(65,90) r(66,50) r(6,34) d(29) a(74,71)
59; 16; d(69) d(5) d(72) a(29,45)
60; 33, 46; d(64) r(66,50) r(6,34)
61; 33, 46; d(69) r(6,51) a(64,57) d(29) d(5)
62; 33; d(64) r(66,50) r(6,34) d(29) d(5)
63; 46; d(69) r(6,51) a(64,57)
--------------------------------------------------------------------------------
Mutation

0; r(65,90) a(35,41) r(72,71)
1; r(67,65) r(29,70) d(72) d(74) r(34,51) d(69) a(5,46) a(73,34)
2; r(65,90) a(35,41) r(34,51) d(69) a(5,46) r(5,58)
3; r(67,65) r(29,70) d(72) d(74) d(35)
4; d(64) d(6)
5; d(66) a(6,54) a(74,40) r(6,70) d(6) a(29,62) d(35)
6; d(64) d(6) a(29,62) a(29,51)
7; d(66) a(6,54) a(74,40) r(6,70) d(71)
8; d(69) d(73) a(34,57) a(34,55) r(35,70)
9; d(64) a(5,99) a(6,56) d(29) d(35) r(5,47)
10; d(66) a(6,54) a(74,40) r(6,70) d(5)
11; d(6) r(34,44) d(29) r(35,88) d(73)
12; d(6) r(34,44) r(66,49) r(64,76) r(35,55)
13; d(66) a(6,54) a(35,41) a(74,49) d(65) r(69,91)
14; d(69) a(72,91) d(29) d(65) a(34,55) r(72,71)
15; d(69) d(73) a(34,57) a(35,5)
16; d(69) a(72,91) d(29) d(65) d(64)
17; d(69) d(73) a(34,57) a(34,55) d(6)
18; d(6) r(34,51) d(74) r(29,43) r(6,34) d(29) a(74,71) d(72)
19; r(65,90) r(66,50) r(73,55)
20; d(6) r(34,51) d(74) r(29,43) d(64)
21; r(65,90) r(66,50) r(6,34) d(29) a(74,71) d(74)
22; d(69) r(65,64)
23; d(69) a(72,91) d(29) d(65) a(72,91) d(29) d(65) a(64,90)
24; d(69) a(72,91) d(29) d(65) a(35,44)
25; d(69) a(72,91) d(29) d(65) r(72,50)
26; r(65,90) a(35,41) r(34,51) d(69) a(5,46) a(29,40) a(72,63)
27; d(64) a(5,99) d(34) d(35)
28; r(65,90) a(35,41) r(34,51) d(69) a(5,46) r(29,51)
29; d(64) a(5,99) d(34) a(29,40) a(5,63)
30; d(69) a(6,56) r(66,76) a(72,64) r(34,53)
31; d(6) r(34,44) r(66,49) r(64,76) r(29,42)
32; r(65,90) a(35,41) a(35,50) a(6,70)
33; d(64) d(34) a(5,43) d(71) d(5) r(69,34) a(35,43)
34; r(65,90) a(35,41) d(71) d(5) r(69,34) r(73,55)
35; d(64) d(34) a(5,43) a(35,50) d(29)
36; r(67,65) r(29,70) a(74,67) d(71)
37; d(6) r(34,51) d(74) a(64,65) d(64)
38; a(69,72) r(72,99) a(35,42) r(74,71)
39; d(6) r(34,51) d(74) a(5,99) d(69) r(65,56)
40; d(64) r(66,50) r(6,34) r(5,45) a(29,52)
41; r(65,90) a(74,40) d(29) d(5) r(35,56)
42; d(64) r(66,50) r(6,34) d(29) d(5) d(35)
43; r(65,90) a(74,40) r(5,45) r(73,40)
44; d(6) r(35,99) r(65,73)
45; d(69) r(6,51) r(34,51) r(64,72) r(29,43) r(35,57)
46; d(6) r(34,51) r(64,72) r(29,43) d(5)
47; d(69) r(6,51) r(35,99) r(65,69)
48; d(5) r(29,70) a(65,74) a(35,76) r(73,69)
49; d(6) r(34,51) a(71,50) r(67,63) a(72,49)
50; d(66) a(6,54) a(35,41) a(74,49) d(65) r(29,50)
51; d(69) d(73) a(34,57) a(34,55) r(34,58)
52; d(6) r(34,51) d(74) r(6,51) d(5) a(72,75)
53; d(69) a(64,65) a(34,35)
54; d(6) r(34,51) d(74) a(64,65) r(66,52)
55; d(69) r(6,51) d(5) r(35,40)
56; r(65,90) a(29,45) d(72)
57; d(69) d(5) d(72) r(66,50) r(6,34) d(29) a(74,71) a(35,39)
58; r(65,90) r(66,50) r(6,34) d(29) a(74,71) d(5)
59; d(69) d(5) d(72) a(29,45) r(34,37)
60; d(64) r(66,50) r(6,34) a(35,50)
61; d(69) r(6,51) a(64,57) d(29) d(5) r(35,53)
62; d(64) r(66,50) r(6,34) d(29) d(5) a(35,88)
63; d(69) r(6,51) a(64,57) a(35,76)
--------------------------------------------------------------------------------
Evaluation

0; 0.
1; 0.
2; 0.
3; 0.
4; 0.
5; 0.
6; 0.
7; 0.
8; 0.
9; 0.
10; 3.
11; 0.
12; 0.
13; 0.
14; 0.
15; 0.
16; 0.
17; 0.
18; 0.
19; 0.
20; 0.
21; 0.
22; 5.
23; 0.
24; 15.
25; 0.
26; 0.
27; 15.
28; 0.
29; 0.
30; 0.
31; 0.
32; 0.
33; 0.
34; 0.
35; 0.
36; 0.
37; 0.
38; 15.
39; 0.
40; 0.
41; 15.
42; 0.
43; 0.
44; 0.
45; 0.
46; 0.
47; 0.
48; 0.
49; 0.
50; 0.
51; 0.
52; 5.
53; 0.
54; 0.
55; 0.
56; 0.
57; 0.
58; 0.
59; 15.
60; 0.
61; 4.
62; 0.
63; 0.
================================================================================
Generation 5

--------------------------------------------------------------------------------
Selection

0; 54
1; 21
2; 48
3; 47
4; 9
5; 15
6; 62
7; 6
8; 36
9; 43
10; 60
11; 1
12; 14
13; 54
14; 29
15; 44
16; 57
17; 36
18; 46
19; 14
20; 40
21; 0
22; 9
23; 20
24; 31
25; 21
26; 9
27; 53
28; 33
29; 14
30; 46
31; 0
32; 6
33; 47
34; 21
35; 15
36; 40
37; 18
38; 51
39; 11
--------------------------------------------------------------------------------
Crossover

0; 31; d(6) r(34,44) r(66,49) r(64,76) r(29,42)
1; 48; d(5) r(29,70) a(65,74) a(35,76) r(73,69)
2; 44; d(6) r(35,99) r(65,73)
3; 40; d(64) r(66,50) r(6,34) r(5,45) a(29,52)
4; 21; r(65,90) r(66,50) r(6,34) d(29) a(74,71) d(74)
5; 21; r(65,90) r(66,50) r(6,34) d(29) a(74,71) d(74)
6; 51, 43; d(69) a(74,40) r(5,45) r(73,40)
7; 51, 43; r(65,90) d(73) a(34,57) a(34,55) r(34,58)
8; 51; d(69) d(73) a(34,57) a(34,55) r(34,58)
9; 43; r(65,90) a(74,40) r(5,45) r(73,40)
10; 53; d(69) a(64,65) a(34,35)
11; 40; d(64) r(66,50) r(6,34) r(5,45) a(29,52)
12; 46, 62; d(6) r(34,51) r(64,72) r(29,43) d(5) d(29) d(5) a(35,88)
13; 46, 62; d(64) r(66,50) r(6,34)
14; 46; d(6) r(34,51) r(64,72) r(29,43) d(5)
15; 62; d(64) r(66,50) r(6,34) d(29) d(5) a(35,88)
16; 29; d(64) a(5,99) d(34) a(29,40) a(5,63)
17; 54; d(6) r(34,51) d(74) a(64,65) r(66,52)
18; 14; d(69) a(72,91) d(29) d(65) a(34,55) r(72,71)
19; 47; d(69) r(6,51) r(35,99) r(65,69)
20; 14, 0; d(69) r(72,71)
21; 14, 0; r(65,90) a(35,41) a(72,91) d(29) d(65) a(34,55) r(72,71)
22; 14; d(69) a(72,91) d(29) d(65) a(34,55) r(72,71)
23; 0; r(65,90) a(35,41) r(72,71)
24; 18; d(6) r(34,51) d(74) r(29,43) r(6,34) d(29) a(74,71) d(72)
25; 9; d(64) a(5,99) a(6,56) d(29) d(35) r(5,47)
26; 36, 36; r(67,65) r(29,70) a(74,67) d(71)
27; 36, 36; r(67,65) r(29,70) a(74,67) d(71)
28; 36; r(67,65) r(29,70) a(74,67) d(71)
29; 36; r(67,65) r(29,70) a(74,67) d(71)
30; 54; d(6) r(34,51) d(74) a(64,65) r(66,52)
31; 15; d(69) d(73) a(34,57) a(35,5)
32; 11; d(6) r(34,44) d(29) r(35,88) d(73)
33; 9; d(64) a(5,99) a(6,56) d(29) d(35) r(5,47)
34; 9, 20; d(64) a(5,99) a(6,56) d(29) d(64)
35; 9, 20; d(6) r(34,51) d(74) r(29,43) d(35) r(5,47)
36; 9; d(64) a(5,99) a(6,56) d(29) d(35) r(5,47)
37; 20; d(6) r(34,51) d(74) r(29,43) d(64)
38; 21; r(65,90) r(66,50) r(6,34) d(29) a(74,71) d(74)
39; 33; d(64) d(34) a(5,43) d(71) d(5) r(69,34) a(35,43)
40; 6, 46; d(64) d(6) d(5)
41; 6, 46; d(6) r(34,51) r(64,72) r(29,43) a(29,62) a(29,51)
42; 6; d(64) d(6) a(29,62) a(29,51)
43; 46; d(6) r(34,51) r(64,72) r(29,43) d(5)
44; 6, 60; d(64) d(6)
45; 6, 60; d(64) r(66,50) r(6,34) a(35,50) a(29,62) a(29,51)
46; 6; d(64) d(6) a(29,62) a(29,51)
47; 60; d(64) r(66,50) r(6,34) a(35,50)
48; 47; d(69) r(6,51) r(35,99) r(65,69)
49; 57; d(69) d(5) d(72) r(66,50) r(6,34) d(29) a(74,71) a(35,39)
50; 14; d(69) a(72,91) d(29) d(65) a(34,55) r(72,71)
51; 1; r(67,65) r(29,70) d(72) d(74) r(34,51) d(69) a(5,46) a(73,34)
52; 0; r(65,90) a(35,41) r(72,71)
53; 15; d(69) d(73) a(34,57) a(35,5)
--------------------------------------------------------------------------------
Mutation

0; d(6) r(34,44) r(66,49) r(64,76) r(29,42) r(5,46)
1; d(5) r(29,70) a(65,74) a(35,76) r(73,69) a(65,66)
2; d(6) r(35,99) r(65,73) r(64,76)
3; d(64) r(66,50) r(6,34) r(5,45) a(29,52) r(29,5)
4; r(65,90) r(66,50) r(6,34) d(29) a(74,71) d(74) r(69,64)
5; r(65,90) r(66,50) r(6,34) d(29) a(74,71) d(74) r(73,105)
6; d(69) a(74,40) r(5,45) r(73,40) r(74,71)
7; r(65,90) d(73) a(34,57) a(34,55) r(34,58) d(35)
8; d(69) d(73) a(34,57) a(34,55) r(34,58) d(74)
9; r(65,90) a(74,40) r(5,45) r(73,40) d(67)
10; d(69) a(64,65) a(34,35) a(64,65)
11; d(64) r(66,50) r(6,34) r(5,45) a(29,52) d(35)
12; d(6) r(34,51) r(64,72) r(29,43) d(5) d(29) d(5) a(35,88) d(35)
13; d(64) r(66,50) r(6,34) a(34,45)
14; d(6) r(34,51) r(64,72) r(29,43) d(5) d(35)
15; d(64) r(66,50) r(6,34) d(29) d(5) a(35,88) r(35,36)
16; d(64) a(5,99) d(34) a(29,40) a(5,63) r(29,104)
17; d(6) r(34,51) d(74) a(64,65) r(66,52) d(71)
18; d(69) a(72,91) d(29) d(65) a(34,55) r(72,71) r(67,49)
19; d(69) r(6,51) r(35,99) r(65,69) a(74,71)
20; d(69) r(72,71) a(5,57)
21; r(65,90) a(35,41) a(72,91) d(29) d(65) a(34,55) r(72,71) r(66,88)
22; d(69) a(72,91) d(29) d(65) a(34,55) r(72,71) r(67,62)
23; r(65,90) a(35,41) r(72,71) d(34)
24; d(6) r(34,51) d(74) r(29,43) r(6,34) d(29) a(74,71) d(72) r(35,90)
25; d(64) a(5,99) a(6,56) d(29) d(35) r(5,47)
26; r(67,65) r(29,70) a(74,67) d(71) r(72,34)
27; r(67,65) r(29,70) a(74,67) d(71) a(69,67)
28; r(67,65) r(29,70) a(74,67) d(71) a(65,50)
29; r(67,65) r(29,70) a(74,67) d(71) d(64)
30; d(6) r(34,51) d(74) a(64,65) r(66,52) a(35,88)
31; d(69) d(73) a(34,57) a(35,5) d(72)
32; d(6) r(34,44) d(29) r(35,88) d(73) a(64,62)
33; d(64) a(5,99) a(6,56) d(29) d(35) r(5,47)
34; d(64) a(5,99) a(6,56) d(29) d(64) r(5,49)
35; d(6) r(34,51) d(74) r(29,43) d(35) r(5,47) a(71,91)
36; d(64) a(5,99) a(6,56) d(29) d(35) r(5,47)
37; d(6) r(34,51) d(74) r(29,43) d(64) r(35,54)
38; r(65,90) r(66,50) r(6,34) d(29) a(74,71) d(74) a(5,53)
39; d(64) d(34) a(5,43) d(71) d(5) r(69,34) a(35,43) r(29,35)
40; d(64) d(6) d(5) a(34,49)
41; d(6) r(34,51) r(64,72) r(29,43) a(29,62) a(29,51) a(35,56)
42; d(64) d(6) a(29,62) a(29,51) r(5,45)
43; d(6) r(34,51) r(64,72) r(29,43) d(5) r(35,50)
44; d(64) d(6) d(29)
45; d(64) r(66,50) r(6,34) a(35,50) a(29,62) a(29,51) d(34)
46; d(64) d(6) a(29,62) a(29,51) r(5,58)
47; d(64) r(66,50) r(6,34) a(35,50) r(29,45)
48; d(69) r(6,51) r(35,99) r(65,69) a(67,91)
49; d(69) d(5) d(72) r(66,50) r(6,34) d(29) a(74,71) a(35,39) a(64,45)
50; d(69) a(72,91) d(29) d(65) a(34,55) r(72,71) d(35)
51; r(67,65) r(29,70) d(72) d(74) r(34,51) d(69) a(5,46) a(73,34) a(66,91)
52; r(65,90) a(35,41) r(72,71) d(6)
53; d(69) d(73) a(34,57) a(35,5) d(29)
--------------------------------------------------------------------------------
Evaluation

0; 15.
1; 0.
2; 0.
3; 0.
4; 0.
5; 0.
6; 0.
7; 0.
8; 0.
9; 0.
10; 0.
11; 0.
12; 0.
13; 0.
14; 0.
15; 0.
16; 15.
17; 0.
18; 0.
19; 0.
20; 0.
21; 0.
22; 0.
23; 0.
24; 0.
25; 0.
26; 0.
27; 0.
28; 0.
29; 0.
30; 0.
31; 0.
32; 0.
33; 0.
34; 0.
35; 15.
36; 0.
37; 0.
38; 0.
39; 0.
40; 0.
41; 0.
42; 0.
43; 0.
44; 0.
45; 0.
46; 0.
47; 0.
48; 0.
49; 0.
50; 0.
51; 0.
52; 0.
53; 0.
================================================================================
Generation 6

--------------------------------------------------------------------------------
Selection

0; 47
1; 20
2; 31
3; 9
4; 2
5; 46
6; 41
7; 21
8; 26
9; 36
10; 18
11; 4
12; 41
13; 41
14; 13
15; 51
16; 14
17; 42
18; 43
19; 41
20; 53
21; 21
22; 4
23; 32
24; 41
25; 8
26; 49
27; 50
28; 26
29; 15
30; 24
31; 31
32; 34
33; 24
34; 20
35; 17
36; 1
37; 23
38; 40
39; 6
--------------------------------------------------------------------------------
Crossover

0; 26; r(67,65) r(29,70) a(74,67) d(71) r(72,34)
1; 13; d(64) r(66,50) r(6,34) a(34,45)
2; 40; d(64) d(6) d(5) a(34,49)
3; 21; r(65,90) a(35,41) a(72,91) d(29) d(65) a(34,55) r(72,71) r(66,88)
4; 53; d(69) d(73) a(34,57) a(35,5) d(29)
5; 36; d(64) a(5,99) a(6,56) d(29) d(35) r(5,47)
6; 46; d(64) d(6) a(29,62) a(29,51) r(5,58)
7; 6; d(69) a(74,40) r(5,45) r(73,40) r(74,71)
8; 50; d(69) a(72,91) d(29) d(65) a(34,55) r(72,71) d(35)
9; 49; d(69) d(5) d(72) r(66,50) r(6,34) d(29) a(74,71) a(35,39) a(64,45)
10; 9, 23; r(65,90) a(74,40) r(72,71) d(34)
11; 9, 23; r(65,90) a(35,41) r(5,45) r(73,40) d(67)
12; 9; r(65,90) a(74,40) r(5,45) r(73,40) d(67)
13; 23; r(65,90) a(35,41) r(72,71) d(34)
14; 43, 26; d(6) r(34,51) r(64,72) r(29,43) d(5) r(35,50) r(72,34)
15; 43, 26; r(67,65) r(29,70) a(74,67) d(71)
16; 43; d(6) r(34,51) r(64,72) r(29,43) d(5) r(35,50)
17; 26; r(67,65) r(29,70) a(74,67) d(71) r(72,34)
18; 4, 47; r(65,90) r(66,50) r(6,34) r(66,50) r(6,34) a(35,50) r(29,45)
19; 4, 47; d(64) d(29) a(74,71) d(74) r(69,64)
20; 4; r(65,90) r(66,50) r(6,34) d(29) a(74,71) d(74) r(69,64)
21; 47; d(64) r(66,50) r(6,34) a(35,50) r(29,45)
22; 4; r(65,90) r(66,50) r(6,34) d(29) a(74,71) d(74) r(69,64)
23; 18; d(69) a(72,91) d(29) d(65) a(34,55) r(72,71) r(67,49)
24; 51, 41; r(67,65) r(29,70) d(72) d(74) r(34,51) r(64,72) r(29,43) a(29,62) a(29,51) a(35,56)
25; 51, 41; d(6) r(34,51) d(69) a(5,46) a(73,34) a(66,91)
26; 51; r(67,65) r(29,70) d(72) d(74) r(34,51) d(69) a(5,46) a(73,34) a(66,91)
27; 41; d(6) r(34,51) r(64,72) r(29,43) a(29,62) a(29,51) a(35,56)
28; 20; d(69) r(72,71) a(5,57)
29; 31; d(69) d(73) a(34,57) a(35,5) d(72)
30; 24; d(6) r(34,51) d(74) r(29,43) r(6,34) d(29) a(74,71) d(72) r(35,90)
31; 31; d(69) d(73) a(34,57) a(35,5) d(72)
32; 41; d(6) r(34,51) r(64,72) r(29,43) a(29,62) a(29,51) a(35,56)
33; 42; d(64) d(6) a(29,62) a(29,51) r(5,45)
34; 20; d(69) r(72,71) a(5,57)
35; 24; d(6) r(34,51) d(74) r(29,43) r(6,34) d(29) a(74,71) d(72) r(35,90)
36; 41; d(6) r(34,51) r(64,72) r(29,43) a(29,62) a(29,51) a(35,56)
37; 21; r(65,90) a(35,41) a(72,91) d(29) d(65) a(34,55) r(72,71) r(66,88)
38; 2, 15; d(6) r(35,99) r(65,73) r(64,76) r(66,50) r(6,34) d(29) d(5) a(35,88) r(35,36)
39; 2, 15; d(64)
40; 2; d(6) r(35,99) r(65,73) r(64,76)
41; 15; d(64) r(66,50) r(6,34) d(29) d(5) a(35,88) r(35,36)
42; 41, 41; d(6) r(34,51) r(64,72) r(34,51) r(64,72) r(29,43) a(29,62) a(29,51) a(35,56)
43; 41, 41; d(6) r(29,43) a(29,62) a(29,51) a(35,56)
44; 41; d(6) r(34,51) r(64,72) r(29,43) a(29,62) a(29,51) a(35,56)
45; 41; d(6) r(34,51) r(64,72) r(29,43) a(29,62) a(29,51) a(35,56)
46; 14, 17; d(6) r(34,51) r(64,72) r(29,43) d(5) d(74) a(64,65) r(66,52) d(71)
47; 14, 17; d(6) r(34,51) d(35)
48; 14; d(6) r(34,51) r(64,72) r(29,43) d(5) d(35)
49; 17; d(6) r(34,51) d(74) a(64,65) r(66,52) d(71)
50; 34, 32; d(64) a(5,99) a(6,56) d(29) a(64,62)
51; 34, 32; d(6) r(34,44) d(29) r(35,88) d(73) d(64) r(5,49)
52; 34; d(64) a(5,99) a(6,56) d(29) d(64) r(5,49)
53; 32; d(6) r(34,44) d(29) r(35,88) d(73) a(64,62)
54; 1; d(5) r(29,70) a(65,74) a(35,76) r(73,69) a(65,66)
55; 8; d(69) d(73) a(34,57) a(34,55) r(34,58) d(74)
--------------------------------------------------------------------------------
Mutation

0; r(67,65) r(29,70) a(74,67) d(71) r(72,34) r(73,38)
1; d(64) r(66,50) r(6,34) a(34,45) d(29)
2; d(64) d(6) d(5) a(34,49) r(34,63)
3; r(65,90) a(35,41) a(72,91) d(29) d(65) a(34,55) r(72,71) r(66,88) d(6)
4; d(69) d(73) a(34,57) a(35,5) d(29) d(67)
5; d(64) a(5,99) a(6,56) d(29) d(35) r(5,47)
6; d(64) d(6) a(29,62) a(29,51) r(5,58) r(35,99)
7; d(69) a(74,40) r(5,45) r(73,40) r(74,71) r(64,74)
8; d(69) a(72,91) d(29) d(65) a(34,55) r(72,71) d(35) a(67,40)
9; d(69) d(5) d(72) r(66,50) r(6,34) d(29) a(74,71) a(35,39) a(64,45) d(64)
10; r(65,90) a(74,40) r(72,71) d(34) d(66)
11; r(65,90) a(35,41) r(5,45) r(73,40) d(67) d(66)
12; r(65,90) a(74,40) r(5,45) r(73,40) d(67) d(35)
13; r(65,90) a(35,41) r(72,71) d(34) d(5)
14; d(6) r(34,51) r(64,72) r(29,43) d(5) r(35,50) r(72,34)
15; r(67,65) r(29,70) a(74,67) d(71) d(64)
16; d(6) r(34,51) r(64,72) r(29,43) d(5) r(35,50)
17; r(67,65) r(29,70) a(74,67) d(71) r(72,34) a(5,90)
18; r(65,90) r(66,50) r(6,34) r(66,50) r(6,34) a(35,50) r(29,45) a(64,56)
19; d(64) d(29) a(74,71) d(74) r(69,64) a(35,62)
20; r(65,90) r(66,50) r(6,34) d(29) a(74,71) d(74) r(69,64) r(73,49)
21; d(64) r(66,50) r(6,34) a(35,50) r(29,45) a(35,52)
22; r(65,90) r(66,50) r(6,34) d(29) a(74,71) d(74) r(69,64) d(72)
23; d(69) a(72,91) d(29) d(65) a(34,55) r(72,71) r(67,49) r(73,90)
24; r(67,65) r(29,70) d(72) d(74) r(34,51) r(64,72) r(29,43) a(29,62) a(29,51) a(35,56) d(35)
25; d(6) r(34,51) d(69) a(5,46) a(73,34) a(66,91) d(35)
26; r(67,65) r(29,70) d(72) d(74) r(34,51) d(69) a(5,46) a(73,34) a(66,91) r(66,57)
27; d(6) r(34,51) r(64,72) r(29,43) a(29,62) a(29,51) a(35,56) a(5,5)
28; d(69) r(72,71) a(5,57) a(29,55)
29; d(69) d(73) a(34,57) a(35,5) d(72) d(66)
30; d(6) r(34,51) d(74) r(29,43) r(6,34) d(29) a(74,71) d(72) r(35,90) r(64,63)
31; d(69) d(73) a(34,57) a(35,5) d(72) d(67)
32; d(6) r(34,51) r(64,72) r(29,43) a(29,62) a(29,51) a(35,56) a(5,90)
33; d(64) d(6) a(29,62) a(29,51) r(5,45) a(29,51)
34; d(69) r(72,71) a(5,57) d(64)
35; d(6) r(34,51) d(74) r(29,43) r(6,34) d(29) a(74,71) d(72) r(35,90) d(65)
36; d(6) r(34,51) r(64,72) r(29,43) a(29,62) a(29,51) a(35,56) a(35,43)
37; r(65,90) a(35,41) a(72,91) d(29) d(65) a(34,55) r(72,71) r(66,88) a(5,71)
38; d(6) r(35,99) r(65,73) r(64,76) r(66,50) r(6,34) d(29) d(5) a(35,88) r(35,36)
39; d(64) a(34,38)
40; d(6) r(35,99) r(65,73) r(64,76) r(5,54)
41; d(64) r(66,50) r(6,34) d(29) d(5) a(35,88) r(35,36)
42; d(6) r(34,51) r(64,72) r(34,51) r(64,72) r(29,43) a(29,62) a(29,51) a(35,56) r(5,45)
43; d(6) r(29,43) a(29,62) a(29,51) a(35,56) r(65,63)
44; d(6) r(34,51) r(64,72) r(29,43) a(29,62) a(29,51) a(35,56) d(5)
45; d(6) r(34,51) r(64,72) r(29,43) a(29,62) a(29,51) a(35,56) a(35,70)
46; d(6) r(34,51) r(64,72) r(29,43) d(5) d(74) a(64,65) r(66,52) d(71) a(35,39)
47; d(6) r(34,51) d(35) a(65,66)
48; d(6) r(34,51) r(64,72) r(29,43) d(5) d(35)
49; d(6) r(34,51) d(74) a(64,65) r(66,52) d(71) d(73)
50; d(64) a(5,99) a(6,56) d(29) a(64,62) a(5,39)
51; d(6) r(34,44) d(29) r(35,88) d(73) d(64) r(5,49)
52; d(64) a(5,99) a(6,56) d(29) d(64) r(5,49) a(35,71)
53; d(6) r(34,44) d(29) r(35,88) d(73) a(64,62) a(5,37)
54; d(5) r(29,70) a(65,74) a(35,76) r(73,69) a(65,66) a(74,64)
55; d(69) d(73) a(34,57) a(34,55) r(34,58) d(74) r(5,37)
--------------------------------------------------------------------------------
Evaluation

0; 0.
1; 0.
2; 0.
3; 0.
4; 0.
5; 0.
6; 0.
7; 0.
8; 0.
9; 0.
10; 0.
11; 0.
12; 0.
13; 0.
14; 0.
15; 0.
16; 0.
17; 0.
18; 0.
19; 0.
20; 0.
21; 0.
22; 0.
23; 0.
24; 0.
25; 0.
26; 0.
27; 0.
28; 0.
29; 0.
30; 0.
31; 0.
32; 0.
33; 0.
34; 0.
35; 0.
36; 0.
37; 0.
38; 0.
39; 0.
40; 15.
41; 0.
42; 15.
43; 0.
44; 15.
45; 0.
46; 0.
47; 0.
48; 0.
49; 0.
50; 0.
51; 0.
52; 0.
53; 0.
54; 0.
55; 15.
================================================================================
Generation 7

--------------------------------------------------------------------------------
Selection

0; 26
1; 35
2; 3
3; 14
4; 5
5; 53
6; 1
7; 14
8; 32
9; 26
10; 35
11; 38
12; 0
13; 7
14; 25
15; 46
16; 52
17; 26
18; 18
19; 11
20; 53
21; 28
22; 25
23; 13
24; 38
25; 32
26; 34
27; 36
28; 16
29; 32
30; 33
31; 2
32; 18
33; 36
34; 23
35; 49
36; 25
37; 18
38; 15
39; 41
--------------------------------------------------------------------------------
Crossover

0; 46; d(6) r(34,51) r(64,72) r(29,43) d(5) d(74) a(64,65) r(66,52) d(71) a(35,39)
1; 32; d(6) r(34,51) r(64,72) r(29,43) a(29,62) a(29,51) a(35,56) a(5,90)
2; 36; d(6) r(34,51) r(64,72) r(29,43) a(29,62) a(29,51) a(35,56) a(35,43)
3; 18; r(65,90) r(66,50) r(6,34) r(66,50) r(6,34) a(35,50) r(29,45) a(64,56)
4; 18; r(65,90) r(66,50) r(6,34) r(66,50) r(6,34) a(35,50) r(29,45) a(64,56)
5; 32; d(6) r(34,51) r(64,72) r(29,43) a(29,62) a(29,51) a(35,56) a(5,90)
6; 41; d(64) r(66,50) r(6,34) d(29) d(5) a(35,88) r(35,36)
7; 11; r(65,90) a(35,41) r(5,45) r(73,40) d(67) d(66)
8; 26, 38; r(67,65) r(29,70) d(72) r(35,99) r(65,73) r(64,76) r(66,50) r(6,34) d(29) d(5) a(35,88) r(35,36)
9; 26, 38; d(6) d(74) r(34,51) d(69) a(5,46) a(73,34) a(66,91) r(66,57)
10; 26; r(67,65) r(29,70) d(72) d(74) r(34,51) d(69) a(5,46) a(73,34) a(66,91) r(66,57)
11; 38; d(6) r(35,99) r(65,73) r(64,76) r(66,50) r(6,34) d(29) d(5) a(35,88) r(35,36)
12; 35; d(6) r(34,51) d(74) r(29,43) r(6,34) d(29) a(74,71) d(72) r(35,90) d(65)
13; 25; d(6) r(34,51) d(69) a(5,46) a(73,34) a(66,91) d(35)
14; 14, 14; d(6) r(34,51) r(64,72) r(29,43) d(5) r(35,50) r(72,34) d(5) r(35,50) r(72,34)
15; 14, 14; d(6) r(34,51) r(64,72) r(29,43)
16; 14; d(6) r(34,51) r(64,72) r(29,43) d(5) r(35,50) r(72,34)
17; 14; d(6) r(34,51) r(64,72) r(29,43) d(5) r(35,50) r(72,34)
18; 26, 52; r(67,65) r(29,70) d(72) a(35,71)
19; 26, 52; d(64) a(5,99) a(6,56) d(29) d(64) r(5,49) d(74) r(34,51) d(69) a(5,46) a(73,34) a(66,91) r(66,57)
20; 26; r(67,65) r(29,70) d(72) d(74) r(34,51) d(69) a(5,46) a(73,34) a(66,91) r(66,57)
21; 52; d(64) a(5,99) a(6,56) d(29) d(64) r(5,49) a(35,71)
22; 25; d(6) r(34,51) d(69) a(5,46) a(73,34) a(66,91) d(35)
23; 16; d(6) r(34,51) r(64,72) r(29,43) d(5) r(35,50)
24; 49, 33; d(6) r(34,51) d(6) a(29,62) a(29,51) r(5,45) a(29,51)
25; 49, 33; d(64) d(74) a(64,65) r(66,52) d(71) d(73)
26; 49; d(6) r(34,51) d(74) a(64,65) r(66,52) d(71) d(73)
27; 33; d(64) d(6) a(29,62) a(29,51) r(5,45) a(29,51)
28; 25; d(6) r(34,51) d(69) a(5,46) a(73,34) a(66,91) d(35)
29; 5; d(64) a(5,99) a(6,56) d(29) d(35) r(5,47)
30; 2; d(64) d(6) d(5) a(34,49) r(34,63)
31; 18; r(65,90) r(66,50) r(6,34) r(66,50) r(6,34) a(35,50) r(29,45) a(64,56)
32; 7; d(69) a(74,40) r(5,45) r(73,40) r(74,71) r(64,74)
33; 0; r(67,65) r(29,70) a(74,67) d(71) r(72,34) r(73,38)
34; 53, 26; d(6) r(66,57)
35; 53, 26; r(67,65) r(29,70) d(72) d(74) r(34,51) d(69) a(5,46) a(73,34) a(66,91) r(34,44) d(29) r(35,88) d(73) a(64,62) a(5,37)
36; 53; d(6) r(34,44) d(29) r(35,88) d(73) a(64,62) a(5,37)
37; 26; r(67,65) r(29,70) d(72) d(74) r(34,51) d(69) a(5,46) a(73,34) a(66,91) r(66,57)
38; 23, 28; d(69) a(72,91) d(29) d(65) a(34,55) r(72,71) a(5,57) a(29,55)
39; 23, 28; d(69) r(72,71) r(67,49) r(73,90)
40; 23; d(69) a(72,91) d(29) d(65) a(34,55) r(72,71) r(67,49) r(73,90)
41; 28; d(69) r(72,71) a(5,57) a(29,55)
42; 34, 1; d(69) r(72,71) a(34,45) d(29)
43; 34, 1; d(64) r(66,50) r(6,34) a(5,57) d(64)
44; 34; d(69) r(72,71) a(5,57) d(64)
45; 1; d(64) r(66,50) r(6,34) a(34,45) d(29)
46; 53, 36; d(6) r(34,44) r(64,72) r(29,43) a(29,62) a(29,51) a(35,56) a(35,43)
47; 53, 36; d(6) r(34,51) d(29) r(35,88) d(73) a(64,62) a(5,37)
48; 53; d(6) r(34,44) d(29) r(35,88) d(73) a(64,62) a(5,37)
49; 36; d(6) r(34,51) r(64,72) r(29,43) a(29,62) a(29,51) a(35,56) a(35,43)
50; 15, 32; r(67,65) r(29,70) a(74,67) d(71) r(29,43) a(29,62) a(29,51) a(35,56) a(5,90)
51; 15, 32; d(6) r(34,51) r(64,72) d(64)
52; 15; r(67,65) r(29,70) a(74,67) d(71) d(64)
53; 32; d(6) r(34,51) r(64,72) r(29,43) a(29,62) a(29,51) a(35,56) a(5,90)
54; 38; d(6) r(35,99) r(65,73) r(64,76) r(66,50) r(6,34) d(29) d(5) a(35,88) r(35,36)
55; 35; d(6) r(34,51) d(74) r(29,43) r(6,34) d(29) a(74,71) d(72) r(35,90) d(65)
56; 3; r(65,90) a(35,41) a(72,91) d(29) d(65) a(34,55) r(72,71) r(66,88) d(6)
57; 13; r(65,90) a(35,41) r(72,71) d(34) d(5)
--------------------------------------------------------------------------------
Mutation

0; d(6) r(34,51) r(64,72) r(29,43) d(5) d(74) a(64,65) r(66,52) d(71) a(35,39) d(35)
1; d(6) r(34,51) r(64,72) r(29,43) a(29,62) a(29,51) a(35,56) a(5,90) d(35)
2; d(6) r(34,51) r(64,72) r(29,43) a(29,62) a(29,51) a(35,56) a(35,43) r(5,49)
3; r(65,90) r(66,50) r(6,34) r(66,50) r(6,34) a(35,50) r(29,45) a(64,56) a(5,35)
4; r(65,90) r(66,50) r(6,34) r(66,50) r(6,34) a(35,50) r(29,45) a(64,56) a(69,50)
5; d(6) r(34,51) r(64,72) r(29,43) a(29,62) a(29,51) a(35,56) a(5,90) a(5,91)
6; d(64) r(66,50) r(6,34) d(29) d(5) a(35,88) r(35,36)
7; r(65,90) a(35,41) r(5,45) r(73,40) d(67) d(66) a(72,75)
8; r(67,65) r(29,70) d(72) r(35,99) r(65,73) r(64,76) r(66,50) r(6,34) d(29) d(5) a(35,88) r(35,36)
9; d(6) d(74) r(34,51) d(69) a(5,46) a(73,34) a(66,91) r(66,57) a(65,63)
10; r(67,65) r(29,70) d(72) d(74) r(34,51) d(69) a(5,46) a(73,34) a(66,91) r(66,57) a(65,90)
11; d(6) r(35,99) r(65,73) r(64,76) r(66,50) r(6,34) d(29) d(5) a(35,88) r(35,36)
12; d(6) r(34,51) d(74) r(29,43) r(6,34) d(29) a(74,71) d(72) r(35,90) d(65) r(64,37)
13; d(6) r(34,51) d(69) a(5,46) a(73,34) a(66,91) d(35) a(64,43)
14; d(6) r(34,51) r(64,72) r(29,43) d(5) r(35,50) r(72,34) d(5) r(35,50) r(72,34)
15; d(6) r(34,51) r(64,72) r(29,43) d(5)
16; d(6) r(34,51) r(64,72) r(29,43) d(5) r(35,50) r(72,34)
17; d(6) r(34,51) r(64,72) r(29,43) d(5) r(35,50) r(72,34)
18; r(67,65) r(29,70) d(72) a(35,71) d(66)
19; d(64) a(5,99) a(6,56) d(29) d(64) r(5,49) d(74) r(34,51) d(69) a(5,46) a(73,34) a(66,91) r(66,57) a(35,41)
20; r(67,65) r(29,70) d(72) d(74) r(34,51) d(69) a(5,46) a(73,34) a(66,91) r(66,57) r(6,29)
21; d(64) a(5,99) a(6,56) d(29) d(64) r(5,49) a(35,71) a(35,39)
22; d(6) r(34,51) d(69) a(5,46) a(73,34) a(66,91) d(35) r(67,56)
23; d(6) r(34,51) r(64,72) r(29,43) d(5) r(35,50)
24; d(6) r(34,51) d(6) a(29,62) a(29,51) r(5,45) a(29,51) d(73)
25; d(64) d(74) a(64,65) r(66,52) d(71) d(73) r(29,88)
26; d(6) r(34,51) d(74) a(64,65) r(66,52) d(71) d(73) r(35,5)
27; d(64) d(6) a(29,62) a(29,51) r(5,45) a(29,51) d(34)
28; d(6) r(34,51) d(69) a(5,46) a(73,34) a(66,91) d(35) r(65,44)
29; d(64) a(5,99) a(6,56) d(29) d(35) r(5,47)
30; d(64) d(6) d(5) a(34,49) r(34,63) d(29)
31; r(65,90) r(66,50) r(6,34) r(66,50) r(6,34) a(35,50) r(29,45) a(64,56) d(5)
32; d(69) a(74,40) r(5,45) r(73,40) r(74,71) r(64,74) r(35,52)
33; r(67,65) r(29,70) a(74,67) d(71) r(72,34) r(73,38) a(64,45)
34; d(6) r(66,57) r(72,70)
35; r(67,65) r(29,70) d(72) d(74) r(34,51) d(69) a(5,46) a(73,34) a(66,91) r(34,44) d(29) r(35,88) d(73) a(64,62) a(5,37) d(65)
36; d(6) r(34,44) d(29) r(35,88) d(73) a(64,62) a(5,37) d(67)
37; r(67,65) r(29,70) d(72) d(74) r(34,51) d(69) a(5,46) a(73,34) a(66,91) r(66,57) d(6)
38; d(69) a(72,91) d(29) d(65) a(34,55) r(72,71) a(5,57) a(29,55) a(6,38)
39; d(69) r(72,71) r(67,49) r(73,90) a(34,35)
40; d(69) a(72,91) d(29) d(65) a(34,55) r(72,71) r(67,49) r(73,90) a(6,38)
41; d(69) r(72,71) a(5,57) a(29,55) d(74)
42; d(69) r(72,71) a(34,45) d(29) r(64,74)
43; d(64) r(66,50) r(6,34) a(5,57) d(64) d(29)
44; d(69) r(72,71) a(5,57) d(64) d(29)
45; d(64) r(66,50) r(6,34) a(34,45) d(29) d(35)
46; d(6) r(34,44) r(64,72) r(29,43) a(29,62) a(29,51) a(35,56) a(35,43) r(5,51)
47; d(6) r(34,51) d(29) r(35,88) d(73) a(64,62) a(5,37) d(66)
48; d(6) r(34,44) d(29) r(35,88) d(73) a(64,62) a(5,37) r(65,90)
49; d(6) r(34,51) r(64,72) r(29,43) a(29,62) a(29,51) a(35,56) a(35,43) d(35)
50; r(67,65) r(29,70) a(74,67) d(71) r(29,43) a(29,62) a(29,51) a(35,56) a(5,90) a(72,74)
51; d(6) r(34,51) r(64,72) d(64) a(5,36)
52; r(67,65) r(29,70) a(74,67) d(71) d(64) a(6,59)
53; d(6) r(34,51) r(64,72) r(29,43) a(29,62) a(29,51) a(35,56) a(5,90) r(5,55)
54; d(6) r(35,99) r(65,73) r(64,76) r(66,50) r(6,34) d(29) d(5) a(35,88) r(35,36)
55; d(6) r(34,51) d(74) r(29,43) r(6,34) d(29) a(74,71) d(72) r(35,90) d(65) a(67,105)
56; r(65,90) a(35,41) a(72,91) d(29) d(65) a(34,55) r(72,71) r(66,88) d(6) d(64)
57; r(65,90) a(35,41) r(72,71) d(34) d(5) a(74,52)
--------------------------------------------------------------------------------
Evaluation

0; 0.
1; 0.
2; 15.
3; 0.
4; 0.
5; 0.
6; 0.
7; 0.
8; 0.
9; 0.
10; 0.
11; 0.
12; 0.
13; 0.
14; 0.
15; 0.
16; 0.
17; 0.
18; 0.
19; 0.
20; 0.
21; 0.
22; 0.
23; 0.
24; 15.
25; 0.
26; 0.
27; 0.
28; 0.
29; 0.
30; 0.
31; 0.
32; 0.
33; 0.
34; 0.
35; 15.
36; 0.
37; 0.
38; 0.
39; 0.
40; 0.
41; 0.
42; 0.
43; 0.
44; 0.
45; 0.
46; 0.
47; 0.
48; 0.
49; 0.
50; 0.
51; 0.
52; 0.
53; 15.
54; 0.
55; 0.
56; 0.
57; 0.
================================================================================
Generation 8

--------------------------------------------------------------------------------
Selection

0; 0
1; 5
2; 11
3; 41
4; 1
5; 10
6; 3
7; 3
8; 3
9; 3
10; 46
11; 16
12; 5
13; 39
14; 18
15; 41
16; 3
17; 25
18; 51
19; 42
20; 9
21; 19
22; 40
23; 20
24; 26
25; 41
26; 19
27; 23
28; 7
29; 21
30; 37
31; 1
32; 28
33; 54
34; 16
35; 52
36; 9
37; 16
38; 16
39; 32
--------------------------------------------------------------------------------
Crossover

0; 46; d(6) r(34,44) r(64,72) r(29,43) a(29,62) a(29,51) a(35,56) a(35,43) r(5,51)
1; 18; r(67,65) r(29,70) d(72) a(35,71) d(66)
2; 3, 1; r(65,90) r(66,50) r(6,34) r(66,50) r(6,34) a(35,50) a(35,56) a(5,90) d(35)
3; 3, 1; d(6) r(34,51) r(64,72) r(29,43) a(29,62) a(29,51) r(29,45) a(64,56) a(5,35)
4; 3; r(65,90) r(66,50) r(6,34) r(66,50) r(6,34) a(35,50) r(29,45) a(64,56) a(5,35)
5; 1; d(6) r(34,51) r(64,72) r(29,43) a(29,62) a(29,51) a(35,56) a(5,90) d(35)
6; 10; r(67,65) r(29,70) d(72) d(74) r(34,51) d(69) a(5,46) a(73,34) a(66,91) r(66,57) a(65,90)
7; 39; d(69) r(72,71) r(67,49) r(73,90) a(34,35)
8; 51, 3; d(6) r(6,34) a(35,50) r(29,45) a(64,56) a(5,35)
9; 51, 3; r(65,90) r(66,50) r(6,34) r(66,50) r(34,51) r(64,72) d(64) a(5,36)
10; 51; d(6) r(34,51) r(64,72) d(64) a(5,36)
11; 3; r(65,90) r(66,50) r(6,34) r(66,50) r(6,34) a(35,50) r(29,45) a(64,56) a(5,35)
12; 3; r(65,90) r(66,50) r(6,34) r(66,50) r(6,34) a(35,50) r(29,45) a(64,56) a(5,35)
13; 5; d(6) r(34,51) r(64,72) r(29,43) a(29,62) a(29,51) a(35,56) a(5,90) a(5,91)
14; 54, 28; d(6) r(35,99) r(65,73) a(66,91) d(35) r(65,44)
15; 54, 28; d(6) r(34,51) d(69) a(5,46) a(73,34) r(64,76) r(66,50) r(6,34) d(29) d(5) a(35,88) r(35,36)
16; 54; d(6) r(35,99) r(65,73) r(64,76) r(66,50) r(6,34) d(29) d(5) a(35,88) r(35,36)
17; 28; d(6) r(34,51) d(69) a(5,46) a(73,34) a(66,91) d(35) r(65,44)
18; 41, 52; d(69) r(72,71) a(5,57) a(29,55) d(64) a(6,59)
19; 41, 52; r(67,65) r(29,70) a(74,67) d(71) d(74)
20; 41; d(69) r(72,71) a(5,57) a(29,55) d(74)
21; 52; r(67,65) r(29,70) a(74,67) d(71) d(64) a(6,59)
22; 20; r(67,65) r(29,70) d(72) d(74) r(34,51) d(69) a(5,46) a(73,34) a(66,91) r(66,57) r(6,29)
23; 1; d(6) r(34,51) r(64,72) r(29,43) a(29,62) a(29,51) a(35,56) a(5,90) d(35)
24; 41, 5; d(69) r(72,71) a(5,57) a(29,55) r(29,43) a(29,62) a(29,51) a(35,56) a(5,90) a(5,91)
25; 41, 5; d(6) r(34,51) r(64,72) d(74)
26; 41; d(69) r(72,71) a(5,57) a(29,55) d(74)
27; 5; d(6) r(34,51) r(64,72) r(29,43) a(29,62) a(29,51) a(35,56) a(5,90) a(5,91)
28; 23; d(6) r(34,51) r(64,72) r(29,43) d(5) r(35,50)
29; 7; r(65,90) a(35,41) r(5,45) r(73,40) d(67) d(66) a(72,75)
30; 40, 26; d(69) a(72,91) d(29) d(65) a(34,55) r(72,71) r(67,49) d(73) r(35,5)
31; 40, 26; d(6) r(34,51) d(74) a(64,65) r(66,52) d(71) r(73,90) a(6,38)
32; 40; d(69) a(72,91) d(29) d(65) a(34,55) r(72,71) r(67,49) r(73,90) a(6,38)
33; 26; d(6) r(34,51) d(74) a(64,65) r(66,52) d(71) d(73) r(35,5)
34; 3, 19; r(65,90) r(66,50) d(69) a(5,46) a(73,34) a(66,91) r(66,57) a(35,41)
35; 3, 19; d(64) a(5,99) a(6,56) d(29) d(64) r(5,49) d(74) r(34,51) r(6,34) r(66,50) r(6,34) a(35,50) r(29,45) a(64,56) a(5,35)
36; 3; r(65,90) r(66,50) r(6,34) r(66,50) r(6,34) a(35,50) r(29,45) a(64,56) a(5,35)
37; 19; d(64) a(5,99) a(6,56) d(29) d(64) r(5,49) d(74) r(34,51) d(69) a(5,46) a(73,34) a(66,91) r(66,57) a(35,41)
38; 21; d(64) a(5,99) a(6,56) d(29) d(64) r(5,49) a(35,71) a(35,39)
39; 11; d(6) r(35,99) r(65,73) r(64,76) r(66,50) r(6,34) d(29) d(5) a(35,88) r(35,36)
40; 3, 37; r(65,90) r(66,50) d(69) a(5,46) a(73,34) a(66,91) r(66,57) d(6)
41; 3, 37; r(67,65) r(29,70) d(72) d(74) r(34,51) r(6,34) r(66,50) r(6,34) a(35,50) r(29,45) a(64,56) a(5,35)
42; 3; r(65,90) r(66,50) r(6,34) r(66,50) r(6,34) a(35,50) r(29,45) a(64,56) a(5,35)
43; 37; r(67,65) r(29,70) d(72) d(74) r(34,51) d(69) a(5,46) a(73,34) a(66,91) r(66,57) d(6)
44; 16, 0; d(6) r(29,43) d(5) d(74) a(64,65) r(66,52) d(71) a(35,39) d(35)
45; 16, 0; d(6) r(34,51) r(64,72) r(34,51) r(64,72) r(29,43) d(5) r(35,50) r(72,34)
46; 16; d(6) r(34,51) r(64,72) r(29,43) d(5) r(35,50) r(72,34)
47; 0; d(6) r(34,51) r(64,72) r(29,43) d(5) d(74) a(64,65) r(66,52) d(71) a(35,39) d(35)
48; 16, 32; d(6) r(34,51) r(64,72) r(29,43) d(5) r(35,50) r(72,34) r(35,52)
49; 16, 32; d(69) a(74,40) r(5,45) r(73,40) r(74,71) r(64,74)
50; 16; d(6) r(34,51) r(64,72) r(29,43) d(5) r(35,50) r(72,34)
51; 32; d(69) a(74,40) r(5,45) r(73,40) r(74,71) r(64,74) r(35,52)
52; 19, 42; d(64) a(5,99) a(6,56) d(29) d(64) r(5,49) d(74) d(29) r(64,74)
53; 19, 42; d(69) r(72,71) a(34,45) r(34,51) d(69) a(5,46) a(73,34) a(66,91) r(66,57) a(35,41)
54; 19; d(64) a(5,99) a(6,56) d(29) d(64) r(5,49) d(74) r(34,51) d(69) a(5,46) a(73,34) a(66,91) r(66,57) a(35,41)
55; 42; d(69) r(72,71) a(34,45) d(29) r(64,74)
56; 16; d(6) r(34,51) r(64,72) r(29,43) d(5) r(35,50) r(72,34)
57; 9; d(6) d(74) r(34,51) d(69) a(5,46) a(73,34) a(66,91) r(66,57) a(65,63)
58; 41; d(69) r(72,71) a(5,57) a(29,55) d(74)
59; 16; d(6) r(34,51) r(64,72) r(29,43) d(5) r(35,50) r(72,34)
60; 9, 25; d(6) d(74) r(34,51) d(69)
61; 9, 25; d(64) d(74) a(64,65) r(66,52) d(71) d(73) r(29,88) a(5,46) a(73,34) a(66,91) r(66,57) a(65,63)
62; 9; d(6) d(74) r(34,51) d(69) a(5,46) a(73,34) a(66,91) r(66,57) a(65,63)
63; 25; d(64) d(74) a(64,65) r(66,52) d(71) d(73) r(29,88)
--------------------------------------------------------------------------------
Mutation

0; d(6) r(34,44) r(64,72) r(29,43) a(29,62) a(29,51) a(35,56) a(35,43) r(5,51) r(35,49)
1; r(67,65) r(29,70) d(72) a(35,71) d(66) d(74)
2; r(65,90) r(66,50) r(6,34) r(66,50) r(6,34) a(35,50) a(35,56) a(5,90) d(35) d(71)
3; d(6) r(34,51) r(64,72) r(29,43) a(29,62) a(29,51) r(29,45) a(64,56) a(5,35) r(35,88)
4; r(65,90) r(66,50) r(6,34) r(66,50) r(6,34) a(35,50) r(29,45) a(64,56) a(5,35) d(73)
5; d(6) r(34,51) r(64,72) r(29,43) a(29,62) a(29,51) a(35,56) a(5,90) d(35) a(5,36)
6; r(67,65) r(29,70) d(72) d(74) r(34,51) d(69) a(5,46) a(73,34) a(66,91) r(66,57) a(65,90) d(73)
7; d(69) r(72,71) r(67,49) r(73,90) a(34,35) a(6,88)
8; d(6) r(6,34) a(35,50) r(29,45) a(64,56) a(5,35) r(5,29)
9; r(65,90) r(66,50) r(6,34) r(66,50) r(34,51) r(64,72) d(64) a(5,36) a(35,34)
10; d(6) r(34,51) r(64,72) d(64) a(5,36) r(29,35)
11; r(65,90) r(66,50) r(6,34) r(66,50) r(6,34) a(35,50) r(29,45) a(64,56) a(5,35) a(71,72)
12; r(65,90) r(66,50) r(6,34) r(66,50) r(6,34) a(35,50) r(29,45) a(64,56) a(5,35) a(72,76)
13; d(6) r(34,51) r(64,72) r(29,43) a(29,62) a(29,51) a(35,56) a(5,90) a(5,91) d(5)
14; d(6) r(35,99) r(65,73) a(66,91) d(35) r(65,44) d(73)
15; d(6) r(34,51) d(69) a(5,46) a(73,34) r(64,76) r(66,50) r(6,34) d(29) d(5) a(35,88) r(35,36)
16; d(6) r(35,99) r(65,73) r(64,76) r(66,50) r(6,34) d(29) d(5) a(35,88) r(35,36)
17; d(6) r(34,51) d(69) a(5,46) a(73,34) a(66,91) d(35) r(65,44) a(74,76)
18; d(69) r(72,71) a(5,57) a(29,55) d(64) a(6,59) a(35,51)
19; r(67,65) r(29,70) a(74,67) d(71) d(74) r(72,66)
20; d(69) r(72,71) a(5,57) a(29,55) d(74) r(73,67)
21; r(67,65) r(29,70) a(74,67) d(71) d(64) a(6,59) r(5,43)
22; r(67,65) r(29,70) d(72) d(74) r(34,51) d(69) a(5,46) a(73,34) a(66,91) r(66,57) r(6,29) d(35)
23; d(6) r(34,51) r(64,72) r(29,43) a(29,62) a(29,51) a(35,56) a(5,90) d(35) d(5)
24; d(69) r(72,71) a(5,57) a(29,55) r(29,43) a(29,62) a(29,51) a(35,56) a(5,90) a(5,91) d(65)
25; d(6) r(34,51) r(64,72) d(74) r(29,90)
26; d(69) r(72,71) a(5,57) a(29,55) d(74) r(29,35)
27; d(6) r(34,51) r(64,72) r(29,43) a(29,62) a(29,51) a(35,56) a(5,90) a(5,91) d(35)
28; d(6) r(34,51) r(64,72) r(29,43) d(5) r(35,50)
29; r(65,90) a(35,41) r(5,45) r(73,40) d(67) d(66) a(72,75) a(72,99)
30; d(69) a(72,91) d(29) d(65) a(34,55) r(72,71) r(67,49) d(73) r(35,5) a(5,54)
31; d(6) r(34,51) d(74) a(64,65) r(66,52) d(71) r(73,90) a(6,38) a(35,62)
32; d(69) a(72,91) d(29) d(65) a(34,55) r(72,71) r(67,49) r(73,90) a(6,38) a(5,55)
33; d(6) r(34,51) d(74) a(64,65) r(66,52) d(71) d(73) r(35,5) d(5)
34; r(65,90) r(66,50) d(69) a(5,46) a(73,34) a(66,91) r(66,57) a(35,41) d(64)
35; d(64) a(5,99) a(6,56) d(29) d(64) r(5,49) d(74) r(34,51) r(6,34) r(66,50) r(6,34) a(35,50) r(29,45) a(64,56) a(5,35) a(35,99)
36; r(65,90) r(66,50) r(6,34) r(66,50) r(6,34) a(35,50) r(29,45) a(64,56) a(5,35) d(5)
37; d(64) a(5,99) a(6,56) d(29) d(64) r(5,49) d(74) r(34,51) d(69) a(5,46) a(73,34) a(66,91) r(66,57) a(35,41) r(35,51)
38; d(64) a(5,99) a(6,56) d(29) d(64) r(5,49) a(35,71) a(35,39) a(35,67)
39; d(6) r(35,99) r(65,73) r(64,76) r(66,50) r(6,34) d(29) d(5) a(35,88) r(35,36)
40; r(65,90) r(66,50) d(69) a(5,46) a(73,34) a(66,91) r(66,57) d(6) d(74)
41; r(67,65) r(29,70) d(72) d(74) r(34,51) r(6,34) r(66,50) r(6,34) a(35,50) r(29,45) a(64,56) a(5,35) d(35)
42; r(65,90) r(66,50) r(6,34) r(66,50) r(6,34) a(35,50) r(29,45) a(64,56) a(5,35) r(74,105)
43; r(67,65) r(29,70) d(72) d(74) r(34,51) d(69) a(5,46) a(73,34) a(66,91) r(66,57) d(6) a(35,41)
44; d(6) r(29,43) d(5) d(74) a(64,65) r(66,52) d(71) a(35,39) d(35) a(72,40)
45; d(6) r(34,51) r(64,72) r(34,51) r(64,72) r(29,43) d(5) r(35,50) r(72,34)
46; d(6) r(34,51) r(64,72) r(29,43) d(5) r(35,50) r(72,34)
47; d(6) r(34,51) r(64,72) r(29,43) d(5) d(74) a(64,65) r(66,52) d(71) a(35,39) d(35)
48; d(6) r(34,51) r(64,72) r(29,43) d(5) r(35,50) r(72,34) r(35,52)
49; d(69) a(74,40) r(5,45) r(73,40) r(74,71) r(64,74) a(29,54)
50; d(6) r(34,51) r(64,72) r(29,43) d(5) r(35,50) r(72,34)
51; d(69) a(74,40) r(5,45) r(73,40) r(74,71) r(64,74) r(35,52) a(34,70)
52; d(64) a(5,99) a(6,56) d(29) d(64) r(5,49) d(74) d(29) r(64,74) a(35,104)
53; d(69) r(72,71) a(34,45) r(34,51) d(69) a(5,46) a(73,34) a(66,91) r(66,57) a(35,41) d(73)
54; d(64) a(5,99) a(6,56) d(29) d(64) r(5,49) d(74) r(34,51) d(69) a(5,46) a(73,34) a(66,91) r(66,57) a(35,41) r(35,70)
55; d(69) r(72,71) a(34,45) d(29) r(64,74) r(5,55)
56; d(6) r(34,51) r(64,72) r(29,43) d(5) r(35,50) r(72,34)
57; d(6) d(74) r(34,51) d(69) a(5,46) a(73,34) a(66,91) r(66,57) a(65,63) a(72,90)
58; d(69) r(72,71) a(5,57) a(29,55) d(74) r(6,5)
59; d(6) r(34,51) r(64,72) r(29,43) d(5) r(35,50) r(72,34)
60; d(6) d(74) r(34,51) d(69) d(29)
61; d(64) d(74) a(64,65) r(66,52) d(71) d(73) r(29,88) a(5,46) a(73,34) a(66,91) r(66,57) a(65,63) a(5,5)
62; d(6) d(74) r(34,51) d(69) a(5,46) a(73,34) a(66,91) r(66,57) a(65,63) a(5,71)
63; d(64) d(74) a(64,65) r(66,52) d(71) d(73) r(29,88) a(35,62)
--------------------------------------------------------------------------------
Evaluation

0; 0.
1; 0.
2; 0.
3; 0.
4; 0.
5; 0.
6; 0.
7; 0.
8; 5.
9; 0.
10; 0.
11; 0.
12; 0.
13; 15.
14; 0.
15; 15.
16; 0.
17; 0.
18; 0.
19; 0.
20; 0.
21; 0.
22; 0.
23; 15.
24; 15.
25; 0.
26; 0.
27; 0.
28; 0.
29; 0.
30; 15.
31; 0.
32; 0.
33; 15.
34; 0.
35; 0.
36; 0.
37; 0.
38; 0.
39; 0.
40; 0.
41; 0.
42; 0.
43; 0.
44; 15.
45; 0.
46; 0.
47; 0.
48; 0.
49; 0.
50; 0.
51; 0.
52; 15.
53; 0.
54; 0.
55; 0.
56; 0.
57; 0.
58; 0.
59; 0.
60; 0.
61; 0.
62; 0.
63; 0.
================================================================================
Generation 9

--------------------------------------------------------------------------------
Selection

0; 46
1; 58
2; 59
3; 27
4; 1
5; 47
6; 21
7; 60
8; 34
9; 49
10; 21
11; 48
12; 27
13; 2
14; 62
15; 4
16; 29
17; 22
18; 51
19; 16
20; 36
21; 25
22; 58
23; 45
24; 36
25; 53
26; 63
27; 25
28; 41
29; 8
30; 56
31; 55
32; 53
33; 53
34; 6
35; 43
36; 56
37; 3
38; 23
39; 54
--------------------------------------------------------------------------------
Crossover

0; 45; d(6) r(34,51) r(64,72) r(34,51) r(64,72) r(29,43) d(5) r(35,50) r(72,34)
1; 53; d(69) r(72,71) a(34,45) r(34,51) d(69) a(5,46) a(73,34) a(66,91) r(66,57) a(35,41) d(73)
2; 59; d(6) r(34,51) r(64,72) r(29,43) d(5) r(35,50) r(72,34)
3; 2; r(65,90) r(66,50) r(6,34) r(66,50) r(6,34) a(35,50) a(35,56) a(5,90) d(35) d(71)
4; 41, 56; r(67,65) r(29,70) r(34,51) r(64,72) r(29,43) d(5) r(35,50) r(72,34)
5; 41, 56; d(6) d(72) d(74) r(34,51) r(6,34) r(66,50) r(6,34) a(35,50) r(29,45) a(64,56) a(5,35) d(35)
6; 41; r(67,65) r(29,70) d(72) d(74) r(34,51) r(6,34) r(66,50) r(6,34) a(35,50) r(29,45) a(64,56) a(5,35) d(35)
7; 56; d(6) r(34,51) r(64,72) r(29,43) d(5) r(35,50) r(72,34)
8; 56, 48; d(6) r(34,51) r(64,72) r(29,43) d(5) r(35,50) r(72,34) r(64,72) r(29,43) d(5) r(35,50) r(72,34) r(35,52)
9; 56, 48; d(6) r(34,51)
10; 56; d(6) r(34,51) r(64,72) r(29,43) d(5) r(35,50) r(72,34)
11; 48; d(6) r(34,51) r(64,72) r(29,43) d(5) r(35,50) r(72,34) r(35,52)
12; 51, 46; d(69) a(74,40) r(5,45) r(73,40) r(74,71) r(64,74) r(35,52) d(5) r(35,50) r(72,34)
13; 51, 46; d(6) r(34,51) r(64,72) r(29,43) a(34,70)
14; 51; d(69) a(74,40) r(5,45) r(73,40) r(74,71) r(64,74) r(35,52) a(34,70)
15; 46; d(6) r(34,51) r(64,72) r(29,43) d(5) r(35,50) r(72,34)
16; 55; d(69) r(72,71) a(34,45) d(29) r(64,74) r(5,55)
17; 27; d(6) r(34,51) r(64,72) r(29,43) a(29,62) a(29,51) a(35,56) a(5,90) a(5,91) d(35)
18; 36, 6; r(65,90) r(66,50) r(6,34) r(66,57) a(65,90) d(73)
19; 36, 6; r(67,65) r(29,70) d(72) d(74) r(34,51) d(69) a(5,46) a(73,34) a(66,91) r(66,50) r(6,34) a(35,50) r(29,45) a(64,56) a(5,35) d(5)
20; 36; r(65,90) r(66,50) r(6,34) r(66,50) r(6,34) a(35,50) r(29,45) a(64,56) a(5,35) d(5)
21; 6; r(67,65) r(29,70) d(72) d(74) r(34,51) d(69) a(5,46) a(73,34) a(66,91) r(66,57) a(65,90) d(73)
22; 63, 22; d(64) d(74) a(64,65) a(73,34) a(66,91) r(66,57) r(6,29) d(35)
23; 63, 22; r(67,65) r(29,70) d(72) d(74) r(34,51) d(69) a(5,46) r(66,52) d(71) d(73) r(29,88) a(35,62)
24; 63; d(64) d(74) a(64,65) r(66,52) d(71) d(73) r(29,88) a(35,62)
25; 22; r(67,65) r(29,70) d(72) d(74) r(34,51) d(69) a(5,46) a(73,34) a(66,91) r(66,57) r(6,29) d(35)
26; 4, 27; r(65,90) r(66,50) r(6,34) a(29,62) a(29,51) a(35,56) a(5,90) a(5,91) d(35)
27; 4, 27; d(6) r(34,51) r(64,72) r(29,43) r(66,50) r(6,34) a(35,50) r(29,45) a(64,56) a(5,35) d(73)
28; 4; r(65,90) r(66,50) r(6,34) r(66,50) r(6,34) a(35,50) r(29,45) a(64,56) a(5,35) d(73)
29; 27; d(6) r(34,51) r(64,72) r(29,43) a(29,62) a(29,51) a(35,56) a(5,90) a(5,91) d(35)
30; 25; d(6) r(34,51) r(64,72) d(74) r(29,90)
31; 29; r(65,90) a(35,41) r(5,45) r(73,40) d(67) d(66) a(72,75) a(72,99)
32; 47, 8; d(6) r(34,51) r(64,72) r(29,43) d(5) d(74) a(64,65) r(66,52) d(71) a(35,39) d(35)
33; 47, 8; d(6) r(6,34) a(35,50) r(29,45) a(64,56) a(5,35) r(5,29)
34; 47; d(6) r(34,51) r(64,72) r(29,43) d(5) d(74) a(64,65) r(66,52) d(71) a(35,39) d(35)
35; 8; d(6) r(6,34) a(35,50) r(29,45) a(64,56) a(5,35) r(5,29)
36; 49, 25; d(69) a(74,40) r(5,45)
37; 49, 25; d(6) r(34,51) r(64,72) d(74) r(29,90) r(73,40) r(74,71) r(64,74) a(29,54)
38; 49; d(69) a(74,40) r(5,45) r(73,40) r(74,71) r(64,74) a(29,54)
39; 25; d(6) r(34,51) r(64,72) d(74) r(29,90)
40; 62; d(6) d(74) r(34,51) d(69) a(5,46) a(73,34) a(66,91) r(66,57) a(65,63) a(5,71)
41; 21; r(67,65) r(29,70) a(74,67) d(71) d(64) a(6,59) r(5,43)
42; 36; r(65,90) r(66,50) r(6,34) r(66,50) r(6,34) a(35,50) r(29,45) a(64,56) a(5,35) d(5)
43; 1; r(67,65) r(29,70) d(72) a(35,71) d(66) d(74)
44; 58; d(69) r(72,71) a(5,57) a(29,55) d(74) r(6,5)
45; 60; d(6) d(74) r(34,51) d(69) d(29)
46; 53; d(69) r(72,71) a(34,45) r(34,51) d(69) a(5,46) a(73,34) a(66,91) r(66,57) a(35,41) d(73)
47; 3; d(6) r(34,51) r(64,72) r(29,43) a(29,62) a(29,51) r(29,45) a(64,56) a(5,35) r(35,88)
48; 16, 23; d(6) r(35,99) r(65,73) r(64,76) r(29,43) a(29,62) a(29,51) a(35,56) a(5,90) d(35) d(5)
49; 16, 23; d(6) r(34,51) r(64,72) r(66,50) r(6,34) d(29) d(5) a(35,88) r(35,36)
50; 16; d(6) r(35,99) r(65,73) r(64,76) r(66,50) r(6,34) d(29) d(5) a(35,88) r(35,36)
51; 23; d(6) r(34,51) r(64,72) r(29,43) a(29,62) a(29,51) a(35,56) a(5,90) d(35) d(5)
52; 58, 54; d(69) a(5,99) a(6,56) d(29) d(64) r(5,49) d(74) r(34,51) d(69) a(5,46) a(73,34) a(66,91) r(66,57) a(35,41) r(35,70)
53; 58, 54; d(64) r(72,71) a(5,57) a(29,55) d(74) r(6,5)
54; 58; d(69) r(72,71) a(5,57) a(29,55) d(74) r(6,5)
55; 54; d(64) a(5,99) a(6,56) d(29) d(64) r(5,49) d(74) r(34,51) d(69) a(5,46) a(73,34) a(66,91) r(66,57) a(35,41) r(35,70)
56; 21, 53; r(67,65) r(29,70) a(74,67) d(71) d(64) d(73)
57; 21, 53; d(69) r(72,71) a(34,45) r(34,51) d(69) a(5,46) a(73,34) a(66,91) r(66,57) a(35,41) a(6,59) r(5,43)
58; 21; r(67,65) r(29,70) a(74,67) d(71) d(64) a(6,59) r(5,43)
59; 53; d(69) r(72,71) a(34,45) r(34,51) d(69) a(5,46) a(73,34) a(66,91) r(66,57) a(35,41) d(73)
60; 43, 34; r(67,65) r(29,70) d(72) d(74) a(73,34) a(66,91) r(66,57) a(35,41) d(64)
61; 43, 34; r(65,90) r(66,50) d(69) a(5,46) r(34,51) d(69) a(5,46) a(73,34) a(66,91) r(66,57) d(6) a(35,41)
62; 43; r(67,65) r(29,70) d(72) d(74) r(34,51) d(69) a(5,46) a(73,34) a(66,91) r(66,57) d(6) a(35,41)
63; 34; r(65,90) r(66,50) d(69) a(5,46) a(73,34) a(66,91) r(66,57) a(35,41) d(64)
--------------------------------------------------------------------------------
Mutation

0; d(6) r(34,51) r(64,72) r(34,51) r(64,72) r(29,43) d(5) r(35,50) r(72,34)
1; d(69) r(72,71) a(34,45) r(34,51) d(69) a(5,46) a(73,34) a(66,91) r(66,57) a(35,41) d(73) a(5,41)
2; d(6) r(34,51) r(64,72) r(29,43) d(5) r(35,50) r(72,34)
3; r(65,90) r(66,50) r(6,34) r(66,50) r(6,34) a(35,50) a(35,56) a(5,90) d(35) d(71) a(64,105)
4; r(67,65) r(29,70) r(34,51) r(64,72) r(29,43) d(5) r(35,50) r(72,34)
5; d(6) d(72) d(74) r(34,51) r(6,34) r(66,50) r(6,34) a(35,50) r(29,45) a(64,56) a(5,35) d(35) r(64,88)
6; r(67,65) r(29,70) d(72) d(74) r(34,51) r(6,34) r(66,50) r(6,34) a(35,50) r(29,45) a(64,56) a(5,35) d(35) d(65)
7; d(6) r(34,51) r(64,72) r(29,43) d(5) r(35,50) r(72,34)
8; d(6) r(34,51) r(64,72) r(29,43) d(5) r(35,50) r(72,34) r(64,72) r(29,43) d(5) r(35,50) r(72,34) r(35,52)
9; d(6) r(34,51) a(72,38)
10; d(6) r(34,51) r(64,72) r(29,43) d(5) r(35,50) r(72,34)
11; d(6) r(34,51) r(64,72) r(29,43) d(5) r(35,50) r(72,34) r(35,52)
12; d(69) a(74,40) r(5,45) r(73,40) r(74,71) r(64,74) r(35,52) d(5) r(35,50) r(72,34) d(29)
13; d(6) r(34,51) r(64,72) r(29,43) a(34,70) a(5,35)
14; d(69) a(74,40) r(5,45) r(73,40) r(74,71) r(64,74) r(35,52) a(34,70) r(34,55)
15; d(6) r(34,51) r(64,72) r(29,43) d(5) r(35,50) r(72,34)
16; d(69) r(72,71) a(34,45) d(29) r(64,74) r(5,55) a(35,29)
17; d(6) r(34,51) r(64,72) r(29,43) a(29,62) a(29,51) a(35,56) a(5,90) a(5,91) d(35) d(5)
18; r(65,90) r(66,50) r(6,34) r(66,57) a(65,90) d(73) d(29)
19; r(67,65) r(29,70) d(72) d(74) r(34,51) d(69) a(5,46) a(73,34) a(66,91) r(66,50) r(6,34) a(35,50) r(29,45) a(64,56) a(5,35) d(5) r(35,34)
20; r(65,90) r(66,50) r(6,34) r(66,50) r(6,34) a(35,50) r(29,45) a(64,56) a(5,35) d(5) d(72)
21; r(67,65) r(29,70) d(72) d(74) r(34,51) d(69) a(5,46) a(73,34) a(66,91) r(66,57) a(65,90) d(73) d(65)
22; d(64) d(74) a(64,65) a(73,34) a(66,91) r(66,57) r(6,29) d(35) d(29)
23; r(67,65) r(29,70) d(72) d(74) r(34,51) d(69) a(5,46) r(66,52) d(71) d(73) r(29,88) a(35,62) r(65,99)
24; d(64) d(74) a(64,65) r(66,52) d(71) d(73) r(29,88) a(35,62) d(5)
25; r(67,65) r(29,70) d(72) d(74) r(34,51) d(69) a(5,46) a(73,34) a(66,91) r(66,57) r(6,29) d(35) r(65,70)
26; r(65,90) r(66,50) r(6,34) a(29,62) a(29,51) a(35,56) a(5,90) a(5,91) d(35) a(29,51)
27; d(6) r(34,51) r(64,72) r(29,43) r(66,50) r(6,34) a(35,50) r(29,45) a(64,56) a(5,35) d(73) r(35,41)
28; r(65,90) r(66,50) r(6,34) r(66,50) r(6,34) a(35,50) r(29,45) a(64,56) a(5,35) d(73) d(74)
29; d(6) r(34,51) r(64,72) r(29,43) a(29,62) a(29,51) a(35,56) a(5,90) a(5,91) d(35) a(5,51)
30; d(6) r(34,51) r(64,72) d(74) r(29,90) r(35,56)
31; r(65,90) a(35,41) r(5,45) r(73,40) d(67) d(66) a(72,75) a(72,99) r(74,44)
32; d(6) r(34,51) r(64,72) r(29,43) d(5) d(74) a(64,65) r(66,52) d(71) a(35,39) d(35)
33; d(6) r(6,34) a(35,50) r(29,45) a(64,56) a(5,35) r(5,29) d(64)
34; d(6) r(34,51) r(64,72) r(29,43) d(5) d(74) a(64,65) r(66,52) d(71) a(35,39) d(35)
35; d(6) r(6,34) a(35,50) r(29,45) a(64,56) a(5,35) r(5,29) r(72,56)
36; d(69) a(74,40) r(5,45) d(66)
37; d(6) r(34,51) r(64,72) d(74) r(29,90) r(73,40) r(74,71) r(64,74) a(29,54) r(5,44)
38; d(69) a(74,40) r(5,45) r(73,40) r(74,71) r(64,74) a(29,54) a(34,63)
39; d(6) r(34,51) r(64,72) d(74) r(29,90) d(35)
40; d(6) d(74) r(34,51) d(69) a(5,46) a(73,34) a(66,91) r(66,57) a(65,63) a(5,71) r(65,43)
41; r(67,65) r(29,70) a(74,67) d(71) d(64) a(6,59) r(5,43) r(35,50)
42; r(65,90) r(66,50) r(6,34) r(66,50) r(6,34) a(35,50) r(29,45) a(64,56) a(5,35) d(5) r(64,67)
43; r(67,65) r(29,70) d(72) a(35,71) d(66) d(74) d(71)
44; d(69) r(72,71) a(5,57) a(29,55) d(74) r(6,5) r(5,46)
45; d(6) d(74) r(34,51) d(69) d(29) d(66)
46; d(69) r(72,71) a(34,45) r(34,51) d(69) a(5,46) a(73,34) a(66,91) r(66,57) a(35,41) d(73) r(64,37)
47; d(6) r(34,51) r(64,72) r(29,43) a(29,62) a(29,51) r(29,45) a(64,56) a(5,35) r(35,88) d(5)
48; d(6) r(35,99) r(65,73) r(64,76) r(29,43) a(29,62) a(29,51) a(35,56) a(5,90) d(35) d(5)
49; d(6) r(34,51) r(64,72) r(66,50) r(6,34) d(29) d(5) a(35,88) r(35,36)
50; d(6) r(35,99) r(65,73) r(64,76) r(66,50) r(6,34) d(29) d(5) a(35,88) r(35,36)
51; d(6) r(34,51) r(64,72) r(29,43) a(29,62) a(29,51) a(35,56) a(5,90) d(35) d(5)
52; d(69) a(5,99) a(6,56) d(29) d(64) r(5,49) d(74) r(34,51) d(69) a(5,46) a(73,34) a(66,91) r(66,57) a(35,41) r(35,70)
53; d(64) r(72,71) a(5,57) a(29,55) d(74) r(6,5) a(35,49)
54; d(69) r(72,71) a(5,57) a(29,55) d(74) r(6,5) r(65,88)
55; d(64) a(5,99) a(6,56) d(29) d(64) r(5,49) d(74) r(34,51) d(69) a(5,46) a(73,34) a(66,91) r(66,57) a(35,41) r(35,70)
56; r(67,65) r(29,70) a(74,67) d(71) d(64) d(73) a(35,36)
57; d(69) r(72,71) a(34,45) r(34,51) d(69) a(5,46) a(73,34) a(66,91) r(66,57) a(35,41) a(6,59) r(5,43) a(65,65)
58; r(67,65) r(29,70) a(74,67) d(71) d(64) a(6,59) r(5,43) d(35)
59; d(69) r(72,71) a(34,45) r(34,51) d(69) a(5,46) a(73,34) a(66,91) r(66,57) a(35,41) d(73) r(35,71)
60; r(67,65) r(29,70) d(72) d(74) a(73,34) a(66,91) r(66,57) a(35,41) d(64) r(35,29)
61; r(65,90) r(66,50) d(69) a(5,46) r(34,51) d(69) a(5,46) a(73,34) a(66,91) r(66,57) d(6) a(35,41) r(5,41)
62; r(67,65) r(29,70) d(72) d(74) r(34,51) d(69) a(5,46) a(73,34) a(66,91) r(66,57) d(6) a(35,41) r(5,42)
63; r(65,90) r(66,50) d(69) a(5,46) a(73,34) a(66,91) r(66,57) a(35,41) d(64) a(6,99)
--------------------------------------------------------------------------------
Evaluation

0; 0.
1; 0.
2; 0.
3; 0.
4; 0.
5; 0.
6; 0.
7; 0.
8; 0.
9; 0.
10; 0.
11; 0.
12; 0.
13; 0.
14; 0.
15; 0.
16; 0.
17; 15.
18; 0.
19; 0.
20; 0.
21; 0.
22; 0.
23; 0.
24; 0.
25; 0.
26; 0.
27; 0.
28; 0.
29; 0.
30; 0.
31; 15.
32; 0.
33; 15.
34; 0.
35; 15.
36; 0.
37; 15.
38; 0.
39; 0.
40; 0.
41; 0.
42; 15.
43; 0.
44; 0.
45; 0.
46; 15.
47; 0.
48; 0.
49; 0.
50; 0.
51; 15.
52; 0.
53; 0.
54; 0.
55; 0.
56; 0.
57; 0.
58; 0.
59; 0.
60; 0.
61; 0.
62; 0.
63; 0.
================================================================================
Generation 10

--------------------------------------------------------------------------------
Selection

0; 54
1; 63
2; 14
3; 8
4; 32
5; 61
6; 47
7; 32
8; 3
9; 10
10; 23
11; 41
12; 39
13; 41
14; 10
15; 4
16; 63
17; 4
18; 36
19; 63
20; 33
21; 9
22; 53
23; 47
24; 8
25; 26
26; 48
27; 24
28; 23
29; 63
30; 3
31; 27
32; 43
33; 45
34; 13
35; 56
36; 47
37; 12
38; 10
39; 24
--------------------------------------------------------------------------------
Crossover

0; 45; d(6) d(74) r(34,51) d(69) d(29) d(66)
1; 10; d(6) r(34,51) r(64,72) r(29,43) d(5) r(35,50) r(72,34)
2; 63, 23; r(65,90) r(66,50) d(69) a(5,46) d(73) r(29,88) a(35,62) r(65,99)
3; 63, 23; r(67,65) r(29,70) d(72) d(74) r(34,51) d(69) a(5,46) r(66,52) d(71) a(73,34) a(66,91) r(66,57) a(35,41) d(64) a(6,99)
4; 63; r(65,90) r(66,50) d(69) a(5,46) a(73,34) a(66,91) r(66,57) a(35,41) d(64) a(6,99)
5; 23; r(67,65) r(29,70) d(72) d(74) r(34,51) d(69) a(5,46) r(66,52) d(71) d(73) r(29,88) a(35,62) r(65,99)
6; 3; r(65,90) r(66,50) r(6,34) r(66,50) r(6,34) a(35,50) a(35,56) a(5,90) d(35) d(71) a(64,105)
7; 10; d(6) r(34,51) r(64,72) r(29,43) d(5) r(35,50) r(72,34)
8; 26, 61; r(65,90) d(69) a(5,46) a(73,34) a(66,91) r(66,57) d(6) a(35,41) r(5,41)
9; 26, 61; r(65,90) r(66,50) d(69) a(5,46) r(34,51) r(66,50) r(6,34) a(29,62) a(29,51) a(35,56) a(5,90) a(5,91) d(35) a(29,51)
10; 26; r(65,90) r(66,50) r(6,34) a(29,62) a(29,51) a(35,56) a(5,90) a(5,91) d(35) a(29,51)
11; 61; r(65,90) r(66,50) d(69) a(5,46) r(34,51) d(69) a(5,46) a(73,34) a(66,91) r(66,57) d(6) a(35,41) r(5,41)
12; 36, 9; d(69) a(74,40) r(34,51) a(72,38)
13; 36, 9; d(6) r(5,45) d(66)
14; 36; d(69) a(74,40) r(5,45) d(66)
15; 9; d(6) r(34,51) a(72,38)
16; 32; d(6) r(34,51) r(64,72) r(29,43) d(5) d(74) a(64,65) r(66,52) d(71) a(35,39) d(35)
17; 13; d(6) r(34,51) r(64,72) r(29,43) a(34,70) a(5,35)
18; 24; d(64) d(74) a(64,65) r(66,52) d(71) d(73) r(29,88) a(35,62) d(5)
19; 41; r(67,65) r(29,70) a(74,67) d(71) d(64) a(6,59) r(5,43) r(35,50)
20; 4; r(67,65) r(29,70) r(34,51) r(64,72) r(29,43) d(5) r(35,50) r(72,34)
21; 3; r(65,90) r(66,50) r(6,34) r(66,50) r(6,34) a(35,50) a(35,56) a(5,90) d(35) d(71) a(64,105)
22; 43, 8; r(67,65) r(29,70) d(72) a(35,71) d(66) r(35,50) r(72,34) r(64,72) r(29,43) d(5) r(35,50) r(72,34) r(35,52)
23; 43, 8; d(6) r(34,51) r(64,72) r(29,43) d(5) d(74) d(71)
24; 43; r(67,65) r(29,70) d(72) a(35,71) d(66) d(74) d(71)
25; 8; d(6) r(34,51) r(64,72) r(29,43) d(5) r(35,50) r(72,34) r(64,72) r(29,43) d(5) r(35,50) r(72,34) r(35,52)
26; 32, 27; d(6) r(34,51) r(64,72) r(29,43) r(66,50) r(6,34) a(35,50) r(29,45) a(64,56) a(5,35) d(73) r(35,41)
27; 32, 27; d(6) r(34,51) r(64,72) r(29,43) d(5) d(74) a(64,65) r(66,52) d(71) a(35,39) d(35)
28; 32; d(6) r(34,51) r(64,72) r(29,43) d(5) d(74) a(64,65) r(66,52) d(71) a(35,39) d(35)
29; 27; d(6) r(34,51) r(64,72) r(29,43) r(66,50) r(6,34) a(35,50) r(29,45) a(64,56) a(5,35) d(73) r(35,41)
30; 8, 23; d(6) r(34,51) r(64,72) r(29,43) d(5) r(35,50) r(72,34) r(64,72) r(29,43) r(34,51) d(69) a(5,46) r(66,52) d(71) d(73) r(29,88) a(35,62) r(65,99)
31; 8, 23; r(67,65) r(29,70) d(72) d(74) d(5) r(35,50) r(72,34) r(35,52)
32; 8; d(6) r(34,51) r(64,72) r(29,43) d(5) r(35,50) r(72,34) r(64,72) r(29,43) d(5) r(35,50) r(72,34) r(35,52)
33; 23; r(67,65) r(29,70) d(72) d(74) r(34,51) d(69) a(5,46) r(66,52) d(71) d(73) r(29,88) a(35,62) r(65,99)
34; 24; d(64) d(74) a(64,65) r(66,52) d(71) d(73) r(29,88) a(35,62) d(5)
35; 54; d(69) r(72,71) a(5,57) a(29,55) d(74) r(6,5) r(65,88)
36; 63, 47; r(65,90) r(66,50) d(69) a(64,56) a(5,35) r(35,88) d(5)
37; 63, 47; d(6) r(34,51) r(64,72) r(29,43) a(29,62) a(29,51) r(29,45) a(5,46) a(73,34) a(66,91) r(66,57) a(35,41) d(64) a(6,99)
38; 63; r(65,90) r(66,50) d(69) a(5,46) a(73,34) a(66,91) r(66,57) a(35,41) d(64) a(6,99)
39; 47; d(6) r(34,51) r(64,72) r(29,43) a(29,62) a(29,51) r(29,45) a(64,56) a(5,35) r(35,88) d(5)
40; 10; d(6) r(34,51) r(64,72) r(29,43) d(5) r(35,50) r(72,34)
41; 33; d(6) r(6,34) a(35,50) r(29,45) a(64,56) a(5,35) r(5,29) d(64)
42; 41; r(67,65) r(29,70) a(74,67) d(71) d(64) a(6,59) r(5,43) r(35,50)
43; 4; r(67,65) r(29,70) r(34,51) r(64,72) r(29,43) d(5) r(35,50) r(72,34)
44; 56, 47; r(67,65) r(29,70) a(74,67) r(64,72) r(29,43) a(29,62) a(29,51) r(29,45) a(64,56) a(5,35) r(35,88) d(5)
45; 56, 47; d(6) r(34,51) d(71) d(64) d(73) a(35,36)
46; 56; r(67,65) r(29,70) a(74,67) d(71) d(64) d(73) a(35,36)
47; 47; d(6) r(34,51) r(64,72) r(29,43) a(29,62) a(29,51) r(29,45) a(64,56) a(5,35) r(35,88) d(5)
48; 53, 39; d(64) r(72,71) a(5,57) a(29,55) d(74) d(35)
49; 53, 39; d(6) r(34,51) r(64,72) d(74) r(29,90) r(6,5) a(35,49)
50; 53; d(64) r(72,71) a(5,57) a(29,55) d(74) r(6,5) a(35,49)
51; 39; d(6) r(34,51) r(64,72) d(74) r(29,90) d(35)
52; 48, 63; d(6) r(35,99) r(65,73) r(64,76) a(35,41) d(64) a(6,99)
53; 48, 63; r(65,90) r(66,50) d(69) a(5,46) a(73,34) a(66,91) r(66,57) r(29,43) a(29,62) a(29,51) a(35,56) a(5,90) d(35) d(5)
54; 48; d(6) r(35,99) r(65,73) r(64,76) r(29,43) a(29,62) a(29,51) a(35,56) a(5,90) d(35) d(5)
55; 63; r(65,90) r(66,50) d(69) a(5,46) a(73,34) a(66,91) r(66,57) a(35,41) d(64) a(6,99)
56; 47; d(6) r(34,51) r(64,72) r(29,43) a(29,62) a(29,51) r(29,45) a(64,56) a(5,35) r(35,88) d(5)
57; 14; d(69) a(74,40) r(5,45) r(73,40) r(74,71) r(64,74) r(35,52) a(34,70) r(34,55)
58; 63, 12; r(65,90) r(5,45) r(73,40) r(74,71) r(64,74) r(35,52) d(5) r(35,50) r(72,34) d(29)
59; 63, 12; d(69) a(74,40) r(66,50) d(69) a(5,46) a(73,34) a(66,91) r(66,57) a(35,41) d(64) a(6,99)
60; 63; r(65,90) r(66,50) d(69) a(5,46) a(73,34) a(66,91) r(66,57) a(35,41) d(64) a(6,99)
61; 12; d(69) a(74,40) r(5,45) r(73,40) r(74,71) r(64,74) r(35,52) d(5) r(35,50) r(72,34) d(29)
--------------------------------------------------------------------------------
Mutation

0; d(6) d(74) r(34,51) d(69) d(29) d(66) a(65,43)
1; d(6) r(34,51) r(64,72) r(29,43) d(5) r(35,50) r(72,34)
2; r(65,90) r(66,50) d(69) a(5,46) d(73) r(29,88) a(35,62) r(65,99) r(6,58)
3; r(67,65) r(29,70) d(72) d(74) r(34,51) d(69) a(5,46) r(66,52) d(71) a(73,34) a(66,91) r(66,57) a(35,41) d(64) a(6,99) a(35,105)
4; r(65,90) r(66,50) d(69) a(5,46) a(73,34) a(66,91) r(66,57) a(35,41) d(64) a(6,99) d(35)
5; r(67,65) r(29,70) d(72) d(74) r(34,51) d(69) a(5,46) r(66,52) d(71) d(73) r(29,88) a(35,62) r(65,99) r(5,37)
6; r(65,90) r(66,50) r(6,34) r(66,50) r(6,34) a(35,50) a(35,56) a(5,90) d(35) d(71) a(64,105) a(34,35)
7; d(6) r(34,51) r(64,72) r(29,43) d(5) r(35,50) r(72,34)
8; r(65,90) d(69) a(5,46) a(73,34) a(66,91) r(66,57) d(6) a(35,41) r(5,41) r(72,43)
9; r(65,90) r(66,50) d(69) a(5,46) r(34,51) r(66,50) r(6,34) a(29,62) a(29,51) a(35,56) a(5,90) a(5,91) d(35) a(29,51) d(64)
10; r(65,90) r(66,50) r(6,34) a(29,62) a(29,51) a(35,56) a(5,90) a(5,91) d(35) a(29,51) a(74,37)
11; r(65,90) r(66,50) d(69) a(5,46) r(34,51) d(69) a(5,46) a(73,34) a(66,91) r(66,57) d(6) a(35,41) r(5,41) d(35)
12; d(69) a(74,40) r(34,51) a(72,38) a(6,91)
13; d(6) r(5,45) d(66) d(35)
14; d(69) a(74,40) r(5,45) d(66) a(65,34)
15; d(6) r(34,51) a(72,38) d(64)
16; d(6) r(34,51) r(64,72) r(29,43) d(5) d(74) a(64,65) r(66,52) d(71) a(35,39) d(35)
17; d(6) r(34,51) r(64,72) r(29,43) a(34,70) a(5,35) d(35)
18; d(64) d(74) a(64,65) r(66,52) d(71) d(73) r(29,88) a(35,62) d(5) r(35,91)
19; r(67,65) r(29,70) a(74,67) d(71) d(64) a(6,59) r(5,43) r(35,50)
20; r(67,65) r(29,70) r(34,51) r(64,72) r(29,43) d(5) r(35,50) r(72,34)
21; r(65,90) r(66,50) r(6,34) r(66,50) r(6,34) a(35,50) a(35,56) a(5,90) d(35) d(71) a(64,105) a(34,5)
22; r(67,65) r(29,70) d(72) a(35,71) d(66) r(35,50) r(72,34) r(64,72) r(29,43) d(5) r(35,50) r(72,34) r(35,52)
23; d(6) r(34,51) r(64,72) r(29,43) d(5) d(74) d(71) d(35)
24; r(67,65) r(29,70) d(72) a(35,71) d(66) d(74) d(71) a(69,40)
25; d(6) r(34,51) r(64,72) r(29,43) d(5) r(35,50) r(72,34) r(64,72) r(29,43) d(5) r(35,50) r(72,34) r(35,52)
26; d(6) r(34,51) r(64,72) r(29,43) r(66,50) r(6,34) a(35,50) r(29,45) a(64,56) a(5,35) d(73) r(35,41) r(5,46)
27; d(6) r(34,51) r(64,72) r(29,43) d(5) d(74) a(64,65) r(66,52) d(71) a(35,39) d(35)
28; d(6) r(34,51) r(64,72) r(29,43) d(5) d(74) a(64,65) r(66,52) d(71) a(35,39) d(35)
29; d(6) r(34,51) r(64,72) r(29,43) r(66,50) r(6,34) a(35,50) r(29,45) a(64,56) a(5,35) d(73) r(35,41) r(5,88)
30; d(6) r(34,51) r(64,72) r(29,43) d(5) r(35,50) r(72,34) r(64,72) r(29,43) r(34,51) d(69) a(5,46) r(66,52) d(71) d(73) r(29,88) a(35,62) r(65,99)
31; r(67,65) r(29,70) d(72) d(74) d(5) r(35,50) r(72,34) r(35,52) d(65)
32; d(6) r(34,51) r(64,72) r(29,43) d(5) r(35,50) r(72,34) r(64,72) r(29,43) d(5) r(35,50) r(72,34) r(35,52)
33; r(67,65) r(29,70) d(72) d(74) r(34,51) d(69) a(5,46) r(66,52) d(71) d(73) r(29,88) a(35,62) r(65,99) r(5,43)
34; d(64) d(74) a(64,65) r(66,52) d(71) d(73) r(29,88) a(35,62) d(5) a(35,54)
35; d(69) r(72,71) a(5,57) a(29,55) d(74) r(6,5) r(65,88) r(5,39)
36; r(65,90) r(66,50) d(69) a(64,56) a(5,35) r(35,88) d(5) d(29)
37; d(6) r(34,51) r(64,72) r(29,43) a(29,62) a(29,51) r(29,45) a(5,46) a(73,34) a(66,91) r(66,57) a(35,41) d(64) a(6,99) r(5,58)
38; r(65,90) r(66,50) d(69) a(5,46) a(73,34) a(66,91) r(66,57) a(35,41) d(64) a(6,99) a(29,67)
39; d(6) r(34,51) r(64,72) r(29,43) a(29,62) a(29,51) r(29,45) a(64,56) a(5,35) r(35,88) d(5)
40; d(6) r(34,51) r(64,72) r(29,43) d(5) r(35,50) r(72,34)
41; d(6) r(6,34) a(35,50) r(29,45) a(64,56) a(5,35) r(5,29) d(64) d(35)
42; r(67,65) r(29,70) a(74,67) d(71) d(64) a(6,59) r(5,43) r(35,50)
43; r(67,65) r(29,70) r(34,51) r(64,72) r(29,43) d(5) r(35,50) r(72,34)
44; r(67,65) r(29,70) a(74,67) r(64,72) r(29,43) a(29,62) a(29,51) r(29,45) a(64,56) a(5,35) r(35,88) d(5)
45; d(6) r(34,51) d(71) d(64) d(73) a(35,36) d(35)
46; r(67,65) r(29,70) a(74,67) d(71) d(64) d(73) a(35,36) d(35)
47; d(6) r(34,51) r(64,72) r(29,43) a(29,62) a(29,51) r(29,45) a(64,56) a(5,35) r(35,88) d(5)
48; d(64) r(72,71) a(5,57) a(29,55) d(74) d(35) d(29)
49; d(6) r(34,51) r(64,72) d(74) r(29,90) r(6,5) a(35,49) d(35)
50; d(64) r(72,71) a(5,57) a(29,55) d(74) r(6,5) a(35,49) a(35,43)
51; d(6) r(34,51) r(64,72) d(74) r(29,90) d(35) d(5)
52; d(6) r(35,99) r(65,73) r(64,76) a(35,41) d(64) a(6,99) r(29,55)
53; r(65,90) r(66,50) d(69) a(5,46) a(73,34) a(66,91) r(66,57) r(29,43) a(29,62) a(29,51) a(35,56) a(5,90) d(35) d(5) r(73,64)
54; d(6) r(35,99) r(65,73) r(64,76) r(29,43) a(29,62) a(29,51) a(35,56) a(5,90) d(35) d(5)
55; r(65,90) r(66,50) d(69) a(5,46) a(73,34) a(66,91) r(66,57) a(35,41) d(64) a(6,99) r(5,58)
56; d(6) r(34,51) r(64,72) r(29,43) a(29,62) a(29,51) r(29,45) a(64,56) a(5,35) r(35,88) d(5)
57; d(69) a(74,40) r(5,45) r(73,40) r(74,71) r(64,74) r(35,52) a(34,70) r(34,55) r(29,56)
58; r(65,90) r(5,45) r(73,40) r(74,71) r(64,74) r(35,52) d(5) r(35,50) r(72,34) d(29)
59; d(69) a(74,40) r(66,50) d(69) a(5,46) a(73,34) a(66,91) r(66,57) a(35,41) d(64) a(6,99) d(35)
60; r(65,90) r(66,50) d(69) a(5,46) a(73,34) a(66,91) r(66,57) a(35,41) d(64) a(6,99) d(35)
61; d(69) a(74,40) r(5,45) r(73,40) r(74,71) r(64,74) r(35,52) d(5) r(35,50) r(72,34) d(29)
--------------------------------------------------------------------------------
Evaluation

0; 0.
1; 0.
2; 0.
3; 0.
4; 0.
5; 15.
6; 0.
7; 0.
8; 0.
9; 0.
10; 0.
11; 0.
12; 0.
13; 3.
14; 0.
15; 0.
16; 0.
17; 0.
18; 15.
19; 0.
20; 0.
21; 0.
22; 0.
23; 0.
24; 0.
25; 0.
26; 0.
27; 0.
28; 0.
29; 0.
30; 0.
31; 0.
32; 0.
33; 0.
34; 15.
35; 0.
36; 0.
37; 0.
38; 0.
39; 0.
40; 0.
41; 15.
42; 0.
43; 0.
44; 0.
45; 0.
46; 0.
47; 0.
48; 0.
49; 0.
50; 0.
51; 0.
52; 0.
53; 15.
54; 0.
55; 0.
56; 0.
57; 15.
58; 0.
59; 0.
60; 0.
61; 0.
