================================================================================
Enclosure

1: 0
2: 0
3: 0
4: 0
5: 0
6: 5
7: 6
9: 5
10: 9
11: 9
12: 11
13: 11
14: 9
15: 9
17: 9
18: 5
19: 18
20: 18
21: 18
23: 18
24: 5
25: 5
26: 25
27: 25
29: 0
30: 29
31: 29
32: 31
33: 31
34: 29
35: 0
36: 0
37: 36
38: 36
39: 0
40: 39
41: 39
42: 39
43: 42
44: 42
45: 42
46: 39
47: 39
48: 47
49: 47
50: 47
51: 47
52: 51
53: 51
54: 51
55: 54
56: 54
57: 54
58: 51
59: 51
60: 59
62: 47
63: 47
64: 0
65: 64
66: 64
67: 66
69: 64
70: 69
71: 69
72: 64
73: 64
74: 64
75: 0
76: 0
78: 0
79: 78
80: 78
81: 78
83: 0
85: 83
86: 0
87: 0
88: 0
89: 0
90: 0
91: 0
92: 0
93: 0
94: 0
95: 94
96: 94
97: 94
98: 94
99: 98
101: 94
102: 94
103: 94
104: 103
105: 103
106: 0
107: 106
108: 106
109: 0
110: 0
111: 0
112: 0
113: 0
114: 113
115: 113
116: 113
117: 116
119: 113
120: 119
121: 120
122: 120
123: 122
125: 119
126: 113
127: 126
129: 127
131: 129
133: 131
134: 126
135: 0
136: 135
137: 135
138: 135
139: 138
140: 139
143: 135
144: 0
145: 0
146: 0
================================================================================
Initialisation

0; r(74,99); 15.
1; d(71); 5.
2; d(64); 0.
3; r(65,56); 15.
4; d(66); 3.
5; d(5); 5.
6; a(34,34); 5.
7; a(34,40); 5.
8; d(5); 5.
9; a(29,62); 5.
10; d(6); 0.
11; d(35); 15.
12; r(34,55); 5.
13; a(67,72); 5.
14; a(67,52); 5.
15; d(29); 5.
16; d(74); 15.
17; r(72,49); 15.
18; d(73); 15.
19; r(64,40); 0.
20; a(6,56); 5.
21; r(5,41); 5.
22; d(6); 0.
23; r(66,43); 3.
24; d(73); 15.
25; r(6,91); 15.
26; a(69,50); 5.
27; d(29); 5.
28; r(29,38); 5.
29; a(69,76); 15.
30; a(35,62); 5.
31; a(73,43); 5.
32; d(66); 3.
33; d(72); 15.
34; d(65); 0.
35; r(67,99); 5.
36; r(35,105); 15.
37; a(67,50); 5.
38; d(67); 5.
39; original; 5.
================================================================================
Generation 1

--------------------------------------------------------------------------------
Selection

0; 31
1; 22
2; 31
3; 32
4; 9
5; 21
6; 2
7; 8
8; 30
9; 16
10; 39
11; 8
12; 2
13; 38
14; 34
15; 34
16; 21
17; 11
18; 26
19; 9
20; 22
21; 26
22; 21
23; 19
24; 22
25; 38
26; 21
27; 34
28; 2
29; 4
30; 37
31; 10
32; 32
33; 32
34; 5
35; 39
36; 17
37; 6
38; 15
39; 20
--------------------------------------------------------------------------------
Crossover

0; 22; d(6)
1; 21; r(5,41)
2; 26, 9; a(69,50)
3; 26, 9; a(29,62)
4; 26; a(69,50)
5; 9; a(29,62)
6; 21, 37; r(5,41)
7; 21, 37; a(67,50)
8; 21; r(5,41)
9; 37; a(67,50)
10; 2; d(64)
11; 2; d(64)
12; 17, 5; r(72,49)
13; 17, 5; d(5)
14; 17; r(72,49)
15; 5; d(5)
16; 21, 15; r(5,41)
17; 21, 15; d(29)
18; 21; r(5,41)
19; 15; d(29)
20; 38; d(67)
21; 8; d(5)
22; 31; a(73,43)
23; 32; d(66)
24; 9, 11; a(29,62)
25; 9, 11; d(35)
26; 9; a(29,62)
27; 11; d(35)
28; 26; a(69,50)
29; 31; a(73,43)
30; 22, 6; d(6)
31; 22, 6; a(34,34)
32; 22; d(6)
33; 6; a(34,34)
34; 21, 8; r(5,41)
35; 21, 8; d(5)
36; 21; r(5,41)
37; 8; d(5)
38; 30, 38; a(35,62)
39; 30, 38; d(67)
40; 30; a(35,62)
41; 38; d(67)
42; 2, 19; d(64)
43; 2, 19; r(64,40)
44; 2; d(64)
45; 19; r(64,40)
46; 32, 34; d(66)
47; 32, 34; d(65)
48; 32; d(66)
49; 34; d(65)
50; 39; original
51; 34; d(65)
52; 10, 32; d(6)
53; 10, 32; d(66)
54; 10; d(6)
55; 32; d(66)
56; 22, 16; d(6)
57; 22, 16; d(74)
58; 22; d(6)
59; 16; d(74)
60; 39, 20; original
61; 39, 20; a(6,56)
62; 39; original
63; 20; a(6,56)
64; 4; d(66)
65; 34; d(65)
--------------------------------------------------------------------------------
Mutation

0; d(6) d(64)
1; r(5,41) r(74,43)
2; a(69,50) d(72)
3; a(29,62) a(72,76)
4; a(69,50) d(65)
5; a(29,62) r(64,74)
6; r(5,41) r(29,41)
7; a(67,50) a(5,39)
8; r(5,41) r(34,56)
9; a(67,50) d(72)
10; d(64) a(6,34)
11; d(64) d(34)
12; r(72,49) d(73)
13; d(5) r(66,38)
14; r(72,49) d(69)
15; d(5) a(67,34)
16; r(5,41) a(73,69)
17; d(29) r(71,34)
18; r(5,41) a(74,91)
19; d(29) r(6,88)
20; d(67) r(5,34)
21; d(5) d(67)
22; a(73,43) d(67)
23; d(66) a(71,75)
24; a(29,62) r(34,58)
25; d(35) d(66)
26; a(29,62) d(74)
27; d(35) r(5,91)
28; a(69,50) d(71)
29; a(73,43) r(73,105)
30; d(6) r(5,57)
31; a(34,34) d(71)
32; d(6) a(71,57)
33; a(34,34) a(65,91)
34; r(5,41) r(67,55)
35; d(5) r(67,62)
36; r(5,41) a(69,75)
37; d(5) a(72,76)
38; a(35,62) r(35,70)
39; d(67) r(73,88)
40; a(35,62) a(67,70)
41; d(67) d(71)
42; d(64) d(5)
43; r(64,40) r(6,40)
44; d(64) a(35,29)
45; r(64,40) a(6,6)
46; d(66) r(34,104)
47; d(65) r(74,71)
48; d(66) r(73,56)
49; d(65) d(5)
50; a(6,104)
51; d(65) a(66,88)
52; d(6) r(5,38)
53; d(66) d(5)
54; d(6) d(71)
55; d(66) a(74,90)
56; d(6) d(29)
57; d(74) r(72,55)
58; d(6) d(34)
59; d(74) r(6,71)
60; a(73,37)
61; a(6,56) a(67,67)
62; a(34,45)
63; a(6,56) a(71,65)
64; d(66) d(64)
65; d(65) d(74)
--------------------------------------------------------------------------------
Evaluation

0; 0.
1; 15.
2; 15.
3; 15.
4; 0.
5; 0.
6; 5.
7; 5.
8; 5.
9; 15.
10; 0.
11; 0.
12; 15.
13; 3.
14; 0.
15; 5.
16; 5.
17; 5.
18; 15.
19; 0.
20; 5.
21; 5.
22; 5.
23; 3.
24; 5.
25; 15.
26; 15.
27; 15.
28; 5.
29; 15.
30; 5.
31; 5.
32; 0.
33; 0.
34; 5.
35; 5.
36; 5.
37; 15.
38; 0.
39; 15.
40; 15.
41; 5.
42; 0.
43; 0.
44; 0.
45; 0.
46; 15.
47; 0.
48; 15.
49; 0.
50; 5.
51; 0.
52; 5.
53; 3.
54; 0.
55; 3.
56; 0.
57; 15.
58; 0.
59; 0.
60; 15.
61; 5.
62; 5.
63; 5.
64; 0.
65; 0.
================================================================================
Generation 2

--------------------------------------------------------------------------------
Selection

0; 39
1; 30
2; 42
3; 7
4; 6
5; 38
6; 51
7; 54
8; 61
9; 38
10; 61
11; 6
12; 32
13; 23
14; 4
15; 5
16; 14
17; 35
18; 45
19; 19
20; 22
21; 59
22; 55
23; 19
24; 47
25; 10
26; 26
27; 31
28; 59
29; 22
30; 49
31; 10
32; 17
33; 31
34; 31
35; 32
36; 62
37; 64
38; 8
39; 29
--------------------------------------------------------------------------------
Crossover

0; 26, 19; a(29,62) r(6,88)
1; 26, 19; d(29) d(74)
2; 26; a(29,62) d(74)
3; 19; d(29) r(6,88)
4; 22; a(73,43) d(67)
5; 10; d(64) a(6,34)
6; 6; r(5,41) r(29,41)
7; 19; d(29) r(6,88)
8; 61; a(6,56) a(67,67)
9; 59; d(74) r(6,71)
10; 39, 30; d(67) r(73,88) r(5,57)
11; 39, 30; d(6)
12; 39; d(67) r(73,88)
13; 30; d(6) r(5,57)
14; 22; a(73,43) d(67)
15; 38; a(35,62) r(35,70)
16; 17, 4; d(29) r(71,34)
17; 17, 4; a(69,50) d(65)
18; 17; d(29) r(71,34)
19; 4; a(69,50) d(65)
20; 61; a(6,56) a(67,67)
21; 35; d(5) r(67,62)
22; 14; r(72,49) d(69)
23; 55; d(66) a(74,90)
24; 31; a(34,34) d(71)
25; 7; a(67,50) a(5,39)
26; 10, 62; d(64)
27; 10, 62; a(34,45) a(6,34)
28; 10; d(64) a(6,34)
29; 62; a(34,45)
30; 31, 32; a(34,34)
31; 31, 32; d(6) a(71,57) d(71)
32; 31; a(34,34) d(71)
33; 32; d(6) a(71,57)
34; 29; a(73,43) r(73,105)
35; 64; d(66) d(64)
36; 42, 5; d(64) r(64,74)
37; 42, 5; a(29,62) d(5)
38; 42; d(64) d(5)
39; 5; a(29,62) r(64,74)
40; 6; r(5,41) r(29,41)
41; 47; d(65) r(74,71)
42; 31; a(34,34) d(71)
43; 54; d(6) d(71)
44; 49, 59; d(65)
45; 49, 59; d(74) r(6,71) d(5)
46; 49; d(65) d(5)
47; 59; d(74) r(6,71)
48; 32; d(6) a(71,57)
49; 38; a(35,62) r(35,70)
50; 45, 51; r(64,40)
51; 45, 51; d(65) a(66,88) a(6,6)
52; 45; r(64,40) a(6,6)
53; 51; d(65) a(66,88)
54; 23; d(66) a(71,75)
55; 8; r(5,41) r(34,56)
--------------------------------------------------------------------------------
Mutation

0; a(29,62) r(6,88) d(74)
1; d(29) d(74) r(65,50)
2; a(29,62) d(74) d(72)
3; d(29) r(6,88) r(5,36)
4; a(73,43) d(67) r(72,45)
5; d(64) a(6,34) d(35)
6; r(5,41) r(29,41) r(67,63)
7; d(29) r(6,88) r(72,104)
8; a(6,56) a(67,67) d(69)
9; d(74) r(6,71) r(5,90)
10; d(67) r(73,88) r(5,57) r(34,99)
11; d(6) d(67)
12; d(67) r(73,88) a(6,62)
13; d(6) r(5,57) r(64,45)
14; a(73,43) d(67) d(5)
15; a(35,62) r(35,70) d(64)
16; d(29) r(71,34) d(69)
17; a(69,50) d(65) a(74,76)
18; d(29) r(71,34) d(73)
19; a(69,50) d(65) a(6,105)
20; a(6,56) a(67,67) a(73,67)
21; d(5) r(67,62) r(35,54)
22; r(72,49) d(69) a(34,47)
23; d(66) a(74,90) a(5,38)
24; a(34,34) d(71) a(34,53)
25; a(67,50) a(5,39) a(5,47)
26; d(64) r(35,99)
27; a(34,45) a(6,34) r(6,43)
28; d(64) a(6,34) a(29,104)
29; a(34,45) d(6)
30; a(34,34) r(74,38)
31; d(6) a(71,57) d(71) r(74,75)
32; a(34,34) d(71) a(6,34)
33; d(6) a(71,57) r(66,40)
34; a(73,43) r(73,105) d(34)
35; d(66) d(64) r(5,39)
36; d(64) r(64,74) r(6,71)
37; a(29,62) d(5) r(73,62)
38; d(64) d(5) a(34,50)
39; a(29,62) r(64,74) d(35)
40; r(5,41) r(29,41) r(73,43)
41; d(65) r(74,71) r(29,90)
42; a(34,34) d(71) r(64,49)
43; d(6) d(71) d(73)
44; d(65) a(34,46)
45; d(74) r(6,71) d(5) r(71,62)
46; d(65) d(5) d(66)
47; d(74) r(6,71) a(66,66)
48; d(6) a(71,57) r(64,62)
49; a(35,62) r(35,70) a(5,39)
50; r(64,40) r(34,52)
51; d(65) a(66,88) a(6,6) r(73,45)
52; r(64,40) a(6,6) a(6,39)
53; d(65) a(66,88) d(71)
54; d(66) a(71,75) r(65,74)
55; r(5,41) r(34,56) r(72,91)
--------------------------------------------------------------------------------
Evaluation

0; 0.
1; 0.
2; 15.
3; 5.
4; 15.
5; 15.
6; 5.
7; 0.
8; 0.
9; 15.
10; 15.
11; 0.
12; 15.
13; 0.
14; 5.
15; 0.
16; 0.
17; 0.
18; 15.
19; 0.
20; 5.
21; 15.
22; 0.
23; 3.
24; 5.
25; 5.
26; 15.
27; 0.
28; 15.
29; 0.
30; 15.
31; 0.
32; 5.
33; 0.
34; 15.
35; 0.
36; 0.
37; 15.
38; 0.
39; 15.
40; 15.
41; 0.
42; 0.
43; 0.
44; 0.
45; 15.
46; 0.
47; 0.
48; 0.
49; 5.
50; 0.
51; 0.
52; 0.
53; 0.
54; 0.
55; 15.
================================================================================
Generation 3

--------------------------------------------------------------------------------
Selection

0; 13
1; 43
2; 13
3; 33
4; 9
5; 47
6; 8
7; 35
8; 23
9; 36
10; 47
11; 53
12; 35
13; 23
14; 25
15; 31
16; 53
17; 50
18; 51
19; 0
20; 47
21; 31
22; 24
23; 52
24; 42
25; 35
26; 44
27; 33
28; 33
29; 7
30; 42
31; 48
32; 43
33; 52
34; 19
35; 50
36; 33
37; 19
38; 47
39; 27
--------------------------------------------------------------------------------
Crossover

0; 31, 19; d(6) a(71,57) d(71) a(6,105)
1; 31, 19; a(69,50) d(65) r(74,75)
2; 31; d(6) a(71,57) d(71) r(74,75)
3; 19; a(69,50) d(65) a(6,105)
4; 33; d(6) a(71,57) r(66,40)
5; 50; r(64,40) r(34,52)
6; 8, 53; a(6,56) a(67,67) d(69) a(66,88) d(71)
7; 8, 53; d(65)
8; 8; a(6,56) a(67,67) d(69)
9; 53; d(65) a(66,88) d(71)
10; 35, 43; d(66) d(64) d(71) d(73)
11; 35, 43; d(6) r(5,39)
12; 35; d(66) d(64) r(5,39)
13; 43; d(6) d(71) d(73)
14; 19; a(69,50) d(65) a(6,105)
15; 47; d(74) r(6,71) a(66,66)
16; 52; r(64,40) a(6,6) a(6,39)
17; 47; d(74) r(6,71) a(66,66)
18; 33; d(6) a(71,57) r(66,40)
19; 36; d(64) r(64,74) r(6,71)
20; 52; r(64,40) a(6,6) a(6,39)
21; 23; d(66) a(74,90) a(5,38)
22; 50; r(64,40) r(34,52)
23; 42; a(34,34) d(71) r(64,49)
24; 27, 35; a(34,45) a(6,34)
25; 27, 35; d(66) d(64) r(5,39) r(6,43)
26; 27; a(34,45) a(6,34) r(6,43)
27; 35; d(66) d(64) r(5,39)
28; 25; a(67,50) a(5,39) a(5,47)
29; 35; d(66) d(64) r(5,39)
30; 0; a(29,62) r(6,88) d(74)
31; 13; d(6) r(5,57) r(64,45)
32; 23, 33; d(66) a(74,90) r(66,40)
33; 23, 33; d(6) a(71,57) a(5,38)
34; 23; d(66) a(74,90) a(5,38)
35; 33; d(6) a(71,57) r(66,40)
36; 43, 13; d(6) r(5,57) r(64,45)
37; 43, 13; d(6) d(71) d(73)
38; 43; d(6) d(71) d(73)
39; 13; d(6) r(5,57) r(64,45)
40; 48, 7; d(6) r(6,88) r(72,104)
41; 48, 7; d(29) a(71,57) r(64,62)
42; 48; d(6) a(71,57) r(64,62)
43; 7; d(29) r(6,88) r(72,104)
44; 47, 53; d(74) d(71)
45; 47, 53; d(65) a(66,88) r(6,71) a(66,66)
46; 47; d(74) r(6,71) a(66,66)
47; 53; d(65) a(66,88) d(71)
48; 9, 33; d(74) r(6,71) r(66,40)
49; 9, 33; d(6) a(71,57) r(5,90)
50; 9; d(74) r(6,71) r(5,90)
51; 33; d(6) a(71,57) r(66,40)
52; 24, 31; a(34,34) d(71) a(71,57) d(71) r(74,75)
53; 24, 31; d(6) a(34,53)
54; 24; a(34,34) d(71) a(34,53)
55; 31; d(6) a(71,57) d(71) r(74,75)
56; 44, 47; d(65) a(66,66)
57; 44, 47; d(74) r(6,71) a(34,46)
58; 44; d(65) a(34,46)
59; 47; d(74) r(6,71) a(66,66)
60; 42; a(34,34) d(71) r(64,49)
61; 51; d(65) a(66,88) a(6,6) r(73,45)
--------------------------------------------------------------------------------
Mutation

0; d(6) a(71,57) d(71) a(6,105) r(67,66)
1; a(69,50) d(65) r(74,75) r(64,99)
2; d(6) a(71,57) d(71) r(74,75) d(5)
3; a(69,50) d(65) a(6,105) d(5)
4; d(6) a(71,57) r(66,40) d(74)
5; r(64,40) r(34,52) d(5)
6; a(6,56) a(67,67) d(69) a(66,88) d(71) d(73)
7; d(65) a(35,56)
8; a(6,56) a(67,67) d(69) a(5,38)
9; d(65) a(66,88) d(71) a(64,63)
10; d(66) d(64) d(71) d(73) d(34)
11; d(6) r(5,39) r(35,42)
12; d(66) d(64) r(5,39) d(29)
13; d(6) d(71) d(73) r(72,45)
14; a(69,50) d(65) a(6,105) d(6)
15; d(74) r(6,71) a(66,66) d(29)
16; r(64,40) a(6,6) a(6,39) r(29,56)
17; d(74) r(6,71) a(66,66) d(69)
18; d(6) a(71,57) r(66,40) d(34)
19; d(64) r(64,74) r(6,71) d(35)
20; r(64,40) a(6,6) a(6,39) d(35)
21; d(66) a(74,90) a(5,38) d(65)
22; r(64,40) r(34,52) d(6)
23; a(34,34) d(71) r(64,49) r(6,36)
24; a(34,45) a(6,34) r(72,44)
25; d(66) d(64) r(5,39) r(6,43) a(34,52)
26; a(34,45) a(6,34) r(6,43) a(73,43)
27; d(66) d(64) r(5,39) r(35,90)
28; a(67,50) a(5,39) a(5,47) r(29,40)
29; d(66) d(64) r(5,39) r(34,44)
30; a(29,62) r(6,88) d(74) r(29,41)
31; d(6) r(5,57) r(64,45) d(35)
32; d(66) a(74,90) r(66,40) r(69,62)
33; d(6) a(71,57) a(5,38) d(34)
34; d(66) a(74,90) a(5,38) a(29,58)
35; d(6) a(71,57) r(66,40) d(74)
36; d(6) r(5,57) r(64,45) a(35,46)
37; d(6) d(71) d(73) d(29)
38; d(6) d(71) d(73) r(67,62)
39; d(6) r(5,57) r(64,45) a(35,49)
40; d(6) r(6,88) r(72,104) d(5)
41; d(29) a(71,57) r(64,62) d(6)
42; d(6) a(71,57) r(64,62) a(29,70)
43; d(29) r(6,88) r(72,104) r(67,52)
44; d(74) d(71) d(66)
45; d(65) a(66,88) r(6,71) a(66,66) r(67,71)
46; d(74) r(6,71) a(66,66) d(29)
47; d(65) a(66,88) d(71) a(35,88)
48; d(74) r(6,71) r(66,40) a(35,35)
49; d(6) a(71,57) r(5,90) a(71,50)
50; d(74) r(6,71) r(5,90) d(69)
51; d(6) a(71,57) r(66,40) r(69,90)
52; a(34,34) d(71) a(71,57) d(71) r(74,75) d(35)
53; d(6) a(34,53) d(35)
54; a(34,34) d(71) a(34,53) r(66,104)
55; d(6) a(71,57) d(71) r(74,75) r(35,49)
56; d(65) a(66,66) a(66,76)
57; d(74) r(6,71) a(34,46) r(5,52)
58; d(65) a(34,46) r(64,37)
59; d(74) r(6,71) a(66,66) r(65,66)
60; a(34,34) d(71) r(64,49) a(6,71)
61; d(65) a(66,88) a(6,6) r(73,45) a(67,73)
--------------------------------------------------------------------------------
Evaluation

0; 0.
1; 0.
2; 5.
3; 0.
4; 0.
5; 0.
6; 0.
7; 0.
8; 0.
9; 0.
10; 0.
11; 5.
12; 0.
13; 0.
14; 0.
15; 0.
16; 15.
17; 0.
18; 0.
19; 0.
20; 0.
21; 0.
22; 0.
23; 15.
24; 15.
25; 0.
26; 0.
27; 0.
28; 5.
29; 0.
30; 0.
31; 0.
32; 0.
33; 0.
34; 3.
35; 0.
36; 0.
37; 0.
38; 0.
39; 0.
40; 15.
41; 0.
42; 0.
43; 0.
44; 15.
45; 0.
46; 0.
47; 0.
48; 0.
49; 5.
50; 0.
51; 0.
52; 15.
53; 0.
54; 0.
55; 0.
56; 0.
57; 15.
58; 15.
59; 0.
60; 0.
61; 0.
================================================================================
Generation 4

--------------------------------------------------------------------------------
Selection

0; 31
1; 27
2; 61
3; 6
4; 37
5; 8
6; 20
7; 38
8; 41
9; 53
10; 45
11; 32
12; 42
13; 38
14; 10
15; 13
16; 4
17; 20
18; 20
19; 6
20; 55
21; 51
22; 56
23; 46
24; 43
25; 12
26; 59
27; 9
28; 50
29; 38
30; 41
31; 45
32; 21
33; 56
34; 1
35; 42
36; 50
37; 51
38; 42
39; 50
--------------------------------------------------------------------------------
Crossover

0; 42; d(6) a(71,57) r(64,62) a(29,70)
1; 42; d(6) a(71,57) r(64,62) a(29,70)
2; 8, 1; a(6,56) a(67,67) d(69) a(5,38) r(64,99)
3; 8, 1; a(69,50) d(65) r(74,75)
4; 8; a(6,56) a(67,67) d(69) a(5,38)
5; 1; a(69,50) d(65) r(74,75) r(64,99)
6; 20; r(64,40) a(6,6) a(6,39) d(35)
7; 20; r(64,40) a(6,6) a(6,39) d(35)
8; 41, 43; d(29) a(71,57)
9; 41, 43; d(29) r(6,88) r(72,104) r(67,52) r(64,62) d(6)
10; 41; d(29) a(71,57) r(64,62) d(6)
11; 43; d(29) r(6,88) r(72,104) r(67,52)
12; 59, 50; d(74) r(6,71) d(69)
13; 59, 50; d(74) r(6,71) r(5,90) a(66,66) r(65,66)
14; 59; d(74) r(6,71) a(66,66) r(65,66)
15; 50; d(74) r(6,71) r(5,90) d(69)
16; 45, 6; d(65) a(66,88) r(6,71) d(69) a(66,88) d(71) d(73)
17; 45, 6; a(6,56) a(67,67) a(66,66) r(67,71)
18; 45; d(65) a(66,88) r(6,71) a(66,66) r(67,71)
19; 6; a(6,56) a(67,67) d(69) a(66,88) d(71) d(73)
20; 20, 38; r(64,40) a(6,6) r(67,62)
21; 20, 38; d(6) d(71) d(73) a(6,39) d(35)
22; 20; r(64,40) a(6,6) a(6,39) d(35)
23; 38; d(6) d(71) d(73) r(67,62)
24; 55, 45; d(6) a(71,57) a(66,88) r(6,71) a(66,66) r(67,71)
25; 55, 45; d(65) d(71) r(74,75) r(35,49)
26; 55; d(6) a(71,57) d(71) r(74,75) r(35,49)
27; 45; d(65) a(66,88) r(6,71) a(66,66) r(67,71)
28; 56, 9; d(65) a(66,66)
29; 56, 9; d(65) a(66,88) d(71) a(64,63) a(66,76)
30; 56; d(65) a(66,66) a(66,76)
31; 9; d(65) a(66,88) d(71) a(64,63)
32; 46; d(74) r(6,71) a(66,66) d(29)
33; 10; d(66) d(64) d(71) d(73) d(34)
34; 50; d(74) r(6,71) r(5,90) d(69)
35; 61; d(65) a(66,88) a(6,6) r(73,45) a(67,73)
36; 38; d(6) d(71) d(73) r(67,62)
37; 32; d(66) a(74,90) r(66,40) r(69,62)
38; 6; a(6,56) a(67,67) d(69) a(66,88) d(71) d(73)
39; 4; d(6) a(71,57) r(66,40) d(74)
40; 37; d(6) d(71) d(73) d(29)
41; 56; d(65) a(66,66) a(66,76)
42; 51, 50; d(6) r(5,90) d(69)
43; 51, 50; d(74) r(6,71) a(71,57) r(66,40) r(69,90)
44; 51; d(6) a(71,57) r(66,40) r(69,90)
45; 50; d(74) r(6,71) r(5,90) d(69)
46; 12; d(66) d(64) r(5,39) d(29)
47; 53; d(6) a(34,53) d(35)
48; 27, 31; d(66)
49; 27, 31; d(6) r(5,57) r(64,45) d(35) d(64) r(5,39) r(35,90)
50; 27; d(66) d(64) r(5,39) r(35,90)
51; 31; d(6) r(5,57) r(64,45) d(35)
52; 42; d(6) a(71,57) r(64,62) a(29,70)
53; 13; d(6) d(71) d(73) r(72,45)
54; 38, 41; d(6) a(71,57) r(64,62) d(6)
55; 38, 41; d(29) d(71) d(73) r(67,62)
56; 38; d(6) d(71) d(73) r(67,62)
57; 41; d(29) a(71,57) r(64,62) d(6)
58; 51, 21; d(6) a(74,90) a(5,38) d(65)
59; 51, 21; d(66) a(71,57) r(66,40) r(69,90)
60; 51; d(6) a(71,57) r(66,40) r(69,90)
61; 21; d(66) a(74,90) a(5,38) d(65)
--------------------------------------------------------------------------------
Mutation

0; d(6) a(71,57) r(64,62) a(29,70) r(5,40)
1; d(6) a(71,57) r(64,62) a(29,70) a(29,38)
2; a(6,56) a(67,67) d(69) a(5,38) r(64,99) a(35,50)
3; a(69,50) d(65) r(74,75) a(34,45)
4; a(6,56) a(67,67) d(69) a(5,38) r(35,76)
5; a(69,50) d(65) r(74,75) r(64,99) a(6,49)
6; r(64,40) a(6,6) a(6,39) d(35) a(34,58)
7; r(64,40) a(6,6) a(6,39) d(35) r(29,41)
8; d(29) a(71,57) d(6)
9; d(29) r(6,88) r(72,104) r(67,52) r(64,62) d(6) d(35)
10; d(29) a(71,57) r(64,62) d(6) d(35)
11; d(29) r(6,88) r(72,104) r(67,52) r(5,37)
12; d(74) r(6,71) d(69) d(65)
13; d(74) r(6,71) r(5,90) a(66,66) r(65,66) d(35)
14; d(74) r(6,71) a(66,66) r(65,66) r(5,41)
15; d(74) r(6,71) r(5,90) d(69) a(67,63)
16; d(65) a(66,88) r(6,71) d(69) a(66,88) d(71) d(73) d(35)
17; a(6,56) a(67,67) a(66,66) r(67,71) a(64,50)
18; d(65) a(66,88) r(6,71) a(66,66) r(67,71) a(66,56)
19; a(6,56) a(67,67) d(69) a(66,88) d(71) d(73) d(64)
20; r(64,40) a(6,6) r(67,62) a(5,46)
21; d(6) d(71) d(73) a(6,39) d(35) r(69,62)
22; r(64,40) a(6,6) a(6,39) d(35) r(6,63)
23; d(6) d(71) d(73) r(67,62) r(74,44)
24; d(6) a(71,57) a(66,88) r(6,71) a(66,66) r(67,71) d(5)
25; d(65) d(71) r(74,75) r(35,49) a(73,65)
26; d(6) a(71,57) d(71) r(74,75) r(35,49) r(72,49)
27; d(65) a(66,88) r(6,71) a(66,66) r(67,71) a(34,41)
28; d(65) a(66,66) a(29,42)
29; d(65) a(66,88) d(71) a(64,63) a(66,76) d(73)
30; d(65) a(66,66) a(66,76) r(72,88)
31; d(65) a(66,88) d(71) a(64,63) d(72)
32; d(74) r(6,71) a(66,66) d(29) r(5,76)
33; d(66) d(64) d(71) d(73) d(34) r(6,47)
34; d(74) r(6,71) r(5,90) d(69) r(65,90)
35; d(65) a(66,88) a(6,6) r(73,45) a(67,73) d(66)
36; d(6) d(71) d(73) r(67,62) a(34,43)
37; d(66) a(74,90) r(66,40) r(69,62) d(5)
38; a(6,56) a(67,67) d(69) a(66,88) d(71) d(73) a(5,55)
39; d(6) a(71,57) r(66,40) d(74) a(73,49)
40; d(6) d(71) d(73) d(29) r(5,56)
41; d(65) a(66,66) a(66,76) r(69,63)
42; d(6) r(5,90) d(69) d(65)
43; d(74) r(6,71) a(71,57) r(66,40) r(69,90) r(29,45)
44; d(6) a(71,57) r(66,40) r(69,90) r(64,99)
45; d(74) r(6,71) r(5,90) d(69) r(72,73)
46; d(66) d(64) r(5,39) d(29) a(35,53)
47; d(6) a(34,53) d(35) r(74,52)
48; d(66) d(69)
49; d(6) r(5,57) r(64,45) d(35) d(64) r(5,39) r(35,90) d(34)
50; d(66) d(64) r(5,39) r(35,90) r(29,44)
51; d(6) r(5,57) r(64,45) d(35) d(29)
52; d(6) a(71,57) r(64,62) a(29,70) r(35,55)
53; d(6) d(71) d(73) r(72,45) a(5,39)
54; d(6) a(71,57) r(64,62) d(6) d(34)
55; d(29) d(71) d(73) r(67,62) r(66,38)
56; d(6) d(71) d(73) r(67,62) a(74,43)
57; d(29) a(71,57) r(64,62) d(6) a(35,50)
58; d(6) a(74,90) a(5,38) d(65) r(72,76)
59; d(66) a(71,57) r(66,40) r(69,90) d(74)
60; d(6) a(71,57) r(66,40) r(69,90) a(72,56)
61; d(66) a(74,90) a(5,38) d(65) r(34,5)
--------------------------------------------------------------------------------
Evaluation

0; 0.
1; 0.
2; 0.
3; 0.
4; 15.
5; 0.
6; 15.
7; 15.
8; 0.
9; 0.
10; 0.
11; 15.
12; 0.
13; 0.
14; 0.
15; 0.
16; 0.
17; 5.
18; 0.
19; 0.
20; 0.
21; 0.
22; 0.
23; 0.
24; 5.
25; 15.
26; 0.
27; 0.
28; 15.
29; 0.
30; 0.
31; 0.
32; 15.
33; 0.
34; 0.
35; 0.
36; 0.
37; 0.
38; 0.
39; 0.
40; 15.
41; 0.
42; 0.
43; 0.
44; 0.
45; 0.
46; 0.
47; 0.
48; 0.
49; 0.
50; 0.
51; 0.
52; 0.
53; 0.
54; 0.
55; 15.
56; 0.
57; 0.
58; 0.
59; 0.
60; 0.
61; 0.
================================================================================
Generation 5

--------------------------------------------------------------------------------
Selection

0; 8
1; 5
2; 34
3; 36
4; 21
5; 47
6; 26
7; 1
8; 54
9; 43
10; 15
11; 50
12; 59
13; 41
14; 29
15; 36
16; 49
17; 58
18; 29
19; 27
20; 29
21; 23
22; 9
23; 38
24; 56
25; 16
26; 45
27; 20
28; 39
29; 18
30; 15
31; 58
32; 45
33; 27
34; 18
35; 20
36; 26
37; 46
38; 19
39; 19
--------------------------------------------------------------------------------
Crossover

0; 45; d(74) r(6,71) r(5,90) d(69) r(72,73)
1; 36; d(6) d(71) d(73) r(67,62) a(34,43)
2; 54, 9; d(6) d(35)
3; 54, 9; d(29) r(6,88) r(72,104) r(67,52) r(64,62) d(6) a(71,57) r(64,62) d(6) d(34)
4; 54; d(6) a(71,57) r(64,62) d(6) d(34)
5; 9; d(29) r(6,88) r(72,104) r(67,52) r(64,62) d(6) d(35)
6; 47; d(6) a(34,53) d(35) r(74,52)
7; 46; d(66) d(64) r(5,39) d(29) a(35,53)
8; 15, 43; d(74) r(6,71) r(5,90) d(69) a(67,63) a(71,57) r(66,40) r(69,90) r(29,45)
9; 15, 43; d(74) r(6,71)
10; 15; d(74) r(6,71) r(5,90) d(69) a(67,63)
11; 43; d(74) r(6,71) a(71,57) r(66,40) r(69,90) r(29,45)
12; 5; a(69,50) d(65) r(74,75) r(64,99) a(6,49)
13; 58; d(6) a(74,90) a(5,38) d(65) r(72,76)
14; 56, 18; d(6) d(71) d(73) r(67,62) a(74,43)
15; 56, 18; d(65) a(66,88) r(6,71) a(66,66) r(67,71) a(66,56)
16; 56; d(6) d(71) d(73) r(67,62) a(74,43)
17; 18; d(65) a(66,88) r(6,71) a(66,66) r(67,71) a(66,56)
18; 27, 34; d(65) a(66,88) r(5,90) d(69) r(65,90)
19; 27, 34; d(74) r(6,71) r(6,71) a(66,66) r(67,71) a(34,41)
20; 27; d(65) a(66,88) r(6,71) a(66,66) r(67,71) a(34,41)
21; 34; d(74) r(6,71) r(5,90) d(69) r(65,90)
22; 19; a(6,56) a(67,67) d(69) a(66,88) d(71) d(73) d(64)
23; 39; d(6) a(71,57) r(66,40) d(74) a(73,49)
24; 27, 16; d(65) a(66,88) d(71) d(73) d(35)
25; 27, 16; d(65) a(66,88) r(6,71) d(69) a(66,88) r(6,71) a(66,66) r(67,71) a(34,41)
26; 27; d(65) a(66,88) r(6,71) a(66,66) r(67,71) a(34,41)
27; 16; d(65) a(66,88) r(6,71) d(69) a(66,88) d(71) d(73) d(35)
28; 59, 1; d(66) a(71,57) r(64,62) a(29,70) a(29,38)
29; 59, 1; d(6) a(71,57) r(66,40) r(69,90) d(74)
30; 59; d(66) a(71,57) r(66,40) r(69,90) d(74)
31; 1; d(6) a(71,57) r(64,62) a(29,70) a(29,38)
32; 58; d(6) a(74,90) a(5,38) d(65) r(72,76)
33; 29; d(65) a(66,88) d(71) a(64,63) a(66,76) d(73)
34; 29, 38; d(65) d(73) a(5,55)
35; 29, 38; a(6,56) a(67,67) d(69) a(66,88) d(71) a(66,88) d(71) a(64,63) a(66,76) d(73)
36; 29; d(65) a(66,88) d(71) a(64,63) a(66,76) d(73)
37; 38; a(6,56) a(67,67) d(69) a(66,88) d(71) d(73) a(5,55)
38; 26, 8; d(6) a(71,57) d(71) r(74,75)
39; 26, 8; d(29) a(71,57) d(6) r(35,49) r(72,49)
40; 26; d(6) a(71,57) d(71) r(74,75) r(35,49) r(72,49)
41; 8; d(29) a(71,57) d(6)
42; 23; d(6) d(71) d(73) r(67,62) r(74,44)
43; 20; r(64,40) a(6,6) r(67,62) a(5,46)
44; 29, 45; d(65) a(66,88) d(71) a(64,63) a(66,76) r(5,90) d(69) r(72,73)
45; 29, 45; d(74) r(6,71) d(73)
46; 29; d(65) a(66,88) d(71) a(64,63) a(66,76) d(73)
47; 45; d(74) r(6,71) r(5,90) d(69) r(72,73)
48; 18, 20; d(65) a(66,88) r(6,71) a(66,66) r(67,71) a(66,56) a(6,6) r(67,62) a(5,46)
49; 18, 20; r(64,40)
50; 18; d(65) a(66,88) r(6,71) a(66,66) r(67,71) a(66,56)
51; 20; r(64,40) a(6,6) r(67,62) a(5,46)
52; 26, 49; d(6) r(35,90) d(34)
53; 26, 49; d(6) r(5,57) r(64,45) d(35) d(64) r(5,39) a(71,57) d(71) r(74,75) r(35,49) r(72,49)
54; 26; d(6) a(71,57) d(71) r(74,75) r(35,49) r(72,49)
55; 49; d(6) r(5,57) r(64,45) d(35) d(64) r(5,39) r(35,90) d(34)
56; 21, 50; d(6) d(71) d(73) a(6,39) d(35) r(69,62)
57; 21, 50; d(66) d(64) r(5,39) r(35,90) r(29,44)
58; 21; d(6) d(71) d(73) a(6,39) d(35) r(69,62)
59; 50; d(66) d(64) r(5,39) r(35,90) r(29,44)
60; 19, 15; a(6,56) a(67,67) d(69) a(66,88) d(71) a(67,63)
61; 19, 15; d(74) r(6,71) r(5,90) d(69) d(73) d(64)
62; 19; a(6,56) a(67,67) d(69) a(66,88) d(71) d(73) d(64)
63; 15; d(74) r(6,71) r(5,90) d(69) a(67,63)
64; 36; d(6) d(71) d(73) r(67,62) a(34,43)
65; 41; d(65) a(66,66) a(66,76) r(69,63)
--------------------------------------------------------------------------------
Mutation

0; d(74) r(6,71) r(5,90) d(69) r(72,73) r(29,58)
1; d(6) d(71) d(73) r(67,62) a(34,43) d(5)
2; d(6) d(35) d(29)
3; d(29) r(6,88) r(72,104) r(67,52) r(64,62) d(6) a(71,57) r(64,62) d(6) d(34) r(5,42)
4; d(6) a(71,57) r(64,62) d(6) d(34) r(5,54)
5; d(29) r(6,88) r(72,104) r(67,52) r(64,62) d(6) d(35) r(5,54)
6; d(6) a(34,53) d(35) r(74,52) r(64,40)
7; d(66) d(64) r(5,39) d(29) a(35,53) d(35)
8; d(74) r(6,71) r(5,90) d(69) a(67,63) a(71,57) r(66,40) r(69,90) r(29,45) a(73,40)
9; d(74) r(6,71) d(29)
10; d(74) r(6,71) r(5,90) d(69) a(67,63) r(73,37)
11; d(74) r(6,71) a(71,57) r(66,40) r(69,90) r(29,45) d(73)
12; a(69,50) d(65) r(74,75) r(64,99) a(6,49) d(6)
13; d(6) a(74,90) a(5,38) d(65) r(72,76) a(71,45)
14; d(6) d(71) d(73) r(67,62) a(74,43) r(5,57)
15; d(65) a(66,88) r(6,71) a(66,66) r(67,71) a(66,56) d(71)
16; d(6) d(71) d(73) r(67,62) a(74,43) a(69,90)
17; d(65) a(66,88) r(6,71) a(66,66) r(67,71) a(66,56) a(29,50)
18; d(65) a(66,88) r(5,90) d(69) r(65,90) a(72,104)
19; d(74) r(6,71) r(6,71) a(66,66) r(67,71) a(34,41) a(69,105)
20; d(65) a(66,88) r(6,71) a(66,66) r(67,71) a(34,41) r(5,99)
21; d(74) r(6,71) r(5,90) d(69) r(65,90) r(72,56)
22; a(6,56) a(67,67) d(69) a(66,88) d(71) d(73) d(64) d(35)
23; d(6) a(71,57) r(66,40) d(74) a(73,49) a(34,46)
24; d(65) a(66,88) d(71) d(73) d(35) d(34)
25; d(65) a(66,88) r(6,71) d(69) a(66,88) r(6,71) a(66,66) r(67,71) a(34,41) r(35,36)
26; d(65) a(66,88) r(6,71) a(66,66) r(67,71) a(34,41) d(35)
27; d(65) a(66,88) r(6,71) d(69) a(66,88) d(71) d(73) d(35) a(67,70)
28; d(66) a(71,57) r(64,62) a(29,70) a(29,38) d(29)
29; d(6) a(71,57) r(66,40) r(69,90) d(74) r(5,41)
30; d(66) a(71,57) r(66,40) r(69,90) d(74) d(35)
31; d(6) a(71,57) r(64,62) a(29,70) a(29,38) r(35,58)
32; d(6) a(74,90) a(5,38) d(65) r(72,76) a(69,34)
33; d(65) a(66,88) d(71) a(64,63) a(66,76) d(73) r(69,43)
34; d(65) d(73) a(5,55) a(6,105)
35; a(6,56) a(67,67) d(69) a(66,88) d(71) a(66,88) d(71) a(64,63) a(66,76) d(73) d(74)
36; d(65) a(66,88) d(71) a(64,63) a(66,76) d(73) r(69,67)
37; a(6,56) a(67,67) d(69) a(66,88) d(71) d(73) a(5,55) r(66,90)
38; d(6) a(71,57) d(71) r(74,75) r(64,76)
39; d(29) a(71,57) d(6) r(35,49) r(72,49) d(69)
40; d(6) a(71,57) d(71) r(74,75) r(35,49) r(72,49) r(5,54)
41; d(29) a(71,57) d(6) d(73)
42; d(6) d(71) d(73) r(67,62) r(74,44) d(64)
43; r(64,40) a(6,6) r(67,62) a(5,46) r(6,63)
44; d(65) a(66,88) d(71) a(64,63) a(66,76) r(5,90) d(69) r(72,73) a(35,47)
45; d(74) r(6,71) d(73) a(72,66)
46; d(65) a(66,88) d(71) a(64,63) a(66,76) d(73) d(67)
47; d(74) r(6,71) r(5,90) d(69) r(72,73) a(29,62)
48; d(65) a(66,88) r(6,71) a(66,66) r(67,71) a(66,56) a(6,6) r(67,62) a(5,46) d(71)
49; r(64,40) r(5,104)
50; d(65) a(66,88) r(6,71) a(66,66) r(67,71) a(66,56) a(66,65)
51; r(64,40) a(6,6) r(67,62) a(5,46) a(6,34)
52; d(6) r(35,90) d(34) r(69,57)
53; d(6) r(5,57) r(64,45) d(35) d(64) r(5,39) a(71,57) d(71) r(74,75) r(35,49) r(72,49) r(34,63)
54; d(6) a(71,57) d(71) r(74,75) r(35,49) r(72,49) d(29)
55; d(6) r(5,57) r(64,45) d(35) d(64) r(5,39) r(35,90) d(34) r(29,45)
56; d(6) d(71) d(73) a(6,39) d(35) r(69,62) d(72)
57; d(66) d(64) r(5,39) r(35,90) r(29,44)
58; d(6) d(71) d(73) a(6,39) d(35) r(69,62) a(5,46)
59; d(66) d(64) r(5,39) r(35,90) r(29,44)
60; a(6,56) a(67,67) d(69) a(66,88) d(71) a(67,63) d(72)
61; d(74) r(6,71) r(5,90) d(69) d(73) d(64) a(29,55)
62; a(6,56) a(67,67) d(69) a(66,88) d(71) d(73) d(64) a(34,55)
63; d(74) r(6,71) r(5,90) d(69) a(67,63) d(65)
64; d(6) d(71) d(73) r(67,62) a(34,43) r(66,105)
65; d(65) a(66,66) a(66,76) r(69,63) d(6)
--------------------------------------------------------------------------------
Evaluation

0; 0.
1; 15.
2; 0.
3; 0.
4; 0.
5; 15.
6; 0.
7; 0.
8; 0.
9; 0.
10; 15.
11; 0.
12; 0.
13; 0.
14; 15.
15; 0.
16; 0.
17; 0.
18; 0.
19; 0.
20; 0.
21; 15.
22; 15.
23; 0.
24; 15.
25; 0.
26; 0.
27; 0.
28; 0.
29; 0.
30; 15.
31; 0.
32; 0.
33; 0.
34; 0.
35; 0.
36; 0.
37; 0.
38; 0.
39; 0.
40; 15.
41; 0.
42; 0.
43; 0.
44; 0.
45; 0.
46; 0.
47; 0.
48; 0.
49; 15.
50; 0.
51; 0.
52; 0.
53; 0.
54; 0.
55; 0.
56; 0.
57; 0.
58; 0.
59; 0.
60; 0.
61; 0.
62; 0.
63; 0.
64; 0.
65; 0.
================================================================================
Generation 6

--------------------------------------------------------------------------------
Selection

0; 60
1; 64
2; 30
3; 42
4; 12
5; 24
6; 38
7; 56
8; 23
9; 41
10; 54
11; 37
12; 56
13; 7
14; 44
15; 65
16; 2
17; 51
18; 17
19; 63
20; 61
21; 16
22; 56
23; 17
24; 61
25; 58
26; 43
27; 46
28; 11
29; 18
30; 56
31; 53
32; 19
33; 25
34; 48
35; 36
36; 3
37; 59
38; 55
39; 25
--------------------------------------------------------------------------------
Crossover

0; 7, 43; d(66) d(64) r(5,39) d(29) a(35,53) d(35) r(6,63)
1; 7, 43; r(64,40) a(6,6) r(67,62) a(5,46)
2; 7; d(66) d(64) r(5,39) d(29) a(35,53) d(35)
3; 43; r(64,40) a(6,6) r(67,62) a(5,46) r(6,63)
4; 48, 53; d(65) a(66,88) r(6,71) a(66,66) r(67,71) a(66,56) r(72,49) r(34,63)
5; 48, 53; d(6) r(5,57) r(64,45) d(35) d(64) r(5,39) a(71,57) d(71) r(74,75) r(35,49) a(6,6) r(67,62) a(5,46) d(71)
6; 48; d(65) a(66,88) r(6,71) a(66,66) r(67,71) a(66,56) a(6,6) r(67,62) a(5,46) d(71)
7; 53; d(6) r(5,57) r(64,45) d(35) d(64) r(5,39) a(71,57) d(71) r(74,75) r(35,49) r(72,49) r(34,63)
8; 25, 56; d(65) a(66,88) r(6,71) d(69) a(66,88) r(6,71) a(66,66) r(67,71) d(35) r(69,62) d(72)
9; 25, 56; d(6) d(71) d(73) a(6,39) a(34,41) r(35,36)
10; 25; d(65) a(66,88) r(6,71) d(69) a(66,88) r(6,71) a(66,66) r(67,71) a(34,41) r(35,36)
11; 56; d(6) d(71) d(73) a(6,39) d(35) r(69,62) d(72)
12; 17; d(65) a(66,88) r(6,71) a(66,66) r(67,71) a(66,56) a(29,50)
13; 56; d(6) d(71) d(73) a(6,39) d(35) r(69,62) d(72)
14; 46, 61; d(65) a(66,88) d(69) d(73) d(64) a(29,55)
15; 46, 61; d(74) r(6,71) r(5,90) d(71) a(64,63) a(66,76) d(73) d(67)
16; 46; d(65) a(66,88) d(71) a(64,63) a(66,76) d(73) d(67)
17; 61; d(74) r(6,71) r(5,90) d(69) d(73) d(64) a(29,55)
18; 37, 25; a(6,56) d(69) a(66,88) r(6,71) a(66,66) r(67,71) a(34,41) r(35,36)
19; 37, 25; d(65) a(66,88) r(6,71) a(67,67) d(69) a(66,88) d(71) d(73) a(5,55) r(66,90)
20; 37; a(6,56) a(67,67) d(69) a(66,88) d(71) d(73) a(5,55) r(66,90)
21; 25; d(65) a(66,88) r(6,71) d(69) a(66,88) r(6,71) a(66,66) r(67,71) a(34,41) r(35,36)
22; 12, 3; a(69,50) d(65) r(74,75) r(6,88) r(72,104) r(67,52) r(64,62) d(6) a(71,57) r(64,62) d(6) d(34) r(5,42)
23; 12, 3; d(29) r(64,99) a(6,49) d(6)
24; 12; a(69,50) d(65) r(74,75) r(64,99) a(6,49) d(6)
25; 3; d(29) r(6,88) r(72,104) r(67,52) r(64,62) d(6) a(71,57) r(64,62) d(6) d(34) r(5,42)
26; 11; d(74) r(6,71) a(71,57) r(66,40) r(69,90) r(29,45) d(73)
27; 54; d(6) a(71,57) d(71) r(74,75) r(35,49) r(72,49) d(29)
28; 16, 60; d(6) d(71) d(73) r(67,62) a(74,43) a(69,90) a(67,63) d(72)
29; 16, 60; a(6,56) a(67,67) d(69) a(66,88) d(71)
30; 16; d(6) d(71) d(73) r(67,62) a(74,43) a(69,90)
31; 60; a(6,56) a(67,67) d(69) a(66,88) d(71) a(67,63) d(72)
32; 44; d(65) a(66,88) d(71) a(64,63) a(66,76) r(5,90) d(69) r(72,73) a(35,47)
33; 41; d(29) a(71,57) d(6) d(73)
34; 56; d(6) d(71) d(73) a(6,39) d(35) r(69,62) d(72)
35; 59; d(66) d(64) r(5,39) r(35,90) r(29,44)
36; 61; d(74) r(6,71) r(5,90) d(69) d(73) d(64) a(29,55)
37; 17; d(65) a(66,88) r(6,71) a(66,66) r(67,71) a(66,56) a(29,50)
38; 56; d(6) d(71) d(73) a(6,39) d(35) r(69,62) d(72)
39; 55; d(6) r(5,57) r(64,45) d(35) d(64) r(5,39) r(35,90) d(34) r(29,45)
40; 64; d(6) d(71) d(73) r(67,62) a(34,43) r(66,105)
41; 42; d(6) d(71) d(73) r(67,62) r(74,44) d(64)
42; 58, 2; d(6) d(29)
43; 58, 2; d(6) d(35) d(71) d(73) a(6,39) d(35) r(69,62) a(5,46)
44; 58; d(6) d(71) d(73) a(6,39) d(35) r(69,62) a(5,46)
45; 2; d(6) d(35) d(29)
46; 19, 36; d(74) r(6,71) r(6,71) a(66,66) r(67,71) a(34,41) a(69,105) d(71) a(64,63) a(66,76) d(73) r(69,67)
47; 19, 36; d(65) a(66,88)
48; 19; d(74) r(6,71) r(6,71) a(66,66) r(67,71) a(34,41) a(69,105)
49; 36; d(65) a(66,88) d(71) a(64,63) a(66,76) d(73) r(69,67)
50; 51; r(64,40) a(6,6) r(67,62) a(5,46) a(6,34)
51; 65; d(65) a(66,66) a(66,76) r(69,63) d(6)
52; 18; d(65) a(66,88) r(5,90) d(69) r(65,90) a(72,104)
53; 23; d(6) a(71,57) r(66,40) d(74) a(73,49) a(34,46)
54; 38, 30; d(6) a(71,57) a(71,57) r(66,40) r(69,90) d(74) d(35)
55; 38, 30; d(66) d(71) r(74,75) r(64,76)
56; 38; d(6) a(71,57) d(71) r(74,75) r(64,76)
57; 30; d(66) a(71,57) r(66,40) r(69,90) d(74) d(35)
58; 24; d(65) a(66,88) d(71) d(73) d(35) d(34)
59; 63; d(74) r(6,71) r(5,90) d(69) a(67,63) d(65)
--------------------------------------------------------------------------------
Mutation

0; d(66) d(64) r(5,39) d(29) a(35,53) d(35) r(6,63)
1; r(64,40) a(6,6) r(67,62) a(5,46) a(5,88)
2; d(66) d(64) r(5,39) d(29) a(35,53) d(35)
3; r(64,40) a(6,6) r(67,62) a(5,46) r(6,63) d(34)
4; d(65) a(66,88) r(6,71) a(66,66) r(67,71) a(66,56) r(72,49) r(34,63) d(69)
5; d(6) r(5,57) r(64,45) d(35) d(64) r(5,39) a(71,57) d(71) r(74,75) r(35,49) a(6,6) r(67,62) a(5,46) d(71) a(29,63)
6; d(65) a(66,88) r(6,71) a(66,66) r(67,71) a(66,56) a(6,6) r(67,62) a(5,46) d(71) r(64,55)
7; d(6) r(5,57) r(64,45) d(35) d(64) r(5,39) a(71,57) d(71) r(74,75) r(35,49) r(72,49) r(34,63) d(29)
8; d(65) a(66,88) r(6,71) d(69) a(66,88) r(6,71) a(66,66) r(67,71) d(35) r(69,62) d(72) a(66,38)
9; d(6) d(71) d(73) a(6,39) a(34,41) r(35,36) a(34,42)
10; d(65) a(66,88) r(6,71) d(69) a(66,88) r(6,71) a(66,66) r(67,71) a(34,41) r(35,36) a(72,56)
11; d(6) d(71) d(73) a(6,39) d(35) r(69,62) d(72) r(34,88)
12; d(65) a(66,88) r(6,71) a(66,66) r(67,71) a(66,56) a(29,50) d(64)
13; d(6) d(71) d(73) a(6,39) d(35) r(69,62) d(72) a(65,44)
14; d(65) a(66,88) d(69) d(73) d(64) a(29,55) r(6,99)
15; d(74) r(6,71) r(5,90) d(71) a(64,63) a(66,76) d(73) d(67) d(69)
16; d(65) a(66,88) d(71) a(64,63) a(66,76) d(73) d(67) a(66,49)
17; d(74) r(6,71) r(5,90) d(69) d(73) d(64) a(29,55) r(35,90)
18; a(6,56) d(69) a(66,88) r(6,71) a(66,66) r(67,71) a(34,41) r(35,36) r(29,55)
19; d(65) a(66,88) r(6,71) a(67,67) d(69) a(66,88) d(71) d(73) a(5,55) r(66,90) a(74,62)
20; a(6,56) a(67,67) d(69) a(66,88) d(71) d(73) a(5,55) r(66,90) a(6,53)
21; d(65) a(66,88) r(6,71) d(69) a(66,88) r(6,71) a(66,66) r(67,71) a(34,41) r(35,36) a(73,105)
22; a(69,50) d(65) r(74,75) r(6,88) r(72,104) r(67,52) r(64,62) d(6) a(71,57) r(64,62) d(6) d(34) r(5,42) r(29,47)
23; d(29) r(64,99) a(6,49) d(6) r(35,41)
24; a(69,50) d(65) r(74,75) r(64,99) a(6,49) d(6) r(5,70)
25; d(29) r(6,88) r(72,104) r(67,52) r(64,62) d(6) a(71,57) r(64,62) d(6) d(34) r(5,42) r(35,56)
26; d(74) r(6,71) a(71,57) r(66,40) r(69,90) r(29,45) d(73) a(65,99)
27; d(6) a(71,57) d(71) r(74,75) r(35,49) r(72,49) d(29) r(64,45)
28; d(6) d(71) d(73) r(67,62) a(74,43) a(69,90) a(67,63) d(72) r(74,65)
29; a(6,56) a(67,67) d(69) a(66,88) d(71) d(72)
30; d(6) d(71) d(73) r(67,62) a(74,43) a(69,90) r(72,37)
31; a(6,56) a(67,67) d(69) a(66,88) d(71) a(67,63) d(72) a(6,40)
32; d(65) a(66,88) d(71) a(64,63) a(66,76) r(5,90) d(69) r(72,73) a(35,47) d(35)
33; d(29) a(71,57) d(6) d(73) a(74,70)
34; d(6) d(71) d(73) a(6,39) d(35) r(69,62) d(72) r(64,71)
35; d(66) d(64) r(5,39) r(35,90) r(29,44)
36; d(74) r(6,71) r(5,90) d(69) d(73) d(64) a(29,55) d(29)
37; d(65) a(66,88) r(6,71) a(66,66) r(67,71) a(66,56) a(29,50) d(5)
38; d(6) d(71) d(73) a(6,39) d(35) r(69,62) d(72) r(64,38)
39; d(6) r(5,57) r(64,45) d(35) d(64) r(5,39) r(35,90) d(34) r(29,45)
40; d(6) d(71) d(73) r(67,62) a(34,43) r(66,105) r(5,88)
41; d(6) d(71) d(73) r(67,62) r(74,44) d(64) d(34)
42; d(6) d(29) d(72)
43; d(6) d(35) d(71) d(73) a(6,39) d(35) r(69,62) a(5,46) a(67,104)
44; d(6) d(71) d(73) a(6,39) d(35) r(69,62) a(5,46) a(34,5)
45; d(6) d(35) d(29) d(72)
46; d(74) r(6,71) r(6,71) a(66,66) r(67,71) a(34,41) a(69,105) d(71) a(64,63) a(66,76) d(73) r(69,67) a(34,29)
47; d(65) a(66,88) d(6)
48; d(74) r(6,71) r(6,71) a(66,66) r(67,71) a(34,41) a(69,105) a(29,70)
49; d(65) a(66,88) d(71) a(64,63) a(66,76) d(73) r(69,67) d(5)
50; r(64,40) a(6,6) r(67,62) a(5,46) a(6,34) r(6,59)
51; d(65) a(66,66) a(66,76) r(69,63) d(6) d(67)
52; d(65) a(66,88) r(5,90) d(69) r(65,90) a(72,104) a(72,88)
53; d(6) a(71,57) r(66,40) d(74) a(73,49) a(34,46) d(69)
54; d(6) a(71,57) a(71,57) r(66,40) r(69,90) d(74) d(35) a(65,52)
55; d(66) d(71) r(74,75) r(64,76) d(29)
56; d(6) a(71,57) d(71) r(74,75) r(64,76) d(34)
57; d(66) a(71,57) r(66,40) r(69,90) d(74) d(35) r(5,50)
58; d(65) a(66,88) d(71) d(73) d(35) d(34) a(74,90)
59; d(74) r(6,71) r(5,90) d(69) a(67,63) d(65) a(35,57)
--------------------------------------------------------------------------------
Evaluation

0; 0.
1; 0.
2; 0.
3; 0.
4; 0.
5; 0.
6; 0.
7; 0.
8; 0.
9; 0.
10; 0.
11; 0.
12; 0.
13; 0.
14; 0.
15; 0.
16; 0.
17; 0.
18; 15.
19; 0.
20; 0.
21; 0.
22; 0.
23; 0.
24; 0.
25; 15.
26; 0.
27; 0.
28; 0.
29; 0.
30; 0.
31; 0.
32; 0.
33; 0.
34; 0.
35; 0.
36; 0.
37; 15.
38; 0.
39; 0.
40; 15.
41; 0.
42; 0.
43; 0.
44; 0.
45; 0.
46; 0.
47; 0.
48; 0.
49; 0.
50; 0.
51; 0.
52; 0.
53; 0.
54; 0.
55; 0.
56; 0.
57; 0.
58; 15.
59; 0.
================================================================================
Generation 7

--------------------------------------------------------------------------------
Selection

0; 12
1; 55
2; 33
3; 3
4; 57
5; 1
6; 23
7; 42
8; 4
9; 59
10; 7
11; 3
12; 45
13; 14
14; 2
15; 50
16; 17
17; 12
18; 26
19; 56
20; 24
21; 24
22; 23
23; 53
24; 47
25; 57
26; 6
27; 24
28; 9
29; 9
30; 39
31; 21
32; 49
33; 38
34; 11
35; 7
36; 0
37; 48
38; 6
39; 42
--------------------------------------------------------------------------------
Crossover

0; 50, 38; r(64,40) a(6,6) d(35) r(69,62) d(72) r(64,38)
1; 50, 38; d(6) d(71) d(73) a(6,39) r(67,62) a(5,46) a(6,34) r(6,59)
2; 50; r(64,40) a(6,6) r(67,62) a(5,46) a(6,34) r(6,59)
3; 38; d(6) d(71) d(73) a(6,39) d(35) r(69,62) d(72) r(64,38)
4; 49; d(65) a(66,88) d(71) a(64,63) a(66,76) d(73) r(69,67) d(5)
5; 6; d(65) a(66,88) r(6,71) a(66,66) r(67,71) a(66,56) a(6,6) r(67,62) a(5,46) d(71) r(64,55)
6; 23; d(29) r(64,99) a(6,49) d(6) r(35,41)
7; 0; d(66) d(64) r(5,39) d(29) a(35,53) d(35) r(6,63)
8; 11; d(6) d(71) d(73) a(6,39) d(35) r(69,62) d(72) r(34,88)
9; 12; d(65) a(66,88) r(6,71) a(66,66) r(67,71) a(66,56) a(29,50) d(64)
10; 48; d(74) r(6,71) r(6,71) a(66,66) r(67,71) a(34,41) a(69,105) a(29,70)
11; 2; d(66) d(64) r(5,39) d(29) a(35,53) d(35)
12; 3; r(64,40) a(6,6) r(67,62) a(5,46) r(6,63) d(34)
13; 3; r(64,40) a(6,6) r(67,62) a(5,46) r(6,63) d(34)
14; 4; d(65) a(66,88) r(6,71) a(66,66) r(67,71) a(66,56) r(72,49) r(34,63) d(69)
15; 55; d(66) d(71) r(74,75) r(64,76) d(29)
16; 59; d(74) r(6,71) r(5,90) d(69) a(67,63) d(65) a(35,57)
17; 7; d(6) r(5,57) r(64,45) d(35) d(64) r(5,39) a(71,57) d(71) r(74,75) r(35,49) r(72,49) r(34,63) d(29)
18; 24; a(69,50) d(65) r(74,75) r(64,99) a(6,49) d(6) r(5,70)
19; 9; d(6) d(71) d(73) a(6,39) a(34,41) r(35,36) a(34,42)
20; 26, 39; d(74) r(6,71) a(71,57) r(66,40) r(69,90) r(35,90) d(34) r(29,45)
21; 26, 39; d(6) r(5,57) r(64,45) d(35) d(64) r(5,39) r(29,45) d(73) a(65,99)
22; 26; d(74) r(6,71) a(71,57) r(66,40) r(69,90) r(29,45) d(73) a(65,99)
23; 39; d(6) r(5,57) r(64,45) d(35) d(64) r(5,39) r(35,90) d(34) r(29,45)
24; 6, 57; d(65) a(66,88) r(6,71) a(66,66) r(67,71) a(66,56) a(6,6) r(67,62) a(5,46)
25; 6, 57; d(66) a(71,57) r(66,40) r(69,90) d(74) d(35) r(5,50) d(71) r(64,55)
26; 6; d(65) a(66,88) r(6,71) a(66,66) r(67,71) a(66,56) a(6,6) r(67,62) a(5,46) d(71) r(64,55)
27; 57; d(66) a(71,57) r(66,40) r(69,90) d(74) d(35) r(5,50)
28; 12, 24; d(65) a(66,88) r(6,71) a(66,66) r(67,71) a(66,56) a(29,50) d(64) d(6) r(5,70)
29; 12, 24; a(69,50) d(65) r(74,75) r(64,99) a(6,49)
30; 12; d(65) a(66,88) r(6,71) a(66,66) r(67,71) a(66,56) a(29,50) d(64)
31; 24; a(69,50) d(65) r(74,75) r(64,99) a(6,49) d(6) r(5,70)
32; 7, 47; d(6) r(5,57) r(64,45) d(35) d(64) r(5,39) a(71,57) d(71) r(74,75) r(35,49) r(72,49) r(34,63) d(29)
33; 7, 47; d(65) a(66,88) d(6)
34; 7; d(6) r(5,57) r(64,45) d(35) d(64) r(5,39) a(71,57) d(71) r(74,75) r(35,49) r(72,49) r(34,63) d(29)
35; 47; d(65) a(66,88) d(6)
36; 42, 21; d(6) d(69) a(66,88) r(6,71) a(66,66) r(67,71) a(34,41) r(35,36) a(73,105)
37; 42, 21; d(65) a(66,88) r(6,71) d(29) d(72)
38; 42; d(6) d(29) d(72)
39; 21; d(65) a(66,88) r(6,71) d(69) a(66,88) r(6,71) a(66,66) r(67,71) a(34,41) r(35,36) a(73,105)
40; 24, 42; a(69,50) d(65) r(74,75)
41; 24, 42; d(6) d(29) d(72) r(64,99) a(6,49) d(6) r(5,70)
42; 24; a(69,50) d(65) r(74,75) r(64,99) a(6,49) d(6) r(5,70)
43; 42; d(6) d(29) d(72)
44; 45, 23; d(6) d(35) d(29) d(6) r(35,41)
45; 45, 23; d(29) r(64,99) a(6,49) d(72)
46; 45; d(6) d(35) d(29) d(72)
47; 23; d(29) r(64,99) a(6,49) d(6) r(35,41)
48; 14; d(65) a(66,88) d(69) d(73) d(64) a(29,55) r(6,99)
49; 17; d(74) r(6,71) r(5,90) d(69) d(73) d(64) a(29,55) r(35,90)
50; 9; d(6) d(71) d(73) a(6,39) a(34,41) r(35,36) a(34,42)
51; 53; d(6) a(71,57) r(66,40) d(74) a(73,49) a(34,46) d(69)
52; 56; d(6) a(71,57) d(71) r(74,75) r(64,76) d(34)
53; 1; r(64,40) a(6,6) r(67,62) a(5,46) a(5,88)
54; 57, 33; d(66) a(71,57) a(71,57) d(6) d(73) a(74,70)
55; 57, 33; d(29) r(66,40) r(69,90) d(74) d(35) r(5,50)
56; 57; d(66) a(71,57) r(66,40) r(69,90) d(74) d(35) r(5,50)
57; 33; d(29) a(71,57) d(6) d(73) a(74,70)
--------------------------------------------------------------------------------
Mutation

0; r(64,40) a(6,6) d(35) r(69,62) d(72) r(64,38) a(29,88)
1; d(6) d(71) d(73) a(6,39) r(67,62) a(5,46) a(6,34) r(6,59) r(65,49)
2; r(64,40) a(6,6) r(67,62) a(5,46) a(6,34) r(6,59) d(35)
3; d(6) d(71) d(73) a(6,39) d(35) r(69,62) d(72) r(64,38) a(5,76)
4; d(65) a(66,88) d(71) a(64,63) a(66,76) d(73) r(69,67) d(5) a(34,91)
5; d(65) a(66,88) r(6,71) a(66,66) r(67,71) a(66,56) a(6,6) r(67,62) a(5,46) d(71) r(64,55) d(35)
6; d(29) r(64,99) a(6,49) d(6) r(35,41) a(5,35)
7; d(66) d(64) r(5,39) d(29) a(35,53) d(35) r(6,63)
8; d(6) d(71) d(73) a(6,39) d(35) r(69,62) d(72) r(34,88) a(64,74)
9; d(65) a(66,88) r(6,71) a(66,66) r(67,71) a(66,56) a(29,50) d(64) a(34,63)
10; d(74) r(6,71) r(6,71) a(66,66) r(67,71) a(34,41) a(69,105) a(29,70) d(66)
11; d(66) d(64) r(5,39) d(29) a(35,53) d(35)
12; r(64,40) a(6,6) r(67,62) a(5,46) r(6,63) d(34) r(29,35)
13; r(64,40) a(6,6) r(67,62) a(5,46) r(6,63) d(34) d(29)
14; d(65) a(66,88) r(6,71) a(66,66) r(67,71) a(66,56) r(72,49) r(34,63) d(69) r(35,57)
15; d(66) d(71) r(74,75) r(64,76) d(29) d(35)
16; d(74) r(6,71) r(5,90) d(69) a(67,63) d(65) a(35,57) r(73,34)
17; d(6) r(5,57) r(64,45) d(35) d(64) r(5,39) a(71,57) d(71) r(74,75) r(35,49) r(72,49) r(34,63) d(29)
18; a(69,50) d(65) r(74,75) r(64,99) a(6,49) d(6) r(5,70) a(29,70)
19; d(6) d(71) d(73) a(6,39) a(34,41) r(35,36) a(34,42) r(65,75)
20; d(74) r(6,71) a(71,57) r(66,40) r(69,90) r(35,90) d(34) r(29,45) a(64,49)
21; d(6) r(5,57) r(64,45) d(35) d(64) r(5,39) r(29,45) d(73) a(65,99)
22; d(74) r(6,71) a(71,57) r(66,40) r(69,90) r(29,45) d(73) a(65,99) d(64)
23; d(6) r(5,57) r(64,45) d(35) d(64) r(5,39) r(35,90) d(34) r(29,45)
24; d(65) a(66,88) r(6,71) a(66,66) r(67,71) a(66,56) a(6,6) r(67,62) a(5,46) a(73,52)
25; d(66) a(71,57) r(66,40) r(69,90) d(74) d(35) r(5,50) d(71) r(64,55) a(34,43)
26; d(65) a(66,88) r(6,71) a(66,66) r(67,71) a(66,56) a(6,6) r(67,62) a(5,46) d(71) r(64,55) r(29,63)
27; d(66) a(71,57) r(66,40) r(69,90) d(74) d(35) r(5,50) d(65)
28; d(65) a(66,88) r(6,71) a(66,66) r(67,71) a(66,56) a(29,50) d(64) d(6) r(5,70) r(29,54)
29; a(69,50) d(65) r(74,75) r(64,99) a(6,49) d(35)
30; d(65) a(66,88) r(6,71) a(66,66) r(67,71) a(66,56) a(29,50) d(64) d(35)
31; a(69,50) d(65) r(74,75) r(64,99) a(6,49) d(6) r(5,70) a(35,52)
32; d(6) r(5,57) r(64,45) d(35) d(64) r(5,39) a(71,57) d(71) r(74,75) r(35,49) r(72,49) r(34,63) d(29)
33; d(65) a(66,88) d(6) r(74,72)
34; d(6) r(5,57) r(64,45) d(35) d(64) r(5,39) a(71,57) d(71) r(74,75) r(35,49) r(72,49) r(34,63) d(29)
35; d(65) a(66,88) d(6) r(66,76)
36; d(6) d(69) a(66,88) r(6,71) a(66,66) r(67,71) a(34,41) r(35,36) a(73,105) r(34,62)
37; d(65) a(66,88) r(6,71) d(29) d(72) d(64)
38; d(6) d(29) d(72) a(74,63)
39; d(65) a(66,88) r(6,71) d(69) a(66,88) r(6,71) a(66,66) r(67,71) a(34,41) r(35,36) a(73,105) d(73)
40; a(69,50) d(65) r(74,75) a(5,63)
41; d(6) d(29) d(72) r(64,99) a(6,49) d(6) r(5,70) r(35,90)
42; a(69,50) d(65) r(74,75) r(64,99) a(6,49) d(6) r(5,70) r(29,91)
43; d(6) d(29) d(72) r(66,91)
44; d(6) d(35) d(29) d(6) r(35,41) d(73)
45; d(29) r(64,99) a(6,49) d(72) r(6,43)
46; d(6) d(35) d(29) d(72) a(66,74)
47; d(29) r(64,99) a(6,49) d(6) r(35,41) a(5,38)
48; d(65) a(66,88) d(69) d(73) d(64) a(29,55) r(6,99) a(5,41)
49; d(74) r(6,71) r(5,90) d(69) d(73) d(64) a(29,55) r(35,90) a(34,63)
50; d(6) d(71) d(73) a(6,39) a(34,41) r(35,36) a(34,42) d(29)
51; d(6) a(71,57) r(66,40) d(74) a(73,49) a(34,46) d(69) r(34,37)
52; d(6) a(71,57) d(71) r(74,75) r(64,76) d(34) a(5,105)
53; r(64,40) a(6,6) r(67,62) a(5,46) a(5,88) a(29,104)
54; d(66) a(71,57) a(71,57) d(6) d(73) a(74,70) a(35,49)
55; d(29) r(66,40) r(69,90) d(74) d(35) r(5,50) d(72)
56; d(66) a(71,57) r(66,40) r(69,90) d(74) d(35) r(5,50) a(65,55)
57; d(29) a(71,57) d(6) d(73) a(74,70) d(5)
--------------------------------------------------------------------------------
Evaluation

0; 15.
1; 0.
2; 0.
3; 0.
4; 15.
5; 0.
6; 0.
7; 0.
8; 0.
9; 0.
10; 0.
11; 0.
12; 0.
13; 0.
14; 0.
15; 0.
16; 0.
17; 0.
18; 0.
19; 0.
20; 0.
21; 0.
22; 0.
23; 0.
24; 0.
25; 0.
26; 0.
27; 0.
28; 0.
29; 15.
30; 0.
31; 0.
32; 0.
33; 0.
34; 0.
35; 0.
36; 0.
37; 0.
38; 0.
39; 0.
40; 0.
41; 0.
42; 0.
43; 0.
44; 0.
45; 0.
46; 0.
47; 0.
48; 0.
49; 0.
50; 0.
51; 0.
52; 0.
53; 15.
54; 0.
55; 0.
56; 0.
57; 15.
================================================================================
Generation 8

--------------------------------------------------------------------------------
Selection

0; 13
1; 31
2; 56
3; 51
4; 46
5; 24
6; 42
7; 25
8; 18
9; 17
10; 47
11; 11
12; 23
13; 9
14; 31
15; 3
16; 54
17; 26
18; 23
19; 37
20; 18
21; 32
22; 16
23; 49
24; 31
25; 21
26; 35
27; 44
28; 18
29; 2
30; 22
31; 34
32; 15
33; 3
34; 8
35; 26
36; 23
37; 48
38; 1
39; 25
--------------------------------------------------------------------------------
Crossover

0; 31, 13; a(69,50) d(65) r(74,75) r(64,99)
1; 31, 13; r(64,40) a(6,6) r(67,62) a(5,46) r(6,63) d(34) d(29) a(6,49) d(6) r(5,70) a(35,52)
2; 31; a(69,50) d(65) r(74,75) r(64,99) a(6,49) d(6) r(5,70) a(35,52)
3; 13; r(64,40) a(6,6) r(67,62) a(5,46) r(6,63) d(34) d(29)
4; 34, 18; d(6) r(5,57) r(64,45) d(35) d(64) r(5,39) a(71,57) d(71) a(6,49) d(6) r(5,70) a(29,70)
5; 34, 18; a(69,50) d(65) r(74,75) r(64,99) r(74,75) r(35,49) r(72,49) r(34,63) d(29)
6; 34; d(6) r(5,57) r(64,45) d(35) d(64) r(5,39) a(71,57) d(71) r(74,75) r(35,49) r(72,49) r(34,63) d(29)
7; 18; a(69,50) d(65) r(74,75) r(64,99) a(6,49) d(6) r(5,70) a(29,70)
8; 23, 46; d(6) r(5,57) r(64,45) d(29) d(72) a(66,74)
9; 23, 46; d(6) d(35) d(35) d(64) r(5,39) r(35,90) d(34) r(29,45)
10; 23; d(6) r(5,57) r(64,45) d(35) d(64) r(5,39) r(35,90) d(34) r(29,45)
11; 46; d(6) d(35) d(29) d(72) a(66,74)
12; 47; d(29) r(64,99) a(6,49) d(6) r(35,41) a(5,38)
13; 25; d(66) a(71,57) r(66,40) r(69,90) d(74) d(35) r(5,50) d(71) r(64,55) a(34,43)
14; 54, 37; d(66) a(71,57) a(71,57) d(6) d(73) a(74,70) d(72) d(64)
15; 54, 37; d(65) a(66,88) r(6,71) d(29) a(35,49)
16; 54; d(66) a(71,57) a(71,57) d(6) d(73) a(74,70) a(35,49)
17; 37; d(65) a(66,88) r(6,71) d(29) d(72) d(64)
18; 21, 23; d(6) r(5,57) r(64,45) d(35) d(64) r(5,39) r(29,45) r(5,39) r(35,90) d(34) r(29,45)
19; 21, 23; d(6) r(5,57) r(64,45) d(35) d(64) d(73) a(65,99)
20; 21; d(6) r(5,57) r(64,45) d(35) d(64) r(5,39) r(29,45) d(73) a(65,99)
21; 23; d(6) r(5,57) r(64,45) d(35) d(64) r(5,39) r(35,90) d(34) r(29,45)
22; 11; d(66) d(64) r(5,39) d(29) a(35,53) d(35)
23; 51; d(6) a(71,57) r(66,40) d(74) a(73,49) a(34,46) d(69) r(34,37)
24; 49, 26; d(74) r(6,71) r(5,90) d(69) r(29,63)
25; 49, 26; d(65) a(66,88) r(6,71) a(66,66) r(67,71) a(66,56) a(6,6) r(67,62) a(5,46) d(71) r(64,55) d(73) d(64) a(29,55) r(35,90) a(34,63)
26; 49; d(74) r(6,71) r(5,90) d(69) d(73) d(64) a(29,55) r(35,90) a(34,63)
27; 26; d(65) a(66,88) r(6,71) a(66,66) r(67,71) a(66,56) a(6,6) r(67,62) a(5,46) d(71) r(64,55) r(29,63)
28; 22; d(74) r(6,71) a(71,57) r(66,40) r(69,90) r(29,45) d(73) a(65,99) d(64)
29; 32; d(6) r(5,57) r(64,45) d(35) d(64) r(5,39) a(71,57) d(71) r(74,75) r(35,49) r(72,49) r(34,63) d(29)
30; 23, 18; d(6) r(5,57) r(64,45) d(35) d(6) r(5,70) a(29,70)
31; 23, 18; a(69,50) d(65) r(74,75) r(64,99) a(6,49) d(64) r(5,39) r(35,90) d(34) r(29,45)
32; 23; d(6) r(5,57) r(64,45) d(35) d(64) r(5,39) r(35,90) d(34) r(29,45)
33; 18; a(69,50) d(65) r(74,75) r(64,99) a(6,49) d(6) r(5,70) a(29,70)
34; 2; r(64,40) a(6,6) r(67,62) a(5,46) a(6,34) r(6,59) d(35)
35; 48; d(65) a(66,88) d(69) d(73) d(64) a(29,55) r(6,99) a(5,41)
36; 42, 3; a(69,50) d(65) r(74,75) r(64,99) a(6,49) d(6) r(5,70) r(29,91) a(5,76)
37; 42, 3; d(6) d(71) d(73) a(6,39) d(35) r(69,62) d(72) r(64,38)
38; 42; a(69,50) d(65) r(74,75) r(64,99) a(6,49) d(6) r(5,70) r(29,91)
39; 3; d(6) d(71) d(73) a(6,39) d(35) r(69,62) d(72) r(64,38) a(5,76)
40; 25; d(66) a(71,57) r(66,40) r(69,90) d(74) d(35) r(5,50) d(71) r(64,55) a(34,43)
41; 31; a(69,50) d(65) r(74,75) r(64,99) a(6,49) d(6) r(5,70) a(35,52)
42; 31, 17; a(69,50) d(65) r(74,75) r(64,99) a(6,49) d(6) r(5,70) a(35,52) d(29)
43; 31, 17; d(6) r(5,57) r(64,45) d(35) d(64) r(5,39) a(71,57) d(71) r(74,75) r(35,49) r(72,49) r(34,63)
44; 31; a(69,50) d(65) r(74,75) r(64,99) a(6,49) d(6) r(5,70) a(35,52)
45; 17; d(6) r(5,57) r(64,45) d(35) d(64) r(5,39) a(71,57) d(71) r(74,75) r(35,49) r(72,49) r(34,63) d(29)
46; 3; d(6) d(71) d(73) a(6,39) d(35) r(69,62) d(72) r(64,38) a(5,76)
47; 15; d(66) d(71) r(74,75) r(64,76) d(29) d(35)
48; 8; d(6) d(71) d(73) a(6,39) d(35) r(69,62) d(72) r(34,88) a(64,74)
49; 18; a(69,50) d(65) r(74,75) r(64,99) a(6,49) d(6) r(5,70) a(29,70)
50; 35; d(65) a(66,88) d(6) r(66,76)
51; 16; d(74) r(6,71) r(5,90) d(69) a(67,63) d(65) a(35,57) r(73,34)
52; 56; d(66) a(71,57) r(66,40) r(69,90) d(74) d(35) r(5,50) a(65,55)
53; 9; d(65) a(66,88) r(6,71) a(66,66) r(67,71) a(66,56) a(29,50) d(64) a(34,63)
54; 1, 44; d(6) d(71) d(73) a(6,39) d(29) d(6) r(35,41) d(73)
55; 1, 44; d(6) d(35) r(67,62) a(5,46) a(6,34) r(6,59) r(65,49)
56; 1; d(6) d(71) d(73) a(6,39) r(67,62) a(5,46) a(6,34) r(6,59) r(65,49)
57; 44; d(6) d(35) d(29) d(6) r(35,41) d(73)
58; 26, 24; d(65) a(66,88) r(6,71) r(67,71) a(66,56) a(6,6) r(67,62) a(5,46) a(73,52)
59; 26, 24; d(65) a(66,88) r(6,71) a(66,66) a(66,66) r(67,71) a(66,56) a(6,6) r(67,62) a(5,46) d(71) r(64,55) r(29,63)
60; 26; d(65) a(66,88) r(6,71) a(66,66) r(67,71) a(66,56) a(6,6) r(67,62) a(5,46) d(71) r(64,55) r(29,63)
61; 24; d(65) a(66,88) r(6,71) a(66,66) r(67,71) a(66,56) a(6,6) r(67,62) a(5,46) a(73,52)
--------------------------------------------------------------------------------
Mutation

0; a(69,50) d(65) r(74,75) r(64,99) d(35)
1; r(64,40) a(6,6) r(67,62) a(5,46) r(6,63) d(34) d(29) a(6,49) d(6) r(5,70) a(35,52) d(35)
2; a(69,50) d(65) r(74,75) r(64,99) a(6,49) d(6) r(5,70) a(35,52) d(29)
3; r(64,40) a(6,6) r(67,62) a(5,46) r(6,63) d(34) d(29) r(35,50)
4; d(6) r(5,57) r(64,45) d(35) d(64) r(5,39) a(71,57) d(71) a(6,49) d(6) r(5,70) a(29,70) a(34,104)
5; a(69,50) d(65) r(74,75) r(64,99) r(74,75) r(35,49) r(72,49) r(34,63) d(29) a(5,54)
6; d(6) r(5,57) r(64,45) d(35) d(64) r(5,39) a(71,57) d(71) r(74,75) r(35,49) r(72,49) r(34,63) d(29)
7; a(69,50) d(65) r(74,75) r(64,99) a(6,49) d(6) r(5,70) a(29,70) r(29,56)
8; d(6) r(5,57) r(64,45) d(29) d(72) a(66,74) d(35)
9; d(6) d(35) d(35) d(64) r(5,39) r(35,90) d(34) r(29,45)
10; d(6) r(5,57) r(64,45) d(35) d(64) r(5,39) r(35,90) d(34) r(29,45)
11; d(6) d(35) d(29) d(72) a(66,74) a(66,55)
12; d(29) r(64,99) a(6,49) d(6) r(35,41) a(5,38) d(5)
13; d(66) a(71,57) r(66,40) r(69,90) d(74) d(35) r(5,50) d(71) r(64,55) a(34,43) r(29,70)
14; d(66) a(71,57) a(71,57) d(6) d(73) a(74,70) d(72) d(64) a(34,57)
15; d(65) a(66,88) r(6,71) d(29) a(35,49) r(5,62)
16; d(66) a(71,57) a(71,57) d(6) d(73) a(74,70) a(35,49) d(65)
17; d(65) a(66,88) r(6,71) d(29) d(72) d(64) r(35,5)
18; d(6) r(5,57) r(64,45) d(35) d(64) r(5,39) r(29,45) r(5,39) r(35,90) d(34) r(29,45)
19; d(6) r(5,57) r(64,45) d(35) d(64) d(73) a(65,99) a(29,53)
20; d(6) r(5,57) r(64,45) d(35) d(64) r(5,39) r(29,45) d(73) a(65,99)
21; d(6) r(5,57) r(64,45) d(35) d(64) r(5,39) r(35,90) d(34) r(29,45)
22; d(66) d(64) r(5,39) d(29) a(35,53) d(35)
23; d(6) a(71,57) r(66,40) d(74) a(73,49) a(34,46) d(69) r(34,37) a(5,52)
24; d(74) r(6,71) r(5,90) d(69) r(29,63) d(66)
25; d(65) a(66,88) r(6,71) a(66,66) r(67,71) a(66,56) a(6,6) r(67,62) a(5,46) d(71) r(64,55) d(73) d(64) a(29,55) r(35,90) a(34,63) a(5,34)
26; d(74) r(6,71) r(5,90) d(69) d(73) d(64) a(29,55) r(35,90) a(34,63) d(29)
27; d(65) a(66,88) r(6,71) a(66,66) r(67,71) a(66,56) a(6,6) r(67,62) a(5,46) d(71) r(64,55) r(29,63) d(35)
28; d(74) r(6,71) a(71,57) r(66,40) r(69,90) r(29,45) d(73) a(65,99) d(64) r(35,29)
29; d(6) r(5,57) r(64,45) d(35) d(64) r(5,39) a(71,57) d(71) r(74,75) r(35,49) r(72,49) r(34,63) d(29)
30; d(6) r(5,57) r(64,45) d(35) d(6) r(5,70) a(29,70) a(29,42)
31; a(69,50) d(65) r(74,75) r(64,99) a(6,49) d(64) r(5,39) r(35,90) d(34) r(29,45)
32; d(6) r(5,57) r(64,45) d(35) d(64) r(5,39) r(35,90) d(34) r(29,45)
33; a(69,50) d(65) r(74,75) r(64,99) a(6,49) d(6) r(5,70) a(29,70) a(34,47)
34; r(64,40) a(6,6) r(67,62) a(5,46) a(6,34) r(6,59) d(35) a(5,105)
35; d(65) a(66,88) d(69) d(73) d(64) a(29,55) r(6,99) a(5,41) r(29,49)
36; a(69,50) d(65) r(74,75) r(64,99) a(6,49) d(6) r(5,70) r(29,91) a(5,76) d(35)
37; d(6) d(71) d(73) a(6,39) d(35) r(69,62) d(72) r(64,38) a(29,67)
38; a(69,50) d(65) r(74,75) r(64,99) a(6,49) d(6) r(5,70) r(29,91) d(35)
39; d(6) d(71) d(73) a(6,39) d(35) r(69,62) d(72) r(64,38) a(5,76) a(29,70)
40; d(66) a(71,57) r(66,40) r(69,90) d(74) d(35) r(5,50) d(71) r(64,55) a(34,43) a(29,5)
41; a(69,50) d(65) r(74,75) r(64,99) a(6,49) d(6) r(5,70) a(35,52) d(34)
42; a(69,50) d(65) r(74,75) r(64,99) a(6,49) d(6) r(5,70) a(35,52) d(29) d(35)
43; d(6) r(5,57) r(64,45) d(35) d(64) r(5,39) a(71,57) d(71) r(74,75) r(35,49) r(72,49) r(34,63) r(29,104)
44; a(69,50) d(65) r(74,75) r(64,99) a(6,49) d(6) r(5,70) a(35,52) d(34)
45; d(6) r(5,57) r(64,45) d(35) d(64) r(5,39) a(71,57) d(71) r(74,75) r(35,49) r(72,49) r(34,63) d(29)
46; d(6) d(71) d(73) a(6,39) d(35) r(69,62) d(72) r(64,38) a(5,76) a(5,38)
47; d(66) d(71) r(74,75) r(64,76) d(29) d(35) a(5,56)
48; d(6) d(71) d(73) a(6,39) d(35) r(69,62) d(72) r(34,88) a(64,74) r(74,65)
49; a(69,50) d(65) r(74,75) r(64,99) a(6,49) d(6) r(5,70) a(29,70) d(35)
50; d(65) a(66,88) d(6) r(66,76) r(69,76)
51; d(74) r(6,71) r(5,90) d(69) a(67,63) d(65) a(35,57) r(73,34) r(34,99)
52; d(66) a(71,57) r(66,40) r(69,90) d(74) d(35) r(5,50) a(65,55) r(64,49)
53; d(65) a(66,88) r(6,71) a(66,66) r(67,71) a(66,56) a(29,50) d(64) a(34,63) r(29,47)
54; d(6) d(71) d(73) a(6,39) d(29) d(6) r(35,41) d(73) a(69,69)
55; d(6) d(35) r(67,62) a(5,46) a(6,34) r(6,59) r(65,49) a(74,76)
56; d(6) d(71) d(73) a(6,39) r(67,62) a(5,46) a(6,34) r(6,59) r(65,49) d(35)
57; d(6) d(35) d(29) d(6) r(35,41) d(73) r(71,91)
58; d(65) a(66,88) r(6,71) r(67,71) a(66,56) a(6,6) r(67,62) a(5,46) a(73,52) d(71)
59; d(65) a(66,88) r(6,71) a(66,66) a(66,66) r(67,71) a(66,56) a(6,6) r(67,62) a(5,46) d(71) r(64,55) r(29,63) d(35)
60; d(65) a(66,88) r(6,71) a(66,66) r(67,71) a(66,56) a(6,6) r(67,62) a(5,46) d(71) r(64,55) r(29,63) d(35)
61; d(65) a(66,88) r(6,71) a(66,66) r(67,71) a(66,56) a(6,6) r(67,62) a(5,46) a(73,52) r(29,67)
--------------------------------------------------------------------------------
Evaluation

0; 15.
1; 0.
2; 0.
3; 15.
4; 15.
5; 15.
6; 0.
7; 0.
8; 0.
9; 0.
10; 0.
11; 0.
12; 15.
13; 0.
14; 0.
15; 0.
16; 0.
17; 0.
18; 0.
19; 15.
20; 0.
21; 0.
22; 0.
23; 0.
24; 0.
25; 0.
26; 0.
27; 0.
28; 0.
29; 0.
30; 15.
31; 0.
32; 0.
33; 0.
34; 0.
35; 0.
36; 0.
37; 0.
38; 0.
39; 0.
40; 15.
41; 0.
42; 0.
43; 15.
44; 0.
45; 0.
46; 0.
47; 15.
48; 0.
49; 0.
50; 0.
51; 0.
52; 0.
53; 0.
54; 0.
55; 0.
56; 0.
57; 0.
58; 0.
59; 0.
60; 0.
61; 0.
================================================================================
Generation 9

--------------------------------------------------------------------------------
Selection

0; 2
1; 54
2; 28
3; 42
4; 28
5; 37
6; 46
7; 34
8; 26
9; 60
10; 36
11; 13
12; 24
13; 45
14; 45
15; 18
16; 55
17; 58
18; 56
19; 39
20; 14
21; 20
22; 34
23; 60
24; 54
25; 49
26; 55
27; 12
28; 57
29; 20
30; 51
31; 59
32; 29
33; 59
34; 8
35; 59
36; 51
37; 31
38; 57
39; 16
--------------------------------------------------------------------------------
Crossover

0; 16, 57; d(66) a(71,57) a(71,57) d(6) d(29) d(6) r(35,41) d(73) r(71,91)
1; 16, 57; d(6) d(35) d(73) a(74,70) a(35,49) d(65)
2; 16; d(66) a(71,57) a(71,57) d(6) d(73) a(74,70) a(35,49) d(65)
3; 57; d(6) d(35) d(29) d(6) r(35,41) d(73) r(71,91)
4; 37; d(6) d(71) d(73) a(6,39) d(35) r(69,62) d(72) r(64,38) a(29,67)
5; 45; d(6) r(5,57) r(64,45) d(35) d(64) r(5,39) a(71,57) d(71) r(74,75) r(35,49) r(72,49) r(34,63) d(29)
6; 45, 18; d(6) r(5,57) r(64,45) d(35) d(64) r(5,39) a(71,57) d(71) r(74,75) r(35,49) r(72,49) r(34,63) d(64) r(5,39) r(29,45) r(5,39) r(35,90) d(34) r(29,45)
7; 45, 18; d(6) r(5,57) r(64,45) d(35) d(29)
8; 45; d(6) r(5,57) r(64,45) d(35) d(64) r(5,39) a(71,57) d(71) r(74,75) r(35,49) r(72,49) r(34,63) d(29)
9; 18; d(6) r(5,57) r(64,45) d(35) d(64) r(5,39) r(29,45) r(5,39) r(35,90) d(34) r(29,45)
10; 57, 20; d(6) r(5,39) r(29,45) d(73) a(65,99)
11; 57, 20; d(6) r(5,57) r(64,45) d(35) d(64) d(35) d(29) d(6) r(35,41) d(73) r(71,91)
12; 57; d(6) d(35) d(29) d(6) r(35,41) d(73) r(71,91)
13; 20; d(6) r(5,57) r(64,45) d(35) d(64) r(5,39) r(29,45) d(73) a(65,99)
14; 55; d(6) d(35) r(67,62) a(5,46) a(6,34) r(6,59) r(65,49) a(74,76)
15; 60; d(65) a(66,88) r(6,71) a(66,66) r(67,71) a(66,56) a(6,6) r(67,62) a(5,46) d(71) r(64,55) r(29,63) d(35)
16; 8, 42; d(6) r(5,57) r(64,45) d(29) d(72) a(66,74) d(6) r(5,70) a(35,52) d(29) d(35)
17; 8, 42; a(69,50) d(65) r(74,75) r(64,99) a(6,49) d(35)
18; 8; d(6) r(5,57) r(64,45) d(29) d(72) a(66,74) d(35)
19; 42; a(69,50) d(65) r(74,75) r(64,99) a(6,49) d(6) r(5,70) a(35,52) d(29) d(35)
20; 14, 39; d(66) a(71,57) a(71,57) d(6) d(73) d(73) a(6,39) d(35) r(69,62) d(72) r(64,38) a(5,76) a(29,70)
21; 14, 39; d(6) d(71) a(74,70) d(72) d(64) a(34,57)
22; 14; d(66) a(71,57) a(71,57) d(6) d(73) a(74,70) d(72) d(64) a(34,57)
23; 39; d(6) d(71) d(73) a(6,39) d(35) r(69,62) d(72) r(64,38) a(5,76) a(29,70)
24; 36; a(69,50) d(65) r(74,75) r(64,99) a(6,49) d(6) r(5,70) r(29,91) a(5,76) d(35)
25; 49; a(69,50) d(65) r(74,75) r(64,99) a(6,49) d(6) r(5,70) a(29,70) d(35)
26; 28; d(74) r(6,71) a(71,57) r(66,40) r(69,90) r(29,45) d(73) a(65,99) d(64) r(35,29)
27; 51; d(74) r(6,71) r(5,90) d(69) a(67,63) d(65) a(35,57) r(73,34) r(34,99)
28; 20; d(6) r(5,57) r(64,45) d(35) d(64) r(5,39) r(29,45) d(73) a(65,99)
29; 55; d(6) d(35) r(67,62) a(5,46) a(6,34) r(6,59) r(65,49) a(74,76)
30; 60; d(65) a(66,88) r(6,71) a(66,66) r(67,71) a(66,56) a(6,6) r(67,62) a(5,46) d(71) r(64,55) r(29,63) d(35)
31; 51; d(74) r(6,71) r(5,90) d(69) a(67,63) d(65) a(35,57) r(73,34) r(34,99)
32; 59; d(65) a(66,88) r(6,71) a(66,66) a(66,66) r(67,71) a(66,56) a(6,6) r(67,62) a(5,46) d(71) r(64,55) r(29,63) d(35)
33; 56; d(6) d(71) d(73) a(6,39) r(67,62) a(5,46) a(6,34) r(6,59) r(65,49) d(35)
34; 54; d(6) d(71) d(73) a(6,39) d(29) d(6) r(35,41) d(73) a(69,69)
35; 46; d(6) d(71) d(73) a(6,39) d(35) r(69,62) d(72) r(64,38) a(5,76) a(5,38)
36; 13; d(66) a(71,57) r(66,40) r(69,90) d(74) d(35) r(5,50) d(71) r(64,55) a(34,43) r(29,70)
37; 2; a(69,50) d(65) r(74,75) r(64,99) a(6,49) d(6) r(5,70) a(35,52) d(29)
38; 54, 31; d(6) d(71) r(29,45)
39; 54, 31; a(69,50) d(65) r(74,75) r(64,99) a(6,49) d(64) r(5,39) r(35,90) d(34) d(73) a(6,39) d(29) d(6) r(35,41) d(73) a(69,69)
40; 54; d(6) d(71) d(73) a(6,39) d(29) d(6) r(35,41) d(73) a(69,69)
41; 31; a(69,50) d(65) r(74,75) r(64,99) a(6,49) d(64) r(5,39) r(35,90) d(34) r(29,45)
42; 59, 59; d(65) a(66,88) r(6,71) a(66,66) a(66,66) r(67,71) a(66,56) a(6,6) r(67,62) a(5,46) d(71) r(64,55) r(29,63)
43; 59, 59; d(65) a(66,88) r(6,71) a(66,66) a(66,66) r(67,71) a(66,56) a(6,6) r(67,62) a(5,46) d(71) r(64,55) r(29,63) d(35) d(35)
44; 59; d(65) a(66,88) r(6,71) a(66,66) a(66,66) r(67,71) a(66,56) a(6,6) r(67,62) a(5,46) d(71) r(64,55) r(29,63) d(35)
45; 59; d(65) a(66,88) r(6,71) a(66,66) a(66,66) r(67,71) a(66,56) a(6,6) r(67,62) a(5,46) d(71) r(64,55) r(29,63) d(35)
46; 26, 12; d(74) r(6,71) r(5,90) r(64,99) a(6,49) d(6) r(35,41) a(5,38) d(5)
47; 26, 12; d(29) d(69) d(73) d(64) a(29,55) r(35,90) a(34,63) d(29)
48; 26; d(74) r(6,71) r(5,90) d(69) d(73) d(64) a(29,55) r(35,90) a(34,63) d(29)
49; 12; d(29) r(64,99) a(6,49) d(6) r(35,41) a(5,38) d(5)
50; 28; d(74) r(6,71) a(71,57) r(66,40) r(69,90) r(29,45) d(73) a(65,99) d(64) r(35,29)
51; 24; d(74) r(6,71) r(5,90) d(69) r(29,63) d(66)
52; 34; r(64,40) a(6,6) r(67,62) a(5,46) a(6,34) r(6,59) d(35) a(5,105)
53; 34; r(64,40) a(6,6) r(67,62) a(5,46) a(6,34) r(6,59) d(35) a(5,105)
54; 58; d(65) a(66,88) r(6,71) r(67,71) a(66,56) a(6,6) r(67,62) a(5,46) a(73,52) d(71)
55; 29; d(6) r(5,57) r(64,45) d(35) d(64) r(5,39) a(71,57) d(71) r(74,75) r(35,49) r(72,49) r(34,63) d(29)
--------------------------------------------------------------------------------
Mutation

0; d(66) a(71,57) a(71,57) d(6) d(29) d(6) r(35,41) d(73) r(71,91) d(72)
1; d(6) d(35) d(73) a(74,70) a(35,49) d(65) a(29,53)
2; d(66) a(71,57) a(71,57) d(6) d(73) a(74,70) a(35,49) d(65) d(34)
3; d(6) d(35) d(29) d(6) r(35,41) d(73) r(71,91) a(5,91)
4; d(6) d(71) d(73) a(6,39) d(35) r(69,62) d(72) r(64,38) a(29,67) d(29)
5; d(6) r(5,57) r(64,45) d(35) d(64) r(5,39) a(71,57) d(71) r(74,75) r(35,49) r(72,49) r(34,63) d(29)
6; d(6) r(5,57) r(64,45) d(35) d(64) r(5,39) a(71,57) d(71) r(74,75) r(35,49) r(72,49) r(34,63) d(64) r(5,39) r(29,45) r(5,39) r(35,90) d(34) r(29,45)
7; d(6) r(5,57) r(64,45) d(35) d(29)
8; d(6) r(5,57) r(64,45) d(35) d(64) r(5,39) a(71,57) d(71) r(74,75) r(35,49) r(72,49) r(34,63) d(29)
9; d(6) r(5,57) r(64,45) d(35) d(64) r(5,39) r(29,45) r(5,39) r(35,90) d(34) r(29,45)
10; d(6) r(5,39) r(29,45) d(73) a(65,99) d(65)
11; d(6) r(5,57) r(64,45) d(35) d(64) d(35) d(29) d(6) r(35,41) d(73) r(71,91)
12; d(6) d(35) d(29) d(6) r(35,41) d(73) r(71,91) d(5)
13; d(6) r(5,57) r(64,45) d(35) d(64) r(5,39) r(29,45) d(73) a(65,99)
14; d(6) d(35) r(67,62) a(5,46) a(6,34) r(6,59) r(65,49) a(74,76) r(5,63)
15; d(65) a(66,88) r(6,71) a(66,66) r(67,71) a(66,56) a(6,6) r(67,62) a(5,46) d(71) r(64,55) r(29,63) d(35) d(5)
16; d(6) r(5,57) r(64,45) d(29) d(72) a(66,74) d(6) r(5,70) a(35,52) d(29) d(35)
17; a(69,50) d(65) r(74,75) r(64,99) a(6,49) d(35) d(29)
18; d(6) r(5,57) r(64,45) d(29) d(72) a(66,74) d(35)
19; a(69,50) d(65) r(74,75) r(64,99) a(6,49) d(6) r(5,70) a(35,52) d(29) d(35)
20; d(66) a(71,57) a(71,57) d(6) d(73) d(73) a(6,39) d(35) r(69,62) d(72) r(64,38) a(5,76) a(29,70) d(34)
21; d(6) d(71) a(74,70) d(72) d(64) a(34,57) a(34,90)
22; d(66) a(71,57) a(71,57) d(6) d(73) a(74,70) d(72) d(64) a(34,57) r(29,40)
23; d(6) d(71) d(73) a(6,39) d(35) r(69,62) d(72) r(64,38) a(5,76) a(29,70) d(5)
24; a(69,50) d(65) r(74,75) r(64,99) a(6,49) d(6) r(5,70) r(29,91) a(5,76) d(35)
25; a(69,50) d(65) r(74,75) r(64,99) a(6,49) d(6) r(5,70) a(29,70) d(35) r(29,39)
26; d(74) r(6,71) a(71,57) r(66,40) r(69,90) r(29,45) d(73) a(65,99) d(64) r(35,29) a(5,52)
27; d(74) r(6,71) r(5,90) d(69) a(67,63) d(65) a(35,57) r(73,34) r(34,99) a(66,105)
28; d(6) r(5,57) r(64,45) d(35) d(64) r(5,39) r(29,45) d(73) a(65,99)
29; d(6) d(35) r(67,62) a(5,46) a(6,34) r(6,59) r(65,49) a(74,76) r(73,49)
30; d(65) a(66,88) r(6,71) a(66,66) r(67,71) a(66,56) a(6,6) r(67,62) a(5,46) d(71) r(64,55) r(29,63) d(35) r(5,35)
31; d(74) r(6,71) r(5,90) d(69) a(67,63) d(65) a(35,57) r(73,34) r(34,99) r(67,40)
32; d(65) a(66,88) r(6,71) a(66,66) a(66,66) r(67,71) a(66,56) a(6,6) r(67,62) a(5,46) d(71) r(64,55) r(29,63) d(35) d(5)
33; d(6) d(71) d(73) a(6,39) r(67,62) a(5,46) a(6,34) r(6,59) r(65,49) d(35) r(66,40)
34; d(6) d(71) d(73) a(6,39) d(29) d(6) r(35,41) d(73) a(69,69) d(67)
35; d(6) d(71) d(73) a(6,39) d(35) r(69,62) d(72) r(64,38) a(5,76) a(5,38) a(34,56)
36; d(66) a(71,57) r(66,40) r(69,90) d(74) d(35) r(5,50) d(71) r(64,55) a(34,43) r(29,70)
37; a(69,50) d(65) r(74,75) r(64,99) a(6,49) d(6) r(5,70) a(35,52) d(29) d(35)
38; d(6) d(71) r(29,45) a(67,67)
39; a(69,50) d(65) r(74,75) r(64,99) a(6,49) d(64) r(5,39) r(35,90) d(34) d(73) a(6,39) d(29) d(6) r(35,41) d(73) a(69,69)
40; d(6) d(71) d(73) a(6,39) d(29) d(6) r(35,41) d(73) a(69,69) d(65)
41; a(69,50) d(65) r(74,75) r(64,99) a(6,49) d(64) r(5,39) r(35,90) d(34) r(29,45)
42; d(65) a(66,88) r(6,71) a(66,66) a(66,66) r(67,71) a(66,56) a(6,6) r(67,62) a(5,46) d(71) r(64,55) r(29,63) r(5,67)
43; d(65) a(66,88) r(6,71) a(66,66) a(66,66) r(67,71) a(66,56) a(6,6) r(67,62) a(5,46) d(71) r(64,55) r(29,63) d(35) d(35) d(5)
44; d(65) a(66,88) r(6,71) a(66,66) a(66,66) r(67,71) a(66,56) a(6,6) r(67,62) a(5,46) d(71) r(64,55) r(29,63) d(35) r(5,42)
45; d(65) a(66,88) r(6,71) a(66,66) a(66,66) r(67,71) a(66,56) a(6,6) r(67,62) a(5,46) d(71) r(64,55) r(29,63) d(35) r(5,44)
46; d(74) r(6,71) r(5,90) r(64,99) a(6,49) d(6) r(35,41) a(5,38) d(5) r(34,49)
47; d(29) d(69) d(73) d(64) a(29,55) r(35,90) a(34,63) d(29) r(5,44)
48; d(74) r(6,71) r(5,90) d(69) d(73) d(64) a(29,55) r(35,90) a(34,63) d(29)
49; d(29) r(64,99) a(6,49) d(6) r(35,41) a(5,38) d(5)
50; d(74) r(6,71) a(71,57) r(66,40) r(69,90) r(29,45) d(73) a(65,99) d(64) r(35,29) r(5,29)
51; d(74) r(6,71) r(5,90) d(69) r(29,63) d(66) r(65,38)
52; r(64,40) a(6,6) r(67,62) a(5,46) a(6,34) r(6,59) d(35) a(5,105) d(5)
53; r(64,40) a(6,6) r(67,62) a(5,46) a(6,34) r(6,59) d(35) a(5,105) a(5,47)
54; d(65) a(66,88) r(6,71) r(67,71) a(66,56) a(6,6) r(67,62) a(5,46) a(73,52) d(71) a(5,88)
55; d(6) r(5,57) r(64,45) d(35) d(64) r(5,39) a(71,57) d(71) r(74,75) r(35,49) r(72,49) r(34,63) d(29)
--------------------------------------------------------------------------------
Evaluation

0; 0.
1; 0.
2; 0.
3; 0.
4; 0.
5; 0.
6; 0.
7; 0.
8; 0.
9; 0.
10; 0.
11; 0.
12; 15.
13; 0.
14; 15.
15; 15.
16; 0.
17; 0.
18; 0.
19; 0.
20; 0.
21; 0.
22; 0.
23; 15.
24; 0.
25; 0.
26; 0.
27; 0.
28; 0.
29; 0.
30; 0.
31; 0.
32; 15.
33; 0.
34; 0.
35; 0.
36; 0.
37; 0.
38; 0.
39; 0.
40; 0.
41; 0.
42; 0.
43; 15.
44; 15.
45; 15.
46; 15.
47; 15.
48; 0.
49; 15.
50; 0.
51; 0.
52; 15.
53; 0.
54; 0.
55; 0.
================================================================================
Generation 10

--------------------------------------------------------------------------------
Selection

0; 6
1; 48
2; 40
3; 51
4; 20
5; 27
6; 5
7; 28
8; 39
9; 3
10; 19
11; 49
12; 34
13; 14
14; 28
15; 29
16; 15
17; 21
18; 9
19; 17
20; 41
21; 48
22; 18
23; 48
24; 2
25; 48
26; 54
27; 38
28; 1
29; 42
30; 11
31; 52
32; 30
33; 2
34; 37
35; 37
36; 8
37; 18
38; 24
39; 30
--------------------------------------------------------------------------------
Crossover

0; 27, 2; d(74) r(6,71) r(5,90) d(69) a(67,63) d(65) d(6) d(73) a(74,70) a(35,49) d(65) d(34)
1; 27, 2; d(66) a(71,57) a(71,57) a(35,57) r(73,34) r(34,99) a(66,105)
2; 27; d(74) r(6,71) r(5,90) d(69) a(67,63) d(65) a(35,57) r(73,34) r(34,99) a(66,105)
3; 2; d(66) a(71,57) a(71,57) d(6) d(73) a(74,70) a(35,49) d(65) d(34)
4; 51; d(74) r(6,71) r(5,90) d(69) r(29,63) d(66) r(65,38)
5; 38; d(6) d(71) r(29,45) a(67,67)
6; 18, 42; d(6) r(5,57) r(64,45) d(29) d(72) a(66,56) a(6,6) r(67,62) a(5,46) d(71) r(64,55) r(29,63) r(5,67)
7; 18, 42; d(65) a(66,88) r(6,71) a(66,66) a(66,66) r(67,71) a(66,74) d(35)
8; 18; d(6) r(5,57) r(64,45) d(29) d(72) a(66,74) d(35)
9; 42; d(65) a(66,88) r(6,71) a(66,66) a(66,66) r(67,71) a(66,56) a(6,6) r(67,62) a(5,46) d(71) r(64,55) r(29,63) r(5,67)
10; 8, 54; d(6) r(5,57) a(5,88)
11; 8, 54; d(65) a(66,88) r(6,71) r(67,71) a(66,56) a(6,6) r(67,62) a(5,46) a(73,52) d(71) r(64,45) d(35) d(64) r(5,39) a(71,57) d(71) r(74,75) r(35,49) r(72,49) r(34,63) d(29)
12; 8; d(6) r(5,57) r(64,45) d(35) d(64) r(5,39) a(71,57) d(71) r(74,75) r(35,49) r(72,49) r(34,63) d(29)
13; 54; d(65) a(66,88) r(6,71) r(67,71) a(66,56) a(6,6) r(67,62) a(5,46) a(73,52) d(71) a(5,88)
14; 30, 49; d(65) a(66,88) r(6,71) a(66,66) r(67,71) a(66,56) a(6,6) r(67,62)
15; 30, 49; d(29) r(64,99) a(6,49) d(6) r(35,41) a(5,38) d(5) a(5,46) d(71) r(64,55) r(29,63) d(35) r(5,35)
16; 30; d(65) a(66,88) r(6,71) a(66,66) r(67,71) a(66,56) a(6,6) r(67,62) a(5,46) d(71) r(64,55) r(29,63) d(35) r(5,35)
17; 49; d(29) r(64,99) a(6,49) d(6) r(35,41) a(5,38) d(5)
18; 21; d(6) d(71) a(74,70) d(72) d(64) a(34,57) a(34,90)
19; 2; d(66) a(71,57) a(71,57) d(6) d(73) a(74,70) a(35,49) d(65) d(34)
20; 37; a(69,50) d(65) r(74,75) r(64,99) a(6,49) d(6) r(5,70) a(35,52) d(29) d(35)
21; 17; a(69,50) d(65) r(74,75) r(64,99) a(6,49) d(35) d(29)
22; 28, 19; d(6) r(5,70) a(35,52) d(29) d(35)
23; 28, 19; a(69,50) d(65) r(74,75) r(64,99) a(6,49) d(6) r(5,57) r(64,45) d(35) d(64) r(5,39) r(29,45) d(73) a(65,99)
24; 28; d(6) r(5,57) r(64,45) d(35) d(64) r(5,39) r(29,45) d(73) a(65,99)
25; 19; a(69,50) d(65) r(74,75) r(64,99) a(6,49) d(6) r(5,70) a(35,52) d(29) d(35)
26; 48, 5; d(74) r(6,71) r(5,90) d(69) d(73) r(34,63) d(29)
27; 48, 5; d(6) r(5,57) r(64,45) d(35) d(64) r(5,39) a(71,57) d(71) r(74,75) r(35,49) r(72,49) d(64) a(29,55) r(35,90) a(34,63) d(29)
28; 48; d(74) r(6,71) r(5,90) d(69) d(73) d(64) a(29,55) r(35,90) a(34,63) d(29)
29; 5; d(6) r(5,57) r(64,45) d(35) d(64) r(5,39) a(71,57) d(71) r(74,75) r(35,49) r(72,49) r(34,63) d(29)
30; 18; d(6) r(5,57) r(64,45) d(29) d(72) a(66,74) d(35)
31; 9; d(6) r(5,57) r(64,45) d(35) d(64) r(5,39) r(29,45) r(5,39) r(35,90) d(34) r(29,45)
32; 37; a(69,50) d(65) r(74,75) r(64,99) a(6,49) d(6) r(5,70) a(35,52) d(29) d(35)
33; 20; d(66) a(71,57) a(71,57) d(6) d(73) d(73) a(6,39) d(35) r(69,62) d(72) r(64,38) a(5,76) a(29,70) d(34)
34; 24, 28; a(69,50) d(65) r(74,75) r(64,99) a(6,49) d(6) r(5,70) r(29,91) a(5,76) r(5,39) r(29,45) d(73) a(65,99)
35; 24, 28; d(6) r(5,57) r(64,45) d(35) d(64) d(35)
36; 24; a(69,50) d(65) r(74,75) r(64,99) a(6,49) d(6) r(5,70) r(29,91) a(5,76) d(35)
37; 28; d(6) r(5,57) r(64,45) d(35) d(64) r(5,39) r(29,45) d(73) a(65,99)
38; 14, 30; d(6) d(35) r(67,62) a(5,46) a(6,34) r(6,59) r(65,49) r(67,62) a(5,46) d(71) r(64,55) r(29,63) d(35) r(5,35)
39; 14, 30; d(65) a(66,88) r(6,71) a(66,66) r(67,71) a(66,56) a(6,6) a(74,76) r(5,63)
40; 14; d(6) d(35) r(67,62) a(5,46) a(6,34) r(6,59) r(65,49) a(74,76) r(5,63)
41; 30; d(65) a(66,88) r(6,71) a(66,66) r(67,71) a(66,56) a(6,6) r(67,62) a(5,46) d(71) r(64,55) r(29,63) d(35) r(5,35)
42; 1, 48; d(6) d(35) d(73) a(74,70) a(35,49) d(65) d(64) a(29,55) r(35,90) a(34,63) d(29)
43; 1, 48; d(74) r(6,71) r(5,90) d(69) d(73) a(29,53)
44; 1; d(6) d(35) d(73) a(74,70) a(35,49) d(65) a(29,53)
45; 48; d(74) r(6,71) r(5,90) d(69) d(73) d(64) a(29,55) r(35,90) a(34,63) d(29)
46; 39; a(69,50) d(65) r(74,75) r(64,99) a(6,49) d(64) r(5,39) r(35,90) d(34) d(73) a(6,39) d(29) d(6) r(35,41) d(73) a(69,69)
47; 15; d(65) a(66,88) r(6,71) a(66,66) r(67,71) a(66,56) a(6,6) r(67,62) a(5,46) d(71) r(64,55) r(29,63) d(35) d(5)
48; 3, 52; d(6)
49; 3, 52; r(64,40) a(6,6) r(67,62) a(5,46) a(6,34) r(6,59) d(35) a(5,105) d(5) d(35) d(29) d(6) r(35,41) d(73) r(71,91) a(5,91)
50; 3; d(6) d(35) d(29) d(6) r(35,41) d(73) r(71,91) a(5,91)
51; 52; r(64,40) a(6,6) r(67,62) a(5,46) a(6,34) r(6,59) d(35) a(5,105) d(5)
52; 40, 48; d(6) d(71) a(29,55) r(35,90) a(34,63) d(29)
53; 40, 48; d(74) r(6,71) r(5,90) d(69) d(73) d(64) d(73) a(6,39) d(29) d(6) r(35,41) d(73) a(69,69) d(65)
54; 40; d(6) d(71) d(73) a(6,39) d(29) d(6) r(35,41) d(73) a(69,69) d(65)
55; 48; d(74) r(6,71) r(5,90) d(69) d(73) d(64) a(29,55) r(35,90) a(34,63) d(29)
56; 34, 41; d(6) d(71) d(73) a(6,39) d(29) d(6) r(35,41) d(73) a(69,69) r(64,99) a(6,49) d(64) r(5,39) r(35,90) d(34) r(29,45)
57; 34, 41; a(69,50) d(65) r(74,75) d(67)
58; 34; d(6) d(71) d(73) a(6,39) d(29) d(6) r(35,41) d(73) a(69,69) d(67)
59; 41; a(69,50) d(65) r(74,75) r(64,99) a(6,49) d(64) r(5,39) r(35,90) d(34) r(29,45)
60; 11, 29; d(6) r(5,57) r(64,45) d(35) d(64) d(35) d(29) d(6) r(35,41) r(65,49) a(74,76) r(73,49)
61; 11, 29; d(6) d(35) r(67,62) a(5,46) a(6,34) r(6,59) d(73) r(71,91)
62; 11; d(6) r(5,57) r(64,45) d(35) d(64) d(35) d(29) d(6) r(35,41) d(73) r(71,91)
63; 29; d(6) d(35) r(67,62) a(5,46) a(6,34) r(6,59) r(65,49) a(74,76) r(73,49)
64; 6, 48; d(6) r(5,57) r(64,45) d(35) d(64) r(5,39) a(71,57) d(71) r(74,75) r(35,49) r(72,49) r(34,63) d(64) r(5,39) r(29,45) d(73) d(64) a(29,55) r(35,90) a(34,63) d(29)
65; 6, 48; d(74) r(6,71) r(5,90) d(69) r(5,39) r(35,90) d(34) r(29,45)
66; 6; d(6) r(5,57) r(64,45) d(35) d(64) r(5,39) a(71,57) d(71) r(74,75) r(35,49) r(72,49) r(34,63) d(64) r(5,39) r(29,45) r(5,39) r(35,90) d(34) r(29,45)
67; 48; d(74) r(6,71) r(5,90) d(69) d(73) d(64) a(29,55) r(35,90) a(34,63) d(29)
--------------------------------------------------------------------------------
Mutation

0; d(74) r(6,71) r(5,90) d(69) a(67,63) d(65) d(6) d(73) a(74,70) a(35,49) d(65) d(34) d(64)
1; d(66) a(71,57) a(71,57) a(35,57) r(73,34) r(34,99) a(66,105) r(29,50)
2; d(74) r(6,71) r(5,90) d(69) a(67,63) d(65) a(35,57) r(73,34) r(34,99) a(66,105) a(64,73)
3; d(66) a(71,57) a(71,57) d(6) d(73) a(74,70) a(35,49) d(65) d(34) a(64,52)
4; d(74) r(6,71) r(5,90) d(69) r(29,63) d(66) r(65,38) a(35,45)
5; d(6) d(71) r(29,45) a(67,67) r(65,69)
6; d(6) r(5,57) r(64,45) d(29) d(72) a(66,56) a(6,6) r(67,62) a(5,46) d(71) r(64,55) r(29,63) r(5,67) a(35,47)
7; d(65) a(66,88) r(6,71) a(66,66) a(66,66) r(67,71) a(66,74) d(35) r(29,46)
8; d(6) r(5,57) r(64,45) d(29) d(72) a(66,74) d(35)
9; d(65) a(66,88) r(6,71) a(66,66) a(66,66) r(67,71) a(66,56) a(6,6) r(67,62) a(5,46) d(71) r(64,55) r(29,63) r(5,67) a(35,76)
10; d(6) r(5,57) a(5,88) a(34,55)
11; d(65) a(66,88) r(6,71) r(67,71) a(66,56) a(6,6) r(67,62) a(5,46) a(73,52) d(71) r(64,45) d(35) d(64) r(5,39) a(71,57) d(71) r(74,75) r(35,49) r(72,49) r(34,63) d(29)
12; d(6) r(5,57) r(64,45) d(35) d(64) r(5,39) a(71,57) d(71) r(74,75) r(35,49) r(72,49) r(34,63) d(29)
13; d(65) a(66,88) r(6,71) r(67,71) a(66,56) a(6,6) r(67,62) a(5,46) a(73,52) d(71) a(5,88) d(5)
14; d(65) a(66,88) r(6,71) a(66,66) r(67,71) a(66,56) a(6,6) r(67,62) a(69,45)
15; d(29) r(64,99) a(6,49) d(6) r(35,41) a(5,38) d(5) a(5,46) d(71) r(64,55) r(29,63) d(35) r(5,35)
16; d(65) a(66,88) r(6,71) a(66,66) r(67,71) a(66,56) a(6,6) r(67,62) a(5,46) d(71) r(64,55) r(29,63) d(35) r(5,35)
17; d(29) r(64,99) a(6,49) d(6) r(35,41) a(5,38) d(5)
18; d(6) d(71) a(74,70) d(72) d(64) a(34,57) a(34,90) r(34,55)
19; d(66) a(71,57) a(71,57) d(6) d(73) a(74,70) a(35,49) d(65) d(34) r(5,57)
20; a(69,50) d(65) r(74,75) r(64,99) a(6,49) d(6) r(5,70) a(35,52) d(29) d(35)
21; a(69,50) d(65) r(74,75) r(64,99) a(6,49) d(35) d(29) a(6,40)
22; d(6) r(5,70) a(35,52) d(29) d(35) d(73)
23; a(69,50) d(65) r(74,75) r(64,99) a(6,49) d(6) r(5,57) r(64,45) d(35) d(64) r(5,39) r(29,45) d(73) a(65,99)
24; d(6) r(5,57) r(64,45) d(35) d(64) r(5,39) r(29,45) d(73) a(65,99)
25; a(69,50) d(65) r(74,75) r(64,99) a(6,49) d(6) r(5,70) a(35,52) d(29) d(35)
26; d(74) r(6,71) r(5,90) d(69) d(73) r(34,63) d(29) r(67,49)
27; d(6) r(5,57) r(64,45) d(35) d(64) r(5,39) a(71,57) d(71) r(74,75) r(35,49) r(72,49) d(64) a(29,55) r(35,90) a(34,63) d(29)
28; d(74) r(6,71) r(5,90) d(69) d(73) d(64) a(29,55) r(35,90) a(34,63) d(29)
29; d(6) r(5,57) r(64,45) d(35) d(64) r(5,39) a(71,57) d(71) r(74,75) r(35,49) r(72,49) r(34,63) d(29)
30; d(6) r(5,57) r(64,45) d(29) d(72) a(66,74) d(35)
31; d(6) r(5,57) r(64,45) d(35) d(64) r(5,39) r(29,45) r(5,39) r(35,90) d(34) r(29,45)
32; a(69,50) d(65) r(74,75) r(64,99) a(6,49) d(6) r(5,70) a(35,52) d(29) d(35)
33; d(66) a(71,57) a(71,57) d(6) d(73) d(73) a(6,39) d(35) r(69,62) d(72) r(64,38) a(5,76) a(29,70) d(34) r(5,55)
34; a(69,50) d(65) r(74,75) r(64,99) a(6,49) d(6) r(5,70) r(29,91) a(5,76) r(5,39) r(29,45) d(73) a(65,99) a(35,53)
35; d(6) r(5,57) r(64,45) d(35) d(64) d(35) r(29,70)
36; a(69,50) d(65) r(74,75) r(64,99) a(6,49) d(6) r(5,70) r(29,91) a(5,76) d(35)
37; d(6) r(5,57) r(64,45) d(35) d(64) r(5,39) r(29,45) d(73) a(65,99)
38; d(6) d(35) r(67,62) a(5,46) a(6,34) r(6,59) r(65,49) r(67,62) a(5,46) d(71) r(64,55) r(29,63) d(35) r(5,35)
39; d(65) a(66,88) r(6,71) a(66,66) r(67,71) a(66,56) a(6,6) a(74,76) r(5,63) a(35,35)
40; d(6) d(35) r(67,62) a(5,46) a(6,34) r(6,59) r(65,49) a(74,76) r(5,63) a(72,63)
41; d(65) a(66,88) r(6,71) a(66,66) r(67,71) a(66,56) a(6,6) r(67,62) a(5,46) d(71) r(64,55) r(29,63) d(35) r(5,35)
42; d(6) d(35) d(73) a(74,70) a(35,49) d(65) d(64) a(29,55) r(35,90) a(34,63) d(29) d(5)
43; d(74) r(6,71) r(5,90) d(69) d(73) a(29,53) r(67,45)
44; d(6) d(35) d(73) a(74,70) a(35,49) d(65) a(29,53) r(69,37)
45; d(74) r(6,71) r(5,90) d(69) d(73) d(64) a(29,55) r(35,90) a(34,63) d(29)
46; a(69,50) d(65) r(74,75) r(64,99) a(6,49) d(64) r(5,39) r(35,90) d(34) d(73) a(6,39) d(29) d(6) r(35,41) d(73) a(69,69)
47; d(65) a(66,88) r(6,71) a(66,66) r(67,71) a(66,56) a(6,6) r(67,62) a(5,46) d(71) r(64,55) r(29,63) d(35) d(5)
48; d(6) a(69,66)
49; r(64,40) a(6,6) r(67,62) a(5,46) a(6,34) r(6,59) d(35) a(5,105) d(5) d(35) d(29) d(6) r(35,41) d(73) r(71,91) a(5,91)
50; d(6) d(35) d(29) d(6) r(35,41) d(73) r(71,91) a(5,91) r(65,66)
51; r(64,40) a(6,6) r(67,62) a(5,46) a(6,34) r(6,59) d(35) a(5,105) d(5) a(34,40)
52; d(6) d(71) a(29,55) r(35,90) a(34,63) d(29) d(65)
53; d(74) r(6,71) r(5,90) d(69) d(73) d(64) d(73) a(6,39) d(29) d(6) r(35,41) d(73) a(69,69) d(65)
54; d(6) d(71) d(73) a(6,39) d(29) d(6) r(35,41) d(73) a(69,69) d(65) d(66)
55; d(74) r(6,71) r(5,90) d(69) d(73) d(64) a(29,55) r(35,90) a(34,63) d(29)
56; d(6) d(71) d(73) a(6,39) d(29) d(6) r(35,41) d(73) a(69,69) r(64,99) a(6,49) d(64) r(5,39) r(35,90) d(34) r(29,45)
57; a(69,50) d(65) r(74,75) d(67) a(5,35)
58; d(6) d(71) d(73) a(6,39) d(29) d(6) r(35,41) d(73) a(69,69) d(67) a(72,74)
59; a(69,50) d(65) r(74,75) r(64,99) a(6,49) d(64) r(5,39) r(35,90) d(34) r(29,45)
60; d(6) r(5,57) r(64,45) d(35) d(64) d(35) d(29) d(6) r(35,41) r(65,49) a(74,76) r(73,49)
61; d(6) d(35) r(67,62) a(5,46) a(6,34) r(6,59) d(73) r(71,91) a(34,58)
62; d(6) r(5,57) r(64,45) d(35) d(64) d(35) d(29) d(6) r(35,41) d(73) r(71,91)
63; d(6) d(35) r(67,62) a(5,46) a(6,34) r(6,59) r(65,49) a(74,76) r(73,49) d(66)
64; d(6) r(5,57) r(64,45) d(35) d(64) r(5,39) a(71,57) d(71) r(74,75) r(35,49) r(72,49) r(34,63) d(64) r(5,39) r(29,45) d(73) d(64) a(29,55) r(35,90) a(34,63) d(29)
65; d(74) r(6,71) r(5,90) d(69) r(5,39) r(35,90) d(34) r(29,45) d(72)
66; d(6) r(5,57) r(64,45) d(35) d(64) r(5,39) a(71,57) d(71) r(74,75) r(35,49) r(72,49) r(34,63) d(64) r(5,39) r(29,45) r(5,39) r(35,90) d(34) r(29,45)
67; d(74) r(6,71) r(5,90) d(69) d(73) d(64) a(29,55) r(35,90) a(34,63) d(29)
--------------------------------------------------------------------------------
Evaluation

0; 0.
1; 15.
2; 0.
3; 0.
4; 0.
5; 0.
6; 0.
7; 0.
8; 0.
9; 15.
10; 5.
11; 0.
12; 0.
13; 15.
14; 0.
15; 15.
16; 0.
17; 15.
18; 0.
19; 15.
20; 0.
21; 0.
22; 0.
23; 0.
24; 0.
25; 0.
26; 0.
27; 0.
28; 0.
29; 0.
30; 0.
31; 0.
32; 0.
33; 15.
34; 0.
35; 0.
36; 0.
37; 0.
38; 0.
39; 15.
40; 15.
41; 0.
42; 0.
43; 0.
44; 0.
45; 0.
46; 0.
47; 15.
48; 0.
49; 15.
50; 0.
51; 15.
52; 0.
53; 15.
54; 0.
55; 0.
56; 0.
57; 0.
58; 0.
59; 0.
60; 0.
61; 0.
62; 0.
63; 0.
64; 0.
65; 0.
66; 0.
67; 0.
