================================================================================
Enclosure

1: 0
2: 0
3: 0
4: 0
5: 0
6: 5
7: 6
9: 5
10: 9
11: 9
12: 11
13: 11
14: 9
15: 9
17: 9
18: 5
19: 18
20: 18
21: 18
23: 18
24: 5
25: 5
26: 25
27: 25
29: 0
30: 29
31: 29
32: 31
33: 31
34: 29
35: 0
36: 0
37: 36
38: 36
39: 0
40: 39
41: 39
42: 39
43: 42
44: 42
45: 42
46: 39
47: 39
48: 47
49: 47
50: 47
51: 47
52: 51
53: 51
54: 51
55: 54
56: 54
57: 54
58: 51
59: 51
60: 59
62: 47
63: 47
64: 0
65: 64
66: 64
67: 66
69: 64
70: 69
71: 69
72: 64
73: 64
74: 64
75: 0
76: 0
78: 0
79: 78
80: 78
81: 78
83: 0
85: 83
86: 0
87: 0
88: 0
89: 0
90: 0
91: 0
92: 0
93: 0
94: 0
95: 94
96: 94
97: 94
98: 94
99: 98
101: 94
102: 94
103: 94
104: 103
105: 103
106: 0
107: 106
108: 106
109: 0
110: 0
111: 0
112: 0
113: 0
114: 113
115: 113
116: 113
117: 116
119: 113
120: 119
121: 120
122: 120
123: 122
125: 119
126: 113
127: 126
129: 127
131: 129
133: 131
134: 126
135: 0
136: 135
137: 135
138: 135
139: 138
140: 139
143: 135
144: 0
145: 0
146: 0
================================================================================
Initialisation

0; a(35,53); 5.
1; r(29,55); 5.
2; d(72); 15.
3; d(69); 0.
4; r(65,49); 0.
5; a(69,63); 5.
6; r(6,39); 5.
7; a(67,76); 0.
8; r(5,50); 5.
9; r(35,44); 15.
10; r(74,64); 3.
11; a(65,40); 5.
12; r(66,99); 3.
13; d(72); 15.
14; d(72); 15.
15; a(35,43); 5.
16; d(34); 5.
17; a(65,69); 5.
18; d(34); 5.
19; r(72,49); 15.
20; r(66,38); 3.
21; d(35); 15.
22; r(66,34); 3.
23; r(64,65); 0.
24; d(5); 5.
25; a(73,43); 5.
26; r(35,58); 5.
27; d(34); 5.
28; a(67,91); 0.
29; a(69,52); 5.
30; r(74,37); 15.
31; a(66,45); 5.
32; a(29,67); 5.
33; r(67,37); 15.
34; d(66); 3.
35; r(74,40); 15.
36; r(72,49); 15.
37; d(5); 5.
38; d(72); 15.
39; original; 5.
================================================================================
Generation 1

--------------------------------------------------------------------------------
Selection

0; 10
1; 25
2; 7
3; 39
4; 20
5; 12
6; 16
7; 9
8; 27
9; 4
10; 4
11; 12
12; 31
13; 39
14; 28
15; 11
16; 6
17; 39
18; 27
19; 15
20; 3
21; 25
22; 26
23; 1
24; 6
25; 34
26; 2
27; 6
28; 4
29; 2
30; 31
31; 33
32; 27
33; 28
34; 5
35; 34
36; 31
37; 14
38; 33
39; 37
--------------------------------------------------------------------------------
Crossover

0; 6; r(6,39)
1; 31; a(66,45)
2; 11; a(65,40)
3; 9; r(35,44)
4; 28; a(67,91)
5; 25; a(73,43)
6; 39, 25; original
7; 39, 25; a(73,43)
8; 39; original
9; 25; a(73,43)
10; 27; d(34)
11; 33; r(67,37)
12; 27, 14; d(34)
13; 27, 14; d(72)
14; 27; d(34)
15; 14; d(72)
16; 34; d(66)
17; 28; a(67,91)
18; 31, 5; a(66,45)
19; 31, 5; a(69,63)
20; 31; a(66,45)
21; 5; a(69,63)
22; 10, 20; r(74,64)
23; 10, 20; r(66,38)
24; 10; r(74,64)
25; 20; r(66,38)
26; 7; a(67,76)
27; 1; r(29,55)
28; 31; a(66,45)
29; 39; original
30; 6; r(6,39)
31; 33; r(67,37)
32; 12; r(66,99)
33; 3; d(69)
34; 4; r(65,49)
35; 4; r(65,49)
36; 27, 4; d(34)
37; 27, 4; r(65,49)
38; 27; d(34)
39; 4; r(65,49)
40; 2, 39; d(72)
41; 2, 39; original
42; 2; d(72)
43; 39; original
44; 2, 16; d(72)
45; 2, 16; d(34)
46; 2; d(72)
47; 16; d(34)
48; 26; r(35,58)
49; 12; r(66,99)
50; 15, 6; a(35,43)
51; 15, 6; r(6,39)
52; 15; a(35,43)
53; 6; r(6,39)
54; 34, 37; d(66)
55; 34, 37; d(5)
56; 34; d(66)
57; 37; d(5)
--------------------------------------------------------------------------------
Mutation

0; r(6,39) r(69,64)
1; a(66,45) d(5)
2; a(65,40) a(74,76)
3; r(35,44) a(66,104)
4; a(67,91) d(64)
5; a(73,43) a(65,70)
6; d(64)
7; a(73,43) r(71,62)
8; a(34,43)
9; a(73,43) d(72)
10; d(34) d(69)
11; r(67,37) d(6)
12; d(34) r(6,104)
13; d(72) d(67)
14; d(34) r(29,47)
15; d(72) a(6,62)
16; d(66) d(34)
17; a(67,91) a(72,45)
18; a(66,45) a(66,90)
19; a(69,63) a(71,71)
20; a(66,45) r(74,99)
21; a(69,63) a(69,73)
22; r(74,64) a(69,44)
23; r(66,38) d(29)
24; r(74,64) d(72)
25; r(66,38) a(72,52)
26; a(67,76) a(6,38)
27; r(29,55) d(74)
28; a(66,45) a(65,104)
29; a(65,90)
30; r(6,39) r(67,71)
31; r(67,37) r(66,38)
32; r(66,99) a(73,66)
33; d(69) d(66)
34; r(65,49) r(35,51)
35; r(65,49) d(67)
36; d(34) d(5)
37; r(65,49) d(67)
38; d(34) a(72,99)
39; r(65,49) d(34)
40; d(72) a(34,49)
41; r(65,70)
42; d(72) r(67,72)
43; d(67)
44; d(72) d(5)
45; d(34) r(5,88)
46; d(72) r(6,47)
47; d(34) a(72,34)
48; r(35,58) a(69,75)
49; r(66,99) d(29)
50; a(35,43) r(71,64)
51; r(6,39) a(64,63)
52; a(35,43) a(74,104)
53; r(6,39) r(71,34)
54; d(66) r(72,105)
55; d(5) r(67,63)
56; d(66) r(34,54)
57; d(5) r(67,88)
--------------------------------------------------------------------------------
Evaluation

0; 3.
1; 5.
2; 15.
3; 15.
4; 0.
5; 15.
6; 0.
7; 5.
8; 5.
9; 15.
10; 0.
11; 0.
12; 15.
13; 15.
14; 5.
15; 15.
16; 3.
17; 0.
18; 5.
19; 5.
20; 15.
21; 4.
22; 15.
23; 3.
24; 3.
25; 3.
26; 0.
27; 15.
28; 0.
29; 5.
30; 5.
31; 3.
32; 5.
33; 0.
34; 0.
35; 0.
36; 5.
37; 0.
38; 5.
39; 0.
40; 0.
41; 15.
42; 5.
43; 5.
44; 0.
45; 5.
46; 0.
47; 5.
48; 5.
49; 3.
50; 3.
51; 5.
52; 15.
53; 5.
54; 15.
55; 5.
56; 15.
57; 5.
================================================================================
Generation 2

--------------------------------------------------------------------------------
Selection

0; 18
1; 11
2; 35
3; 55
4; 26
5; 9
6; 23
7; 24
8; 17
9; 11
10; 23
11; 18
12; 44
13; 45
14; 51
15; 18
16; 54
17; 28
18; 37
19; 18
20; 39
21; 10
22; 34
23; 6
24; 21
25; 34
26; 37
27; 7
28; 48
29; 26
30; 32
31; 23
32; 21
33; 6
34; 7
35; 41
36; 30
37; 16
38; 43
39; 33
--------------------------------------------------------------------------------
Crossover

0; 23; r(66,38) d(29)
1; 7; a(73,43) r(71,62)
2; 35, 10; r(65,49)
3; 35, 10; d(34) d(69) d(67)
4; 35; r(65,49) d(67)
5; 10; d(34) d(69)
6; 21, 17; a(69,63) a(72,45)
7; 21, 17; a(67,91) a(69,73)
8; 21; a(69,63) a(69,73)
9; 17; a(67,91) a(72,45)
10; 39, 18; r(65,49) a(66,90)
11; 39, 18; a(66,45) d(34)
12; 39; r(65,49) d(34)
13; 18; a(66,45) a(66,90)
14; 16, 21; d(66) d(34) a(69,73)
15; 16, 21; a(69,63)
16; 16; d(66) d(34)
17; 21; a(69,63) a(69,73)
18; 6, 7; d(64)
19; 6, 7; a(73,43) r(71,62)
20; 6; d(64)
21; 7; a(73,43) r(71,62)
22; 18, 37; a(66,45) d(67)
23; 18, 37; r(65,49) a(66,90)
24; 18; a(66,45) a(66,90)
25; 37; r(65,49) d(67)
26; 37; r(65,49) d(67)
27; 33; d(69) d(66)
28; 55; d(5) r(67,63)
29; 24; r(74,64) d(72)
30; 45; d(34) r(5,88)
31; 28; a(66,45) a(65,104)
32; 26; a(67,76) a(6,38)
33; 9; a(73,43) d(72)
34; 11, 34; r(67,37) d(6) r(35,51)
35; 11, 34; r(65,49)
36; 11; r(67,37) d(6)
37; 34; r(65,49) r(35,51)
38; 41, 26; r(65,70) a(6,38)
39; 41, 26; a(67,76)
40; 41; r(65,70)
41; 26; a(67,76) a(6,38)
42; 34; r(65,49) r(35,51)
43; 23; r(66,38) d(29)
44; 44; d(72) d(5)
45; 48; r(35,58) a(69,75)
46; 23; r(66,38) d(29)
47; 43; d(67)
48; 30; r(6,39) r(67,71)
49; 54; d(66) r(72,105)
50; 18, 6; a(66,45) a(66,90)
51; 18, 6; d(64)
52; 18; a(66,45) a(66,90)
53; 6; d(64)
54; 18, 11; a(66,45) a(66,90)
55; 18, 11; r(67,37) d(6)
56; 18; a(66,45) a(66,90)
57; 11; r(67,37) d(6)
58; 51; r(6,39) a(64,63)
59; 32; r(66,99) a(73,66)
--------------------------------------------------------------------------------
Mutation

0; r(66,38) d(29) r(71,62)
1; a(73,43) r(71,62) r(29,37)
2; r(65,49) d(34)
3; d(34) d(69) d(67) d(64)
4; r(65,49) d(67) d(29)
5; d(34) d(69) r(66,70)
6; a(69,63) a(72,45) d(66)
7; a(67,91) a(69,73) r(74,62)
8; a(69,63) a(69,73) d(64)
9; a(67,91) a(72,45) a(72,57)
10; r(65,49) a(66,90) a(5,37)
11; a(66,45) d(34) d(6)
12; r(65,49) d(34) r(5,57)
13; a(66,45) a(66,90) d(35)
14; d(66) d(34) a(69,73) d(74)
15; a(69,63) d(67)
16; d(66) d(34) r(6,99)
17; a(69,63) a(69,73) r(74,62)
18; d(64) a(35,44)
19; a(73,43) r(71,62) a(72,55)
20; d(64) r(29,70)
21; a(73,43) r(71,62) r(69,70)
22; a(66,45) d(67) d(72)
23; r(65,49) a(66,90) r(67,71)
24; a(66,45) a(66,90) r(67,88)
25; r(65,49) d(67) d(34)
26; r(65,49) d(67) r(35,52)
27; d(69) d(66) a(72,63)
28; d(5) r(67,63) d(74)
29; r(74,64) d(72) r(67,56)
30; d(34) r(5,88) r(69,57)
31; a(66,45) a(65,104) a(5,34)
32; a(67,76) a(6,38) a(34,55)
33; a(73,43) d(72) r(73,90)
34; r(67,37) d(6) r(35,51) d(29)
35; r(65,49) d(34)
36; r(67,37) d(6) r(34,37)
37; r(65,49) r(35,51) r(71,52)
38; r(65,70) a(6,38) a(64,70)
39; a(67,76) a(73,55)
40; r(65,70) r(64,99)
41; a(67,76) a(6,38) d(65)
42; r(65,49) r(35,51) a(29,70)
43; r(66,38) d(29) r(73,34)
44; d(72) d(5) a(74,37)
45; r(35,58) a(69,75) r(71,52)
46; r(66,38) d(29) r(64,38)
47; d(67) r(64,45)
48; r(6,39) r(67,71) d(69)
49; d(66) r(72,105) d(69)
50; a(66,45) a(66,90) d(73)
51; d(64) r(29,41)
52; a(66,45) a(66,90) a(74,69)
53; d(64) d(6)
54; a(66,45) a(66,90) r(29,37)
55; r(67,37) d(6) r(69,104)
56; a(66,45) a(66,90) a(66,72)
57; r(67,37) d(6) r(69,66)
58; r(6,39) a(64,63) a(71,38)
59; r(66,99) a(73,66) d(65)
--------------------------------------------------------------------------------
Evaluation

0; 3.
1; 15.
2; 0.
3; 0.
4; 0.
5; 15.
6; 3.
7; 0.
8; 0.
9; 0.
10; 15.
11; 0.
12; 0.
13; 15.
14; 15.
15; 5.
16; 0.
17; 15.
18; 15.
19; 5.
20; 0.
21; 15.
22; 15.
23; 0.
24; 5.
25; 0.
26; 15.
27; 0.
28; 15.
29; 15.
30; 0.
31; 0.
32; 0.
33; 15.
34; 0.
35; 0.
36; 0.
37; 0.
38; 15.
39; 0.
40; 0.
41; 0.
42; 0.
43; 15.
44; 0.
45; 5.
46; 0.
47; 0.
48; 0.
49; 0.
50; 15.
51; 0.
52; 5.
53; 0.
54; 15.
55; 0.
56; 5.
57; 0.
58; 5.
59; 0.
================================================================================
Generation 3

--------------------------------------------------------------------------------
Selection

0; 43
1; 42
2; 3
3; 27
4; 53
5; 11
6; 34
7; 42
8; 9
9; 31
10; 4
11; 49
12; 47
13; 32
14; 49
15; 47
16; 25
17; 57
18; 47
19; 45
20; 8
21; 51
22; 55
23; 46
24; 25
25; 46
26; 32
27; 34
28; 36
29; 20
30; 36
31; 8
32; 25
33; 8
34; 15
35; 31
36; 57
37; 41
38; 59
39; 7
--------------------------------------------------------------------------------
Crossover

0; 36; r(67,37) d(6) r(34,37)
1; 42; r(65,49) r(35,51) a(29,70)
2; 51; d(64) r(29,41)
3; 8; a(69,63) a(69,73) d(64)
4; 27; d(69) d(66) a(72,63)
5; 42; r(65,49) r(35,51) a(29,70)
6; 4; r(65,49) d(67) d(29)
7; 25; r(65,49) d(67) d(34)
8; 47; d(67) r(64,45)
9; 8; a(69,63) a(69,73) d(64)
10; 31, 43; a(66,45) a(65,104) a(5,34) d(29) r(73,34)
11; 31, 43; r(66,38)
12; 31; a(66,45) a(65,104) a(5,34)
13; 43; r(66,38) d(29) r(73,34)
14; 7; a(67,91) a(69,73) r(74,62)
15; 9; a(67,91) a(72,45) a(72,57)
16; 49, 11; d(66)
17; 49, 11; a(66,45) d(34) d(6) r(72,105) d(69)
18; 49; d(66) r(72,105) d(69)
19; 11; a(66,45) d(34) d(6)
20; 25; r(65,49) d(67) d(34)
21; 20; d(64) r(29,70)
22; 57; r(67,37) d(6) r(69,66)
23; 25; r(65,49) d(67) d(34)
24; 47, 46; d(67) r(64,45) d(29) r(64,38)
25; 47, 46; r(66,38)
26; 47; d(67) r(64,45)
27; 46; r(66,38) d(29) r(64,38)
28; 57, 15; r(67,37)
29; 57, 15; a(69,63) d(67) d(6) r(69,66)
30; 57; r(67,37) d(6) r(69,66)
31; 15; a(69,63) d(67)
32; 53, 49; d(64) d(6)
33; 53, 49; d(66) r(72,105) d(69)
34; 53; d(64) d(6)
35; 49; d(66) r(72,105) d(69)
36; 59, 34; r(66,99)
37; 59, 34; r(67,37) d(6) r(35,51) d(29) a(73,66) d(65)
38; 59; r(66,99) a(73,66) d(65)
39; 34; r(67,37) d(6) r(35,51) d(29)
40; 41; a(67,76) a(6,38) d(65)
41; 55; r(67,37) d(6) r(69,104)
42; 8, 36; a(69,63) a(69,73) d(64)
43; 8, 36; r(67,37) d(6) r(34,37)
44; 8; a(69,63) a(69,73) d(64)
45; 36; r(67,37) d(6) r(34,37)
46; 32; a(67,76) a(6,38) a(34,55)
47; 31; a(66,45) a(65,104) a(5,34)
48; 46, 3; r(66,38) d(29)
49; 46, 3; d(34) d(69) d(67) d(64) r(64,38)
50; 46; r(66,38) d(29) r(64,38)
51; 3; d(34) d(69) d(67) d(64)
52; 32; a(67,76) a(6,38) a(34,55)
53; 45; r(35,58) a(69,75) r(71,52)
54; 34; r(67,37) d(6) r(35,51) d(29)
55; 47; d(67) r(64,45)
--------------------------------------------------------------------------------
Mutation

0; r(67,37) d(6) r(34,37) d(5)
1; r(65,49) r(35,51) a(29,70) a(73,69)
2; d(64) r(29,41) d(5)
3; a(69,63) a(69,73) d(64) a(5,51)
4; d(69) d(66) a(72,63) r(72,75)
5; r(65,49) r(35,51) a(29,70) r(74,44)
6; r(65,49) d(67) d(29) d(5)
7; r(65,49) d(67) d(34) d(74)
8; d(67) r(64,45) r(5,29)
9; a(69,63) a(69,73) d(64) a(6,63)
10; a(66,45) a(65,104) a(5,34) d(29) r(73,34) a(69,62)
11; r(66,38) d(35)
12; a(66,45) a(65,104) a(5,34) d(35)
13; r(66,38) d(29) r(73,34) d(74)
14; a(67,91) a(69,73) r(74,62) r(29,47)
15; a(67,91) a(72,45) a(72,57) d(66)
16; d(66) r(5,99)
17; a(66,45) d(34) d(6) r(72,105) d(69) d(73)
18; d(66) r(72,105) d(69) r(64,88)
19; a(66,45) d(34) d(6) a(73,70)
20; r(65,49) d(67) d(34) a(6,40)
21; d(64) r(29,70) a(6,99)
22; r(67,37) d(6) r(69,66) d(34)
23; r(65,49) d(67) d(34) d(74)
24; d(67) r(64,45) d(29) r(64,38) a(6,54)
25; r(66,38) r(71,76)
26; d(67) r(64,45) r(5,63)
27; r(66,38) d(29) r(64,38) d(35)
28; r(67,37) a(66,50)
29; a(69,63) d(67) d(6) r(69,66) r(65,40)
30; r(67,37) d(6) r(69,66) a(74,67)
31; a(69,63) d(67) d(34)
32; d(64) d(6) r(34,45)
33; d(66) r(72,105) d(69) r(34,52)
34; d(64) d(6) r(5,70)
35; d(66) r(72,105) d(69) r(5,40)
36; r(66,99) r(34,58)
37; r(67,37) d(6) r(35,51) d(29) a(73,66) d(65) a(64,69)
38; r(66,99) a(73,66) d(65) r(35,76)
39; r(67,37) d(6) r(35,51) d(29) r(5,38)
40; a(67,76) a(6,38) d(65) a(74,75)
41; r(67,37) d(6) r(69,104) a(72,37)
42; a(69,63) a(69,73) d(64) r(29,44)
43; r(67,37) d(6) r(34,37) a(73,43)
44; a(69,63) a(69,73) d(64) d(35)
45; r(67,37) d(6) r(34,37) d(71)
46; a(67,76) a(6,38) a(34,55) a(72,50)
47; a(66,45) a(65,104) a(5,34) r(34,67)
48; r(66,38) d(29) d(69)
49; d(34) d(69) d(67) d(64) r(64,38) d(6)
50; r(66,38) d(29) r(64,38) r(5,76)
51; d(34) d(69) d(67) d(64) r(29,44)
52; a(67,76) a(6,38) a(34,55) d(69)
53; r(35,58) a(69,75) r(71,52) d(67)
54; r(67,37) d(6) r(35,51) d(29) d(71)
55; d(67) r(64,45) a(29,55)
--------------------------------------------------------------------------------
Evaluation

0; 15.
1; 0.
2; 0.
3; 0.
4; 0.
5; 0.
6; 0.
7; 0.
8; 0.
9; 0.
10; 0.
11; 15.
12; 15.
13; 15.
14; 0.
15; 3.
16; 3.
17; 0.
18; 0.
19; 0.
20; 0.
21; 0.
22; 0.
23; 0.
24; 0.
25; 15.
26; 0.
27; 0.
28; 15.
29; 0.
30; 0.
31; 5.
32; 0.
33; 0.
34; 0.
35; 0.
36; 3.
37; 0.
38; 15.
39; 15.
40; 0.
41; 0.
42; 15.
43; 0.
44; 15.
45; 0.
46; 0.
47; 0.
48; 0.
49; 0.
50; 15.
51; 15.
52; 0.
53; 5.
54; 0.
55; 0.
================================================================================
Generation 4

--------------------------------------------------------------------------------
Selection

0; 46
1; 37
2; 37
3; 30
4; 33
5; 39
6; 47
7; 17
8; 3
9; 5
10; 19
11; 8
12; 43
13; 21
14; 23
15; 8
16; 55
17; 20
18; 43
19; 2
20; 6
21; 5
22; 7
23; 18
24; 55
25; 47
26; 42
27; 19
28; 35
29; 21
30; 21
31; 48
32; 45
33; 32
34; 3
35; 5
36; 19
37; 32
38; 4
39; 20
--------------------------------------------------------------------------------
Crossover

0; 45; r(67,37) d(6) r(34,37) d(71)
1; 46; a(67,76) a(6,38) a(34,55) a(72,50)
2; 5, 6; r(65,49) d(29) d(5)
3; 5, 6; r(65,49) d(67) r(35,51) a(29,70) r(74,44)
4; 5; r(65,49) r(35,51) a(29,70) r(74,44)
5; 6; r(65,49) d(67) d(29) d(5)
6; 47, 37; a(66,45) a(65,104) a(5,34) r(35,51) d(29) a(73,66) d(65) a(64,69)
7; 47, 37; r(67,37) d(6) r(34,67)
8; 47; a(66,45) a(65,104) a(5,34) r(34,67)
9; 37; r(67,37) d(6) r(35,51) d(29) a(73,66) d(65) a(64,69)
10; 19, 30; a(66,45) d(34) d(6)
11; 19, 30; r(67,37) d(6) r(69,66) a(74,67) a(73,70)
12; 19; a(66,45) d(34) d(6) a(73,70)
13; 30; r(67,37) d(6) r(69,66) a(74,67)
14; 47; a(66,45) a(65,104) a(5,34) r(34,67)
15; 21; d(64) r(29,70) a(6,99)
16; 8, 19; d(67) r(64,45)
17; 8, 19; a(66,45) d(34) d(6) a(73,70) r(5,29)
18; 8; d(67) r(64,45) r(5,29)
19; 19; a(66,45) d(34) d(6) a(73,70)
20; 48, 8; r(66,38) d(29) r(64,45) r(5,29)
21; 48, 8; d(67) d(69)
22; 48; r(66,38) d(29) d(69)
23; 8; d(67) r(64,45) r(5,29)
24; 7, 43; r(65,49) d(67) d(34) d(74)
25; 7, 43; r(67,37) d(6) r(34,37) a(73,43)
26; 7; r(65,49) d(67) d(34) d(74)
27; 43; r(67,37) d(6) r(34,37) a(73,43)
28; 3, 19; a(69,63) a(69,73) d(64) a(5,51) a(73,70)
29; 3, 19; a(66,45) d(34) d(6)
30; 3; a(69,63) a(69,73) d(64) a(5,51)
31; 19; a(66,45) d(34) d(6) a(73,70)
32; 32, 5; d(64) d(6) r(74,44)
33; 32, 5; r(65,49) r(35,51) a(29,70) r(34,45)
34; 32; d(64) d(6) r(34,45)
35; 5; r(65,49) r(35,51) a(29,70) r(74,44)
36; 35; d(66) r(72,105) d(69) r(5,40)
37; 5; r(65,49) r(35,51) a(29,70) r(74,44)
38; 20, 55; r(65,49) d(67) d(34) r(64,45) a(29,55)
39; 20, 55; d(67) a(6,40)
40; 20; r(65,49) d(67) d(34) a(6,40)
41; 55; d(67) r(64,45) a(29,55)
42; 32, 37; d(64)
43; 32, 37; r(67,37) d(6) r(35,51) d(29) a(73,66) d(65) a(64,69) d(6) r(34,45)
44; 32; d(64) d(6) r(34,45)
45; 37; r(67,37) d(6) r(35,51) d(29) a(73,66) d(65) a(64,69)
46; 18, 43; d(66) r(72,105) d(69) r(34,37) a(73,43)
47; 18, 43; r(67,37) d(6) r(64,88)
48; 18; d(66) r(72,105) d(69) r(64,88)
49; 43; r(67,37) d(6) r(34,37) a(73,43)
50; 20, 17; r(65,49) d(67)
51; 20, 17; a(66,45) d(34) d(6) r(72,105) d(69) d(73) d(34) a(6,40)
52; 20; r(65,49) d(67) d(34) a(6,40)
53; 17; a(66,45) d(34) d(6) r(72,105) d(69) d(73)
54; 42, 21; a(69,63) a(69,73) d(64)
55; 42, 21; d(64) r(29,70) a(6,99) r(29,44)
56; 42; a(69,63) a(69,73) d(64) r(29,44)
57; 21; d(64) r(29,70) a(6,99)
58; 33, 2; d(66) d(5)
59; 33, 2; d(64) r(29,41) r(72,105) d(69) r(34,52)
60; 33; d(66) r(72,105) d(69) r(34,52)
61; 2; d(64) r(29,41) d(5)
62; 39, 21; r(67,37) a(6,99)
63; 39, 21; d(64) r(29,70) d(6) r(35,51) d(29) r(5,38)
64; 39; r(67,37) d(6) r(35,51) d(29) r(5,38)
65; 21; d(64) r(29,70) a(6,99)
66; 23; r(65,49) d(67) d(34) d(74)
67; 55; d(67) r(64,45) a(29,55)
68; 3, 4; a(69,63) a(69,73) a(72,63) r(72,75)
69; 3, 4; d(69) d(66) d(64) a(5,51)
70; 3; a(69,63) a(69,73) d(64) a(5,51)
71; 4; d(69) d(66) a(72,63) r(72,75)
--------------------------------------------------------------------------------
Mutation

0; r(67,37) d(6) r(34,37) d(71) d(65)
1; a(67,76) a(6,38) a(34,55) a(72,50) r(66,105)
2; r(65,49) d(29) d(5) a(72,69)
3; r(65,49) d(67) r(35,51) a(29,70) r(74,44) a(72,76)
4; r(65,49) r(35,51) a(29,70) r(74,44) a(34,42)
5; r(65,49) d(67) d(29) d(5) r(74,105)
6; a(66,45) a(65,104) a(5,34) r(35,51) d(29) a(73,66) d(65) a(64,69) a(6,29)
7; r(67,37) d(6) r(34,67) d(66)
8; a(66,45) a(65,104) a(5,34) r(34,67) d(64)
9; r(67,37) d(6) r(35,51) d(29) a(73,66) d(65) a(64,69) a(73,88)
10; a(66,45) d(34) d(6) d(29)
11; r(67,37) d(6) r(69,66) a(74,67) a(73,70) d(73)
12; a(66,45) d(34) d(6) a(73,70) a(67,66)
13; r(67,37) d(6) r(69,66) a(74,67) r(5,57)
14; a(66,45) a(65,104) a(5,34) r(34,67) r(65,75)
15; d(64) r(29,70) a(6,99) a(6,57)
16; d(67) r(64,45) a(29,34)
17; a(66,45) d(34) d(6) a(73,70) r(5,29) a(66,55)
18; d(67) r(64,45) r(5,29) a(35,51)
19; a(66,45) d(34) d(6) a(73,70) d(29)
20; r(66,38) d(29) r(64,45) r(5,29) a(35,43)
21; d(67) d(69) d(72)
22; r(66,38) d(29) d(69) r(64,70)
23; d(67) r(64,45) r(5,29) d(34)
24; r(65,49) d(67) d(34) d(74) r(6,90)
25; r(67,37) d(6) r(34,37) a(73,43) d(71)
26; r(65,49) d(67) d(34) d(74) d(35)
27; r(67,37) d(6) r(34,37) a(73,43) d(72)
28; a(69,63) a(69,73) d(64) a(5,51) a(73,70) r(5,99)
29; a(66,45) d(34) d(6) a(5,44)
30; a(69,63) a(69,73) d(64) a(5,51) a(29,56)
31; a(66,45) d(34) d(6) a(73,70) d(29)
32; d(64) d(6) r(74,44) a(35,39)
33; r(65,49) r(35,51) a(29,70) r(34,45) d(67)
34; d(64) d(6) r(34,45) a(5,40)
35; r(65,49) r(35,51) a(29,70) r(74,44) r(73,76)
36; d(66) r(72,105) d(69) r(5,40) d(29)
37; r(65,49) r(35,51) a(29,70) r(74,44) a(71,52)
38; r(65,49) d(67) d(34) r(64,45) a(29,55) r(5,51)
39; d(67) a(6,40) a(5,54)
40; r(65,49) d(67) d(34) a(6,40) d(72)
41; d(67) r(64,45) a(29,55) d(35)
42; d(64) d(35)
43; r(67,37) d(6) r(35,51) d(29) a(73,66) d(65) a(64,69) d(6) r(34,45) a(74,73)
44; d(64) d(6) r(34,45) a(35,58)
45; r(67,37) d(6) r(35,51) d(29) a(73,66) d(65) a(64,69) a(71,66)
46; d(66) r(72,105) d(69) r(34,37) a(73,43) a(6,36)
47; r(67,37) d(6) r(64,88) d(5)
48; d(66) r(72,105) d(69) r(64,88) a(5,46)
49; r(67,37) d(6) r(34,37) a(73,43) d(72)
50; r(65,49) d(67) a(73,99)
51; a(66,45) d(34) d(6) r(72,105) d(69) d(73) d(34) a(6,40) d(66)
52; r(65,49) d(67) d(34) a(6,40) r(5,41)
53; a(66,45) d(34) d(6) r(72,105) d(69) d(73) a(65,56)
54; a(69,63) a(69,73) d(64) d(6)
55; d(64) r(29,70) a(6,99) r(29,44) d(6)
56; a(69,63) a(69,73) d(64) r(29,44) r(5,53)
57; d(64) r(29,70) a(6,99) a(35,52)
58; d(66) d(5) d(29)
59; d(64) r(29,41) r(72,105) d(69) r(34,52) r(35,54)
60; d(66) r(72,105) d(69) r(34,52) a(5,35)
61; d(64) r(29,41) d(5) d(35)
62; r(67,37) a(6,99) d(74)
63; d(64) r(29,70) d(6) r(35,51) d(29) r(5,38)
64; r(67,37) d(6) r(35,51) d(29) r(5,38) r(71,64)
65; d(64) r(29,70) a(6,99) a(5,5)
66; r(65,49) d(67) d(34) d(74) r(64,69)
67; d(67) r(64,45) a(29,55) d(29)
68; a(69,63) a(69,73) a(72,63) r(72,75) d(64)
69; d(69) d(66) d(64) a(5,51) a(5,45)
70; a(69,63) a(69,73) d(64) a(5,51) r(29,58)
71; d(69) d(66) a(72,63) r(72,75) r(64,57)
--------------------------------------------------------------------------------
Evaluation

0; 0.
1; 3.
2; 0.
3; 0.
4; 0.
5; 0.
6; 0.
7; 0.
8; 0.
9; 0.
10; 0.
11; 0.
12; 0.
13; 15.
14; 0.
15; 0.
16; 0.
17; 15.
18; 0.
19; 0.
20; 0.
21; 0.
22; 15.
23; 0.
24; 0.
25; 0.
26; 15.
27; 0.
28; 0.
29; 0.
30; 0.
31; 0.
32; 0.
33; 0.
34; 0.
35; 0.
36; 0.
37; 0.
38; 0.
39; 15.
40; 0.
41; 15.
42; 15.
43; 0.
44; 0.
45; 0.
46; 15.
47; 0.
48; 0.
49; 0.
50; 0.
51; 0.
52; 0.
53; 0.
54; 0.
55; 0.
56; 15.
57; 0.
58; 3.
59; 15.
60; 0.
61; 15.
62; 15.
63; 0.
64; 15.
65; 0.
66; 0.
67; 0.
68; 0.
69; 0.
70; 0.
71; 0.
================================================================================
Generation 5

--------------------------------------------------------------------------------
Selection

0; 37
1; 49
2; 28
3; 24
4; 6
5; 50
6; 44
7; 27
8; 34
9; 60
10; 65
11; 40
12; 36
13; 25
14; 60
15; 24
16; 24
17; 8
18; 10
19; 6
20; 71
21; 4
22; 31
23; 51
24; 24
25; 49
26; 65
27; 33
28; 55
29; 67
30; 28
31; 1
32; 53
33; 54
34; 51
35; 47
36; 6
37; 12
38; 30
39; 14
--------------------------------------------------------------------------------
Crossover

0; 30; a(69,63) a(69,73) d(64) a(5,51) a(29,56)
1; 1; a(67,76) a(6,38) a(34,55) a(72,50) r(66,105)
2; 6, 24; a(66,45) a(65,104) a(5,34) r(35,51) d(29) a(73,66) d(67) d(34) d(74) r(6,90)
3; 6, 24; r(65,49) d(65) a(64,69) a(6,29)
4; 6; a(66,45) a(65,104) a(5,34) r(35,51) d(29) a(73,66) d(65) a(64,69) a(6,29)
5; 24; r(65,49) d(67) d(34) d(74) r(6,90)
6; 14; a(66,45) a(65,104) a(5,34) r(34,67) r(65,75)
7; 24; r(65,49) d(67) d(34) d(74) r(6,90)
8; 50, 67; r(65,49) a(29,55) d(29)
9; 50, 67; d(67) r(64,45) d(67) a(73,99)
10; 50; r(65,49) d(67) a(73,99)
11; 67; d(67) r(64,45) a(29,55) d(29)
12; 54; a(69,63) a(69,73) d(64) d(6)
13; 4; r(65,49) r(35,51) a(29,70) r(74,44) a(34,42)
14; 36; d(66) r(72,105) d(69) r(5,40) d(29)
15; 12; a(66,45) d(34) d(6) a(73,70) a(67,66)
16; 65; d(64) r(29,70) a(6,99) a(5,5)
17; 28; a(69,63) a(69,73) d(64) a(5,51) a(73,70) r(5,99)
18; 40; r(65,49) d(67) d(34) a(6,40) d(72)
19; 24; r(65,49) d(67) d(34) d(74) r(6,90)
20; 65; d(64) r(29,70) a(6,99) a(5,5)
21; 28; a(69,63) a(69,73) d(64) a(5,51) a(73,70) r(5,99)
22; 10; a(66,45) d(34) d(6) d(29)
23; 34; d(64) d(6) r(34,45) a(5,40)
24; 71, 44; d(69) d(66) a(72,63) r(72,75) r(64,57) d(6) r(34,45) a(35,58)
25; 71, 44; d(64)
26; 71; d(69) d(66) a(72,63) r(72,75) r(64,57)
27; 44; d(64) d(6) r(34,45) a(35,58)
28; 6; a(66,45) a(65,104) a(5,34) r(35,51) d(29) a(73,66) d(65) a(64,69) a(6,29)
29; 55; d(64) r(29,70) a(6,99) r(29,44) d(6)
30; 49, 51; r(67,37) d(6) r(34,37) a(73,43) d(72) d(69) d(73) d(34) a(6,40) d(66)
31; 49, 51; a(66,45) d(34) d(6) r(72,105)
32; 49; r(67,37) d(6) r(34,37) a(73,43) d(72)
33; 51; a(66,45) d(34) d(6) r(72,105) d(69) d(73) d(34) a(6,40) d(66)
34; 37, 31; r(65,49) d(6) a(73,70) d(29)
35; 37, 31; a(66,45) d(34) r(35,51) a(29,70) r(74,44) a(71,52)
36; 37; r(65,49) r(35,51) a(29,70) r(74,44) a(71,52)
37; 31; a(66,45) d(34) d(6) a(73,70) d(29)
38; 8; a(66,45) a(65,104) a(5,34) r(34,67) d(64)
39; 24; r(65,49) d(67) d(34) d(74) r(6,90)
40; 47; r(67,37) d(6) r(64,88) d(5)
41; 49; r(67,37) d(6) r(34,37) a(73,43) d(72)
42; 60, 33; d(66) a(29,70) r(34,45) d(67)
43; 60, 33; r(65,49) r(35,51) r(72,105) d(69) r(34,52) a(5,35)
44; 60; d(66) r(72,105) d(69) r(34,52) a(5,35)
45; 33; r(65,49) r(35,51) a(29,70) r(34,45) d(67)
46; 60, 6; d(66) r(72,105) d(69) r(35,51) d(29) a(73,66) d(65) a(64,69) a(6,29)
47; 60, 6; a(66,45) a(65,104) a(5,34) r(34,52) a(5,35)
48; 60; d(66) r(72,105) d(69) r(34,52) a(5,35)
49; 6; a(66,45) a(65,104) a(5,34) r(35,51) d(29) a(73,66) d(65) a(64,69) a(6,29)
50; 27, 51; r(67,37) d(6) d(73) d(34) a(6,40) d(66)
51; 27, 51; a(66,45) d(34) d(6) r(72,105) d(69) r(34,37) a(73,43) d(72)
52; 27; r(67,37) d(6) r(34,37) a(73,43) d(72)
53; 51; a(66,45) d(34) d(6) r(72,105) d(69) d(73) d(34) a(6,40) d(66)
54; 53; a(66,45) d(34) d(6) r(72,105) d(69) d(73) a(65,56)
55; 25; r(67,37) d(6) r(34,37) a(73,43) d(71)
--------------------------------------------------------------------------------
Mutation

0; a(69,63) a(69,73) d(64) a(5,51) a(29,56) d(29)
1; a(67,76) a(6,38) a(34,55) a(72,50) r(66,105) d(69)
2; a(66,45) a(65,104) a(5,34) r(35,51) d(29) a(73,66) d(67) d(34) d(74) r(6,90) d(5)
3; r(65,49) d(65) a(64,69) a(6,29) d(6)
4; a(66,45) a(65,104) a(5,34) r(35,51) d(29) a(73,66) d(65) a(64,69) a(6,29) d(5)
5; r(65,49) d(67) d(34) d(74) r(6,90) r(5,104)
6; a(66,45) a(65,104) a(5,34) r(34,67) r(65,75) r(69,52)
7; r(65,49) d(67) d(34) d(74) r(6,90) a(66,45)
8; r(65,49) a(29,55) d(29) d(35)
9; d(67) r(64,45) d(67) a(73,99) a(6,49)
10; r(65,49) d(67) a(73,99) a(6,99)
11; d(67) r(64,45) a(29,55) d(29) r(35,36)
12; a(69,63) a(69,73) d(64) d(6) a(29,99)
13; r(65,49) r(35,51) a(29,70) r(74,44) a(34,42) r(73,71)
14; d(66) r(72,105) d(69) r(5,40) d(29) r(35,91)
15; a(66,45) d(34) d(6) a(73,70) a(67,66) a(72,74)
16; d(64) r(29,70) a(6,99) a(5,5) a(5,38)
17; a(69,63) a(69,73) d(64) a(5,51) a(73,70) r(5,99) d(35)
18; r(65,49) d(67) d(34) a(6,40) d(72) r(6,76)
19; r(65,49) d(67) d(34) d(74) r(6,90) r(69,67)
20; d(64) r(29,70) a(6,99) a(5,5) a(6,34)
21; a(69,63) a(69,73) d(64) a(5,51) a(73,70) r(5,99) a(34,52)
22; a(66,45) d(34) d(6) d(29) r(5,55)
23; d(64) d(6) r(34,45) a(5,40) a(35,63)
24; d(69) d(66) a(72,63) r(72,75) r(64,57) d(6) r(34,45) a(35,58) a(35,45)
25; d(64) d(34)
26; d(69) d(66) a(72,63) r(72,75) r(64,57) a(34,53)
27; d(64) d(6) r(34,45) a(35,58) d(5)
28; a(66,45) a(65,104) a(5,34) r(35,51) d(29) a(73,66) d(65) a(64,69) a(6,29) a(71,52)
29; d(64) r(29,70) a(6,99) r(29,44) d(6) d(5)
30; r(67,37) d(6) r(34,37) a(73,43) d(72) d(69) d(73) d(34) a(6,40) d(66) r(65,43)
31; a(66,45) d(34) d(6) r(72,105) a(35,50)
32; r(67,37) d(6) r(34,37) a(73,43) d(72) d(73)
33; a(66,45) d(34) d(6) r(72,105) d(69) d(73) d(34) a(6,40) d(66) a(5,50)
34; r(65,49) d(6) a(73,70) d(29) d(72)
35; a(66,45) d(34) r(35,51) a(29,70) r(74,44) a(71,52) a(65,56)
36; r(65,49) r(35,51) a(29,70) r(74,44) a(71,52) d(66)
37; a(66,45) d(34) d(6) a(73,70) d(29) a(5,105)
38; a(66,45) a(65,104) a(5,34) r(34,67) d(64) d(6)
39; r(65,49) d(67) d(34) d(74) r(6,90) r(69,57)
40; r(67,37) d(6) r(64,88) d(5) d(29)
41; r(67,37) d(6) r(34,37) a(73,43) d(72) a(5,39)
42; d(66) a(29,70) r(34,45) d(67) a(71,62)
43; r(65,49) r(35,51) r(72,105) d(69) r(34,52) a(5,35) d(64)
44; d(66) r(72,105) d(69) r(34,52) a(5,35) r(65,70)
45; r(65,49) r(35,51) a(29,70) r(34,45) d(67) a(69,55)
46; d(66) r(72,105) d(69) r(35,51) d(29) a(73,66) d(65) a(64,69) a(6,29) r(74,63)
47; a(66,45) a(65,104) a(5,34) r(34,52) a(5,35) d(64)
48; d(66) r(72,105) d(69) r(34,52) a(5,35) a(29,55)
49; a(66,45) a(65,104) a(5,34) r(35,51) d(29) a(73,66) d(65) a(64,69) a(6,29) r(5,104)
50; r(67,37) d(6) d(73) d(34) a(6,40) d(66) a(65,67)
51; a(66,45) d(34) d(6) r(72,105) d(69) r(34,37) a(73,43) d(72) a(35,54)
52; r(67,37) d(6) r(34,37) a(73,43) d(72) a(29,71)
53; a(66,45) d(34) d(6) r(72,105) d(69) d(73) d(34) a(6,40) d(66) a(29,105)
54; a(66,45) d(34) d(6) r(72,105) d(69) d(73) a(65,56) r(29,34)
55; r(67,37) d(6) r(34,37) a(73,43) d(71) r(66,74)
--------------------------------------------------------------------------------
Evaluation

0; 0.
1; 0.
2; 0.
3; 0.
4; 0.
5; 15.
6; 0.
7; 0.
8; 0.
9; 0.
10; 0.
11; 0.
12; 0.
13; 0.
14; 15.
15; 0.
16; 0.
17; 0.
18; 15.
19; 0.
20; 0.
21; 0.
22; 5.
23; 0.
24; 0.
25; 0.
26; 0.
27; 0.
28; 0.
29; 0.
30; 0.
31; 0.
32; 0.
33; 0.
34; 0.
35; 0.
36; 0.
37; 0.
38; 0.
39; 0.
40; 0.
41; 0.
42; 0.
43; 0.
44; 15.
45; 0.
46; 0.
47; 0.
48; 0.
49; 15.
50; 0.
51; 0.
52; 0.
53; 0.
54; 0.
55; 0.
================================================================================
Generation 6

--------------------------------------------------------------------------------
Selection

0; 16
1; 34
2; 27
3; 11
4; 35
5; 37
6; 24
7; 15
8; 30
9; 28
10; 23
11; 21
12; 8
13; 7
14; 47
15; 45
16; 53
17; 16
18; 21
19; 21
20; 21
21; 43
22; 48
23; 23
24; 41
25; 4
26; 28
27; 47
28; 41
29; 17
30; 21
31; 7
32; 34
33; 21
34; 20
35; 34
36; 4
37; 27
38; 54
39; 55
--------------------------------------------------------------------------------
Crossover

0; 17, 34; a(69,63) d(29) d(72)
1; 17, 34; r(65,49) d(6) a(73,70) a(69,73) d(64) a(5,51) a(73,70) r(5,99) d(35)
2; 17; a(69,63) a(69,73) d(64) a(5,51) a(73,70) r(5,99) d(35)
3; 34; r(65,49) d(6) a(73,70) d(29) d(72)
4; 7; r(65,49) d(67) d(34) d(74) r(6,90) a(66,45)
5; 23; d(64) d(6) r(34,45) a(5,40) a(35,63)
6; 8; r(65,49) a(29,55) d(29) d(35)
7; 7; r(65,49) d(67) d(34) d(74) r(6,90) a(66,45)
8; 21, 47; a(69,63) a(69,73) d(64) a(5,51) a(73,70) r(5,99) a(34,52) a(65,104) a(5,34) r(34,52) a(5,35) d(64)
9; 21, 47; a(66,45)
10; 21; a(69,63) a(69,73) d(64) a(5,51) a(73,70) r(5,99) a(34,52)
11; 47; a(66,45) a(65,104) a(5,34) r(34,52) a(5,35) d(64)
12; 11; d(67) r(64,45) a(29,55) d(29) r(35,36)
13; 47; a(66,45) a(65,104) a(5,34) r(34,52) a(5,35) d(64)
14; 27, 35; d(64) d(6) r(34,45) r(74,44) a(71,52) a(65,56)
15; 27, 35; a(66,45) d(34) r(35,51) a(29,70) a(35,58) d(5)
16; 27; d(64) d(6) r(34,45) a(35,58) d(5)
17; 35; a(66,45) d(34) r(35,51) a(29,70) r(74,44) a(71,52) a(65,56)
18; 37, 16; a(66,45) a(5,5) a(5,38)
19; 37, 16; d(64) r(29,70) a(6,99) d(34) d(6) a(73,70) d(29) a(5,105)
20; 37; a(66,45) d(34) d(6) a(73,70) d(29) a(5,105)
21; 16; d(64) r(29,70) a(6,99) a(5,5) a(5,38)
22; 43; r(65,49) r(35,51) r(72,105) d(69) r(34,52) a(5,35) d(64)
23; 23; d(64) d(6) r(34,45) a(5,40) a(35,63)
24; 48; d(66) r(72,105) d(69) r(34,52) a(5,35) a(29,55)
25; 53; a(66,45) d(34) d(6) r(72,105) d(69) d(73) d(34) a(6,40) d(66) a(29,105)
26; 45, 41; r(65,49) r(35,51) a(29,70) r(34,45) d(72) a(5,39)
27; 45, 41; r(67,37) d(6) r(34,37) a(73,43) d(67) a(69,55)
28; 45; r(65,49) r(35,51) a(29,70) r(34,45) d(67) a(69,55)
29; 41; r(67,37) d(6) r(34,37) a(73,43) d(72) a(5,39)
30; 21, 21; a(69,63) a(69,73) d(64) d(64) a(5,51) a(73,70) r(5,99) a(34,52)
31; 21, 21; a(69,63) a(69,73) a(5,51) a(73,70) r(5,99) a(34,52)
32; 21; a(69,63) a(69,73) d(64) a(5,51) a(73,70) r(5,99) a(34,52)
33; 21; a(69,63) a(69,73) d(64) a(5,51) a(73,70) r(5,99) a(34,52)
34; 34; r(65,49) d(6) a(73,70) d(29) d(72)
35; 41; r(67,37) d(6) r(34,37) a(73,43) d(72) a(5,39)
36; 21; a(69,63) a(69,73) d(64) a(5,51) a(73,70) r(5,99) a(34,52)
37; 24; d(69) d(66) a(72,63) r(72,75) r(64,57) d(6) r(34,45) a(35,58) a(35,45)
38; 15, 55; a(66,45) d(34) d(6) a(73,70) a(67,66) a(72,74) d(71) r(66,74)
39; 15, 55; r(67,37) d(6) r(34,37) a(73,43)
40; 15; a(66,45) d(34) d(6) a(73,70) a(67,66) a(72,74)
41; 55; r(67,37) d(6) r(34,37) a(73,43) d(71) r(66,74)
42; 4; a(66,45) a(65,104) a(5,34) r(35,51) d(29) a(73,66) d(65) a(64,69) a(6,29) d(5)
43; 27; d(64) d(6) r(34,45) a(35,58) d(5)
44; 30, 34; r(67,37) d(6) r(34,37) a(73,43) d(72) a(73,70) d(29) d(72)
45; 30, 34; r(65,49) d(6) d(69) d(73) d(34) a(6,40) d(66) r(65,43)
46; 30; r(67,37) d(6) r(34,37) a(73,43) d(72) d(69) d(73) d(34) a(6,40) d(66) r(65,43)
47; 34; r(65,49) d(6) a(73,70) d(29) d(72)
48; 21; a(69,63) a(69,73) d(64) a(5,51) a(73,70) r(5,99) a(34,52)
49; 28; a(66,45) a(65,104) a(5,34) r(35,51) d(29) a(73,66) d(65) a(64,69) a(6,29) a(71,52)
50; 20, 54; d(64) r(29,70) a(6,99) a(5,5) a(6,34) r(29,34)
51; 20, 54; a(66,45) d(34) d(6) r(72,105) d(69) d(73) a(65,56)
52; 20; d(64) r(29,70) a(6,99) a(5,5) a(6,34)
53; 54; a(66,45) d(34) d(6) r(72,105) d(69) d(73) a(65,56) r(29,34)
54; 4, 21; a(66,45) a(65,104) a(5,34) r(35,51) d(29) a(5,51) a(73,70) r(5,99) a(34,52)
55; 4, 21; a(69,63) a(69,73) d(64) a(73,66) d(65) a(64,69) a(6,29) d(5)
56; 4; a(66,45) a(65,104) a(5,34) r(35,51) d(29) a(73,66) d(65) a(64,69) a(6,29) d(5)
57; 21; a(69,63) a(69,73) d(64) a(5,51) a(73,70) r(5,99) a(34,52)
58; 16; d(64) r(29,70) a(6,99) a(5,5) a(5,38)
59; 28; a(66,45) a(65,104) a(5,34) r(35,51) d(29) a(73,66) d(65) a(64,69) a(6,29) a(71,52)
--------------------------------------------------------------------------------
Mutation

0; a(69,63) d(29) d(72) r(65,75)
1; r(65,49) d(6) a(73,70) a(69,73) d(64) a(5,51) a(73,70) r(5,99) d(35) r(29,51)
2; a(69,63) a(69,73) d(64) a(5,51) a(73,70) r(5,99) d(35) r(29,40)
3; r(65,49) d(6) a(73,70) d(29) d(72) d(35)
4; r(65,49) d(67) d(34) d(74) r(6,90) a(66,45) r(73,52)
5; d(64) d(6) r(34,45) a(5,40) a(35,63) a(29,99)
6; r(65,49) a(29,55) d(29) d(35) r(73,37)
7; r(65,49) d(67) d(34) d(74) r(6,90) a(66,45) a(73,43)
8; a(69,63) a(69,73) d(64) a(5,51) a(73,70) r(5,99) a(34,52) a(65,104) a(5,34) r(34,52) a(5,35) d(64) d(29)
9; a(66,45) r(71,91)
10; a(69,63) a(69,73) d(64) a(5,51) a(73,70) r(5,99) a(34,52) a(29,35)
11; a(66,45) a(65,104) a(5,34) r(34,52) a(5,35) d(64) a(5,42)
12; d(67) r(64,45) a(29,55) d(29) r(35,36) d(5)
13; a(66,45) a(65,104) a(5,34) r(34,52) a(5,35) d(64) d(6)
14; d(64) d(6) r(34,45) r(74,44) a(71,52) a(65,56) d(5)
15; a(66,45) d(34) r(35,51) a(29,70) a(35,58) d(5) r(74,90)
16; d(64) d(6) r(34,45) a(35,58) d(5) d(29)
17; a(66,45) d(34) r(35,51) a(29,70) r(74,44) a(71,52) a(65,56) d(6)
18; a(66,45) a(5,5) a(5,38) d(65)
19; d(64) r(29,70) a(6,99) d(34) d(6) a(73,70) d(29) a(5,105) r(35,52)
20; a(66,45) d(34) d(6) a(73,70) d(29) a(5,105) r(74,91)
21; d(64) r(29,70) a(6,99) a(5,5) a(5,38) a(35,105)
22; r(65,49) r(35,51) r(72,105) d(69) r(34,52) a(5,35) d(64) a(6,5)
23; d(64) d(6) r(34,45) a(5,40) a(35,63) a(35,55)
24; d(66) r(72,105) d(69) r(34,52) a(5,35) a(29,55) a(74,50)
25; a(66,45) d(34) d(6) r(72,105) d(69) d(73) d(34) a(6,40) d(66) a(29,105) r(74,65)
26; r(65,49) r(35,51) a(29,70) r(34,45) d(72) a(5,39) d(73)
27; r(67,37) d(6) r(34,37) a(73,43) d(67) a(69,55) d(66)
28; r(65,49) r(35,51) a(29,70) r(34,45) d(67) a(69,55) d(64)
29; r(67,37) d(6) r(34,37) a(73,43) d(72) a(5,39) a(73,38)
30; a(69,63) a(69,73) d(64) d(64) a(5,51) a(73,70) r(5,99) a(34,52) a(35,39)
31; a(69,63) a(69,73) a(5,51) a(73,70) r(5,99) a(34,52) r(73,63)
32; a(69,63) a(69,73) d(64) a(5,51) a(73,70) r(5,99) a(34,52) a(35,37)
33; a(69,63) a(69,73) d(64) a(5,51) a(73,70) r(5,99) a(34,52) d(34)
34; r(65,49) d(6) a(73,70) d(29) d(72) d(73)
35; r(67,37) d(6) r(34,37) a(73,43) d(72) a(5,39) r(65,57)
36; a(69,63) a(69,73) d(64) a(5,51) a(73,70) r(5,99) a(34,52) r(35,54)
37; d(69) d(66) a(72,63) r(72,75) r(64,57) d(6) r(34,45) a(35,58) a(35,45) a(5,57)
38; a(66,45) d(34) d(6) a(73,70) a(67,66) a(72,74) d(71) r(66,74) d(74)
39; r(67,37) d(6) r(34,37) a(73,43) d(72)
40; a(66,45) d(34) d(6) a(73,70) a(67,66) a(72,74) d(65)
41; r(67,37) d(6) r(34,37) a(73,43) d(71) r(66,74) a(64,43)
42; a(66,45) a(65,104) a(5,34) r(35,51) d(29) a(73,66) d(65) a(64,69) a(6,29) d(5) r(72,64)
43; d(64) d(6) r(34,45) a(35,58) d(5) d(29)
44; r(67,37) d(6) r(34,37) a(73,43) d(72) a(73,70) d(29) d(72) d(64)
45; r(65,49) d(6) d(69) d(73) d(34) a(6,40) d(66) r(65,43) r(35,29)
46; r(67,37) d(6) r(34,37) a(73,43) d(72) d(69) d(73) d(34) a(6,40) d(66) r(65,43) r(5,99)
47; r(65,49) d(6) a(73,70) d(29) d(72) a(66,55)
48; a(69,63) a(69,73) d(64) a(5,51) a(73,70) r(5,99) a(34,52) r(29,58)
49; a(66,45) a(65,104) a(5,34) r(35,51) d(29) a(73,66) d(65) a(64,69) a(6,29) a(71,52) a(72,34)
50; d(64) r(29,70) a(6,99) a(5,5) a(6,34) r(29,34) r(6,90)
51; a(66,45) d(34) d(6) r(72,105) d(69) d(73) a(65,56) a(74,64)
52; d(64) r(29,70) a(6,99) a(5,5) a(6,34) d(6)
53; a(66,45) d(34) d(6) r(72,105) d(69) d(73) a(65,56) r(29,34) r(74,63)
54; a(66,45) a(65,104) a(5,34) r(35,51) d(29) a(5,51) a(73,70) r(5,99) a(34,52) d(74)
55; a(69,63) a(69,73) d(64) a(73,66) d(65) a(64,69) a(6,29) d(5) d(29)
56; a(66,45) a(65,104) a(5,34) r(35,51) d(29) a(73,66) d(65) a(64,69) a(6,29) d(5) a(67,52)
57; a(69,63) a(69,73) d(64) a(5,51) a(73,70) r(5,99) a(34,52) r(34,105)
58; d(64) r(29,70) a(6,99) a(5,5) a(5,38) r(6,56)
59; a(66,45) a(65,104) a(5,34) r(35,51) d(29) a(73,66) d(65) a(64,69) a(6,29) a(71,52) d(72)
--------------------------------------------------------------------------------
Evaluation

0; 0.
1; 0.
2; 0.
3; 0.
4; 0.
5; 0.
6; 15.
7; 0.
8; 0.
9; 15.
10; 0.
11; 15.
12; 0.
13; 0.
14; 0.
15; 0.
16; 0.
17; 0.
18; 0.
19; 0.
20; 0.
21; 0.
22; 0.
23; 0.
24; 0.
25; 0.
26; 0.
27; 0.
28; 0.
29; 0.
30; 0.
31; 15.
32; 0.
33; 0.
34; 0.
35; 0.
36; 0.
37; 0.
38; 0.
39; 0.
40; 0.
41; 0.
42; 0.
43; 0.
44; 0.
45; 0.
46; 15.
47; 0.
48; 0.
49; 0.
50; 0.
51; 0.
52; 0.
53; 0.
54; 0.
55; 0.
56; 0.
57; 0.
58; 15.
59; 0.
================================================================================
Generation 7

--------------------------------------------------------------------------------
Selection

0; 18
1; 15
2; 36
3; 25
4; 52
5; 59
6; 16
7; 51
8; 33
9; 54
10; 51
11; 52
12; 5
13; 23
14; 19
15; 56
16; 16
17; 50
18; 32
19; 24
20; 4
21; 51
22; 12
23; 14
24; 37
25; 56
26; 13
27; 13
28; 49
29; 57
30; 53
31; 22
32; 49
33; 20
34; 52
35; 18
36; 49
37; 29
38; 4
39; 35
--------------------------------------------------------------------------------
Crossover

0; 51; a(66,45) d(34) d(6) r(72,105) d(69) d(73) a(65,56) a(74,64)
1; 13; a(66,45) a(65,104) a(5,34) r(34,52) a(5,35) d(64) d(6)
2; 59; a(66,45) a(65,104) a(5,34) r(35,51) d(29) a(73,66) d(65) a(64,69) a(6,29) a(71,52) d(72)
3; 4; r(65,49) d(67) d(34) d(74) r(6,90) a(66,45) r(73,52)
4; 12; d(67) r(64,45) a(29,55) d(29) r(35,36) d(5)
5; 52; d(64) r(29,70) a(6,99) a(5,5) a(6,34) d(6)
6; 5; d(64) d(6) r(34,45) a(5,40) a(35,63) a(29,99)
7; 37; d(69) d(66) a(72,63) r(72,75) r(64,57) d(6) r(34,45) a(35,58) a(35,45) a(5,57)
8; 36; a(69,63) a(69,73) d(64) a(5,51) a(73,70) r(5,99) a(34,52) r(35,54)
9; 24; d(66) r(72,105) d(69) r(34,52) a(5,35) a(29,55) a(74,50)
10; 4, 56; r(65,49) a(64,69) a(6,29) d(5) a(67,52)
11; 4, 56; a(66,45) a(65,104) a(5,34) r(35,51) d(29) a(73,66) d(65) d(67) d(34) d(74) r(6,90) a(66,45) r(73,52)
12; 4; r(65,49) d(67) d(34) d(74) r(6,90) a(66,45) r(73,52)
13; 56; a(66,45) a(65,104) a(5,34) r(35,51) d(29) a(73,66) d(65) a(64,69) a(6,29) d(5) a(67,52)
14; 49, 57; a(66,45) a(69,73) d(64) a(5,51) a(73,70) r(5,99) a(34,52) r(34,105)
15; 49, 57; a(69,63) a(65,104) a(5,34) r(35,51) d(29) a(73,66) d(65) a(64,69) a(6,29) a(71,52) a(72,34)
16; 49; a(66,45) a(65,104) a(5,34) r(35,51) d(29) a(73,66) d(65) a(64,69) a(6,29) a(71,52) a(72,34)
17; 57; a(69,63) a(69,73) d(64) a(5,51) a(73,70) r(5,99) a(34,52) r(34,105)
18; 56, 29; a(66,45) a(65,104) a(5,34) r(35,51) d(29) a(73,66) d(72) a(5,39) a(73,38)
19; 56, 29; r(67,37) d(6) r(34,37) a(73,43) d(65) a(64,69) a(6,29) d(5) a(67,52)
20; 56; a(66,45) a(65,104) a(5,34) r(35,51) d(29) a(73,66) d(65) a(64,69) a(6,29) d(5) a(67,52)
21; 29; r(67,37) d(6) r(34,37) a(73,43) d(72) a(5,39) a(73,38)
22; 51, 18; a(66,45)
23; 51, 18; a(66,45) a(5,5) a(5,38) d(65) d(34) d(6) r(72,105) d(69) d(73) a(65,56) a(74,64)
24; 51; a(66,45) d(34) d(6) r(72,105) d(69) d(73) a(65,56) a(74,64)
25; 18; a(66,45) a(5,5) a(5,38) d(65)
26; 25, 49; a(66,45) d(34) a(65,104) a(5,34) r(35,51) d(29) a(73,66) d(65) a(64,69) a(6,29) a(71,52) a(72,34)
27; 25, 49; a(66,45) d(6) r(72,105) d(69) d(73) d(34) a(6,40) d(66) a(29,105) r(74,65)
28; 25; a(66,45) d(34) d(6) r(72,105) d(69) d(73) d(34) a(6,40) d(66) a(29,105) r(74,65)
29; 49; a(66,45) a(65,104) a(5,34) r(35,51) d(29) a(73,66) d(65) a(64,69) a(6,29) a(71,52) a(72,34)
30; 15, 51; a(66,45) d(34) r(35,51) a(29,70) d(6) r(72,105) d(69) d(73) a(65,56) a(74,64)
31; 15, 51; a(66,45) d(34) a(35,58) d(5) r(74,90)
32; 15; a(66,45) d(34) r(35,51) a(29,70) a(35,58) d(5) r(74,90)
33; 51; a(66,45) d(34) d(6) r(72,105) d(69) d(73) a(65,56) a(74,64)
34; 19, 20; d(64) r(29,70) a(5,105) r(74,91)
35; 19, 20; a(66,45) d(34) d(6) a(73,70) d(29) a(6,99) d(34) d(6) a(73,70) d(29) a(5,105) r(35,52)
36; 19; d(64) r(29,70) a(6,99) d(34) d(6) a(73,70) d(29) a(5,105) r(35,52)
37; 20; a(66,45) d(34) d(6) a(73,70) d(29) a(5,105) r(74,91)
38; 16, 14; d(64) a(65,56) d(5)
39; 16, 14; d(64) d(6) r(34,45) r(74,44) a(71,52) d(6) r(34,45) a(35,58) d(5) d(29)
40; 16; d(64) d(6) r(34,45) a(35,58) d(5) d(29)
41; 14; d(64) d(6) r(34,45) r(74,44) a(71,52) a(65,56) d(5)
42; 16; d(64) d(6) r(34,45) a(35,58) d(5) d(29)
43; 52; d(64) r(29,70) a(6,99) a(5,5) a(6,34) d(6)
44; 32; a(69,63) a(69,73) d(64) a(5,51) a(73,70) r(5,99) a(34,52) a(35,37)
45; 18; a(66,45) a(5,5) a(5,38) d(65)
46; 23; d(64) d(6) r(34,45) a(5,40) a(35,63) a(35,55)
47; 50; d(64) r(29,70) a(6,99) a(5,5) a(6,34) r(29,34) r(6,90)
48; 33, 13; a(69,63) a(69,73) d(64) a(5,51) a(73,70)
49; 33, 13; a(66,45) a(65,104) a(5,34) r(34,52) a(5,35) d(64) d(6) r(5,99) a(34,52) d(34)
50; 33; a(69,63) a(69,73) d(64) a(5,51) a(73,70) r(5,99) a(34,52) d(34)
51; 13; a(66,45) a(65,104) a(5,34) r(34,52) a(5,35) d(64) d(6)
52; 54; a(66,45) a(65,104) a(5,34) r(35,51) d(29) a(5,51) a(73,70) r(5,99) a(34,52) d(74)
53; 49; a(66,45) a(65,104) a(5,34) r(35,51) d(29) a(73,66) d(65) a(64,69) a(6,29) a(71,52) a(72,34)
54; 52; d(64) r(29,70) a(6,99) a(5,5) a(6,34) d(6)
55; 35; r(67,37) d(6) r(34,37) a(73,43) d(72) a(5,39) r(65,57)
56; 53, 22; a(66,45) d(34) d(6) r(72,105) d(69) d(73) a(5,35) d(64) a(6,5)
57; 53, 22; r(65,49) r(35,51) r(72,105) d(69) r(34,52) a(65,56) r(29,34) r(74,63)
58; 53; a(66,45) d(34) d(6) r(72,105) d(69) d(73) a(65,56) r(29,34) r(74,63)
59; 22; r(65,49) r(35,51) r(72,105) d(69) r(34,52) a(5,35) d(64) a(6,5)
--------------------------------------------------------------------------------
Mutation

0; a(66,45) d(34) d(6) r(72,105) d(69) d(73) a(65,56) a(74,64) r(35,76)
1; a(66,45) a(65,104) a(5,34) r(34,52) a(5,35) d(64) d(6) r(35,51)
2; a(66,45) a(65,104) a(5,34) r(35,51) d(29) a(73,66) d(65) a(64,69) a(6,29) a(71,52) d(72) d(6)
3; r(65,49) d(67) d(34) d(74) r(6,90) a(66,45) r(73,52) d(29)
4; d(67) r(64,45) a(29,55) d(29) r(35,36) d(5)
5; d(64) r(29,70) a(6,99) a(5,5) a(6,34) d(6) r(35,56)
6; d(64) d(6) r(34,45) a(5,40) a(35,63) a(29,99) a(29,37)
7; d(69) d(66) a(72,63) r(72,75) r(64,57) d(6) r(34,45) a(35,58) a(35,45) a(5,57) d(29)
8; a(69,63) a(69,73) d(64) a(5,51) a(73,70) r(5,99) a(34,52) r(35,54) d(34)
9; d(66) r(72,105) d(69) r(34,52) a(5,35) a(29,55) a(74,50) d(65)
10; r(65,49) a(64,69) a(6,29) d(5) a(67,52) d(67)
11; a(66,45) a(65,104) a(5,34) r(35,51) d(29) a(73,66) d(65) d(67) d(34) d(74) r(6,90) a(66,45) r(73,52) r(64,90)
12; r(65,49) d(67) d(34) d(74) r(6,90) a(66,45) r(73,52) d(66)
13; a(66,45) a(65,104) a(5,34) r(35,51) d(29) a(73,66) d(65) a(64,69) a(6,29) d(5) a(67,52) d(74)
14; a(66,45) a(69,73) d(64) a(5,51) a(73,70) r(5,99) a(34,52) r(34,105) r(29,50)
15; a(69,63) a(65,104) a(5,34) r(35,51) d(29) a(73,66) d(65) a(64,69) a(6,29) a(71,52) a(72,34) a(67,44)
16; a(66,45) a(65,104) a(5,34) r(35,51) d(29) a(73,66) d(65) a(64,69) a(6,29) a(71,52) a(72,34) r(73,45)
17; a(69,63) a(69,73) d(64) a(5,51) a(73,70) r(5,99) a(34,52) r(34,105) a(29,37)
18; a(66,45) a(65,104) a(5,34) r(35,51) d(29) a(73,66) d(72) a(5,39) a(73,38) r(5,67)
19; r(67,37) d(6) r(34,37) a(73,43) d(65) a(64,69) a(6,29) d(5) a(67,52) r(69,50)
20; a(66,45) a(65,104) a(5,34) r(35,51) d(29) a(73,66) d(65) a(64,69) a(6,29) d(5) a(67,52) r(69,37)
21; r(67,37) d(6) r(34,37) a(73,43) d(72) a(5,39) a(73,38) d(35)
22; a(66,45) r(74,64)
23; a(66,45) a(5,5) a(5,38) d(65) d(34) d(6) r(72,105) d(69) d(73) a(65,56) a(74,64) d(5)
24; a(66,45) d(34) d(6) r(72,105) d(69) d(73) a(65,56) a(74,64) a(65,62)
25; a(66,45) a(5,5) a(5,38) d(65) r(5,39)
26; a(66,45) d(34) a(65,104) a(5,34) r(35,51) d(29) a(73,66) d(65) a(64,69) a(6,29) a(71,52) a(72,34) r(71,37)
27; a(66,45) d(6) r(72,105) d(69) d(73) d(34) a(6,40) d(66) a(29,105) r(74,65) d(65)
28; a(66,45) d(34) d(6) r(72,105) d(69) d(73) d(34) a(6,40) d(66) a(29,105) r(74,65) d(65)
29; a(66,45) a(65,104) a(5,34) r(35,51) d(29) a(73,66) d(65) a(64,69) a(6,29) a(71,52) a(72,34) a(74,50)
30; a(66,45) d(34) r(35,51) a(29,70) d(6) r(72,105) d(69) d(73) a(65,56) a(74,64) a(29,90)
31; a(66,45) d(34) a(35,58) d(5) r(74,90) r(67,55)
32; a(66,45) d(34) r(35,51) a(29,70) a(35,58) d(5) r(74,90) a(69,65)
33; a(66,45) d(34) d(6) r(72,105) d(69) d(73) a(65,56) a(74,64) a(64,45)
34; d(64) r(29,70) a(5,105) r(74,91) d(6)
35; a(66,45) d(34) d(6) a(73,70) d(29) a(6,99) d(34) d(6) a(73,70) d(29) a(5,105) r(35,52) a(69,69)
36; d(64) r(29,70) a(6,99) d(34) d(6) a(73,70) d(29) a(5,105) r(35,52) a(5,56)
37; a(66,45) d(34) d(6) a(73,70) d(29) a(5,105) r(74,91) d(66)
38; d(64) a(65,56) d(5) a(35,49)
39; d(64) d(6) r(34,45) r(74,44) a(71,52) d(6) r(34,45) a(35,58) d(5) d(29) a(35,90)
40; d(64) d(6) r(34,45) a(35,58) d(5) d(29) d(35)
41; d(64) d(6) r(34,45) r(74,44) a(71,52) a(65,56) d(5) d(35)
42; d(64) d(6) r(34,45) a(35,58) d(5) d(29) a(35,47)
43; d(64) r(29,70) a(6,99) a(5,5) a(6,34) d(6) d(5)
44; a(69,63) a(69,73) d(64) a(5,51) a(73,70) r(5,99) a(34,52) a(35,37) d(34)
45; a(66,45) a(5,5) a(5,38) d(65) d(71)
46; d(64) d(6) r(34,45) a(5,40) a(35,63) a(35,55) r(29,70)
47; d(64) r(29,70) a(6,99) a(5,5) a(6,34) r(29,34) r(6,90) r(5,40)
48; a(69,63) a(69,73) d(64) a(5,51) a(73,70) d(29)
49; a(66,45) a(65,104) a(5,34) r(34,52) a(5,35) d(64) d(6) r(5,99) a(34,52) d(34) d(35)
50; a(69,63) a(69,73) d(64) a(5,51) a(73,70) r(5,99) a(34,52) d(34) d(29)
51; a(66,45) a(65,104) a(5,34) r(34,52) a(5,35) d(64) d(6) r(35,105)
52; a(66,45) a(65,104) a(5,34) r(35,51) d(29) a(5,51) a(73,70) r(5,99) a(34,52) d(74) a(64,45)
53; a(66,45) a(65,104) a(5,34) r(35,51) d(29) a(73,66) d(65) a(64,69) a(6,29) a(71,52) a(72,34) d(74)
54; d(64) r(29,70) a(6,99) a(5,5) a(6,34) d(6) r(35,40)
55; r(67,37) d(6) r(34,37) a(73,43) d(72) a(5,39) r(65,57) d(5)
56; a(66,45) d(34) d(6) r(72,105) d(69) d(73) a(5,35) d(64) a(6,5) d(35)
57; r(65,49) r(35,51) r(72,105) d(69) r(34,52) a(65,56) r(29,34) r(74,63) a(67,105)
58; a(66,45) d(34) d(6) r(72,105) d(69) d(73) a(65,56) r(29,34) r(74,63) d(35)
59; r(65,49) r(35,51) r(72,105) d(69) r(34,52) a(5,35) d(64) a(6,5) a(5,67)
--------------------------------------------------------------------------------
Evaluation

0; 0.
1; 0.
2; 0.
3; 0.
4; 0.
5; 0.
6; 0.
7; 0.
8; 0.
9; 0.
10; 0.
11; 0.
12; 0.
13; 0.
14; 0.
15; 0.
16; 0.
17; 0.
18; 0.
19; 15.
20; 0.
21; 0.
22; 3.
23; 1.
24; 0.
25; 0.
26; 0.
27; 0.
28; 0.
29; 0.
30; 0.
31; 15.
32; 0.
33; 0.
34; 0.
35; 0.
36; 0.
37; 0.
38; 0.
39; 0.
40; 15.
41; 0.
42; 0.
43; 0.
44; 0.
45; 0.
46; 0.
47; 0.
48; 0.
49; 0.
50; 0.
51; 0.
52; 0.
53; 0.
54; 0.
55; 15.
56; 0.
57; 0.
58; 0.
59; 0.
================================================================================
Generation 8

--------------------------------------------------------------------------------
Selection

0; 17
1; 33
2; 53
3; 52
4; 17
5; 59
6; 57
7; 11
8; 53
9; 37
10; 37
11; 3
12; 44
13; 24
14; 50
15; 5
16; 12
17; 25
18; 41
19; 57
20; 5
21; 57
22; 56
23; 56
24; 48
25; 32
26; 0
27; 44
28; 50
29; 47
30; 30
31; 11
32; 25
33; 15
34; 13
35; 52
36; 6
37; 41
38; 30
39; 30
--------------------------------------------------------------------------------
Crossover

0; 11, 25; a(66,45) a(65,104) a(5,34) r(35,51) d(29) a(73,66) d(65) d(67) d(34) a(5,38) d(65) r(5,39)
1; 11, 25; a(66,45) a(5,5) d(74) r(6,90) a(66,45) r(73,52) r(64,90)
2; 11; a(66,45) a(65,104) a(5,34) r(35,51) d(29) a(73,66) d(65) d(67) d(34) d(74) r(6,90) a(66,45) r(73,52) r(64,90)
3; 25; a(66,45) a(5,5) a(5,38) d(65) r(5,39)
4; 5; d(64) r(29,70) a(6,99) a(5,5) a(6,34) d(6) r(35,56)
5; 57; r(65,49) r(35,51) r(72,105) d(69) r(34,52) a(65,56) r(29,34) r(74,63) a(67,105)
6; 44; a(69,63) a(69,73) d(64) a(5,51) a(73,70) r(5,99) a(34,52) a(35,37) d(34)
7; 37; a(66,45) d(34) d(6) a(73,70) d(29) a(5,105) r(74,91) d(66)
8; 30; a(66,45) d(34) r(35,51) a(29,70) d(6) r(72,105) d(69) d(73) a(65,56) a(74,64) a(29,90)
9; 53; a(66,45) a(65,104) a(5,34) r(35,51) d(29) a(73,66) d(65) a(64,69) a(6,29) a(71,52) a(72,34) d(74)
10; 5, 52; d(64) r(29,70) a(6,99)
11; 5, 52; a(66,45) a(65,104) a(5,34) r(35,51) d(29) a(5,51) a(73,70) r(5,99) a(34,52) d(74) a(64,45) a(5,5) a(6,34) d(6) r(35,56)
12; 5; d(64) r(29,70) a(6,99) a(5,5) a(6,34) d(6) r(35,56)
13; 52; a(66,45) a(65,104) a(5,34) r(35,51) d(29) a(5,51) a(73,70) r(5,99) a(34,52) d(74) a(64,45)
14; 59, 50; r(65,49) r(35,51) r(72,105) d(69) r(34,52) a(34,52) d(34) d(29)
15; 59, 50; a(69,63) a(69,73) d(64) a(5,51) a(73,70) r(5,99) a(5,35) d(64) a(6,5) a(5,67)
16; 59; r(65,49) r(35,51) r(72,105) d(69) r(34,52) a(5,35) d(64) a(6,5) a(5,67)
17; 50; a(69,63) a(69,73) d(64) a(5,51) a(73,70) r(5,99) a(34,52) d(34) d(29)
18; 17; a(69,63) a(69,73) d(64) a(5,51) a(73,70) r(5,99) a(34,52) r(34,105) a(29,37)
19; 37; a(66,45) d(34) d(6) a(73,70) d(29) a(5,105) r(74,91) d(66)
20; 15; a(69,63) a(65,104) a(5,34) r(35,51) d(29) a(73,66) d(65) a(64,69) a(6,29) a(71,52) a(72,34) a(67,44)
21; 0; a(66,45) d(34) d(6) r(72,105) d(69) d(73) a(65,56) a(74,64) r(35,76)
22; 44; a(69,63) a(69,73) d(64) a(5,51) a(73,70) r(5,99) a(34,52) a(35,37) d(34)
23; 56; a(66,45) d(34) d(6) r(72,105) d(69) d(73) a(5,35) d(64) a(6,5) d(35)
24; 56; a(66,45) d(34) d(6) r(72,105) d(69) d(73) a(5,35) d(64) a(6,5) d(35)
25; 48; a(69,63) a(69,73) d(64) a(5,51) a(73,70) d(29)
26; 53, 57; a(66,45) a(65,104) a(5,34) r(35,51) r(74,63) a(67,105)
27; 53, 57; r(65,49) r(35,51) r(72,105) d(69) r(34,52) a(65,56) r(29,34) d(29) a(73,66) d(65) a(64,69) a(6,29) a(71,52) a(72,34) d(74)
28; 53; a(66,45) a(65,104) a(5,34) r(35,51) d(29) a(73,66) d(65) a(64,69) a(6,29) a(71,52) a(72,34) d(74)
29; 57; r(65,49) r(35,51) r(72,105) d(69) r(34,52) a(65,56) r(29,34) r(74,63) a(67,105)
30; 6; d(64) d(6) r(34,45) a(5,40) a(35,63) a(29,99) a(29,37)
31; 50; a(69,63) a(69,73) d(64) a(5,51) a(73,70) r(5,99) a(34,52) d(34) d(29)
32; 12, 13; r(65,49) d(67) d(34) d(74) r(6,90) a(66,45) r(73,52) d(65) a(64,69) a(6,29) d(5) a(67,52) d(74)
33; 12, 13; a(66,45) a(65,104) a(5,34) r(35,51) d(29) a(73,66) d(66)
34; 12; r(65,49) d(67) d(34) d(74) r(6,90) a(66,45) r(73,52) d(66)
35; 13; a(66,45) a(65,104) a(5,34) r(35,51) d(29) a(73,66) d(65) a(64,69) a(6,29) d(5) a(67,52) d(74)
36; 32, 11; a(66,45) d(34) r(35,51) a(29,70) a(35,58) d(5) d(65) d(67) d(34) d(74) r(6,90) a(66,45) r(73,52) r(64,90)
37; 32, 11; a(66,45) a(65,104) a(5,34) r(35,51) d(29) a(73,66) r(74,90) a(69,65)
38; 32; a(66,45) d(34) r(35,51) a(29,70) a(35,58) d(5) r(74,90) a(69,65)
39; 11; a(66,45) a(65,104) a(5,34) r(35,51) d(29) a(73,66) d(65) d(67) d(34) d(74) r(6,90) a(66,45) r(73,52) r(64,90)
40; 47, 3; d(64) d(29)
41; 47, 3; r(65,49) d(67) d(34) d(74) r(6,90) a(66,45) r(73,52) r(29,70) a(6,99) a(5,5) a(6,34) r(29,34) r(6,90) r(5,40)
42; 47; d(64) r(29,70) a(6,99) a(5,5) a(6,34) r(29,34) r(6,90) r(5,40)
43; 3; r(65,49) d(67) d(34) d(74) r(6,90) a(66,45) r(73,52) d(29)
44; 57; r(65,49) r(35,51) r(72,105) d(69) r(34,52) a(65,56) r(29,34) r(74,63) a(67,105)
45; 41; d(64) d(6) r(34,45) r(74,44) a(71,52) a(65,56) d(5) d(35)
46; 52; a(66,45) a(65,104) a(5,34) r(35,51) d(29) a(5,51) a(73,70) r(5,99) a(34,52) d(74) a(64,45)
47; 30; a(66,45) d(34) r(35,51) a(29,70) d(6) r(72,105) d(69) d(73) a(65,56) a(74,64) a(29,90)
48; 41; d(64) d(6) r(34,45) r(74,44) a(71,52) a(65,56) d(5) d(35)
49; 24; a(66,45) d(34) d(6) r(72,105) d(69) d(73) a(65,56) a(74,64) a(65,62)
50; 25; a(66,45) a(5,5) a(5,38) d(65) r(5,39)
51; 30; a(66,45) d(34) r(35,51) a(29,70) d(6) r(72,105) d(69) d(73) a(65,56) a(74,64) a(29,90)
52; 33, 17; a(66,45) d(34) d(6) r(72,105) a(69,73) d(64) a(5,51) a(73,70) r(5,99) a(34,52) r(34,105) a(29,37)
53; 33, 17; a(69,63) d(69) d(73) a(65,56) a(74,64) a(64,45)
54; 33; a(66,45) d(34) d(6) r(72,105) d(69) d(73) a(65,56) a(74,64) a(64,45)
55; 17; a(69,63) a(69,73) d(64) a(5,51) a(73,70) r(5,99) a(34,52) r(34,105) a(29,37)
--------------------------------------------------------------------------------
Mutation

0; a(66,45) a(65,104) a(5,34) r(35,51) d(29) a(73,66) d(65) d(67) d(34) a(5,38) d(65) r(5,39) a(74,90)
1; a(66,45) a(5,5) d(74) r(6,90) a(66,45) r(73,52) r(64,90) a(35,44)
2; a(66,45) a(65,104) a(5,34) r(35,51) d(29) a(73,66) d(65) d(67) d(34) d(74) r(6,90) a(66,45) r(73,52) r(64,90) r(5,37)
3; a(66,45) a(5,5) a(5,38) d(65) r(5,39) a(66,69)
4; d(64) r(29,70) a(6,99) a(5,5) a(6,34) d(6) r(35,56) r(5,43)
5; r(65,49) r(35,51) r(72,105) d(69) r(34,52) a(65,56) r(29,34) r(74,63) a(67,105) d(64)
6; a(69,63) a(69,73) d(64) a(5,51) a(73,70) r(5,99) a(34,52) a(35,37) d(34) a(35,58)
7; a(66,45) d(34) d(6) a(73,70) d(29) a(5,105) r(74,91) d(66) a(73,75)
8; a(66,45) d(34) r(35,51) a(29,70) d(6) r(72,105) d(69) d(73) a(65,56) a(74,64) a(29,90) d(29)
9; a(66,45) a(65,104) a(5,34) r(35,51) d(29) a(73,66) d(65) a(64,69) a(6,29) a(71,52) a(72,34) d(74) r(69,66)
10; d(64) r(29,70) a(6,99) a(5,43)
11; a(66,45) a(65,104) a(5,34) r(35,51) d(29) a(5,51) a(73,70) r(5,99) a(34,52) d(74) a(64,45) a(5,5) a(6,34) d(6) r(35,56) r(64,40)
12; d(64) r(29,70) a(6,99) a(5,5) a(6,34) d(6) r(35,56) r(5,90)
13; a(66,45) a(65,104) a(5,34) r(35,51) d(29) a(5,51) a(73,70) r(5,99) a(34,52) d(74) a(64,45) d(67)
14; r(65,49) r(35,51) r(72,105) d(69) r(34,52) a(34,52) d(34) d(29) a(74,38)
15; a(69,63) a(69,73) d(64) a(5,51) a(73,70) r(5,99) a(5,35) d(64) a(6,5) a(5,67) r(35,34)
16; r(65,49) r(35,51) r(72,105) d(69) r(34,52) a(5,35) d(64) a(6,5) a(5,67) a(5,38)
17; a(69,63) a(69,73) d(64) a(5,51) a(73,70) r(5,99) a(34,52) d(34) d(29) d(35)
18; a(69,63) a(69,73) d(64) a(5,51) a(73,70) r(5,99) a(34,52) r(34,105) a(29,37) d(29)
19; a(66,45) d(34) d(6) a(73,70) d(29) a(5,105) r(74,91) d(66) d(72)
20; a(69,63) a(65,104) a(5,34) r(35,51) d(29) a(73,66) d(65) a(64,69) a(6,29) a(71,52) a(72,34) a(67,44) d(71)
21; a(66,45) d(34) d(6) r(72,105) d(69) d(73) a(65,56) a(74,64) r(35,76) r(5,90)
22; a(69,63) a(69,73) d(64) a(5,51) a(73,70) r(5,99) a(34,52) a(35,37) d(34) a(29,5)
23; a(66,45) d(34) d(6) r(72,105) d(69) d(73) a(5,35) d(64) a(6,5) d(35) d(29)
24; a(66,45) d(34) d(6) r(72,105) d(69) d(73) a(5,35) d(64) a(6,5) d(35) r(5,71)
25; a(69,63) a(69,73) d(64) a(5,51) a(73,70) d(29) a(5,50)
26; a(66,45) a(65,104) a(5,34) r(35,51) r(74,63) a(67,105) r(65,62)
27; r(65,49) r(35,51) r(72,105) d(69) r(34,52) a(65,56) r(29,34) d(29) a(73,66) d(65) a(64,69) a(6,29) a(71,52) a(72,34) d(74) a(64,62)
28; a(66,45) a(65,104) a(5,34) r(35,51) d(29) a(73,66) d(65) a(64,69) a(6,29) a(71,52) a(72,34) d(74) r(5,55)
29; r(65,49) r(35,51) r(72,105) d(69) r(34,52) a(65,56) r(29,34) r(74,63) a(67,105) r(64,70)
30; d(64) d(6) r(34,45) a(5,40) a(35,63) a(29,99) a(29,37) a(5,45)
31; a(69,63) a(69,73) d(64) a(5,51) a(73,70) r(5,99) a(34,52) d(34) d(29) d(35)
32; r(65,49) d(67) d(34) d(74) r(6,90) a(66,45) r(73,52) d(65) a(64,69) a(6,29) d(5) a(67,52) d(74) r(35,76)
33; a(66,45) a(65,104) a(5,34) r(35,51) d(29) a(73,66) d(66) d(6)
34; r(65,49) d(67) d(34) d(74) r(6,90) a(66,45) r(73,52) d(66) d(29)
35; a(66,45) a(65,104) a(5,34) r(35,51) d(29) a(73,66) d(65) a(64,69) a(6,29) d(5) a(67,52) d(74) a(69,74)
36; a(66,45) d(34) r(35,51) a(29,70) a(35,58) d(5) d(65) d(67) d(34) d(74) r(6,90) a(66,45) r(73,52) r(64,90) d(29)
37; a(66,45) a(65,104) a(5,34) r(35,51) d(29) a(73,66) r(74,90) a(69,65) a(72,70)
38; a(66,45) d(34) r(35,51) a(29,70) a(35,58) d(5) r(74,90) a(69,65) a(72,76)
39; a(66,45) a(65,104) a(5,34) r(35,51) d(29) a(73,66) d(65) d(67) d(34) d(74) r(6,90) a(66,45) r(73,52) r(64,90) r(5,58)
40; d(64) d(29) r(6,40)
41; r(65,49) d(67) d(34) d(74) r(6,90) a(66,45) r(73,52) r(29,70) a(6,99) a(5,5) a(6,34) r(29,34) r(6,90) r(5,40) d(35)
42; d(64) r(29,70) a(6,99) a(5,5) a(6,34) r(29,34) r(6,90) r(5,40) r(35,90)
43; r(65,49) d(67) d(34) d(74) r(6,90) a(66,45) r(73,52) d(29) d(35)
44; r(65,49) r(35,51) r(72,105) d(69) r(34,52) a(65,56) r(29,34) r(74,63) a(67,105) d(67)
45; d(64) d(6) r(34,45) r(74,44) a(71,52) a(65,56) d(5) d(35) d(29)
46; a(66,45) a(65,104) a(5,34) r(35,51) d(29) a(5,51) a(73,70) r(5,99) a(34,52) d(74) a(64,45) a(69,71)
47; a(66,45) d(34) r(35,51) a(29,70) d(6) r(72,105) d(69) d(73) a(65,56) a(74,64) a(29,90) r(5,35)
48; d(64) d(6) r(34,45) r(74,44) a(71,52) a(65,56) d(5) d(35) a(29,43)
49; a(66,45) d(34) d(6) r(72,105) d(69) d(73) a(65,56) a(74,64) a(65,62) r(66,91)
50; a(66,45) a(5,5) a(5,38) d(65) r(5,39) r(64,40)
51; a(66,45) d(34) r(35,51) a(29,70) d(6) r(72,105) d(69) d(73) a(65,56) a(74,64) a(29,90) a(74,56)
52; a(66,45) d(34) d(6) r(72,105) a(69,73) d(64) a(5,51) a(73,70) r(5,99) a(34,52) r(34,105) a(29,37) r(29,71)
53; a(69,63) d(69) d(73) a(65,56) a(74,64) a(64,45) r(72,70)
54; a(66,45) d(34) d(6) r(72,105) d(69) d(73) a(65,56) a(74,64) a(64,45) d(74)
55; a(69,63) a(69,73) d(64) a(5,51) a(73,70) r(5,99) a(34,52) r(34,105) a(29,37) d(29)
--------------------------------------------------------------------------------
Evaluation

0; 0.
1; 0.
2; 15.
3; 0.
4; 0.
5; 0.
6; 0.
7; 0.
8; 0.
9; 0.
10; 0.
11; 0.
12; 0.
13; 0.
14; 0.
15; 0.
16; 0.
17; 0.
18; 0.
19; 0.
20; 0.
21; 15.
22; 0.
23; 0.
24; 0.
25; 0.
26; 0.
27; 0.
28; 0.
29; 15.
30; 0.
31; 0.
32; 15.
33; 0.
34; 0.
35; 0.
36; 0.
37; 0.
38; 0.
39; 0.
40; 0.
41; 0.
42; 0.
43; 0.
44; 0.
45; 0.
46; 0.
47; 15.
48; 0.
49; 0.
50; 0.
51; 0.
52; 0.
53; 15.
54; 0.
55; 0.
================================================================================
Generation 9

--------------------------------------------------------------------------------
Selection

0; 33
1; 45
2; 16
3; 49
4; 18
5; 5
6; 40
7; 28
8; 33
9; 18
10; 6
11; 36
12; 17
13; 34
14; 51
15; 23
16; 33
17; 52
18; 17
19; 30
20; 33
21; 49
22; 15
23; 5
24; 7
25; 45
26; 15
27; 4
28; 10
29; 8
30; 35
31; 25
32; 9
33; 27
34; 16
35; 23
36; 6
37; 30
38; 35
39; 4
--------------------------------------------------------------------------------
Crossover

0; 9, 7; a(66,45) a(65,104) a(5,34) r(35,51) d(29) a(73,66) d(65) a(64,69) a(6,29) a(71,52) a(72,34) d(74) r(69,66) r(74,91) d(66) a(73,75)
1; 9, 7; a(66,45) d(34) d(6) a(73,70) d(29) a(5,105)
2; 9; a(66,45) a(65,104) a(5,34) r(35,51) d(29) a(73,66) d(65) a(64,69) a(6,29) a(71,52) a(72,34) d(74) r(69,66)
3; 7; a(66,45) d(34) d(6) a(73,70) d(29) a(5,105) r(74,91) d(66) a(73,75)
4; 5; r(65,49) r(35,51) r(72,105) d(69) r(34,52) a(65,56) r(29,34) r(74,63) a(67,105) d(64)
5; 15; a(69,63) a(69,73) d(64) a(5,51) a(73,70) r(5,99) a(5,35) d(64) a(6,5) a(5,67) r(35,34)
6; 45, 17; d(64) d(6) r(34,45) r(5,99) a(34,52) d(34) d(29) d(35)
7; 45, 17; a(69,63) a(69,73) d(64) a(5,51) a(73,70) r(74,44) a(71,52) a(65,56) d(5) d(35) d(29)
8; 45; d(64) d(6) r(34,45) r(74,44) a(71,52) a(65,56) d(5) d(35) d(29)
9; 17; a(69,63) a(69,73) d(64) a(5,51) a(73,70) r(5,99) a(34,52) d(34) d(29) d(35)
10; 45, 33; d(64) d(6) r(34,45) r(74,44) a(71,52) d(66) d(6)
11; 45, 33; a(66,45) a(65,104) a(5,34) r(35,51) d(29) a(73,66) a(65,56) d(5) d(35) d(29)
12; 45; d(64) d(6) r(34,45) r(74,44) a(71,52) a(65,56) d(5) d(35) d(29)
13; 33; a(66,45) a(65,104) a(5,34) r(35,51) d(29) a(73,66) d(66) d(6)
14; 35, 4; a(66,45) a(65,104) a(5,34) r(35,51) d(29) a(73,66) d(65) a(64,69) a(6,29) d(5) r(29,70) a(6,99) a(5,5) a(6,34) d(6) r(35,56) r(5,43)
15; 35, 4; d(64) a(67,52) d(74) a(69,74)
16; 35; a(66,45) a(65,104) a(5,34) r(35,51) d(29) a(73,66) d(65) a(64,69) a(6,29) d(5) a(67,52) d(74) a(69,74)
17; 4; d(64) r(29,70) a(6,99) a(5,5) a(6,34) d(6) r(35,56) r(5,43)
18; 5, 6; r(65,49) r(35,51) r(72,105) d(69) r(34,52) a(65,56) r(29,34) r(74,63) d(34) a(35,58)
19; 5, 6; a(69,63) a(69,73) d(64) a(5,51) a(73,70) r(5,99) a(34,52) a(35,37) a(67,105) d(64)
20; 5; r(65,49) r(35,51) r(72,105) d(69) r(34,52) a(65,56) r(29,34) r(74,63) a(67,105) d(64)
21; 6; a(69,63) a(69,73) d(64) a(5,51) a(73,70) r(5,99) a(34,52) a(35,37) d(34) a(35,58)
22; 34, 23; r(65,49) d(67) d(34) d(74) d(69) d(73) a(5,35) d(64) a(6,5) d(35) d(29)
23; 34, 23; a(66,45) d(34) d(6) r(72,105) r(6,90) a(66,45) r(73,52) d(66) d(29)
24; 34; r(65,49) d(67) d(34) d(74) r(6,90) a(66,45) r(73,52) d(66) d(29)
25; 23; a(66,45) d(34) d(6) r(72,105) d(69) d(73) a(5,35) d(64) a(6,5) d(35) d(29)
26; 33; a(66,45) a(65,104) a(5,34) r(35,51) d(29) a(73,66) d(66) d(6)
27; 15; a(69,63) a(69,73) d(64) a(5,51) a(73,70) r(5,99) a(5,35) d(64) a(6,5) a(5,67) r(35,34)
28; 16, 35; r(65,49) r(35,51) r(72,105) d(69) a(65,104) a(5,34) r(35,51) d(29) a(73,66) d(65) a(64,69) a(6,29) d(5) a(67,52) d(74) a(69,74)
29; 16, 35; a(66,45) r(34,52) a(5,35) d(64) a(6,5) a(5,67) a(5,38)
30; 16; r(65,49) r(35,51) r(72,105) d(69) r(34,52) a(5,35) d(64) a(6,5) a(5,67) a(5,38)
31; 35; a(66,45) a(65,104) a(5,34) r(35,51) d(29) a(73,66) d(65) a(64,69) a(6,29) d(5) a(67,52) d(74) a(69,74)
32; 6; a(69,63) a(69,73) d(64) a(5,51) a(73,70) r(5,99) a(34,52) a(35,37) d(34) a(35,58)
33; 52; a(66,45) d(34) d(6) r(72,105) a(69,73) d(64) a(5,51) a(73,70) r(5,99) a(34,52) r(34,105) a(29,37) r(29,71)
34; 40; d(64) d(29) r(6,40)
35; 25; a(69,63) a(69,73) d(64) a(5,51) a(73,70) d(29) a(5,50)
36; 49; a(66,45) d(34) d(6) r(72,105) d(69) d(73) a(65,56) a(74,64) a(65,62) r(66,91)
37; 27; r(65,49) r(35,51) r(72,105) d(69) r(34,52) a(65,56) r(29,34) d(29) a(73,66) d(65) a(64,69) a(6,29) a(71,52) a(72,34) d(74) a(64,62)
38; 30, 33; d(64) d(6) r(34,45) a(5,40) a(35,63) d(29) a(73,66) d(66) d(6)
39; 30, 33; a(66,45) a(65,104) a(5,34) r(35,51) a(29,99) a(29,37) a(5,45)
40; 30; d(64) d(6) r(34,45) a(5,40) a(35,63) a(29,99) a(29,37) a(5,45)
41; 33; a(66,45) a(65,104) a(5,34) r(35,51) d(29) a(73,66) d(66) d(6)
42; 28, 10; a(66,45) a(65,104) a(5,34) r(35,51) d(29) a(73,66) d(65) a(64,69) a(6,29) a(71,52) a(72,34) d(74) r(5,55) a(6,99) a(5,43)
43; 28, 10; d(64) r(29,70)
44; 28; a(66,45) a(65,104) a(5,34) r(35,51) d(29) a(73,66) d(65) a(64,69) a(6,29) a(71,52) a(72,34) d(74) r(5,55)
45; 10; d(64) r(29,70) a(6,99) a(5,43)
46; 33; a(66,45) a(65,104) a(5,34) r(35,51) d(29) a(73,66) d(66) d(6)
47; 30; d(64) d(6) r(34,45) a(5,40) a(35,63) a(29,99) a(29,37) a(5,45)
48; 23, 18; a(66,45) d(34) d(6) r(72,105) d(69) d(73) a(5,35) d(64) a(6,5) d(35) d(29) d(29)
49; 23, 18; a(69,63) a(69,73) d(64) a(5,51) a(73,70) r(5,99) a(34,52) r(34,105) a(29,37)
50; 23; a(66,45) d(34) d(6) r(72,105) d(69) d(73) a(5,35) d(64) a(6,5) d(35) d(29)
51; 18; a(69,63) a(69,73) d(64) a(5,51) a(73,70) r(5,99) a(34,52) r(34,105) a(29,37) d(29)
52; 17; a(69,63) a(69,73) d(64) a(5,51) a(73,70) r(5,99) a(34,52) d(34) d(29) d(35)
53; 51; a(66,45) d(34) r(35,51) a(29,70) d(6) r(72,105) d(69) d(73) a(65,56) a(74,64) a(29,90) a(74,56)
54; 16, 18; r(65,49) a(34,52) r(34,105) a(29,37) d(29)
55; 16, 18; a(69,63) a(69,73) d(64) a(5,51) a(73,70) r(5,99) r(35,51) r(72,105) d(69) r(34,52) a(5,35) d(64) a(6,5) a(5,67) a(5,38)
56; 16; r(65,49) r(35,51) r(72,105) d(69) r(34,52) a(5,35) d(64) a(6,5) a(5,67) a(5,38)
57; 18; a(69,63) a(69,73) d(64) a(5,51) a(73,70) r(5,99) a(34,52) r(34,105) a(29,37) d(29)
58; 8; a(66,45) d(34) r(35,51) a(29,70) d(6) r(72,105) d(69) d(73) a(65,56) a(74,64) a(29,90) d(29)
59; 4; d(64) r(29,70) a(6,99) a(5,5) a(6,34) d(6) r(35,56) r(5,43)
60; 36, 49; a(66,45) d(34) r(35,51) d(73) a(65,56) a(74,64) a(65,62) r(66,91)
61; 36, 49; a(66,45) d(34) d(6) r(72,105) d(69) a(29,70) a(35,58) d(5) d(65) d(67) d(34) d(74) r(6,90) a(66,45) r(73,52) r(64,90) d(29)
62; 36; a(66,45) d(34) r(35,51) a(29,70) a(35,58) d(5) d(65) d(67) d(34) d(74) r(6,90) a(66,45) r(73,52) r(64,90) d(29)
63; 49; a(66,45) d(34) d(6) r(72,105) d(69) d(73) a(65,56) a(74,64) a(65,62) r(66,91)
--------------------------------------------------------------------------------
Mutation

0; a(66,45) a(65,104) a(5,34) r(35,51) d(29) a(73,66) d(65) a(64,69) a(6,29) a(71,52) a(72,34) d(74) r(69,66) r(74,91) d(66) a(73,75) d(64)
1; a(66,45) d(34) d(6) a(73,70) d(29) a(5,105) r(74,90)
2; a(66,45) a(65,104) a(5,34) r(35,51) d(29) a(73,66) d(65) a(64,69) a(6,29) a(71,52) a(72,34) d(74) r(69,66) d(66)
3; a(66,45) d(34) d(6) a(73,70) d(29) a(5,105) r(74,91) d(66) a(73,75) a(73,56)
4; r(65,49) r(35,51) r(72,105) d(69) r(34,52) a(65,56) r(29,34) r(74,63) a(67,105) d(64) d(6)
5; a(69,63) a(69,73) d(64) a(5,51) a(73,70) r(5,99) a(5,35) d(64) a(6,5) a(5,67) r(35,34) a(34,88)
6; d(64) d(6) r(34,45) r(5,99) a(34,52) d(34) d(29) d(35)
7; a(69,63) a(69,73) d(64) a(5,51) a(73,70) r(74,44) a(71,52) a(65,56) d(5) d(35) d(29)
8; d(64) d(6) r(34,45) r(74,44) a(71,52) a(65,56) d(5) d(35) d(29)
9; a(69,63) a(69,73) d(64) a(5,51) a(73,70) r(5,99) a(34,52) d(34) d(29) d(35)
10; d(64) d(6) r(34,45) r(74,44) a(71,52) d(66) d(6) a(5,40)
11; a(66,45) a(65,104) a(5,34) r(35,51) d(29) a(73,66) a(65,56) d(5) d(35) d(29) r(67,76)
12; d(64) d(6) r(34,45) r(74,44) a(71,52) a(65,56) d(5) d(35) d(29)
13; a(66,45) a(65,104) a(5,34) r(35,51) d(29) a(73,66) d(66) d(6) r(5,62)
14; a(66,45) a(65,104) a(5,34) r(35,51) d(29) a(73,66) d(65) a(64,69) a(6,29) d(5) r(29,70) a(6,99) a(5,5) a(6,34) d(6) r(35,56) r(5,43) d(72)
15; d(64) a(67,52) d(74) a(69,74) r(29,57)
16; a(66,45) a(65,104) a(5,34) r(35,51) d(29) a(73,66) d(65) a(64,69) a(6,29) d(5) a(67,52) d(74) a(69,74) d(64)
17; d(64) r(29,70) a(6,99) a(5,5) a(6,34) d(6) r(35,56) r(5,43)
18; r(65,49) r(35,51) r(72,105) d(69) r(34,52) a(65,56) r(29,34) r(74,63) d(34) a(35,58) a(66,62)
19; a(69,63) a(69,73) d(64) a(5,51) a(73,70) r(5,99) a(34,52) a(35,37) a(67,105) d(64) r(35,41)
20; r(65,49) r(35,51) r(72,105) d(69) r(34,52) a(65,56) r(29,34) r(74,63) a(67,105) d(64) r(5,37)
21; a(69,63) a(69,73) d(64) a(5,51) a(73,70) r(5,99) a(34,52) a(35,37) d(34) a(35,58) a(35,41)
22; r(65,49) d(67) d(34) d(74) d(69) d(73) a(5,35) d(64) a(6,5) d(35) d(29) a(6,37)
23; a(66,45) d(34) d(6) r(72,105) r(6,90) a(66,45) r(73,52) d(66) d(29) a(35,56)
24; r(65,49) d(67) d(34) d(74) r(6,90) a(66,45) r(73,52) d(66) d(29) r(72,65)
25; a(66,45) d(34) d(6) r(72,105) d(69) d(73) a(5,35) d(64) a(6,5) d(35) d(29) r(5,70)
26; a(66,45) a(65,104) a(5,34) r(35,51) d(29) a(73,66) d(66) d(6) r(74,34)
27; a(69,63) a(69,73) d(64) a(5,51) a(73,70) r(5,99) a(5,35) d(64) a(6,5) a(5,67) r(35,34) a(34,54)
28; r(65,49) r(35,51) r(72,105) d(69) a(65,104) a(5,34) r(35,51) d(29) a(73,66) d(65) a(64,69) a(6,29) d(5) a(67,52) d(74) a(69,74) d(67)
29; a(66,45) r(34,52) a(5,35) d(64) a(6,5) a(5,67) a(5,38) d(35)
30; r(65,49) r(35,51) r(72,105) d(69) r(34,52) a(5,35) d(64) a(6,5) a(5,67) a(5,38) r(6,105)
31; a(66,45) a(65,104) a(5,34) r(35,51) d(29) a(73,66) d(65) a(64,69) a(6,29) d(5) a(67,52) d(74) a(69,74) r(71,64)
32; a(69,63) a(69,73) d(64) a(5,51) a(73,70) r(5,99) a(34,52) a(35,37) d(34) a(35,58) a(35,67)
33; a(66,45) d(34) d(6) r(72,105) a(69,73) d(64) a(5,51) a(73,70) r(5,99) a(34,52) r(34,105) a(29,37) r(29,71) a(35,52)
34; d(64) d(29) r(6,40) a(5,57)
35; a(69,63) a(69,73) d(64) a(5,51) a(73,70) d(29) a(5,50) r(5,45)
36; a(66,45) d(34) d(6) r(72,105) d(69) d(73) a(65,56) a(74,64) a(65,62) r(66,91) d(65)
37; r(65,49) r(35,51) r(72,105) d(69) r(34,52) a(65,56) r(29,34) d(29) a(73,66) d(65) a(64,69) a(6,29) a(71,52) a(72,34) d(74) a(64,62) a(5,41)
38; d(64) d(6) r(34,45) a(5,40) a(35,63) d(29) a(73,66) d(66) d(6) a(35,41)
39; a(66,45) a(65,104) a(5,34) r(35,51) a(29,99) a(29,37) a(5,45) a(65,65)
40; d(64) d(6) r(34,45) a(5,40) a(35,63) a(29,99) a(29,37) a(5,45) a(29,41)
41; a(66,45) a(65,104) a(5,34) r(35,51) d(29) a(73,66) d(66) d(6) a(71,55)
42; a(66,45) a(65,104) a(5,34) r(35,51) d(29) a(73,66) d(65) a(64,69) a(6,29) a(71,52) a(72,34) d(74) r(5,55) a(6,99) a(5,43) a(73,67)
43; d(64) r(29,70) d(6)
44; a(66,45) a(65,104) a(5,34) r(35,51) d(29) a(73,66) d(65) a(64,69) a(6,29) a(71,52) a(72,34) d(74) r(5,55) d(64)
45; d(64) r(29,70) a(6,99) a(5,43) d(5)
46; a(66,45) a(65,104) a(5,34) r(35,51) d(29) a(73,66) d(66) d(6) d(73)
47; d(64) d(6) r(34,45) a(5,40) a(35,63) a(29,99) a(29,37) a(5,45) r(5,49)
48; a(66,45) d(34) d(6) r(72,105) d(69) d(73) a(5,35) d(64) a(6,5) d(35) d(29) d(29) a(5,55)
49; a(69,63) a(69,73) d(64) a(5,51) a(73,70) r(5,99) a(34,52) r(34,105) a(29,37) r(35,54)
50; a(66,45) d(34) d(6) r(72,105) d(69) d(73) a(5,35) d(64) a(6,5) d(35) d(29) d(5)
51; a(69,63) a(69,73) d(64) a(5,51) a(73,70) r(5,99) a(34,52) r(34,105) a(29,37) d(29) d(35)
52; a(69,63) a(69,73) d(64) a(5,51) a(73,70) r(5,99) a(34,52) d(34) d(29) d(35)
53; a(66,45) d(34) r(35,51) a(29,70) d(6) r(72,105) d(69) d(73) a(65,56) a(74,64) a(29,90) a(74,56) a(64,34)
54; r(65,49) a(34,52) r(34,105) a(29,37) d(29) d(64)
55; a(69,63) a(69,73) d(64) a(5,51) a(73,70) r(5,99) r(35,51) r(72,105) d(69) r(34,52) a(5,35) d(64) a(6,5) a(5,67) a(5,38) r(29,34)
56; r(65,49) r(35,51) r(72,105) d(69) r(34,52) a(5,35) d(64) a(6,5) a(5,67) a(5,38) r(5,39)
57; a(69,63) a(69,73) d(64) a(5,51) a(73,70) r(5,99) a(34,52) r(34,105) a(29,37) d(29) a(35,41)
58; a(66,45) d(34) r(35,51) a(29,70) d(6) r(72,105) d(69) d(73) a(65,56) a(74,64) a(29,90) d(29) r(66,45)
59; d(64) r(29,70) a(6,99) a(5,5) a(6,34) d(6) r(35,56) r(5,43)
60; a(66,45) d(34) r(35,51) d(73) a(65,56) a(74,64) a(65,62) r(66,91) d(6)
61; a(66,45) d(34) d(6) r(72,105) d(69) a(29,70) a(35,58) d(5) d(65) d(67) d(34) d(74) r(6,90) a(66,45) r(73,52) r(64,90) d(29) r(35,43)
62; a(66,45) d(34) r(35,51) a(29,70) a(35,58) d(5) d(65) d(67) d(34) d(74) r(6,90) a(66,45) r(73,52) r(64,90) d(29)
63; a(66,45) d(34) d(6) r(72,105) d(69) d(73) a(65,56) a(74,64) a(65,62) r(66,91) a(64,43)
--------------------------------------------------------------------------------
Evaluation

0; 0.
1; 0.
2; 0.
3; 0.
4; 0.
5; 0.
6; 0.
7; 0.
8; 0.
9; 0.
10; 0.
11; 15.
12; 0.
13; 0.
14; 0.
15; 0.
16; 0.
17; 0.
18; 0.
19; 0.
20; 15.
21; 0.
22; 0.
23; 0.
24; 0.
25; 0.
26; 0.
27; 0.
28; 0.
29; 0.
30; 0.
31; 0.
32; 0.
33; 0.
34; 0.
35; 0.
36; 0.
37; 0.
38; 0.
39; 15.
40; 0.
41; 0.
42; 0.
43; 0.
44; 0.
45; 0.
46; 0.
47; 15.
48; 0.
49; 0.
50; 0.
51; 0.
52; 0.
53; 0.
54; 15.
55; 0.
56; 0.
57; 0.
58; 0.
59; 0.
60; 0.
61; 0.
62; 0.
63; 0.
================================================================================
Generation 10

--------------------------------------------------------------------------------
Selection

0; 40
1; 52
2; 45
3; 38
4; 29
5; 51
6; 2
7; 14
8; 31
9; 36
10; 58
11; 51
12; 52
13; 17
14; 8
15; 40
16; 37
17; 17
18; 36
19; 25
20; 36
21; 49
22; 47
23; 18
24; 37
25; 62
26; 30
27; 14
28; 1
29; 43
30; 28
31; 33
32; 55
33; 46
34; 38
35; 19
36; 61
37; 21
38; 2
39; 33
--------------------------------------------------------------------------------
Crossover

0; 58, 28; a(66,45) d(34) r(35,51) a(29,70) d(6) r(72,105) a(64,69) a(6,29) d(5) a(67,52) d(74) a(69,74) d(67)
1; 58, 28; r(65,49) r(35,51) r(72,105) d(69) a(65,104) a(5,34) r(35,51) d(29) a(73,66) d(65) d(69) d(73) a(65,56) a(74,64) a(29,90) d(29) r(66,45)
2; 58; a(66,45) d(34) r(35,51) a(29,70) d(6) r(72,105) d(69) d(73) a(65,56) a(74,64) a(29,90) d(29) r(66,45)
3; 28; r(65,49) r(35,51) r(72,105) d(69) a(65,104) a(5,34) r(35,51) d(29) a(73,66) d(65) a(64,69) a(6,29) d(5) a(67,52) d(74) a(69,74) d(67)
4; 43, 14; d(64) a(6,99) a(5,5) a(6,34) d(6) r(35,56) r(5,43) d(72)
5; 43, 14; a(66,45) a(65,104) a(5,34) r(35,51) d(29) a(73,66) d(65) a(64,69) a(6,29) d(5) r(29,70) r(29,70) d(6)
6; 43; d(64) r(29,70) d(6)
7; 14; a(66,45) a(65,104) a(5,34) r(35,51) d(29) a(73,66) d(65) a(64,69) a(6,29) d(5) r(29,70) a(6,99) a(5,5) a(6,34) d(6) r(35,56) r(5,43) d(72)
8; 38, 40; d(64) d(6) r(34,45) a(5,40) a(35,63) d(29) a(73,66) d(66) d(6) a(35,41) a(5,40) a(35,63) a(29,99) a(29,37) a(5,45) a(29,41)
9; 38, 40; d(64) d(6) r(34,45)
10; 38; d(64) d(6) r(34,45) a(5,40) a(35,63) d(29) a(73,66) d(66) d(6) a(35,41)
11; 40; d(64) d(6) r(34,45) a(5,40) a(35,63) a(29,99) a(29,37) a(5,45) a(29,41)
12; 17; d(64) r(29,70) a(6,99) a(5,5) a(6,34) d(6) r(35,56) r(5,43)
13; 51; a(69,63) a(69,73) d(64) a(5,51) a(73,70) r(5,99) a(34,52) r(34,105) a(29,37) d(29) d(35)
14; 52; a(69,63) a(69,73) d(64) a(5,51) a(73,70) r(5,99) a(34,52) d(34) d(29) d(35)
15; 17; d(64) r(29,70) a(6,99) a(5,5) a(6,34) d(6) r(35,56) r(5,43)
16; 40; d(64) d(6) r(34,45) a(5,40) a(35,63) a(29,99) a(29,37) a(5,45) a(29,41)
17; 33; a(66,45) d(34) d(6) r(72,105) a(69,73) d(64) a(5,51) a(73,70) r(5,99) a(34,52) r(34,105) a(29,37) r(29,71) a(35,52)
18; 25; a(66,45) d(34) d(6) r(72,105) d(69) d(73) a(5,35) d(64) a(6,5) d(35) d(29) r(5,70)
19; 31; a(66,45) a(65,104) a(5,34) r(35,51) d(29) a(73,66) d(65) a(64,69) a(6,29) d(5) a(67,52) d(74) a(69,74) r(71,64)
20; 36; a(66,45) d(34) d(6) r(72,105) d(69) d(73) a(65,56) a(74,64) a(65,62) r(66,91) d(65)
21; 52; a(69,63) a(69,73) d(64) a(5,51) a(73,70) r(5,99) a(34,52) d(34) d(29) d(35)
22; 19, 51; a(69,63) a(69,73) d(64) a(73,70) r(5,99) a(34,52) r(34,105) a(29,37) d(29) d(35)
23; 19, 51; a(69,63) a(69,73) d(64) a(5,51) a(5,51) a(73,70) r(5,99) a(34,52) a(35,37) a(67,105) d(64) r(35,41)
24; 19; a(69,63) a(69,73) d(64) a(5,51) a(73,70) r(5,99) a(34,52) a(35,37) a(67,105) d(64) r(35,41)
25; 51; a(69,63) a(69,73) d(64) a(5,51) a(73,70) r(5,99) a(34,52) r(34,105) a(29,37) d(29) d(35)
26; 8; d(64) d(6) r(34,45) r(74,44) a(71,52) a(65,56) d(5) d(35) d(29)
27; 36; a(66,45) d(34) d(6) r(72,105) d(69) d(73) a(65,56) a(74,64) a(65,62) r(66,91) d(65)
28; 21, 49; a(69,63) a(69,73) d(64) a(5,51) a(73,70) r(5,99) a(34,52) a(35,37) d(34) a(35,58) a(73,70) r(5,99) a(34,52) r(34,105) a(29,37) r(35,54)
29; 21, 49; a(69,63) a(69,73) d(64) a(5,51) a(35,41)
30; 21; a(69,63) a(69,73) d(64) a(5,51) a(73,70) r(5,99) a(34,52) a(35,37) d(34) a(35,58) a(35,41)
31; 49; a(69,63) a(69,73) d(64) a(5,51) a(73,70) r(5,99) a(34,52) r(34,105) a(29,37) r(35,54)
32; 37, 1; r(65,49) r(35,51) r(72,105) d(69) r(34,52) a(65,56) r(29,34) d(29) a(73,66) a(73,70) d(29) a(5,105) r(74,90)
33; 37, 1; a(66,45) d(34) d(6) d(65) a(64,69) a(6,29) a(71,52) a(72,34) d(74) a(64,62) a(5,41)
34; 37; r(65,49) r(35,51) r(72,105) d(69) r(34,52) a(65,56) r(29,34) d(29) a(73,66) d(65) a(64,69) a(6,29) a(71,52) a(72,34) d(74) a(64,62) a(5,41)
35; 1; a(66,45) d(34) d(6) a(73,70) d(29) a(5,105) r(74,90)
36; 61, 33; a(66,45) d(34) d(6) r(72,105) d(69) a(29,70) a(35,58) d(5) d(65) d(67) d(34) d(74) a(34,52) r(34,105) a(29,37) r(29,71) a(35,52)
37; 61, 33; a(66,45) d(34) d(6) r(72,105) a(69,73) d(64) a(5,51) a(73,70) r(5,99) r(6,90) a(66,45) r(73,52) r(64,90) d(29) r(35,43)
38; 61; a(66,45) d(34) d(6) r(72,105) d(69) a(29,70) a(35,58) d(5) d(65) d(67) d(34) d(74) r(6,90) a(66,45) r(73,52) r(64,90) d(29) r(35,43)
39; 33; a(66,45) d(34) d(6) r(72,105) a(69,73) d(64) a(5,51) a(73,70) r(5,99) a(34,52) r(34,105) a(29,37) r(29,71) a(35,52)
40; 38; d(64) d(6) r(34,45) a(5,40) a(35,63) d(29) a(73,66) d(66) d(6) a(35,41)
41; 2; a(66,45) a(65,104) a(5,34) r(35,51) d(29) a(73,66) d(65) a(64,69) a(6,29) a(71,52) a(72,34) d(74) r(69,66) d(66)
42; 29; a(66,45) r(34,52) a(5,35) d(64) a(6,5) a(5,67) a(5,38) d(35)
43; 47; d(64) d(6) r(34,45) a(5,40) a(35,63) a(29,99) a(29,37) a(5,45) r(5,49)
44; 18; r(65,49) r(35,51) r(72,105) d(69) r(34,52) a(65,56) r(29,34) r(74,63) d(34) a(35,58) a(66,62)
45; 37; r(65,49) r(35,51) r(72,105) d(69) r(34,52) a(65,56) r(29,34) d(29) a(73,66) d(65) a(64,69) a(6,29) a(71,52) a(72,34) d(74) a(64,62) a(5,41)
46; 62; a(66,45) d(34) r(35,51) a(29,70) a(35,58) d(5) d(65) d(67) d(34) d(74) r(6,90) a(66,45) r(73,52) r(64,90) d(29)
47; 45; d(64) r(29,70) a(6,99) a(5,43) d(5)
48; 55, 36; a(69,63) a(69,73) d(64) a(5,51) a(73,70) r(5,99) r(35,51) r(72,105) d(69) r(34,52) a(5,35) d(64) d(6) r(72,105) d(69) d(73) a(65,56) a(74,64) a(65,62) r(66,91) d(65)
49; 55, 36; a(66,45) d(34) a(6,5) a(5,67) a(5,38) r(29,34)
50; 55; a(69,63) a(69,73) d(64) a(5,51) a(73,70) r(5,99) r(35,51) r(72,105) d(69) r(34,52) a(5,35) d(64) a(6,5) a(5,67) a(5,38) r(29,34)
51; 36; a(66,45) d(34) d(6) r(72,105) d(69) d(73) a(65,56) a(74,64) a(65,62) r(66,91) d(65)
52; 30; r(65,49) r(35,51) r(72,105) d(69) r(34,52) a(5,35) d(64) a(6,5) a(5,67) a(5,38) r(6,105)
53; 14; a(66,45) a(65,104) a(5,34) r(35,51) d(29) a(73,66) d(65) a(64,69) a(6,29) d(5) r(29,70) a(6,99) a(5,5) a(6,34) d(6) r(35,56) r(5,43) d(72)
54; 2; a(66,45) a(65,104) a(5,34) r(35,51) d(29) a(73,66) d(65) a(64,69) a(6,29) a(71,52) a(72,34) d(74) r(69,66) d(66)
55; 46; a(66,45) a(65,104) a(5,34) r(35,51) d(29) a(73,66) d(66) d(6) d(73)
--------------------------------------------------------------------------------
Mutation

0; a(66,45) d(34) r(35,51) a(29,70) d(6) r(72,105) a(64,69) a(6,29) d(5) a(67,52) d(74) a(69,74) d(67) r(65,88)
1; r(65,49) r(35,51) r(72,105) d(69) a(65,104) a(5,34) r(35,51) d(29) a(73,66) d(65) d(69) d(73) a(65,56) a(74,64) a(29,90) d(29) r(66,45) d(5)
2; a(66,45) d(34) r(35,51) a(29,70) d(6) r(72,105) d(69) d(73) a(65,56) a(74,64) a(29,90) d(29) r(66,45) r(74,56)
3; r(65,49) r(35,51) r(72,105) d(69) a(65,104) a(5,34) r(35,51) d(29) a(73,66) d(65) a(64,69) a(6,29) d(5) a(67,52) d(74) a(69,74) d(67) r(73,91)
4; d(64) a(6,99) a(5,5) a(6,34) d(6) r(35,56) r(5,43) d(72) a(34,104)
5; a(66,45) a(65,104) a(5,34) r(35,51) d(29) a(73,66) d(65) a(64,69) a(6,29) d(5) r(29,70) r(29,70) d(6) d(66)
6; d(64) r(29,70) d(6) a(5,35)
7; a(66,45) a(65,104) a(5,34) r(35,51) d(29) a(73,66) d(65) a(64,69) a(6,29) d(5) r(29,70) a(6,99) a(5,5) a(6,34) d(6) r(35,56) r(5,43) d(72) a(69,67)
8; d(64) d(6) r(34,45) a(5,40) a(35,63) d(29) a(73,66) d(66) d(6) a(35,41) a(5,40) a(35,63) a(29,99) a(29,37) a(5,45) a(29,41) d(35)
9; d(64) d(6) r(34,45) r(29,71)
10; d(64) d(6) r(34,45) a(5,40) a(35,63) d(29) a(73,66) d(66) d(6) a(35,41) d(35)
11; d(64) d(6) r(34,45) a(5,40) a(35,63) a(29,99) a(29,37) a(5,45) a(29,41) d(29)
12; d(64) r(29,70) a(6,99) a(5,5) a(6,34) d(6) r(35,56) r(5,43)
13; a(69,63) a(69,73) d(64) a(5,51) a(73,70) r(5,99) a(34,52) r(34,105) a(29,37) d(29) d(35)
14; a(69,63) a(69,73) d(64) a(5,51) a(73,70) r(5,99) a(34,52) d(34) d(29) d(35)
15; d(64) r(29,70) a(6,99) a(5,5) a(6,34) d(6) r(35,56) r(5,43)
16; d(64) d(6) r(34,45) a(5,40) a(35,63) a(29,99) a(29,37) a(5,45) a(29,41) r(5,58)
17; a(66,45) d(34) d(6) r(72,105) a(69,73) d(64) a(5,51) a(73,70) r(5,99) a(34,52) r(34,105) a(29,37) r(29,71) a(35,52) d(35)
18; a(66,45) d(34) d(6) r(72,105) d(69) d(73) a(5,35) d(64) a(6,5) d(35) d(29) r(5,70)
19; a(66,45) a(65,104) a(5,34) r(35,51) d(29) a(73,66) d(65) a(64,69) a(6,29) d(5) a(67,52) d(74) a(69,74) r(71,64) r(64,105)
20; a(66,45) d(34) d(6) r(72,105) d(69) d(73) a(65,56) a(74,64) a(65,62) r(66,91) d(65) a(74,63)
21; a(69,63) a(69,73) d(64) a(5,51) a(73,70) r(5,99) a(34,52) d(34) d(29) d(35)
22; a(69,63) a(69,73) d(64) a(73,70) r(5,99) a(34,52) r(34,105) a(29,37) d(29) d(35)
23; a(69,63) a(69,73) d(64) a(5,51) a(5,51) a(73,70) r(5,99) a(34,52) a(35,37) a(67,105) d(64) r(35,41) a(29,37)
24; a(69,63) a(69,73) d(64) a(5,51) a(73,70) r(5,99) a(34,52) a(35,37) a(67,105) d(64) r(35,41) d(29)
25; a(69,63) a(69,73) d(64) a(5,51) a(73,70) r(5,99) a(34,52) r(34,105) a(29,37) d(29) d(35)
26; d(64) d(6) r(34,45) r(74,44) a(71,52) a(65,56) d(5) d(35) d(29)
27; a(66,45) d(34) d(6) r(72,105) d(69) d(73) a(65,56) a(74,64) a(65,62) r(66,91) d(65) r(5,90)
28; a(69,63) a(69,73) d(64) a(5,51) a(73,70) r(5,99) a(34,52) a(35,37) d(34) a(35,58) a(73,70) r(5,99) a(34,52) r(34,105) a(29,37) r(35,54) a(29,41)
29; a(69,63) a(69,73) d(64) a(5,51) a(35,41) a(6,56)
30; a(69,63) a(69,73) d(64) a(5,51) a(73,70) r(5,99) a(34,52) a(35,37) d(34) a(35,58) a(35,41) a(29,46)
31; a(69,63) a(69,73) d(64) a(5,51) a(73,70) r(5,99) a(34,52) r(34,105) a(29,37) r(35,54) d(29)
32; r(65,49) r(35,51) r(72,105) d(69) r(34,52) a(65,56) r(29,34) d(29) a(73,66) a(73,70) d(29) a(5,105) r(74,90) r(64,90)
33; a(66,45) d(34) d(6) d(65) a(64,69) a(6,29) a(71,52) a(72,34) d(74) a(64,62) a(5,41) a(35,67)
34; r(65,49) r(35,51) r(72,105) d(69) r(34,52) a(65,56) r(29,34) d(29) a(73,66) d(65) a(64,69) a(6,29) a(71,52) a(72,34) d(74) a(64,62) a(5,41) a(67,99)
35; a(66,45) d(34) d(6) a(73,70) d(29) a(5,105) r(74,90) r(35,71)
36; a(66,45) d(34) d(6) r(72,105) d(69) a(29,70) a(35,58) d(5) d(65) d(67) d(34) d(74) a(34,52) r(34,105) a(29,37) r(29,71) a(35,52) r(66,69)
37; a(66,45) d(34) d(6) r(72,105) a(69,73) d(64) a(5,51) a(73,70) r(5,99) r(6,90) a(66,45) r(73,52) r(64,90) d(29) r(35,43)
38; a(66,45) d(34) d(6) r(72,105) d(69) a(29,70) a(35,58) d(5) d(65) d(67) d(34) d(74) r(6,90) a(66,45) r(73,52) r(64,90) d(29) r(35,43)
39; a(66,45) d(34) d(6) r(72,105) a(69,73) d(64) a(5,51) a(73,70) r(5,99) a(34,52) r(34,105) a(29,37) r(29,71) a(35,52) d(35)
40; d(64) d(6) r(34,45) a(5,40) a(35,63) d(29) a(73,66) d(66) d(6) a(35,41) r(35,63)
41; a(66,45) a(65,104) a(5,34) r(35,51) d(29) a(73,66) d(65) a(64,69) a(6,29) a(71,52) a(72,34) d(74) r(69,66) d(66) a(73,43)
42; a(66,45) r(34,52) a(5,35) d(64) a(6,5) a(5,67) a(5,38) d(35) d(5)
43; d(64) d(6) r(34,45) a(5,40) a(35,63) a(29,99) a(29,37) a(5,45) r(5,49) r(35,40)
44; r(65,49) r(35,51) r(72,105) d(69) r(34,52) a(65,56) r(29,34) r(74,63) d(34) a(35,58) a(66,62) r(64,91)
45; r(65,49) r(35,51) r(72,105) d(69) r(34,52) a(65,56) r(29,34) d(29) a(73,66) d(65) a(64,69) a(6,29) a(71,52) a(72,34) d(74) a(64,62) a(5,41) d(66)
46; a(66,45) d(34) r(35,51) a(29,70) a(35,58) d(5) d(65) d(67) d(34) d(74) r(6,90) a(66,45) r(73,52) r(64,90) d(29)
47; d(64) r(29,70) a(6,99) a(5,43) d(5) r(35,39)
48; a(69,63) a(69,73) d(64) a(5,51) a(73,70) r(5,99) r(35,51) r(72,105) d(69) r(34,52) a(5,35) d(64) d(6) r(72,105) d(69) d(73) a(65,56) a(74,64) a(65,62) r(66,91) d(65) a(29,36)
49; a(66,45) d(34) a(6,5) a(5,67) a(5,38) r(29,34) r(71,34)
50; a(69,63) a(69,73) d(64) a(5,51) a(73,70) r(5,99) r(35,51) r(72,105) d(69) r(34,52) a(5,35) d(64) a(6,5) a(5,67) a(5,38) r(29,34)
51; a(66,45) d(34) d(6) r(72,105) d(69) d(73) a(65,56) a(74,64) a(65,62) r(66,91) d(65) r(74,70)
52; r(65,49) r(35,51) r(72,105) d(69) r(34,52) a(5,35) d(64) a(6,5) a(5,67) a(5,38) r(6,105) d(29)
53; a(66,45) a(65,104) a(5,34) r(35,51) d(29) a(73,66) d(65) a(64,69) a(6,29) d(5) r(29,70) a(6,99) a(5,5) a(6,34) d(6) r(35,56) r(5,43) d(72) a(71,88)
54; a(66,45) a(65,104) a(5,34) r(35,51) d(29) a(73,66) d(65) a(64,69) a(6,29) a(71,52) a(72,34) d(74) r(69,66) d(66) r(73,88)
55; a(66,45) a(65,104) a(5,34) r(35,51) d(29) a(73,66) d(66) d(6) d(73) a(74,44)
--------------------------------------------------------------------------------
Evaluation

0; 0.
1; 5.
2; 0.
3; 0.
4; 15.
5; 0.
6; 0.
7; 0.
8; 0.
9; 0.
10; 0.
11; 0.
12; 0.
13; 0.
14; 0.
15; 0.
16; 15.
17; 0.
18; 0.
19; 0.
20; 0.
21; 0.
22; 15.
23; 0.
24; 0.
25; 0.
26; 0.
27; 15.
28; 0.
29; 0.
30; 0.
31; 0.
32; 0.
33; 0.
34; 0.
35; 0.
36; 15.
37; 0.
38; 0.
39; 0.
40; 0.
41; 0.
42; 0.
43; 15.
44; 0.
45; 0.
46; 0.
47; 0.
48; 0.
49; 5.
50; 0.
51; 0.
52; 0.
53; 0.
54; 0.
55; 0.
