================================================================================
Enclosure

1: 0
2: 0
3: 0
4: 0
5: 0
6: 5
7: 6
9: 5
10: 9
11: 9
12: 11
13: 11
14: 9
15: 9
17: 9
18: 5
19: 18
20: 18
21: 18
23: 18
24: 5
25: 5
26: 25
27: 25
29: 0
30: 29
31: 29
32: 31
33: 31
34: 29
35: 0
36: 0
37: 36
38: 36
39: 0
40: 39
41: 39
42: 39
43: 42
44: 42
45: 42
46: 39
47: 39
48: 47
49: 47
50: 47
51: 47
52: 51
53: 51
54: 51
55: 54
56: 54
57: 54
58: 51
59: 51
60: 59
62: 47
63: 47
64: 0
65: 64
66: 64
67: 66
69: 64
70: 69
71: 69
72: 64
73: 64
74: 64
75: 0
76: 0
78: 0
79: 78
80: 78
81: 78
83: 0
85: 83
86: 0
87: 0
88: 0
89: 0
90: 0
91: 0
92: 0
93: 0
94: 0
95: 94
96: 94
97: 94
98: 94
99: 98
101: 94
102: 94
103: 94
104: 103
105: 103
106: 0
107: 106
108: 106
109: 0
110: 0
111: 0
112: 0
113: 0
114: 113
115: 113
116: 113
117: 116
119: 113
120: 119
121: 120
122: 120
123: 122
125: 119
126: 113
127: 126
129: 127
131: 129
133: 131
134: 126
135: 0
136: 135
137: 135
138: 135
139: 138
140: 139
143: 135
144: 0
145: 0
146: 0
================================================================================
Initialisation

0; r(71,40); 5.
1; a(5,88); 5.
2; d(34); 5.
3; r(67,44); 15.
4; a(5,88); 5.
5; d(74); 15.
6; d(29); 5.
7; d(34); 5.
8; a(29,67); 5.
9; a(64,71); 5.
10; r(6,55); 0.
11; d(64); 0.
12; a(73,43); 5.
13; d(5); 5.
14; r(5,44); 15.
15; a(73,57); 5.
16; a(66,99); 5.
17; a(35,90); 5.
18; a(66,67); 5.
19; r(67,40); 5.
20; a(35,41); 5.
21; d(71); 5.
22; r(5,55); 5.
23; r(65,62); 0.
24; a(74,105); 5.
25; d(5); 5.
26; d(34); 5.
27; d(65); 0.
28; a(71,56); 15.
29; r(69,88); 0.
30; a(66,52); 5.
31; r(73,65); 15.
32; a(5,55); 5.
33; d(72); 15.
34; d(34); 5.
35; d(29); 5.
36; d(66); 3.
37; a(73,67); 5.
38; a(73,91); 15.
39; original; 5.
================================================================================
Generation 1

--------------------------------------------------------------------------------
Selection

0; 27
1; 15
2; 21
3; 7
4; 26
5; 36
6; 34
7; 19
8; 26
9; 22
10; 19
11; 32
12; 26
13; 8
14; 17
15; 25
16; 9
17; 36
18; 18
19; 34
20; 0
21; 36
22; 13
23; 34
24; 39
25; 36
26; 38
27; 22
28; 22
29; 16
30; 12
31; 25
32; 25
33; 0
34; 11
35; 18
36; 11
37; 8
38; 12
39; 15
--------------------------------------------------------------------------------
Crossover

0; 34; d(34)
1; 36; d(66)
2; 34, 22; d(34)
3; 34, 22; r(5,55)
4; 34; d(34)
5; 22; r(5,55)
6; 15, 15; a(73,57)
7; 15, 15; a(73,57)
8; 15; a(73,57)
9; 15; a(73,57)
10; 0, 26; r(71,40)
11; 0, 26; d(34)
12; 0; r(71,40)
13; 26; d(34)
14; 19; r(67,40)
15; 13; d(5)
16; 16, 17; a(66,99)
17; 16, 17; a(35,90)
18; 16; a(66,99)
19; 17; a(35,90)
20; 11, 22; d(64)
21; 11, 22; r(5,55)
22; 11; d(64)
23; 22; r(5,55)
24; 8, 11; a(29,67)
25; 8, 11; d(64)
26; 8; a(29,67)
27; 11; d(64)
28; 36, 27; d(66)
29; 36, 27; d(65)
30; 36; d(66)
31; 27; d(65)
32; 12; a(73,43)
33; 25; d(5)
34; 38; a(73,91)
35; 22; r(5,55)
36; 32; a(5,55)
37; 0; r(71,40)
38; 19; r(67,40)
39; 26; d(34)
40; 26, 25; d(34)
41; 26, 25; d(5)
42; 26; d(34)
43; 25; d(5)
44; 39; original
45; 12; a(73,43)
46; 25; d(5)
47; 36; d(66)
48; 18, 8; a(66,67)
49; 18, 8; a(29,67)
50; 18; a(66,67)
51; 8; a(29,67)
52; 7; d(34)
53; 34; d(34)
54; 9; a(64,71)
55; 21; d(71)
56; 18, 36; a(66,67)
57; 18, 36; d(66)
58; 18; a(66,67)
59; 36; d(66)
--------------------------------------------------------------------------------
Mutation

0; d(34) r(72,63)
1; d(66) a(74,90)
2; d(34) a(64,52)
3; r(5,55) a(66,43)
4; d(34) r(35,54)
5; r(5,55) a(71,75)
6; a(73,57) r(65,99)
7; a(73,57) r(69,88)
8; a(73,57) a(6,62)
9; a(73,57) d(65)
10; r(71,40) a(67,74)
11; d(34) d(71)
12; r(71,40) r(65,73)
13; d(34) d(66)
14; r(67,40) r(72,64)
15; d(5) r(66,40)
16; a(66,99) r(67,74)
17; a(35,90) d(6)
18; a(66,99) d(69)
19; a(35,90) a(73,37)
20; d(64) d(35)
21; r(5,55) r(67,63)
22; d(64) r(6,71)
23; r(5,55) a(71,57)
24; a(29,67) r(64,69)
25; d(64) r(5,63)
26; a(29,67) a(35,105)
27; d(64) a(29,55)
28; d(66) a(72,44)
29; d(65) d(72)
30; d(66) d(73)
31; d(65) a(66,45)
32; a(73,43) r(69,37)
33; d(5) r(72,52)
34; a(73,91) a(64,44)
35; r(5,55) r(64,50)
36; a(5,55) r(5,105)
37; r(71,40) d(72)
38; r(67,40) a(65,66)
39; d(34) d(29)
40; d(34) d(6)
41; d(5) a(65,50)
42; d(34) d(66)
43; d(5) r(73,90)
44; r(72,52)
45; a(73,43) d(5)
46; d(5) a(65,66)
47; d(66) d(6)
48; a(66,67) d(5)
49; a(29,67) d(71)
50; a(66,67) a(6,47)
51; a(29,67) a(69,34)
52; d(34) r(73,52)
53; d(34) a(71,64)
54; a(64,71) d(29)
55; d(71) d(73)
56; a(66,67) d(6)
57; d(66) d(74)
58; a(66,67) r(35,46)
59; d(66) a(69,88)
--------------------------------------------------------------------------------
Evaluation

0; 15.
1; 3.
2; 5.
3; 5.
4; 15.
5; 5.
6; 0.
7; 0.
8; 5.
9; 0.
10; 1.
11; 5.
12; 0.
13; 3.
14; 3.
15; 3.
16; 1.
17; 0.
18; 0.
19; 15.
20; 15.
21; 5.
22; 0.
23; 5.
24; 0.
25; 0.
26; 5.
27; 0.
28; 15.
29; 0.
30; 15.
31; 0.
32; 15.
33; 0.
34; 15.
35; 0.
36; 5.
37; 15.
38; 5.
39; 5.
40; 0.
41; 5.
42; 3.
43; 15.
44; 15.
45; 5.
46; 5.
47; 0.
48; 5.
49; 5.
50; 5.
51; 5.
52; 15.
53; 3.
54; 5.
55; 15.
56; 0.
57; 15.
58; 5.
59; 3.
================================================================================
Generation 2

--------------------------------------------------------------------------------
Selection

0; 11
1; 21
2; 47
3; 26
4; 3
5; 53
6; 12
7; 39
8; 40
9; 13
10; 48
11; 50
12; 17
13; 26
14; 36
15; 58
16; 25
17; 1
18; 53
19; 24
20; 16
21; 39
22; 22
23; 27
24; 9
25; 5
26; 3
27; 31
28; 56
29; 38
30; 12
31; 41
32; 47
33; 6
34; 9
35; 35
36; 42
37; 5
38; 7
39; 14
--------------------------------------------------------------------------------
Crossover

0; 11; d(34) d(71)
1; 24; a(29,67) r(64,69)
2; 1; d(66) a(74,90)
3; 39; d(34) d(29)
4; 47, 5; d(66)
5; 47, 5; r(5,55) a(71,75) d(6)
6; 47; d(66) d(6)
7; 5; r(5,55) a(71,75)
8; 47; d(66) d(6)
9; 9; a(73,57) d(65)
10; 21; r(5,55) r(67,63)
11; 7; a(73,57) r(69,88)
12; 25, 41; d(64) r(5,63)
13; 25, 41; d(5) a(65,50)
14; 25; d(64) r(5,63)
15; 41; d(5) a(65,50)
16; 22; d(64) r(6,71)
17; 16; a(66,99) r(67,74)
18; 14, 56; r(67,40) r(72,64)
19; 14, 56; a(66,67) d(6)
20; 14; r(67,40) r(72,64)
21; 56; a(66,67) d(6)
22; 17; a(35,90) d(6)
23; 42; d(34) d(66)
24; 53; d(34) a(71,64)
25; 50; a(66,67) a(6,47)
26; 12; r(71,40) r(65,73)
27; 38; r(67,40) a(65,66)
28; 9, 3; a(73,57) a(66,43)
29; 9, 3; r(5,55) d(65)
30; 9; a(73,57) d(65)
31; 3; r(5,55) a(66,43)
32; 58; a(66,67) r(35,46)
33; 13; d(34) d(66)
34; 48; a(66,67) d(5)
35; 12; r(71,40) r(65,73)
36; 40, 31; d(34) d(6) a(66,45)
37; 40, 31; d(65)
38; 40; d(34) d(6)
39; 31; d(65) a(66,45)
40; 35, 26; r(5,55)
41; 35, 26; a(29,67) a(35,105) r(64,50)
42; 35; r(5,55) r(64,50)
43; 26; a(29,67) a(35,105)
44; 26, 27; a(29,67)
45; 26, 27; d(64) a(29,55) a(35,105)
46; 26; a(29,67) a(35,105)
47; 27; d(64) a(29,55)
48; 36; a(5,55) r(5,105)
49; 39; d(34) d(29)
50; 6, 53; a(73,57)
51; 6, 53; d(34) a(71,64) r(65,99)
52; 6; a(73,57) r(65,99)
53; 53; d(34) a(71,64)
54; 3, 5; r(5,55) a(66,43)
55; 3, 5; r(5,55) a(71,75)
56; 3; r(5,55) a(66,43)
57; 5; r(5,55) a(71,75)
--------------------------------------------------------------------------------
Mutation

0; d(34) d(71) d(65)
1; a(29,67) r(64,69) d(5)
2; d(66) a(74,90) d(65)
3; d(34) d(29) d(5)
4; d(66) d(5)
5; r(5,55) a(71,75) d(6) d(74)
6; d(66) d(6) d(69)
7; r(5,55) a(71,75) d(69)
8; d(66) d(6) d(35)
9; a(73,57) d(65) a(29,51)
10; r(5,55) r(67,63) d(35)
11; a(73,57) r(69,88) d(6)
12; d(64) r(5,63) a(35,47)
13; d(5) a(65,50) d(66)
14; d(64) r(5,63) r(29,88)
15; d(5) a(65,50) r(74,63)
16; d(64) r(6,71) d(34)
17; a(66,99) r(67,74) r(64,75)
18; r(67,40) r(72,64) a(64,55)
19; a(66,67) d(6) d(69)
20; r(67,40) r(72,64) r(29,104)
21; a(66,67) d(6) d(35)
22; a(35,90) d(6) r(5,34)
23; d(34) d(66) a(71,66)
24; d(34) a(71,64) d(5)
25; a(66,67) a(6,47) d(69)
26; r(71,40) r(65,73) d(64)
27; r(67,40) a(65,66) r(74,52)
28; a(73,57) a(66,43) r(66,74)
29; r(5,55) d(65) d(72)
30; a(73,57) d(65) d(74)
31; r(5,55) a(66,43) r(29,44)
32; a(66,67) r(35,46) r(74,52)
33; d(34) d(66) d(65)
34; a(66,67) d(5) r(69,38)
35; r(71,40) r(65,73) r(72,45)
36; d(34) d(6) a(66,45) d(65)
37; d(65) r(66,38)
38; d(34) d(6) d(5)
39; d(65) a(66,45) d(74)
40; r(5,55) r(69,73)
41; a(29,67) a(35,105) r(64,50) a(29,47)
42; r(5,55) r(64,50) d(34)
43; a(29,67) a(35,105) a(65,37)
44; a(29,67) r(72,49)
45; d(64) a(29,55) a(35,105) r(35,43)
46; a(29,67) a(35,105) d(67)
47; d(64) a(29,55) r(5,41)
48; a(5,55) r(5,105) r(74,40)
49; d(34) d(29) d(5)
50; a(73,57) r(6,55)
51; d(34) a(71,64) r(65,99) r(67,56)
52; a(73,57) r(65,99) r(34,38)
53; d(34) a(71,64) d(64)
54; r(5,55) a(66,43) d(74)
55; r(5,55) a(71,75) r(72,75)
56; r(5,55) a(66,43) r(34,53)
57; r(5,55) a(71,75) r(71,45)
--------------------------------------------------------------------------------
Evaluation

0; 0.
1; 0.
2; 0.
3; 5.
4; 3.
5; 5.
6; 0.
7; 0.
8; 0.
9; 0.
10; 5.
11; 0.
12; 0.
13; 3.
14; 0.
15; 15.
16; 0.
17; 0.
18; 3.
19; 0.
20; 15.
21; 0.
22; 5.
23; 5.
24; 3.
25; 0.
26; 0.
27; 15.
28; 3.
29; 0.
30; 0.
31; 15.
32; 15.
33; 0.
34; 0.
35; 0.
36; 0.
37; 0.
38; 5.
39; 0.
40; 0.
41; 0.
42; 0.
43; 15.
44; 15.
45; 15.
46; 5.
47; 0.
48; 15.
49; 5.
50; 0.
51; 15.
52; 0.
53; 0.
54; 15.
55; 0.
56; 5.
57; 5.
================================================================================
Generation 3

--------------------------------------------------------------------------------
Selection

0; 33
1; 33
2; 36
3; 6
4; 25
5; 37
6; 17
7; 25
8; 41
9; 22
10; 16
11; 25
12; 21
13; 19
14; 47
15; 30
16; 13
17; 17
18; 30
19; 50
20; 11
21; 42
22; 33
23; 10
24; 37
25; 26
26; 29
27; 12
28; 41
29; 40
30; 24
31; 35
32; 29
33; 14
34; 21
35; 30
36; 11
37; 29
38; 29
39; 47
--------------------------------------------------------------------------------
Crossover

0; 30, 29; a(73,57)
1; 30, 29; r(5,55) d(65) d(72) d(65) d(74)
2; 30; a(73,57) d(65) d(74)
3; 29; r(5,55) d(65) d(72)
4; 47; d(64) a(29,55) r(5,41)
5; 41; a(29,67) a(35,105) r(64,50) a(29,47)
6; 17; a(66,99) r(67,74) r(64,75)
7; 21; a(66,67) d(6) d(35)
8; 21; a(66,67) d(6) d(35)
9; 35; r(71,40) r(65,73) r(72,45)
10; 36, 6; d(34) d(6) a(66,45) d(6) d(69)
11; 36, 6; d(66) d(65)
12; 36; d(34) d(6) a(66,45) d(65)
13; 6; d(66) d(6) d(69)
14; 30, 25; a(73,57) d(65) d(74) d(69)
15; 30, 25; a(66,67) a(6,47)
16; 30; a(73,57) d(65) d(74)
17; 25; a(66,67) a(6,47) d(69)
18; 12, 29; d(64) r(5,63) d(72)
19; 12, 29; r(5,55) d(65) a(35,47)
20; 12; d(64) r(5,63) a(35,47)
21; 29; r(5,55) d(65) d(72)
22; 24, 11; d(34) r(69,88) d(6)
23; 24, 11; a(73,57) a(71,64) d(5)
24; 24; d(34) a(71,64) d(5)
25; 11; a(73,57) r(69,88) d(6)
26; 26; r(71,40) r(65,73) d(64)
27; 33; d(34) d(66) d(65)
28; 25; a(66,67) a(6,47) d(69)
29; 25; a(66,67) a(6,47) d(69)
30; 14; d(64) r(5,63) r(29,88)
31; 17; a(66,99) r(67,74) r(64,75)
32; 10; r(5,55) r(67,63) d(35)
33; 16; d(64) r(6,71) d(34)
34; 40, 41; r(5,55) r(69,73)
35; 40, 41; a(29,67) a(35,105) r(64,50) a(29,47)
36; 40; r(5,55) r(69,73)
37; 41; a(29,67) a(35,105) r(64,50) a(29,47)
38; 30, 22; a(73,57) d(65) d(6) r(5,34)
39; 30, 22; a(35,90) d(74)
40; 30; a(73,57) d(65) d(74)
41; 22; a(35,90) d(6) r(5,34)
42; 47; d(64) a(29,55) r(5,41)
43; 33; d(34) d(66) d(65)
44; 42; r(5,55) r(64,50) d(34)
45; 50; a(73,57) r(6,55)
46; 29; r(5,55) d(65) d(72)
47; 33; d(34) d(66) d(65)
48; 37; d(65) r(66,38)
49; 29; r(5,55) d(65) d(72)
50; 19; a(66,67) d(6) d(69)
51; 11; a(73,57) r(69,88) d(6)
52; 13; d(5) a(65,50) d(66)
53; 37; d(65) r(66,38)
--------------------------------------------------------------------------------
Mutation

0; a(73,57) a(64,105)
1; r(5,55) d(65) d(72) d(65) d(74) d(34)
2; a(73,57) d(65) d(74) d(64)
3; r(5,55) d(65) d(72) d(74)
4; d(64) a(29,55) r(5,41) r(34,5)
5; a(29,67) a(35,105) r(64,50) a(29,47) a(29,50)
6; a(66,99) r(67,74) r(64,75) r(29,67)
7; a(66,67) d(6) d(35) d(66)
8; a(66,67) d(6) d(35) d(73)
9; r(71,40) r(65,73) r(72,45) d(74)
10; d(34) d(6) a(66,45) d(6) d(69) r(72,52)
11; d(66) d(65) d(29)
12; d(34) d(6) a(66,45) d(65) d(67)
13; d(66) d(6) d(69) a(65,52)
14; a(73,57) d(65) d(74) d(69) r(73,44)
15; a(66,67) a(6,47) a(65,62)
16; a(73,57) d(65) d(74) r(6,57)
17; a(66,67) a(6,47) d(69) d(65)
18; d(64) r(5,63) d(72) r(35,99)
19; r(5,55) d(65) a(35,47) a(69,62)
20; d(64) r(5,63) a(35,47) r(34,53)
21; r(5,55) d(65) d(72) d(34)
22; d(34) r(69,88) d(6) a(65,37)
23; a(73,57) a(71,64) d(5) r(66,72)
24; d(34) a(71,64) d(5) d(74)
25; a(73,57) r(69,88) d(6) r(64,88)
26; r(71,40) r(65,73) d(64) a(29,104)
27; d(34) d(66) d(65) r(69,38)
28; a(66,67) a(6,47) d(69) a(29,44)
29; a(66,67) a(6,47) d(69) r(5,42)
30; d(64) r(5,63) r(29,88) r(35,40)
31; a(66,99) r(67,74) r(64,75) r(5,52)
32; r(5,55) r(67,63) d(35) r(71,65)
33; d(64) r(6,71) d(34) r(29,51)
34; r(5,55) r(69,73) r(67,57)
35; a(29,67) a(35,105) r(64,50) a(29,47) r(34,105)
36; r(5,55) r(69,73) d(72)
37; a(29,67) a(35,105) r(64,50) a(29,47) d(5)
38; a(73,57) d(65) d(6) r(5,34) a(35,39)
39; a(35,90) d(74) a(64,105)
40; a(73,57) d(65) d(74) r(69,44)
41; a(35,90) d(6) r(5,34) a(67,50)
42; d(64) a(29,55) r(5,41) d(35)
43; d(34) d(66) d(65) d(74)
44; r(5,55) r(64,50) d(34) r(35,47)
45; a(73,57) r(6,55) d(66)
46; r(5,55) d(65) d(72) d(29)
47; d(34) d(66) d(65) d(5)
48; d(65) r(66,38) a(35,49)
49; r(5,55) d(65) d(72) r(73,105)
50; a(66,67) d(6) d(69) a(5,63)
51; a(73,57) r(69,88) d(6) d(74)
52; d(5) a(65,50) d(66) d(29)
53; d(65) r(66,38) r(64,104)
--------------------------------------------------------------------------------
Evaluation

0; 5.
1; 0.
2; 0.
3; 0.
4; 0.
5; 0.
6; 0.
7; 0.
8; 0.
9; 0.
10; 0.
11; 0.
12; 0.
13; 0.
14; 15.
15; 5.
16; 0.
17; 0.
18; 0.
19; 0.
20; 0.
21; 0.
22; 0.
23; 3.
24; 3.
25; 0.
26; 15.
27; 0.
28; 15.
29; 0.
30; 0.
31; 0.
32; 5.
33; 0.
34; 0.
35; 0.
36; 0.
37; 0.
38; 0.
39; 15.
40; 15.
41; 5.
42; 15.
43; 0.
44; 0.
45; 0.
46; 0.
47; 0.
48; 0.
49; 0.
50; 0.
51; 0.
52; 3.
53; 0.
================================================================================
Generation 4

--------------------------------------------------------------------------------
Selection

0; 48
1; 52
2; 36
3; 6
4; 18
5; 43
6; 36
7; 4
8; 34
9; 30
10; 17
11; 37
12; 14
13; 23
14; 13
15; 21
16; 44
17; 46
18; 43
19; 5
20; 33
21; 18
22; 33
23; 34
24; 35
25; 22
26; 43
27; 44
28; 12
29; 35
30; 46
31; 19
32; 19
33; 44
34; 2
35; 37
36; 22
37; 14
38; 41
39; 11
--------------------------------------------------------------------------------
Crossover

0; 14; a(73,57) d(65) d(74) d(69) r(73,44)
1; 43; d(34) d(66) d(65) d(74)
2; 14, 36; a(73,57) d(72)
3; 14, 36; r(5,55) r(69,73) d(65) d(74) d(69) r(73,44)
4; 14; a(73,57) d(65) d(74) d(69) r(73,44)
5; 36; r(5,55) r(69,73) d(72)
6; 43, 22; d(34) d(6) a(65,37)
7; 43, 22; d(34) r(69,88) d(66) d(65) d(74)
8; 43; d(34) d(66) d(65) d(74)
9; 22; d(34) r(69,88) d(6) a(65,37)
10; 17; a(66,67) a(6,47) d(69) d(65)
11; 21; r(5,55) d(65) d(72) d(34)
12; 46; r(5,55) d(65) d(72) d(29)
13; 35; a(29,67) a(35,105) r(64,50) a(29,47) r(34,105)
14; 33, 18; d(64) r(6,71) d(34)
15; 33, 18; d(64) r(5,63) d(72) r(35,99) r(29,51)
16; 33; d(64) r(6,71) d(34) r(29,51)
17; 18; d(64) r(5,63) d(72) r(35,99)
18; 2; a(73,57) d(65) d(74) d(64)
19; 19; r(5,55) d(65) a(35,47) a(69,62)
20; 43, 33; d(34) d(66) d(65)
21; 43, 33; d(64) r(6,71) d(34) r(29,51) d(74)
22; 43; d(34) d(66) d(65) d(74)
23; 33; d(64) r(6,71) d(34) r(29,51)
24; 37, 52; a(29,67)
25; 37, 52; d(5) a(65,50) d(66) d(29) a(35,105) r(64,50) a(29,47) d(5)
26; 37; a(29,67) a(35,105) r(64,50) a(29,47) d(5)
27; 52; d(5) a(65,50) d(66) d(29)
28; 34; r(5,55) r(69,73) r(67,57)
29; 19; r(5,55) d(65) a(35,47) a(69,62)
30; 37, 44; a(29,67) a(35,105) d(34) r(35,47)
31; 37, 44; r(5,55) r(64,50) r(64,50) a(29,47) d(5)
32; 37; a(29,67) a(35,105) r(64,50) a(29,47) d(5)
33; 44; r(5,55) r(64,50) d(34) r(35,47)
34; 23; a(73,57) a(71,64) d(5) r(66,72)
35; 18; d(64) r(5,63) d(72) r(35,99)
36; 44, 11; r(5,55) r(64,50) d(34) d(29)
37; 44, 11; d(66) d(65) r(35,47)
38; 44; r(5,55) r(64,50) d(34) r(35,47)
39; 11; d(66) d(65) d(29)
40; 46, 30; r(5,55) d(65) d(72) r(35,40)
41; 46, 30; d(64) r(5,63) r(29,88) d(29)
42; 46; r(5,55) d(65) d(72) d(29)
43; 30; d(64) r(5,63) r(29,88) r(35,40)
44; 4; d(64) a(29,55) r(5,41) r(34,5)
45; 44; r(5,55) r(64,50) d(34) r(35,47)
46; 34; r(5,55) r(69,73) r(67,57)
47; 48; d(65) r(66,38) a(35,49)
48; 6, 5; a(66,99) r(67,74) r(64,50) a(29,47) a(29,50)
49; 6, 5; a(29,67) a(35,105) r(64,75) r(29,67)
50; 6; a(66,99) r(67,74) r(64,75) r(29,67)
51; 5; a(29,67) a(35,105) r(64,50) a(29,47) a(29,50)
52; 36; r(5,55) r(69,73) d(72)
53; 41; a(35,90) d(6) r(5,34) a(67,50)
54; 13, 22; d(66) d(6) d(69)
55; 13, 22; d(34) r(69,88) d(6) a(65,37) a(65,52)
56; 13; d(66) d(6) d(69) a(65,52)
57; 22; d(34) r(69,88) d(6) a(65,37)
58; 12, 35; d(34) d(6) r(34,105)
59; 12, 35; a(29,67) a(35,105) r(64,50) a(29,47) a(66,45) d(65) d(67)
60; 12; d(34) d(6) a(66,45) d(65) d(67)
61; 35; a(29,67) a(35,105) r(64,50) a(29,47) r(34,105)
--------------------------------------------------------------------------------
Mutation

0; a(73,57) d(65) d(74) d(69) r(73,44) r(67,71)
1; d(34) d(66) d(65) d(74) a(71,99)
2; a(73,57) d(72) d(29)
3; r(5,55) r(69,73) d(65) d(74) d(69) r(73,44) r(72,75)
4; a(73,57) d(65) d(74) d(69) r(73,44) r(64,99)
5; r(5,55) r(69,73) d(72) d(74)
6; d(34) d(6) a(65,37) a(29,105)
7; d(34) r(69,88) d(66) d(65) d(74) r(6,99)
8; d(34) d(66) d(65) d(74) a(29,56)
9; d(34) r(69,88) d(6) a(65,37) r(65,40)
10; a(66,67) a(6,47) d(69) d(65) r(67,74)
11; r(5,55) d(65) d(72) d(34) d(73)
12; r(5,55) d(65) d(72) d(29) a(73,66)
13; a(29,67) a(35,105) r(64,50) a(29,47) r(34,105) d(29)
14; d(64) r(6,71) d(34) a(5,99)
15; d(64) r(5,63) d(72) r(35,99) r(29,51)
16; d(64) r(6,71) d(34) r(29,51) r(35,41)
17; d(64) r(5,63) d(72) r(35,99) a(29,29)
18; a(73,57) d(65) d(74) d(64) d(35)
19; r(5,55) d(65) a(35,47) a(69,62) d(72)
20; d(34) d(66) d(65) r(69,99)
21; d(64) r(6,71) d(34) r(29,51) d(74) r(35,91)
22; d(34) d(66) d(65) d(74) d(64)
23; d(64) r(6,71) d(34) r(29,51) r(5,45)
24; a(29,67) r(35,29)
25; d(5) a(65,50) d(66) d(29) a(35,105) r(64,50) a(29,47) d(5) d(35)
26; a(29,67) a(35,105) r(64,50) a(29,47) d(5) a(35,41)
27; d(5) a(65,50) d(66) d(29) a(65,56)
28; r(5,55) r(69,73) r(67,57) a(66,40)
29; r(5,55) d(65) a(35,47) a(69,62) r(64,44)
30; a(29,67) a(35,105) d(34) r(35,47) a(5,36)
31; r(5,55) r(64,50) r(64,50) a(29,47) d(5) d(29)
32; a(29,67) a(35,105) r(64,50) a(29,47) d(5) d(35)
33; r(5,55) r(64,50) d(34) r(35,47) d(29)
34; a(73,57) a(71,64) d(5) r(66,72) r(73,64)
35; d(64) r(5,63) d(72) r(35,99) d(34)
36; r(5,55) r(64,50) d(34) d(29) a(35,5)
37; d(66) d(65) r(35,47) a(71,57)
38; r(5,55) r(64,50) d(34) r(35,47) r(29,90)
39; d(66) d(65) d(29) r(6,50)
40; r(5,55) d(65) d(72) r(35,40) d(67)
41; d(64) r(5,63) r(29,88) d(29) a(35,62)
42; r(5,55) d(65) d(72) d(29) d(71)
43; d(64) r(5,63) r(29,88) r(35,40)
44; d(64) a(29,55) r(5,41) r(34,5) r(29,46)
45; r(5,55) r(64,50) d(34) r(35,47) a(29,88)
46; r(5,55) r(69,73) r(67,57) r(64,38)
47; d(65) r(66,38) a(35,49) r(73,52)
48; a(66,99) r(67,74) r(64,50) a(29,47) a(29,50) a(6,58)
49; a(29,67) a(35,105) r(64,75) r(29,67) d(5)
50; a(66,99) r(67,74) r(64,75) r(29,67) d(35)
51; a(29,67) a(35,105) r(64,50) a(29,47) a(29,50) d(29)
52; r(5,55) r(69,73) d(72) d(64)
53; a(35,90) d(6) r(5,34) a(67,50) d(74)
54; d(66) d(6) d(69) a(72,74)
55; d(34) r(69,88) d(6) a(65,37) a(65,52) d(66)
56; d(66) d(6) d(69) a(65,52) a(65,37)
57; d(34) r(69,88) d(6) a(65,37) a(74,62)
58; d(34) d(6) r(34,105) r(74,76)
59; a(29,67) a(35,105) r(64,50) a(29,47) a(66,45) d(65) d(67) a(35,76)
60; d(34) d(6) a(66,45) d(65) d(67) d(72)
61; a(29,67) a(35,105) r(64,50) a(29,47) r(34,105) r(29,51)
--------------------------------------------------------------------------------
Evaluation

0; 15.
1; 0.
2; 15.
3; 15.
4; 0.
5; 0.
6; 0.
7; 0.
8; 15.
9; 0.
10; 0.
11; 0.
12; 0.
13; 0.
14; 0.
15; 0.
16; 0.
17; 0.
18; 15.
19; 0.
20; 0.
21; 0.
22; 0.
23; 0.
24; 15.
25; 0.
26; 0.
27; 15.
28; 0.
29; 15.
30; 15.
31; 0.
32; 0.
33; 0.
34; 3.
35; 0.
36; 0.
37; 15.
38; 0.
39; 0.
40; 0.
41; 0.
42; 0.
43; 0.
44; 0.
45; 0.
46; 0.
47; 0.
48; 0.
49; 0.
50; 0.
51; 0.
52; 0.
53; 15.
54; 0.
55; 0.
56; 0.
57; 0.
58; 0.
59; 0.
60; 0.
61; 0.
================================================================================
Generation 5

--------------------------------------------------------------------------------
Selection

0; 60
1; 36
2; 23
3; 54
4; 9
5; 54
6; 23
7; 10
8; 41
9; 9
10; 13
11; 1
12; 19
13; 43
14; 54
15; 36
16; 6
17; 19
18; 28
19; 27
20; 51
21; 44
22; 52
23; 1
24; 48
25; 41
26; 21
27; 39
28; 38
29; 57
30; 57
31; 35
32; 32
33; 56
34; 55
35; 57
36; 14
37; 14
38; 4
39; 44
--------------------------------------------------------------------------------
Crossover

0; 9, 57; d(34) r(69,88) d(6) a(65,37) r(69,88) d(6) a(65,37) a(74,62)
1; 9, 57; d(34) r(65,40)
2; 9; d(34) r(69,88) d(6) a(65,37) r(65,40)
3; 57; d(34) r(69,88) d(6) a(65,37) a(74,62)
4; 13; a(29,67) a(35,105) r(64,50) a(29,47) r(34,105) d(29)
5; 41; d(64) r(5,63) r(29,88) d(29) a(35,62)
6; 19; r(5,55) d(65) a(35,47) a(69,62) d(72)
7; 43; d(64) r(5,63) r(29,88) r(35,40)
8; 41, 56; d(64) r(5,63) r(29,88) d(29) a(35,62) d(6) d(69) a(65,52) a(65,37)
9; 41, 56; d(66)
10; 41; d(64) r(5,63) r(29,88) d(29) a(35,62)
11; 56; d(66) d(6) d(69) a(65,52) a(65,37)
12; 32; a(29,67) a(35,105) r(64,50) a(29,47) d(5) d(35)
13; 23; d(64) r(6,71) d(34) r(29,51) r(5,45)
14; 57, 19; d(34) r(69,88) d(72)
15; 57, 19; r(5,55) d(65) a(35,47) a(69,62) d(6) a(65,37) a(74,62)
16; 57; d(34) r(69,88) d(6) a(65,37) a(74,62)
17; 19; r(5,55) d(65) a(35,47) a(69,62) d(72)
18; 1; d(34) d(66) d(65) d(74) a(71,99)
19; 9; d(34) r(69,88) d(6) a(65,37) r(65,40)
20; 39, 10; d(66) d(65) d(29) d(69) d(65) r(67,74)
21; 39, 10; a(66,67) a(6,47) r(6,50)
22; 39; d(66) d(65) d(29) r(6,50)
23; 10; a(66,67) a(6,47) d(69) d(65) r(67,74)
24; 38, 21; r(5,55) d(74) r(35,91)
25; 38, 21; d(64) r(6,71) d(34) r(29,51) r(64,50) d(34) r(35,47) r(29,90)
26; 38; r(5,55) r(64,50) d(34) r(35,47) r(29,90)
27; 21; d(64) r(6,71) d(34) r(29,51) d(74) r(35,91)
28; 48; a(66,99) r(67,74) r(64,50) a(29,47) a(29,50) a(6,58)
29; 57; d(34) r(69,88) d(6) a(65,37) a(74,62)
30; 44, 52; d(64) a(29,55) r(5,41) r(69,73) d(72) d(64)
31; 44, 52; r(5,55) r(34,5) r(29,46)
32; 44; d(64) a(29,55) r(5,41) r(34,5) r(29,46)
33; 52; r(5,55) r(69,73) d(72) d(64)
34; 55; d(34) r(69,88) d(6) a(65,37) a(65,52) d(66)
35; 14; d(64) r(6,71) d(34) a(5,99)
36; 51, 36; a(29,67) a(35,105) r(64,50)
37; 51, 36; r(5,55) r(64,50) d(34) d(29) a(35,5) a(29,47) a(29,50) d(29)
38; 51; a(29,67) a(35,105) r(64,50) a(29,47) a(29,50) d(29)
39; 36; r(5,55) r(64,50) d(34) d(29) a(35,5)
40; 54, 6; d(66) d(6) a(29,105)
41; 54, 6; d(34) d(6) a(65,37) d(69) a(72,74)
42; 54; d(66) d(6) d(69) a(72,74)
43; 6; d(34) d(6) a(65,37) a(29,105)
44; 44; d(64) a(29,55) r(5,41) r(34,5) r(29,46)
45; 4; a(73,57) d(65) d(74) d(69) r(73,44) r(64,99)
46; 27, 14; d(5) a(65,50) d(66)
47; 27, 14; d(64) r(6,71) d(34) a(5,99) d(29) a(65,56)
48; 27; d(5) a(65,50) d(66) d(29) a(65,56)
49; 14; d(64) r(6,71) d(34) a(5,99)
50; 54, 60; d(66) d(6) d(69) a(72,74) d(67) d(72)
51; 54, 60; d(34) d(6) a(66,45) d(65)
52; 54; d(66) d(6) d(69) a(72,74)
53; 60; d(34) d(6) a(66,45) d(65) d(67) d(72)
54; 35; d(64) r(5,63) d(72) r(35,99) d(34)
55; 36; r(5,55) r(64,50) d(34) d(29) a(35,5)
56; 23; d(64) r(6,71) d(34) r(29,51) r(5,45)
57; 1; d(34) d(66) d(65) d(74) a(71,99)
58; 28, 54; r(5,55) r(69,73) r(67,57) a(66,40) d(6) d(69) a(72,74)
59; 28, 54; d(66)
60; 28; r(5,55) r(69,73) r(67,57) a(66,40)
61; 54; d(66) d(6) d(69) a(72,74)
--------------------------------------------------------------------------------
Mutation

0; d(34) r(69,88) d(6) a(65,37) r(69,88) d(6) a(65,37) a(74,62) r(66,37)
1; d(34) r(65,40) r(67,57)
2; d(34) r(69,88) d(6) a(65,37) r(65,40) a(74,74)
3; d(34) r(69,88) d(6) a(65,37) a(74,62) r(72,74)
4; a(29,67) a(35,105) r(64,50) a(29,47) r(34,105) d(29) a(6,90)
5; d(64) r(5,63) r(29,88) d(29) a(35,62) d(35)
6; r(5,55) d(65) a(35,47) a(69,62) d(72) a(74,76)
7; d(64) r(5,63) r(29,88) r(35,40)
8; d(64) r(5,63) r(29,88) d(29) a(35,62) d(6) d(69) a(65,52) a(65,37) r(35,104)
9; d(66) d(35)
10; d(64) r(5,63) r(29,88) d(29) a(35,62) d(35)
11; d(66) d(6) d(69) a(65,52) a(65,37) a(5,53)
12; a(29,67) a(35,105) r(64,50) a(29,47) d(5) d(35) r(29,38)
13; d(64) r(6,71) d(34) r(29,51) r(5,45) r(35,43)
14; d(34) r(69,88) d(72) a(73,56)
15; r(5,55) d(65) a(35,47) a(69,62) d(6) a(65,37) a(74,62) r(66,40)
16; d(34) r(69,88) d(6) a(65,37) a(74,62) d(35)
17; r(5,55) d(65) a(35,47) a(69,62) d(72) a(73,56)
18; d(34) d(66) d(65) d(74) a(71,99) d(73)
19; d(34) r(69,88) d(6) a(65,37) r(65,40) d(66)
20; d(66) d(65) d(29) d(69) d(65) r(67,74) d(5)
21; a(66,67) a(6,47) r(6,50) a(35,55)
22; d(66) d(65) d(29) r(6,50) a(64,75)
23; a(66,67) a(6,47) d(69) d(65) r(67,74) a(6,29)
24; r(5,55) d(74) r(35,91) d(72)
25; d(64) r(6,71) d(34) r(29,51) r(64,50) d(34) r(35,47) r(29,90) d(5)
26; r(5,55) r(64,50) d(34) r(35,47) r(29,90)
27; d(64) r(6,71) d(34) r(29,51) d(74) r(35,91) a(5,40)
28; a(66,99) r(67,74) r(64,50) a(29,47) a(29,50) a(6,58) a(29,45)
29; d(34) r(69,88) d(6) a(65,37) a(74,62) d(73)
30; d(64) a(29,55) r(5,41) r(69,73) d(72) d(64) d(35)
31; r(5,55) r(34,5) r(29,46) a(65,34)
32; d(64) a(29,55) r(5,41) r(34,5) r(29,46) a(35,104)
33; r(5,55) r(69,73) d(72) d(64) d(34)
34; d(34) r(69,88) d(6) a(65,37) a(65,52) d(66) d(5)
35; d(64) r(6,71) d(34) a(5,99) r(29,49)
36; a(29,67) a(35,105) r(64,50) d(34)
37; r(5,55) r(64,50) d(34) d(29) a(35,5) a(29,47) a(29,50) d(29) r(35,58)
38; a(29,67) a(35,105) r(64,50) a(29,47) a(29,50) d(29) r(6,42)
39; r(5,55) r(64,50) d(34) d(29) a(35,5) r(35,46)
40; d(66) d(6) a(29,105) a(69,38)
41; d(34) d(6) a(65,37) d(69) a(72,74) a(73,62)
42; d(66) d(6) d(69) a(72,74) r(34,56)
43; d(34) d(6) a(65,37) a(29,105) d(5)
44; d(64) a(29,55) r(5,41) r(34,5) r(29,46) a(35,56)
45; a(73,57) d(65) d(74) d(69) r(73,44) r(64,99) d(34)
46; d(5) a(65,50) d(66) d(74)
47; d(64) r(6,71) d(34) a(5,99) d(29) a(65,56) d(35)
48; d(5) a(65,50) d(66) d(29) a(65,56) r(69,44)
49; d(64) r(6,71) d(34) a(5,99) d(29)
50; d(66) d(6) d(69) a(72,74) d(67) d(72) d(34)
51; d(34) d(6) a(66,45) d(65) r(71,49)
52; d(66) d(6) d(69) a(72,74) r(29,104)
53; d(34) d(6) a(66,45) d(65) d(67) d(72) d(29)
54; d(64) r(5,63) d(72) r(35,99) d(34) a(29,38)
55; r(5,55) r(64,50) d(34) d(29) a(35,5) r(35,88)
56; d(64) r(6,71) d(34) r(29,51) r(5,45) d(35)
57; d(34) d(66) d(65) d(74) a(71,99) a(6,49)
58; r(5,55) r(69,73) r(67,57) a(66,40) d(6) d(69) a(72,74) d(35)
59; d(66) a(34,42)
60; r(5,55) r(69,73) r(67,57) a(66,40) a(66,70)
61; d(66) d(6) d(69) a(72,74) a(74,73)
--------------------------------------------------------------------------------
Evaluation

0; 0.
1; 0.
2; 0.
3; 0.
4; 0.
5; 0.
6; 0.
7; 0.
8; 15.
9; 15.
10; 0.
11; 0.
12; 0.
13; 0.
14; 15.
15; 0.
16; 0.
17; 15.
18; 0.
19; 0.
20; 0.
21; 0.
22; 0.
23; 0.
24; 15.
25; 0.
26; 0.
27; 0.
28; 0.
29; 0.
30; 15.
31; 5.
32; 15.
33; 0.
34; 15.
35; 0.
36; 0.
37; 15.
38; 0.
39; 15.
40; 0.
41; 0.
42; 0.
43; 15.
44; 15.
45; 0.
46; 15.
47; 0.
48; 15.
49; 0.
50; 0.
51; 0.
52; 0.
53; 0.
54; 0.
55; 0.
56; 0.
57; 0.
58; 0.
59; 15.
60; 15.
61; 0.
================================================================================
Generation 6

--------------------------------------------------------------------------------
Selection

0; 55
1; 57
2; 36
3; 22
4; 50
5; 2
6; 21
7; 7
8; 45
9; 38
10; 0
11; 27
12; 7
13; 24
14; 5
15; 13
16; 2
17; 28
18; 11
19; 0
20; 7
21; 33
22; 26
23; 19
24; 29
25; 44
26; 51
27; 5
28; 59
29; 61
30; 41
31; 33
32; 49
33; 14
34; 50
35; 7
36; 26
37; 3
38; 2
39; 55
--------------------------------------------------------------------------------
Crossover

0; 51, 45; d(34) d(6) a(66,45) d(65) r(71,49) d(69) r(73,44) r(64,99) d(34)
1; 51, 45; a(73,57) d(65) d(74)
2; 51; d(34) d(6) a(66,45) d(65) r(71,49)
3; 45; a(73,57) d(65) d(74) d(69) r(73,44) r(64,99) d(34)
4; 24, 0; r(5,55) d(74) r(35,91) a(65,37) r(69,88) d(6) a(65,37) a(74,62) r(66,37)
5; 24, 0; d(34) r(69,88) d(6) d(72)
6; 24; r(5,55) d(74) r(35,91) d(72)
7; 0; d(34) r(69,88) d(6) a(65,37) r(69,88) d(6) a(65,37) a(74,62) r(66,37)
8; 59; d(66) a(34,42)
9; 49; d(64) r(6,71) d(34) a(5,99) d(29)
10; 14; d(34) r(69,88) d(72) a(73,56)
11; 50; d(66) d(6) d(69) a(72,74) d(67) d(72) d(34)
12; 28; a(66,99) r(67,74) r(64,50) a(29,47) a(29,50) a(6,58) a(29,45)
13; 22; d(66) d(65) d(29) r(6,50) a(64,75)
14; 55, 29; r(5,55) r(64,50)
15; 55, 29; d(34) r(69,88) d(6) a(65,37) a(74,62) d(73) d(34) d(29) a(35,5) r(35,88)
16; 55; r(5,55) r(64,50) d(34) d(29) a(35,5) r(35,88)
17; 29; d(34) r(69,88) d(6) a(65,37) a(74,62) d(73)
18; 3, 7; d(34) r(69,88) d(6) a(65,37) a(74,62) r(5,63) r(29,88) r(35,40)
19; 3, 7; d(64) r(72,74)
20; 3; d(34) r(69,88) d(6) a(65,37) a(74,62) r(72,74)
21; 7; d(64) r(5,63) r(29,88) r(35,40)
22; 33; r(5,55) r(69,73) d(72) d(64) d(34)
23; 7; d(64) r(5,63) r(29,88) r(35,40)
24; 61; d(66) d(6) d(69) a(72,74) a(74,73)
25; 44; d(64) a(29,55) r(5,41) r(34,5) r(29,46) a(35,56)
26; 2; d(34) r(69,88) d(6) a(65,37) r(65,40) a(74,74)
27; 41; d(34) d(6) a(65,37) d(69) a(72,74) a(73,62)
28; 11, 50; d(66) d(6) d(69) d(72) d(34)
29; 11, 50; d(66) d(6) d(69) a(72,74) d(67) a(65,52) a(65,37) a(5,53)
30; 11; d(66) d(6) d(69) a(65,52) a(65,37) a(5,53)
31; 50; d(66) d(6) d(69) a(72,74) d(67) d(72) d(34)
32; 7, 0; d(64) r(5,63) a(65,37) r(69,88) d(6) a(65,37) a(74,62) r(66,37)
33; 7, 0; d(34) r(69,88) d(6) r(29,88) r(35,40)
34; 7; d(64) r(5,63) r(29,88) r(35,40)
35; 0; d(34) r(69,88) d(6) a(65,37) r(69,88) d(6) a(65,37) a(74,62) r(66,37)
36; 21; a(66,67) a(6,47) r(6,50) a(35,55)
37; 36; a(29,67) a(35,105) r(64,50) d(34)
38; 27; d(64) r(6,71) d(34) r(29,51) d(74) r(35,91) a(5,40)
39; 5; d(64) r(5,63) r(29,88) d(29) a(35,62) d(35)
40; 19; d(34) r(69,88) d(6) a(65,37) r(65,40) d(66)
41; 5; d(64) r(5,63) r(29,88) d(29) a(35,62) d(35)
42; 26; r(5,55) r(64,50) d(34) r(35,47) r(29,90)
43; 55; r(5,55) r(64,50) d(34) d(29) a(35,5) r(35,88)
44; 13; d(64) r(6,71) d(34) r(29,51) r(5,45) r(35,43)
45; 57; d(34) d(66) d(65) d(74) a(71,99) a(6,49)
46; 2, 7; d(34) r(69,88) r(29,88) r(35,40)
47; 2, 7; d(64) r(5,63) d(6) a(65,37) r(65,40) a(74,74)
48; 2; d(34) r(69,88) d(6) a(65,37) r(65,40) a(74,74)
49; 7; d(64) r(5,63) r(29,88) r(35,40)
50; 26; r(5,55) r(64,50) d(34) r(35,47) r(29,90)
51; 2; d(34) r(69,88) d(6) a(65,37) r(65,40) a(74,74)
52; 38; a(29,67) a(35,105) r(64,50) a(29,47) a(29,50) d(29) r(6,42)
53; 33; r(5,55) r(69,73) d(72) d(64) d(34)
--------------------------------------------------------------------------------
Mutation

0; d(34) d(6) a(66,45) d(65) r(71,49) d(69) r(73,44) r(64,99) d(34) d(35)
1; a(73,57) d(65) d(74) d(64)
2; d(34) d(6) a(66,45) d(65) r(71,49) r(64,72)
3; a(73,57) d(65) d(74) d(69) r(73,44) r(64,99) d(34) d(5)
4; r(5,55) d(74) r(35,91) a(65,37) r(69,88) d(6) a(65,37) a(74,62) r(66,37) r(72,70)
5; d(34) r(69,88) d(6) d(72) r(5,37)
6; r(5,55) d(74) r(35,91) d(72) d(69)
7; d(34) r(69,88) d(6) a(65,37) r(69,88) d(6) a(65,37) a(74,62) r(66,37) r(72,62)
8; d(66) a(34,42) d(72)
9; d(64) r(6,71) d(34) a(5,99) d(29) d(5)
10; d(34) r(69,88) d(72) a(73,56) a(64,71)
11; d(66) d(6) d(69) a(72,74) d(67) d(72) d(34) d(29)
12; a(66,99) r(67,74) r(64,50) a(29,47) a(29,50) a(6,58) a(29,45) d(6)
13; d(66) d(65) d(29) r(6,50) a(64,75) r(72,66)
14; r(5,55) r(64,50) a(34,54)
15; d(34) r(69,88) d(6) a(65,37) a(74,62) d(73) d(34) d(29) a(35,5) r(35,88) d(74)
16; r(5,55) r(64,50) d(34) d(29) a(35,5) r(35,88)
17; d(34) r(69,88) d(6) a(65,37) a(74,62) d(73) d(66)
18; d(34) r(69,88) d(6) a(65,37) a(74,62) r(5,63) r(29,88) r(35,40) r(72,38)
19; d(64) r(72,74) r(34,99)
20; d(34) r(69,88) d(6) a(65,37) a(74,62) r(72,74) d(66)
21; d(64) r(5,63) r(29,88) r(35,40)
22; r(5,55) r(69,73) d(72) d(64) d(34) d(35)
23; d(64) r(5,63) r(29,88) r(35,40)
24; d(66) d(6) d(69) a(72,74) a(74,73) a(65,56)
25; d(64) a(29,55) r(5,41) r(34,5) r(29,46) a(35,56) d(35)
26; d(34) r(69,88) d(6) a(65,37) r(65,40) a(74,74) a(74,56)
27; d(34) d(6) a(65,37) d(69) a(72,74) a(73,62) d(64)
28; d(66) d(6) d(69) d(72) d(34) r(64,38)
29; d(66) d(6) d(69) a(72,74) d(67) a(65,52) a(65,37) a(5,53) r(35,57)
30; d(66) d(6) d(69) a(65,52) a(65,37) a(5,53) r(73,99)
31; d(66) d(6) d(69) a(72,74) d(67) d(72) d(34) a(64,88)
32; d(64) r(5,63) a(65,37) r(69,88) d(6) a(65,37) a(74,62) r(66,37) r(29,90)
33; d(34) r(69,88) d(6) r(29,88) r(35,40) r(5,39)
34; d(64) r(5,63) r(29,88) r(35,40)
35; d(34) r(69,88) d(6) a(65,37) r(69,88) d(6) a(65,37) a(74,62) r(66,37) a(35,35)
36; a(66,67) a(6,47) r(6,50) a(35,55) a(67,63)
37; a(29,67) a(35,105) r(64,50) d(34) a(29,54)
38; d(64) r(6,71) d(34) r(29,51) d(74) r(35,91) a(5,40) a(5,50)
39; d(64) r(5,63) r(29,88) d(29) a(35,62) d(35)
40; d(34) r(69,88) d(6) a(65,37) r(65,40) d(66) a(5,70)
41; d(64) r(5,63) r(29,88) d(29) a(35,62) d(35)
42; r(5,55) r(64,50) d(34) r(35,47) r(29,90)
43; r(5,55) r(64,50) d(34) d(29) a(35,5) r(35,88)
44; d(64) r(6,71) d(34) r(29,51) r(5,45) r(35,43)
45; d(34) d(66) d(65) d(74) a(71,99) a(6,49) a(64,45)
46; d(34) r(69,88) r(29,88) r(35,40) d(64)
47; d(64) r(5,63) d(6) a(65,37) r(65,40) a(74,74) a(34,42)
48; d(34) r(69,88) d(6) a(65,37) r(65,40) a(74,74) a(64,73)
49; d(64) r(5,63) r(29,88) r(35,40)
50; r(5,55) r(64,50) d(34) r(35,47) r(29,90)
51; d(34) r(69,88) d(6) a(65,37) r(65,40) a(74,74) d(67)
52; a(29,67) a(35,105) r(64,50) a(29,47) a(29,50) d(29) r(6,42) d(5)
53; r(5,55) r(69,73) d(72) d(64) d(34) a(35,29)
--------------------------------------------------------------------------------
Evaluation

0; 0.
1; 0.
2; 0.
3; 0.
4; 15.
5; 15.
6; 15.
7; 0.
8; 15.
9; 0.
10; 15.
11; 0.
12; 0.
13; 0.
14; 0.
15; 0.
16; 0.
17; 0.
18; 15.
19; 0.
20; 0.
21; 0.
22; 0.
23; 0.
24; 0.
25; 15.
26; 0.
27; 0.
28; 0.
29; 0.
30; 0.
31; 0.
32; 0.
33; 0.
34; 0.
35; 0.
36; 0.
37; 15.
38; 0.
39; 0.
40; 0.
41; 0.
42; 0.
43; 0.
44; 0.
45; 0.
46; 0.
47; 0.
48; 0.
49; 0.
50; 0.
51; 0.
52; 0.
53; 0.
================================================================================
Generation 7

--------------------------------------------------------------------------------
Selection

0; 34
1; 14
2; 2
3; 50
4; 53
5; 14
6; 22
7; 26
8; 52
9; 44
10; 14
11; 20
12; 40
13; 1
14; 3
15; 39
16; 22
17; 53
18; 43
19; 0
20; 2
21; 12
22; 42
23; 7
24; 27
25; 40
26; 32
27; 47
28; 50
29; 32
30; 22
31; 47
32; 13
33; 34
34; 17
35; 51
36; 24
37; 48
38; 28
39; 36
--------------------------------------------------------------------------------
Crossover

0; 47, 7; d(64) r(5,63) d(6) r(69,88) d(6) a(65,37) r(69,88) d(6) a(65,37) a(74,62) r(66,37) r(72,62)
1; 47, 7; d(34) a(65,37) r(65,40) a(74,74) a(34,42)
2; 47; d(64) r(5,63) d(6) a(65,37) r(65,40) a(74,74) a(34,42)
3; 7; d(34) r(69,88) d(6) a(65,37) r(69,88) d(6) a(65,37) a(74,62) r(66,37) r(72,62)
4; 34, 20; d(64) r(5,63) r(69,88) d(6) a(65,37) a(74,62) r(72,74) d(66)
5; 34, 20; d(34) r(29,88) r(35,40)
6; 34; d(64) r(5,63) r(29,88) r(35,40)
7; 20; d(34) r(69,88) d(6) a(65,37) a(74,62) r(72,74) d(66)
8; 14; r(5,55) r(64,50) a(34,54)
9; 14; r(5,55) r(64,50) a(34,54)
10; 42; r(5,55) r(64,50) d(34) r(35,47) r(29,90)
11; 24; d(66) d(6) d(69) a(72,74) a(74,73) a(65,56)
12; 53; r(5,55) r(69,73) d(72) d(64) d(34) a(35,29)
13; 13; d(66) d(65) d(29) r(6,50) a(64,75) r(72,66)
14; 32, 22; d(64) r(5,63) a(65,37) r(69,88) d(6) a(65,37) a(74,62)
15; 32, 22; r(5,55) r(69,73) d(72) d(64) d(34) d(35) r(66,37) r(29,90)
16; 32; d(64) r(5,63) a(65,37) r(69,88) d(6) a(65,37) a(74,62) r(66,37) r(29,90)
17; 22; r(5,55) r(69,73) d(72) d(64) d(34) d(35)
18; 22, 12; r(5,55) r(69,73) d(72) d(64) d(34) d(6)
19; 22, 12; a(66,99) r(67,74) r(64,50) a(29,47) a(29,50) a(6,58) a(29,45) d(35)
20; 22; r(5,55) r(69,73) d(72) d(64) d(34) d(35)
21; 12; a(66,99) r(67,74) r(64,50) a(29,47) a(29,50) a(6,58) a(29,45) d(6)
22; 1; a(73,57) d(65) d(74) d(64)
23; 44; d(64) r(6,71) d(34) r(29,51) r(5,45) r(35,43)
24; 22, 39; r(5,55) r(69,73) d(72) d(64) d(34) r(5,63) r(29,88) d(29) a(35,62) d(35)
25; 22, 39; d(64) d(35)
26; 22; r(5,55) r(69,73) d(72) d(64) d(34) d(35)
27; 39; d(64) r(5,63) r(29,88) d(29) a(35,62) d(35)
28; 0; d(34) d(6) a(66,45) d(65) r(71,49) d(69) r(73,44) r(64,99) d(34) d(35)
29; 53; r(5,55) r(69,73) d(72) d(64) d(34) a(35,29)
30; 26, 40; d(34) r(69,88) d(6) a(65,37) r(65,40) a(74,74) a(74,56) a(5,70)
31; 26, 40; d(34) r(69,88) d(6) a(65,37) r(65,40) d(66)
32; 26; d(34) r(69,88) d(6) a(65,37) r(65,40) a(74,74) a(74,56)
33; 40; d(34) r(69,88) d(6) a(65,37) r(65,40) d(66) a(5,70)
34; 50, 48; r(5,55) r(64,50) d(34) r(35,47)
35; 50, 48; d(34) r(69,88) d(6) a(65,37) r(65,40) a(74,74) a(64,73) r(29,90)
36; 50; r(5,55) r(64,50) d(34) r(35,47) r(29,90)
37; 48; d(34) r(69,88) d(6) a(65,37) r(65,40) a(74,74) a(64,73)
38; 40; d(34) r(69,88) d(6) a(65,37) r(65,40) d(66) a(5,70)
39; 28; d(66) d(6) d(69) d(72) d(34) r(64,38)
40; 2, 34; d(34) d(6) r(29,88) r(35,40)
41; 2, 34; d(64) r(5,63) a(66,45) d(65) r(71,49) r(64,72)
42; 2; d(34) d(6) a(66,45) d(65) r(71,49) r(64,72)
43; 34; d(64) r(5,63) r(29,88) r(35,40)
44; 43; r(5,55) r(64,50) d(34) d(29) a(35,5) r(35,88)
45; 32; d(64) r(5,63) a(65,37) r(69,88) d(6) a(65,37) a(74,62) r(66,37) r(29,90)
46; 51, 17; d(34) r(69,88) d(6) a(65,37) r(65,40) d(73) d(66)
47; 51, 17; d(34) r(69,88) d(6) a(65,37) a(74,62) a(74,74) d(67)
48; 51; d(34) r(69,88) d(6) a(65,37) r(65,40) a(74,74) d(67)
49; 17; d(34) r(69,88) d(6) a(65,37) a(74,62) d(73) d(66)
50; 52, 2; a(29,67) a(35,105) r(64,50) a(29,47) a(29,50) d(29) r(6,42) d(5) d(65) r(71,49) r(64,72)
51; 52, 2; d(34) d(6) a(66,45)
52; 52; a(29,67) a(35,105) r(64,50) a(29,47) a(29,50) d(29) r(6,42) d(5)
53; 2; d(34) d(6) a(66,45) d(65) r(71,49) r(64,72)
54; 14; r(5,55) r(64,50) a(34,54)
55; 36; a(66,67) a(6,47) r(6,50) a(35,55) a(67,63)
56; 47, 27; d(64) r(5,63) d(6) a(65,37) a(65,37) d(69) a(72,74) a(73,62) d(64)
57; 47, 27; d(34) d(6) r(65,40) a(74,74) a(34,42)
58; 47; d(64) r(5,63) d(6) a(65,37) r(65,40) a(74,74) a(34,42)
59; 27; d(34) d(6) a(65,37) d(69) a(72,74) a(73,62) d(64)
60; 50, 3; r(5,55) r(64,50) d(34) r(35,47) r(29,90) d(34) d(5)
61; 50, 3; a(73,57) d(65) d(74) d(69) r(73,44) r(64,99)
62; 50; r(5,55) r(64,50) d(34) r(35,47) r(29,90)
63; 3; a(73,57) d(65) d(74) d(69) r(73,44) r(64,99) d(34) d(5)
--------------------------------------------------------------------------------
Mutation

0; d(64) r(5,63) d(6) r(69,88) d(6) a(65,37) r(69,88) d(6) a(65,37) a(74,62) r(66,37) r(72,62) a(34,62)
1; d(34) a(65,37) r(65,40) a(74,74) a(34,42) r(72,57)
2; d(64) r(5,63) d(6) a(65,37) r(65,40) a(74,74) a(34,42) r(29,88)
3; d(34) r(69,88) d(6) a(65,37) r(69,88) d(6) a(65,37) a(74,62) r(66,37) r(72,62) r(74,73)
4; d(64) r(5,63) r(69,88) d(6) a(65,37) a(74,62) r(72,74) d(66) d(35)
5; d(34) r(29,88) r(35,40) d(74)
6; d(64) r(5,63) r(29,88) r(35,40)
7; d(34) r(69,88) d(6) a(65,37) a(74,62) r(72,74) d(66) r(65,72)
8; r(5,55) r(64,50) a(34,54) d(35)
9; r(5,55) r(64,50) a(34,54) r(34,91)
10; r(5,55) r(64,50) d(34) r(35,47) r(29,90)
11; d(66) d(6) d(69) a(72,74) a(74,73) a(65,56) d(74)
12; r(5,55) r(69,73) d(72) d(64) d(34) a(35,29) d(29)
13; d(66) d(65) d(29) r(6,50) a(64,75) r(72,66) r(73,64)
14; d(64) r(5,63) a(65,37) r(69,88) d(6) a(65,37) a(74,62) d(29)
15; r(5,55) r(69,73) d(72) d(64) d(34) d(35) r(66,37) r(29,90)
16; d(64) r(5,63) a(65,37) r(69,88) d(6) a(65,37) a(74,62) r(66,37) r(29,90) a(35,43)
17; r(5,55) r(69,73) d(72) d(64) d(34) d(35) a(29,90)
18; r(5,55) r(69,73) d(72) d(64) d(34) d(6) d(29)
19; a(66,99) r(67,74) r(64,50) a(29,47) a(29,50) a(6,58) a(29,45) d(35) d(34)
20; r(5,55) r(69,73) d(72) d(64) d(34) d(35) d(29)
21; a(66,99) r(67,74) r(64,50) a(29,47) a(29,50) a(6,58) a(29,45) d(6) a(29,63)
22; a(73,57) d(65) d(74) d(64) a(35,50)
23; d(64) r(6,71) d(34) r(29,51) r(5,45) r(35,43)
24; r(5,55) r(69,73) d(72) d(64) d(34) r(5,63) r(29,88) d(29) a(35,62) d(35)
25; d(64) d(35) a(29,58)
26; r(5,55) r(69,73) d(72) d(64) d(34) d(35) d(29)
27; d(64) r(5,63) r(29,88) d(29) a(35,62) d(35)
28; d(34) d(6) a(66,45) d(65) r(71,49) d(69) r(73,44) r(64,99) d(34) d(35) d(5)
29; r(5,55) r(69,73) d(72) d(64) d(34) a(35,29) d(29)
30; d(34) r(69,88) d(6) a(65,37) r(65,40) a(74,74) a(74,56) a(5,70) d(72)
31; d(34) r(69,88) d(6) a(65,37) r(65,40) d(66) d(64)
32; d(34) r(69,88) d(6) a(65,37) r(65,40) a(74,74) a(74,56) d(5)
33; d(34) r(69,88) d(6) a(65,37) r(65,40) d(66) a(5,70) r(35,46)
34; r(5,55) r(64,50) d(34) r(35,47) r(29,44)
35; d(34) r(69,88) d(6) a(65,37) r(65,40) a(74,74) a(64,73) r(29,90) r(72,76)
36; r(5,55) r(64,50) d(34) r(35,47) r(29,90)
37; d(34) r(69,88) d(6) a(65,37) r(65,40) a(74,74) a(64,73) r(73,44)
38; d(34) r(69,88) d(6) a(65,37) r(65,40) d(66) a(5,70) d(5)
39; d(66) d(6) d(69) d(72) d(34) r(64,38) d(35)
40; d(34) d(6) r(29,88) r(35,40) r(67,56)
41; d(64) r(5,63) a(66,45) d(65) r(71,49) r(64,72) d(34)
42; d(34) d(6) a(66,45) d(65) r(71,49) r(64,72) d(5)
43; d(64) r(5,63) r(29,88) r(35,40)
44; r(5,55) r(64,50) d(34) d(29) a(35,5) r(35,88)
45; d(64) r(5,63) a(65,37) r(69,88) d(6) a(65,37) a(74,62) r(66,37) r(29,90) d(35)
46; d(34) r(69,88) d(6) a(65,37) r(65,40) d(73) d(66) r(74,62)
47; d(34) r(69,88) d(6) a(65,37) a(74,62) a(74,74) d(67) d(35)
48; d(34) r(69,88) d(6) a(65,37) r(65,40) a(74,74) d(67) a(35,58)
49; d(34) r(69,88) d(6) a(65,37) a(74,62) d(73) d(66) r(35,70)
50; a(29,67) a(35,105) r(64,50) a(29,47) a(29,50) d(29) r(6,42) d(5) d(65) r(71,49) r(64,72) r(35,88)
51; d(34) d(6) a(66,45) r(29,67)
52; a(29,67) a(35,105) r(64,50) a(29,47) a(29,50) d(29) r(6,42) d(5) r(35,5)
53; d(34) d(6) a(66,45) d(65) r(71,49) r(64,72) d(5)
54; r(5,55) r(64,50) a(34,54) a(34,104)
55; a(66,67) a(6,47) r(6,50) a(35,55) a(67,63) a(35,49)
56; d(64) r(5,63) d(6) a(65,37) a(65,37) d(69) a(72,74) a(73,62) d(64) a(29,67)
57; d(34) d(6) r(65,40) a(74,74) a(34,42) r(72,67)
58; d(64) r(5,63) d(6) a(65,37) r(65,40) a(74,74) a(34,42) r(34,91)
59; d(34) d(6) a(65,37) d(69) a(72,74) a(73,62) d(64) a(5,40)
60; r(5,55) r(64,50) d(34) r(35,47) r(29,90) d(34) d(5)
61; a(73,57) d(65) d(74) d(69) r(73,44) r(64,99) r(35,45)
62; r(5,55) r(64,50) d(34) r(35,47) r(29,90)
63; a(73,57) d(65) d(74) d(69) r(73,44) r(64,99) d(34) d(5) d(29)
--------------------------------------------------------------------------------
Evaluation

0; 0.
1; 15.
2; 0.
3; 0.
4; 0.
5; 15.
6; 0.
7; 0.
8; 15.
9; 15.
10; 0.
11; 0.
12; 0.
13; 0.
14; 0.
15; 0.
16; 0.
17; 0.
18; 0.
19; 0.
20; 0.
21; 0.
22; 0.
23; 0.
24; 0.
25; 0.
26; 0.
27; 0.
28; 0.
29; 0.
30; 0.
31; 0.
32; 15.
33; 0.
34; 15.
35; 0.
36; 0.
37; 0.
38; 0.
39; 0.
40; 0.
41; 0.
42; 0.
43; 0.
44; 0.
45; 0.
46; 0.
47; 0.
48; 0.
49; 0.
50; 0.
51; 0.
52; 0.
53; 0.
54; 15.
55; 0.
56; 0.
57; 0.
58; 15.
59; 0.
60; 0.
61; 15.
62; 0.
63; 0.
================================================================================
Generation 8

--------------------------------------------------------------------------------
Selection

0; 11
1; 57
2; 3
3; 23
4; 45
5; 2
6; 36
7; 21
8; 35
9; 13
10; 35
11; 55
12; 27
13; 51
14; 44
15; 30
16; 10
17; 21
18; 62
19; 59
20; 15
21; 21
22; 43
23; 35
24; 42
25; 60
26; 35
27; 21
28; 0
29; 41
30; 39
31; 35
32; 44
33; 44
34; 11
35; 38
36; 20
37; 23
38; 24
39; 12
--------------------------------------------------------------------------------
Crossover

0; 45; d(64) r(5,63) a(65,37) r(69,88) d(6) a(65,37) a(74,62) r(66,37) r(29,90) d(35)
1; 38; d(34) r(69,88) d(6) a(65,37) r(65,40) d(66) a(5,70) d(5)
2; 55, 27; a(66,67) a(6,47) r(6,50) a(35,55) a(67,63) r(5,63) r(29,88) d(29) a(35,62) d(35)
3; 55, 27; d(64) a(35,49)
4; 55; a(66,67) a(6,47) r(6,50) a(35,55) a(67,63) a(35,49)
5; 27; d(64) r(5,63) r(29,88) d(29) a(35,62) d(35)
6; 41, 36; d(64) r(29,90)
7; 41, 36; r(5,55) r(64,50) d(34) r(35,47) r(5,63) a(66,45) d(65) r(71,49) r(64,72) d(34)
8; 41; d(64) r(5,63) a(66,45) d(65) r(71,49) r(64,72) d(34)
9; 36; r(5,55) r(64,50) d(34) r(35,47) r(29,90)
10; 51, 35; d(34) a(65,37) r(65,40) a(74,74) a(64,73) r(29,90) r(72,76)
11; 51, 35; d(34) r(69,88) d(6) d(6) a(66,45) r(29,67)
12; 51; d(34) d(6) a(66,45) r(29,67)
13; 35; d(34) r(69,88) d(6) a(65,37) r(65,40) a(74,74) a(64,73) r(29,90) r(72,76)
14; 42; d(34) d(6) a(66,45) d(65) r(71,49) r(64,72) d(5)
15; 35; d(34) r(69,88) d(6) a(65,37) r(65,40) a(74,74) a(64,73) r(29,90) r(72,76)
16; 0, 21; d(64) r(5,63) d(6) r(69,88) d(6) a(65,37) r(69,88) d(6) a(29,47) a(29,50) a(6,58) a(29,45) d(6) a(29,63)
17; 0, 21; a(66,99) r(67,74) r(64,50) a(65,37) a(74,62) r(66,37) r(72,62) a(34,62)
18; 0; d(64) r(5,63) d(6) r(69,88) d(6) a(65,37) r(69,88) d(6) a(65,37) a(74,62) r(66,37) r(72,62) a(34,62)
19; 21; a(66,99) r(67,74) r(64,50) a(29,47) a(29,50) a(6,58) a(29,45) d(6) a(29,63)
20; 62; r(5,55) r(64,50) d(34) r(35,47) r(29,90)
21; 3; d(34) r(69,88) d(6) a(65,37) r(69,88) d(6) a(65,37) a(74,62) r(66,37) r(72,62) r(74,73)
22; 43; d(64) r(5,63) r(29,88) r(35,40)
23; 11; d(66) d(6) d(69) a(72,74) a(74,73) a(65,56) d(74)
24; 44; r(5,55) r(64,50) d(34) d(29) a(35,5) r(35,88)
25; 23; d(64) r(6,71) d(34) r(29,51) r(5,45) r(35,43)
26; 35, 21; d(34) r(69,88) d(6) d(6) a(29,63)
27; 35, 21; a(66,99) r(67,74) r(64,50) a(29,47) a(29,50) a(6,58) a(29,45) a(65,37) r(65,40) a(74,74) a(64,73) r(29,90) r(72,76)
28; 35; d(34) r(69,88) d(6) a(65,37) r(65,40) a(74,74) a(64,73) r(29,90) r(72,76)
29; 21; a(66,99) r(67,74) r(64,50) a(29,47) a(29,50) a(6,58) a(29,45) d(6) a(29,63)
30; 11; d(66) d(6) d(69) a(72,74) a(74,73) a(65,56) d(74)
31; 21; a(66,99) r(67,74) r(64,50) a(29,47) a(29,50) a(6,58) a(29,45) d(6) a(29,63)
32; 35, 30; d(34) r(69,88) d(6) a(65,37) r(65,40) d(6) a(65,37) r(65,40) a(74,74) a(74,56) a(5,70) d(72)
33; 35, 30; d(34) r(69,88) a(74,74) a(64,73) r(29,90) r(72,76)
34; 35; d(34) r(69,88) d(6) a(65,37) r(65,40) a(74,74) a(64,73) r(29,90) r(72,76)
35; 30; d(34) r(69,88) d(6) a(65,37) r(65,40) a(74,74) a(74,56) a(5,70) d(72)
36; 24, 10; r(5,55) r(69,73) d(72) d(64) d(34) r(5,63) r(29,88) d(29) a(35,62)
37; 24, 10; r(5,55) r(64,50) d(34) r(35,47) r(29,90) d(35)
38; 24; r(5,55) r(69,73) d(72) d(64) d(34) r(5,63) r(29,88) d(29) a(35,62) d(35)
39; 10; r(5,55) r(64,50) d(34) r(35,47) r(29,90)
40; 60, 15; r(5,55) r(64,50) d(34) r(35,47) r(29,90) d(34)
41; 60, 15; r(5,55) r(69,73) d(72) d(64) d(34) d(35) r(66,37) r(29,90) d(5)
42; 60; r(5,55) r(64,50) d(34) r(35,47) r(29,90) d(34) d(5)
43; 15; r(5,55) r(69,73) d(72) d(64) d(34) d(35) r(66,37) r(29,90)
44; 2; d(64) r(5,63) d(6) a(65,37) r(65,40) a(74,74) a(34,42) r(29,88)
45; 39; d(66) d(6) d(69) d(72) d(34) r(64,38) d(35)
46; 59, 23; d(34) d(6) a(65,37) d(69)
47; 59, 23; d(64) r(6,71) d(34) r(29,51) r(5,45) r(35,43) a(72,74) a(73,62) d(64) a(5,40)
48; 59; d(34) d(6) a(65,37) d(69) a(72,74) a(73,62) d(64) a(5,40)
49; 23; d(64) r(6,71) d(34) r(29,51) r(5,45) r(35,43)
50; 21, 13; a(66,99) r(67,74) r(64,50) a(29,47) a(29,50) a(6,58) a(29,45) r(72,66) r(73,64)
51; 21, 13; d(66) d(65) d(29) r(6,50) a(64,75) d(6) a(29,63)
52; 21; a(66,99) r(67,74) r(64,50) a(29,47) a(29,50) a(6,58) a(29,45) d(6) a(29,63)
53; 13; d(66) d(65) d(29) r(6,50) a(64,75) r(72,66) r(73,64)
54; 44, 20; r(5,55) r(64,50) d(34) d(29) a(35,5) r(35,88) d(72) d(64) d(34) d(35) d(29)
55; 44, 20; r(5,55) r(69,73)
56; 44; r(5,55) r(64,50) d(34) d(29) a(35,5) r(35,88)
57; 20; r(5,55) r(69,73) d(72) d(64) d(34) d(35) d(29)
58; 12; r(5,55) r(69,73) d(72) d(64) d(34) a(35,29) d(29)
59; 44; r(5,55) r(64,50) d(34) d(29) a(35,5) r(35,88)
60; 35, 57; d(34) r(69,88) d(6) r(65,40) a(74,74) a(34,42) r(72,67)
61; 35, 57; d(34) d(6) a(65,37) r(65,40) a(74,74) a(64,73) r(29,90) r(72,76)
62; 35; d(34) r(69,88) d(6) a(65,37) r(65,40) a(74,74) a(64,73) r(29,90) r(72,76)
63; 57; d(34) d(6) r(65,40) a(74,74) a(34,42) r(72,67)
--------------------------------------------------------------------------------
Mutation

0; d(64) r(5,63) a(65,37) r(69,88) d(6) a(65,37) a(74,62) r(66,37) r(29,90) d(35)
1; d(34) r(69,88) d(6) a(65,37) r(65,40) d(66) a(5,70) d(5) d(72)
2; a(66,67) a(6,47) r(6,50) a(35,55) a(67,63) r(5,63) r(29,88) d(29) a(35,62) d(35) d(66)
3; d(64) a(35,49) r(34,42)
4; a(66,67) a(6,47) r(6,50) a(35,55) a(67,63) a(35,49) d(71)
5; d(64) r(5,63) r(29,88) d(29) a(35,62) d(35)
6; d(64) r(29,90) r(35,49)
7; r(5,55) r(64,50) d(34) r(35,47) r(5,63) a(66,45) d(65) r(71,49) r(64,72) d(34) r(29,90)
8; d(64) r(5,63) a(66,45) d(65) r(71,49) r(64,72) d(34) a(35,50)
9; r(5,55) r(64,50) d(34) r(35,47) r(29,90)
10; d(34) a(65,37) r(65,40) a(74,74) a(64,73) r(29,90) r(72,76) a(69,43)
11; d(34) r(69,88) d(6) d(6) a(66,45) r(29,67) r(73,74)
12; d(34) d(6) a(66,45) r(29,67) r(73,88)
13; d(34) r(69,88) d(6) a(65,37) r(65,40) a(74,74) a(64,73) r(29,90) r(72,76) a(5,91)
14; d(34) d(6) a(66,45) d(65) r(71,49) r(64,72) d(5) a(35,34)
15; d(34) r(69,88) d(6) a(65,37) r(65,40) a(74,74) a(64,73) r(29,90) r(72,76) r(5,41)
16; d(64) r(5,63) d(6) r(69,88) d(6) a(65,37) r(69,88) d(6) a(29,47) a(29,50) a(6,58) a(29,45) d(6) a(29,63) d(35)
17; a(66,99) r(67,74) r(64,50) a(65,37) a(74,62) r(66,37) r(72,62) a(34,62) a(5,43)
18; d(64) r(5,63) d(6) r(69,88) d(6) a(65,37) r(69,88) d(6) a(65,37) a(74,62) r(66,37) r(72,62) a(34,62) d(35)
19; a(66,99) r(67,74) r(64,50) a(29,47) a(29,50) a(6,58) a(29,45) d(6) a(29,63) d(34)
20; r(5,55) r(64,50) d(34) r(35,47) r(29,90)
21; d(34) r(69,88) d(6) a(65,37) r(69,88) d(6) a(65,37) a(74,62) r(66,37) r(72,62) r(74,73) d(35)
22; d(64) r(5,63) r(29,88) r(35,40)
23; d(66) d(6) d(69) a(72,74) a(74,73) a(65,56) d(74) r(72,76)
24; r(5,55) r(64,50) d(34) d(29) a(35,5) r(35,88)
25; d(64) r(6,71) d(34) r(29,51) r(5,45) r(35,43)
26; d(34) r(69,88) d(6) d(6) a(29,63) r(66,74)
27; a(66,99) r(67,74) r(64,50) a(29,47) a(29,50) a(6,58) a(29,45) a(65,37) r(65,40) a(74,74) a(64,73) r(29,90) r(72,76) a(35,55)
28; d(34) r(69,88) d(6) a(65,37) r(65,40) a(74,74) a(64,73) r(29,90) r(72,76) r(67,91)
29; a(66,99) r(67,74) r(64,50) a(29,47) a(29,50) a(6,58) a(29,45) d(6) a(29,63) a(29,88)
30; d(66) d(6) d(69) a(72,74) a(74,73) a(65,56) d(74) a(65,91)
31; a(66,99) r(67,74) r(64,50) a(29,47) a(29,50) a(6,58) a(29,45) d(6) a(29,63) a(5,67)
32; d(34) r(69,88) d(6) a(65,37) r(65,40) d(6) a(65,37) r(65,40) a(74,74) a(74,56) a(5,70) d(72) a(67,64)
33; d(34) r(69,88) a(74,74) a(64,73) r(29,90) r(72,76) r(65,66)
34; d(34) r(69,88) d(6) a(65,37) r(65,40) a(74,74) a(64,73) r(29,90) r(72,76) d(35)
35; d(34) r(69,88) d(6) a(65,37) r(65,40) a(74,74) a(74,56) a(5,70) d(72) d(35)
36; r(5,55) r(69,73) d(72) d(64) d(34) r(5,63) r(29,88) d(29) a(35,62) a(35,51)
37; r(5,55) r(64,50) d(34) r(35,47) r(29,90) d(35)
38; r(5,55) r(69,73) d(72) d(64) d(34) r(5,63) r(29,88) d(29) a(35,62) d(35)
39; r(5,55) r(64,50) d(34) r(35,47) r(29,90)
40; r(5,55) r(64,50) d(34) r(35,47) r(29,90) d(34)
41; r(5,55) r(69,73) d(72) d(64) d(34) d(35) r(66,37) r(29,90) d(5)
42; r(5,55) r(64,50) d(34) r(35,47) r(29,90) d(34) d(5)
43; r(5,55) r(69,73) d(72) d(64) d(34) d(35) r(66,37) r(29,90)
44; d(64) r(5,63) d(6) a(65,37) r(65,40) a(74,74) a(34,42) r(29,88) a(35,42)
45; d(66) d(6) d(69) d(72) d(34) r(64,38) d(35) a(5,90)
46; d(34) d(6) a(65,37) d(69) a(29,62)
47; d(64) r(6,71) d(34) r(29,51) r(5,45) r(35,43) a(72,74) a(73,62) d(64) a(5,40)
48; d(34) d(6) a(65,37) d(69) a(72,74) a(73,62) d(64) a(5,40) a(35,36)
49; d(64) r(6,71) d(34) r(29,51) r(5,45) r(35,43)
50; a(66,99) r(67,74) r(64,50) a(29,47) a(29,50) a(6,58) a(29,45) r(72,66) r(73,64) a(5,34)
51; d(66) d(65) d(29) r(6,50) a(64,75) d(6) a(29,63) a(72,105)
52; a(66,99) r(67,74) r(64,50) a(29,47) a(29,50) a(6,58) a(29,45) d(6) a(29,63) r(5,47)
53; d(66) d(65) d(29) r(6,50) a(64,75) r(72,66) r(73,64) a(35,39)
54; r(5,55) r(64,50) d(34) d(29) a(35,5) r(35,88) d(72) d(64) d(34) d(35) d(29)
55; r(5,55) r(69,73) r(35,63)
56; r(5,55) r(64,50) d(34) d(29) a(35,5) r(35,88)
57; r(5,55) r(69,73) d(72) d(64) d(34) d(35) d(29)
58; r(5,55) r(69,73) d(72) d(64) d(34) a(35,29) d(29) r(35,49)
59; r(5,55) r(64,50) d(34) d(29) a(35,5) r(35,88)
60; d(34) r(69,88) d(6) r(65,40) a(74,74) a(34,42) r(72,67) d(5)
61; d(34) d(6) a(65,37) r(65,40) a(74,74) a(64,73) r(29,90) r(72,76) a(73,57)
62; d(34) r(69,88) d(6) a(65,37) r(65,40) a(74,74) a(64,73) r(29,90) r(72,76) r(64,56)
63; d(34) d(6) r(65,40) a(74,74) a(34,42) r(72,67) r(64,57)
--------------------------------------------------------------------------------
Evaluation

0; 0.
1; 0.
2; 3.
3; 15.
4; 0.
5; 0.
6; 0.
7; 0.
8; 0.
9; 0.
10; 15.
11; 0.
12; 0.
13; 0.
14; 0.
15; 15.
16; 0.
17; 0.
18; 0.
19; 0.
20; 0.
21; 0.
22; 0.
23; 0.
24; 0.
25; 0.
26; 0.
27; 0.
28; 0.
29; 0.
30; 0.
31; 0.
32; 0.
33; 0.
34; 0.
35; 0.
36; 0.
37; 0.
38; 0.
39; 0.
40; 0.
41; 0.
42; 0.
43; 0.
44; 15.
45; 0.
46; 0.
47; 0.
48; 0.
49; 0.
50; 0.
51; 0.
52; 0.
53; 0.
54; 0.
55; 0.
56; 0.
57; 0.
58; 0.
59; 0.
60; 0.
61; 0.
62; 0.
63; 0.
================================================================================
Generation 9

--------------------------------------------------------------------------------
Selection

0; 25
1; 39
2; 21
3; 14
4; 14
5; 46
6; 60
7; 52
8; 13
9; 27
10; 6
11; 34
12; 50
13; 19
14; 56
15; 20
16; 11
17; 60
18; 26
19; 19
20; 9
21; 25
22; 61
23; 56
24; 55
25; 17
26; 36
27; 59
28; 55
29; 18
30; 14
31; 63
32; 61
33; 4
34; 5
35; 55
36; 2
37; 11
38; 31
39; 0
--------------------------------------------------------------------------------
Crossover

0; 11, 19; d(34) r(69,88) d(6) d(6) a(66,45) d(34)
1; 11, 19; a(66,99) r(67,74) r(64,50) a(29,47) a(29,50) a(6,58) a(29,45) d(6) a(29,63) r(29,67) r(73,74)
2; 11; d(34) r(69,88) d(6) d(6) a(66,45) r(29,67) r(73,74)
3; 19; a(66,99) r(67,74) r(64,50) a(29,47) a(29,50) a(6,58) a(29,45) d(6) a(29,63) d(34)
4; 56; r(5,55) r(64,50) d(34) d(29) a(35,5) r(35,88)
5; 17; a(66,99) r(67,74) r(64,50) a(65,37) a(74,62) r(66,37) r(72,62) a(34,62) a(5,43)
6; 60; d(34) r(69,88) d(6) r(65,40) a(74,74) a(34,42) r(72,67) d(5)
7; 18; d(64) r(5,63) d(6) r(69,88) d(6) a(65,37) r(69,88) d(6) a(65,37) a(74,62) r(66,37) r(72,62) a(34,62) d(35)
8; 50, 55; a(66,99) r(67,74) r(35,63)
9; 50, 55; r(5,55) r(69,73) r(64,50) a(29,47) a(29,50) a(6,58) a(29,45) r(72,66) r(73,64) a(5,34)
10; 50; a(66,99) r(67,74) r(64,50) a(29,47) a(29,50) a(6,58) a(29,45) r(72,66) r(73,64) a(5,34)
11; 55; r(5,55) r(69,73) r(35,63)
12; 52, 20; a(66,99) r(67,74) r(64,50) r(35,47) r(29,90)
13; 52, 20; r(5,55) r(64,50) d(34) a(29,47) a(29,50) a(6,58) a(29,45) d(6) a(29,63) r(5,47)
14; 52; a(66,99) r(67,74) r(64,50) a(29,47) a(29,50) a(6,58) a(29,45) d(6) a(29,63) r(5,47)
15; 20; r(5,55) r(64,50) d(34) r(35,47) r(29,90)
16; 11; d(34) r(69,88) d(6) d(6) a(66,45) r(29,67) r(73,74)
17; 55; r(5,55) r(69,73) r(35,63)
18; 14, 56; d(34) d(6) d(29) a(35,5) r(35,88)
19; 14, 56; r(5,55) r(64,50) d(34) a(66,45) d(65) r(71,49) r(64,72) d(5) a(35,34)
20; 14; d(34) d(6) a(66,45) d(65) r(71,49) r(64,72) d(5) a(35,34)
21; 56; r(5,55) r(64,50) d(34) d(29) a(35,5) r(35,88)
22; 46; d(34) d(6) a(65,37) d(69) a(29,62)
23; 13; d(34) r(69,88) d(6) a(65,37) r(65,40) a(74,74) a(64,73) r(29,90) r(72,76) a(5,91)
24; 34; d(34) r(69,88) d(6) a(65,37) r(65,40) a(74,74) a(64,73) r(29,90) r(72,76) d(35)
25; 14; d(34) d(6) a(66,45) d(65) r(71,49) r(64,72) d(5) a(35,34)
26; 9; r(5,55) r(64,50) d(34) r(35,47) r(29,90)
27; 60; d(34) r(69,88) d(6) r(65,40) a(74,74) a(34,42) r(72,67) d(5)
28; 63; d(34) d(6) r(65,40) a(74,74) a(34,42) r(72,67) r(64,57)
29; 39; r(5,55) r(64,50) d(34) r(35,47) r(29,90)
30; 0, 4; d(64) r(5,63) a(65,37) r(69,88) d(6) a(65,37) a(74,62) a(6,47) r(6,50) a(35,55) a(67,63) a(35,49) d(71)
31; 0, 4; a(66,67) r(66,37) r(29,90) d(35)
32; 0; d(64) r(5,63) a(65,37) r(69,88) d(6) a(65,37) a(74,62) r(66,37) r(29,90) d(35)
33; 4; a(66,67) a(6,47) r(6,50) a(35,55) a(67,63) a(35,49) d(71)
34; 59, 61; r(5,55) r(64,50) d(34) d(6) a(65,37) r(65,40) a(74,74) a(64,73) r(29,90) r(72,76) a(73,57)
35; 59, 61; d(34) d(29) a(35,5) r(35,88)
36; 59; r(5,55) r(64,50) d(34) d(29) a(35,5) r(35,88)
37; 61; d(34) d(6) a(65,37) r(65,40) a(74,74) a(64,73) r(29,90) r(72,76) a(73,57)
38; 6, 26; d(64) r(29,90) r(35,49) r(66,74)
39; 6, 26; d(34) r(69,88) d(6) d(6) a(29,63)
40; 6; d(64) r(29,90) r(35,49)
41; 26; d(34) r(69,88) d(6) d(6) a(29,63) r(66,74)
42; 21, 55; d(34) r(69,88) d(6) a(65,37) r(69,88) d(6) a(65,37) a(74,62) r(66,37) r(72,62) r(74,73) r(35,63)
43; 21, 55; r(5,55) r(69,73) d(35)
44; 21; d(34) r(69,88) d(6) a(65,37) r(69,88) d(6) a(65,37) a(74,62) r(66,37) r(72,62) r(74,73) d(35)
45; 55; r(5,55) r(69,73) r(35,63)
46; 5, 31; d(64) r(5,63) r(29,88) a(5,67)
47; 5, 31; a(66,99) r(67,74) r(64,50) a(29,47) a(29,50) a(6,58) a(29,45) d(6) a(29,63) d(29) a(35,62) d(35)
48; 5; d(64) r(5,63) r(29,88) d(29) a(35,62) d(35)
49; 31; a(66,99) r(67,74) r(64,50) a(29,47) a(29,50) a(6,58) a(29,45) d(6) a(29,63) a(5,67)
50; 19; a(66,99) r(67,74) r(64,50) a(29,47) a(29,50) a(6,58) a(29,45) d(6) a(29,63) d(34)
51; 14; d(34) d(6) a(66,45) d(65) r(71,49) r(64,72) d(5) a(35,34)
52; 25; d(64) r(6,71) d(34) r(29,51) r(5,45) r(35,43)
53; 27; a(66,99) r(67,74) r(64,50) a(29,47) a(29,50) a(6,58) a(29,45) a(65,37) r(65,40) a(74,74) a(64,73) r(29,90) r(72,76) a(35,55)
54; 2, 61; a(66,67) a(6,47) r(6,50) a(35,55) a(67,63) r(72,76) a(73,57)
55; 2, 61; d(34) d(6) a(65,37) r(65,40) a(74,74) a(64,73) r(29,90) r(5,63) r(29,88) d(29) a(35,62) d(35) d(66)
56; 2; a(66,67) a(6,47) r(6,50) a(35,55) a(67,63) r(5,63) r(29,88) d(29) a(35,62) d(35) d(66)
57; 61; d(34) d(6) a(65,37) r(65,40) a(74,74) a(64,73) r(29,90) r(72,76) a(73,57)
58; 36; r(5,55) r(69,73) d(72) d(64) d(34) r(5,63) r(29,88) d(29) a(35,62) a(35,51)
59; 25; d(64) r(6,71) d(34) r(29,51) r(5,45) r(35,43)
--------------------------------------------------------------------------------
Mutation

0; d(34) r(69,88) d(6) d(6) a(66,45) d(34) a(5,56)
1; a(66,99) r(67,74) r(64,50) a(29,47) a(29,50) a(6,58) a(29,45) d(6) a(29,63) r(29,67) r(73,74) r(5,53)
2; d(34) r(69,88) d(6) d(6) a(66,45) r(29,67) r(73,74) r(74,104)
3; a(66,99) r(67,74) r(64,50) a(29,47) a(29,50) a(6,58) a(29,45) d(6) a(29,63) d(34) d(29)
4; r(5,55) r(64,50) d(34) d(29) a(35,5) r(35,88)
5; a(66,99) r(67,74) r(64,50) a(65,37) a(74,62) r(66,37) r(72,62) a(34,62) a(5,43) a(29,54)
6; d(34) r(69,88) d(6) r(65,40) a(74,74) a(34,42) r(72,67) d(5) r(64,49)
7; d(64) r(5,63) d(6) r(69,88) d(6) a(65,37) r(69,88) d(6) a(65,37) a(74,62) r(66,37) r(72,62) a(34,62) d(35) d(29)
8; a(66,99) r(67,74) r(35,63) a(65,90)
9; r(5,55) r(69,73) r(64,50) a(29,47) a(29,50) a(6,58) a(29,45) r(72,66) r(73,64) a(5,34) a(29,88)
10; a(66,99) r(67,74) r(64,50) a(29,47) a(29,50) a(6,58) a(29,45) r(72,66) r(73,64) a(5,34) r(5,63)
11; r(5,55) r(69,73) r(35,63) d(29)
12; a(66,99) r(67,74) r(64,50) r(35,47) r(29,90) a(5,54)
13; r(5,55) r(64,50) d(34) a(29,47) a(29,50) a(6,58) a(29,45) d(6) a(29,63) r(5,47) r(35,99)
14; a(66,99) r(67,74) r(64,50) a(29,47) a(29,50) a(6,58) a(29,45) d(6) a(29,63) r(5,47) a(34,63)
15; r(5,55) r(64,50) d(34) r(35,47) r(29,90)
16; d(34) r(69,88) d(6) d(6) a(66,45) r(29,67) r(73,74) a(66,88)
17; r(5,55) r(69,73) r(35,63) a(34,49)
18; d(34) d(6) d(29) a(35,5) r(35,88) r(64,88)
19; r(5,55) r(64,50) d(34) a(66,45) d(65) r(71,49) r(64,72) d(5) a(35,34) d(29)
20; d(34) d(6) a(66,45) d(65) r(71,49) r(64,72) d(5) a(35,34) d(35)
21; r(5,55) r(64,50) d(34) d(29) a(35,5) r(35,88)
22; d(34) d(6) a(65,37) d(69) a(29,62) a(29,57)
23; d(34) r(69,88) d(6) a(65,37) r(65,40) a(74,74) a(64,73) r(29,90) r(72,76) a(5,91) r(74,70)
24; d(34) r(69,88) d(6) a(65,37) r(65,40) a(74,74) a(64,73) r(29,90) r(72,76) d(35) r(74,99)
25; d(34) d(6) a(66,45) d(65) r(71,49) r(64,72) d(5) a(35,34) r(35,40)
26; r(5,55) r(64,50) d(34) r(35,47) r(29,90)
27; d(34) r(69,88) d(6) r(65,40) a(74,74) a(34,42) r(72,67) d(5) d(74)
28; d(34) d(6) r(65,40) a(74,74) a(34,42) r(72,67) r(64,57) d(29)
29; r(5,55) r(64,50) d(34) r(35,47) r(29,90)
30; d(64) r(5,63) a(65,37) r(69,88) d(6) a(65,37) a(74,62) a(6,47) r(6,50) a(35,55) a(67,63) a(35,49) d(71) d(29)
31; a(66,67) r(66,37) r(29,90) d(35) a(6,52)
32; d(64) r(5,63) a(65,37) r(69,88) d(6) a(65,37) a(74,62) r(66,37) r(29,90) d(35)
33; a(66,67) a(6,47) r(6,50) a(35,55) a(67,63) a(35,49) d(71) a(29,57)
34; r(5,55) r(64,50) d(34) d(6) a(65,37) r(65,40) a(74,74) a(64,73) r(29,90) r(72,76) a(73,57) d(35)
35; d(34) d(29) a(35,5) r(35,88) d(69)
36; r(5,55) r(64,50) d(34) d(29) a(35,5) r(35,88)
37; d(34) d(6) a(65,37) r(65,40) a(74,74) a(64,73) r(29,90) r(72,76) a(73,57) d(69)
38; d(64) r(29,90) r(35,49) r(66,74) d(5)
39; d(34) r(69,88) d(6) d(6) a(29,63) r(66,104)
40; d(64) r(29,90) r(35,49) d(6)
41; d(34) r(69,88) d(6) d(6) a(29,63) r(66,74) a(5,5)
42; d(34) r(69,88) d(6) a(65,37) r(69,88) d(6) a(65,37) a(74,62) r(66,37) r(72,62) r(74,73) r(35,63) d(5)
43; r(5,55) r(69,73) d(35) a(65,71)
44; d(34) r(69,88) d(6) a(65,37) r(69,88) d(6) a(65,37) a(74,62) r(66,37) r(72,62) r(74,73) d(35) a(65,75)
45; r(5,55) r(69,73) r(35,63) r(73,37)
46; d(64) r(5,63) r(29,88) a(5,67) d(35)
47; a(66,99) r(67,74) r(64,50) a(29,47) a(29,50) a(6,58) a(29,45) d(6) a(29,63) d(29) a(35,62) d(35) r(5,67)
48; d(64) r(5,63) r(29,88) d(29) a(35,62) d(35)
49; a(66,99) r(67,74) r(64,50) a(29,47) a(29,50) a(6,58) a(29,45) d(6) a(29,63) a(5,67) r(34,40)
50; a(66,99) r(67,74) r(64,50) a(29,47) a(29,50) a(6,58) a(29,45) d(6) a(29,63) d(34) r(29,50)
51; d(34) d(6) a(66,45) d(65) r(71,49) r(64,72) d(5) a(35,34) r(29,35)
52; d(64) r(6,71) d(34) r(29,51) r(5,45) r(35,43)
53; a(66,99) r(67,74) r(64,50) a(29,47) a(29,50) a(6,58) a(29,45) a(65,37) r(65,40) a(74,74) a(64,73) r(29,90) r(72,76) a(35,55) r(35,44)
54; a(66,67) a(6,47) r(6,50) a(35,55) a(67,63) r(72,76) a(73,57) r(34,50)
55; d(34) d(6) a(65,37) r(65,40) a(74,74) a(64,73) r(29,90) r(5,63) r(29,88) d(29) a(35,62) d(35) d(66) r(71,73)
56; a(66,67) a(6,47) r(6,50) a(35,55) a(67,63) r(5,63) r(29,88) d(29) a(35,62) d(35) d(66) a(64,50)
57; d(34) d(6) a(65,37) r(65,40) a(74,74) a(64,73) r(29,90) r(72,76) a(73,57) a(66,88)
58; r(5,55) r(69,73) d(72) d(64) d(34) r(5,63) r(29,88) d(29) a(35,62) a(35,51) d(35)
59; d(64) r(6,71) d(34) r(29,51) r(5,45) r(35,43)
--------------------------------------------------------------------------------
Evaluation

0; 0.
1; 0.
2; 0.
3; 0.
4; 0.
5; 15.
6; 0.
7; 0.
8; 15.
9; 0.
10; 0.
11; 0.
12; 15.
13; 0.
14; 0.
15; 0.
16; 0.
17; 0.
18; 0.
19; 0.
20; 0.
21; 0.
22; 0.
23; 0.
24; 0.
25; 0.
26; 0.
27; 0.
28; 0.
29; 0.
30; 0.
31; 15.
32; 0.
33; 0.
34; 0.
35; 0.
36; 0.
37; 0.
38; 0.
39; 0.
40; 0.
41; 0.
42; 15.
43; 0.
44; 0.
45; 15.
46; 0.
47; 0.
48; 0.
49; 0.
50; 0.
51; 0.
52; 0.
53; 15.
54; 0.
55; 15.
56; 3.
57; 0.
58; 0.
59; 0.
================================================================================
Generation 10

--------------------------------------------------------------------------------
Selection

0; 47
1; 35
2; 32
3; 0
4; 40
5; 37
6; 41
7; 28
8; 6
9; 10
10; 24
11; 49
12; 46
13; 51
14; 19
15; 30
16; 14
17; 11
18; 58
19; 14
20; 38
21; 25
22; 13
23; 31
24; 27
25; 4
26; 44
27; 0
28; 3
29; 19
30; 43
31; 47
32; 33
33; 14
34; 38
35; 28
36; 51
37; 25
38; 11
39; 10
--------------------------------------------------------------------------------
Crossover

0; 0; d(34) r(69,88) d(6) d(6) a(66,45) d(34) a(5,56)
1; 46; d(64) r(5,63) r(29,88) a(5,67) d(35)
2; 43; r(5,55) r(69,73) d(35) a(65,71)
3; 31; a(66,67) r(66,37) r(29,90) d(35) a(6,52)
4; 19; r(5,55) r(64,50) d(34) a(66,45) d(65) r(71,49) r(64,72) d(5) a(35,34) d(29)
5; 30; d(64) r(5,63) a(65,37) r(69,88) d(6) a(65,37) a(74,62) a(6,47) r(6,50) a(35,55) a(67,63) a(35,49) d(71) d(29)
6; 47, 44; a(66,99) r(67,74) r(64,50) a(29,47) a(29,50) a(6,58) a(29,45) a(65,75)
7; 47, 44; d(34) r(69,88) d(6) a(65,37) r(69,88) d(6) a(65,37) a(74,62) r(66,37) r(72,62) r(74,73) d(35) d(6) a(29,63) d(29) a(35,62) d(35) r(5,67)
8; 47; a(66,99) r(67,74) r(64,50) a(29,47) a(29,50) a(6,58) a(29,45) d(6) a(29,63) d(29) a(35,62) d(35) r(5,67)
9; 44; d(34) r(69,88) d(6) a(65,37) r(69,88) d(6) a(65,37) a(74,62) r(66,37) r(72,62) r(74,73) d(35) a(65,75)
10; 11, 27; r(5,55) r(69,73) r(65,40) a(74,74) a(34,42) r(72,67) d(5) d(74)
11; 11, 27; d(34) r(69,88) d(6) r(35,63) d(29)
12; 11; r(5,55) r(69,73) r(35,63) d(29)
13; 27; d(34) r(69,88) d(6) r(65,40) a(74,74) a(34,42) r(72,67) d(5) d(74)
14; 14; a(66,99) r(67,74) r(64,50) a(29,47) a(29,50) a(6,58) a(29,45) d(6) a(29,63) r(5,47) a(34,63)
15; 51; d(34) d(6) a(66,45) d(65) r(71,49) r(64,72) d(5) a(35,34) r(29,35)
16; 47; a(66,99) r(67,74) r(64,50) a(29,47) a(29,50) a(6,58) a(29,45) d(6) a(29,63) d(29) a(35,62) d(35) r(5,67)
17; 28; d(34) d(6) r(65,40) a(74,74) a(34,42) r(72,67) r(64,57) d(29)
18; 24, 37; d(34) r(69,88) d(6) a(65,37) r(65,40) a(74,74) a(64,73)
19; 24, 37; d(34) d(6) a(65,37) r(65,40) a(74,74) a(64,73) r(29,90) r(72,76) a(73,57) d(69) r(29,90) r(72,76) d(35) r(74,99)
20; 24; d(34) r(69,88) d(6) a(65,37) r(65,40) a(74,74) a(64,73) r(29,90) r(72,76) d(35) r(74,99)
21; 37; d(34) d(6) a(65,37) r(65,40) a(74,74) a(64,73) r(29,90) r(72,76) a(73,57) d(69)
22; 49, 25; a(66,99) r(67,74) r(64,50) d(65) r(71,49) r(64,72) d(5) a(35,34) r(35,40)
23; 49, 25; d(34) d(6) a(66,45) a(29,47) a(29,50) a(6,58) a(29,45) d(6) a(29,63) a(5,67) r(34,40)
24; 49; a(66,99) r(67,74) r(64,50) a(29,47) a(29,50) a(6,58) a(29,45) d(6) a(29,63) a(5,67) r(34,40)
25; 25; d(34) d(6) a(66,45) d(65) r(71,49) r(64,72) d(5) a(35,34) r(35,40)
26; 0, 10; d(34) r(69,88) d(6) a(29,45) r(72,66) r(73,64) a(5,34) r(5,63)
27; 0, 10; a(66,99) r(67,74) r(64,50) a(29,47) a(29,50) a(6,58) d(6) a(66,45) d(34) a(5,56)
28; 0; d(34) r(69,88) d(6) d(6) a(66,45) d(34) a(5,56)
29; 10; a(66,99) r(67,74) r(64,50) a(29,47) a(29,50) a(6,58) a(29,45) r(72,66) r(73,64) a(5,34) r(5,63)
30; 58; r(5,55) r(69,73) d(72) d(64) d(34) r(5,63) r(29,88) d(29) a(35,62) a(35,51) d(35)
31; 33; a(66,67) a(6,47) r(6,50) a(35,55) a(67,63) a(35,49) d(71) a(29,57)
32; 28; d(34) d(6) r(65,40) a(74,74) a(34,42) r(72,67) r(64,57) d(29)
33; 19; r(5,55) r(64,50) d(34) a(66,45) d(65) r(71,49) r(64,72) d(5) a(35,34) d(29)
34; 35; d(34) d(29) a(35,5) r(35,88) d(69)
35; 3; a(66,99) r(67,74) r(64,50) a(29,47) a(29,50) a(6,58) a(29,45) d(6) a(29,63) d(34) d(29)
36; 10, 32; a(66,99) r(29,90) d(35)
37; 10, 32; d(64) r(5,63) a(65,37) r(69,88) d(6) a(65,37) a(74,62) r(66,37) r(67,74) r(64,50) a(29,47) a(29,50) a(6,58) a(29,45) r(72,66) r(73,64) a(5,34) r(5,63)
38; 10; a(66,99) r(67,74) r(64,50) a(29,47) a(29,50) a(6,58) a(29,45) r(72,66) r(73,64) a(5,34) r(5,63)
39; 32; d(64) r(5,63) a(65,37) r(69,88) d(6) a(65,37) a(74,62) r(66,37) r(29,90) d(35)
40; 41; d(34) r(69,88) d(6) d(6) a(29,63) r(66,74) a(5,5)
41; 11; r(5,55) r(69,73) r(35,63) d(29)
42; 6; d(34) r(69,88) d(6) r(65,40) a(74,74) a(34,42) r(72,67) d(5) r(64,49)
43; 14; a(66,99) r(67,74) r(64,50) a(29,47) a(29,50) a(6,58) a(29,45) d(6) a(29,63) r(5,47) a(34,63)
44; 40, 51; d(64) r(29,90) r(35,49) r(64,72) d(5) a(35,34) r(29,35)
45; 40, 51; d(34) d(6) a(66,45) d(65) r(71,49) d(6)
46; 40; d(64) r(29,90) r(35,49) d(6)
47; 51; d(34) d(6) a(66,45) d(65) r(71,49) r(64,72) d(5) a(35,34) r(29,35)
48; 25; d(34) d(6) a(66,45) d(65) r(71,49) r(64,72) d(5) a(35,34) r(35,40)
49; 4; r(5,55) r(64,50) d(34) d(29) a(35,5) r(35,88)
50; 38, 14; d(64) r(29,90) r(35,49) r(66,74) a(29,45) d(6) a(29,63) r(5,47) a(34,63)
51; 38, 14; a(66,99) r(67,74) r(64,50) a(29,47) a(29,50) a(6,58) d(5)
52; 38; d(64) r(29,90) r(35,49) r(66,74) d(5)
53; 14; a(66,99) r(67,74) r(64,50) a(29,47) a(29,50) a(6,58) a(29,45) d(6) a(29,63) r(5,47) a(34,63)
54; 13; r(5,55) r(64,50) d(34) a(29,47) a(29,50) a(6,58) a(29,45) d(6) a(29,63) r(5,47) r(35,99)
55; 38; d(64) r(29,90) r(35,49) r(66,74) d(5)
--------------------------------------------------------------------------------
Mutation

0; d(34) r(69,88) d(6) d(6) a(66,45) d(34) a(5,56) a(65,75)
1; d(64) r(5,63) r(29,88) a(5,67) d(35)
2; r(5,55) r(69,73) d(35) a(65,71) a(65,76)
3; a(66,67) r(66,37) r(29,90) d(35) a(6,52) a(69,70)
4; r(5,55) r(64,50) d(34) a(66,45) d(65) r(71,49) r(64,72) d(5) a(35,34) d(29) d(35)
5; d(64) r(5,63) a(65,37) r(69,88) d(6) a(65,37) a(74,62) a(6,47) r(6,50) a(35,55) a(67,63) a(35,49) d(71) d(29) d(35)
6; a(66,99) r(67,74) r(64,50) a(29,47) a(29,50) a(6,58) a(29,45) a(65,75) a(29,70)
7; d(34) r(69,88) d(6) a(65,37) r(69,88) d(6) a(65,37) a(74,62) r(66,37) r(72,62) r(74,73) d(35) d(6) a(29,63) d(29) a(35,62) d(35) r(5,67) a(65,49)
8; a(66,99) r(67,74) r(64,50) a(29,47) a(29,50) a(6,58) a(29,45) d(6) a(29,63) d(29) a(35,62) d(35) r(5,67)
9; d(34) r(69,88) d(6) a(65,37) r(69,88) d(6) a(65,37) a(74,62) r(66,37) r(72,62) r(74,73) d(35) a(65,75) r(5,63)
10; r(5,55) r(69,73) r(65,40) a(74,74) a(34,42) r(72,67) d(5) d(74) d(73)
11; d(34) r(69,88) d(6) r(35,63) d(29) d(64)
12; r(5,55) r(69,73) r(35,63) d(29) a(66,52)
13; d(34) r(69,88) d(6) r(65,40) a(74,74) a(34,42) r(72,67) d(5) d(74) r(35,38)
14; a(66,99) r(67,74) r(64,50) a(29,47) a(29,50) a(6,58) a(29,45) d(6) a(29,63) r(5,47) a(34,63) r(34,44)
15; d(34) d(6) a(66,45) d(65) r(71,49) r(64,72) d(5) a(35,34) r(29,35) r(35,39)
16; a(66,99) r(67,74) r(64,50) a(29,47) a(29,50) a(6,58) a(29,45) d(6) a(29,63) d(29) a(35,62) d(35) r(5,67)
17; d(34) d(6) r(65,40) a(74,74) a(34,42) r(72,67) r(64,57) d(29) a(35,34)
18; d(34) r(69,88) d(6) a(65,37) r(65,40) a(74,74) a(64,73) r(29,45)
19; d(34) d(6) a(65,37) r(65,40) a(74,74) a(64,73) r(29,90) r(72,76) a(73,57) d(69) r(29,90) r(72,76) d(35) r(74,99) d(64)
20; d(34) r(69,88) d(6) a(65,37) r(65,40) a(74,74) a(64,73) r(29,90) r(72,76) d(35) r(74,99) a(5,49)
21; d(34) d(6) a(65,37) r(65,40) a(74,74) a(64,73) r(29,90) r(72,76) a(73,57) d(69) r(5,54)
22; a(66,99) r(67,74) r(64,50) d(65) r(71,49) r(64,72) d(5) a(35,34) r(35,40) r(29,55)
23; d(34) d(6) a(66,45) a(29,47) a(29,50) a(6,58) a(29,45) d(6) a(29,63) a(5,67) r(34,40) a(29,53)
24; a(66,99) r(67,74) r(64,50) a(29,47) a(29,50) a(6,58) a(29,45) d(6) a(29,63) a(5,67) r(34,40) d(29)
25; d(34) d(6) a(66,45) d(65) r(71,49) r(64,72) d(5) a(35,34) r(35,40) r(29,52)
26; d(34) r(69,88) d(6) a(29,45) r(72,66) r(73,64) a(5,34) r(5,63) a(35,37)
27; a(66,99) r(67,74) r(64,50) a(29,47) a(29,50) a(6,58) d(6) a(66,45) d(34) a(5,56) d(29)
28; d(34) r(69,88) d(6) d(6) a(66,45) d(34) a(5,56) r(64,69)
29; a(66,99) r(67,74) r(64,50) a(29,47) a(29,50) a(6,58) a(29,45) r(72,66) r(73,64) a(5,34) r(5,63) d(35)
30; r(5,55) r(69,73) d(72) d(64) d(34) r(5,63) r(29,88) d(29) a(35,62) a(35,51) d(35)
31; a(66,67) a(6,47) r(6,50) a(35,55) a(67,63) a(35,49) d(71) a(29,57) a(73,75)
32; d(34) d(6) r(65,40) a(74,74) a(34,42) r(72,67) r(64,57) d(29) r(5,53)
33; r(5,55) r(64,50) d(34) a(66,45) d(65) r(71,49) r(64,72) d(5) a(35,34) d(29) r(35,53)
34; d(34) d(29) a(35,5) r(35,88) d(69) r(67,65)
35; a(66,99) r(67,74) r(64,50) a(29,47) a(29,50) a(6,58) a(29,45) d(6) a(29,63) d(34) d(29) d(5)
36; a(66,99) r(29,90) d(35) d(72)
37; d(64) r(5,63) a(65,37) r(69,88) d(6) a(65,37) a(74,62) r(66,37) r(67,74) r(64,50) a(29,47) a(29,50) a(6,58) a(29,45) r(72,66) r(73,64) a(5,34) r(5,63) d(35)
38; a(66,99) r(67,74) r(64,50) a(29,47) a(29,50) a(6,58) a(29,45) r(72,66) r(73,64) a(5,34) r(5,63) r(35,76)
39; d(64) r(5,63) a(65,37) r(69,88) d(6) a(65,37) a(74,62) r(66,37) r(29,90) d(35)
40; d(34) r(69,88) d(6) d(6) a(29,63) r(66,74) a(5,5) a(35,47)
41; r(5,55) r(69,73) r(35,63) d(29) r(73,40)
42; d(34) r(69,88) d(6) r(65,40) a(74,74) a(34,42) r(72,67) d(5) r(64,49) r(29,55)
43; a(66,99) r(67,74) r(64,50) a(29,47) a(29,50) a(6,58) a(29,45) d(6) a(29,63) r(5,47) a(34,63) d(35)
44; d(64) r(29,90) r(35,49) r(64,72) d(5) a(35,34) r(29,35)
45; d(34) d(6) a(66,45) d(65) r(71,49) d(6) a(35,63)
46; d(64) r(29,90) r(35,49) d(6) d(5)
47; d(34) d(6) a(66,45) d(65) r(71,49) r(64,72) d(5) a(35,34) r(29,35) r(35,29)
48; d(34) d(6) a(66,45) d(65) r(71,49) r(64,72) d(5) a(35,34) r(35,40) a(29,88)
49; r(5,55) r(64,50) d(34) d(29) a(35,5) r(35,88)
50; d(64) r(29,90) r(35,49) r(66,74) a(29,45) d(6) a(29,63) r(5,47) a(34,63)
51; a(66,99) r(67,74) r(64,50) a(29,47) a(29,50) a(6,58) d(5) r(34,50)
52; d(64) r(29,90) r(35,49) r(66,74) d(5)
53; a(66,99) r(67,74) r(64,50) a(29,47) a(29,50) a(6,58) a(29,45) d(6) a(29,63) r(5,47) a(34,63) a(29,46)
54; r(5,55) r(64,50) d(34) a(29,47) a(29,50) a(6,58) a(29,45) d(6) a(29,63) r(5,47) r(35,99) a(29,29)
55; d(64) r(29,90) r(35,49) r(66,74) d(5)
--------------------------------------------------------------------------------
Evaluation

0; 0.
1; 0.
2; 0.
3; 15.
4; 0.
5; 0.
6; 0.
7; 15.
8; 0.
9; 15.
10; 0.
11; 0.
12; 0.
13; 0.
14; 0.
15; 0.
16; 0.
17; 0.
18; 0.
19; 0.
20; 0.
21; 15.
22; 0.
23; 0.
24; 0.
25; 0.
26; 3.
27; 0.
28; 0.
29; 0.
30; 0.
31; 0.
32; 0.
33; 15.
34; 0.
35; 0.
36; 15.
37; 0.
38; 0.
39; 0.
40; 0.
41; 0.
42; 0.
43; 0.
44; 0.
45; 0.
46; 0.
47; 0.
48; 0.
49; 0.
50; 0.
51; 0.
52; 0.
53; 0.
54; 0.
55; 0.
