================================================================================
Enclosure

1: 0
2: 0
3: 0
4: 0
5: 0
6: 5
7: 6
9: 5
10: 9
11: 9
12: 11
13: 11
14: 9
15: 9
17: 9
18: 5
19: 18
20: 18
21: 18
23: 18
24: 5
25: 5
26: 25
27: 25
29: 0
30: 29
31: 29
32: 31
33: 31
34: 29
35: 0
36: 0
37: 36
38: 36
39: 0
40: 39
41: 39
42: 39
43: 42
44: 42
45: 42
46: 39
47: 39
48: 47
49: 47
50: 47
51: 47
52: 51
53: 51
54: 51
55: 54
56: 54
57: 54
58: 51
59: 51
60: 59
62: 47
63: 47
64: 0
65: 64
66: 64
67: 66
69: 64
70: 69
71: 69
72: 64
73: 64
74: 64
75: 0
76: 0
78: 0
79: 78
80: 78
81: 78
83: 0
85: 83
86: 0
87: 0
88: 0
89: 0
90: 0
91: 0
92: 0
93: 0
94: 0
95: 94
96: 94
97: 94
98: 94
99: 98
101: 94
102: 94
103: 94
104: 103
105: 103
106: 0
107: 106
108: 106
109: 0
110: 0
111: 0
112: 0
113: 0
114: 113
115: 113
116: 113
117: 116
119: 113
120: 119
121: 120
122: 120
123: 122
125: 119
126: 113
127: 126
129: 127
131: 129
133: 131
134: 126
135: 0
136: 135
137: 135
138: 135
139: 138
140: 139
143: 135
144: 0
145: 0
146: 0
================================================================================
Initialisation

0; d(65); 0.
1; r(67,37); 15.
2; a(6,105); 5.
3; r(72,49); 15.
4; d(66); 3.
5; d(6); 0.
6; d(66); 3.
7; r(6,67); 0.
8; a(29,63); 5.
9; d(67); 5.
10; r(72,65); 15.
11; a(69,64); 3.
12; d(29); 5.
13; r(5,35); 5.
14; d(67); 5.
15; d(66); 3.
16; d(73); 15.
17; d(71); 5.
18; a(34,54); 15.
19; a(71,63); 5.
20; a(74,69); 5.
21; d(66); 3.
22; a(73,62); 5.
23; d(34); 5.
24; r(69,62); 0.
25; a(29,5); 5.
26; a(34,56); 15.
27; r(5,56); 15.
28; d(5); 5.
29; a(74,71); 5.
30; d(35); 15.
31; d(66); 3.
32; r(6,58); 0.
33; d(73); 15.
34; d(65); 0.
35; a(65,65); 5.
36; a(5,99); 5.
37; d(73); 15.
38; r(71,37); 15.
39; original; 5.
================================================================================
Generation 1

--------------------------------------------------------------------------------
Selection

0; 11
1; 28
2; 11
3; 4
4; 2
5; 24
6; 16
7; 7
8; 5
9; 12
10; 22
11; 36
12; 11
13; 36
14; 36
15; 21
16; 15
17; 21
18; 21
19; 6
20; 21
21; 5
22; 34
23; 21
24; 2
25; 32
26; 21
27; 20
28; 0
29; 34
30; 21
31; 5
32; 22
33; 5
34; 19
35; 36
36; 21
37; 34
38; 20
39; 17
--------------------------------------------------------------------------------
Crossover

0; 36, 32; a(5,99)
1; 36, 32; r(6,58)
2; 36; a(5,99)
3; 32; r(6,58)
4; 11, 21; a(69,64)
5; 11, 21; d(66)
6; 11; a(69,64)
7; 21; d(66)
8; 6, 5; d(66)
9; 6, 5; d(6)
10; 6; d(66)
11; 5; d(6)
12; 11; a(69,64)
13; 21; d(66)
14; 21; d(66)
15; 2; a(6,105)
16; 21, 36; d(66)
17; 21, 36; a(5,99)
18; 21; d(66)
19; 36; a(5,99)
20; 21, 22; d(66)
21; 21, 22; a(73,62)
22; 21; d(66)
23; 22; a(73,62)
24; 4, 19; d(66)
25; 4, 19; a(71,63)
26; 4; d(66)
27; 19; a(71,63)
28; 0, 21; d(65)
29; 0, 21; d(66)
30; 0; d(65)
31; 21; d(66)
32; 28; d(5)
33; 11; a(69,64)
34; 21, 20; d(66)
35; 21, 20; a(74,69)
36; 21; d(66)
37; 20; a(74,69)
38; 12, 16; d(29)
39; 12, 16; d(73)
40; 12; d(29)
41; 16; d(73)
42; 5, 17; d(6)
43; 5, 17; d(71)
44; 5; d(6)
45; 17; d(71)
46; 36, 34; a(5,99)
47; 36, 34; d(65)
48; 36; a(5,99)
49; 34; d(65)
50; 20; a(74,69)
51; 5; d(6)
52; 34, 21; d(65)
53; 34, 21; d(66)
54; 34; d(65)
55; 21; d(66)
56; 15, 34; d(66)
57; 15, 34; d(65)
58; 15; d(66)
59; 34; d(65)
60; 5; d(6)
61; 7; r(6,67)
62; 22; a(73,62)
63; 2; a(6,105)
64; 36; a(5,99)
65; 24; r(69,62)
--------------------------------------------------------------------------------
Mutation

0; a(5,99) d(34)
1; r(6,58) d(5)
2; a(5,99) a(35,56)
3; r(6,58) r(66,63)
4; a(69,64) r(66,74)
5; d(66) r(34,50)
6; a(69,64) d(5)
7; d(66) a(72,38)
8; d(66) r(6,54)
9; d(6) r(66,52)
10; d(66) d(35)
11; d(6) d(69)
12; a(69,64) d(72)
13; d(66) a(65,57)
14; d(66) a(6,104)
15; a(6,105) d(74)
16; d(66) d(72)
17; a(5,99) d(64)
18; d(66) r(6,47)
19; a(5,99) d(69)
20; d(66) r(72,34)
21; a(73,62) a(72,71)
22; d(66) d(65)
23; a(73,62) d(73)
24; d(66) r(34,46)
25; a(71,63) r(5,54)
26; d(66) d(72)
27; a(71,63) d(66)
28; d(65) r(5,47)
29; d(66) d(5)
30; d(65) d(29)
31; d(66) a(29,58)
32; d(5) r(34,99)
33; a(69,64) a(71,66)
34; d(66) r(35,40)
35; a(74,69) r(67,63)
36; d(66) r(69,62)
37; a(74,69) d(35)
38; d(29) a(6,99)
39; d(73) r(35,57)
40; d(29) d(67)
41; d(73) d(35)
42; d(6) d(74)
43; d(71) d(66)
44; d(6) a(5,58)
45; d(71) d(34)
46; a(5,99) r(74,104)
47; d(65) r(72,90)
48; a(5,99) a(66,50)
49; d(65) r(69,74)
50; a(74,69) r(67,34)
51; d(6) d(73)
52; d(65) r(73,65)
53; d(66) r(35,67)
54; d(65) d(6)
55; d(66) d(65)
56; d(66) a(5,35)
57; d(65) r(29,52)
58; d(66) d(64)
59; d(65) r(34,99)
60; d(6) r(74,65)
61; r(6,67) r(67,73)
62; a(73,62) r(29,49)
63; a(6,105) d(74)
64; a(5,99) a(6,36)
65; r(69,62) a(73,55)
--------------------------------------------------------------------------------
Evaluation

0; 5.
1; 5.
2; 5.
3; 0.
4; 3.
5; 3.
6; 3.
7; 3.
8; 15.
9; 0.
10; 15.
11; 0.
12; 3.
13; 3.
14; 3.
15; 15.
16; 15.
17; 0.
18; 0.
19; 0.
20; 15.
21; 5.
22; 0.
23; 15.
24; 3.
25; 5.
26; 15.
27; 3.
28; 0.
29; 3.
30; 0.
31; 3.
32; 5.
33; 3.
34; 15.
35; 5.
36; 0.
37; 15.
38; 5.
39; 15.
40; 5.
41; 15.
42; 0.
43; 3.
44; 0.
45; 5.
46; 15.
47; 0.
48; 5.
49; 0.
50; 5.
51; 0.
52; 15.
53; 15.
54; 0.
55; 0.
56; 3.
57; 0.
58; 0.
59; 0.
60; 0.
61; 0.
62; 5.
63; 15.
64; 5.
65; 0.
================================================================================
Generation 2

--------------------------------------------------------------------------------
Selection

0; 65
1; 42
2; 19
3; 47
4; 62
5; 55
6; 50
7; 17
8; 7
9; 36
10; 32
11; 47
12; 11
13; 44
14; 3
15; 2
16; 25
17; 36
18; 18
19; 61
20; 47
21; 18
22; 54
23; 43
24; 36
25; 49
26; 14
27; 50
28; 42
29; 31
30; 54
31; 28
32; 5
33; 47
34; 24
35; 14
36; 29
37; 24
38; 44
39; 32
--------------------------------------------------------------------------------
Crossover

0; 36, 62; d(66) r(69,62)
1; 36, 62; a(73,62) r(29,49)
2; 36; d(66) r(69,62)
3; 62; a(73,62) r(29,49)
4; 36, 18; d(66)
5; 36, 18; d(66) r(6,47) r(69,62)
6; 36; d(66) r(69,62)
7; 18; d(66) r(6,47)
8; 11; d(6) d(69)
9; 24; d(66) r(34,46)
10; 7, 32; d(66) a(72,38) r(34,99)
11; 7, 32; d(5)
12; 7; d(66) a(72,38)
13; 32; d(5) r(34,99)
14; 25, 47; a(71,63) r(5,54)
15; 25, 47; d(65) r(72,90)
16; 25; a(71,63) r(5,54)
17; 47; d(65) r(72,90)
18; 3; r(6,58) r(66,63)
19; 36; d(66) r(69,62)
20; 43; d(71) d(66)
21; 42; d(6) d(74)
22; 61, 50; r(6,67) r(67,34)
23; 61, 50; a(74,69) r(67,73)
24; 61; r(6,67) r(67,73)
25; 50; a(74,69) r(67,34)
26; 65, 28; r(69,62) a(73,55)
27; 65, 28; d(65) r(5,47)
28; 65; r(69,62) a(73,55)
29; 28; d(65) r(5,47)
30; 29, 44; d(66) d(5)
31; 29, 44; d(6) a(5,58)
32; 29; d(66) d(5)
33; 44; d(6) a(5,58)
34; 55, 18; d(66) d(65)
35; 55, 18; d(66) r(6,47)
36; 55; d(66) d(65)
37; 18; d(66) r(6,47)
38; 47, 14; d(65)
39; 47, 14; d(66) a(6,104) r(72,90)
40; 47; d(65) r(72,90)
41; 14; d(66) a(6,104)
42; 50, 14; a(74,69) r(67,34) a(6,104)
43; 50, 14; d(66)
44; 50; a(74,69) r(67,34)
45; 14; d(66) a(6,104)
46; 54, 47; d(65) r(72,90)
47; 54, 47; d(65) d(6)
48; 54; d(65) d(6)
49; 47; d(65) r(72,90)
50; 24; d(66) r(34,46)
51; 47; d(65) r(72,90)
52; 42; d(6) d(74)
53; 2; a(5,99) a(35,56)
54; 31, 49; d(66) a(29,58)
55; 31, 49; d(65) r(69,74)
56; 31; d(66) a(29,58)
57; 49; d(65) r(69,74)
58; 17, 54; a(5,99)
59; 17, 54; d(65) d(6) d(64)
60; 17; a(5,99) d(64)
61; 54; d(65) d(6)
62; 19, 32; a(5,99) r(34,99)
63; 19, 32; d(5) d(69)
64; 19; a(5,99) d(69)
65; 32; d(5) r(34,99)
66; 5, 44; d(66) r(34,50) a(5,58)
67; 5, 44; d(6)
68; 5; d(66) r(34,50)
69; 44; d(6) a(5,58)
--------------------------------------------------------------------------------
Mutation

0; d(66) r(69,62) d(72)
1; a(73,62) r(29,49) r(74,90)
2; d(66) r(69,62) d(29)
3; a(73,62) r(29,49) a(6,5)
4; d(66) d(74)
5; d(66) r(6,47) r(69,62) d(65)
6; d(66) r(69,62) r(73,52)
7; d(66) r(6,47) a(69,52)
8; d(6) d(69) r(34,99)
9; d(66) r(34,46) a(72,45)
10; d(66) a(72,38) r(34,99) d(65)
11; d(5) a(29,56)
12; d(66) a(72,38) r(73,50)
13; d(5) r(34,99) r(65,38)
14; a(71,63) r(5,54) r(69,72)
15; d(65) r(72,90) a(67,73)
16; a(71,63) r(5,54) a(74,50)
17; d(65) r(72,90) d(74)
18; r(6,58) r(66,63) r(71,62)
19; d(66) r(69,62) d(72)
20; d(71) d(66) a(35,47)
21; d(6) d(74) d(71)
22; r(6,67) r(67,34) r(34,51)
23; a(74,69) r(67,73) r(69,73)
24; r(6,67) r(67,73) d(5)
25; a(74,69) r(67,34) a(69,40)
26; r(69,62) a(73,55) r(73,72)
27; d(65) r(5,47) d(74)
28; r(69,62) a(73,55) d(6)
29; d(65) r(5,47) r(64,55)
30; d(66) d(5) a(34,39)
31; d(6) a(5,58) d(74)
32; d(66) d(5) d(29)
33; d(6) a(5,58) r(35,51)
34; d(66) d(65) d(5)
35; d(66) r(6,47) d(5)
36; d(66) d(65) a(29,41)
37; d(66) r(6,47) r(5,88)
38; d(65) d(69)
39; d(66) a(6,104) r(72,90) r(71,55)
40; d(65) r(72,90) d(74)
41; d(66) a(6,104) d(6)
42; a(74,69) r(67,34) a(6,104) a(69,38)
43; d(66) d(74)
44; a(74,69) r(67,34) a(34,63)
45; d(66) a(6,104) a(5,42)
46; d(65) r(72,90) r(73,90)
47; d(65) d(6) r(35,37)
48; d(65) d(6) a(35,51)
49; d(65) r(72,90) d(34)
50; d(66) r(34,46) d(64)
51; d(65) r(72,90) r(34,57)
52; d(6) d(74) a(69,56)
53; a(5,99) a(35,56) d(6)
54; d(66) a(29,58) r(72,40)
55; d(65) r(69,74) r(34,47)
56; d(66) a(29,58) a(73,72)
57; d(65) r(69,74) d(6)
58; a(5,99) a(66,65)
59; d(65) d(6) d(64) a(35,56)
60; a(5,99) d(64) r(35,42)
61; d(65) d(6) a(69,44)
62; a(5,99) r(34,99) d(66)
63; d(5) d(69) r(66,73)
64; a(5,99) d(69) r(67,57)
65; d(5) r(34,99) d(29)
66; d(66) r(34,50) a(5,58) d(69)
67; d(6) a(34,70)
68; d(66) r(34,50) a(71,76)
69; d(6) a(5,58) r(73,40)
--------------------------------------------------------------------------------
Evaluation

0; 0.
1; 15.
2; 0.
3; 5.
4; 15.
5; 0.
6; 0.
7; 0.
8; 0.
9; 3.
10; 0.
11; 15.
12; 15.
13; 0.
14; 0.
15; 0.
16; 5.
17; 0.
18; 0.
19; 0.
20; 3.
21; 0.
22; 0.
23; 5.
24; 4.
25; 5.
26; 0.
27; 0.
28; 0.
29; 0.
30; 3.
31; 0.
32; 3.
33; 0.
34; 0.
35; 3.
36; 0.
37; 3.
38; 0.
39; 0.
40; 0.
41; 15.
42; 5.
43; 15.
44; 5.
45; 3.
46; 0.
47; 0.
48; 0.
49; 0.
50; 0.
51; 0.
52; 0.
53; 0.
54; 15.
55; 0.
56; 3.
57; 0.
58; 5.
59; 0.
60; 15.
61; 0.
62; 3.
63; 0.
64; 0.
65; 5.
66; 0.
67; 0.
68; 15.
69; 0.
================================================================================
Generation 3

--------------------------------------------------------------------------------
Selection

0; 40
1; 67
2; 61
3; 31
4; 57
5; 2
6; 15
7; 15
8; 65
9; 38
10; 53
11; 2
12; 47
13; 34
14; 40
15; 46
16; 59
17; 50
18; 5
19; 69
20; 59
21; 0
22; 5
23; 7
24; 35
25; 61
26; 57
27; 24
28; 64
29; 58
30; 2
31; 5
32; 13
33; 38
34; 63
35; 26
36; 25
37; 28
38; 20
39; 29
--------------------------------------------------------------------------------
Crossover

0; 15, 0; d(65) r(72,90) a(67,73) r(69,62) d(72)
1; 15, 0; d(66)
2; 15; d(65) r(72,90) a(67,73)
3; 0; d(66) r(69,62) d(72)
4; 20, 57; d(71) d(66) d(6)
5; 20, 57; d(65) r(69,74) a(35,47)
6; 20; d(71) d(66) a(35,47)
7; 57; d(65) r(69,74) d(6)
8; 5, 28; d(66) r(6,47) r(69,62)
9; 5, 28; r(69,62) a(73,55) d(6) d(65)
10; 5; d(66) r(6,47) r(69,62) d(65)
11; 28; r(69,62) a(73,55) d(6)
12; 2; d(66) r(69,62) d(29)
13; 67; d(6) a(34,70)
14; 5; d(66) r(6,47) r(69,62) d(65)
15; 61; d(65) d(6) a(69,44)
16; 47; d(65) d(6) r(35,37)
17; 69; d(6) a(5,58) r(73,40)
18; 15, 25; d(65) r(67,34) a(69,40)
19; 15, 25; a(74,69) r(72,90) a(67,73)
20; 15; d(65) r(72,90) a(67,73)
21; 25; a(74,69) r(67,34) a(69,40)
22; 64, 63; a(5,99) r(66,73)
23; 64, 63; d(5) d(69) d(69) r(67,57)
24; 64; a(5,99) d(69) r(67,57)
25; 63; d(5) d(69) r(66,73)
26; 2, 65; d(66)
27; 2, 65; d(5) r(34,99) d(29) r(69,62) d(29)
28; 2; d(66) r(69,62) d(29)
29; 65; d(5) r(34,99) d(29)
30; 26, 38; r(69,62) d(69)
31; 26, 38; d(65) a(73,55) r(73,72)
32; 26; r(69,62) a(73,55) r(73,72)
33; 38; d(65) d(69)
34; 24, 53; r(6,67) r(67,73) a(35,56) d(6)
35; 24, 53; a(5,99) d(5)
36; 24; r(6,67) r(67,73) d(5)
37; 53; a(5,99) a(35,56) d(6)
38; 40, 46; d(65) r(72,90) d(74) r(73,90)
39; 40, 46; d(65) r(72,90)
40; 40; d(65) r(72,90) d(74)
41; 46; d(65) r(72,90) r(73,90)
42; 35; d(66) r(6,47) d(5)
43; 31; d(6) a(5,58) d(74)
44; 50; d(66) r(34,46) d(64)
45; 61; d(65) d(6) a(69,44)
46; 2, 29; d(66) r(69,62)
47; 2, 29; d(65) r(5,47) r(64,55) d(29)
48; 2; d(66) r(69,62) d(29)
49; 29; d(65) r(5,47) r(64,55)
50; 40, 34; d(65) r(72,90) d(74)
51; 40, 34; d(66) d(65) d(5)
52; 40; d(65) r(72,90) d(74)
53; 34; d(66) d(65) d(5)
54; 57; d(65) r(69,74) d(6)
55; 59; d(65) d(6) d(64) a(35,56)
56; 13, 59; d(5) r(34,99) r(65,38) a(35,56)
57; 13, 59; d(65) d(6) d(64)
58; 13; d(5) r(34,99) r(65,38)
59; 59; d(65) d(6) d(64) a(35,56)
60; 5; d(66) r(6,47) r(69,62) d(65)
61; 7; d(66) r(6,47) a(69,52)
62; 58, 38; a(5,99) d(69)
63; 58, 38; d(65) a(66,65)
64; 58; a(5,99) a(66,65)
65; 38; d(65) d(69)
--------------------------------------------------------------------------------
Mutation

0; d(65) r(72,90) a(67,73) r(69,62) d(72) a(67,52)
1; d(66) r(35,36)
2; d(65) r(72,90) a(67,73) d(69)
3; d(66) r(69,62) d(72) a(65,72)
4; d(71) d(66) d(6) a(74,91)
5; d(65) r(69,74) a(35,47) d(73)
6; d(71) d(66) a(35,47) a(72,104)
7; d(65) r(69,74) d(6) a(35,63)
8; d(66) r(6,47) r(69,62) a(29,39)
9; r(69,62) a(73,55) d(6) d(65) r(64,90)
10; d(66) r(6,47) r(69,62) d(65) a(35,91)
11; r(69,62) a(73,55) d(6) r(74,69)
12; d(66) r(69,62) d(29) r(65,88)
13; d(6) a(34,70) r(64,88)
14; d(66) r(6,47) r(69,62) d(65) d(72)
15; d(65) d(6) a(69,44) r(35,54)
16; d(65) d(6) r(35,37) d(73)
17; d(6) a(5,58) r(73,40) r(71,74)
18; d(65) r(67,34) a(69,40) d(69)
19; a(74,69) r(72,90) a(67,73) a(66,72)
20; d(65) r(72,90) a(67,73) d(67)
21; a(74,69) r(67,34) a(69,40) a(72,90)
22; a(5,99) r(66,73) r(71,69)
23; d(5) d(69) d(69) r(67,57) r(64,71)
24; a(5,99) d(69) r(67,57) a(72,105)
25; d(5) d(69) r(66,73) r(74,99)
26; d(66) d(65)
27; d(5) r(34,99) d(29) r(69,62) d(29) d(73)
28; d(66) r(69,62) d(29) r(72,43)
29; d(5) r(34,99) d(29) r(71,73)
30; r(69,62) d(69) d(67)
31; d(65) a(73,55) r(73,72) a(67,37)
32; r(69,62) a(73,55) r(73,72) d(34)
33; d(65) d(69) a(29,105)
34; r(6,67) r(67,73) a(35,56) d(6) r(72,49)
35; a(5,99) d(5) r(64,104)
36; r(6,67) r(67,73) d(5) a(73,50)
37; a(5,99) a(35,56) d(6) r(69,38)
38; d(65) r(72,90) d(74) r(73,90) a(35,67)
39; d(65) r(72,90) d(6)
40; d(65) r(72,90) d(74) r(67,38)
41; d(65) r(72,90) r(73,90) r(67,64)
42; d(66) r(6,47) d(5) d(64)
43; d(6) a(5,58) d(74) d(71)
44; d(66) r(34,46) d(64) a(35,38)
45; d(65) d(6) a(69,44) d(66)
46; d(66) r(69,62) a(65,74)
47; d(65) r(5,47) r(64,55) d(29) r(35,99)
48; d(66) r(69,62) d(29) a(65,104)
49; d(65) r(5,47) r(64,55) d(34)
50; d(65) r(72,90) d(74) r(6,49)
51; d(66) d(65) d(5) a(73,73)
52; d(65) r(72,90) d(74) d(5)
53; d(66) d(65) d(5) d(34)
54; d(65) r(69,74) d(6) d(35)
55; d(65) d(6) d(64) a(35,56) d(29)
56; d(5) r(34,99) r(65,38) a(35,56) a(72,65)
57; d(65) d(6) d(64) d(34)
58; d(5) r(34,99) r(65,38) a(69,91)
59; d(65) d(6) d(64) a(35,56) r(5,49)
60; d(66) r(6,47) r(69,62) d(65) r(5,56)
61; d(66) r(6,47) a(69,52) r(64,56)
62; a(5,99) d(69) r(66,34)
63; d(65) a(66,65) r(35,55)
64; a(5,99) a(66,65) a(5,40)
65; d(65) d(69) r(6,35)
--------------------------------------------------------------------------------
Evaluation

0; 0.
1; 15.
2; 0.
3; 0.
4; 0.
5; 0.
6; 15.
7; 0.
8; 0.
9; 0.
10; 0.
11; 0.
12; 0.
13; 0.
14; 0.
15; 0.
16; 0.
17; 0.
18; 0.
19; 4.
20; 0.
21; 5.
22; 3.
23; 0.
24; 0.
25; 0.
26; 0.
27; 0.
28; 0.
29; 4.
30; 0.
31; 15.
32; 0.
33; 0.
34; 0.
35; 0.
36; 4.
37; 0.
38; 0.
39; 0.
40; 0.
41; 4.
42; 0.
43; 0.
44; 0.
45; 0.
46; 0.
47; 0.
48; 0.
49; 0.
50; 0.
51; 0.
52; 0.
53; 0.
54; 0.
55; 0.
56; 5.
57; 0.
58; 0.
59; 15.
60; 15.
61; 0.
62; 0.
63; 15.
64; 5.
65; 0.
================================================================================
Generation 4

--------------------------------------------------------------------------------
Selection

0; 22
1; 55
2; 53
3; 0
4; 22
5; 11
6; 54
7; 2
8; 53
9; 38
10; 27
11; 20
12; 64
13; 62
14; 45
15; 26
16; 57
17; 29
18; 47
19; 26
20; 57
21; 5
22; 3
23; 11
24; 28
25; 53
26; 11
27; 26
28; 10
29; 13
30; 25
31; 62
32; 57
33; 21
34; 39
35; 16
36; 31
37; 8
38; 54
39; 24
--------------------------------------------------------------------------------
Crossover

0; 55; d(65) d(6) d(64) a(35,56) d(29)
1; 53; d(66) d(65) d(5) d(34)
2; 47, 39; d(65) r(5,47) r(64,55) d(29) d(6)
3; 47, 39; d(65) r(72,90) r(35,99)
4; 47; d(65) r(5,47) r(64,55) d(29) r(35,99)
5; 39; d(65) r(72,90) d(6)
6; 57; d(65) d(6) d(64) d(34)
7; 11; r(69,62) a(73,55) d(6) r(74,69)
8; 64, 53; a(5,99) a(66,65) a(5,40)
9; 64, 53; d(66) d(65) d(5) d(34)
10; 64; a(5,99) a(66,65) a(5,40)
11; 53; d(66) d(65) d(5) d(34)
12; 27; d(5) r(34,99) d(29) r(69,62) d(29) d(73)
13; 11; r(69,62) a(73,55) d(6) r(74,69)
14; 8, 11; d(66) r(74,69)
15; 8, 11; r(69,62) a(73,55) d(6) r(6,47) r(69,62) a(29,39)
16; 8; d(66) r(6,47) r(69,62) a(29,39)
17; 11; r(69,62) a(73,55) d(6) r(74,69)
18; 22; a(5,99) r(66,73) r(71,69)
19; 54; d(65) r(69,74) d(6) d(35)
20; 26, 62; d(66) d(65) d(69) r(66,34)
21; 26, 62; a(5,99)
22; 26; d(66) d(65)
23; 62; a(5,99) d(69) r(66,34)
24; 13, 26; d(6) d(65)
25; 13, 26; d(66) a(34,70) r(64,88)
26; 13; d(6) a(34,70) r(64,88)
27; 26; d(66) d(65)
28; 28, 5; d(66) r(69,62) d(29)
29; 28, 5; d(65) r(69,74) a(35,47) d(73) r(72,43)
30; 28; d(66) r(69,62) d(29) r(72,43)
31; 5; d(65) r(69,74) a(35,47) d(73)
32; 54; d(65) r(69,74) d(6) d(35)
33; 29; d(5) r(34,99) d(29) r(71,73)
34; 57, 3; d(65) d(72) a(65,72)
35; 57, 3; d(66) r(69,62) d(6) d(64) d(34)
36; 57; d(65) d(6) d(64) d(34)
37; 3; d(66) r(69,62) d(72) a(65,72)
38; 57; d(65) d(6) d(64) d(34)
39; 53; d(66) d(65) d(5) d(34)
40; 10; d(66) r(6,47) r(69,62) d(65) a(35,91)
41; 25; d(5) d(69) r(66,73) r(74,99)
42; 38; d(65) r(72,90) d(74) r(73,90) a(35,67)
43; 24; a(5,99) d(69) r(67,57) a(72,105)
44; 31; d(65) a(73,55) r(73,72) a(67,37)
45; 0; d(65) r(72,90) a(67,73) r(69,62) d(72) a(67,52)
46; 20; d(65) r(72,90) a(67,73) d(67)
47; 62; a(5,99) d(69) r(66,34)
48; 26, 45; d(66) d(65) d(6) a(69,44) d(66)
49; 26, 45; d(65)
50; 26; d(66) d(65)
51; 45; d(65) d(6) a(69,44) d(66)
52; 22; a(5,99) r(66,73) r(71,69)
53; 2; d(65) r(72,90) a(67,73) d(69)
54; 16; d(65) d(6) r(35,37) d(73)
55; 21; a(74,69) r(67,34) a(69,40) a(72,90)
--------------------------------------------------------------------------------
Mutation

0; d(65) d(6) d(64) a(35,56) d(29) a(35,43)
1; d(66) d(65) d(5) d(34) r(69,45)
2; d(65) r(5,47) r(64,55) d(29) d(6) a(35,44)
3; d(65) r(72,90) r(35,99) r(34,51)
4; d(65) r(5,47) r(64,55) d(29) r(35,99)
5; d(65) r(72,90) d(6) r(29,51)
6; d(65) d(6) d(64) d(34) d(35)
7; r(69,62) a(73,55) d(6) r(74,69) r(72,74)
8; a(5,99) a(66,65) a(5,40) d(29)
9; d(66) d(65) d(5) d(34) d(73)
10; a(5,99) a(66,65) a(5,40) d(5)
11; d(66) d(65) d(5) d(34) d(73)
12; d(5) r(34,99) d(29) r(69,62) d(29) d(73) r(74,90)
13; r(69,62) a(73,55) d(6) r(74,69) d(73)
14; d(66) r(74,69) a(35,38)
15; r(69,62) a(73,55) d(6) r(6,47) r(69,62) a(29,39) r(64,69)
16; d(66) r(6,47) r(69,62) a(29,39) a(65,52)
17; r(69,62) a(73,55) d(6) r(74,69) d(35)
18; a(5,99) r(66,73) r(71,69) d(74)
19; d(65) r(69,74) d(6) d(35) r(34,90)
20; d(66) d(65) d(69) r(66,34) a(29,37)
21; a(5,99) r(66,43)
22; d(66) d(65) a(5,51)
23; a(5,99) d(69) r(66,34) d(72)
24; d(6) d(65) a(5,51)
25; d(66) a(34,70) r(64,88) d(29)
26; d(6) a(34,70) r(64,88) d(34)
27; d(66) d(65) r(64,57)
28; d(66) r(69,62) d(29) d(6)
29; d(65) r(69,74) a(35,47) d(73) r(72,43) a(67,88)
30; d(66) r(69,62) d(29) r(72,43) d(74)
31; d(65) r(69,74) a(35,47) d(73) d(5)
32; d(65) r(69,74) d(6) d(35) d(74)
33; d(5) r(34,99) d(29) r(71,73) r(35,39)
34; d(65) d(72) a(65,72) a(66,70)
35; d(66) r(69,62) d(6) d(64) d(34) a(29,45)
36; d(65) d(6) d(64) d(34) r(29,40)
37; d(66) r(69,62) d(72) a(65,72) d(6)
38; d(65) d(6) d(64) d(34) r(35,40)
39; d(66) d(65) d(5) d(34) a(35,44)
40; d(66) r(6,47) r(69,62) d(65) a(35,91) a(29,67)
41; d(5) d(69) r(66,73) r(74,99) a(65,56)
42; d(65) r(72,90) d(74) r(73,90) a(35,67) d(69)
43; a(5,99) d(69) r(67,57) a(72,105) r(34,70)
44; d(65) a(73,55) r(73,72) a(67,37) r(5,36)
45; d(65) r(72,90) a(67,73) r(69,62) d(72) a(67,52) d(66)
46; d(65) r(72,90) a(67,73) d(67) a(64,43)
47; a(5,99) d(69) r(66,34) d(73)
48; d(66) d(65) d(6) a(69,44) d(66) d(29)
49; d(65) r(74,67)
50; d(66) d(65) a(69,65)
51; d(65) d(6) a(69,44) d(66) d(29)
52; a(5,99) r(66,73) r(71,69) d(64)
53; d(65) r(72,90) a(67,73) d(69) d(74)
54; d(65) d(6) r(35,37) d(73) d(71)
55; a(74,69) r(67,34) a(69,40) a(72,90) a(69,72)
--------------------------------------------------------------------------------
Evaluation

0; 0.
1; 0.
2; 0.
3; 0.
4; 0.
5; 0.
6; 0.
7; 0.
8; 5.
9; 0.
10; 5.
11; 0.
12; 0.
13; 0.
14; 15.
15; 0.
16; 0.
17; 0.
18; 15.
19; 0.
20; 15.
21; 3.
22; 0.
23; 0.
24; 0.
25; 0.
26; 0.
27; 0.
28; 0.
29; 0.
30; 0.
31; 0.
32; 0.
33; 4.
34; 15.
35; 0.
36; 0.
37; 0.
38; 0.
39; 0.
40; 0.
41; 15.
42; 0.
43; 0.
44; 15.
45; 0.
46; 0.
47; 0.
48; 0.
49; 0.
50; 3.
51; 0.
52; 0.
53; 0.
54; 0.
55; 5.
================================================================================
Generation 5

--------------------------------------------------------------------------------
Selection

0; 4
1; 0
2; 26
3; 1
4; 47
5; 11
6; 17
7; 31
8; 33
9; 53
10; 42
11; 36
12; 29
13; 27
14; 46
15; 31
16; 32
17; 55
18; 30
19; 17
20; 19
21; 9
22; 45
23; 49
24; 25
25; 19
26; 31
27; 28
28; 51
29; 17
30; 35
31; 13
32; 29
33; 19
34; 45
35; 46
36; 28
37; 47
38; 45
39; 6
--------------------------------------------------------------------------------
Crossover

0; 6, 35; d(65) d(6) d(64) d(34)
1; 6, 35; d(66) r(69,62) d(6) d(64) d(34) a(29,45) d(35)
2; 6; d(65) d(6) d(64) d(34) d(35)
3; 35; d(66) r(69,62) d(6) d(64) d(34) a(29,45)
4; 1; d(66) d(65) d(5) d(34) r(69,45)
5; 31; d(65) r(69,74) a(35,47) d(73) d(5)
6; 45; d(65) r(72,90) a(67,73) r(69,62) d(72) a(67,52) d(66)
7; 25; d(66) a(34,70) r(64,88) d(29)
8; 17; r(69,62) a(73,55) d(6) r(74,69) d(35)
9; 36; d(65) d(6) d(64) d(34) r(29,40)
10; 19, 0; d(65) r(69,74) d(6) d(35) a(35,43)
11; 19, 0; d(65) d(6) d(64) a(35,56) d(29) r(34,90)
12; 19; d(65) r(69,74) d(6) d(35) r(34,90)
13; 0; d(65) d(6) d(64) a(35,56) d(29) a(35,43)
14; 29, 17; d(65) r(69,74) r(74,69) d(35)
15; 29, 17; r(69,62) a(73,55) d(6) a(35,47) d(73) r(72,43) a(67,88)
16; 29; d(65) r(69,74) a(35,47) d(73) r(72,43) a(67,88)
17; 17; r(69,62) a(73,55) d(6) r(74,69) d(35)
18; 33; d(5) r(34,99) d(29) r(71,73) r(35,39)
19; 13; r(69,62) a(73,55) d(6) r(74,69) d(73)
20; 30, 53; d(66) r(69,62) r(72,90) a(67,73) d(69) d(74)
21; 30, 53; d(65) d(29) r(72,43) d(74)
22; 30; d(66) r(69,62) d(29) r(72,43) d(74)
23; 53; d(65) r(72,90) a(67,73) d(69) d(74)
24; 28; d(66) r(69,62) d(29) d(6)
25; 17; r(69,62) a(73,55) d(6) r(74,69) d(35)
26; 45, 28; d(65) r(72,90) a(67,73) r(69,62)
27; 45, 28; d(66) r(69,62) d(29) d(6) d(72) a(67,52) d(66)
28; 45; d(65) r(72,90) a(67,73) r(69,62) d(72) a(67,52) d(66)
29; 28; d(66) r(69,62) d(29) d(6)
30; 45; d(65) r(72,90) a(67,73) r(69,62) d(72) a(67,52) d(66)
31; 47; a(5,99) d(69) r(66,34) d(73)
32; 27, 49; d(66) d(65) r(74,67)
33; 27, 49; d(65) r(64,57)
34; 27; d(66) d(65) r(64,57)
35; 49; d(65) r(74,67)
36; 19, 19; d(65) r(69,74) d(6) d(35) r(34,90) r(34,90)
37; 19, 19; d(65) r(69,74) d(6) d(35)
38; 19; d(65) r(69,74) d(6) d(35) r(34,90)
39; 19; d(65) r(69,74) d(6) d(35) r(34,90)
40; 4, 32; d(65)
41; 4, 32; d(65) r(69,74) d(6) d(35) d(74) r(5,47) r(64,55) d(29) r(35,99)
42; 4; d(65) r(5,47) r(64,55) d(29) r(35,99)
43; 32; d(65) r(69,74) d(6) d(35) d(74)
44; 47, 29; a(5,99) a(67,88)
45; 47, 29; d(65) r(69,74) a(35,47) d(73) r(72,43) d(69) r(66,34) d(73)
46; 47; a(5,99) d(69) r(66,34) d(73)
47; 29; d(65) r(69,74) a(35,47) d(73) r(72,43) a(67,88)
48; 9; d(66) d(65) d(5) d(34) d(73)
49; 46; d(65) r(72,90) a(67,73) d(67) a(64,43)
50; 42, 31; d(65) r(72,90) d(74)
51; 42, 31; d(65) r(69,74) a(35,47) d(73) d(5) r(73,90) a(35,67) d(69)
52; 42; d(65) r(72,90) d(74) r(73,90) a(35,67) d(69)
53; 31; d(65) r(69,74) a(35,47) d(73) d(5)
54; 46, 31; d(65) a(35,47) d(73) d(5)
55; 46, 31; d(65) r(69,74) r(72,90) a(67,73) d(67) a(64,43)
56; 46; d(65) r(72,90) a(67,73) d(67) a(64,43)
57; 31; d(65) r(69,74) a(35,47) d(73) d(5)
58; 11; d(66) d(65) d(5) d(34) d(73)
59; 51; d(65) d(6) a(69,44) d(66) d(29)
60; 55, 26; a(74,69) r(67,34) a(69,40) a(72,90) a(69,72) d(34)
61; 55, 26; d(6) a(34,70) r(64,88)
62; 55; a(74,69) r(67,34) a(69,40) a(72,90) a(69,72)
63; 26; d(6) a(34,70) r(64,88) d(34)
--------------------------------------------------------------------------------
Mutation

0; d(65) d(6) d(64) d(34) d(35)
1; d(66) r(69,62) d(6) d(64) d(34) a(29,45) d(35) d(29)
2; d(65) d(6) d(64) d(34) d(35) r(29,53)
3; d(66) r(69,62) d(6) d(64) d(34) a(29,45) d(5)
4; d(66) d(65) d(5) d(34) r(69,45) d(73)
5; d(65) r(69,74) a(35,47) d(73) d(5) d(66)
6; d(65) r(72,90) a(67,73) r(69,62) d(72) a(67,52) d(66) d(73)
7; d(66) a(34,70) r(64,88) d(29) d(5)
8; r(69,62) a(73,55) d(6) r(74,69) d(35) r(29,36)
9; d(65) d(6) d(64) d(34) r(29,40) r(35,99)
10; d(65) r(69,74) d(6) d(35) a(35,43) d(34)
11; d(65) d(6) d(64) a(35,56) d(29) r(34,90) a(35,52)
12; d(65) r(69,74) d(6) d(35) r(34,90) a(67,37)
13; d(65) d(6) d(64) a(35,56) d(29) a(35,43) a(35,35)
14; d(65) r(69,74) r(74,69) d(35) a(29,46)
15; r(69,62) a(73,55) d(6) a(35,47) d(73) r(72,43) a(67,88) a(66,99)
16; d(65) r(69,74) a(35,47) d(73) r(72,43) a(67,88) r(6,36)
17; r(69,62) a(73,55) d(6) r(74,69) d(35) a(34,52)
18; d(5) r(34,99) d(29) r(71,73) r(35,39) d(74)
19; r(69,62) a(73,55) d(6) r(74,69) d(73) r(34,47)
20; d(66) r(69,62) r(72,90) a(67,73) d(69) d(74) d(34)
21; d(65) d(29) r(72,43) d(74) a(73,66)
22; d(66) r(69,62) d(29) r(72,43) d(74) r(35,99)
23; d(65) r(72,90) a(67,73) d(69) d(74) a(66,66)
24; d(66) r(69,62) d(29) d(6) r(65,43)
25; r(69,62) a(73,55) d(6) r(74,69) d(35) r(67,62)
26; d(65) r(72,90) a(67,73) r(69,62) a(64,55)
27; d(66) r(69,62) d(29) d(6) d(72) a(67,52) d(66) a(65,91)
28; d(65) r(72,90) a(67,73) r(69,62) d(72) a(67,52) d(66) d(73)
29; d(66) r(69,62) d(29) d(6) r(73,69)
30; d(65) r(72,90) a(67,73) r(69,62) d(72) a(67,52) d(66) a(6,67)
31; a(5,99) d(69) r(66,34) d(73) d(34)
32; d(66) d(65) r(74,67) d(69)
33; d(65) r(64,57) a(5,105)
34; d(66) d(65) r(64,57) a(5,53)
35; d(65) r(74,67) r(29,34)
36; d(65) r(69,74) d(6) d(35) r(34,90) r(34,90) d(72)
37; d(65) r(69,74) d(6) d(35) d(29)
38; d(65) r(69,74) d(6) d(35) r(34,90) a(72,63)
39; d(65) r(69,74) d(6) d(35) r(34,90) r(66,105)
40; d(65) a(64,105)
41; d(65) r(69,74) d(6) d(35) d(74) r(5,47) r(64,55) d(29) r(35,99)
42; d(65) r(5,47) r(64,55) d(29) r(35,99)
43; d(65) r(69,74) d(6) d(35) d(74) a(72,34)
44; a(5,99) a(67,88) a(74,69)
45; d(65) r(69,74) a(35,47) d(73) r(72,43) d(69) r(66,34) d(73) r(29,39)
46; a(5,99) d(69) r(66,34) d(73) a(5,50)
47; d(65) r(69,74) a(35,47) d(73) r(72,43) a(67,88) d(6)
48; d(66) d(65) d(5) d(34) d(73) r(64,73)
49; d(65) r(72,90) a(67,73) d(67) a(64,43) r(71,73)
50; d(65) r(72,90) d(74) d(73)
51; d(65) r(69,74) a(35,47) d(73) d(5) r(73,90) a(35,67) d(69) d(74)
52; d(65) r(72,90) d(74) r(73,90) a(35,67) d(69) d(66)
53; d(65) r(69,74) a(35,47) d(73) d(5) d(67)
54; d(65) a(35,47) d(73) d(5) r(29,40)
55; d(65) r(69,74) r(72,90) a(67,73) d(67) a(64,43) r(6,42)
56; d(65) r(72,90) a(67,73) d(67) a(64,43) r(71,37)
57; d(65) r(69,74) a(35,47) d(73) d(5) a(72,56)
58; d(66) d(65) d(5) d(34) d(73) r(72,99)
59; d(65) d(6) a(69,44) d(66) d(29) d(5)
60; a(74,69) r(67,34) a(69,40) a(72,90) a(69,72) d(34) d(69)
61; d(6) a(34,70) r(64,88) d(34)
62; a(74,69) r(67,34) a(69,40) a(72,90) a(69,72) a(5,37)
63; d(6) a(34,70) r(64,88) d(34) d(5)
--------------------------------------------------------------------------------
Evaluation

0; 0.
1; 0.
2; 0.
3; 0.
4; 0.
5; 0.
6; 0.
7; 0.
8; 0.
9; 0.
10; 0.
11; 0.
12; 0.
13; 0.
14; 0.
15; 0.
16; 15.
17; 0.
18; 15.
19; 0.
20; 0.
21; 0.
22; 0.
23; 0.
24; 0.
25; 0.
26; 0.
27; 0.
28; 0.
29; 0.
30; 0.
31; 0.
32; 0.
33; 0.
34; 0.
35; 0.
36; 0.
37; 0.
38; 0.
39; 0.
40; 0.
41; 0.
42; 0.
43; 0.
44; 5.
45; 0.
46; 0.
47; 0.
48; 0.
49; 0.
50; 0.
51; 0.
52; 0.
53; 0.
54; 0.
55; 15.
56; 15.
57; 15.
58; 0.
59; 15.
60; 5.
61; 0.
62; 15.
63; 0.
================================================================================
Generation 6

--------------------------------------------------------------------------------
Selection

0; 31
1; 8
2; 7
3; 19
4; 11
5; 53
6; 17
7; 12
8; 17
9; 14
10; 46
11; 45
12; 26
13; 53
14; 24
15; 63
16; 32
17; 43
18; 35
19; 58
20; 37
21; 9
22; 34
23; 53
24; 61
25; 2
26; 63
27; 14
28; 39
29; 25
30; 21
31; 13
32; 52
33; 20
34; 54
35; 37
36; 26
37; 21
38; 15
39; 13
--------------------------------------------------------------------------------
Crossover

0; 14, 11; d(65) r(69,74) r(74,69) r(34,90) a(35,52)
1; 14, 11; d(65) d(6) d(64) a(35,56) d(29) d(35) a(29,46)
2; 14; d(65) r(69,74) r(74,69) d(35) a(29,46)
3; 11; d(65) d(6) d(64) a(35,56) d(29) r(34,90) a(35,52)
4; 39, 8; d(65) r(69,74) d(6) d(35) d(6) r(74,69) d(35) r(29,36)
5; 39, 8; r(69,62) a(73,55) r(34,90) r(66,105)
6; 39; d(65) r(69,74) d(6) d(35) r(34,90) r(66,105)
7; 8; r(69,62) a(73,55) d(6) r(74,69) d(35) r(29,36)
8; 58, 61; d(66) d(65) d(5) d(34) d(73) a(34,70) r(64,88) d(34)
9; 58, 61; d(6) r(72,99)
10; 58; d(66) d(65) d(5) d(34) d(73) r(72,99)
11; 61; d(6) a(34,70) r(64,88) d(34)
12; 13; d(65) d(6) d(64) a(35,56) d(29) a(35,43) a(35,35)
13; 52; d(65) r(72,90) d(74) r(73,90) a(35,67) d(69) d(66)
14; 46, 37; a(5,99) d(69) r(66,34) d(73) d(35) d(29)
15; 46, 37; d(65) r(69,74) d(6) a(5,50)
16; 46; a(5,99) d(69) r(66,34) d(73) a(5,50)
17; 37; d(65) r(69,74) d(6) d(35) d(29)
18; 17, 63; r(69,62) a(73,55) d(6) r(74,69) d(35) r(64,88) d(34) d(5)
19; 17, 63; d(6) a(34,70) a(34,52)
20; 17; r(69,62) a(73,55) d(6) r(74,69) d(35) a(34,52)
21; 63; d(6) a(34,70) r(64,88) d(34) d(5)
22; 25, 32; r(69,62) a(73,55) d(6) r(74,69) d(35)
23; 25, 32; d(66) d(65) r(74,67) d(69) r(67,62)
24; 25; r(69,62) a(73,55) d(6) r(74,69) d(35) r(67,62)
25; 32; d(66) d(65) r(74,67) d(69)
26; 35, 12; d(65) r(74,67) r(34,90) a(67,37)
27; 35, 12; d(65) r(69,74) d(6) d(35) r(29,34)
28; 35; d(65) r(74,67) r(29,34)
29; 12; d(65) r(69,74) d(6) d(35) r(34,90) a(67,37)
30; 31, 53; a(5,99) r(69,74) a(35,47) d(73) d(5) d(67)
31; 31, 53; d(65) d(69) r(66,34) d(73) d(34)
32; 31; a(5,99) d(69) r(66,34) d(73) d(34)
33; 53; d(65) r(69,74) a(35,47) d(73) d(5) d(67)
34; 7; d(66) a(34,70) r(64,88) d(29) d(5)
35; 26; d(65) r(72,90) a(67,73) r(69,62) a(64,55)
36; 53, 43; d(65) d(6) d(35) d(74) a(72,34)
37; 53, 43; d(65) r(69,74) r(69,74) a(35,47) d(73) d(5) d(67)
38; 53; d(65) r(69,74) a(35,47) d(73) d(5) d(67)
39; 43; d(65) r(69,74) d(6) d(35) d(74) a(72,34)
40; 24; d(66) r(69,62) d(29) d(6) r(65,43)
41; 2; d(65) d(6) d(64) d(34) d(35) r(29,53)
42; 15; r(69,62) a(73,55) d(6) a(35,47) d(73) r(72,43) a(67,88) a(66,99)
43; 21; d(65) d(29) r(72,43) d(74) a(73,66)
44; 37, 13; d(65) r(69,74) d(6) a(35,43) a(35,35)
45; 37, 13; d(65) d(6) d(64) a(35,56) d(29) d(35) d(29)
46; 37; d(65) r(69,74) d(6) d(35) d(29)
47; 13; d(65) d(6) d(64) a(35,56) d(29) a(35,43) a(35,35)
48; 53; d(65) r(69,74) a(35,47) d(73) d(5) d(67)
49; 20; d(66) r(69,62) r(72,90) a(67,73) d(69) d(74) d(34)
50; 19, 34; r(69,62) a(73,55) d(6) r(64,57) a(5,53)
51; 19, 34; d(66) d(65) r(74,69) d(73) r(34,47)
52; 19; r(69,62) a(73,55) d(6) r(74,69) d(73) r(34,47)
53; 34; d(66) d(65) r(64,57) a(5,53)
54; 14, 45; d(65) r(69,74) d(69) r(66,34) d(73) r(29,39)
55; 14, 45; d(65) r(69,74) a(35,47) d(73) r(72,43) r(74,69) d(35) a(29,46)
56; 14; d(65) r(69,74) r(74,69) d(35) a(29,46)
57; 45; d(65) r(69,74) a(35,47) d(73) r(72,43) d(69) r(66,34) d(73) r(29,39)
58; 21, 17; d(65) d(29) r(72,43) d(74) a(73,55) d(6) r(74,69) d(35) a(34,52)
59; 21, 17; r(69,62) a(73,66)
60; 21; d(65) d(29) r(72,43) d(74) a(73,66)
61; 17; r(69,62) a(73,55) d(6) r(74,69) d(35) a(34,52)
62; 54; d(65) a(35,47) d(73) d(5) r(29,40)
63; 26; d(65) r(72,90) a(67,73) r(69,62) a(64,55)
64; 63; d(6) a(34,70) r(64,88) d(34) d(5)
65; 9; d(65) d(6) d(64) d(34) r(29,40) r(35,99)
--------------------------------------------------------------------------------
Mutation

0; d(65) r(69,74) r(74,69) r(34,90) a(35,52) d(64)
1; d(65) d(6) d(64) a(35,56) d(29) d(35) a(29,46) a(5,99)
2; d(65) r(69,74) r(74,69) d(35) a(29,46) a(67,62)
3; d(65) d(6) d(64) a(35,56) d(29) r(34,90) a(35,52) d(35)
4; d(65) r(69,74) d(6) d(35) d(6) r(74,69) d(35) r(29,36) r(67,44)
5; r(69,62) a(73,55) r(34,90) r(66,105) a(29,54)
6; d(65) r(69,74) d(6) d(35) r(34,90) r(66,105) d(74)
7; r(69,62) a(73,55) d(6) r(74,69) d(35) r(29,36) d(72)
8; d(66) d(65) d(5) d(34) d(73) a(34,70) r(64,88) d(34) d(29)
9; d(6) r(72,99) r(5,39)
10; d(66) d(65) d(5) d(34) d(73) r(72,99) r(71,90)
11; d(6) a(34,70) r(64,88) d(34) r(35,52)
12; d(65) d(6) d(64) a(35,56) d(29) a(35,43) a(35,35) a(5,42)
13; d(65) r(72,90) d(74) r(73,90) a(35,67) d(69) d(66) r(34,104)
14; a(5,99) d(69) r(66,34) d(73) d(35) d(29) d(74)
15; d(65) r(69,74) d(6) a(5,50) d(29)
16; a(5,99) d(69) r(66,34) d(73) a(5,50) a(29,58)
17; d(65) r(69,74) d(6) d(35) d(29) d(74)
18; r(69,62) a(73,55) d(6) r(74,69) d(35) r(64,88) d(34) d(5) d(29)
19; d(6) a(34,70) a(34,52) d(72)
20; r(69,62) a(73,55) d(6) r(74,69) d(35) a(34,52) d(73)
21; d(6) a(34,70) r(64,88) d(34) d(5) r(29,104)
22; r(69,62) a(73,55) d(6) r(74,69) d(35) a(73,49)
23; d(66) d(65) r(74,67) d(69) r(67,62) d(34)
24; r(69,62) a(73,55) d(6) r(74,69) d(35) r(67,62) d(64)
25; d(66) d(65) r(74,67) d(69) r(6,39)
26; d(65) r(74,67) r(34,90) a(67,37) d(5)
27; d(65) r(69,74) d(6) d(35) r(29,34) a(66,75)
28; d(65) r(74,67) r(29,34) r(73,37)
29; d(65) r(69,74) d(6) d(35) r(34,90) a(67,37) d(5)
30; a(5,99) r(69,74) a(35,47) d(73) d(5) d(67) d(35)
31; d(65) d(69) r(66,34) d(73) d(34) d(29)
32; a(5,99) d(69) r(66,34) d(73) d(34) a(6,90)
33; d(65) r(69,74) a(35,47) d(73) d(5) d(67) d(64)
34; d(66) a(34,70) r(64,88) d(29) d(5) d(35)
35; d(65) r(72,90) a(67,73) r(69,62) a(64,55) d(74)
36; d(65) d(6) d(35) d(74) a(72,34) r(71,49)
37; d(65) r(69,74) r(69,74) a(35,47) d(73) d(5) d(67) a(74,105)
38; d(65) r(69,74) a(35,47) d(73) d(5) d(67) a(72,50)
39; d(65) r(69,74) d(6) d(35) d(74) a(72,34) d(64)
40; d(66) r(69,62) d(29) d(6) r(65,43) r(72,67)
41; d(65) d(6) d(64) d(34) d(35) r(29,53) r(5,29)
42; r(69,62) a(73,55) d(6) a(35,47) d(73) r(72,43) a(67,88) a(66,99) d(35)
43; d(65) d(29) r(72,43) d(74) a(73,66) d(67)
44; d(65) r(69,74) d(6) a(35,43) a(35,35) d(5)
45; d(65) d(6) d(64) a(35,56) d(29) d(35) d(29) d(5)
46; d(65) r(69,74) d(6) d(35) d(29) r(5,37)
47; d(65) d(6) d(64) a(35,56) d(29) a(35,43) a(35,35) r(5,71)
48; d(65) r(69,74) a(35,47) d(73) d(5) d(67) r(66,40)
49; d(66) r(69,62) r(72,90) a(67,73) d(69) d(74) d(34) d(6)
50; r(69,62) a(73,55) d(6) r(64,57) a(5,53) d(35)
51; d(66) d(65) r(74,69) d(73) r(34,47) d(64)
52; r(69,62) a(73,55) d(6) r(74,69) d(73) r(34,47) a(29,52)
53; d(66) d(65) r(64,57) a(5,53) r(29,62)
54; d(65) r(69,74) d(69) r(66,34) d(73) r(29,39) r(5,90)
55; d(65) r(69,74) a(35,47) d(73) r(72,43) r(74,69) d(35) a(29,46) d(34)
56; d(65) r(69,74) r(74,69) d(35) a(29,46) r(72,44)
57; d(65) r(69,74) a(35,47) d(73) r(72,43) d(69) r(66,34) d(73) r(29,39) a(6,50)
58; d(65) d(29) r(72,43) d(74) a(73,55) d(6) r(74,69) d(35) a(34,52) d(73)
59; r(69,62) a(73,66) r(65,73)
60; d(65) d(29) r(72,43) d(74) a(73,66) a(64,72)
61; r(69,62) a(73,55) d(6) r(74,69) d(35) a(34,52) a(73,34)
62; d(65) a(35,47) d(73) d(5) r(29,40) a(67,74)
63; d(65) r(72,90) a(67,73) r(69,62) a(64,55) r(5,43)
64; d(6) a(34,70) r(64,88) d(34) d(5) r(35,49)
65; d(65) d(6) d(64) d(34) r(29,40) r(35,99) a(5,51)
--------------------------------------------------------------------------------
Evaluation

0; 0.
1; 0.
2; 0.
3; 0.
4; 0.
5; 15.
6; 0.
7; 0.
8; 0.
9; 0.
10; 0.
11; 0.
12; 0.
13; 15.
14; 0.
15; 0.
16; 0.
17; 0.
18; 0.
19; 0.
20; 0.
21; 15.
22; 0.
23; 0.
24; 0.
25; 0.
26; 15.
27; 0.
28; 15.
29; 15.
30; 0.
31; 0.
32; 0.
33; 0.
34; 0.
35; 0.
36; 0.
37; 0.
38; 0.
39; 0.
40; 0.
41; 15.
42; 0.
43; 0.
44; 0.
45; 15.
46; 15.
47; 15.
48; 0.
49; 0.
50; 0.
51; 0.
52; 0.
53; 0.
54; 0.
55; 15.
56; 15.
57; 0.
58; 0.
59; 0.
60; 0.
61; 0.
62; 0.
63; 0.
64; 0.
65; 0.
================================================================================
Generation 7

--------------------------------------------------------------------------------
Selection

0; 59
1; 63
2; 62
3; 39
4; 11
5; 50
6; 16
7; 10
8; 37
9; 3
10; 61
11; 14
12; 48
13; 20
14; 62
15; 0
16; 40
17; 30
18; 37
19; 8
20; 37
21; 3
22; 51
23; 1
24; 18
25; 4
26; 48
27; 12
28; 1
29; 19
30; 20
31; 23
32; 20
33; 18
34; 9
35; 23
36; 17
37; 54
38; 60
39; 54
--------------------------------------------------------------------------------
Crossover

0; 48, 3; d(65) r(69,74) a(35,47) d(35)
1; 48, 3; d(65) d(6) d(64) a(35,56) d(29) r(34,90) a(35,52) d(73) d(5) d(67) r(66,40)
2; 48; d(65) r(69,74) a(35,47) d(73) d(5) d(67) r(66,40)
3; 3; d(65) d(6) d(64) a(35,56) d(29) r(34,90) a(35,52) d(35)
4; 16, 37; a(5,99) d(69) r(66,34) d(73) a(5,50) d(73) d(5) d(67) a(74,105)
5; 16, 37; d(65) r(69,74) r(69,74) a(35,47) a(29,58)
6; 16; a(5,99) d(69) r(66,34) d(73) a(5,50) a(29,58)
7; 37; d(65) r(69,74) r(69,74) a(35,47) d(73) d(5) d(67) a(74,105)
8; 48; d(65) r(69,74) a(35,47) d(73) d(5) d(67) r(66,40)
9; 1; d(65) d(6) d(64) a(35,56) d(29) d(35) a(29,46) a(5,99)
10; 62; d(65) a(35,47) d(73) d(5) r(29,40) a(67,74)
11; 20; r(69,62) a(73,55) d(6) r(74,69) d(35) a(34,52) d(73)
12; 60; d(65) d(29) r(72,43) d(74) a(73,66) a(64,72)
13; 17; d(65) r(69,74) d(6) d(35) d(29) d(74)
14; 14, 54; a(5,99) d(69) r(66,34) d(73) d(35) d(29)
15; 14, 54; d(65) r(69,74) d(69) r(66,34) d(73) r(29,39) r(5,90) d(74)
16; 14; a(5,99) d(69) r(66,34) d(73) d(35) d(29) d(74)
17; 54; d(65) r(69,74) d(69) r(66,34) d(73) r(29,39) r(5,90)
18; 61, 30; r(69,62) d(67) d(35)
19; 61, 30; a(5,99) r(69,74) a(35,47) d(73) d(5) a(73,55) d(6) r(74,69) d(35) a(34,52) a(73,34)
20; 61; r(69,62) a(73,55) d(6) r(74,69) d(35) a(34,52) a(73,34)
21; 30; a(5,99) r(69,74) a(35,47) d(73) d(5) d(67) d(35)
22; 20, 3; r(69,62) a(73,55) d(6) r(74,69) d(35) a(34,52) d(73) d(6) d(64) a(35,56) d(29) r(34,90) a(35,52) d(35)
23; 20, 3; d(65)
24; 20; r(69,62) a(73,55) d(6) r(74,69) d(35) a(34,52) d(73)
25; 3; d(65) d(6) d(64) a(35,56) d(29) r(34,90) a(35,52) d(35)
26; 59, 20; r(69,62) a(73,66) a(73,55) d(6) r(74,69) d(35) a(34,52) d(73)
27; 59, 20; r(69,62) r(65,73)
28; 59; r(69,62) a(73,66) r(65,73)
29; 20; r(69,62) a(73,55) d(6) r(74,69) d(35) a(34,52) d(73)
30; 12; d(65) d(6) d(64) a(35,56) d(29) a(35,43) a(35,35) a(5,42)
31; 4; d(65) r(69,74) d(6) d(35) d(6) r(74,69) d(35) r(29,36) r(67,44)
32; 19; d(6) a(34,70) a(34,52) d(72)
33; 51; d(66) d(65) r(74,69) d(73) r(34,47) d(64)
34; 23, 10; d(66) d(65) r(74,67) d(69) r(67,62) d(65) d(5) d(34) d(73) r(72,99) r(71,90)
35; 23, 10; d(66) d(34)
36; 23; d(66) d(65) r(74,67) d(69) r(67,62) d(34)
37; 10; d(66) d(65) d(5) d(34) d(73) r(72,99) r(71,90)
38; 0, 63; d(65) r(69,74) r(69,62) a(64,55) r(5,43)
39; 0, 63; d(65) r(72,90) a(67,73) r(74,69) r(34,90) a(35,52) d(64)
40; 0; d(65) r(69,74) r(74,69) r(34,90) a(35,52) d(64)
41; 63; d(65) r(72,90) a(67,73) r(69,62) a(64,55) r(5,43)
42; 8; d(66) d(65) d(5) d(34) d(73) a(34,70) r(64,88) d(34) d(29)
43; 9; d(6) r(72,99) r(5,39)
44; 1; d(65) d(6) d(64) a(35,56) d(29) d(35) a(29,46) a(5,99)
45; 62; d(65) a(35,47) d(73) d(5) r(29,40) a(67,74)
46; 23; d(66) d(65) r(74,67) d(69) r(67,62) d(34)
47; 37; d(65) r(69,74) r(69,74) a(35,47) d(73) d(5) d(67) a(74,105)
48; 18; r(69,62) a(73,55) d(6) r(74,69) d(35) r(64,88) d(34) d(5) d(29)
49; 39; d(65) r(69,74) d(6) d(35) d(74) a(72,34) d(64)
50; 54; d(65) r(69,74) d(69) r(66,34) d(73) r(29,39) r(5,90)
51; 11; d(6) a(34,70) r(64,88) d(34) r(35,52)
52; 37, 40; d(65) r(69,74) r(69,74) a(35,47) d(73) d(5) d(6) r(65,43) r(72,67)
53; 37, 40; d(66) r(69,62) d(29) d(67) a(74,105)
54; 37; d(65) r(69,74) r(69,74) a(35,47) d(73) d(5) d(67) a(74,105)
55; 40; d(66) r(69,62) d(29) d(6) r(65,43) r(72,67)
56; 18, 50; r(69,62) a(73,55) d(6) r(74,69) d(35) r(64,88) d(34) r(64,57) a(5,53) d(35)
57; 18, 50; r(69,62) a(73,55) d(6) d(5) d(29)
58; 18; r(69,62) a(73,55) d(6) r(74,69) d(35) r(64,88) d(34) d(5) d(29)
59; 50; r(69,62) a(73,55) d(6) r(64,57) a(5,53) d(35)
--------------------------------------------------------------------------------
Mutation

0; d(65) r(69,74) a(35,47) d(35) r(66,71)
1; d(65) d(6) d(64) a(35,56) d(29) r(34,90) a(35,52) d(73) d(5) d(67) r(66,40) r(35,63)
2; d(65) r(69,74) a(35,47) d(73) d(5) d(67) r(66,40) r(34,71)
3; d(65) d(6) d(64) a(35,56) d(29) r(34,90) a(35,52) d(35) d(5)
4; a(5,99) d(69) r(66,34) d(73) a(5,50) d(73) d(5) d(67) a(74,105) a(29,47)
5; d(65) r(69,74) r(69,74) a(35,47) a(29,58) a(66,64)
6; a(5,99) d(69) r(66,34) d(73) a(5,50) a(29,58) r(65,43)
7; d(65) r(69,74) r(69,74) a(35,47) d(73) d(5) d(67) a(74,105) a(29,38)
8; d(65) r(69,74) a(35,47) d(73) d(5) d(67) r(66,40) r(72,45)
9; d(65) d(6) d(64) a(35,56) d(29) d(35) a(29,46) a(5,99) r(5,57)
10; d(65) a(35,47) d(73) d(5) r(29,40) a(67,74) d(71)
11; r(69,62) a(73,55) d(6) r(74,69) d(35) a(34,52) d(73) a(29,50)
12; d(65) d(29) r(72,43) d(74) a(73,66) a(64,72) d(5)
13; d(65) r(69,74) d(6) d(35) d(29) d(74) r(64,52)
14; a(5,99) d(69) r(66,34) d(73) d(35) d(29) a(65,63)
15; d(65) r(69,74) d(69) r(66,34) d(73) r(29,39) r(5,90) d(74) r(72,75)
16; a(5,99) d(69) r(66,34) d(73) d(35) d(29) d(74) d(72)
17; d(65) r(69,74) d(69) r(66,34) d(73) r(29,39) r(5,90) a(72,69)
18; r(69,62) d(67) d(35) a(66,72)
19; a(5,99) r(69,74) a(35,47) d(73) d(5) a(73,55) d(6) r(74,69) d(35) a(34,52) a(73,34) a(29,45)
20; r(69,62) a(73,55) d(6) r(74,69) d(35) a(34,52) a(73,34) d(64)
21; a(5,99) r(69,74) a(35,47) d(73) d(5) d(67) d(35) a(72,88)
22; r(69,62) a(73,55) d(6) r(74,69) d(35) a(34,52) d(73) d(6) d(64) a(35,56) d(29) r(34,90) a(35,52) d(35) r(5,76)
23; d(65) r(64,37)
24; r(69,62) a(73,55) d(6) r(74,69) d(35) a(34,52) d(73) d(67)
25; d(65) d(6) d(64) a(35,56) d(29) r(34,90) a(35,52) d(35) d(5)
26; r(69,62) a(73,66) a(73,55) d(6) r(74,69) d(35) a(34,52) d(73) d(64)
27; r(69,62) r(65,73) r(34,43)
28; r(69,62) a(73,66) r(65,73) d(64)
29; r(69,62) a(73,55) d(6) r(74,69) d(35) a(34,52) d(73) a(65,91)
30; d(65) d(6) d(64) a(35,56) d(29) a(35,43) a(35,35) a(5,42) a(5,49)
31; d(65) r(69,74) d(6) d(35) d(6) r(74,69) d(35) r(29,36) r(67,44) d(64)
32; d(6) a(34,70) a(34,52) d(72) d(74)
33; d(66) d(65) r(74,69) d(73) r(34,47) d(64) r(35,56)
34; d(66) d(65) r(74,67) d(69) r(67,62) d(65) d(5) d(34) d(73) r(72,99) r(71,90) d(35)
35; d(66) d(34) d(65)
36; d(66) d(65) r(74,67) d(69) r(67,62) d(34) r(6,70)
37; d(66) d(65) d(5) d(34) d(73) r(72,99) r(71,90) a(64,40)
38; d(65) r(69,74) r(69,62) a(64,55) r(5,43) d(29)
39; d(65) r(72,90) a(67,73) r(74,69) r(34,90) a(35,52) d(64) d(29)
40; d(65) r(69,74) r(74,69) r(34,90) a(35,52) d(64) d(6)
41; d(65) r(72,90) a(67,73) r(69,62) a(64,55) r(5,43) d(73)
42; d(66) d(65) d(5) d(34) d(73) a(34,70) r(64,88) d(34) d(29) d(35)
43; d(6) r(72,99) r(5,39) r(34,53)
44; d(65) d(6) d(64) a(35,56) d(29) d(35) a(29,46) a(5,99) a(5,91)
45; d(65) a(35,47) d(73) d(5) r(29,40) a(67,74) r(67,69)
46; d(66) d(65) r(74,67) d(69) r(67,62) d(34) a(5,46)
47; d(65) r(69,74) r(69,74) a(35,47) d(73) d(5) d(67) a(74,105) a(66,44)
48; r(69,62) a(73,55) d(6) r(74,69) d(35) r(64,88) d(34) d(5) d(29)
49; d(65) r(69,74) d(6) d(35) d(74) a(72,34) d(64) d(34)
50; d(65) r(69,74) d(69) r(66,34) d(73) r(29,39) r(5,90) r(72,76)
51; d(6) a(34,70) r(64,88) d(34) r(35,52) d(29)
52; d(65) r(69,74) r(69,74) a(35,47) d(73) d(5) d(6) r(65,43) r(72,67) a(35,38)
53; d(66) r(69,62) d(29) d(67) a(74,105) r(65,75)
54; d(65) r(69,74) r(69,74) a(35,47) d(73) d(5) d(67) a(74,105) a(64,72)
55; d(66) r(69,62) d(29) d(6) r(65,43) r(72,67) d(74)
56; r(69,62) a(73,55) d(6) r(74,69) d(35) r(64,88) d(34) r(64,57) a(5,53) d(35) a(29,29)
57; r(69,62) a(73,55) d(6) d(5) d(29) a(66,73)
58; r(69,62) a(73,55) d(6) r(74,69) d(35) r(64,88) d(34) d(5) d(29)
59; r(69,62) a(73,55) d(6) r(64,57) a(5,53) d(35) d(5)
--------------------------------------------------------------------------------
Evaluation

0; 15.
1; 15.
2; 0.
3; 15.
4; 0.
5; 4.
6; 0.
7; 0.
8; 0.
9; 15.
10; 0.
11; 0.
12; 0.
13; 0.
14; 0.
15; 0.
16; 0.
17; 0.
18; 15.
19; 0.
20; 0.
21; 0.
22; 15.
23; 15.
24; 0.
25; 15.
26; 0.
27; 0.
28; 0.
29; 0.
30; 0.
31; 0.
32; 0.
33; 15.
34; 0.
35; 0.
36; 0.
37; 0.
38; 0.
39; 0.
40; 0.
41; 0.
42; 0.
43; 0.
44; 0.
45; 0.
46; 0.
47; 15.
48; 0.
49; 0.
50; 0.
51; 0.
52; 0.
53; 0.
54; 0.
55; 0.
56; 0.
57; 0.
58; 0.
59; 15.
================================================================================
Generation 8

--------------------------------------------------------------------------------
Selection

0; 58
1; 16
2; 32
3; 32
4; 13
5; 49
6; 46
7; 24
8; 44
9; 27
10; 53
11; 16
12; 37
13; 2
14; 35
15; 14
16; 28
17; 7
18; 40
19; 12
20; 48
21; 6
22; 53
23; 12
24; 5
25; 27
26; 21
27; 55
28; 42
29; 2
30; 46
31; 28
32; 20
33; 17
34; 4
35; 43
36; 27
37; 19
38; 8
39; 46
--------------------------------------------------------------------------------
Crossover

0; 46; d(66) d(65) r(74,67) d(69) r(67,62) d(34) a(5,46)
1; 7; d(65) r(69,74) r(69,74) a(35,47) d(73) d(5) d(67) a(74,105) a(29,38)
2; 49; d(65) r(69,74) d(6) d(35) d(74) a(72,34) d(64) d(34)
3; 32; d(6) a(34,70) a(34,52) d(72) d(74)
4; 44, 13; d(65) d(6) d(64) a(35,56) d(29) d(29) d(74) r(64,52)
5; 44, 13; d(65) r(69,74) d(6) d(35) d(35) a(29,46) a(5,99) a(5,91)
6; 44; d(65) d(6) d(64) a(35,56) d(29) d(35) a(29,46) a(5,99) a(5,91)
7; 13; d(65) r(69,74) d(6) d(35) d(29) d(74) r(64,52)
8; 43; d(6) r(72,99) r(5,39) r(34,53)
9; 2; d(65) r(69,74) a(35,47) d(73) d(5) d(67) r(66,40) r(34,71)
10; 40, 48; d(65) r(69,74) r(74,69) r(34,90) a(35,52) d(34) d(5) d(29)
11; 40, 48; r(69,62) a(73,55) d(6) r(74,69) d(35) r(64,88) d(64) d(6)
12; 40; d(65) r(69,74) r(74,69) r(34,90) a(35,52) d(64) d(6)
13; 48; r(69,62) a(73,55) d(6) r(74,69) d(35) r(64,88) d(34) d(5) d(29)
14; 32, 19; d(6) a(34,70) a(34,52) d(73) d(5) a(73,55) d(6) r(74,69) d(35) a(34,52) a(73,34) a(29,45)
15; 32, 19; a(5,99) r(69,74) a(35,47) d(72) d(74)
16; 32; d(6) a(34,70) a(34,52) d(72) d(74)
17; 19; a(5,99) r(69,74) a(35,47) d(73) d(5) a(73,55) d(6) r(74,69) d(35) a(34,52) a(73,34) a(29,45)
18; 55, 14; d(66) r(69,62) d(29) d(6) r(65,43) r(72,67) d(29) a(65,63)
19; 55, 14; a(5,99) d(69) r(66,34) d(73) d(35) d(74)
20; 55; d(66) r(69,62) d(29) d(6) r(65,43) r(72,67) d(74)
21; 14; a(5,99) d(69) r(66,34) d(73) d(35) d(29) a(65,63)
22; 53; d(66) r(69,62) d(29) d(67) a(74,105) r(65,75)
23; 37; d(66) d(65) d(5) d(34) d(73) r(72,99) r(71,90) a(64,40)
24; 42; d(66) d(65) d(5) d(34) d(73) a(34,70) r(64,88) d(34) d(29) d(35)
25; 28; r(69,62) a(73,66) r(65,73) d(64)
26; 6; a(5,99) d(69) r(66,34) d(73) a(5,50) a(29,58) r(65,43)
27; 46; d(66) d(65) r(74,67) d(69) r(67,62) d(34) a(5,46)
28; 27, 8; r(69,62) d(5) d(67) r(66,40) r(72,45)
29; 27, 8; d(65) r(69,74) a(35,47) d(73) r(65,73) r(34,43)
30; 27; r(69,62) r(65,73) r(34,43)
31; 8; d(65) r(69,74) a(35,47) d(73) d(5) d(67) r(66,40) r(72,45)
32; 21; a(5,99) r(69,74) a(35,47) d(73) d(5) d(67) d(35) a(72,88)
33; 12; d(65) d(29) r(72,43) d(74) a(73,66) a(64,72) d(5)
34; 27, 17; r(69,62) r(65,73) r(34,43) d(69) r(66,34) d(73) r(29,39) r(5,90) a(72,69)
35; 27, 17; d(65) r(69,74)
36; 27; r(69,62) r(65,73) r(34,43)
37; 17; d(65) r(69,74) d(69) r(66,34) d(73) r(29,39) r(5,90) a(72,69)
38; 58; r(69,62) a(73,55) d(6) r(74,69) d(35) r(64,88) d(34) d(5) d(29)
39; 53; d(66) r(69,62) d(29) d(67) a(74,105) r(65,75)
40; 16, 5; a(5,99) d(69) r(66,34) d(73) a(29,58) a(66,64)
41; 16, 5; d(65) r(69,74) r(69,74) a(35,47) d(35) d(29) d(74) d(72)
42; 16; a(5,99) d(69) r(66,34) d(73) d(35) d(29) d(74) d(72)
43; 5; d(65) r(69,74) r(69,74) a(35,47) a(29,58) a(66,64)
44; 2; d(65) r(69,74) a(35,47) d(73) d(5) d(67) r(66,40) r(34,71)
45; 24; r(69,62) a(73,55) d(6) r(74,69) d(35) a(34,52) d(73) d(67)
46; 12, 28; d(65) d(29) r(72,43) d(74)
47; 12, 28; r(69,62) a(73,66) r(65,73) d(64) a(73,66) a(64,72) d(5)
48; 12; d(65) d(29) r(72,43) d(74) a(73,66) a(64,72) d(5)
49; 28; r(69,62) a(73,66) r(65,73) d(64)
50; 46; d(66) d(65) r(74,67) d(69) r(67,62) d(34) a(5,46)
51; 4; a(5,99) d(69) r(66,34) d(73) a(5,50) d(73) d(5) d(67) a(74,105) a(29,47)
52; 27, 20; r(69,62) d(6) r(74,69) d(35) a(34,52) a(73,34) d(64)
53; 27, 20; r(69,62) a(73,55) r(65,73) r(34,43)
54; 27; r(69,62) r(65,73) r(34,43)
55; 20; r(69,62) a(73,55) d(6) r(74,69) d(35) a(34,52) a(73,34) d(64)
56; 16; a(5,99) d(69) r(66,34) d(73) d(35) d(29) d(74) d(72)
57; 35; d(66) d(34) d(65)
--------------------------------------------------------------------------------
Mutation

0; d(66) d(65) r(74,67) d(69) r(67,62) d(34) a(5,46) a(72,44)
1; d(65) r(69,74) r(69,74) a(35,47) d(73) d(5) d(67) a(74,105) a(29,38) a(29,46)
2; d(65) r(69,74) d(6) d(35) d(74) a(72,34) d(64) d(34) d(5)
3; d(6) a(34,70) a(34,52) d(72) d(74) r(67,76)
4; d(65) d(6) d(64) a(35,56) d(29) d(29) d(74) r(64,52) r(35,36)
5; d(65) r(69,74) d(6) d(35) d(35) a(29,46) a(5,99) a(5,91) d(73)
6; d(65) d(6) d(64) a(35,56) d(29) d(35) a(29,46) a(5,99) a(5,91) a(5,90)
7; d(65) r(69,74) d(6) d(35) d(29) d(74) r(64,52) r(5,57)
8; d(6) r(72,99) r(5,39) r(34,53) d(35)
9; d(65) r(69,74) a(35,47) d(73) d(5) d(67) r(66,40) r(34,71) r(35,44)
10; d(65) r(69,74) r(74,69) r(34,90) a(35,52) d(34) d(5) d(29) a(66,44)
11; r(69,62) a(73,55) d(6) r(74,69) d(35) r(64,88) d(64) d(6) r(29,39)
12; d(65) r(69,74) r(74,69) r(34,90) a(35,52) d(64) d(6) a(35,63)
13; r(69,62) a(73,55) d(6) r(74,69) d(35) r(64,88) d(34) d(5) d(29)
14; d(6) a(34,70) a(34,52) d(73) d(5) a(73,55) d(6) r(74,69) d(35) a(34,52) a(73,34) a(29,45) d(67)
15; a(5,99) r(69,74) a(35,47) d(72) d(74) d(67)
16; d(6) a(34,70) a(34,52) d(72) d(74) r(34,51)
17; a(5,99) r(69,74) a(35,47) d(73) d(5) a(73,55) d(6) r(74,69) d(35) a(34,52) a(73,34) a(29,45) d(67)
18; d(66) r(69,62) d(29) d(6) r(65,43) r(72,67) d(29) a(65,63) a(35,47)
19; a(5,99) d(69) r(66,34) d(73) d(35) d(74) d(29)
20; d(66) r(69,62) d(29) d(6) r(65,43) r(72,67) d(74) a(73,43)
21; a(5,99) d(69) r(66,34) d(73) d(35) d(29) a(65,63) r(74,44)
22; d(66) r(69,62) d(29) d(67) a(74,105) r(65,75) a(72,63)
23; d(66) d(65) d(5) d(34) d(73) r(72,99) r(71,90) a(64,40) d(35)
24; d(66) d(65) d(5) d(34) d(73) a(34,70) r(64,88) d(34) d(29) d(35)
25; r(69,62) a(73,66) r(65,73) d(64) a(34,36)
26; a(5,99) d(69) r(66,34) d(73) a(5,50) a(29,58) r(65,43) d(5)
27; d(66) d(65) r(74,67) d(69) r(67,62) d(34) a(5,46) r(35,104)
28; r(69,62) d(5) d(67) r(66,40) r(72,45) r(65,56)
29; d(65) r(69,74) a(35,47) d(73) r(65,73) r(34,43) a(29,76)
30; r(69,62) r(65,73) r(34,43) a(29,49)
31; d(65) r(69,74) a(35,47) d(73) d(5) d(67) r(66,40) r(72,45) r(34,90)
32; a(5,99) r(69,74) a(35,47) d(73) d(5) d(67) d(35) a(72,88) r(29,88)
33; d(65) d(29) r(72,43) d(74) a(73,66) a(64,72) d(5) d(67)
34; r(69,62) r(65,73) r(34,43) d(69) r(66,34) d(73) r(29,39) r(5,90) a(72,69) a(72,73)
35; d(65) r(69,74) r(5,51)
36; r(69,62) r(65,73) r(34,43) r(6,49)
37; d(65) r(69,74) d(69) r(66,34) d(73) r(29,39) r(5,90) a(72,69) d(64)
38; r(69,62) a(73,55) d(6) r(74,69) d(35) r(64,88) d(34) d(5) d(29)
39; d(66) r(69,62) d(29) d(67) a(74,105) r(65,75) a(5,39)
40; a(5,99) d(69) r(66,34) d(73) a(29,58) a(66,64) a(72,74)
41; d(65) r(69,74) r(69,74) a(35,47) d(35) d(29) d(74) d(72) d(67)
42; a(5,99) d(69) r(66,34) d(73) d(35) d(29) d(74) d(72) r(64,44)
43; d(65) r(69,74) r(69,74) a(35,47) a(29,58) a(66,64) r(35,47)
44; d(65) r(69,74) a(35,47) d(73) d(5) d(67) r(66,40) r(34,71) d(29)
45; r(69,62) a(73,55) d(6) r(74,69) d(35) a(34,52) d(73) d(67) r(72,67)
46; d(65) d(29) r(72,43) d(74) r(69,67)
47; r(69,62) a(73,66) r(65,73) d(64) a(73,66) a(64,72) d(5) d(34)
48; d(65) d(29) r(72,43) d(74) a(73,66) a(64,72) d(5) d(73)
49; r(69,62) a(73,66) r(65,73) d(64) r(34,67)
50; d(66) d(65) r(74,67) d(69) r(67,62) d(34) a(5,46) d(73)
51; a(5,99) d(69) r(66,34) d(73) a(5,50) d(73) d(5) d(67) a(74,105) a(29,47) a(35,54)
52; r(69,62) d(6) r(74,69) d(35) a(34,52) a(73,34) d(64) d(5)
53; r(69,62) a(73,55) r(65,73) r(34,43) a(29,53)
54; r(69,62) r(65,73) r(34,43) a(35,52)
55; r(69,62) a(73,55) d(6) r(74,69) d(35) a(34,52) a(73,34) d(64) r(29,35)
56; a(5,99) d(69) r(66,34) d(73) d(35) d(29) d(74) d(72) r(6,36)
57; d(66) d(34) d(65) a(69,91)
--------------------------------------------------------------------------------
Evaluation

0; 15.
1; 0.
2; 0.
3; 0.
4; 0.
5; 0.
6; 0.
7; 0.
8; 0.
9; 15.
10; 15.
11; 0.
12; 0.
13; 0.
14; 0.
15; 0.
16; 0.
17; 0.
18; 0.
19; 0.
20; 0.
21; 15.
22; 0.
23; 0.
24; 0.
25; 15.
26; 0.
27; 15.
28; 15.
29; 15.
30; 0.
31; 0.
32; 0.
33; 0.
34; 0.
35; 0.
36; 0.
37; 0.
38; 0.
39; 0.
40; 0.
41; 0.
42; 15.
43; 5.
44; 0.
45; 0.
46; 0.
47; 0.
48; 0.
49; 0.
50; 0.
51; 0.
52; 0.
53; 0.
54; 0.
55; 0.
56; 0.
57; 0.
================================================================================
Generation 9

--------------------------------------------------------------------------------
Selection

0; 20
1; 30
2; 23
3; 24
4; 34
5; 36
6; 30
7; 6
8; 1
9; 39
10; 23
11; 12
12; 34
13; 41
14; 1
15; 11
16; 6
17; 37
18; 8
19; 40
20; 54
21; 34
22; 48
23; 54
24; 6
25; 4
26; 56
27; 14
28; 24
29; 38
30; 31
31; 11
32; 56
33; 1
34; 45
35; 44
36; 22
37; 50
38; 53
39; 54
--------------------------------------------------------------------------------
Crossover

0; 6, 34; d(65) d(6) r(65,73) r(34,43) d(69) r(66,34) d(73) r(29,39) r(5,90) a(72,69) a(72,73)
1; 6, 34; r(69,62) d(64) a(35,56) d(29) d(35) a(29,46) a(5,99) a(5,91) a(5,90)
2; 6; d(65) d(6) d(64) a(35,56) d(29) d(35) a(29,46) a(5,99) a(5,91) a(5,90)
3; 34; r(69,62) r(65,73) r(34,43) d(69) r(66,34) d(73) r(29,39) r(5,90) a(72,69) a(72,73)
4; 36; r(69,62) r(65,73) r(34,43) r(6,49)
5; 34; r(69,62) r(65,73) r(34,43) d(69) r(66,34) d(73) r(29,39) r(5,90) a(72,69) a(72,73)
6; 37, 56; d(65) r(69,74) d(69) r(66,34) d(73) r(6,36)
7; 37, 56; a(5,99) d(69) r(66,34) d(73) d(35) d(29) d(74) d(72) r(29,39) r(5,90) a(72,69) d(64)
8; 37; d(65) r(69,74) d(69) r(66,34) d(73) r(29,39) r(5,90) a(72,69) d(64)
9; 56; a(5,99) d(69) r(66,34) d(73) d(35) d(29) d(74) d(72) r(6,36)
10; 1, 22; d(65) r(69,74) r(69,74) a(35,47)
11; 1, 22; d(66) r(69,62) d(29) d(67) a(74,105) r(65,75) a(72,63) d(73) d(5) d(67) a(74,105) a(29,38) a(29,46)
12; 1; d(65) r(69,74) r(69,74) a(35,47) d(73) d(5) d(67) a(74,105) a(29,38) a(29,46)
13; 22; d(66) r(69,62) d(29) d(67) a(74,105) r(65,75) a(72,63)
14; 38; r(69,62) a(73,55) d(6) r(74,69) d(35) r(64,88) d(34) d(5) d(29)
15; 12; d(65) r(69,74) r(74,69) r(34,90) a(35,52) d(64) d(6) a(35,63)
16; 54; r(69,62) r(65,73) r(34,43) a(35,52)
17; 24; d(66) d(65) d(5) d(34) d(73) a(34,70) r(64,88) d(34) d(29) d(35)
18; 34, 8; r(69,62) r(65,73) r(34,43) d(69)
19; 34, 8; d(6) r(72,99) r(5,39) r(34,53) d(35) r(66,34) d(73) r(29,39) r(5,90) a(72,69) a(72,73)
20; 34; r(69,62) r(65,73) r(34,43) d(69) r(66,34) d(73) r(29,39) r(5,90) a(72,69) a(72,73)
21; 8; d(6) r(72,99) r(5,39) r(34,53) d(35)
22; 6; d(65) d(6) d(64) a(35,56) d(29) d(35) a(29,46) a(5,99) a(5,91) a(5,90)
23; 11; r(69,62) a(73,55) d(6) r(74,69) d(35) r(64,88) d(64) d(6) r(29,39)
24; 44, 24; d(65) r(69,74) a(35,47) d(73) d(5) d(67) r(66,40) r(64,88) d(34) d(29) d(35)
25; 44, 24; d(66) d(65) d(5) d(34) d(73) a(34,70) r(34,71) d(29)
26; 44; d(65) r(69,74) a(35,47) d(73) d(5) d(67) r(66,40) r(34,71) d(29)
27; 24; d(66) d(65) d(5) d(34) d(73) a(34,70) r(64,88) d(34) d(29) d(35)
28; 50; d(66) d(65) r(74,67) d(69) r(67,62) d(34) a(5,46) d(73)
29; 23; d(66) d(65) d(5) d(34) d(73) r(72,99) r(71,90) a(64,40) d(35)
30; 39; d(66) r(69,62) d(29) d(67) a(74,105) r(65,75) a(5,39)
31; 20; d(66) r(69,62) d(29) d(6) r(65,43) r(72,67) d(74) a(73,43)
32; 11; r(69,62) a(73,55) d(6) r(74,69) d(35) r(64,88) d(64) d(6) r(29,39)
33; 54; r(69,62) r(65,73) r(34,43) a(35,52)
34; 30; r(69,62) r(65,73) r(34,43) a(29,49)
35; 14; d(6) a(34,70) a(34,52) d(73) d(5) a(73,55) d(6) r(74,69) d(35) a(34,52) a(73,34) a(29,45) d(67)
36; 1, 4; d(65) r(69,74) r(69,74) a(35,47) d(73) d(5) d(67) a(74,105) a(29,38) a(29,46)
37; 1, 4; d(65) d(6) d(64) a(35,56) d(29) d(29) d(74) r(64,52) r(35,36)
38; 1; d(65) r(69,74) r(69,74) a(35,47) d(73) d(5) d(67) a(74,105) a(29,38) a(29,46)
39; 4; d(65) d(6) d(64) a(35,56) d(29) d(29) d(74) r(64,52) r(35,36)
40; 41, 48; d(65) r(69,74) r(69,74) a(35,47) d(35) d(29) a(64,72) d(5) d(73)
41; 41, 48; d(65) d(29) r(72,43) d(74) a(73,66) d(74) d(72) d(67)
42; 41; d(65) r(69,74) r(69,74) a(35,47) d(35) d(29) d(74) d(72) d(67)
43; 48; d(65) d(29) r(72,43) d(74) a(73,66) a(64,72) d(5) d(73)
44; 31, 30; d(65) r(69,74) a(35,47) d(73) d(5) d(67) r(66,40) r(34,43) a(29,49)
45; 31, 30; r(69,62) r(65,73) r(72,45) r(34,90)
46; 31; d(65) r(69,74) a(35,47) d(73) d(5) d(67) r(66,40) r(72,45) r(34,90)
47; 30; r(69,62) r(65,73) r(34,43) a(29,49)
48; 6; d(65) d(6) d(64) a(35,56) d(29) d(35) a(29,46) a(5,99) a(5,91) a(5,90)
49; 45; r(69,62) a(73,55) d(6) r(74,69) d(35) a(34,52) d(73) d(67) r(72,67)
50; 1, 54; d(65) r(34,43) a(35,52)
51; 1, 54; r(69,62) r(65,73) r(69,74) r(69,74) a(35,47) d(73) d(5) d(67) a(74,105) a(29,38) a(29,46)
52; 1; d(65) r(69,74) r(69,74) a(35,47) d(73) d(5) d(67) a(74,105) a(29,38) a(29,46)
53; 54; r(69,62) r(65,73) r(34,43) a(35,52)
54; 56, 23; a(5,99) d(69) r(66,34) d(73) d(35) d(29) d(65) d(5) d(34) d(73) r(72,99) r(71,90) a(64,40) d(35)
55; 56, 23; d(66) d(74) d(72) r(6,36)
56; 56; a(5,99) d(69) r(66,34) d(73) d(35) d(29) d(74) d(72) r(6,36)
57; 23; d(66) d(65) d(5) d(34) d(73) r(72,99) r(71,90) a(64,40) d(35)
58; 40; a(5,99) d(69) r(66,34) d(73) a(29,58) a(66,64) a(72,74)
59; 53; r(69,62) a(73,55) r(65,73) r(34,43) a(29,53)
--------------------------------------------------------------------------------
Mutation

0; d(65) d(6) r(65,73) r(34,43) d(69) r(66,34) d(73) r(29,39) r(5,90) a(72,69) a(72,73) d(35)
1; r(69,62) d(64) a(35,56) d(29) d(35) a(29,46) a(5,99) a(5,91) a(5,90) a(6,43)
2; d(65) d(6) d(64) a(35,56) d(29) d(35) a(29,46) a(5,99) a(5,91) a(5,90) r(5,67)
3; r(69,62) r(65,73) r(34,43) d(69) r(66,34) d(73) r(29,39) r(5,90) a(72,69) a(72,73) a(35,29)
4; r(69,62) r(65,73) r(34,43) r(6,49) r(67,70)
5; r(69,62) r(65,73) r(34,43) d(69) r(66,34) d(73) r(29,39) r(5,90) a(72,69) a(72,73) r(64,55)
6; d(65) r(69,74) d(69) r(66,34) d(73) r(6,36) d(29)
7; a(5,99) d(69) r(66,34) d(73) d(35) d(29) d(74) d(72) r(29,39) r(5,90) a(72,69) d(64)
8; d(65) r(69,74) d(69) r(66,34) d(73) r(29,39) r(5,90) a(72,69) d(64) r(35,55)
9; a(5,99) d(69) r(66,34) d(73) d(35) d(29) d(74) d(72) r(6,36) r(65,73)
10; d(65) r(69,74) r(69,74) a(35,47) d(5)
11; d(66) r(69,62) d(29) d(67) a(74,105) r(65,75) a(72,63) d(73) d(5) d(67) a(74,105) a(29,38) a(29,46) a(74,45)
12; d(65) r(69,74) r(69,74) a(35,47) d(73) d(5) d(67) a(74,105) a(29,38) a(29,46) r(34,50)
13; d(66) r(69,62) d(29) d(67) a(74,105) r(65,75) a(72,63) d(64)
14; r(69,62) a(73,55) d(6) r(74,69) d(35) r(64,88) d(34) d(5) d(29)
15; d(65) r(69,74) r(74,69) r(34,90) a(35,52) d(64) d(6) a(35,63) a(29,57)
16; r(69,62) r(65,73) r(34,43) a(35,52) a(6,55)
17; d(66) d(65) d(5) d(34) d(73) a(34,70) r(64,88) d(34) d(29) d(35)
18; r(69,62) r(65,73) r(34,43) d(69) a(6,29)
19; d(6) r(72,99) r(5,39) r(34,53) d(35) r(66,34) d(73) r(29,39) r(5,90) a(72,69) a(72,73) a(71,70)
20; r(69,62) r(65,73) r(34,43) d(69) r(66,34) d(73) r(29,39) r(5,90) a(72,69) a(72,73) r(35,37)
21; d(6) r(72,99) r(5,39) r(34,53) d(35) r(65,88)
22; d(65) d(6) d(64) a(35,56) d(29) d(35) a(29,46) a(5,99) a(5,91) a(5,90) d(5)
23; r(69,62) a(73,55) d(6) r(74,69) d(35) r(64,88) d(64) d(6) r(29,39) r(5,104)
24; d(65) r(69,74) a(35,47) d(73) d(5) d(67) r(66,40) r(64,88) d(34) d(29) d(35)
25; d(66) d(65) d(5) d(34) d(73) a(34,70) r(34,71) d(29) r(71,76)
26; d(65) r(69,74) a(35,47) d(73) d(5) d(67) r(66,40) r(34,71) d(29) a(35,39)
27; d(66) d(65) d(5) d(34) d(73) a(34,70) r(64,88) d(34) d(29) d(35)
28; d(66) d(65) r(74,67) d(69) r(67,62) d(34) a(5,46) d(73) r(29,57)
29; d(66) d(65) d(5) d(34) d(73) r(72,99) r(71,90) a(64,40) d(35) r(29,38)
30; d(66) r(69,62) d(29) d(67) a(74,105) r(65,75) a(5,39) r(73,40)
31; d(66) r(69,62) d(29) d(6) r(65,43) r(72,67) d(74) a(73,43) d(5)
32; r(69,62) a(73,55) d(6) r(74,69) d(35) r(64,88) d(64) d(6) r(29,39) d(5)
33; r(69,62) r(65,73) r(34,43) a(35,52) r(74,50)
34; r(69,62) r(65,73) r(34,43) a(29,49) d(74)
35; d(6) a(34,70) a(34,52) d(73) d(5) a(73,55) d(6) r(74,69) d(35) a(34,52) a(73,34) a(29,45) d(67) d(66)
36; d(65) r(69,74) r(69,74) a(35,47) d(73) d(5) d(67) a(74,105) a(29,38) a(29,46) d(35)
37; d(65) d(6) d(64) a(35,56) d(29) d(29) d(74) r(64,52) r(35,36) a(5,88)
38; d(65) r(69,74) r(69,74) a(35,47) d(73) d(5) d(67) a(74,105) a(29,38) a(29,46) d(66)
39; d(65) d(6) d(64) a(35,56) d(29) d(29) d(74) r(64,52) r(35,36) a(5,70)
40; d(65) r(69,74) r(69,74) a(35,47) d(35) d(29) a(64,72) d(5) d(73) r(66,56)
41; d(65) d(29) r(72,43) d(74) a(73,66) d(74) d(72) d(67) d(5)
42; d(65) r(69,74) r(69,74) a(35,47) d(35) d(29) d(74) d(72) d(67) a(73,52)
43; d(65) d(29) r(72,43) d(74) a(73,66) a(64,72) d(5) d(73) a(64,37)
44; d(65) r(69,74) a(35,47) d(73) d(5) d(67) r(66,40) r(34,43) a(29,49) d(72)
45; r(69,62) r(65,73) r(72,45) r(34,90) r(74,44)
46; d(65) r(69,74) a(35,47) d(73) d(5) d(67) r(66,40) r(72,45) r(34,90) a(35,50)
47; r(69,62) r(65,73) r(34,43) a(29,49) r(5,63)
48; d(65) d(6) d(64) a(35,56) d(29) d(35) a(29,46) a(5,99) a(5,91) a(5,90) d(5)
49; r(69,62) a(73,55) d(6) r(74,69) d(35) a(34,52) d(73) d(67) r(72,67) r(65,38)
50; d(65) r(34,43) a(35,52) r(74,91)
51; r(69,62) r(65,73) r(69,74) r(69,74) a(35,47) d(73) d(5) d(67) a(74,105) a(29,38) a(29,46) a(72,65)
52; d(65) r(69,74) r(69,74) a(35,47) d(73) d(5) d(67) a(74,105) a(29,38) a(29,46) a(66,55)
53; r(69,62) r(65,73) r(34,43) a(35,52) a(6,88)
54; a(5,99) d(69) r(66,34) d(73) d(35) d(29) d(65) d(5) d(34) d(73) r(72,99) r(71,90) a(64,40) d(35) r(74,43)
55; d(66) d(74) d(72) r(6,36) a(65,44)
56; a(5,99) d(69) r(66,34) d(73) d(35) d(29) d(74) d(72) r(6,36) r(65,72)
57; d(66) d(65) d(5) d(34) d(73) r(72,99) r(71,90) a(64,40) d(35) r(64,38)
58; a(5,99) d(69) r(66,34) d(73) a(29,58) a(66,64) a(72,74) d(72)
59; r(69,62) a(73,55) r(65,73) r(34,43) a(29,53) a(35,42)
--------------------------------------------------------------------------------
Evaluation

0; 0.
1; 15.
2; 15.
3; 0.
4; 0.
5; 0.
6; 0.
7; 0.
8; 0.
9; 0.
10; 0.
11; 0.
12; 0.
13; 0.
14; 0.
15; 0.
16; 0.
17; 0.
18; 0.
19; 15.
20; 0.
21; 0.
22; 15.
23; 15.
24; 0.
25; 0.
26; 0.
27; 0.
28; 0.
29; 0.
30; 0.
31; 0.
32; 0.
33; 0.
34; 0.
35; 0.
36; 15.
37; 0.
38; 0.
39; 0.
40; 15.
41; 0.
42; 0.
43; 0.
44; 0.
45; 15.
46; 0.
47; 0.
48; 15.
49; 0.
50; 0.
51; 0.
52; 0.
53; 0.
54; 0.
55; 15.
56; 0.
57; 0.
58; 0.
59; 0.
================================================================================
Generation 10

--------------------------------------------------------------------------------
Selection

0; 6
1; 16
2; 38
3; 28
4; 10
5; 56
6; 37
7; 49
8; 51
9; 39
10; 33
11; 27
12; 20
13; 50
14; 15
15; 17
16; 18
17; 44
18; 44
19; 5
20; 42
21; 28
22; 13
23; 48
24; 37
25; 25
26; 9
27; 6
28; 10
29; 25
30; 53
31; 49
32; 7
33; 28
34; 16
35; 46
36; 12
37; 38
38; 41
39; 49
--------------------------------------------------------------------------------
Crossover

0; 50; d(65) r(34,43) a(35,52) r(74,91)
1; 6; d(65) r(69,74) d(69) r(66,34) d(73) r(6,36) d(29)
2; 6; d(65) r(69,74) d(69) r(66,34) d(73) r(6,36) d(29)
3; 28; d(66) d(65) r(74,67) d(69) r(67,62) d(34) a(5,46) d(73) r(29,57)
4; 13, 37; d(66) r(69,62) d(29) d(67) a(74,105) r(65,75) a(72,63) d(64) r(35,36) a(5,88)
5; 13, 37; d(65) d(6) d(64) a(35,56) d(29) d(29) d(74) r(64,52)
6; 13; d(66) r(69,62) d(29) d(67) a(74,105) r(65,75) a(72,63) d(64)
7; 37; d(65) d(6) d(64) a(35,56) d(29) d(29) d(74) r(64,52) r(35,36) a(5,88)
8; 12, 20; d(65) r(69,74) r(5,90) a(72,69) a(72,73) r(35,37)
9; 12, 20; r(69,62) r(65,73) r(34,43) d(69) r(66,34) d(73) r(29,39) r(69,74) a(35,47) d(73) d(5) d(67) a(74,105) a(29,38) a(29,46) r(34,50)
10; 12; d(65) r(69,74) r(69,74) a(35,47) d(73) d(5) d(67) a(74,105) a(29,38) a(29,46) r(34,50)
11; 20; r(69,62) r(65,73) r(34,43) d(69) r(66,34) d(73) r(29,39) r(5,90) a(72,69) a(72,73) r(35,37)
12; 42; d(65) r(69,74) r(69,74) a(35,47) d(35) d(29) d(74) d(72) d(67) a(73,52)
13; 10; d(65) r(69,74) r(69,74) a(35,47) d(5)
14; 16, 49; r(69,62) r(65,73) r(34,43) d(35) a(34,52) d(73) d(67) r(72,67) r(65,38)
15; 16, 49; r(69,62) a(73,55) d(6) r(74,69) a(35,52) a(6,55)
16; 16; r(69,62) r(65,73) r(34,43) a(35,52) a(6,55)
17; 49; r(69,62) a(73,55) d(6) r(74,69) d(35) a(34,52) d(73) d(67) r(72,67) r(65,38)
18; 28, 41; d(66) d(74) a(73,66) d(74) d(72) d(67) d(5)
19; 28, 41; d(65) d(29) r(72,43) d(65) r(74,67) d(69) r(67,62) d(34) a(5,46) d(73) r(29,57)
20; 28; d(66) d(65) r(74,67) d(69) r(67,62) d(34) a(5,46) d(73) r(29,57)
21; 41; d(65) d(29) r(72,43) d(74) a(73,66) d(74) d(72) d(67) d(5)
22; 49, 44; r(69,62) d(5) d(67) r(66,40) r(34,43) a(29,49) d(72)
23; 49, 44; d(65) r(69,74) a(35,47) d(73) a(73,55) d(6) r(74,69) d(35) a(34,52) d(73) d(67) r(72,67) r(65,38)
24; 49; r(69,62) a(73,55) d(6) r(74,69) d(35) a(34,52) d(73) d(67) r(72,67) r(65,38)
25; 44; d(65) r(69,74) a(35,47) d(73) d(5) d(67) r(66,40) r(34,43) a(29,49) d(72)
26; 38, 5; d(65) r(69,74) r(69,74) a(35,47) d(73) d(5) d(67) a(74,105) a(29,38) r(34,43) d(69) r(66,34) d(73) r(29,39) r(5,90) a(72,69) a(72,73) r(64,55)
27; 38, 5; r(69,62) r(65,73) a(29,46) d(66)
28; 38; d(65) r(69,74) r(69,74) a(35,47) d(73) d(5) d(67) a(74,105) a(29,38) a(29,46) d(66)
29; 5; r(69,62) r(65,73) r(34,43) d(69) r(66,34) d(73) r(29,39) r(5,90) a(72,69) a(72,73) r(64,55)
30; 10, 7; d(65) r(69,74) r(69,74) a(35,47) d(5) d(35) d(29) d(74) d(72) r(29,39) r(5,90) a(72,69) d(64)
31; 10, 7; a(5,99) d(69) r(66,34) d(73)
32; 10; d(65) r(69,74) r(69,74) a(35,47) d(5)
33; 7; a(5,99) d(69) r(66,34) d(73) d(35) d(29) d(74) d(72) r(29,39) r(5,90) a(72,69) d(64)
34; 44; d(65) r(69,74) a(35,47) d(73) d(5) d(67) r(66,40) r(34,43) a(29,49) d(72)
35; 28; d(66) d(65) r(74,67) d(69) r(67,62) d(34) a(5,46) d(73) r(29,57)
36; 27; d(66) d(65) d(5) d(34) d(73) a(34,70) r(64,88) d(34) d(29) d(35)
37; 39; d(65) d(6) d(64) a(35,56) d(29) d(29) d(74) r(64,52) r(35,36) a(5,70)
38; 37; d(65) d(6) d(64) a(35,56) d(29) d(29) d(74) r(64,52) r(35,36) a(5,88)
39; 46; d(65) r(69,74) a(35,47) d(73) d(5) d(67) r(66,40) r(72,45) r(34,90) a(35,50)
40; 33; r(69,62) r(65,73) r(34,43) a(35,52) r(74,50)
41; 51; r(69,62) r(65,73) r(69,74) r(69,74) a(35,47) d(73) d(5) d(67) a(74,105) a(29,38) a(29,46) a(72,65)
42; 53; r(69,62) r(65,73) r(34,43) a(35,52) a(6,88)
43; 56; a(5,99) d(69) r(66,34) d(73) d(35) d(29) d(74) d(72) r(6,36) r(65,72)
44; 25, 18; d(66) r(34,43) d(69) a(6,29)
45; 25, 18; r(69,62) r(65,73) d(65) d(5) d(34) d(73) a(34,70) r(34,71) d(29) r(71,76)
46; 25; d(66) d(65) d(5) d(34) d(73) a(34,70) r(34,71) d(29) r(71,76)
47; 18; r(69,62) r(65,73) r(34,43) d(69) a(6,29)
48; 15, 16; d(65) r(69,74) a(6,55)
49; 15, 16; r(69,62) r(65,73) r(34,43) a(35,52) r(74,69) r(34,90) a(35,52) d(64) d(6) a(35,63) a(29,57)
50; 15; d(65) r(69,74) r(74,69) r(34,90) a(35,52) d(64) d(6) a(35,63) a(29,57)
51; 16; r(69,62) r(65,73) r(34,43) a(35,52) a(6,55)
52; 38; d(65) r(69,74) r(69,74) a(35,47) d(73) d(5) d(67) a(74,105) a(29,38) a(29,46) d(66)
53; 17; d(66) d(65) d(5) d(34) d(73) a(34,70) r(64,88) d(34) d(29) d(35)
54; 48; d(65) d(6) d(64) a(35,56) d(29) d(35) a(29,46) a(5,99) a(5,91) a(5,90) d(5)
55; 49; r(69,62) a(73,55) d(6) r(74,69) d(35) a(34,52) d(73) d(67) r(72,67) r(65,38)
56; 9, 25; a(5,99) d(69) r(66,34) d(73) d(35) d(29)
57; 9, 25; d(66) d(65) d(5) d(34) d(73) a(34,70) r(34,71) d(29) r(71,76) d(74) d(72) r(6,36) r(65,73)
58; 9; a(5,99) d(69) r(66,34) d(73) d(35) d(29) d(74) d(72) r(6,36) r(65,73)
59; 25; d(66) d(65) d(5) d(34) d(73) a(34,70) r(34,71) d(29) r(71,76)
--------------------------------------------------------------------------------
Mutation

0; d(65) r(34,43) a(35,52) r(74,91) a(66,69)
1; d(65) r(69,74) d(69) r(66,34) d(73) r(6,36) d(29) r(74,40)
2; d(65) r(69,74) d(69) r(66,34) d(73) r(6,36) d(29) a(72,44)
3; d(66) d(65) r(74,67) d(69) r(67,62) d(34) a(5,46) d(73) r(29,57) d(72)
4; d(66) r(69,62) d(29) d(67) a(74,105) r(65,75) a(72,63) d(64) r(35,36) a(5,88) r(6,41)
5; d(65) d(6) d(64) a(35,56) d(29) d(29) d(74) r(64,52) d(5)
6; d(66) r(69,62) d(29) d(67) a(74,105) r(65,75) a(72,63) d(64) a(6,59)
7; d(65) d(6) d(64) a(35,56) d(29) d(29) d(74) r(64,52) r(35,36) a(5,88) r(5,105)
8; d(65) r(69,74) r(5,90) a(72,69) a(72,73) r(35,37) r(67,50)
9; r(69,62) r(65,73) r(34,43) d(69) r(66,34) d(73) r(29,39) r(69,74) a(35,47) d(73) d(5) d(67) a(74,105) a(29,38) a(29,46) r(34,50) r(35,53)
10; d(65) r(69,74) r(69,74) a(35,47) d(73) d(5) d(67) a(74,105) a(29,38) a(29,46) r(34,50) d(35)
11; r(69,62) r(65,73) r(34,43) d(69) r(66,34) d(73) r(29,39) r(5,90) a(72,69) a(72,73) r(35,37) r(72,34)
12; d(65) r(69,74) r(69,74) a(35,47) d(35) d(29) d(74) d(72) d(67) a(73,52) d(64)
13; d(65) r(69,74) r(69,74) a(35,47) d(5) a(34,90)
14; r(69,62) r(65,73) r(34,43) d(35) a(34,52) d(73) d(67) r(72,67) r(65,38) d(74)
15; r(69,62) a(73,55) d(6) r(74,69) a(35,52) a(6,55) a(73,38)
16; r(69,62) r(65,73) r(34,43) a(35,52) a(6,55) r(73,34)
17; r(69,62) a(73,55) d(6) r(74,69) d(35) a(34,52) d(73) d(67) r(72,67) r(65,38) d(5)
18; d(66) d(74) a(73,66) d(74) d(72) d(67) d(5) r(71,44)
19; d(65) d(29) r(72,43) d(65) r(74,67) d(69) r(67,62) d(34) a(5,46) d(73) r(29,57) r(35,52)
20; d(66) d(65) r(74,67) d(69) r(67,62) d(34) a(5,46) d(73) r(29,57) a(5,76)
21; d(65) d(29) r(72,43) d(74) a(73,66) d(74) d(72) d(67) d(5) a(71,63)
22; r(69,62) d(5) d(67) r(66,40) r(34,43) a(29,49) d(72) d(29)
23; d(65) r(69,74) a(35,47) d(73) a(73,55) d(6) r(74,69) d(35) a(34,52) d(73) d(67) r(72,67) r(65,38) d(34)
24; r(69,62) a(73,55) d(6) r(74,69) d(35) a(34,52) d(73) d(67) r(72,67) r(65,38) r(29,58)
25; d(65) r(69,74) a(35,47) d(73) d(5) d(67) r(66,40) r(34,43) a(29,49) d(72) r(29,47)
26; d(65) r(69,74) r(69,74) a(35,47) d(73) d(5) d(67) a(74,105) a(29,38) r(34,43) d(69) r(66,34) d(73) r(29,39) r(5,90) a(72,69) a(72,73) r(64,55) r(35,47)
27; r(69,62) r(65,73) a(29,46) d(66) r(73,90)
28; d(65) r(69,74) r(69,74) a(35,47) d(73) d(5) d(67) a(74,105) a(29,38) a(29,46) d(66) r(64,55)
29; r(69,62) r(65,73) r(34,43) d(69) r(66,34) d(73) r(29,39) r(5,90) a(72,69) a(72,73) r(64,55) a(35,53)
30; d(65) r(69,74) r(69,74) a(35,47) d(5) d(35) d(29) d(74) d(72) r(29,39) r(5,90) a(72,69) d(64)
31; a(5,99) d(69) r(66,34) d(73) a(34,38)
32; d(65) r(69,74) r(69,74) a(35,47) d(5) a(64,38)
33; a(5,99) d(69) r(66,34) d(73) d(35) d(29) d(74) d(72) r(29,39) r(5,90) a(72,69) d(64)
34; d(65) r(69,74) a(35,47) d(73) d(5) d(67) r(66,40) r(34,43) a(29,49) d(72) d(74)
35; d(66) d(65) r(74,67) d(69) r(67,62) d(34) a(5,46) d(73) r(29,57) a(35,53)
36; d(66) d(65) d(5) d(34) d(73) a(34,70) r(64,88) d(34) d(29) d(35)
37; d(65) d(6) d(64) a(35,56) d(29) d(29) d(74) r(64,52) r(35,36) a(5,70) r(5,40)
38; d(65) d(6) d(64) a(35,56) d(29) d(29) d(74) r(64,52) r(35,36) a(5,88) a(5,90)
39; d(65) r(69,74) a(35,47) d(73) d(5) d(67) r(66,40) r(72,45) r(34,90) a(35,50) a(74,56)
40; r(69,62) r(65,73) r(34,43) a(35,52) r(74,50) r(5,63)
41; r(69,62) r(65,73) r(69,74) r(69,74) a(35,47) d(73) d(5) d(67) a(74,105) a(29,38) a(29,46) a(72,65) r(74,38)
42; r(69,62) r(65,73) r(34,43) a(35,52) a(6,88) a(6,58)
43; a(5,99) d(69) r(66,34) d(73) d(35) d(29) d(74) d(72) r(6,36) r(65,72) r(64,45)
44; d(66) r(34,43) d(69) a(6,29) a(29,88)
45; r(69,62) r(65,73) d(65) d(5) d(34) d(73) a(34,70) r(34,71) d(29) r(71,76) d(74)
46; d(66) d(65) d(5) d(34) d(73) a(34,70) r(34,71) d(29) r(71,76) d(64)
47; r(69,62) r(65,73) r(34,43) d(69) a(6,29) a(74,44)
48; d(65) r(69,74) a(6,55) r(5,62)
49; r(69,62) r(65,73) r(34,43) a(35,52) r(74,69) r(34,90) a(35,52) d(64) d(6) a(35,63) a(29,57) a(29,29)
50; d(65) r(69,74) r(74,69) r(34,90) a(35,52) d(64) d(6) a(35,63) a(29,57) a(29,41)
51; r(69,62) r(65,73) r(34,43) a(35,52) a(6,55) a(5,76)
52; d(65) r(69,74) r(69,74) a(35,47) d(73) d(5) d(67) a(74,105) a(29,38) a(29,46) d(66) a(35,35)
53; d(66) d(65) d(5) d(34) d(73) a(34,70) r(64,88) d(34) d(29) d(35)
54; d(65) d(6) d(64) a(35,56) d(29) d(35) a(29,46) a(5,99) a(5,91) a(5,90) d(5)
55; r(69,62) a(73,55) d(6) r(74,69) d(35) a(34,52) d(73) d(67) r(72,67) r(65,38) d(29)
56; a(5,99) d(69) r(66,34) d(73) d(35) d(29) d(6)
57; d(66) d(65) d(5) d(34) d(73) a(34,70) r(34,71) d(29) r(71,76) d(74) d(72) r(6,36) r(65,73) r(35,99)
58; a(5,99) d(69) r(66,34) d(73) d(35) d(29) d(74) d(72) r(6,36) r(65,73) d(5)
59; d(66) d(65) d(5) d(34) d(73) a(34,70) r(34,71) d(29) r(71,76) r(64,76)
--------------------------------------------------------------------------------
Evaluation

0; 0.
1; 0.
2; 0.
3; 0.
4; 0.
5; 15.
6; 0.
7; 15.
8; 15.
9; 0.
10; 15.
11; 0.
12; 0.
13; 0.
14; 15.
15; 0.
16; 0.
17; 0.
18; 15.
19; 15.
20; 15.
21; 0.
22; 0.
23; 0.
24; 0.
25; 0.
26; 0.
27; 0.
28; 0.
29; 0.
30; 0.
31; 0.
32; 0.
33; 0.
34; 0.
35; 0.
36; 0.
37; 0.
38; 0.
39; 15.
40; 0.
41; 0.
42; 0.
43; 0.
44; 0.
45; 0.
46; 0.
47; 15.
48; 0.
49; 0.
50; 0.
51; 15.
52; 0.
53; 0.
54; 15.
55; 0.
56; 0.
57; 0.
58; 0.
59; 0.
