================================================================================
Enclosure

1: 0
2: 0
3: 0
4: 0
5: 0
6: 5
7: 6
9: 5
10: 9
11: 9
12: 11
13: 11
14: 9
15: 9
17: 9
18: 5
19: 18
20: 18
21: 18
23: 18
24: 5
25: 5
26: 25
27: 25
29: 0
30: 29
31: 29
32: 31
33: 31
34: 29
35: 0
36: 0
37: 36
38: 36
39: 0
40: 39
41: 39
42: 39
43: 42
44: 42
45: 42
46: 39
47: 39
48: 47
49: 47
50: 47
51: 47
52: 51
53: 51
54: 51
55: 54
56: 54
57: 54
58: 51
59: 51
60: 59
62: 47
63: 47
64: 0
65: 64
66: 64
67: 66
69: 64
70: 69
71: 69
72: 64
73: 64
74: 64
75: 0
76: 0
78: 0
79: 78
80: 78
81: 78
83: 0
85: 83
86: 0
87: 0
88: 0
89: 0
90: 0
91: 0
92: 0
93: 0
94: 0
95: 94
96: 94
97: 94
98: 94
99: 98
101: 94
102: 94
103: 94
104: 103
105: 103
106: 0
107: 106
108: 106
109: 0
110: 0
111: 0
112: 0
113: 0
114: 113
115: 113
116: 113
117: 116
119: 113
120: 119
121: 120
122: 120
123: 122
125: 119
126: 113
127: 126
129: 127
131: 129
133: 131
134: 126
135: 0
136: 135
137: 135
138: 135
139: 138
140: 139
143: 135
144: 0
145: 0
146: 0
================================================================================
Initialisation

0; r(5,62); 5.
1; d(73); 15.
2; a(67,62); 5.
3; r(35,5); 15.
4; r(72,38); 15.
5; r(71,63); 5.
6; a(65,76); 0.
7; r(64,71); 0.
8; r(74,73); 15.
9; r(5,29); 5.
10; a(71,57); 5.
11; r(73,45); 15.
12; r(73,75); 15.
13; a(74,45); 5.
14; a(6,99); 5.
15; a(6,71); 5.
16; r(69,55); 0.
17; d(66); 3.
18; a(34,76); 15.
19; d(35); 15.
20; a(34,47); 5.
21; r(74,66); 15.
22; a(71,55); 5.
23; d(73); 15.
24; d(72); 15.
25; a(65,91); 0.
26; r(66,70); 15.
27; d(67); 5.
28; a(72,73); 4.
29; r(66,74); 3.
30; d(67); 5.
31; a(71,57); 5.
32; d(5); 5.
33; d(74); 15.
34; d(73); 15.
35; a(66,105); 5.
36; r(65,73); 0.
37; a(35,76); 5.
38; r(67,88); 5.
39; original; 5.
================================================================================
Generation 1

--------------------------------------------------------------------------------
Selection

0; 16
1; 29
2; 29
3; 28
4; 8
5; 0
6; 6
7; 25
8; 7
9; 6
10; 32
11; 23
12; 36
13; 17
14; 13
15; 0
16; 32
17; 32
18; 10
19; 28
20; 36
21; 6
22; 9
23; 22
24; 29
25; 25
26; 26
27; 29
28; 16
29; 35
30; 11
31; 30
32; 39
33; 6
34; 14
35; 20
36; 17
37; 39
38; 35
39; 35
--------------------------------------------------------------------------------
Crossover

0; 6, 25; a(65,76)
1; 6, 25; a(65,91)
2; 6; a(65,76)
3; 25; a(65,91)
4; 17; d(66)
5; 8; r(74,73)
6; 29, 35; r(66,74)
7; 29, 35; a(66,105)
8; 29; r(66,74)
9; 35; a(66,105)
10; 0; r(5,62)
11; 6; a(65,76)
12; 13; a(74,45)
13; 32; d(5)
14; 6, 7; a(65,76)
15; 6, 7; r(64,71)
16; 6; a(65,76)
17; 7; r(64,71)
18; 16, 14; r(69,55)
19; 16, 14; a(6,99)
20; 16; r(69,55)
21; 14; a(6,99)
22; 11; r(73,45)
23; 35; a(66,105)
24; 23, 20; d(73)
25; 23, 20; a(34,47)
26; 23; d(73)
27; 20; a(34,47)
28; 29, 25; r(66,74)
29; 29, 25; a(65,91)
30; 29; r(66,74)
31; 25; a(65,91)
32; 36; r(65,73)
33; 32; d(5)
34; 6; a(65,76)
35; 30; d(67)
36; 22; a(71,55)
37; 9; r(5,29)
38; 16; r(69,55)
39; 17; d(66)
40; 36, 10; r(65,73)
41; 36, 10; a(71,57)
42; 36; r(65,73)
43; 10; a(71,57)
44; 28; a(72,73)
45; 39; original
46; 29, 28; r(66,74)
47; 29, 28; a(72,73)
48; 29; r(66,74)
49; 28; a(72,73)
50; 0, 39; r(5,62)
51; 0, 39; original
52; 0; r(5,62)
53; 39; original
54; 35; a(66,105)
55; 29; r(66,74)
56; 32; d(5)
57; 26; r(66,70)
--------------------------------------------------------------------------------
Mutation

0; a(65,76) r(35,104)
1; a(65,91) d(34)
2; a(65,76) d(29)
3; a(65,91) a(72,90)
4; d(66) d(29)
5; r(74,73) a(35,52)
6; r(66,74) d(69)
7; a(66,105) a(6,55)
8; r(66,74) r(34,39)
9; a(66,105) a(73,45)
10; r(5,62) d(72)
11; a(65,76) d(72)
12; a(74,45) d(29)
13; d(5) r(72,43)
14; a(65,76) r(29,90)
15; r(64,71) d(29)
16; a(65,76) a(65,73)
17; r(64,71) d(34)
18; r(69,55) a(67,57)
19; a(6,99) r(66,43)
20; r(69,55) r(73,72)
21; a(6,99) r(69,40)
22; r(73,45) a(6,38)
23; a(66,105) d(65)
24; d(73) a(66,40)
25; a(34,47) d(29)
26; d(73) a(74,75)
27; a(34,47) d(34)
28; r(66,74) a(29,105)
29; a(65,91) a(72,104)
30; r(66,74) a(6,35)
31; a(65,91) a(35,105)
32; r(65,73) a(35,34)
33; d(5) d(74)
34; a(65,76) d(64)
35; d(67) a(69,88)
36; a(71,55) r(6,46)
37; r(5,29) a(34,99)
38; r(69,55) a(29,44)
39; d(66) a(69,67)
40; r(65,73) d(73)
41; a(71,57) a(34,36)
42; r(65,73) r(35,42)
43; a(71,57) r(74,71)
44; a(72,73) d(5)
45; r(64,76)
46; r(66,74) r(69,52)
47; a(72,73) r(66,72)
48; r(66,74) r(5,42)
49; a(72,73) d(29)
50; r(5,62) a(72,70)
51; r(6,88)
52; r(5,62) r(66,69)
53; r(74,76)
54; a(66,105) r(5,52)
55; r(66,74) d(72)
56; d(5) r(35,91)
57; r(66,70) a(71,76)
--------------------------------------------------------------------------------
Evaluation

0; 15.
1; 0.
2; 0.
3; 0.
4; 3.
5; 15.
6; 0.
7; 5.
8; 3.
9; 5.
10; 0.
11; 0.
12; 5.
13; 0.
14; 0.
15; 0.
16; 0.
17; 0.
18; 0.
19; 3.
20; 0.
21; 0.
22; 15.
23; 0.
24; 15.
25; 5.
26; 15.
27; 5.
28; 3.
29; 0.
30; 3.
31; 0.
32; 0.
33; 15.
34; 0.
35; 5.
36; 0.
37; 5.
38; 15.
39; 3.
40; 0.
41; 15.
42; 15.
43; 15.
44; 4.
45; 0.
46; 0.
47; 3.
48; 0.
49; 5.
50; 15.
51; 0.
52; 3.
53; 15.
54; 5.
55; 15.
56; 15.
57; 15.
================================================================================
Generation 2

--------------------------------------------------------------------------------
Selection

0; 30
1; 52
2; 45
3; 37
4; 18
5; 18
6; 41
7; 28
8; 15
9; 53
10; 11
11; 0
12; 28
13; 2
14; 48
15; 15
16; 0
17; 19
18; 11
19; 2
20; 35
21; 27
22; 3
23; 49
24; 40
25; 10
26; 13
27; 34
28; 32
29; 6
30; 3
31; 25
32; 15
33; 34
34; 3
35; 13
36; 10
37; 12
38; 7
39; 54
--------------------------------------------------------------------------------
Crossover

0; 3, 52; a(65,91) a(72,90)
1; 3, 52; r(5,62) r(66,69)
2; 3; a(65,91) a(72,90)
3; 52; r(5,62) r(66,69)
4; 45; r(64,76)
5; 2; a(65,76) d(29)
6; 34; a(65,76) d(64)
7; 49; a(72,73) d(29)
8; 3, 48; a(65,91) a(72,90) r(5,42)
9; 3, 48; r(66,74)
10; 3; a(65,91) a(72,90)
11; 48; r(66,74) r(5,42)
12; 0; a(65,76) r(35,104)
13; 7; a(66,105) a(6,55)
14; 15; r(64,71) d(29)
15; 10; r(5,62) d(72)
16; 19, 30; a(6,99) r(66,43) a(6,35)
17; 19, 30; r(66,74)
18; 19; a(6,99) r(66,43)
19; 30; r(66,74) a(6,35)
20; 2; a(65,76) d(29)
21; 15; r(64,71) d(29)
22; 18, 28; r(69,55) a(67,57) a(29,105)
23; 18, 28; r(66,74)
24; 18; r(69,55) a(67,57)
25; 28; r(66,74) a(29,105)
26; 54; a(66,105) r(5,52)
27; 15; r(64,71) d(29)
28; 34, 13; a(65,76) d(64) r(72,43)
29; 34, 13; d(5)
30; 34; a(65,76) d(64)
31; 13; d(5) r(72,43)
32; 41; a(71,57) a(34,36)
33; 13; d(5) r(72,43)
34; 12; a(74,45) d(29)
35; 53; r(74,76)
36; 11; a(65,76) d(72)
37; 25; a(34,47) d(29)
38; 3, 40; a(65,91) a(72,90)
39; 3, 40; r(65,73) d(73)
40; 3; a(65,91) a(72,90)
41; 40; r(65,73) d(73)
42; 37; r(5,29) a(34,99)
43; 0; a(65,76) r(35,104)
44; 32, 27; r(65,73)
45; 32, 27; a(34,47) d(34) a(35,34)
46; 32; r(65,73) a(35,34)
47; 27; a(34,47) d(34)
48; 6; r(66,74) d(69)
49; 28; r(66,74) a(29,105)
50; 35; d(67) a(69,88)
51; 10; r(5,62) d(72)
52; 18, 11; r(69,55)
53; 18, 11; a(65,76) d(72) a(67,57)
54; 18; r(69,55) a(67,57)
55; 11; a(65,76) d(72)
--------------------------------------------------------------------------------
Mutation

0; a(65,91) a(72,90) a(6,52)
1; r(5,62) r(66,69) a(29,47)
2; a(65,91) a(72,90) a(64,99)
3; r(5,62) r(66,69) a(29,52)
4; r(64,76) d(6)
5; a(65,76) d(29) a(64,70)
6; a(65,76) d(64) a(34,57)
7; a(72,73) d(29) d(67)
8; a(65,91) a(72,90) r(5,42) r(64,73)
9; r(66,74) d(72)
10; a(65,91) a(72,90) d(5)
11; r(66,74) r(5,42) r(69,74)
12; a(65,76) r(35,104) d(74)
13; a(66,105) a(6,55) d(72)
14; r(64,71) d(29) d(6)
15; r(5,62) d(72) a(73,45)
16; a(6,99) r(66,43) a(6,35) d(71)
17; r(66,74) r(35,57)
18; a(6,99) r(66,43) d(69)
19; r(66,74) a(6,35) a(6,63)
20; a(65,76) d(29) r(74,55)
21; r(64,71) d(29) d(6)
22; r(69,55) a(67,57) a(29,105) d(72)
23; r(66,74) d(64)
24; r(69,55) a(67,57) r(74,45)
25; r(66,74) a(29,105) a(74,69)
26; a(66,105) r(5,52) r(34,35)
27; r(64,71) d(29) r(6,62)
28; a(65,76) d(64) r(72,43) d(29)
29; d(5) a(67,50)
30; a(65,76) d(64) d(34)
31; d(5) r(72,43) r(35,39)
32; a(71,57) a(34,36) a(34,47)
33; d(5) r(72,43) a(64,57)
34; a(74,45) d(29) a(5,50)
35; r(74,76) d(66)
36; a(65,76) d(72) a(67,49)
37; a(34,47) d(29) a(66,45)
38; a(65,91) a(72,90) r(72,55)
39; r(65,73) d(73) r(71,49)
40; a(65,91) a(72,90) r(5,47)
41; r(65,73) d(73) a(74,62)
42; r(5,29) a(34,99) r(71,91)
43; a(65,76) r(35,104) d(65)
44; r(65,73) a(73,72)
45; a(34,47) d(34) a(35,34) r(73,44)
46; r(65,73) a(35,34) d(66)
47; a(34,47) d(34) r(65,73)
48; r(66,74) d(69) a(6,49)
49; r(66,74) a(29,105) r(34,35)
50; d(67) a(69,88) d(74)
51; r(5,62) d(72) d(64)
52; r(69,55) d(6)
53; a(65,76) d(72) a(67,57) a(73,99)
54; r(69,55) a(67,57) d(67)
55; a(65,76) d(72) a(71,49)
--------------------------------------------------------------------------------
Evaluation

0; 0.
1; 3.
2; 0.
3; 3.
4; 0.
5; 0.
6; 0.
7; 5.
8; 0.
9; 15.
10; 0.
11; 0.
12; 15.
13; 15.
14; 0.
15; 0.
16; 3.
17; 15.
18; 0.
19; 3.
20; 0.
21; 0.
22; 0.
23; 0.
24; 0.
25; 3.
26; 5.
27; 0.
28; 0.
29; 5.
30; 0.
31; 0.
32; 15.
33; 0.
34; 5.
35; 15.
36; 0.
37; 5.
38; 0.
39; 0.
40; 0.
41; 0.
42; 15.
43; 15.
44; 0.
45; 15.
46; 0.
47; 0.
48; 0.
49; 3.
50; 15.
51; 0.
52; 0.
53; 0.
54; 0.
55; 0.
================================================================================
Generation 3

--------------------------------------------------------------------------------
Selection

0; 28
1; 21
2; 55
3; 54
4; 21
5; 33
6; 21
7; 28
8; 38
9; 22
10; 27
11; 48
12; 20
13; 55
14; 8
15; 40
16; 24
17; 49
18; 24
19; 16
20; 36
21; 49
22; 48
23; 31
24; 44
25; 23
26; 47
27; 3
28; 28
29; 54
30; 23
31; 0
32; 28
33; 23
34; 11
35; 2
36; 6
37; 4
38; 27
39; 35
--------------------------------------------------------------------------------
Crossover

0; 49; r(66,74) a(29,105) r(34,35)
1; 8; a(65,91) a(72,90) r(5,42) r(64,73)
2; 23; r(66,74) d(64)
3; 48; r(66,74) d(69) a(6,49)
4; 38; a(65,91) a(72,90) r(72,55)
5; 21; r(64,71) d(29) d(6)
6; 20; a(65,76) d(29) r(74,55)
7; 27; r(64,71) d(29) r(6,62)
8; 27; r(64,71) d(29) r(6,62)
9; 33; d(5) r(72,43) a(64,57)
10; 0; a(65,91) a(72,90) a(6,52)
11; 24; r(69,55) a(67,57) r(74,45)
12; 28; a(65,76) d(64) r(72,43) d(29)
13; 31; d(5) r(72,43) r(35,39)
14; 2, 28; a(65,91) a(72,90)
15; 2, 28; a(65,76) d(64) r(72,43) d(29) a(64,99)
16; 2; a(65,91) a(72,90) a(64,99)
17; 28; a(65,76) d(64) r(72,43) d(29)
18; 54, 54; r(69,55)
19; 54, 54; r(69,55) a(67,57) d(67) a(67,57) d(67)
20; 54; r(69,55) a(67,57) d(67)
21; 54; r(69,55) a(67,57) d(67)
22; 44, 49; r(65,73) a(73,72) a(29,105) r(34,35)
23; 44, 49; r(66,74)
24; 44; r(65,73) a(73,72)
25; 49; r(66,74) a(29,105) r(34,35)
26; 55; a(65,76) d(72) a(71,49)
27; 36; a(65,76) d(72) a(67,49)
28; 23, 21; r(66,74) d(29) d(6)
29; 23, 21; r(64,71) d(64)
30; 23; r(66,74) d(64)
31; 21; r(64,71) d(29) d(6)
32; 48, 28; r(66,74) d(69) r(72,43) d(29)
33; 48, 28; a(65,76) d(64) a(6,49)
34; 48; r(66,74) d(69) a(6,49)
35; 28; a(65,76) d(64) r(72,43) d(29)
36; 23; r(66,74) d(64)
37; 16; a(6,99) r(66,43) a(6,35) d(71)
38; 55, 28; a(65,76) d(72) a(71,49) d(29)
39; 55, 28; a(65,76) d(64) r(72,43)
40; 55; a(65,76) d(72) a(71,49)
41; 28; a(65,76) d(64) r(72,43) d(29)
42; 6, 40; a(65,76) d(64) a(34,57)
43; 6, 40; a(65,91) a(72,90) r(5,47)
44; 6; a(65,76) d(64) a(34,57)
45; 40; a(65,91) a(72,90) r(5,47)
46; 47; a(34,47) d(34) r(65,73)
47; 4; r(64,76) d(6)
48; 3; r(5,62) r(66,69) a(29,52)
49; 21; r(64,71) d(29) d(6)
50; 11, 22; r(66,74) r(5,42) a(67,57) a(29,105) d(72)
51; 11, 22; r(69,55) r(69,74)
52; 11; r(66,74) r(5,42) r(69,74)
53; 22; r(69,55) a(67,57) a(29,105) d(72)
54; 24, 35; r(69,55) d(66)
55; 24, 35; r(74,76) a(67,57) r(74,45)
56; 24; r(69,55) a(67,57) r(74,45)
57; 35; r(74,76) d(66)
--------------------------------------------------------------------------------
Mutation

0; r(66,74) a(29,105) r(34,35) a(71,34)
1; a(65,91) a(72,90) r(5,42) r(64,73) r(35,40)
2; r(66,74) d(64) r(5,42)
3; r(66,74) d(69) a(6,49) d(73)
4; a(65,91) a(72,90) r(72,55) r(5,62)
5; r(64,71) d(29) d(6) a(5,54)
6; a(65,76) d(29) r(74,55) r(5,36)
7; r(64,71) d(29) r(6,62) a(5,47)
8; r(64,71) d(29) r(6,62) r(35,51)
9; d(5) r(72,43) a(64,57) a(66,75)
10; a(65,91) a(72,90) a(6,52) r(71,69)
11; r(69,55) a(67,57) r(74,45) d(29)
12; a(65,76) d(64) r(72,43) d(29) d(6)
13; d(5) r(72,43) r(35,39) a(66,76)
14; a(65,91) a(72,90) r(34,41)
15; a(65,76) d(64) r(72,43) d(29) a(64,99) a(35,104)
16; a(65,91) a(72,90) a(64,99) d(74)
17; a(65,76) d(64) r(72,43) d(29) r(35,43)
18; r(69,55) a(72,49)
19; r(69,55) a(67,57) d(67) a(67,57) d(67) r(35,39)
20; r(69,55) a(67,57) d(67) a(72,64)
21; r(69,55) a(67,57) d(67) a(74,45)
22; r(65,73) a(73,72) a(29,105) r(34,35) r(5,42)
23; r(66,74) d(65)
24; r(65,73) a(73,72) r(29,58)
25; r(66,74) a(29,105) r(34,35) d(74)
26; a(65,76) d(72) a(71,49) a(74,62)
27; a(65,76) d(72) a(67,49) r(5,36)
28; r(66,74) d(29) d(6) a(5,90)
29; r(64,71) d(64) r(6,54)
30; r(66,74) d(64) d(34)
31; r(64,71) d(29) d(6) r(5,57)
32; r(66,74) d(69) r(72,43) d(29) d(74)
33; a(65,76) d(64) a(6,49) r(29,56)
34; r(66,74) d(69) a(6,49) d(74)
35; a(65,76) d(64) r(72,43) d(29) r(5,62)
36; r(66,74) d(64) d(29)
37; a(6,99) r(66,43) a(6,35) d(71) r(74,72)
38; a(65,76) d(72) a(71,49) d(29) r(6,105)
39; a(65,76) d(64) r(72,43) d(29)
40; a(65,76) d(72) a(71,49) r(6,91)
41; a(65,76) d(64) r(72,43) d(29) d(5)
42; a(65,76) d(64) a(34,57) a(35,34)
43; a(65,91) a(72,90) r(5,47) d(64)
44; a(65,76) d(64) a(34,57) d(6)
45; a(65,91) a(72,90) r(5,47) d(29)
46; a(34,47) d(34) r(65,73) a(6,41)
47; r(64,76) d(6) d(35)
48; r(5,62) r(66,69) a(29,52) a(72,88)
49; r(64,71) d(29) d(6) r(35,55)
50; r(66,74) r(5,42) a(67,57) a(29,105) d(72) d(71)
51; r(69,55) r(69,74) a(64,99)
52; r(66,74) r(5,42) r(69,74) d(35)
53; r(69,55) a(67,57) a(29,105) d(72) d(35)
54; r(69,55) d(66) d(29)
55; r(74,76) a(67,57) r(74,45) a(35,55)
56; r(69,55) a(67,57) r(74,45) d(66)
57; r(74,76) d(66) a(34,51)
--------------------------------------------------------------------------------
Evaluation

0; 3.
1; 15.
2; 0.
3; 0.
4; 0.
5; 0.
6; 0.
7; 0.
8; 0.
9; 0.
10; 0.
11; 0.
12; 0.
13; 0.
14; 0.
15; 15.
16; 0.
17; 0.
18; 0.
19; 0.
20; 3.
21; 0.
22; 0.
23; 0.
24; 0.
25; 3.
26; 0.
27; 0.
28; 0.
29; 15.
30; 0.
31; 0.
32; 0.
33; 15.
34; 0.
35; 0.
36; 0.
37; 15.
38; 0.
39; 0.
40; 15.
41; 0.
42; 0.
43; 0.
44; 0.
45; 0.
46; 0.
47; 0.
48; 3.
49; 0.
50; 0.
51; 0.
52; 15.
53; 15.
54; 0.
55; 15.
56; 0.
57; 15.
================================================================================
Generation 4

--------------------------------------------------------------------------------
Selection

0; 3
1; 6
2; 28
3; 27
4; 18
5; 2
6; 16
7; 49
8; 2
9; 54
10; 50
11; 22
12; 32
13; 47
14; 4
15; 36
16; 34
17; 47
18; 34
19; 10
20; 3
21; 7
22; 9
23; 6
24; 44
25; 34
26; 42
27; 52
28; 47
29; 50
30; 7
31; 35
32; 32
33; 18
34; 44
35; 32
36; 41
37; 20
38; 9
39; 39
--------------------------------------------------------------------------------
Crossover

0; 50; r(66,74) r(5,42) a(67,57) a(29,105) d(72) d(71)
1; 39; a(65,76) d(64) r(72,43) d(29)
2; 22, 3; r(65,73) a(6,49) d(73)
3; 22, 3; r(66,74) d(69) a(73,72) a(29,105) r(34,35) r(5,42)
4; 22; r(65,73) a(73,72) a(29,105) r(34,35) r(5,42)
5; 3; r(66,74) d(69) a(6,49) d(73)
6; 47; r(64,76) d(6) d(35)
7; 7; r(64,71) d(29) r(6,62) a(5,47)
8; 9; d(5) r(72,43) a(64,57) a(66,75)
9; 4; a(65,91) a(72,90) r(72,55) r(5,62)
10; 36; r(66,74) d(64) d(29)
11; 9; d(5) r(72,43) a(64,57) a(66,75)
12; 32, 20; r(66,74) a(67,57) d(67) a(72,64)
13; 32, 20; r(69,55) d(69) r(72,43) d(29) d(74)
14; 32; r(66,74) d(69) r(72,43) d(29) d(74)
15; 20; r(69,55) a(67,57) d(67) a(72,64)
16; 16, 50; a(65,91) a(72,90) a(64,99) a(67,57) a(29,105) d(72) d(71)
17; 16, 50; r(66,74) r(5,42) d(74)
18; 16; a(65,91) a(72,90) a(64,99) d(74)
19; 50; r(66,74) r(5,42) a(67,57) a(29,105) d(72) d(71)
20; 7; r(64,71) d(29) r(6,62) a(5,47)
21; 41; a(65,76) d(64) r(72,43) d(29) d(5)
22; 6, 49; a(65,76) d(29) r(74,55) d(29) d(6) r(35,55)
23; 6, 49; r(64,71) r(5,36)
24; 6; a(65,76) d(29) r(74,55) r(5,36)
25; 49; r(64,71) d(29) d(6) r(35,55)
26; 34, 47; r(66,74) d(69) a(6,49) d(74) d(6) d(35)
27; 34, 47; r(64,76)
28; 34; r(66,74) d(69) a(6,49) d(74)
29; 47; r(64,76) d(6) d(35)
30; 42, 18; a(65,76)
31; 42, 18; r(69,55) a(72,49) d(64) a(34,57) a(35,34)
32; 42; a(65,76) d(64) a(34,57) a(35,34)
33; 18; r(69,55) a(72,49)
34; 54; r(69,55) d(66) d(29)
35; 6; a(65,76) d(29) r(74,55) r(5,36)
36; 32; r(66,74) d(69) r(72,43) d(29) d(74)
37; 34; r(66,74) d(69) a(6,49) d(74)
38; 18, 32; r(69,55) a(72,49)
39; 18, 32; r(66,74) d(69) r(72,43) d(29) d(74)
40; 18; r(69,55) a(72,49)
41; 32; r(66,74) d(69) r(72,43) d(29) d(74)
42; 35; a(65,76) d(64) r(72,43) d(29) r(5,62)
43; 44; a(65,76) d(64) a(34,57) d(6)
44; 2, 44; r(66,74) a(34,57) d(6)
45; 2, 44; a(65,76) d(64) d(64) r(5,42)
46; 2; r(66,74) d(64) r(5,42)
47; 44; a(65,76) d(64) a(34,57) d(6)
48; 2, 3; r(66,74) d(64) r(5,42) d(69) a(6,49) d(73)
49; 2, 3; r(66,74)
50; 2; r(66,74) d(64) r(5,42)
51; 3; r(66,74) d(69) a(6,49) d(73)
52; 10, 28; a(65,91) a(5,90)
53; 10, 28; r(66,74) d(29) d(6) a(72,90) a(6,52) r(71,69)
54; 10; a(65,91) a(72,90) a(6,52) r(71,69)
55; 28; r(66,74) d(29) d(6) a(5,90)
56; 47, 52; r(64,76) r(5,42) r(69,74) d(35)
57; 47, 52; r(66,74) d(6) d(35)
58; 47; r(64,76) d(6) d(35)
59; 52; r(66,74) r(5,42) r(69,74) d(35)
60; 27, 34; a(65,76) d(72) a(67,49)
61; 27, 34; r(66,74) d(69) a(6,49) d(74) r(5,36)
62; 27; a(65,76) d(72) a(67,49) r(5,36)
63; 34; r(66,74) d(69) a(6,49) d(74)
--------------------------------------------------------------------------------
Mutation

0; r(66,74) r(5,42) a(67,57) a(29,105) d(72) d(71) a(64,40)
1; a(65,76) d(64) r(72,43) d(29) a(35,46)
2; r(65,73) a(6,49) d(73) r(35,104)
3; r(66,74) d(69) a(73,72) a(29,105) r(34,35) r(5,42) r(29,99)
4; r(65,73) a(73,72) a(29,105) r(34,35) r(5,42) d(69)
5; r(66,74) d(69) a(6,49) d(73) d(34)
6; r(64,76) d(6) d(35) d(34)
7; r(64,71) d(29) r(6,62) a(5,47) d(35)
8; d(5) r(72,43) a(64,57) a(66,75) d(67)
9; a(65,91) a(72,90) r(72,55) r(5,62) d(64)
10; r(66,74) d(64) d(29) d(6)
11; d(5) r(72,43) a(64,57) a(66,75) a(71,43)
12; r(66,74) a(67,57) d(67) a(72,64) d(34)
13; r(69,55) d(69) r(72,43) d(29) d(74) d(6)
14; r(66,74) d(69) r(72,43) d(29) d(74) d(5)
15; r(69,55) a(67,57) d(67) a(72,64) a(74,75)
16; a(65,91) a(72,90) a(64,99) a(67,57) a(29,105) d(72) d(71) d(6)
17; r(66,74) r(5,42) d(74) r(65,71)
18; a(65,91) a(72,90) a(64,99) d(74) r(29,54)
19; r(66,74) r(5,42) a(67,57) a(29,105) d(72) d(71) d(65)
20; r(64,71) d(29) r(6,62) a(5,47) a(35,46)
21; a(65,76) d(64) r(72,43) d(29) d(5) r(35,71)
22; a(65,76) d(29) r(74,55) d(29) d(6) r(35,55) d(5)
23; r(64,71) r(5,36) r(34,104)
24; a(65,76) d(29) r(74,55) r(5,36) a(64,63)
25; r(64,71) d(29) d(6) r(35,55) d(5)
26; r(66,74) d(69) a(6,49) d(74) d(6) d(35) a(29,49)
27; r(64,76) a(34,76)
28; r(66,74) d(69) a(6,49) d(74) a(73,74)
29; r(64,76) d(6) d(35) d(34)
30; a(65,76) d(65)
31; r(69,55) a(72,49) d(64) a(34,57) a(35,34) r(35,63)
32; a(65,76) d(64) a(34,57) a(35,34) r(5,91)
33; r(69,55) a(72,49) d(67)
34; r(69,55) d(66) d(29) a(64,65)
35; a(65,76) d(29) r(74,55) r(5,36) a(67,88)
36; r(66,74) d(69) r(72,43) d(29) d(74) d(6)
37; r(66,74) d(69) a(6,49) d(74) d(29)
38; r(69,55) a(72,49) r(73,49)
39; r(66,74) d(69) r(72,43) d(29) d(74) r(6,54)
40; r(69,55) a(72,49) a(6,58)
41; r(66,74) d(69) r(72,43) d(29) d(74) r(6,62)
42; a(65,76) d(64) r(72,43) d(29) r(5,62) a(35,99)
43; a(65,76) d(64) a(34,57) d(6) d(35)
44; r(66,74) a(34,57) d(6) r(69,73)
45; a(65,76) d(64) d(64) r(5,42) r(29,99)
46; r(66,74) d(64) r(5,42) a(34,51)
47; a(65,76) d(64) a(34,57) d(6) d(34)
48; r(66,74) d(64) r(5,42) d(69) a(6,49) d(73) d(34)
49; r(66,74) d(65)
50; r(66,74) d(64) r(5,42) d(35)
51; r(66,74) d(69) a(6,49) d(73) r(74,44)
52; a(65,91) a(5,90) d(6)
53; r(66,74) d(29) d(6) a(72,90) a(6,52) r(71,69) d(69)
54; a(65,91) a(72,90) a(6,52) r(71,69) d(69)
55; r(66,74) d(29) d(6) a(5,90) a(69,71)
56; r(64,76) r(5,42) r(69,74) d(35) d(34)
57; r(66,74) d(6) d(35) a(69,90)
58; r(64,76) d(6) d(35) d(5)
59; r(66,74) r(5,42) r(69,74) d(35) r(64,73)
60; a(65,76) d(72) a(67,49) a(67,67)
61; r(66,74) d(69) a(6,49) d(74) r(5,36) a(65,62)
62; a(65,76) d(72) a(67,49) r(5,36) r(69,52)
63; r(66,74) d(69) a(6,49) d(74) r(35,43)
--------------------------------------------------------------------------------
Evaluation

0; 0.
1; 0.
2; 15.
3; 0.
4; 0.
5; 0.
6; 0.
7; 0.
8; 0.
9; 0.
10; 0.
11; 0.
12; 3.
13; 0.
14; 0.
15; 3.
16; 0.
17; 0.
18; 0.
19; 0.
20; 0.
21; 0.
22; 0.
23; 15.
24; 0.
25; 0.
26; 0.
27; 15.
28; 0.
29; 0.
30; 0.
31; 15.
32; 15.
33; 0.
34; 0.
35; 0.
36; 0.
37; 0.
38; 0.
39; 0.
40; 0.
41; 0.
42; 0.
43; 0.
44; 0.
45; 0.
46; 0.
47; 0.
48; 0.
49; 0.
50; 15.
51; 15.
52; 0.
53; 0.
54; 0.
55; 0.
56; 15.
57; 0.
58; 0.
59; 15.
60; 0.
61; 0.
62; 0.
63; 15.
================================================================================
Generation 5

--------------------------------------------------------------------------------
Selection

0; 4
1; 61
2; 1
3; 58
4; 54
5; 41
6; 21
7; 47
8; 7
9; 43
10; 46
11; 37
12; 11
13; 44
14; 8
15; 29
16; 58
17; 57
18; 48
19; 10
20; 45
21; 24
22; 34
23; 40
24; 4
25; 11
26; 8
27; 61
28; 35
29; 44
30; 35
31; 61
32; 48
33; 54
34; 4
35; 13
36; 39
37; 42
38; 39
39; 28
--------------------------------------------------------------------------------
Crossover

0; 4, 37; r(65,73) a(73,72) a(29,105) d(74) d(29)
1; 4, 37; r(66,74) d(69) a(6,49) r(34,35) r(5,42) d(69)
2; 4; r(65,73) a(73,72) a(29,105) r(34,35) r(5,42) d(69)
3; 37; r(66,74) d(69) a(6,49) d(74) d(29)
4; 47; a(65,76) d(64) a(34,57) d(6) d(34)
5; 58; r(64,76) d(6) d(35) d(5)
6; 7, 43; r(64,71) d(29) r(6,62) d(64) a(34,57) d(6) d(35)
7; 7, 43; a(65,76) a(5,47) d(35)
8; 7; r(64,71) d(29) r(6,62) a(5,47) d(35)
9; 43; a(65,76) d(64) a(34,57) d(6) d(35)
10; 11, 29; d(5) r(72,43) a(64,57) a(66,75) a(71,43) d(34)
11; 11, 29; r(64,76) d(6) d(35)
12; 11; d(5) r(72,43) a(64,57) a(66,75) a(71,43)
13; 29; r(64,76) d(6) d(35) d(34)
14; 21, 24; a(65,76)
15; 21, 24; a(65,76) d(29) r(74,55) r(5,36) a(64,63) d(64) r(72,43) d(29) d(5) r(35,71)
16; 21; a(65,76) d(64) r(72,43) d(29) d(5) r(35,71)
17; 24; a(65,76) d(29) r(74,55) r(5,36) a(64,63)
18; 44, 44; r(66,74) a(34,57) a(34,57) d(6) r(69,73)
19; 44, 44; r(66,74) d(6) r(69,73)
20; 44; r(66,74) a(34,57) d(6) r(69,73)
21; 44; r(66,74) a(34,57) d(6) r(69,73)
22; 48; r(66,74) d(64) r(5,42) d(69) a(6,49) d(73) d(34)
23; 4; r(65,73) a(73,72) a(29,105) r(34,35) r(5,42) d(69)
24; 10, 48; r(66,74) d(64) d(29) d(6) r(5,42) d(69) a(6,49) d(73) d(34)
25; 10, 48; r(66,74) d(64)
26; 10; r(66,74) d(64) d(29) d(6)
27; 48; r(66,74) d(64) r(5,42) d(69) a(6,49) d(73) d(34)
28; 4; r(65,73) a(73,72) a(29,105) r(34,35) r(5,42) d(69)
29; 35; a(65,76) d(29) r(74,55) r(5,36) a(67,88)
30; 8, 57; d(5)
31; 8, 57; r(66,74) d(6) d(35) a(69,90) r(72,43) a(64,57) a(66,75) d(67)
32; 8; d(5) r(72,43) a(64,57) a(66,75) d(67)
33; 57; r(66,74) d(6) d(35) a(69,90)
34; 40, 54; r(69,55) a(72,49) r(71,69) d(69)
35; 40, 54; a(65,91) a(72,90) a(6,52) a(6,58)
36; 40; r(69,55) a(72,49) a(6,58)
37; 54; a(65,91) a(72,90) a(6,52) r(71,69) d(69)
38; 34; r(69,55) d(66) d(29) a(64,65)
39; 58; r(64,76) d(6) d(35) d(5)
40; 46, 45; r(66,74) d(64) r(5,42) d(64) d(64) r(5,42) r(29,99)
41; 46, 45; a(65,76) a(34,51)
42; 46; r(66,74) d(64) r(5,42) a(34,51)
43; 45; a(65,76) d(64) d(64) r(5,42) r(29,99)
44; 11, 1; d(5) r(72,43)
45; 11, 1; a(65,76) d(64) r(72,43) d(29) a(35,46) a(64,57) a(66,75) a(71,43)
46; 11; d(5) r(72,43) a(64,57) a(66,75) a(71,43)
47; 1; a(65,76) d(64) r(72,43) d(29) a(35,46)
48; 39; r(66,74) d(69) r(72,43) d(29) d(74) r(6,54)
49; 54; a(65,91) a(72,90) a(6,52) r(71,69) d(69)
50; 39; r(66,74) d(69) r(72,43) d(29) d(74) r(6,54)
51; 8; d(5) r(72,43) a(64,57) a(66,75) d(67)
52; 35, 61; a(65,76) d(29) r(74,55) a(6,49) d(74) r(5,36) a(65,62)
53; 35, 61; r(66,74) d(69) r(5,36) a(67,88)
54; 35; a(65,76) d(29) r(74,55) r(5,36) a(67,88)
55; 61; r(66,74) d(69) a(6,49) d(74) r(5,36) a(65,62)
56; 28, 61; r(66,74) d(69) a(6,49) d(74) a(73,74) a(65,62)
57; 28, 61; r(66,74) d(69) a(6,49) d(74) r(5,36)
58; 28; r(66,74) d(69) a(6,49) d(74) a(73,74)
59; 61; r(66,74) d(69) a(6,49) d(74) r(5,36) a(65,62)
60; 42, 13; a(65,76) d(64) r(72,43) d(29) r(5,62) a(35,99) d(29) d(74) d(6)
61; 42, 13; r(69,55) d(69) r(72,43)
62; 42; a(65,76) d(64) r(72,43) d(29) r(5,62) a(35,99)
63; 13; r(69,55) d(69) r(72,43) d(29) d(74) d(6)
64; 41, 61; r(66,74) d(69) r(72,43) d(29) d(74) r(6,62) a(65,62)
65; 41, 61; r(66,74) d(69) a(6,49) d(74) r(5,36)
66; 41; r(66,74) d(69) r(72,43) d(29) d(74) r(6,62)
67; 61; r(66,74) d(69) a(6,49) d(74) r(5,36) a(65,62)
--------------------------------------------------------------------------------
Mutation

0; r(65,73) a(73,72) a(29,105) d(74) d(29) a(5,56)
1; r(66,74) d(69) a(6,49) r(34,35) r(5,42) d(69) d(73)
2; r(65,73) a(73,72) a(29,105) r(34,35) r(5,42) d(69) a(74,72)
3; r(66,74) d(69) a(6,49) d(74) d(29) d(65)
4; a(65,76) d(64) a(34,57) d(6) d(34) a(5,99)
5; r(64,76) d(6) d(35) d(5) r(34,49)
6; r(64,71) d(29) r(6,62) d(64) a(34,57) d(6) d(35) r(5,70)
7; a(65,76) a(5,47) d(35) d(66)
8; r(64,71) d(29) r(6,62) a(5,47) d(35) d(5)
9; a(65,76) d(64) a(34,57) d(6) d(35) a(34,50)
10; d(5) r(72,43) a(64,57) a(66,75) a(71,43) d(34) d(66)
11; r(64,76) d(6) d(35) d(29)
12; d(5) r(72,43) a(64,57) a(66,75) a(71,43) d(65)
13; r(64,76) d(6) d(35) d(34) r(29,49)
14; a(65,76) a(64,37)
15; a(65,76) d(29) r(74,55) r(5,36) a(64,63) d(64) r(72,43) d(29) d(5) r(35,71)
16; a(65,76) d(64) r(72,43) d(29) d(5) r(35,71)
17; a(65,76) d(29) r(74,55) r(5,36) a(64,63) d(64)
18; r(66,74) a(34,57) a(34,57) d(6) r(69,73) a(5,58)
19; r(66,74) d(6) r(69,73) d(72)
20; r(66,74) a(34,57) d(6) r(69,73) d(64)
21; r(66,74) a(34,57) d(6) r(69,73) a(73,69)
22; r(66,74) d(64) r(5,42) d(69) a(6,49) d(73) d(34) d(29)
23; r(65,73) a(73,72) a(29,105) r(34,35) r(5,42) d(69) d(35)
24; r(66,74) d(64) d(29) d(6) r(5,42) d(69) a(6,49) d(73) d(34) r(35,105)
25; r(66,74) d(64) r(5,58)
26; r(66,74) d(64) d(29) d(6) a(35,42)
27; r(66,74) d(64) r(5,42) d(69) a(6,49) d(73) d(34) a(35,47)
28; r(65,73) a(73,72) a(29,105) r(34,35) r(5,42) d(69) a(72,73)
29; a(65,76) d(29) r(74,55) r(5,36) a(67,88) a(65,49)
30; d(5) r(74,45)
31; r(66,74) d(6) d(35) a(69,90) r(72,43) a(64,57) a(66,75) d(67) r(64,72)
32; d(5) r(72,43) a(64,57) a(66,75) d(67) r(64,104)
33; r(66,74) d(6) d(35) a(69,90) a(71,64)
34; r(69,55) a(72,49) r(71,69) d(69) r(67,38)
35; a(65,91) a(72,90) a(6,52) a(6,58) d(64)
36; r(69,55) a(72,49) a(6,58) d(6)
37; a(65,91) a(72,90) a(6,52) r(71,69) d(69) r(29,104)
38; r(69,55) d(66) d(29) a(64,65) a(6,88)
39; r(64,76) d(6) d(35) d(5) d(29)
40; r(66,74) d(64) r(5,42) d(64) d(64) r(5,42) r(29,99) r(35,45)
41; a(65,76) a(34,51) d(65)
42; r(66,74) d(64) r(5,42) a(34,51) r(35,91)
43; a(65,76) d(64) d(64) r(5,42) r(29,99) d(35)
44; d(5) r(72,43) d(67)
45; a(65,76) d(64) r(72,43) d(29) a(35,46) a(64,57) a(66,75) a(71,43) a(35,51)
46; d(5) r(72,43) a(64,57) a(66,75) a(71,43) r(65,90)
47; a(65,76) d(64) r(72,43) d(29) a(35,46) r(35,41)
48; r(66,74) d(69) r(72,43) d(29) d(74) r(6,54) a(73,34)
49; a(65,91) a(72,90) a(6,52) r(71,69) d(69) a(72,57)
50; r(66,74) d(69) r(72,43) d(29) d(74) r(6,54) r(73,49)
51; d(5) r(72,43) a(64,57) a(66,75) d(67) d(66)
52; a(65,76) d(29) r(74,55) a(6,49) d(74) r(5,36) a(65,62) r(64,75)
53; r(66,74) d(69) r(5,36) a(67,88) a(73,105)
54; a(65,76) d(29) r(74,55) r(5,36) a(67,88) d(64)
55; r(66,74) d(69) a(6,49) d(74) r(5,36) a(65,62) d(73)
56; r(66,74) d(69) a(6,49) d(74) a(73,74) a(65,62) d(34)
57; r(66,74) d(69) a(6,49) d(74) r(5,36) a(65,104)
58; r(66,74) d(69) a(6,49) d(74) a(73,74) r(34,5)
59; r(66,74) d(69) a(6,49) d(74) r(5,36) a(65,62) a(64,40)
60; a(65,76) d(64) r(72,43) d(29) r(5,62) a(35,99) d(29) d(74) d(6) a(35,35)
61; r(69,55) d(69) r(72,43) r(67,76)
62; a(65,76) d(64) r(72,43) d(29) r(5,62) a(35,99) d(35)
63; r(69,55) d(69) r(72,43) d(29) d(74) d(6) d(5)
64; r(66,74) d(69) r(72,43) d(29) d(74) r(6,62) a(65,62) a(5,58)
65; r(66,74) d(69) a(6,49) d(74) r(5,36) d(29)
66; r(66,74) d(69) r(72,43) d(29) d(74) r(6,62) d(35)
67; r(66,74) d(69) a(6,49) d(74) r(5,36) a(65,62) d(35)
--------------------------------------------------------------------------------
Evaluation

0; 15.
1; 0.
2; 0.
3; 0.
4; 0.
5; 0.
6; 0.
7; 15.
8; 0.
9; 0.
10; 0.
11; 0.
12; 0.
13; 0.
14; 0.
15; 0.
16; 0.
17; 0.
18; 0.
19; 0.
20; 0.
21; 0.
22; 0.
23; 15.
24; 15.
25; 0.
26; 0.
27; 0.
28; 0.
29; 0.
30; 15.
31; 0.
32; 0.
33; 0.
34; 0.
35; 0.
36; 0.
37; 15.
38; 0.
39; 0.
40; 15.
41; 0.
42; 0.
43; 15.
44; 0.
45; 0.
46; 0.
47; 0.
48; 0.
49; 0.
50; 0.
51; 0.
52; 0.
53; 0.
54; 0.
55; 0.
56; 0.
57; 0.
58; 0.
59; 0.
60; 0.
61; 0.
62; 0.
63; 0.
64; 0.
65; 0.
66; 0.
67; 0.
================================================================================
Generation 6

--------------------------------------------------------------------------------
Selection

0; 11
1; 4
2; 45
3; 9
4; 5
5; 36
6; 46
7; 65
8; 18
9; 47
10; 31
11; 20
12; 53
13; 13
14; 26
15; 66
16; 42
17; 12
18; 45
19; 25
20; 47
21; 6
22; 33
23; 29
24; 28
25; 29
26; 47
27; 35
28; 20
29; 61
30; 10
31; 42
32; 21
33; 65
34; 60
35; 59
36; 41
37; 6
38; 31
39; 36
--------------------------------------------------------------------------------
Crossover

0; 45, 12; a(65,76) d(64) r(72,43) r(72,43) a(64,57) a(66,75) a(71,43) d(65)
1; 45, 12; d(5) d(29) a(35,46) a(64,57) a(66,75) a(71,43) a(35,51)
2; 45; a(65,76) d(64) r(72,43) d(29) a(35,46) a(64,57) a(66,75) a(71,43) a(35,51)
3; 12; d(5) r(72,43) a(64,57) a(66,75) a(71,43) d(65)
4; 20; r(66,74) a(34,57) d(6) r(69,73) d(64)
5; 47; a(65,76) d(64) r(72,43) d(29) a(35,46) r(35,41)
6; 9, 65; a(65,76) d(64) a(34,57) d(6) d(35) d(29)
7; 9, 65; r(66,74) d(69) a(6,49) d(74) r(5,36) a(34,50)
8; 9; a(65,76) d(64) a(34,57) d(6) d(35) a(34,50)
9; 65; r(66,74) d(69) a(6,49) d(74) r(5,36) d(29)
10; 47; a(65,76) d(64) r(72,43) d(29) a(35,46) r(35,41)
11; 31; r(66,74) d(6) d(35) a(69,90) r(72,43) a(64,57) a(66,75) d(67) r(64,72)
12; 11, 53; r(64,76)
13; 11, 53; r(66,74) d(69) r(5,36) a(67,88) a(73,105) d(6) d(35) d(29)
14; 11; r(64,76) d(6) d(35) d(29)
15; 53; r(66,74) d(69) r(5,36) a(67,88) a(73,105)
16; 47, 46; a(65,76) a(64,57) a(66,75) a(71,43) r(65,90)
17; 47, 46; d(5) r(72,43) d(64) r(72,43) d(29) a(35,46) r(35,41)
18; 47; a(65,76) d(64) r(72,43) d(29) a(35,46) r(35,41)
19; 46; d(5) r(72,43) a(64,57) a(66,75) a(71,43) r(65,90)
20; 20, 29; r(66,74) a(34,57)
21; 20, 29; a(65,76) d(29) r(74,55) r(5,36) a(67,88) a(65,49) d(6) r(69,73) d(64)
22; 20; r(66,74) a(34,57) d(6) r(69,73) d(64)
23; 29; a(65,76) d(29) r(74,55) r(5,36) a(67,88) a(65,49)
24; 6, 41; r(64,71) d(29) r(6,62) d(64) a(34,57) d(6) d(35) r(5,70) a(34,51) d(65)
25; 6, 41; a(65,76)
26; 6; r(64,71) d(29) r(6,62) d(64) a(34,57) d(6) d(35) r(5,70)
27; 41; a(65,76) a(34,51) d(65)
28; 18; r(66,74) a(34,57) a(34,57) d(6) r(69,73) a(5,58)
29; 33; r(66,74) d(6) d(35) a(69,90) a(71,64)
30; 25, 42; r(66,74) d(64) r(35,91)
31; 25, 42; r(66,74) d(64) r(5,42) a(34,51) r(5,58)
32; 25; r(66,74) d(64) r(5,58)
33; 42; r(66,74) d(64) r(5,42) a(34,51) r(35,91)
34; 28, 10; r(65,73) a(73,72) a(29,105) r(34,35) r(5,42) d(69) a(72,73) a(66,75) a(71,43) d(34) d(66)
35; 28, 10; d(5) r(72,43) a(64,57)
36; 28; r(65,73) a(73,72) a(29,105) r(34,35) r(5,42) d(69) a(72,73)
37; 10; d(5) r(72,43) a(64,57) a(66,75) a(71,43) d(34) d(66)
38; 4; a(65,76) d(64) a(34,57) d(6) d(34) a(5,99)
39; 26; r(66,74) d(64) d(29) d(6) a(35,42)
40; 60, 59; a(65,76) d(64) r(72,43) d(29) r(5,62) a(35,99) d(29) r(5,36) a(65,62) a(64,40)
41; 60, 59; r(66,74) d(69) a(6,49) d(74) d(74) d(6) a(35,35)
42; 60; a(65,76) d(64) r(72,43) d(29) r(5,62) a(35,99) d(29) d(74) d(6) a(35,35)
43; 59; r(66,74) d(69) a(6,49) d(74) r(5,36) a(65,62) a(64,40)
44; 6; r(64,71) d(29) r(6,62) d(64) a(34,57) d(6) d(35) r(5,70)
45; 31; r(66,74) d(6) d(35) a(69,90) r(72,43) a(64,57) a(66,75) d(67) r(64,72)
46; 61, 36; r(69,55) d(69) r(72,43) r(67,76) d(6)
47; 61, 36; r(69,55) a(72,49) a(6,58)
48; 61; r(69,55) d(69) r(72,43) r(67,76)
49; 36; r(69,55) a(72,49) a(6,58) d(6)
50; 65, 29; r(66,74) d(69) r(5,36) a(67,88) a(65,49)
51; 65, 29; a(65,76) d(29) r(74,55) a(6,49) d(74) r(5,36) d(29)
52; 65; r(66,74) d(69) a(6,49) d(74) r(5,36) d(29)
53; 29; a(65,76) d(29) r(74,55) r(5,36) a(67,88) a(65,49)
54; 5; r(64,76) d(6) d(35) d(5) r(34,49)
55; 36; r(69,55) a(72,49) a(6,58) d(6)
56; 35; a(65,91) a(72,90) a(6,52) a(6,58) d(64)
57; 42; r(66,74) d(64) r(5,42) a(34,51) r(35,91)
58; 45; a(65,76) d(64) r(72,43) d(29) a(35,46) a(64,57) a(66,75) a(71,43) a(35,51)
59; 13; r(64,76) d(6) d(35) d(34) r(29,49)
60; 21; r(66,74) a(34,57) d(6) r(69,73) a(73,69)
61; 66; r(66,74) d(69) r(72,43) d(29) d(74) r(6,62) d(35)
--------------------------------------------------------------------------------
Mutation

0; a(65,76) d(64) r(72,43) r(72,43) a(64,57) a(66,75) a(71,43) d(65) r(5,56)
1; d(5) d(29) a(35,46) a(64,57) a(66,75) a(71,43) a(35,51) d(73)
2; a(65,76) d(64) r(72,43) d(29) a(35,46) a(64,57) a(66,75) a(71,43) a(35,51) a(6,39)
3; d(5) r(72,43) a(64,57) a(66,75) a(71,43) d(65) r(29,41)
4; r(66,74) a(34,57) d(6) r(69,73) d(64) a(34,40)
5; a(65,76) d(64) r(72,43) d(29) a(35,46) r(35,41) d(6)
6; a(65,76) d(64) a(34,57) d(6) d(35) d(29) a(5,70)
7; r(66,74) d(69) a(6,49) d(74) r(5,36) a(34,50) a(29,63)
8; a(65,76) d(64) a(34,57) d(6) d(35) a(34,50) r(5,37)
9; r(66,74) d(69) a(6,49) d(74) r(5,36) d(29) d(72)
10; a(65,76) d(64) r(72,43) d(29) a(35,46) r(35,41) d(6)
11; r(66,74) d(6) d(35) a(69,90) r(72,43) a(64,57) a(66,75) d(67) r(64,72) a(34,50)
12; r(64,76) r(34,88)
13; r(66,74) d(69) r(5,36) a(67,88) a(73,105) d(6) d(35) d(29) a(72,37)
14; r(64,76) d(6) d(35) d(29) r(5,46)
15; r(66,74) d(69) r(5,36) a(67,88) a(73,105) d(34)
16; a(65,76) a(64,57) a(66,75) a(71,43) r(65,90) a(6,50)
17; d(5) r(72,43) d(64) r(72,43) d(29) a(35,46) r(35,41)
18; a(65,76) d(64) r(72,43) d(29) a(35,46) r(35,41) d(5)
19; d(5) r(72,43) a(64,57) a(66,75) a(71,43) r(65,90) r(35,43)
20; r(66,74) a(34,57) d(72)
21; a(65,76) d(29) r(74,55) r(5,36) a(67,88) a(65,49) d(6) r(69,73) d(64) d(35)
22; r(66,74) a(34,57) d(6) r(69,73) d(64) d(34)
23; a(65,76) d(29) r(74,55) r(5,36) a(67,88) a(65,49) r(71,57)
24; r(64,71) d(29) r(6,62) d(64) a(34,57) d(6) d(35) r(5,70) a(34,51) d(65)
25; a(65,76) r(5,39)
26; r(64,71) d(29) r(6,62) d(64) a(34,57) d(6) d(35) r(5,70)
27; a(65,76) a(34,51) d(65) a(74,44)
28; r(66,74) a(34,57) a(34,57) d(6) r(69,73) a(5,58) a(64,49)
29; r(66,74) d(6) d(35) a(69,90) a(71,64) r(5,67)
30; r(66,74) d(64) r(35,91) d(5)
31; r(66,74) d(64) r(5,42) a(34,51) r(5,58) a(35,50)
32; r(66,74) d(64) r(5,58) r(35,34)
33; r(66,74) d(64) r(5,42) a(34,51) r(35,91) a(34,63)
34; r(65,73) a(73,72) a(29,105) r(34,35) r(5,42) d(69) a(72,73) a(66,75) a(71,43) d(34) d(66) d(74)
35; d(5) r(72,43) a(64,57) d(67)
36; r(65,73) a(73,72) a(29,105) r(34,35) r(5,42) d(69) a(72,73) a(66,57)
37; d(5) r(72,43) a(64,57) a(66,75) a(71,43) d(34) d(66) d(73)
38; a(65,76) d(64) a(34,57) d(6) d(34) a(5,99) r(35,70)
39; r(66,74) d(64) d(29) d(6) a(35,42) a(5,91)
40; a(65,76) d(64) r(72,43) d(29) r(5,62) a(35,99) d(29) r(5,36) a(65,62) a(64,40) a(35,39)
41; r(66,74) d(69) a(6,49) d(74) d(74) d(6) a(35,35) a(34,54)
42; a(65,76) d(64) r(72,43) d(29) r(5,62) a(35,99) d(29) d(74) d(6) a(35,35) d(35)
43; r(66,74) d(69) a(6,49) d(74) r(5,36) a(65,62) a(64,40) a(73,45)
44; r(64,71) d(29) r(6,62) d(64) a(34,57) d(6) d(35) r(5,70)
45; r(66,74) d(6) d(35) a(69,90) r(72,43) a(64,57) a(66,75) d(67) r(64,72) a(29,63)
46; r(69,55) d(69) r(72,43) r(67,76) d(6) a(35,49)
47; r(69,55) a(72,49) a(6,58) d(34)
48; r(69,55) d(69) r(72,43) r(67,76) r(34,54)
49; r(69,55) a(72,49) a(6,58) d(6) d(35)
50; r(66,74) d(69) r(5,36) a(67,88) a(65,49) r(73,90)
51; a(65,76) d(29) r(74,55) a(6,49) d(74) r(5,36) d(29) d(35)
52; r(66,74) d(69) a(6,49) d(74) r(5,36) d(29) d(72)
53; a(65,76) d(29) r(74,55) r(5,36) a(67,88) a(65,49) r(65,71)
54; r(64,76) d(6) d(35) d(5) r(34,49) r(29,76)
55; r(69,55) a(72,49) a(6,58) d(6) r(66,69)
56; a(65,91) a(72,90) a(6,52) a(6,58) d(64) r(6,45)
57; r(66,74) d(64) r(5,42) a(34,51) r(35,91) r(29,54)
58; a(65,76) d(64) r(72,43) d(29) a(35,46) a(64,57) a(66,75) a(71,43) a(35,51) r(5,41)
59; r(64,76) d(6) d(35) d(34) r(29,49) a(5,54)
60; r(66,74) a(34,57) d(6) r(69,73) a(73,69) d(64)
61; r(66,74) d(69) r(72,43) d(29) d(74) r(6,62) d(35) d(73)
--------------------------------------------------------------------------------
Evaluation

0; 15.
1; 15.
2; 0.
3; 0.
4; 0.
5; 0.
6; 0.
7; 0.
8; 15.
9; 0.
10; 0.
11; 0.
12; 0.
13; 0.
14; 15.
15; 0.
16; 0.
17; 15.
18; 15.
19; 0.
20; 15.
21; 0.
22; 0.
23; 0.
24; 0.
25; 0.
26; 0.
27; 0.
28; 0.
29; 0.
30; 15.
31; 0.
32; 15.
33; 0.
34; 0.
35; 0.
36; 0.
37; 0.
38; 0.
39; 0.
40; 0.
41; 0.
42; 0.
43; 0.
44; 0.
45; 0.
46; 0.
47; 0.
48; 15.
49; 0.
50; 0.
51; 0.
52; 0.
53; 0.
54; 15.
55; 0.
56; 0.
57; 15.
58; 0.
59; 0.
60; 0.
61; 0.
================================================================================
Generation 7

--------------------------------------------------------------------------------
Selection

0; 60
1; 26
2; 2
3; 42
4; 61
5; 34
6; 50
7; 19
8; 44
9; 47
10; 11
11; 40
12; 34
13; 3
14; 39
15; 22
16; 60
17; 25
18; 53
19; 39
20; 5
21; 22
22; 30
23; 43
24; 50
25; 46
26; 49
27; 51
28; 28
29; 22
30; 29
31; 59
32; 33
33; 55
34; 59
35; 22
36; 58
37; 51
38; 36
39; 52
--------------------------------------------------------------------------------
Crossover

0; 40, 43; a(65,76) d(64) r(72,43) d(29) r(5,62) a(35,99) d(29)
1; 40, 43; r(66,74) d(69) a(6,49) d(74) r(5,36) a(65,62) a(64,40) a(73,45) r(5,36) a(65,62) a(64,40) a(35,39)
2; 40; a(65,76) d(64) r(72,43) d(29) r(5,62) a(35,99) d(29) r(5,36) a(65,62) a(64,40) a(35,39)
3; 43; r(66,74) d(69) a(6,49) d(74) r(5,36) a(65,62) a(64,40) a(73,45)
4; 61, 55; r(66,74) d(69) r(72,43) d(29) d(74) r(6,62) r(66,69)
5; 61, 55; r(69,55) a(72,49) a(6,58) d(6) d(35) d(73)
6; 61; r(66,74) d(69) r(72,43) d(29) d(74) r(6,62) d(35) d(73)
7; 55; r(69,55) a(72,49) a(6,58) d(6) r(66,69)
8; 46; r(69,55) d(69) r(72,43) r(67,76) d(6) a(35,49)
9; 26; r(64,71) d(29) r(6,62) d(64) a(34,57) d(6) d(35) r(5,70)
10; 49, 42; r(69,55) a(72,49) a(6,58) d(6) d(35)
11; 49, 42; a(65,76) d(64) r(72,43) d(29) r(5,62) a(35,99) d(29) d(74) d(6) a(35,35) d(35)
12; 49; r(69,55) a(72,49) a(6,58) d(6) d(35)
13; 42; a(65,76) d(64) r(72,43) d(29) r(5,62) a(35,99) d(29) d(74) d(6) a(35,35) d(35)
14; 52, 51; r(66,74) d(69) a(6,49) d(74) r(5,36) d(29) d(29) d(35)
15; 52, 51; a(65,76) d(29) r(74,55) a(6,49) d(74) r(5,36) d(72)
16; 52; r(66,74) d(69) a(6,49) d(74) r(5,36) d(29) d(72)
17; 51; a(65,76) d(29) r(74,55) a(6,49) d(74) r(5,36) d(29) d(35)
18; 5; a(65,76) d(64) r(72,43) d(29) a(35,46) r(35,41) d(6)
19; 36; r(65,73) a(73,72) a(29,105) r(34,35) r(5,42) d(69) a(72,73) a(66,57)
20; 51, 33; a(65,76) d(29) r(74,55) a(6,49) d(74) r(5,36) d(29) d(64) r(5,42) a(34,51) r(35,91) a(34,63)
21; 51, 33; r(66,74) d(35)
22; 51; a(65,76) d(29) r(74,55) a(6,49) d(74) r(5,36) d(29) d(35)
23; 33; r(66,74) d(64) r(5,42) a(34,51) r(35,91) a(34,63)
24; 60; r(66,74) a(34,57) d(6) r(69,73) a(73,69) d(64)
25; 60; r(66,74) a(34,57) d(6) r(69,73) a(73,69) d(64)
26; 19, 47; d(5) r(72,43) a(64,57) a(66,75) a(71,43) r(65,90) a(6,58) d(34)
27; 19, 47; r(69,55) a(72,49) r(35,43)
28; 19; d(5) r(72,43) a(64,57) a(66,75) a(71,43) r(65,90) r(35,43)
29; 47; r(69,55) a(72,49) a(6,58) d(34)
30; 50, 39; r(66,74) d(69) d(6) a(35,42) a(5,91)
31; 50, 39; r(66,74) d(64) d(29) r(5,36) a(67,88) a(65,49) r(73,90)
32; 50; r(66,74) d(69) r(5,36) a(67,88) a(65,49) r(73,90)
33; 39; r(66,74) d(64) d(29) d(6) a(35,42) a(5,91)
34; 53, 22; a(65,76) d(29) r(74,55) d(64) d(34)
35; 53, 22; r(66,74) a(34,57) d(6) r(69,73) r(5,36) a(67,88) a(65,49) r(65,71)
36; 53; a(65,76) d(29) r(74,55) r(5,36) a(67,88) a(65,49) r(65,71)
37; 22; r(66,74) a(34,57) d(6) r(69,73) d(64) d(34)
38; 34, 28; r(65,73) a(73,72) a(29,105) r(34,35) r(5,42) d(69) a(72,73) a(66,75) a(71,43) d(34) d(66) d(74) d(6) r(69,73) a(5,58) a(64,49)
39; 34, 28; r(66,74) a(34,57) a(34,57)
40; 34; r(65,73) a(73,72) a(29,105) r(34,35) r(5,42) d(69) a(72,73) a(66,75) a(71,43) d(34) d(66) d(74)
41; 28; r(66,74) a(34,57) a(34,57) d(6) r(69,73) a(5,58) a(64,49)
42; 29, 11; r(66,74) d(6) d(35) a(69,90) a(71,64) r(5,67) a(34,50)
43; 29, 11; r(66,74) d(6) d(35) a(69,90) r(72,43) a(64,57) a(66,75) d(67) r(64,72)
44; 29; r(66,74) d(6) d(35) a(69,90) a(71,64) r(5,67)
45; 11; r(66,74) d(6) d(35) a(69,90) r(72,43) a(64,57) a(66,75) d(67) r(64,72) a(34,50)
46; 34; r(65,73) a(73,72) a(29,105) r(34,35) r(5,42) d(69) a(72,73) a(66,75) a(71,43) d(34) d(66) d(74)
47; 2; a(65,76) d(64) r(72,43) d(29) a(35,46) a(64,57) a(66,75) a(71,43) a(35,51) a(6,39)
48; 30, 39; r(66,74) a(35,42) a(5,91)
49; 30, 39; r(66,74) d(64) d(29) d(6) d(64) r(35,91) d(5)
50; 30; r(66,74) d(64) r(35,91) d(5)
51; 39; r(66,74) d(64) d(29) d(6) a(35,42) a(5,91)
52; 50; r(66,74) d(69) r(5,36) a(67,88) a(65,49) r(73,90)
53; 25; a(65,76) r(5,39)
54; 22, 22; r(66,74) a(34,57) d(6) r(69,73) d(64)
55; 22, 22; r(66,74) a(34,57) d(6) r(69,73) d(64) d(34) d(34)
56; 22; r(66,74) a(34,57) d(6) r(69,73) d(64) d(34)
57; 22; r(66,74) a(34,57) d(6) r(69,73) d(64) d(34)
58; 44; r(64,71) d(29) r(6,62) d(64) a(34,57) d(6) d(35) r(5,70)
59; 22; r(66,74) a(34,57) d(6) r(69,73) d(64) d(34)
60; 59, 59; r(64,76) d(6) d(35) d(6) d(35) d(34) r(29,49) a(5,54)
61; 59, 59; r(64,76) d(34) r(29,49) a(5,54)
62; 59; r(64,76) d(6) d(35) d(34) r(29,49) a(5,54)
63; 59; r(64,76) d(6) d(35) d(34) r(29,49) a(5,54)
64; 3; d(5) r(72,43) a(64,57) a(66,75) a(71,43) d(65) r(29,41)
65; 58; a(65,76) d(64) r(72,43) d(29) a(35,46) a(64,57) a(66,75) a(71,43) a(35,51) r(5,41)
--------------------------------------------------------------------------------
Mutation

0; a(65,76) d(64) r(72,43) d(29) r(5,62) a(35,99) d(29) a(35,70)
1; r(66,74) d(69) a(6,49) d(74) r(5,36) a(65,62) a(64,40) a(73,45) r(5,36) a(65,62) a(64,40) a(35,39) d(35)
2; a(65,76) d(64) r(72,43) d(29) r(5,62) a(35,99) d(29) r(5,36) a(65,62) a(64,40) a(35,39) d(35)
3; r(66,74) d(69) a(6,49) d(74) r(5,36) a(65,62) a(64,40) a(73,45) d(65)
4; r(66,74) d(69) r(72,43) d(29) d(74) r(6,62) r(66,69) r(35,88)
5; r(69,55) a(72,49) a(6,58) d(6) d(35) d(73) a(64,69)
6; r(66,74) d(69) r(72,43) d(29) d(74) r(6,62) d(35) d(73) r(64,55)
7; r(69,55) a(72,49) a(6,58) d(6) r(66,69) d(34)
8; r(69,55) d(69) r(72,43) r(67,76) d(6) a(35,49) r(34,57)
9; r(64,71) d(29) r(6,62) d(64) a(34,57) d(6) d(35) r(5,70)
10; r(69,55) a(72,49) a(6,58) d(6) d(35) a(34,50)
11; a(65,76) d(64) r(72,43) d(29) r(5,62) a(35,99) d(29) d(74) d(6) a(35,35) d(35)
12; r(69,55) a(72,49) a(6,58) d(6) d(35) d(72)
13; a(65,76) d(64) r(72,43) d(29) r(5,62) a(35,99) d(29) d(74) d(6) a(35,35) d(35)
14; r(66,74) d(69) a(6,49) d(74) r(5,36) d(29) d(29) d(35) a(64,70)
15; a(65,76) d(29) r(74,55) a(6,49) d(74) r(5,36) d(72) a(71,56)
16; r(66,74) d(69) a(6,49) d(74) r(5,36) d(29) d(72) a(73,63)
17; a(65,76) d(29) r(74,55) a(6,49) d(74) r(5,36) d(29) d(35) d(73)
18; a(65,76) d(64) r(72,43) d(29) a(35,46) r(35,41) d(6) a(5,62)
19; r(65,73) a(73,72) a(29,105) r(34,35) r(5,42) d(69) a(72,73) a(66,57) r(73,104)
20; a(65,76) d(29) r(74,55) a(6,49) d(74) r(5,36) d(29) d(64) r(5,42) a(34,51) r(35,91) a(34,63)
21; r(66,74) d(35) r(65,62)
22; a(65,76) d(29) r(74,55) a(6,49) d(74) r(5,36) d(29) d(35) d(73)
23; r(66,74) d(64) r(5,42) a(34,51) r(35,91) a(34,63) a(34,37)
24; r(66,74) a(34,57) d(6) r(69,73) a(73,69) d(64) a(29,51)
25; r(66,74) a(34,57) d(6) r(69,73) a(73,69) d(64) a(35,45)
26; d(5) r(72,43) a(64,57) a(66,75) a(71,43) r(65,90) a(6,58) d(34) r(35,49)
27; r(69,55) a(72,49) r(35,43) r(66,43)
28; d(5) r(72,43) a(64,57) a(66,75) a(71,43) r(65,90) r(35,43) r(29,36)
29; r(69,55) a(72,49) a(6,58) d(34) r(73,65)
30; r(66,74) d(69) d(6) a(35,42) a(5,91) r(72,75)
31; r(66,74) d(64) d(29) r(5,36) a(67,88) a(65,49) r(73,90) a(35,39)
32; r(66,74) d(69) r(5,36) a(67,88) a(65,49) r(73,90) d(65)
33; r(66,74) d(64) d(29) d(6) a(35,42) a(5,91) r(5,56)
34; a(65,76) d(29) r(74,55) d(64) d(34) a(6,58)
35; r(66,74) a(34,57) d(6) r(69,73) r(5,36) a(67,88) a(65,49) r(65,71) r(35,5)
36; a(65,76) d(29) r(74,55) r(5,36) a(67,88) a(65,49) r(65,71) a(64,74)
37; r(66,74) a(34,57) d(6) r(69,73) d(64) d(34) r(5,34)
38; r(65,73) a(73,72) a(29,105) r(34,35) r(5,42) d(69) a(72,73) a(66,75) a(71,43) d(34) d(66) d(74) d(6) r(69,73) a(5,58) a(64,49) r(35,43)
39; r(66,74) a(34,57) a(34,57) a(72,37)
40; r(65,73) a(73,72) a(29,105) r(34,35) r(5,42) d(69) a(72,73) a(66,75) a(71,43) d(34) d(66) d(74) a(64,88)
41; r(66,74) a(34,57) a(34,57) d(6) r(69,73) a(5,58) a(64,49) a(72,66)
42; r(66,74) d(6) d(35) a(69,90) a(71,64) r(5,67) a(34,50) r(65,49)
43; r(66,74) d(6) d(35) a(69,90) r(72,43) a(64,57) a(66,75) d(67) r(64,72) r(34,57)
44; r(66,74) d(6) d(35) a(69,90) a(71,64) r(5,67) r(72,74)
45; r(66,74) d(6) d(35) a(69,90) r(72,43) a(64,57) a(66,75) d(67) r(64,72) a(34,50) d(29)
46; r(65,73) a(73,72) a(29,105) r(34,35) r(5,42) d(69) a(72,73) a(66,75) a(71,43) d(34) d(66) d(74) r(64,90)
47; a(65,76) d(64) r(72,43) d(29) a(35,46) a(64,57) a(66,75) a(71,43) a(35,51) a(6,39) d(6)
48; r(66,74) a(35,42) a(5,91) r(73,105)
49; r(66,74) d(64) d(29) d(6) d(64) r(35,91) d(5)
50; r(66,74) d(64) r(35,91) d(5) d(34)
51; r(66,74) d(64) d(29) d(6) a(35,42) a(5,91) a(5,63)
52; r(66,74) d(69) r(5,36) a(67,88) a(65,49) r(73,90) d(64)
53; a(65,76) r(5,39) r(69,76)
54; r(66,74) a(34,57) d(6) r(69,73) d(64) d(34)
55; r(66,74) a(34,57) d(6) r(69,73) d(64) d(34) d(34) d(35)
56; r(66,74) a(34,57) d(6) r(69,73) d(64) d(34) d(35)
57; r(66,74) a(34,57) d(6) r(69,73) d(64) d(34) d(29)
58; r(64,71) d(29) r(6,62) d(64) a(34,57) d(6) d(35) r(5,70)
59; r(66,74) a(34,57) d(6) r(69,73) d(64) d(34) a(5,43)
60; r(64,76) d(6) d(35) d(6) d(35) d(34) r(29,49) a(5,54) r(5,42)
61; r(64,76) d(34) r(29,49) a(5,54) a(6,37)
62; r(64,76) d(6) d(35) d(34) r(29,49) a(5,54) a(5,37)
63; r(64,76) d(6) d(35) d(34) r(29,49) a(5,54) d(5)
64; d(5) r(72,43) a(64,57) a(66,75) a(71,43) d(65) r(29,41) d(73)
65; a(65,76) d(64) r(72,43) d(29) a(35,46) a(64,57) a(66,75) a(71,43) a(35,51) r(5,41) d(35)
--------------------------------------------------------------------------------
Evaluation

0; 0.
1; 0.
2; 0.
3; 0.
4; 0.
5; 0.
6; 0.
7; 0.
8; 0.
9; 0.
10; 0.
11; 0.
12; 0.
13; 0.
14; 0.
15; 0.
16; 0.
17; 0.
18; 0.
19; 0.
20; 15.
21; 15.
22; 0.
23; 15.
24; 0.
25; 0.
26; 0.
27; 15.
28; 0.
29; 0.
30; 0.
31; 0.
32; 0.
33; 15.
34; 0.
35; 15.
36; 0.
37; 0.
38; 15.
39; 15.
40; 0.
41; 0.
42; 3.
43; 0.
44; 0.
45; 0.
46; 0.
47; 0.
48; 15.
49; 15.
50; 15.
51; 0.
52; 0.
53; 0.
54; 0.
55; 0.
56; 0.
57; 0.
58; 0.
59; 0.
60; 15.
61; 0.
62; 0.
63; 15.
64; 0.
65; 0.
================================================================================
Generation 8

--------------------------------------------------------------------------------
Selection

0; 18
1; 36
2; 43
3; 45
4; 17
5; 54
6; 62
7; 53
8; 61
9; 59
10; 44
11; 55
12; 12
13; 62
14; 32
15; 4
16; 55
17; 36
18; 54
19; 65
20; 3
21; 64
22; 53
23; 26
24; 8
25; 64
26; 22
27; 28
28; 57
29; 51
30; 31
31; 0
32; 46
33; 8
34; 15
35; 56
36; 45
37; 6
38; 47
39; 48
--------------------------------------------------------------------------------
Crossover

0; 43, 26; r(66,74) a(6,58) d(34) r(35,49)
1; 43, 26; d(5) r(72,43) a(64,57) a(66,75) a(71,43) r(65,90) d(6) d(35) a(69,90) r(72,43) a(64,57) a(66,75) d(67) r(64,72) r(34,57)
2; 43; r(66,74) d(6) d(35) a(69,90) r(72,43) a(64,57) a(66,75) d(67) r(64,72) r(34,57)
3; 26; d(5) r(72,43) a(64,57) a(66,75) a(71,43) r(65,90) a(6,58) d(34) r(35,49)
4; 53, 61; a(65,76) r(5,39) r(69,76) d(34) r(29,49) a(5,54) a(6,37)
5; 53, 61; r(64,76)
6; 53; a(65,76) r(5,39) r(69,76)
7; 61; r(64,76) d(34) r(29,49) a(5,54) a(6,37)
8; 36; a(65,76) d(29) r(74,55) r(5,36) a(67,88) a(65,49) r(65,71) a(64,74)
9; 6; r(66,74) d(69) r(72,43) d(29) d(74) r(6,62) d(35) d(73) r(64,55)
10; 8; r(69,55) d(69) r(72,43) r(67,76) d(6) a(35,49) r(34,57)
11; 54; r(66,74) a(34,57) d(6) r(69,73) d(64) d(34)
12; 12, 54; r(69,55) a(72,49) a(6,58) d(6) d(35) d(72) r(69,73) d(64) d(34)
13; 12, 54; r(66,74) a(34,57) d(6)
14; 12; r(69,55) a(72,49) a(6,58) d(6) d(35) d(72)
15; 54; r(66,74) a(34,57) d(6) r(69,73) d(64) d(34)
16; 4; r(66,74) d(69) r(72,43) d(29) d(74) r(6,62) r(66,69) r(35,88)
17; 17; a(65,76) d(29) r(74,55) a(6,49) d(74) r(5,36) d(29) d(35) d(73)
18; 57, 64; r(66,74) a(34,57) d(6) a(66,75) a(71,43) d(65) r(29,41) d(73)
19; 57, 64; d(5) r(72,43) a(64,57) r(69,73) d(64) d(34) d(29)
20; 57; r(66,74) a(34,57) d(6) r(69,73) d(64) d(34) d(29)
21; 64; d(5) r(72,43) a(64,57) a(66,75) a(71,43) d(65) r(29,41) d(73)
22; 45; r(66,74) d(6) d(35) a(69,90) r(72,43) a(64,57) a(66,75) d(67) r(64,72) a(34,50) d(29)
23; 64; d(5) r(72,43) a(64,57) a(66,75) a(71,43) d(65) r(29,41) d(73)
24; 45, 55; r(66,74) d(6) d(35) a(69,90) r(72,43) a(64,57) d(34) d(35)
25; 45, 55; r(66,74) a(34,57) d(6) r(69,73) d(64) d(34) a(66,75) d(67) r(64,72) a(34,50) d(29)
26; 45; r(66,74) d(6) d(35) a(69,90) r(72,43) a(64,57) a(66,75) d(67) r(64,72) a(34,50) d(29)
27; 55; r(66,74) a(34,57) d(6) r(69,73) d(64) d(34) d(34) d(35)
28; 65; a(65,76) d(64) r(72,43) d(29) a(35,46) a(64,57) a(66,75) a(71,43) a(35,51) r(5,41) d(35)
29; 46; r(65,73) a(73,72) a(29,105) r(34,35) r(5,42) d(69) a(72,73) a(66,75) a(71,43) d(34) d(66) d(74) r(64,90)
30; 62; r(64,76) d(6) d(35) d(34) r(29,49) a(5,54) a(5,37)
31; 3; r(66,74) d(69) a(6,49) d(74) r(5,36) a(65,62) a(64,40) a(73,45) d(65)
32; 48, 36; r(66,74) a(35,42) a(5,91) r(74,55) r(5,36) a(67,88) a(65,49) r(65,71) a(64,74)
33; 48, 36; a(65,76) d(29) r(73,105)
34; 48; r(66,74) a(35,42) a(5,91) r(73,105)
35; 36; a(65,76) d(29) r(74,55) r(5,36) a(67,88) a(65,49) r(65,71) a(64,74)
36; 32, 0; r(66,74) a(35,99) d(29) a(35,70)
37; 32, 0; a(65,76) d(64) r(72,43) d(29) r(5,62) d(69) r(5,36) a(67,88) a(65,49) r(73,90) d(65)
38; 32; r(66,74) d(69) r(5,36) a(67,88) a(65,49) r(73,90) d(65)
39; 0; a(65,76) d(64) r(72,43) d(29) r(5,62) a(35,99) d(29) a(35,70)
40; 62, 22; r(64,76) d(6) d(35) d(34) r(29,49) a(5,54)
41; 62, 22; a(65,76) d(29) r(74,55) a(6,49) d(74) r(5,36) d(29) d(35) d(73) a(5,37)
42; 62; r(64,76) d(6) d(35) d(34) r(29,49) a(5,54) a(5,37)
43; 22; a(65,76) d(29) r(74,55) a(6,49) d(74) r(5,36) d(29) d(35) d(73)
44; 51, 53; r(66,74) r(69,76)
45; 51, 53; a(65,76) r(5,39) d(64) d(29) d(6) a(35,42) a(5,91) a(5,63)
46; 51; r(66,74) d(64) d(29) d(6) a(35,42) a(5,91) a(5,63)
47; 53; a(65,76) r(5,39) r(69,76)
48; 15; a(65,76) d(29) r(74,55) a(6,49) d(74) r(5,36) d(72) a(71,56)
49; 18; a(65,76) d(64) r(72,43) d(29) a(35,46) r(35,41) d(6) a(5,62)
50; 59, 55; r(66,74) a(34,57) d(6) r(69,73) d(64) d(34) d(34) d(35)
51; 59, 55; r(66,74) a(34,57) d(6) r(69,73) d(64) d(34) a(5,43)
52; 59; r(66,74) a(34,57) d(6) r(69,73) d(64) d(34) a(5,43)
53; 55; r(66,74) a(34,57) d(6) r(69,73) d(64) d(34) d(34) d(35)
54; 56, 44; r(66,74) a(34,57) d(6) r(69,73) r(5,67) r(72,74)
55; 56, 44; r(66,74) d(6) d(35) a(69,90) a(71,64) d(64) d(34) d(35)
56; 56; r(66,74) a(34,57) d(6) r(69,73) d(64) d(34) d(35)
57; 44; r(66,74) d(6) d(35) a(69,90) a(71,64) r(5,67) r(72,74)
58; 8, 47; r(69,55) d(69) r(72,43) r(67,76) d(6) a(35,49) d(6)
59; 8, 47; a(65,76) d(64) r(72,43) d(29) a(35,46) a(64,57) a(66,75) a(71,43) a(35,51) a(6,39) r(34,57)
60; 8; r(69,55) d(69) r(72,43) r(67,76) d(6) a(35,49) r(34,57)
61; 47; a(65,76) d(64) r(72,43) d(29) a(35,46) a(64,57) a(66,75) a(71,43) a(35,51) a(6,39) d(6)
62; 31, 28; r(66,74) d(64) d(29) r(5,36) a(67,88) a(65,49) a(64,57) a(66,75) a(71,43) r(65,90) r(35,43) r(29,36)
63; 31, 28; d(5) r(72,43) r(73,90) a(35,39)
64; 31; r(66,74) d(64) d(29) r(5,36) a(67,88) a(65,49) r(73,90) a(35,39)
65; 28; d(5) r(72,43) a(64,57) a(66,75) a(71,43) r(65,90) r(35,43) r(29,36)
--------------------------------------------------------------------------------
Mutation

0; r(66,74) a(6,58) d(34) r(35,49) d(29)
1; d(5) r(72,43) a(64,57) a(66,75) a(71,43) r(65,90) d(6) d(35) a(69,90) r(72,43) a(64,57) a(66,75) d(67) r(64,72) r(34,57) a(29,41)
2; r(66,74) d(6) d(35) a(69,90) r(72,43) a(64,57) a(66,75) d(67) r(64,72) r(34,57) r(5,99)
3; d(5) r(72,43) a(64,57) a(66,75) a(71,43) r(65,90) a(6,58) d(34) r(35,49) a(73,57)
4; a(65,76) r(5,39) r(69,76) d(34) r(29,49) a(5,54) a(6,37) d(73)
5; r(64,76) a(29,99)
6; a(65,76) r(5,39) r(69,76) d(35)
7; r(64,76) d(34) r(29,49) a(5,54) a(6,37) d(35)
8; a(65,76) d(29) r(74,55) r(5,36) a(67,88) a(65,49) r(65,71) a(64,74) r(67,65)
9; r(66,74) d(69) r(72,43) d(29) d(74) r(6,62) d(35) d(73) r(64,55) a(5,42)
10; r(69,55) d(69) r(72,43) r(67,76) d(6) a(35,49) r(34,57) r(66,63)
11; r(66,74) a(34,57) d(6) r(69,73) d(64) d(34) r(35,45)
12; r(69,55) a(72,49) a(6,58) d(6) d(35) d(72) r(69,73) d(64) d(34) d(5)
13; r(66,74) a(34,57) d(6) a(64,73)
14; r(69,55) a(72,49) a(6,58) d(6) d(35) d(72) a(5,47)
15; r(66,74) a(34,57) d(6) r(69,73) d(64) d(34) d(35)
16; r(66,74) d(69) r(72,43) d(29) d(74) r(6,62) r(66,69) r(35,88) a(64,49)
17; a(65,76) d(29) r(74,55) a(6,49) d(74) r(5,36) d(29) d(35) d(73) d(71)
18; r(66,74) a(34,57) d(6) a(66,75) a(71,43) d(65) r(29,41) d(73) d(71)
19; d(5) r(72,43) a(64,57) r(69,73) d(64) d(34) d(29) r(35,42)
20; r(66,74) a(34,57) d(6) r(69,73) d(64) d(34) d(29) d(5)
21; d(5) r(72,43) a(64,57) a(66,75) a(71,43) d(65) r(29,41) d(73) a(71,99)
22; r(66,74) d(6) d(35) a(69,90) r(72,43) a(64,57) a(66,75) d(67) r(64,72) a(34,50) d(29) a(5,44)
23; d(5) r(72,43) a(64,57) a(66,75) a(71,43) d(65) r(29,41) d(73) d(66)
24; r(66,74) d(6) d(35) a(69,90) r(72,43) a(64,57) d(34) d(35) a(64,37)
25; r(66,74) a(34,57) d(6) r(69,73) d(64) d(34) a(66,75) d(67) r(64,72) a(34,50) d(29) a(35,90)
26; r(66,74) d(6) d(35) a(69,90) r(72,43) a(64,57) a(66,75) d(67) r(64,72) a(34,50) d(29) d(5)
27; r(66,74) a(34,57) d(6) r(69,73) d(64) d(34) d(34) d(35) r(29,52)
28; a(65,76) d(64) r(72,43) d(29) a(35,46) a(64,57) a(66,75) a(71,43) a(35,51) r(5,41) d(35)
29; r(65,73) a(73,72) a(29,105) r(34,35) r(5,42) d(69) a(72,73) a(66,75) a(71,43) d(34) d(66) d(74) r(64,90) a(29,41)
30; r(64,76) d(6) d(35) d(34) r(29,49) a(5,54) a(5,37) d(5)
31; r(66,74) d(69) a(6,49) d(74) r(5,36) a(65,62) a(64,40) a(73,45) d(65) a(35,40)
32; r(66,74) a(35,42) a(5,91) r(74,55) r(5,36) a(67,88) a(65,49) r(65,71) a(64,74) a(64,56)
33; a(65,76) d(29) r(73,105) d(64)
34; r(66,74) a(35,42) a(5,91) r(73,105) d(71)
35; a(65,76) d(29) r(74,55) r(5,36) a(67,88) a(65,49) r(65,71) a(64,74) d(66)
36; r(66,74) a(35,99) d(29) a(35,70) d(73)
37; a(65,76) d(64) r(72,43) d(29) r(5,62) d(69) r(5,36) a(67,88) a(65,49) r(73,90) d(65) r(35,63)
38; r(66,74) d(69) r(5,36) a(67,88) a(65,49) r(73,90) d(65) d(29)
39; a(65,76) d(64) r(72,43) d(29) r(5,62) a(35,99) d(29) a(35,70) a(35,46)
40; r(64,76) d(6) d(35) d(34) r(29,49) a(5,54) d(5)
41; a(65,76) d(29) r(74,55) a(6,49) d(74) r(5,36) d(29) d(35) d(73) a(5,37) d(71)
42; r(64,76) d(6) d(35) d(34) r(29,49) a(5,54) a(5,37) r(5,37)
43; a(65,76) d(29) r(74,55) a(6,49) d(74) r(5,36) d(29) d(35) d(73) a(64,99)
44; r(66,74) r(69,76) r(72,56)
45; a(65,76) r(5,39) d(64) d(29) d(6) a(35,42) a(5,91) a(5,63) r(35,41)
46; r(66,74) d(64) d(29) d(6) a(35,42) a(5,91) a(5,63) a(5,88)
47; a(65,76) r(5,39) r(69,76) r(66,69)
48; a(65,76) d(29) r(74,55) a(6,49) d(74) r(5,36) d(72) a(71,56) d(71)
49; a(65,76) d(64) r(72,43) d(29) a(35,46) r(35,41) d(6) a(5,62) d(5)
50; r(66,74) a(34,57) d(6) r(69,73) d(64) d(34) d(34) d(35) r(29,38)
51; r(66,74) a(34,57) d(6) r(69,73) d(64) d(34) a(5,43) a(29,55)
52; r(66,74) a(34,57) d(6) r(69,73) d(64) d(34) a(5,43) a(35,99)
53; r(66,74) a(34,57) d(6) r(69,73) d(64) d(34) d(34) d(35) d(29)
54; r(66,74) a(34,57) d(6) r(69,73) r(5,67) r(72,74) r(34,49)
55; r(66,74) d(6) d(35) a(69,90) a(71,64) d(64) d(34) d(35) a(29,105)
56; r(66,74) a(34,57) d(6) r(69,73) d(64) d(34) d(35) d(5)
57; r(66,74) d(6) d(35) a(69,90) a(71,64) r(5,67) r(72,74) d(69)
58; r(69,55) d(69) r(72,43) r(67,76) d(6) a(35,49) d(6) d(74)
59; a(65,76) d(64) r(72,43) d(29) a(35,46) a(64,57) a(66,75) a(71,43) a(35,51) a(6,39) r(34,57) d(35)
60; r(69,55) d(69) r(72,43) r(67,76) d(6) a(35,49) r(34,57) r(66,74)
61; a(65,76) d(64) r(72,43) d(29) a(35,46) a(64,57) a(66,75) a(71,43) a(35,51) a(6,39) d(6) a(35,38)
62; r(66,74) d(64) d(29) r(5,36) a(67,88) a(65,49) a(64,57) a(66,75) a(71,43) r(65,90) r(35,43) r(29,36)
63; d(5) r(72,43) r(73,90) a(35,39) r(69,56)
64; r(66,74) d(64) d(29) r(5,36) a(67,88) a(65,49) r(73,90) a(35,39) d(35)
65; d(5) r(72,43) a(64,57) a(66,75) a(71,43) r(65,90) r(35,43) r(29,36) d(67)
--------------------------------------------------------------------------------
Evaluation

0; 15.
1; 15.
2; 0.
3; 0.
4; 0.
5; 0.
6; 0.
7; 15.
8; 0.
9; 0.
10; 0.
11; 0.
12; 0.
13; 0.
14; 0.
15; 0.
16; 0.
17; 0.
18; 0.
19; 15.
20; 0.
21; 0.
22; 0.
23; 0.
24; 0.
25; 0.
26; 0.
27; 0.
28; 0.
29; 0.
30; 15.
31; 0.
32; 15.
33; 0.
34; 15.
35; 0.
36; 0.
37; 0.
38; 0.
39; 0.
40; 15.
41; 0.
42; 15.
43; 0.
44; 0.
45; 0.
46; 0.
47; 0.
48; 0.
49; 15.
50; 0.
51; 0.
52; 0.
53; 0.
54; 0.
55; 0.
56; 0.
57; 0.
58; 0.
59; 0.
60; 0.
61; 0.
62; 0.
63; 15.
64; 0.
65; 0.
================================================================================
Generation 9

--------------------------------------------------------------------------------
Selection

0; 39
1; 31
2; 46
3; 15
4; 20
5; 36
6; 21
7; 4
8; 34
9; 13
10; 43
11; 17
12; 36
13; 46
14; 31
15; 28
16; 13
17; 16
18; 6
19; 59
20; 54
21; 43
22; 40
23; 62
24; 15
25; 29
26; 29
27; 45
28; 39
29; 27
30; 44
31; 25
32; 55
33; 15
34; 24
35; 58
36; 22
37; 51
38; 48
39; 38
--------------------------------------------------------------------------------
Crossover

0; 4, 46; a(65,76) r(5,39) r(69,76) d(34) r(29,49) a(5,54) a(6,37) a(5,91) a(5,63) a(5,88)
1; 4, 46; r(66,74) d(64) d(29) d(6) a(35,42) d(73)
2; 4; a(65,76) r(5,39) r(69,76) d(34) r(29,49) a(5,54) a(6,37) d(73)
3; 46; r(66,74) d(64) d(29) d(6) a(35,42) a(5,91) a(5,63) a(5,88)
4; 43; a(65,76) d(29) r(74,55) a(6,49) d(74) r(5,36) d(29) d(35) d(73) a(64,99)
5; 44; r(66,74) r(69,76) r(72,56)
6; 29, 27; r(65,73) a(73,72) a(29,105) r(34,35) r(5,42) d(69) a(72,73) a(66,75) a(71,43) d(34) d(35) r(29,52)
7; 29, 27; r(66,74) a(34,57) d(6) r(69,73) d(64) d(34) d(34) d(66) d(74) r(64,90) a(29,41)
8; 29; r(65,73) a(73,72) a(29,105) r(34,35) r(5,42) d(69) a(72,73) a(66,75) a(71,43) d(34) d(66) d(74) r(64,90) a(29,41)
9; 27; r(66,74) a(34,57) d(6) r(69,73) d(64) d(34) d(34) d(35) r(29,52)
10; 15; r(66,74) a(34,57) d(6) r(69,73) d(64) d(34) d(35)
11; 55; r(66,74) d(6) d(35) a(69,90) a(71,64) d(64) d(34) d(35) a(29,105)
12; 62; r(66,74) d(64) d(29) r(5,36) a(67,88) a(65,49) a(64,57) a(66,75) a(71,43) r(65,90) r(35,43) r(29,36)
13; 39; a(65,76) d(64) r(72,43) d(29) r(5,62) a(35,99) d(29) a(35,70) a(35,46)
14; 22, 36; r(66,74) d(6) d(35) a(69,90) r(72,43) a(64,57) a(66,75) d(67) r(64,72) a(35,99) d(29) a(35,70) d(73)
15; 22, 36; r(66,74) a(34,50) d(29) a(5,44)
16; 22; r(66,74) d(6) d(35) a(69,90) r(72,43) a(64,57) a(66,75) d(67) r(64,72) a(34,50) d(29) a(5,44)
17; 36; r(66,74) a(35,99) d(29) a(35,70) d(73)
18; 16, 13; r(66,74) d(69) r(72,43) d(29) d(74) r(6,62) r(66,69) r(35,88) a(64,49) a(34,57) d(6) a(64,73)
19; 16, 13; r(66,74)
20; 16; r(66,74) d(69) r(72,43) d(29) d(74) r(6,62) r(66,69) r(35,88) a(64,49)
21; 13; r(66,74) a(34,57) d(6) a(64,73)
22; 45; a(65,76) r(5,39) d(64) d(29) d(6) a(35,42) a(5,91) a(5,63) r(35,41)
23; 25; r(66,74) a(34,57) d(6) r(69,73) d(64) d(34) a(66,75) d(67) r(64,72) a(34,50) d(29) a(35,90)
24; 31, 40; r(66,74) d(69) d(34) r(29,49) a(5,54) d(5)
25; 31, 40; r(64,76) d(6) d(35) a(6,49) d(74) r(5,36) a(65,62) a(64,40) a(73,45) d(65) a(35,40)
26; 31; r(66,74) d(69) a(6,49) d(74) r(5,36) a(65,62) a(64,40) a(73,45) d(65) a(35,40)
27; 40; r(64,76) d(6) d(35) d(34) r(29,49) a(5,54) d(5)
28; 15; r(66,74) a(34,57) d(6) r(69,73) d(64) d(34) d(35)
29; 46; r(66,74) d(64) d(29) d(6) a(35,42) a(5,91) a(5,63) a(5,88)
30; 20, 31; r(66,74) a(34,57) d(6) r(69,73) d(64) d(34) d(29) d(5) d(69) a(6,49) d(74) r(5,36) a(65,62) a(64,40) a(73,45) d(65) a(35,40)
31; 20, 31; r(66,74)
32; 20; r(66,74) a(34,57) d(6) r(69,73) d(64) d(34) d(29) d(5)
33; 31; r(66,74) d(69) a(6,49) d(74) r(5,36) a(65,62) a(64,40) a(73,45) d(65) a(35,40)
34; 43, 48; a(65,76) d(29) r(74,55) a(6,49) d(74) d(71)
35; 43, 48; a(65,76) d(29) r(74,55) a(6,49) d(74) r(5,36) d(72) a(71,56) r(5,36) d(29) d(35) d(73) a(64,99)
36; 43; a(65,76) d(29) r(74,55) a(6,49) d(74) r(5,36) d(29) d(35) d(73) a(64,99)
37; 48; a(65,76) d(29) r(74,55) a(6,49) d(74) r(5,36) d(72) a(71,56) d(71)
38; 21, 39; d(5) r(72,43) a(64,57) a(66,75) d(29) a(35,70) a(35,46)
39; 21, 39; a(65,76) d(64) r(72,43) d(29) r(5,62) a(35,99) a(71,43) d(65) r(29,41) d(73) a(71,99)
40; 21; d(5) r(72,43) a(64,57) a(66,75) a(71,43) d(65) r(29,41) d(73) a(71,99)
41; 39; a(65,76) d(64) r(72,43) d(29) r(5,62) a(35,99) d(29) a(35,70) a(35,46)
42; 59; a(65,76) d(64) r(72,43) d(29) a(35,46) a(64,57) a(66,75) a(71,43) a(35,51) a(6,39) r(34,57) d(35)
43; 36; r(66,74) a(35,99) d(29) a(35,70) d(73)
44; 58; r(69,55) d(69) r(72,43) r(67,76) d(6) a(35,49) d(6) d(74)
45; 28; a(65,76) d(64) r(72,43) d(29) a(35,46) a(64,57) a(66,75) a(71,43) a(35,51) r(5,41) d(35)
46; 34, 13; r(66,74) a(35,42) a(5,91) r(73,105) a(64,73)
47; 34, 13; r(66,74) a(34,57) d(6) d(71)
48; 34; r(66,74) a(35,42) a(5,91) r(73,105) d(71)
49; 13; r(66,74) a(34,57) d(6) a(64,73)
50; 24; r(66,74) d(6) d(35) a(69,90) r(72,43) a(64,57) d(34) d(35) a(64,37)
51; 17; a(65,76) d(29) r(74,55) a(6,49) d(74) r(5,36) d(29) d(35) d(73) d(71)
52; 6; a(65,76) r(5,39) r(69,76) d(35)
53; 38; r(66,74) d(69) r(5,36) a(67,88) a(65,49) r(73,90) d(65) d(29)
54; 29; r(65,73) a(73,72) a(29,105) r(34,35) r(5,42) d(69) a(72,73) a(66,75) a(71,43) d(34) d(66) d(74) r(64,90) a(29,41)
55; 15; r(66,74) a(34,57) d(6) r(69,73) d(64) d(34) d(35)
56; 54, 51; r(66,74) a(34,57) d(6) r(69,73) a(34,57) d(6) r(69,73) d(64) d(34) a(5,43) a(29,55)
57; 54, 51; r(66,74) r(5,67) r(72,74) r(34,49)
58; 54; r(66,74) a(34,57) d(6) r(69,73) r(5,67) r(72,74) r(34,49)
59; 51; r(66,74) a(34,57) d(6) r(69,73) d(64) d(34) a(5,43) a(29,55)
--------------------------------------------------------------------------------
Mutation

0; a(65,76) r(5,39) r(69,76) d(34) r(29,49) a(5,54) a(6,37) a(5,91) a(5,63) a(5,88) d(66)
1; r(66,74) d(64) d(29) d(6) a(35,42) d(73) a(5,88)
2; a(65,76) r(5,39) r(69,76) d(34) r(29,49) a(5,54) a(6,37) d(73) a(72,40)
3; r(66,74) d(64) d(29) d(6) a(35,42) a(5,91) a(5,63) a(5,88) r(35,56)
4; a(65,76) d(29) r(74,55) a(6,49) d(74) r(5,36) d(29) d(35) d(73) a(64,99) a(64,44)
5; r(66,74) r(69,76) r(72,56) r(73,43)
6; r(65,73) a(73,72) a(29,105) r(34,35) r(5,42) d(69) a(72,73) a(66,75) a(71,43) d(34) d(35) r(29,52) a(66,105)
7; r(66,74) a(34,57) d(6) r(69,73) d(64) d(34) d(34) d(66) d(74) r(64,90) a(29,41) a(35,56)
8; r(65,73) a(73,72) a(29,105) r(34,35) r(5,42) d(69) a(72,73) a(66,75) a(71,43) d(34) d(66) d(74) r(64,90) a(29,41) r(29,62)
9; r(66,74) a(34,57) d(6) r(69,73) d(64) d(34) d(34) d(35) r(29,52) r(5,44)
10; r(66,74) a(34,57) d(6) r(69,73) d(64) d(34) d(35) d(29)
11; r(66,74) d(6) d(35) a(69,90) a(71,64) d(64) d(34) d(35) a(29,105) d(29)
12; r(66,74) d(64) d(29) r(5,36) a(67,88) a(65,49) a(64,57) a(66,75) a(71,43) r(65,90) r(35,43) r(29,36)
13; a(65,76) d(64) r(72,43) d(29) r(5,62) a(35,99) d(29) a(35,70) a(35,46) a(35,42)
14; r(66,74) d(6) d(35) a(69,90) r(72,43) a(64,57) a(66,75) d(67) r(64,72) a(35,99) d(29) a(35,70) d(73) d(5)
15; r(66,74) a(34,50) d(29) a(5,44) d(72)
16; r(66,74) d(6) d(35) a(69,90) r(72,43) a(64,57) a(66,75) d(67) r(64,72) a(34,50) d(29) a(5,44) r(5,29)
17; r(66,74) a(35,99) d(29) a(35,70) d(73) d(65)
18; r(66,74) d(69) r(72,43) d(29) d(74) r(6,62) r(66,69) r(35,88) a(64,49) a(34,57) d(6) a(64,73) r(64,71)
19; r(66,74) d(34)
20; r(66,74) d(69) r(72,43) d(29) d(74) r(6,62) r(66,69) r(35,88) a(64,49) a(73,43)
21; r(66,74) a(34,57) d(6) a(64,73) r(64,38)
22; a(65,76) r(5,39) d(64) d(29) d(6) a(35,42) a(5,91) a(5,63) r(35,41)
23; r(66,74) a(34,57) d(6) r(69,73) d(64) d(34) a(66,75) d(67) r(64,72) a(34,50) d(29) a(35,90) a(35,50)
24; r(66,74) d(69) d(34) r(29,49) a(5,54) d(5) r(65,75)
25; r(64,76) d(6) d(35) a(6,49) d(74) r(5,36) a(65,62) a(64,40) a(73,45) d(65) a(35,40) a(29,39)
26; r(66,74) d(69) a(6,49) d(74) r(5,36) a(65,62) a(64,40) a(73,45) d(65) a(35,40) r(64,55)
27; r(64,76) d(6) d(35) d(34) r(29,49) a(5,54) d(5)
28; r(66,74) a(34,57) d(6) r(69,73) d(64) d(34) d(35) r(29,105)
29; r(66,74) d(64) d(29) d(6) a(35,42) a(5,91) a(5,63) a(5,88) r(5,54)
30; r(66,74) a(34,57) d(6) r(69,73) d(64) d(34) d(29) d(5) d(69) a(6,49) d(74) r(5,36) a(65,62) a(64,40) a(73,45) d(65) a(35,40) a(35,47)
31; r(66,74) r(72,105)
32; r(66,74) a(34,57) d(6) r(69,73) d(64) d(34) d(29) d(5) d(35)
33; r(66,74) d(69) a(6,49) d(74) r(5,36) a(65,62) a(64,40) a(73,45) d(65) a(35,40) a(34,67)
34; a(65,76) d(29) r(74,55) a(6,49) d(74) d(71) r(69,74)
35; a(65,76) d(29) r(74,55) a(6,49) d(74) r(5,36) d(72) a(71,56) r(5,36) d(29) d(35) d(73) a(64,99) a(67,67)
36; a(65,76) d(29) r(74,55) a(6,49) d(74) r(5,36) d(29) d(35) d(73) a(64,99) a(64,104)
37; a(65,76) d(29) r(74,55) a(6,49) d(74) r(5,36) d(72) a(71,56) d(71) a(73,40)
38; d(5) r(72,43) a(64,57) a(66,75) d(29) a(35,70) a(35,46) r(35,70)
39; a(65,76) d(64) r(72,43) d(29) r(5,62) a(35,99) a(71,43) d(65) r(29,41) d(73) a(71,99) r(35,51)
40; d(5) r(72,43) a(64,57) a(66,75) a(71,43) d(65) r(29,41) d(73) a(71,99) d(71)
41; a(65,76) d(64) r(72,43) d(29) r(5,62) a(35,99) d(29) a(35,70) a(35,46) r(35,38)
42; a(65,76) d(64) r(72,43) d(29) a(35,46) a(64,57) a(66,75) a(71,43) a(35,51) a(6,39) r(34,57) d(35) d(5)
43; r(66,74) a(35,99) d(29) a(35,70) d(73) a(5,36)
44; r(69,55) d(69) r(72,43) r(67,76) d(6) a(35,49) d(6) d(74) d(66)
45; a(65,76) d(64) r(72,43) d(29) a(35,46) a(64,57) a(66,75) a(71,43) a(35,51) r(5,41) d(35)
46; r(66,74) a(35,42) a(5,91) r(73,105) a(64,73) r(65,37)
47; r(66,74) a(34,57) d(6) d(71) a(74,64)
48; r(66,74) a(35,42) a(5,91) r(73,105) d(71) d(72)
49; r(66,74) a(34,57) d(6) a(64,73) d(34)
50; r(66,74) d(6) d(35) a(69,90) r(72,43) a(64,57) d(34) d(35) a(64,37) r(29,39)
51; a(65,76) d(29) r(74,55) a(6,49) d(74) r(5,36) d(29) d(35) d(73) d(71) d(72)
52; a(65,76) r(5,39) r(69,76) d(35) r(65,104)
53; r(66,74) d(69) r(5,36) a(67,88) a(65,49) r(73,90) d(65) d(29) d(64)
54; r(65,73) a(73,72) a(29,105) r(34,35) r(5,42) d(69) a(72,73) a(66,75) a(71,43) d(34) d(66) d(74) r(64,90) a(29,41) a(35,54)
55; r(66,74) a(34,57) d(6) r(69,73) d(64) d(34) d(35) d(5)
56; r(66,74) a(34,57) d(6) r(69,73) a(34,57) d(6) r(69,73) d(64) d(34) a(5,43) a(29,55) r(35,29)
57; r(66,74) r(5,67) r(72,74) r(34,49) r(29,45)
58; r(66,74) a(34,57) d(6) r(69,73) r(5,67) r(72,74) r(34,49) r(64,91)
59; r(66,74) a(34,57) d(6) r(69,73) d(64) d(34) a(5,43) a(29,55) a(5,43)
--------------------------------------------------------------------------------
Evaluation

0; 0.
1; 0.
2; 0.
3; 0.
4; 0.
5; 0.
6; 15.
7; 0.
8; 0.
9; 15.
10; 0.
11; 0.
12; 0.
13; 0.
14; 0.
15; 15.
16; 15.
17; 0.
18; 0.
19; 3.
20; 0.
21; 0.
22; 0.
23; 0.
24; 0.
25; 0.
26; 0.
27; 15.
28; 0.
29; 15.
30; 0.
31; 15.
32; 0.
33; 0.
34; 0.
35; 0.
36; 0.
37; 0.
38; 0.
39; 0.
40; 0.
41; 0.
42; 0.
43; 0.
44; 0.
45; 0.
46; 15.
47; 0.
48; 15.
49; 0.
50; 0.
51; 0.
52; 0.
53; 0.
54; 0.
55; 0.
56; 0.
57; 0.
58; 0.
59; 0.
================================================================================
Generation 10

--------------------------------------------------------------------------------
Selection

0; 8
1; 5
2; 58
3; 14
4; 21
5; 24
6; 21
7; 53
8; 59
9; 34
10; 43
11; 24
12; 5
13; 30
14; 56
15; 0
16; 25
17; 40
18; 13
19; 5
20; 25
21; 17
22; 30
23; 59
24; 37
25; 1
26; 30
27; 5
28; 3
29; 33
30; 43
31; 26
32; 39
33; 1
34; 47
35; 56
36; 30
37; 12
38; 59
39; 59
--------------------------------------------------------------------------------
Crossover

0; 59; r(66,74) a(34,57) d(6) r(69,73) d(64) d(34) a(5,43) a(29,55) a(5,43)
1; 56; r(66,74) a(34,57) d(6) r(69,73) a(34,57) d(6) r(69,73) d(64) d(34) a(5,43) a(29,55) r(35,29)
2; 24, 37; r(66,74) d(29) r(74,55) a(6,49) d(74) r(5,36) d(72) a(71,56) d(71) a(73,40)
3; 24, 37; a(65,76) d(69) d(34) r(29,49) a(5,54) d(5) r(65,75)
4; 24; r(66,74) d(69) d(34) r(29,49) a(5,54) d(5) r(65,75)
5; 37; a(65,76) d(29) r(74,55) a(6,49) d(74) r(5,36) d(72) a(71,56) d(71) a(73,40)
6; 0, 25; a(65,76) r(5,39) r(69,76) d(34) r(29,49) a(5,54) a(6,37) a(5,91) d(74) r(5,36) a(65,62) a(64,40) a(73,45) d(65) a(35,40) a(29,39)
7; 0, 25; r(64,76) d(6) d(35) a(6,49) a(5,63) a(5,88) d(66)
8; 0; a(65,76) r(5,39) r(69,76) d(34) r(29,49) a(5,54) a(6,37) a(5,91) a(5,63) a(5,88) d(66)
9; 25; r(64,76) d(6) d(35) a(6,49) d(74) r(5,36) a(65,62) a(64,40) a(73,45) d(65) a(35,40) a(29,39)
10; 26, 1; r(66,74) d(69) a(6,49) d(74) r(5,36) a(35,42) d(73) a(5,88)
11; 26, 1; r(66,74) d(64) d(29) d(6) a(65,62) a(64,40) a(73,45) d(65) a(35,40) r(64,55)
12; 26; r(66,74) d(69) a(6,49) d(74) r(5,36) a(65,62) a(64,40) a(73,45) d(65) a(35,40) r(64,55)
13; 1; r(66,74) d(64) d(29) d(6) a(35,42) d(73) a(5,88)
14; 13, 5; a(65,76) d(64) r(72,43) d(29) r(5,62) a(35,99) d(29) r(73,43)
15; 13, 5; r(66,74) r(69,76) r(72,56) a(35,70) a(35,46) a(35,42)
16; 13; a(65,76) d(64) r(72,43) d(29) r(5,62) a(35,99) d(29) a(35,70) a(35,46) a(35,42)
17; 5; r(66,74) r(69,76) r(72,56) r(73,43)
18; 5; r(66,74) r(69,76) r(72,56) r(73,43)
19; 59; r(66,74) a(34,57) d(6) r(69,73) d(64) d(34) a(5,43) a(29,55) a(5,43)
20; 30, 21; r(66,74) a(34,57) d(6) a(64,73) r(64,38)
21; 30, 21; r(66,74) a(34,57) d(6) r(69,73) d(64) d(34) d(29) d(5) d(69) a(6,49) d(74) r(5,36) a(65,62) a(64,40) a(73,45) d(65) a(35,40) a(35,47)
22; 30; r(66,74) a(34,57) d(6) r(69,73) d(64) d(34) d(29) d(5) d(69) a(6,49) d(74) r(5,36) a(65,62) a(64,40) a(73,45) d(65) a(35,40) a(35,47)
23; 21; r(66,74) a(34,57) d(6) a(64,73) r(64,38)
24; 30, 30; r(66,74) a(34,57) d(6) r(69,73) d(64) d(34) d(29) d(5) d(69) a(6,49) d(74) r(5,36) a(65,62) a(64,40) a(73,45) d(65) d(34) d(29) d(5) d(69) a(6,49) d(74) r(5,36) a(65,62) a(64,40) a(73,45) d(65) a(35,40) a(35,47)
25; 30, 30; r(66,74) a(34,57) d(6) r(69,73) d(64) a(35,40) a(35,47)
26; 30; r(66,74) a(34,57) d(6) r(69,73) d(64) d(34) d(29) d(5) d(69) a(6,49) d(74) r(5,36) a(65,62) a(64,40) a(73,45) d(65) a(35,40) a(35,47)
27; 30; r(66,74) a(34,57) d(6) r(69,73) d(64) d(34) d(29) d(5) d(69) a(6,49) d(74) r(5,36) a(65,62) a(64,40) a(73,45) d(65) a(35,40) a(35,47)
28; 43, 47; r(66,74) a(74,64)
29; 43, 47; r(66,74) a(34,57) d(6) d(71) a(35,99) d(29) a(35,70) d(73) a(5,36)
30; 43; r(66,74) a(35,99) d(29) a(35,70) d(73) a(5,36)
31; 47; r(66,74) a(34,57) d(6) d(71) a(74,64)
32; 43; r(66,74) a(35,99) d(29) a(35,70) d(73) a(5,36)
33; 5; r(66,74) r(69,76) r(72,56) r(73,43)
34; 59, 34; r(66,74) a(34,57) d(74) d(71) r(69,74)
35; 59, 34; a(65,76) d(29) r(74,55) a(6,49) d(6) r(69,73) d(64) d(34) a(5,43) a(29,55) a(5,43)
36; 59; r(66,74) a(34,57) d(6) r(69,73) d(64) d(34) a(5,43) a(29,55) a(5,43)
37; 34; a(65,76) d(29) r(74,55) a(6,49) d(74) d(71) r(69,74)
38; 12; r(66,74) d(64) d(29) r(5,36) a(67,88) a(65,49) a(64,57) a(66,75) a(71,43) r(65,90) r(35,43) r(29,36)
39; 21; r(66,74) a(34,57) d(6) a(64,73) r(64,38)
40; 25, 39; r(64,76) d(6) d(35) a(6,49) d(74) r(5,36) a(65,62) r(29,41) d(73) a(71,99) r(35,51)
41; 25, 39; a(65,76) d(64) r(72,43) d(29) r(5,62) a(35,99) a(71,43) d(65) a(64,40) a(73,45) d(65) a(35,40) a(29,39)
42; 25; r(64,76) d(6) d(35) a(6,49) d(74) r(5,36) a(65,62) a(64,40) a(73,45) d(65) a(35,40) a(29,39)
43; 39; a(65,76) d(64) r(72,43) d(29) r(5,62) a(35,99) a(71,43) d(65) r(29,41) d(73) a(71,99) r(35,51)
44; 56; r(66,74) a(34,57) d(6) r(69,73) a(34,57) d(6) r(69,73) d(64) d(34) a(5,43) a(29,55) r(35,29)
45; 33; r(66,74) d(69) a(6,49) d(74) r(5,36) a(65,62) a(64,40) a(73,45) d(65) a(35,40) a(34,67)
46; 40; d(5) r(72,43) a(64,57) a(66,75) a(71,43) d(65) r(29,41) d(73) a(71,99) d(71)
47; 53; r(66,74) d(69) r(5,36) a(67,88) a(65,49) r(73,90) d(65) d(29) d(64)
48; 24; r(66,74) d(69) d(34) r(29,49) a(5,54) d(5) r(65,75)
49; 1; r(66,74) d(64) d(29) d(6) a(35,42) d(73) a(5,88)
50; 58; r(66,74) a(34,57) d(6) r(69,73) r(5,67) r(72,74) r(34,49) r(64,91)
51; 3; r(66,74) d(64) d(29) d(6) a(35,42) a(5,91) a(5,63) a(5,88) r(35,56)
52; 5, 8; r(66,74) r(69,76) a(29,41) r(29,62)
53; 5, 8; r(65,73) a(73,72) a(29,105) r(34,35) r(5,42) d(69) a(72,73) a(66,75) a(71,43) d(34) d(66) d(74) r(64,90) r(72,56) r(73,43)
54; 5; r(66,74) r(69,76) r(72,56) r(73,43)
55; 8; r(65,73) a(73,72) a(29,105) r(34,35) r(5,42) d(69) a(72,73) a(66,75) a(71,43) d(34) d(66) d(74) r(64,90) a(29,41) r(29,62)
56; 14; r(66,74) d(6) d(35) a(69,90) r(72,43) a(64,57) a(66,75) d(67) r(64,72) a(35,99) d(29) a(35,70) d(73) d(5)
57; 59; r(66,74) a(34,57) d(6) r(69,73) d(64) d(34) a(5,43) a(29,55) a(5,43)
58; 30; r(66,74) a(34,57) d(6) r(69,73) d(64) d(34) d(29) d(5) d(69) a(6,49) d(74) r(5,36) a(65,62) a(64,40) a(73,45) d(65) a(35,40) a(35,47)
59; 17; r(66,74) a(35,99) d(29) a(35,70) d(73) d(65)
--------------------------------------------------------------------------------
Mutation

0; r(66,74) a(34,57) d(6) r(69,73) d(64) d(34) a(5,43) a(29,55) a(5,43) a(29,46)
1; r(66,74) a(34,57) d(6) r(69,73) a(34,57) d(6) r(69,73) d(64) d(34) a(5,43) a(29,55) r(35,29) d(5)
2; r(66,74) d(29) r(74,55) a(6,49) d(74) r(5,36) d(72) a(71,56) d(71) a(73,40) r(73,34)
3; a(65,76) d(69) d(34) r(29,49) a(5,54) d(5) r(65,75) d(64)
4; r(66,74) d(69) d(34) r(29,49) a(5,54) d(5) r(65,75) r(35,34)
5; a(65,76) d(29) r(74,55) a(6,49) d(74) r(5,36) d(72) a(71,56) d(71) a(73,40) a(67,74)
6; a(65,76) r(5,39) r(69,76) d(34) r(29,49) a(5,54) a(6,37) a(5,91) d(74) r(5,36) a(65,62) a(64,40) a(73,45) d(65) a(35,40) a(29,39) d(35)
7; r(64,76) d(6) d(35) a(6,49) a(5,63) a(5,88) d(66) r(5,50)
8; a(65,76) r(5,39) r(69,76) d(34) r(29,49) a(5,54) a(6,37) a(5,91) a(5,63) a(5,88) d(66) a(73,50)
9; r(64,76) d(6) d(35) a(6,49) d(74) r(5,36) a(65,62) a(64,40) a(73,45) d(65) a(35,40) a(29,39) r(29,105)
10; r(66,74) d(69) a(6,49) d(74) r(5,36) a(35,42) d(73) a(5,88) r(72,57)
11; r(66,74) d(64) d(29) d(6) a(65,62) a(64,40) a(73,45) d(65) a(35,40) r(64,55) d(5)
12; r(66,74) d(69) a(6,49) d(74) r(5,36) a(65,62) a(64,40) a(73,45) d(65) a(35,40) r(64,55) a(34,67)
13; r(66,74) d(64) d(29) d(6) a(35,42) d(73) a(5,88) r(35,70)
14; a(65,76) d(64) r(72,43) d(29) r(5,62) a(35,99) d(29) r(73,43) d(35)
15; r(66,74) r(69,76) r(72,56) a(35,70) a(35,46) a(35,42) d(64)
16; a(65,76) d(64) r(72,43) d(29) r(5,62) a(35,99) d(29) a(35,70) a(35,46) a(35,42) d(35)
17; r(66,74) r(69,76) r(72,56) r(73,43) a(64,37)
18; r(66,74) r(69,76) r(72,56) r(73,43) r(29,70)
19; r(66,74) a(34,57) d(6) r(69,73) d(64) d(34) a(5,43) a(29,55) a(5,43) d(5)
20; r(66,74) a(34,57) d(6) a(64,73) r(64,38) a(35,34)
21; r(66,74) a(34,57) d(6) r(69,73) d(64) d(34) d(29) d(5) d(69) a(6,49) d(74) r(5,36) a(65,62) a(64,40) a(73,45) d(65) a(35,40) a(35,47) a(35,42)
22; r(66,74) a(34,57) d(6) r(69,73) d(64) d(34) d(29) d(5) d(69) a(6,49) d(74) r(5,36) a(65,62) a(64,40) a(73,45) d(65) a(35,40) a(35,47) d(35)
23; r(66,74) a(34,57) d(6) a(64,73) r(64,38) d(35)
24; r(66,74) a(34,57) d(6) r(69,73) d(64) d(34) d(29) d(5) d(69) a(6,49) d(74) r(5,36) a(65,62) a(64,40) a(73,45) d(65) d(34) d(29) d(5) d(69) a(6,49) d(74) r(5,36) a(65,62) a(64,40) a(73,45) d(65) a(35,40) a(35,47) d(35)
25; r(66,74) a(34,57) d(6) r(69,73) d(64) a(35,40) a(35,47) d(29)
26; r(66,74) a(34,57) d(6) r(69,73) d(64) d(34) d(29) d(5) d(69) a(6,49) d(74) r(5,36) a(65,62) a(64,40) a(73,45) d(65) a(35,40) a(35,47) r(35,104)
27; r(66,74) a(34,57) d(6) r(69,73) d(64) d(34) d(29) d(5) d(69) a(6,49) d(74) r(5,36) a(65,62) a(64,40) a(73,45) d(65) a(35,40) a(35,47) d(35)
28; r(66,74) a(74,64) a(6,50)
29; r(66,74) a(34,57) d(6) d(71) a(35,99) d(29) a(35,70) d(73) a(5,36) r(64,50)
30; r(66,74) a(35,99) d(29) a(35,70) d(73) a(5,36) d(71)
31; r(66,74) a(34,57) d(6) d(71) a(74,64) d(65)
32; r(66,74) a(35,99) d(29) a(35,70) d(73) a(5,36) r(71,38)
33; r(66,74) r(69,76) r(72,56) r(73,43) r(65,44)
34; r(66,74) a(34,57) d(74) d(71) r(69,74) d(35)
35; a(65,76) d(29) r(74,55) a(6,49) d(6) r(69,73) d(64) d(34) a(5,43) a(29,55) a(5,43) d(5)
36; r(66,74) a(34,57) d(6) r(69,73) d(64) d(34) a(5,43) a(29,55) a(5,43) d(5)
37; a(65,76) d(29) r(74,55) a(6,49) d(74) d(71) r(69,74) a(5,40)
38; r(66,74) d(64) d(29) r(5,36) a(67,88) a(65,49) a(64,57) a(66,75) a(71,43) r(65,90) r(35,43) r(29,36)
39; r(66,74) a(34,57) d(6) a(64,73) r(64,38) r(35,55)
40; r(64,76) d(6) d(35) a(6,49) d(74) r(5,36) a(65,62) r(29,41) d(73) a(71,99) r(35,51)
41; a(65,76) d(64) r(72,43) d(29) r(5,62) a(35,99) a(71,43) d(65) a(64,40) a(73,45) d(65) a(35,40) a(29,39) a(35,71)
42; r(64,76) d(6) d(35) a(6,49) d(74) r(5,36) a(65,62) a(64,40) a(73,45) d(65) a(35,40) a(29,39) a(34,46)
43; a(65,76) d(64) r(72,43) d(29) r(5,62) a(35,99) a(71,43) d(65) r(29,41) d(73) a(71,99) r(35,51)
44; r(66,74) a(34,57) d(6) r(69,73) a(34,57) d(6) r(69,73) d(64) d(34) a(5,43) a(29,55) r(35,29) r(5,91)
45; r(66,74) d(69) a(6,49) d(74) r(5,36) a(65,62) a(64,40) a(73,45) d(65) a(35,40) a(34,67) d(34)
46; d(5) r(72,43) a(64,57) a(66,75) a(71,43) d(65) r(29,41) d(73) a(71,99) d(71) a(66,62)
47; r(66,74) d(69) r(5,36) a(67,88) a(65,49) r(73,90) d(65) d(29) d(64) r(35,40)
48; r(66,74) d(69) d(34) r(29,49) a(5,54) d(5) r(65,75) r(72,91)
49; r(66,74) d(64) d(29) d(6) a(35,42) d(73) a(5,88) a(5,67)
50; r(66,74) a(34,57) d(6) r(69,73) r(5,67) r(72,74) r(34,49) r(64,91) a(35,51)
51; r(66,74) d(64) d(29) d(6) a(35,42) a(5,91) a(5,63) a(5,88) r(35,56) a(5,29)
52; r(66,74) r(69,76) a(29,41) r(29,62) a(73,71)
53; r(65,73) a(73,72) a(29,105) r(34,35) r(5,42) d(69) a(72,73) a(66,75) a(71,43) d(34) d(66) d(74) r(64,90) r(72,56) r(73,43) a(35,58)
54; r(66,74) r(69,76) r(72,56) r(73,43) a(5,42)
55; r(65,73) a(73,72) a(29,105) r(34,35) r(5,42) d(69) a(72,73) a(66,75) a(71,43) d(34) d(66) d(74) r(64,90) a(29,41) r(29,62) d(35)
56; r(66,74) d(6) d(35) a(69,90) r(72,43) a(64,57) a(66,75) d(67) r(64,72) a(35,99) d(29) a(35,70) d(73) d(5)
57; r(66,74) a(34,57) d(6) r(69,73) d(64) d(34) a(5,43) a(29,55) a(5,43) d(29)
58; r(66,74) a(34,57) d(6) r(69,73) d(64) d(34) d(29) d(5) d(69) a(6,49) d(74) r(5,36) a(65,62) a(64,40) a(73,45) d(65) a(35,40) a(35,47) a(35,71)
59; r(66,74) a(35,99) d(29) a(35,70) d(73) d(65) d(64)
--------------------------------------------------------------------------------
Evaluation

0; 0.
1; 0.
2; 0.
3; 0.
4; 15.
5; 0.
6; 0.
7; 0.
8; 0.
9; 0.
10; 0.
11; 0.
12; 0.
13; 0.
14; 0.
15; 15.
16; 0.
17; 0.
18; 0.
19; 0.
20; 0.
21; 15.
22; 0.
23; 0.
24; 0.
25; 0.
26; 15.
27; 0.
28; 3.
29; 0.
30; 0.
31; 0.
32; 0.
33; 15.
34; 15.
35; 0.
36; 0.
37; 0.
38; 0.
39; 0.
40; 0.
41; 0.
42; 0.
43; 0.
44; 15.
45; 0.
46; 0.
47; 0.
48; 0.
49; 0.
50; 0.
51; 0.
52; 0.
53; 0.
54; 15.
55; 15.
56; 0.
57; 0.
58; 0.
59; 0.
