================================================================================
Enclosure

1: 0
2: 0
3: 0
4: 0
5: 0
6: 5
7: 6
9: 5
10: 9
11: 9
12: 11
13: 11
14: 9
15: 9
17: 9
18: 5
19: 18
20: 18
21: 18
23: 18
24: 5
25: 5
26: 25
27: 25
29: 0
30: 29
31: 29
32: 31
33: 31
34: 29
35: 0
36: 0
37: 36
38: 36
39: 0
40: 39
41: 39
42: 39
43: 42
44: 42
45: 42
46: 39
47: 39
48: 47
49: 47
50: 47
51: 47
52: 51
53: 51
54: 51
55: 54
56: 54
57: 54
58: 51
59: 51
60: 59
62: 47
63: 47
64: 0
65: 64
66: 64
67: 66
69: 64
70: 69
71: 69
72: 64
73: 64
74: 64
75: 0
76: 0
78: 0
79: 78
80: 78
81: 78
83: 0
85: 83
86: 0
87: 0
88: 0
89: 0
90: 0
91: 0
92: 0
93: 0
94: 0
95: 94
96: 94
97: 94
98: 94
99: 98
101: 94
102: 94
103: 94
104: 103
105: 103
106: 0
107: 106
108: 106
109: 0
110: 0
111: 0
112: 0
113: 0
114: 113
115: 113
116: 113
117: 116
119: 113
120: 119
121: 120
122: 120
123: 122
125: 119
126: 113
127: 126
129: 127
131: 129
133: 131
134: 126
135: 0
136: 135
137: 135
138: 135
139: 138
140: 139
143: 135
144: 0
145: 0
146: 0
================================================================================
Initialisation

0; d(73); 15.
1; r(72,104); 15.
2; r(35,67); 15.
3; a(29,58); 5.
4; a(6,52); 5.
5; a(29,50); 5.
6; r(69,50); 0.
7; d(67); 5.
8; r(72,88); 15.
9; r(65,72); 0.
10; r(71,65); 5.
11; r(73,64); 3.
12; r(29,52); 5.
13; a(65,99); 5.
14; d(34); 5.
15; r(5,67); 5.
16; d(69); 0.
17; d(74); 15.
18; d(74); 15.
19; r(66,71); 3.
20; a(71,38); 5.
21; a(73,57); 5.
22; a(73,75); 5.
23; a(71,74); 1.
24; d(71); 5.
25; r(35,45); 15.
26; d(34); 5.
27; r(65,62); 0.
28; d(35); 15.
29; r(74,91); 15.
30; d(69); 0.
31; d(5); 5.
32; d(66); 3.
33; r(72,64); 3.
34; d(66); 3.
35; a(69,66); 5.
36; a(29,91); 15.
37; a(67,90); 5.
38; d(67); 5.
39; original; 5.
================================================================================
Generation 1

--------------------------------------------------------------------------------
Selection

0; 33
1; 8
2; 6
3; 9
4; 24
5; 20
6; 33
7; 19
8; 30
9; 11
10; 11
11; 24
12; 27
13; 16
14; 32
15; 20
16; 14
17; 23
18; 34
19; 38
20; 27
21; 27
22; 11
23; 33
24; 20
25; 27
26; 32
27; 13
28; 12
29; 33
30; 30
31; 10
32; 16
33; 6
34; 11
35; 9
36; 32
37; 24
38; 32
39; 34
--------------------------------------------------------------------------------
Crossover

0; 34, 11; d(66)
1; 34, 11; r(73,64)
2; 34; d(66)
3; 11; r(73,64)
4; 38, 20; d(67)
5; 38, 20; a(71,38)
6; 38; d(67)
7; 20; a(71,38)
8; 24, 23; d(71)
9; 24, 23; a(71,74)
10; 24; d(71)
11; 23; a(71,74)
12; 6; r(69,50)
13; 27; r(65,62)
14; 33, 20; r(72,64)
15; 33, 20; a(71,38)
16; 33; r(72,64)
17; 20; a(71,38)
18; 8, 16; r(72,88)
19; 8, 16; d(69)
20; 8; r(72,88)
21; 16; d(69)
22; 27; r(65,62)
23; 24; d(71)
24; 9; r(65,72)
25; 32; d(66)
26; 11; r(73,64)
27; 19; r(66,71)
28; 10; r(71,65)
29; 32; d(66)
30; 9; r(65,72)
31; 11; r(73,64)
32; 27, 30; r(65,62)
33; 27, 30; d(69)
34; 27; r(65,62)
35; 30; d(69)
36; 14; d(34)
37; 13; a(65,99)
38; 11; r(73,64)
39; 6; r(69,50)
40; 33, 32; r(72,64)
41; 33, 32; d(66)
42; 33; r(72,64)
43; 32; d(66)
44; 16; d(69)
45; 34; d(66)
46; 33, 27; r(72,64)
47; 33, 27; r(65,62)
48; 33; r(72,64)
49; 27; r(65,62)
50; 32; d(66)
51; 12; r(29,52)
52; 24, 30; d(71)
53; 24, 30; d(69)
54; 24; d(71)
55; 30; d(69)
56; 33, 20; r(72,64)
57; 33, 20; a(71,38)
58; 33; r(72,64)
59; 20; a(71,38)
--------------------------------------------------------------------------------
Mutation

0; d(66) d(64)
1; r(73,64) d(65)
2; d(66) r(73,75)
3; r(73,64) a(65,64)
4; d(67) d(71)
5; a(71,38) a(69,88)
6; d(67) d(34)
7; a(71,38) a(65,63)
8; d(71) r(72,45)
9; a(71,74) r(74,105)
10; d(71) d(64)
11; a(71,74) a(67,105)
12; r(69,50) r(29,62)
13; r(65,62) a(5,57)
14; r(72,64) a(66,55)
15; a(71,38) d(72)
16; r(72,64) a(6,40)
17; a(71,38) a(29,58)
18; r(72,88) d(6)
19; d(69) a(64,56)
20; r(72,88) a(35,43)
21; d(69) d(67)
22; r(65,62) r(74,40)
23; d(71) d(64)
24; r(65,72) d(73)
25; d(66) a(73,67)
26; r(73,64) d(35)
27; r(66,71) d(34)
28; r(71,65) d(6)
29; d(66) r(74,72)
30; r(65,72) a(35,40)
31; r(73,64) r(74,50)
32; r(65,62) d(34)
33; d(69) d(5)
34; r(65,62) r(71,74)
35; d(69) r(67,71)
36; d(34) r(71,91)
37; a(65,99) a(35,76)
38; r(73,64) d(5)
39; r(69,50) r(35,90)
40; r(72,64) r(74,91)
41; d(66) d(64)
42; r(72,64) r(29,91)
43; d(66) d(5)
44; d(69) r(66,64)
45; d(66) d(5)
46; r(72,64) a(71,52)
47; r(65,62) r(73,52)
48; r(72,64) a(35,36)
49; r(65,62) r(34,90)
50; d(66) r(74,72)
51; r(29,52) d(71)
52; d(71) a(74,57)
53; d(69) d(5)
54; d(71) r(29,34)
55; d(69) d(65)
56; r(72,64) d(29)
57; a(71,38) d(74)
58; r(72,64) r(34,67)
59; a(71,38) d(29)
--------------------------------------------------------------------------------
Evaluation

0; 0.
1; 5.
2; 15.
3; 5.
4; 5.
5; 5.
6; 5.
7; 5.
8; 15.
9; 1.
10; 0.
11; 1.
12; 0.
13; 0.
14; 3.
15; 15.
16; 3.
17; 5.
18; 0.
19; 4.
20; 11.
21; 0.
22; 0.
23; 0.
24; 0.
25; 3.
26; 15.
27; 3.
28; 0.
29; 15.
30; 0.
31; 3.
32; 0.
33; 0.
34; 0.
35; 0.
36; 15.
37; 5.
38; 3.
39; 15.
40; 5.
41; 0.
42; 15.
43; 3.
44; 3.
45; 3.
46; 3.
47; 0.
48; 3.
49; 0.
50; 15.
51; 5.
52; 5.
53; 0.
54; 5.
55; 0.
56; 3.
57; 15.
58; 3.
59; 5.
================================================================================
Generation 2

--------------------------------------------------------------------------------
Selection

0; 5
1; 46
2; 11
3; 35
4; 21
5; 0
6; 22
7; 16
8; 33
9; 9
10; 44
11; 18
12; 13
13; 49
14; 12
15; 4
16; 12
17; 5
18; 48
19; 11
20; 55
21; 43
22; 3
23; 45
24; 0
25; 46
26; 22
27; 19
28; 30
29; 55
30; 38
31; 37
32; 33
33; 40
34; 21
35; 55
36; 52
37; 40
38; 47
39; 35
--------------------------------------------------------------------------------
Crossover

0; 11, 21; a(71,74) a(67,105) d(67)
1; 11, 21; d(69)
2; 11; a(71,74) a(67,105)
3; 21; d(69) d(67)
4; 48, 35; r(72,64)
5; 48, 35; d(69) r(67,71) a(35,36)
6; 48; r(72,64) a(35,36)
7; 35; d(69) r(67,71)
8; 33; d(69) d(5)
9; 35; d(69) r(67,71)
10; 46, 16; r(72,64) a(6,40)
11; 46, 16; r(72,64) a(71,52)
12; 46; r(72,64) a(71,52)
13; 16; r(72,64) a(6,40)
14; 21; d(69) d(67)
15; 0; d(66) d(64)
16; 12, 47; r(69,50)
17; 12, 47; r(65,62) r(73,52) r(29,62)
18; 12; r(69,50) r(29,62)
19; 47; r(65,62) r(73,52)
20; 43; d(66) d(5)
21; 9; a(71,74) r(74,105)
22; 49, 45; r(65,62) r(34,90)
23; 49, 45; d(66) d(5)
24; 49; r(65,62) r(34,90)
25; 45; d(66) d(5)
26; 55; d(69) d(65)
27; 19; d(69) a(64,56)
28; 22, 55; r(65,62)
29; 22, 55; d(69) d(65) r(74,40)
30; 22; r(65,62) r(74,40)
31; 55; d(69) d(65)
32; 18; r(72,88) d(6)
33; 4; d(67) d(71)
34; 5, 38; a(71,38) a(69,88)
35; 5, 38; r(73,64) d(5)
36; 5; a(71,38) a(69,88)
37; 38; r(73,64) d(5)
38; 37; a(65,99) a(35,76)
39; 5; a(71,38) a(69,88)
40; 13, 52; r(65,62) a(74,57)
41; 13, 52; d(71) a(5,57)
42; 13; r(65,62) a(5,57)
43; 52; d(71) a(74,57)
44; 40; r(72,64) r(74,91)
45; 55; d(69) d(65)
46; 22, 12; r(65,62) r(74,40) r(29,62)
47; 22, 12; r(69,50)
48; 22; r(65,62) r(74,40)
49; 12; r(69,50) r(29,62)
50; 33; d(69) d(5)
51; 11; a(71,74) a(67,105)
52; 46, 40; r(72,64)
53; 46, 40; r(72,64) r(74,91) a(71,52)
54; 46; r(72,64) a(71,52)
55; 40; r(72,64) r(74,91)
56; 30; r(65,72) a(35,40)
57; 44; d(69) r(66,64)
58; 3, 0; r(73,64) a(65,64)
59; 3, 0; d(66) d(64)
60; 3; r(73,64) a(65,64)
61; 0; d(66) d(64)
--------------------------------------------------------------------------------
Mutation

0; a(71,74) a(67,105) d(67) d(5)
1; d(69) r(5,50)
2; a(71,74) a(67,105) d(6)
3; d(69) d(67) a(64,105)
4; r(72,64) r(6,63)
5; d(69) r(67,71) a(35,36) r(6,67)
6; r(72,64) a(35,36) a(29,54)
7; d(69) r(67,71) a(74,37)
8; d(69) d(5) d(35)
9; d(69) r(67,71) r(74,43)
10; r(72,64) a(6,40) a(73,88)
11; r(72,64) a(71,52) d(29)
12; r(72,64) a(71,52) d(71)
13; r(72,64) a(6,40) d(73)
14; d(69) d(67) a(64,88)
15; d(66) d(64) a(5,63)
16; r(69,50) a(73,37)
17; r(65,62) r(73,52) r(29,62) r(5,29)
18; r(69,50) r(29,62) r(64,55)
19; r(65,62) r(73,52) a(67,34)
20; d(66) d(5) r(74,56)
21; a(71,74) r(74,105) r(64,50)
22; r(65,62) r(34,90) a(6,37)
23; d(66) d(5) r(64,45)
24; r(65,62) r(34,90) r(73,70)
25; d(66) d(5) d(69)
26; d(69) d(65) d(5)
27; d(69) a(64,56) r(73,105)
28; r(65,62) r(34,88)
29; d(69) d(65) r(74,40) a(6,51)
30; r(65,62) r(74,40) r(64,74)
31; d(69) d(65) a(72,65)
32; r(72,88) d(6) d(5)
33; d(67) d(71) r(5,46)
34; a(71,38) a(69,88) r(72,65)
35; r(73,64) d(5) r(34,38)
36; a(71,38) a(69,88) r(74,55)
37; r(73,64) d(5) a(69,50)
38; a(65,99) a(35,76) d(6)
39; a(71,38) a(69,88) d(69)
40; r(65,62) a(74,57) a(67,67)
41; d(71) a(5,57) d(34)
42; r(65,62) a(5,57) a(69,50)
43; d(71) a(74,57) r(74,37)
44; r(72,64) r(74,91) r(71,91)
45; d(69) d(65) a(66,105)
46; r(65,62) r(74,40) r(29,62) r(67,88)
47; r(69,50) r(66,38)
48; r(65,62) r(74,40) d(67)
49; r(69,50) r(29,62) a(64,75)
50; d(69) d(5) d(65)
51; a(71,74) a(67,105) a(66,72)
52; r(72,64) r(6,76)
53; r(72,64) r(74,91) a(71,52) r(66,88)
54; r(72,64) a(71,52) a(74,91)
55; r(72,64) r(74,91) r(65,69)
56; r(65,72) a(35,40) d(35)
57; d(69) r(66,64) a(64,88)
58; r(73,64) a(65,64) a(72,49)
59; d(66) d(64) a(35,34)
60; r(73,64) a(65,64) r(64,56)
61; d(66) d(64) d(6)
--------------------------------------------------------------------------------
Evaluation

0; 0.
1; 0.
2; 0.
3; 0.
4; 0.
5; 0.
6; 15.
7; 15.
8; 0.
9; 0.
10; 3.
11; 3.
12; 3.
13; 3.
14; 0.
15; 0.
16; 15.
17; 0.
18; 0.
19; 0.
20; 15.
21; 0.
22; 0.
23; 0.
24; 15.
25; 0.
26; 0.
27; 4.
28; 0.
29; 0.
30; 0.
31; 0.
32; 0.
33; 5.
34; 15.
35; 3.
36; 15.
37; 3.
38; 0.
39; 0.
40; 0.
41; 5.
42; 0.
43; 15.
44; 15.
45; 0.
46; 0.
47; 0.
48; 0.
49; 0.
50; 0.
51; 5.
52; 15.
53; 5.
54; 4.
55; 5.
56; 15.
57; 3.
58; 5.
59; 0.
60; 15.
61; 0.
================================================================================
Generation 3

--------------------------------------------------------------------------------
Selection

0; 48
1; 39
2; 22
3; 49
4; 19
5; 19
6; 26
7; 50
8; 59
9; 61
10; 3
11; 26
12; 11
13; 40
14; 40
15; 17
16; 0
17; 39
18; 35
19; 38
20; 55
21; 21
22; 21
23; 15
24; 45
25; 46
26; 28
27; 47
28; 53
29; 38
30; 4
31; 15
32; 40
33; 56
34; 15
35; 5
36; 3
37; 40
38; 54
39; 49
--------------------------------------------------------------------------------
Crossover

0; 46, 59; r(65,62) r(74,40) a(35,34)
1; 46, 59; d(66) d(64) r(29,62) r(67,88)
2; 46; r(65,62) r(74,40) r(29,62) r(67,88)
3; 59; d(66) d(64) a(35,34)
4; 50, 40; d(69) d(5) d(65)
5; 50, 40; r(65,62) a(74,57) a(67,67)
6; 50; d(69) d(5) d(65)
7; 40; r(65,62) a(74,57) a(67,67)
8; 19, 15; r(65,62) a(5,63)
9; 19, 15; d(66) d(64) r(73,52) a(67,34)
10; 19; r(65,62) r(73,52) a(67,34)
11; 15; d(66) d(64) a(5,63)
12; 5, 48; d(69) r(67,71) a(35,36)
13; 5, 48; r(65,62) r(74,40) d(67) r(6,67)
14; 5; d(69) r(67,71) a(35,36) r(6,67)
15; 48; r(65,62) r(74,40) d(67)
16; 53; r(72,64) r(74,91) a(71,52) r(66,88)
17; 28; r(65,62) r(34,88)
18; 15, 40; d(66) d(64) a(74,57) a(67,67)
19; 15, 40; r(65,62) a(5,63)
20; 15; d(66) d(64) a(5,63)
21; 40; r(65,62) a(74,57) a(67,67)
22; 61, 47; d(66) r(66,38)
23; 61, 47; r(69,50) d(64) d(6)
24; 61; d(66) d(64) d(6)
25; 47; r(69,50) r(66,38)
26; 38, 26; a(65,99) d(5)
27; 38, 26; d(69) d(65) a(35,76) d(6)
28; 38; a(65,99) a(35,76) d(6)
29; 26; d(69) d(65) d(5)
30; 35, 55; r(73,64) d(5) r(65,69)
31; 35, 55; r(72,64) r(74,91) r(34,38)
32; 35; r(73,64) d(5) r(34,38)
33; 55; r(72,64) r(74,91) r(65,69)
34; 22, 17; r(65,62) r(34,90) a(6,37) r(73,52) r(29,62) r(5,29)
35; 22, 17; r(65,62)
36; 22; r(65,62) r(34,90) a(6,37)
37; 17; r(65,62) r(73,52) r(29,62) r(5,29)
38; 45; d(69) d(65) a(66,105)
39; 15; d(66) d(64) a(5,63)
40; 19, 0; r(65,62)
41; 19, 0; a(71,74) a(67,105) d(67) d(5) r(73,52) a(67,34)
42; 19; r(65,62) r(73,52) a(67,34)
43; 0; a(71,74) a(67,105) d(67) d(5)
44; 49; r(69,50) r(29,62) a(64,75)
45; 21; a(71,74) r(74,105) r(64,50)
46; 39; a(71,38) a(69,88) d(69)
47; 21; a(71,74) r(74,105) r(64,50)
48; 4; r(72,64) r(6,63)
49; 3; d(69) d(67) a(64,105)
50; 40; r(65,62) a(74,57) a(67,67)
51; 3; d(69) d(67) a(64,105)
52; 49, 26; r(69,50)
53; 49, 26; d(69) d(65) d(5) r(29,62) a(64,75)
54; 49; r(69,50) r(29,62) a(64,75)
55; 26; d(69) d(65) d(5)
56; 54, 40; r(72,64)
57; 54, 40; r(65,62) a(74,57) a(67,67) a(71,52) a(74,91)
58; 54; r(72,64) a(71,52) a(74,91)
59; 40; r(65,62) a(74,57) a(67,67)
60; 56, 38; r(65,72) a(35,40) a(35,76) d(6)
61; 56, 38; a(65,99) d(35)
62; 56; r(65,72) a(35,40) d(35)
63; 38; a(65,99) a(35,76) d(6)
64; 11, 39; r(72,64) a(71,52) d(29)
65; 11, 39; a(71,38) a(69,88) d(69)
66; 11; r(72,64) a(71,52) d(29)
67; 39; a(71,38) a(69,88) d(69)
--------------------------------------------------------------------------------
Mutation

0; r(65,62) r(74,40) a(35,34) d(69)
1; d(66) d(64) r(29,62) r(67,88) d(6)
2; r(65,62) r(74,40) r(29,62) r(67,88) r(71,52)
3; d(66) d(64) a(35,34) d(35)
4; d(69) d(5) d(65) d(67)
5; r(65,62) a(74,57) a(67,67) d(34)
6; d(69) d(5) d(65) r(35,38)
7; r(65,62) a(74,57) a(67,67) r(69,44)
8; r(65,62) a(5,63) a(34,29)
9; d(66) d(64) r(73,52) a(67,34) a(34,62)
10; r(65,62) r(73,52) a(67,34) r(72,67)
11; d(66) d(64) a(5,63) d(29)
12; d(69) r(67,71) a(35,36) d(64)
13; r(65,62) r(74,40) d(67) r(6,67) r(66,64)
14; d(69) r(67,71) a(35,36) r(6,67) a(65,90)
15; r(65,62) r(74,40) d(67) d(69)
16; r(72,64) r(74,91) a(71,52) r(66,88) r(65,45)
17; r(65,62) r(34,88) r(5,42)
18; d(66) d(64) a(74,57) a(67,67) a(29,67)
19; r(65,62) a(5,63) r(64,88)
20; d(66) d(64) a(5,63) d(35)
21; r(65,62) a(74,57) a(67,67) d(35)
22; d(66) r(66,38) r(6,63)
23; r(69,50) d(64) d(6) r(34,52)
24; d(66) d(64) d(6) d(5)
25; r(69,50) r(66,38) r(64,45)
26; a(65,99) d(5) a(74,55)
27; d(69) d(65) a(35,76) d(6) a(67,45)
28; a(65,99) a(35,76) d(6) a(5,39)
29; d(69) d(65) d(5) a(64,88)
30; r(73,64) d(5) r(65,69) r(66,70)
31; r(72,64) r(74,91) r(34,38) d(73)
32; r(73,64) d(5) r(34,38) r(65,56)
33; r(72,64) r(74,91) r(65,69) a(35,47)
34; r(65,62) r(34,90) a(6,37) r(73,52) r(29,62) r(5,29) r(67,64)
35; r(65,62) r(6,43)
36; r(65,62) r(34,90) a(6,37) r(6,71)
37; r(65,62) r(73,52) r(29,62) r(5,29) d(67)
38; d(69) d(65) a(66,105) a(6,70)
39; d(66) d(64) a(5,63) d(34)
40; r(65,62) d(71)
41; a(71,74) a(67,105) d(67) d(5) r(73,52) a(67,34) a(35,44)
42; r(65,62) r(73,52) a(67,34) r(74,70)
43; a(71,74) a(67,105) d(67) d(5) r(69,73)
44; r(69,50) r(29,62) a(64,75) r(64,63)
45; a(71,74) r(74,105) r(64,50) r(29,105)
46; a(71,38) a(69,88) d(69) d(73)
47; a(71,74) r(74,105) r(64,50) r(29,34)
48; r(72,64) r(6,63) d(66)
49; d(69) d(67) a(64,105) a(66,75)
50; r(65,62) a(74,57) a(67,67) a(35,56)
51; d(69) d(67) a(64,105) r(6,41)
52; r(69,50) a(64,44)
53; d(69) d(65) d(5) r(29,62) a(64,75) a(66,99)
54; r(69,50) r(29,62) a(64,75) a(6,70)
55; d(69) d(65) d(5) r(74,88)
56; r(72,64) a(34,38)
57; r(65,62) a(74,57) a(67,67) a(71,52) a(74,91) r(34,44)
58; r(72,64) a(71,52) a(74,91) r(67,56)
59; r(65,62) a(74,57) a(67,67) a(69,37)
60; r(65,72) a(35,40) a(35,76) d(6) r(29,49)
61; a(65,99) d(35) r(72,104)
62; r(65,72) a(35,40) d(35) r(69,76)
63; a(65,99) a(35,76) d(6) d(74)
64; r(72,64) a(71,52) d(29) a(71,62)
65; a(71,38) a(69,88) d(69) a(67,72)
66; r(72,64) a(71,52) d(29) a(65,50)
67; a(71,38) a(69,88) d(69) r(65,56)
--------------------------------------------------------------------------------
Evaluation

0; 0.
1; 0.
2; 0.
3; 15.
4; 0.
5; 0.
6; 0.
7; 15.
8; 0.
9; 0.
10; 0.
11; 0.
12; 0.
13; 0.
14; 0.
15; 0.
16; 5.
17; 0.
18; 0.
19; 0.
20; 15.
21; 15.
22; 0.
23; 0.
24; 0.
25; 0.
26; 5.
27; 0.
28; 0.
29; 0.
30; 15.
31; 5.
32; 15.
33; 5.
34; 5.
35; 0.
36; 15.
37; 0.
38; 0.
39; 0.
40; 0.
41; 0.
42; 15.
43; 0.
44; 0.
45; 0.
46; 0.
47; 0.
48; 0.
49; 0.
50; 0.
51; 0.
52; 4.
53; 0.
54; 0.
55; 0.
56; 3.
57; 15.
58; 15.
59; 15.
60; 0.
61; 15.
62; 15.
63; 0.
64; 3.
65; 0.
66; 3.
67; 15.
================================================================================
Generation 4

--------------------------------------------------------------------------------
Selection

0; 21
1; 38
2; 13
3; 28
4; 37
5; 63
6; 4
7; 49
8; 46
9; 15
10; 15
11; 12
12; 10
13; 14
14; 55
15; 18
16; 1
17; 48
18; 54
19; 60
20; 28
21; 61
22; 11
23; 51
24; 13
25; 51
26; 27
27; 14
28; 8
29; 20
30; 0
31; 51
32; 54
33; 4
34; 11
35; 63
36; 46
37; 25
38; 54
39; 25
--------------------------------------------------------------------------------
Crossover

0; 49; d(69) d(67) a(64,105) a(66,75)
1; 37; r(65,62) r(73,52) r(29,62) r(5,29) d(67)
2; 54, 60; r(69,50) r(29,62) r(29,49)
3; 54, 60; r(65,72) a(35,40) a(35,76) d(6) a(64,75) a(6,70)
4; 54; r(69,50) r(29,62) a(64,75) a(6,70)
5; 60; r(65,72) a(35,40) a(35,76) d(6) r(29,49)
6; 27, 51; d(69) d(65) a(35,76) d(6) a(67,45) r(6,41)
7; 27, 51; d(69) d(67) a(64,105)
8; 27; d(69) d(65) a(35,76) d(6) a(67,45)
9; 51; d(69) d(67) a(64,105) r(6,41)
10; 63, 63; a(65,99) a(35,76) d(6) d(74) a(35,76) d(6) d(74)
11; 63, 63; a(65,99)
12; 63; a(65,99) a(35,76) d(6) d(74)
13; 63; a(65,99) a(35,76) d(6) d(74)
14; 13, 48; r(65,62) r(74,40) d(67) d(66)
15; 13, 48; r(72,64) r(6,63) r(6,67) r(66,64)
16; 13; r(65,62) r(74,40) d(67) r(6,67) r(66,64)
17; 48; r(72,64) r(6,63) d(66)
18; 21, 20; r(65,62) d(64) a(5,63) d(35)
19; 21, 20; d(66) a(74,57) a(67,67) d(35)
20; 21; r(65,62) a(74,57) a(67,67) d(35)
21; 20; d(66) d(64) a(5,63) d(35)
22; 28; a(65,99) a(35,76) d(6) a(5,39)
23; 14; d(69) r(67,71) a(35,36) r(6,67) a(65,90)
24; 0, 11; r(65,62) r(74,40)
25; 0, 11; d(66) d(64) a(5,63) d(29) a(35,34) d(69)
26; 0; r(65,62) r(74,40) a(35,34) d(69)
27; 11; d(66) d(64) a(5,63) d(29)
28; 11, 4; d(66) d(64) a(5,63) d(65) d(67)
29; 11, 4; d(69) d(5) d(29)
30; 11; d(66) d(64) a(5,63) d(29)
31; 4; d(69) d(5) d(65) d(67)
32; 15, 38; r(65,62) r(74,40) d(67) a(66,105) a(6,70)
33; 15, 38; d(69) d(65) d(69)
34; 15; r(65,62) r(74,40) d(67) d(69)
35; 38; d(69) d(65) a(66,105) a(6,70)
36; 55, 61; d(69) d(65) d(5) d(35) r(72,104)
37; 55, 61; a(65,99) r(74,88)
38; 55; d(69) d(65) d(5) r(74,88)
39; 61; a(65,99) d(35) r(72,104)
40; 46, 25; a(71,38)
41; 46, 25; r(69,50) r(66,38) r(64,45) a(69,88) d(69) d(73)
42; 46; a(71,38) a(69,88) d(69) d(73)
43; 25; r(69,50) r(66,38) r(64,45)
44; 8; r(65,62) a(5,63) a(34,29)
45; 12; d(69) r(67,71) a(35,36) d(64)
46; 14, 25; d(69) r(67,71) a(35,36) r(64,45)
47; 14, 25; r(69,50) r(66,38) r(6,67) a(65,90)
48; 14; d(69) r(67,71) a(35,36) r(6,67) a(65,90)
49; 25; r(69,50) r(66,38) r(64,45)
50; 1, 54; d(66) d(64) r(29,62) r(67,88) d(6) a(6,70)
51; 1, 54; r(69,50) r(29,62) a(64,75)
52; 1; d(66) d(64) r(29,62) r(67,88) d(6)
53; 54; r(69,50) r(29,62) a(64,75) a(6,70)
54; 46, 54; a(71,38) a(69,88) d(69) r(29,62) a(64,75) a(6,70)
55; 46, 54; r(69,50) d(73)
56; 46; a(71,38) a(69,88) d(69) d(73)
57; 54; r(69,50) r(29,62) a(64,75) a(6,70)
58; 18; d(66) d(64) a(74,57) a(67,67) a(29,67)
59; 4; d(69) d(5) d(65) d(67)
60; 13, 51; r(65,62) r(74,40) d(67) r(6,67) r(66,64) r(6,41)
61; 13, 51; d(69) d(67) a(64,105)
62; 13; r(65,62) r(74,40) d(67) r(6,67) r(66,64)
63; 51; d(69) d(67) a(64,105) r(6,41)
64; 15, 10; r(65,62) r(74,40) d(67) d(69) r(73,52) a(67,34) r(72,67)
65; 15, 10; r(65,62)
66; 15; r(65,62) r(74,40) d(67) d(69)
67; 10; r(65,62) r(73,52) a(67,34) r(72,67)
68; 51; d(69) d(67) a(64,105) r(6,41)
69; 28; a(65,99) a(35,76) d(6) a(5,39)
--------------------------------------------------------------------------------
Mutation

0; d(69) d(67) a(64,105) a(66,75) d(34)
1; r(65,62) r(73,52) r(29,62) r(5,29) d(67) a(35,58)
2; r(69,50) r(29,62) r(29,49) r(67,75)
3; r(65,72) a(35,40) a(35,76) d(6) a(64,75) a(6,70) r(29,67)
4; r(69,50) r(29,62) a(64,75) a(6,70) r(67,73)
5; r(65,72) a(35,40) a(35,76) d(6) r(29,49) r(74,70)
6; d(69) d(65) a(35,76) d(6) a(67,45) r(6,41) d(29)
7; d(69) d(67) a(64,105) r(64,105)
8; d(69) d(65) a(35,76) d(6) a(67,45) r(74,52)
9; d(69) d(67) a(64,105) r(6,41) r(72,62)
10; a(65,99) a(35,76) d(6) d(74) a(35,76) d(6) d(74) r(69,45)
11; a(65,99) d(66)
12; a(65,99) a(35,76) d(6) d(74) d(71)
13; a(65,99) a(35,76) d(6) d(74) d(69)
14; r(65,62) r(74,40) d(67) d(66) d(69)
15; r(72,64) r(6,63) r(6,67) r(66,64) d(64)
16; r(65,62) r(74,40) d(67) r(6,67) r(66,64) d(34)
17; r(72,64) r(6,63) d(66) a(34,44)
18; r(65,62) d(64) a(5,63) d(35) d(29)
19; d(66) a(74,57) a(67,67) d(35) d(71)
20; r(65,62) a(74,57) a(67,67) d(35) d(72)
21; d(66) d(64) a(5,63) d(35) d(6)
22; a(65,99) a(35,76) d(6) a(5,39) a(67,57)
23; d(69) r(67,71) a(35,36) r(6,67) a(65,90) r(29,76)
24; r(65,62) r(74,40) a(64,104)
25; d(66) d(64) a(5,63) d(29) a(35,34) d(69) r(35,44)
26; r(65,62) r(74,40) a(35,34) d(69) d(34)
27; d(66) d(64) a(5,63) d(29) a(5,42)
28; d(66) d(64) a(5,63) d(65) d(67) a(29,5)
29; d(69) d(5) d(29) r(74,57)
30; d(66) d(64) a(5,63) d(29) a(35,35)
31; d(69) d(5) d(65) d(67) a(74,57)
32; r(65,62) r(74,40) d(67) a(66,105) a(6,70) a(35,104)
33; d(69) d(65) d(69) a(64,34)
34; r(65,62) r(74,40) d(67) d(69) a(64,43)
35; d(69) d(65) a(66,105) a(6,70) d(35)
36; d(69) d(65) d(5) d(35) r(72,104) a(64,67)
37; a(65,99) r(74,88) a(65,40)
38; d(69) d(65) d(5) r(74,88) d(67)
39; a(65,99) d(35) r(72,104) a(29,29)
40; a(71,38) d(69)
41; r(69,50) r(66,38) r(64,45) a(69,88) d(69) d(73) a(34,36)
42; a(71,38) a(69,88) d(69) d(73) d(72)
43; r(69,50) r(66,38) r(64,45) a(34,90)
44; r(65,62) a(5,63) a(34,29) a(74,90)
45; d(69) r(67,71) a(35,36) d(64) a(5,37)
46; d(69) r(67,71) a(35,36) r(64,45) a(6,36)
47; r(69,50) r(66,38) r(6,67) a(65,90) d(5)
48; d(69) r(67,71) a(35,36) r(6,67) a(65,90) a(5,44)
49; r(69,50) r(66,38) r(64,45) d(34)
50; d(66) d(64) r(29,62) r(67,88) d(6) a(6,70) r(35,44)
51; r(69,50) r(29,62) a(64,75) d(35)
52; d(66) d(64) r(29,62) r(67,88) d(6) d(5)
53; r(69,50) r(29,62) a(64,75) a(6,70) d(6)
54; a(71,38) a(69,88) d(69) r(29,62) a(64,75) a(6,70) r(64,71)
55; r(69,50) d(73) d(35)
56; a(71,38) a(69,88) d(69) d(73) r(65,104)
57; r(69,50) r(29,62) a(64,75) a(6,70) d(64)
58; d(66) d(64) a(74,57) a(67,67) a(29,67) d(29)
59; d(69) d(5) d(65) d(67) a(29,99)
60; r(65,62) r(74,40) d(67) r(6,67) r(66,64) r(6,41) r(34,51)
61; d(69) d(67) a(64,105) d(6)
62; r(65,62) r(74,40) d(67) r(6,67) r(66,64) a(72,69)
63; d(69) d(67) a(64,105) r(6,41) a(65,45)
64; r(65,62) r(74,40) d(67) d(69) r(73,52) a(67,34) r(72,67) r(29,67)
65; r(65,62) d(74)
66; r(65,62) r(74,40) d(67) d(69) r(35,38)
67; r(65,62) r(73,52) a(67,34) r(72,67) r(35,40)
68; d(69) d(67) a(64,105) r(6,41) d(29)
69; a(65,99) a(35,76) d(6) a(5,39) r(34,53)
--------------------------------------------------------------------------------
Evaluation

0; 0.
1; 0.
2; 0.
3; 0.
4; 0.
5; 0.
6; 0.
7; 0.
8; 0.
9; 0.
10; 0.
11; 3.
12; 0.
13; 0.
14; 0.
15; 0.
16; 0.
17; 0.
18; 0.
19; 15.
20; 15.
21; 0.
22; 0.
23; 0.
24; 0.
25; 15.
26; 0.
27; 0.
28; 0.
29; 0.
30; 0.
31; 0.
32; 0.
33; 0.
34; 0.
35; 0.
36; 0.
37; 15.
38; 0.
39; 15.
40; 0.
41; 15.
42; 0.
43; 0.
44; 0.
45; 15.
46; 0.
47; 0.
48; 0.
49; 0.
50; 0.
51; 0.
52; 0.
53; 0.
54; 0.
55; 15.
56; 0.
57; 0.
58; 0.
59; 0.
60; 0.
61; 0.
62; 0.
63; 0.
64; 0.
65; 0.
66; 15.
67; 15.
68; 0.
69; 0.
================================================================================
Generation 5

--------------------------------------------------------------------------------
Selection

0; 9
1; 64
2; 7
3; 30
4; 35
5; 38
6; 4
7; 49
8; 36
9; 68
10; 13
11; 0
12; 14
13; 59
14; 2
15; 24
16; 18
17; 31
18; 9
19; 59
20; 35
21; 7
22; 46
23; 64
24; 17
25; 46
26; 51
27; 28
28; 30
29; 4
30; 52
31; 64
32; 7
33; 32
34; 6
35; 51
36; 9
37; 12
38; 59
39; 43
--------------------------------------------------------------------------------
Crossover

0; 51; r(69,50) r(29,62) a(64,75) d(35)
1; 28; d(66) d(64) a(5,63) d(65) d(67) a(29,5)
2; 0, 17; d(69) d(67) d(66) a(34,44)
3; 0, 17; r(72,64) r(6,63) a(64,105) a(66,75) d(34)
4; 0; d(69) d(67) a(64,105) a(66,75) d(34)
5; 17; r(72,64) r(6,63) d(66) a(34,44)
6; 35, 59; d(69) d(65) a(66,105) a(6,70) d(5) d(65) d(67) a(29,99)
7; 35, 59; d(69) d(35)
8; 35; d(69) d(65) a(66,105) a(6,70) d(35)
9; 59; d(69) d(5) d(65) d(67) a(29,99)
10; 4, 68; r(69,50) r(29,62) a(64,75) a(6,70) r(6,41) d(29)
11; 4, 68; d(69) d(67) a(64,105) r(67,73)
12; 4; r(69,50) r(29,62) a(64,75) a(6,70) r(67,73)
13; 68; d(69) d(67) a(64,105) r(6,41) d(29)
14; 13, 30; a(65,99)
15; 13, 30; d(66) d(64) a(5,63) d(29) a(35,35) a(35,76) d(6) d(74) d(69)
16; 13; a(65,99) a(35,76) d(6) d(74) d(69)
17; 30; d(66) d(64) a(5,63) d(29) a(35,35)
18; 46, 43; d(69) a(34,90)
19; 46, 43; r(69,50) r(66,38) r(64,45) r(67,71) a(35,36) r(64,45) a(6,36)
20; 46; d(69) r(67,71) a(35,36) r(64,45) a(6,36)
21; 43; r(69,50) r(66,38) r(64,45) a(34,90)
22; 35, 2; d(69) d(65)
23; 35, 2; r(69,50) r(29,62) r(29,49) r(67,75) a(66,105) a(6,70) d(35)
24; 35; d(69) d(65) a(66,105) a(6,70) d(35)
25; 2; r(69,50) r(29,62) r(29,49) r(67,75)
26; 6, 46; d(69) d(65) a(35,36) r(64,45) a(6,36)
27; 6, 46; d(69) r(67,71) a(35,76) d(6) a(67,45) r(6,41) d(29)
28; 6; d(69) d(65) a(35,76) d(6) a(67,45) r(6,41) d(29)
29; 46; d(69) r(67,71) a(35,36) r(64,45) a(6,36)
30; 9, 30; d(69) d(67) d(29) a(35,35)
31; 9, 30; d(66) d(64) a(5,63) a(64,105) r(6,41) r(72,62)
32; 9; d(69) d(67) a(64,105) r(6,41) r(72,62)
33; 30; d(66) d(64) a(5,63) d(29) a(35,35)
34; 51; r(69,50) r(29,62) a(64,75) d(35)
35; 52; d(66) d(64) r(29,62) r(67,88) d(6) d(5)
36; 7; d(69) d(67) a(64,105) r(64,105)
37; 12; a(65,99) a(35,76) d(6) d(74) d(71)
38; 9; d(69) d(67) a(64,105) r(6,41) r(72,62)
39; 38; d(69) d(65) d(5) r(74,88) d(67)
40; 49, 7; r(69,50) r(66,38) r(64,45) d(34) d(67) a(64,105) r(64,105)
41; 49, 7; d(69)
42; 49; r(69,50) r(66,38) r(64,45) d(34)
43; 7; d(69) d(67) a(64,105) r(64,105)
44; 14; r(65,62) r(74,40) d(67) d(66) d(69)
45; 31; d(69) d(5) d(65) d(67) a(74,57)
46; 64; r(65,62) r(74,40) d(67) d(69) r(73,52) a(67,34) r(72,67) r(29,67)
47; 7; d(69) d(67) a(64,105) r(64,105)
48; 64; r(65,62) r(74,40) d(67) d(69) r(73,52) a(67,34) r(72,67) r(29,67)
49; 9; d(69) d(67) a(64,105) r(6,41) r(72,62)
50; 4, 59; r(69,50) r(29,62) a(64,75) a(6,70) d(67) a(29,99)
51; 4, 59; d(69) d(5) d(65) r(67,73)
52; 4; r(69,50) r(29,62) a(64,75) a(6,70) r(67,73)
53; 59; d(69) d(5) d(65) d(67) a(29,99)
54; 32, 59; r(65,62) r(74,40) d(67)
55; 32, 59; d(69) d(5) d(65) d(67) a(29,99) a(66,105) a(6,70) a(35,104)
56; 32; r(65,62) r(74,40) d(67) a(66,105) a(6,70) a(35,104)
57; 59; d(69) d(5) d(65) d(67) a(29,99)
58; 24; r(65,62) r(74,40) a(64,104)
59; 18; r(65,62) d(64) a(5,63) d(35) d(29)
60; 36; d(69) d(65) d(5) d(35) r(72,104) a(64,67)
61; 64; r(65,62) r(74,40) d(67) d(69) r(73,52) a(67,34) r(72,67) r(29,67)
--------------------------------------------------------------------------------
Mutation

0; r(69,50) r(29,62) a(64,75) d(35) r(74,52)
1; d(66) d(64) a(5,63) d(65) d(67) a(29,5) a(34,88)
2; d(69) d(67) d(66) a(34,44) d(74)
3; r(72,64) r(6,63) a(64,105) a(66,75) d(34) r(74,64)
4; d(69) d(67) a(64,105) a(66,75) d(34) r(73,105)
5; r(72,64) r(6,63) d(66) a(34,44) a(69,105)
6; d(69) d(65) a(66,105) a(6,70) d(5) d(65) d(67) a(29,99) a(34,91)
7; d(69) d(35) d(5)
8; d(69) d(65) a(66,105) a(6,70) d(35) d(66)
9; d(69) d(5) d(65) d(67) a(29,99) d(35)
10; r(69,50) r(29,62) a(64,75) a(6,70) r(6,41) d(29) a(5,44)
11; d(69) d(67) a(64,105) r(67,73) d(29)
12; r(69,50) r(29,62) a(64,75) a(6,70) r(67,73) d(6)
13; d(69) d(67) a(64,105) r(6,41) d(29) a(66,72)
14; a(65,99) d(64)
15; d(66) d(64) a(5,63) d(29) a(35,35) a(35,76) d(6) d(74) d(69) r(35,42)
16; a(65,99) a(35,76) d(6) d(74) d(69) a(5,91)
17; d(66) d(64) a(5,63) d(29) a(35,35) r(5,88)
18; d(69) a(34,90) d(29)
19; r(69,50) r(66,38) r(64,45) r(67,71) a(35,36) r(64,45) a(6,36) a(5,58)
20; d(69) r(67,71) a(35,36) r(64,45) a(6,36) a(6,47)
21; r(69,50) r(66,38) r(64,45) a(34,90) r(34,99)
22; d(69) d(65) a(64,76)
23; r(69,50) r(29,62) r(29,49) r(67,75) a(66,105) a(6,70) d(35) a(65,72)
24; d(69) d(65) a(66,105) a(6,70) d(35) r(66,44)
25; r(69,50) r(29,62) r(29,49) r(67,75) a(6,62)
26; d(69) d(65) a(35,36) r(64,45) a(6,36) a(34,55)
27; d(69) r(67,71) a(35,76) d(6) a(67,45) r(6,41) d(29) r(66,50)
28; d(69) d(65) a(35,76) d(6) a(67,45) r(6,41) d(29) d(72)
29; d(69) r(67,71) a(35,36) r(64,45) a(6,36) d(6)
30; d(69) d(67) d(29) a(35,35) a(65,62)
31; d(66) d(64) a(5,63) a(64,105) r(6,41) r(72,62) d(5)
32; d(69) d(67) a(64,105) r(6,41) r(72,62) d(73)
33; d(66) d(64) a(5,63) d(29) a(35,35) a(5,52)
34; r(69,50) r(29,62) a(64,75) d(35) a(74,44)
35; d(66) d(64) r(29,62) r(67,88) d(6) d(5) r(35,55)
36; d(69) d(67) a(64,105) r(64,105) d(29)
37; a(65,99) a(35,76) d(6) d(74) d(71) a(29,34)
38; d(69) d(67) a(64,105) r(6,41) r(72,62) d(73)
39; d(69) d(65) d(5) r(74,88) d(67) r(64,105)
40; r(69,50) r(66,38) r(64,45) d(34) d(67) a(64,105) r(64,105) d(5)
41; d(69) a(74,66)
42; r(69,50) r(66,38) r(64,45) d(34) a(29,70)
43; d(69) d(67) a(64,105) r(64,105) a(35,34)
44; r(65,62) r(74,40) d(67) d(66) d(69) d(72)
45; d(69) d(5) d(65) d(67) a(74,57) r(66,44)
46; r(65,62) r(74,40) d(67) d(69) r(73,52) a(67,34) r(72,67) r(29,67) r(64,57)
47; d(69) d(67) a(64,105) r(64,105) a(29,55)
48; r(65,62) r(74,40) d(67) d(69) r(73,52) a(67,34) r(72,67) r(29,67) a(6,105)
49; d(69) d(67) a(64,105) r(6,41) r(72,62) r(34,67)
50; r(69,50) r(29,62) a(64,75) a(6,70) d(67) a(29,99) d(65)
51; d(69) d(5) d(65) r(67,73) d(34)
52; r(69,50) r(29,62) a(64,75) a(6,70) r(67,73) r(66,40)
53; d(69) d(5) d(65) d(67) a(29,99) d(35)
54; r(65,62) r(74,40) d(67) r(66,64)
55; d(69) d(5) d(65) d(67) a(29,99) a(66,105) a(6,70) a(35,104) d(29)
56; r(65,62) r(74,40) d(67) a(66,105) a(6,70) a(35,104) r(6,49)
57; d(69) d(5) d(65) d(67) a(29,99) a(74,50)
58; r(65,62) r(74,40) a(64,104) d(29)
59; r(65,62) d(64) a(5,63) d(35) d(29) r(5,44)
60; d(69) d(65) d(5) d(35) r(72,104) a(64,67) a(67,67)
61; r(65,62) r(74,40) d(67) d(69) r(73,52) a(67,34) r(72,67) r(29,67) a(64,71)
--------------------------------------------------------------------------------
Evaluation

0; 0.
1; 0.
2; 15.
3; 0.
4; 0.
5; 0.
6; 15.
7; 0.
8; 0.
9; 0.
10; 0.
11; 0.
12; 0.
13; 0.
14; 0.
15; 0.
16; 0.
17; 0.
18; 0.
19; 0.
20; 0.
21; 0.
22; 0.
23; 0.
24; 15.
25; 0.
26; 0.
27; 0.
28; 0.
29; 15.
30; 0.
31; 0.
32; 0.
33; 0.
34; 15.
35; 0.
36; 0.
37; 0.
38; 0.
39; 0.
40; 0.
41; 0.
42; 0.
43; 0.
44; 0.
45; 15.
46; 0.
47; 0.
48; 0.
49; 0.
50; 0.
51; 0.
52; 0.
53; 0.
54; 3.
55; 0.
56; 0.
57; 0.
58; 0.
59; 15.
60; 0.
61; 0.
================================================================================
Generation 6

--------------------------------------------------------------------------------
Selection

0; 41
1; 56
2; 33
3; 16
4; 36
5; 7
6; 33
7; 43
8; 28
9; 49
10; 38
11; 23
12; 32
13; 8
14; 20
15; 48
16; 23
17; 61
18; 43
19; 15
20; 49
21; 26
22; 46
23; 61
24; 19
25; 46
26; 60
27; 45
28; 32
29; 25
30; 26
31; 43
32; 46
33; 1
34; 21
35; 40
36; 60
37; 51
38; 21
39; 8
--------------------------------------------------------------------------------
Crossover

0; 45, 25; d(69) d(5) d(65) r(29,49) r(67,75) a(6,62)
1; 45, 25; r(69,50) r(29,62) d(67) a(74,57) r(66,44)
2; 45; d(69) d(5) d(65) d(67) a(74,57) r(66,44)
3; 25; r(69,50) r(29,62) r(29,49) r(67,75) a(6,62)
4; 28, 33; d(69) d(65) a(35,76) d(6) a(5,63) d(29) a(35,35) a(5,52)
5; 28, 33; d(66) d(64) a(67,45) r(6,41) d(29) d(72)
6; 28; d(69) d(65) a(35,76) d(6) a(67,45) r(6,41) d(29) d(72)
7; 33; d(66) d(64) a(5,63) d(29) a(35,35) a(5,52)
8; 46, 60; r(65,62) r(74,40) d(67) d(69) r(73,52) a(67,34) r(72,67) a(67,67)
9; 46, 60; d(69) d(65) d(5) d(35) r(72,104) a(64,67) r(29,67) r(64,57)
10; 46; r(65,62) r(74,40) d(67) d(69) r(73,52) a(67,34) r(72,67) r(29,67) r(64,57)
11; 60; d(69) d(65) d(5) d(35) r(72,104) a(64,67) a(67,67)
12; 8; d(69) d(65) a(66,105) a(6,70) d(35) d(66)
13; 38; d(69) d(67) a(64,105) r(6,41) r(72,62) d(73)
14; 49; d(69) d(67) a(64,105) r(6,41) r(72,62) r(34,67)
15; 26; d(69) d(65) a(35,36) r(64,45) a(6,36) a(34,55)
16; 56; r(65,62) r(74,40) d(67) a(66,105) a(6,70) a(35,104) r(6,49)
17; 40; r(69,50) r(66,38) r(64,45) d(34) d(67) a(64,105) r(64,105) d(5)
18; 33, 20; d(66) d(64) a(6,36) a(6,47)
19; 33, 20; d(69) r(67,71) a(35,36) r(64,45) a(5,63) d(29) a(35,35) a(5,52)
20; 33; d(66) d(64) a(5,63) d(29) a(35,35) a(5,52)
21; 20; d(69) r(67,71) a(35,36) r(64,45) a(6,36) a(6,47)
22; 41, 19; d(69) r(67,71) a(35,36) r(64,45) a(6,36) a(5,58)
23; 41, 19; r(69,50) r(66,38) r(64,45) a(74,66)
24; 41; d(69) a(74,66)
25; 19; r(69,50) r(66,38) r(64,45) r(67,71) a(35,36) r(64,45) a(6,36) a(5,58)
26; 60; d(69) d(65) d(5) d(35) r(72,104) a(64,67) a(67,67)
27; 43; d(69) d(67) a(64,105) r(64,105) a(35,34)
28; 21, 46; r(69,50) r(66,38) r(64,45) a(34,90) r(73,52) a(67,34) r(72,67) r(29,67) r(64,57)
29; 21, 46; r(65,62) r(74,40) d(67) d(69) r(34,99)
30; 21; r(69,50) r(66,38) r(64,45) a(34,90) r(34,99)
31; 46; r(65,62) r(74,40) d(67) d(69) r(73,52) a(67,34) r(72,67) r(29,67) r(64,57)
32; 7; d(69) d(35) d(5)
33; 61; r(65,62) r(74,40) d(67) d(69) r(73,52) a(67,34) r(72,67) r(29,67) a(64,71)
34; 43, 49; d(69) d(67) a(64,105) r(64,105) a(35,34) r(34,67)
35; 43, 49; d(69) d(67) a(64,105) r(6,41) r(72,62)
36; 43; d(69) d(67) a(64,105) r(64,105) a(35,34)
37; 49; d(69) d(67) a(64,105) r(6,41) r(72,62) r(34,67)
38; 46, 8; r(65,62) r(74,40) d(67) d(69) r(73,52) a(67,34) r(72,67)
39; 46, 8; d(69) d(65) a(66,105) a(6,70) d(35) d(66) r(29,67) r(64,57)
40; 46; r(65,62) r(74,40) d(67) d(69) r(73,52) a(67,34) r(72,67) r(29,67) r(64,57)
41; 8; d(69) d(65) a(66,105) a(6,70) d(35) d(66)
42; 26, 36; d(69) d(65) a(35,36) r(64,45) a(6,36) r(64,105) d(29)
43; 26, 36; d(69) d(67) a(64,105) a(34,55)
44; 26; d(69) d(65) a(35,36) r(64,45) a(6,36) a(34,55)
45; 36; d(69) d(67) a(64,105) r(64,105) d(29)
46; 1; d(66) d(64) a(5,63) d(65) d(67) a(29,5) a(34,88)
47; 61; r(65,62) r(74,40) d(67) d(69) r(73,52) a(67,34) r(72,67) r(29,67) a(64,71)
48; 32; d(69) d(67) a(64,105) r(6,41) r(72,62) d(73)
49; 16; a(65,99) a(35,76) d(6) d(74) d(69) a(5,91)
50; 21, 15; r(69,50) r(66,38) r(64,45) a(5,63) d(29) a(35,35) a(35,76) d(6) d(74) d(69) r(35,42)
51; 21, 15; d(66) d(64) a(34,90) r(34,99)
52; 21; r(69,50) r(66,38) r(64,45) a(34,90) r(34,99)
53; 15; d(66) d(64) a(5,63) d(29) a(35,35) a(35,76) d(6) d(74) d(69) r(35,42)
54; 43, 51; d(69) d(67) a(64,105) r(64,105) a(35,34)
55; 43, 51; d(69) d(5) d(65) r(67,73) d(34)
56; 43; d(69) d(67) a(64,105) r(64,105) a(35,34)
57; 51; d(69) d(5) d(65) r(67,73) d(34)
58; 48, 23; r(65,62) r(74,40) d(67) d(69) r(73,52) a(67,34) r(72,67) r(29,67) d(35) a(65,72)
59; 48, 23; r(69,50) r(29,62) r(29,49) r(67,75) a(66,105) a(6,70) a(6,105)
60; 48; r(65,62) r(74,40) d(67) d(69) r(73,52) a(67,34) r(72,67) r(29,67) a(6,105)
61; 23; r(69,50) r(29,62) r(29,49) r(67,75) a(66,105) a(6,70) d(35) a(65,72)
62; 32, 23; d(69) d(67) a(64,105) r(6,41) r(72,62) d(73) a(65,72)
63; 32, 23; r(69,50) r(29,62) r(29,49) r(67,75) a(66,105) a(6,70) d(35)
64; 32; d(69) d(67) a(64,105) r(6,41) r(72,62) d(73)
65; 23; r(69,50) r(29,62) r(29,49) r(67,75) a(66,105) a(6,70) d(35) a(65,72)
--------------------------------------------------------------------------------
Mutation

0; d(69) d(5) d(65) r(29,49) r(67,75) a(6,62) d(35)
1; r(69,50) r(29,62) d(67) a(74,57) r(66,44) a(6,56)
2; d(69) d(5) d(65) d(67) a(74,57) r(66,44) r(34,38)
3; r(69,50) r(29,62) r(29,49) r(67,75) a(6,62) a(73,66)
4; d(69) d(65) a(35,76) d(6) a(5,63) d(29) a(35,35) a(5,52) d(73)
5; d(66) d(64) a(67,45) r(6,41) d(29) d(72) a(35,50)
6; d(69) d(65) a(35,76) d(6) a(67,45) r(6,41) d(29) d(72) a(67,69)
7; d(66) d(64) a(5,63) d(29) a(35,35) a(5,52) d(6)
8; r(65,62) r(74,40) d(67) d(69) r(73,52) a(67,34) r(72,67) a(67,67) r(64,50)
9; d(69) d(65) d(5) d(35) r(72,104) a(64,67) r(29,67) r(64,57)
10; r(65,62) r(74,40) d(67) d(69) r(73,52) a(67,34) r(72,67) r(29,67) r(64,57) d(6)
11; d(69) d(65) d(5) d(35) r(72,104) a(64,67) a(67,67) d(64)
12; d(69) d(65) a(66,105) a(6,70) d(35) d(66) a(5,43)
13; d(69) d(67) a(64,105) r(6,41) r(72,62) d(73) r(64,62)
14; d(69) d(67) a(64,105) r(6,41) r(72,62) r(34,67) d(64)
15; d(69) d(65) a(35,36) r(64,45) a(6,36) a(34,55) r(35,34)
16; r(65,62) r(74,40) d(67) a(66,105) a(6,70) a(35,104) r(6,49) r(64,63)
17; r(69,50) r(66,38) r(64,45) d(34) d(67) a(64,105) r(64,105) d(5) d(35)
18; d(66) d(64) a(6,36) a(6,47) a(34,45)
19; d(69) r(67,71) a(35,36) r(64,45) a(5,63) d(29) a(35,35) a(5,52) a(35,50)
20; d(66) d(64) a(5,63) d(29) a(35,35) a(5,52) a(35,105)
21; d(69) r(67,71) a(35,36) r(64,45) a(6,36) a(6,47) d(5)
22; d(69) r(67,71) a(35,36) r(64,45) a(6,36) a(5,58) d(35)
23; r(69,50) r(66,38) r(64,45) a(74,66) d(6)
24; d(69) a(74,66) d(29)
25; r(69,50) r(66,38) r(64,45) r(67,71) a(35,36) r(64,45) a(6,36) a(5,58) d(29)
26; d(69) d(65) d(5) d(35) r(72,104) a(64,67) a(67,67) a(29,44)
27; d(69) d(67) a(64,105) r(64,105) a(35,34) a(34,35)
28; r(69,50) r(66,38) r(64,45) a(34,90) r(73,52) a(67,34) r(72,67) r(29,67) r(64,57) a(5,62)
29; r(65,62) r(74,40) d(67) d(69) r(34,99) r(35,57)
30; r(69,50) r(66,38) r(64,45) a(34,90) r(34,99) r(5,54)
31; r(65,62) r(74,40) d(67) d(69) r(73,52) a(67,34) r(72,67) r(29,67) r(64,57) r(5,46)
32; d(69) d(35) d(5) r(67,90)
33; r(65,62) r(74,40) d(67) d(69) r(73,52) a(67,34) r(72,67) r(29,67) a(64,71) r(6,52)
34; d(69) d(67) a(64,105) r(64,105) a(35,34) r(34,67) d(29)
35; d(69) d(67) a(64,105) r(6,41) r(72,62) d(66)
36; d(69) d(67) a(64,105) r(64,105) a(35,34) r(29,105)
37; d(69) d(67) a(64,105) r(6,41) r(72,62) r(34,67) d(64)
38; r(65,62) r(74,40) d(67) d(69) r(73,52) a(67,34) r(72,67) a(35,36)
39; d(69) d(65) a(66,105) a(6,70) d(35) d(66) r(29,67) r(64,57) a(6,34)
40; r(65,62) r(74,40) d(67) d(69) r(73,52) a(67,34) r(72,67) r(29,67) r(64,57) d(6)
41; d(69) d(65) a(66,105) a(6,70) d(35) d(66) a(73,57)
42; d(69) d(65) a(35,36) r(64,45) a(6,36) r(64,105) d(29) d(6)
43; d(69) d(67) a(64,105) a(34,55) r(35,58)
44; d(69) d(65) a(35,36) r(64,45) a(6,36) a(34,55) r(6,57)
45; d(69) d(67) a(64,105) r(64,105) d(29) r(6,54)
46; d(66) d(64) a(5,63) d(65) d(67) a(29,5) a(34,88) a(6,51)
47; r(65,62) r(74,40) d(67) d(69) r(73,52) a(67,34) r(72,67) r(29,67) a(64,71) r(66,76)
48; d(69) d(67) a(64,105) r(6,41) r(72,62) d(73) r(66,88)
49; a(65,99) a(35,76) d(6) d(74) d(69) a(5,91) a(35,88)
50; r(69,50) r(66,38) r(64,45) a(5,63) d(29) a(35,35) a(35,76) d(6) d(74) d(69) r(35,42) r(5,46)
51; d(66) d(64) a(34,90) r(34,99) r(6,71)
52; r(69,50) r(66,38) r(64,45) a(34,90) r(34,99) a(6,67)
53; d(66) d(64) a(5,63) d(29) a(35,35) a(35,76) d(6) d(74) d(69) r(35,42) d(5)
54; d(69) d(67) a(64,105) r(64,105) a(35,34) a(6,39)
55; d(69) d(5) d(65) r(67,73) d(34) a(35,67)
56; d(69) d(67) a(64,105) r(64,105) a(35,34) a(6,47)
57; d(69) d(5) d(65) r(67,73) d(34) a(66,65)
58; r(65,62) r(74,40) d(67) d(69) r(73,52) a(67,34) r(72,67) r(29,67) d(35) a(65,72) d(5)
59; r(69,50) r(29,62) r(29,49) r(67,75) a(66,105) a(6,70) a(6,105) a(74,62)
60; r(65,62) r(74,40) d(67) d(69) r(73,52) a(67,34) r(72,67) r(29,67) a(6,105) r(35,58)
61; r(69,50) r(29,62) r(29,49) r(67,75) a(66,105) a(6,70) d(35) a(65,72) d(5)
62; d(69) d(67) a(64,105) r(6,41) r(72,62) d(73) a(65,72) d(74)
63; r(69,50) r(29,62) r(29,49) r(67,75) a(66,105) a(6,70) d(35) r(66,49)
64; d(69) d(67) a(64,105) r(6,41) r(72,62) d(73) d(64)
65; r(69,50) r(29,62) r(29,49) r(67,75) a(66,105) a(6,70) d(35) a(65,72) d(64)
--------------------------------------------------------------------------------
Evaluation

0; 0.
1; 15.
2; 15.
3; 0.
4; 0.
5; 0.
6; 0.
7; 0.
8; 0.
9; 0.
10; 0.
11; 0.
12; 0.
13; 0.
14; 0.
15; 15.
16; 0.
17; 0.
18; 0.
19; 0.
20; 0.
21; 0.
22; 15.
23; 0.
24; 0.
25; 0.
26; 15.
27; 0.
28; 0.
29; 15.
30; 0.
31; 0.
32; 0.
33; 0.
34; 0.
35; 0.
36; 0.
37; 0.
38; 0.
39; 0.
40; 0.
41; 0.
42; 0.
43; 0.
44; 15.
45; 0.
46; 0.
47; 0.
48; 0.
49; 0.
50; 15.
51; 0.
52; 0.
53; 15.
54; 0.
55; 0.
56; 0.
57; 0.
58; 0.
59; 0.
60; 15.
61; 0.
62; 0.
63; 0.
64; 0.
65; 0.
================================================================================
Generation 7

--------------------------------------------------------------------------------
Selection

0; 20
1; 47
2; 4
3; 65
4; 18
5; 56
6; 27
7; 47
8; 62
9; 36
10; 13
11; 4
12; 25
13; 58
14; 46
15; 59
16; 28
17; 20
18; 37
19; 6
20; 63
21; 3
22; 63
23; 28
24; 8
25; 7
26; 6
27; 19
28; 16
29; 20
30; 3
31; 37
32; 65
33; 40
34; 4
35; 20
36; 0
37; 42
38; 20
39; 38
--------------------------------------------------------------------------------
Crossover

0; 65, 28; r(69,50) r(29,62) r(29,49) r(67,75) a(66,105) a(6,70) d(35) a(65,72) r(73,52) a(67,34) r(72,67) r(29,67) r(64,57) a(5,62)
1; 65, 28; r(69,50) r(66,38) r(64,45) a(34,90) d(64)
2; 65; r(69,50) r(29,62) r(29,49) r(67,75) a(66,105) a(6,70) d(35) a(65,72) d(64)
3; 28; r(69,50) r(66,38) r(64,45) a(34,90) r(73,52) a(67,34) r(72,67) r(29,67) r(64,57) a(5,62)
4; 3; r(69,50) r(29,62) r(29,49) r(67,75) a(6,62) a(73,66)
5; 59; r(69,50) r(29,62) r(29,49) r(67,75) a(66,105) a(6,70) a(6,105) a(74,62)
6; 63, 4; r(69,50) r(29,62) r(29,49) r(67,75) a(66,105) d(65) a(35,76) d(6) a(5,63) d(29) a(35,35) a(5,52) d(73)
7; 63, 4; d(69) a(6,70) d(35) r(66,49)
8; 63; r(69,50) r(29,62) r(29,49) r(67,75) a(66,105) a(6,70) d(35) r(66,49)
9; 4; d(69) d(65) a(35,76) d(6) a(5,63) d(29) a(35,35) a(5,52) d(73)
10; 56; d(69) d(67) a(64,105) r(64,105) a(35,34) a(6,47)
11; 58; r(65,62) r(74,40) d(67) d(69) r(73,52) a(67,34) r(72,67) r(29,67) d(35) a(65,72) d(5)
12; 63; r(69,50) r(29,62) r(29,49) r(67,75) a(66,105) a(6,70) d(35) r(66,49)
13; 27; d(69) d(67) a(64,105) r(64,105) a(35,34) a(34,35)
14; 3; r(69,50) r(29,62) r(29,49) r(67,75) a(6,62) a(73,66)
15; 28; r(69,50) r(66,38) r(64,45) a(34,90) r(73,52) a(67,34) r(72,67) r(29,67) r(64,57) a(5,62)
16; 47; r(65,62) r(74,40) d(67) d(69) r(73,52) a(67,34) r(72,67) r(29,67) a(64,71) r(66,76)
17; 6; d(69) d(65) a(35,76) d(6) a(67,45) r(6,41) d(29) d(72) a(67,69)
18; 20; d(66) d(64) a(5,63) d(29) a(35,35) a(5,52) a(35,105)
19; 38; r(65,62) r(74,40) d(67) d(69) r(73,52) a(67,34) r(72,67) a(35,36)
20; 37; d(69) d(67) a(64,105) r(6,41) r(72,62) r(34,67) d(64)
21; 36; d(69) d(67) a(64,105) r(64,105) a(35,34) r(29,105)
22; 40, 25; r(65,62) a(35,36) r(64,45) a(6,36) a(5,58) d(29)
23; 40, 25; r(69,50) r(66,38) r(64,45) r(67,71) r(74,40) d(67) d(69) r(73,52) a(67,34) r(72,67) r(29,67) r(64,57) d(6)
24; 40; r(65,62) r(74,40) d(67) d(69) r(73,52) a(67,34) r(72,67) r(29,67) r(64,57) d(6)
25; 25; r(69,50) r(66,38) r(64,45) r(67,71) a(35,36) r(64,45) a(6,36) a(5,58) d(29)
26; 13; d(69) d(67) a(64,105) r(6,41) r(72,62) d(73) r(64,62)
27; 7; d(66) d(64) a(5,63) d(29) a(35,35) a(5,52) d(6)
28; 37; d(69) d(67) a(64,105) r(6,41) r(72,62) r(34,67) d(64)
29; 0; d(69) d(5) d(65) r(29,49) r(67,75) a(6,62) d(35)
30; 20; d(66) d(64) a(5,63) d(29) a(35,35) a(5,52) a(35,105)
31; 42; d(69) d(65) a(35,36) r(64,45) a(6,36) r(64,105) d(29) d(6)
32; 8, 20; r(65,62) r(74,40) d(67) a(35,105)
33; 8, 20; d(66) d(64) a(5,63) d(29) a(35,35) a(5,52) d(69) r(73,52) a(67,34) r(72,67) a(67,67) r(64,50)
34; 8; r(65,62) r(74,40) d(67) d(69) r(73,52) a(67,34) r(72,67) a(67,67) r(64,50)
35; 20; d(66) d(64) a(5,63) d(29) a(35,35) a(5,52) a(35,105)
36; 4; d(69) d(65) a(35,76) d(6) a(5,63) d(29) a(35,35) a(5,52) d(73)
37; 20; d(66) d(64) a(5,63) d(29) a(35,35) a(5,52) a(35,105)
38; 4; d(69) d(65) a(35,76) d(6) a(5,63) d(29) a(35,35) a(5,52) d(73)
39; 62; d(69) d(67) a(64,105) r(6,41) r(72,62) d(73) a(65,72) d(74)
40; 46, 16; d(66) d(64) a(6,70) a(35,104) r(6,49) r(64,63)
41; 46, 16; r(65,62) r(74,40) d(67) a(66,105) a(5,63) d(65) d(67) a(29,5) a(34,88) a(6,51)
42; 46; d(66) d(64) a(5,63) d(65) d(67) a(29,5) a(34,88) a(6,51)
43; 16; r(65,62) r(74,40) d(67) a(66,105) a(6,70) a(35,104) r(6,49) r(64,63)
44; 65; r(69,50) r(29,62) r(29,49) r(67,75) a(66,105) a(6,70) d(35) a(65,72) d(64)
45; 20; d(66) d(64) a(5,63) d(29) a(35,35) a(5,52) a(35,105)
46; 6; d(69) d(65) a(35,76) d(6) a(67,45) r(6,41) d(29) d(72) a(67,69)
47; 18; d(66) d(64) a(6,36) a(6,47) a(34,45)
48; 19; d(69) r(67,71) a(35,36) r(64,45) a(5,63) d(29) a(35,35) a(5,52) a(35,50)
49; 47; r(65,62) r(74,40) d(67) d(69) r(73,52) a(67,34) r(72,67) r(29,67) a(64,71) r(66,76)
--------------------------------------------------------------------------------
Mutation

0; r(69,50) r(29,62) r(29,49) r(67,75) a(66,105) a(6,70) d(35) a(65,72) r(73,52) a(67,34) r(72,67) r(29,67) r(64,57) a(5,62) r(6,5)
1; r(69,50) r(66,38) r(64,45) a(34,90) d(64) r(35,49)
2; r(69,50) r(29,62) r(29,49) r(67,75) a(66,105) a(6,70) d(35) a(65,72) d(64) d(6)
3; r(69,50) r(66,38) r(64,45) a(34,90) r(73,52) a(67,34) r(72,67) r(29,67) r(64,57) a(5,62) d(6)
4; r(69,50) r(29,62) r(29,49) r(67,75) a(6,62) a(73,66) d(5)
5; r(69,50) r(29,62) r(29,49) r(67,75) a(66,105) a(6,70) a(6,105) a(74,62) a(66,65)
6; r(69,50) r(29,62) r(29,49) r(67,75) a(66,105) d(65) a(35,76) d(6) a(5,63) d(29) a(35,35) a(5,52) d(73) r(66,70)
7; d(69) a(6,70) d(35) r(66,49) d(6)
8; r(69,50) r(29,62) r(29,49) r(67,75) a(66,105) a(6,70) d(35) r(66,49) a(5,38)
9; d(69) d(65) a(35,76) d(6) a(5,63) d(29) a(35,35) a(5,52) d(73) a(72,63)
10; d(69) d(67) a(64,105) r(64,105) a(35,34) a(6,47) r(29,53)
11; r(65,62) r(74,40) d(67) d(69) r(73,52) a(67,34) r(72,67) r(29,67) d(35) a(65,72) d(5) a(66,43)
12; r(69,50) r(29,62) r(29,49) r(67,75) a(66,105) a(6,70) d(35) r(66,49) d(74)
13; d(69) d(67) a(64,105) r(64,105) a(35,34) a(34,35) d(5)
14; r(69,50) r(29,62) r(29,49) r(67,75) a(6,62) a(73,66) d(72)
15; r(69,50) r(66,38) r(64,45) a(34,90) r(73,52) a(67,34) r(72,67) r(29,67) r(64,57) a(5,62) r(35,71)
16; r(65,62) r(74,40) d(67) d(69) r(73,52) a(67,34) r(72,67) r(29,67) a(64,71) r(66,76) d(35)
17; d(69) d(65) a(35,76) d(6) a(67,45) r(6,41) d(29) d(72) a(67,69) d(64)
18; d(66) d(64) a(5,63) d(29) a(35,35) a(5,52) a(35,105) d(35)
19; r(65,62) r(74,40) d(67) d(69) r(73,52) a(67,34) r(72,67) a(35,36) a(66,49)
20; d(69) d(67) a(64,105) r(6,41) r(72,62) r(34,67) d(64) a(29,47)
21; d(69) d(67) a(64,105) r(64,105) a(35,34) r(29,105) a(35,38)
22; r(65,62) a(35,36) r(64,45) a(6,36) a(5,58) d(29) r(6,29)
23; r(69,50) r(66,38) r(64,45) r(67,71) r(74,40) d(67) d(69) r(73,52) a(67,34) r(72,67) r(29,67) r(64,57) d(6) r(35,42)
24; r(65,62) r(74,40) d(67) d(69) r(73,52) a(67,34) r(72,67) r(29,67) r(64,57) d(6) r(5,42)
25; r(69,50) r(66,38) r(64,45) r(67,71) a(35,36) r(64,45) a(6,36) a(5,58) d(29) a(35,44)
26; d(69) d(67) a(64,105) r(6,41) r(72,62) d(73) r(64,62) d(35)
27; d(66) d(64) a(5,63) d(29) a(35,35) a(5,52) d(6) r(35,40)
28; d(69) d(67) a(64,105) r(6,41) r(72,62) r(34,67) d(64) d(35)
29; d(69) d(5) d(65) r(29,49) r(67,75) a(6,62) d(35) d(66)
30; d(66) d(64) a(5,63) d(29) a(35,35) a(5,52) a(35,105) r(5,71)
31; d(69) d(65) a(35,36) r(64,45) a(6,36) r(64,105) d(29) d(6) r(35,88)
32; r(65,62) r(74,40) d(67) a(35,105) d(64)
33; d(66) d(64) a(5,63) d(29) a(35,35) a(5,52) d(69) r(73,52) a(67,34) r(72,67) a(67,67) r(64,50) r(35,45)
34; r(65,62) r(74,40) d(67) d(69) r(73,52) a(67,34) r(72,67) a(67,67) r(64,50) r(34,29)
35; d(66) d(64) a(5,63) d(29) a(35,35) a(5,52) a(35,105) r(35,67)
36; d(69) d(65) a(35,76) d(6) a(5,63) d(29) a(35,35) a(5,52) d(73) d(72)
37; d(66) d(64) a(5,63) d(29) a(35,35) a(5,52) a(35,105) r(6,105)
38; d(69) d(65) a(35,76) d(6) a(5,63) d(29) a(35,35) a(5,52) d(73) r(72,49)
39; d(69) d(67) a(64,105) r(6,41) r(72,62) d(73) a(65,72) d(74) r(66,71)
40; d(66) d(64) a(6,70) a(35,104) r(6,49) r(64,63) r(29,37)
41; r(65,62) r(74,40) d(67) a(66,105) a(5,63) d(65) d(67) a(29,5) a(34,88) a(6,51) d(35)
42; d(66) d(64) a(5,63) d(65) d(67) a(29,5) a(34,88) a(6,51) a(34,76)
43; r(65,62) r(74,40) d(67) a(66,105) a(6,70) a(35,104) r(6,49) r(64,63) d(34)
44; r(69,50) r(29,62) r(29,49) r(67,75) a(66,105) a(6,70) d(35) a(65,72) d(64) a(6,40)
45; d(66) d(64) a(5,63) d(29) a(35,35) a(5,52) a(35,105) d(6)
46; d(69) d(65) a(35,76) d(6) a(67,45) r(6,41) d(29) d(72) a(67,69) r(64,38)
47; d(66) d(64) a(6,36) a(6,47) a(34,45) d(34)
48; d(69) r(67,71) a(35,36) r(64,45) a(5,63) d(29) a(35,35) a(5,52) a(35,50) a(5,5)
49; r(65,62) r(74,40) d(67) d(69) r(73,52) a(67,34) r(72,67) r(29,67) a(64,71) r(66,76) a(6,38)
--------------------------------------------------------------------------------
Evaluation

0; 0.
1; 15.
2; 0.
3; 0.
4; 0.
5; 0.
6; 0.
7; 0.
8; 0.
9; 0.
10; 0.
11; 0.
12; 0.
13; 0.
14; 0.
15; 0.
16; 0.
17; 0.
18; 0.
19; 0.
20; 0.
21; 0.
22; 15.
23; 0.
24; 0.
25; 15.
26; 0.
27; 0.
28; 0.
29; 0.
30; 0.
31; 0.
32; 0.
33; 0.
34; 0.
35; 0.
36; 0.
37; 0.
38; 0.
39; 0.
40; 0.
41; 0.
42; 15.
43; 0.
44; 0.
45; 0.
46; 0.
47; 0.
48; 0.
49; 0.
================================================================================
Generation 8

--------------------------------------------------------------------------------
Selection

0; 15
1; 2
2; 36
3; 23
4; 36
5; 33
6; 32
7; 27
8; 34
9; 10
10; 10
11; 18
12; 38
13; 12
14; 40
15; 45
16; 32
17; 0
18; 37
19; 33
20; 44
21; 37
22; 43
23; 9
24; 0
25; 10
26; 19
27; 39
28; 43
29; 49
30; 34
31; 14
32; 39
33; 11
34; 21
35; 49
36; 11
37; 45
38; 0
39; 4
--------------------------------------------------------------------------------
Crossover

0; 39, 39; d(69) d(67) a(64,105) r(6,41) r(6,41) r(72,62) d(73) a(65,72) d(74) r(66,71)
1; 39, 39; d(69) d(67) a(64,105) r(72,62) d(73) a(65,72) d(74) r(66,71)
2; 39; d(69) d(67) a(64,105) r(6,41) r(72,62) d(73) a(65,72) d(74) r(66,71)
3; 39; d(69) d(67) a(64,105) r(6,41) r(72,62) d(73) a(65,72) d(74) r(66,71)
4; 36; d(69) d(65) a(35,76) d(6) a(5,63) d(29) a(35,35) a(5,52) d(73) d(72)
5; 43; r(65,62) r(74,40) d(67) a(66,105) a(6,70) a(35,104) r(6,49) r(64,63) d(34)
6; 4; r(69,50) r(29,62) r(29,49) r(67,75) a(6,62) a(73,66) d(5)
7; 37; d(66) d(64) a(5,63) d(29) a(35,35) a(5,52) a(35,105) r(6,105)
8; 11; r(65,62) r(74,40) d(67) d(69) r(73,52) a(67,34) r(72,67) r(29,67) d(35) a(65,72) d(5) a(66,43)
9; 33; d(66) d(64) a(5,63) d(29) a(35,35) a(5,52) d(69) r(73,52) a(67,34) r(72,67) a(67,67) r(64,50) r(35,45)
10; 9, 32; d(69) d(65) a(35,76) d(6) a(5,63) d(29) a(35,35) a(5,52) r(74,40) d(67) a(35,105) d(64)
11; 9, 32; r(65,62) d(73) a(72,63)
12; 9; d(69) d(65) a(35,76) d(6) a(5,63) d(29) a(35,35) a(5,52) d(73) a(72,63)
13; 32; r(65,62) r(74,40) d(67) a(35,105) d(64)
14; 49; r(65,62) r(74,40) d(67) d(69) r(73,52) a(67,34) r(72,67) r(29,67) a(64,71) r(66,76) a(6,38)
15; 45; d(66) d(64) a(5,63) d(29) a(35,35) a(5,52) a(35,105) d(6)
16; 21; d(69) d(67) a(64,105) r(64,105) a(35,34) r(29,105) a(35,38)
17; 0; r(69,50) r(29,62) r(29,49) r(67,75) a(66,105) a(6,70) d(35) a(65,72) r(73,52) a(67,34) r(72,67) r(29,67) r(64,57) a(5,62) r(6,5)
18; 40, 10; d(66) d(64) r(64,105) a(35,34) a(6,47) r(29,53)
19; 40, 10; d(69) d(67) a(64,105) a(6,70) a(35,104) r(6,49) r(64,63) r(29,37)
20; 40; d(66) d(64) a(6,70) a(35,104) r(6,49) r(64,63) r(29,37)
21; 10; d(69) d(67) a(64,105) r(64,105) a(35,34) a(6,47) r(29,53)
22; 44, 14; r(69,50) r(29,62) r(29,49) r(67,75) a(66,105) a(6,70) d(35) a(6,62) a(73,66) d(72)
23; 44, 14; r(69,50) r(29,62) r(29,49) r(67,75) a(65,72) d(64) a(6,40)
24; 44; r(69,50) r(29,62) r(29,49) r(67,75) a(66,105) a(6,70) d(35) a(65,72) d(64) a(6,40)
25; 14; r(69,50) r(29,62) r(29,49) r(67,75) a(6,62) a(73,66) d(72)
26; 34; r(65,62) r(74,40) d(67) d(69) r(73,52) a(67,34) r(72,67) a(67,67) r(64,50) r(34,29)
27; 0; r(69,50) r(29,62) r(29,49) r(67,75) a(66,105) a(6,70) d(35) a(65,72) r(73,52) a(67,34) r(72,67) r(29,67) r(64,57) a(5,62) r(6,5)
28; 45, 34; d(66) d(64) a(5,63) d(29) r(64,50) r(34,29)
29; 45, 34; r(65,62) r(74,40) d(67) d(69) r(73,52) a(67,34) r(72,67) a(67,67) a(35,35) a(5,52) a(35,105) d(6)
30; 45; d(66) d(64) a(5,63) d(29) a(35,35) a(5,52) a(35,105) d(6)
31; 34; r(65,62) r(74,40) d(67) d(69) r(73,52) a(67,34) r(72,67) a(67,67) r(64,50) r(34,29)
32; 38; d(69) d(65) a(35,76) d(6) a(5,63) d(29) a(35,35) a(5,52) d(73) r(72,49)
33; 27; d(66) d(64) a(5,63) d(29) a(35,35) a(5,52) d(6) r(35,40)
34; 2, 18; r(69,50) r(29,62) r(29,49) r(67,75) a(66,105) d(35)
35; 2, 18; d(66) d(64) a(5,63) d(29) a(35,35) a(5,52) a(35,105) a(6,70) d(35) a(65,72) d(64) d(6)
36; 2; r(69,50) r(29,62) r(29,49) r(67,75) a(66,105) a(6,70) d(35) a(65,72) d(64) d(6)
37; 18; d(66) d(64) a(5,63) d(29) a(35,35) a(5,52) a(35,105) d(35)
38; 12, 33; r(69,50) r(29,62) a(67,34) r(72,67) a(67,67) r(64,50) r(35,45)
39; 12, 33; d(66) d(64) a(5,63) d(29) a(35,35) a(5,52) d(69) r(73,52) r(29,49) r(67,75) a(66,105) a(6,70) d(35) r(66,49) d(74)
40; 12; r(69,50) r(29,62) r(29,49) r(67,75) a(66,105) a(6,70) d(35) r(66,49) d(74)
41; 33; d(66) d(64) a(5,63) d(29) a(35,35) a(5,52) d(69) r(73,52) a(67,34) r(72,67) a(67,67) r(64,50) r(35,45)
42; 23; r(69,50) r(66,38) r(64,45) r(67,71) r(74,40) d(67) d(69) r(73,52) a(67,34) r(72,67) r(29,67) r(64,57) d(6) r(35,42)
43; 15; r(69,50) r(66,38) r(64,45) a(34,90) r(73,52) a(67,34) r(72,67) r(29,67) r(64,57) a(5,62) r(35,71)
44; 10, 32; d(69) d(67) a(64,105) r(64,105) a(35,34) a(6,47) r(29,53) d(67) a(35,105) d(64)
45; 10, 32; r(65,62) r(74,40)
46; 10; d(69) d(67) a(64,105) r(64,105) a(35,34) a(6,47) r(29,53)
47; 32; r(65,62) r(74,40) d(67) a(35,105) d(64)
48; 19; r(65,62) r(74,40) d(67) d(69) r(73,52) a(67,34) r(72,67) a(35,36) a(66,49)
49; 43; r(65,62) r(74,40) d(67) a(66,105) a(6,70) a(35,104) r(6,49) r(64,63) d(34)
50; 36, 0; d(69) d(65) a(35,76) d(6) a(5,63) d(29) r(67,75) a(66,105) a(6,70) d(35) a(65,72) r(73,52) a(67,34) r(72,67) r(29,67) r(64,57) a(5,62) r(6,5)
51; 36, 0; r(69,50) r(29,62) r(29,49) a(35,35) a(5,52) d(73) d(72)
52; 36; d(69) d(65) a(35,76) d(6) a(5,63) d(29) a(35,35) a(5,52) d(73) d(72)
53; 0; r(69,50) r(29,62) r(29,49) r(67,75) a(66,105) a(6,70) d(35) a(65,72) r(73,52) a(67,34) r(72,67) r(29,67) r(64,57) a(5,62) r(6,5)
54; 49, 10; r(65,62) r(74,40) d(67) r(64,105) a(35,34) a(6,47) r(29,53)
55; 49, 10; d(69) d(67) a(64,105) d(69) r(73,52) a(67,34) r(72,67) r(29,67) a(64,71) r(66,76) a(6,38)
56; 49; r(65,62) r(74,40) d(67) d(69) r(73,52) a(67,34) r(72,67) r(29,67) a(64,71) r(66,76) a(6,38)
57; 10; d(69) d(67) a(64,105) r(64,105) a(35,34) a(6,47) r(29,53)
58; 11, 37; r(65,62) a(35,35) a(5,52) a(35,105) r(6,105)
59; 11, 37; d(66) d(64) a(5,63) d(29) r(74,40) d(67) d(69) r(73,52) a(67,34) r(72,67) r(29,67) d(35) a(65,72) d(5) a(66,43)
60; 11; r(65,62) r(74,40) d(67) d(69) r(73,52) a(67,34) r(72,67) r(29,67) d(35) a(65,72) d(5) a(66,43)
61; 37; d(66) d(64) a(5,63) d(29) a(35,35) a(5,52) a(35,105) r(6,105)
--------------------------------------------------------------------------------
Mutation

0; d(69) d(67) a(64,105) r(6,41) r(6,41) r(72,62) d(73) a(65,72) d(74) r(66,71) d(29)
1; d(69) d(67) a(64,105) r(72,62) d(73) a(65,72) d(74) r(66,71) d(29)
2; d(69) d(67) a(64,105) r(6,41) r(72,62) d(73) a(65,72) d(74) r(66,71) a(5,62)
3; d(69) d(67) a(64,105) r(6,41) r(72,62) d(73) a(65,72) d(74) r(66,71) a(29,46)
4; d(69) d(65) a(35,76) d(6) a(5,63) d(29) a(35,35) a(5,52) d(73) d(72) a(74,50)
5; r(65,62) r(74,40) d(67) a(66,105) a(6,70) a(35,104) r(6,49) r(64,63) d(34) r(5,40)
6; r(69,50) r(29,62) r(29,49) r(67,75) a(6,62) a(73,66) d(5) r(64,69)
7; d(66) d(64) a(5,63) d(29) a(35,35) a(5,52) a(35,105) r(6,105) d(5)
8; r(65,62) r(74,40) d(67) d(69) r(73,52) a(67,34) r(72,67) r(29,67) d(35) a(65,72) d(5) a(66,43) d(66)
9; d(66) d(64) a(5,63) d(29) a(35,35) a(5,52) d(69) r(73,52) a(67,34) r(72,67) a(67,67) r(64,50) r(35,45) a(5,76)
10; d(69) d(65) a(35,76) d(6) a(5,63) d(29) a(35,35) a(5,52) r(74,40) d(67) a(35,105) d(64) r(5,34)
11; r(65,62) d(73) a(72,63) d(6)
12; d(69) d(65) a(35,76) d(6) a(5,63) d(29) a(35,35) a(5,52) d(73) a(72,63) a(35,35)
13; r(65,62) r(74,40) d(67) a(35,105) d(64) d(34)
14; r(65,62) r(74,40) d(67) d(69) r(73,52) a(67,34) r(72,67) r(29,67) a(64,71) r(66,76) a(6,38) d(6)
15; d(66) d(64) a(5,63) d(29) a(35,35) a(5,52) a(35,105) d(6) a(5,46)
16; d(69) d(67) a(64,105) r(64,105) a(35,34) r(29,105) a(35,38) a(6,6)
17; r(69,50) r(29,62) r(29,49) r(67,75) a(66,105) a(6,70) d(35) a(65,72) r(73,52) a(67,34) r(72,67) r(29,67) r(64,57) a(5,62) r(6,5) r(5,53)
18; d(66) d(64) r(64,105) a(35,34) a(6,47) r(29,53) r(35,62)
19; d(69) d(67) a(64,105) a(6,70) a(35,104) r(6,49) r(64,63) r(29,37) a(5,71)
20; d(66) d(64) a(6,70) a(35,104) r(6,49) r(64,63) r(29,37) r(5,52)
21; d(69) d(67) a(64,105) r(64,105) a(35,34) a(6,47) r(29,53) d(6)
22; r(69,50) r(29,62) r(29,49) r(67,75) a(66,105) a(6,70) d(35) a(6,62) a(73,66) d(72) r(73,57)
23; r(69,50) r(29,62) r(29,49) r(67,75) a(65,72) d(64) a(6,40) d(5)
24; r(69,50) r(29,62) r(29,49) r(67,75) a(66,105) a(6,70) d(35) a(65,72) d(64) a(6,40) d(6)
25; r(69,50) r(29,62) r(29,49) r(67,75) a(6,62) a(73,66) d(72) d(35)
26; r(65,62) r(74,40) d(67) d(69) r(73,52) a(67,34) r(72,67) a(67,67) r(64,50) r(34,29) r(35,62)
27; r(69,50) r(29,62) r(29,49) r(67,75) a(66,105) a(6,70) d(35) a(65,72) r(73,52) a(67,34) r(72,67) r(29,67) r(64,57) a(5,62) r(6,5) r(5,40)
28; d(66) d(64) a(5,63) d(29) r(64,50) r(34,29) a(5,34)
29; r(65,62) r(74,40) d(67) d(69) r(73,52) a(67,34) r(72,67) a(67,67) a(35,35) a(5,52) a(35,105) d(6) r(35,45)
30; d(66) d(64) a(5,63) d(29) a(35,35) a(5,52) a(35,105) d(6) d(5)
31; r(65,62) r(74,40) d(67) d(69) r(73,52) a(67,34) r(72,67) a(67,67) r(64,50) r(34,29) a(5,105)
32; d(69) d(65) a(35,76) d(6) a(5,63) d(29) a(35,35) a(5,52) d(73) r(72,49) d(67)
33; d(66) d(64) a(5,63) d(29) a(35,35) a(5,52) d(6) r(35,40) r(5,67)
34; r(69,50) r(29,62) r(29,49) r(67,75) a(66,105) d(35) r(6,43)
35; d(66) d(64) a(5,63) d(29) a(35,35) a(5,52) a(35,105) a(6,70) d(35) a(65,72) d(64) d(6) d(5)
36; r(69,50) r(29,62) r(29,49) r(67,75) a(66,105) a(6,70) d(35) a(65,72) d(64) d(6) d(5)
37; d(66) d(64) a(5,63) d(29) a(35,35) a(5,52) a(35,105) d(35) r(6,104)
38; r(69,50) r(29,62) a(67,34) r(72,67) a(67,67) r(64,50) r(35,45) a(6,63)
39; d(66) d(64) a(5,63) d(29) a(35,35) a(5,52) d(69) r(73,52) r(29,49) r(67,75) a(66,105) a(6,70) d(35) r(66,49) d(74) r(6,47)
40; r(69,50) r(29,62) r(29,49) r(67,75) a(66,105) a(6,70) d(35) r(66,49) d(74) a(73,45)
41; d(66) d(64) a(5,63) d(29) a(35,35) a(5,52) d(69) r(73,52) a(67,34) r(72,67) a(67,67) r(64,50) r(35,45) a(5,52)
42; r(69,50) r(66,38) r(64,45) r(67,71) r(74,40) d(67) d(69) r(73,52) a(67,34) r(72,67) r(29,67) r(64,57) d(6) r(35,42) a(5,50)
43; r(69,50) r(66,38) r(64,45) a(34,90) r(73,52) a(67,34) r(72,67) r(29,67) r(64,57) a(5,62) r(35,71) r(6,54)
44; d(69) d(67) a(64,105) r(64,105) a(35,34) a(6,47) r(29,53) d(67) a(35,105) d(64) d(6)
45; r(65,62) r(74,40) r(29,54)
46; d(69) d(67) a(64,105) r(64,105) a(35,34) a(6,47) r(29,53) r(35,29)
47; r(65,62) r(74,40) d(67) a(35,105) d(64) d(5)
48; r(65,62) r(74,40) d(67) d(69) r(73,52) a(67,34) r(72,67) a(35,36) a(66,49) a(35,88)
49; r(65,62) r(74,40) d(67) a(66,105) a(6,70) a(35,104) r(6,49) r(64,63) d(34) r(35,42)
50; d(69) d(65) a(35,76) d(6) a(5,63) d(29) r(67,75) a(66,105) a(6,70) d(35) a(65,72) r(73,52) a(67,34) r(72,67) r(29,67) r(64,57) a(5,62) r(6,5) r(5,90)
51; r(69,50) r(29,62) r(29,49) a(35,35) a(5,52) d(73) d(72) r(66,55)
52; d(69) d(65) a(35,76) d(6) a(5,63) d(29) a(35,35) a(5,52) d(73) d(72) r(64,44)
53; r(69,50) r(29,62) r(29,49) r(67,75) a(66,105) a(6,70) d(35) a(65,72) r(73,52) a(67,34) r(72,67) r(29,67) r(64,57) a(5,62) r(6,5) a(5,54)
54; r(65,62) r(74,40) d(67) r(64,105) a(35,34) a(6,47) r(29,53) d(35)
55; d(69) d(67) a(64,105) d(69) r(73,52) a(67,34) r(72,67) r(29,67) a(64,71) r(66,76) a(6,38) d(65)
56; r(65,62) r(74,40) d(67) d(69) r(73,52) a(67,34) r(72,67) r(29,67) a(64,71) r(66,76) a(6,38) d(5)
57; d(69) d(67) a(64,105) r(64,105) a(35,34) a(6,47) r(29,53) a(6,76)
58; r(65,62) a(35,35) a(5,52) a(35,105) r(6,105) a(34,76)
59; d(66) d(64) a(5,63) d(29) r(74,40) d(67) d(69) r(73,52) a(67,34) r(72,67) r(29,67) d(35) a(65,72) d(5) a(66,43)
60; r(65,62) r(74,40) d(67) d(69) r(73,52) a(67,34) r(72,67) r(29,67) d(35) a(65,72) d(5) a(66,43) r(64,91)
61; d(66) d(64) a(5,63) d(29) a(35,35) a(5,52) a(35,105) r(6,105) r(5,29)
--------------------------------------------------------------------------------
Evaluation

0; 0.
1; 0.
2; 0.
3; 0.
4; 0.
5; 15.
6; 0.
7; 0.
8; 0.
9; 15.
10; 15.
11; 0.
12; 0.
13; 0.
14; 0.
15; 0.
16; 0.
17; 15.
18; 15.
19; 0.
20; 15.
21; 0.
22; 0.
23; 0.
24; 0.
25; 0.
26; 15.
27; 0.
28; 0.
29; 0.
30; 0.
31; 0.
32; 0.
33; 0.
34; 0.
35; 0.
36; 0.
37; 15.
38; 0.
39; 0.
40; 0.
41; 0.
42; 0.
43; 0.
44; 0.
45; 0.
46; 15.
47; 0.
48; 0.
49; 0.
50; 15.
51; 0.
52; 0.
53; 0.
54; 15.
55; 0.
56; 0.
57; 0.
58; 0.
59; 0.
60; 0.
61; 0.
================================================================================
Generation 9

--------------------------------------------------------------------------------
Selection

0; 27
1; 7
2; 19
3; 41
4; 35
5; 9
6; 51
7; 23
8; 11
9; 35
10; 15
11; 56
12; 39
13; 11
14; 34
15; 1
16; 24
17; 27
18; 13
19; 1
20; 1
21; 42
22; 57
23; 23
24; 30
25; 56
26; 2
27; 36
28; 46
29; 13
30; 27
31; 55
32; 57
33; 36
34; 31
35; 1
36; 7
37; 52
38; 53
39; 43
--------------------------------------------------------------------------------
Crossover

0; 1; d(69) d(67) a(64,105) r(72,62) d(73) a(65,72) d(74) r(66,71) d(29)
1; 41; d(66) d(64) a(5,63) d(29) a(35,35) a(5,52) d(69) r(73,52) a(67,34) r(72,67) a(67,67) r(64,50) r(35,45) a(5,52)
2; 23; r(69,50) r(29,62) r(29,49) r(67,75) a(65,72) d(64) a(6,40) d(5)
3; 43; r(69,50) r(66,38) r(64,45) a(34,90) r(73,52) a(67,34) r(72,67) r(29,67) r(64,57) a(5,62) r(35,71) r(6,54)
4; 24, 1; r(69,50) r(29,62) r(29,49) r(67,75) d(74) r(66,71) d(29)
5; 24, 1; d(69) d(67) a(64,105) r(72,62) d(73) a(65,72) a(66,105) a(6,70) d(35) a(65,72) d(64) a(6,40) d(6)
6; 24; r(69,50) r(29,62) r(29,49) r(67,75) a(66,105) a(6,70) d(35) a(65,72) d(64) a(6,40) d(6)
7; 1; d(69) d(67) a(64,105) r(72,62) d(73) a(65,72) d(74) r(66,71) d(29)
8; 11, 36; r(65,62) d(73) a(65,72) d(64) d(6) d(5)
9; 11, 36; r(69,50) r(29,62) r(29,49) r(67,75) a(66,105) a(6,70) d(35) a(72,63) d(6)
10; 11; r(65,62) d(73) a(72,63) d(6)
11; 36; r(69,50) r(29,62) r(29,49) r(67,75) a(66,105) a(6,70) d(35) a(65,72) d(64) d(6) d(5)
12; 13; r(65,62) r(74,40) d(67) a(35,105) d(64) d(34)
13; 23; r(69,50) r(29,62) r(29,49) r(67,75) a(65,72) d(64) a(6,40) d(5)
14; 35; d(66) d(64) a(5,63) d(29) a(35,35) a(5,52) a(35,105) a(6,70) d(35) a(65,72) d(64) d(6) d(5)
15; 53; r(69,50) r(29,62) r(29,49) r(67,75) a(66,105) a(6,70) d(35) a(65,72) r(73,52) a(67,34) r(72,67) r(29,67) r(64,57) a(5,62) r(6,5) a(5,54)
16; 7; d(66) d(64) a(5,63) d(29) a(35,35) a(5,52) a(35,105) r(6,105) d(5)
17; 55; d(69) d(67) a(64,105) d(69) r(73,52) a(67,34) r(72,67) r(29,67) a(64,71) r(66,76) a(6,38) d(65)
18; 13; r(65,62) r(74,40) d(67) a(35,105) d(64) d(34)
19; 19; d(69) d(67) a(64,105) a(6,70) a(35,104) r(6,49) r(64,63) r(29,37) a(5,71)
20; 27, 2; r(69,50) r(29,62) r(29,49) r(67,75) a(66,105) a(6,70) d(35) a(65,72) r(73,52) a(67,34) r(72,67) r(66,71) a(5,62)
21; 27, 2; d(69) d(67) a(64,105) r(6,41) r(72,62) d(73) a(65,72) d(74) r(29,67) r(64,57) a(5,62) r(6,5) r(5,40)
22; 27; r(69,50) r(29,62) r(29,49) r(67,75) a(66,105) a(6,70) d(35) a(65,72) r(73,52) a(67,34) r(72,67) r(29,67) r(64,57) a(5,62) r(6,5) r(5,40)
23; 2; d(69) d(67) a(64,105) r(6,41) r(72,62) d(73) a(65,72) d(74) r(66,71) a(5,62)
24; 51; r(69,50) r(29,62) r(29,49) a(35,35) a(5,52) d(73) d(72) r(66,55)
25; 35; d(66) d(64) a(5,63) d(29) a(35,35) a(5,52) a(35,105) a(6,70) d(35) a(65,72) d(64) d(6) d(5)
26; 56; r(65,62) r(74,40) d(67) d(69) r(73,52) a(67,34) r(72,67) r(29,67) a(64,71) r(66,76) a(6,38) d(5)
27; 52; d(69) d(65) a(35,76) d(6) a(5,63) d(29) a(35,35) a(5,52) d(73) d(72) r(64,44)
28; 36, 31; r(69,50) r(29,62) r(29,49) a(67,34) r(72,67) a(67,67) r(64,50) r(34,29) a(5,105)
29; 36, 31; r(65,62) r(74,40) d(67) d(69) r(73,52) r(67,75) a(66,105) a(6,70) d(35) a(65,72) d(64) d(6) d(5)
30; 36; r(69,50) r(29,62) r(29,49) r(67,75) a(66,105) a(6,70) d(35) a(65,72) d(64) d(6) d(5)
31; 31; r(65,62) r(74,40) d(67) d(69) r(73,52) a(67,34) r(72,67) a(67,67) r(64,50) r(34,29) a(5,105)
32; 7, 1; d(66) d(64) a(5,63) d(29) d(74) r(66,71) d(29)
33; 7, 1; d(69) d(67) a(64,105) r(72,62) d(73) a(65,72) a(35,35) a(5,52) a(35,105) r(6,105) d(5)
34; 7; d(66) d(64) a(5,63) d(29) a(35,35) a(5,52) a(35,105) r(6,105) d(5)
35; 1; d(69) d(67) a(64,105) r(72,62) d(73) a(65,72) d(74) r(66,71) d(29)
36; 57, 30; d(69) d(67) a(64,105) r(64,105) d(64) a(5,63) d(29) a(35,35) a(5,52) a(35,105) d(6) d(5)
37; 57, 30; d(66) a(35,34) a(6,47) r(29,53) a(6,76)
38; 57; d(69) d(67) a(64,105) r(64,105) a(35,34) a(6,47) r(29,53) a(6,76)
39; 30; d(66) d(64) a(5,63) d(29) a(35,35) a(5,52) a(35,105) d(6) d(5)
40; 15; d(66) d(64) a(5,63) d(29) a(35,35) a(5,52) a(35,105) d(6) a(5,46)
41; 27; r(69,50) r(29,62) r(29,49) r(67,75) a(66,105) a(6,70) d(35) a(65,72) r(73,52) a(67,34) r(72,67) r(29,67) r(64,57) a(5,62) r(6,5) r(5,40)
42; 9; d(66) d(64) a(5,63) d(29) a(35,35) a(5,52) d(69) r(73,52) a(67,34) r(72,67) a(67,67) r(64,50) r(35,45) a(5,76)
43; 1; d(69) d(67) a(64,105) r(72,62) d(73) a(65,72) d(74) r(66,71) d(29)
44; 39, 34; d(66) d(64) a(5,63) d(29) a(35,35) a(5,52) r(6,43)
45; 39, 34; r(69,50) r(29,62) r(29,49) r(67,75) a(66,105) d(35) d(69) r(73,52) r(29,49) r(67,75) a(66,105) a(6,70) d(35) r(66,49) d(74) r(6,47)
46; 39; d(66) d(64) a(5,63) d(29) a(35,35) a(5,52) d(69) r(73,52) r(29,49) r(67,75) a(66,105) a(6,70) d(35) r(66,49) d(74) r(6,47)
47; 34; r(69,50) r(29,62) r(29,49) r(67,75) a(66,105) d(35) r(6,43)
48; 56; r(65,62) r(74,40) d(67) d(69) r(73,52) a(67,34) r(72,67) r(29,67) a(64,71) r(66,76) a(6,38) d(5)
49; 57; d(69) d(67) a(64,105) r(64,105) a(35,34) a(6,47) r(29,53) a(6,76)
50; 42; r(69,50) r(66,38) r(64,45) r(67,71) r(74,40) d(67) d(69) r(73,52) a(67,34) r(72,67) r(29,67) r(64,57) d(6) r(35,42) a(5,50)
51; 46; d(69) d(67) a(64,105) r(64,105) a(35,34) a(6,47) r(29,53) r(35,29)
52; 11; r(65,62) d(73) a(72,63) d(6)
53; 27; r(69,50) r(29,62) r(29,49) r(67,75) a(66,105) a(6,70) d(35) a(65,72) r(73,52) a(67,34) r(72,67) r(29,67) r(64,57) a(5,62) r(6,5) r(5,40)
--------------------------------------------------------------------------------
Mutation

0; d(69) d(67) a(64,105) r(72,62) d(73) a(65,72) d(74) r(66,71) d(29) a(5,99)
1; d(66) d(64) a(5,63) d(29) a(35,35) a(5,52) d(69) r(73,52) a(67,34) r(72,67) a(67,67) r(64,50) r(35,45) a(5,52) d(5)
2; r(69,50) r(29,62) r(29,49) r(67,75) a(65,72) d(64) a(6,40) d(5) r(35,49)
3; r(69,50) r(66,38) r(64,45) a(34,90) r(73,52) a(67,34) r(72,67) r(29,67) r(64,57) a(5,62) r(35,71) r(6,54) d(5)
4; r(69,50) r(29,62) r(29,49) r(67,75) d(74) r(66,71) d(29) d(35)
5; d(69) d(67) a(64,105) r(72,62) d(73) a(65,72) a(66,105) a(6,70) d(35) a(65,72) d(64) a(6,40) d(6) d(5)
6; r(69,50) r(29,62) r(29,49) r(67,75) a(66,105) a(6,70) d(35) a(65,72) d(64) a(6,40) d(6) r(5,53)
7; d(69) d(67) a(64,105) r(72,62) d(73) a(65,72) d(74) r(66,71) d(29) a(6,39)
8; r(65,62) d(73) a(65,72) d(64) d(6) d(5) r(29,70)
9; r(69,50) r(29,62) r(29,49) r(67,75) a(66,105) a(6,70) d(35) a(72,63) d(6) r(72,62)
10; r(65,62) d(73) a(72,63) d(6) a(72,76)
11; r(69,50) r(29,62) r(29,49) r(67,75) a(66,105) a(6,70) d(35) a(65,72) d(64) d(6) d(5)
12; r(65,62) r(74,40) d(67) a(35,105) d(64) d(34) d(6)
13; r(69,50) r(29,62) r(29,49) r(67,75) a(65,72) d(64) a(6,40) d(5) d(35)
14; d(66) d(64) a(5,63) d(29) a(35,35) a(5,52) a(35,105) a(6,70) d(35) a(65,72) d(64) d(6) d(5)
15; r(69,50) r(29,62) r(29,49) r(67,75) a(66,105) a(6,70) d(35) a(65,72) r(73,52) a(67,34) r(72,67) r(29,67) r(64,57) a(5,62) r(6,5) a(5,54) r(5,42)
16; d(66) d(64) a(5,63) d(29) a(35,35) a(5,52) a(35,105) r(6,105) d(5) a(35,35)
17; d(69) d(67) a(64,105) d(69) r(73,52) a(67,34) r(72,67) r(29,67) a(64,71) r(66,76) a(6,38) d(65) a(35,40)
18; r(65,62) r(74,40) d(67) a(35,105) d(64) d(34) r(5,105)
19; d(69) d(67) a(64,105) a(6,70) a(35,104) r(6,49) r(64,63) r(29,37) a(5,71) a(5,71)
20; r(69,50) r(29,62) r(29,49) r(67,75) a(66,105) a(6,70) d(35) a(65,72) r(73,52) a(67,34) r(72,67) r(66,71) a(5,62) d(5)
21; d(69) d(67) a(64,105) r(6,41) r(72,62) d(73) a(65,72) d(74) r(29,67) r(64,57) a(5,62) r(6,5) r(5,40) d(35)
22; r(69,50) r(29,62) r(29,49) r(67,75) a(66,105) a(6,70) d(35) a(65,72) r(73,52) a(67,34) r(72,67) r(29,67) r(64,57) a(5,62) r(6,5) r(5,40)
23; d(69) d(67) a(64,105) r(6,41) r(72,62) d(73) a(65,72) d(74) r(66,71) a(5,62) r(29,46)
24; r(69,50) r(29,62) r(29,49) a(35,35) a(5,52) d(73) d(72) r(66,55) d(5)
25; d(66) d(64) a(5,63) d(29) a(35,35) a(5,52) a(35,105) a(6,70) d(35) a(65,72) d(64) d(6) d(5)
26; r(65,62) r(74,40) d(67) d(69) r(73,52) a(67,34) r(72,67) r(29,67) a(64,71) r(66,76) a(6,38) d(5) r(35,39)
27; d(69) d(65) a(35,76) d(6) a(5,63) d(29) a(35,35) a(5,52) d(73) d(72) r(64,44) r(35,41)
28; r(69,50) r(29,62) r(29,49) a(67,34) r(72,67) a(67,67) r(64,50) r(34,29) a(5,105) d(6)
29; r(65,62) r(74,40) d(67) d(69) r(73,52) r(67,75) a(66,105) a(6,70) d(35) a(65,72) d(64) d(6) d(5) a(29,58)
30; r(69,50) r(29,62) r(29,49) r(67,75) a(66,105) a(6,70) d(35) a(65,72) d(64) d(6) d(5)
31; r(65,62) r(74,40) d(67) d(69) r(73,52) a(67,34) r(72,67) a(67,67) r(64,50) r(34,29) a(5,105) r(6,71)
32; d(66) d(64) a(5,63) d(29) d(74) r(66,71) d(29) r(5,62)
33; d(69) d(67) a(64,105) r(72,62) d(73) a(65,72) a(35,35) a(5,52) a(35,105) r(6,105) d(5) r(34,51)
34; d(66) d(64) a(5,63) d(29) a(35,35) a(5,52) a(35,105) r(6,105) d(5) a(35,35)
35; d(69) d(67) a(64,105) r(72,62) d(73) a(65,72) d(74) r(66,71) d(29) a(64,43)
36; d(69) d(67) a(64,105) r(64,105) d(64) a(5,63) d(29) a(35,35) a(5,52) a(35,105) d(6) d(5) d(35)
37; d(66) a(35,34) a(6,47) r(29,53) a(6,76) d(35)
38; d(69) d(67) a(64,105) r(64,105) a(35,34) a(6,47) r(29,53) a(6,76) d(5)
39; d(66) d(64) a(5,63) d(29) a(35,35) a(5,52) a(35,105) d(6) d(5) r(35,34)
40; d(66) d(64) a(5,63) d(29) a(35,35) a(5,52) a(35,105) d(6) a(5,46) r(5,90)
41; r(69,50) r(29,62) r(29,49) r(67,75) a(66,105) a(6,70) d(35) a(65,72) r(73,52) a(67,34) r(72,67) r(29,67) r(64,57) a(5,62) r(6,5) r(5,40)
42; d(66) d(64) a(5,63) d(29) a(35,35) a(5,52) d(69) r(73,52) a(67,34) r(72,67) a(67,67) r(64,50) r(35,45) a(5,76) r(5,37)
43; d(69) d(67) a(64,105) r(72,62) d(73) a(65,72) d(74) r(66,71) d(29) r(35,34)
44; d(66) d(64) a(5,63) d(29) a(35,35) a(5,52) r(6,43) r(35,47)
45; r(69,50) r(29,62) r(29,49) r(67,75) a(66,105) d(35) d(69) r(73,52) r(29,49) r(67,75) a(66,105) a(6,70) d(35) r(66,49) d(74) r(6,47) d(65)
46; d(66) d(64) a(5,63) d(29) a(35,35) a(5,52) d(69) r(73,52) r(29,49) r(67,75) a(66,105) a(6,70) d(35) r(66,49) d(74) r(6,47) r(5,71)
47; r(69,50) r(29,62) r(29,49) r(67,75) a(66,105) d(35) r(6,43) d(66)
48; r(65,62) r(74,40) d(67) d(69) r(73,52) a(67,34) r(72,67) r(29,67) a(64,71) r(66,76) a(6,38) d(5) d(64)
49; d(69) d(67) a(64,105) r(64,105) a(35,34) a(6,47) r(29,53) a(6,76) a(6,49)
50; r(69,50) r(66,38) r(64,45) r(67,71) r(74,40) d(67) d(69) r(73,52) a(67,34) r(72,67) r(29,67) r(64,57) d(6) r(35,42) a(5,50) a(5,99)
51; d(69) d(67) a(64,105) r(64,105) a(35,34) a(6,47) r(29,53) r(35,29) r(6,51)
52; r(65,62) d(73) a(72,63) d(6) d(29)
53; r(69,50) r(29,62) r(29,49) r(67,75) a(66,105) a(6,70) d(35) a(65,72) r(73,52) a(67,34) r(72,67) r(29,67) r(64,57) a(5,62) r(6,5) r(5,40)
--------------------------------------------------------------------------------
Evaluation

0; 0.
1; 0.
2; 0.
3; 0.
4; 0.
5; 0.
6; 15.
7; 0.
8; 0.
9; 0.
10; 0.
11; 0.
12; 0.
13; 0.
14; 0.
15; 15.
16; 0.
17; 0.
18; 0.
19; 0.
20; 0.
21; 0.
22; 0.
23; 0.
24; 0.
25; 0.
26; 0.
27; 0.
28; 0.
29; 15.
30; 0.
31; 0.
32; 0.
33; 0.
34; 0.
35; 0.
36; 0.
37; 3.
38; 0.
39; 0.
40; 0.
41; 0.
42; 15.
43; 0.
44; 0.
45; 0.
46; 0.
47; 0.
48; 0.
49; 0.
50; 0.
51; 0.
52; 0.
53; 0.
================================================================================
Generation 10

--------------------------------------------------------------------------------
Selection

0; 9
1; 11
2; 48
3; 7
4; 47
5; 28
6; 40
7; 12
8; 43
9; 44
10; 4
11; 18
12; 27
13; 4
14; 30
15; 8
16; 51
17; 31
18; 18
19; 46
20; 44
21; 35
22; 0
23; 23
24; 33
25; 24
26; 49
27; 38
28; 34
29; 0
30; 9
31; 50
32; 17
33; 23
34; 9
35; 51
36; 16
37; 5
38; 43
39; 43
--------------------------------------------------------------------------------
Crossover

0; 23; d(69) d(67) a(64,105) r(6,41) r(72,62) d(73) a(65,72) d(74) r(66,71) a(5,62) r(29,46)
1; 4; r(69,50) r(29,62) r(29,49) r(67,75) d(74) r(66,71) d(29) d(35)
2; 28; r(69,50) r(29,62) r(29,49) a(67,34) r(72,67) a(67,67) r(64,50) r(34,29) a(5,105) d(6)
3; 34; d(66) d(64) a(5,63) d(29) a(35,35) a(5,52) a(35,105) r(6,105) d(5) a(35,35)
4; 46; d(66) d(64) a(5,63) d(29) a(35,35) a(5,52) d(69) r(73,52) r(29,49) r(67,75) a(66,105) a(6,70) d(35) r(66,49) d(74) r(6,47) r(5,71)
5; 43; d(69) d(67) a(64,105) r(72,62) d(73) a(65,72) d(74) r(66,71) d(29) r(35,34)
6; 43; d(69) d(67) a(64,105) r(72,62) d(73) a(65,72) d(74) r(66,71) d(29) r(35,34)
7; 7; d(69) d(67) a(64,105) r(72,62) d(73) a(65,72) d(74) r(66,71) d(29) a(6,39)
8; 9; r(69,50) r(29,62) r(29,49) r(67,75) a(66,105) a(6,70) d(35) a(72,63) d(6) r(72,62)
9; 5; d(69) d(67) a(64,105) r(72,62) d(73) a(65,72) a(66,105) a(6,70) d(35) a(65,72) d(64) a(6,40) d(6) d(5)
10; 16; d(66) d(64) a(5,63) d(29) a(35,35) a(5,52) a(35,105) r(6,105) d(5) a(35,35)
11; 0; d(69) d(67) a(64,105) r(72,62) d(73) a(65,72) d(74) r(66,71) d(29) a(5,99)
12; 43; d(69) d(67) a(64,105) r(72,62) d(73) a(65,72) d(74) r(66,71) d(29) r(35,34)
13; 9; r(69,50) r(29,62) r(29,49) r(67,75) a(66,105) a(6,70) d(35) a(72,63) d(6) r(72,62)
14; 31; r(65,62) r(74,40) d(67) d(69) r(73,52) a(67,34) r(72,67) a(67,67) r(64,50) r(34,29) a(5,105) r(6,71)
15; 17; d(69) d(67) a(64,105) d(69) r(73,52) a(67,34) r(72,67) r(29,67) a(64,71) r(66,76) a(6,38) d(65) a(35,40)
16; 51; d(69) d(67) a(64,105) r(64,105) a(35,34) a(6,47) r(29,53) r(35,29) r(6,51)
17; 30; r(69,50) r(29,62) r(29,49) r(67,75) a(66,105) a(6,70) d(35) a(65,72) d(64) d(6) d(5)
18; 8; r(65,62) d(73) a(65,72) d(64) d(6) d(5) r(29,70)
19; 50; r(69,50) r(66,38) r(64,45) r(67,71) r(74,40) d(67) d(69) r(73,52) a(67,34) r(72,67) r(29,67) r(64,57) d(6) r(35,42) a(5,50) a(5,99)
20; 23, 18; d(69) d(67) a(64,105) d(67) a(35,105) d(64) d(34) r(5,105)
21; 23, 18; r(65,62) r(74,40) r(6,41) r(72,62) d(73) a(65,72) d(74) r(66,71) a(5,62) r(29,46)
22; 23; d(69) d(67) a(64,105) r(6,41) r(72,62) d(73) a(65,72) d(74) r(66,71) a(5,62) r(29,46)
23; 18; r(65,62) r(74,40) d(67) a(35,105) d(64) d(34) r(5,105)
24; 4, 35; r(69,50) r(29,62) r(29,49) r(67,75) d(74) d(29) a(64,43)
25; 4, 35; d(69) d(67) a(64,105) r(72,62) d(73) a(65,72) d(74) r(66,71) r(66,71) d(29) d(35)
26; 4; r(69,50) r(29,62) r(29,49) r(67,75) d(74) r(66,71) d(29) d(35)
27; 35; d(69) d(67) a(64,105) r(72,62) d(73) a(65,72) d(74) r(66,71) d(29) a(64,43)
28; 49, 47; d(69) d(67) a(64,105) r(64,105) a(35,34) a(6,47) r(29,49) r(67,75) a(66,105) d(35) r(6,43) d(66)
29; 49, 47; r(69,50) r(29,62) r(29,53) a(6,76) a(6,49)
30; 49; d(69) d(67) a(64,105) r(64,105) a(35,34) a(6,47) r(29,53) a(6,76) a(6,49)
31; 47; r(69,50) r(29,62) r(29,49) r(67,75) a(66,105) d(35) r(6,43) d(66)
32; 27; d(69) d(65) a(35,76) d(6) a(5,63) d(29) a(35,35) a(5,52) d(73) d(72) r(64,44) r(35,41)
33; 51; d(69) d(67) a(64,105) r(64,105) a(35,34) a(6,47) r(29,53) r(35,29) r(6,51)
34; 9; r(69,50) r(29,62) r(29,49) r(67,75) a(66,105) a(6,70) d(35) a(72,63) d(6) r(72,62)
35; 12; r(65,62) r(74,40) d(67) a(35,105) d(64) d(34) d(6)
36; 38, 48; d(69) d(67) a(64,105) r(64,105) a(35,34) a(6,47) r(29,53) a(6,76) d(64)
37; 38, 48; r(65,62) r(74,40) d(67) d(69) r(73,52) a(67,34) r(72,67) r(29,67) a(64,71) r(66,76) a(6,38) d(5) d(5)
38; 38; d(69) d(67) a(64,105) r(64,105) a(35,34) a(6,47) r(29,53) a(6,76) d(5)
39; 48; r(65,62) r(74,40) d(67) d(69) r(73,52) a(67,34) r(72,67) r(29,67) a(64,71) r(66,76) a(6,38) d(5) d(64)
40; 11, 33; r(69,50) a(64,105) r(72,62) d(73) a(65,72) a(35,35) a(5,52) a(35,105) r(6,105) d(5) r(34,51)
41; 11, 33; d(69) d(67) r(29,62) r(29,49) r(67,75) a(66,105) a(6,70) d(35) a(65,72) d(64) d(6) d(5)
42; 11; r(69,50) r(29,62) r(29,49) r(67,75) a(66,105) a(6,70) d(35) a(65,72) d(64) d(6) d(5)
43; 33; d(69) d(67) a(64,105) r(72,62) d(73) a(65,72) a(35,35) a(5,52) a(35,105) r(6,105) d(5) r(34,51)
44; 40, 44; d(66) d(64) a(5,63) d(29) a(35,35) a(5,52) a(35,105) a(5,52) r(6,43) r(35,47)
45; 40, 44; d(66) d(64) a(5,63) d(29) a(35,35) d(6) a(5,46) r(5,90)
46; 40; d(66) d(64) a(5,63) d(29) a(35,35) a(5,52) a(35,105) d(6) a(5,46) r(5,90)
47; 44; d(66) d(64) a(5,63) d(29) a(35,35) a(5,52) r(6,43) r(35,47)
48; 24; r(69,50) r(29,62) r(29,49) a(35,35) a(5,52) d(73) d(72) r(66,55) d(5)
49; 18; r(65,62) r(74,40) d(67) a(35,105) d(64) d(34) r(5,105)
50; 0, 44; d(69) d(67) a(64,105) r(72,62) d(73) a(65,72) d(64) a(5,63) d(29) a(35,35) a(5,52) r(6,43) r(35,47)
51; 0, 44; d(66) d(74) r(66,71) d(29) a(5,99)
52; 0; d(69) d(67) a(64,105) r(72,62) d(73) a(65,72) d(74) r(66,71) d(29) a(5,99)
53; 44; d(66) d(64) a(5,63) d(29) a(35,35) a(5,52) r(6,43) r(35,47)
--------------------------------------------------------------------------------
Mutation

0; d(69) d(67) a(64,105) r(6,41) r(72,62) d(73) a(65,72) d(74) r(66,71) a(5,62) r(29,46) d(5)
1; r(69,50) r(29,62) r(29,49) r(67,75) d(74) r(66,71) d(29) d(35) r(65,55)
2; r(69,50) r(29,62) r(29,49) a(67,34) r(72,67) a(67,67) r(64,50) r(34,29) a(5,105) d(6) r(35,50)
3; d(66) d(64) a(5,63) d(29) a(35,35) a(5,52) a(35,105) r(6,105) d(5) a(35,35) a(35,41)
4; d(66) d(64) a(5,63) d(29) a(35,35) a(5,52) d(69) r(73,52) r(29,49) r(67,75) a(66,105) a(6,70) d(35) r(66,49) d(74) r(6,47) r(5,71)
5; d(69) d(67) a(64,105) r(72,62) d(73) a(65,72) d(74) r(66,71) d(29) r(35,34) r(65,37)
6; d(69) d(67) a(64,105) r(72,62) d(73) a(65,72) d(74) r(66,71) d(29) r(35,34) d(5)
7; d(69) d(67) a(64,105) r(72,62) d(73) a(65,72) d(74) r(66,71) d(29) a(6,39) d(5)
8; r(69,50) r(29,62) r(29,49) r(67,75) a(66,105) a(6,70) d(35) a(72,63) d(6) r(72,62) r(66,74)
9; d(69) d(67) a(64,105) r(72,62) d(73) a(65,72) a(66,105) a(6,70) d(35) a(65,72) d(64) a(6,40) d(6) d(5) a(34,88)
10; d(66) d(64) a(5,63) d(29) a(35,35) a(5,52) a(35,105) r(6,105) d(5) a(35,35) r(35,54)
11; d(69) d(67) a(64,105) r(72,62) d(73) a(65,72) d(74) r(66,71) d(29) a(5,99) a(64,62)
12; d(69) d(67) a(64,105) r(72,62) d(73) a(65,72) d(74) r(66,71) d(29) r(35,34) r(6,91)
13; r(69,50) r(29,62) r(29,49) r(67,75) a(66,105) a(6,70) d(35) a(72,63) d(6) r(72,62) a(74,57)
14; r(65,62) r(74,40) d(67) d(69) r(73,52) a(67,34) r(72,67) a(67,67) r(64,50) r(34,29) a(5,105) r(6,71) r(35,88)
15; d(69) d(67) a(64,105) d(69) r(73,52) a(67,34) r(72,67) r(29,67) a(64,71) r(66,76) a(6,38) d(65) a(35,40) r(6,62)
16; d(69) d(67) a(64,105) r(64,105) a(35,34) a(6,47) r(29,53) r(35,29) r(6,51) a(5,99)
17; r(69,50) r(29,62) r(29,49) r(67,75) a(66,105) a(6,70) d(35) a(65,72) d(64) d(6) d(5)
18; r(65,62) d(73) a(65,72) d(64) d(6) d(5) r(29,70) d(35)
19; r(69,50) r(66,38) r(64,45) r(67,71) r(74,40) d(67) d(69) r(73,52) a(67,34) r(72,67) r(29,67) r(64,57) d(6) r(35,42) a(5,50) a(5,99) a(5,47)
20; d(69) d(67) a(64,105) d(67) a(35,105) d(64) d(34) r(5,105) d(29)
21; r(65,62) r(74,40) r(6,41) r(72,62) d(73) a(65,72) d(74) r(66,71) a(5,62) r(29,46) d(71)
22; d(69) d(67) a(64,105) r(6,41) r(72,62) d(73) a(65,72) d(74) r(66,71) a(5,62) r(29,46) a(35,52)
23; r(65,62) r(74,40) d(67) a(35,105) d(64) d(34) r(5,105) a(29,57)
24; r(69,50) r(29,62) r(29,49) r(67,75) d(74) d(29) a(64,43) a(73,56)
25; d(69) d(67) a(64,105) r(72,62) d(73) a(65,72) d(74) r(66,71) r(66,71) d(29) d(35) r(5,62)
26; r(69,50) r(29,62) r(29,49) r(67,75) d(74) r(66,71) d(29) d(35) d(6)
27; d(69) d(67) a(64,105) r(72,62) d(73) a(65,72) d(74) r(66,71) d(29) a(64,43) d(6)
28; d(69) d(67) a(64,105) r(64,105) a(35,34) a(6,47) r(29,49) r(67,75) a(66,105) d(35) r(6,43) d(66) r(5,91)
29; r(69,50) r(29,62) r(29,53) a(6,76) a(6,49) a(35,105)
30; d(69) d(67) a(64,105) r(64,105) a(35,34) a(6,47) r(29,53) a(6,76) a(6,49) a(35,57)
31; r(69,50) r(29,62) r(29,49) r(67,75) a(66,105) d(35) r(6,43) d(66) a(5,99)
32; d(69) d(65) a(35,76) d(6) a(5,63) d(29) a(35,35) a(5,52) d(73) d(72) r(64,44) r(35,41) r(5,40)
33; d(69) d(67) a(64,105) r(64,105) a(35,34) a(6,47) r(29,53) r(35,29) r(6,51) d(5)
34; r(69,50) r(29,62) r(29,49) r(67,75) a(66,105) a(6,70) d(35) a(72,63) d(6) r(72,62) a(65,37)
35; r(65,62) r(74,40) d(67) a(35,105) d(64) d(34) d(6) d(5)
36; d(69) d(67) a(64,105) r(64,105) a(35,34) a(6,47) r(29,53) a(6,76) d(64) a(35,99)
37; r(65,62) r(74,40) d(67) d(69) r(73,52) a(67,34) r(72,67) r(29,67) a(64,71) r(66,76) a(6,38) d(5) d(5) d(35)
38; d(69) d(67) a(64,105) r(64,105) a(35,34) a(6,47) r(29,53) a(6,76) d(5) r(35,37)
39; r(65,62) r(74,40) d(67) d(69) r(73,52) a(67,34) r(72,67) r(29,67) a(64,71) r(66,76) a(6,38) d(5) d(64) a(35,70)
40; r(69,50) a(64,105) r(72,62) d(73) a(65,72) a(35,35) a(5,52) a(35,105) r(6,105) d(5) r(34,51) a(64,72)
41; d(69) d(67) r(29,62) r(29,49) r(67,75) a(66,105) a(6,70) d(35) a(65,72) d(64) d(6) d(5)
42; r(69,50) r(29,62) r(29,49) r(67,75) a(66,105) a(6,70) d(35) a(65,72) d(64) d(6) d(5)
43; d(69) d(67) a(64,105) r(72,62) d(73) a(65,72) a(35,35) a(5,52) a(35,105) r(6,105) d(5) r(34,51) r(29,34)
44; d(66) d(64) a(5,63) d(29) a(35,35) a(5,52) a(35,105) a(5,52) r(6,43) r(35,47) a(5,55)
45; d(66) d(64) a(5,63) d(29) a(35,35) d(6) a(5,46) r(5,90) d(35)
46; d(66) d(64) a(5,63) d(29) a(35,35) a(5,52) a(35,105) d(6) a(5,46) r(5,90) d(35)
47; d(66) d(64) a(5,63) d(29) a(35,35) a(5,52) r(6,43) r(35,47) a(5,45)
48; r(69,50) r(29,62) r(29,49) a(35,35) a(5,52) d(73) d(72) r(66,55) d(5) a(64,50)
49; r(65,62) r(74,40) d(67) a(35,105) d(64) d(34) r(5,105) d(29)
50; d(69) d(67) a(64,105) r(72,62) d(73) a(65,72) d(64) a(5,63) d(29) a(35,35) a(5,52) r(6,43) r(35,47) a(5,91)
51; d(66) d(74) r(66,71) d(29) a(5,99) r(69,38)
52; d(69) d(67) a(64,105) r(72,62) d(73) a(65,72) d(74) r(66,71) d(29) a(5,99) d(64)
53; d(66) d(64) a(5,63) d(29) a(35,35) a(5,52) r(6,43) r(35,47) a(5,54)
--------------------------------------------------------------------------------
Evaluation

0; 0.
1; 0.
2; 0.
3; 0.
4; 0.
5; 15.
6; 0.
7; 0.
8; 0.
9; 0.
10; 0.
11; 0.
12; 15.
13; 0.
14; 0.
15; 0.
16; 0.
17; 0.
18; 0.
19; 0.
20; 0.
21; 0.
22; 0.
23; 0.
24; 15.
25; 0.
26; 0.
27; 0.
28; 15.
29; 0.
30; 0.
31; 0.
32; 15.
33; 15.
34; 0.
35; 0.
36; 0.
37; 0.
38; 15.
39; 0.
40; 0.
41; 0.
42; 0.
43; 0.
44; 0.
45; 0.
46; 0.
47; 0.
48; 0.
49; 0.
50; 0.
51; 0.
52; 0.
53; 0.
