================================================================================
Enclosure

1: 0
2: 0
3: 0
4: 0
5: 0
6: 5
7: 6
9: 5
10: 9
11: 9
12: 11
13: 11
14: 9
15: 9
17: 9
18: 5
19: 18
20: 18
21: 18
23: 18
24: 5
25: 5
26: 25
27: 25
29: 0
30: 29
31: 29
32: 31
33: 31
34: 29
35: 0
36: 0
37: 36
38: 36
39: 0
40: 39
41: 39
42: 39
43: 42
44: 42
45: 42
46: 39
47: 39
48: 47
49: 47
50: 47
51: 47
52: 51
53: 51
54: 51
55: 54
56: 54
57: 54
58: 51
59: 51
60: 59
62: 47
63: 47
64: 0
65: 64
66: 64
67: 66
69: 64
70: 69
71: 69
72: 64
73: 64
74: 64
75: 0
76: 0
78: 0
79: 78
80: 78
81: 78
83: 0
85: 83
86: 0
87: 0
88: 0
89: 0
90: 0
91: 0
92: 0
93: 0
94: 0
95: 94
96: 94
97: 94
98: 94
99: 98
101: 94
102: 94
103: 94
104: 103
105: 103
106: 0
107: 106
108: 106
109: 0
110: 0
111: 0
112: 0
113: 0
114: 113
115: 113
116: 113
117: 116
119: 113
120: 119
121: 120
122: 120
123: 122
125: 119
126: 113
127: 126
129: 127
131: 129
133: 131
134: 126
135: 0
136: 135
137: 135
138: 135
139: 138
140: 139
143: 135
144: 0
145: 0
146: 0
================================================================================
Initialisation

0; d(74); 15.
1; d(29); 5.
2; a(67,71); 5.
3; a(5,37); 15.
4; a(74,72); 5.
5; r(34,57); 5.
6; d(34); 5.
7; r(73,43); 15.
8; r(74,57); 15.
9; d(35); 15.
10; a(73,76); 15.
11; d(6); 0.
12; a(67,64); 3.
13; r(74,63); 15.
14; d(72); 15.
15; r(74,43); 15.
16; r(73,57); 15.
17; r(66,71); 3.
18; r(5,57); 5.
19; r(71,63); 5.
20; a(64,38); 5.
21; a(73,56); 15.
22; r(67,91); 0.
23; r(6,38); 0.
24; a(74,66); 5.
25; a(65,74); 1.
26; a(35,71); 5.
27; a(71,65); 5.
28; r(64,34); 0.
29; d(64); 0.
30; r(66,44); 15.
31; d(73); 15.
32; d(67); 5.
33; d(66); 3.
34; r(72,45); 15.
35; a(72,90); 5.
36; r(74,62); 15.
37; a(6,47); 5.
38; d(74); 15.
39; original; 5.
================================================================================
Generation 1

--------------------------------------------------------------------------------
Selection

0; 5
1; 29
2; 11
3; 25
4; 20
5; 19
6; 38
7; 31
8; 25
9; 12
10; 6
11; 26
12; 1
13; 3
14; 12
15; 22
16; 23
17; 25
18; 25
19; 18
20; 6
21; 20
22; 5
23; 4
24; 21
25; 25
26; 2
27; 37
28; 3
29; 17
30; 33
31; 23
32; 18
33; 25
34; 39
35; 29
36; 24
37; 20
38; 4
39; 23
--------------------------------------------------------------------------------
Crossover

0; 31, 23; d(73)
1; 31, 23; r(6,38)
2; 31; d(73)
3; 23; r(6,38)
4; 26; a(35,71)
5; 33; d(66)
6; 3; a(5,37)
7; 25; a(65,74)
8; 29; d(64)
9; 21; a(73,56)
10; 11, 20; d(6)
11; 11, 20; a(64,38)
12; 11; d(6)
13; 20; a(64,38)
14; 25, 4; a(65,74)
15; 25, 4; a(74,72)
16; 25; a(65,74)
17; 4; a(74,72)
18; 20, 23; a(64,38)
19; 20, 23; r(6,38)
20; 20; a(64,38)
21; 23; r(6,38)
22; 5; r(34,57)
23; 17; r(66,71)
24; 6, 12; d(34)
25; 6, 12; a(67,64)
26; 6; d(34)
27; 12; a(67,64)
28; 20; a(64,38)
29; 3; a(5,37)
30; 38; d(74)
31; 5; r(34,57)
32; 2; a(67,71)
33; 39; original
34; 6; d(34)
35; 25; a(65,74)
36; 23; r(6,38)
37; 1; d(29)
38; 18; r(5,57)
39; 25; a(65,74)
40; 25, 24; a(65,74)
41; 25, 24; a(74,66)
42; 25; a(65,74)
43; 24; a(74,66)
44; 18, 12; r(5,57)
45; 18, 12; a(67,64)
46; 18; r(5,57)
47; 12; a(67,64)
48; 37, 25; a(6,47)
49; 37, 25; a(65,74)
50; 37; a(6,47)
51; 25; a(65,74)
52; 29; d(64)
53; 22; r(67,91)
54; 4; a(74,72)
55; 19; r(71,63)
--------------------------------------------------------------------------------
Mutation

0; d(73) a(69,88)
1; r(6,38) r(64,62)
2; d(73) a(34,44)
3; r(6,38) a(67,71)
4; a(35,71) d(64)
5; d(66) d(6)
6; a(5,37) a(71,70)
7; a(65,74) r(69,65)
8; d(64) d(6)
9; a(73,56) d(69)
10; d(6) d(72)
11; a(64,38) a(71,73)
12; d(6) d(67)
13; a(64,38) r(71,65)
14; a(65,74) d(35)
15; a(74,72) d(66)
16; a(65,74) a(6,59)
17; a(74,72) a(72,34)
18; a(64,38) d(5)
19; r(6,38) a(65,38)
20; a(64,38) d(67)
21; r(6,38) r(67,90)
22; r(34,57) a(73,62)
23; r(66,71) r(5,41)
24; d(34) a(73,72)
25; a(67,64) d(6)
26; d(34) r(67,69)
27; a(67,64) d(71)
28; a(64,38) a(67,55)
29; a(5,37) d(69)
30; d(74) a(34,45)
31; r(34,57) r(5,41)
32; a(67,71) a(34,39)
33; r(72,69)
34; d(34) r(72,73)
35; a(65,74) a(72,43)
36; r(6,38) d(73)
37; d(29) a(5,88)
38; r(5,57) d(65)
39; a(65,74) a(64,49)
40; a(65,74) d(73)
41; a(74,66) d(71)
42; a(65,74) d(65)
43; a(74,66) r(64,71)
44; r(5,57) r(72,55)
45; a(67,64) d(69)
46; r(5,57) r(69,62)
47; a(67,64) d(74)
48; a(6,47) d(65)
49; a(65,74) a(67,69)
50; a(6,47) d(29)
51; a(65,74) r(66,49)
52; d(64) r(6,34)
53; r(67,91) d(71)
54; a(74,72) a(35,70)
55; r(71,63) r(69,63)
--------------------------------------------------------------------------------
Evaluation

0; 15.
1; 0.
2; 15.
3; 0.
4; 0.
5; 0.
6; 15.
7; 0.
8; 0.
9; 15.
10; 0.
11; 4.
12; 0.
13; 5.
14; 15.
15; 3.
16; 1.
17; 5.
18; 5.
19; 0.
20; 5.
21; 0.
22; 5.
23; 3.
24; 5.
25; 0.
26; 5.
27; 3.
28; 5.
29; 15.
30; 15.
31; 5.
32; 5.
33; 15.
34; 15.
35; 1.
36; 0.
37; 5.
38; 0.
39; 1.
40; 11.
41; 5.
42; 0.
43; 0.
44; 0.
45; 3.
46; 0.
47; 3.
48; 0.
49; 1.
50; 5.
51; 3.
52; 0.
53; 0.
54; 0.
55; 0.
================================================================================
Generation 2

--------------------------------------------------------------------------------
Selection

0; 48
1; 48
2; 39
3; 42
4; 13
5; 25
6; 10
7; 1
8; 52
9; 21
10; 19
11; 38
12; 35
13; 23
14; 28
15; 1
16; 24
17; 46
18; 10
19; 3
20; 32
21; 53
22; 28
23; 8
24; 12
25; 12
26; 47
27; 41
28; 1
29; 49
30; 33
31; 45
32; 4
33; 43
34; 45
35; 45
36; 20
37; 5
38; 46
39; 3
--------------------------------------------------------------------------------
Crossover

0; 1; r(6,38) r(64,62)
1; 43; a(74,66) r(64,71)
2; 4, 8; a(35,71)
3; 4, 8; d(64) d(6) d(64)
4; 4; a(35,71) d(64)
5; 8; d(64) d(6)
6; 41; a(74,66) d(71)
7; 32; a(67,71) a(34,39)
8; 42, 38; a(65,74) d(65)
9; 42, 38; r(5,57) d(65)
10; 42; a(65,74) d(65)
11; 38; r(5,57) d(65)
12; 20, 45; a(64,38) d(67)
13; 20, 45; a(67,64) d(69)
14; 20; a(64,38) d(67)
15; 45; a(67,64) d(69)
16; 13, 39; a(64,38) a(64,49)
17; 13, 39; a(65,74) r(71,65)
18; 13; a(64,38) r(71,65)
19; 39; a(65,74) a(64,49)
20; 1, 28; r(6,38) a(67,55)
21; 1, 28; a(64,38) r(64,62)
22; 1; r(6,38) r(64,62)
23; 28; a(64,38) a(67,55)
24; 3, 5; r(6,38) a(67,71) d(6)
25; 3, 5; d(66)
26; 3; r(6,38) a(67,71)
27; 5; d(66) d(6)
28; 10, 21; d(6)
29; 10, 21; r(6,38) r(67,90) d(72)
30; 10; d(6) d(72)
31; 21; r(6,38) r(67,90)
32; 24; d(34) a(73,72)
33; 46; r(5,57) r(69,62)
34; 3; r(6,38) a(67,71)
35; 33; r(72,69)
36; 45, 48; a(67,64) d(69) d(65)
37; 45, 48; a(6,47)
38; 45; a(67,64) d(69)
39; 48; a(6,47) d(65)
40; 10; d(6) d(72)
41; 12; d(6) d(67)
42; 49, 52; a(65,74) a(67,69) r(6,34)
43; 49, 52; d(64)
44; 49; a(65,74) a(67,69)
45; 52; d(64) r(6,34)
46; 1, 35; r(6,38) r(64,62)
47; 1, 35; a(65,74) a(72,43)
48; 1; r(6,38) r(64,62)
49; 35; a(65,74) a(72,43)
50; 28; a(64,38) a(67,55)
51; 45; a(67,64) d(69)
52; 23; r(66,71) r(5,41)
53; 25; a(67,64) d(6)
54; 47; a(67,64) d(74)
55; 12; d(6) d(67)
56; 53; r(67,91) d(71)
57; 48; a(6,47) d(65)
58; 46; r(5,57) r(69,62)
59; 19; r(6,38) a(65,38)
--------------------------------------------------------------------------------
Mutation

0; r(6,38) r(64,62) a(5,39)
1; a(74,66) r(64,71) d(6)
2; a(35,71) d(65)
3; d(64) d(6) d(64) a(35,29)
4; a(35,71) d(64) r(29,44)
5; d(64) d(6) r(34,88)
6; a(74,66) d(71) a(74,73)
7; a(67,71) a(34,39) r(72,70)
8; a(65,74) d(65) a(64,45)
9; r(5,57) d(65) a(67,49)
10; a(65,74) d(65) d(5)
11; r(5,57) d(65) d(35)
12; a(64,38) d(67) a(66,49)
13; a(67,64) d(69) d(74)
14; a(64,38) d(67) a(35,71)
15; a(67,64) d(69) a(64,73)
16; a(64,38) a(64,49) r(69,34)
17; a(65,74) r(71,65) r(67,34)
18; a(64,38) r(71,65) d(35)
19; a(65,74) a(64,49) d(5)
20; r(6,38) a(67,55) a(72,90)
21; a(64,38) r(64,62) a(6,6)
22; r(6,38) r(64,62) d(5)
23; a(64,38) a(67,55) d(5)
24; r(6,38) a(67,71) d(6) d(35)
25; d(66) r(29,99)
26; r(6,38) a(67,71) a(29,58)
27; d(66) d(6) d(65)
28; d(6) r(73,44)
29; r(6,38) r(67,90) d(72) a(71,104)
30; d(6) d(72) r(69,66)
31; r(6,38) r(67,90) a(35,29)
32; d(34) a(73,72) a(66,65)
33; r(5,57) r(69,62) a(34,90)
34; r(6,38) a(67,71) r(67,70)
35; r(72,69) d(64)
36; a(67,64) d(69) d(65) d(67)
37; a(6,47) r(35,70)
38; a(67,64) d(69) d(29)
39; a(6,47) d(65) a(74,38)
40; d(6) d(72) a(65,104)
41; d(6) d(67) d(71)
42; a(65,74) a(67,69) r(6,34) d(73)
43; d(64) d(5)
44; a(65,74) a(67,69) d(73)
45; d(64) r(6,34) a(34,39)
46; r(6,38) r(64,62) d(34)
47; a(65,74) a(72,43) r(35,56)
48; r(6,38) r(64,62) d(34)
49; a(65,74) a(72,43) d(34)
50; a(64,38) a(67,55) d(5)
51; a(67,64) d(69) d(5)
52; r(66,71) r(5,41) d(65)
53; a(67,64) d(6) a(66,99)
54; a(67,64) d(74) r(73,71)
55; d(6) d(67) d(65)
56; r(67,91) d(71) d(34)
57; a(6,47) d(65) a(5,91)
58; r(5,57) r(69,62) r(35,53)
59; r(6,38) a(65,38) d(67)
--------------------------------------------------------------------------------
Evaluation

0; 0.
1; 0.
2; 0.
3; 0.
4; 15.
5; 0.
6; 4.
7; 15.
8; 0.
9; 0.
10; 0.
11; 0.
12; 5.
13; 3.
14; 5.
15; 3.
16; 0.
17; 1.
18; 15.
19; 0.
20; 0.
21; 0.
22; 0.
23; 5.
24; 0.
25; 3.
26; 0.
27; 0.
28; 0.
29; 0.
30; 0.
31; 0.
32; 5.
33; 0.
34; 0.
35; 0.
36; 5.
37; 0.
38; 3.
39; 0.
40; 0.
41; 0.
42; 0.
43; 0.
44; 11.
45; 0.
46; 0.
47; 15.
48; 0.
49; 1.
50; 5.
51; 3.
52; 0.
53; 0.
54; 3.
55; 0.
56; 0.
57; 15.
58; 4.
59; 0.
================================================================================
Generation 3

--------------------------------------------------------------------------------
Selection

0; 35
1; 41
2; 0
3; 48
4; 55
5; 19
6; 6
7; 39
8; 52
9; 24
10; 12
11; 5
12; 35
13; 0
14; 28
15; 28
16; 29
17; 16
18; 30
19; 37
20; 56
21; 48
22; 33
23; 10
24; 45
25; 27
26; 28
27; 21
28; 59
29; 33
30; 8
31; 27
32; 35
33; 54
34; 22
35; 29
36; 31
37; 2
38; 21
39; 37
--------------------------------------------------------------------------------
Crossover

0; 6; a(74,66) d(71) a(74,73)
1; 59; r(6,38) a(65,38) d(67)
2; 31; r(6,38) r(67,90) a(35,29)
3; 21; a(64,38) r(64,62) a(6,6)
4; 24, 52; r(6,38) a(67,71) d(6) d(35) r(5,41) d(65)
5; 24, 52; r(66,71)
6; 24; r(6,38) a(67,71) d(6) d(35)
7; 52; r(66,71) r(5,41) d(65)
8; 21; a(64,38) r(64,62) a(6,6)
9; 45; d(64) r(6,34) a(34,39)
10; 28; d(6) r(73,44)
11; 27; d(66) d(6) d(65)
12; 2; a(35,71) d(65)
13; 37; a(6,47) r(35,70)
14; 0; r(6,38) r(64,62) a(5,39)
15; 56; r(67,91) d(71) d(34)
16; 19; a(65,74) a(64,49) d(5)
17; 29; r(6,38) r(67,90) d(72) a(71,104)
18; 8, 39; a(65,74) d(65) a(74,38)
19; 8, 39; a(6,47) d(65) a(64,45)
20; 8; a(65,74) d(65) a(64,45)
21; 39; a(6,47) d(65) a(74,38)
22; 35, 35; r(72,69) d(64)
23; 35, 35; r(72,69) d(64)
24; 35; r(72,69) d(64)
25; 35; r(72,69) d(64)
26; 30; d(6) d(72) r(69,66)
27; 37; a(6,47) r(35,70)
28; 55; d(6) d(67) d(65)
29; 12; a(64,38) d(67) a(66,49)
30; 22, 48; r(6,38)
31; 22, 48; r(6,38) r(64,62) d(34) r(64,62) d(5)
32; 22; r(6,38) r(64,62) d(5)
33; 48; r(6,38) r(64,62) d(34)
34; 29; r(6,38) r(67,90) d(72) a(71,104)
35; 0; r(6,38) r(64,62) a(5,39)
36; 5, 33; d(64) d(6) r(34,88)
37; 5, 33; r(5,57) r(69,62) a(34,90)
38; 5; d(64) d(6) r(34,88)
39; 33; r(5,57) r(69,62) a(34,90)
40; 41, 27; d(6) d(65)
41; 41, 27; d(66) d(6) d(67) d(71)
42; 41; d(6) d(67) d(71)
43; 27; d(66) d(6) d(65)
44; 54, 35; a(67,64) d(64)
45; 54, 35; r(72,69) d(74) r(73,71)
46; 54; a(67,64) d(74) r(73,71)
47; 35; r(72,69) d(64)
48; 33; r(5,57) r(69,62) a(34,90)
49; 28; d(6) r(73,44)
50; 48, 28; r(6,38) r(73,44)
51; 48, 28; d(6) r(64,62) d(34)
52; 48; r(6,38) r(64,62) d(34)
53; 28; d(6) r(73,44)
54; 10, 16; a(65,74) d(65) r(69,34)
55; 10, 16; a(64,38) a(64,49) d(5)
56; 10; a(65,74) d(65) d(5)
57; 16; a(64,38) a(64,49) r(69,34)
--------------------------------------------------------------------------------
Mutation

0; a(74,66) d(71) a(74,73) r(6,58)
1; r(6,38) a(65,38) d(67) d(5)
2; r(6,38) r(67,90) a(35,29) r(72,52)
3; a(64,38) r(64,62) a(6,6) r(29,39)
4; r(6,38) a(67,71) d(6) d(35) r(5,41) d(65) a(34,44)
5; r(66,71) a(35,58)
6; r(6,38) a(67,71) d(6) d(35) r(65,104)
7; r(66,71) r(5,41) d(65) r(72,99)
8; a(64,38) r(64,62) a(6,6) r(35,71)
9; d(64) r(6,34) a(34,39) a(35,47)
10; d(6) r(73,44) d(72)
11; d(66) d(6) d(65) r(29,63)
12; a(35,71) d(65) r(6,71)
13; a(6,47) r(35,70) r(65,76)
14; r(6,38) r(64,62) a(5,39) a(5,76)
15; r(67,91) d(71) d(34) d(6)
16; a(65,74) a(64,49) d(5) d(65)
17; r(6,38) r(67,90) d(72) a(71,104) r(34,5)
18; a(65,74) d(65) a(74,38) r(72,69)
19; a(6,47) d(65) a(64,45) r(72,67)
20; a(65,74) d(65) a(64,45) r(5,105)
21; a(6,47) d(65) a(74,38) d(73)
22; r(72,69) d(64) d(34)
23; r(72,69) d(64) d(34)
24; r(72,69) d(64) a(35,38)
25; r(72,69) d(64) a(6,50)
26; d(6) d(72) r(69,66) a(34,90)
27; a(6,47) r(35,70) a(5,39)
28; d(6) d(67) d(65) r(66,43)
29; a(64,38) d(67) a(66,49) d(74)
30; r(6,38) a(29,58)
31; r(6,38) r(64,62) d(34) r(64,62) d(5) r(29,91)
32; r(6,38) r(64,62) d(5) a(29,47)
33; r(6,38) r(64,62) d(34) r(5,63)
34; r(6,38) r(67,90) d(72) a(71,104) d(69)
35; r(6,38) r(64,62) a(5,39) d(5)
36; d(64) d(6) r(34,88) r(35,57)
37; r(5,57) r(69,62) a(34,90) d(67)
38; d(64) d(6) r(34,88) d(5)
39; r(5,57) r(69,62) a(34,90) r(34,39)
40; d(6) d(65) a(72,52)
41; d(66) d(6) d(67) d(71) r(69,63)
42; d(6) d(67) d(71) a(34,67)
43; d(66) d(6) d(65) a(64,49)
44; a(67,64) d(64) r(29,42)
45; r(72,69) d(74) r(73,71) a(64,74)
46; a(67,64) d(74) r(73,71) d(67)
47; r(72,69) d(64) a(29,71)
48; r(5,57) r(69,62) a(34,90) r(34,50)
49; d(6) r(73,44) a(66,40)
50; r(6,38) r(73,44) r(67,38)
51; d(6) r(64,62) d(34) r(29,39)
52; r(6,38) r(64,62) d(34) a(35,58)
53; d(6) r(73,44) a(67,74)
54; a(65,74) d(65) r(69,34) a(5,42)
55; a(64,38) a(64,49) d(5) r(71,73)
56; a(65,74) d(65) d(5) r(69,72)
57; a(64,38) a(64,49) r(69,34) a(64,73)
--------------------------------------------------------------------------------
Evaluation

0; 0.
1; 5.
2; 0.
3; 0.
4; 0.
5; 3.
6; 0.
7; 0.
8; 15.
9; 0.
10; 0.
11; 0.
12; 0.
13; 0.
14; 0.
15; 0.
16; 0.
17; 0.
18; 0.
19; 0.
20; 0.
21; 0.
22; 0.
23; 0.
24; 0.
25; 0.
26; 0.
27; 5.
28; 0.
29; 15.
30; 0.
31; 15.
32; 0.
33; 0.
34; 0.
35; 0.
36; 0.
37; 0.
38; 0.
39; 0.
40; 0.
41; 0.
42; 0.
43; 0.
44; 0.
45; 15.
46; 3.
47; 0.
48; 0.
49; 0.
50; 0.
51; 0.
52; 0.
53; 0.
54; 15.
55; 4.
56; 0.
57; 0.
================================================================================
Generation 4

--------------------------------------------------------------------------------
Selection

0; 24
1; 11
2; 7
3; 41
4; 33
5; 15
6; 37
7; 34
8; 0
9; 49
10; 36
11; 47
12; 39
13; 19
14; 51
15; 11
16; 52
17; 39
18; 28
19; 47
20; 39
21; 33
22; 25
23; 16
24; 18
25; 7
26; 13
27; 28
28; 32
29; 26
30; 48
31; 10
32; 53
33; 42
34; 6
35; 43
36; 56
37; 37
38; 33
39; 53
--------------------------------------------------------------------------------
Crossover

0; 0; a(74,66) d(71) a(74,73) r(6,58)
1; 47; r(72,69) d(64) a(29,71)
2; 24; r(72,69) d(64) a(35,38)
3; 36; d(64) d(6) r(34,88) r(35,57)
4; 37; r(5,57) r(69,62) a(34,90) d(67)
5; 49; d(6) r(73,44) a(66,40)
6; 39; r(5,57) r(69,62) a(34,90) r(34,39)
7; 48; r(5,57) r(69,62) a(34,90) r(34,50)
8; 43, 11; d(66) d(65) r(29,63)
9; 43, 11; d(66) d(6) d(6) d(65) a(64,49)
10; 43; d(66) d(6) d(65) a(64,49)
11; 11; d(66) d(6) d(65) r(29,63)
12; 33, 51; r(6,38) r(64,62) d(34)
13; 33, 51; d(6) r(64,62) d(34) r(29,39) r(5,63)
14; 33; r(6,38) r(64,62) d(34) r(5,63)
15; 51; d(6) r(64,62) d(34) r(29,39)
16; 39, 18; r(5,57) r(69,62) a(34,90) d(65) a(74,38) r(72,69)
17; 39, 18; a(65,74) r(34,39)
18; 39; r(5,57) r(69,62) a(34,90) r(34,39)
19; 18; a(65,74) d(65) a(74,38) r(72,69)
20; 26; d(6) d(72) r(69,66) a(34,90)
21; 13; a(6,47) r(35,70) r(65,76)
22; 53, 34; d(6) d(72) a(71,104) d(69)
23; 53, 34; r(6,38) r(67,90) r(73,44) a(67,74)
24; 53; d(6) r(73,44) a(67,74)
25; 34; r(6,38) r(67,90) d(72) a(71,104) d(69)
26; 47; r(72,69) d(64) a(29,71)
27; 19; a(6,47) d(65) a(64,45) r(72,67)
28; 32; r(6,38) r(64,62) d(5) a(29,47)
29; 33; r(6,38) r(64,62) d(34) r(5,63)
30; 25; r(72,69) d(64) a(6,50)
31; 53; d(6) r(73,44) a(67,74)
32; 7; r(66,71) r(5,41) d(65) r(72,99)
33; 6; r(6,38) a(67,71) d(6) d(35) r(65,104)
34; 10, 56; d(6) d(5) r(69,72)
35; 10, 56; a(65,74) d(65) r(73,44) d(72)
36; 10; d(6) r(73,44) d(72)
37; 56; a(65,74) d(65) d(5) r(69,72)
38; 16; a(65,74) a(64,49) d(5) d(65)
39; 28; d(6) d(67) d(65) r(66,43)
40; 7; r(66,71) r(5,41) d(65) r(72,99)
41; 37; r(5,57) r(69,62) a(34,90) d(67)
42; 28; d(6) d(67) d(65) r(66,43)
43; 11; d(66) d(6) d(65) r(29,63)
44; 15, 41; r(67,91) d(6) d(67) d(71) r(69,63)
45; 15, 41; d(66) d(71) d(34) d(6)
46; 15; r(67,91) d(71) d(34) d(6)
47; 41; d(66) d(6) d(67) d(71) r(69,63)
48; 39, 52; r(5,57) r(69,62) d(34) a(35,58)
49; 39, 52; r(6,38) r(64,62) a(34,90) r(34,39)
50; 39; r(5,57) r(69,62) a(34,90) r(34,39)
51; 52; r(6,38) r(64,62) d(34) a(35,58)
52; 42; d(6) d(67) d(71) a(34,67)
53; 33; r(6,38) r(64,62) d(34) r(5,63)
--------------------------------------------------------------------------------
Mutation

0; a(74,66) d(71) a(74,73) r(6,58) r(64,63)
1; r(72,69) d(64) a(29,71) a(29,42)
2; r(72,69) d(64) a(35,38) d(34)
3; d(64) d(6) r(34,88) r(35,57) a(5,42)
4; r(5,57) r(69,62) a(34,90) d(67) a(29,76)
5; d(6) r(73,44) a(66,40) a(29,51)
6; r(5,57) r(69,62) a(34,90) r(34,39) d(74)
7; r(5,57) r(69,62) a(34,90) r(34,50) r(72,67)
8; d(66) d(65) r(29,63) a(71,72)
9; d(66) d(6) d(6) d(65) a(64,49) r(64,73)
10; d(66) d(6) d(65) a(64,49) d(29)
11; d(66) d(6) d(65) r(29,63) r(71,55)
12; r(6,38) r(64,62) d(34) r(35,55)
13; d(6) r(64,62) d(34) r(29,39) r(5,63) a(35,55)
14; r(6,38) r(64,62) d(34) r(5,63) a(29,35)
15; d(6) r(64,62) d(34) r(29,39) r(5,43)
16; r(5,57) r(69,62) a(34,90) d(65) a(74,38) r(72,69) a(29,43)
17; a(65,74) r(34,39) a(74,45)
18; r(5,57) r(69,62) a(34,90) r(34,39) a(74,105)
19; a(65,74) d(65) a(74,38) r(72,69) d(5)
20; d(6) d(72) r(69,66) a(34,90) r(65,72)
21; a(6,47) r(35,70) r(65,76) r(71,105)
22; d(6) d(72) a(71,104) d(69) d(66)
23; r(6,38) r(67,90) r(73,44) a(67,74) d(72)
24; d(6) r(73,44) a(67,74) d(65)
25; r(6,38) r(67,90) d(72) a(71,104) d(69) a(35,46)
26; r(72,69) d(64) a(29,71) r(6,42)
27; a(6,47) d(65) a(64,45) r(72,67) r(71,88)
28; r(6,38) r(64,62) d(5) a(29,47) r(35,47)
29; r(6,38) r(64,62) d(34) r(5,63) a(29,58)
30; r(72,69) d(64) a(6,50) a(35,67)
31; d(6) r(73,44) a(67,74) r(66,63)
32; r(66,71) r(5,41) d(65) r(72,99) r(69,40)
33; r(6,38) a(67,71) d(6) d(35) r(65,104) r(69,71)
34; d(6) d(5) r(69,72) r(64,69)
35; a(65,74) d(65) r(73,44) d(72) r(34,54)
36; d(6) r(73,44) d(72) a(74,74)
37; a(65,74) d(65) d(5) r(69,72) r(73,104)
38; a(65,74) a(64,49) d(5) d(65) a(69,37)
39; d(6) d(67) d(65) r(66,43) d(64)
40; r(66,71) r(5,41) d(65) r(72,99) a(64,49)
41; r(5,57) r(69,62) a(34,90) d(67) d(35)
42; d(6) d(67) d(65) r(66,43) d(69)
43; d(66) d(6) d(65) r(29,63) r(71,44)
44; r(67,91) d(6) d(67) d(71) r(69,63) r(64,88)
45; d(66) d(71) d(34) d(6) a(29,49)
46; r(67,91) d(71) d(34) d(6) a(64,38)
47; d(66) d(6) d(67) d(71) r(69,63) d(29)
48; r(5,57) r(69,62) d(34) a(35,58) a(67,55)
49; r(6,38) r(64,62) a(34,90) r(34,39) a(35,34)
50; r(5,57) r(69,62) a(34,90) r(34,39) d(72)
51; r(6,38) r(64,62) d(34) a(35,58) a(35,34)
52; d(6) d(67) d(71) a(34,67) r(72,90)
53; r(6,38) r(64,62) d(34) r(5,63) r(29,76)
--------------------------------------------------------------------------------
Evaluation

0; 0.
1; 15.
2; 0.
3; 0.
4; 15.
5; 0.
6; 0.
7; 0.
8; 0.
9; 0.
10; 0.
11; 0.
12; 0.
13; 0.
14; 0.
15; 0.
16; 0.
17; 1.
18; 0.
19; 0.
20; 0.
21; 0.
22; 0.
23; 0.
24; 0.
25; 0.
26; 15.
27; 0.
28; 0.
29; 0.
30; 0.
31; 0.
32; 0.
33; 0.
34; 0.
35; 15.
36; 0.
37; 0.
38; 15.
39; 0.
40; 0.
41; 0.
42; 0.
43; 0.
44; 0.
45; 0.
46; 0.
47; 0.
48; 0.
49; 0.
50; 0.
51; 0.
52; 0.
53; 15.
================================================================================
Generation 5

--------------------------------------------------------------------------------
Selection

0; 30
1; 51
2; 15
3; 10
4; 27
5; 14
6; 31
7; 15
8; 33
9; 31
10; 2
11; 46
12; 33
13; 39
14; 11
15; 19
16; 33
17; 23
18; 34
19; 6
20; 18
21; 50
22; 2
23; 3
24; 33
25; 36
26; 15
27; 40
28; 6
29; 0
30; 13
31; 7
32; 21
33; 8
34; 48
35; 42
36; 14
37; 3
38; 31
39; 7
--------------------------------------------------------------------------------
Crossover

0; 46, 42; r(67,91) d(67) d(65) r(66,43) d(69)
1; 46, 42; d(6) d(71) d(34) d(6) a(64,38)
2; 46; r(67,91) d(71) d(34) d(6) a(64,38)
3; 42; d(6) d(67) d(65) r(66,43) d(69)
4; 2, 23; r(72,69) d(64) a(35,38) r(73,44) a(67,74) d(72)
5; 2, 23; r(6,38) r(67,90) d(34)
6; 2; r(72,69) d(64) a(35,38) d(34)
7; 23; r(6,38) r(67,90) r(73,44) a(67,74) d(72)
8; 27; a(6,47) d(65) a(64,45) r(72,67) r(71,88)
9; 33; r(6,38) a(67,71) d(6) d(35) r(65,104) r(69,71)
10; 2, 33; r(72,69) d(64) a(35,38) d(34) a(67,71) d(6) d(35) r(65,104) r(69,71)
11; 2, 33; r(6,38)
12; 2; r(72,69) d(64) a(35,38) d(34)
13; 33; r(6,38) a(67,71) d(6) d(35) r(65,104) r(69,71)
14; 33; r(6,38) a(67,71) d(6) d(35) r(65,104) r(69,71)
15; 50; r(5,57) r(69,62) a(34,90) r(34,39) d(72)
16; 48, 10; r(5,57) r(69,62) d(34) a(35,58) a(67,55) d(29)
17; 48, 10; d(66) d(6) d(65) a(64,49)
18; 48; r(5,57) r(69,62) d(34) a(35,58) a(67,55)
19; 10; d(66) d(6) d(65) a(64,49) d(29)
20; 33; r(6,38) a(67,71) d(6) d(35) r(65,104) r(69,71)
21; 21; a(6,47) r(35,70) r(65,76) r(71,105)
22; 7; r(5,57) r(69,62) a(34,90) r(34,50) r(72,67)
23; 18; r(5,57) r(69,62) a(34,90) r(34,39) a(74,105)
24; 31, 30; d(6) r(73,44) a(67,74) r(66,63) d(64) a(6,50) a(35,67)
25; 31, 30; r(72,69)
26; 31; d(6) r(73,44) a(67,74) r(66,63)
27; 30; r(72,69) d(64) a(6,50) a(35,67)
28; 31, 3; d(6) r(73,44) a(67,74) r(34,88) r(35,57) a(5,42)
29; 31, 3; d(64) d(6) r(66,63)
30; 31; d(6) r(73,44) a(67,74) r(66,63)
31; 3; d(64) d(6) r(34,88) r(35,57) a(5,42)
32; 15; d(6) r(64,62) d(34) r(29,39) r(5,43)
33; 15; d(6) r(64,62) d(34) r(29,39) r(5,43)
34; 31, 6; d(6) a(34,90) r(34,39) d(74)
35; 31, 6; r(5,57) r(69,62) r(73,44) a(67,74) r(66,63)
36; 31; d(6) r(73,44) a(67,74) r(66,63)
37; 6; r(5,57) r(69,62) a(34,90) r(34,39) d(74)
38; 39; d(6) d(67) d(65) r(66,43) d(64)
39; 51; r(6,38) r(64,62) d(34) a(35,58) a(35,34)
40; 8, 40; d(66) d(65) r(29,63) a(71,72) d(65) r(72,99) a(64,49)
41; 8, 40; r(66,71) r(5,41)
42; 8; d(66) d(65) r(29,63) a(71,72)
43; 40; r(66,71) r(5,41) d(65) r(72,99) a(64,49)
44; 6; r(5,57) r(69,62) a(34,90) r(34,39) d(74)
45; 13; d(6) r(64,62) d(34) r(29,39) r(5,63) a(35,55)
46; 34, 36; d(6) a(74,74)
47; 34, 36; d(6) r(73,44) d(72) d(5) r(69,72) r(64,69)
48; 34; d(6) d(5) r(69,72) r(64,69)
49; 36; d(6) r(73,44) d(72) a(74,74)
50; 15; d(6) r(64,62) d(34) r(29,39) r(5,43)
51; 0; a(74,66) d(71) a(74,73) r(6,58) r(64,63)
52; 14; r(6,38) r(64,62) d(34) r(5,63) a(29,35)
53; 7; r(5,57) r(69,62) a(34,90) r(34,50) r(72,67)
54; 19; a(65,74) d(65) a(74,38) r(72,69) d(5)
55; 11; d(66) d(6) d(65) r(29,63) r(71,55)
56; 14, 3; r(6,38) r(64,62) d(34) a(5,42)
57; 14, 3; d(64) d(6) r(34,88) r(35,57) r(5,63) a(29,35)
58; 14; r(6,38) r(64,62) d(34) r(5,63) a(29,35)
59; 3; d(64) d(6) r(34,88) r(35,57) a(5,42)
--------------------------------------------------------------------------------
Mutation

0; r(67,91) d(67) d(65) r(66,43) d(69) d(74)
1; d(6) d(71) d(34) d(6) a(64,38) a(35,5)
2; r(67,91) d(71) d(34) d(6) a(64,38) d(29)
3; d(6) d(67) d(65) r(66,43) d(69) r(34,42)
4; r(72,69) d(64) a(35,38) r(73,44) a(67,74) d(72) d(6)
5; r(6,38) r(67,90) d(34) d(65)
6; r(72,69) d(64) a(35,38) d(34) r(35,37)
7; r(6,38) r(67,90) r(73,44) a(67,74) d(72) d(34)
8; a(6,47) d(65) a(64,45) r(72,67) r(71,88) a(64,105)
9; r(6,38) a(67,71) d(6) d(35) r(65,104) r(69,71) d(72)
10; r(72,69) d(64) a(35,38) d(34) a(67,71) d(6) d(35) r(65,104) r(69,71) a(29,55)
11; r(6,38) a(35,52)
12; r(72,69) d(64) a(35,38) d(34) a(35,52)
13; r(6,38) a(67,71) d(6) d(35) r(65,104) r(69,71) d(64)
14; r(6,38) a(67,71) d(6) d(35) r(65,104) r(69,71) r(67,76)
15; r(5,57) r(69,62) a(34,90) r(34,39) d(72) a(74,45)
16; r(5,57) r(69,62) d(34) a(35,58) a(67,55) d(29) r(73,90)
17; d(66) d(6) d(65) a(64,49) d(73)
18; r(5,57) r(69,62) d(34) a(35,58) a(67,55) r(72,70)
19; d(66) d(6) d(65) a(64,49) d(29) r(73,105)
20; r(6,38) a(67,71) d(6) d(35) r(65,104) r(69,71) r(64,99)
21; a(6,47) r(35,70) r(65,76) r(71,105) r(73,90)
22; r(5,57) r(69,62) a(34,90) r(34,50) r(72,67) a(29,50)
23; r(5,57) r(69,62) a(34,90) r(34,39) a(74,105) a(66,72)
24; d(6) r(73,44) a(67,74) r(66,63) d(64) a(6,50) a(35,67) a(29,56)
25; r(72,69) a(34,44)
26; d(6) r(73,44) a(67,74) r(66,63) r(5,44)
27; r(72,69) d(64) a(6,50) a(35,67) a(6,55)
28; d(6) r(73,44) a(67,74) r(34,88) r(35,57) a(5,42) d(74)
29; d(64) d(6) r(66,63) r(5,71)
30; d(6) r(73,44) a(67,74) r(66,63) d(5)
31; d(64) d(6) r(34,88) r(35,57) a(5,42) r(29,52)
32; d(6) r(64,62) d(34) r(29,39) r(5,43) d(35)
33; d(6) r(64,62) d(34) r(29,39) r(5,43) d(35)
34; d(6) a(34,90) r(34,39) d(74) d(35)
35; r(5,57) r(69,62) r(73,44) a(67,74) r(66,63) r(64,67)
36; d(6) r(73,44) a(67,74) r(66,63) d(35)
37; r(5,57) r(69,62) a(34,90) r(34,39) d(74) r(64,75)
38; d(6) d(67) d(65) r(66,43) d(64) d(34)
39; r(6,38) r(64,62) d(34) a(35,58) a(35,34) r(5,54)
40; d(66) d(65) r(29,63) a(71,72) d(65) r(72,99) a(64,49) d(71)
41; r(66,71) r(5,41) d(71)
42; d(66) d(65) r(29,63) a(71,72) r(6,52)
43; r(66,71) r(5,41) d(65) r(72,99) a(64,49) a(69,69)
44; r(5,57) r(69,62) a(34,90) r(34,39) d(74) a(64,49)
45; d(6) r(64,62) d(34) r(29,39) r(5,63) a(35,55) a(35,105)
46; d(6) a(74,74) d(72)
47; d(6) r(73,44) d(72) d(5) r(69,72) r(64,69) a(35,54)
48; d(6) d(5) r(69,72) r(64,69) a(29,43)
49; d(6) r(73,44) d(72) a(74,74) d(35)
50; d(6) r(64,62) d(34) r(29,39) r(5,43) a(35,39)
51; a(74,66) d(71) a(74,73) r(6,58) r(64,63) d(5)
52; r(6,38) r(64,62) d(34) r(5,63) a(29,35) d(35)
53; r(5,57) r(69,62) a(34,90) r(34,50) r(72,67) a(65,52)
54; a(65,74) d(65) a(74,38) r(72,69) d(5) r(73,57)
55; d(66) d(6) d(65) r(29,63) r(71,55) a(5,53)
56; r(6,38) r(64,62) d(34) a(5,42) d(29)
57; d(64) d(6) r(34,88) r(35,57) r(5,63) a(29,35) r(29,99)
58; r(6,38) r(64,62) d(34) r(5,63) a(29,35) r(35,47)
59; d(64) d(6) r(34,88) r(35,57) a(5,42) a(29,40)
--------------------------------------------------------------------------------
Evaluation

0; 0.
1; 0.
2; 0.
3; 0.
4; 0.
5; 0.
6; 15.
7; 0.
8; 0.
9; 0.
10; 0.
11; 0.
12; 0.
13; 0.
14; 0.
15; 0.
16; 0.
17; 0.
18; 15.
19; 0.
20; 0.
21; 0.
22; 0.
23; 0.
24; 0.
25; 15.
26; 15.
27; 0.
28; 0.
29; 0.
30; 15.
31; 0.
32; 0.
33; 0.
34; 0.
35; 0.
36; 0.
37; 0.
38; 0.
39; 0.
40; 0.
41; 3.
42; 0.
43; 0.
44; 0.
45; 0.
46; 0.
47; 15.
48; 0.
49; 0.
50; 0.
51; 0.
52; 0.
53; 0.
54; 0.
55; 0.
56; 0.
57; 0.
58; 0.
59; 0.
================================================================================
Generation 6

--------------------------------------------------------------------------------
Selection

0; 0
1; 22
2; 39
3; 11
4; 48
5; 14
6; 48
7; 17
8; 10
9; 35
10; 44
11; 35
12; 37
13; 46
14; 5
15; 50
16; 3
17; 32
18; 14
19; 54
20; 41
21; 13
22; 42
23; 57
24; 40
25; 7
26; 55
27; 42
28; 46
29; 17
30; 49
31; 9
32; 31
33; 55
34; 55
35; 19
36; 27
37; 57
38; 54
39; 40
--------------------------------------------------------------------------------
Crossover

0; 40, 57; d(66) d(65) r(29,63) a(71,72) d(65) r(29,99)
1; 40, 57; d(64) d(6) r(34,88) r(35,57) r(5,63) a(29,35) r(72,99) a(64,49) d(71)
2; 40; d(66) d(65) r(29,63) a(71,72) d(65) r(72,99) a(64,49) d(71)
3; 57; d(64) d(6) r(34,88) r(35,57) r(5,63) a(29,35) r(29,99)
4; 55; d(66) d(6) d(65) r(29,63) r(71,55) a(5,53)
5; 27; r(72,69) d(64) a(6,50) a(35,67) a(6,55)
6; 10; r(72,69) d(64) a(35,38) d(34) a(67,71) d(6) d(35) r(65,104) r(69,71) a(29,55)
7; 50; d(6) r(64,62) d(34) r(29,39) r(5,43) a(35,39)
8; 5, 32; r(6,38) r(5,43) d(35)
9; 5, 32; d(6) r(64,62) d(34) r(29,39) r(67,90) d(34) d(65)
10; 5; r(6,38) r(67,90) d(34) d(65)
11; 32; d(6) r(64,62) d(34) r(29,39) r(5,43) d(35)
12; 7; r(6,38) r(67,90) r(73,44) a(67,74) d(72) d(34)
13; 19; d(66) d(6) d(65) a(64,49) d(29) r(73,105)
14; 17, 41; d(66) d(6) d(65) d(71)
15; 17, 41; r(66,71) r(5,41) a(64,49) d(73)
16; 17; d(66) d(6) d(65) a(64,49) d(73)
17; 41; r(66,71) r(5,41) d(71)
18; 14, 54; r(6,38) a(67,71) d(6) d(35) r(65,104) r(69,71) r(67,76) r(72,69) d(5) r(73,57)
19; 14, 54; a(65,74) d(65) a(74,38)
20; 14; r(6,38) a(67,71) d(6) d(35) r(65,104) r(69,71) r(67,76)
21; 54; a(65,74) d(65) a(74,38) r(72,69) d(5) r(73,57)
22; 17; d(66) d(6) d(65) a(64,49) d(73)
23; 54; a(65,74) d(65) a(74,38) r(72,69) d(5) r(73,57)
24; 35; r(5,57) r(69,62) r(73,44) a(67,74) r(66,63) r(64,67)
25; 3; d(6) d(67) d(65) r(66,43) d(69) r(34,42)
26; 39; r(6,38) r(64,62) d(34) a(35,58) a(35,34) r(5,54)
27; 22; r(5,57) r(69,62) a(34,90) r(34,50) r(72,67) a(29,50)
28; 42, 11; d(66) d(65) r(29,63) a(71,72) a(35,52)
29; 42, 11; r(6,38) r(6,52)
30; 42; d(66) d(65) r(29,63) a(71,72) r(6,52)
31; 11; r(6,38) a(35,52)
32; 31, 49; d(64) d(6) d(72) a(74,74) d(35)
33; 31, 49; d(6) r(73,44) r(34,88) r(35,57) a(5,42) r(29,52)
34; 31; d(64) d(6) r(34,88) r(35,57) a(5,42) r(29,52)
35; 49; d(6) r(73,44) d(72) a(74,74) d(35)
36; 55; d(66) d(6) d(65) r(29,63) r(71,55) a(5,53)
37; 55; d(66) d(6) d(65) r(29,63) r(71,55) a(5,53)
38; 37, 35; r(5,57) r(69,62) a(34,90) r(66,63) r(64,67)
39; 37, 35; r(5,57) r(69,62) r(73,44) a(67,74) r(34,39) d(74) r(64,75)
40; 37; r(5,57) r(69,62) a(34,90) r(34,39) d(74) r(64,75)
41; 35; r(5,57) r(69,62) r(73,44) a(67,74) r(66,63) r(64,67)
42; 44; r(5,57) r(69,62) a(34,90) r(34,39) d(74) a(64,49)
43; 46; d(6) a(74,74) d(72)
44; 40, 9; d(66) d(35) r(65,104) r(69,71) d(72)
45; 40, 9; r(6,38) a(67,71) d(6) d(65) r(29,63) a(71,72) d(65) r(72,99) a(64,49) d(71)
46; 40; d(66) d(65) r(29,63) a(71,72) d(65) r(72,99) a(64,49) d(71)
47; 9; r(6,38) a(67,71) d(6) d(35) r(65,104) r(69,71) d(72)
48; 48, 0; d(6) d(5) r(69,72) r(64,69) a(29,43) d(65) r(66,43) d(69) d(74)
49; 48, 0; r(67,91) d(67)
50; 48; d(6) d(5) r(69,72) r(64,69) a(29,43)
51; 0; r(67,91) d(67) d(65) r(66,43) d(69) d(74)
52; 57; d(64) d(6) r(34,88) r(35,57) r(5,63) a(29,35) r(29,99)
53; 13; r(6,38) a(67,71) d(6) d(35) r(65,104) r(69,71) d(64)
54; 46; d(6) a(74,74) d(72)
55; 42; d(66) d(65) r(29,63) a(71,72) r(6,52)
56; 48; d(6) d(5) r(69,72) r(64,69) a(29,43)
57; 14; r(6,38) a(67,71) d(6) d(35) r(65,104) r(69,71) r(67,76)
--------------------------------------------------------------------------------
Mutation

0; d(66) d(65) r(29,63) a(71,72) d(65) r(29,99) r(72,44)
1; d(64) d(6) r(34,88) r(35,57) r(5,63) a(29,35) r(72,99) a(64,49) d(71) a(29,90)
2; d(66) d(65) r(29,63) a(71,72) d(65) r(72,99) a(64,49) d(71) r(35,36)
3; d(64) d(6) r(34,88) r(35,57) r(5,63) a(29,35) r(29,99)
4; d(66) d(6) d(65) r(29,63) r(71,55) a(5,53) r(69,44)
5; r(72,69) d(64) a(6,50) a(35,67) a(6,55) r(34,36)
6; r(72,69) d(64) a(35,38) d(34) a(67,71) d(6) d(35) r(65,104) r(69,71) a(29,55) a(5,91)
7; d(6) r(64,62) d(34) r(29,39) r(5,43) a(35,39) d(35)
8; r(6,38) r(5,43) d(35) a(34,67)
9; d(6) r(64,62) d(34) r(29,39) r(67,90) d(34) d(65) r(5,38)
10; r(6,38) r(67,90) d(34) d(65) d(72)
11; d(6) r(64,62) d(34) r(29,39) r(5,43) d(35)
12; r(6,38) r(67,90) r(73,44) a(67,74) d(72) d(34) a(71,104)
13; d(66) d(6) d(65) a(64,49) d(29) r(73,105) r(64,76)
14; d(66) d(6) d(65) d(71) a(5,70)
15; r(66,71) r(5,41) a(64,49) d(73) a(29,53)
16; d(66) d(6) d(65) a(64,49) d(73) r(74,49)
17; r(66,71) r(5,41) d(71) r(74,38)
18; r(6,38) a(67,71) d(6) d(35) r(65,104) r(69,71) r(67,76) r(72,69) d(5) r(73,57) r(34,41)
19; a(65,74) d(65) a(74,38) a(74,49)
20; r(6,38) a(67,71) d(6) d(35) r(65,104) r(69,71) r(67,76) d(74)
21; a(65,74) d(65) a(74,38) r(72,69) d(5) r(73,57) a(66,50)
22; d(66) d(6) d(65) a(64,49) d(73) a(64,40)
23; a(65,74) d(65) a(74,38) r(72,69) d(5) r(73,57) d(66)
24; r(5,57) r(69,62) r(73,44) a(67,74) r(66,63) r(64,67) a(34,71)
25; d(6) d(67) d(65) r(66,43) d(69) r(34,42) d(29)
26; r(6,38) r(64,62) d(34) a(35,58) a(35,34) r(5,54) r(29,62)
27; r(5,57) r(69,62) a(34,90) r(34,50) r(72,67) a(29,50) a(29,57)
28; d(66) d(65) r(29,63) a(71,72) a(35,52) d(64)
29; r(6,38) r(6,52) r(29,47)
30; d(66) d(65) r(29,63) a(71,72) r(6,52) d(71)
31; r(6,38) a(35,52) a(72,34)
32; d(64) d(6) d(72) a(74,74) d(35) r(34,52)
33; d(6) r(73,44) r(34,88) r(35,57) a(5,42) r(29,52) a(65,34)
34; d(64) d(6) r(34,88) r(35,57) a(5,42) r(29,52) d(5)
35; d(6) r(73,44) d(72) a(74,74) d(35) a(74,37)
36; d(66) d(6) d(65) r(29,63) r(71,55) a(5,53) a(64,91)
37; d(66) d(6) d(65) r(29,63) r(71,55) a(5,53) r(73,64)
38; r(5,57) r(69,62) a(34,90) r(66,63) r(64,67) d(34)
39; r(5,57) r(69,62) r(73,44) a(67,74) r(34,39) d(74) r(64,75) a(35,43)
40; r(5,57) r(69,62) a(34,90) r(34,39) d(74) r(64,75) d(35)
41; r(5,57) r(69,62) r(73,44) a(67,74) r(66,63) r(64,67) r(34,57)
42; r(5,57) r(69,62) a(34,90) r(34,39) d(74) a(64,49) d(64)
43; d(6) a(74,74) d(72) a(34,58)
44; d(66) d(35) r(65,104) r(69,71) d(72) d(34)
45; r(6,38) a(67,71) d(6) d(65) r(29,63) a(71,72) d(65) r(72,99) a(64,49) d(71) d(64)
46; d(66) d(65) r(29,63) a(71,72) d(65) r(72,99) a(64,49) d(71) d(64)
47; r(6,38) a(67,71) d(6) d(35) r(65,104) r(69,71) d(72) d(73)
48; d(6) d(5) r(69,72) r(64,69) a(29,43) d(65) r(66,43) d(69) d(74) d(29)
49; r(67,91) d(67) r(69,73)
50; d(6) d(5) r(69,72) r(64,69) a(29,43) a(29,49)
51; r(67,91) d(67) d(65) r(66,43) d(69) d(74) r(72,65)
52; d(64) d(6) r(34,88) r(35,57) r(5,63) a(29,35) r(29,99)
53; r(6,38) a(67,71) d(6) d(35) r(65,104) r(69,71) d(64) d(29)
54; d(6) a(74,74) d(72) d(73)
55; d(66) d(65) r(29,63) a(71,72) r(6,52) r(64,34)
56; d(6) d(5) r(69,72) r(64,69) a(29,43) r(35,105)
57; r(6,38) a(67,71) d(6) d(35) r(65,104) r(69,71) r(67,76) d(66)
--------------------------------------------------------------------------------
Evaluation

0; 15.
1; 0.
2; 0.
3; 0.
4; 0.
5; 15.
6; 0.
7; 0.
8; 5.
9; 0.
10; 0.
11; 0.
12; 0.
13; 0.
14; 0.
15; 15.
16; 0.
17; 15.
18; 15.
19; 0.
20; 0.
21; 0.
22; 0.
23; 0.
24; 0.
25; 0.
26; 0.
27; 0.
28; 0.
29; 0.
30; 0.
31; 0.
32; 0.
33; 0.
34; 15.
35; 0.
36; 0.
37; 0.
38; 0.
39; 0.
40; 0.
41; 0.
42; 0.
43; 0.
44; 15.
45; 0.
46; 0.
47; 0.
48; 0.
49; 0.
50; 0.
51; 0.
52; 0.
53; 0.
54; 0.
55; 0.
56; 0.
57; 0.
================================================================================
Generation 7

--------------------------------------------------------------------------------
Selection

0; 57
1; 1
2; 10
3; 21
4; 32
5; 37
6; 45
7; 49
8; 45
9; 19
10; 35
11; 47
12; 38
13; 46
14; 13
15; 20
16; 38
17; 51
18; 25
19; 27
20; 27
21; 54
22; 40
23; 10
24; 47
25; 29
26; 28
27; 16
28; 26
29; 30
30; 9
31; 13
32; 14
33; 40
34; 35
35; 49
36; 23
37; 57
38; 46
39; 38
--------------------------------------------------------------------------------
Crossover

0; 46, 21; d(66)
1; 46, 21; a(65,74) d(65) a(74,38) r(72,69) d(5) r(73,57) a(66,50) d(65) r(29,63) a(71,72) d(65) r(72,99) a(64,49) d(71) d(64)
2; 46; d(66) d(65) r(29,63) a(71,72) d(65) r(72,99) a(64,49) d(71) d(64)
3; 21; a(65,74) d(65) a(74,38) r(72,69) d(5) r(73,57) a(66,50)
4; 13, 45; d(66) d(6) d(65) a(64,49) d(71) d(64)
5; 13, 45; r(6,38) a(67,71) d(6) d(65) r(29,63) a(71,72) d(65) r(72,99) a(64,49) d(29) r(73,105) r(64,76)
6; 13; d(66) d(6) d(65) a(64,49) d(29) r(73,105) r(64,76)
7; 45; r(6,38) a(67,71) d(6) d(65) r(29,63) a(71,72) d(65) r(72,99) a(64,49) d(71) d(64)
8; 1; d(64) d(6) r(34,88) r(35,57) r(5,63) a(29,35) r(72,99) a(64,49) d(71) a(29,90)
9; 35; d(6) r(73,44) d(72) a(74,74) d(35) a(74,37)
10; 30; d(66) d(65) r(29,63) a(71,72) r(6,52) d(71)
11; 10; r(6,38) r(67,90) d(34) d(65) d(72)
12; 16, 40; d(66) d(6) d(65)
13; 16, 40; r(5,57) r(69,62) a(34,90) r(34,39) d(74) r(64,75) d(35) a(64,49) d(73) r(74,49)
14; 16; d(66) d(6) d(65) a(64,49) d(73) r(74,49)
15; 40; r(5,57) r(69,62) a(34,90) r(34,39) d(74) r(64,75) d(35)
16; 37; d(66) d(6) d(65) r(29,63) r(71,55) a(5,53) r(73,64)
17; 51; r(67,91) d(67) d(65) r(66,43) d(69) d(74) r(72,65)
18; 38; r(5,57) r(69,62) a(34,90) r(66,63) r(64,67) d(34)
19; 23; a(65,74) d(65) a(74,38) r(72,69) d(5) r(73,57) d(66)
20; 47; r(6,38) a(67,71) d(6) d(35) r(65,104) r(69,71) d(72) d(73)
21; 40; r(5,57) r(69,62) a(34,90) r(34,39) d(74) r(64,75) d(35)
22; 13; d(66) d(6) d(65) a(64,49) d(29) r(73,105) r(64,76)
23; 38; r(5,57) r(69,62) a(34,90) r(66,63) r(64,67) d(34)
24; 27; r(5,57) r(69,62) a(34,90) r(34,50) r(72,67) a(29,50) a(29,57)
25; 38; r(5,57) r(69,62) a(34,90) r(66,63) r(64,67) d(34)
26; 57; r(6,38) a(67,71) d(6) d(35) r(65,104) r(69,71) r(67,76) d(66)
27; 57; r(6,38) a(67,71) d(6) d(35) r(65,104) r(69,71) r(67,76) d(66)
28; 45, 9; r(6,38) r(67,90) d(34) d(65) r(5,38)
29; 45, 9; d(6) r(64,62) d(34) r(29,39) a(67,71) d(6) d(65) r(29,63) a(71,72) d(65) r(72,99) a(64,49) d(71) d(64)
30; 45; r(6,38) a(67,71) d(6) d(65) r(29,63) a(71,72) d(65) r(72,99) a(64,49) d(71) d(64)
31; 9; d(6) r(64,62) d(34) r(29,39) r(67,90) d(34) d(65) r(5,38)
32; 46, 28; d(66) r(29,63) a(71,72) a(35,52) d(64)
33; 46, 28; d(66) d(65) d(65) r(29,63) a(71,72) d(65) r(72,99) a(64,49) d(71) d(64)
34; 46; d(66) d(65) r(29,63) a(71,72) d(65) r(72,99) a(64,49) d(71) d(64)
35; 28; d(66) d(65) r(29,63) a(71,72) a(35,52) d(64)
36; 49, 10; r(67,91) d(67) r(69,73)
37; 49, 10; r(6,38) r(67,90) d(34) d(65) d(72)
38; 49; r(67,91) d(67) r(69,73)
39; 10; r(6,38) r(67,90) d(34) d(65) d(72)
40; 35, 32; d(6) r(73,44) d(72) a(74,74) d(35) r(34,52)
41; 35, 32; d(64) d(6) d(72) a(74,74) d(35) a(74,37)
42; 35; d(6) r(73,44) d(72) a(74,74) d(35) a(74,37)
43; 32; d(64) d(6) d(72) a(74,74) d(35) r(34,52)
44; 26, 19; r(6,38) r(64,62) d(34) a(35,58) a(35,34) r(5,54) r(29,62) a(74,38) a(74,49)
45; 26, 19; a(65,74) d(65)
46; 26; r(6,38) r(64,62) d(34) a(35,58) a(35,34) r(5,54) r(29,62)
47; 19; a(65,74) d(65) a(74,38) a(74,49)
48; 29, 14; r(6,38)
49; 29, 14; d(66) d(6) d(65) d(71) a(5,70) r(6,52) r(29,47)
50; 29; r(6,38) r(6,52) r(29,47)
51; 14; d(66) d(6) d(65) d(71) a(5,70)
52; 47, 27; r(6,38) a(67,71) d(6) d(35) r(65,104) r(69,71) d(72) r(69,62) a(34,90) r(34,50) r(72,67) a(29,50) a(29,57)
53; 47, 27; r(5,57) d(73)
54; 47; r(6,38) a(67,71) d(6) d(35) r(65,104) r(69,71) d(72) d(73)
55; 27; r(5,57) r(69,62) a(34,90) r(34,50) r(72,67) a(29,50) a(29,57)
56; 49; r(67,91) d(67) r(69,73)
57; 54; d(6) a(74,74) d(72) d(73)
58; 20; r(6,38) a(67,71) d(6) d(35) r(65,104) r(69,71) r(67,76) d(74)
59; 25; d(6) d(67) d(65) r(66,43) d(69) r(34,42) d(29)
--------------------------------------------------------------------------------
Mutation

0; d(66) r(72,99)
1; a(65,74) d(65) a(74,38) r(72,69) d(5) r(73,57) a(66,50) d(65) r(29,63) a(71,72) d(65) r(72,99) a(64,49) d(71) d(64) r(35,52)
2; d(66) d(65) r(29,63) a(71,72) d(65) r(72,99) a(64,49) d(71) d(64) d(6)
3; a(65,74) d(65) a(74,38) r(72,69) d(5) r(73,57) a(66,50) r(64,50)
4; d(66) d(6) d(65) a(64,49) d(71) d(64) d(34)
5; r(6,38) a(67,71) d(6) d(65) r(29,63) a(71,72) d(65) r(72,99) a(64,49) d(29) r(73,105) r(64,76) d(5)
6; d(66) d(6) d(65) a(64,49) d(29) r(73,105) r(64,76) d(35)
7; r(6,38) a(67,71) d(6) d(65) r(29,63) a(71,72) d(65) r(72,99) a(64,49) d(71) d(64) a(35,90)
8; d(64) d(6) r(34,88) r(35,57) r(5,63) a(29,35) r(72,99) a(64,49) d(71) a(29,90) d(29)
9; d(6) r(73,44) d(72) a(74,74) d(35) a(74,37) r(65,91)
10; d(66) d(65) r(29,63) a(71,72) r(6,52) d(71) d(64)
11; r(6,38) r(67,90) d(34) d(65) d(72) r(66,62)
12; d(66) d(6) d(65) d(74)
13; r(5,57) r(69,62) a(34,90) r(34,39) d(74) r(64,75) d(35) a(64,49) d(73) r(74,49) a(29,63)
14; d(66) d(6) d(65) a(64,49) d(73) r(74,49) d(35)
15; r(5,57) r(69,62) a(34,90) r(34,39) d(74) r(64,75) d(35) d(29)
16; d(66) d(6) d(65) r(29,63) r(71,55) a(5,53) r(73,64) d(5)
17; r(67,91) d(67) d(65) r(66,43) d(69) d(74) r(72,65) d(6)
18; r(5,57) r(69,62) a(34,90) r(66,63) r(64,67) d(34) r(29,40)
19; a(65,74) d(65) a(74,38) r(72,69) d(5) r(73,57) d(66) a(69,44)
20; r(6,38) a(67,71) d(6) d(35) r(65,104) r(69,71) d(72) d(73) d(66)
21; r(5,57) r(69,62) a(34,90) r(34,39) d(74) r(64,75) d(35) r(29,37)
22; d(66) d(6) d(65) a(64,49) d(29) r(73,105) r(64,76) a(35,62)
23; r(5,57) r(69,62) a(34,90) r(66,63) r(64,67) d(34) d(35)
24; r(5,57) r(69,62) a(34,90) r(34,50) r(72,67) a(29,50) a(29,57) r(65,34)
25; r(5,57) r(69,62) a(34,90) r(66,63) r(64,67) d(34) d(29)
26; r(6,38) a(67,71) d(6) d(35) r(65,104) r(69,71) r(67,76) d(66) a(72,71)
27; r(6,38) a(67,71) d(6) d(35) r(65,104) r(69,71) r(67,76) d(66) r(34,29)
28; r(6,38) r(67,90) d(34) d(65) r(5,38) r(29,51)
29; d(6) r(64,62) d(34) r(29,39) a(67,71) d(6) d(65) r(29,63) a(71,72) d(65) r(72,99) a(64,49) d(71) d(64) a(5,52)
30; r(6,38) a(67,71) d(6) d(65) r(29,63) a(71,72) d(65) r(72,99) a(64,49) d(71) d(64) r(35,51)
31; d(6) r(64,62) d(34) r(29,39) r(67,90) d(34) d(65) r(5,38) r(35,67)
32; d(66) r(29,63) a(71,72) a(35,52) d(64) d(5)
33; d(66) d(65) d(65) r(29,63) a(71,72) d(65) r(72,99) a(64,49) d(71) d(64) a(35,47)
34; d(66) d(65) r(29,63) a(71,72) d(65) r(72,99) a(64,49) d(71) d(64) a(35,42)
35; d(66) d(65) r(29,63) a(71,72) a(35,52) d(64) a(6,5)
36; r(67,91) d(67) r(69,73) a(65,71)
37; r(6,38) r(67,90) d(34) d(65) d(72) a(35,41)
38; r(67,91) d(67) r(69,73) a(72,64)
39; r(6,38) r(67,90) d(34) d(65) d(72) d(66)
40; d(6) r(73,44) d(72) a(74,74) d(35) r(34,52) d(74)
41; d(64) d(6) d(72) a(74,74) d(35) a(74,37) d(34)
42; d(6) r(73,44) d(72) a(74,74) d(35) a(74,37) r(69,66)
43; d(64) d(6) d(72) a(74,74) d(35) r(34,52) a(5,76)
44; r(6,38) r(64,62) d(34) a(35,58) a(35,34) r(5,54) r(29,62) a(74,38) a(74,49) a(35,76)
45; a(65,74) d(65) a(64,73)
46; r(6,38) r(64,62) d(34) a(35,58) a(35,34) r(5,54) r(29,62) a(35,71)
47; a(65,74) d(65) a(74,38) a(74,49) a(72,52)
48; r(6,38) a(71,104)
49; d(66) d(6) d(65) d(71) a(5,70) r(6,52) r(29,47) a(74,71)
50; r(6,38) r(6,52) r(29,47) a(35,71)
51; d(66) d(6) d(65) d(71) a(5,70) d(35)
52; r(6,38) a(67,71) d(6) d(35) r(65,104) r(69,71) d(72) r(69,62) a(34,90) r(34,50) r(72,67) a(29,50) a(29,57) r(64,69)
53; r(5,57) d(73) r(64,72)
54; r(6,38) a(67,71) d(6) d(35) r(65,104) r(69,71) d(72) d(73) a(29,51)
55; r(5,57) r(69,62) a(34,90) r(34,50) r(72,67) a(29,50) a(29,57) a(66,73)
56; r(67,91) d(67) r(69,73) r(72,63)
57; d(6) a(74,74) d(72) d(73) a(66,55)
58; r(6,38) a(67,71) d(6) d(35) r(65,104) r(69,71) r(67,76) d(74) d(5)
59; d(6) d(67) d(65) r(66,43) d(69) r(34,42) d(29) a(35,38)
--------------------------------------------------------------------------------
Evaluation

0; 15.
1; 0.
2; 0.
3; 0.
4; 0.
5; 0.
6; 0.
7; 0.
8; 0.
9; 0.
10; 0.
11; 0.
12; 0.
13; 0.
14; 0.
15; 0.
16; 3.
17; 0.
18; 0.
19; 15.
20; 0.
21; 15.
22; 0.
23; 0.
24; 0.
25; 0.
26; 0.
27; 0.
28; 0.
29; 0.
30; 0.
31; 0.
32; 0.
33; 0.
34; 15.
35; 0.
36; 0.
37; 0.
38; 0.
39; 0.
40; 0.
41; 0.
42; 0.
43; 0.
44; 15.
45; 0.
46; 0.
47; 0.
48; 0.
49; 0.
50; 0.
51; 0.
52; 0.
53; 0.
54; 0.
55; 0.
56; 0.
57; 0.
58; 0.
59; 0.
================================================================================
Generation 8

--------------------------------------------------------------------------------
Selection

0; 22
1; 57
2; 33
3; 52
4; 32
5; 48
6; 13
7; 47
8; 50
9; 22
10; 33
11; 27
12; 47
13; 51
14; 50
15; 35
16; 45
17; 23
18; 26
19; 15
20; 29
21; 14
22; 33
23; 55
24; 18
25; 51
26; 59
27; 39
28; 36
29; 35
30; 18
31; 11
32; 24
33; 55
34; 3
35; 59
36; 6
37; 57
38; 49
39; 36
--------------------------------------------------------------------------------
Crossover

0; 18, 22; r(5,57) r(69,62) a(34,90) r(66,63) r(64,67) d(34) r(29,40) r(64,76) a(35,62)
1; 18, 22; d(66) d(6) d(65) a(64,49) d(29) r(73,105)
2; 18; r(5,57) r(69,62) a(34,90) r(66,63) r(64,67) d(34) r(29,40)
3; 22; d(66) d(6) d(65) a(64,49) d(29) r(73,105) r(64,76) a(35,62)
4; 57, 57; d(6) a(74,74) d(72) d(73) a(66,55)
5; 57, 57; d(6) a(74,74) d(72) d(73) a(66,55)
6; 57; d(6) a(74,74) d(72) d(73) a(66,55)
7; 57; d(6) a(74,74) d(72) d(73) a(66,55)
8; 52, 35; r(6,38) a(67,71) d(6) d(35) r(65,104) r(69,71) d(72) r(69,62) a(34,90) r(34,50) r(72,67)
9; 52, 35; d(66) d(65) r(29,63) a(71,72) a(35,52) d(64) a(6,5) a(29,50) a(29,57) r(64,69)
10; 52; r(6,38) a(67,71) d(6) d(35) r(65,104) r(69,71) d(72) r(69,62) a(34,90) r(34,50) r(72,67) a(29,50) a(29,57) r(64,69)
11; 35; d(66) d(65) r(29,63) a(71,72) a(35,52) d(64) a(6,5)
12; 49; d(66) d(6) d(65) d(71) a(5,70) r(6,52) r(29,47) a(74,71)
13; 6; d(66) d(6) d(65) a(64,49) d(29) r(73,105) r(64,76) d(35)
14; 22; d(66) d(6) d(65) a(64,49) d(29) r(73,105) r(64,76) a(35,62)
15; 33; d(66) d(65) d(65) r(29,63) a(71,72) d(65) r(72,99) a(64,49) d(71) d(64) a(35,47)
16; 26; r(6,38) a(67,71) d(6) d(35) r(65,104) r(69,71) r(67,76) d(66) a(72,71)
17; 50; r(6,38) r(6,52) r(29,47) a(35,71)
18; 3; a(65,74) d(65) a(74,38) r(72,69) d(5) r(73,57) a(66,50) r(64,50)
19; 18; r(5,57) r(69,62) a(34,90) r(66,63) r(64,67) d(34) r(29,40)
20; 36, 13; r(67,91) d(67) r(69,73) a(65,71)
21; 36, 13; r(5,57) r(69,62) a(34,90) r(34,39) d(74) r(64,75) d(35) a(64,49) d(73) r(74,49) a(29,63)
22; 36; r(67,91) d(67) r(69,73) a(65,71)
23; 13; r(5,57) r(69,62) a(34,90) r(34,39) d(74) r(64,75) d(35) a(64,49) d(73) r(74,49) a(29,63)
24; 51; d(66) d(6) d(65) d(71) a(5,70) d(35)
25; 36; r(67,91) d(67) r(69,73) a(65,71)
26; 47; a(65,74) d(65) a(74,38) a(74,49) a(72,52)
27; 15; r(5,57) r(69,62) a(34,90) r(34,39) d(74) r(64,75) d(35) d(29)
28; 32, 29; d(66) r(29,63) a(71,72) a(35,52) d(64) a(5,52)
29; 32, 29; d(6) r(64,62) d(34) r(29,39) a(67,71) d(6) d(65) r(29,63) a(71,72) d(65) r(72,99) a(64,49) d(71) d(64) d(5)
30; 32; d(66) r(29,63) a(71,72) a(35,52) d(64) d(5)
31; 29; d(6) r(64,62) d(34) r(29,39) a(67,71) d(6) d(65) r(29,63) a(71,72) d(65) r(72,99) a(64,49) d(71) d(64) a(5,52)
32; 45, 48; a(65,74) d(65) a(64,73)
33; 45, 48; r(6,38) a(71,104)
34; 45; a(65,74) d(65) a(64,73)
35; 48; r(6,38) a(71,104)
36; 39, 55; r(6,38)
37; 39, 55; r(5,57) r(69,62) a(34,90) r(34,50) r(72,67) a(29,50) a(29,57) a(66,73) r(67,90) d(34) d(65) d(72) d(66)
38; 39; r(6,38) r(67,90) d(34) d(65) d(72) d(66)
39; 55; r(5,57) r(69,62) a(34,90) r(34,50) r(72,67) a(29,50) a(29,57) a(66,73)
40; 23, 24; r(5,57) r(69,62) a(34,90) r(66,63) r(64,67) d(34) r(72,67) a(29,50) a(29,57) r(65,34)
41; 23, 24; r(5,57) r(69,62) a(34,90) r(34,50) d(35)
42; 23; r(5,57) r(69,62) a(34,90) r(66,63) r(64,67) d(34) d(35)
43; 24; r(5,57) r(69,62) a(34,90) r(34,50) r(72,67) a(29,50) a(29,57) r(65,34)
44; 55; r(5,57) r(69,62) a(34,90) r(34,50) r(72,67) a(29,50) a(29,57) a(66,73)
45; 14; d(66) d(6) d(65) a(64,49) d(73) r(74,49) d(35)
46; 59; d(6) d(67) d(65) r(66,43) d(69) r(34,42) d(29) a(35,38)
47; 27; r(6,38) a(67,71) d(6) d(35) r(65,104) r(69,71) r(67,76) d(66) r(34,29)
48; 47; a(65,74) d(65) a(74,38) a(74,49) a(72,52)
49; 33; d(66) d(65) d(65) r(29,63) a(71,72) d(65) r(72,99) a(64,49) d(71) d(64) a(35,47)
50; 33, 59; d(66) d(65) d(65) r(29,63) a(71,72) d(65) r(72,99) a(64,49) d(71) d(64) d(29) a(35,38)
51; 33, 59; d(6) d(67) d(65) r(66,43) d(69) r(34,42) a(35,47)
52; 33; d(66) d(65) d(65) r(29,63) a(71,72) d(65) r(72,99) a(64,49) d(71) d(64) a(35,47)
53; 59; d(6) d(67) d(65) r(66,43) d(69) r(34,42) d(29) a(35,38)
54; 51, 50; d(66) d(6) d(65) d(71) a(5,70) d(35)
55; 51, 50; r(6,38) r(6,52) r(29,47) a(35,71)
56; 51; d(66) d(6) d(65) d(71) a(5,70) d(35)
57; 50; r(6,38) r(6,52) r(29,47) a(35,71)
58; 35, 11; d(66) d(65) r(29,63) a(71,72) a(35,52) d(64) a(6,5) r(67,90) d(34) d(65) d(72) r(66,62)
59; 35, 11; r(6,38)
60; 35; d(66) d(65) r(29,63) a(71,72) a(35,52) d(64) a(6,5)
61; 11; r(6,38) r(67,90) d(34) d(65) d(72) r(66,62)
--------------------------------------------------------------------------------
Mutation

0; r(5,57) r(69,62) a(34,90) r(66,63) r(64,67) d(34) r(29,40) r(64,76) a(35,62) a(35,54)
1; d(66) d(6) d(65) a(64,49) d(29) r(73,105) r(72,38)
2; r(5,57) r(69,62) a(34,90) r(66,63) r(64,67) d(34) r(29,40) d(35)
3; d(66) d(6) d(65) a(64,49) d(29) r(73,105) r(64,76) a(35,62) r(5,50)
4; d(6) a(74,74) d(72) d(73) a(66,55) r(69,76)
5; d(6) a(74,74) d(72) d(73) a(66,55) a(35,67)
6; d(6) a(74,74) d(72) d(73) a(66,55) a(64,45)
7; d(6) a(74,74) d(72) d(73) a(66,55) r(35,44)
8; r(6,38) a(67,71) d(6) d(35) r(65,104) r(69,71) d(72) r(69,62) a(34,90) r(34,50) r(72,67) r(66,71)
9; d(66) d(65) r(29,63) a(71,72) a(35,52) d(64) a(6,5) a(29,50) a(29,57) r(64,69) a(6,41)
10; r(6,38) a(67,71) d(6) d(35) r(65,104) r(69,71) d(72) r(69,62) a(34,90) r(34,50) r(72,67) a(29,50) a(29,57) r(64,69) a(29,105)
11; d(66) d(65) r(29,63) a(71,72) a(35,52) d(64) a(6,5) r(6,53)
12; d(66) d(6) d(65) d(71) a(5,70) r(6,52) r(29,47) a(74,71) a(64,69)
13; d(66) d(6) d(65) a(64,49) d(29) r(73,105) r(64,76) d(35) a(5,38)
14; d(66) d(6) d(65) a(64,49) d(29) r(73,105) r(64,76) a(35,62) d(5)
15; d(66) d(65) d(65) r(29,63) a(71,72) d(65) r(72,99) a(64,49) d(71) d(64) a(35,47) a(5,53)
16; r(6,38) a(67,71) d(6) d(35) r(65,104) r(69,71) r(67,76) d(66) a(72,71) a(73,34)
17; r(6,38) r(6,52) r(29,47) a(35,71) a(67,55)
18; a(65,74) d(65) a(74,38) r(72,69) d(5) r(73,57) a(66,50) r(64,50) a(35,63)
19; r(5,57) r(69,62) a(34,90) r(66,63) r(64,67) d(34) r(29,40) a(35,91)
20; r(67,91) d(67) r(69,73) a(65,71) d(66)
21; r(5,57) r(69,62) a(34,90) r(34,39) d(74) r(64,75) d(35) a(64,49) d(73) r(74,49) a(29,63) a(29,53)
22; r(67,91) d(67) r(69,73) a(65,71) a(65,50)
23; r(5,57) r(69,62) a(34,90) r(34,39) d(74) r(64,75) d(35) a(64,49) d(73) r(74,49) a(29,63) d(29)
24; d(66) d(6) d(65) d(71) a(5,70) d(35) a(69,105)
25; r(67,91) d(67) r(69,73) a(65,71) a(64,76)
26; a(65,74) d(65) a(74,38) a(74,49) a(72,52) a(69,69)
27; r(5,57) r(69,62) a(34,90) r(34,39) d(74) r(64,75) d(35) d(29)
28; d(66) r(29,63) a(71,72) a(35,52) d(64) a(5,52) d(6)
29; d(6) r(64,62) d(34) r(29,39) a(67,71) d(6) d(65) r(29,63) a(71,72) d(65) r(72,99) a(64,49) d(71) d(64) d(5) d(35)
30; d(66) r(29,63) a(71,72) a(35,52) d(64) d(5) d(35)
31; d(6) r(64,62) d(34) r(29,39) a(67,71) d(6) d(65) r(29,63) a(71,72) d(65) r(72,99) a(64,49) d(71) d(64) a(5,52) a(35,88)
32; a(65,74) d(65) a(64,73) r(73,43)
33; r(6,38) a(71,104) r(71,75)
34; a(65,74) d(65) a(64,73) r(73,37)
35; r(6,38) a(71,104) r(35,88)
36; r(6,38) a(66,57)
37; r(5,57) r(69,62) a(34,90) r(34,50) r(72,67) a(29,50) a(29,57) a(66,73) r(67,90) d(34) d(65) d(72) d(66) a(73,71)
38; r(6,38) r(67,90) d(34) d(65) d(72) d(66) a(35,55)
39; r(5,57) r(69,62) a(34,90) r(34,50) r(72,67) a(29,50) a(29,57) a(66,73) a(74,55)
40; r(5,57) r(69,62) a(34,90) r(66,63) r(64,67) d(34) r(72,67) a(29,50) a(29,57) r(65,34) r(29,46)
41; r(5,57) r(69,62) a(34,90) r(34,50) d(35) r(74,71)
42; r(5,57) r(69,62) a(34,90) r(66,63) r(64,67) d(34) d(35) r(29,50)
43; r(5,57) r(69,62) a(34,90) r(34,50) r(72,67) a(29,50) a(29,57) r(65,34) r(29,45)
44; r(5,57) r(69,62) a(34,90) r(34,50) r(72,67) a(29,50) a(29,57) a(66,73) d(73)
45; d(66) d(6) d(65) a(64,49) d(73) r(74,49) d(35) r(64,38)
46; d(6) d(67) d(65) r(66,43) d(69) r(34,42) d(29) a(35,38) r(73,99)
47; r(6,38) a(67,71) d(6) d(35) r(65,104) r(69,71) r(67,76) d(66) r(34,29) a(74,69)
48; a(65,74) d(65) a(74,38) a(74,49) a(72,52) a(74,62)
49; d(66) d(65) d(65) r(29,63) a(71,72) d(65) r(72,99) a(64,49) d(71) d(64) a(35,47) r(35,36)
50; d(66) d(65) d(65) r(29,63) a(71,72) d(65) r(72,99) a(64,49) d(71) d(64) d(29) a(35,38) a(6,88)
51; d(6) d(67) d(65) r(66,43) d(69) r(34,42) a(35,47) r(5,63)
52; d(66) d(65) d(65) r(29,63) a(71,72) d(65) r(72,99) a(64,49) d(71) d(64) a(35,47) a(35,52)
53; d(6) d(67) d(65) r(66,43) d(69) r(34,42) d(29) a(35,38) r(73,52)
54; d(66) d(6) d(65) d(71) a(5,70) d(35) d(69)
55; r(6,38) r(6,52) r(29,47) a(35,71) a(72,72)
56; d(66) d(6) d(65) d(71) a(5,70) d(35) a(73,56)
57; r(6,38) r(6,52) r(29,47) a(35,71) d(69)
58; d(66) d(65) r(29,63) a(71,72) a(35,52) d(64) a(6,5) r(67,90) d(34) d(65) d(72) r(66,62) d(6)
59; r(6,38) d(5)
60; d(66) d(65) r(29,63) a(71,72) a(35,52) d(64) a(6,5) r(35,90)
61; r(6,38) r(67,90) d(34) d(65) d(72) r(66,62) d(5)
--------------------------------------------------------------------------------
Evaluation

0; 15.
1; 0.
2; 0.
3; 0.
4; 0.
5; 0.
6; 0.
7; 0.
8; 0.
9; 0.
10; 0.
11; 0.
12; 0.
13; 0.
14; 0.
15; 0.
16; 0.
17; 0.
18; 0.
19; 15.
20; 0.
21; 0.
22; 0.
23; 0.
24; 0.
25; 0.
26; 0.
27; 0.
28; 0.
29; 0.
30; 0.
31; 0.
32; 0.
33; 0.
34; 15.
35; 0.
36; 0.
37; 0.
38; 0.
39; 0.
40; 0.
41; 0.
42; 0.
43; 0.
44; 0.
45; 0.
46; 0.
47; 0.
48; 0.
49; 0.
50; 0.
51; 0.
52; 0.
53; 0.
54; 0.
55; 0.
56; 0.
57; 0.
58; 0.
59; 5.
60; 0.
61; 0.
================================================================================
Generation 9

--------------------------------------------------------------------------------
Selection

0; 16
1; 2
2; 48
3; 21
4; 44
5; 1
6; 16
7; 10
8; 20
9; 60
10; 29
11; 23
12; 23
13; 8
14; 37
15; 1
16; 18
17; 61
18; 53
19; 57
20; 4
21; 30
22; 48
23; 38
24; 46
25; 50
26; 24
27; 51
28; 39
29; 41
30; 20
31; 58
32; 15
33; 15
34; 40
35; 45
36; 38
37; 4
38; 24
39; 9
--------------------------------------------------------------------------------
Crossover

0; 29; d(6) r(64,62) d(34) r(29,39) a(67,71) d(6) d(65) r(29,63) a(71,72) d(65) r(72,99) a(64,49) d(71) d(64) d(5) d(35)
1; 30; d(66) r(29,63) a(71,72) a(35,52) d(64) d(5) d(35)
2; 16; r(6,38) a(67,71) d(6) d(35) r(65,104) r(69,71) r(67,76) d(66) a(72,71) a(73,34)
3; 16; r(6,38) a(67,71) d(6) d(35) r(65,104) r(69,71) r(67,76) d(66) a(72,71) a(73,34)
4; 38; r(6,38) r(67,90) d(34) d(65) d(72) d(66) a(35,55)
5; 9; d(66) d(65) r(29,63) a(71,72) a(35,52) d(64) a(6,5) a(29,50) a(29,57) r(64,69) a(6,41)
6; 48, 58; a(65,74) d(65) a(74,38) a(74,49) a(72,52) a(74,62) r(29,63) a(71,72) a(35,52) d(64) a(6,5) r(67,90) d(34) d(65) d(72) r(66,62) d(6)
7; 48, 58; d(66) d(65)
8; 48; a(65,74) d(65) a(74,38) a(74,49) a(72,52) a(74,62)
9; 58; d(66) d(65) r(29,63) a(71,72) a(35,52) d(64) a(6,5) r(67,90) d(34) d(65) d(72) r(66,62) d(6)
10; 15, 41; d(66) d(65) d(65) r(29,63) a(71,72) d(65) r(72,99) a(64,49) a(34,90) r(34,50) d(35) r(74,71)
11; 15, 41; r(5,57) r(69,62) d(71) d(64) a(35,47) a(5,53)
12; 15; d(66) d(65) d(65) r(29,63) a(71,72) d(65) r(72,99) a(64,49) d(71) d(64) a(35,47) a(5,53)
13; 41; r(5,57) r(69,62) a(34,90) r(34,50) d(35) r(74,71)
14; 4; d(6) a(74,74) d(72) d(73) a(66,55) r(69,76)
15; 24; d(66) d(6) d(65) d(71) a(5,70) d(35) a(69,105)
16; 4; d(6) a(74,74) d(72) d(73) a(66,55) r(69,76)
17; 21; r(5,57) r(69,62) a(34,90) r(34,39) d(74) r(64,75) d(35) a(64,49) d(73) r(74,49) a(29,63) a(29,53)
18; 46; d(6) d(67) d(65) r(66,43) d(69) r(34,42) d(29) a(35,38) r(73,99)
19; 20; r(67,91) d(67) r(69,73) a(65,71) d(66)
20; 23; r(5,57) r(69,62) a(34,90) r(34,39) d(74) r(64,75) d(35) a(64,49) d(73) r(74,49) a(29,63) d(29)
21; 38; r(6,38) r(67,90) d(34) d(65) d(72) d(66) a(35,55)
22; 53, 23; d(6) r(69,62) a(34,90) r(34,39) d(74) r(64,75) d(35) a(64,49) d(73) r(74,49) a(29,63) d(29)
23; 53, 23; r(5,57) d(67) d(65) r(66,43) d(69) r(34,42) d(29) a(35,38) r(73,52)
24; 53; d(6) d(67) d(65) r(66,43) d(69) r(34,42) d(29) a(35,38) r(73,52)
25; 23; r(5,57) r(69,62) a(34,90) r(34,39) d(74) r(64,75) d(35) a(64,49) d(73) r(74,49) a(29,63) d(29)
26; 18; a(65,74) d(65) a(74,38) r(72,69) d(5) r(73,57) a(66,50) r(64,50) a(35,63)
27; 60; d(66) d(65) r(29,63) a(71,72) a(35,52) d(64) a(6,5) r(35,90)
28; 8, 10; r(6,38) a(67,71) d(6) d(35) r(65,104) r(69,71) d(72) r(69,62) a(34,90) r(34,50) a(29,105)
29; 8, 10; r(6,38) a(67,71) d(6) d(35) r(65,104) r(69,71) d(72) r(69,62) a(34,90) r(34,50) r(72,67) a(29,50) a(29,57) r(64,69) r(72,67) r(66,71)
30; 8; r(6,38) a(67,71) d(6) d(35) r(65,104) r(69,71) d(72) r(69,62) a(34,90) r(34,50) r(72,67) r(66,71)
31; 10; r(6,38) a(67,71) d(6) d(35) r(65,104) r(69,71) d(72) r(69,62) a(34,90) r(34,50) r(72,67) a(29,50) a(29,57) r(64,69) a(29,105)
32; 40, 48; r(5,57) r(69,62) a(34,90) r(66,63) a(74,38) a(74,49) a(72,52) a(74,62)
33; 40, 48; a(65,74) d(65) r(64,67) d(34) r(72,67) a(29,50) a(29,57) r(65,34) r(29,46)
34; 40; r(5,57) r(69,62) a(34,90) r(66,63) r(64,67) d(34) r(72,67) a(29,50) a(29,57) r(65,34) r(29,46)
35; 48; a(65,74) d(65) a(74,38) a(74,49) a(72,52) a(74,62)
36; 20; r(67,91) d(67) r(69,73) a(65,71) d(66)
37; 45; d(66) d(6) d(65) a(64,49) d(73) r(74,49) d(35) r(64,38)
38; 51, 61; d(6) d(67) d(5)
39; 51, 61; r(6,38) r(67,90) d(34) d(65) d(72) r(66,62) d(65) r(66,43) d(69) r(34,42) a(35,47) r(5,63)
40; 51; d(6) d(67) d(65) r(66,43) d(69) r(34,42) a(35,47) r(5,63)
41; 61; r(6,38) r(67,90) d(34) d(65) d(72) r(66,62) d(5)
42; 1, 39; d(66) d(6) d(65) a(64,49) d(29) r(73,105) r(72,38) a(66,73) a(74,55)
43; 1, 39; r(5,57) r(69,62) a(34,90) r(34,50) r(72,67) a(29,50) a(29,57)
44; 1; d(66) d(6) d(65) a(64,49) d(29) r(73,105) r(72,38)
45; 39; r(5,57) r(69,62) a(34,90) r(34,50) r(72,67) a(29,50) a(29,57) a(66,73) a(74,55)
46; 50; d(66) d(65) d(65) r(29,63) a(71,72) d(65) r(72,99) a(64,49) d(71) d(64) d(29) a(35,38) a(6,88)
47; 1; d(66) d(6) d(65) a(64,49) d(29) r(73,105) r(72,38)
48; 37; r(5,57) r(69,62) a(34,90) r(34,50) r(72,67) a(29,50) a(29,57) a(66,73) r(67,90) d(34) d(65) d(72) d(66) a(73,71)
49; 2; r(5,57) r(69,62) a(34,90) r(66,63) r(64,67) d(34) r(29,40) d(35)
50; 24, 44; d(66) d(6) d(65) d(71) a(5,70) r(69,62) a(34,90) r(34,50) r(72,67) a(29,50) a(29,57) a(66,73) d(73)
51; 24, 44; r(5,57) d(35) a(69,105)
52; 24; d(66) d(6) d(65) d(71) a(5,70) d(35) a(69,105)
53; 44; r(5,57) r(69,62) a(34,90) r(34,50) r(72,67) a(29,50) a(29,57) a(66,73) d(73)
54; 57; r(6,38) r(6,52) r(29,47) a(35,71) d(69)
55; 15; d(66) d(65) d(65) r(29,63) a(71,72) d(65) r(72,99) a(64,49) d(71) d(64) a(35,47) a(5,53)
--------------------------------------------------------------------------------
Mutation

0; d(6) r(64,62) d(34) r(29,39) a(67,71) d(6) d(65) r(29,63) a(71,72) d(65) r(72,99) a(64,49) d(71) d(64) d(5) d(35)
1; d(66) r(29,63) a(71,72) a(35,52) d(64) d(5) d(35)
2; r(6,38) a(67,71) d(6) d(35) r(65,104) r(69,71) r(67,76) d(66) a(72,71) a(73,34) a(73,57)
3; r(6,38) a(67,71) d(6) d(35) r(65,104) r(69,71) r(67,76) d(66) a(72,71) a(73,34) r(29,63)
4; r(6,38) r(67,90) d(34) d(65) d(72) d(66) a(35,55) a(5,53)
5; d(66) d(65) r(29,63) a(71,72) a(35,52) d(64) a(6,5) a(29,50) a(29,57) r(64,69) a(6,41) d(5)
6; a(65,74) d(65) a(74,38) a(74,49) a(72,52) a(74,62) r(29,63) a(71,72) a(35,52) d(64) a(6,5) r(67,90) d(34) d(65) d(72) r(66,62) d(6) a(5,47)
7; d(66) d(65) d(35)
8; a(65,74) d(65) a(74,38) a(74,49) a(72,52) a(74,62) d(69)
9; d(66) d(65) r(29,63) a(71,72) a(35,52) d(64) a(6,5) r(67,90) d(34) d(65) d(72) r(66,62) d(6) r(5,45)
10; d(66) d(65) d(65) r(29,63) a(71,72) d(65) r(72,99) a(64,49) a(34,90) r(34,50) d(35) r(74,71) r(71,104)
11; r(5,57) r(69,62) d(71) d(64) a(35,47) a(5,53) d(34)
12; d(66) d(65) d(65) r(29,63) a(71,72) d(65) r(72,99) a(64,49) d(71) d(64) a(35,47) a(5,53) r(5,71)
13; r(5,57) r(69,62) a(34,90) r(34,50) d(35) r(74,71) a(64,73)
14; d(6) a(74,74) d(72) d(73) a(66,55) r(69,76) r(65,56)
15; d(66) d(6) d(65) d(71) a(5,70) d(35) a(69,105) d(69)
16; d(6) a(74,74) d(72) d(73) a(66,55) r(69,76) r(5,51)
17; r(5,57) r(69,62) a(34,90) r(34,39) d(74) r(64,75) d(35) a(64,49) d(73) r(74,49) a(29,63) a(29,53) a(29,49)
18; d(6) d(67) d(65) r(66,43) d(69) r(34,42) d(29) a(35,38) r(73,99) a(35,41)
19; r(67,91) d(67) r(69,73) a(65,71) d(66) a(34,62)
20; r(5,57) r(69,62) a(34,90) r(34,39) d(74) r(64,75) d(35) a(64,49) d(73) r(74,49) a(29,63) d(29)
21; r(6,38) r(67,90) d(34) d(65) d(72) d(66) a(35,55) d(69)
22; d(6) r(69,62) a(34,90) r(34,39) d(74) r(64,75) d(35) a(64,49) d(73) r(74,49) a(29,63) d(29) r(5,42)
23; r(5,57) d(67) d(65) r(66,43) d(69) r(34,42) d(29) a(35,38) r(73,52) d(72)
24; d(6) d(67) d(65) r(66,43) d(69) r(34,42) d(29) a(35,38) r(73,52) a(72,74)
25; r(5,57) r(69,62) a(34,90) r(34,39) d(74) r(64,75) d(35) a(64,49) d(73) r(74,49) a(29,63) d(29)
26; a(65,74) d(65) a(74,38) r(72,69) d(5) r(73,57) a(66,50) r(64,50) a(35,63) d(35)
27; d(66) d(65) r(29,63) a(71,72) a(35,52) d(64) a(6,5) r(35,90) r(5,50)
28; r(6,38) a(67,71) d(6) d(35) r(65,104) r(69,71) d(72) r(69,62) a(34,90) r(34,50) a(29,105) d(5)
29; r(6,38) a(67,71) d(6) d(35) r(65,104) r(69,71) d(72) r(69,62) a(34,90) r(34,50) r(72,67) a(29,50) a(29,57) r(64,69) r(72,67) r(66,71) a(5,34)
30; r(6,38) a(67,71) d(6) d(35) r(65,104) r(69,71) d(72) r(69,62) a(34,90) r(34,50) r(72,67) r(66,71) r(29,71)
31; r(6,38) a(67,71) d(6) d(35) r(65,104) r(69,71) d(72) r(69,62) a(34,90) r(34,50) r(72,67) a(29,50) a(29,57) r(64,69) a(29,105) a(5,63)
32; r(5,57) r(69,62) a(34,90) r(66,63) a(74,38) a(74,49) a(72,52) a(74,62) a(73,62)
33; a(65,74) d(65) r(64,67) d(34) r(72,67) a(29,50) a(29,57) r(65,34) r(29,46) d(35)
34; r(5,57) r(69,62) a(34,90) r(66,63) r(64,67) d(34) r(72,67) a(29,50) a(29,57) r(65,34) r(29,46) r(35,56)
35; a(65,74) d(65) a(74,38) a(74,49) a(72,52) a(74,62) d(73)
36; r(67,91) d(67) r(69,73) a(65,71) d(66) a(73,105)
37; d(66) d(6) d(65) a(64,49) d(73) r(74,49) d(35) r(64,38) d(34)
38; d(6) d(67) d(5) a(29,46)
39; r(6,38) r(67,90) d(34) d(65) d(72) r(66,62) d(65) r(66,43) d(69) r(34,42) a(35,47) r(5,63) a(64,52)
40; d(6) d(67) d(65) r(66,43) d(69) r(34,42) a(35,47) r(5,63) a(64,70)
41; r(6,38) r(67,90) d(34) d(65) d(72) r(66,62) d(5) d(69)
42; d(66) d(6) d(65) a(64,49) d(29) r(73,105) r(72,38) a(66,73) a(74,55) a(64,62)
43; r(5,57) r(69,62) a(34,90) r(34,50) r(72,67) a(29,50) a(29,57) r(29,105)
44; d(66) d(6) d(65) a(64,49) d(29) r(73,105) r(72,38) r(74,70)
45; r(5,57) r(69,62) a(34,90) r(34,50) r(72,67) a(29,50) a(29,57) a(66,73) a(74,55) d(74)
46; d(66) d(65) d(65) r(29,63) a(71,72) d(65) r(72,99) a(64,49) d(71) d(64) d(29) a(35,38) a(6,88) d(5)
47; d(66) d(6) d(65) a(64,49) d(29) r(73,105) r(72,38) a(69,45)
48; r(5,57) r(69,62) a(34,90) r(34,50) r(72,67) a(29,50) a(29,57) a(66,73) r(67,90) d(34) d(65) d(72) d(66) a(73,71) r(29,70)
49; r(5,57) r(69,62) a(34,90) r(66,63) r(64,67) d(34) r(29,40) d(35)
50; d(66) d(6) d(65) d(71) a(5,70) r(69,62) a(34,90) r(34,50) r(72,67) a(29,50) a(29,57) a(66,73) d(73) r(5,43)
51; r(5,57) d(35) a(69,105) d(73)
52; d(66) d(6) d(65) d(71) a(5,70) d(35) a(69,105) a(5,67)
53; r(5,57) r(69,62) a(34,90) r(34,50) r(72,67) a(29,50) a(29,57) a(66,73) d(73) r(64,91)
54; r(6,38) r(6,52) r(29,47) a(35,71) d(69) r(35,38)
55; d(66) d(65) d(65) r(29,63) a(71,72) d(65) r(72,99) a(64,49) d(71) d(64) a(35,47) a(5,53) r(35,37)
--------------------------------------------------------------------------------
Evaluation

0; 0.
1; 0.
2; 0.
3; 0.
4; 0.
5; 0.
6; 0.
7; 15.
8; 0.
9; 0.
10; 0.
11; 0.
12; 0.
13; 0.
14; 0.
15; 0.
16; 0.
17; 0.
18; 0.
19; 0.
20; 0.
21; 0.
22; 15.
23; 0.
24; 0.
25; 0.
26; 0.
27; 0.
28; 0.
29; 0.
30; 0.
31; 0.
32; 0.
33; 15.
34; 15.
35; 0.
36; 0.
37; 0.
38; 5.
39; 0.
40; 0.
41; 0.
42; 0.
43; 0.
44; 0.
45; 0.
46; 0.
47; 0.
48; 0.
49; 0.
50; 0.
51; 15.
52; 0.
53; 0.
54; 0.
55; 15.
================================================================================
Generation 10

--------------------------------------------------------------------------------
Selection

0; 26
1; 14
2; 54
3; 19
4; 10
5; 2
6; 3
7; 2
8; 39
9; 28
10; 32
11; 13
12; 16
13; 48
14; 17
15; 15
16; 17
17; 36
18; 23
19; 36
20; 14
21; 8
22; 41
23; 39
24; 20
25; 52
26; 50
27; 17
28; 53
29; 48
30; 19
31; 1
32; 13
33; 25
34; 41
35; 41
36; 8
37; 42
38; 53
39; 47
--------------------------------------------------------------------------------
Crossover

0; 41, 16; r(6,38) r(67,90) d(73) a(66,55) r(69,76) r(5,51)
1; 41, 16; d(6) a(74,74) d(72) d(34) d(65) d(72) r(66,62) d(5) d(69)
2; 41; r(6,38) r(67,90) d(34) d(65) d(72) r(66,62) d(5) d(69)
3; 16; d(6) a(74,74) d(72) d(73) a(66,55) r(69,76) r(5,51)
4; 17, 8; r(5,57) r(69,62) a(34,90) r(34,39) d(74) r(64,75) d(35) a(64,49) d(73) r(74,49) a(74,38) a(74,49) a(72,52) a(74,62) d(69)
5; 17, 8; a(65,74) d(65) a(29,63) a(29,53) a(29,49)
6; 17; r(5,57) r(69,62) a(34,90) r(34,39) d(74) r(64,75) d(35) a(64,49) d(73) r(74,49) a(29,63) a(29,53) a(29,49)
7; 8; a(65,74) d(65) a(74,38) a(74,49) a(72,52) a(74,62) d(69)
8; 36; r(67,91) d(67) r(69,73) a(65,71) d(66) a(73,105)
9; 13; r(5,57) r(69,62) a(34,90) r(34,50) d(35) r(74,71) a(64,73)
10; 2; r(6,38) a(67,71) d(6) d(35) r(65,104) r(69,71) r(67,76) d(66) a(72,71) a(73,34) a(73,57)
11; 53; r(5,57) r(69,62) a(34,90) r(34,50) r(72,67) a(29,50) a(29,57) a(66,73) d(73) r(64,91)
12; 10, 54; d(66) r(29,47) a(35,71) d(69) r(35,38)
13; 10, 54; r(6,38) r(6,52) d(65) d(65) r(29,63) a(71,72) d(65) r(72,99) a(64,49) a(34,90) r(34,50) d(35) r(74,71) r(71,104)
14; 10; d(66) d(65) d(65) r(29,63) a(71,72) d(65) r(72,99) a(64,49) a(34,90) r(34,50) d(35) r(74,71) r(71,104)
15; 54; r(6,38) r(6,52) r(29,47) a(35,71) d(69) r(35,38)
16; 50, 17; d(66) d(6) d(65) d(71) a(5,70) r(69,62) a(34,90) r(34,50) r(72,67) a(29,50) a(29,57) a(66,73) d(73) r(5,43) r(74,49) a(29,63) a(29,53) a(29,49)
17; 50, 17; r(5,57) r(69,62) a(34,90) r(34,39) d(74) r(64,75) d(35) a(64,49) d(73)
18; 50; d(66) d(6) d(65) d(71) a(5,70) r(69,62) a(34,90) r(34,50) r(72,67) a(29,50) a(29,57) a(66,73) d(73) r(5,43)
19; 17; r(5,57) r(69,62) a(34,90) r(34,39) d(74) r(64,75) d(35) a(64,49) d(73) r(74,49) a(29,63) a(29,53) a(29,49)
20; 39, 26; r(6,38) r(67,90) d(34) d(65) d(72) r(66,62) d(65) a(74,38) r(72,69) d(5) r(73,57) a(66,50) r(64,50) a(35,63) d(35)
21; 39, 26; a(65,74) d(65) r(66,43) d(69) r(34,42) a(35,47) r(5,63) a(64,52)
22; 39; r(6,38) r(67,90) d(34) d(65) d(72) r(66,62) d(65) r(66,43) d(69) r(34,42) a(35,47) r(5,63) a(64,52)
23; 26; a(65,74) d(65) a(74,38) r(72,69) d(5) r(73,57) a(66,50) r(64,50) a(35,63) d(35)
24; 32, 20; r(5,57) r(69,62) a(34,90) r(66,63) a(74,38) a(29,63) d(29)
25; 32, 20; r(5,57) r(69,62) a(34,90) r(34,39) d(74) r(64,75) d(35) a(64,49) d(73) r(74,49) a(74,49) a(72,52) a(74,62) a(73,62)
26; 32; r(5,57) r(69,62) a(34,90) r(66,63) a(74,38) a(74,49) a(72,52) a(74,62) a(73,62)
27; 20; r(5,57) r(69,62) a(34,90) r(34,39) d(74) r(64,75) d(35) a(64,49) d(73) r(74,49) a(29,63) d(29)
28; 28, 8; r(6,38) a(67,71) d(6) d(35) r(65,104) r(69,71) d(72) r(69,62) d(69)
29; 28, 8; a(65,74) d(65) a(74,38) a(74,49) a(72,52) a(74,62) a(34,90) r(34,50) a(29,105) d(5)
30; 28; r(6,38) a(67,71) d(6) d(35) r(65,104) r(69,71) d(72) r(69,62) a(34,90) r(34,50) a(29,105) d(5)
31; 8; a(65,74) d(65) a(74,38) a(74,49) a(72,52) a(74,62) d(69)
32; 48; r(5,57) r(69,62) a(34,90) r(34,50) r(72,67) a(29,50) a(29,57) a(66,73) r(67,90) d(34) d(65) d(72) d(66) a(73,71) r(29,70)
33; 36; r(67,91) d(67) r(69,73) a(65,71) d(66) a(73,105)
34; 39; r(6,38) r(67,90) d(34) d(65) d(72) r(66,62) d(65) r(66,43) d(69) r(34,42) a(35,47) r(5,63) a(64,52)
35; 14; d(6) a(74,74) d(72) d(73) a(66,55) r(69,76) r(65,56)
36; 52, 17; d(66) d(6) d(65) d(35) a(64,49) d(73) r(74,49) a(29,63) a(29,53) a(29,49)
37; 52, 17; r(5,57) r(69,62) a(34,90) r(34,39) d(74) r(64,75) d(71) a(5,70) d(35) a(69,105) a(5,67)
38; 52; d(66) d(6) d(65) d(71) a(5,70) d(35) a(69,105) a(5,67)
39; 17; r(5,57) r(69,62) a(34,90) r(34,39) d(74) r(64,75) d(35) a(64,49) d(73) r(74,49) a(29,63) a(29,53) a(29,49)
40; 14; d(6) a(74,74) d(72) d(73) a(66,55) r(69,76) r(65,56)
41; 48; r(5,57) r(69,62) a(34,90) r(34,50) r(72,67) a(29,50) a(29,57) a(66,73) r(67,90) d(34) d(65) d(72) d(66) a(73,71) r(29,70)
42; 41; r(6,38) r(67,90) d(34) d(65) d(72) r(66,62) d(5) d(69)
43; 23; r(5,57) d(67) d(65) r(66,43) d(69) r(34,42) d(29) a(35,38) r(73,52) d(72)
44; 3; r(6,38) a(67,71) d(6) d(35) r(65,104) r(69,71) r(67,76) d(66) a(72,71) a(73,34) r(29,63)
45; 1; d(66) r(29,63) a(71,72) a(35,52) d(64) d(5) d(35)
46; 2; r(6,38) a(67,71) d(6) d(35) r(65,104) r(69,71) r(67,76) d(66) a(72,71) a(73,34) a(73,57)
47; 42; d(66) d(6) d(65) a(64,49) d(29) r(73,105) r(72,38) a(66,73) a(74,55) a(64,62)
48; 47; d(66) d(6) d(65) a(64,49) d(29) r(73,105) r(72,38) a(69,45)
49; 13; r(5,57) r(69,62) a(34,90) r(34,50) d(35) r(74,71) a(64,73)
50; 15, 25; d(66) d(29)
51; 15, 25; r(5,57) r(69,62) a(34,90) r(34,39) d(74) r(64,75) d(35) a(64,49) d(73) r(74,49) a(29,63) d(6) d(65) d(71) a(5,70) d(35) a(69,105) d(69)
52; 15; d(66) d(6) d(65) d(71) a(5,70) d(35) a(69,105) d(69)
53; 25; r(5,57) r(69,62) a(34,90) r(34,39) d(74) r(64,75) d(35) a(64,49) d(73) r(74,49) a(29,63) d(29)
54; 19, 53; r(67,91) d(67) r(69,73) a(65,71) d(66) a(34,62) r(72,67) a(29,50) a(29,57) a(66,73) d(73) r(64,91)
55; 19, 53; r(5,57) r(69,62) a(34,90) r(34,50)
56; 19; r(67,91) d(67) r(69,73) a(65,71) d(66) a(34,62)
57; 53; r(5,57) r(69,62) a(34,90) r(34,50) r(72,67) a(29,50) a(29,57) a(66,73) d(73) r(64,91)
58; 41; r(6,38) r(67,90) d(34) d(65) d(72) r(66,62) d(5) d(69)
59; 19; r(67,91) d(67) r(69,73) a(65,71) d(66) a(34,62)
--------------------------------------------------------------------------------
Mutation

0; r(6,38) r(67,90) d(73) a(66,55) r(69,76) r(5,51) r(64,72)
1; d(6) a(74,74) d(72) d(34) d(65) d(72) r(66,62) d(5) d(69) a(35,62)
2; r(6,38) r(67,90) d(34) d(65) d(72) r(66,62) d(5) d(69) a(35,51)
3; d(6) a(74,74) d(72) d(73) a(66,55) r(69,76) r(5,51) d(66)
4; r(5,57) r(69,62) a(34,90) r(34,39) d(74) r(64,75) d(35) a(64,49) d(73) r(74,49) a(74,38) a(74,49) a(72,52) a(74,62) d(69) r(29,71)
5; a(65,74) d(65) a(29,63) a(29,53) a(29,49) d(64)
6; r(5,57) r(69,62) a(34,90) r(34,39) d(74) r(64,75) d(35) a(64,49) d(73) r(74,49) a(29,63) a(29,53) a(29,49) d(29)
7; a(65,74) d(65) a(74,38) a(74,49) a(72,52) a(74,62) d(69) a(67,71)
8; r(67,91) d(67) r(69,73) a(65,71) d(66) a(73,105) r(73,37)
9; r(5,57) r(69,62) a(34,90) r(34,50) d(35) r(74,71) a(64,73) a(73,76)
10; r(6,38) a(67,71) d(6) d(35) r(65,104) r(69,71) r(67,76) d(66) a(72,71) a(73,34) a(73,57) r(5,37)
11; r(5,57) r(69,62) a(34,90) r(34,50) r(72,67) a(29,50) a(29,57) a(66,73) d(73) r(64,91) a(29,71)
12; d(66) r(29,47) a(35,71) d(69) r(35,38) d(72)
13; r(6,38) r(6,52) d(65) d(65) r(29,63) a(71,72) d(65) r(72,99) a(64,49) a(34,90) r(34,50) d(35) r(74,71) r(71,104) d(5)
14; d(66) d(65) d(65) r(29,63) a(71,72) d(65) r(72,99) a(64,49) a(34,90) r(34,50) d(35) r(74,71) r(71,104) d(6)
15; r(6,38) r(6,52) r(29,47) a(35,71) d(69) r(35,38) d(72)
16; d(66) d(6) d(65) d(71) a(5,70) r(69,62) a(34,90) r(34,50) r(72,67) a(29,50) a(29,57) a(66,73) d(73) r(5,43) r(74,49) a(29,63) a(29,53) a(29,49) d(64)
17; r(5,57) r(69,62) a(34,90) r(34,39) d(74) r(64,75) d(35) a(64,49) d(73) d(29)
18; d(66) d(6) d(65) d(71) a(5,70) r(69,62) a(34,90) r(34,50) r(72,67) a(29,50) a(29,57) a(66,73) d(73) r(5,43) a(35,91)
19; r(5,57) r(69,62) a(34,90) r(34,39) d(74) r(64,75) d(35) a(64,49) d(73) r(74,49) a(29,63) a(29,53) a(29,49) a(29,5)
20; r(6,38) r(67,90) d(34) d(65) d(72) r(66,62) d(65) a(74,38) r(72,69) d(5) r(73,57) a(66,50) r(64,50) a(35,63) d(35) r(29,40)
21; a(65,74) d(65) r(66,43) d(69) r(34,42) a(35,47) r(5,63) a(64,52) r(29,63)
22; r(6,38) r(67,90) d(34) d(65) d(72) r(66,62) d(65) r(66,43) d(69) r(34,42) a(35,47) r(5,63) a(64,52) r(73,55)
23; a(65,74) d(65) a(74,38) r(72,69) d(5) r(73,57) a(66,50) r(64,50) a(35,63) d(35) d(34)
24; r(5,57) r(69,62) a(34,90) r(66,63) a(74,38) a(29,63) d(29) a(65,43)
25; r(5,57) r(69,62) a(34,90) r(34,39) d(74) r(64,75) d(35) a(64,49) d(73) r(74,49) a(74,49) a(72,52) a(74,62) a(73,62) a(29,37)
26; r(5,57) r(69,62) a(34,90) r(66,63) a(74,38) a(74,49) a(72,52) a(74,62) a(73,62) r(73,40)
27; r(5,57) r(69,62) a(34,90) r(34,39) d(74) r(64,75) d(35) a(64,49) d(73) r(74,49) a(29,63) d(29)
28; r(6,38) a(67,71) d(6) d(35) r(65,104) r(69,71) d(72) r(69,62) d(69) d(67)
29; a(65,74) d(65) a(74,38) a(74,49) a(72,52) a(74,62) a(34,90) r(34,50) a(29,105) d(5) r(71,76)
30; r(6,38) a(67,71) d(6) d(35) r(65,104) r(69,71) d(72) r(69,62) a(34,90) r(34,50) a(29,105) d(5) d(73)
31; a(65,74) d(65) a(74,38) a(74,49) a(72,52) a(74,62) d(69) d(72)
32; r(5,57) r(69,62) a(34,90) r(34,50) r(72,67) a(29,50) a(29,57) a(66,73) r(67,90) d(34) d(65) d(72) d(66) a(73,71) r(29,70) d(74)
33; r(67,91) d(67) r(69,73) a(65,71) d(66) a(73,105) a(73,75)
34; r(6,38) r(67,90) d(34) d(65) d(72) r(66,62) d(65) r(66,43) d(69) r(34,42) a(35,47) r(5,63) a(64,52) d(74)
35; d(6) a(74,74) d(72) d(73) a(66,55) r(69,76) r(65,56) d(64)
36; d(66) d(6) d(65) d(35) a(64,49) d(73) r(74,49) a(29,63) a(29,53) a(29,49) r(29,46)
37; r(5,57) r(69,62) a(34,90) r(34,39) d(74) r(64,75) d(71) a(5,70) d(35) a(69,105) a(5,67) r(29,46)
38; d(66) d(6) d(65) d(71) a(5,70) d(35) a(69,105) a(5,67) d(29)
39; r(5,57) r(69,62) a(34,90) r(34,39) d(74) r(64,75) d(35) a(64,49) d(73) r(74,49) a(29,63) a(29,53) a(29,49) d(29)
40; d(6) a(74,74) d(72) d(73) a(66,55) r(69,76) r(65,56) d(29)
41; r(5,57) r(69,62) a(34,90) r(34,50) r(72,67) a(29,50) a(29,57) a(66,73) r(67,90) d(34) d(65) d(72) d(66) a(73,71) r(29,70) r(35,46)
42; r(6,38) r(67,90) d(34) d(65) d(72) r(66,62) d(5) d(69) d(73)
43; r(5,57) d(67) d(65) r(66,43) d(69) r(34,42) d(29) a(35,38) r(73,52) d(72) r(64,105)
44; r(6,38) a(67,71) d(6) d(35) r(65,104) r(69,71) r(67,76) d(66) a(72,71) a(73,34) r(29,63) d(74)
45; d(66) r(29,63) a(71,72) a(35,52) d(64) d(5) d(35)
46; r(6,38) a(67,71) d(6) d(35) r(65,104) r(69,71) r(67,76) d(66) a(72,71) a(73,34) a(73,57) r(64,40)
47; d(66) d(6) d(65) a(64,49) d(29) r(73,105) r(72,38) a(66,73) a(74,55) a(64,62) r(35,46)
48; d(66) d(6) d(65) a(64,49) d(29) r(73,105) r(72,38) a(69,45) a(64,56)
49; r(5,57) r(69,62) a(34,90) r(34,50) d(35) r(74,71) a(64,73) r(72,37)
50; d(66) d(29) r(71,64)
51; r(5,57) r(69,62) a(34,90) r(34,39) d(74) r(64,75) d(35) a(64,49) d(73) r(74,49) a(29,63) d(6) d(65) d(71) a(5,70) d(35) a(69,105) d(69) r(29,55)
52; d(66) d(6) d(65) d(71) a(5,70) d(35) a(69,105) d(69) a(72,38)
53; r(5,57) r(69,62) a(34,90) r(34,39) d(74) r(64,75) d(35) a(64,49) d(73) r(74,49) a(29,63) d(29)
54; r(67,91) d(67) r(69,73) a(65,71) d(66) a(34,62) r(72,67) a(29,50) a(29,57) a(66,73) d(73) r(64,91) d(34)
55; r(5,57) r(69,62) a(34,90) r(34,50) d(67)
56; r(67,91) d(67) r(69,73) a(65,71) d(66) a(34,62) r(5,43)
57; r(5,57) r(69,62) a(34,90) r(34,50) r(72,67) a(29,50) a(29,57) a(66,73) d(73) r(64,91) r(35,67)
58; r(6,38) r(67,90) d(34) d(65) d(72) r(66,62) d(5) d(69) r(35,50)
59; r(67,91) d(67) r(69,73) a(65,71) d(66) a(34,62) a(35,88)
--------------------------------------------------------------------------------
Evaluation

0; 0.
1; 0.
2; 0.
3; 0.
4; 0.
5; 0.
6; 15.
7; 0.
8; 15.
9; 0.
10; 15.
11; 0.
12; 0.
13; 0.
14; 0.
15; 0.
16; 0.
17; 0.
18; 0.
19; 0.
20; 0.
21; 0.
22; 0.
23; 0.
24; 0.
25; 0.
26; 0.
27; 0.
28; 0.
29; 0.
30; 0.
31; 0.
32; 0.
33; 0.
34; 0.
35; 0.
36; 0.
37; 15.
38; 0.
39; 15.
40; 0.
41; 0.
42; 0.
43; 0.
44; 0.
45; 0.
46; 0.
47; 0.
48; 0.
49; 15.
50; 3.
51; 0.
52; 0.
53; 0.
54; 0.
55; 0.
56; 0.
57; 0.
58; 0.
59; 0.
