================================================================================
Enclosure

1: 0
2: 1
3: 2
4: 3
7: 1
8: 7
10: 0
12: 0
14: 0
15: 0
16: 15
17: 15
22: 7
23: 1
24: 1
25: 0
26: 25
27: 25
28: 0
29: 28
30: 28
31: 28
32: 0
33: 0
34: 33
35: 33
36: 33
37: 0
38: 0
39: 38
40: 38
41: 40
42: 40
43: 40
44: 38
45: 0
46: 0
47: 0
48: 0
49: 0
50: 49
51: 49
52: 49
53: 52
54: 52
55: 52
56: 55
57: 56
60: 49
61: 49
62: 61
64: 49
65: 49
67: 0
69: 67
70: 0
72: 0
75: 49
76: 0
77: 0
78: 77
79: 77
80: 79
82: 77
83: 77
84: 83
85: 83
86: 77
87: 77
89: 0
90: 0
94: 0
95: 94
96: 94
97: 96
99: 94
100: 94
102: 0
105: 0
106: 0
107: 106
108: 107
110: 106
111: 110
112: 110
113: 106
114: 106
115: 0
116: 115
117: 115
118: 117
119: 117
120: 119
121: 119
122: 117
123: 115
124: 0
125: 0
126: 0
127: 126
128: 126
129: 126
130: 129
132: 126
133: 126
134: 133
135: 133
136: 126
138: 136
139: 126
140: 126
141: 126
142: 0
143: 142
144: 143
146: 142
147: 0
148: 0
149: 0
150: 0
151: 150
152: 150
153: 150
154: 150
155: 150
156: 155
158: 155
159: 150
160: 159
161: 159
162: 161
164: 159
165: 150
166: 165
167: 165
168: 167
169: 167
170: 165
171: 150
172: 150
173: 150
174: 173
176: 173
177: 150
178: 0
================================================================================
Initialisation

0; a(34,31); 4.
1; d(32); 0.
2; d(31); 0.
3; r(34,112); 4.
4; r(28,44); 0.
5; r(34,45); 4.
6; a(34,78); 4.
7; a(34,44); 4.
8; d(3); 12.
9; a(34,130); 4.
10; a(34,112); 4.
11; d(28); 0.
12; d(25); 4.
13; d(34); 4.
14; d(34); 4.
15; d(34); 4.
16; d(34); 4.
17; d(35); 4.
18; a(33,164); 4.
19; r(34,112); 4.
20; r(34,87); 4.
21; d(34); 4.
22; d(35); 4.
23; r(34,97); 4.
24; a(35,70); 4.
25; r(35,31); 4.
26; r(34,36); 4.
27; d(31); 0.
28; r(35,170); 4.
29; r(34,47); 4.
30; d(31); 0.
31; d(1); 4.
32; r(35,148); 4.
33; d(31); 0.
34; d(34); 4.
35; d(34); 4.
36; r(34,50); 4.
37; r(34,87); 4.
38; a(34,33); 4.
39; original; 4.
================================================================================
Generation 1

--------------------------------------------------------------------------------
Selection

0; 14
1; 20
2; 15
3; 15
4; 7
5; 11
6; 29
7; 21
8; 33
9; 11
10; 6
11; 17
12; 5
13; 27
14; 12
15; 18
16; 12
17; 4
18; 2
19; 26
20; 13
21; 14
22; 21
23; 6
24; 30
25; 0
26; 14
27; 39
28; 13
29; 28
30; 33
31; 22
32; 11
33; 33
34; 23
35; 29
36; 34
37; 2
38; 17
39; 13
--------------------------------------------------------------------------------
Crossover

0; 14, 6; d(34)
1; 14, 6; a(34,78)
2; 14; d(34)
3; 6; a(34,78)
4; 26, 22; r(34,36)
5; 26, 22; d(35)
6; 26; r(34,36)
7; 22; d(35)
8; 34; d(34)
9; 6; a(34,78)
10; 29; r(34,47)
11; 39; original
12; 13; d(34)
13; 2; d(31)
14; 4; r(28,44)
15; 18; a(33,164)
16; 15; d(34)
17; 7; a(34,44)
18; 33, 14; d(31)
19; 33, 14; d(34)
20; 33; d(31)
21; 14; d(34)
22; 14, 13; d(34)
23; 14, 13; d(34)
24; 14; d(34)
25; 13; d(34)
26; 21; d(34)
27; 17; d(35)
28; 0; a(34,31)
29; 12; d(25)
30; 28; r(35,170)
31; 15; d(34)
32; 13; d(34)
33; 2; d(31)
34; 17, 23; d(35)
35; 17, 23; r(34,97)
36; 17; d(35)
37; 23; r(34,97)
38; 12, 33; d(25)
39; 12, 33; d(31)
40; 12; d(25)
41; 33; d(31)
42; 11; d(28)
43; 29; r(34,47)
44; 27; d(31)
45; 5; r(34,45)
46; 21; d(34)
47; 11; d(28)
48; 20, 30; r(34,87)
49; 20, 30; d(31)
50; 20; r(34,87)
51; 30; d(31)
52; 11, 33; d(28)
53; 11, 33; d(31)
54; 11; d(28)
55; 33; d(31)
--------------------------------------------------------------------------------
Mutation

0; d(34) d(35)
1; a(34,78) d(25)
2; d(34) a(35,51)
3; a(34,78) d(31)
4; r(34,36) a(33,64)
5; d(35) a(34,130)
6; r(34,36) d(35)
7; d(35) r(25,1)
8; d(34) a(33,44)
9; a(34,78) a(2,28)
10; r(34,47) r(33,108)
11; r(28,64)
12; d(34) r(25,62)
13; d(31) r(35,82)
14; r(28,44) a(33,78)
15; a(33,164) a(35,138)
16; d(34) d(35)
17; a(34,44) a(34,54)
18; d(31) a(35,170)
19; d(34) r(35,83)
20; d(31) d(35)
21; d(34) d(35)
22; d(34) r(27,135)
23; d(34) r(35,82)
24; d(34) a(31,70)
25; d(34) r(3,94)
26; d(34) r(35,148)
27; d(35) r(25,31)
28; a(34,31) a(34,76)
29; d(25) a(34,34)
30; r(35,170) r(2,164)
31; d(34) a(35,64)
32; d(34) d(35)
33; d(31) a(3,86)
34; d(35) r(25,77)
35; r(34,97) r(35,158)
36; d(35) d(34)
37; r(34,97) r(35,28)
38; d(25) d(35)
39; d(31) a(35,52)
40; d(25) a(3,164)
41; d(31) r(1,177)
42; d(28) r(35,36)
43; r(34,47) r(25,77)
44; d(31) d(34)
45; r(34,45) a(35,38)
46; d(34) r(35,64)
47; d(28) d(2)
48; r(34,87) d(31)
49; d(31) a(34,48)
50; r(34,87) r(35,37)
51; d(31) d(34)
52; d(28) r(34,53)
53; d(31) r(35,87)
54; d(28) r(34,135)
55; d(31) r(34,37)
--------------------------------------------------------------------------------
Evaluation

0; 4.
1; 4.
2; 4.
3; 0.
4; 4.
5; 4.
6; 4.
7; 4.
8; 4.
9; 4.
10; 4.
11; 0.
12; 4.
13; 0.
14; 0.
15; 4.
16; 4.
17; 4.
18; 0.
19; 4.
20; 0.
21; 4.
22; 4.
23; 4.
24; 4.
25; 0.
26; 4.
27; 4.
28; 4.
29; 4.
30; 0.
31; 4.
32; 4.
33; 0.
34; 0.
35; 4.
36; 4.
37; 4.
38; 4.
39; 0.
40; 4.
41; 0.
42; 0.
43; 0.
44; 0.
45; 4.
46; 4.
47; 0.
48; 0.
49; 0.
50; 4.
51; 0.
52; 0.
53; 0.
54; 0.
55; 0.
================================================================================
Generation 2

--------------------------------------------------------------------------------
Selection

0; 47
1; 41
2; 10
3; 43
4; 6
5; 32
6; 33
7; 13
8; 28
9; 38
10; 50
11; 18
12; 4
13; 27
14; 0
15; 25
16; 14
17; 4
18; 23
19; 3
20; 27
21; 43
22; 14
23; 54
24; 33
25; 40
26; 20
27; 49
28; 54
29; 49
30; 1
31; 41
32; 13
33; 25
34; 4
35; 34
36; 46
37; 23
38; 41
39; 42
--------------------------------------------------------------------------------
Crossover

0; 25, 32; d(34)
1; 25, 32; d(34) d(35) r(3,94)
2; 25; d(34) r(3,94)
3; 32; d(34) d(35)
4; 41; d(31) r(1,177)
5; 6; r(34,36) d(35)
6; 1; a(34,78) d(25)
7; 14; r(28,44) a(33,78)
8; 13; d(31) r(35,82)
9; 33; d(31) a(3,86)
10; 43, 50; r(34,47)
11; 43, 50; r(34,87) r(35,37) r(25,77)
12; 43; r(34,47) r(25,77)
13; 50; r(34,87) r(35,37)
14; 10, 23; r(34,47)
15; 10, 23; d(34) r(35,82) r(33,108)
16; 10; r(34,47) r(33,108)
17; 23; d(34) r(35,82)
18; 49; d(31) a(34,48)
19; 43; r(34,47) r(25,77)
20; 47, 14; d(28) a(33,78)
21; 47, 14; r(28,44) d(2)
22; 47; d(28) d(2)
23; 14; r(28,44) a(33,78)
24; 20; d(31) d(35)
25; 4; r(34,36) a(33,64)
26; 38, 49; d(25)
27; 38, 49; d(31) a(34,48) d(35)
28; 38; d(25) d(35)
29; 49; d(31) a(34,48)
30; 25; d(34) r(3,94)
31; 33; d(31) a(3,86)
32; 23, 46; d(34) r(35,64)
33; 23, 46; d(34) r(35,82)
34; 23; d(34) r(35,82)
35; 46; d(34) r(35,64)
36; 54; d(28) r(34,135)
37; 41; d(31) r(1,177)
38; 28; a(34,31) a(34,76)
39; 54; d(28) r(34,135)
40; 42; d(28) r(35,36)
41; 13; d(31) r(35,82)
42; 4; r(34,36) a(33,64)
43; 41; d(31) r(1,177)
44; 40, 18; d(25) a(3,164) a(35,170)
45; 40, 18; d(31)
46; 40; d(25) a(3,164)
47; 18; d(31) a(35,170)
48; 4, 27; r(34,36) r(25,31)
49; 4, 27; d(35) a(33,64)
50; 4; r(34,36) a(33,64)
51; 27; d(35) r(25,31)
52; 34, 27; d(35)
53; 34, 27; d(35) r(25,31) r(25,77)
54; 34; d(35) r(25,77)
55; 27; d(35) r(25,31)
56; 3, 0; a(34,78) d(35)
57; 3, 0; d(34) d(31)
58; 3; a(34,78) d(31)
59; 0; d(34) d(35)
--------------------------------------------------------------------------------
Mutation

0; d(34) d(25)
1; d(34) d(35) r(3,94) r(1,54)
2; d(34) r(3,94) r(35,135)
3; d(34) d(35) d(28)
4; d(31) r(1,177) r(35,176)
5; r(34,36) d(35) r(28,78)
6; a(34,78) d(25) a(35,51)
7; r(28,44) a(33,78) d(34)
8; d(31) r(35,82) d(34)
9; d(31) a(3,86) a(35,170)
10; r(34,47) a(35,46)
11; r(34,87) r(35,37) r(25,77) r(31,84)
12; r(34,47) r(25,77) a(35,27)
13; r(34,87) r(35,37) a(2,64)
14; r(34,47) d(35)
15; d(34) r(35,82) r(33,108) a(2,38)
16; r(34,47) r(33,108) d(25)
17; d(34) r(35,82) d(32)
18; d(31) a(34,48) r(33,49)
19; r(34,47) r(25,77) a(1,177)
20; d(28) a(33,78) d(34)
21; r(28,44) d(2) a(35,134)
22; d(28) d(2) a(35,38)
23; r(28,44) a(33,78) r(35,138)
24; d(31) d(35) a(3,38)
25; r(34,36) a(33,64) a(35,64)
26; d(25) d(35)
27; d(31) a(34,48) d(35) d(3)
28; d(25) d(35) a(34,35)
29; d(31) a(34,48) r(34,54)
30; d(34) r(3,94) r(27,108)
31; d(31) a(3,86) r(2,178)
32; d(34) r(35,64) a(3,170)
33; d(34) r(35,82) a(2,31)
34; d(34) r(35,82) a(27,45)
35; d(34) r(35,64) r(3,96)
36; d(28) r(34,135) a(35,27)
37; d(31) r(1,177) r(35,99)
38; a(34,31) a(34,76) a(34,99)
39; d(28) r(34,135) r(3,158)
40; d(28) r(35,36) r(27,37)
41; d(31) r(35,82) r(34,36)
42; r(34,36) a(33,64) d(27)
43; d(31) r(1,177) a(35,50)
44; d(25) a(3,164) a(35,170) d(34)
45; d(31) d(35)
46; d(25) a(3,164) d(28)
47; d(31) a(35,170) a(35,25)
48; r(34,36) r(25,31) r(35,62)
49; d(35) a(33,64) r(31,70)
50; r(34,36) a(33,64) a(33,38)
51; d(35) r(25,31) d(34)
52; d(35) a(34,148)
53; d(35) r(25,31) r(25,77) r(34,78)
54; d(35) r(25,77) d(34)
55; d(35) r(25,31) r(34,83)
56; a(34,78) d(35) r(34,62)
57; d(34) d(31) a(35,69)
58; a(34,78) d(31) a(35,176)
59; d(34) d(35) d(31)
--------------------------------------------------------------------------------
Evaluation

0; 4.
1; 4.
2; 0.
3; 0.
4; 0.
5; 0.
6; 4.
7; 0.
8; 0.
9; 0.
10; 4.
11; 0.
12; 0.
13; 4.
14; 4.
15; 4.
16; 4.
17; 0.
18; 0.
19; 0.
20; 0.
21; 0.
22; 0.
23; 0.
24; 0.
25; 4.
26; 4.
27; 12.
28; 4.
29; 0.
30; 0.
31; 12.
32; 4.
33; 4.
34; 0.
35; 12.
36; 0.
37; 0.
38; 4.
39; 12.
40; 0.
41; 0.
42; 4.
43; 0.
44; 4.
45; 0.
46; 0.
47; 0.
48; 4.
49; 0.
50; 4.
51; 4.
52; 4.
53; 4.
54; 0.
55; 4.
56; 4.
57; 0.
58; 0.
59; 0.
================================================================================
Generation 3

--------------------------------------------------------------------------------
Selection

0; 20
1; 8
2; 3
3; 13
4; 20
5; 1
6; 29
7; 30
8; 53
9; 5
10; 7
11; 52
12; 50
13; 58
14; 2
15; 18
16; 12
17; 19
18; 21
19; 54
20; 37
21; 7
22; 22
23; 5
24; 36
25; 24
26; 7
27; 40
28; 11
29; 8
30; 22
31; 9
32; 46
33; 17
34; 58
35; 33
36; 30
37; 33
38; 18
39; 15
--------------------------------------------------------------------------------
Crossover

0; 53; d(35) r(25,31) r(25,77) r(34,78)
1; 5; r(34,36) d(35) r(28,78)
2; 54, 8; d(35) r(25,77) d(34) r(35,82) d(34)
3; 54, 8; d(31)
4; 54; d(35) r(25,77) d(34)
5; 8; d(31) r(35,82) d(34)
6; 22; d(28) d(2) a(35,38)
7; 9; d(31) a(3,86) a(35,170)
8; 33; d(34) r(35,82) a(2,31)
9; 8; d(31) r(35,82) d(34)
10; 13; r(34,87) r(35,37) a(2,64)
11; 46; d(25) a(3,164) d(28)
12; 30, 11; d(34) r(31,84)
13; 30, 11; r(34,87) r(35,37) r(25,77) r(3,94) r(27,108)
14; 30; d(34) r(3,94) r(27,108)
15; 11; r(34,87) r(35,37) r(25,77) r(31,84)
16; 7; r(28,44) a(33,78) d(34)
17; 58; a(34,78) d(31) a(35,176)
18; 50, 18; r(34,36) a(33,64) a(33,38) a(34,48) r(33,49)
19; 50, 18; d(31)
20; 50; r(34,36) a(33,64) a(33,38)
21; 18; d(31) a(34,48) r(33,49)
22; 30, 7; d(34) r(3,94) r(27,108)
23; 30, 7; r(28,44) a(33,78) d(34)
24; 30; d(34) r(3,94) r(27,108)
25; 7; r(28,44) a(33,78) d(34)
26; 5, 20; r(34,36) d(35) r(28,78) a(33,78) d(34)
27; 5, 20; d(28)
28; 5; r(34,36) d(35) r(28,78)
29; 20; d(28) a(33,78) d(34)
30; 22; d(28) d(2) a(35,38)
31; 12; r(34,47) r(25,77) a(35,27)
32; 7; r(28,44) a(33,78) d(34)
33; 20; d(28) a(33,78) d(34)
34; 52, 18; d(35) a(34,148) r(33,49)
35; 52, 18; d(31) a(34,48)
36; 52; d(35) a(34,148)
37; 18; d(31) a(34,48) r(33,49)
38; 2, 1; d(34) r(3,94) r(35,135) r(1,54)
39; 2, 1; d(34) d(35) r(3,94)
40; 2; d(34) r(3,94) r(35,135)
41; 1; d(34) d(35) r(3,94) r(1,54)
42; 17; d(34) r(35,82) d(32)
43; 29; d(31) a(34,48) r(34,54)
44; 36; d(28) r(34,135) a(35,27)
45; 19; r(34,47) r(25,77) a(1,177)
46; 58, 15; a(34,78) d(31) a(35,176) r(33,108) a(2,38)
47; 58, 15; d(34) r(35,82)
48; 58; a(34,78) d(31) a(35,176)
49; 15; d(34) r(35,82) r(33,108) a(2,38)
50; 40; d(28) r(35,36) r(27,37)
51; 3; d(34) d(35) d(28)
52; 24; d(31) d(35) a(3,38)
53; 21; r(28,44) d(2) a(35,134)
54; 37; d(31) r(1,177) r(35,99)
55; 33; d(34) r(35,82) a(2,31)
--------------------------------------------------------------------------------
Mutation

0; d(35) r(25,31) r(25,77) r(34,78) a(31,64)
1; r(34,36) d(35) r(28,78) r(25,100)
2; d(35) r(25,77) d(34) r(35,82) d(34) r(1,108)
3; d(31) r(35,46)
4; d(35) r(25,77) d(34) d(1)
5; d(31) r(35,82) d(34) a(33,105)
6; d(28) d(2) a(35,38) r(1,37)
7; d(31) a(3,86) a(35,170) d(34)
8; d(34) r(35,82) a(2,31) a(25,1)
9; d(31) r(35,82) d(34) a(3,51)
10; r(34,87) r(35,37) a(2,64) r(33,76)
11; d(25) a(3,164) d(28) r(34,37)
12; d(34) r(31,84) r(2,25)
13; r(34,87) r(35,37) r(25,77) r(3,94) r(27,108) d(1)
14; d(34) r(3,94) r(27,108) a(35,69)
15; r(34,87) r(35,37) r(25,77) r(31,84) a(32,64)
16; r(28,44) a(33,78) d(34) a(35,53)
17; a(34,78) d(31) a(35,176) a(32,135)
18; r(34,36) a(33,64) a(33,38) a(34,48) r(33,49) d(28)
19; d(31) d(34)
20; r(34,36) a(33,64) a(33,38) a(35,64)
21; d(31) a(34,48) r(33,49) a(1,49)
22; d(34) r(3,94) r(27,108) r(35,95)
23; r(28,44) a(33,78) d(34) r(35,46)
24; d(34) r(3,94) r(27,108) a(35,50)
25; r(28,44) a(33,78) d(34) r(2,170)
26; r(34,36) d(35) r(28,78) a(33,78) d(34) a(33,82)
27; d(28) d(35)
28; r(34,36) d(35) r(28,78) r(25,176)
29; d(28) a(33,78) d(34) a(32,38)
30; d(28) d(2) a(35,38) d(33)
31; r(34,47) r(25,77) a(35,27) r(28,47)
32; r(28,44) a(33,78) d(34) d(35)
33; d(28) a(33,78) d(34) d(27)
34; d(35) a(34,148) r(33,49) a(3,25)
35; d(31) a(34,48) d(35)
36; d(35) a(34,148) d(2)
37; d(31) a(34,48) r(33,49) d(25)
38; d(34) r(3,94) r(35,135) r(1,54) d(25)
39; d(34) d(35) r(3,94) a(27,38)
40; d(34) r(3,94) r(35,135) a(33,37)
41; d(34) d(35) r(3,94) r(1,54) d(31)
42; d(34) r(35,82) d(32) d(3)
43; d(31) a(34,48) r(34,54) a(35,108)
44; d(28) r(34,135) a(35,27) r(3,69)
45; r(34,47) r(25,77) a(1,177) a(1,46)
46; a(34,78) d(31) a(35,176) r(33,108) a(2,38) d(27)
47; d(34) r(35,82) a(32,57)
48; a(34,78) d(31) a(35,176) r(35,164)
49; d(34) r(35,82) r(33,108) a(2,38) a(25,135)
50; d(28) r(35,36) r(27,37) a(34,36)
51; d(34) d(35) d(28) r(3,84)
52; d(31) d(35) a(3,38) d(34)
53; r(28,44) d(2) a(35,134) d(32)
54; d(31) r(1,177) r(35,99) d(34)
55; d(34) r(35,82) a(2,31) r(33,27)
--------------------------------------------------------------------------------
Evaluation

0; 4.
1; 0.
2; 0.
3; 0.
4; 0.
5; 0.
6; 0.
7; 0.
8; 4.
9; 0.
10; 4.
11; 0.
12; 12.
13; 0.
14; 0.
15; 0.
16; 0.
17; 0.
18; 0.
19; 0.
20; 4.
21; 0.
22; 0.
23; 0.
24; 0.
25; 0.
26; 0.
27; 0.
28; 0.
29; 0.
30; 0.
31; 0.
32; 0.
33; 0.
34; 4.
35; 0.
36; 0.
37; 0.
38; 4.
39; 0.
40; 0.
41; 0.
42; 12.
43; 0.
44; 12.
45; 0.
46; 0.
47; 4.
48; 0.
49; 4.
50; 0.
51; 12.
52; 0.
53; 0.
54; 0.
55; 4.
================================================================================
Generation 4

--------------------------------------------------------------------------------
Selection

0; 22
1; 28
2; 21
3; 41
4; 21
5; 32
6; 11
7; 27
8; 16
9; 39
10; 8
11; 25
12; 48
13; 32
14; 5
15; 21
16; 16
17; 40
18; 37
19; 28
20; 38
21; 37
22; 32
23; 11
24; 7
25; 27
26; 11
27; 30
28; 10
29; 5
30; 1
31; 45
32; 54
33; 3
34; 3
35; 10
36; 15
37; 43
38; 1
39; 46
--------------------------------------------------------------------------------
Crossover

0; 5; d(31) r(35,82) d(34) a(33,105)
1; 5; d(31) r(35,82) d(34) a(33,105)
2; 16; r(28,44) a(33,78) d(34) a(35,53)
3; 30; d(28) d(2) a(35,38) d(33)
4; 11, 10; d(25) a(3,164) d(28) r(35,37) a(2,64) r(33,76)
5; 11, 10; r(34,87) r(34,37)
6; 11; d(25) a(3,164) d(28) r(34,37)
7; 10; r(34,87) r(35,37) a(2,64) r(33,76)
8; 21, 8; d(31) a(2,31) a(25,1)
9; 21, 8; d(34) r(35,82) a(34,48) r(33,49) a(1,49)
10; 21; d(31) a(34,48) r(33,49) a(1,49)
11; 8; d(34) r(35,82) a(2,31) a(25,1)
12; 21, 27; d(31) a(34,48)
13; 21, 27; d(28) d(35) r(33,49) a(1,49)
14; 21; d(31) a(34,48) r(33,49) a(1,49)
15; 27; d(28) d(35)
16; 22; d(34) r(3,94) r(27,108) r(35,95)
17; 3; d(31) r(35,46)
18; 21; d(31) a(34,48) r(33,49) a(1,49)
19; 15; r(34,87) r(35,37) r(25,77) r(31,84) a(32,64)
20; 41; d(34) d(35) r(3,94) r(1,54) d(31)
21; 37; d(31) a(34,48) r(33,49) d(25)
22; 1; r(34,36) d(35) r(28,78) r(25,100)
23; 11; d(25) a(3,164) d(28) r(34,37)
24; 54, 11; d(31) r(1,177)
25; 54, 11; d(25) a(3,164) d(28) r(34,37) r(35,99) d(34)
26; 54; d(31) r(1,177) r(35,99) d(34)
27; 11; d(25) a(3,164) d(28) r(34,37)
28; 37; d(31) a(34,48) r(33,49) d(25)
29; 25; r(28,44) a(33,78) d(34) r(2,170)
30; 39; d(34) d(35) r(3,94) a(27,38)
31; 46; a(34,78) d(31) a(35,176) r(33,108) a(2,38) d(27)
32; 28, 7; r(34,36) a(3,86) a(35,170) d(34)
33; 28, 7; d(31) d(35) r(28,78) r(25,176)
34; 28; r(34,36) d(35) r(28,78) r(25,176)
35; 7; d(31) a(3,86) a(35,170) d(34)
36; 32; r(28,44) a(33,78) d(34) d(35)
37; 3; d(31) r(35,46)
38; 32; r(28,44) a(33,78) d(34) d(35)
39; 16; r(28,44) a(33,78) d(34) a(35,53)
40; 1; r(34,36) d(35) r(28,78) r(25,100)
41; 27; d(28) d(35)
42; 28; r(34,36) d(35) r(28,78) r(25,176)
43; 40; d(34) r(3,94) r(35,135) a(33,37)
44; 32, 48; r(28,44) a(33,78) d(34) d(35) a(35,176) r(35,164)
45; 32, 48; a(34,78) d(31)
46; 32; r(28,44) a(33,78) d(34) d(35)
47; 48; a(34,78) d(31) a(35,176) r(35,164)
48; 10, 45; r(34,87) r(35,37) a(2,64) a(1,177) a(1,46)
49; 10, 45; r(34,47) r(25,77) r(33,76)
50; 10; r(34,87) r(35,37) a(2,64) r(33,76)
51; 45; r(34,47) r(25,77) a(1,177) a(1,46)
52; 38; d(34) r(3,94) r(35,135) r(1,54) d(25)
53; 43; d(31) a(34,48) r(34,54) a(35,108)
--------------------------------------------------------------------------------
Mutation

0; d(31) r(35,82) d(34) a(33,105) r(25,28)
1; d(31) r(35,82) d(34) a(33,105) a(1,62)
2; r(28,44) a(33,78) d(34) a(35,53) r(25,51)
3; d(28) d(2) a(35,38) d(33) a(1,164)
4; d(25) a(3,164) d(28) r(35,37) a(2,64) r(33,76) r(32,108)
5; r(34,87) r(34,37) r(33,134)
6; d(25) a(3,164) d(28) r(34,37) d(35)
7; r(34,87) r(35,37) a(2,64) r(33,76) r(28,53)
8; d(31) a(2,31) a(25,1) d(28)
9; d(34) r(35,82) a(34,48) r(33,49) a(1,49) r(25,57)
10; d(31) a(34,48) r(33,49) a(1,49) r(32,50)
11; d(34) r(35,82) a(2,31) a(25,1) r(27,32)
12; d(31) a(34,48) a(34,178)
13; d(28) d(35) r(33,49) a(1,49) r(3,51)
14; d(31) a(34,48) r(33,49) a(1,49) r(1,112)
15; d(28) d(35) r(34,1)
16; d(34) r(3,94) r(27,108) r(35,95) d(31)
17; d(31) r(35,46) a(3,158)
18; d(31) a(34,48) r(33,49) a(1,49) r(1,80)
19; r(34,87) r(35,37) r(25,77) r(31,84) a(32,64) d(28)
20; d(34) d(35) r(3,94) r(1,54) d(31) r(32,27)
21; d(31) a(34,48) r(33,49) d(25) d(28)
22; r(34,36) d(35) r(28,78) r(25,100) r(1,176)
23; d(25) a(3,164) d(28) r(34,37) a(35,84)
24; d(31) r(1,177) d(27)
25; d(25) a(3,164) d(28) r(34,37) r(35,99) d(34) d(33)
26; d(31) r(1,177) r(35,99) d(34) a(25,50)
27; d(25) a(3,164) d(28) r(34,37) r(35,130)
28; d(31) a(34,48) r(33,49) d(25) r(32,57)
29; r(28,44) a(33,78) d(34) r(2,170) a(35,33)
30; d(34) d(35) r(3,94) a(27,38) r(33,45)
31; a(34,78) d(31) a(35,176) r(33,108) a(2,38) d(27) r(28,108)
32; r(34,36) a(3,86) a(35,170) d(34) a(25,33)
33; d(31) d(35) r(28,78) r(25,176) a(33,28)
34; r(34,36) d(35) r(28,78) r(25,176) a(33,97)
35; d(31) a(3,86) a(35,170) d(34) a(35,135)
36; r(28,44) a(33,78) d(34) d(35) d(33)
37; d(31) r(35,46) a(1,25)
38; r(28,44) a(33,78) d(34) d(35) d(32)
39; r(28,44) a(33,78) d(34) a(35,53) r(35,76)
40; r(34,36) d(35) r(28,78) r(25,100) d(2)
41; d(28) d(35) r(32,36)
42; r(34,36) d(35) r(28,78) r(25,176) r(32,112)
43; d(34) r(3,94) r(35,135) a(33,37) d(32)
44; r(28,44) a(33,78) d(34) d(35) a(35,176) r(35,164) d(32)
45; a(34,78) d(31) a(35,83)
46; r(28,44) a(33,78) d(34) d(35) r(2,158)
47; a(34,78) d(31) a(35,176) r(35,164) d(3)
48; r(34,87) r(35,37) a(2,64) a(1,177) a(1,46) a(33,83)
49; r(34,47) r(25,77) r(33,76) r(3,45)
50; r(34,87) r(35,37) a(2,64) r(33,76) r(27,47)
51; r(34,47) r(25,77) a(1,177) a(1,46) d(35)
52; d(34) r(3,94) r(35,135) r(1,54) d(25) r(31,54)
53; d(31) a(34,48) r(34,54) a(35,108) d(35)
--------------------------------------------------------------------------------
Evaluation

0; 12.
1; 0.
2; 0.
3; 0.
4; 0.
5; 12.
6; 0.
7; 0.
8; 0.
9; 0.
10; 0.
11; 4.
12; 12.
13; 0.
14; 0.
15; 0.
16; 0.
17; 0.
18; 0.
19; 0.
20; 0.
21; 0.
22; 0.
23; 0.
24; 0.
25; 0.
26; 0.
27; 0.
28; 0.
29; 0.
30; 0.
31; 0.
32; 0.
33; 0.
34; 0.
35; 0.
36; 0.
37; 0.
38; 0.
39; 0.
40; 0.
41; 0.
42; 0.
43; 0.
44; 0.
45; 0.
46; 0.
47; 12.
48; 4.
49; 0.
50; 0.
51; 0.
52; 0.
53; 0.
================================================================================
Generation 5

--------------------------------------------------------------------------------
Selection

0; 41
1; 30
2; 7
3; 15
4; 39
5; 43
6; 32
7; 33
8; 29
9; 18
10; 51
11; 10
12; 9
13; 40
14; 45
15; 8
16; 1
17; 28
18; 38
19; 24
20; 15
21; 24
22; 51
23; 2
24; 34
25; 46
26; 49
27; 35
28; 24
29; 37
30; 34
31; 41
32; 14
33; 31
34; 25
35; 21
36; 13
37; 30
38; 13
39; 49
--------------------------------------------------------------------------------
Crossover

0; 33; d(31) d(35) r(28,78) r(25,176) a(33,28)
1; 41; d(28) d(35) r(32,36)
2; 8; d(31) a(2,31) a(25,1) d(28)
3; 13; d(28) d(35) r(33,49) a(1,49) r(3,51)
4; 14, 34; d(31) a(34,48) r(25,176) a(33,97)
5; 14, 34; r(34,36) d(35) r(28,78) r(33,49) a(1,49) r(1,112)
6; 14; d(31) a(34,48) r(33,49) a(1,49) r(1,112)
7; 34; r(34,36) d(35) r(28,78) r(25,176) a(33,97)
8; 7, 34; r(34,87) r(35,37) a(2,64) r(33,76)
9; 7, 34; r(34,36) d(35) r(28,78) r(25,176) a(33,97) r(28,53)
10; 7; r(34,87) r(35,37) a(2,64) r(33,76) r(28,53)
11; 34; r(34,36) d(35) r(28,78) r(25,176) a(33,97)
12; 21; d(31) a(34,48) r(33,49) d(25) d(28)
13; 37; d(31) r(35,46) a(1,25)
14; 49, 18; r(34,47) a(1,49) r(1,80)
15; 49, 18; d(31) a(34,48) r(33,49) r(25,77) r(33,76) r(3,45)
16; 49; r(34,47) r(25,77) r(33,76) r(3,45)
17; 18; d(31) a(34,48) r(33,49) a(1,49) r(1,80)
18; 1, 13; d(31) r(33,49) a(1,49) r(3,51)
19; 1, 13; d(28) d(35) r(35,82) d(34) a(33,105) a(1,62)
20; 1; d(31) r(35,82) d(34) a(33,105) a(1,62)
21; 13; d(28) d(35) r(33,49) a(1,49) r(3,51)
22; 25, 41; d(25) a(3,164) r(32,36)
23; 25, 41; d(28) d(35) d(28) r(34,37) r(35,99) d(34) d(33)
24; 25; d(25) a(3,164) d(28) r(34,37) r(35,99) d(34) d(33)
25; 41; d(28) d(35) r(32,36)
26; 46; r(28,44) a(33,78) d(34) d(35) r(2,158)
27; 30; d(34) d(35) r(3,94) a(27,38) r(33,45)
28; 15; d(28) d(35) r(34,1)
29; 2; r(28,44) a(33,78) d(34) a(35,53) r(25,51)
30; 30, 51; d(34) d(35) r(3,94) a(1,177) a(1,46) d(35)
31; 30, 51; r(34,47) r(25,77) a(27,38) r(33,45)
32; 30; d(34) d(35) r(3,94) a(27,38) r(33,45)
33; 51; r(34,47) r(25,77) a(1,177) a(1,46) d(35)
34; 28; d(31) a(34,48) r(33,49) d(25) r(32,57)
35; 51; r(34,47) r(25,77) a(1,177) a(1,46) d(35)
36; 29, 45; r(28,44) a(33,78) d(34) r(2,170)
37; 29, 45; a(34,78) d(31) a(35,83) a(35,33)
38; 29; r(28,44) a(33,78) d(34) r(2,170) a(35,33)
39; 45; a(34,78) d(31) a(35,83)
40; 9, 40; d(34) r(35,82) a(34,48) r(33,49) a(1,49) r(25,57) d(2)
41; 9, 40; r(34,36) d(35) r(28,78) r(25,100)
42; 9; d(34) r(35,82) a(34,48) r(33,49) a(1,49) r(25,57)
43; 40; r(34,36) d(35) r(28,78) r(25,100) d(2)
44; 49, 31; r(34,47) r(25,77) r(33,76) d(31) a(35,176) r(33,108) a(2,38) d(27) r(28,108)
45; 49, 31; a(34,78) r(3,45)
46; 49; r(34,47) r(25,77) r(33,76) r(3,45)
47; 31; a(34,78) d(31) a(35,176) r(33,108) a(2,38) d(27) r(28,108)
48; 24, 15; d(31) r(1,177) r(34,1)
49; 24, 15; d(28) d(35) d(27)
50; 24; d(31) r(1,177) d(27)
51; 15; d(28) d(35) r(34,1)
52; 35; d(31) a(3,86) a(35,170) d(34) a(35,135)
53; 39; r(28,44) a(33,78) d(34) a(35,53) r(35,76)
54; 32, 38; r(34,36) d(34) d(35) d(32)
55; 32, 38; r(28,44) a(33,78) a(3,86) a(35,170) d(34) a(25,33)
56; 32; r(34,36) a(3,86) a(35,170) d(34) a(25,33)
57; 38; r(28,44) a(33,78) d(34) d(35) d(32)
58; 10; d(31) a(34,48) r(33,49) a(1,49) r(32,50)
59; 24; d(31) r(1,177) d(27)
60; 43, 24; d(34) d(27)
61; 43, 24; d(31) r(1,177) r(3,94) r(35,135) a(33,37) d(32)
62; 43; d(34) r(3,94) r(35,135) a(33,37) d(32)
63; 24; d(31) r(1,177) d(27)
--------------------------------------------------------------------------------
Mutation

0; d(31) d(35) r(28,78) r(25,176) a(33,28) d(33)
1; d(28) d(35) r(32,36) d(34)
2; d(31) a(2,31) a(25,1) d(28) a(35,34)
3; d(28) d(35) r(33,49) a(1,49) r(3,51) d(2)
4; d(31) a(34,48) r(25,176) a(33,97) r(2,50)
5; r(34,36) d(35) r(28,78) r(33,49) a(1,49) r(1,112) r(25,33)
6; d(31) a(34,48) r(33,49) a(1,49) r(1,112) r(25,48)
7; r(34,36) d(35) r(28,78) r(25,176) a(33,97) a(3,83)
8; r(34,87) r(35,37) a(2,64) r(33,76) a(25,34)
9; r(34,36) d(35) r(28,78) r(25,176) a(33,97) r(28,53) a(32,69)
10; r(34,87) r(35,37) a(2,64) r(33,76) r(28,53) a(1,44)
11; r(34,36) d(35) r(28,78) r(25,176) a(33,97) d(3)
12; d(31) a(34,48) r(33,49) d(25) d(28) d(2)
13; d(31) r(35,46) a(1,25) d(34)
14; r(34,47) a(1,49) r(1,80) a(35,112)
15; d(31) a(34,48) r(33,49) r(25,77) r(33,76) r(3,45) a(2,25)
16; r(34,47) r(25,77) r(33,76) r(3,45) d(28)
17; d(31) a(34,48) r(33,49) a(1,49) r(1,80) r(25,158)
18; d(31) r(33,49) a(1,49) r(3,51) a(2,54)
19; d(28) d(35) r(35,82) d(34) a(33,105) a(1,62) r(3,69)
20; d(31) r(35,82) d(34) a(33,105) a(1,62) a(28,25)
21; d(28) d(35) r(33,49) a(1,49) r(3,51) a(27,57)
22; d(25) a(3,164) r(32,36) d(3)
23; d(28) d(35) d(28) r(34,37) r(35,99) d(34) d(33) d(2)
24; d(25) a(3,164) d(28) r(34,37) r(35,99) d(34) d(33) r(2,148)
25; d(28) d(35) r(32,36) r(34,69)
26; r(28,44) a(33,78) d(34) d(35) r(2,158) d(32)
27; d(34) d(35) r(3,94) a(27,38) r(33,45) r(28,83)
28; d(28) d(35) r(34,1) r(2,94)
29; r(28,44) a(33,78) d(34) a(35,53) r(25,51) d(2)
30; d(34) d(35) r(3,94) a(1,177) a(1,46) d(35) a(31,49)
31; r(34,47) r(25,77) a(27,38) r(33,45) r(32,99)
32; d(34) d(35) r(3,94) a(27,38) r(33,45) d(32)
33; r(34,47) r(25,77) a(1,177) a(1,46) d(35) a(3,108)
34; d(31) a(34,48) r(33,49) d(25) r(32,57) a(2,130)
35; r(34,47) r(25,77) a(1,177) a(1,46) d(35) a(28,25)
36; r(28,44) a(33,78) d(34) r(2,170) r(25,100)
37; a(34,78) d(31) a(35,83) a(35,33) a(35,80)
38; r(28,44) a(33,78) d(34) r(2,170) a(35,33) a(33,48)
39; a(34,78) d(31) a(35,83) a(35,70)
40; d(34) r(35,82) a(34,48) r(33,49) a(1,49) r(25,57) d(2) d(28)
41; r(34,36) d(35) r(28,78) r(25,100) r(33,70)
42; d(34) r(35,82) a(34,48) r(33,49) a(1,49) r(25,57) d(3)
43; r(34,36) d(35) r(28,78) r(25,100) d(2) a(1,105)
44; r(34,47) r(25,77) r(33,76) d(31) a(35,176) r(33,108) a(2,38) d(27) r(28,108) d(3)
45; a(34,78) r(3,45) r(35,54)
46; r(34,47) r(25,77) r(33,76) r(3,45) r(31,37)
47; a(34,78) d(31) a(35,176) r(33,108) a(2,38) d(27) r(28,108) r(2,3)
48; d(31) r(1,177) r(34,1) r(35,51)
49; d(28) d(35) d(27) a(32,108)
50; d(31) r(1,177) d(27) d(34)
51; d(28) d(35) r(34,1) d(33)
52; d(31) a(3,86) a(35,170) d(34) a(35,135) d(35)
53; r(28,44) a(33,78) d(34) a(35,53) r(35,76) d(32)
54; r(34,36) d(34) d(35) d(32) a(28,134)
55; r(28,44) a(33,78) a(3,86) a(35,170) d(34) a(25,33) r(35,65)
56; r(34,36) a(3,86) a(35,170) d(34) a(25,33) a(35,80)
57; r(28,44) a(33,78) d(34) d(35) d(32) a(2,54)
58; d(31) a(34,48) r(33,49) a(1,49) r(32,50) a(3,55)
59; d(31) r(1,177) d(27) a(34,83)
60; d(34) d(27) r(35,100)
61; d(31) r(1,177) r(3,94) r(35,135) a(33,37) d(32) d(34)
62; d(34) r(3,94) r(35,135) a(33,37) d(32) d(1)
63; d(31) r(1,177) d(27) d(25)
--------------------------------------------------------------------------------
Evaluation

0; 0.
1; 0.
2; 0.
3; 0.
4; 0.
5; 0.
6; 0.
7; 0.
8; 4.
9; 0.
10; 0.
11; 0.
12; 0.
13; 0.
14; 0.
15; 0.
16; 0.
17; 0.
18; 0.
19; 12.
20; 0.
21; 0.
22; 0.
23; 0.
24; 0.
25; 0.
26; 0.
27; 0.
28; 0.
29; 0.
30; 0.
31; 0.
32; 0.
33; 0.
34; 0.
35; 0.
36; 0.
37; 0.
38; 0.
39; 0.
40; 0.
41; 0.
42; 0.
43; 0.
44; 0.
45; 0.
46; 0.
47; 0.
48; 0.
49; 0.
50; 0.
51; 0.
52; 0.
53; 0.
54; 12.
55; 0.
56; 0.
57; 0.
58; 0.
59; 0.
60; 4.
61; 0.
62; 0.
63; 0.
================================================================================
Generation 6

--------------------------------------------------------------------------------
Selection

0; 42
1; 41
2; 6
3; 37
4; 15
5; 45
6; 5
7; 63
8; 16
9; 38
10; 11
11; 48
12; 28
13; 51
14; 14
15; 38
16; 58
17; 42
18; 59
19; 53
20; 30
21; 43
22; 7
23; 16
24; 36
25; 29
26; 22
27; 5
28; 53
29; 17
30; 47
31; 41
32; 2
33; 1
34; 32
35; 18
36; 34
37; 10
38; 47
39; 39
--------------------------------------------------------------------------------
Crossover

0; 16, 41; r(34,47) r(25,77) r(28,78) r(25,100) r(33,70)
1; 16, 41; r(34,36) d(35) r(33,76) r(3,45) d(28)
2; 16; r(34,47) r(25,77) r(33,76) r(3,45) d(28)
3; 41; r(34,36) d(35) r(28,78) r(25,100) r(33,70)
4; 59; d(31) r(1,177) d(27) a(34,83)
5; 41; r(34,36) d(35) r(28,78) r(25,100) r(33,70)
6; 6, 7; d(31) r(28,78) r(25,176) a(33,97) a(3,83)
7; 6, 7; r(34,36) d(35) a(34,48) r(33,49) a(1,49) r(1,112) r(25,48)
8; 6; d(31) a(34,48) r(33,49) a(1,49) r(1,112) r(25,48)
9; 7; r(34,36) d(35) r(28,78) r(25,176) a(33,97) a(3,83)
10; 11, 14; r(34,36)
11; 11, 14; r(34,47) a(1,49) r(1,80) a(35,112) d(35) r(28,78) r(25,176) a(33,97) d(3)
12; 11; r(34,36) d(35) r(28,78) r(25,176) a(33,97) d(3)
13; 14; r(34,47) a(1,49) r(1,80) a(35,112)
14; 47; a(34,78) d(31) a(35,176) r(33,108) a(2,38) d(27) r(28,108) r(2,3)
15; 29; r(28,44) a(33,78) d(34) a(35,53) r(25,51) d(2)
16; 58, 42; d(31) a(34,48) r(33,49) a(1,49) r(32,50)
17; 58, 42; d(34) r(35,82) a(34,48) r(33,49) a(1,49) r(25,57) d(3) a(3,55)
18; 58; d(31) a(34,48) r(33,49) a(1,49) r(32,50) a(3,55)
19; 42; d(34) r(35,82) a(34,48) r(33,49) a(1,49) r(25,57) d(3)
20; 43; r(34,36) d(35) r(28,78) r(25,100) d(2) a(1,105)
21; 18; d(31) r(33,49) a(1,49) r(3,51) a(2,54)
22; 16; r(34,47) r(25,77) r(33,76) r(3,45) d(28)
23; 38; r(28,44) a(33,78) d(34) r(2,170) a(35,33) a(33,48)
24; 30, 63; d(34) r(1,177) d(27) d(25)
25; 30, 63; d(31) d(35) r(3,94) a(1,177) a(1,46) d(35) a(31,49)
26; 30; d(34) d(35) r(3,94) a(1,177) a(1,46) d(35) a(31,49)
27; 63; d(31) r(1,177) d(27) d(25)
28; 45, 36; a(34,78) r(2,170) r(25,100)
29; 45, 36; r(28,44) a(33,78) d(34) r(3,45) r(35,54)
30; 45; a(34,78) r(3,45) r(35,54)
31; 36; r(28,44) a(33,78) d(34) r(2,170) r(25,100)
32; 34, 38; d(31) a(34,48) r(33,49) d(25) r(32,57) a(2,130) d(34) r(2,170) a(35,33) a(33,48)
33; 34, 38; r(28,44) a(33,78)
34; 34; d(31) a(34,48) r(33,49) d(25) r(32,57) a(2,130)
35; 38; r(28,44) a(33,78) d(34) r(2,170) a(35,33) a(33,48)
36; 1, 47; d(28) d(35) r(28,108) r(2,3)
37; 1, 47; a(34,78) d(31) a(35,176) r(33,108) a(2,38) d(27) r(32,36) d(34)
38; 1; d(28) d(35) r(32,36) d(34)
39; 47; a(34,78) d(31) a(35,176) r(33,108) a(2,38) d(27) r(28,108) r(2,3)
40; 5, 10; r(34,36) d(35) r(28,78) r(33,49) a(1,49)
41; 5, 10; r(34,87) r(35,37) a(2,64) r(33,76) r(28,53) a(1,44) r(1,112) r(25,33)
42; 5; r(34,36) d(35) r(28,78) r(33,49) a(1,49) r(1,112) r(25,33)
43; 10; r(34,87) r(35,37) a(2,64) r(33,76) r(28,53) a(1,44)
44; 2, 17; d(31) a(2,31) a(25,1) d(28) a(35,34) a(34,48) r(33,49) a(1,49) r(1,80) r(25,158)
45; 2, 17; d(31)
46; 2; d(31) a(2,31) a(25,1) d(28) a(35,34)
47; 17; d(31) a(34,48) r(33,49) a(1,49) r(1,80) r(25,158)
48; 53, 28; r(28,44) a(33,78) d(34) a(35,53) r(35,76) d(32) r(34,1) r(2,94)
49; 53, 28; d(28) d(35)
50; 53; r(28,44) a(33,78) d(34) a(35,53) r(35,76) d(32)
51; 28; d(28) d(35) r(34,1) r(2,94)
52; 48, 15; d(31) r(1,177) r(34,1) r(35,51) r(25,77) r(33,76) r(3,45) a(2,25)
53; 48, 15; d(31) a(34,48) r(33,49)
54; 48; d(31) r(1,177) r(34,1) r(35,51)
55; 15; d(31) a(34,48) r(33,49) r(25,77) r(33,76) r(3,45) a(2,25)
56; 51, 53; d(28) d(35) r(34,1) d(33) r(35,76) d(32)
57; 51, 53; r(28,44) a(33,78) d(34) a(35,53)
58; 51; d(28) d(35) r(34,1) d(33)
59; 53; r(28,44) a(33,78) d(34) a(35,53) r(35,76) d(32)
60; 22, 37; d(25) a(35,83) a(35,33) a(35,80)
61; 22, 37; a(34,78) d(31) a(3,164) r(32,36) d(3)
62; 22; d(25) a(3,164) r(32,36) d(3)
63; 37; a(34,78) d(31) a(35,83) a(35,33) a(35,80)
64; 39; a(34,78) d(31) a(35,83) a(35,70)
65; 32; d(34) d(35) r(3,94) a(27,38) r(33,45) d(32)
66; 5; r(34,36) d(35) r(28,78) r(33,49) a(1,49) r(1,112) r(25,33)
67; 42; d(34) r(35,82) a(34,48) r(33,49) a(1,49) r(25,57) d(3)
--------------------------------------------------------------------------------
Mutation

0; r(34,47) r(25,77) r(28,78) r(25,100) r(33,70) d(32)
1; r(34,36) d(35) r(33,76) r(3,45) d(28) r(1,52)
2; r(34,47) r(25,77) r(33,76) r(3,45) d(28) a(2,70)
3; r(34,36) d(35) r(28,78) r(25,100) r(33,70) d(32)
4; d(31) r(1,177) d(27) a(34,83) a(35,52)
5; r(34,36) d(35) r(28,78) r(25,100) r(33,70) a(2,87)
6; d(31) r(28,78) r(25,176) a(33,97) a(3,83) a(2,134)
7; r(34,36) d(35) a(34,48) r(33,49) a(1,49) r(1,112) r(25,48) r(28,77)
8; d(31) a(34,48) r(33,49) a(1,49) r(1,112) r(25,48) d(32)
9; r(34,36) d(35) r(28,78) r(25,176) a(33,97) a(3,83) r(32,60)
10; r(34,36) r(35,164)
11; r(34,47) a(1,49) r(1,80) a(35,112) d(35) r(28,78) r(25,176) a(33,97) d(3) d(33)
12; r(34,36) d(35) r(28,78) r(25,176) a(33,97) d(3) d(2)
13; r(34,47) a(1,49) r(1,80) a(35,112) d(35)
14; a(34,78) d(31) a(35,176) r(33,108) a(2,38) d(27) r(28,108) r(2,3) d(1)
15; r(28,44) a(33,78) d(34) a(35,53) r(25,51) d(2) d(35)
16; d(31) a(34,48) r(33,49) a(1,49) r(32,50) d(2)
17; d(34) r(35,82) a(34,48) r(33,49) a(1,49) r(25,57) d(3) a(3,55) d(31)
18; d(31) a(34,48) r(33,49) a(1,49) r(32,50) a(3,55) d(28)
19; d(34) r(35,82) a(34,48) r(33,49) a(1,49) r(25,57) d(3) r(2,49)
20; r(34,36) d(35) r(28,78) r(25,100) d(2) a(1,105) a(32,82)
21; d(31) r(33,49) a(1,49) r(3,51) a(2,54) d(25)
22; r(34,47) r(25,77) r(33,76) r(3,45) d(28) a(2,105)
23; r(28,44) a(33,78) d(34) r(2,170) a(35,33) a(33,48) a(32,80)
24; d(34) r(1,177) d(27) d(25) r(35,135)
25; d(31) d(35) r(3,94) a(1,177) a(1,46) d(35) a(31,49) a(34,45)
26; d(34) d(35) r(3,94) a(1,177) a(1,46) d(35) a(31,49) d(31)
27; d(31) r(1,177) d(27) d(25) r(34,27)
28; a(34,78) r(2,170) r(25,100) r(33,84)
29; r(28,44) a(33,78) d(34) r(3,45) r(35,54) d(1)
30; a(34,78) r(3,45) r(35,54) d(25)
31; r(28,44) a(33,78) d(34) r(2,170) r(25,100) d(1)
32; d(31) a(34,48) r(33,49) d(25) r(32,57) a(2,130) d(34) r(2,170) a(35,33) a(33,48) r(28,60)
33; r(28,44) a(33,78) r(35,100)
34; d(31) a(34,48) r(33,49) d(25) r(32,57) a(2,130) a(1,54)
35; r(28,44) a(33,78) d(34) r(2,170) a(35,33) a(33,48) a(35,69)
36; d(28) d(35) r(28,108) r(2,3) d(34)
37; a(34,78) d(31) a(35,176) r(33,108) a(2,38) d(27) r(32,36) d(34) d(2)
38; d(28) d(35) r(32,36) d(34) a(2,50)
39; a(34,78) d(31) a(35,176) r(33,108) a(2,38) d(27) r(28,108) r(2,3) a(32,35)
40; r(34,36) d(35) r(28,78) r(33,49) a(1,49) d(32)
41; r(34,87) r(35,37) a(2,64) r(33,76) r(28,53) a(1,44) r(1,112) r(25,33) d(32)
42; r(34,36) d(35) r(28,78) r(33,49) a(1,49) r(1,112) r(25,33) a(32,44)
43; r(34,87) r(35,37) a(2,64) r(33,76) r(28,53) a(1,44) r(27,49)
44; d(31) a(2,31) a(25,1) d(28) a(35,34) a(34,48) r(33,49) a(1,49) r(1,80) r(25,158) r(32,84)
45; d(31) d(34)
46; d(31) a(2,31) a(25,1) d(28) a(35,34) r(27,164)
47; d(31) a(34,48) r(33,49) a(1,49) r(1,80) r(25,158) r(32,97)
48; r(28,44) a(33,78) d(34) a(35,53) r(35,76) d(32) r(34,1) r(2,94) a(33,112)
49; d(28) d(35) a(34,108)
50; r(28,44) a(33,78) d(34) a(35,53) r(35,76) d(32) d(3)
51; d(28) d(35) r(34,1) r(2,94) r(33,52)
52; d(31) r(1,177) r(34,1) r(35,51) r(25,77) r(33,76) r(3,45) a(2,25) d(32)
53; d(31) a(34,48) r(33,49) r(27,50)
54; d(31) r(1,177) r(34,1) r(35,51) r(32,130)
55; d(31) a(34,48) r(33,49) r(25,77) r(33,76) r(3,45) a(2,25) d(1)
56; d(28) d(35) r(34,1) d(33) r(35,76) d(32) a(25,87)
57; r(28,44) a(33,78) d(34) a(35,53) d(35)
58; d(28) d(35) r(34,1) d(33) d(32)
59; r(28,44) a(33,78) d(34) a(35,53) r(35,76) d(32) d(1)
60; d(25) a(35,83) a(35,33) a(35,80) r(35,82)
61; a(34,78) d(31) a(3,164) r(32,36) d(3) a(34,32)
62; d(25) a(3,164) r(32,36) d(3) r(34,178)
63; a(34,78) d(31) a(35,83) a(35,33) a(35,80) r(34,77)
64; a(34,78) d(31) a(35,83) a(35,70) d(35)
65; d(34) d(35) r(3,94) a(27,38) r(33,45) d(32) r(31,177)
66; r(34,36) d(35) r(28,78) r(33,49) a(1,49) r(1,112) r(25,33) r(32,62)
67; d(34) r(35,82) a(34,48) r(33,49) a(1,49) r(25,57) d(3) r(32,77)
--------------------------------------------------------------------------------
Evaluation

0; 0.
1; 0.
2; 0.
3; 0.
4; 0.
5; 0.
6; 0.
7; 0.
8; 0.
9; 0.
10; 4.
11; 0.
12; 0.
13; 0.
14; 0.
15; 0.
16; 0.
17; 0.
18; 0.
19; 0.
20; 0.
21; 0.
22; 0.
23; 0.
24; 4.
25; 0.
26; 0.
27; 0.
28; 0.
29; 0.
30; 0.
31; 0.
32; 0.
33; 0.
34; 0.
35; 0.
36; 0.
37; 0.
38; 0.
39; 0.
40; 0.
41; 0.
42; 0.
43; 0.
44; 0.
45; 0.
46; 0.
47; 0.
48; 0.
49; 0.
50; 12.
51; 0.
52; 0.
53; 0.
54; 0.
55; 0.
56; 0.
57; 0.
58; 0.
59; 0.
60; 4.
61; 12.
62; 12.
63; 0.
64; 0.
65; 0.
66; 0.
67; 0.
================================================================================
Generation 7

--------------------------------------------------------------------------------
Selection

0; 18
1; 21
2; 12
3; 37
4; 4
5; 7
6; 17
7; 58
8; 6
9; 41
10; 38
11; 22
12; 49
13; 25
14; 26
15; 25
16; 0
17; 33
18; 67
19; 22
20; 66
21; 64
22; 40
23; 63
24; 15
25; 58
26; 4
27; 54
28; 34
29; 46
30; 14
31; 13
32; 20
33; 45
34; 18
35; 29
36; 9
37; 12
38; 27
39; 28
--------------------------------------------------------------------------------
Crossover

0; 20, 12; r(34,36) d(35) r(28,78) r(25,100) d(2) d(2)
1; 20, 12; r(34,36) d(35) r(28,78) r(25,176) a(33,97) d(3) a(1,105) a(32,82)
2; 20; r(34,36) d(35) r(28,78) r(25,100) d(2) a(1,105) a(32,82)
3; 12; r(34,36) d(35) r(28,78) r(25,176) a(33,97) d(3) d(2)
4; 14, 17; a(34,78) d(31) a(35,176) r(33,108) a(34,48) r(33,49) a(1,49) r(25,57) d(3) a(3,55) d(31)
5; 14, 17; d(34) r(35,82) a(2,38) d(27) r(28,108) r(2,3) d(1)
6; 14; a(34,78) d(31) a(35,176) r(33,108) a(2,38) d(27) r(28,108) r(2,3) d(1)
7; 17; d(34) r(35,82) a(34,48) r(33,49) a(1,49) r(25,57) d(3) a(3,55) d(31)
8; 58, 0; d(28) d(35) r(34,1) d(33) d(32) r(33,70) d(32)
9; 58, 0; r(34,47) r(25,77) r(28,78) r(25,100)
10; 58; d(28) d(35) r(34,1) d(33) d(32)
11; 0; r(34,47) r(25,77) r(28,78) r(25,100) r(33,70) d(32)
12; 9; r(34,36) d(35) r(28,78) r(25,176) a(33,97) a(3,83) r(32,60)
13; 7; r(34,36) d(35) a(34,48) r(33,49) a(1,49) r(1,112) r(25,48) r(28,77)
14; 63, 58; a(34,78) d(31) a(35,83) a(35,33) a(35,80) d(33) d(32)
15; 63, 58; d(28) d(35) r(34,1) r(34,77)
16; 63; a(34,78) d(31) a(35,83) a(35,33) a(35,80) r(34,77)
17; 58; d(28) d(35) r(34,1) d(33) d(32)
18; 49, 37; d(28)
19; 49, 37; a(34,78) d(31) a(35,176) r(33,108) a(2,38) d(27) r(32,36) d(34) d(2) d(35) a(34,108)
20; 49; d(28) d(35) a(34,108)
21; 37; a(34,78) d(31) a(35,176) r(33,108) a(2,38) d(27) r(32,36) d(34) d(2)
22; 29, 54; r(28,44) a(33,78) d(34) r(3,45) r(35,51) r(32,130)
23; 29, 54; d(31) r(1,177) r(34,1) r(35,54) d(1)
24; 29; r(28,44) a(33,78) d(34) r(3,45) r(35,54) d(1)
25; 54; d(31) r(1,177) r(34,1) r(35,51) r(32,130)
26; 18, 26; d(31) a(34,48) r(33,49) a(1,49) r(32,50) a(3,55) d(35) r(3,94) a(1,177) a(1,46) d(35) a(31,49) d(31)
27; 18, 26; d(34) d(28)
28; 18; d(31) a(34,48) r(33,49) a(1,49) r(32,50) a(3,55) d(28)
29; 26; d(34) d(35) r(3,94) a(1,177) a(1,46) d(35) a(31,49) d(31)
30; 15; r(28,44) a(33,78) d(34) a(35,53) r(25,51) d(2) d(35)
31; 28; a(34,78) r(2,170) r(25,100) r(33,84)
32; 27, 6; d(31) r(1,177) d(27) d(25) r(34,27) a(33,97) a(3,83) a(2,134)
33; 27, 6; d(31) r(28,78) r(25,176)
34; 27; d(31) r(1,177) d(27) d(25) r(34,27)
35; 6; d(31) r(28,78) r(25,176) a(33,97) a(3,83) a(2,134)
36; 34; d(31) a(34,48) r(33,49) d(25) r(32,57) a(2,130) a(1,54)
37; 33; r(28,44) a(33,78) r(35,100)
38; 4, 21; d(31) r(1,177) r(33,49) a(1,49) r(3,51) a(2,54) d(25)
39; 4, 21; d(31) d(27) a(34,83) a(35,52)
40; 4; d(31) r(1,177) d(27) a(34,83) a(35,52)
41; 21; d(31) r(33,49) a(1,49) r(3,51) a(2,54) d(25)
42; 66; r(34,36) d(35) r(28,78) r(33,49) a(1,49) r(1,112) r(25,33) r(32,62)
43; 18; d(31) a(34,48) r(33,49) a(1,49) r(32,50) a(3,55) d(28)
44; 64, 45; a(34,78) d(31) a(35,83) d(34)
45; 64, 45; d(31) a(35,70) d(35)
46; 64; a(34,78) d(31) a(35,83) a(35,70) d(35)
47; 45; d(31) d(34)
48; 22, 46; r(34,47) r(25,77) r(33,76) r(3,45) d(28) r(27,164)
49; 22, 46; d(31) a(2,31) a(25,1) d(28) a(35,34) a(2,105)
50; 22; r(34,47) r(25,77) r(33,76) r(3,45) d(28) a(2,105)
51; 46; d(31) a(2,31) a(25,1) d(28) a(35,34) r(27,164)
52; 22, 12; r(34,47) r(25,77) r(33,76) a(33,97) d(3) d(2)
53; 22, 12; r(34,36) d(35) r(28,78) r(25,176) r(3,45) d(28) a(2,105)
54; 22; r(34,47) r(25,77) r(33,76) r(3,45) d(28) a(2,105)
55; 12; r(34,36) d(35) r(28,78) r(25,176) a(33,97) d(3) d(2)
56; 40, 13; r(34,36) d(35) r(28,78) a(1,49) r(1,80) a(35,112) d(35)
57; 40, 13; r(34,47) r(33,49) a(1,49) d(32)
58; 40; r(34,36) d(35) r(28,78) r(33,49) a(1,49) d(32)
59; 13; r(34,47) a(1,49) r(1,80) a(35,112) d(35)
60; 25; d(31) d(35) r(3,94) a(1,177) a(1,46) d(35) a(31,49) a(34,45)
61; 25; d(31) d(35) r(3,94) a(1,177) a(1,46) d(35) a(31,49) a(34,45)
62; 38, 41; d(28) a(1,44) r(1,112) r(25,33) d(32)
63; 38, 41; r(34,87) r(35,37) a(2,64) r(33,76) r(28,53) d(35) r(32,36) d(34) a(2,50)
64; 38; d(28) d(35) r(32,36) d(34) a(2,50)
65; 41; r(34,87) r(35,37) a(2,64) r(33,76) r(28,53) a(1,44) r(1,112) r(25,33) d(32)
66; 67, 4; d(34) r(35,82) a(34,48) r(33,49) a(1,49) r(25,57) d(3) a(34,83) a(35,52)
67; 67, 4; d(31) r(1,177) d(27) r(32,77)
68; 67; d(34) r(35,82) a(34,48) r(33,49) a(1,49) r(25,57) d(3) r(32,77)
69; 4; d(31) r(1,177) d(27) a(34,83) a(35,52)
--------------------------------------------------------------------------------
Mutation

0; r(34,36) d(35) r(28,78) r(25,100) d(2) d(2) a(32,130)
1; r(34,36) d(35) r(28,78) r(25,176) a(33,97) d(3) a(1,105) a(32,82) a(32,60)
2; r(34,36) d(35) r(28,78) r(25,100) d(2) a(1,105) a(32,82) r(1,80)
3; r(34,36) d(35) r(28,78) r(25,176) a(33,97) d(3) d(2) r(33,97)
4; a(34,78) d(31) a(35,176) r(33,108) a(34,48) r(33,49) a(1,49) r(25,57) d(3) a(3,55) d(31) a(28,108)
5; d(34) r(35,82) a(2,38) d(27) r(28,108) r(2,3) d(1) d(25)
6; a(34,78) d(31) a(35,176) r(33,108) a(2,38) d(27) r(28,108) r(2,3) d(1) a(32,112)
7; d(34) r(35,82) a(34,48) r(33,49) a(1,49) r(25,57) d(3) a(3,55) d(31) d(1)
8; d(28) d(35) r(34,1) d(33) d(32) r(33,70) d(32) a(2,112)
9; r(34,47) r(25,77) r(28,78) r(25,100) r(35,38)
10; d(28) d(35) r(34,1) d(33) d(32) r(25,33)
11; r(34,47) r(25,77) r(28,78) r(25,100) r(33,70) d(32) r(2,3)
12; r(34,36) d(35) r(28,78) r(25,176) a(33,97) a(3,83) r(32,60) d(2)
13; r(34,36) d(35) a(34,48) r(33,49) a(1,49) r(1,112) r(25,48) r(28,77) d(32)
14; a(34,78) d(31) a(35,83) a(35,33) a(35,80) d(33) d(32) r(2,135)
15; d(28) d(35) r(34,1) r(34,77) r(1,69)
16; a(34,78) d(31) a(35,83) a(35,33) a(35,80) r(34,77) a(3,94)
17; d(28) d(35) r(34,1) d(33) d(32) a(3,83)
18; d(28) a(34,31)
19; a(34,78) d(31) a(35,176) r(33,108) a(2,38) d(27) r(32,36) d(34) d(2) d(35) a(34,108) d(25)
20; d(28) d(35) a(34,108) d(34)
21; a(34,78) d(31) a(35,176) r(33,108) a(2,38) d(27) r(32,36) d(34) d(2) a(1,176)
22; r(28,44) a(33,78) d(34) r(3,45) r(35,51) r(32,130) r(1,176)
23; d(31) r(1,177) r(34,1) r(35,54) d(1) d(25)
24; r(28,44) a(33,78) d(34) r(3,45) r(35,54) d(1) d(33)
25; d(31) r(1,177) r(34,1) r(35,51) r(32,130) a(27,130)
26; d(31) a(34,48) r(33,49) a(1,49) r(32,50) a(3,55) d(35) r(3,94) a(1,177) a(1,46) d(35) a(31,49) d(31) r(27,158)
27; d(34) d(28) a(35,47)
28; d(31) a(34,48) r(33,49) a(1,49) r(32,50) a(3,55) d(28) r(27,25)
29; d(34) d(35) r(3,94) a(1,177) a(1,46) d(35) a(31,49) d(31) a(28,25)
30; r(28,44) a(33,78) d(34) a(35,53) r(25,51) d(2) d(35) d(1)
31; a(34,78) r(2,170) r(25,100) r(33,84) a(1,53)
32; d(31) r(1,177) d(27) d(25) r(34,27) a(33,97) a(3,83) a(2,134) a(35,178)
33; d(31) r(28,78) r(25,176) d(32)
34; d(31) r(1,177) d(27) d(25) r(34,27) d(35)
35; d(31) r(28,78) r(25,176) a(33,97) a(3,83) a(2,134) d(34)
36; d(31) a(34,48) r(33,49) d(25) r(32,57) a(2,130) a(1,54) r(3,54)
37; r(28,44) a(33,78) r(35,100) d(34)
38; d(31) r(1,177) r(33,49) a(1,49) r(3,51) a(2,54) d(25) r(32,148)
39; d(31) d(27) a(34,83) a(35,52) r(35,33)
40; d(31) r(1,177) d(27) a(34,83) a(35,52) d(34)
41; d(31) r(33,49) a(1,49) r(3,51) a(2,54) d(25) r(2,54)
42; r(34,36) d(35) r(28,78) r(33,49) a(1,49) r(1,112) r(25,33) r(32,62)
43; d(31) a(34,48) r(33,49) a(1,49) r(32,50) a(3,55) d(28) r(1,86)
44; a(34,78) d(31) a(35,83) d(34) r(27,108)
45; d(31) a(35,70) d(35) r(34,64)
46; a(34,78) d(31) a(35,83) a(35,70) d(35) a(2,86)
47; d(31) d(34) r(33,45)
48; r(34,47) r(25,77) r(33,76) r(3,45) d(28) r(27,164) d(2)
49; d(31) a(2,31) a(25,1) d(28) a(35,34) a(2,105) r(34,97)
50; r(34,47) r(25,77) r(33,76) r(3,45) d(28) a(2,105) r(32,33)
51; d(31) a(2,31) a(25,1) d(28) a(35,34) r(27,164) a(2,49)
52; r(34,47) r(25,77) r(33,76) a(33,97) d(3) d(2) r(28,170)
53; r(34,36) d(35) r(28,78) r(25,176) r(3,45) d(28) a(2,105) a(33,130)
54; r(34,47) r(25,77) r(33,76) r(3,45) d(28) a(2,105) a(1,36)
55; r(34,36) d(35) r(28,78) r(25,176) a(33,97) d(3) d(2) a(32,100)
56; r(34,36) d(35) r(28,78) a(1,49) r(1,80) a(35,112) d(35) a(27,99)
57; r(34,47) r(33,49) a(1,49) d(32) r(27,47)
58; r(34,36) d(35) r(28,78) r(33,49) a(1,49) d(32) d(27)
59; r(34,47) a(1,49) r(1,80) a(35,112) d(35) r(27,57)
60; d(31) d(35) r(3,94) a(1,177) a(1,46) d(35) a(31,49) a(34,45) a(28,177)
61; d(31) d(35) r(3,94) a(1,177) a(1,46) d(35) a(31,49) a(34,45) d(34)
62; d(28) a(1,44) r(1,112) r(25,33) d(32) a(34,177)
63; r(34,87) r(35,37) a(2,64) r(33,76) r(28,53) d(35) r(32,36) d(34) a(2,50) a(27,38)
64; d(28) d(35) r(32,36) d(34) a(2,50) a(1,65)
65; r(34,87) r(35,37) a(2,64) r(33,76) r(28,53) a(1,44) r(1,112) r(25,33) d(32)
66; d(34) r(35,82) a(34,48) r(33,49) a(1,49) r(25,57) d(3) a(34,83) a(35,52) r(28,31)
67; d(31) r(1,177) d(27) r(32,77) a(34,108)
68; d(34) r(35,82) a(34,48) r(33,49) a(1,49) r(25,57) d(3) r(32,77) r(31,49)
69; d(31) r(1,177) d(27) a(34,83) a(35,52) d(34)
--------------------------------------------------------------------------------
Evaluation

0; 0.
1; 12.
2; 12.
3; 0.
4; 0.
5; 0.
6; 0.
7; 0.
8; 0.
9; 0.
10; 0.
11; 0.
12; 0.
13; 0.
14; 0.
15; 0.
16; 0.
17; 0.
18; 0.
19; 0.
20; 0.
21; 0.
22; 0.
23; 0.
24; 0.
25; 0.
26; 0.
27; 0.
28; 0.
29; 0.
30; 0.
31; 0.
32; 0.
33; 0.
34; 0.
35; 0.
36; 0.
37; 0.
38; 0.
39; 0.
40; 0.
41; 0.
42; 0.
43; 0.
44; 0.
45; 0.
46; 0.
47; 0.
48; 0.
49; 0.
50; 0.
51; 0.
52; 0.
53; 0.
54; 0.
55; 0.
56; 0.
57; 0.
58; 0.
59; 0.
60; 0.
61; 0.
62; 0.
63; 0.
64; 0.
65; 0.
66; 0.
67; 0.
68; 0.
69; 0.
================================================================================
Generation 8

--------------------------------------------------------------------------------
Selection

0; 30
1; 18
2; 20
3; 62
4; 31
5; 29
6; 45
7; 21
8; 67
9; 3
10; 58
11; 4
12; 58
13; 25
14; 50
15; 64
16; 39
17; 24
18; 66
19; 69
20; 61
21; 55
22; 62
23; 8
24; 17
25; 3
26; 59
27; 39
28; 17
29; 5
30; 33
31; 35
32; 45
33; 69
34; 27
35; 47
36; 50
37; 48
38; 12
39; 59
--------------------------------------------------------------------------------
Crossover

0; 35; d(31) r(28,78) r(25,176) a(33,97) a(3,83) a(2,134) d(34)
1; 5; d(34) r(35,82) a(2,38) d(27) r(28,108) r(2,3) d(1) d(25)
2; 55; r(34,36) d(35) r(28,78) r(25,176) a(33,97) d(3) d(2) a(32,100)
3; 69; d(31) r(1,177) d(27) a(34,83) a(35,52) d(34)
4; 39; d(31) d(27) a(34,83) a(35,52) r(35,33)
5; 17; d(28) d(35) r(34,1) d(33) d(32) a(3,83)
6; 47; d(31) d(34) r(33,45)
7; 27; d(34) d(28) a(35,47)
8; 8, 62; d(28) d(35) r(34,1) d(33) d(32) r(33,70) d(32) d(32) a(34,177)
9; 8, 62; d(28) a(1,44) r(1,112) r(25,33) a(2,112)
10; 8; d(28) d(35) r(34,1) d(33) d(32) r(33,70) d(32) a(2,112)
11; 62; d(28) a(1,44) r(1,112) r(25,33) d(32) a(34,177)
12; 50, 18; r(34,47) r(25,77) r(33,76)
13; 50, 18; d(28) a(34,31) r(3,45) d(28) a(2,105) r(32,33)
14; 50; r(34,47) r(25,77) r(33,76) r(3,45) d(28) a(2,105) r(32,33)
15; 18; d(28) a(34,31)
16; 50; r(34,47) r(25,77) r(33,76) r(3,45) d(28) a(2,105) r(32,33)
17; 69; d(31) r(1,177) d(27) a(34,83) a(35,52) d(34)
18; 21, 33; a(34,78) d(31) a(35,176) r(33,108) r(28,78) r(25,176) d(32)
19; 21, 33; d(31) a(2,38) d(27) r(32,36) d(34) d(2) a(1,176)
20; 21; a(34,78) d(31) a(35,176) r(33,108) a(2,38) d(27) r(32,36) d(34) d(2) a(1,176)
21; 33; d(31) r(28,78) r(25,176) d(32)
22; 59, 25; r(34,47) a(1,49) r(32,130) a(27,130)
23; 59, 25; d(31) r(1,177) r(34,1) r(35,51) r(1,80) a(35,112) d(35) r(27,57)
24; 59; r(34,47) a(1,49) r(1,80) a(35,112) d(35) r(27,57)
25; 25; d(31) r(1,177) r(34,1) r(35,51) r(32,130) a(27,130)
26; 61, 64; d(31) d(35) r(3,94) a(1,65)
27; 61, 64; d(28) d(35) r(32,36) d(34) a(2,50) a(1,177) a(1,46) d(35) a(31,49) a(34,45) d(34)
28; 61; d(31) d(35) r(3,94) a(1,177) a(1,46) d(35) a(31,49) a(34,45) d(34)
29; 64; d(28) d(35) r(32,36) d(34) a(2,50) a(1,65)
30; 59, 3; r(34,47) d(35) r(28,78) r(25,176) a(33,97) d(3) d(2) r(33,97)
31; 59, 3; r(34,36) a(1,49) r(1,80) a(35,112) d(35) r(27,57)
32; 59; r(34,47) a(1,49) r(1,80) a(35,112) d(35) r(27,57)
33; 3; r(34,36) d(35) r(28,78) r(25,176) a(33,97) d(3) d(2) r(33,97)
34; 17, 20; d(28) d(35) r(34,1) d(33) a(34,108) d(34)
35; 17, 20; d(28) d(35) d(32) a(3,83)
36; 17; d(28) d(35) r(34,1) d(33) d(32) a(3,83)
37; 20; d(28) d(35) a(34,108) d(34)
38; 31; a(34,78) r(2,170) r(25,100) r(33,84) a(1,53)
39; 66; d(34) r(35,82) a(34,48) r(33,49) a(1,49) r(25,57) d(3) a(34,83) a(35,52) r(28,31)
40; 4; a(34,78) d(31) a(35,176) r(33,108) a(34,48) r(33,49) a(1,49) r(25,57) d(3) a(3,55) d(31) a(28,108)
41; 67; d(31) r(1,177) d(27) r(32,77) a(34,108)
42; 62; d(28) a(1,44) r(1,112) r(25,33) d(32) a(34,177)
43; 29; d(34) d(35) r(3,94) a(1,177) a(1,46) d(35) a(31,49) d(31) a(28,25)
44; 58, 48; r(34,36) d(35) r(28,78) r(33,49) a(1,49) d(2)
45; 58, 48; r(34,47) r(25,77) r(33,76) r(3,45) d(28) r(27,164) d(32) d(27)
46; 58; r(34,36) d(35) r(28,78) r(33,49) a(1,49) d(32) d(27)
47; 48; r(34,47) r(25,77) r(33,76) r(3,45) d(28) r(27,164) d(2)
48; 39; d(31) d(27) a(34,83) a(35,52) r(35,33)
49; 45; d(31) a(35,70) d(35) r(34,64)
50; 24, 58; r(28,44) a(33,78) d(34) r(3,45) r(35,54) d(1) d(33) d(32) d(27)
51; 24, 58; r(34,36) d(35) r(28,78) r(33,49) a(1,49)
52; 24; r(28,44) a(33,78) d(34) r(3,45) r(35,54) d(1) d(33)
53; 58; r(34,36) d(35) r(28,78) r(33,49) a(1,49) d(32) d(27)
54; 30, 12; r(28,44) a(33,78) d(34) a(35,53) r(25,51) a(33,97) a(3,83) r(32,60) d(2)
55; 30, 12; r(34,36) d(35) r(28,78) r(25,176) d(2) d(35) d(1)
56; 30; r(28,44) a(33,78) d(34) a(35,53) r(25,51) d(2) d(35) d(1)
57; 12; r(34,36) d(35) r(28,78) r(25,176) a(33,97) a(3,83) r(32,60) d(2)
58; 45; d(31) a(35,70) d(35) r(34,64)
59; 3; r(34,36) d(35) r(28,78) r(25,176) a(33,97) d(3) d(2) r(33,97)
--------------------------------------------------------------------------------
Mutation

0; d(31) r(28,78) r(25,176) a(33,97) a(3,83) a(2,134) d(34) a(33,50)
1; d(34) r(35,82) a(2,38) d(27) r(28,108) r(2,3) d(1) d(25) d(33)
2; r(34,36) d(35) r(28,78) r(25,176) a(33,97) d(3) d(2) a(32,100) r(32,46)
3; d(31) r(1,177) d(27) a(34,83) a(35,52) d(34) d(35)
4; d(31) d(27) a(34,83) a(35,52) r(35,33) d(3)
5; d(28) d(35) r(34,1) d(33) d(32) a(3,83) a(2,158)
6; d(31) d(34) r(33,45) r(3,99)
7; d(34) d(28) a(35,47) d(33)
8; d(28) d(35) r(34,1) d(33) d(32) r(33,70) d(32) d(32) a(34,177) r(2,87)
9; d(28) a(1,44) r(1,112) r(25,33) a(2,112) d(34)
10; d(28) d(35) r(34,1) d(33) d(32) r(33,70) d(32) a(2,112) d(2)
11; d(28) a(1,44) r(1,112) r(25,33) d(32) a(34,177) r(35,80)
12; r(34,47) r(25,77) r(33,76) a(2,138)
13; d(28) a(34,31) r(3,45) d(28) a(2,105) r(32,33) r(34,164)
14; r(34,47) r(25,77) r(33,76) r(3,45) d(28) a(2,105) r(32,33) a(2,57)
15; d(28) a(34,31) a(34,48)
16; r(34,47) r(25,77) r(33,76) r(3,45) d(28) a(2,105) r(32,33) a(1,105)
17; d(31) r(1,177) d(27) a(34,83) a(35,52) d(34) a(25,52)
18; a(34,78) d(31) a(35,176) r(33,108) r(28,78) r(25,176) d(32) r(2,27)
19; d(31) a(2,38) d(27) r(32,36) d(34) d(2) a(1,176) d(25)
20; a(34,78) d(31) a(35,176) r(33,108) a(2,38) d(27) r(32,36) d(34) d(2) a(1,176) d(28)
21; d(31) r(28,78) r(25,176) d(32) d(34)
22; r(34,47) a(1,49) r(32,130) a(27,130) d(31)
23; d(31) r(1,177) r(34,1) r(35,51) r(1,80) a(35,112) d(35) r(27,57) a(28,83)
24; r(34,47) a(1,49) r(1,80) a(35,112) d(35) r(27,57) r(25,54)
25; d(31) r(1,177) r(34,1) r(35,51) r(32,130) a(27,130) r(27,36)
26; d(31) d(35) r(3,94) a(1,65) a(34,170)
27; d(28) d(35) r(32,36) d(34) a(2,50) a(1,177) a(1,46) d(35) a(31,49) a(34,45) d(34) r(25,176)
28; d(31) d(35) r(3,94) a(1,177) a(1,46) d(35) a(31,49) a(34,45) d(34) d(28)
29; d(28) d(35) r(32,36) d(34) a(2,50) a(1,65) r(27,33)
30; r(34,47) d(35) r(28,78) r(25,176) a(33,97) d(3) d(2) r(33,97) a(1,70)
31; r(34,36) a(1,49) r(1,80) a(35,112) d(35) r(27,57) a(25,100)
32; r(34,47) a(1,49) r(1,80) a(35,112) d(35) r(27,57) d(28)
33; r(34,36) d(35) r(28,78) r(25,176) a(33,97) d(3) d(2) r(33,97) a(32,76)
34; d(28) d(35) r(34,1) d(33) a(34,108) d(34) d(1)
35; d(28) d(35) d(32) a(3,83) a(34,38)
36; d(28) d(35) r(34,1) d(33) d(32) a(3,83) a(25,25)
37; d(28) d(35) a(34,108) d(34) a(33,130)
38; a(34,78) r(2,170) r(25,100) r(33,84) a(1,53) d(28)
39; d(34) r(35,82) a(34,48) r(33,49) a(1,49) r(25,57) d(3) a(34,83) a(35,52) r(28,31) r(1,76)
40; a(34,78) d(31) a(35,176) r(33,108) a(34,48) r(33,49) a(1,49) r(25,57) d(3) a(3,55) d(31) a(28,108) r(2,35)
41; d(31) r(1,177) d(27) r(32,77) a(34,108) r(35,49)
42; d(28) a(1,44) r(1,112) r(25,33) d(32) a(34,177) d(35)
43; d(34) d(35) r(3,94) a(1,177) a(1,46) d(35) a(31,49) d(31) a(28,25) d(33)
44; r(34,36) d(35) r(28,78) r(33,49) a(1,49) d(2) a(1,170)
45; r(34,47) r(25,77) r(33,76) r(3,45) d(28) r(27,164) d(32) d(27) d(2)
46; r(34,36) d(35) r(28,78) r(33,49) a(1,49) d(32) d(27) a(2,51)
47; r(34,47) r(25,77) r(33,76) r(3,45) d(28) r(27,164) d(2) r(1,57)
48; d(31) d(27) a(34,83) a(35,52) r(35,33) d(34)
49; d(31) a(35,70) d(35) r(34,64) a(1,69)
50; r(28,44) a(33,78) d(34) r(3,45) r(35,54) d(1) d(33) d(32) d(27) a(25,35)
51; r(34,36) d(35) r(28,78) r(33,49) a(1,49) a(2,54)
52; r(28,44) a(33,78) d(34) r(3,45) r(35,54) d(1) d(33) a(25,134)
53; r(34,36) d(35) r(28,78) r(33,49) a(1,49) d(32) d(27) r(25,77)
54; r(28,44) a(33,78) d(34) a(35,53) r(25,51) a(33,97) a(3,83) r(32,60) d(2) a(33,28)
55; r(34,36) d(35) r(28,78) r(25,176) d(2) d(35) d(1) a(33,112)
56; r(28,44) a(33,78) d(34) a(35,53) r(25,51) d(2) d(35) d(1) r(32,82)
57; r(34,36) d(35) r(28,78) r(25,176) a(33,97) a(3,83) r(32,60) d(2) a(1,64)
58; d(31) a(35,70) d(35) r(34,64) a(1,33)
59; r(34,36) d(35) r(28,78) r(25,176) a(33,97) d(3) d(2) r(33,97) d(32)
--------------------------------------------------------------------------------
Evaluation

0; 0.
1; 0.
2; 0.
3; 0.
4; 12.
5; 0.
6; 12.
7; 0.
8; 0.
9; 0.
10; 0.
11; 0.
12; 0.
13; 0.
14; 0.
15; 0.
16; 0.
17; 0.
18; 0.
19; 0.
20; 0.
21; 0.
22; 0.
23; 0.
24; 0.
25; 0.
26; 0.
27; 0.
28; 0.
29; 0.
30; 0.
31; 0.
32; 0.
33; 0.
34; 0.
35; 0.
36; 0.
37; 0.
38; 0.
39; 0.
40; 0.
41; 0.
42; 0.
43; 0.
44; 0.
45; 0.
46; 0.
47; 0.
48; 0.
49; 0.
50; 0.
51; 0.
52; 12.
53; 0.
54; 0.
55; 0.
56; 0.
57; 0.
58; 0.
59; 0.
================================================================================
Generation 9

--------------------------------------------------------------------------------
Selection

0; 10
1; 28
2; 22
3; 49
4; 32
5; 46
6; 39
7; 13
8; 49
9; 17
10; 37
11; 35
12; 18
13; 27
14; 37
15; 57
16; 7
17; 3
18; 14
19; 26
20; 9
21; 11
22; 54
23; 56
24; 38
25; 49
26; 33
27; 56
28; 39
29; 43
30; 24
31; 0
32; 45
33; 50
34; 24
35; 57
36; 50
37; 8
38; 50
39; 11
--------------------------------------------------------------------------------
Crossover

0; 39; d(34) r(35,82) a(34,48) r(33,49) a(1,49) r(25,57) d(3) a(34,83) a(35,52) r(28,31) r(1,76)
1; 46; r(34,36) d(35) r(28,78) r(33,49) a(1,49) d(32) d(27) a(2,51)
2; 11; d(28) a(1,44) r(1,112) r(25,33) d(32) a(34,177) r(35,80)
3; 49; d(31) a(35,70) d(35) r(34,64) a(1,69)
4; 37; d(28) d(35) a(34,108) d(34) a(33,130)
5; 50; r(28,44) a(33,78) d(34) r(3,45) r(35,54) d(1) d(33) d(32) d(27) a(25,35)
6; 7, 0; d(34) a(33,50)
7; 7, 0; d(31) r(28,78) r(25,176) a(33,97) a(3,83) a(2,134) d(34) d(28) a(35,47) d(33)
8; 7; d(34) d(28) a(35,47) d(33)
9; 0; d(31) r(28,78) r(25,176) a(33,97) a(3,83) a(2,134) d(34) a(33,50)
10; 9; d(28) a(1,44) r(1,112) r(25,33) a(2,112) d(34)
11; 57; r(34,36) d(35) r(28,78) r(25,176) a(33,97) a(3,83) r(32,60) d(2) a(1,64)
12; 35, 54; d(28) d(35) d(32) r(25,51) a(33,97) a(3,83) r(32,60) d(2) a(33,28)
13; 35, 54; r(28,44) a(33,78) d(34) a(35,53) a(3,83) a(34,38)
14; 35; d(28) d(35) d(32) a(3,83) a(34,38)
15; 54; r(28,44) a(33,78) d(34) a(35,53) r(25,51) a(33,97) a(3,83) r(32,60) d(2) a(33,28)
16; 56, 26; r(28,44) a(33,78) d(34) a(35,53) r(25,51) d(2) a(34,170)
17; 56, 26; d(31) d(35) r(3,94) a(1,65) d(35) d(1) r(32,82)
18; 56; r(28,44) a(33,78) d(34) a(35,53) r(25,51) d(2) d(35) d(1) r(32,82)
19; 26; d(31) d(35) r(3,94) a(1,65) a(34,170)
20; 43, 27; d(34) d(35) r(3,94) a(1,177) a(1,46) d(35) a(31,49) d(31) d(35) a(31,49) a(34,45) d(34) r(25,176)
21; 43, 27; d(28) d(35) r(32,36) d(34) a(2,50) a(1,177) a(1,46) a(28,25) d(33)
22; 43; d(34) d(35) r(3,94) a(1,177) a(1,46) d(35) a(31,49) d(31) a(28,25) d(33)
23; 27; d(28) d(35) r(32,36) d(34) a(2,50) a(1,177) a(1,46) d(35) a(31,49) a(34,45) d(34) r(25,176)
24; 50; r(28,44) a(33,78) d(34) r(3,45) r(35,54) d(1) d(33) d(32) d(27) a(25,35)
25; 57; r(34,36) d(35) r(28,78) r(25,176) a(33,97) a(3,83) r(32,60) d(2) a(1,64)
26; 13; d(28) a(34,31) r(3,45) d(28) a(2,105) r(32,33) r(34,164)
27; 3; d(31) r(1,177) d(27) a(34,83) a(35,52) d(34) d(35)
28; 38; a(34,78) r(2,170) r(25,100) r(33,84) a(1,53) d(28)
29; 56; r(28,44) a(33,78) d(34) a(35,53) r(25,51) d(2) d(35) d(1) r(32,82)
30; 24; r(34,47) a(1,49) r(1,80) a(35,112) d(35) r(27,57) r(25,54)
31; 24; r(34,47) a(1,49) r(1,80) a(35,112) d(35) r(27,57) r(25,54)
32; 50, 10; r(28,44) a(33,78) d(34) r(3,45) d(32) r(33,70) d(32) a(2,112) d(2)
33; 50, 10; d(28) d(35) r(34,1) d(33) r(35,54) d(1) d(33) d(32) d(27) a(25,35)
34; 50; r(28,44) a(33,78) d(34) r(3,45) r(35,54) d(1) d(33) d(32) d(27) a(25,35)
35; 10; d(28) d(35) r(34,1) d(33) d(32) r(33,70) d(32) a(2,112) d(2)
36; 18, 11; a(34,78) d(31) a(35,176) r(33,108) r(28,78) d(32) a(34,177) r(35,80)
37; 18, 11; d(28) a(1,44) r(1,112) r(25,33) r(25,176) d(32) r(2,27)
38; 18; a(34,78) d(31) a(35,176) r(33,108) r(28,78) r(25,176) d(32) r(2,27)
39; 11; d(28) a(1,44) r(1,112) r(25,33) d(32) a(34,177) r(35,80)
40; 37, 49; d(28) r(34,64) a(1,69)
41; 37, 49; d(31) a(35,70) d(35) d(35) a(34,108) d(34) a(33,130)
42; 37; d(28) d(35) a(34,108) d(34) a(33,130)
43; 49; d(31) a(35,70) d(35) r(34,64) a(1,69)
44; 33; r(34,36) d(35) r(28,78) r(25,176) a(33,97) d(3) d(2) r(33,97) a(32,76)
45; 22; r(34,47) a(1,49) r(32,130) a(27,130) d(31)
46; 32; r(34,47) a(1,49) r(1,80) a(35,112) d(35) r(27,57) d(28)
47; 14; r(34,47) r(25,77) r(33,76) r(3,45) d(28) a(2,105) r(32,33) a(2,57)
48; 45; r(34,47) r(25,77) r(33,76) r(3,45) d(28) r(27,164) d(32) d(27) d(2)
49; 28; d(31) d(35) r(3,94) a(1,177) a(1,46) d(35) a(31,49) a(34,45) d(34) d(28)
50; 49; d(31) a(35,70) d(35) r(34,64) a(1,69)
51; 17; d(31) r(1,177) d(27) a(34,83) a(35,52) d(34) a(25,52)
52; 39; d(34) r(35,82) a(34,48) r(33,49) a(1,49) r(25,57) d(3) a(34,83) a(35,52) r(28,31) r(1,76)
53; 8; d(28) d(35) r(34,1) d(33) d(32) r(33,70) d(32) d(32) a(34,177) r(2,87)
--------------------------------------------------------------------------------
Mutation

0; d(34) r(35,82) a(34,48) r(33,49) a(1,49) r(25,57) d(3) a(34,83) a(35,52) r(28,31) r(1,76) d(32)
1; r(34,36) d(35) r(28,78) r(33,49) a(1,49) d(32) d(27) a(2,51) d(2)
2; d(28) a(1,44) r(1,112) r(25,33) d(32) a(34,177) r(35,80) a(33,86)
3; d(31) a(35,70) d(35) r(34,64) a(1,69) d(25)
4; d(28) d(35) a(34,108) d(34) a(33,130) r(33,77)
5; r(28,44) a(33,78) d(34) r(3,45) r(35,54) d(1) d(33) d(32) d(27) a(25,35) r(25,108)
6; d(34) a(33,50) d(31)
7; d(31) r(28,78) r(25,176) a(33,97) a(3,83) a(2,134) d(34) d(28) a(35,47) d(33) d(1)
8; d(34) d(28) a(35,47) d(33) r(3,178)
9; d(31) r(28,78) r(25,176) a(33,97) a(3,83) a(2,134) d(34) a(33,50) d(32)
10; d(28) a(1,44) r(1,112) r(25,33) a(2,112) d(34) a(35,51)
11; r(34,36) d(35) r(28,78) r(25,176) a(33,97) a(3,83) r(32,60) d(2) a(1,64) a(33,52)
12; d(28) d(35) d(32) r(25,51) a(33,97) a(3,83) r(32,60) d(2) a(33,28) a(34,34)
13; r(28,44) a(33,78) d(34) a(35,53) a(3,83) a(34,38) a(25,34)
14; d(28) d(35) d(32) a(3,83) a(34,38) a(34,50)
15; r(28,44) a(33,78) d(34) a(35,53) r(25,51) a(33,97) a(3,83) r(32,60) d(2) a(33,28) r(35,100)
16; r(28,44) a(33,78) d(34) a(35,53) r(25,51) d(2) a(34,170) r(35,134)
17; d(31) d(35) r(3,94) a(1,65) d(35) d(1) r(32,82) d(34)
18; r(28,44) a(33,78) d(34) a(35,53) r(25,51) d(2) d(35) d(1) r(32,82) d(33)
19; d(31) d(35) r(3,94) a(1,65) a(34,170) a(34,112)
20; d(34) d(35) r(3,94) a(1,177) a(1,46) d(35) a(31,49) d(31) d(35) a(31,49) a(34,45) d(34) r(25,176) a(28,87)
21; d(28) d(35) r(32,36) d(34) a(2,50) a(1,177) a(1,46) a(28,25) d(33) d(27)
22; d(34) d(35) r(3,94) a(1,177) a(1,46) d(35) a(31,49) d(31) a(28,25) d(33) r(28,65)
23; d(28) d(35) r(32,36) d(34) a(2,50) a(1,177) a(1,46) d(35) a(31,49) a(34,45) d(34) r(25,176) d(3)
24; r(28,44) a(33,78) d(34) r(3,45) r(35,54) d(1) d(33) d(32) d(27) a(25,35) a(25,69)
25; r(34,36) d(35) r(28,78) r(25,176) a(33,97) a(3,83) r(32,60) d(2) a(1,64) d(1)
26; d(28) a(34,31) r(3,45) d(28) a(2,105) r(32,33) r(34,164) r(35,34)
27; d(31) r(1,177) d(27) a(34,83) a(35,52) d(34) d(35) d(25)
28; a(34,78) r(2,170) r(25,100) r(33,84) a(1,53) d(28) d(1)
29; r(28,44) a(33,78) d(34) a(35,53) r(25,51) d(2) d(35) d(1) r(32,82) d(33)
30; r(34,47) a(1,49) r(1,80) a(35,112) d(35) r(27,57) r(25,54) a(33,33)
31; r(34,47) a(1,49) r(1,80) a(35,112) d(35) r(27,57) r(25,54) a(31,28)
32; r(28,44) a(33,78) d(34) r(3,45) d(32) r(33,70) d(32) a(2,112) d(2) r(1,99)
33; d(28) d(35) r(34,1) d(33) r(35,54) d(1) d(33) d(32) d(27) a(25,35) r(25,78)
34; r(28,44) a(33,78) d(34) r(3,45) r(35,54) d(1) d(33) d(32) d(27) a(25,35) a(25,38)
35; d(28) d(35) r(34,1) d(33) d(32) r(33,70) d(32) a(2,112) d(2) r(27,35)
36; a(34,78) d(31) a(35,176) r(33,108) r(28,78) d(32) a(34,177) r(35,80) r(1,76)
37; d(28) a(1,44) r(1,112) r(25,33) r(25,176) d(32) r(2,27) r(34,37)
38; a(34,78) d(31) a(35,176) r(33,108) r(28,78) r(25,176) d(32) r(2,27) r(1,60)
39; d(28) a(1,44) r(1,112) r(25,33) d(32) a(34,177) r(35,80) a(34,94)
40; d(28) r(34,64) a(1,69) d(32)
41; d(31) a(35,70) d(35) d(35) a(34,108) d(34) a(33,130) a(28,27)
42; d(28) d(35) a(34,108) d(34) a(33,130) a(2,33)
43; d(31) a(35,70) d(35) r(34,64) a(1,69) r(33,69)
44; r(34,36) d(35) r(28,78) r(25,176) a(33,97) d(3) d(2) r(33,97) a(32,76) a(1,36)
45; r(34,47) a(1,49) r(32,130) a(27,130) d(31) d(35)
46; r(34,47) a(1,49) r(1,80) a(35,112) d(35) r(27,57) d(28) r(25,52)
47; r(34,47) r(25,77) r(33,76) r(3,45) d(28) a(2,105) r(32,33) a(2,57) a(1,54)
48; r(34,47) r(25,77) r(33,76) r(3,45) d(28) r(27,164) d(32) d(27) d(2) a(1,1)
49; d(31) d(35) r(3,94) a(1,177) a(1,46) d(35) a(31,49) a(34,45) d(34) d(28) r(2,97)
50; d(31) a(35,70) d(35) r(34,64) a(1,69) r(33,100)
51; d(31) r(1,177) d(27) a(34,83) a(35,52) d(34) a(25,52) r(35,38)
52; d(34) r(35,82) a(34,48) r(33,49) a(1,49) r(25,57) d(3) a(34,83) a(35,52) r(28,31) r(1,76) d(32)
53; d(28) d(35) r(34,1) d(33) d(32) r(33,70) d(32) d(32) a(34,177) r(2,87) d(27)
--------------------------------------------------------------------------------
Evaluation

0; 0.
1; 0.
2; 0.
3; 0.
4; 0.
5; 0.
6; 0.
7; 0.
8; 12.
9; 0.
10; 0.
11; 0.
12; 0.
13; 0.
14; 0.
15; 0.
16; 0.
17; 0.
18; 0.
19; 0.
20; 0.
21; 0.
22; 0.
23; 0.
24; 0.
25; 0.
26; 0.
27; 0.
28; 0.
29; 0.
30; 0.
31; 0.
32; 0.
33; 0.
34; 0.
35; 0.
36; 0.
37; 0.
38; 0.
39; 0.
40; 0.
41; 0.
42; 0.
43; 0.
44; 0.
45; 0.
46; 0.
47; 0.
48; 0.
49; 0.
50; 0.
51; 0.
52; 0.
53; 0.
================================================================================
Generation 10

--------------------------------------------------------------------------------
Selection

0; 0
1; 21
2; 45
3; 31
4; 12
5; 37
6; 31
7; 49
8; 16
9; 39
10; 25
11; 19
12; 41
13; 35
14; 3
15; 30
16; 37
17; 32
18; 49
19; 6
20; 22
21; 4
22; 26
23; 33
24; 16
25; 26
26; 29
27; 24
28; 41
29; 33
30; 31
31; 19
32; 48
33; 16
34; 34
35; 0
36; 53
37; 11
38; 9
39; 4
--------------------------------------------------------------------------------
Crossover

0; 9; d(31) r(28,78) r(25,176) a(33,97) a(3,83) a(2,134) d(34) a(33,50) d(32)
1; 6; d(34) a(33,50) d(31)
2; 0, 16; d(34) r(35,82) a(34,48) r(33,49) a(1,49) r(25,57) d(3) a(33,78) d(34) a(35,53) r(25,51) d(2) a(34,170) r(35,134)
3; 0, 16; r(28,44) a(34,83) a(35,52) r(28,31) r(1,76) d(32)
4; 0; d(34) r(35,82) a(34,48) r(33,49) a(1,49) r(25,57) d(3) a(34,83) a(35,52) r(28,31) r(1,76) d(32)
5; 16; r(28,44) a(33,78) d(34) a(35,53) r(25,51) d(2) a(34,170) r(35,134)
6; 41; d(31) a(35,70) d(35) d(35) a(34,108) d(34) a(33,130) a(28,27)
7; 21; d(28) d(35) r(32,36) d(34) a(2,50) a(1,177) a(1,46) a(28,25) d(33) d(27)
8; 37, 22; d(28) a(1,44) r(1,112) r(25,33) r(25,176) d(32) r(2,27) r(34,37) d(33) r(28,65)
9; 37, 22; d(34) d(35) r(3,94) a(1,177) a(1,46) d(35) a(31,49) d(31) a(28,25)
10; 37; d(28) a(1,44) r(1,112) r(25,33) r(25,176) d(32) r(2,27) r(34,37)
11; 22; d(34) d(35) r(3,94) a(1,177) a(1,46) d(35) a(31,49) d(31) a(28,25) d(33) r(28,65)
12; 26, 34; d(28) a(34,31) r(3,45) d(28) d(27) a(25,35) a(25,38)
13; 26, 34; r(28,44) a(33,78) d(34) r(3,45) r(35,54) d(1) d(33) d(32) a(2,105) r(32,33) r(34,164) r(35,34)
14; 26; d(28) a(34,31) r(3,45) d(28) a(2,105) r(32,33) r(34,164) r(35,34)
15; 34; r(28,44) a(33,78) d(34) r(3,45) r(35,54) d(1) d(33) d(32) d(27) a(25,35) a(25,38)
16; 31, 11; r(34,47) a(1,49) r(1,80) a(35,112) r(28,78) r(25,176) a(33,97) a(3,83) r(32,60) d(2) a(1,64) a(33,52)
17; 31, 11; r(34,36) d(35) d(35) r(27,57) r(25,54) a(31,28)
18; 31; r(34,47) a(1,49) r(1,80) a(35,112) d(35) r(27,57) r(25,54) a(31,28)
19; 11; r(34,36) d(35) r(28,78) r(25,176) a(33,97) a(3,83) r(32,60) d(2) a(1,64) a(33,52)
20; 3; d(31) a(35,70) d(35) r(34,64) a(1,69) d(25)
21; 33; d(28) d(35) r(34,1) d(33) r(35,54) d(1) d(33) d(32) d(27) a(25,35) r(25,78)
22; 24, 35; r(28,44) a(33,78) d(34) r(3,45) d(33) d(32) r(33,70) d(32) a(2,112) d(2) r(27,35)
23; 24, 35; d(28) d(35) r(34,1) r(35,54) d(1) d(33) d(32) d(27) a(25,35) a(25,69)
24; 24; r(28,44) a(33,78) d(34) r(3,45) r(35,54) d(1) d(33) d(32) d(27) a(25,35) a(25,69)
25; 35; d(28) d(35) r(34,1) d(33) d(32) r(33,70) d(32) a(2,112) d(2) r(27,35)
26; 12; d(28) d(35) d(32) r(25,51) a(33,97) a(3,83) r(32,60) d(2) a(33,28) a(34,34)
27; 19; d(31) d(35) r(3,94) a(1,65) a(34,170) a(34,112)
28; 4, 0; d(28) d(35) a(34,108) d(34) a(33,130)
29; 4, 0; d(34) r(35,82) a(34,48) r(33,49) a(1,49) r(25,57) d(3) a(34,83) a(35,52) r(28,31) r(1,76) d(32) r(33,77)
30; 4; d(28) d(35) a(34,108) d(34) a(33,130) r(33,77)
31; 0; d(34) r(35,82) a(34,48) r(33,49) a(1,49) r(25,57) d(3) a(34,83) a(35,52) r(28,31) r(1,76) d(32)
32; 16, 53; r(28,44) r(34,1) d(33) d(32) r(33,70) d(32) d(32) a(34,177) r(2,87) d(27)
33; 16, 53; d(28) d(35) a(33,78) d(34) a(35,53) r(25,51) d(2) a(34,170) r(35,134)
34; 16; r(28,44) a(33,78) d(34) a(35,53) r(25,51) d(2) a(34,170) r(35,134)
35; 53; d(28) d(35) r(34,1) d(33) d(32) r(33,70) d(32) d(32) a(34,177) r(2,87) d(27)
36; 31, 30; r(34,47) a(1,49) r(1,80) a(35,112) d(35) r(27,57) r(25,54) a(35,112) d(35) r(27,57) r(25,54) a(33,33)
37; 31, 30; r(34,47) a(1,49) r(1,80) a(31,28)
38; 31; r(34,47) a(1,49) r(1,80) a(35,112) d(35) r(27,57) r(25,54) a(31,28)
39; 30; r(34,47) a(1,49) r(1,80) a(35,112) d(35) r(27,57) r(25,54) a(33,33)
40; 19, 4; d(31) d(34) a(33,130) r(33,77)
41; 19, 4; d(28) d(35) a(34,108) d(35) r(3,94) a(1,65) a(34,170) a(34,112)
42; 19; d(31) d(35) r(3,94) a(1,65) a(34,170) a(34,112)
43; 4; d(28) d(35) a(34,108) d(34) a(33,130) r(33,77)
44; 31, 37; r(34,47) a(1,49) r(1,80) r(1,112) r(25,33) r(25,176) d(32) r(2,27) r(34,37)
45; 31, 37; d(28) a(1,44) a(35,112) d(35) r(27,57) r(25,54) a(31,28)
46; 31; r(34,47) a(1,49) r(1,80) a(35,112) d(35) r(27,57) r(25,54) a(31,28)
47; 37; d(28) a(1,44) r(1,112) r(25,33) r(25,176) d(32) r(2,27) r(34,37)
48; 26; d(28) a(34,31) r(3,45) d(28) a(2,105) r(32,33) r(34,164) r(35,34)
49; 33; d(28) d(35) r(34,1) d(33) r(35,54) d(1) d(33) d(32) d(27) a(25,35) r(25,78)
50; 41; d(31) a(35,70) d(35) d(35) a(34,108) d(34) a(33,130) a(28,27)
51; 25; r(34,36) d(35) r(28,78) r(25,176) a(33,97) a(3,83) r(32,60) d(2) a(1,64) d(1)
52; 16, 49; r(28,44) a(33,78) d(34) a(35,53) r(25,51)
53; 16, 49; d(31) d(35) r(3,94) a(1,177) a(1,46) d(35) a(31,49) a(34,45) d(34) d(28) r(2,97) d(2) a(34,170) r(35,134)
54; 16; r(28,44) a(33,78) d(34) a(35,53) r(25,51) d(2) a(34,170) r(35,134)
55; 49; d(31) d(35) r(3,94) a(1,177) a(1,46) d(35) a(31,49) a(34,45) d(34) d(28) r(2,97)
56; 49; d(31) d(35) r(3,94) a(1,177) a(1,46) d(35) a(31,49) a(34,45) d(34) d(28) r(2,97)
57; 39; d(28) a(1,44) r(1,112) r(25,33) d(32) a(34,177) r(35,80) a(34,94)
58; 29; r(28,44) a(33,78) d(34) a(35,53) r(25,51) d(2) d(35) d(1) r(32,82) d(33)
59; 32; r(28,44) a(33,78) d(34) r(3,45) d(32) r(33,70) d(32) a(2,112) d(2) r(1,99)
60; 48, 45; r(34,47) r(32,130) a(27,130) d(31) d(35)
61; 48, 45; r(34,47) a(1,49) r(25,77) r(33,76) r(3,45) d(28) r(27,164) d(32) d(27) d(2) a(1,1)
62; 48; r(34,47) r(25,77) r(33,76) r(3,45) d(28) r(27,164) d(32) d(27) d(2) a(1,1)
63; 45; r(34,47) a(1,49) r(32,130) a(27,130) d(31) d(35)
--------------------------------------------------------------------------------
Mutation

0; d(31) r(28,78) r(25,176) a(33,97) a(3,83) a(2,134) d(34) a(33,50) d(32) d(35)
1; d(34) a(33,50) d(31) a(35,97)
2; d(34) r(35,82) a(34,48) r(33,49) a(1,49) r(25,57) d(3) a(33,78) d(34) a(35,53) r(25,51) d(2) a(34,170) r(35,134) r(28,158)
3; r(28,44) a(34,83) a(35,52) r(28,31) r(1,76) d(32) d(27)
4; d(34) r(35,82) a(34,48) r(33,49) a(1,49) r(25,57) d(3) a(34,83) a(35,52) r(28,31) r(1,76) d(32)
5; r(28,44) a(33,78) d(34) a(35,53) r(25,51) d(2) a(34,170) r(35,134) a(1,65)
6; d(31) a(35,70) d(35) d(35) a(34,108) d(34) a(33,130) a(28,27) r(27,76)
7; d(28) d(35) r(32,36) d(34) a(2,50) a(1,177) a(1,46) a(28,25) d(33) d(27) d(25)
8; d(28) a(1,44) r(1,112) r(25,33) r(25,176) d(32) r(2,27) r(34,37) d(33) r(28,65)
9; d(34) d(35) r(3,94) a(1,177) a(1,46) d(35) a(31,49) d(31) a(28,25) d(2)
10; d(28) a(1,44) r(1,112) r(25,33) r(25,176) d(32) r(2,27) r(34,37) r(35,28)
11; d(34) d(35) r(3,94) a(1,177) a(1,46) d(35) a(31,49) d(31) a(28,25) d(33) r(28,65) a(1,70)
12; d(28) a(34,31) r(3,45) d(28) d(27) a(25,35) a(25,38) d(1)
13; r(28,44) a(33,78) d(34) r(3,45) r(35,54) d(1) d(33) d(32) a(2,105) r(32,33) r(34,164) r(35,34) r(27,62)
14; d(28) a(34,31) r(3,45) d(28) a(2,105) r(32,33) r(34,164) r(35,34) d(27)
15; r(28,44) a(33,78) d(34) r(3,45) r(35,54) d(1) d(33) d(32) d(27) a(25,35) a(25,38) a(25,130)
16; r(34,47) a(1,49) r(1,80) a(35,112) r(28,78) r(25,176) a(33,97) a(3,83) r(32,60) d(2) a(1,64) a(33,52) a(35,57)
17; r(34,36) d(35) d(35) r(27,57) r(25,54) a(31,28) r(33,54)
18; r(34,47) a(1,49) r(1,80) a(35,112) d(35) r(27,57) r(25,54) a(31,28) a(33,108)
19; r(34,36) d(35) r(28,78) r(25,176) a(33,97) a(3,83) r(32,60) d(2) a(1,64) a(33,52) r(1,86)
20; d(31) a(35,70) d(35) r(34,64) a(1,69) d(25) r(2,60)
21; d(28) d(35) r(34,1) d(33) r(35,54) d(1) d(33) d(32) d(27) a(25,35) r(25,78)
22; r(28,44) a(33,78) d(34) r(3,45) d(33) d(32) r(33,70) d(32) a(2,112) d(2) r(27,35) r(1,87)
23; d(28) d(35) r(34,1) r(35,54) d(1) d(33) d(32) d(27) a(25,35) a(25,69) r(25,164)
24; r(28,44) a(33,78) d(34) r(3,45) r(35,54) d(1) d(33) d(32) d(27) a(25,35) a(25,69) d(25)
25; d(28) d(35) r(34,1) d(33) d(32) r(33,70) d(32) a(2,112) d(2) r(27,35) a(1,148)
26; d(28) d(35) d(32) r(25,51) a(33,97) a(3,83) r(32,60) d(2) a(33,28) a(34,34) r(33,94)
27; d(31) d(35) r(3,94) a(1,65) a(34,170) a(34,112) d(32)
28; d(28) d(35) a(34,108) d(34) a(33,130) a(32,76)
29; d(34) r(35,82) a(34,48) r(33,49) a(1,49) r(25,57) d(3) a(34,83) a(35,52) r(28,31) r(1,76) d(32) r(33,77)
30; d(28) d(35) a(34,108) d(34) a(33,130) r(33,77) d(27)
31; d(34) r(35,82) a(34,48) r(33,49) a(1,49) r(25,57) d(3) a(34,83) a(35,52) r(28,31) r(1,76) d(32)
32; r(28,44) r(34,1) d(33) d(32) r(33,70) d(32) d(32) a(34,177) r(2,87) d(27) r(25,83)
33; d(28) d(35) a(33,78) d(34) a(35,53) r(25,51) d(2) a(34,170) r(35,134) d(32)
34; r(28,44) a(33,78) d(34) a(35,53) r(25,51) d(2) a(34,170) r(35,134) d(33)
35; d(28) d(35) r(34,1) d(33) d(32) r(33,70) d(32) d(32) a(34,177) r(2,87) d(27) r(25,97)
36; r(34,47) a(1,49) r(1,80) a(35,112) d(35) r(27,57) r(25,54) a(35,112) d(35) r(27,57) r(25,54) a(33,33) d(32)
37; r(34,47) a(1,49) r(1,80) a(31,28) a(31,76)
38; r(34,47) a(1,49) r(1,80) a(35,112) d(35) r(27,57) r(25,54) a(31,28) d(33)
39; r(34,47) a(1,49) r(1,80) a(35,112) d(35) r(27,57) r(25,54) a(33,33) r(32,148)
40; d(31) d(34) a(33,130) r(33,77) r(2,37)
41; d(28) d(35) a(34,108) d(35) r(3,94) a(1,65) a(34,170) a(34,112) a(34,34)
42; d(31) d(35) r(3,94) a(1,65) a(34,170) a(34,112) r(33,94)
43; d(28) d(35) a(34,108) d(34) a(33,130) r(33,77) a(2,108)
44; r(34,47) a(1,49) r(1,80) r(1,112) r(25,33) r(25,176) d(32) r(2,27) r(34,37) r(35,1)
45; d(28) a(1,44) a(35,112) d(35) r(27,57) r(25,54) a(31,28) a(34,158)
46; r(34,47) a(1,49) r(1,80) a(35,112) d(35) r(27,57) r(25,54) a(31,28) r(32,108)
47; d(28) a(1,44) r(1,112) r(25,33) r(25,176) d(32) r(2,27) r(34,37) d(35)
48; d(28) a(34,31) r(3,45) d(28) a(2,105) r(32,33) r(34,164) r(35,34) d(33)
49; d(28) d(35) r(34,1) d(33) r(35,54) d(1) d(33) d(32) d(27) a(25,35) r(25,78)
50; d(31) a(35,70) d(35) d(35) a(34,108) d(34) a(33,130) a(28,27) d(32)
51; r(34,36) d(35) r(28,78) r(25,176) a(33,97) a(3,83) r(32,60) d(2) a(1,64) d(1) d(33)
52; r(28,44) a(33,78) d(34) a(35,53) r(25,51) a(35,82)
53; d(31) d(35) r(3,94) a(1,177) a(1,46) d(35) a(31,49) a(34,45) d(34) d(28) r(2,97) d(2) a(34,170) r(35,134) a(32,108)
54; r(28,44) a(33,78) d(34) a(35,53) r(25,51) d(2) a(34,170) r(35,134) r(33,95)
55; d(31) d(35) r(3,94) a(1,177) a(1,46) d(35) a(31,49) a(34,45) d(34) d(28) r(2,97) a(27,44)
56; d(31) d(35) r(3,94) a(1,177) a(1,46) d(35) a(31,49) a(34,45) d(34) d(28) r(2,97) r(33,70)
57; d(28) a(1,44) r(1,112) r(25,33) d(32) a(34,177) r(35,80) a(34,94) r(34,50)
58; r(28,44) a(33,78) d(34) a(35,53) r(25,51) d(2) d(35) d(1) r(32,82) d(33)
59; r(28,44) a(33,78) d(34) r(3,45) d(32) r(33,70) d(32) a(2,112) d(2) r(1,99) d(25)
60; r(34,47) r(32,130) a(27,130) d(31) d(35) r(3,52)
61; r(34,47) a(1,49) r(25,77) r(33,76) r(3,45) d(28) r(27,164) d(32) d(27) d(2) a(1,1) a(1,83)
62; r(34,47) r(25,77) r(33,76) r(3,45) d(28) r(27,164) d(32) d(27) d(2) a(1,1) r(1,112)
63; r(34,47) a(1,49) r(32,130) a(27,130) d(31) d(35) d(1)
--------------------------------------------------------------------------------
Evaluation

0; 0.
1; 0.
2; 0.
3; 0.
4; 0.
5; 0.
6; 0.
7; 0.
8; 0.
9; 0.
10; 0.
11; 0.
12; 0.
13; 0.
14; 0.
15; 0.
16; 0.
17; 4.
18; 0.
19; 0.
20; 0.
21; 0.
22; 0.
23; 0.
24; 0.
25; 0.
26; 0.
27; 0.
28; 0.
29; 0.
30; 0.
31; 0.
32; 0.
33; 0.
34; 0.
35; 0.
36; 0.
37; 0.
38; 0.
39; 0.
40; 0.
41; 0.
42; 0.
43; 0.
44; 0.
45; 0.
46; 0.
47; 0.
48; 0.
49; 0.
50; 0.
51; 0.
52; 0.
53; 0.
54; 0.
55; 0.
56; 0.
57; 0.
58; 0.
59; 0.
60; 0.
61; 0.
62; 0.
63; 0.
