================================================================================
Enclosure

1: 0
2: 1
3: 2
4: 3
7: 1
8: 7
10: 0
12: 0
14: 0
15: 0
16: 15
17: 15
22: 7
23: 1
24: 1
25: 0
26: 25
27: 25
28: 0
29: 28
30: 28
31: 28
32: 0
33: 0
34: 33
35: 33
36: 33
37: 0
38: 0
39: 38
40: 38
41: 40
42: 40
43: 40
44: 38
45: 0
46: 0
47: 0
48: 0
49: 0
50: 49
51: 49
52: 49
53: 52
54: 52
55: 52
56: 55
57: 56
60: 49
61: 49
62: 61
64: 49
65: 49
67: 0
69: 67
70: 0
72: 0
75: 49
76: 0
77: 0
78: 77
79: 77
80: 79
82: 77
83: 77
84: 83
85: 83
86: 77
87: 77
89: 0
90: 0
94: 0
95: 94
96: 94
97: 96
99: 94
100: 94
102: 0
105: 0
106: 0
107: 106
108: 107
110: 106
111: 110
112: 110
113: 106
114: 106
115: 0
116: 115
117: 115
118: 117
119: 117
120: 119
121: 119
122: 117
123: 115
124: 0
125: 0
126: 0
127: 126
128: 126
129: 126
130: 129
132: 126
133: 126
134: 133
135: 133
136: 126
138: 136
139: 126
140: 126
141: 126
142: 0
143: 142
144: 143
146: 142
147: 0
148: 0
149: 0
150: 0
151: 150
152: 150
153: 150
154: 150
155: 150
156: 155
158: 155
159: 150
160: 159
161: 159
162: 161
164: 159
165: 150
166: 165
167: 165
168: 167
169: 167
170: 165
171: 150
172: 150
173: 150
174: 173
176: 173
177: 150
178: 0
================================================================================
Initialisation

0; r(25,50); 4.
1; a(27,164); 4.
2; r(35,64); 4.
3; a(35,28); 4.
4; a(35,80); 4.
5; r(35,44); 4.
6; a(34,82); 4.
7; a(34,95); 4.
8; a(34,112); 4.
9; r(35,76); 4.
10; a(35,108); 4.
11; a(27,94); 0.
12; d(33); 4.
13; a(34,47); 4.
14; r(1,27); 4.
15; d(35); 4.
16; r(1,34); 4.
17; d(34); 4.
18; a(35,138); 4.
19; r(34,60); 4.
20; r(31,83); 0.
21; d(34); 4.
22; a(35,32); 4.
23; d(34); 4.
24; d(34); 4.
25; r(35,53); 4.
26; a(25,86); 4.
27; a(35,95); 4.
28; r(35,100); 4.
29; a(34,32); 4.
30; a(27,65); 4.
31; d(33); 4.
32; r(31,37); 0.
33; d(28); 0.
34; r(28,49); 0.
35; d(3); 12.
36; a(35,57); 4.
37; d(34); 4.
38; a(2,176); 4.
39; original; 4.
================================================================================
Generation 1

--------------------------------------------------------------------------------
Selection

0; 5
1; 11
2; 6
3; 14
4; 24
5; 24
6; 33
7; 20
8; 20
9; 18
10; 33
11; 5
12; 16
13; 7
14; 20
15; 27
16; 20
17; 23
18; 22
19; 29
20; 32
21; 37
22; 38
23; 23
24; 14
25; 21
26; 19
27; 6
28; 1
29; 6
30; 21
31; 9
32; 2
33; 15
34; 34
35; 33
36; 29
37; 12
38; 32
39; 29
--------------------------------------------------------------------------------
Crossover

0; 20, 23; r(31,83)
1; 20, 23; d(34)
2; 20; r(31,83)
3; 23; d(34)
4; 24; d(34)
5; 22; a(35,32)
6; 24; d(34)
7; 20; r(31,83)
8; 19, 7; r(34,60)
9; 19, 7; a(34,95)
10; 19; r(34,60)
11; 7; a(34,95)
12; 21; d(34)
13; 20; r(31,83)
14; 14, 16; r(1,27)
15; 14, 16; r(1,34)
16; 14; r(1,27)
17; 16; r(1,34)
18; 1; a(27,164)
19; 29; a(34,32)
20; 33; d(28)
21; 21; d(34)
22; 29, 32; a(34,32)
23; 29, 32; r(31,37)
24; 29; a(34,32)
25; 32; r(31,37)
26; 2, 15; r(35,64)
27; 2, 15; d(35)
28; 2; r(35,64)
29; 15; d(35)
30; 34; r(28,49)
31; 38; a(2,176)
32; 6; a(34,82)
33; 6; a(34,82)
34; 27, 18; a(35,95)
35; 27, 18; a(35,138)
36; 27; a(35,95)
37; 18; a(35,138)
38; 14, 23; r(1,27)
39; 14, 23; d(34)
40; 14; r(1,27)
41; 23; d(34)
42; 5, 9; r(35,44)
43; 5, 9; r(35,76)
44; 5; r(35,44)
45; 9; r(35,76)
46; 20, 37; r(31,83)
47; 20, 37; d(34)
48; 20; r(31,83)
49; 37; d(34)
50; 5, 6; r(35,44)
51; 5, 6; a(34,82)
52; 5; r(35,44)
53; 6; a(34,82)
54; 12; d(33)
55; 29; a(34,32)
56; 11; a(27,94)
57; 32; r(31,37)
58; 33, 33; d(28)
59; 33, 33; d(28)
60; 33; d(28)
61; 33; d(28)
--------------------------------------------------------------------------------
Mutation

0; r(31,83) d(34)
1; d(34) a(33,148)
2; r(31,83) a(34,54)
3; d(34) d(31)
4; d(34) a(35,134)
5; a(35,32) r(35,177)
6; d(34) a(35,31)
7; r(31,83) r(34,32)
8; r(34,60) r(31,86)
9; a(34,95) r(35,54)
10; r(34,60) a(35,28)
11; a(34,95) a(35,54)
12; d(34) d(3)
13; r(31,83) a(25,57)
14; r(1,27) d(32)
15; r(1,34) a(35,176)
16; r(1,27) a(35,45)
17; r(1,34) d(34)
18; a(27,164) d(35)
19; a(34,32) d(31)
20; d(28) r(35,57)
21; d(34) r(35,32)
22; a(34,32) r(1,60)
23; r(31,37) a(32,34)
24; a(34,32) r(3,38)
25; r(31,37) a(34,57)
26; r(35,64) r(27,80)
27; d(35) d(25)
28; r(35,64) r(32,69)
29; d(35) a(34,49)
30; r(28,49) a(34,170)
31; a(2,176) a(34,99)
32; a(34,82) d(2)
33; a(34,82) d(3)
34; a(35,95) d(35)
35; a(35,138) r(27,1)
36; a(35,95) d(1)
37; a(35,138) a(34,176)
38; r(1,27) d(34)
39; d(34) a(35,31)
40; r(1,27) r(34,82)
41; d(34) r(35,34)
42; r(35,44) d(34)
43; r(35,76) d(32)
44; r(35,44) r(34,112)
45; r(35,76) d(27)
46; r(31,83) r(34,62)
47; d(34) a(28,105)
48; r(31,83) d(34)
49; d(34) d(35)
50; r(35,44) a(34,54)
51; a(34,82) d(34)
52; r(35,44) r(28,82)
53; a(34,82) a(27,148)
54; d(33) r(27,83)
55; a(34,32) d(34)
56; a(27,94) d(31)
57; r(31,37) a(34,108)
58; d(28) r(35,60)
59; d(28) r(27,105)
60; d(28) a(34,27)
61; d(28) a(35,83)
--------------------------------------------------------------------------------
Evaluation

0; 0.
1; 0.
2; 0.
3; 0.
4; 4.
5; 4.
6; 4.
7; 0.
8; 0.
9; 4.
10; 4.
11; 4.
12; 12.
13; 0.
14; 0.
15; 4.
16; 4.
17; 4.
18; 4.
19; 0.
20; 0.
21; 4.
22; 0.
23; 0.
24; 12.
25; 0.
26; 4.
27; 4.
28; 0.
29; 4.
30; 0.
31; 4.
32; 0.
33; 12.
34; 4.
35; 4.
36; 4.
37; 4.
38; 4.
39; 4.
40; 4.
41; 4.
42; 4.
43; 0.
44; 4.
45; 4.
46; 0.
47; 12.
48; 0.
49; 4.
50; 4.
51; 4.
52; 0.
53; 0.
54; 4.
55; 4.
56; 0.
57; 0.
58; 0.
59; 12.
60; 0.
61; 0.
================================================================================
Generation 2

--------------------------------------------------------------------------------
Selection

0; 58
1; 45
2; 48
3; 8
4; 28
5; 8
6; 9
7; 0
8; 34
9; 35
10; 1
11; 2
12; 50
13; 43
14; 46
15; 9
16; 2
17; 43
18; 48
19; 25
20; 16
21; 19
22; 23
23; 39
24; 0
25; 45
26; 26
27; 45
28; 19
29; 38
30; 60
31; 44
32; 31
33; 58
34; 21
35; 55
36; 15
37; 56
38; 14
39; 56
--------------------------------------------------------------------------------
Crossover

0; 39; d(34) a(35,31)
1; 9; a(34,95) r(35,54)
2; 50; r(35,44) a(34,54)
3; 1; d(34) a(33,148)
4; 31, 0; a(2,176) d(34)
5; 31, 0; r(31,83) a(34,99)
6; 31; a(2,176) a(34,99)
7; 0; r(31,83) d(34)
8; 45, 25; r(35,76) d(27) a(34,57)
9; 45, 25; r(31,37)
10; 45; r(35,76) d(27)
11; 25; r(31,37) a(34,57)
12; 14; r(1,27) d(32)
13; 15; r(1,34) a(35,176)
14; 60, 44; d(28) a(34,27) r(34,112)
15; 60, 44; r(35,44)
16; 60; d(28) a(34,27)
17; 44; r(35,44) r(34,112)
18; 43; r(35,76) d(32)
19; 48; r(31,83) d(34)
20; 0, 19; r(31,83) d(34)
21; 0, 19; a(34,32) d(31)
22; 0; r(31,83) d(34)
23; 19; a(34,32) d(31)
24; 45, 8; r(35,76) r(31,86)
25; 45, 8; r(34,60) d(27)
26; 45; r(35,76) d(27)
27; 8; r(34,60) r(31,86)
28; 35; a(35,138) r(27,1)
29; 58; d(28) r(35,60)
30; 21, 34; d(34) r(35,32)
31; 21, 34; a(35,95) d(35)
32; 21; d(34) r(35,32)
33; 34; a(35,95) d(35)
34; 8, 38; r(34,60) r(31,86)
35; 8, 38; r(1,27) d(34)
36; 8; r(34,60) r(31,86)
37; 38; r(1,27) d(34)
38; 56, 46; a(27,94) d(31)
39; 56, 46; r(31,83) r(34,62)
40; 56; a(27,94) d(31)
41; 46; r(31,83) r(34,62)
42; 26; r(35,64) r(27,80)
43; 2; r(31,83) a(34,54)
44; 19; a(34,32) d(31)
45; 45; r(35,76) d(27)
46; 16; r(1,27) a(35,45)
47; 9; a(34,95) r(35,54)
48; 56, 55; a(27,94) d(31) d(34)
49; 56, 55; a(34,32)
50; 56; a(27,94) d(31)
51; 55; a(34,32) d(34)
52; 48; r(31,83) d(34)
53; 28; r(35,64) r(32,69)
54; 43; r(35,76) d(32)
55; 23; r(31,37) a(32,34)
56; 58, 2; d(28) r(35,60)
57; 58, 2; r(31,83) a(34,54)
58; 58; d(28) r(35,60)
59; 2; r(31,83) a(34,54)
--------------------------------------------------------------------------------
Mutation

0; d(34) a(35,31) r(35,51)
1; a(34,95) r(35,54) r(34,134)
2; r(35,44) a(34,54) a(2,78)
3; d(34) a(33,148) a(25,97)
4; a(2,176) d(34) r(28,60)
5; r(31,83) a(34,99) a(1,100)
6; a(2,176) a(34,99) r(34,36)
7; r(31,83) d(34) a(3,176)
8; r(35,76) d(27) a(34,57) d(2)
9; r(31,37) r(2,53)
10; r(35,76) d(27) d(34)
11; r(31,37) a(34,57) a(34,99)
12; r(1,27) d(32) r(33,64)
13; r(1,34) a(35,176) r(34,176)
14; d(28) a(34,27) r(34,112) a(35,170)
15; r(35,44) a(34,97)
16; d(28) a(34,27) r(34,51)
17; r(35,44) r(34,112) a(2,177)
18; r(35,76) d(32) a(34,86)
19; r(31,83) d(34) a(28,36)
20; r(31,83) d(34) d(28)
21; a(34,32) d(31) r(35,84)
22; r(31,83) d(34) d(3)
23; a(34,32) d(31) a(34,87)
24; r(35,76) r(31,86) r(34,36)
25; r(34,60) d(27) a(35,87)
26; r(35,76) d(27) r(25,38)
27; r(34,60) r(31,86) a(35,86)
28; a(35,138) r(27,1) a(3,178)
29; d(28) r(35,60) a(2,82)
30; d(34) r(35,32) a(28,76)
31; a(35,95) d(35) d(34)
32; d(34) r(35,32) r(33,82)
33; a(35,95) d(35) a(34,48)
34; r(34,60) r(31,86) d(28)
35; r(1,27) d(34) a(35,46)
36; r(34,60) r(31,86) r(35,97)
37; r(1,27) d(34) d(31)
38; a(27,94) d(31) r(3,34)
39; r(31,83) r(34,62) d(35)
40; a(27,94) d(31) r(34,178)
41; r(31,83) r(34,62) r(1,52)
42; r(35,64) r(27,80) r(32,84)
43; r(31,83) a(34,54) r(34,31)
44; a(34,32) d(31) r(34,148)
45; r(35,76) d(27) r(28,51)
46; r(1,27) a(35,45) r(27,36)
47; a(34,95) r(35,54) d(2)
48; a(27,94) d(31) d(34) r(3,32)
49; a(34,32) d(1)
50; a(27,94) d(31) a(35,50)
51; a(34,32) d(34) d(32)
52; r(31,83) d(34) d(35)
53; r(35,64) r(32,69) d(34)
54; r(35,76) d(32) d(34)
55; r(31,37) a(32,34) a(34,83)
56; d(28) r(35,60) d(32)
57; r(31,83) a(34,54) a(34,1)
58; d(28) r(35,60) a(34,54)
59; r(31,83) a(34,54) a(33,170)
--------------------------------------------------------------------------------
Evaluation

0; 4.
1; 4.
2; 4.
3; 0.
4; 0.
5; 0.
6; 4.
7; 0.
8; 0.
9; 0.
10; 4.
11; 0.
12; 0.
13; 4.
14; 0.
15; 4.
16; 0.
17; 4.
18; 0.
19; 0.
20; 0.
21; 0.
22; 12.
23; 0.
24; 0.
25; 4.
26; 4.
27; 0.
28; 4.
29; 0.
30; 0.
31; 4.
32; 4.
33; 4.
34; 0.
35; 4.
36; 0.
37; 0.
38; 12.
39; 0.
40; 0.
41; 0.
42; 0.
43; 0.
44; 0.
45; 0.
46; 4.
47; 0.
48; 12.
49; 4.
50; 0.
51; 0.
52; 0.
53; 0.
54; 0.
55; 0.
56; 0.
57; 0.
58; 0.
59; 0.
================================================================================
Generation 3

--------------------------------------------------------------------------------
Selection

0; 59
1; 8
2; 41
3; 56
4; 37
5; 49
6; 14
7; 53
8; 42
9; 54
10; 23
11; 40
12; 4
13; 9
14; 59
15; 39
16; 47
17; 37
18; 14
19; 28
20; 29
21; 59
22; 53
23; 40
24; 24
25; 12
26; 20
27; 40
28; 4
29; 51
30; 15
31; 43
32; 9
33; 17
34; 29
35; 52
36; 29
37; 40
38; 27
39; 8
--------------------------------------------------------------------------------
Crossover

0; 27; r(34,60) r(31,86) a(35,86)
1; 4; a(2,176) d(34) r(28,60)
2; 51, 9; a(34,32) d(34) r(2,53)
3; 51, 9; r(31,37) d(32)
4; 51; a(34,32) d(34) d(32)
5; 9; r(31,37) r(2,53)
6; 59, 29; r(31,83) r(35,60) a(2,82)
7; 59, 29; d(28) a(34,54) a(33,170)
8; 59; r(31,83) a(34,54) a(33,170)
9; 29; d(28) r(35,60) a(2,82)
10; 15; r(35,44) a(34,97)
11; 59; r(31,83) a(34,54) a(33,170)
12; 40; a(27,94) d(31) r(34,178)
13; 24; r(35,76) r(31,86) r(34,36)
14; 41; r(31,83) r(34,62) r(1,52)
15; 23; a(34,32) d(31) a(34,87)
16; 9; r(31,37) r(2,53)
17; 52; r(31,83) d(34) d(35)
18; 17, 12; r(35,44) r(34,112)
19; 17, 12; r(1,27) d(32) r(33,64) a(2,177)
20; 17; r(35,44) r(34,112) a(2,177)
21; 12; r(1,27) d(32) r(33,64)
22; 4, 47; a(2,176) d(34) r(28,60)
23; 4, 47; a(34,95) r(35,54) d(2)
24; 4; a(2,176) d(34) r(28,60)
25; 47; a(34,95) r(35,54) d(2)
26; 42; r(35,64) r(27,80) r(32,84)
27; 8; r(35,76) d(27) a(34,57) d(2)
28; 14, 56; d(28) r(35,60) d(32)
29; 14, 56; d(28) a(34,27) r(34,112) a(35,170)
30; 14; d(28) a(34,27) r(34,112) a(35,170)
31; 56; d(28) r(35,60) d(32)
32; 20; r(31,83) d(34) d(28)
33; 54; r(35,76) d(32) d(34)
34; 37; r(1,27) d(34) d(31)
35; 43; r(31,83) a(34,54) r(34,31)
36; 37; r(1,27) d(34) d(31)
37; 39; r(31,83) r(34,62) d(35)
38; 8; r(35,76) d(27) a(34,57) d(2)
39; 40; a(27,94) d(31) r(34,178)
40; 40; a(27,94) d(31) r(34,178)
41; 53; r(35,64) r(32,69) d(34)
42; 53, 29; r(35,64) r(32,69) a(2,82)
43; 53, 29; d(28) r(35,60) d(34)
44; 53; r(35,64) r(32,69) d(34)
45; 29; d(28) r(35,60) a(2,82)
46; 49; a(34,32) d(1)
47; 29; d(28) r(35,60) a(2,82)
48; 14, 28; d(28) a(34,27) r(34,112) a(35,170) r(27,1) a(3,178)
49; 14, 28; a(35,138)
50; 14; d(28) a(34,27) r(34,112) a(35,170)
51; 28; a(35,138) r(27,1) a(3,178)
52; 59; r(31,83) a(34,54) a(33,170)
53; 40; a(27,94) d(31) r(34,178)
--------------------------------------------------------------------------------
Mutation

0; r(34,60) r(31,86) a(35,86) d(35)
1; a(2,176) d(34) r(28,60) r(33,83)
2; a(34,32) d(34) r(2,53) a(28,134)
3; r(31,37) d(32) d(34)
4; a(34,32) d(34) d(32) a(35,35)
5; r(31,37) r(2,53) a(34,36)
6; r(31,83) r(35,60) a(2,82) a(25,44)
7; d(28) a(34,54) a(33,170) r(1,48)
8; r(31,83) a(34,54) a(33,170) d(35)
9; d(28) r(35,60) a(2,82) d(34)
10; r(35,44) a(34,97) a(3,38)
11; r(31,83) a(34,54) a(33,170) d(35)
12; a(27,94) d(31) r(34,178) d(35)
13; r(35,76) r(31,86) r(34,36) d(32)
14; r(31,83) r(34,62) r(1,52) d(35)
15; a(34,32) d(31) a(34,87) a(27,53)
16; r(31,37) r(2,53) a(35,62)
17; r(31,83) d(34) d(35) a(3,95)
18; r(35,44) r(34,112) r(32,47)
19; r(1,27) d(32) r(33,64) a(2,177) d(31)
20; r(35,44) r(34,112) a(2,177) a(28,112)
21; r(1,27) d(32) r(33,64) a(28,82)
22; a(2,176) d(34) r(28,60) a(35,99)
23; a(34,95) r(35,54) d(2) r(33,48)
24; a(2,176) d(34) r(28,60) d(35)
25; a(34,95) r(35,54) d(2) a(34,36)
26; r(35,64) r(27,80) r(32,84) r(1,49)
27; r(35,76) d(27) a(34,57) d(2) d(34)
28; d(28) r(35,60) d(32) r(3,37)
29; d(28) a(34,27) r(34,112) a(35,170) r(3,28)
30; d(28) a(34,27) r(34,112) a(35,170) d(35)
31; d(28) r(35,60) d(32) d(34)
32; r(31,83) d(34) d(28) r(35,50)
33; r(35,76) d(32) d(34) r(25,46)
34; r(1,27) d(34) d(31) d(35)
35; r(31,83) a(34,54) r(34,31) d(28)
36; r(1,27) d(34) d(31) r(35,38)
37; r(31,83) r(34,62) d(35) r(3,27)
38; r(35,76) d(27) a(34,57) d(2) r(34,138)
39; a(27,94) d(31) r(34,178) r(35,31)
40; a(27,94) d(31) r(34,178) r(35,28)
41; r(35,64) r(32,69) d(34) a(25,112)
42; r(35,64) r(32,69) a(2,82) d(34)
43; d(28) r(35,60) d(34) r(27,134)
44; r(35,64) r(32,69) d(34) d(28)
45; d(28) r(35,60) a(2,82) r(25,86)
46; a(34,32) d(1) d(34)
47; d(28) r(35,60) a(2,82) r(33,94)
48; d(28) a(34,27) r(34,112) a(35,170) r(27,1) a(3,178) r(35,138)
49; a(35,138) d(27)
50; d(28) a(34,27) r(34,112) a(35,170) r(2,3)
51; a(35,138) r(27,1) a(3,178) r(35,60)
52; r(31,83) a(34,54) a(33,170) d(35)
53; a(27,94) d(31) r(34,178) a(35,87)
--------------------------------------------------------------------------------
Evaluation

0; 0.
1; 0.
2; 0.
3; 0.
4; 0.
5; 0.
6; 0.
7; 0.
8; 0.
9; 0.
10; 4.
11; 0.
12; 0.
13; 0.
14; 0.
15; 0.
16; 0.
17; 0.
18; 0.
19; 0.
20; 4.
21; 0.
22; 0.
23; 0.
24; 0.
25; 0.
26; 0.
27; 0.
28; 12.
29; 12.
30; 0.
31; 0.
32; 0.
33; 0.
34; 0.
35; 0.
36; 0.
37; 12.
38; 0.
39; 0.
40; 0.
41; 0.
42; 0.
43; 12.
44; 0.
45; 0.
46; 4.
47; 0.
48; 0.
49; 4.
50; 0.
51; 4.
52; 0.
53; 0.
================================================================================
Generation 4

--------------------------------------------------------------------------------
Selection

0; 47
1; 32
2; 32
3; 1
4; 4
5; 27
6; 9
7; 41
8; 12
9; 38
10; 15
11; 44
12; 52
13; 42
14; 48
15; 23
16; 11
17; 50
18; 13
19; 14
20; 6
21; 39
22; 30
23; 33
24; 41
25; 49
26; 11
27; 39
28; 8
29; 33
30; 42
31; 9
32; 41
33; 50
34; 34
35; 35
36; 31
37; 47
38; 2
39; 35
--------------------------------------------------------------------------------
Crossover

0; 23; a(34,95) r(35,54) d(2) r(33,48)
1; 15; a(34,32) d(31) a(34,87) a(27,53)
2; 50; d(28) a(34,27) r(34,112) a(35,170) r(2,3)
3; 35; r(31,83) a(34,54) r(34,31) d(28)
4; 2; a(34,32) d(34) r(2,53) a(28,134)
5; 50; d(28) a(34,27) r(34,112) a(35,170) r(2,3)
6; 39, 32; a(27,94) d(31) r(34,178)
7; 39, 32; r(31,83) d(34) d(28) r(35,50) r(35,31)
8; 39; a(27,94) d(31) r(34,178) r(35,31)
9; 32; r(31,83) d(34) d(28) r(35,50)
10; 13; r(35,76) r(31,86) r(34,36) d(32)
11; 33; r(35,76) d(32) d(34) r(25,46)
12; 47, 41; d(28) r(35,60) a(2,82) r(32,69) d(34) a(25,112)
13; 47, 41; r(35,64) r(33,94)
14; 47; d(28) r(35,60) a(2,82) r(33,94)
15; 41; r(35,64) r(32,69) d(34) a(25,112)
16; 47, 38; d(28) d(2) r(34,138)
17; 47, 38; r(35,76) d(27) a(34,57) r(35,60) a(2,82) r(33,94)
18; 47; d(28) r(35,60) a(2,82) r(33,94)
19; 38; r(35,76) d(27) a(34,57) d(2) r(34,138)
20; 11; r(31,83) a(34,54) a(33,170) d(35)
21; 27; r(35,76) d(27) a(34,57) d(2) d(34)
22; 42; r(35,64) r(32,69) a(2,82) d(34)
23; 35; r(31,83) a(34,54) r(34,31) d(28)
24; 4, 12; a(34,32) d(34) d(32) a(35,35) d(35)
25; 4, 12; a(27,94) d(31) r(34,178)
26; 4; a(34,32) d(34) d(32) a(35,35)
27; 12; a(27,94) d(31) r(34,178) d(35)
28; 52, 31; r(31,83) a(34,54) a(33,170) d(35)
29; 52, 31; d(28) r(35,60) d(32) d(34)
30; 52; r(31,83) a(34,54) a(33,170) d(35)
31; 31; d(28) r(35,60) d(32) d(34)
32; 41; r(35,64) r(32,69) d(34) a(25,112)
33; 49; a(35,138) d(27)
34; 9; d(28) r(35,60) a(2,82) d(34)
35; 39; a(27,94) d(31) r(34,178) r(35,31)
36; 42, 32; r(35,64) r(32,69) a(2,82) d(34) d(28) r(35,50)
37; 42, 32; r(31,83) d(34)
38; 42; r(35,64) r(32,69) a(2,82) d(34)
39; 32; r(31,83) d(34) d(28) r(35,50)
40; 9, 30; d(28) r(35,60) a(2,82) d(35)
41; 9, 30; d(28) a(34,27) r(34,112) a(35,170) d(34)
42; 9; d(28) r(35,60) a(2,82) d(34)
43; 30; d(28) a(34,27) r(34,112) a(35,170) d(35)
44; 34, 33; r(1,27) d(34) d(31) d(35) d(34) r(25,46)
45; 34, 33; r(35,76) d(32)
46; 34; r(1,27) d(34) d(31) d(35)
47; 33; r(35,76) d(32) d(34) r(25,46)
48; 48, 44; d(28)
49; 48, 44; r(35,64) r(32,69) d(34) d(28) a(34,27) r(34,112) a(35,170) r(27,1) a(3,178) r(35,138)
50; 48; d(28) a(34,27) r(34,112) a(35,170) r(27,1) a(3,178) r(35,138)
51; 44; r(35,64) r(32,69) d(34) d(28)
52; 41, 6; r(35,64) r(32,69) d(34) a(25,112)
53; 41, 6; r(31,83) r(35,60) a(2,82) a(25,44)
54; 41; r(35,64) r(32,69) d(34) a(25,112)
55; 6; r(31,83) r(35,60) a(2,82) a(25,44)
56; 8, 14; r(31,83) a(34,54) r(1,52) d(35)
57; 8, 14; r(31,83) r(34,62) a(33,170) d(35)
58; 8; r(31,83) a(34,54) a(33,170) d(35)
59; 14; r(31,83) r(34,62) r(1,52) d(35)
60; 11, 1; r(31,83) a(34,54) d(34) r(28,60) r(33,83)
61; 11, 1; a(2,176) a(33,170) d(35)
62; 11; r(31,83) a(34,54) a(33,170) d(35)
63; 1; a(2,176) d(34) r(28,60) r(33,83)
--------------------------------------------------------------------------------
Mutation

0; a(34,95) r(35,54) d(2) r(33,48) r(27,52)
1; a(34,32) d(31) a(34,87) a(27,53) d(34)
2; d(28) a(34,27) r(34,112) a(35,170) r(2,3) r(35,87)
3; r(31,83) a(34,54) r(34,31) d(28) r(25,54)
4; a(34,32) d(34) r(2,53) a(28,134) d(35)
5; d(28) a(34,27) r(34,112) a(35,170) r(2,3) r(25,87)
6; a(27,94) d(31) r(34,178) r(3,46)
7; r(31,83) d(34) d(28) r(35,50) r(35,31) r(27,38)
8; a(27,94) d(31) r(34,178) r(35,31) r(3,35)
9; r(31,83) d(34) d(28) r(35,50) a(2,52)
10; r(35,76) r(31,86) r(34,36) d(32) a(25,70)
11; r(35,76) d(32) d(34) r(25,46) d(28)
12; d(28) r(35,60) a(2,82) r(32,69) d(34) a(25,112) r(2,100)
13; r(35,64) r(33,94) d(2)
14; d(28) r(35,60) a(2,82) r(33,94) r(27,112)
15; r(35,64) r(32,69) d(34) a(25,112) r(33,86)
16; d(28) d(2) r(34,138) a(35,52)
17; r(35,76) d(27) a(34,57) r(35,60) a(2,82) r(33,94) r(25,112)
18; d(28) r(35,60) a(2,82) r(33,94) a(25,176)
19; r(35,76) d(27) a(34,57) d(2) r(34,138) a(1,62)
20; r(31,83) a(34,54) a(33,170) d(35) d(32)
21; r(35,76) d(27) a(34,57) d(2) d(34) a(25,36)
22; r(35,64) r(32,69) a(2,82) d(34) d(1)
23; r(31,83) a(34,54) r(34,31) d(28) d(2)
24; a(34,32) d(34) d(32) a(35,35) d(35) a(2,84)
25; a(27,94) d(31) r(34,178) d(35)
26; a(34,32) d(34) d(32) a(35,35) d(35)
27; a(27,94) d(31) r(34,178) d(35) d(32)
28; r(31,83) a(34,54) a(33,170) d(35) d(34)
29; d(28) r(35,60) d(32) d(34) d(33)
30; r(31,83) a(34,54) a(33,170) d(35) r(34,99)
31; d(28) r(35,60) d(32) d(34) a(25,130)
32; r(35,64) r(32,69) d(34) a(25,112) r(28,87)
33; a(35,138) d(27) a(34,135)
34; d(28) r(35,60) a(2,82) d(34) a(25,76)
35; a(27,94) d(31) r(34,178) r(35,31) d(25)
36; r(35,64) r(32,69) a(2,82) d(34) d(28) r(35,50) a(33,62)
37; r(31,83) d(34) d(25)
38; r(35,64) r(32,69) a(2,82) d(34) d(27)
39; r(31,83) d(34) d(28) r(35,50) a(2,158)
40; d(28) r(35,60) a(2,82) d(35) a(32,105)
41; d(28) a(34,27) r(34,112) a(35,170) d(34) r(35,28)
42; d(28) r(35,60) a(2,82) d(34) d(27)
43; d(28) a(34,27) r(34,112) a(35,170) d(35) r(3,44)
44; r(1,27) d(34) d(31) d(35) d(34) r(25,46) a(28,177)
45; r(35,76) d(32) r(34,31)
46; r(1,27) d(34) d(31) d(35) a(25,86)
47; r(35,76) d(32) d(34) r(25,46) a(33,51)
48; d(28) a(34,70)
49; r(35,64) r(32,69) d(34) d(28) a(34,27) r(34,112) a(35,170) r(27,1) a(3,178) r(35,138) a(33,178)
50; d(28) a(34,27) r(34,112) a(35,170) r(27,1) a(3,178) r(35,138) r(33,1)
51; r(35,64) r(32,69) d(34) d(28) d(27)
52; r(35,64) r(32,69) d(34) a(25,112) r(3,52)
53; r(31,83) r(35,60) a(2,82) a(25,44) a(34,46)
54; r(35,64) r(32,69) d(34) a(25,112) r(1,77)
55; r(31,83) r(35,60) a(2,82) a(25,44) d(1)
56; r(31,83) a(34,54) r(1,52) d(35) d(32)
57; r(31,83) r(34,62) a(33,170) d(35) a(33,84)
58; r(31,83) a(34,54) a(33,170) d(35) d(34)
59; r(31,83) r(34,62) r(1,52) d(35) d(28)
60; r(31,83) a(34,54) d(34) r(28,60) r(33,83) r(2,1)
61; a(2,176) a(33,170) d(35) a(34,53)
62; r(31,83) a(34,54) a(33,170) d(35) a(34,44)
63; a(2,176) d(34) r(28,60) r(33,83) r(3,65)
--------------------------------------------------------------------------------
Evaluation

0; 0.
1; 0.
2; 0.
3; 0.
4; 0.
5; 0.
6; 12.
7; 0.
8; 0.
9; 0.
10; 0.
11; 0.
12; 0.
13; 0.
14; 0.
15; 0.
16; 0.
17; 4.
18; 0.
19; 0.
20; 0.
21; 0.
22; 0.
23; 0.
24; 0.
25; 0.
26; 0.
27; 0.
28; 0.
29; 0.
30; 0.
31; 0.
32; 0.
33; 4.
34; 0.
35; 12.
36; 0.
37; 0.
38; 0.
39; 0.
40; 12.
41; 0.
42; 0.
43; 12.
44; 0.
45; 0.
46; 0.
47; 0.
48; 0.
49; 12.
50; 0.
51; 0.
52; 0.
53; 0.
54; 0.
55; 0.
56; 0.
57; 0.
58; 0.
59; 0.
60; 0.
61; 4.
62; 0.
63; 12.
================================================================================
Generation 5

--------------------------------------------------------------------------------
Selection

0; 45
1; 7
2; 54
3; 1
4; 44
5; 5
6; 21
7; 50
8; 27
9; 47
10; 42
11; 36
12; 30
13; 19
14; 7
15; 12
16; 19
17; 13
18; 8
19; 47
20; 15
21; 26
22; 7
23; 26
24; 34
25; 44
26; 34
27; 9
28; 41
29; 56
30; 54
31; 41
32; 24
33; 48
34; 28
35; 60
36; 54
37; 54
38; 10
39; 1
--------------------------------------------------------------------------------
Crossover

0; 30; r(31,83) a(34,54) a(33,170) d(35) r(34,99)
1; 15; r(35,64) r(32,69) d(34) a(25,112) r(33,86)
2; 13; r(35,64) r(33,94) d(2)
3; 1; a(34,32) d(31) a(34,87) a(27,53) d(34)
4; 8; a(27,94) d(31) r(34,178) r(35,31) r(3,35)
5; 9; r(31,83) d(34) d(28) r(35,50) a(2,52)
6; 54; r(35,64) r(32,69) d(34) a(25,112) r(1,77)
7; 10; r(35,76) r(31,86) r(34,36) d(32) a(25,70)
8; 47, 19; r(35,76) d(32) d(34) a(34,57) d(2) r(34,138) a(1,62)
9; 47, 19; r(35,76) d(27) r(25,46) a(33,51)
10; 47; r(35,76) d(32) d(34) r(25,46) a(33,51)
11; 19; r(35,76) d(27) a(34,57) d(2) r(34,138) a(1,62)
12; 60, 36; r(31,83) a(34,54) d(34) r(28,60) r(32,69) a(2,82) d(34) d(28) r(35,50) a(33,62)
13; 60, 36; r(35,64) r(33,83) r(2,1)
14; 60; r(31,83) a(34,54) d(34) r(28,60) r(33,83) r(2,1)
15; 36; r(35,64) r(32,69) a(2,82) d(34) d(28) r(35,50) a(33,62)
16; 34; d(28) r(35,60) a(2,82) d(34) a(25,76)
17; 41; d(28) a(34,27) r(34,112) a(35,170) d(34) r(35,28)
18; 26, 7; a(34,32) d(34) r(35,50) r(35,31) r(27,38)
19; 26, 7; r(31,83) d(34) d(28) d(32) a(35,35) d(35)
20; 26; a(34,32) d(34) d(32) a(35,35) d(35)
21; 7; r(31,83) d(34) d(28) r(35,50) r(35,31) r(27,38)
22; 50, 47; d(28) a(34,27) r(34,112) a(35,170) r(27,1) d(32) d(34) r(25,46) a(33,51)
23; 50, 47; r(35,76) a(3,178) r(35,138) r(33,1)
24; 50; d(28) a(34,27) r(34,112) a(35,170) r(27,1) a(3,178) r(35,138) r(33,1)
25; 47; r(35,76) d(32) d(34) r(25,46) a(33,51)
26; 12; d(28) r(35,60) a(2,82) r(32,69) d(34) a(25,112) r(2,100)
27; 24; a(34,32) d(34) d(32) a(35,35) d(35) a(2,84)
28; 44; r(1,27) d(34) d(31) d(35) d(34) r(25,46) a(28,177)
29; 21; r(35,76) d(27) a(34,57) d(2) d(34) a(25,36)
30; 54; r(35,64) r(32,69) d(34) a(25,112) r(1,77)
31; 7; r(31,83) d(34) d(28) r(35,50) r(35,31) r(27,38)
32; 41; d(28) a(34,27) r(34,112) a(35,170) d(34) r(35,28)
33; 26; a(34,32) d(34) d(32) a(35,35) d(35)
34; 44; r(1,27) d(34) d(31) d(35) d(34) r(25,46) a(28,177)
35; 54; r(35,64) r(32,69) d(34) a(25,112) r(1,77)
36; 48; d(28) a(34,70)
37; 7; r(31,83) d(34) d(28) r(35,50) r(35,31) r(27,38)
38; 34; d(28) r(35,60) a(2,82) d(34) a(25,76)
39; 42; d(28) r(35,60) a(2,82) d(34) d(27)
40; 5, 56; d(28) a(34,27) r(34,112) a(35,170) r(2,3) d(32)
41; 5, 56; r(31,83) a(34,54) r(1,52) d(35) r(25,87)
42; 5; d(28) a(34,27) r(34,112) a(35,170) r(2,3) r(25,87)
43; 56; r(31,83) a(34,54) r(1,52) d(35) d(32)
44; 1, 45; a(34,32) d(31) a(34,87) a(27,53) r(34,31)
45; 1, 45; r(35,76) d(32) d(34)
46; 1; a(34,32) d(31) a(34,87) a(27,53) d(34)
47; 45; r(35,76) d(32) r(34,31)
48; 27; a(27,94) d(31) r(34,178) d(35) d(32)
49; 28; r(31,83) a(34,54) a(33,170) d(35) d(34)
50; 19; r(35,76) d(27) a(34,57) d(2) r(34,138) a(1,62)
51; 54; r(35,64) r(32,69) d(34) a(25,112) r(1,77)
--------------------------------------------------------------------------------
Mutation

0; r(31,83) a(34,54) a(33,170) d(35) r(34,99) a(32,1)
1; r(35,64) r(32,69) d(34) a(25,112) r(33,86) r(1,50)
2; r(35,64) r(33,94) d(2) r(27,84)
3; a(34,32) d(31) a(34,87) a(27,53) d(34) r(27,34)
4; a(27,94) d(31) r(34,178) r(35,31) r(3,35) r(32,34)
5; r(31,83) d(34) d(28) r(35,50) a(2,52) r(32,38)
6; r(35,64) r(32,69) d(34) a(25,112) r(1,77) a(27,54)
7; r(35,76) r(31,86) r(34,36) d(32) a(25,70) a(25,38)
8; r(35,76) d(32) d(34) a(34,57) d(2) r(34,138) a(1,62) r(31,48)
9; r(35,76) d(27) r(25,46) a(33,51) d(34)
10; r(35,76) d(32) d(34) r(25,46) a(33,51) r(3,112)
11; r(35,76) d(27) a(34,57) d(2) r(34,138) a(1,62) d(31)
12; r(31,83) a(34,54) d(34) r(28,60) r(32,69) a(2,82) d(34) d(28) r(35,50) a(33,62) a(33,82)
13; r(35,64) r(33,83) r(2,1) d(1)
14; r(31,83) a(34,54) d(34) r(28,60) r(33,83) r(2,1) a(25,94)
15; r(35,64) r(32,69) a(2,82) d(34) d(28) r(35,50) a(33,62) d(27)
16; d(28) r(35,60) a(2,82) d(34) a(25,76) a(25,64)
17; d(28) a(34,27) r(34,112) a(35,170) d(34) r(35,28) a(27,28)
18; a(34,32) d(34) r(35,50) r(35,31) r(27,38) a(25,53)
19; r(31,83) d(34) d(28) d(32) a(35,35) d(35) d(2)
20; a(34,32) d(34) d(32) a(35,35) d(35) r(31,80)
21; r(31,83) d(34) d(28) r(35,50) r(35,31) r(27,38) r(2,48)
22; d(28) a(34,27) r(34,112) a(35,170) r(27,1) d(32) d(34) r(25,46) a(33,51) d(35)
23; r(35,76) a(3,178) r(35,138) r(33,1) d(1)
24; d(28) a(34,27) r(34,112) a(35,170) r(27,1) a(3,178) r(35,138) r(33,1) r(32,86)
25; r(35,76) d(32) d(34) r(25,46) a(33,51) r(31,138)
26; d(28) r(35,60) a(2,82) r(32,69) d(34) a(25,112) r(2,100) d(33)
27; a(34,32) d(34) d(32) a(35,35) d(35) a(2,84) r(2,45)
28; r(1,27) d(34) d(31) d(35) d(34) r(25,46) a(28,177) r(28,99)
29; r(35,76) d(27) a(34,57) d(2) d(34) a(25,36) r(28,99)
30; r(35,64) r(32,69) d(34) a(25,112) r(1,77) d(28)
31; r(31,83) d(34) d(28) r(35,50) r(35,31) r(27,38) d(2)
32; d(28) a(34,27) r(34,112) a(35,170) d(34) r(35,28) r(3,65)
33; a(34,32) d(34) d(32) a(35,35) d(35) d(1)
34; r(1,27) d(34) d(31) d(35) d(34) r(25,46) a(28,177) d(28)
35; r(35,64) r(32,69) d(34) a(25,112) r(1,77) d(33)
36; d(28) a(34,70) a(35,80)
37; r(31,83) d(34) d(28) r(35,50) r(35,31) r(27,38) r(1,45)
38; d(28) r(35,60) a(2,82) d(34) a(25,76) d(2)
39; d(28) r(35,60) a(2,82) d(34) d(27) d(1)
40; d(28) a(34,27) r(34,112) a(35,170) r(2,3) d(32) a(35,97)
41; r(31,83) a(34,54) r(1,52) d(35) r(25,87) d(34)
42; d(28) a(34,27) r(34,112) a(35,170) r(2,3) r(25,87) r(35,34)
43; r(31,83) a(34,54) r(1,52) d(35) d(32) a(28,176)
44; a(34,32) d(31) a(34,87) a(27,53) r(34,31) a(33,31)
45; r(35,76) d(32) d(34) r(25,50)
46; a(34,32) d(31) a(34,87) a(27,53) d(34) a(2,135)
47; r(35,76) d(32) r(34,31) d(25)
48; a(27,94) d(31) r(34,178) d(35) d(32) a(33,112)
49; r(31,83) a(34,54) a(33,170) d(35) d(34) r(27,86)
50; r(35,76) d(27) a(34,57) d(2) r(34,138) a(1,62) r(31,57)
51; r(35,64) r(32,69) d(34) a(25,112) r(1,77) r(33,38)
--------------------------------------------------------------------------------
Evaluation

0; 0.
1; 0.
2; 0.
3; 0.
4; 0.
5; 0.
6; 0.
7; 0.
8; 0.
9; 4.
10; 0.
11; 0.
12; 0.
13; 4.
14; 0.
15; 0.
16; 0.
17; 4.
18; 0.
19; 0.
20; 0.
21; 0.
22; 0.
23; 4.
24; 0.
25; 0.
26; 0.
27; 0.
28; 0.
29; 0.
30; 0.
31; 0.
32; 12.
33; 0.
34; 0.
35; 0.
36; 0.
37; 0.
38; 0.
39; 0.
40; 0.
41; 0.
42; 0.
43; 0.
44; 0.
45; 0.
46; 0.
47; 0.
48; 0.
49; 0.
50; 0.
51; 0.
================================================================================
Generation 6

--------------------------------------------------------------------------------
Selection

0; 8
1; 18
2; 43
3; 39
4; 24
5; 47
6; 3
7; 40
8; 50
9; 49
10; 2
11; 0
12; 50
13; 11
14; 2
15; 6
16; 49
17; 43
18; 51
19; 12
20; 42
21; 51
22; 48
23; 7
24; 8
25; 46
26; 24
27; 40
28; 40
29; 15
30; 16
31; 20
32; 48
33; 31
34; 21
35; 35
36; 28
37; 21
38; 33
39; 19
--------------------------------------------------------------------------------
Crossover

0; 2, 7; r(35,64) a(25,70) a(25,38)
1; 2, 7; r(35,76) r(31,86) r(34,36) d(32) r(33,94) d(2) r(27,84)
2; 2; r(35,64) r(33,94) d(2) r(27,84)
3; 7; r(35,76) r(31,86) r(34,36) d(32) a(25,70) a(25,38)
4; 21, 49; r(31,83) d(34) a(33,170) d(35) d(34) r(27,86)
5; 21, 49; r(31,83) a(34,54) d(28) r(35,50) r(35,31) r(27,38) r(2,48)
6; 21; r(31,83) d(34) d(28) r(35,50) r(35,31) r(27,38) r(2,48)
7; 49; r(31,83) a(34,54) a(33,170) d(35) d(34) r(27,86)
8; 28, 16; r(1,27) d(34) d(31) d(35) d(34) r(25,46) a(28,177) r(28,99)
9; 28, 16; d(28) r(35,60) a(2,82) d(34) a(25,76) a(25,64)
10; 28; r(1,27) d(34) d(31) d(35) d(34) r(25,46) a(28,177) r(28,99)
11; 16; d(28) r(35,60) a(2,82) d(34) a(25,76) a(25,64)
12; 50, 11; r(35,76) d(27) a(34,57) d(2) r(34,138) a(1,62) d(31)
13; 50, 11; r(35,76) d(27) a(34,57) d(2) r(34,138) a(1,62) r(31,57)
14; 50; r(35,76) d(27) a(34,57) d(2) r(34,138) a(1,62) r(31,57)
15; 11; r(35,76) d(27) a(34,57) d(2) r(34,138) a(1,62) d(31)
16; 21, 46; r(31,83) d(34) d(28) r(35,50) r(35,31) a(27,53) d(34) a(2,135)
17; 21, 46; a(34,32) d(31) a(34,87) r(27,38) r(2,48)
18; 21; r(31,83) d(34) d(28) r(35,50) r(35,31) r(27,38) r(2,48)
19; 46; a(34,32) d(31) a(34,87) a(27,53) d(34) a(2,135)
20; 39; d(28) r(35,60) a(2,82) d(34) d(27) d(1)
21; 35; r(35,64) r(32,69) d(34) a(25,112) r(1,77) d(33)
22; 48, 40; a(27,94) d(32) a(35,97)
23; 48, 40; d(28) a(34,27) r(34,112) a(35,170) r(2,3) d(31) r(34,178) d(35) d(32) a(33,112)
24; 48; a(27,94) d(31) r(34,178) d(35) d(32) a(33,112)
25; 40; d(28) a(34,27) r(34,112) a(35,170) r(2,3) d(32) a(35,97)
26; 33; a(34,32) d(34) d(32) a(35,35) d(35) d(1)
27; 49; r(31,83) a(34,54) a(33,170) d(35) d(34) r(27,86)
28; 40, 40; d(28) a(34,27) a(34,27) r(34,112) a(35,170) r(2,3) d(32) a(35,97)
29; 40, 40; d(28) r(34,112) a(35,170) r(2,3) d(32) a(35,97)
30; 40; d(28) a(34,27) r(34,112) a(35,170) r(2,3) d(32) a(35,97)
31; 40; d(28) a(34,27) r(34,112) a(35,170) r(2,3) d(32) a(35,97)
32; 8, 24; r(35,76) d(32) d(34) a(34,57) d(2) r(35,138) r(33,1) r(32,86)
33; 8, 24; d(28) a(34,27) r(34,112) a(35,170) r(27,1) a(3,178) r(34,138) a(1,62) r(31,48)
34; 8; r(35,76) d(32) d(34) a(34,57) d(2) r(34,138) a(1,62) r(31,48)
35; 24; d(28) a(34,27) r(34,112) a(35,170) r(27,1) a(3,178) r(35,138) r(33,1) r(32,86)
36; 47, 31; r(35,76) d(32) d(2)
37; 47, 31; r(31,83) d(34) d(28) r(35,50) r(35,31) r(27,38) r(34,31) d(25)
38; 47; r(35,76) d(32) r(34,31) d(25)
39; 31; r(31,83) d(34) d(28) r(35,50) r(35,31) r(27,38) d(2)
40; 3; a(34,32) d(31) a(34,87) a(27,53) d(34) r(27,34)
41; 6; r(35,64) r(32,69) d(34) a(25,112) r(1,77) a(27,54)
42; 42; d(28) a(34,27) r(34,112) a(35,170) r(2,3) r(25,87) r(35,34)
43; 20; a(34,32) d(34) d(32) a(35,35) d(35) r(31,80)
44; 43; r(31,83) a(34,54) r(1,52) d(35) d(32) a(28,176)
45; 15; r(35,64) r(32,69) a(2,82) d(34) d(28) r(35,50) a(33,62) d(27)
46; 24; d(28) a(34,27) r(34,112) a(35,170) r(27,1) a(3,178) r(35,138) r(33,1) r(32,86)
47; 51; r(35,64) r(32,69) d(34) a(25,112) r(1,77) r(33,38)
48; 8; r(35,76) d(32) d(34) a(34,57) d(2) r(34,138) a(1,62) r(31,48)
49; 19; r(31,83) d(34) d(28) d(32) a(35,35) d(35) d(2)
50; 2, 12; r(35,64) r(28,60) r(32,69) a(2,82) d(34) d(28) r(35,50) a(33,62) a(33,82)
51; 2, 12; r(31,83) a(34,54) d(34) r(33,94) d(2) r(27,84)
52; 2; r(35,64) r(33,94) d(2) r(27,84)
53; 12; r(31,83) a(34,54) d(34) r(28,60) r(32,69) a(2,82) d(34) d(28) r(35,50) a(33,62) a(33,82)
54; 51, 48; r(35,64) r(32,69) d(34) a(25,112) r(1,77) r(33,38) d(31) r(34,178) d(35) d(32) a(33,112)
55; 51, 48; a(27,94)
56; 51; r(35,64) r(32,69) d(34) a(25,112) r(1,77) r(33,38)
57; 48; a(27,94) d(31) r(34,178) d(35) d(32) a(33,112)
58; 43; r(31,83) a(34,54) r(1,52) d(35) d(32) a(28,176)
59; 50; r(35,76) d(27) a(34,57) d(2) r(34,138) a(1,62) r(31,57)
60; 18, 0; a(34,32) r(34,99) a(32,1)
61; 18, 0; r(31,83) a(34,54) a(33,170) d(35) d(34) r(35,50) r(35,31) r(27,38) a(25,53)
62; 18; a(34,32) d(34) r(35,50) r(35,31) r(27,38) a(25,53)
63; 0; r(31,83) a(34,54) a(33,170) d(35) r(34,99) a(32,1)
--------------------------------------------------------------------------------
Mutation

0; r(35,64) a(25,70) a(25,38) a(34,77)
1; r(35,76) r(31,86) r(34,36) d(32) r(33,94) d(2) r(27,84) a(28,1)
2; r(35,64) r(33,94) d(2) r(27,84) a(25,45)
3; r(35,76) r(31,86) r(34,36) d(32) a(25,70) a(25,38) d(27)
4; r(31,83) d(34) a(33,170) d(35) d(34) r(27,86) d(2)
5; r(31,83) a(34,54) d(28) r(35,50) r(35,31) r(27,38) r(2,48) a(34,25)
6; r(31,83) d(34) d(28) r(35,50) r(35,31) r(27,38) r(2,48) a(25,100)
7; r(31,83) a(34,54) a(33,170) d(35) d(34) r(27,86) d(25)
8; r(1,27) d(34) d(31) d(35) d(34) r(25,46) a(28,177) r(28,99) d(32)
9; d(28) r(35,60) a(2,82) d(34) a(25,76) a(25,64) d(1)
10; r(1,27) d(34) d(31) d(35) d(34) r(25,46) a(28,177) r(28,99) a(32,105)
11; d(28) r(35,60) a(2,82) d(34) a(25,76) a(25,64) r(3,70)
12; r(35,76) d(27) a(34,57) d(2) r(34,138) a(1,62) d(31) r(25,135)
13; r(35,76) d(27) a(34,57) d(2) r(34,138) a(1,62) r(31,57) a(28,49)
14; r(35,76) d(27) a(34,57) d(2) r(34,138) a(1,62) r(31,57) a(1,37)
15; r(35,76) d(27) a(34,57) d(2) r(34,138) a(1,62) d(31) a(1,25)
16; r(31,83) d(34) d(28) r(35,50) r(35,31) a(27,53) d(34) a(2,135) d(25)
17; a(34,32) d(31) a(34,87) r(27,38) r(2,48) d(34)
18; r(31,83) d(34) d(28) r(35,50) r(35,31) r(27,38) r(2,48) r(32,134)
19; a(34,32) d(31) a(34,87) a(27,53) d(34) a(2,135) r(32,31)
20; d(28) r(35,60) a(2,82) d(34) d(27) d(1) d(33)
21; r(35,64) r(32,69) d(34) a(25,112) r(1,77) d(33) a(31,50)
22; a(27,94) d(32) a(35,97) r(31,80)
23; d(28) a(34,27) r(34,112) a(35,170) r(2,3) d(31) r(34,178) d(35) d(32) a(33,112) r(25,135)
24; a(27,94) d(31) r(34,178) d(35) d(32) a(33,112) r(25,1)
25; d(28) a(34,27) r(34,112) a(35,170) r(2,3) d(32) a(35,97) a(35,95)
26; a(34,32) d(34) d(32) a(35,35) d(35) d(1) r(25,35)
27; r(31,83) a(34,54) a(33,170) d(35) d(34) r(27,86) d(3)
28; d(28) a(34,27) a(34,27) r(34,112) a(35,170) r(2,3) d(32) a(35,97) a(35,138)
29; d(28) r(34,112) a(35,170) r(2,3) d(32) a(35,97) r(35,52)
30; d(28) a(34,27) r(34,112) a(35,170) r(2,3) d(32) a(35,97) d(35)
31; d(28) a(34,27) r(34,112) a(35,170) r(2,3) d(32) a(35,97) r(35,33)
32; r(35,76) d(32) d(34) a(34,57) d(2) r(35,138) r(33,1) r(32,86) r(1,57)
33; d(28) a(34,27) r(34,112) a(35,170) r(27,1) a(3,178) r(34,138) a(1,62) r(31,48) d(35)
34; r(35,76) d(32) d(34) a(34,57) d(2) r(34,138) a(1,62) r(31,48) d(28)
35; d(28) a(34,27) r(34,112) a(35,170) r(27,1) a(3,178) r(35,138) r(33,1) r(32,86) d(2)
36; r(35,76) d(32) d(2) r(34,53)
37; r(31,83) d(34) d(28) r(35,50) r(35,31) r(27,38) r(34,31) d(25) d(1)
38; r(35,76) d(32) r(34,31) d(25) r(28,87)
39; r(31,83) d(34) d(28) r(35,50) r(35,31) r(27,38) d(2) a(33,60)
40; a(34,32) d(31) a(34,87) a(27,53) d(34) r(27,34) r(35,34)
41; r(35,64) r(32,69) d(34) a(25,112) r(1,77) a(27,54) r(25,80)
42; d(28) a(34,27) r(34,112) a(35,170) r(2,3) r(25,87) r(35,34) r(32,86)
43; a(34,32) d(34) d(32) a(35,35) d(35) r(31,80) d(25)
44; r(31,83) a(34,54) r(1,52) d(35) d(32) a(28,176) d(25)
45; r(35,64) r(32,69) a(2,82) d(34) d(28) r(35,50) a(33,62) d(27) a(33,64)
46; d(28) a(34,27) r(34,112) a(35,170) r(27,1) a(3,178) r(35,138) r(33,1) r(32,86) d(25)
47; r(35,64) r(32,69) d(34) a(25,112) r(1,77) r(33,38) a(25,84)
48; r(35,76) d(32) d(34) a(34,57) d(2) r(34,138) a(1,62) r(31,48) d(27)
49; r(31,83) d(34) d(28) d(32) a(35,35) d(35) d(2) d(1)
50; r(35,64) r(28,60) r(32,69) a(2,82) d(34) d(28) r(35,50) a(33,62) a(33,82) r(1,134)
51; r(31,83) a(34,54) d(34) r(33,94) d(2) r(27,84) d(1)
52; r(35,64) r(33,94) d(2) r(27,84) d(1)
53; r(31,83) a(34,54) d(34) r(28,60) r(32,69) a(2,82) d(34) d(28) r(35,50) a(33,62) a(33,82) r(27,37)
54; r(35,64) r(32,69) d(34) a(25,112) r(1,77) r(33,38) d(31) r(34,178) d(35) d(32) a(33,112) r(28,170)
55; a(27,94) d(3)
56; r(35,64) r(32,69) d(34) a(25,112) r(1,77) r(33,38) r(25,70)
57; a(27,94) d(31) r(34,178) d(35) d(32) a(33,112) a(25,46)
58; r(31,83) a(34,54) r(1,52) d(35) d(32) a(28,176) a(34,82)
59; r(35,76) d(27) a(34,57) d(2) r(34,138) a(1,62) r(31,57) r(32,164)
60; a(34,32) r(34,99) a(32,1) a(3,108)
61; r(31,83) a(34,54) a(33,170) d(35) d(34) r(35,50) r(35,31) r(27,38) a(25,53) r(28,60)
62; a(34,32) d(34) r(35,50) r(35,31) r(27,38) a(25,53) d(2)
63; r(31,83) a(34,54) a(33,170) d(35) r(34,99) a(32,1) a(28,27)
--------------------------------------------------------------------------------
Evaluation

0; 4.
1; 0.
2; 0.
3; 0.
4; 0.
5; 0.
6; 0.
7; 0.
8; 0.
9; 0.
10; 12.
11; 0.
12; 0.
13; 0.
14; 0.
15; 0.
16; 0.
17; 0.
18; 0.
19; 0.
20; 0.
21; 0.
22; 0.
23; 0.
24; 12.
25; 0.
26; 0.
27; 12.
28; 0.
29; 0.
30; 0.
31; 0.
32; 0.
33; 0.
34; 0.
35; 0.
36; 0.
37; 0.
38; 0.
39; 0.
40; 0.
41; 0.
42; 0.
43; 0.
44; 0.
45; 0.
46; 0.
47; 0.
48; 0.
49; 0.
50; 12.
51; 0.
52; 4.
53; 0.
54; 0.
55; 12.
56; 0.
57; 0.
58; 0.
59; 0.
60; 4.
61; 0.
62; 0.
63; 0.
================================================================================
Generation 7

--------------------------------------------------------------------------------
Selection

0; 30
1; 36
2; 26
3; 1
4; 1
5; 11
6; 46
7; 40
8; 42
9; 18
10; 45
11; 29
12; 31
13; 39
14; 54
15; 53
16; 48
17; 22
18; 32
19; 24
20; 22
21; 23
22; 62
23; 18
24; 49
25; 35
26; 41
27; 47
28; 16
29; 11
30; 45
31; 26
32; 19
33; 43
34; 49
35; 20
36; 19
37; 32
38; 57
39; 41
--------------------------------------------------------------------------------
Crossover

0; 41, 32; r(35,64) r(32,69)
1; 41, 32; r(35,76) d(32) d(34) a(34,57) d(2) r(35,138) r(33,1) r(32,86) r(1,57) d(34) a(25,112) r(1,77) a(27,54) r(25,80)
2; 41; r(35,64) r(32,69) d(34) a(25,112) r(1,77) a(27,54) r(25,80)
3; 32; r(35,76) d(32) d(34) a(34,57) d(2) r(35,138) r(33,1) r(32,86) r(1,57)
4; 45; r(35,64) r(32,69) a(2,82) d(34) d(28) r(35,50) a(33,62) d(27) a(33,64)
5; 39; r(31,83) d(34) d(28) r(35,50) r(35,31) r(27,38) d(2) a(33,60)
6; 22, 32; a(27,94) d(32) a(35,97) r(32,86) r(1,57)
7; 22, 32; r(35,76) d(32) d(34) a(34,57) d(2) r(35,138) r(33,1) r(31,80)
8; 22; a(27,94) d(32) a(35,97) r(31,80)
9; 32; r(35,76) d(32) d(34) a(34,57) d(2) r(35,138) r(33,1) r(32,86) r(1,57)
10; 40; a(34,32) d(31) a(34,87) a(27,53) d(34) r(27,34) r(35,34)
11; 62; a(34,32) d(34) r(35,50) r(35,31) r(27,38) a(25,53) d(2)
12; 26; a(34,32) d(34) d(32) a(35,35) d(35) d(1) r(25,35)
13; 47; r(35,64) r(32,69) d(34) a(25,112) r(1,77) r(33,38) a(25,84)
14; 41; r(35,64) r(32,69) d(34) a(25,112) r(1,77) a(27,54) r(25,80)
15; 49; r(31,83) d(34) d(28) d(32) a(35,35) d(35) d(2) d(1)
16; 18; r(31,83) d(34) d(28) r(35,50) r(35,31) r(27,38) r(2,48) r(32,134)
17; 57; a(27,94) d(31) r(34,178) d(35) d(32) a(33,112) a(25,46)
18; 35; d(28) a(34,27) r(34,112) a(35,170) r(27,1) a(3,178) r(35,138) r(33,1) r(32,86) d(2)
19; 31; d(28) a(34,27) r(34,112) a(35,170) r(2,3) d(32) a(35,97) r(35,33)
20; 11, 24; d(28) r(35,60) a(2,82) d(34) a(25,76) a(25,64) a(33,112) r(25,1)
21; 11, 24; a(27,94) d(31) r(34,178) d(35) d(32) r(3,70)
22; 11; d(28) r(35,60) a(2,82) d(34) a(25,76) a(25,64) r(3,70)
23; 24; a(27,94) d(31) r(34,178) d(35) d(32) a(33,112) r(25,1)
24; 19, 1; a(34,32) d(31) d(2) r(27,84) a(28,1)
25; 19, 1; r(35,76) r(31,86) r(34,36) d(32) r(33,94) a(34,87) a(27,53) d(34) a(2,135) r(32,31)
26; 19; a(34,32) d(31) a(34,87) a(27,53) d(34) a(2,135) r(32,31)
27; 1; r(35,76) r(31,86) r(34,36) d(32) r(33,94) d(2) r(27,84) a(28,1)
28; 20; d(28) r(35,60) a(2,82) d(34) d(27) d(1) d(33)
29; 48; r(35,76) d(32) d(34) a(34,57) d(2) r(34,138) a(1,62) r(31,48) d(27)
30; 19; a(34,32) d(31) a(34,87) a(27,53) d(34) a(2,135) r(32,31)
31; 16; r(31,83) d(34) d(28) r(35,50) r(35,31) a(27,53) d(34) a(2,135) d(25)
32; 54, 29; r(35,64) r(32,69) d(34)
33; 54, 29; d(28) r(34,112) a(35,170) r(2,3) d(32) a(35,97) r(35,52) a(25,112) r(1,77) r(33,38) d(31) r(34,178) d(35) d(32) a(33,112) r(28,170)
34; 54; r(35,64) r(32,69) d(34) a(25,112) r(1,77) r(33,38) d(31) r(34,178) d(35) d(32) a(33,112) r(28,170)
35; 29; d(28) r(34,112) a(35,170) r(2,3) d(32) a(35,97) r(35,52)
36; 49, 23; r(31,83) d(34) d(28) d(32) a(35,35) d(35) d(32) a(33,112) r(25,135)
37; 49, 23; d(28) a(34,27) r(34,112) a(35,170) r(2,3) d(31) r(34,178) d(35) d(2) d(1)
38; 49; r(31,83) d(34) d(28) d(32) a(35,35) d(35) d(2) d(1)
39; 23; d(28) a(34,27) r(34,112) a(35,170) r(2,3) d(31) r(34,178) d(35) d(32) a(33,112) r(25,135)
40; 1, 46; r(35,76) r(31,86) r(34,36) d(32) r(33,94) d(2) r(27,84) a(28,1) r(35,138) r(33,1) r(32,86) d(25)
41; 1, 46; d(28) a(34,27) r(34,112) a(35,170) r(27,1) a(3,178)
42; 1; r(35,76) r(31,86) r(34,36) d(32) r(33,94) d(2) r(27,84) a(28,1)
43; 46; d(28) a(34,27) r(34,112) a(35,170) r(27,1) a(3,178) r(35,138) r(33,1) r(32,86) d(25)
44; 22; a(27,94) d(32) a(35,97) r(31,80)
45; 36; r(35,76) d(32) d(2) r(34,53)
46; 45, 30; r(35,64) r(32,69) a(2,82) d(34) d(28) r(35,50) a(33,62)
47; 45, 30; d(28) a(34,27) r(34,112) a(35,170) r(2,3) d(32) a(35,97) d(35) d(27) a(33,64)
48; 45; r(35,64) r(32,69) a(2,82) d(34) d(28) r(35,50) a(33,62) d(27) a(33,64)
49; 30; d(28) a(34,27) r(34,112) a(35,170) r(2,3) d(32) a(35,97) d(35)
50; 18, 42; r(31,83) d(34) d(28) r(35,50) a(34,27) r(34,112) a(35,170) r(2,3) r(25,87) r(35,34) r(32,86)
51; 18, 42; d(28) r(35,31) r(27,38) r(2,48) r(32,134)
52; 18; r(31,83) d(34) d(28) r(35,50) r(35,31) r(27,38) r(2,48) r(32,134)
53; 42; d(28) a(34,27) r(34,112) a(35,170) r(2,3) r(25,87) r(35,34) r(32,86)
54; 11, 43; d(28) r(35,60) a(2,82) d(34) a(25,76) d(32) a(35,35) d(35) r(31,80) d(25)
55; 11, 43; a(34,32) d(34) a(25,64) r(3,70)
56; 11; d(28) r(35,60) a(2,82) d(34) a(25,76) a(25,64) r(3,70)
57; 43; a(34,32) d(34) d(32) a(35,35) d(35) r(31,80) d(25)
58; 53, 26; r(31,83) a(34,54) d(34) r(28,60) r(32,69) a(2,82) d(34) a(35,35) d(35) d(1) r(25,35)
59; 53, 26; a(34,32) d(34) d(32) d(28) r(35,50) a(33,62) a(33,82) r(27,37)
60; 53; r(31,83) a(34,54) d(34) r(28,60) r(32,69) a(2,82) d(34) d(28) r(35,50) a(33,62) a(33,82) r(27,37)
61; 26; a(34,32) d(34) d(32) a(35,35) d(35) d(1) r(25,35)
--------------------------------------------------------------------------------
Mutation

0; r(35,64) r(32,69) r(34,164)
1; r(35,76) d(32) d(34) a(34,57) d(2) r(35,138) r(33,1) r(32,86) r(1,57) d(34) a(25,112) r(1,77) a(27,54) r(25,80) r(28,105)
2; r(35,64) r(32,69) d(34) a(25,112) r(1,77) a(27,54) r(25,80) d(31)
3; r(35,76) d(32) d(34) a(34,57) d(2) r(35,138) r(33,1) r(32,86) r(1,57) r(25,35)
4; r(35,64) r(32,69) a(2,82) d(34) d(28) r(35,50) a(33,62) d(27) a(33,64) a(3,80)
5; r(31,83) d(34) d(28) r(35,50) r(35,31) r(27,38) d(2) a(33,60) r(32,86)
6; a(27,94) d(32) a(35,97) r(32,86) r(1,57) a(35,80)
7; r(35,76) d(32) d(34) a(34,57) d(2) r(35,138) r(33,1) r(31,80) a(25,138)
8; a(27,94) d(32) a(35,97) r(31,80) r(34,76)
9; r(35,76) d(32) d(34) a(34,57) d(2) r(35,138) r(33,1) r(32,86) r(1,57) d(31)
10; a(34,32) d(31) a(34,87) a(27,53) d(34) r(27,34) r(35,34) d(2)
11; a(34,32) d(34) r(35,50) r(35,31) r(27,38) a(25,53) d(2) r(28,134)
12; a(34,32) d(34) d(32) a(35,35) d(35) d(1) r(25,35) a(33,37)
13; r(35,64) r(32,69) d(34) a(25,112) r(1,77) r(33,38) a(25,84) d(28)
14; r(35,64) r(32,69) d(34) a(25,112) r(1,77) a(27,54) r(25,80) r(31,108)
15; r(31,83) d(34) d(28) d(32) a(35,35) d(35) d(2) d(1) a(33,80)
16; r(31,83) d(34) d(28) r(35,50) r(35,31) r(27,38) r(2,48) r(32,134) d(1)
17; a(27,94) d(31) r(34,178) d(35) d(32) a(33,112) a(25,46) d(25)
18; d(28) a(34,27) r(34,112) a(35,170) r(27,1) a(3,178) r(35,138) r(33,1) r(32,86) d(2) d(25)
19; d(28) a(34,27) r(34,112) a(35,170) r(2,3) d(32) a(35,97) r(35,33) r(25,51)
20; d(28) r(35,60) a(2,82) d(34) a(25,76) a(25,64) a(33,112) r(25,1) d(1)
21; a(27,94) d(31) r(34,178) d(35) d(32) r(3,70) a(27,64)
22; d(28) r(35,60) a(2,82) d(34) a(25,76) a(25,64) r(3,70) r(2,34)
23; a(27,94) d(31) r(34,178) d(35) d(32) a(33,112) r(25,1) d(2)
24; a(34,32) d(31) d(2) r(27,84) a(28,1) a(35,76)
25; r(35,76) r(31,86) r(34,36) d(32) r(33,94) a(34,87) a(27,53) d(34) a(2,135) r(32,31) r(28,69)
26; a(34,32) d(31) a(34,87) a(27,53) d(34) a(2,135) r(32,31) a(28,80)
27; r(35,76) r(31,86) r(34,36) d(32) r(33,94) d(2) r(27,84) a(28,1) a(28,164)
28; d(28) r(35,60) a(2,82) d(34) d(27) d(1) d(33) r(32,77)
29; r(35,76) d(32) d(34) a(34,57) d(2) r(34,138) a(1,62) r(31,48) d(27) a(33,78)
30; a(34,32) d(31) a(34,87) a(27,53) d(34) a(2,135) r(32,31) r(27,76)
31; r(31,83) d(34) d(28) r(35,50) r(35,31) a(27,53) d(34) a(2,135) d(25) d(3)
32; r(35,64) r(32,69) d(34) d(2)
33; d(28) r(34,112) a(35,170) r(2,3) d(32) a(35,97) r(35,52) a(25,112) r(1,77) r(33,38) d(31) r(34,178) d(35) d(32) a(33,112) r(28,170) d(25)
34; r(35,64) r(32,69) d(34) a(25,112) r(1,77) r(33,38) d(31) r(34,178) d(35) d(32) a(33,112) r(28,170) d(25)
35; d(28) r(34,112) a(35,170) r(2,3) d(32) a(35,97) r(35,52) r(33,47)
36; r(31,83) d(34) d(28) d(32) a(35,35) d(35) d(32) a(33,112) r(25,135) r(33,64)
37; d(28) a(34,27) r(34,112) a(35,170) r(2,3) d(31) r(34,178) d(35) d(2) d(1) a(33,178)
38; r(31,83) d(34) d(28) d(32) a(35,35) d(35) d(2) d(1) a(33,37)
39; d(28) a(34,27) r(34,112) a(35,170) r(2,3) d(31) r(34,178) d(35) d(32) a(33,112) r(25,135) d(33)
40; r(35,76) r(31,86) r(34,36) d(32) r(33,94) d(2) r(27,84) a(28,1) r(35,138) r(33,1) r(32,86) d(25) r(28,177)
41; d(28) a(34,27) r(34,112) a(35,170) r(27,1) a(3,178) d(1)
42; r(35,76) r(31,86) r(34,36) d(32) r(33,94) d(2) r(27,84) a(28,1) a(25,176)
43; d(28) a(34,27) r(34,112) a(35,170) r(27,1) a(3,178) r(35,138) r(33,1) r(32,86) d(25) r(2,130)
44; a(27,94) d(32) a(35,97) r(31,80) r(34,1)
45; r(35,76) d(32) d(2) r(34,53) a(25,178)
46; r(35,64) r(32,69) a(2,82) d(34) d(28) r(35,50) a(33,62) r(25,95)
47; d(28) a(34,27) r(34,112) a(35,170) r(2,3) d(32) a(35,97) d(35) d(27) a(33,64) d(25)
48; r(35,64) r(32,69) a(2,82) d(34) d(28) r(35,50) a(33,62) d(27) a(33,64) d(3)
49; d(28) a(34,27) r(34,112) a(35,170) r(2,3) d(32) a(35,97) d(35) r(27,48)
50; r(31,83) d(34) d(28) r(35,50) a(34,27) r(34,112) a(35,170) r(2,3) r(25,87) r(35,34) r(32,86) r(33,64)
51; d(28) r(35,31) r(27,38) r(2,48) r(32,134) d(34)
52; r(31,83) d(34) d(28) r(35,50) r(35,31) r(27,38) r(2,48) r(32,134) d(33)
53; d(28) a(34,27) r(34,112) a(35,170) r(2,3) r(25,87) r(35,34) r(32,86) d(1)
54; d(28) r(35,60) a(2,82) d(34) a(25,76) d(32) a(35,35) d(35) r(31,80) d(25) r(3,50)
55; a(34,32) d(34) a(25,64) r(3,70) r(35,47)
56; d(28) r(35,60) a(2,82) d(34) a(25,76) a(25,64) r(3,70) r(2,112)
57; a(34,32) d(34) d(32) a(35,35) d(35) r(31,80) d(25) a(33,177)
58; r(31,83) a(34,54) d(34) r(28,60) r(32,69) a(2,82) d(34) a(35,35) d(35) d(1) r(25,35) a(33,135)
59; a(34,32) d(34) d(32) d(28) r(35,50) a(33,62) a(33,82) r(27,37) a(33,78)
60; r(31,83) a(34,54) d(34) r(28,60) r(32,69) a(2,82) d(34) d(28) r(35,50) a(33,62) a(33,82) r(27,37) d(1)
61; a(34,32) d(34) d(32) a(35,35) d(35) d(1) r(25,35) r(31,47)
--------------------------------------------------------------------------------
Evaluation

0; 0.
1; 12.
2; 0.
3; 0.
4; 0.
5; 0.
6; 0.
7; 0.
8; 0.
9; 0.
10; 0.
11; 0.
12; 0.
13; 0.
14; 0.
15; 0.
16; 12.
17; 12.
18; 0.
19; 0.
20; 0.
21; 12.
22; 0.
23; 0.
24; 0.
25; 0.
26; 0.
27; 0.
28; 0.
29; 0.
30; 0.
31; 0.
32; 0.
33; 0.
34; 0.
35; 0.
36; 0.
37; 12.
38; 0.
39; 0.
40; 0.
41; 0.
42; 0.
43; 0.
44; 0.
45; 0.
46; 0.
47; 0.
48; 0.
49; 0.
50; 0.
51; 0.
52; 0.
53; 0.
54; 0.
55; 12.
56; 0.
57; 0.
58; 0.
59; 0.
60; 0.
61; 0.
================================================================================
Generation 8

--------------------------------------------------------------------------------
Selection

0; 46
1; 49
2; 1
3; 30
4; 12
5; 18
6; 47
7; 0
8; 8
9; 49
10; 26
11; 32
12; 57
13; 22
14; 54
15; 26
16; 35
17; 40
18; 4
19; 8
20; 40
21; 15
22; 22
23; 22
24; 53
25; 29
26; 54
27; 53
28; 27
29; 61
30; 50
31; 10
32; 58
33; 45
34; 11
35; 45
36; 11
37; 15
38; 61
39; 35
--------------------------------------------------------------------------------
Crossover

0; 46, 27; r(35,64) r(32,69) a(2,82) d(34) r(31,86) r(34,36) d(32) r(33,94) d(2) r(27,84) a(28,1) a(28,164)
1; 46, 27; r(35,76) d(28) r(35,50) a(33,62) r(25,95)
2; 46; r(35,64) r(32,69) a(2,82) d(34) d(28) r(35,50) a(33,62) r(25,95)
3; 27; r(35,76) r(31,86) r(34,36) d(32) r(33,94) d(2) r(27,84) a(28,1) a(28,164)
4; 53, 53; d(28) a(34,27) r(34,112) a(35,170) r(2,3) r(25,87) r(35,34) r(32,86) d(1) r(32,86) d(1)
5; 53, 53; d(28) a(34,27) r(34,112) a(35,170) r(2,3) r(25,87) r(35,34)
6; 53; d(28) a(34,27) r(34,112) a(35,170) r(2,3) r(25,87) r(35,34) r(32,86) d(1)
7; 53; d(28) a(34,27) r(34,112) a(35,170) r(2,3) r(25,87) r(35,34) r(32,86) d(1)
8; 15; r(31,83) d(34) d(28) d(32) a(35,35) d(35) d(2) d(1) a(33,80)
9; 40; r(35,76) r(31,86) r(34,36) d(32) r(33,94) d(2) r(27,84) a(28,1) r(35,138) r(33,1) r(32,86) d(25) r(28,177)
10; 45, 54; r(35,76) d(32) d(2) r(34,53) r(35,60) a(2,82) d(34) a(25,76) d(32) a(35,35) d(35) r(31,80) d(25) r(3,50)
11; 45, 54; d(28) a(25,178)
12; 45; r(35,76) d(32) d(2) r(34,53) a(25,178)
13; 54; d(28) r(35,60) a(2,82) d(34) a(25,76) d(32) a(35,35) d(35) r(31,80) d(25) r(3,50)
14; 50, 8; r(31,83) d(34) d(28) r(35,50) a(34,27) r(34,112) a(35,170) r(2,3) a(35,97) r(31,80) r(34,76)
15; 50, 8; a(27,94) d(32) r(25,87) r(35,34) r(32,86) r(33,64)
16; 50; r(31,83) d(34) d(28) r(35,50) a(34,27) r(34,112) a(35,170) r(2,3) r(25,87) r(35,34) r(32,86) r(33,64)
17; 8; a(27,94) d(32) a(35,97) r(31,80) r(34,76)
18; 35, 22; d(28) r(34,112) a(35,170) r(2,3) d(34) a(25,76) a(25,64) r(3,70) r(2,34)
19; 35, 22; d(28) r(35,60) a(2,82) d(32) a(35,97) r(35,52) r(33,47)
20; 35; d(28) r(34,112) a(35,170) r(2,3) d(32) a(35,97) r(35,52) r(33,47)
21; 22; d(28) r(35,60) a(2,82) d(34) a(25,76) a(25,64) r(3,70) r(2,34)
22; 61, 57; a(34,32) r(31,80) d(25) a(33,177)
23; 61, 57; a(34,32) d(34) d(32) a(35,35) d(35) d(34) d(32) a(35,35) d(35) d(1) r(25,35) r(31,47)
24; 61; a(34,32) d(34) d(32) a(35,35) d(35) d(1) r(25,35) r(31,47)
25; 57; a(34,32) d(34) d(32) a(35,35) d(35) r(31,80) d(25) a(33,177)
26; 22; d(28) r(35,60) a(2,82) d(34) a(25,76) a(25,64) r(3,70) r(2,34)
27; 40; r(35,76) r(31,86) r(34,36) d(32) r(33,94) d(2) r(27,84) a(28,1) r(35,138) r(33,1) r(32,86) d(25) r(28,177)
28; 12; a(34,32) d(34) d(32) a(35,35) d(35) d(1) r(25,35) a(33,37)
29; 47; d(28) a(34,27) r(34,112) a(35,170) r(2,3) d(32) a(35,97) d(35) d(27) a(33,64) d(25)
30; 11, 29; a(34,32) d(34) r(35,50) a(1,62) r(31,48) d(27) a(33,78)
31; 11, 29; r(35,76) d(32) d(34) a(34,57) d(2) r(34,138) r(35,31) r(27,38) a(25,53) d(2) r(28,134)
32; 11; a(34,32) d(34) r(35,50) r(35,31) r(27,38) a(25,53) d(2) r(28,134)
33; 29; r(35,76) d(32) d(34) a(34,57) d(2) r(34,138) a(1,62) r(31,48) d(27) a(33,78)
34; 26, 26; a(34,32) d(31) a(34,87) a(27,53) d(34) a(2,135) r(32,31) d(34) a(2,135) r(32,31) a(28,80)
35; 26, 26; a(34,32) d(31) a(34,87) a(27,53) a(28,80)
36; 26; a(34,32) d(31) a(34,87) a(27,53) d(34) a(2,135) r(32,31) a(28,80)
37; 26; a(34,32) d(31) a(34,87) a(27,53) d(34) a(2,135) r(32,31) a(28,80)
38; 54; d(28) r(35,60) a(2,82) d(34) a(25,76) d(32) a(35,35) d(35) r(31,80) d(25) r(3,50)
39; 45; r(35,76) d(32) d(2) r(34,53) a(25,178)
40; 35; d(28) r(34,112) a(35,170) r(2,3) d(32) a(35,97) r(35,52) r(33,47)
41; 30; a(34,32) d(31) a(34,87) a(27,53) d(34) a(2,135) r(32,31) r(27,76)
42; 0, 1; r(35,64) r(32,69) r(33,1) r(32,86) r(1,57) d(34) a(25,112) r(1,77) a(27,54) r(25,80) r(28,105)
43; 0, 1; r(35,76) d(32) d(34) a(34,57) d(2) r(35,138) r(34,164)
44; 0; r(35,64) r(32,69) r(34,164)
45; 1; r(35,76) d(32) d(34) a(34,57) d(2) r(35,138) r(33,1) r(32,86) r(1,57) d(34) a(25,112) r(1,77) a(27,54) r(25,80) r(28,105)
46; 49, 10; d(28) r(35,34) d(2)
47; 49, 10; a(34,32) d(31) a(34,87) a(27,53) d(34) r(27,34) a(34,27) r(34,112) a(35,170) r(2,3) d(32) a(35,97) d(35) r(27,48)
48; 49; d(28) a(34,27) r(34,112) a(35,170) r(2,3) d(32) a(35,97) d(35) r(27,48)
49; 10; a(34,32) d(31) a(34,87) a(27,53) d(34) r(27,34) r(35,34) d(2)
50; 58; r(31,83) a(34,54) d(34) r(28,60) r(32,69) a(2,82) d(34) a(35,35) d(35) d(1) r(25,35) a(33,135)
51; 61; a(34,32) d(34) d(32) a(35,35) d(35) d(1) r(25,35) r(31,47)
52; 4; r(35,64) r(32,69) a(2,82) d(34) d(28) r(35,50) a(33,62) d(27) a(33,64) a(3,80)
53; 49; d(28) a(34,27) r(34,112) a(35,170) r(2,3) d(32) a(35,97) d(35) r(27,48)
54; 22; d(28) r(35,60) a(2,82) d(34) a(25,76) a(25,64) r(3,70) r(2,34)
55; 32; r(35,64) r(32,69) d(34) d(2)
56; 15, 8; r(31,83) d(34) d(28) d(32) a(35,35) r(31,80) r(34,76)
57; 15, 8; a(27,94) d(32) a(35,97) d(35) d(2) d(1) a(33,80)
58; 15; r(31,83) d(34) d(28) d(32) a(35,35) d(35) d(2) d(1) a(33,80)
59; 8; a(27,94) d(32) a(35,97) r(31,80) r(34,76)
60; 18, 11; d(28) a(34,27)
61; 18, 11; a(34,32) d(34) r(35,50) r(35,31) r(27,38) a(25,53) d(2) r(28,134) r(34,112) a(35,170) r(27,1) a(3,178) r(35,138) r(33,1) r(32,86) d(2) d(25)
62; 18; d(28) a(34,27) r(34,112) a(35,170) r(27,1) a(3,178) r(35,138) r(33,1) r(32,86) d(2) d(25)
63; 11; a(34,32) d(34) r(35,50) r(35,31) r(27,38) a(25,53) d(2) r(28,134)
--------------------------------------------------------------------------------
Mutation

0; r(35,64) r(32,69) a(2,82) d(34) r(31,86) r(34,36) d(32) r(33,94) d(2) r(27,84) a(28,1) a(28,164) a(1,53)
1; r(35,76) d(28) r(35,50) a(33,62) r(25,95) a(34,27)
2; r(35,64) r(32,69) a(2,82) d(34) d(28) r(35,50) a(33,62) r(25,95) a(2,55)
3; r(35,76) r(31,86) r(34,36) d(32) r(33,94) d(2) r(27,84) a(28,1) a(28,164) d(25)
4; d(28) a(34,27) r(34,112) a(35,170) r(2,3) r(25,87) r(35,34) r(32,86) d(1) r(32,86) d(1) d(33)
5; d(28) a(34,27) r(34,112) a(35,170) r(2,3) r(25,87) r(35,34) a(33,33)
6; d(28) a(34,27) r(34,112) a(35,170) r(2,3) r(25,87) r(35,34) r(32,86) d(1) d(33)
7; d(28) a(34,27) r(34,112) a(35,170) r(2,3) r(25,87) r(35,34) r(32,86) d(1) d(33)
8; r(31,83) d(34) d(28) d(32) a(35,35) d(35) d(2) d(1) a(33,80) r(27,176)
9; r(35,76) r(31,86) r(34,36) d(32) r(33,94) d(2) r(27,84) a(28,1) r(35,138) r(33,1) r(32,86) d(25) r(28,177) a(1,37)
10; r(35,76) d(32) d(2) r(34,53) r(35,60) a(2,82) d(34) a(25,76) d(32) a(35,35) d(35) r(31,80) d(25) r(3,50) a(1,83)
11; d(28) a(25,178) a(35,95)
12; r(35,76) d(32) d(2) r(34,53) a(25,178) d(25)
13; d(28) r(35,60) a(2,82) d(34) a(25,76) d(32) a(35,35) d(35) r(31,80) d(25) r(3,50) a(1,49)
14; r(31,83) d(34) d(28) r(35,50) a(34,27) r(34,112) a(35,170) r(2,3) a(35,97) r(31,80) r(34,76) a(32,108)
15; a(27,94) d(32) r(25,87) r(35,34) r(32,86) r(33,64) d(31)
16; r(31,83) d(34) d(28) r(35,50) a(34,27) r(34,112) a(35,170) r(2,3) r(25,87) r(35,34) r(32,86) r(33,64) r(1,86)
17; a(27,94) d(32) a(35,97) r(31,80) r(34,76) d(35)
18; d(28) r(34,112) a(35,170) r(2,3) d(34) a(25,76) a(25,64) r(3,70) r(2,34) a(35,138)
19; d(28) r(35,60) a(2,82) d(32) a(35,97) r(35,52) r(33,47) r(1,33)
20; d(28) r(34,112) a(35,170) r(2,3) d(32) a(35,97) r(35,52) r(33,47) d(27)
21; d(28) r(35,60) a(2,82) d(34) a(25,76) a(25,64) r(3,70) r(2,34) a(32,178)
22; a(34,32) r(31,80) d(25) a(33,177) r(34,87)
23; a(34,32) d(34) d(32) a(35,35) d(35) d(34) d(32) a(35,35) d(35) d(1) r(25,35) r(31,47) r(33,52)
24; a(34,32) d(34) d(32) a(35,35) d(35) d(1) r(25,35) r(31,47) d(28)
25; a(34,32) d(34) d(32) a(35,35) d(35) r(31,80) d(25) a(33,177) r(28,97)
26; d(28) r(35,60) a(2,82) d(34) a(25,76) a(25,64) r(3,70) r(2,34) a(1,70)
27; r(35,76) r(31,86) r(34,36) d(32) r(33,94) d(2) r(27,84) a(28,1) r(35,138) r(33,1) r(32,86) d(25) r(28,177) a(1,138)
28; a(34,32) d(34) d(32) a(35,35) d(35) d(1) r(25,35) a(33,37) d(28)
29; d(28) a(34,27) r(34,112) a(35,170) r(2,3) d(32) a(35,97) d(35) d(27) a(33,64) d(25) d(1)
30; a(34,32) d(34) r(35,50) a(1,62) r(31,48) d(27) a(33,78) r(2,176)
31; r(35,76) d(32) d(34) a(34,57) d(2) r(34,138) r(35,31) r(27,38) a(25,53) d(2) r(28,134) d(25)
32; a(34,32) d(34) r(35,50) r(35,31) r(27,38) a(25,53) d(2) r(28,134) d(33)
33; r(35,76) d(32) d(34) a(34,57) d(2) r(34,138) a(1,62) r(31,48) d(27) a(33,78) d(25)
34; a(34,32) d(31) a(34,87) a(27,53) d(34) a(2,135) r(32,31) d(34) a(2,135) r(32,31) a(28,80) d(33)
35; a(34,32) d(31) a(34,87) a(27,53) a(28,80) d(35)
36; a(34,32) d(31) a(34,87) a(27,53) d(34) a(2,135) r(32,31) a(28,80) a(35,148)
37; a(34,32) d(31) a(34,87) a(27,53) d(34) a(2,135) r(32,31) a(28,80) r(25,170)
38; d(28) r(35,60) a(2,82) d(34) a(25,76) d(32) a(35,35) d(35) r(31,80) d(25) r(3,50) a(1,49)
39; r(35,76) d(32) d(2) r(34,53) a(25,178) d(27)
40; d(28) r(34,112) a(35,170) r(2,3) d(32) a(35,97) r(35,52) r(33,47) a(27,112)
41; a(34,32) d(31) a(34,87) a(27,53) d(34) a(2,135) r(32,31) r(27,76) d(35)
42; r(35,64) r(32,69) r(33,1) r(32,86) r(1,57) d(34) a(25,112) r(1,77) a(27,54) r(25,80) r(28,105)
43; r(35,76) d(32) d(34) a(34,57) d(2) r(35,138) r(34,164) r(28,69)
44; r(35,64) r(32,69) r(34,164) d(28)
45; r(35,76) d(32) d(34) a(34,57) d(2) r(35,138) r(33,1) r(32,86) r(1,57) d(34) a(25,112) r(1,77) a(27,54) r(25,80) r(28,105)
46; d(28) r(35,34) d(2) a(34,65)
47; a(34,32) d(31) a(34,87) a(27,53) d(34) r(27,34) a(34,27) r(34,112) a(35,170) r(2,3) d(32) a(35,97) d(35) r(27,48) r(28,83)
48; d(28) a(34,27) r(34,112) a(35,170) r(2,3) d(32) a(35,97) d(35) r(27,48) r(1,94)
49; a(34,32) d(31) a(34,87) a(27,53) d(34) r(27,34) r(35,34) d(2) a(1,130)
50; r(31,83) a(34,54) d(34) r(28,60) r(32,69) a(2,82) d(34) a(35,35) d(35) d(1) r(25,35) a(33,135) r(33,51)
51; a(34,32) d(34) d(32) a(35,35) d(35) d(1) r(25,35) r(31,47) d(28)
52; r(35,64) r(32,69) a(2,82) d(34) d(28) r(35,50) a(33,62) d(27) a(33,64) a(3,80) a(1,87)
53; d(28) a(34,27) r(34,112) a(35,170) r(2,3) d(32) a(35,97) d(35) r(27,48) r(33,86)
54; d(28) r(35,60) a(2,82) d(34) a(25,76) a(25,64) r(3,70) r(2,34) r(32,64)
55; r(35,64) r(32,69) d(34) d(2) r(27,70)
56; r(31,83) d(34) d(28) d(32) a(35,35) r(31,80) r(34,76) a(35,130)
57; a(27,94) d(32) a(35,97) d(35) d(2) d(1) a(33,80) d(34)
58; r(31,83) d(34) d(28) d(32) a(35,35) d(35) d(2) d(1) a(33,80) r(27,138)
59; a(27,94) d(32) a(35,97) r(31,80) r(34,76) d(1)
60; d(28) a(34,27) a(27,95)
61; a(34,32) d(34) r(35,50) r(35,31) r(27,38) a(25,53) d(2) r(28,134) r(34,112) a(35,170) r(27,1) a(3,178) r(35,138) r(33,1) r(32,86) d(2) d(25) a(1,77)
62; d(28) a(34,27) r(34,112) a(35,170) r(27,1) a(3,178) r(35,138) r(33,1) r(32,86) d(2) d(25) d(1)
63; a(34,32) d(34) r(35,50) r(35,31) r(27,38) a(25,53) d(2) r(28,134) r(25,47)
--------------------------------------------------------------------------------
Evaluation

0; 0.
1; 0.
2; 0.
3; 0.
4; 0.
5; 0.
6; 0.
7; 0.
8; 0.
9; 0.
10; 0.
11; 12.
12; 0.
13; 0.
14; 0.
15; 0.
16; 0.
17; 0.
18; 0.
19; 0.
20; 0.
21; 0.
22; 0.
23; 0.
24; 0.
25; 0.
26; 0.
27; 0.
28; 0.
29; 0.
30; 0.
31; 0.
32; 0.
33; 0.
34; 0.
35; 0.
36; 0.
37; 0.
38; 0.
39; 0.
40; 0.
41; 0.
42; 12.
43; 0.
44; 0.
45; 12.
46; 0.
47; 0.
48; 0.
49; 0.
50; 0.
51; 0.
52; 0.
53; 0.
54; 0.
55; 0.
56; 0.
57; 0.
58; 0.
59; 0.
60; 0.
61; 0.
62; 0.
63; 0.
================================================================================
Generation 9

--------------------------------------------------------------------------------
Selection

0; 16
1; 3
2; 27
3; 61
4; 10
5; 53
6; 38
7; 55
8; 58
9; 1
10; 24
11; 56
12; 31
13; 49
14; 15
15; 20
16; 26
17; 21
18; 14
19; 21
20; 6
21; 52
22; 61
23; 60
24; 63
25; 37
26; 21
27; 31
28; 44
29; 48
30; 27
31; 29
32; 58
33; 34
34; 35
35; 18
36; 17
37; 10
38; 5
39; 6
--------------------------------------------------------------------------------
Crossover

0; 58, 29; r(31,83) d(34) a(34,27) r(34,112) a(35,170) r(2,3) d(32) a(35,97) d(35) d(27) a(33,64) d(25) d(1)
1; 58, 29; d(28) d(28) d(32) a(35,35) d(35) d(2) d(1) a(33,80) r(27,138)
2; 58; r(31,83) d(34) d(28) d(32) a(35,35) d(35) d(2) d(1) a(33,80) r(27,138)
3; 29; d(28) a(34,27) r(34,112) a(35,170) r(2,3) d(32) a(35,97) d(35) d(27) a(33,64) d(25) d(1)
4; 21; d(28) r(35,60) a(2,82) d(34) a(25,76) a(25,64) r(3,70) r(2,34) a(32,178)
5; 56; r(31,83) d(34) d(28) d(32) a(35,35) r(31,80) r(34,76) a(35,130)
6; 38, 16; d(28) r(35,60) a(2,82) d(34) a(25,76) d(32) a(35,35) d(35) r(31,80) d(25) r(3,50) a(1,49) r(35,50) a(34,27) r(34,112) a(35,170) r(2,3) r(25,87) r(35,34) r(32,86) r(33,64) r(1,86)
7; 38, 16; r(31,83) d(34) d(28)
8; 38; d(28) r(35,60) a(2,82) d(34) a(25,76) d(32) a(35,35) d(35) r(31,80) d(25) r(3,50) a(1,49)
9; 16; r(31,83) d(34) d(28) r(35,50) a(34,27) r(34,112) a(35,170) r(2,3) r(25,87) r(35,34) r(32,86) r(33,64) r(1,86)
10; 53; d(28) a(34,27) r(34,112) a(35,170) r(2,3) d(32) a(35,97) d(35) r(27,48) r(33,86)
11; 6; d(28) a(34,27) r(34,112) a(35,170) r(2,3) r(25,87) r(35,34) r(32,86) d(1) d(33)
12; 27, 34; r(35,76) r(31,86) r(34,36) d(32) r(33,94) d(2) r(27,84) a(28,1) r(35,138) r(33,1) r(32,31) d(34) a(2,135) r(32,31) a(28,80) d(33)
13; 27, 34; a(34,32) d(31) a(34,87) a(27,53) d(34) a(2,135) r(32,86) d(25) r(28,177) a(1,138)
14; 27; r(35,76) r(31,86) r(34,36) d(32) r(33,94) d(2) r(27,84) a(28,1) r(35,138) r(33,1) r(32,86) d(25) r(28,177) a(1,138)
15; 34; a(34,32) d(31) a(34,87) a(27,53) d(34) a(2,135) r(32,31) d(34) a(2,135) r(32,31) a(28,80) d(33)
16; 58; r(31,83) d(34) d(28) d(32) a(35,35) d(35) d(2) d(1) a(33,80) r(27,138)
17; 24; a(34,32) d(34) d(32) a(35,35) d(35) d(1) r(25,35) r(31,47) d(28)
18; 35; a(34,32) d(31) a(34,87) a(27,53) a(28,80) d(35)
19; 15; a(27,94) d(32) r(25,87) r(35,34) r(32,86) r(33,64) d(31)
20; 27; r(35,76) r(31,86) r(34,36) d(32) r(33,94) d(2) r(27,84) a(28,1) r(35,138) r(33,1) r(32,86) d(25) r(28,177) a(1,138)
21; 21; d(28) r(35,60) a(2,82) d(34) a(25,76) a(25,64) r(3,70) r(2,34) a(32,178)
22; 6; d(28) a(34,27) r(34,112) a(35,170) r(2,3) r(25,87) r(35,34) r(32,86) d(1) d(33)
23; 61; a(34,32) d(34) r(35,50) r(35,31) r(27,38) a(25,53) d(2) r(28,134) r(34,112) a(35,170) r(27,1) a(3,178) r(35,138) r(33,1) r(32,86) d(2) d(25) a(1,77)
24; 31, 10; r(35,76) d(32) d(34) a(34,57) d(2) a(2,82) d(34) a(25,76) d(32) a(35,35) d(35) r(31,80) d(25) r(3,50) a(1,83)
25; 31, 10; r(35,76) d(32) d(2) r(34,53) r(35,60) r(34,138) r(35,31) r(27,38) a(25,53) d(2) r(28,134) d(25)
26; 31; r(35,76) d(32) d(34) a(34,57) d(2) r(34,138) r(35,31) r(27,38) a(25,53) d(2) r(28,134) d(25)
27; 10; r(35,76) d(32) d(2) r(34,53) r(35,60) a(2,82) d(34) a(25,76) d(32) a(35,35) d(35) r(31,80) d(25) r(3,50) a(1,83)
28; 17, 63; a(27,94) d(32) a(35,97) r(31,80) r(27,38) a(25,53) d(2) r(28,134) r(25,47)
29; 17, 63; a(34,32) d(34) r(35,50) r(35,31) r(34,76) d(35)
30; 17; a(27,94) d(32) a(35,97) r(31,80) r(34,76) d(35)
31; 63; a(34,32) d(34) r(35,50) r(35,31) r(27,38) a(25,53) d(2) r(28,134) r(25,47)
32; 31; r(35,76) d(32) d(34) a(34,57) d(2) r(34,138) r(35,31) r(27,38) a(25,53) d(2) r(28,134) d(25)
33; 60; d(28) a(34,27) a(27,95)
34; 5; d(28) a(34,27) r(34,112) a(35,170) r(2,3) r(25,87) r(35,34) a(33,33)
35; 14; r(31,83) d(34) d(28) r(35,50) a(34,27) r(34,112) a(35,170) r(2,3) a(35,97) r(31,80) r(34,76) a(32,108)
36; 10; r(35,76) d(32) d(2) r(34,53) r(35,60) a(2,82) d(34) a(25,76) d(32) a(35,35) d(35) r(31,80) d(25) r(3,50) a(1,83)
37; 20; d(28) r(34,112) a(35,170) r(2,3) d(32) a(35,97) r(35,52) r(33,47) d(27)
38; 49, 61; a(34,32) d(31) a(34,87) r(34,112) a(35,170) r(27,1) a(3,178) r(35,138) r(33,1) r(32,86) d(2) d(25) a(1,77)
39; 49, 61; a(34,32) d(34) r(35,50) r(35,31) r(27,38) a(25,53) d(2) r(28,134) a(27,53) d(34) r(27,34) r(35,34) d(2) a(1,130)
40; 49; a(34,32) d(31) a(34,87) a(27,53) d(34) r(27,34) r(35,34) d(2) a(1,130)
41; 61; a(34,32) d(34) r(35,50) r(35,31) r(27,38) a(25,53) d(2) r(28,134) r(34,112) a(35,170) r(27,1) a(3,178) r(35,138) r(33,1) r(32,86) d(2) d(25) a(1,77)
42; 18, 44; d(28) r(34,112) a(35,170) r(2,3) d(34) a(25,76) r(34,164) d(28)
43; 18, 44; r(35,64) r(32,69) a(25,64) r(3,70) r(2,34) a(35,138)
44; 18; d(28) r(34,112) a(35,170) r(2,3) d(34) a(25,76) a(25,64) r(3,70) r(2,34) a(35,138)
45; 44; r(35,64) r(32,69) r(34,164) d(28)
46; 3; r(35,76) r(31,86) r(34,36) d(32) r(33,94) d(2) r(27,84) a(28,1) a(28,164) d(25)
47; 48; d(28) a(34,27) r(34,112) a(35,170) r(2,3) d(32) a(35,97) d(35) r(27,48) r(1,94)
48; 21; d(28) r(35,60) a(2,82) d(34) a(25,76) a(25,64) r(3,70) r(2,34) a(32,178)
49; 1; r(35,76) d(28) r(35,50) a(33,62) r(25,95) a(34,27)
50; 26, 52; d(28) r(35,60) a(2,82) d(34) a(25,76) a(33,62) d(27) a(33,64) a(3,80) a(1,87)
51; 26, 52; r(35,64) r(32,69) a(2,82) d(34) d(28) r(35,50) a(25,64) r(3,70) r(2,34) a(1,70)
52; 26; d(28) r(35,60) a(2,82) d(34) a(25,76) a(25,64) r(3,70) r(2,34) a(1,70)
53; 52; r(35,64) r(32,69) a(2,82) d(34) d(28) r(35,50) a(33,62) d(27) a(33,64) a(3,80) a(1,87)
54; 55, 37; r(35,64) r(32,69) r(32,31) a(28,80) r(25,170)
55; 55, 37; a(34,32) d(31) a(34,87) a(27,53) d(34) a(2,135) d(34) d(2) r(27,70)
56; 55; r(35,64) r(32,69) d(34) d(2) r(27,70)
57; 37; a(34,32) d(31) a(34,87) a(27,53) d(34) a(2,135) r(32,31) a(28,80) r(25,170)
--------------------------------------------------------------------------------
Mutation

0; r(31,83) d(34) a(34,27) r(34,112) a(35,170) r(2,3) d(32) a(35,97) d(35) d(27) a(33,64) d(25) d(1) d(33)
1; d(28) d(28) d(32) a(35,35) d(35) d(2) d(1) a(33,80) r(27,138) d(34)
2; r(31,83) d(34) d(28) d(32) a(35,35) d(35) d(2) d(1) a(33,80) r(27,138) a(25,77)
3; d(28) a(34,27) r(34,112) a(35,170) r(2,3) d(32) a(35,97) d(35) d(27) a(33,64) d(25) d(1) d(33)
4; d(28) r(35,60) a(2,82) d(34) a(25,76) a(25,64) r(3,70) r(2,34) a(32,178) a(32,54)
5; r(31,83) d(34) d(28) d(32) a(35,35) r(31,80) r(34,76) a(35,130) r(35,44)
6; d(28) r(35,60) a(2,82) d(34) a(25,76) d(32) a(35,35) d(35) r(31,80) d(25) r(3,50) a(1,49) r(35,50) a(34,27) r(34,112) a(35,170) r(2,3) r(25,87) r(35,34) r(32,86) r(33,64) r(1,86)
7; r(31,83) d(34) d(28) r(35,46)
8; d(28) r(35,60) a(2,82) d(34) a(25,76) d(32) a(35,35) d(35) r(31,80) d(25) r(3,50) a(1,49) a(33,76)
9; r(31,83) d(34) d(28) r(35,50) a(34,27) r(34,112) a(35,170) r(2,3) r(25,87) r(35,34) r(32,86) r(33,64) r(1,86)
10; d(28) a(34,27) r(34,112) a(35,170) r(2,3) d(32) a(35,97) d(35) r(27,48) r(33,86) a(25,176)
11; d(28) a(34,27) r(34,112) a(35,170) r(2,3) r(25,87) r(35,34) r(32,86) d(1) d(33)
12; r(35,76) r(31,86) r(34,36) d(32) r(33,94) d(2) r(27,84) a(28,1) r(35,138) r(33,1) r(32,31) d(34) a(2,135) r(32,31) a(28,80) d(33) a(1,83)
13; a(34,32) d(31) a(34,87) a(27,53) d(34) a(2,135) r(32,86) d(25) r(28,177) a(1,138) a(35,64)
14; r(35,76) r(31,86) r(34,36) d(32) r(33,94) d(2) r(27,84) a(28,1) r(35,138) r(33,1) r(32,86) d(25) r(28,177) a(1,138) d(1)
15; a(34,32) d(31) a(34,87) a(27,53) d(34) a(2,135) r(32,31) d(34) a(2,135) r(32,31) a(28,80) d(33) r(2,25)
16; r(31,83) d(34) d(28) d(32) a(35,35) d(35) d(2) d(1) a(33,80) r(27,138) a(25,47)
17; a(34,32) d(34) d(32) a(35,35) d(35) d(1) r(25,35) r(31,47) d(28) a(33,130)
18; a(34,32) d(31) a(34,87) a(27,53) a(28,80) d(35) a(32,44)
19; a(27,94) d(32) r(25,87) r(35,34) r(32,86) r(33,64) d(31) r(1,100)
20; r(35,76) r(31,86) r(34,36) d(32) r(33,94) d(2) r(27,84) a(28,1) r(35,138) r(33,1) r(32,86) d(25) r(28,177) a(1,138) a(1,99)
21; d(28) r(35,60) a(2,82) d(34) a(25,76) a(25,64) r(3,70) r(2,34) a(32,178) a(33,60)
22; d(28) a(34,27) r(34,112) a(35,170) r(2,3) r(25,87) r(35,34) r(32,86) d(1) d(33)
23; a(34,32) d(34) r(35,50) r(35,31) r(27,38) a(25,53) d(2) r(28,134) r(34,112) a(35,170) r(27,1) a(3,178) r(35,138) r(33,1) r(32,86) d(2) d(25) a(1,77) a(1,99)
24; r(35,76) d(32) d(34) a(34,57) d(2) a(2,82) d(34) a(25,76) d(32) a(35,35) d(35) r(31,80) d(25) r(3,50) a(1,83) d(33)
25; r(35,76) d(32) d(2) r(34,53) r(35,60) r(34,138) r(35,31) r(27,38) a(25,53) d(2) r(28,134) d(25) d(33)
26; r(35,76) d(32) d(34) a(34,57) d(2) r(34,138) r(35,31) r(27,38) a(25,53) d(2) r(28,134) d(25) d(33)
27; r(35,76) d(32) d(2) r(34,53) r(35,60) a(2,82) d(34) a(25,76) d(32) a(35,35) d(35) r(31,80) d(25) r(3,50) a(1,83) a(1,1)
28; a(27,94) d(32) a(35,97) r(31,80) r(27,38) a(25,53) d(2) r(28,134) r(25,47) a(34,34)
29; a(34,32) d(34) r(35,50) r(35,31) r(34,76) d(35) d(25)
30; a(27,94) d(32) a(35,97) r(31,80) r(34,76) d(35) r(33,47)
31; a(34,32) d(34) r(35,50) r(35,31) r(27,38) a(25,53) d(2) r(28,134) r(25,47) r(33,45)
32; r(35,76) d(32) d(34) a(34,57) d(2) r(34,138) r(35,31) r(27,38) a(25,53) d(2) r(28,134) d(25) a(1,158)
33; d(28) a(34,27) a(27,95) a(34,82)
34; d(28) a(34,27) r(34,112) a(35,170) r(2,3) r(25,87) r(35,34) a(33,33) r(33,47)
35; r(31,83) d(34) d(28) r(35,50) a(34,27) r(34,112) a(35,170) r(2,3) a(35,97) r(31,80) r(34,76) a(32,108) r(1,99)
36; r(35,76) d(32) d(2) r(34,53) r(35,60) a(2,82) d(34) a(25,76) d(32) a(35,35) d(35) r(31,80) d(25) r(3,50) a(1,83) a(28,46)
37; d(28) r(34,112) a(35,170) r(2,3) d(32) a(35,97) r(35,52) r(33,47) d(27) r(1,70)
38; a(34,32) d(31) a(34,87) r(34,112) a(35,170) r(27,1) a(3,178) r(35,138) r(33,1) r(32,86) d(2) d(25) a(1,77) d(28)
39; a(34,32) d(34) r(35,50) r(35,31) r(27,38) a(25,53) d(2) r(28,134) a(27,53) d(34) r(27,34) r(35,34) d(2) a(1,130) r(25,80)
40; a(34,32) d(31) a(34,87) a(27,53) d(34) r(27,34) r(35,34) d(2) a(1,130) d(1)
41; a(34,32) d(34) r(35,50) r(35,31) r(27,38) a(25,53) d(2) r(28,134) r(34,112) a(35,170) r(27,1) a(3,178) r(35,138) r(33,1) r(32,86) d(2) d(25) a(1,77) d(1)
42; d(28) r(34,112) a(35,170) r(2,3) d(34) a(25,76) r(34,164) d(28) d(1)
43; r(35,64) r(32,69) a(25,64) r(3,70) r(2,34) a(35,138) a(34,65)
44; d(28) r(34,112) a(35,170) r(2,3) d(34) a(25,76) a(25,64) r(3,70) r(2,34) a(35,138) r(35,36)
45; r(35,64) r(32,69) r(34,164) d(28) r(27,100)
46; r(35,76) r(31,86) r(34,36) d(32) r(33,94) d(2) r(27,84) a(28,1) a(28,164) d(25) r(1,69)
47; d(28) a(34,27) r(34,112) a(35,170) r(2,3) d(32) a(35,97) d(35) r(27,48) r(1,94) a(25,177)
48; d(28) r(35,60) a(2,82) d(34) a(25,76) a(25,64) r(3,70) r(2,34) a(32,178) d(32)
49; r(35,76) d(28) r(35,50) a(33,62) r(25,95) a(34,27) r(34,87)
50; d(28) r(35,60) a(2,82) d(34) a(25,76) a(33,62) d(27) a(33,64) a(3,80) a(1,87) r(33,69)
51; r(35,64) r(32,69) a(2,82) d(34) d(28) r(35,50) a(25,64) r(3,70) r(2,34) a(1,70) a(25,45)
52; d(28) r(35,60) a(2,82) d(34) a(25,76) a(25,64) r(3,70) r(2,34) a(1,70) a(32,135)
53; r(35,64) r(32,69) a(2,82) d(34) d(28) r(35,50) a(33,62) d(27) a(33,64) a(3,80) a(1,87) r(3,53)
54; r(35,64) r(32,69) r(32,31) a(28,80) r(25,170) a(34,37)
55; a(34,32) d(31) a(34,87) a(27,53) d(34) a(2,135) d(34) d(2) r(27,70) a(32,84)
56; r(35,64) r(32,69) d(34) d(2) r(27,70) a(25,52)
57; a(34,32) d(31) a(34,87) a(27,53) d(34) a(2,135) r(32,31) a(28,80) r(25,170) a(35,34)
--------------------------------------------------------------------------------
Evaluation

0; 0.
1; 0.
2; 0.
3; 0.
4; 0.
5; 0.
6; 0.
7; 0.
8; 0.
9; 0.
10; 0.
11; 0.
12; 0.
13; 0.
14; 0.
15; 12.
16; 0.
17; 0.
18; 0.
19; 0.
20; 0.
21; 0.
22; 0.
23; 0.
24; 0.
25; 0.
26; 0.
27; 0.
28; 0.
29; 4.
30; 0.
31; 0.
32; 0.
33; 0.
34; 0.
35; 0.
36; 0.
37; 0.
38; 0.
39; 0.
40; 0.
41; 0.
42; 0.
43; 0.
44; 0.
45; 0.
46; 0.
47; 0.
48; 0.
49; 0.
50; 0.
51; 0.
52; 0.
53; 0.
54; 0.
55; 0.
56; 0.
57; 0.
================================================================================
Generation 10

--------------------------------------------------------------------------------
Selection

0; 1
1; 47
2; 39
3; 22
4; 20
5; 13
6; 18
7; 35
8; 14
9; 12
10; 34
11; 40
12; 27
13; 41
14; 21
15; 35
16; 34
17; 22
18; 40
19; 5
20; 30
21; 17
22; 26
23; 52
24; 3
25; 26
26; 50
27; 24
28; 13
29; 25
30; 6
31; 1
32; 13
33; 52
34; 57
35; 54
36; 18
37; 42
38; 18
39; 6
--------------------------------------------------------------------------------
Crossover

0; 6; d(28) r(35,60) a(2,82) d(34) a(25,76) d(32) a(35,35) d(35) r(31,80) d(25) r(3,50) a(1,49) r(35,50) a(34,27) r(34,112) a(35,170) r(2,3) r(25,87) r(35,34) r(32,86) r(33,64) r(1,86)
1; 3; d(28) a(34,27) r(34,112) a(35,170) r(2,3) d(32) a(35,97) d(35) d(27) a(33,64) d(25) d(1) d(33)
2; 25; r(35,76) d(32) d(2) r(34,53) r(35,60) r(34,138) r(35,31) r(27,38) a(25,53) d(2) r(28,134) d(25) d(33)
3; 5; r(31,83) d(34) d(28) d(32) a(35,35) r(31,80) r(34,76) a(35,130) r(35,44)
4; 41; a(34,32) d(34) r(35,50) r(35,31) r(27,38) a(25,53) d(2) r(28,134) r(34,112) a(35,170) r(27,1) a(3,178) r(35,138) r(33,1) r(32,86) d(2) d(25) a(1,77) d(1)
5; 50; d(28) r(35,60) a(2,82) d(34) a(25,76) a(33,62) d(27) a(33,64) a(3,80) a(1,87) r(33,69)
6; 1, 47; d(28) d(28) d(32) a(35,35) d(35) d(2) d(1) a(33,80) r(27,138) d(35) r(27,48) r(1,94) a(25,177)
7; 1, 47; d(28) a(34,27) r(34,112) a(35,170) r(2,3) d(32) a(35,97) d(34)
8; 1; d(28) d(28) d(32) a(35,35) d(35) d(2) d(1) a(33,80) r(27,138) d(34)
9; 47; d(28) a(34,27) r(34,112) a(35,170) r(2,3) d(32) a(35,97) d(35) r(27,48) r(1,94) a(25,177)
10; 26, 13; r(35,76) d(32) d(34) a(2,135) r(32,86) d(25) r(28,177) a(1,138) a(35,64)
11; 26, 13; a(34,32) d(31) a(34,87) a(27,53) d(34) a(34,57) d(2) r(34,138) r(35,31) r(27,38) a(25,53) d(2) r(28,134) d(25) d(33)
12; 26; r(35,76) d(32) d(34) a(34,57) d(2) r(34,138) r(35,31) r(27,38) a(25,53) d(2) r(28,134) d(25) d(33)
13; 13; a(34,32) d(31) a(34,87) a(27,53) d(34) a(2,135) r(32,86) d(25) r(28,177) a(1,138) a(35,64)
14; 35; r(31,83) d(34) d(28) r(35,50) a(34,27) r(34,112) a(35,170) r(2,3) a(35,97) r(31,80) r(34,76) a(32,108) r(1,99)
15; 13; a(34,32) d(31) a(34,87) a(27,53) d(34) a(2,135) r(32,86) d(25) r(28,177) a(1,138) a(35,64)
16; 22; d(28) a(34,27) r(34,112) a(35,170) r(2,3) r(25,87) r(35,34) r(32,86) d(1) d(33)
17; 40; a(34,32) d(31) a(34,87) a(27,53) d(34) r(27,34) r(35,34) d(2) a(1,130) d(1)
18; 20, 42; r(35,76) r(31,86) r(34,36)
19; 20, 42; d(28) r(34,112) a(35,170) r(2,3) d(34) a(25,76) r(34,164) d(28) d(1) d(32) r(33,94) d(2) r(27,84) a(28,1) r(35,138) r(33,1) r(32,86) d(25) r(28,177) a(1,138) a(1,99)
20; 20; r(35,76) r(31,86) r(34,36) d(32) r(33,94) d(2) r(27,84) a(28,1) r(35,138) r(33,1) r(32,86) d(25) r(28,177) a(1,138) a(1,99)
21; 42; d(28) r(34,112) a(35,170) r(2,3) d(34) a(25,76) r(34,164) d(28) d(1)
22; 12; r(35,76) r(31,86) r(34,36) d(32) r(33,94) d(2) r(27,84) a(28,1) r(35,138) r(33,1) r(32,31) d(34) a(2,135) r(32,31) a(28,80) d(33) a(1,83)
23; 13; a(34,32) d(31) a(34,87) a(27,53) d(34) a(2,135) r(32,86) d(25) r(28,177) a(1,138) a(35,64)
24; 40; a(34,32) d(31) a(34,87) a(27,53) d(34) r(27,34) r(35,34) d(2) a(1,130) d(1)
25; 57; a(34,32) d(31) a(34,87) a(27,53) d(34) a(2,135) r(32,31) a(28,80) r(25,170) a(35,34)
26; 18, 34; a(34,32) d(31) a(35,170) r(2,3) r(25,87) r(35,34) a(33,33) r(33,47)
27; 18, 34; d(28) a(34,27) r(34,112) a(34,87) a(27,53) a(28,80) d(35) a(32,44)
28; 18; a(34,32) d(31) a(34,87) a(27,53) a(28,80) d(35) a(32,44)
29; 34; d(28) a(34,27) r(34,112) a(35,170) r(2,3) r(25,87) r(35,34) a(33,33) r(33,47)
30; 26, 52; r(35,76) d(32) d(34) a(34,57) a(32,135)
31; 26, 52; d(28) r(35,60) a(2,82) d(34) a(25,76) a(25,64) r(3,70) r(2,34) a(1,70) d(2) r(34,138) r(35,31) r(27,38) a(25,53) d(2) r(28,134) d(25) d(33)
32; 26; r(35,76) d(32) d(34) a(34,57) d(2) r(34,138) r(35,31) r(27,38) a(25,53) d(2) r(28,134) d(25) d(33)
33; 52; d(28) r(35,60) a(2,82) d(34) a(25,76) a(25,64) r(3,70) r(2,34) a(1,70) a(32,135)
34; 24; r(35,76) d(32) d(34) a(34,57) d(2) a(2,82) d(34) a(25,76) d(32) a(35,35) d(35) r(31,80) d(25) r(3,50) a(1,83) d(33)
35; 39; a(34,32) d(34) r(35,50) r(35,31) r(27,38) a(25,53) d(2) r(28,134) a(27,53) d(34) r(27,34) r(35,34) d(2) a(1,130) r(25,80)
36; 18; a(34,32) d(31) a(34,87) a(27,53) a(28,80) d(35) a(32,44)
37; 34; d(28) a(34,27) r(34,112) a(35,170) r(2,3) r(25,87) r(35,34) a(33,33) r(33,47)
38; 17, 21; a(34,32) d(34) d(32) a(35,35) d(35) d(1) r(25,35) r(31,47) d(28) a(33,130) a(32,178) a(33,60)
39; 17, 21; d(28) r(35,60) a(2,82) d(34) a(25,76) a(25,64) r(3,70) r(2,34)
40; 17; a(34,32) d(34) d(32) a(35,35) d(35) d(1) r(25,35) r(31,47) d(28) a(33,130)
41; 21; d(28) r(35,60) a(2,82) d(34) a(25,76) a(25,64) r(3,70) r(2,34) a(32,178) a(33,60)
42; 6, 14; d(28) r(35,60) a(2,82) d(34) a(25,76) d(32) a(35,35) d(35) r(31,80) d(25) r(3,50) a(1,49) r(35,50) a(34,27) r(34,112) a(35,170) r(2,3) r(32,86) d(25) r(28,177) a(1,138) d(1)
43; 6, 14; r(35,76) r(31,86) r(34,36) d(32) r(33,94) d(2) r(27,84) a(28,1) r(35,138) r(33,1) r(25,87) r(35,34) r(32,86) r(33,64) r(1,86)
44; 6; d(28) r(35,60) a(2,82) d(34) a(25,76) d(32) a(35,35) d(35) r(31,80) d(25) r(3,50) a(1,49) r(35,50) a(34,27) r(34,112) a(35,170) r(2,3) r(25,87) r(35,34) r(32,86) r(33,64) r(1,86)
45; 14; r(35,76) r(31,86) r(34,36) d(32) r(33,94) d(2) r(27,84) a(28,1) r(35,138) r(33,1) r(32,86) d(25) r(28,177) a(1,138) d(1)
46; 35; r(31,83) d(34) d(28) r(35,50) a(34,27) r(34,112) a(35,170) r(2,3) a(35,97) r(31,80) r(34,76) a(32,108) r(1,99)
47; 27; r(35,76) d(32) d(2) r(34,53) r(35,60) a(2,82) d(34) a(25,76) d(32) a(35,35) d(35) r(31,80) d(25) r(3,50) a(1,83) a(1,1)
48; 1; d(28) d(28) d(32) a(35,35) d(35) d(2) d(1) a(33,80) r(27,138) d(34)
49; 52; d(28) r(35,60) a(2,82) d(34) a(25,76) a(25,64) r(3,70) r(2,34) a(1,70) a(32,135)
50; 54; r(35,64) r(32,69) r(32,31) a(28,80) r(25,170) a(34,37)
51; 18; a(34,32) d(31) a(34,87) a(27,53) a(28,80) d(35) a(32,44)
52; 30; a(27,94) d(32) a(35,97) r(31,80) r(34,76) d(35) r(33,47)
53; 22; d(28) a(34,27) r(34,112) a(35,170) r(2,3) r(25,87) r(35,34) r(32,86) d(1) d(33)
--------------------------------------------------------------------------------
Mutation

0; d(28) r(35,60) a(2,82) d(34) a(25,76) d(32) a(35,35) d(35) r(31,80) d(25) r(3,50) a(1,49) r(35,50) a(34,27) r(34,112) a(35,170) r(2,3) r(25,87) r(35,34) r(32,86) r(33,64) r(1,86)
1; d(28) a(34,27) r(34,112) a(35,170) r(2,3) d(32) a(35,97) d(35) d(27) a(33,64) d(25) d(1) d(33)
2; r(35,76) d(32) d(2) r(34,53) r(35,60) r(34,138) r(35,31) r(27,38) a(25,53) d(2) r(28,134) d(25) d(33) r(1,130)
3; r(31,83) d(34) d(28) d(32) a(35,35) r(31,80) r(34,76) a(35,130) r(35,44) r(3,76)
4; a(34,32) d(34) r(35,50) r(35,31) r(27,38) a(25,53) d(2) r(28,134) r(34,112) a(35,170) r(27,1) a(3,178) r(35,138) r(33,1) r(32,86) d(2) d(25) a(1,77) d(1)
5; d(28) r(35,60) a(2,82) d(34) a(25,76) a(33,62) d(27) a(33,64) a(3,80) a(1,87) r(33,69) d(3)
6; d(28) d(28) d(32) a(35,35) d(35) d(2) d(1) a(33,80) r(27,138) d(35) r(27,48) r(1,94) a(25,177) r(34,78)
7; d(28) a(34,27) r(34,112) a(35,170) r(2,3) d(32) a(35,97) d(34) r(35,108)
8; d(28) d(28) d(32) a(35,35) d(35) d(2) d(1) a(33,80) r(27,138) d(34) d(25)
9; d(28) a(34,27) r(34,112) a(35,170) r(2,3) d(32) a(35,97) d(35) r(27,48) r(1,94) a(25,177) a(33,34)
10; r(35,76) d(32) d(34) a(2,135) r(32,86) d(25) r(28,177) a(1,138) a(35,64) r(33,158)
11; a(34,32) d(31) a(34,87) a(27,53) d(34) a(34,57) d(2) r(34,138) r(35,31) r(27,38) a(25,53) d(2) r(28,134) d(25) d(33) d(1)
12; r(35,76) d(32) d(34) a(34,57) d(2) r(34,138) r(35,31) r(27,38) a(25,53) d(2) r(28,134) d(25) d(33) a(1,86)
13; a(34,32) d(31) a(34,87) a(27,53) d(34) a(2,135) r(32,86) d(25) r(28,177) a(1,138) a(35,64) r(1,178)
14; r(31,83) d(34) d(28) r(35,50) a(34,27) r(34,112) a(35,170) r(2,3) a(35,97) r(31,80) r(34,76) a(32,108) r(1,99) r(32,27)
15; a(34,32) d(31) a(34,87) a(27,53) d(34) a(2,135) r(32,86) d(25) r(28,177) a(1,138) a(35,64) a(35,34)
16; d(28) a(34,27) r(34,112) a(35,170) r(2,3) r(25,87) r(35,34) r(32,86) d(1) d(33)
17; a(34,32) d(31) a(34,87) a(27,53) d(34) r(27,34) r(35,34) d(2) a(1,130) d(1) d(33)
18; r(35,76) r(31,86) r(34,36) d(33)
19; d(28) r(34,112) a(35,170) r(2,3) d(34) a(25,76) r(34,164) d(28) d(1) d(32) r(33,94) d(2) r(27,84) a(28,1) r(35,138) r(33,1) r(32,86) d(25) r(28,177) a(1,138) a(1,99)
20; r(35,76) r(31,86) r(34,36) d(32) r(33,94) d(2) r(27,84) a(28,1) r(35,138) r(33,1) r(32,86) d(25) r(28,177) a(1,138) a(1,99) d(1)
21; d(28) r(34,112) a(35,170) r(2,3) d(34) a(25,76) r(34,164) d(28) d(1) r(32,1)
22; r(35,76) r(31,86) r(34,36) d(32) r(33,94) d(2) r(27,84) a(28,1) r(35,138) r(33,1) r(32,31) d(34) a(2,135) r(32,31) a(28,80) d(33) a(1,83) a(28,77)
23; a(34,32) d(31) a(34,87) a(27,53) d(34) a(2,135) r(32,86) d(25) r(28,177) a(1,138) a(35,64) r(1,99)
24; a(34,32) d(31) a(34,87) a(27,53) d(34) r(27,34) r(35,34) d(2) a(1,130) d(1) r(25,158)
25; a(34,32) d(31) a(34,87) a(27,53) d(34) a(2,135) r(32,31) a(28,80) r(25,170) a(35,34) r(35,38)
26; a(34,32) d(31) a(35,170) r(2,3) r(25,87) r(35,34) a(33,33) r(33,47) d(1)
27; d(28) a(34,27) r(34,112) a(34,87) a(27,53) a(28,80) d(35) a(32,44) r(27,108)
28; a(34,32) d(31) a(34,87) a(27,53) a(28,80) d(35) a(32,44) a(34,95)
29; d(28) a(34,27) r(34,112) a(35,170) r(2,3) r(25,87) r(35,34) a(33,33) r(33,47) d(1)
30; r(35,76) d(32) d(34) a(34,57) a(32,135) d(33)
31; d(28) r(35,60) a(2,82) d(34) a(25,76) a(25,64) r(3,70) r(2,34) a(1,70) d(2) r(34,138) r(35,31) r(27,38) a(25,53) d(2) r(28,134) d(25) d(33) a(1,32)
32; r(35,76) d(32) d(34) a(34,57) d(2) r(34,138) r(35,31) r(27,38) a(25,53) d(2) r(28,134) d(25) d(33) d(1)
33; d(28) r(35,60) a(2,82) d(34) a(25,76) a(25,64) r(3,70) r(2,34) a(1,70) a(32,135) a(32,80)
34; r(35,76) d(32) d(34) a(34,57) d(2) a(2,82) d(34) a(25,76) d(32) a(35,35) d(35) r(31,80) d(25) r(3,50) a(1,83) d(33) a(28,47)
35; a(34,32) d(34) r(35,50) r(35,31) r(27,38) a(25,53) d(2) r(28,134) a(27,53) d(34) r(27,34) r(35,34) d(2) a(1,130) r(25,80) d(32)
36; a(34,32) d(31) a(34,87) a(27,53) a(28,80) d(35) a(32,44) d(34)
37; d(28) a(34,27) r(34,112) a(35,170) r(2,3) r(25,87) r(35,34) a(33,33) r(33,47) d(1)
38; a(34,32) d(34) d(32) a(35,35) d(35) d(1) r(25,35) r(31,47) d(28) a(33,130) a(32,178) a(33,60) a(33,164)
39; d(28) r(35,60) a(2,82) d(34) a(25,76) a(25,64) r(3,70) r(2,34) d(32)
40; a(34,32) d(34) d(32) a(35,35) d(35) d(1) r(25,35) r(31,47) d(28) a(33,130) d(33)
41; d(28) r(35,60) a(2,82) d(34) a(25,76) a(25,64) r(3,70) r(2,34) a(32,178) a(33,60) r(27,36)
42; d(28) r(35,60) a(2,82) d(34) a(25,76) d(32) a(35,35) d(35) r(31,80) d(25) r(3,50) a(1,49) r(35,50) a(34,27) r(34,112) a(35,170) r(2,3) r(32,86) d(25) r(28,177) a(1,138) d(1) r(33,158)
43; r(35,76) r(31,86) r(34,36) d(32) r(33,94) d(2) r(27,84) a(28,1) r(35,138) r(33,1) r(25,87) r(35,34) r(32,86) r(33,64) r(1,86) a(28,87)
44; d(28) r(35,60) a(2,82) d(34) a(25,76) d(32) a(35,35) d(35) r(31,80) d(25) r(3,50) a(1,49) r(35,50) a(34,27) r(34,112) a(35,170) r(2,3) r(25,87) r(35,34) r(32,86) r(33,64) r(1,86)
45; r(35,76) r(31,86) r(34,36) d(32) r(33,94) d(2) r(27,84) a(28,1) r(35,138) r(33,1) r(32,86) d(25) r(28,177) a(1,138) d(1)
46; r(31,83) d(34) d(28) r(35,50) a(34,27) r(34,112) a(35,170) r(2,3) a(35,97) r(31,80) r(34,76) a(32,108) r(1,99) a(27,60)
47; r(35,76) d(32) d(2) r(34,53) r(35,60) a(2,82) d(34) a(25,76) d(32) a(35,35) d(35) r(31,80) d(25) r(3,50) a(1,83) a(1,1) d(33)
48; d(28) d(28) d(32) a(35,35) d(35) d(2) d(1) a(33,80) r(27,138) d(34) a(25,35)
49; d(28) r(35,60) a(2,82) d(34) a(25,76) a(25,64) r(3,70) r(2,34) a(1,70) a(32,135) d(1)
50; r(35,64) r(32,69) r(32,31) a(28,80) r(25,170) a(34,37) d(34)
51; a(34,32) d(31) a(34,87) a(27,53) a(28,80) d(35) a(32,44) d(34)
52; a(27,94) d(32) a(35,97) r(31,80) r(34,76) d(35) r(33,47) r(2,65)
53; d(28) a(34,27) r(34,112) a(35,170) r(2,3) r(25,87) r(35,34) r(32,86) d(1) d(33)
--------------------------------------------------------------------------------
Evaluation

0; 0.
1; 0.
2; 0.
3; 0.
4; 0.
5; 0.
6; 0.
7; 0.
8; 0.
9; 0.
10; 0.
11; 0.
12; 0.
13; 12.
14; 0.
15; 0.
16; 0.
17; 0.
18; 0.
19; 0.
20; 0.
21; 0.
22; 0.
23; 0.
24; 0.
25; 4.
26; 0.
27; 0.
28; 0.
29; 0.
30; 0.
31; 0.
32; 0.
33; 0.
34; 0.
35; 0.
36; 0.
37; 0.
38; 0.
39; 0.
40; 0.
41; 0.
42; 0.
43; 0.
44; 0.
45; 0.
46; 0.
47; 0.
48; 0.
49; 0.
50; 0.
51; 0.
52; 0.
53; 0.
