================================================================================
Enclosure

1: 0
2: 1
3: 2
4: 3
7: 1
8: 7
10: 0
12: 0
14: 0
15: 0
16: 15
17: 15
22: 7
23: 1
24: 1
25: 0
26: 25
27: 25
28: 0
29: 28
30: 28
31: 28
32: 0
33: 0
34: 33
35: 33
36: 33
37: 0
38: 0
39: 38
40: 38
41: 40
42: 40
43: 40
44: 38
45: 0
46: 0
47: 0
48: 0
49: 0
50: 49
51: 49
52: 49
53: 52
54: 52
55: 52
56: 55
57: 56
60: 49
61: 49
62: 61
64: 49
65: 49
67: 0
69: 67
70: 0
72: 0
75: 49
76: 0
77: 0
78: 77
79: 77
80: 79
82: 77
83: 77
84: 83
85: 83
86: 77
87: 77
89: 0
90: 0
94: 0
95: 94
96: 94
97: 96
99: 94
100: 94
102: 0
105: 0
106: 0
107: 106
108: 107
110: 106
111: 110
112: 110
113: 106
114: 106
115: 0
116: 115
117: 115
118: 117
119: 117
120: 119
121: 119
122: 117
123: 115
124: 0
125: 0
126: 0
127: 126
128: 126
129: 126
130: 129
132: 126
133: 126
134: 133
135: 133
136: 126
138: 136
139: 126
140: 126
141: 126
142: 0
143: 142
144: 143
146: 142
147: 0
148: 0
149: 0
150: 0
151: 150
152: 150
153: 150
154: 150
155: 150
156: 155
158: 155
159: 150
160: 159
161: 159
162: 161
164: 159
165: 150
166: 165
167: 165
168: 167
169: 167
170: 165
171: 150
172: 150
173: 150
174: 173
176: 173
177: 150
178: 0
================================================================================
Initialisation

0; d(33); 4.
1; a(32,77); 4.
2; r(35,82); 4.
3; r(27,54); 4.
4; a(35,28); 4.
5; d(34); 4.
6; r(35,86); 4.
7; r(35,135); 4.
8; a(34,32); 4.
9; r(35,46); 4.
10; a(32,134); 12.
11; a(35,32); 4.
12; d(34); 4.
13; a(35,25); 4.
14; r(34,138); 4.
15; r(31,49); 0.
16; r(25,54); 4.
17; r(33,78); 4.
18; d(31); 0.
19; r(35,112); 4.
20; a(34,47); 4.
21; d(35); 4.
22; d(35); 4.
23; a(1,31); 4.
24; a(34,82); 4.
25; r(3,60); 0.
26; r(32,105); 12.
27; d(27); 4.
28; r(35,28); 4.
29; r(33,135); 4.
30; r(35,130); 4.
31; r(35,130); 4.
32; a(35,178); 4.
33; a(34,37); 4.
34; d(34); 4.
35; r(35,84); 4.
36; a(34,64); 4.
37; d(35); 4.
38; r(34,49); 4.
39; original; 4.
================================================================================
Generation 1

--------------------------------------------------------------------------------
Selection

0; 18
1; 20
2; 24
3; 29
4; 18
5; 18
6; 22
7; 17
8; 25
9; 11
10; 39
11; 38
12; 1
13; 1
14; 16
15; 14
16; 37
17; 25
18; 14
19; 23
20; 35
21; 39
22; 34
23; 2
24; 5
25; 24
26; 24
27; 22
28; 3
29; 32
30; 28
31; 12
32; 2
33; 32
34; 27
35; 20
36; 3
37; 28
38; 9
39; 27
--------------------------------------------------------------------------------
Crossover

0; 35; r(35,84)
1; 2; r(35,82)
2; 18; d(31)
3; 39; original
4; 14; r(34,138)
5; 34; d(34)
6; 27, 29; d(27)
7; 27, 29; r(33,135)
8; 27; d(27)
9; 29; r(33,135)
10; 38; r(34,49)
11; 12; d(34)
12; 20; a(34,47)
13; 37; d(35)
14; 11, 39; a(35,32)
15; 11, 39; original
16; 11; a(35,32)
17; 39; original
18; 16, 22; r(25,54)
19; 16, 22; d(35)
20; 16; r(25,54)
21; 22; d(35)
22; 18; d(31)
23; 1; a(32,77)
24; 25; r(3,60)
25; 23; a(1,31)
26; 24; a(34,82)
27; 25; r(3,60)
28; 22, 28; d(35)
29; 22, 28; r(35,28)
30; 22; d(35)
31; 28; r(35,28)
32; 3; r(27,54)
33; 32; a(35,178)
34; 14, 3; r(34,138)
35; 14, 3; r(27,54)
36; 14; r(34,138)
37; 3; r(27,54)
38; 28; r(35,28)
39; 9; r(35,46)
40; 17, 2; r(33,78)
41; 17, 2; r(35,82)
42; 17; r(33,78)
43; 2; r(35,82)
44; 24, 24; a(34,82)
45; 24, 24; a(34,82)
46; 24; a(34,82)
47; 24; a(34,82)
48; 5, 1; d(34)
49; 5, 1; a(32,77)
50; 5; d(34)
51; 1; a(32,77)
52; 18; d(31)
53; 20; a(34,47)
54; 27, 32; d(27)
55; 27, 32; a(35,178)
56; 27; d(27)
57; 32; a(35,178)
--------------------------------------------------------------------------------
Mutation

0; r(35,84) a(32,32)
1; r(35,82) d(25)
2; d(31) a(35,27)
3; d(34)
4; r(34,138) a(35,38)
5; d(34) r(27,176)
6; d(27) d(25)
7; r(33,135) d(2)
8; d(27) d(35)
9; r(33,135) a(3,36)
10; r(34,49) a(35,97)
11; d(34) a(35,130)
12; a(34,47) d(34)
13; d(35) a(27,178)
14; a(35,32) d(35)
15; r(35,134)
16; a(35,32) a(35,76)
17; d(32)
18; r(25,54) r(34,130)
19; d(35) d(34)
20; r(25,54) d(35)
21; d(35) a(34,178)
22; d(31) a(2,178)
23; a(32,77) a(34,31)
24; r(3,60) r(33,164)
25; a(1,31) r(34,65)
26; a(34,82) d(28)
27; r(3,60) d(35)
28; d(35) a(2,2)
29; r(35,28) r(1,44)
30; d(35) r(34,64)
31; r(35,28) r(31,34)
32; r(27,54) a(35,78)
33; a(35,178) d(1)
34; r(34,138) r(35,158)
35; r(27,54) r(35,1)
36; r(34,138) a(35,50)
37; r(27,54) r(35,49)
38; r(35,28) a(34,49)
39; r(35,46) r(34,46)
40; r(33,78) a(3,164)
41; r(35,82) r(34,33)
42; r(33,78) a(28,148)
43; r(35,82) a(34,94)
44; a(34,82) r(27,62)
45; a(34,82) d(2)
46; a(34,82) r(31,148)
47; a(34,82) a(32,100)
48; d(34) a(35,36)
49; a(32,77) r(34,1)
50; d(34) d(28)
51; a(32,77) a(34,130)
52; d(31) r(35,138)
53; a(34,47) d(2)
54; d(27) r(35,46)
55; a(35,178) a(35,80)
56; d(27) d(25)
57; a(35,178) d(2)
--------------------------------------------------------------------------------
Evaluation

0; 4.
1; 4.
2; 0.
3; 4.
4; 4.
5; 4.
6; 4.
7; 0.
8; 4.
9; 4.
10; 4.
11; 4.
12; 4.
13; 12.
14; 4.
15; 4.
16; 4.
17; 0.
18; 4.
19; 4.
20; 4.
21; 4.
22; 0.
23; 4.
24; 0.
25; 4.
26; 0.
27; 0.
28; 4.
29; 4.
30; 4.
31; 0.
32; 4.
33; 4.
34; 4.
35; 4.
36; 4.
37; 4.
38; 4.
39; 4.
40; 4.
41; 4.
42; 0.
43; 4.
44; 4.
45; 0.
46; 0.
47; 4.
48; 4.
49; 4.
50; 0.
51; 4.
52; 0.
53; 0.
54; 4.
55; 4.
56; 4.
57; 0.
================================================================================
Generation 2

--------------------------------------------------------------------------------
Selection

0; 28
1; 53
2; 24
3; 1
4; 31
5; 42
6; 11
7; 15
8; 42
9; 24
10; 7
11; 46
12; 45
13; 45
14; 26
15; 23
16; 2
17; 4
18; 12
19; 10
20; 49
21; 57
22; 29
23; 14
24; 21
25; 41
26; 27
27; 10
28; 11
29; 32
30; 19
31; 51
32; 7
33; 42
34; 42
35; 14
36; 24
37; 24
38; 45
39; 8
--------------------------------------------------------------------------------
Crossover

0; 42; r(33,78) a(28,148)
1; 8; d(27) d(35)
2; 10, 51; r(34,49) a(34,130)
3; 10, 51; a(32,77) a(35,97)
4; 10; r(34,49) a(35,97)
5; 51; a(32,77) a(34,130)
6; 4, 53; r(34,138) a(35,38)
7; 4, 53; a(34,47) d(2)
8; 4; r(34,138) a(35,38)
9; 53; a(34,47) d(2)
10; 1, 46; r(35,82)
11; 1, 46; a(34,82) r(31,148) d(25)
12; 1; r(35,82) d(25)
13; 46; a(34,82) r(31,148)
14; 21; d(35) a(34,178)
15; 57; a(35,178) d(2)
16; 42; r(33,78) a(28,148)
17; 28; d(35) a(2,2)
18; 31, 11; r(35,28) r(31,34)
19; 31, 11; d(34) a(35,130)
20; 31; r(35,28) r(31,34)
21; 11; d(34) a(35,130)
22; 10; r(34,49) a(35,97)
23; 42; r(33,78) a(28,148)
24; 42, 32; r(33,78) a(28,148)
25; 42, 32; r(27,54) a(35,78)
26; 42; r(33,78) a(28,148)
27; 32; r(27,54) a(35,78)
28; 24; r(3,60) r(33,164)
29; 27; r(3,60) d(35)
30; 14; a(35,32) d(35)
31; 24; r(3,60) r(33,164)
32; 24, 15; r(3,60) r(33,164)
33; 24, 15; r(35,134)
34; 24; r(3,60) r(33,164)
35; 15; r(35,134)
36; 7, 7; r(33,135) d(2)
37; 7, 7; r(33,135) d(2)
38; 7; r(33,135) d(2)
39; 7; r(33,135) d(2)
40; 11, 49; d(34)
41; 11, 49; a(32,77) r(34,1) a(35,130)
42; 11; d(34) a(35,130)
43; 49; a(32,77) r(34,1)
44; 26, 45; a(34,82) d(2)
45; 26, 45; a(34,82) d(28)
46; 26; a(34,82) d(28)
47; 45; a(34,82) d(2)
48; 45; a(34,82) d(2)
49; 29; r(35,28) r(1,44)
50; 45, 14; a(34,82) d(2)
51; 45, 14; a(35,32) d(35)
52; 45; a(34,82) d(2)
53; 14; a(35,32) d(35)
54; 41; r(35,82) r(34,33)
55; 12; a(34,47) d(34)
56; 23, 19; a(32,77) a(34,31) d(34)
57; 23, 19; d(35)
58; 23; a(32,77) a(34,31)
59; 19; d(35) d(34)
60; 2; d(31) a(35,27)
61; 24; r(3,60) r(33,164)
--------------------------------------------------------------------------------
Mutation

0; r(33,78) a(28,148) r(27,38)
1; d(27) d(35) a(1,49)
2; r(34,49) a(34,130) a(28,1)
3; a(32,77) a(35,97) a(34,78)
4; r(34,49) a(35,97) a(25,178)
5; a(32,77) a(34,130) d(27)
6; r(34,138) a(35,38) d(27)
7; a(34,47) d(2) a(35,108)
8; r(34,138) a(35,38) a(35,100)
9; a(34,47) d(2) d(35)
10; r(35,82) r(34,36)
11; a(34,82) r(31,148) d(25) d(35)
12; r(35,82) d(25) d(34)
13; a(34,82) r(31,148) d(35)
14; d(35) a(34,178) d(27)
15; a(35,178) d(2) d(34)
16; r(33,78) a(28,148) d(28)
17; d(35) a(2,2) r(1,37)
18; r(35,28) r(31,34) a(34,36)
19; d(34) a(35,130) r(33,100)
20; r(35,28) r(31,34) r(34,108)
21; d(34) a(35,130) a(35,62)
22; r(34,49) a(35,97) d(35)
23; r(33,78) a(28,148) a(1,38)
24; r(33,78) a(28,148) a(28,69)
25; r(27,54) a(35,78) a(34,31)
26; r(33,78) a(28,148) r(32,170)
27; r(27,54) a(35,78) a(28,36)
28; r(3,60) r(33,164) r(1,176)
29; r(3,60) d(35) r(32,65)
30; a(35,32) d(35) r(34,37)
31; r(3,60) r(33,164) a(28,52)
32; r(3,60) r(33,164) d(27)
33; r(35,134) d(33)
34; r(3,60) r(33,164) d(27)
35; r(35,134) a(34,164)
36; r(33,135) d(2) r(1,177)
37; r(33,135) d(2) a(31,112)
38; r(33,135) d(2) r(25,27)
39; r(33,135) d(2) d(32)
40; d(34) d(35)
41; a(32,77) r(34,1) a(35,130) r(35,83)
42; d(34) a(35,130) a(25,60)
43; a(32,77) r(34,1) d(35)
44; a(34,82) d(2) r(34,51)
45; a(34,82) d(28) r(34,95)
46; a(34,82) d(28) a(34,158)
47; a(34,82) d(2) a(34,28)
48; a(34,82) d(2) r(34,77)
49; r(35,28) r(1,44) d(32)
50; a(34,82) d(2) a(1,170)
51; a(35,32) d(35) a(34,135)
52; a(34,82) d(2) a(34,45)
53; a(35,32) d(35) a(34,138)
54; r(35,82) r(34,33) r(31,37)
55; a(34,47) d(34) a(2,78)
56; a(32,77) a(34,31) d(34) d(35)
57; d(35) r(34,27)
58; a(32,77) a(34,31) a(28,31)
59; d(35) d(34) a(25,178)
60; d(31) a(35,27) r(35,112)
61; r(3,60) r(33,164) d(1)
--------------------------------------------------------------------------------
Evaluation

0; 0.
1; 0.
2; 4.
3; 4.
4; 12.
5; 4.
6; 4.
7; 0.
8; 4.
9; 0.
10; 4.
11; 0.
12; 4.
13; 0.
14; 4.
15; 0.
16; 0.
17; 4.
18; 0.
19; 4.
20; 0.
21; 4.
22; 4.
23; 0.
24; 0.
25; 4.
26; 0.
27; 4.
28; 4.
29; 0.
30; 4.
31; 0.
32; 0.
33; 4.
34; 0.
35; 4.
36; 4.
37; 0.
38; 0.
39; 0.
40; 4.
41; 4.
42; 0.
43; 4.
44; 0.
45; 0.
46; 0.
47; 0.
48; 0.
49; 0.
50; 0.
51; 4.
52; 0.
53; 4.
54; 0.
55; 4.
56; 4.
57; 4.
58; 4.
59; 12.
60; 0.
61; 4.
================================================================================
Generation 3

--------------------------------------------------------------------------------
Selection

0; 26
1; 55
2; 45
3; 31
4; 45
5; 51
6; 9
7; 37
8; 23
9; 38
10; 26
11; 20
12; 60
13; 50
14; 31
15; 37
16; 42
17; 24
18; 38
19; 45
20; 39
21; 13
22; 18
23; 43
24; 14
25; 55
26; 31
27; 31
28; 42
29; 26
30; 11
31; 11
32; 20
33; 60
34; 6
35; 7
36; 42
37; 6
38; 42
39; 46
--------------------------------------------------------------------------------
Crossover

0; 6; r(34,138) a(35,38) d(27)
1; 38; r(33,135) d(2) r(25,27)
2; 24, 26; r(33,78) a(28,148) a(28,69)
3; 24, 26; r(33,78) a(28,148) r(32,170)
4; 24; r(33,78) a(28,148) a(28,69)
5; 26; r(33,78) a(28,148) r(32,170)
6; 9; a(34,47) d(2) d(35)
7; 31; r(3,60) r(33,164) a(28,52)
8; 7; a(34,47) d(2) a(35,108)
9; 45; a(34,82) d(28) r(34,95)
10; 11; a(34,82) r(31,148) d(25) d(35)
11; 60; d(31) a(35,27) r(35,112)
12; 31; r(3,60) r(33,164) a(28,52)
13; 37; r(33,135) d(2) a(31,112)
14; 39; r(33,135) d(2) d(32)
15; 13; a(34,82) r(31,148) d(35)
16; 23; r(33,78) a(28,148) a(1,38)
17; 20; r(35,28) r(31,34) r(34,108)
18; 26, 55; r(33,78) a(28,148) a(2,78)
19; 26, 55; a(34,47) d(34) r(32,170)
20; 26; r(33,78) a(28,148) r(32,170)
21; 55; a(34,47) d(34) a(2,78)
22; 42; d(34) a(35,130) a(25,60)
23; 42; d(34) a(35,130) a(25,60)
24; 38; r(33,135) d(2) r(25,27)
25; 14; d(35) a(34,178) d(27)
26; 20, 42; r(35,28) r(31,34) r(34,108) a(35,130) a(25,60)
27; 20, 42; d(34)
28; 20; r(35,28) r(31,34) r(34,108)
29; 42; d(34) a(35,130) a(25,60)
30; 43; a(32,77) r(34,1) d(35)
31; 60; d(31) a(35,27) r(35,112)
32; 11; a(34,82) r(31,148) d(25) d(35)
33; 55; a(34,47) d(34) a(2,78)
34; 31, 50; r(3,60) r(33,164) a(1,170)
35; 31, 50; a(34,82) d(2) a(28,52)
36; 31; r(3,60) r(33,164) a(28,52)
37; 50; a(34,82) d(2) a(1,170)
38; 37, 45; r(33,135) d(2) r(34,95)
39; 37, 45; a(34,82) d(28) a(31,112)
40; 37; r(33,135) d(2) a(31,112)
41; 45; a(34,82) d(28) r(34,95)
42; 31; r(3,60) r(33,164) a(28,52)
43; 42; d(34) a(35,130) a(25,60)
44; 18, 46; r(35,28) a(34,158)
45; 18, 46; a(34,82) d(28) r(31,34) a(34,36)
46; 18; r(35,28) r(31,34) a(34,36)
47; 46; a(34,82) d(28) a(34,158)
48; 45; a(34,82) d(28) r(34,95)
49; 26; r(33,78) a(28,148) r(32,170)
50; 6, 51; r(34,138)
51; 6, 51; a(35,32) d(35) a(34,135) a(35,38) d(27)
52; 6; r(34,138) a(35,38) d(27)
53; 51; a(35,32) d(35) a(34,135)
--------------------------------------------------------------------------------
Mutation

0; r(34,138) a(35,38) d(27) d(25)
1; r(33,135) d(2) r(25,27) r(31,112)
2; r(33,78) a(28,148) a(28,69) r(31,51)
3; r(33,78) a(28,148) r(32,170) a(31,134)
4; r(33,78) a(28,148) a(28,69) r(31,32)
5; r(33,78) a(28,148) r(32,170) a(25,87)
6; a(34,47) d(2) d(35) r(1,28)
7; r(3,60) r(33,164) a(28,52) r(1,48)
8; a(34,47) d(2) a(35,108) d(35)
9; a(34,82) d(28) r(34,95) d(35)
10; a(34,82) r(31,148) d(25) d(35) r(34,57)
11; d(31) a(35,27) r(35,112) d(33)
12; r(3,60) r(33,164) a(28,52) a(31,64)
13; r(33,135) d(2) a(31,112) a(28,158)
14; r(33,135) d(2) d(32) d(31)
15; a(34,82) r(31,148) d(35) a(1,84)
16; r(33,78) a(28,148) a(1,38) r(1,83)
17; r(35,28) r(31,34) r(34,108) r(32,52)
18; r(33,78) a(28,148) a(2,78) d(1)
19; a(34,47) d(34) r(32,170) d(1)
20; r(33,78) a(28,148) r(32,170) r(1,65)
21; a(34,47) d(34) a(2,78) r(28,70)
22; d(34) a(35,130) a(25,60) r(35,36)
23; d(34) a(35,130) a(25,60) a(35,108)
24; r(33,135) d(2) r(25,27) a(32,170)
25; d(35) a(34,178) d(27) r(28,76)
26; r(35,28) r(31,34) r(34,108) a(35,130) a(25,60) a(32,44)
27; d(34) a(3,134)
28; r(35,28) r(31,34) r(34,108) r(27,53)
29; d(34) a(35,130) a(25,60) d(35)
30; a(32,77) r(34,1) d(35) a(32,78)
31; d(31) a(35,27) r(35,112) a(28,178)
32; a(34,82) r(31,148) d(25) d(35) d(3)
33; a(34,47) d(34) a(2,78) r(3,170)
34; r(3,60) r(33,164) a(1,170) r(28,45)
35; a(34,82) d(2) a(28,52) a(35,112)
36; r(3,60) r(33,164) a(28,52) d(27)
37; a(34,82) d(2) a(1,170) a(31,37)
38; r(33,135) d(2) r(34,95) d(27)
39; a(34,82) d(28) a(31,112) r(1,178)
40; r(33,135) d(2) a(31,112) d(25)
41; a(34,82) d(28) r(34,95) a(35,80)
42; r(3,60) r(33,164) a(28,52) a(27,158)
43; d(34) a(35,130) a(25,60) a(1,49)
44; r(35,28) a(34,158) d(25)
45; a(34,82) d(28) r(31,34) a(34,36) r(34,36)
46; r(35,28) r(31,34) a(34,36) a(27,78)
47; a(34,82) d(28) a(34,158) r(35,28)
48; a(34,82) d(28) r(34,95) d(35)
49; r(33,78) a(28,148) r(32,170) r(27,130)
50; r(34,138) a(35,95)
51; a(35,32) d(35) a(34,135) a(35,38) d(27) d(34)
52; r(34,138) a(35,38) d(27) a(35,87)
53; a(35,32) d(35) a(34,135) d(34)
--------------------------------------------------------------------------------
Evaluation

0; 4.
1; 0.
2; 0.
3; 12.
4; 0.
5; 0.
6; 4.
7; 0.
8; 0.
9; 0.
10; 0.
11; 0.
12; 0.
13; 0.
14; 0.
15; 0.
16; 0.
17; 0.
18; 0.
19; 0.
20; 0.
21; 0.
22; 0.
23; 0.
24; 0.
25; 0.
26; 0.
27; 4.
28; 0.
29; 0.
30; 4.
31; 12.
32; 0.
33; 0.
34; 0.
35; 0.
36; 0.
37; 0.
38; 0.
39; 12.
40; 0.
41; 0.
42; 0.
43; 0.
44; 4.
45; 0.
46; 0.
47; 0.
48; 0.
49; 0.
50; 4.
51; 4.
52; 4.
53; 4.
================================================================================
Generation 4

--------------------------------------------------------------------------------
Selection

0; 32
1; 40
2; 41
3; 26
4; 53
5; 37
6; 29
7; 45
8; 2
9; 2
10; 5
11; 13
12; 17
13; 15
14; 45
15; 29
16; 23
17; 29
18; 14
19; 22
20; 46
21; 12
22; 17
23; 4
24; 45
25; 0
26; 45
27; 2
28; 34
29; 48
30; 40
31; 1
32; 21
33; 25
34; 5
35; 8
36; 7
37; 10
38; 35
39; 36
--------------------------------------------------------------------------------
Crossover

0; 10; a(34,82) r(31,148) d(25) d(35) r(34,57)
1; 17; r(35,28) r(31,34) r(34,108) r(32,52)
2; 2; r(33,78) a(28,148) a(28,69) r(31,51)
3; 46; r(35,28) r(31,34) a(34,36) a(27,78)
4; 29; d(34) a(35,130) a(25,60) d(35)
5; 17; r(35,28) r(31,34) r(34,108) r(32,52)
6; 45; a(34,82) d(28) r(31,34) a(34,36) r(34,36)
7; 21; a(34,47) d(34) a(2,78) r(28,70)
8; 8; a(34,47) d(2) a(35,108) d(35)
9; 12; r(3,60) r(33,164) a(28,52) a(31,64)
10; 25; d(35) a(34,178) d(27) r(28,76)
11; 40; r(33,135) d(2) a(31,112) d(25)
12; 14, 5; r(33,135) d(2) d(32) a(25,87)
13; 14, 5; r(33,78) a(28,148) r(32,170) d(31)
14; 14; r(33,135) d(2) d(32) d(31)
15; 5; r(33,78) a(28,148) r(32,170) a(25,87)
16; 23; d(34) a(35,130) a(25,60) a(35,108)
17; 45; a(34,82) d(28) r(31,34) a(34,36) r(34,36)
18; 7; r(3,60) r(33,164) a(28,52) r(1,48)
19; 29; d(34) a(35,130) a(25,60) d(35)
20; 22, 15; d(34) a(1,84)
21; 22, 15; a(34,82) r(31,148) d(35) a(35,130) a(25,60) r(35,36)
22; 22; d(34) a(35,130) a(25,60) r(35,36)
23; 15; a(34,82) r(31,148) d(35) a(1,84)
24; 37; a(34,82) d(2) a(1,170) a(31,37)
25; 0; r(34,138) a(35,38) d(27) d(25)
26; 1; r(33,135) d(2) r(25,27) r(31,112)
27; 4; r(33,78) a(28,148) a(28,69) r(31,32)
28; 32; a(34,82) r(31,148) d(25) d(35) d(3)
29; 5; r(33,78) a(28,148) r(32,170) a(25,87)
30; 53; a(35,32) d(35) a(34,135) d(34)
31; 2; r(33,78) a(28,148) a(28,69) r(31,51)
32; 26; r(35,28) r(31,34) r(34,108) a(35,130) a(25,60) a(32,44)
33; 45; a(34,82) d(28) r(31,34) a(34,36) r(34,36)
34; 41, 34; a(34,82) d(28) r(34,95) r(33,164) a(1,170) r(28,45)
35; 41, 34; r(3,60) a(35,80)
36; 41; a(34,82) d(28) r(34,95) a(35,80)
37; 34; r(3,60) r(33,164) a(1,170) r(28,45)
38; 45, 48; a(34,82) d(35)
39; 45, 48; a(34,82) d(28) r(34,95) d(28) r(31,34) a(34,36) r(34,36)
40; 45; a(34,82) d(28) r(31,34) a(34,36) r(34,36)
41; 48; a(34,82) d(28) r(34,95) d(35)
42; 13; r(33,135) d(2) a(31,112) a(28,158)
43; 40; r(33,135) d(2) a(31,112) d(25)
44; 29, 35; d(34) a(28,52) a(35,112)
45; 29, 35; a(34,82) d(2) a(35,130) a(25,60) d(35)
46; 29; d(34) a(35,130) a(25,60) d(35)
47; 35; a(34,82) d(2) a(28,52) a(35,112)
48; 2; r(33,78) a(28,148) a(28,69) r(31,51)
49; 36; r(3,60) r(33,164) a(28,52) d(27)
--------------------------------------------------------------------------------
Mutation

0; a(34,82) r(31,148) d(25) d(35) r(34,57) d(28)
1; r(35,28) r(31,34) r(34,108) r(32,52) d(3)
2; r(33,78) a(28,148) a(28,69) r(31,51) d(3)
3; r(35,28) r(31,34) a(34,36) a(27,78) d(34)
4; d(34) a(35,130) a(25,60) d(35) d(28)
5; r(35,28) r(31,34) r(34,108) r(32,52) r(3,51)
6; a(34,82) d(28) r(31,34) a(34,36) r(34,36) a(35,25)
7; a(34,47) d(34) a(2,78) r(28,70) r(1,51)
8; a(34,47) d(2) a(35,108) d(35) r(34,95)
9; r(3,60) r(33,164) a(28,52) a(31,64) a(25,32)
10; d(35) a(34,178) d(27) r(28,76) a(34,78)
11; r(33,135) d(2) a(31,112) d(25) a(28,70)
12; r(33,135) d(2) d(32) a(25,87) d(25)
13; r(33,78) a(28,148) r(32,170) d(31) a(25,62)
14; r(33,135) d(2) d(32) d(31) r(1,64)
15; r(33,78) a(28,148) r(32,170) a(25,87) d(31)
16; d(34) a(35,130) a(25,60) a(35,108) r(35,47)
17; a(34,82) d(28) r(31,34) a(34,36) r(34,36) r(35,84)
18; r(3,60) r(33,164) a(28,52) r(1,48) d(32)
19; d(34) a(35,130) a(25,60) d(35) d(25)
20; d(34) a(1,84) a(1,35)
21; a(34,82) r(31,148) d(35) a(35,130) a(25,60) r(35,36) d(2)
22; d(34) a(35,130) a(25,60) r(35,36) d(32)
23; a(34,82) r(31,148) d(35) a(1,84) a(34,130)
24; a(34,82) d(2) a(1,170) a(31,37) a(33,34)
25; r(34,138) a(35,38) d(27) d(25) d(35)
26; r(33,135) d(2) r(25,27) r(31,112) r(28,38)
27; r(33,78) a(28,148) a(28,69) r(31,32) d(3)
28; a(34,82) r(31,148) d(25) d(35) d(3) d(32)
29; r(33,78) a(28,148) r(32,170) a(25,87) r(25,27)
30; a(35,32) d(35) a(34,135) d(34) d(27)
31; r(33,78) a(28,148) a(28,69) r(31,51) a(3,70)
32; r(35,28) r(31,34) r(34,108) a(35,130) a(25,60) a(32,44) d(28)
33; a(34,82) d(28) r(31,34) a(34,36) r(34,36) r(1,135)
34; a(34,82) d(28) r(34,95) r(33,164) a(1,170) r(28,45) d(27)
35; r(3,60) a(35,80) r(34,35)
36; a(34,82) d(28) r(34,95) a(35,80) r(2,31)
37; r(3,60) r(33,164) a(1,170) r(28,45) a(27,78)
38; a(34,82) d(35) d(34)
39; a(34,82) d(28) r(34,95) d(28) r(31,34) a(34,36) r(34,36) a(35,177)
40; a(34,82) d(28) r(31,34) a(34,36) r(34,36) a(33,45)
41; a(34,82) d(28) r(34,95) d(35) d(27)
42; r(33,135) d(2) a(31,112) a(28,158) a(27,87)
43; r(33,135) d(2) a(31,112) d(25) r(1,130)
44; d(34) a(28,52) a(35,112) r(25,60)
45; a(34,82) d(2) a(35,130) a(25,60) d(35) r(34,53)
46; d(34) a(35,130) a(25,60) d(35) a(1,62)
47; a(34,82) d(2) a(28,52) a(35,112) r(34,52)
48; r(33,78) a(28,148) a(28,69) r(31,51) r(32,86)
49; r(3,60) r(33,164) a(28,52) d(27) d(31)
--------------------------------------------------------------------------------
Evaluation

0; 0.
1; 12.
2; 12.
3; 0.
4; 0.
5; 0.
6; 0.
7; 0.
8; 0.
9; 0.
10; 0.
11; 0.
12; 0.
13; 0.
14; 0.
15; 0.
16; 0.
17; 0.
18; 0.
19; 0.
20; 0.
21; 0.
22; 0.
23; 0.
24; 0.
25; 4.
26; 0.
27; 12.
28; 0.
29; 0.
30; 4.
31; 0.
32; 0.
33; 0.
34; 0.
35; 0.
36; 0.
37; 0.
38; 4.
39; 0.
40; 0.
41; 0.
42; 0.
43; 4.
44; 0.
45; 0.
46; 0.
47; 0.
48; 0.
49; 0.
================================================================================
Generation 5

--------------------------------------------------------------------------------
Selection

0; 37
1; 37
2; 0
3; 14
4; 13
5; 36
6; 21
7; 6
8; 42
9; 19
10; 29
11; 44
12; 22
13; 36
14; 38
15; 14
16; 41
17; 19
18; 16
19; 20
20; 4
21; 46
22; 16
23; 26
24; 10
25; 18
26; 32
27; 44
28; 26
29; 7
30; 14
31; 37
32; 49
33; 18
34; 46
35; 35
36; 44
37; 39
38; 42
39; 3
--------------------------------------------------------------------------------
Crossover

0; 14, 26; r(33,135) d(2) d(2) r(25,27) r(31,112) r(28,38)
1; 14, 26; r(33,135) d(32) d(31) r(1,64)
2; 14; r(33,135) d(2) d(32) d(31) r(1,64)
3; 26; r(33,135) d(2) r(25,27) r(31,112) r(28,38)
4; 44; d(34) a(28,52) a(35,112) r(25,60)
5; 26; r(33,135) d(2) r(25,27) r(31,112) r(28,38)
6; 18; r(3,60) r(33,164) a(28,52) r(1,48) d(32)
7; 21; a(34,82) r(31,148) d(35) a(35,130) a(25,60) r(35,36) d(2)
8; 14; r(33,135) d(2) d(32) d(31) r(1,64)
9; 44; d(34) a(28,52) a(35,112) r(25,60)
10; 46, 46; d(34) a(35,130) a(25,60) d(35) a(1,62)
11; 46, 46; d(34) a(35,130) a(25,60) d(35) a(1,62)
12; 46; d(34) a(35,130) a(25,60) d(35) a(1,62)
13; 46; d(34) a(35,130) a(25,60) d(35) a(1,62)
14; 39, 36; a(34,82) d(28) r(34,95) d(28) r(31,34) a(34,36) r(2,31)
15; 39, 36; a(34,82) d(28) r(34,95) a(35,80) r(34,36) a(35,177)
16; 39; a(34,82) d(28) r(34,95) d(28) r(31,34) a(34,36) r(34,36) a(35,177)
17; 36; a(34,82) d(28) r(34,95) a(35,80) r(2,31)
18; 16, 49; d(34) d(27) d(31)
19; 16, 49; r(3,60) r(33,164) a(28,52) a(35,130) a(25,60) a(35,108) r(35,47)
20; 16; d(34) a(35,130) a(25,60) a(35,108) r(35,47)
21; 49; r(3,60) r(33,164) a(28,52) d(27) d(31)
22; 42, 29; r(33,135) a(25,87) r(25,27)
23; 42, 29; r(33,78) a(28,148) r(32,170) d(2) a(31,112) a(28,158) a(27,87)
24; 42; r(33,135) d(2) a(31,112) a(28,158) a(27,87)
25; 29; r(33,78) a(28,148) r(32,170) a(25,87) r(25,27)
26; 44, 19; d(34)
27; 44, 19; d(34) a(35,130) a(25,60) d(35) d(25) a(28,52) a(35,112) r(25,60)
28; 44; d(34) a(28,52) a(35,112) r(25,60)
29; 19; d(34) a(35,130) a(25,60) d(35) d(25)
30; 6; a(34,82) d(28) r(31,34) a(34,36) r(34,36) a(35,25)
31; 37; r(3,60) r(33,164) a(1,170) r(28,45) a(27,78)
32; 14, 20; r(33,135) a(1,35)
33; 14, 20; d(34) a(1,84) d(2) d(32) d(31) r(1,64)
34; 14; r(33,135) d(2) d(32) d(31) r(1,64)
35; 20; d(34) a(1,84) a(1,35)
36; 32; r(35,28) r(31,34) r(34,108) a(35,130) a(25,60) a(32,44) d(28)
37; 10; d(35) a(34,178) d(27) r(28,76) a(34,78)
38; 3, 4; r(35,28) r(31,34) a(34,36)
39; 3, 4; d(34) a(35,130) a(25,60) d(35) d(28) a(27,78) d(34)
40; 3; r(35,28) r(31,34) a(34,36) a(27,78) d(34)
41; 4; d(34) a(35,130) a(25,60) d(35) d(28)
42; 19; d(34) a(35,130) a(25,60) d(35) d(25)
43; 42; r(33,135) d(2) a(31,112) a(28,158) a(27,87)
44; 16; d(34) a(35,130) a(25,60) a(35,108) r(35,47)
45; 37; r(3,60) r(33,164) a(1,170) r(28,45) a(27,78)
46; 0, 36; a(34,82) r(31,148) d(28) r(34,95) a(35,80) r(2,31)
47; 0, 36; a(34,82) d(25) d(35) r(34,57) d(28)
48; 0; a(34,82) r(31,148) d(25) d(35) r(34,57) d(28)
49; 36; a(34,82) d(28) r(34,95) a(35,80) r(2,31)
50; 18, 13; r(3,60) r(33,164) a(28,52) d(31) a(25,62)
51; 18, 13; r(33,78) a(28,148) r(32,170) r(1,48) d(32)
52; 18; r(3,60) r(33,164) a(28,52) r(1,48) d(32)
53; 13; r(33,78) a(28,148) r(32,170) d(31) a(25,62)
54; 37, 35; r(3,60) r(33,164) a(35,80) r(34,35)
55; 37, 35; r(3,60) a(1,170) r(28,45) a(27,78)
56; 37; r(3,60) r(33,164) a(1,170) r(28,45) a(27,78)
57; 35; r(3,60) a(35,80) r(34,35)
58; 7, 22; a(34,47) d(34) a(35,130) a(25,60) r(35,36) d(32)
59; 7, 22; d(34) a(2,78) r(28,70) r(1,51)
60; 7; a(34,47) d(34) a(2,78) r(28,70) r(1,51)
61; 22; d(34) a(35,130) a(25,60) r(35,36) d(32)
62; 41; a(34,82) d(28) r(34,95) d(35) d(27)
63; 38; a(34,82) d(35) d(34)
--------------------------------------------------------------------------------
Mutation

0; r(33,135) d(2) d(2) r(25,27) r(31,112) r(28,38) d(32)
1; r(33,135) d(32) d(31) r(1,64) d(28)
2; r(33,135) d(2) d(32) d(31) r(1,64) r(28,53)
3; r(33,135) d(2) r(25,27) r(31,112) r(28,38) r(32,82)
4; d(34) a(28,52) a(35,112) r(25,60) d(35)
5; r(33,135) d(2) r(25,27) r(31,112) r(28,38) a(1,134)
6; r(3,60) r(33,164) a(28,52) r(1,48) d(32) r(28,86)
7; a(34,82) r(31,148) d(35) a(35,130) a(25,60) r(35,36) d(2) r(34,84)
8; r(33,135) d(2) d(32) d(31) r(1,64) r(28,48)
9; d(34) a(28,52) a(35,112) r(25,60) a(33,80)
10; d(34) a(35,130) a(25,60) d(35) a(1,62) d(2)
11; d(34) a(35,130) a(25,60) d(35) a(1,62) d(31)
12; d(34) a(35,130) a(25,60) d(35) a(1,62) d(33)
13; d(34) a(35,130) a(25,60) d(35) a(1,62) a(3,46)
14; a(34,82) d(28) r(34,95) d(28) r(31,34) a(34,36) r(2,31) d(27)
15; a(34,82) d(28) r(34,95) a(35,80) r(34,36) a(35,177) a(1,134)
16; a(34,82) d(28) r(34,95) d(28) r(31,34) a(34,36) r(34,36) a(35,177) a(1,170)
17; a(34,82) d(28) r(34,95) a(35,80) r(2,31) a(1,105)
18; d(34) d(27) d(31) d(25)
19; r(3,60) r(33,164) a(28,52) a(35,130) a(25,60) a(35,108) r(35,47) r(28,47)
20; d(34) a(35,130) a(25,60) a(35,108) r(35,47) d(31)
21; r(3,60) r(33,164) a(28,52) d(27) d(31) r(32,45)
22; r(33,135) a(25,87) r(25,27) d(28)
23; r(33,78) a(28,148) r(32,170) d(2) a(31,112) a(28,158) a(27,87) d(31)
24; r(33,135) d(2) a(31,112) a(28,158) a(27,87) r(28,94)
25; r(33,78) a(28,148) r(32,170) a(25,87) r(25,27) a(31,25)
26; d(34) a(32,28)
27; d(34) a(35,130) a(25,60) d(35) d(25) a(28,52) a(35,112) r(25,60) r(33,176)
28; d(34) a(28,52) a(35,112) r(25,60) d(35)
29; d(34) a(35,130) a(25,60) d(35) d(25) r(2,37)
30; a(34,82) d(28) r(31,34) a(34,36) r(34,36) a(35,25) d(35)
31; r(3,60) r(33,164) a(1,170) r(28,45) a(27,78) r(27,164)
32; r(33,135) a(1,35) d(28)
33; d(34) a(1,84) d(2) d(32) d(31) r(1,64) r(35,50)
34; r(33,135) d(2) d(32) d(31) r(1,64) d(25)
35; d(34) a(1,84) a(1,35) a(35,44)
36; r(35,28) r(31,34) r(34,108) a(35,130) a(25,60) a(32,44) d(28) a(25,49)
37; d(35) a(34,178) d(27) r(28,76) a(34,78) d(2)
38; r(35,28) r(31,34) a(34,36) a(34,35)
39; d(34) a(35,130) a(25,60) d(35) d(28) a(27,78) d(34) r(3,51)
40; r(35,28) r(31,34) a(34,36) a(27,78) d(34) d(2)
41; d(34) a(35,130) a(25,60) d(35) d(28) a(32,37)
42; d(34) a(35,130) a(25,60) d(35) d(25) r(33,1)
43; r(33,135) d(2) a(31,112) a(28,158) a(27,87) a(28,87)
44; d(34) a(35,130) a(25,60) a(35,108) r(35,47) r(3,97)
45; r(3,60) r(33,164) a(1,170) r(28,45) a(27,78) d(25)
46; a(34,82) r(31,148) d(28) r(34,95) a(35,80) r(2,31) a(25,86)
47; a(34,82) d(25) d(35) r(34,57) d(28) a(2,69)
48; a(34,82) r(31,148) d(25) d(35) r(34,57) d(28) d(2)
49; a(34,82) d(28) r(34,95) a(35,80) r(2,31) d(35)
50; r(3,60) r(33,164) a(28,52) d(31) a(25,62) a(28,47)
51; r(33,78) a(28,148) r(32,170) r(1,48) d(32) d(25)
52; r(3,60) r(33,164) a(28,52) r(1,48) d(32) r(27,57)
53; r(33,78) a(28,148) r(32,170) d(31) a(25,62) d(25)
54; r(3,60) r(33,164) a(35,80) r(34,35) d(25)
55; r(3,60) a(1,170) r(28,45) a(27,78) a(35,36)
56; r(3,60) r(33,164) a(1,170) r(28,45) a(27,78) r(1,177)
57; r(3,60) a(35,80) r(34,35) a(32,138)
58; a(34,47) d(34) a(35,130) a(25,60) r(35,36) d(32) a(28,48)
59; d(34) a(2,78) r(28,70) r(1,51) r(35,52)
60; a(34,47) d(34) a(2,78) r(28,70) r(1,51) d(35)
61; d(34) a(35,130) a(25,60) r(35,36) d(32) d(3)
62; a(34,82) d(28) r(34,95) d(35) d(27) a(2,37)
63; a(34,82) d(35) d(34) d(27)
--------------------------------------------------------------------------------
Evaluation

0; 0.
1; 0.
2; 0.
3; 0.
4; 0.
5; 0.
6; 0.
7; 0.
8; 0.
9; 0.
10; 0.
11; 0.
12; 0.
13; 0.
14; 0.
15; 12.
16; 0.
17; 0.
18; 0.
19; 0.
20; 0.
21; 0.
22; 0.
23; 0.
24; 0.
25; 0.
26; 4.
27; 0.
28; 0.
29; 0.
30; 0.
31; 0.
32; 0.
33; 0.
34; 0.
35; 0.
36; 0.
37; 0.
38; 0.
39; 0.
40; 0.
41; 0.
42; 0.
43; 0.
44; 12.
45; 0.
46; 0.
47; 0.
48; 0.
49; 0.
50; 0.
51; 0.
52; 0.
53; 0.
54; 0.
55; 0.
56; 0.
57; 0.
58; 0.
59; 0.
60; 0.
61; 12.
62; 0.
63; 4.
================================================================================
Generation 6

--------------------------------------------------------------------------------
Selection

0; 27
1; 16
2; 29
3; 19
4; 26
5; 2
6; 41
7; 18
8; 26
9; 48
10; 51
11; 11
12; 57
13; 43
14; 17
15; 35
16; 5
17; 27
18; 16
19; 1
20; 16
21; 1
22; 14
23; 0
24; 45
25; 28
26; 50
27; 41
28; 56
29; 50
30; 54
31; 47
32; 57
33; 49
34; 1
35; 48
36; 47
37; 11
38; 18
39; 1
--------------------------------------------------------------------------------
Crossover

0; 45; r(3,60) r(33,164) a(1,170) r(28,45) a(27,78) d(25)
1; 49; a(34,82) d(28) r(34,95) a(35,80) r(2,31) d(35)
2; 57; r(3,60) a(35,80) r(34,35) a(32,138)
3; 1; r(33,135) d(32) d(31) r(1,64) d(28)
4; 1, 56; r(33,135) d(32) d(31) r(1,64) d(28) r(1,177)
5; 1, 56; r(3,60) r(33,164) a(1,170) r(28,45) a(27,78)
6; 1; r(33,135) d(32) d(31) r(1,64) d(28)
7; 56; r(3,60) r(33,164) a(1,170) r(28,45) a(27,78) r(1,177)
8; 16; a(34,82) d(28) r(34,95) d(28) r(31,34) a(34,36) r(34,36) a(35,177) a(1,170)
9; 50; r(3,60) r(33,164) a(28,52) d(31) a(25,62) a(28,47)
10; 1, 5; r(33,135) a(1,134)
11; 1, 5; r(33,135) d(2) r(25,27) r(31,112) r(28,38) d(32) d(31) r(1,64) d(28)
12; 1; r(33,135) d(32) d(31) r(1,64) d(28)
13; 5; r(33,135) d(2) r(25,27) r(31,112) r(28,38) a(1,134)
14; 0; r(33,135) d(2) d(2) r(25,27) r(31,112) r(28,38) d(32)
15; 26; d(34) a(32,28)
16; 18, 28; d(34) d(27) d(31) d(35)
17; 18, 28; d(34) a(28,52) a(35,112) r(25,60) d(25)
18; 18; d(34) d(27) d(31) d(25)
19; 28; d(34) a(28,52) a(35,112) r(25,60) d(35)
20; 16, 27; a(34,82) d(28) r(34,95) d(28) r(31,34) a(34,36) r(33,176)
21; 16, 27; d(34) a(35,130) a(25,60) d(35) d(25) a(28,52) a(35,112) r(25,60) r(34,36) a(35,177) a(1,170)
22; 16; a(34,82) d(28) r(34,95) d(28) r(31,34) a(34,36) r(34,36) a(35,177) a(1,170)
23; 27; d(34) a(35,130) a(25,60) d(35) d(25) a(28,52) a(35,112) r(25,60) r(33,176)
24; 17; a(34,82) d(28) r(34,95) a(35,80) r(2,31) a(1,105)
25; 48; a(34,82) r(31,148) d(25) d(35) r(34,57) d(28) d(2)
26; 48; a(34,82) r(31,148) d(25) d(35) r(34,57) d(28) d(2)
27; 11; d(34) a(35,130) a(25,60) d(35) a(1,62) d(31)
28; 19; r(3,60) r(33,164) a(28,52) a(35,130) a(25,60) a(35,108) r(35,47) r(28,47)
29; 27; d(34) a(35,130) a(25,60) d(35) d(25) a(28,52) a(35,112) r(25,60) r(33,176)
30; 47, 26; a(34,82) d(25) d(35) r(34,57) d(28) a(2,69)
31; 47, 26; d(34) a(32,28)
32; 47; a(34,82) d(25) d(35) r(34,57) d(28) a(2,69)
33; 26; d(34) a(32,28)
34; 50, 29; r(3,60) r(33,164) a(28,52)
35; 50, 29; d(34) a(35,130) a(25,60) d(35) d(25) r(2,37) d(31) a(25,62) a(28,47)
36; 50; r(3,60) r(33,164) a(28,52) d(31) a(25,62) a(28,47)
37; 29; d(34) a(35,130) a(25,60) d(35) d(25) r(2,37)
38; 11; d(34) a(35,130) a(25,60) d(35) a(1,62) d(31)
39; 35; d(34) a(1,84) a(1,35) a(35,44)
40; 2; r(33,135) d(2) d(32) d(31) r(1,64) r(28,53)
41; 41; d(34) a(35,130) a(25,60) d(35) d(28) a(32,37)
42; 54; r(3,60) r(33,164) a(35,80) r(34,35) d(25)
43; 18; d(34) d(27) d(31) d(25)
44; 43, 47; r(33,135) d(28) a(2,69)
45; 43, 47; a(34,82) d(25) d(35) r(34,57) d(2) a(31,112) a(28,158) a(27,87) a(28,87)
46; 43; r(33,135) d(2) a(31,112) a(28,158) a(27,87) a(28,87)
47; 47; a(34,82) d(25) d(35) r(34,57) d(28) a(2,69)
48; 16, 14; a(34,82) d(28) r(34,95) r(31,34) a(34,36) r(2,31) d(27)
49; 16, 14; a(34,82) d(28) r(34,95) d(28) d(28) r(31,34) a(34,36) r(34,36) a(35,177) a(1,170)
50; 16; a(34,82) d(28) r(34,95) d(28) r(31,34) a(34,36) r(34,36) a(35,177) a(1,170)
51; 14; a(34,82) d(28) r(34,95) d(28) r(31,34) a(34,36) r(2,31) d(27)
52; 57; r(3,60) a(35,80) r(34,35) a(32,138)
53; 51; r(33,78) a(28,148) r(32,170) r(1,48) d(32) d(25)
54; 1; r(33,135) d(32) d(31) r(1,64) d(28)
55; 41; d(34) a(35,130) a(25,60) d(35) d(28) a(32,37)
--------------------------------------------------------------------------------
Mutation

0; r(3,60) r(33,164) a(1,170) r(28,45) a(27,78) d(25) d(1)
1; a(34,82) d(28) r(34,95) a(35,80) r(2,31) d(35) r(1,45)
2; r(3,60) a(35,80) r(34,35) a(32,138) a(35,178)
3; r(33,135) d(32) d(31) r(1,64) d(28) d(27)
4; r(33,135) d(32) d(31) r(1,64) d(28) r(1,177) r(25,176)
5; r(3,60) r(33,164) a(1,170) r(28,45) a(27,78) r(2,27)
6; r(33,135) d(32) d(31) r(1,64) d(28) r(25,130)
7; r(3,60) r(33,164) a(1,170) r(28,45) a(27,78) r(1,177) d(25)
8; a(34,82) d(28) r(34,95) d(28) r(31,34) a(34,36) r(34,36) a(35,177) a(1,170) r(35,87)
9; r(3,60) r(33,164) a(28,52) d(31) a(25,62) a(28,47) a(28,97)
10; r(33,135) a(1,134) r(28,38)
11; r(33,135) d(2) r(25,27) r(31,112) r(28,38) d(32) d(31) r(1,64) d(28)
12; r(33,135) d(32) d(31) r(1,64) d(28) r(25,62)
13; r(33,135) d(2) r(25,27) r(31,112) r(28,38) a(1,134) a(1,32)
14; r(33,135) d(2) d(2) r(25,27) r(31,112) r(28,38) d(32) a(1,31)
15; d(34) a(32,28) a(32,177)
16; d(34) d(27) d(31) d(35) r(1,83)
17; d(34) a(28,52) a(35,112) r(25,60) d(25) a(35,178)
18; d(34) d(27) d(31) d(25) a(35,170)
19; d(34) a(28,52) a(35,112) r(25,60) d(35) r(33,77)
20; a(34,82) d(28) r(34,95) d(28) r(31,34) a(34,36) r(33,176) r(25,148)
21; d(34) a(35,130) a(25,60) d(35) d(25) a(28,52) a(35,112) r(25,60) r(34,36) a(35,177) a(1,170) a(32,48)
22; a(34,82) d(28) r(34,95) d(28) r(31,34) a(34,36) r(34,36) a(35,177) a(1,170) r(25,135)
23; d(34) a(35,130) a(25,60) d(35) d(25) a(28,52) a(35,112) r(25,60) r(33,176) r(28,70)
24; a(34,82) d(28) r(34,95) a(35,80) r(2,31) a(1,105) d(35)
25; a(34,82) r(31,148) d(25) d(35) r(34,57) d(28) d(2) d(32)
26; a(34,82) r(31,148) d(25) d(35) r(34,57) d(28) d(2) d(1)
27; d(34) a(35,130) a(25,60) d(35) a(1,62) d(31) d(33)
28; r(3,60) r(33,164) a(28,52) a(35,130) a(25,60) a(35,108) r(35,47) r(28,47) d(2)
29; d(34) a(35,130) a(25,60) d(35) d(25) a(28,52) a(35,112) r(25,60) r(33,176) a(28,45)
30; a(34,82) d(25) d(35) r(34,57) d(28) a(2,69) r(33,49)
31; d(34) a(32,28) a(1,80)
32; a(34,82) d(25) d(35) r(34,57) d(28) a(2,69) r(2,45)
33; d(34) a(32,28) a(35,86)
34; r(3,60) r(33,164) a(28,52) d(32)
35; d(34) a(35,130) a(25,60) d(35) d(25) r(2,37) d(31) a(25,62) a(28,47) d(33)
36; r(3,60) r(33,164) a(28,52) d(31) a(25,62) a(28,47) r(25,135)
37; d(34) a(35,130) a(25,60) d(35) d(25) r(2,37) r(32,34)
38; d(34) a(35,130) a(25,60) d(35) a(1,62) d(31) a(27,64)
39; d(34) a(1,84) a(1,35) a(35,44) a(35,60)
40; r(33,135) d(2) d(32) d(31) r(1,64) r(28,53) d(25)
41; d(34) a(35,130) a(25,60) d(35) d(28) a(32,37) d(33)
42; r(3,60) r(33,164) a(35,80) r(34,35) d(25) a(28,164)
43; d(34) d(27) d(31) d(25) a(35,46)
44; r(33,135) d(28) a(2,69) r(3,86)
45; a(34,82) d(25) d(35) r(34,57) d(2) a(31,112) a(28,158) a(27,87) a(28,87) r(32,170)
46; r(33,135) d(2) a(31,112) a(28,158) a(27,87) a(28,87) r(1,28)
47; a(34,82) d(25) d(35) r(34,57) d(28) a(2,69) a(2,56)
48; a(34,82) d(28) r(34,95) r(31,34) a(34,36) r(2,31) d(27) d(35)
49; a(34,82) d(28) r(34,95) d(28) d(28) r(31,34) a(34,36) r(34,36) a(35,177) a(1,170) d(35)
50; a(34,82) d(28) r(34,95) d(28) r(31,34) a(34,36) r(34,36) a(35,177) a(1,170) r(32,50)
51; a(34,82) d(28) r(34,95) d(28) r(31,34) a(34,36) r(2,31) d(27) d(35)
52; r(3,60) a(35,80) r(34,35) a(32,138) d(1)
53; r(33,78) a(28,148) r(32,170) r(1,48) d(32) d(25) d(28)
54; r(33,135) d(32) d(31) r(1,64) d(28) d(27)
55; d(34) a(35,130) a(25,60) d(35) d(28) a(32,37) d(32)
--------------------------------------------------------------------------------
Evaluation

0; 0.
1; 0.
2; 0.
3; 0.
4; 0.
5; 0.
6; 0.
7; 0.
8; 0.
9; 0.
10; 12.
11; 0.
12; 0.
13; 0.
14; 0.
15; 4.
16; 0.
17; 0.
18; 0.
19; 0.
20; 0.
21; 0.
22; 0.
23; 0.
24; 0.
25; 0.
26; 0.
27; 0.
28; 0.
29; 0.
30; 0.
31; 4.
32; 0.
33; 4.
34; 0.
35; 0.
36; 0.
37; 0.
38; 0.
39; 0.
40; 0.
41; 0.
42; 0.
43; 0.
44; 12.
45; 0.
46; 4.
47; 0.
48; 0.
49; 0.
50; 0.
51; 0.
52; 4.
53; 0.
54; 0.
55; 0.
================================================================================
Generation 7

--------------------------------------------------------------------------------
Selection

0; 11
1; 7
2; 28
3; 2
4; 5
5; 40
6; 9
7; 33
8; 38
9; 19
10; 53
11; 49
12; 22
13; 39
14; 32
15; 50
16; 21
17; 16
18; 24
19; 9
20; 40
21; 48
22; 43
23; 41
24; 45
25; 43
26; 37
27; 26
28; 4
29; 38
30; 37
31; 26
32; 22
33; 2
34; 5
35; 22
36; 35
37; 54
38; 21
39; 41
--------------------------------------------------------------------------------
Crossover

0; 26, 21; a(34,82) a(25,60) d(35) d(25) a(28,52) a(35,112) r(25,60) r(34,36) a(35,177) a(1,170) a(32,48)
1; 26, 21; d(34) a(35,130) r(31,148) d(25) d(35) r(34,57) d(28) d(2) d(1)
2; 26; a(34,82) r(31,148) d(25) d(35) r(34,57) d(28) d(2) d(1)
3; 21; d(34) a(35,130) a(25,60) d(35) d(25) a(28,52) a(35,112) r(25,60) r(34,36) a(35,177) a(1,170) a(32,48)
4; 33; d(34) a(32,28) a(35,86)
5; 4; r(33,135) d(32) d(31) r(1,64) d(28) r(1,177) r(25,176)
6; 9, 50; r(3,60) r(33,164) a(28,52) d(31) a(35,177) a(1,170) r(32,50)
7; 9, 50; a(34,82) d(28) r(34,95) d(28) r(31,34) a(34,36) r(34,36) a(25,62) a(28,47) a(28,97)
8; 9; r(3,60) r(33,164) a(28,52) d(31) a(25,62) a(28,47) a(28,97)
9; 50; a(34,82) d(28) r(34,95) d(28) r(31,34) a(34,36) r(34,36) a(35,177) a(1,170) r(32,50)
10; 9, 7; r(3,60) r(33,164) a(28,52) d(31) d(25)
11; 9, 7; r(3,60) r(33,164) a(1,170) r(28,45) a(27,78) r(1,177) a(25,62) a(28,47) a(28,97)
12; 9; r(3,60) r(33,164) a(28,52) d(31) a(25,62) a(28,47) a(28,97)
13; 7; r(3,60) r(33,164) a(1,170) r(28,45) a(27,78) r(1,177) d(25)
14; 43; d(34) d(27) d(31) d(25) a(35,46)
15; 35; d(34) a(35,130) a(25,60) d(35) d(25) r(2,37) d(31) a(25,62) a(28,47) d(33)
16; 41, 5; d(34) a(35,130) a(25,60)
17; 41, 5; r(3,60) r(33,164) a(1,170) r(28,45) a(27,78) r(2,27) d(35) d(28) a(32,37) d(33)
18; 41; d(34) a(35,130) a(25,60) d(35) d(28) a(32,37) d(33)
19; 5; r(3,60) r(33,164) a(1,170) r(28,45) a(27,78) r(2,27)
20; 54, 38; r(33,135)
21; 54, 38; d(34) a(35,130) a(25,60) d(35) a(1,62) d(31) a(27,64) d(32) d(31) r(1,64) d(28) d(27)
22; 54; r(33,135) d(32) d(31) r(1,64) d(28) d(27)
23; 38; d(34) a(35,130) a(25,60) d(35) a(1,62) d(31) a(27,64)
24; 28; r(3,60) r(33,164) a(28,52) a(35,130) a(25,60) a(35,108) r(35,47) r(28,47) d(2)
25; 53; r(33,78) a(28,148) r(32,170) r(1,48) d(32) d(25) d(28)
26; 49; a(34,82) d(28) r(34,95) d(28) d(28) r(31,34) a(34,36) r(34,36) a(35,177) a(1,170) d(35)
27; 40; r(33,135) d(2) d(32) d(31) r(1,64) r(28,53) d(25)
28; 24; a(34,82) d(28) r(34,95) a(35,80) r(2,31) a(1,105) d(35)
29; 39; d(34) a(1,84) a(1,35) a(35,44) a(35,60)
30; 22, 32; a(34,82) d(28)
31; 22, 32; a(34,82) d(25) d(35) r(34,57) d(28) a(2,69) r(2,45) r(34,95) d(28) r(31,34) a(34,36) r(34,36) a(35,177) a(1,170) r(25,135)
32; 22; a(34,82) d(28) r(34,95) d(28) r(31,34) a(34,36) r(34,36) a(35,177) a(1,170) r(25,135)
33; 32; a(34,82) d(25) d(35) r(34,57) d(28) a(2,69) r(2,45)
34; 5, 2; r(3,60) r(33,164) a(1,170) r(28,45) a(27,78) r(34,35) a(32,138) a(35,178)
35; 5, 2; r(3,60) a(35,80) r(2,27)
36; 5; r(3,60) r(33,164) a(1,170) r(28,45) a(27,78) r(2,27)
37; 2; r(3,60) a(35,80) r(34,35) a(32,138) a(35,178)
38; 22, 19; a(34,82) r(25,60) d(35) r(33,77)
39; 22, 19; d(34) a(28,52) a(35,112) d(28) r(34,95) d(28) r(31,34) a(34,36) r(34,36) a(35,177) a(1,170) r(25,135)
40; 22; a(34,82) d(28) r(34,95) d(28) r(31,34) a(34,36) r(34,36) a(35,177) a(1,170) r(25,135)
41; 19; d(34) a(28,52) a(35,112) r(25,60) d(35) r(33,77)
42; 37; d(34) a(35,130) a(25,60) d(35) d(25) r(2,37) r(32,34)
43; 11; r(33,135) d(2) r(25,27) r(31,112) r(28,38) d(32) d(31) r(1,64) d(28)
44; 38; d(34) a(35,130) a(25,60) d(35) a(1,62) d(31) a(27,64)
45; 37; d(34) a(35,130) a(25,60) d(35) d(25) r(2,37) r(32,34)
46; 48; a(34,82) d(28) r(34,95) r(31,34) a(34,36) r(2,31) d(27) d(35)
47; 2; r(3,60) a(35,80) r(34,35) a(32,138) a(35,178)
48; 16; d(34) d(27) d(31) d(35) r(1,83)
49; 45; a(34,82) d(25) d(35) r(34,57) d(2) a(31,112) a(28,158) a(27,87) a(28,87) r(32,170)
50; 43, 22; d(34) r(25,135)
51; 43, 22; a(34,82) d(28) r(34,95) d(28) r(31,34) a(34,36) r(34,36) a(35,177) a(1,170) d(27) d(31) d(25) a(35,46)
52; 43; d(34) d(27) d(31) d(25) a(35,46)
53; 22; a(34,82) d(28) r(34,95) d(28) r(31,34) a(34,36) r(34,36) a(35,177) a(1,170) r(25,135)
54; 41, 26; d(34) a(35,130) a(25,60) d(35) d(28) a(32,37) d(33) d(2) d(1)
55; 41, 26; a(34,82) r(31,148) d(25) d(35) r(34,57) d(28)
56; 41; d(34) a(35,130) a(25,60) d(35) d(28) a(32,37) d(33)
57; 26; a(34,82) r(31,148) d(25) d(35) r(34,57) d(28) d(2) d(1)
58; 40; r(33,135) d(2) d(32) d(31) r(1,64) r(28,53) d(25)
59; 21; d(34) a(35,130) a(25,60) d(35) d(25) a(28,52) a(35,112) r(25,60) r(34,36) a(35,177) a(1,170) a(32,48)
--------------------------------------------------------------------------------
Mutation

0; a(34,82) a(25,60) d(35) d(25) a(28,52) a(35,112) r(25,60) r(34,36) a(35,177) a(1,170) a(32,48) a(1,170)
1; d(34) a(35,130) r(31,148) d(25) d(35) r(34,57) d(28) d(2) d(1) a(32,112)
2; a(34,82) r(31,148) d(25) d(35) r(34,57) d(28) d(2) d(1) r(32,105)
3; d(34) a(35,130) a(25,60) d(35) d(25) a(28,52) a(35,112) r(25,60) r(34,36) a(35,177) a(1,170) a(32,48) r(28,148)
4; d(34) a(32,28) a(35,86) r(35,53)
5; r(33,135) d(32) d(31) r(1,64) d(28) r(1,177) r(25,176)
6; r(3,60) r(33,164) a(28,52) d(31) a(35,177) a(1,170) r(32,50) a(28,99)
7; a(34,82) d(28) r(34,95) d(28) r(31,34) a(34,36) r(34,36) a(25,62) a(28,47) a(28,97) d(35)
8; r(3,60) r(33,164) a(28,52) d(31) a(25,62) a(28,47) a(28,97) d(1)
9; a(34,82) d(28) r(34,95) d(28) r(31,34) a(34,36) r(34,36) a(35,177) a(1,170) r(32,50) r(33,69)
10; r(3,60) r(33,164) a(28,52) d(31) d(25) d(1)
11; r(3,60) r(33,164) a(1,170) r(28,45) a(27,78) r(1,177) a(25,62) a(28,47) a(28,97) a(27,32)
12; r(3,60) r(33,164) a(28,52) d(31) a(25,62) a(28,47) a(28,97) r(28,105)
13; r(3,60) r(33,164) a(1,170) r(28,45) a(27,78) r(1,177) d(25) d(32)
14; d(34) d(27) d(31) d(25) a(35,46) a(2,31)
15; d(34) a(35,130) a(25,60) d(35) d(25) r(2,37) d(31) a(25,62) a(28,47) d(33) r(32,37)
16; d(34) a(35,130) a(25,60) a(31,31)
17; r(3,60) r(33,164) a(1,170) r(28,45) a(27,78) r(2,27) d(35) d(28) a(32,37) d(33) a(25,78)
18; d(34) a(35,130) a(25,60) d(35) d(28) a(32,37) d(33) r(27,44)
19; r(3,60) r(33,164) a(1,170) r(28,45) a(27,78) r(2,27) d(25)
20; r(33,135) r(31,77)
21; d(34) a(35,130) a(25,60) d(35) a(1,62) d(31) a(27,64) d(32) d(31) r(1,64) d(28) d(27) r(25,44)
22; r(33,135) d(32) d(31) r(1,64) d(28) d(27) d(25)
23; d(34) a(35,130) a(25,60) d(35) a(1,62) d(31) a(27,64) a(2,65)
24; r(3,60) r(33,164) a(28,52) a(35,130) a(25,60) a(35,108) r(35,47) r(28,47) d(2) a(27,44)
25; r(33,78) a(28,148) r(32,170) r(1,48) d(32) d(25) d(28)
26; a(34,82) d(28) r(34,95) d(28) d(28) r(31,34) a(34,36) r(34,36) a(35,177) a(1,170) d(35) d(1)
27; r(33,135) d(2) d(32) d(31) r(1,64) r(28,53) d(25)
28; a(34,82) d(28) r(34,95) a(35,80) r(2,31) a(1,105) d(35) d(27)
29; d(34) a(1,84) a(1,35) a(35,44) a(35,60) a(31,170)
30; a(34,82) d(28) d(25)
31; a(34,82) d(25) d(35) r(34,57) d(28) a(2,69) r(2,45) r(34,95) d(28) r(31,34) a(34,36) r(34,36) a(35,177) a(1,170) r(25,135) a(33,148)
32; a(34,82) d(28) r(34,95) d(28) r(31,34) a(34,36) r(34,36) a(35,177) a(1,170) r(25,135) d(33)
33; a(34,82) d(25) d(35) r(34,57) d(28) a(2,69) r(2,45) a(32,148)
34; r(3,60) r(33,164) a(1,170) r(28,45) a(27,78) r(34,35) a(32,138) a(35,178) r(25,170)
35; r(3,60) a(35,80) r(2,27) d(35)
36; r(3,60) r(33,164) a(1,170) r(28,45) a(27,78) r(2,27) r(25,47)
37; r(3,60) a(35,80) r(34,35) a(32,138) a(35,178) d(35)
38; a(34,82) r(25,60) d(35) r(33,77) a(1,57)
39; d(34) a(28,52) a(35,112) d(28) r(34,95) d(28) r(31,34) a(34,36) r(34,36) a(35,177) a(1,170) r(25,135) r(35,54)
40; a(34,82) d(28) r(34,95) d(28) r(31,34) a(34,36) r(34,36) a(35,177) a(1,170) r(25,135) a(35,32)
41; d(34) a(28,52) a(35,112) r(25,60) d(35) r(33,77) r(1,99)
42; d(34) a(35,130) a(25,60) d(35) d(25) r(2,37) r(32,34) r(31,97)
43; r(33,135) d(2) r(25,27) r(31,112) r(28,38) d(32) d(31) r(1,64) d(28)
44; d(34) a(35,130) a(25,60) d(35) a(1,62) d(31) a(27,64) d(28)
45; d(34) a(35,130) a(25,60) d(35) d(25) r(2,37) r(32,34) a(31,70)
46; a(34,82) d(28) r(34,95) r(31,34) a(34,36) r(2,31) d(27) d(35) a(25,138)
47; r(3,60) a(35,80) r(34,35) a(32,138) a(35,178) a(35,94)
48; d(34) d(27) d(31) d(35) r(1,83) a(32,34)
49; a(34,82) d(25) d(35) r(34,57) d(2) a(31,112) a(28,158) a(27,87) a(28,87) r(32,170) a(31,158)
50; d(34) r(25,135) r(35,76)
51; a(34,82) d(28) r(34,95) d(28) r(31,34) a(34,36) r(34,36) a(35,177) a(1,170) d(27) d(31) d(25) a(35,46) r(35,70)
52; d(34) d(27) d(31) d(25) a(35,46) d(2)
53; a(34,82) d(28) r(34,95) d(28) r(31,34) a(34,36) r(34,36) a(35,177) a(1,170) r(25,135) a(2,105)
54; d(34) a(35,130) a(25,60) d(35) d(28) a(32,37) d(33) d(2) d(1) d(32)
55; a(34,82) r(31,148) d(25) d(35) r(34,57) d(28) r(3,52)
56; d(34) a(35,130) a(25,60) d(35) d(28) a(32,37) d(33) a(27,138)
57; a(34,82) r(31,148) d(25) d(35) r(34,57) d(28) d(2) d(1) r(32,57)
58; r(33,135) d(2) d(32) d(31) r(1,64) r(28,53) d(25)
59; d(34) a(35,130) a(25,60) d(35) d(25) a(28,52) a(35,112) r(25,60) r(34,36) a(35,177) a(1,170) a(32,48) d(31)
--------------------------------------------------------------------------------
Evaluation

0; 0.
1; 0.
2; 12.
3; 0.
4; 4.
5; 0.
6; 0.
7; 0.
8; 0.
9; 0.
10; 0.
11; 0.
12; 0.
13; 0.
14; 0.
15; 0.
16; 0.
17; 0.
18; 0.
19; 0.
20; 0.
21; 0.
22; 0.
23; 0.
24; 0.
25; 0.
26; 0.
27; 0.
28; 0.
29; 0.
30; 0.
31; 0.
32; 0.
33; 0.
34; 0.
35; 0.
36; 0.
37; 0.
38; 0.
39; 0.
40; 0.
41; 0.
42; 0.
43; 0.
44; 0.
45; 0.
46; 0.
47; 0.
48; 0.
49; 0.
50; 4.
51; 0.
52; 0.
53; 0.
54; 0.
55; 0.
56; 0.
57; 0.
58; 0.
59; 0.
================================================================================
Generation 8

--------------------------------------------------------------------------------
Selection

0; 12
1; 38
2; 30
3; 56
4; 5
5; 41
6; 39
7; 6
8; 31
9; 51
10; 14
11; 56
12; 40
13; 48
14; 59
15; 37
16; 28
17; 25
18; 21
19; 6
20; 20
21; 9
22; 5
23; 1
24; 18
25; 46
26; 55
27; 58
28; 11
29; 1
30; 45
31; 24
32; 26
33; 58
34; 19
35; 56
36; 10
37; 37
38; 0
39; 10
--------------------------------------------------------------------------------
Crossover

0; 25, 5; r(33,78) a(28,148) r(32,170) d(28) r(1,177) r(25,176)
1; 25, 5; r(33,135) d(32) d(31) r(1,64) r(1,48) d(32) d(25) d(28)
2; 25; r(33,78) a(28,148) r(32,170) r(1,48) d(32) d(25) d(28)
3; 5; r(33,135) d(32) d(31) r(1,64) d(28) r(1,177) r(25,176)
4; 14; d(34) d(27) d(31) d(25) a(35,46) a(2,31)
5; 39; d(34) a(28,52) a(35,112) d(28) r(34,95) d(28) r(31,34) a(34,36) r(34,36) a(35,177) a(1,170) r(25,135) r(35,54)
6; 30, 55; a(34,82)
7; 30, 55; a(34,82) r(31,148) d(25) d(35) r(34,57) d(28) r(3,52) d(28) d(25)
8; 30; a(34,82) d(28) d(25)
9; 55; a(34,82) r(31,148) d(25) d(35) r(34,57) d(28) r(3,52)
10; 37, 41; r(3,60) a(35,112) r(25,60) d(35) r(33,77) r(1,99)
11; 37, 41; d(34) a(28,52) a(35,80) r(34,35) a(32,138) a(35,178) d(35)
12; 37; r(3,60) a(35,80) r(34,35) a(32,138) a(35,178) d(35)
13; 41; d(34) a(28,52) a(35,112) r(25,60) d(35) r(33,77) r(1,99)
14; 28, 11; a(34,82) d(28) r(34,95) a(35,80) r(2,31) r(28,45) a(27,78) r(1,177) a(25,62) a(28,47) a(28,97) a(27,32)
15; 28, 11; r(3,60) r(33,164) a(1,170) a(1,105) d(35) d(27)
16; 28; a(34,82) d(28) r(34,95) a(35,80) r(2,31) a(1,105) d(35) d(27)
17; 11; r(3,60) r(33,164) a(1,170) r(28,45) a(27,78) r(1,177) a(25,62) a(28,47) a(28,97) a(27,32)
18; 26, 56; a(34,82) d(33) a(27,138)
19; 26, 56; d(34) a(35,130) a(25,60) d(35) d(28) a(32,37) d(28) r(34,95) d(28) d(28) r(31,34) a(34,36) r(34,36) a(35,177) a(1,170) d(35) d(1)
20; 26; a(34,82) d(28) r(34,95) d(28) d(28) r(31,34) a(34,36) r(34,36) a(35,177) a(1,170) d(35) d(1)
21; 56; d(34) a(35,130) a(25,60) d(35) d(28) a(32,37) d(33) a(27,138)
22; 9; a(34,82) d(28) r(34,95) d(28) r(31,34) a(34,36) r(34,36) a(35,177) a(1,170) r(32,50) r(33,69)
23; 20; r(33,135) r(31,77)
24; 51, 48; a(34,82) d(28) r(34,95) r(1,83) a(32,34)
25; 51, 48; d(34) d(27) d(31) d(35) d(28) r(31,34) a(34,36) r(34,36) a(35,177) a(1,170) d(27) d(31) d(25) a(35,46) r(35,70)
26; 51; a(34,82) d(28) r(34,95) d(28) r(31,34) a(34,36) r(34,36) a(35,177) a(1,170) d(27) d(31) d(25) a(35,46) r(35,70)
27; 48; d(34) d(27) d(31) d(35) r(1,83) a(32,34)
28; 6; r(3,60) r(33,164) a(28,52) d(31) a(35,177) a(1,170) r(32,50) a(28,99)
29; 19; r(3,60) r(33,164) a(1,170) r(28,45) a(27,78) r(2,27) d(25)
30; 56, 6; d(34) a(35,130) a(25,60) d(35) d(28) d(31) a(35,177) a(1,170) r(32,50) a(28,99)
31; 56, 6; r(3,60) r(33,164) a(28,52) a(32,37) d(33) a(27,138)
32; 56; d(34) a(35,130) a(25,60) d(35) d(28) a(32,37) d(33) a(27,138)
33; 6; r(3,60) r(33,164) a(28,52) d(31) a(35,177) a(1,170) r(32,50) a(28,99)
34; 5, 40; r(33,135) d(32) d(31) r(1,64) d(28) r(1,177) r(25,176) r(31,34) a(34,36) r(34,36) a(35,177) a(1,170) r(25,135) a(35,32)
35; 5, 40; a(34,82) d(28) r(34,95) d(28)
36; 5; r(33,135) d(32) d(31) r(1,64) d(28) r(1,177) r(25,176)
37; 40; a(34,82) d(28) r(34,95) d(28) r(31,34) a(34,36) r(34,36) a(35,177) a(1,170) r(25,135) a(35,32)
38; 58; r(33,135) d(2) d(32) d(31) r(1,64) r(28,53) d(25)
39; 12; r(3,60) r(33,164) a(28,52) d(31) a(25,62) a(28,47) a(28,97) r(28,105)
40; 38; a(34,82) r(25,60) d(35) r(33,77) a(1,57)
41; 59; d(34) a(35,130) a(25,60) d(35) d(25) a(28,52) a(35,112) r(25,60) r(34,36) a(35,177) a(1,170) a(32,48) d(31)
42; 1, 10; d(34) a(35,130) r(31,148) d(25) d(35) d(1)
43; 1, 10; r(3,60) r(33,164) a(28,52) d(31) d(25) r(34,57) d(28) d(2) d(1) a(32,112)
44; 1; d(34) a(35,130) r(31,148) d(25) d(35) r(34,57) d(28) d(2) d(1) a(32,112)
45; 10; r(3,60) r(33,164) a(28,52) d(31) d(25) d(1)
46; 45; d(34) a(35,130) a(25,60) d(35) d(25) r(2,37) r(32,34) a(31,70)
47; 24; r(3,60) r(33,164) a(28,52) a(35,130) a(25,60) a(35,108) r(35,47) r(28,47) d(2) a(27,44)
48; 56, 37; d(34) a(35,130) a(25,60) d(35) d(28) a(32,37) d(33) d(35)
49; 56, 37; r(3,60) a(35,80) r(34,35) a(32,138) a(35,178) a(27,138)
50; 56; d(34) a(35,130) a(25,60) d(35) d(28) a(32,37) d(33) a(27,138)
51; 37; r(3,60) a(35,80) r(34,35) a(32,138) a(35,178) d(35)
52; 21, 10; d(34) a(35,130) a(25,60)
53; 21, 10; r(3,60) r(33,164) a(28,52) d(31) d(25) d(1) d(35) a(1,62) d(31) a(27,64) d(32) d(31) r(1,64) d(28) d(27) r(25,44)
54; 21; d(34) a(35,130) a(25,60) d(35) a(1,62) d(31) a(27,64) d(32) d(31) r(1,64) d(28) d(27) r(25,44)
55; 10; r(3,60) r(33,164) a(28,52) d(31) d(25) d(1)
56; 46, 0; a(34,82) a(35,112) r(25,60) r(34,36) a(35,177) a(1,170) a(32,48) a(1,170)
57; 46, 0; a(34,82) a(25,60) d(35) d(25) a(28,52) d(28) r(34,95) r(31,34) a(34,36) r(2,31) d(27) d(35) a(25,138)
58; 46; a(34,82) d(28) r(34,95) r(31,34) a(34,36) r(2,31) d(27) d(35) a(25,138)
59; 0; a(34,82) a(25,60) d(35) d(25) a(28,52) a(35,112) r(25,60) r(34,36) a(35,177) a(1,170) a(32,48) a(1,170)
60; 58; r(33,135) d(2) d(32) d(31) r(1,64) r(28,53) d(25)
61; 18; d(34) a(35,130) a(25,60) d(35) d(28) a(32,37) d(33) r(27,44)
62; 31, 1; a(34,82) d(25) d(35) r(34,57) d(28) a(2,69) r(2,45) r(34,95) d(28) r(31,34) a(34,36) r(34,36) a(35,177)
63; 31, 1; d(34) a(35,130) r(31,148) d(25) d(35) r(34,57) d(28) d(2) d(1) a(32,112) a(1,170) r(25,135) a(33,148)
64; 31; a(34,82) d(25) d(35) r(34,57) d(28) a(2,69) r(2,45) r(34,95) d(28) r(31,34) a(34,36) r(34,36) a(35,177) a(1,170) r(25,135) a(33,148)
65; 1; d(34) a(35,130) r(31,148) d(25) d(35) r(34,57) d(28) d(2) d(1) a(32,112)
--------------------------------------------------------------------------------
Mutation

0; r(33,78) a(28,148) r(32,170) d(28) r(1,177) r(25,176)
1; r(33,135) d(32) d(31) r(1,64) r(1,48) d(32) d(25) d(28)
2; r(33,78) a(28,148) r(32,170) r(1,48) d(32) d(25) d(28)
3; r(33,135) d(32) d(31) r(1,64) d(28) r(1,177) r(25,176)
4; d(34) d(27) d(31) d(25) a(35,46) a(2,31) a(33,25)
5; d(34) a(28,52) a(35,112) d(28) r(34,95) d(28) r(31,34) a(34,36) r(34,36) a(35,177) a(1,170) r(25,135) r(35,54) a(2,87)
6; a(34,82) r(35,64)
7; a(34,82) r(31,148) d(25) d(35) r(34,57) d(28) r(3,52) d(28) d(25) r(33,97)
8; a(34,82) d(28) d(25) d(34)
9; a(34,82) r(31,148) d(25) d(35) r(34,57) d(28) r(3,52) r(2,178)
10; r(3,60) a(35,112) r(25,60) d(35) r(33,77) r(1,99) a(28,176)
11; d(34) a(28,52) a(35,80) r(34,35) a(32,138) a(35,178) d(35) d(28)
12; r(3,60) a(35,80) r(34,35) a(32,138) a(35,178) d(35) r(2,112)
13; d(34) a(28,52) a(35,112) r(25,60) d(35) r(33,77) r(1,99) a(32,64)
14; a(34,82) d(28) r(34,95) a(35,80) r(2,31) r(28,45) a(27,78) r(1,177) a(25,62) a(28,47) a(28,97) a(27,32) a(25,33)
15; r(3,60) r(33,164) a(1,170) a(1,105) d(35) d(27) r(31,84)
16; a(34,82) d(28) r(34,95) a(35,80) r(2,31) a(1,105) d(35) d(27) a(1,37)
17; r(3,60) r(33,164) a(1,170) r(28,45) a(27,78) r(1,177) a(25,62) a(28,47) a(28,97) a(27,32) a(32,108)
18; a(34,82) d(33) a(27,138) r(31,83)
19; d(34) a(35,130) a(25,60) d(35) d(28) a(32,37) d(28) r(34,95) d(28) d(28) r(31,34) a(34,36) r(34,36) a(35,177) a(1,170) d(35) d(1) d(25)
20; a(34,82) d(28) r(34,95) d(28) d(28) r(31,34) a(34,36) r(34,36) a(35,177) a(1,170) d(35) d(1) a(27,28)
21; d(34) a(35,130) a(25,60) d(35) d(28) a(32,37) d(33) a(27,138) a(25,99)
22; a(34,82) d(28) r(34,95) d(28) r(31,34) a(34,36) r(34,36) a(35,177) a(1,170) r(32,50) r(33,69) r(27,69)
23; r(33,135) r(31,77) r(1,105)
24; a(34,82) d(28) r(34,95) r(1,83) a(32,34) a(35,87)
25; d(34) d(27) d(31) d(35) d(28) r(31,34) a(34,36) r(34,36) a(35,177) a(1,170) d(27) d(31) d(25) a(35,46) r(35,70) r(33,135)
26; a(34,82) d(28) r(34,95) d(28) r(31,34) a(34,36) r(34,36) a(35,177) a(1,170) d(27) d(31) d(25) a(35,46) r(35,70) r(3,94)
27; d(34) d(27) d(31) d(35) r(1,83) a(32,34) r(32,62)
28; r(3,60) r(33,164) a(28,52) d(31) a(35,177) a(1,170) r(32,50) a(28,99) d(1)
29; r(3,60) r(33,164) a(1,170) r(28,45) a(27,78) r(2,27) d(25) r(32,99)
30; d(34) a(35,130) a(25,60) d(35) d(28) d(31) a(35,177) a(1,170) r(32,50) a(28,99) a(33,38)
31; r(3,60) r(33,164) a(28,52) a(32,37) d(33) a(27,138) r(1,25)
32; d(34) a(35,130) a(25,60) d(35) d(28) a(32,37) d(33) a(27,138) d(25)
33; r(3,60) r(33,164) a(28,52) d(31) a(35,177) a(1,170) r(32,50) a(28,99) d(25)
34; r(33,135) d(32) d(31) r(1,64) d(28) r(1,177) r(25,176) r(31,34) a(34,36) r(34,36) a(35,177) a(1,170) r(25,135) a(35,32)
35; a(34,82) d(28) r(34,95) d(28) a(2,134)
36; r(33,135) d(32) d(31) r(1,64) d(28) r(1,177) r(25,176)
37; a(34,82) d(28) r(34,95) d(28) r(31,34) a(34,36) r(34,36) a(35,177) a(1,170) r(25,135) a(35,32) r(3,80)
38; r(33,135) d(2) d(32) d(31) r(1,64) r(28,53) d(25)
39; r(3,60) r(33,164) a(28,52) d(31) a(25,62) a(28,47) a(28,97) r(28,105) r(32,46)
40; a(34,82) r(25,60) d(35) r(33,77) a(1,57) a(28,32)
41; d(34) a(35,130) a(25,60) d(35) d(25) a(28,52) a(35,112) r(25,60) r(34,36) a(35,177) a(1,170) a(32,48) d(31) d(32)
42; d(34) a(35,130) r(31,148) d(25) d(35) d(1) r(32,80)
43; r(3,60) r(33,164) a(28,52) d(31) d(25) r(34,57) d(28) d(2) d(1) a(32,112) a(32,87)
44; d(34) a(35,130) r(31,148) d(25) d(35) r(34,57) d(28) d(2) d(1) a(32,112) r(32,45)
45; r(3,60) r(33,164) a(28,52) d(31) d(25) d(1) r(32,177)
46; d(34) a(35,130) a(25,60) d(35) d(25) r(2,37) r(32,34) a(31,70) a(1,130)
47; r(3,60) r(33,164) a(28,52) a(35,130) a(25,60) a(35,108) r(35,47) r(28,47) d(2) a(27,44) r(27,51)
48; d(34) a(35,130) a(25,60) d(35) d(28) a(32,37) d(33) d(35) a(1,82)
49; r(3,60) a(35,80) r(34,35) a(32,138) a(35,178) a(27,138) r(35,60)
50; d(34) a(35,130) a(25,60) d(35) d(28) a(32,37) d(33) a(27,138) r(32,37)
51; r(3,60) a(35,80) r(34,35) a(32,138) a(35,178) d(35) d(33)
52; d(34) a(35,130) a(25,60) r(1,57)
53; r(3,60) r(33,164) a(28,52) d(31) d(25) d(1) d(35) a(1,62) d(31) a(27,64) d(32) d(31) r(1,64) d(28) d(27) r(25,44)
54; d(34) a(35,130) a(25,60) d(35) a(1,62) d(31) a(27,64) d(32) d(31) r(1,64) d(28) d(27) r(25,44) a(33,47)
55; r(3,60) r(33,164) a(28,52) d(31) d(25) d(1) r(28,54)
56; a(34,82) a(35,112) r(25,60) r(34,36) a(35,177) a(1,170) a(32,48) a(1,170) a(35,27)
57; a(34,82) a(25,60) d(35) d(25) a(28,52) d(28) r(34,95) r(31,34) a(34,36) r(2,31) d(27) d(35) a(25,138) a(33,52)
58; a(34,82) d(28) r(34,95) r(31,34) a(34,36) r(2,31) d(27) d(35) a(25,138) d(32)
59; a(34,82) a(25,60) d(35) d(25) a(28,52) a(35,112) r(25,60) r(34,36) a(35,177) a(1,170) a(32,48) a(1,170) r(2,78)
60; r(33,135) d(2) d(32) d(31) r(1,64) r(28,53) d(25)
61; d(34) a(35,130) a(25,60) d(35) d(28) a(32,37) d(33) r(27,44) d(2)
62; a(34,82) d(25) d(35) r(34,57) d(28) a(2,69) r(2,45) r(34,95) d(28) r(31,34) a(34,36) r(34,36) a(35,177) r(32,65)
63; d(34) a(35,130) r(31,148) d(25) d(35) r(34,57) d(28) d(2) d(1) a(32,112) a(1,170) r(25,135) a(33,148) r(33,100)
64; a(34,82) d(25) d(35) r(34,57) d(28) a(2,69) r(2,45) r(34,95) d(28) r(31,34) a(34,36) r(34,36) a(35,177) a(1,170) r(25,135) a(33,148) r(32,112)
65; d(34) a(35,130) r(31,148) d(25) d(35) r(34,57) d(28) d(2) d(1) a(32,112) r(32,37)
--------------------------------------------------------------------------------
Evaluation

0; 0.
1; 0.
2; 0.
3; 0.
4; 0.
5; 0.
6; 4.
7; 0.
8; 0.
9; 12.
10; 0.
11; 0.
12; 0.
13; 0.
14; 0.
15; 0.
16; 0.
17; 0.
18; 0.
19; 0.
20; 4.
21; 0.
22; 0.
23; 12.
24; 0.
25; 0.
26; 0.
27; 0.
28; 0.
29; 0.
30; 0.
31; 0.
32; 0.
33; 0.
34; 0.
35; 0.
36; 0.
37; 0.
38; 0.
39; 0.
40; 0.
41; 0.
42; 0.
43; 0.
44; 0.
45; 0.
46; 0.
47; 0.
48; 0.
49; 0.
50; 0.
51; 0.
52; 0.
53; 0.
54; 0.
55; 0.
56; 0.
57; 0.
58; 0.
59; 0.
60; 0.
61; 0.
62; 0.
63; 0.
64; 0.
65; 0.
================================================================================
Generation 9

--------------------------------------------------------------------------------
Selection

0; 58
1; 1
2; 57
3; 38
4; 45
5; 2
6; 26
7; 25
8; 31
9; 50
10; 30
11; 36
12; 19
13; 43
14; 21
15; 28
16; 40
17; 35
18; 15
19; 5
20; 11
21; 0
22; 38
23; 62
24; 39
25; 33
26; 22
27; 10
28; 10
29; 59
30; 30
31; 62
32; 16
33; 58
34; 45
35; 45
36; 60
37; 17
38; 55
39; 39
--------------------------------------------------------------------------------
Crossover

0; 0; r(33,78) a(28,148) r(32,170) d(28) r(1,177) r(25,176)
1; 59; a(34,82) a(25,60) d(35) d(25) a(28,52) a(35,112) r(25,60) r(34,36) a(35,177) a(1,170) a(32,48) a(1,170) r(2,78)
2; 22; a(34,82) d(28) r(34,95) d(28) r(31,34) a(34,36) r(34,36) a(35,177) a(1,170) r(32,50) r(33,69) r(27,69)
3; 58; a(34,82) d(28) r(34,95) r(31,34) a(34,36) r(2,31) d(27) d(35) a(25,138) d(32)
4; 1; r(33,135) d(32) d(31) r(1,64) r(1,48) d(32) d(25) d(28)
5; 55; r(3,60) r(33,164) a(28,52) d(31) d(25) d(1) r(28,54)
6; 62; a(34,82) d(25) d(35) r(34,57) d(28) a(2,69) r(2,45) r(34,95) d(28) r(31,34) a(34,36) r(34,36) a(35,177) r(32,65)
7; 10; r(3,60) a(35,112) r(25,60) d(35) r(33,77) r(1,99) a(28,176)
8; 33; r(3,60) r(33,164) a(28,52) d(31) a(35,177) a(1,170) r(32,50) a(28,99) d(25)
9; 26; a(34,82) d(28) r(34,95) d(28) r(31,34) a(34,36) r(34,36) a(35,177) a(1,170) d(27) d(31) d(25) a(35,46) r(35,70) r(3,94)
10; 43, 40; r(3,60) r(33,164) a(28,52) d(31) d(25) r(34,57) d(28) d(2) d(1) a(32,112) a(32,87) d(35) r(33,77) a(1,57) a(28,32)
11; 43, 40; a(34,82) r(25,60)
12; 43; r(3,60) r(33,164) a(28,52) d(31) d(25) r(34,57) d(28) d(2) d(1) a(32,112) a(32,87)
13; 40; a(34,82) r(25,60) d(35) r(33,77) a(1,57) a(28,32)
14; 30, 60; d(34) a(35,130) a(25,60) d(35) d(28) d(31) r(1,64) r(28,53) d(25)
15; 30, 60; r(33,135) d(2) d(32) d(31) a(35,177) a(1,170) r(32,50) a(28,99) a(33,38)
16; 30; d(34) a(35,130) a(25,60) d(35) d(28) d(31) a(35,177) a(1,170) r(32,50) a(28,99) a(33,38)
17; 60; r(33,135) d(2) d(32) d(31) r(1,64) r(28,53) d(25)
18; 21, 25; d(34) r(31,34) a(34,36) r(34,36) a(35,177) a(1,170) d(27) d(31) d(25) a(35,46) r(35,70) r(33,135)
19; 21, 25; d(34) d(27) d(31) d(35) d(28) a(35,130) a(25,60) d(35) d(28) a(32,37) d(33) a(27,138) a(25,99)
20; 21; d(34) a(35,130) a(25,60) d(35) d(28) a(32,37) d(33) a(27,138) a(25,99)
21; 25; d(34) d(27) d(31) d(35) d(28) r(31,34) a(34,36) r(34,36) a(35,177) a(1,170) d(27) d(31) d(25) a(35,46) r(35,70) r(33,135)
22; 16; a(34,82) d(28) r(34,95) a(35,80) r(2,31) a(1,105) d(35) d(27) a(1,37)
23; 11; d(34) a(28,52) a(35,80) r(34,35) a(32,138) a(35,178) d(35) d(28)
24; 35; a(34,82) d(28) r(34,95) d(28) a(2,134)
25; 2; r(33,78) a(28,148) r(32,170) r(1,48) d(32) d(25) d(28)
26; 31; r(3,60) r(33,164) a(28,52) a(32,37) d(33) a(27,138) r(1,25)
27; 45; r(3,60) r(33,164) a(28,52) d(31) d(25) d(1) r(32,177)
28; 38, 30; r(33,135) d(2) d(32) a(28,99) a(33,38)
29; 38, 30; d(34) a(35,130) a(25,60) d(35) d(28) d(31) a(35,177) a(1,170) r(32,50) d(31) r(1,64) r(28,53) d(25)
30; 38; r(33,135) d(2) d(32) d(31) r(1,64) r(28,53) d(25)
31; 30; d(34) a(35,130) a(25,60) d(35) d(28) d(31) a(35,177) a(1,170) r(32,50) a(28,99) a(33,38)
32; 15; r(3,60) r(33,164) a(1,170) a(1,105) d(35) d(27) r(31,84)
33; 39; r(3,60) r(33,164) a(28,52) d(31) a(25,62) a(28,47) a(28,97) r(28,105) r(32,46)
34; 57, 19; a(34,82) a(25,60) d(35) d(25) a(28,52) d(28) r(34,95) d(28) a(32,37) d(28) r(34,95) d(28) d(28) r(31,34) a(34,36) r(34,36) a(35,177) a(1,170) d(35) d(1) d(25)
35; 57, 19; d(34) a(35,130) a(25,60) d(35) r(31,34) a(34,36) r(2,31) d(27) d(35) a(25,138) a(33,52)
36; 57; a(34,82) a(25,60) d(35) d(25) a(28,52) d(28) r(34,95) r(31,34) a(34,36) r(2,31) d(27) d(35) a(25,138) a(33,52)
37; 19; d(34) a(35,130) a(25,60) d(35) d(28) a(32,37) d(28) r(34,95) d(28) d(28) r(31,34) a(34,36) r(34,36) a(35,177) a(1,170) d(35) d(1) d(25)
38; 45; r(3,60) r(33,164) a(28,52) d(31) d(25) d(1) r(32,177)
39; 38; r(33,135) d(2) d(32) d(31) r(1,64) r(28,53) d(25)
40; 50; d(34) a(35,130) a(25,60) d(35) d(28) a(32,37) d(33) a(27,138) r(32,37)
41; 17; r(3,60) r(33,164) a(1,170) r(28,45) a(27,78) r(1,177) a(25,62) a(28,47) a(28,97) a(27,32) a(32,108)
42; 5, 36; d(34) a(28,52) a(35,112) d(28) r(34,95) d(28) r(31,34) a(34,36) r(34,36) a(35,177) a(1,170) r(25,135) r(35,54) d(28) r(1,177) r(25,176)
43; 5, 36; r(33,135) d(32) d(31) r(1,64) a(2,87)
44; 5; d(34) a(28,52) a(35,112) d(28) r(34,95) d(28) r(31,34) a(34,36) r(34,36) a(35,177) a(1,170) r(25,135) r(35,54) a(2,87)
45; 36; r(33,135) d(32) d(31) r(1,64) d(28) r(1,177) r(25,176)
46; 10, 28; r(3,60) a(35,112) r(25,60) d(35) a(28,99) d(1)
47; 10, 28; r(3,60) r(33,164) a(28,52) d(31) a(35,177) a(1,170) r(32,50) r(33,77) r(1,99) a(28,176)
48; 10; r(3,60) a(35,112) r(25,60) d(35) r(33,77) r(1,99) a(28,176)
49; 28; r(3,60) r(33,164) a(28,52) d(31) a(35,177) a(1,170) r(32,50) a(28,99) d(1)
50; 58; a(34,82) d(28) r(34,95) r(31,34) a(34,36) r(2,31) d(27) d(35) a(25,138) d(32)
51; 39; r(3,60) r(33,164) a(28,52) d(31) a(25,62) a(28,47) a(28,97) r(28,105) r(32,46)
52; 62, 45; a(34,82) d(25) d(35) r(34,57) d(28) a(2,69) r(2,45) r(34,95) d(28) r(31,34) d(25) d(1) r(32,177)
53; 62, 45; r(3,60) r(33,164) a(28,52) d(31) a(34,36) r(34,36) a(35,177) r(32,65)
54; 62; a(34,82) d(25) d(35) r(34,57) d(28) a(2,69) r(2,45) r(34,95) d(28) r(31,34) a(34,36) r(34,36) a(35,177) r(32,65)
55; 45; r(3,60) r(33,164) a(28,52) d(31) d(25) d(1) r(32,177)
--------------------------------------------------------------------------------
Mutation

0; r(33,78) a(28,148) r(32,170) d(28) r(1,177) r(25,176)
1; a(34,82) a(25,60) d(35) d(25) a(28,52) a(35,112) r(25,60) r(34,36) a(35,177) a(1,170) a(32,48) a(1,170) r(2,78) d(31)
2; a(34,82) d(28) r(34,95) d(28) r(31,34) a(34,36) r(34,36) a(35,177) a(1,170) r(32,50) r(33,69) r(27,69) a(25,57)
3; a(34,82) d(28) r(34,95) r(31,34) a(34,36) r(2,31) d(27) d(35) a(25,138) d(32) a(25,80)
4; r(33,135) d(32) d(31) r(1,64) r(1,48) d(32) d(25) d(28)
5; r(3,60) r(33,164) a(28,52) d(31) d(25) d(1) r(28,54) a(32,48)
6; a(34,82) d(25) d(35) r(34,57) d(28) a(2,69) r(2,45) r(34,95) d(28) r(31,34) a(34,36) r(34,36) a(35,177) r(32,65) r(33,95)
7; r(3,60) a(35,112) r(25,60) d(35) r(33,77) r(1,99) a(28,176) r(31,70)
8; r(3,60) r(33,164) a(28,52) d(31) a(35,177) a(1,170) r(32,50) a(28,99) d(25) r(1,47)
9; a(34,82) d(28) r(34,95) d(28) r(31,34) a(34,36) r(34,36) a(35,177) a(1,170) d(27) d(31) d(25) a(35,46) r(35,70) r(3,94) d(33)
10; r(3,60) r(33,164) a(28,52) d(31) d(25) r(34,57) d(28) d(2) d(1) a(32,112) a(32,87) d(35) r(33,77) a(1,57) a(28,32) r(32,52)
11; a(34,82) r(25,60) a(34,176)
12; r(3,60) r(33,164) a(28,52) d(31) d(25) r(34,57) d(28) d(2) d(1) a(32,112) a(32,87) d(32)
13; a(34,82) r(25,60) d(35) r(33,77) a(1,57) a(28,32) r(32,158)
14; d(34) a(35,130) a(25,60) d(35) d(28) d(31) r(1,64) r(28,53) d(25) a(33,134)
15; r(33,135) d(2) d(32) d(31) a(35,177) a(1,170) r(32,50) a(28,99) a(33,38) a(27,97)
16; d(34) a(35,130) a(25,60) d(35) d(28) d(31) a(35,177) a(1,170) r(32,50) a(28,99) a(33,38) a(1,82)
17; r(33,135) d(2) d(32) d(31) r(1,64) r(28,53) d(25)
18; d(34) r(31,34) a(34,36) r(34,36) a(35,177) a(1,170) d(27) d(31) d(25) a(35,46) r(35,70) r(33,135) a(32,31)
19; d(34) d(27) d(31) d(35) d(28) a(35,130) a(25,60) d(35) d(28) a(32,37) d(33) a(27,138) a(25,99) a(2,33)
20; d(34) a(35,130) a(25,60) d(35) d(28) a(32,37) d(33) a(27,138) a(25,99) a(1,49)
21; d(34) d(27) d(31) d(35) d(28) r(31,34) a(34,36) r(34,36) a(35,177) a(1,170) d(27) d(31) d(25) a(35,46) r(35,70) r(33,135) r(3,50)
22; a(34,82) d(28) r(34,95) a(35,80) r(2,31) a(1,105) d(35) d(27) a(1,37) a(25,148)
23; d(34) a(28,52) a(35,80) r(34,35) a(32,138) a(35,178) d(35) d(28) r(25,176)
24; a(34,82) d(28) r(34,95) d(28) a(2,134) a(35,138)
25; r(33,78) a(28,148) r(32,170) r(1,48) d(32) d(25) d(28)
26; r(3,60) r(33,164) a(28,52) a(32,37) d(33) a(27,138) r(1,25) r(31,62)
27; r(3,60) r(33,164) a(28,52) d(31) d(25) d(1) r(32,177) d(28)
28; r(33,135) d(2) d(32) a(28,99) a(33,38) r(25,78)
29; d(34) a(35,130) a(25,60) d(35) d(28) d(31) a(35,177) a(1,170) r(32,50) d(31) r(1,64) r(28,53) d(25) d(33)
30; r(33,135) d(2) d(32) d(31) r(1,64) r(28,53) d(25)
31; d(34) a(35,130) a(25,60) d(35) d(28) d(31) a(35,177) a(1,170) r(32,50) a(28,99) a(33,38) d(3)
32; r(3,60) r(33,164) a(1,170) a(1,105) d(35) d(27) r(31,84) a(32,135)
33; r(3,60) r(33,164) a(28,52) d(31) a(25,62) a(28,47) a(28,97) r(28,105) r(32,46) d(25)
34; a(34,82) a(25,60) d(35) d(25) a(28,52) d(28) r(34,95) d(28) a(32,37) d(28) r(34,95) d(28) d(28) r(31,34) a(34,36) r(34,36) a(35,177) a(1,170) d(35) d(1) d(25) d(32)
35; d(34) a(35,130) a(25,60) d(35) r(31,34) a(34,36) r(2,31) d(27) d(35) a(25,138) a(33,52) a(25,52)
36; a(34,82) a(25,60) d(35) d(25) a(28,52) d(28) r(34,95) r(31,34) a(34,36) r(2,31) d(27) d(35) a(25,138) a(33,52) d(33)
37; d(34) a(35,130) a(25,60) d(35) d(28) a(32,37) d(28) r(34,95) d(28) d(28) r(31,34) a(34,36) r(34,36) a(35,177) a(1,170) d(35) d(1) d(25) r(32,108)
38; r(3,60) r(33,164) a(28,52) d(31) d(25) d(1) r(32,177) a(28,35)
39; r(33,135) d(2) d(32) d(31) r(1,64) r(28,53) d(25)
40; d(34) a(35,130) a(25,60) d(35) d(28) a(32,37) d(33) a(27,138) r(32,37) d(25)
41; r(3,60) r(33,164) a(1,170) r(28,45) a(27,78) r(1,177) a(25,62) a(28,47) a(28,97) a(27,32) a(32,108) d(32)
42; d(34) a(28,52) a(35,112) d(28) r(34,95) d(28) r(31,34) a(34,36) r(34,36) a(35,177) a(1,170) r(25,135) r(35,54) d(28) r(1,177) r(25,176) a(33,53)
43; r(33,135) d(32) d(31) r(1,64) a(2,87) a(28,177)
44; d(34) a(28,52) a(35,112) d(28) r(34,95) d(28) r(31,34) a(34,36) r(34,36) a(35,177) a(1,170) r(25,135) r(35,54) a(2,87) a(33,32)
45; r(33,135) d(32) d(31) r(1,64) d(28) r(1,177) r(25,176)
46; r(3,60) a(35,112) r(25,60) d(35) a(28,99) d(1) d(32)
47; r(3,60) r(33,164) a(28,52) d(31) a(35,177) a(1,170) r(32,50) r(33,77) r(1,99) a(28,176) d(25)
48; r(3,60) a(35,112) r(25,60) d(35) r(33,77) r(1,99) a(28,176) r(31,158)
49; r(3,60) r(33,164) a(28,52) d(31) a(35,177) a(1,170) r(32,50) a(28,99) d(1) r(25,47)
50; a(34,82) d(28) r(34,95) r(31,34) a(34,36) r(2,31) d(27) d(35) a(25,138) d(32) d(33)
51; r(3,60) r(33,164) a(28,52) d(31) a(25,62) a(28,47) a(28,97) r(28,105) r(32,46) r(25,64)
52; a(34,82) d(25) d(35) r(34,57) d(28) a(2,69) r(2,45) r(34,95) d(28) r(31,34) d(25) d(1) r(32,177) d(33)
53; r(3,60) r(33,164) a(28,52) d(31) a(34,36) r(34,36) a(35,177) r(32,65) d(1)
54; a(34,82) d(25) d(35) r(34,57) d(28) a(2,69) r(2,45) r(34,95) d(28) r(31,34) a(34,36) r(34,36) a(35,177) r(32,65) d(1)
55; r(3,60) r(33,164) a(28,52) d(31) d(25) d(1) r(32,177) a(28,51)
--------------------------------------------------------------------------------
Evaluation

0; 0.
1; 0.
2; 0.
3; 0.
4; 0.
5; 0.
6; 0.
7; 0.
8; 0.
9; 0.
10; 0.
11; 0.
12; 0.
13; 0.
14; 0.
15; 0.
16; 0.
17; 0.
18; 0.
19; 0.
20; 0.
21; 0.
22; 0.
23; 0.
24; 0.
25; 0.
26; 0.
27; 0.
28; 0.
29; 0.
30; 0.
31; 12.
32; 0.
33; 0.
34; 0.
35; 0.
36; 0.
37; 0.
38; 0.
39; 0.
40; 0.
41; 0.
42; 0.
43; 0.
44; 0.
45; 0.
46; 0.
47; 0.
48; 0.
49; 0.
50; 0.
51; 0.
52; 0.
53; 0.
54; 0.
55; 0.
================================================================================
Generation 10

--------------------------------------------------------------------------------
Selection

0; 32
1; 22
2; 33
3; 36
4; 30
5; 13
6; 1
7; 24
8; 21
9; 49
10; 50
11; 0
12; 29
13; 17
14; 44
15; 38
16; 47
17; 14
18; 32
19; 36
20; 50
21; 22
22; 0
23; 10
24; 24
25; 16
26; 53
27; 23
28; 41
29; 3
30; 14
31; 13
32; 1
33; 21
34; 21
35; 8
36; 44
37; 44
38; 55
39; 26
--------------------------------------------------------------------------------
Crossover

0; 0, 44; r(33,78) a(35,177) a(1,170) r(25,135) r(35,54) a(2,87) a(33,32)
1; 0, 44; d(34) a(28,52) a(35,112) d(28) r(34,95) d(28) r(31,34) a(34,36) r(34,36) a(28,148) r(32,170) d(28) r(1,177) r(25,176)
2; 0; r(33,78) a(28,148) r(32,170) d(28) r(1,177) r(25,176)
3; 44; d(34) a(28,52) a(35,112) d(28) r(34,95) d(28) r(31,34) a(34,36) r(34,36) a(35,177) a(1,170) r(25,135) r(35,54) a(2,87) a(33,32)
4; 32; r(3,60) r(33,164) a(1,170) a(1,105) d(35) d(27) r(31,84) a(32,135)
5; 14; d(34) a(35,130) a(25,60) d(35) d(28) d(31) r(1,64) r(28,53) d(25) a(33,134)
6; 50; a(34,82) d(28) r(34,95) r(31,34) a(34,36) r(2,31) d(27) d(35) a(25,138) d(32) d(33)
7; 36; a(34,82) a(25,60) d(35) d(25) a(28,52) d(28) r(34,95) r(31,34) a(34,36) r(2,31) d(27) d(35) a(25,138) a(33,52) d(33)
8; 55; r(3,60) r(33,164) a(28,52) d(31) d(25) d(1) r(32,177) a(28,51)
9; 14; d(34) a(35,130) a(25,60) d(35) d(28) d(31) r(1,64) r(28,53) d(25) a(33,134)
10; 21, 47; d(34) d(27) d(31) a(28,52) d(31) a(35,177) a(1,170) r(32,50) r(33,77) r(1,99) a(28,176) d(25)
11; 21, 47; r(3,60) r(33,164) d(35) d(28) r(31,34) a(34,36) r(34,36) a(35,177) a(1,170) d(27) d(31) d(25) a(35,46) r(35,70) r(33,135) r(3,50)
12; 21; d(34) d(27) d(31) d(35) d(28) r(31,34) a(34,36) r(34,36) a(35,177) a(1,170) d(27) d(31) d(25) a(35,46) r(35,70) r(33,135) r(3,50)
13; 47; r(3,60) r(33,164) a(28,52) d(31) a(35,177) a(1,170) r(32,50) r(33,77) r(1,99) a(28,176) d(25)
14; 41, 49; r(3,60) r(33,164) a(1,170) r(28,45) a(27,78) r(1,177) a(25,62) a(28,47) a(28,97) a(28,52) d(31) a(35,177) a(1,170) r(32,50) a(28,99) d(1) r(25,47)
15; 41, 49; r(3,60) r(33,164) a(27,32) a(32,108) d(32)
16; 41; r(3,60) r(33,164) a(1,170) r(28,45) a(27,78) r(1,177) a(25,62) a(28,47) a(28,97) a(27,32) a(32,108) d(32)
17; 49; r(3,60) r(33,164) a(28,52) d(31) a(35,177) a(1,170) r(32,50) a(28,99) d(1) r(25,47)
18; 1; a(34,82) a(25,60) d(35) d(25) a(28,52) a(35,112) r(25,60) r(34,36) a(35,177) a(1,170) a(32,48) a(1,170) r(2,78) d(31)
19; 24; a(34,82) d(28) r(34,95) d(28) a(2,134) a(35,138)
20; 22; a(34,82) d(28) r(34,95) a(35,80) r(2,31) a(1,105) d(35) d(27) a(1,37) a(25,148)
21; 38; r(3,60) r(33,164) a(28,52) d(31) d(25) d(1) r(32,177) a(28,35)
22; 10; r(3,60) r(33,164) a(28,52) d(31) d(25) r(34,57) d(28) d(2) d(1) a(32,112) a(32,87) d(35) r(33,77) a(1,57) a(28,32) r(32,52)
23; 21; d(34) d(27) d(31) d(35) d(28) r(31,34) a(34,36) r(34,36) a(35,177) a(1,170) d(27) d(31) d(25) a(35,46) r(35,70) r(33,135) r(3,50)
24; 24, 30; a(34,82) d(28) r(34,95) d(28) r(28,53) d(25)
25; 24, 30; r(33,135) d(2) d(32) d(31) r(1,64) a(2,134) a(35,138)
26; 24; a(34,82) d(28) r(34,95) d(28) a(2,134) a(35,138)
27; 30; r(33,135) d(2) d(32) d(31) r(1,64) r(28,53) d(25)
28; 36; a(34,82) a(25,60) d(35) d(25) a(28,52) d(28) r(34,95) r(31,34) a(34,36) r(2,31) d(27) d(35) a(25,138) a(33,52) d(33)
29; 29; d(34) a(35,130) a(25,60) d(35) d(28) d(31) a(35,177) a(1,170) r(32,50) d(31) r(1,64) r(28,53) d(25) d(33)
30; 23; d(34) a(28,52) a(35,80) r(34,35) a(32,138) a(35,178) d(35) d(28) r(25,176)
31; 21; d(34) d(27) d(31) d(35) d(28) r(31,34) a(34,36) r(34,36) a(35,177) a(1,170) d(27) d(31) d(25) a(35,46) r(35,70) r(33,135) r(3,50)
32; 50; a(34,82) d(28) r(34,95) r(31,34) a(34,36) r(2,31) d(27) d(35) a(25,138) d(32) d(33)
33; 0; r(33,78) a(28,148) r(32,170) d(28) r(1,177) r(25,176)
34; 3, 32; a(34,82) d(28) r(34,95) r(31,34) a(34,36) r(2,31) d(27) d(35) a(1,105) d(35) d(27) r(31,84) a(32,135)
35; 3, 32; r(3,60) r(33,164) a(1,170) a(25,138) d(32) a(25,80)
36; 3; a(34,82) d(28) r(34,95) r(31,34) a(34,36) r(2,31) d(27) d(35) a(25,138) d(32) a(25,80)
37; 32; r(3,60) r(33,164) a(1,170) a(1,105) d(35) d(27) r(31,84) a(32,135)
38; 17, 26; r(33,135) d(2) d(32) d(31) r(1,64) r(1,25) r(31,62)
39; 17, 26; r(3,60) r(33,164) a(28,52) a(32,37) d(33) a(27,138) r(28,53) d(25)
40; 17; r(33,135) d(2) d(32) d(31) r(1,64) r(28,53) d(25)
41; 26; r(3,60) r(33,164) a(28,52) a(32,37) d(33) a(27,138) r(1,25) r(31,62)
42; 44; d(34) a(28,52) a(35,112) d(28) r(34,95) d(28) r(31,34) a(34,36) r(34,36) a(35,177) a(1,170) r(25,135) r(35,54) a(2,87) a(33,32)
43; 22; a(34,82) d(28) r(34,95) a(35,80) r(2,31) a(1,105) d(35) d(27) a(1,37) a(25,148)
44; 53, 33; r(3,60) r(33,164) a(28,52) d(31) a(34,36) r(34,36) a(28,47) a(28,97) r(28,105) r(32,46) d(25)
45; 53, 33; r(3,60) r(33,164) a(28,52) d(31) a(25,62) a(35,177) r(32,65) d(1)
46; 53; r(3,60) r(33,164) a(28,52) d(31) a(34,36) r(34,36) a(35,177) r(32,65) d(1)
47; 33; r(3,60) r(33,164) a(28,52) d(31) a(25,62) a(28,47) a(28,97) r(28,105) r(32,46) d(25)
48; 8; r(3,60) r(33,164) a(28,52) d(31) a(35,177) a(1,170) r(32,50) a(28,99) d(25) r(1,47)
49; 44; d(34) a(28,52) a(35,112) d(28) r(34,95) d(28) r(31,34) a(34,36) r(34,36) a(35,177) a(1,170) r(25,135) r(35,54) a(2,87) a(33,32)
50; 1, 13; a(34,82) a(25,60) d(35) d(25) a(28,52) a(35,112) r(25,60) r(34,36) a(35,177) a(1,170) a(32,48) r(25,60) d(35) r(33,77) a(1,57) a(28,32) r(32,158)
51; 1, 13; a(34,82) a(1,170) r(2,78) d(31)
52; 1; a(34,82) a(25,60) d(35) d(25) a(28,52) a(35,112) r(25,60) r(34,36) a(35,177) a(1,170) a(32,48) a(1,170) r(2,78) d(31)
53; 13; a(34,82) r(25,60) d(35) r(33,77) a(1,57) a(28,32) r(32,158)
54; 16; d(34) a(35,130) a(25,60) d(35) d(28) d(31) a(35,177) a(1,170) r(32,50) a(28,99) a(33,38) a(1,82)
55; 13; a(34,82) r(25,60) d(35) r(33,77) a(1,57) a(28,32) r(32,158)
--------------------------------------------------------------------------------
Mutation

0; r(33,78) a(35,177) a(1,170) r(25,135) r(35,54) a(2,87) a(33,32) r(2,51)
1; d(34) a(28,52) a(35,112) d(28) r(34,95) d(28) r(31,34) a(34,36) r(34,36) a(28,148) r(32,170) d(28) r(1,177) r(25,176) r(35,36)
2; r(33,78) a(28,148) r(32,170) d(28) r(1,177) r(25,176)
3; d(34) a(28,52) a(35,112) d(28) r(34,95) d(28) r(31,34) a(34,36) r(34,36) a(35,177) a(1,170) r(25,135) r(35,54) a(2,87) a(33,32) d(3)
4; r(3,60) r(33,164) a(1,170) a(1,105) d(35) d(27) r(31,84) a(32,135) a(2,28)
5; d(34) a(35,130) a(25,60) d(35) d(28) d(31) r(1,64) r(28,53) d(25) a(33,134) r(32,45)
6; a(34,82) d(28) r(34,95) r(31,34) a(34,36) r(2,31) d(27) d(35) a(25,138) d(32) d(33) d(1)
7; a(34,82) a(25,60) d(35) d(25) a(28,52) d(28) r(34,95) r(31,34) a(34,36) r(2,31) d(27) d(35) a(25,138) a(33,52) d(33) d(1)
8; r(3,60) r(33,164) a(28,52) d(31) d(25) d(1) r(32,177) a(28,51) a(28,65)
9; d(34) a(35,130) a(25,60) d(35) d(28) d(31) r(1,64) r(28,53) d(25) a(33,134) a(32,105)
10; d(34) d(27) d(31) a(28,52) d(31) a(35,177) a(1,170) r(32,50) r(33,77) r(1,99) a(28,176) d(25) d(28)
11; r(3,60) r(33,164) d(35) d(28) r(31,34) a(34,36) r(34,36) a(35,177) a(1,170) d(27) d(31) d(25) a(35,46) r(35,70) r(33,135) r(3,50) r(1,53)
12; d(34) d(27) d(31) d(35) d(28) r(31,34) a(34,36) r(34,36) a(35,177) a(1,170) d(27) d(31) d(25) a(35,46) r(35,70) r(33,135) r(3,50) a(1,32)
13; r(3,60) r(33,164) a(28,52) d(31) a(35,177) a(1,170) r(32,50) r(33,77) r(1,99) a(28,176) d(25) a(28,135)
14; r(3,60) r(33,164) a(1,170) r(28,45) a(27,78) r(1,177) a(25,62) a(28,47) a(28,97) a(28,52) d(31) a(35,177) a(1,170) r(32,50) a(28,99) d(1) r(25,47)
15; r(3,60) r(33,164) a(27,32) a(32,108) d(32) a(31,135)
16; r(3,60) r(33,164) a(1,170) r(28,45) a(27,78) r(1,177) a(25,62) a(28,47) a(28,97) a(27,32) a(32,108) d(32) d(25)
17; r(3,60) r(33,164) a(28,52) d(31) a(35,177) a(1,170) r(32,50) a(28,99) d(1) r(25,47) d(28)
18; a(34,82) a(25,60) d(35) d(25) a(28,52) a(35,112) r(25,60) r(34,36) a(35,177) a(1,170) a(32,48) a(1,170) r(2,78) d(31) d(32)
19; a(34,82) d(28) r(34,95) d(28) a(2,134) a(35,138) a(2,38)
20; a(34,82) d(28) r(34,95) a(35,80) r(2,31) a(1,105) d(35) d(27) a(1,37) a(25,148) r(1,108)
21; r(3,60) r(33,164) a(28,52) d(31) d(25) d(1) r(32,177) a(28,35) a(28,50)
22; r(3,60) r(33,164) a(28,52) d(31) d(25) r(34,57) d(28) d(2) d(1) a(32,112) a(32,87) d(35) r(33,77) a(1,57) a(28,32) r(32,52)
23; d(34) d(27) d(31) d(35) d(28) r(31,34) a(34,36) r(34,36) a(35,177) a(1,170) d(27) d(31) d(25) a(35,46) r(35,70) r(33,135) r(3,50) a(2,38)
24; a(34,82) d(28) r(34,95) d(28) r(28,53) d(25) a(3,77)
25; r(33,135) d(2) d(32) d(31) r(1,64) a(2,134) a(35,138) a(25,57)
26; a(34,82) d(28) r(34,95) d(28) a(2,134) a(35,138) a(3,134)
27; r(33,135) d(2) d(32) d(31) r(1,64) r(28,53) d(25)
28; a(34,82) a(25,60) d(35) d(25) a(28,52) d(28) r(34,95) r(31,34) a(34,36) r(2,31) d(27) d(35) a(25,138) a(33,52) d(33) r(32,33)
29; d(34) a(35,130) a(25,60) d(35) d(28) d(31) a(35,177) a(1,170) r(32,50) d(31) r(1,64) r(28,53) d(25) d(33)
30; d(34) a(28,52) a(35,80) r(34,35) a(32,138) a(35,178) d(35) d(28) r(25,176) r(33,130)
31; d(34) d(27) d(31) d(35) d(28) r(31,34) a(34,36) r(34,36) a(35,177) a(1,170) d(27) d(31) d(25) a(35,46) r(35,70) r(33,135) r(3,50) d(1)
32; a(34,82) d(28) r(34,95) r(31,34) a(34,36) r(2,31) d(27) d(35) a(25,138) d(32) d(33) a(25,32)
33; r(33,78) a(28,148) r(32,170) d(28) r(1,177) r(25,176)
34; a(34,82) d(28) r(34,95) r(31,34) a(34,36) r(2,31) d(27) d(35) a(1,105) d(35) d(27) r(31,84) a(32,135) a(33,178)
35; r(3,60) r(33,164) a(1,170) a(25,138) d(32) a(25,80) r(25,87)
36; a(34,82) d(28) r(34,95) r(31,34) a(34,36) r(2,31) d(27) d(35) a(25,138) d(32) a(25,80) a(1,97)
37; r(3,60) r(33,164) a(1,170) a(1,105) d(35) d(27) r(31,84) a(32,135) r(1,57)
38; r(33,135) d(2) d(32) d(31) r(1,64) r(1,25) r(31,62) a(28,112)
39; r(3,60) r(33,164) a(28,52) a(32,37) d(33) a(27,138) r(28,53) d(25) d(1)
40; r(33,135) d(2) d(32) d(31) r(1,64) r(28,53) d(25)
41; r(3,60) r(33,164) a(28,52) a(32,37) d(33) a(27,138) r(1,25) r(31,62) r(27,97)
42; d(34) a(28,52) a(35,112) d(28) r(34,95) d(28) r(31,34) a(34,36) r(34,36) a(35,177) a(1,170) r(25,135) r(35,54) a(2,87) a(33,32) d(2)
43; a(34,82) d(28) r(34,95) a(35,80) r(2,31) a(1,105) d(35) d(27) a(1,37) a(25,148) a(25,130)
44; r(3,60) r(33,164) a(28,52) d(31) a(34,36) r(34,36) a(28,47) a(28,97) r(28,105) r(32,46) d(25) d(2)
45; r(3,60) r(33,164) a(28,52) d(31) a(25,62) a(35,177) r(32,65) d(1) r(27,53)
46; r(3,60) r(33,164) a(28,52) d(31) a(34,36) r(34,36) a(35,177) r(32,65) d(1) r(27,36)
47; r(3,60) r(33,164) a(28,52) d(31) a(25,62) a(28,47) a(28,97) r(28,105) r(32,46) d(25) a(1,84)
48; r(3,60) r(33,164) a(28,52) d(31) a(35,177) a(1,170) r(32,50) a(28,99) d(25) r(1,47) d(28)
49; d(34) a(28,52) a(35,112) d(28) r(34,95) d(28) r(31,34) a(34,36) r(34,36) a(35,177) a(1,170) r(25,135) r(35,54) a(2,87) a(33,32) r(3,54)
50; a(34,82) a(25,60) d(35) d(25) a(28,52) a(35,112) r(25,60) r(34,36) a(35,177) a(1,170) a(32,48) r(25,60) d(35) r(33,77) a(1,57) a(28,32) r(32,158) a(1,62)
51; a(34,82) a(1,170) r(2,78) d(31) a(34,1)
52; a(34,82) a(25,60) d(35) d(25) a(28,52) a(35,112) r(25,60) r(34,36) a(35,177) a(1,170) a(32,48) a(1,170) r(2,78) d(31) d(28)
53; a(34,82) r(25,60) d(35) r(33,77) a(1,57) a(28,32) r(32,158) d(28)
54; d(34) a(35,130) a(25,60) d(35) d(28) d(31) a(35,177) a(1,170) r(32,50) a(28,99) a(33,38) a(1,82) d(2)
55; a(34,82) r(25,60) d(35) r(33,77) a(1,57) a(28,32) r(32,158) d(3)
--------------------------------------------------------------------------------
Evaluation

0; 0.
1; 0.
2; 0.
3; 0.
4; 0.
5; 0.
6; 0.
7; 0.
8; 0.
9; 0.
10; 0.
11; 0.
12; 0.
13; 0.
14; 0.
15; 0.
16; 0.
17; 0.
18; 0.
19; 0.
20; 12.
21; 0.
22; 0.
23; 0.
24; 0.
25; 0.
26; 0.
27; 0.
28; 0.
29; 0.
30; 0.
31; 0.
32; 0.
33; 0.
34; 0.
35; 0.
36; 0.
37; 12.
38; 0.
39; 0.
40; 0.
41; 0.
42; 0.
43; 0.
44; 0.
45; 0.
46; 0.
47; 0.
48; 0.
49; 0.
50; 0.
51; 0.
52; 0.
53; 0.
54; 0.
55; 0.
