================================================================================
Enclosure

1: 0
2: 1
3: 2
4: 3
7: 1
8: 7
10: 0
12: 0
14: 0
15: 0
16: 15
17: 15
22: 7
23: 1
24: 1
25: 0
26: 25
27: 25
28: 0
29: 28
30: 28
31: 28
32: 0
33: 0
34: 33
35: 33
36: 33
37: 0
38: 0
39: 38
40: 38
41: 40
42: 40
43: 40
44: 38
45: 0
46: 0
47: 0
48: 0
49: 0
50: 49
51: 49
52: 49
53: 52
54: 52
55: 52
56: 55
57: 56
60: 49
61: 49
62: 61
64: 49
65: 49
67: 0
69: 67
70: 0
72: 0
75: 49
76: 0
77: 0
78: 77
79: 77
80: 79
82: 77
83: 77
84: 83
85: 83
86: 77
87: 77
89: 0
90: 0
94: 0
95: 94
96: 94
97: 96
99: 94
100: 94
102: 0
105: 0
106: 0
107: 106
108: 107
110: 106
111: 110
112: 110
113: 106
114: 106
115: 0
116: 115
117: 115
118: 117
119: 117
120: 119
121: 119
122: 117
123: 115
124: 0
125: 0
126: 0
127: 126
128: 126
129: 126
130: 129
132: 126
133: 126
134: 133
135: 133
136: 126
138: 136
139: 126
140: 126
141: 126
142: 0
143: 142
144: 143
146: 142
147: 0
148: 0
149: 0
150: 0
151: 150
152: 150
153: 150
154: 150
155: 150
156: 155
158: 155
159: 150
160: 159
161: 159
162: 161
164: 159
165: 150
166: 165
167: 165
168: 167
169: 167
170: 165
171: 150
172: 150
173: 150
174: 173
176: 173
177: 150
178: 0
================================================================================
Initialisation

0; r(35,49); 4.
1; d(31); 0.
2; r(32,69); 0.
3; a(35,32); 4.
4; a(35,51); 4.
5; a(2,3); 4.
6; a(34,138); 4.
7; r(34,48); 4.
8; a(34,62); 4.
9; a(35,27); 4.
10; d(3); 12.
11; r(34,38); 4.
12; a(1,78); 0.
13; r(35,158); 4.
14; r(32,87); 0.
15; a(32,105); 12.
16; a(35,35); 4.
17; d(35); 4.
18; d(35); 4.
19; r(32,1); 0.
20; a(28,44); 4.
21; a(35,54); 4.
22; a(34,100); 4.
23; a(35,35); 4.
24; r(33,69); 4.
25; r(2,34); 0.
26; d(34); 4.
27; r(35,83); 4.
28; r(34,84); 4.
29; d(34); 4.
30; a(35,178); 4.
31; r(35,170); 4.
32; r(28,112); 0.
33; r(2,44); 0.
34; r(25,86); 4.
35; d(35); 4.
36; d(34); 4.
37; a(35,62); 4.
38; r(34,33); 4.
39; original; 4.
================================================================================
Generation 1

--------------------------------------------------------------------------------
Selection

0; 23
1; 14
2; 33
3; 12
4; 16
5; 18
6; 36
7; 6
8; 16
9; 8
10; 12
11; 27
12; 19
13; 2
14; 30
15; 35
16; 11
17; 24
18; 32
19; 14
20; 26
21; 18
22; 31
23; 33
24; 31
25; 4
26; 0
27; 2
28; 28
29; 6
30; 35
31; 1
32; 7
33; 27
34; 25
35; 2
36; 14
37; 39
38; 31
39; 33
--------------------------------------------------------------------------------
Crossover

0; 33, 27; r(2,44)
1; 33, 27; r(35,83)
2; 33; r(2,44)
3; 27; r(35,83)
4; 1; d(31)
5; 31; r(35,170)
6; 2; r(32,69)
7; 11; r(34,38)
8; 35; d(35)
9; 16; a(35,35)
10; 33, 2; r(2,44)
11; 33, 2; r(32,69)
12; 33; r(2,44)
13; 2; r(32,69)
14; 12, 27; a(1,78)
15; 12, 27; r(35,83)
16; 12; a(1,78)
17; 27; r(35,83)
18; 12, 19; a(1,78)
19; 12, 19; r(32,1)
20; 12; a(1,78)
21; 19; r(32,1)
22; 14; r(32,87)
23; 18; d(35)
24; 6; a(34,138)
25; 28; r(34,84)
26; 39; original
27; 32; r(28,112)
28; 31; r(35,170)
29; 18; d(35)
30; 2; r(32,69)
31; 31; r(35,170)
32; 36; d(34)
33; 26; d(34)
34; 7, 16; r(34,48)
35; 7, 16; a(35,35)
36; 7; r(34,48)
37; 16; a(35,35)
38; 35, 24; d(35)
39; 35, 24; r(33,69)
40; 35; d(35)
41; 24; r(33,69)
42; 0; r(35,49)
43; 25; r(2,34)
44; 30, 8; a(35,178)
45; 30, 8; a(34,62)
46; 30; a(35,178)
47; 8; a(34,62)
48; 23; a(35,35)
49; 33; r(2,44)
50; 4, 14; a(35,51)
51; 4, 14; r(32,87)
52; 4; a(35,51)
53; 14; r(32,87)
54; 6; a(34,138)
55; 14; r(32,87)
--------------------------------------------------------------------------------
Mutation

0; r(2,44) d(35)
1; r(35,83) d(33)
2; r(2,44) a(34,35)
3; r(35,83) r(34,37)
4; d(31) a(3,70)
5; r(35,170) r(34,52)
6; r(32,69) d(34)
7; r(34,38) r(25,138)
8; d(35) r(28,60)
9; a(35,35) r(35,44)
10; r(2,44) d(34)
11; r(32,69) r(35,158)
12; r(2,44) a(35,135)
13; r(32,69) r(2,54)
14; a(1,78) r(25,138)
15; r(35,83) d(34)
16; a(1,78) a(34,36)
17; r(35,83) d(33)
18; a(1,78) a(31,78)
19; r(32,1) a(34,37)
20; a(1,78) r(34,25)
21; r(32,1) a(34,47)
22; r(32,87) r(35,54)
23; d(35) a(34,77)
24; a(34,138) a(35,82)
25; r(34,84) a(35,36)
26; r(34,80)
27; r(28,112) d(34)
28; r(35,170) d(34)
29; d(35) d(28)
30; r(32,69) d(35)
31; r(35,170) a(34,57)
32; d(34) r(35,105)
33; d(34) r(35,80)
34; r(34,48) a(28,51)
35; a(35,35) d(34)
36; r(34,48) r(35,135)
37; a(35,35) a(31,70)
38; d(35) r(34,86)
39; r(33,69) d(1)
40; d(35) a(31,77)
41; r(33,69) a(27,177)
42; r(35,49) d(34)
43; r(2,34) a(31,138)
44; a(35,178) a(34,76)
45; a(34,62) r(31,177)
46; a(35,178) r(34,177)
47; a(34,62) a(3,27)
48; a(35,35) d(28)
49; r(2,44) d(35)
50; a(35,51) d(35)
51; r(32,87) a(35,69)
52; a(35,51) d(27)
53; r(32,87) a(27,170)
54; a(34,138) r(27,44)
55; r(32,87) d(35)
--------------------------------------------------------------------------------
Evaluation

0; 0.
1; 4.
2; 0.
3; 4.
4; 0.
5; 4.
6; 0.
7; 4.
8; 0.
9; 4.
10; 0.
11; 0.
12; 0.
13; 0.
14; 0.
15; 4.
16; 0.
17; 4.
18; 0.
19; 0.
20; 0.
21; 0.
22; 0.
23; 4.
24; 4.
25; 4.
26; 4.
27; 0.
28; 4.
29; 0.
30; 0.
31; 4.
32; 4.
33; 4.
34; 0.
35; 4.
36; 4.
37; 4.
38; 4.
39; 4.
40; 0.
41; 4.
42; 4.
43; 0.
44; 4.
45; 0.
46; 4.
47; 4.
48; 0.
49; 0.
50; 4.
51; 0.
52; 4.
53; 0.
54; 4.
55; 0.
================================================================================
Generation 2

--------------------------------------------------------------------------------
Selection

0; 18
1; 52
2; 10
3; 4
4; 20
5; 45
6; 8
7; 55
8; 32
9; 11
10; 8
11; 0
12; 1
13; 30
14; 1
15; 28
16; 13
17; 7
18; 43
19; 51
20; 4
21; 41
22; 18
23; 55
24; 53
25; 39
26; 42
27; 43
28; 2
29; 40
30; 33
31; 4
32; 29
33; 29
34; 21
35; 48
36; 47
37; 8
38; 33
39; 19
--------------------------------------------------------------------------------
Crossover

0; 21, 39; r(32,1)
1; 21, 39; r(33,69) d(1) a(34,47)
2; 21; r(32,1) a(34,47)
3; 39; r(33,69) d(1)
4; 8, 11; d(35) r(35,158)
5; 8, 11; r(32,69) r(28,60)
6; 8; d(35) r(28,60)
7; 11; r(32,69) r(35,158)
8; 13; r(32,69) r(2,54)
9; 29; d(35) d(28)
10; 32; d(34) r(35,105)
11; 1; r(35,83) d(33)
12; 45, 4; a(34,62) r(31,177) a(3,70)
13; 45, 4; d(31)
14; 45; a(34,62) r(31,177)
15; 4; d(31) a(3,70)
16; 29; d(35) d(28)
17; 8; d(35) r(28,60)
18; 0; r(2,44) d(35)
19; 4; d(31) a(3,70)
20; 43, 33; r(2,34) a(31,138) r(35,80)
21; 43, 33; d(34)
22; 43; r(2,34) a(31,138)
23; 33; d(34) r(35,80)
24; 4; d(31) a(3,70)
25; 47; a(34,62) a(3,27)
26; 55, 42; r(32,87) d(35) d(34)
27; 55, 42; r(35,49)
28; 55; r(32,87) d(35)
29; 42; r(35,49) d(34)
30; 48; a(35,35) d(28)
31; 30; r(32,69) d(35)
32; 33; d(34) r(35,80)
33; 2; r(2,44) a(34,35)
34; 8, 55; d(35) r(28,60)
35; 8, 55; r(32,87) d(35)
36; 8; d(35) r(28,60)
37; 55; r(32,87) d(35)
38; 40, 18; d(35) a(31,77)
39; 40, 18; a(1,78) a(31,78)
40; 40; d(35) a(31,77)
41; 18; a(1,78) a(31,78)
42; 43; r(2,34) a(31,138)
43; 41; r(33,69) a(27,177)
44; 10, 28; r(2,44)
45; 10, 28; r(35,170) d(34) d(34)
46; 10; r(2,44) d(34)
47; 28; r(35,170) d(34)
48; 51, 19; r(32,87) a(35,69)
49; 51, 19; r(32,1) a(34,37)
50; 51; r(32,87) a(35,69)
51; 19; r(32,1) a(34,37)
52; 52; a(35,51) d(27)
53; 7; r(34,38) r(25,138)
54; 53; r(32,87) a(27,170)
55; 1; r(35,83) d(33)
56; 18, 20; a(1,78) a(31,78)
57; 18, 20; a(1,78) r(34,25)
58; 18; a(1,78) a(31,78)
59; 20; a(1,78) r(34,25)
--------------------------------------------------------------------------------
Mutation

0; r(32,1) a(35,51)
1; r(33,69) d(1) a(34,47) d(31)
2; r(32,1) a(34,47) r(35,48)
3; r(33,69) d(1) d(28)
4; d(35) r(35,158) r(34,76)
5; r(32,69) r(28,60) r(34,57)
6; d(35) r(28,60) r(1,60)
7; r(32,69) r(35,158) a(34,97)
8; r(32,69) r(2,54) r(27,48)
9; d(35) d(28) r(34,80)
10; d(34) r(35,105) r(3,86)
11; r(35,83) d(33) a(28,148)
12; a(34,62) r(31,177) a(3,70) r(32,105)
13; d(31) a(34,84)
14; a(34,62) r(31,177) d(34)
15; d(31) a(3,70) d(35)
16; d(35) d(28) a(34,45)
17; d(35) r(28,60) a(34,28)
18; r(2,44) d(35) a(34,87)
19; d(31) a(3,70) d(1)
20; r(2,34) a(31,138) r(35,80) r(27,52)
21; d(34) a(35,112)
22; r(2,34) a(31,138) r(31,94)
23; d(34) r(35,80) r(27,47)
24; d(31) a(3,70) r(3,57)
25; a(34,62) a(3,27) r(34,49)
26; r(32,87) d(35) d(34) d(31)
27; r(35,49) d(27)
28; r(32,87) d(35) r(2,170)
29; r(35,49) d(34) a(3,96)
30; a(35,35) d(28) r(33,76)
31; r(32,69) d(35) a(33,57)
32; d(34) r(35,80) r(3,31)
33; r(2,44) a(34,35) r(34,38)
34; d(35) r(28,60) r(1,177)
35; r(32,87) d(35) r(34,33)
36; d(35) r(28,60) r(1,138)
37; r(32,87) d(35) a(34,69)
38; d(35) a(31,77) d(28)
39; a(1,78) a(31,78) r(35,134)
40; d(35) a(31,77) r(34,135)
41; a(1,78) a(31,78) d(35)
42; r(2,34) a(31,138) a(35,94)
43; r(33,69) a(27,177) r(28,112)
44; r(2,44) d(35)
45; r(35,170) d(34) d(34) a(32,99)
46; r(2,44) d(34) a(35,170)
47; r(35,170) d(34) r(3,108)
48; r(32,87) a(35,69) d(34)
49; r(32,1) a(34,37) a(35,44)
50; r(32,87) a(35,69) a(35,108)
51; r(32,1) a(34,37) a(28,62)
52; a(35,51) d(27) a(34,99)
53; r(34,38) r(25,138) a(35,130)
54; r(32,87) a(27,170) d(27)
55; r(35,83) d(33) r(32,57)
56; a(1,78) a(31,78) r(34,45)
57; a(1,78) r(34,25) a(35,33)
58; a(1,78) a(31,78) a(35,80)
59; a(1,78) r(34,25) r(27,134)
--------------------------------------------------------------------------------
Evaluation

0; 0.
1; 0.
2; 0.
3; 0.
4; 4.
5; 0.
6; 0.
7; 0.
8; 0.
9; 0.
10; 12.
11; 0.
12; 12.
13; 0.
14; 0.
15; 0.
16; 0.
17; 0.
18; 0.
19; 0.
20; 0.
21; 4.
22; 0.
23; 0.
24; 12.
25; 4.
26; 0.
27; 4.
28; 0.
29; 4.
30; 0.
31; 0.
32; 12.
33; 0.
34; 0.
35; 0.
36; 0.
37; 0.
38; 0.
39; 0.
40; 0.
41; 0.
42; 0.
43; 0.
44; 0.
45; 4.
46; 0.
47; 12.
48; 0.
49; 0.
50; 0.
51; 0.
52; 4.
53; 4.
54; 0.
55; 0.
56; 0.
57; 0.
58; 0.
59; 0.
================================================================================
Generation 3

--------------------------------------------------------------------------------
Selection

0; 8
1; 59
2; 58
3; 58
4; 14
5; 36
6; 46
7; 2
8; 54
9; 54
10; 49
11; 39
12; 53
13; 37
14; 7
15; 46
16; 44
17; 41
18; 39
19; 40
20; 20
21; 42
22; 48
23; 38
24; 26
25; 22
26; 25
27; 36
28; 17
29; 46
30; 30
31; 18
32; 31
33; 28
34; 39
35; 56
36; 27
37; 39
38; 15
39; 7
--------------------------------------------------------------------------------
Crossover

0; 36, 56; d(35) r(28,60)
1; 36, 56; a(1,78) a(31,78) r(34,45) r(1,138)
2; 36; d(35) r(28,60) r(1,138)
3; 56; a(1,78) a(31,78) r(34,45)
4; 36, 42; d(35) r(28,60) r(1,138)
5; 36, 42; r(2,34) a(31,138) a(35,94)
6; 36; d(35) r(28,60) r(1,138)
7; 42; r(2,34) a(31,138) a(35,94)
8; 20, 15; r(2,34) a(31,138) r(35,80) a(3,70) d(35)
9; 20, 15; d(31) r(27,52)
10; 20; r(2,34) a(31,138) r(35,80) r(27,52)
11; 15; d(31) a(3,70) d(35)
12; 49, 54; r(32,1) a(34,37) a(27,170) d(27)
13; 49, 54; r(32,87) a(35,44)
14; 49; r(32,1) a(34,37) a(35,44)
15; 54; r(32,87) a(27,170) d(27)
16; 39, 25; a(1,78) a(31,78) r(35,134) r(34,49)
17; 39, 25; a(34,62) a(3,27)
18; 39; a(1,78) a(31,78) r(35,134)
19; 25; a(34,62) a(3,27) r(34,49)
20; 39, 30; a(1,78) a(31,78) r(35,134) d(28) r(33,76)
21; 39, 30; a(35,35)
22; 39; a(1,78) a(31,78) r(35,134)
23; 30; a(35,35) d(28) r(33,76)
24; 7; r(32,69) r(35,158) a(34,97)
25; 58; a(1,78) a(31,78) a(35,80)
26; 22; r(2,34) a(31,138) r(31,94)
27; 40; d(35) a(31,77) r(34,135)
28; 54, 58; r(32,87) a(27,170)
29; 54, 58; a(1,78) a(31,78) a(35,80) d(27)
30; 54; r(32,87) a(27,170) d(27)
31; 58; a(1,78) a(31,78) a(35,80)
32; 59; a(1,78) r(34,25) r(27,134)
33; 27; r(35,49) d(27)
34; 2, 7; r(32,1) a(34,47)
35; 2, 7; r(32,69) r(35,158) a(34,97) r(35,48)
36; 2; r(32,1) a(34,47) r(35,48)
37; 7; r(32,69) r(35,158) a(34,97)
38; 41, 28; a(1,78) a(31,78)
39; 41, 28; r(32,87) d(35) r(2,170) d(35)
40; 41; a(1,78) a(31,78) d(35)
41; 28; r(32,87) d(35) r(2,170)
42; 53; r(34,38) r(25,138) a(35,130)
43; 44; r(2,44) d(35)
44; 38; d(35) a(31,77) d(28)
45; 48; r(32,87) a(35,69) d(34)
46; 46; r(2,44) d(34) a(35,170)
47; 39; a(1,78) a(31,78) r(35,134)
48; 17, 31; d(35) r(28,60) a(34,28) a(33,57)
49; 17, 31; r(32,69) d(35)
50; 17; d(35) r(28,60) a(34,28)
51; 31; r(32,69) d(35) a(33,57)
52; 46; r(2,44) d(34) a(35,170)
53; 46; r(2,44) d(34) a(35,170)
54; 18; r(2,44) d(35) a(34,87)
55; 14; a(34,62) r(31,177) d(34)
56; 39, 37; a(1,78) a(31,78) r(35,134)
57; 39, 37; r(32,87) d(35) a(34,69)
58; 39; a(1,78) a(31,78) r(35,134)
59; 37; r(32,87) d(35) a(34,69)
60; 8, 26; r(32,69) r(2,54) r(27,48) d(34) d(31)
61; 8, 26; r(32,87) d(35)
62; 8; r(32,69) r(2,54) r(27,48)
63; 26; r(32,87) d(35) d(34) d(31)
--------------------------------------------------------------------------------
Mutation

0; d(35) r(28,60) d(25)
1; a(1,78) a(31,78) r(34,45) r(1,138) d(35)
2; d(35) r(28,60) r(1,138) a(34,35)
3; a(1,78) a(31,78) r(34,45) d(25)
4; d(35) r(28,60) r(1,138) r(34,51)
5; r(2,34) a(31,138) a(35,94) r(34,32)
6; d(35) r(28,60) r(1,138) r(33,94)
7; r(2,34) a(31,138) a(35,94) d(33)
8; r(2,34) a(31,138) r(35,80) a(3,70) d(35) a(33,138)
9; d(31) r(27,52) a(34,65)
10; r(2,34) a(31,138) r(35,80) r(27,52) a(25,83)
11; d(31) a(3,70) d(35) r(34,105)
12; r(32,1) a(34,37) a(27,170) d(27) a(33,46)
13; r(32,87) a(35,44) a(35,34)
14; r(32,1) a(34,37) a(35,44) d(34)
15; r(32,87) a(27,170) d(27) a(34,69)
16; a(1,78) a(31,78) r(35,134) r(34,49) r(32,44)
17; a(34,62) a(3,27) r(35,32)
18; a(1,78) a(31,78) r(35,134) d(3)
19; a(34,62) a(3,27) r(34,49) d(35)
20; a(1,78) a(31,78) r(35,134) d(28) r(33,76) a(32,76)
21; a(35,35) r(34,54)
22; a(1,78) a(31,78) r(35,134) d(34)
23; a(35,35) d(28) r(33,76) r(1,44)
24; r(32,69) r(35,158) a(34,97) d(33)
25; a(1,78) a(31,78) a(35,80) d(34)
26; r(2,34) a(31,138) r(31,94) r(35,134)
27; d(35) a(31,77) r(34,135) r(2,97)
28; r(32,87) a(27,170) d(35)
29; a(1,78) a(31,78) a(35,80) d(27) a(35,138)
30; r(32,87) a(27,170) d(27) a(25,54)
31; a(1,78) a(31,78) a(35,80) d(34)
32; a(1,78) r(34,25) r(27,134) a(25,62)
33; r(35,49) d(27) r(34,84)
34; r(32,1) a(34,47) d(34)
35; r(32,69) r(35,158) a(34,97) r(35,48) d(33)
36; r(32,1) a(34,47) r(35,48) a(34,32)
37; r(32,69) r(35,158) a(34,97) r(34,158)
38; a(1,78) a(31,78) r(34,138)
39; r(32,87) d(35) r(2,170) d(35) a(1,99)
40; a(1,78) a(31,78) d(35) r(34,80)
41; r(32,87) d(35) r(2,170) a(34,170)
42; r(34,38) r(25,138) a(35,130) r(32,135)
43; r(2,44) d(35) r(31,82)
44; d(35) a(31,77) d(28) r(34,164)
45; r(32,87) a(35,69) d(34) d(2)
46; r(2,44) d(34) a(35,170) a(35,108)
47; a(1,78) a(31,78) r(35,134) r(34,53)
48; d(35) r(28,60) a(34,28) a(33,57) a(34,45)
49; r(32,69) d(35) a(34,99)
50; d(35) r(28,60) a(34,28) a(27,44)
51; r(32,69) d(35) a(33,57) d(34)
52; r(2,44) d(34) a(35,170) d(1)
53; r(2,44) d(34) a(35,170) a(32,34)
54; r(2,44) d(35) a(34,87) r(31,49)
55; a(34,62) r(31,177) d(34) d(2)
56; a(1,78) a(31,78) r(35,134) d(34)
57; r(32,87) d(35) a(34,69) d(27)
58; a(1,78) a(31,78) r(35,134) d(34)
59; r(32,87) d(35) a(34,69) d(34)
60; r(32,69) r(2,54) r(27,48) d(34) d(31) r(25,176)
61; r(32,87) d(35) d(34)
62; r(32,69) r(2,54) r(27,48) d(35)
63; r(32,87) d(35) d(34) d(31) r(2,96)
--------------------------------------------------------------------------------
Evaluation

0; 0.
1; 0.
2; 0.
3; 0.
4; 0.
5; 0.
6; 0.
7; 0.
8; 0.
9; 0.
10; 0.
11; 12.
12; 0.
13; 0.
14; 0.
15; 0.
16; 0.
17; 4.
18; 0.
19; 4.
20; 0.
21; 4.
22; 0.
23; 0.
24; 0.
25; 0.
26; 0.
27; 0.
28; 0.
29; 0.
30; 0.
31; 0.
32; 0.
33; 4.
34; 0.
35; 0.
36; 4.
37; 0.
38; 0.
39; 0.
40; 0.
41; 0.
42; 0.
43; 0.
44; 0.
45; 0.
46; 0.
47; 0.
48; 0.
49; 0.
50; 0.
51; 0.
52; 4.
53; 0.
54; 0.
55; 0.
56; 0.
57; 0.
58; 0.
59; 0.
60; 0.
61; 0.
62; 0.
63; 0.
================================================================================
Generation 4

--------------------------------------------------------------------------------
Selection

0; 14
1; 59
2; 32
3; 39
4; 2
5; 47
6; 34
7; 59
8; 10
9; 13
10; 39
11; 41
12; 7
13; 23
14; 63
15; 46
16; 62
17; 3
18; 54
19; 5
20; 10
21; 59
22; 51
23; 7
24; 57
25; 31
26; 22
27; 8
28; 54
29; 37
30; 26
31; 13
32; 45
33; 30
34; 26
35; 10
36; 24
37; 39
38; 62
39; 5
--------------------------------------------------------------------------------
Crossover

0; 10; r(2,34) a(31,138) r(35,80) r(27,52) a(25,83)
1; 45; r(32,87) a(35,69) d(34) d(2)
2; 63; r(32,87) d(35) d(34) d(31) r(2,96)
3; 39; r(32,87) d(35) r(2,170) d(35) a(1,99)
4; 26; r(2,34) a(31,138) r(31,94) r(35,134)
5; 3; a(1,78) a(31,78) r(34,45) d(25)
6; 59, 24; r(32,87) d(35) a(34,69) d(34) a(34,97) d(33)
7; 59, 24; r(32,69) r(35,158)
8; 59; r(32,87) d(35) a(34,69) d(34)
9; 24; r(32,69) r(35,158) a(34,97) d(33)
10; 31, 34; a(1,78) a(34,47) d(34)
11; 31, 34; r(32,1) a(31,78) a(35,80) d(34)
12; 31; a(1,78) a(31,78) a(35,80) d(34)
13; 34; r(32,1) a(34,47) d(34)
14; 13; r(32,87) a(35,44) a(35,34)
15; 54; r(2,44) d(35) a(34,87) r(31,49)
16; 51; r(32,69) d(35) a(33,57) d(34)
17; 39; r(32,87) d(35) r(2,170) d(35) a(1,99)
18; 62; r(32,69) r(2,54) r(27,48) d(35)
19; 41; r(32,87) d(35) r(2,170) a(34,170)
20; 47, 59; a(1,78) a(31,78) d(34)
21; 47, 59; r(32,87) d(35) a(34,69) r(35,134) r(34,53)
22; 47; a(1,78) a(31,78) r(35,134) r(34,53)
23; 59; r(32,87) d(35) a(34,69) d(34)
24; 13, 32; r(32,87) a(35,44) r(27,134) a(25,62)
25; 13, 32; a(1,78) r(34,25) a(35,34)
26; 13; r(32,87) a(35,44) a(35,34)
27; 32; a(1,78) r(34,25) r(27,134) a(25,62)
28; 5; r(2,34) a(31,138) a(35,94) r(34,32)
29; 22; a(1,78) a(31,78) r(35,134) d(34)
30; 37; r(32,69) r(35,158) a(34,97) r(34,158)
31; 39; r(32,87) d(35) r(2,170) d(35) a(1,99)
32; 57, 59; r(32,87) d(35) a(34,69)
33; 57, 59; r(32,87) d(35) a(34,69) d(34) d(27)
34; 57; r(32,87) d(35) a(34,69) d(27)
35; 59; r(32,87) d(35) a(34,69) d(34)
36; 7, 46; r(2,34) a(35,170) a(35,108)
37; 7, 46; r(2,44) d(34) a(31,138) a(35,94) d(33)
38; 7; r(2,34) a(31,138) a(35,94) d(33)
39; 46; r(2,44) d(34) a(35,170) a(35,108)
40; 5; r(2,34) a(31,138) a(35,94) r(34,32)
41; 26; r(2,34) a(31,138) r(31,94) r(35,134)
42; 14, 62; r(32,1) a(34,37) d(35)
43; 14, 62; r(32,69) r(2,54) r(27,48) a(35,44) d(34)
44; 14; r(32,1) a(34,37) a(35,44) d(34)
45; 62; r(32,69) r(2,54) r(27,48) d(35)
46; 30, 54; r(32,87) a(34,87) r(31,49)
47; 30, 54; r(2,44) d(35) a(27,170) d(27) a(25,54)
48; 30; r(32,87) a(27,170) d(27) a(25,54)
49; 54; r(2,44) d(35) a(34,87) r(31,49)
50; 8; r(2,34) a(31,138) r(35,80) a(3,70) d(35) a(33,138)
51; 7; r(2,34) a(31,138) a(35,94) d(33)
52; 10, 2; r(2,34) a(31,138) r(35,80) a(34,35)
53; 10, 2; d(35) r(28,60) r(1,138) r(27,52) a(25,83)
54; 10; r(2,34) a(31,138) r(35,80) r(27,52) a(25,83)
55; 2; d(35) r(28,60) r(1,138) a(34,35)
56; 23; a(35,35) d(28) r(33,76) r(1,44)
57; 10; r(2,34) a(31,138) r(35,80) r(27,52) a(25,83)
--------------------------------------------------------------------------------
Mutation

0; r(2,34) a(31,138) r(35,80) r(27,52) a(25,83) r(25,77)
1; r(32,87) a(35,69) d(34) d(2) d(35)
2; r(32,87) d(35) d(34) d(31) r(2,96) a(33,94)
3; r(32,87) d(35) r(2,170) d(35) a(1,99) d(25)
4; r(2,34) a(31,138) r(31,94) r(35,134) d(33)
5; a(1,78) a(31,78) r(34,45) d(25) a(35,36)
6; r(32,87) d(35) a(34,69) d(34) a(34,97) d(33) r(28,94)
7; r(32,69) r(35,158) a(34,99)
8; r(32,87) d(35) a(34,69) d(34) r(28,46)
9; r(32,69) r(35,158) a(34,97) d(33) d(28)
10; a(1,78) a(34,47) d(34) r(33,87)
11; r(32,1) a(31,78) a(35,80) d(34) r(35,78)
12; a(1,78) a(31,78) a(35,80) d(34) a(3,28)
13; r(32,1) a(34,47) d(34) d(25)
14; r(32,87) a(35,44) a(35,34) a(33,105)
15; r(2,44) d(35) a(34,87) r(31,49) r(28,86)
16; r(32,69) d(35) a(33,57) d(34) a(33,48)
17; r(32,87) d(35) r(2,170) d(35) a(1,99) a(34,78)
18; r(32,69) r(2,54) r(27,48) d(35) d(31)
19; r(32,87) d(35) r(2,170) a(34,170) r(34,100)
20; a(1,78) a(31,78) d(34) d(35)
21; r(32,87) d(35) a(34,69) r(35,134) r(34,53) a(28,76)
22; a(1,78) a(31,78) r(35,134) r(34,53) a(27,176)
23; r(32,87) d(35) a(34,69) d(34) a(33,1)
24; r(32,87) a(35,44) r(27,134) a(25,62) d(34)
25; a(1,78) r(34,25) a(35,34) r(27,65)
26; r(32,87) a(35,44) a(35,34) d(35)
27; a(1,78) r(34,25) r(27,134) a(25,62) d(35)
28; r(2,34) a(31,138) a(35,94) r(34,32) a(27,60)
29; a(1,78) a(31,78) r(35,134) d(34) a(25,34)
30; r(32,69) r(35,158) a(34,97) r(34,158) r(27,57)
31; r(32,87) d(35) r(2,170) d(35) a(1,99) a(34,99)
32; r(32,87) d(35) a(34,69) a(31,57)
33; r(32,87) d(35) a(34,69) d(34) d(27) a(1,34)
34; r(32,87) d(35) a(34,69) d(27) a(34,70)
35; r(32,87) d(35) a(34,69) d(34) d(2)
36; r(2,34) a(35,170) a(35,108) a(27,32)
37; r(2,44) d(34) a(31,138) a(35,94) d(33) a(25,27)
38; r(2,34) a(31,138) a(35,94) d(33) d(32)
39; r(2,44) d(34) a(35,170) a(35,108) r(35,62)
40; r(2,34) a(31,138) a(35,94) r(34,32) r(28,65)
41; r(2,34) a(31,138) r(31,94) r(35,134) a(34,94)
42; r(32,1) a(34,37) d(35) d(31)
43; r(32,69) r(2,54) r(27,48) a(35,44) d(34) a(35,50)
44; r(32,1) a(34,37) a(35,44) d(34) d(31)
45; r(32,69) r(2,54) r(27,48) d(35) r(28,84)
46; r(32,87) a(34,87) r(31,49) d(34)
47; r(2,44) d(35) a(27,170) d(27) a(25,54) a(28,100)
48; r(32,87) a(27,170) d(27) a(25,54) d(34)
49; r(2,44) d(35) a(34,87) r(31,49) d(34)
50; r(2,34) a(31,138) r(35,80) a(3,70) d(35) a(33,138) a(34,32)
51; r(2,34) a(31,138) a(35,94) d(33) r(28,54)
52; r(2,34) a(31,138) r(35,80) a(34,35) a(34,64)
53; d(35) r(28,60) r(1,138) r(27,52) a(25,83) r(34,25)
54; r(2,34) a(31,138) r(35,80) r(27,52) a(25,83) r(32,53)
55; d(35) r(28,60) r(1,138) a(34,35) r(34,83)
56; a(35,35) d(28) r(33,76) r(1,44) d(27)
57; r(2,34) a(31,138) r(35,80) r(27,52) a(25,83) r(34,49)
--------------------------------------------------------------------------------
Evaluation

0; 0.
1; 0.
2; 0.
3; 0.
4; 0.
5; 0.
6; 0.
7; 0.
8; 0.
9; 0.
10; 0.
11; 0.
12; 0.
13; 0.
14; 0.
15; 0.
16; 0.
17; 0.
18; 0.
19; 0.
20; 0.
21; 0.
22; 0.
23; 0.
24; 12.
25; 0.
26; 0.
27; 0.
28; 0.
29; 0.
30; 0.
31; 0.
32; 0.
33; 0.
34; 0.
35; 0.
36; 0.
37; 0.
38; 0.
39; 0.
40; 0.
41; 0.
42; 0.
43; 0.
44; 0.
45; 0.
46; 0.
47; 0.
48; 0.
49; 0.
50; 0.
51; 0.
52; 0.
53; 0.
54; 0.
55; 0.
56; 0.
57; 0.
================================================================================
Generation 5

--------------------------------------------------------------------------------
Selection

0; 9
1; 42
2; 41
3; 23
4; 44
5; 25
6; 50
7; 34
8; 42
9; 32
10; 21
11; 20
12; 35
13; 38
14; 4
15; 13
16; 39
17; 6
18; 9
19; 46
20; 4
21; 40
22; 55
23; 16
24; 27
25; 13
26; 40
27; 18
28; 18
29; 9
30; 13
31; 8
32; 40
33; 13
34; 0
35; 16
36; 48
37; 9
38; 6
39; 36
--------------------------------------------------------------------------------
Crossover

0; 27; a(1,78) r(34,25) r(27,134) a(25,62) d(35)
1; 13; r(32,1) a(34,47) d(34) d(25)
2; 4, 25; r(2,34) a(31,138) r(31,94) a(35,34) r(27,65)
3; 4, 25; a(1,78) r(34,25) r(35,134) d(33)
4; 4; r(2,34) a(31,138) r(31,94) r(35,134) d(33)
5; 25; a(1,78) r(34,25) a(35,34) r(27,65)
6; 16, 42; r(32,69) d(35) d(31)
7; 16, 42; r(32,1) a(34,37) d(35) a(33,57) d(34) a(33,48)
8; 16; r(32,69) d(35) a(33,57) d(34) a(33,48)
9; 42; r(32,1) a(34,37) d(35) d(31)
10; 46; r(32,87) a(34,87) r(31,49) d(34)
11; 18; r(32,69) r(2,54) r(27,48) d(35) d(31)
12; 41; r(2,34) a(31,138) r(31,94) r(35,134) a(34,94)
13; 42; r(32,1) a(34,37) d(35) d(31)
14; 6; r(32,87) d(35) a(34,69) d(34) a(34,97) d(33) r(28,94)
15; 13; r(32,1) a(34,47) d(34) d(25)
16; 35, 48; r(32,87) d(35) a(34,69) d(34) d(34)
17; 35, 48; r(32,87) a(27,170) d(27) a(25,54) d(2)
18; 35; r(32,87) d(35) a(34,69) d(34) d(2)
19; 48; r(32,87) a(27,170) d(27) a(25,54) d(34)
20; 9; r(32,69) r(35,158) a(34,97) d(33) d(28)
21; 23; r(32,87) d(35) a(34,69) d(34) a(33,1)
22; 40; r(2,34) a(31,138) a(35,94) r(34,32) r(28,65)
23; 39; r(2,44) d(34) a(35,170) a(35,108) r(35,62)
24; 9, 55; r(32,69) r(35,158) a(34,97) d(33) d(28) a(34,35) r(34,83)
25; 9, 55; d(35) r(28,60) r(1,138)
26; 9; r(32,69) r(35,158) a(34,97) d(33) d(28)
27; 55; d(35) r(28,60) r(1,138) a(34,35) r(34,83)
28; 50, 20; r(2,34) a(31,138) r(35,80) a(3,70) d(35) a(33,138) a(34,32) a(31,78) d(34) d(35)
29; 50, 20; a(1,78)
30; 50; r(2,34) a(31,138) r(35,80) a(3,70) d(35) a(33,138) a(34,32)
31; 20; a(1,78) a(31,78) d(34) d(35)
32; 34; r(32,87) d(35) a(34,69) d(27) a(34,70)
33; 13; r(32,1) a(34,47) d(34) d(25)
34; 6, 16; r(32,87) d(35) a(34,69) d(34) a(33,48)
35; 6, 16; r(32,69) d(35) a(33,57) d(34) a(34,97) d(33) r(28,94)
36; 6; r(32,87) d(35) a(34,69) d(34) a(34,97) d(33) r(28,94)
37; 16; r(32,69) d(35) a(33,57) d(34) a(33,48)
38; 36; r(2,34) a(35,170) a(35,108) a(27,32)
39; 40; r(2,34) a(31,138) a(35,94) r(34,32) r(28,65)
40; 32, 38; r(32,87) a(35,94) d(33) d(32)
41; 32, 38; r(2,34) a(31,138) d(35) a(34,69) a(31,57)
42; 32; r(32,87) d(35) a(34,69) a(31,57)
43; 38; r(2,34) a(31,138) a(35,94) d(33) d(32)
44; 18; r(32,69) r(2,54) r(27,48) d(35) d(31)
45; 13; r(32,1) a(34,47) d(34) d(25)
46; 44, 9; r(32,1) a(34,37) a(35,44) d(34) r(35,158) a(34,97) d(33) d(28)
47; 44, 9; r(32,69) d(31)
48; 44; r(32,1) a(34,37) a(35,44) d(34) d(31)
49; 9; r(32,69) r(35,158) a(34,97) d(33) d(28)
50; 4; r(2,34) a(31,138) r(31,94) r(35,134) d(33)
51; 21; r(32,87) d(35) a(34,69) r(35,134) r(34,53) a(28,76)
52; 8; r(32,87) d(35) a(34,69) d(34) r(28,46)
53; 0; r(2,34) a(31,138) r(35,80) r(27,52) a(25,83) r(25,77)
54; 9; r(32,69) r(35,158) a(34,97) d(33) d(28)
55; 40; r(2,34) a(31,138) a(35,94) r(34,32) r(28,65)
--------------------------------------------------------------------------------
Mutation

0; a(1,78) r(34,25) r(27,134) a(25,62) d(35) a(1,76)
1; r(32,1) a(34,47) d(34) d(25) a(35,52)
2; r(2,34) a(31,138) r(31,94) a(35,34) r(27,65) d(34)
3; a(1,78) r(34,25) r(35,134) d(33) r(2,105)
4; r(2,34) a(31,138) r(31,94) r(35,134) d(33) r(25,34)
5; a(1,78) r(34,25) a(35,34) r(27,65) d(28)
6; r(32,69) d(35) d(31) d(25)
7; r(32,1) a(34,37) d(35) a(33,57) d(34) a(33,48) r(28,1)
8; r(32,69) d(35) a(33,57) d(34) a(33,48) r(31,38)
9; r(32,1) a(34,37) d(35) d(31) r(34,112)
10; r(32,87) a(34,87) r(31,49) d(34) d(35)
11; r(32,69) r(2,54) r(27,48) d(35) d(31) a(34,1)
12; r(2,34) a(31,138) r(31,94) r(35,134) a(34,94) r(34,57)
13; r(32,1) a(34,37) d(35) d(31) r(34,84)
14; r(32,87) d(35) a(34,69) d(34) a(34,97) d(33) r(28,94) a(3,96)
15; r(32,1) a(34,47) d(34) d(25) a(35,57)
16; r(32,87) d(35) a(34,69) d(34) d(34) d(3)
17; r(32,87) a(27,170) d(27) a(25,54) d(2) a(34,95)
18; r(32,87) d(35) a(34,69) d(34) d(2) a(33,48)
19; r(32,87) a(27,170) d(27) a(25,54) d(34) r(35,135)
20; r(32,69) r(35,158) a(34,97) d(33) d(28) a(1,28)
21; r(32,87) d(35) a(34,69) d(34) a(33,1) a(33,32)
22; r(2,34) a(31,138) a(35,94) r(34,32) r(28,65) d(35)
23; r(2,44) d(34) a(35,170) a(35,108) r(35,62) r(31,95)
24; r(32,69) r(35,158) a(34,97) d(33) d(28) a(34,35) r(34,83) a(1,45)
25; d(35) r(28,60) r(1,138) r(34,97)
26; r(32,69) r(35,158) a(34,97) d(33) d(28) a(1,94)
27; d(35) r(28,60) r(1,138) a(34,35) r(34,83) a(33,31)
28; r(2,34) a(31,138) r(35,80) a(3,70) d(35) a(33,138) a(34,32) a(31,78) d(34) d(35) a(27,94)
29; a(1,78) r(1,54)
30; r(2,34) a(31,138) r(35,80) a(3,70) d(35) a(33,138) a(34,32) d(27)
31; a(1,78) a(31,78) d(34) d(35) d(3)
32; r(32,87) d(35) a(34,69) d(27) a(34,70) a(34,105)
33; r(32,1) a(34,47) d(34) d(25) r(35,53)
34; r(32,87) d(35) a(34,69) d(34) a(33,48) d(1)
35; r(32,69) d(35) a(33,57) d(34) a(34,97) d(33) r(28,94) a(27,52)
36; r(32,87) d(35) a(34,69) d(34) a(34,97) d(33) r(28,94) d(1)
37; r(32,69) d(35) a(33,57) d(34) a(33,48) d(27)
38; r(2,34) a(35,170) a(35,108) a(27,32) a(35,45)
39; r(2,34) a(31,138) a(35,94) r(34,32) r(28,65) r(35,138)
40; r(32,87) a(35,94) d(33) d(32) d(2)
41; r(2,34) a(31,138) d(35) a(34,69) a(31,57) d(34)
42; r(32,87) d(35) a(34,69) a(31,57) d(2)
43; r(2,34) a(31,138) a(35,94) d(33) d(32) r(28,164)
44; r(32,69) r(2,54) r(27,48) d(35) d(31) a(34,176)
45; r(32,1) a(34,47) d(34) d(25) a(2,170)
46; r(32,1) a(34,37) a(35,44) d(34) r(35,158) a(34,97) d(33) d(28) d(25)
47; r(32,69) d(31) r(34,83)
48; r(32,1) a(34,37) a(35,44) d(34) d(31) d(25)
49; r(32,69) r(35,158) a(34,97) d(33) d(28) d(3)
50; r(2,34) a(31,138) r(31,94) r(35,134) d(33) r(27,86)
51; r(32,87) d(35) a(34,69) r(35,134) r(34,53) a(28,76) r(28,46)
52; r(32,87) d(35) a(34,69) d(34) r(28,46) d(1)
53; r(2,34) a(31,138) r(35,80) r(27,52) a(25,83) r(25,77) a(34,82)
54; r(32,69) r(35,158) a(34,97) d(33) d(28) r(3,27)
55; r(2,34) a(31,138) a(35,94) r(34,32) r(28,65) r(35,83)
--------------------------------------------------------------------------------
Evaluation

0; 0.
1; 0.
2; 0.
3; 12.
4; 0.
5; 0.
6; 0.
7; 0.
8; 0.
9; 0.
10; 0.
11; 0.
12; 0.
13; 0.
14; 0.
15; 0.
16; 12.
17; 0.
18; 0.
19; 0.
20; 0.
21; 4.
22; 0.
23; 0.
24; 0.
25; 0.
26; 0.
27; 0.
28; 0.
29; 0.
30; 0.
31; 0.
32; 12.
33; 0.
34; 0.
35; 0.
36; 0.
37; 0.
38; 0.
39; 0.
40; 0.
41; 0.
42; 0.
43; 0.
44; 0.
45; 0.
46; 0.
47; 0.
48; 0.
49; 12.
50; 0.
51; 0.
52; 0.
53; 0.
54; 12.
55; 0.
================================================================================
Generation 6

--------------------------------------------------------------------------------
Selection

0; 34
1; 29
2; 35
3; 18
4; 41
5; 44
6; 40
7; 20
8; 12
9; 44
10; 24
11; 47
12; 6
13; 27
14; 11
15; 44
16; 33
17; 43
18; 10
19; 45
20; 39
21; 39
22; 48
23; 10
24; 20
25; 28
26; 55
27; 4
28; 52
29; 7
30; 38
31; 17
32; 47
33; 24
34; 0
35; 36
36; 55
37; 9
38; 37
39; 50
--------------------------------------------------------------------------------
Crossover

0; 7, 34; r(32,1) d(35) a(34,69) d(34) a(33,48) d(1)
1; 7, 34; r(32,87) a(34,37) d(35) a(33,57) d(34) a(33,48) r(28,1)
2; 7; r(32,1) a(34,37) d(35) a(33,57) d(34) a(33,48) r(28,1)
3; 34; r(32,87) d(35) a(34,69) d(34) a(33,48) d(1)
4; 55; r(2,34) a(31,138) a(35,94) r(34,32) r(28,65) r(35,83)
5; 39; r(2,34) a(31,138) a(35,94) r(34,32) r(28,65) r(35,138)
6; 52; r(32,87) d(35) a(34,69) d(34) r(28,46) d(1)
7; 27; d(35) r(28,60) r(1,138) a(34,35) r(34,83) a(33,31)
8; 41; r(2,34) a(31,138) d(35) a(34,69) a(31,57) d(34)
9; 10; r(32,87) a(34,87) r(31,49) d(34) d(35)
10; 39, 4; r(2,34) a(31,138) r(31,94) r(35,134) d(33) r(25,34)
11; 39, 4; r(2,34) a(31,138) a(35,94) r(34,32) r(28,65) r(35,138)
12; 39; r(2,34) a(31,138) a(35,94) r(34,32) r(28,65) r(35,138)
13; 4; r(2,34) a(31,138) r(31,94) r(35,134) d(33) r(25,34)
14; 17, 12; r(32,87) a(27,170) r(35,134) a(34,94) r(34,57)
15; 17, 12; r(2,34) a(31,138) r(31,94) d(27) a(25,54) d(2) a(34,95)
16; 17; r(32,87) a(27,170) d(27) a(25,54) d(2) a(34,95)
17; 12; r(2,34) a(31,138) r(31,94) r(35,134) a(34,94) r(34,57)
18; 24; r(32,69) r(35,158) a(34,97) d(33) d(28) a(34,35) r(34,83) a(1,45)
19; 50; r(2,34) a(31,138) r(31,94) r(35,134) d(33) r(27,86)
20; 10; r(32,87) a(34,87) r(31,49) d(34) d(35)
21; 48; r(32,1) a(34,37) a(35,44) d(34) d(31) d(25)
22; 35, 37; r(32,69) d(35)
23; 35, 37; r(32,69) d(35) a(33,57) d(34) a(33,48) d(27) a(33,57) d(34) a(34,97) d(33) r(28,94) a(27,52)
24; 35; r(32,69) d(35) a(33,57) d(34) a(34,97) d(33) r(28,94) a(27,52)
25; 37; r(32,69) d(35) a(33,57) d(34) a(33,48) d(27)
26; 44, 43; r(32,69) r(2,54) d(32) r(28,164)
27; 44, 43; r(2,34) a(31,138) a(35,94) d(33) r(27,48) d(35) d(31) a(34,176)
28; 44; r(32,69) r(2,54) r(27,48) d(35) d(31) a(34,176)
29; 43; r(2,34) a(31,138) a(35,94) d(33) d(32) r(28,164)
30; 20; r(32,69) r(35,158) a(34,97) d(33) d(28) a(1,28)
31; 36; r(32,87) d(35) a(34,69) d(34) a(34,97) d(33) r(28,94) d(1)
32; 9; r(32,1) a(34,37) d(35) d(31) r(34,112)
33; 38; r(2,34) a(35,170) a(35,108) a(27,32) a(35,45)
34; 40; r(32,87) a(35,94) d(33) d(32) d(2)
35; 47; r(32,69) d(31) r(34,83)
36; 0, 47; a(1,78) r(34,25) r(27,134) d(31) r(34,83)
37; 0, 47; r(32,69) a(25,62) d(35) a(1,76)
38; 0; a(1,78) r(34,25) r(27,134) a(25,62) d(35) a(1,76)
39; 47; r(32,69) d(31) r(34,83)
40; 44, 55; r(32,69) r(28,65) r(35,83)
41; 44, 55; r(2,34) a(31,138) a(35,94) r(34,32) r(2,54) r(27,48) d(35) d(31) a(34,176)
42; 44; r(32,69) r(2,54) r(27,48) d(35) d(31) a(34,176)
43; 55; r(2,34) a(31,138) a(35,94) r(34,32) r(28,65) r(35,83)
44; 11; r(32,69) r(2,54) r(27,48) d(35) d(31) a(34,1)
45; 33; r(32,1) a(34,47) d(34) d(25) r(35,53)
46; 28, 44; r(2,34) a(31,138) r(35,80) a(3,70) d(35) a(33,138) a(34,32) a(31,78) d(34) d(35) d(31) a(34,176)
47; 28, 44; r(32,69) r(2,54) r(27,48) d(35) a(27,94)
48; 28; r(2,34) a(31,138) r(35,80) a(3,70) d(35) a(33,138) a(34,32) a(31,78) d(34) d(35) a(27,94)
49; 44; r(32,69) r(2,54) r(27,48) d(35) d(31) a(34,176)
50; 24, 6; r(32,69) r(35,158) a(34,97) d(33) d(28) a(34,35) r(34,83) d(25)
51; 24, 6; r(32,69) d(35) d(31) a(1,45)
52; 24; r(32,69) r(35,158) a(34,97) d(33) d(28) a(34,35) r(34,83) a(1,45)
53; 6; r(32,69) d(35) d(31) d(25)
54; 45; r(32,1) a(34,47) d(34) d(25) a(2,170)
55; 20; r(32,69) r(35,158) a(34,97) d(33) d(28) a(1,28)
56; 18, 29; r(32,87) d(35) a(34,69) d(34) d(2)
57; 18, 29; a(1,78) r(1,54) a(33,48)
58; 18; r(32,87) d(35) a(34,69) d(34) d(2) a(33,48)
59; 29; a(1,78) r(1,54)
--------------------------------------------------------------------------------
Mutation

0; r(32,1) d(35) a(34,69) d(34) a(33,48) d(1) d(28)
1; r(32,87) a(34,37) d(35) a(33,57) d(34) a(33,48) r(28,1) a(25,95)
2; r(32,1) a(34,37) d(35) a(33,57) d(34) a(33,48) r(28,1) d(3)
3; r(32,87) d(35) a(34,69) d(34) a(33,48) d(1) r(33,36)
4; r(2,34) a(31,138) a(35,94) r(34,32) r(28,65) r(35,83) d(1)
5; r(2,34) a(31,138) a(35,94) r(34,32) r(28,65) r(35,138) a(32,99)
6; r(32,87) d(35) a(34,69) d(34) r(28,46) d(1) d(25)
7; d(35) r(28,60) r(1,138) a(34,35) r(34,83) a(33,31) d(25)
8; r(2,34) a(31,138) d(35) a(34,69) a(31,57) d(34) d(32)
9; r(32,87) a(34,87) r(31,49) d(34) d(35) a(27,70)
10; r(2,34) a(31,138) r(31,94) r(35,134) d(33) r(25,34) d(32)
11; r(2,34) a(31,138) a(35,94) r(34,32) r(28,65) r(35,138) a(25,44)
12; r(2,34) a(31,138) a(35,94) r(34,32) r(28,65) r(35,138) r(1,31)
13; r(2,34) a(31,138) r(31,94) r(35,134) d(33) r(25,34) a(28,78)
14; r(32,87) a(27,170) r(35,134) a(34,94) r(34,57) a(3,28)
15; r(2,34) a(31,138) r(31,94) d(27) a(25,54) d(2) a(34,95) r(34,51)
16; r(32,87) a(27,170) d(27) a(25,54) d(2) a(34,95) r(28,95)
17; r(2,34) a(31,138) r(31,94) r(35,134) a(34,94) r(34,57) r(27,148)
18; r(32,69) r(35,158) a(34,97) d(33) d(28) a(34,35) r(34,83) a(1,45) d(2)
19; r(2,34) a(31,138) r(31,94) r(35,134) d(33) r(27,86) a(1,170)
20; r(32,87) a(34,87) r(31,49) d(34) d(35) a(28,158)
21; r(32,1) a(34,37) a(35,44) d(34) d(31) d(25) d(35)
22; r(32,69) d(35) d(34)
23; r(32,69) d(35) a(33,57) d(34) a(33,48) d(27) a(33,57) d(34) a(34,97) d(33) r(28,94) a(27,52) a(1,138)
24; r(32,69) d(35) a(33,57) d(34) a(34,97) d(33) r(28,94) a(27,52) r(1,158)
25; r(32,69) d(35) a(33,57) d(34) a(33,48) d(27) a(3,46)
26; r(32,69) r(2,54) d(32) r(28,164) a(34,87)
27; r(2,34) a(31,138) a(35,94) d(33) r(27,48) d(35) d(31) a(34,176) a(28,57)
28; r(32,69) r(2,54) r(27,48) d(35) d(31) a(34,176) d(1)
29; r(2,34) a(31,138) a(35,94) d(33) d(32) r(28,164) a(27,138)
30; r(32,69) r(35,158) a(34,97) d(33) d(28) a(1,28) r(3,135)
31; r(32,87) d(35) a(34,69) d(34) a(34,97) d(33) r(28,94) d(1) r(25,27)
32; r(32,1) a(34,37) d(35) d(31) r(34,112) r(2,31)
33; r(2,34) a(35,170) a(35,108) a(27,32) a(35,45) d(27)
34; r(32,87) a(35,94) d(33) d(32) d(2) d(1)
35; r(32,69) d(31) r(34,83) d(2)
36; a(1,78) r(34,25) r(27,134) d(31) r(34,83) d(35)
37; r(32,69) a(25,62) d(35) a(1,76) a(33,44)
38; a(1,78) r(34,25) r(27,134) a(25,62) d(35) a(1,76) r(25,83)
39; r(32,69) d(31) r(34,83) r(2,55)
40; r(32,69) r(28,65) r(35,83) r(3,79)
41; r(2,34) a(31,138) a(35,94) r(34,32) r(2,54) r(27,48) d(35) d(31) a(34,176) d(28)
42; r(32,69) r(2,54) r(27,48) d(35) d(31) a(34,176) a(1,28)
43; r(2,34) a(31,138) a(35,94) r(34,32) r(28,65) r(35,83) d(33)
44; r(32,69) r(2,54) r(27,48) d(35) d(31) a(34,1) d(28)
45; r(32,1) a(34,47) d(34) d(25) r(35,53) d(3)
46; r(2,34) a(31,138) r(35,80) a(3,70) d(35) a(33,138) a(34,32) a(31,78) d(34) d(35) d(31) a(34,176) r(25,87)
47; r(32,69) r(2,54) r(27,48) d(35) a(27,94) a(34,1)
48; r(2,34) a(31,138) r(35,80) a(3,70) d(35) a(33,138) a(34,32) a(31,78) d(34) d(35) a(27,94) a(32,78)
49; r(32,69) r(2,54) r(27,48) d(35) d(31) a(34,176) a(34,135)
50; r(32,69) r(35,158) a(34,97) d(33) d(28) a(34,35) r(34,83) d(25) a(3,78)
51; r(32,69) d(35) d(31) a(1,45) a(34,32)
52; r(32,69) r(35,158) a(34,97) d(33) d(28) a(34,35) r(34,83) a(1,45) d(27)
53; r(32,69) d(35) d(31) d(25) a(34,100)
54; r(32,1) a(34,47) d(34) d(25) a(2,170) d(35)
55; r(32,69) r(35,158) a(34,97) d(33) d(28) a(1,28) r(27,53)
56; r(32,87) d(35) a(34,69) d(34) d(2) r(31,130)
57; a(1,78) r(1,54) a(33,48) r(35,64)
58; r(32,87) d(35) a(34,69) d(34) d(2) a(33,48) r(25,100)
59; a(1,78) r(1,54) r(31,84)
--------------------------------------------------------------------------------
Evaluation

0; 0.
1; 0.
2; 12.
3; 0.
4; 0.
5; 0.
6; 0.
7; 0.
8; 0.
9; 0.
10; 0.
11; 0.
12; 4.
13; 0.
14; 0.
15; 0.
16; 0.
17; 0.
18; 0.
19; 0.
20; 0.
21; 0.
22; 0.
23; 0.
24; 0.
25; 0.
26; 0.
27; 0.
28; 0.
29; 0.
30; 0.
31; 0.
32; 0.
33; 0.
34; 0.
35; 0.
36; 0.
37; 0.
38; 0.
39; 0.
40; 12.
41; 0.
42; 0.
43; 0.
44; 0.
45; 0.
46; 0.
47; 0.
48; 0.
49; 0.
50; 0.
51; 0.
52; 0.
53; 0.
54; 0.
55; 0.
56; 0.
57; 0.
58; 0.
59; 0.
================================================================================
Generation 7

--------------------------------------------------------------------------------
Selection

0; 43
1; 34
2; 15
3; 21
4; 13
5; 10
6; 59
7; 43
8; 42
9; 41
10; 57
11; 34
12; 6
13; 13
14; 58
15; 23
16; 54
17; 11
18; 38
19; 25
20; 1
21; 3
22; 13
23; 56
24; 43
25; 56
26; 16
27; 0
28; 7
29; 29
30; 28
31; 55
32; 59
33; 5
34; 19
35; 50
36; 12
37; 46
38; 30
39; 51
--------------------------------------------------------------------------------
Crossover

0; 30; r(32,69) r(35,158) a(34,97) d(33) d(28) a(1,28) r(3,135)
1; 46; r(2,34) a(31,138) r(35,80) a(3,70) d(35) a(33,138) a(34,32) a(31,78) d(34) d(35) d(31) a(34,176) r(25,87)
2; 13; r(2,34) a(31,138) r(31,94) r(35,134) d(33) r(25,34) a(28,78)
3; 55; r(32,69) r(35,158) a(34,97) d(33) d(28) a(1,28) r(27,53)
4; 1, 21; r(32,87) a(34,37) d(35) a(33,57) d(34) a(33,48) r(28,1) a(25,95) d(35)
5; 1, 21; r(32,1) a(34,37) a(35,44) d(34) d(31) d(25)
6; 1; r(32,87) a(34,37) d(35) a(33,57) d(34) a(33,48) r(28,1) a(25,95)
7; 21; r(32,1) a(34,37) a(35,44) d(34) d(31) d(25) d(35)
8; 13; r(2,34) a(31,138) r(31,94) r(35,134) d(33) r(25,34) a(28,78)
9; 43; r(2,34) a(31,138) a(35,94) r(34,32) r(28,65) r(35,83) d(33)
10; 23; r(32,69) d(35) a(33,57) d(34) a(33,48) d(27) a(33,57) d(34) a(34,97) d(33) r(28,94) a(27,52) a(1,138)
11; 43; r(2,34) a(31,138) a(35,94) r(34,32) r(28,65) r(35,83) d(33)
12; 54, 38; r(32,1) a(34,47) d(34) a(25,62) d(35) a(1,76) r(25,83)
13; 54, 38; a(1,78) r(34,25) r(27,134) d(25) a(2,170) d(35)
14; 54; r(32,1) a(34,47) d(34) d(25) a(2,170) d(35)
15; 38; a(1,78) r(34,25) r(27,134) a(25,62) d(35) a(1,76) r(25,83)
16; 58; r(32,87) d(35) a(34,69) d(34) d(2) a(33,48) r(25,100)
17; 6; r(32,87) d(35) a(34,69) d(34) r(28,46) d(1) d(25)
18; 50, 28; r(32,69) r(35,158) a(34,97) d(33) d(28) a(34,35) r(34,83) d(25) a(3,78) d(1)
19; 50, 28; r(32,69) r(2,54) r(27,48) d(35) d(31) a(34,176)
20; 50; r(32,69) r(35,158) a(34,97) d(33) d(28) a(34,35) r(34,83) d(25) a(3,78)
21; 28; r(32,69) r(2,54) r(27,48) d(35) d(31) a(34,176) d(1)
22; 43; r(2,34) a(31,138) a(35,94) r(34,32) r(28,65) r(35,83) d(33)
23; 0; r(32,1) d(35) a(34,69) d(34) a(33,48) d(1) d(28)
24; 12; r(2,34) a(31,138) a(35,94) r(34,32) r(28,65) r(35,138) r(1,31)
25; 25; r(32,69) d(35) a(33,57) d(34) a(33,48) d(27) a(3,46)
26; 19, 10; r(2,34) a(31,138) r(31,94) r(35,134) d(33) d(32)
27; 19, 10; r(2,34) a(31,138) r(31,94) r(35,134) d(33) r(25,34) r(27,86) a(1,170)
28; 19; r(2,34) a(31,138) r(31,94) r(35,134) d(33) r(27,86) a(1,170)
29; 10; r(2,34) a(31,138) r(31,94) r(35,134) d(33) r(25,34) d(32)
30; 15, 59; r(2,34) a(31,138) r(31,94) d(27) r(31,84)
31; 15, 59; a(1,78) r(1,54) a(25,54) d(2) a(34,95) r(34,51)
32; 15; r(2,34) a(31,138) r(31,94) d(27) a(25,54) d(2) a(34,95) r(34,51)
33; 59; a(1,78) r(1,54) r(31,84)
34; 34, 42; r(32,87) a(1,28)
35; 34, 42; r(32,69) r(2,54) r(27,48) d(35) d(31) a(34,176) a(35,94) d(33) d(32) d(2) d(1)
36; 34; r(32,87) a(35,94) d(33) d(32) d(2) d(1)
37; 42; r(32,69) r(2,54) r(27,48) d(35) d(31) a(34,176) a(1,28)
38; 16; r(32,87) a(27,170) d(27) a(25,54) d(2) a(34,95) r(28,95)
39; 7; d(35) r(28,60) r(1,138) a(34,35) r(34,83) a(33,31) d(25)
40; 5; r(2,34) a(31,138) a(35,94) r(34,32) r(28,65) r(35,138) a(32,99)
41; 59; a(1,78) r(1,54) r(31,84)
42; 11; r(2,34) a(31,138) a(35,94) r(34,32) r(28,65) r(35,138) a(25,44)
43; 57; a(1,78) r(1,54) a(33,48) r(35,64)
44; 51, 56; r(32,69) d(35) d(31) a(1,45) a(34,32) d(35) a(34,69) d(34) d(2) r(31,130)
45; 51, 56; r(32,87)
46; 51; r(32,69) d(35) d(31) a(1,45) a(34,32)
47; 56; r(32,87) d(35) a(34,69) d(34) d(2) r(31,130)
48; 41, 13; r(2,34) a(31,138) a(35,94) r(25,34) a(28,78)
49; 41, 13; r(2,34) a(31,138) r(31,94) r(35,134) d(33) r(34,32) r(2,54) r(27,48) d(35) d(31) a(34,176) d(28)
50; 41; r(2,34) a(31,138) a(35,94) r(34,32) r(2,54) r(27,48) d(35) d(31) a(34,176) d(28)
51; 13; r(2,34) a(31,138) r(31,94) r(35,134) d(33) r(25,34) a(28,78)
52; 56; r(32,87) d(35) a(34,69) d(34) d(2) r(31,130)
53; 3; r(32,87) d(35) a(34,69) d(34) a(33,48) d(1) r(33,36)
54; 29; r(2,34) a(31,138) a(35,94) d(33) d(32) r(28,164) a(27,138)
55; 34; r(32,87) a(35,94) d(33) d(32) d(2) d(1)
--------------------------------------------------------------------------------
Mutation

0; r(32,69) r(35,158) a(34,97) d(33) d(28) a(1,28) r(3,135) a(25,76)
1; r(2,34) a(31,138) r(35,80) a(3,70) d(35) a(33,138) a(34,32) a(31,78) d(34) d(35) d(31) a(34,176) r(25,87) a(1,35)
2; r(2,34) a(31,138) r(31,94) r(35,134) d(33) r(25,34) a(28,78) r(28,69)
3; r(32,69) r(35,158) a(34,97) d(33) d(28) a(1,28) r(27,53) a(2,34)
4; r(32,87) a(34,37) d(35) a(33,57) d(34) a(33,48) r(28,1) a(25,95) d(35) r(1,28)
5; r(32,1) a(34,37) a(35,44) d(34) d(31) d(25) a(35,47)
6; r(32,87) a(34,37) d(35) a(33,57) d(34) a(33,48) r(28,1) a(25,95) d(1)
7; r(32,1) a(34,37) a(35,44) d(34) d(31) d(25) d(35) a(1,25)
8; r(2,34) a(31,138) r(31,94) r(35,134) d(33) r(25,34) a(28,78) d(1)
9; r(2,34) a(31,138) a(35,94) r(34,32) r(28,65) r(35,83) d(33) r(25,36)
10; r(32,69) d(35) a(33,57) d(34) a(33,48) d(27) a(33,57) d(34) a(34,97) d(33) r(28,94) a(27,52) a(1,138) a(2,56)
11; r(2,34) a(31,138) a(35,94) r(34,32) r(28,65) r(35,83) d(33) a(27,31)
12; r(32,1) a(34,47) d(34) a(25,62) d(35) a(1,76) r(25,83) a(33,49)
13; a(1,78) r(34,25) r(27,134) d(25) a(2,170) d(35) a(33,78)
14; r(32,1) a(34,47) d(34) d(25) a(2,170) d(35) r(31,27)
15; a(1,78) r(34,25) r(27,134) a(25,62) d(35) a(1,76) r(25,83) a(28,70)
16; r(32,87) d(35) a(34,69) d(34) d(2) a(33,48) r(25,100) r(33,170)
17; r(32,87) d(35) a(34,69) d(34) r(28,46) d(1) d(25) d(33)
18; r(32,69) r(35,158) a(34,97) d(33) d(28) a(34,35) r(34,83) d(25) a(3,78) d(1)
19; r(32,69) r(2,54) r(27,48) d(35) d(31) a(34,176) r(34,76)
20; r(32,69) r(35,158) a(34,97) d(33) d(28) a(34,35) r(34,83) d(25) a(3,78) d(3)
21; r(32,69) r(2,54) r(27,48) d(35) d(31) a(34,176) d(1) r(34,32)
22; r(2,34) a(31,138) a(35,94) r(34,32) r(28,65) r(35,83) d(33) a(32,25)
23; r(32,1) d(35) a(34,69) d(34) a(33,48) d(1) d(28) r(33,99)
24; r(2,34) a(31,138) a(35,94) r(34,32) r(28,65) r(35,138) r(1,31) r(25,44)
25; r(32,69) d(35) a(33,57) d(34) a(33,48) d(27) a(3,46) d(25)
26; r(2,34) a(31,138) r(31,94) r(35,134) d(33) d(32) r(28,31)
27; r(2,34) a(31,138) r(31,94) r(35,134) d(33) r(25,34) r(27,86) a(1,170) d(1)
28; r(2,34) a(31,138) r(31,94) r(35,134) d(33) r(27,86) a(1,170) r(1,51)
29; r(2,34) a(31,138) r(31,94) r(35,134) d(33) r(25,34) d(32) a(28,47)
30; r(2,34) a(31,138) r(31,94) d(27) r(31,84) a(34,25)
31; a(1,78) r(1,54) a(25,54) d(2) a(34,95) r(34,51) d(35)
32; r(2,34) a(31,138) r(31,94) d(27) a(25,54) d(2) a(34,95) r(34,51) d(35)
33; a(1,78) r(1,54) r(31,84) r(35,77)
34; r(32,87) a(1,28) r(34,27)
35; r(32,69) r(2,54) r(27,48) d(35) d(31) a(34,176) a(35,94) d(33) d(32) d(2) d(1) d(25)
36; r(32,87) a(35,94) d(33) d(32) d(2) d(1) a(25,134)
37; r(32,69) r(2,54) r(27,48) d(35) d(31) a(34,176) a(1,28) r(34,25)
38; r(32,87) a(27,170) d(27) a(25,54) d(2) a(34,95) r(28,95) d(34)
39; d(35) r(28,60) r(1,138) a(34,35) r(34,83) a(33,31) d(25) a(33,148)
40; r(2,34) a(31,138) a(35,94) r(34,32) r(28,65) r(35,138) a(32,99) r(32,177)
41; a(1,78) r(1,54) r(31,84) d(27)
42; r(2,34) a(31,138) a(35,94) r(34,32) r(28,65) r(35,138) a(25,44) r(27,48)
43; a(1,78) r(1,54) a(33,48) r(35,64) r(25,50)
44; r(32,69) d(35) d(31) a(1,45) a(34,32) d(35) a(34,69) d(34) d(2) r(31,130) a(33,52)
45; r(32,87) d(2)
46; r(32,69) d(35) d(31) a(1,45) a(34,32) d(34)
47; r(32,87) d(35) a(34,69) d(34) d(2) r(31,130) d(1)
48; r(2,34) a(31,138) a(35,94) r(25,34) a(28,78) d(35)
49; r(2,34) a(31,138) r(31,94) r(35,134) d(33) r(34,32) r(2,54) r(27,48) d(35) d(31) a(34,176) d(28) a(25,138)
50; r(2,34) a(31,138) a(35,94) r(34,32) r(2,54) r(27,48) d(35) d(31) a(34,176) d(28) a(25,49)
51; r(2,34) a(31,138) r(31,94) r(35,134) d(33) r(25,34) a(28,78) r(32,84)
52; r(32,87) d(35) a(34,69) d(34) d(2) r(31,130) d(1)
53; r(32,87) d(35) a(34,69) d(34) a(33,48) d(1) r(33,36) d(31)
54; r(2,34) a(31,138) a(35,94) d(33) d(32) r(28,164) a(27,138) r(1,38)
55; r(32,87) a(35,94) d(33) d(32) d(2) d(1) r(25,134)
--------------------------------------------------------------------------------
Evaluation

0; 0.
1; 0.
2; 0.
3; 0.
4; 0.
5; 0.
6; 0.
7; 0.
8; 0.
9; 0.
10; 0.
11; 0.
12; 0.
13; 0.
14; 0.
15; 0.
16; 0.
17; 0.
18; 0.
19; 0.
20; 0.
21; 0.
22; 0.
23; 0.
24; 4.
25; 0.
26; 0.
27; 0.
28; 0.
29; 0.
30; 0.
31; 0.
32; 0.
33; 0.
34; 0.
35; 0.
36; 12.
37; 0.
38; 0.
39; 0.
40; 0.
41; 0.
42; 0.
43; 0.
44; 0.
45; 0.
46; 0.
47; 0.
48; 0.
49; 0.
50; 0.
51; 0.
52; 0.
53; 0.
54; 0.
55; 12.
================================================================================
Generation 8

--------------------------------------------------------------------------------
Selection

0; 9
1; 0
2; 51
3; 16
4; 11
5; 22
6; 37
7; 45
8; 7
9; 41
10; 47
11; 38
12; 34
13; 11
14; 50
15; 21
16; 15
17; 35
18; 29
19; 14
20; 2
21; 54
22; 15
23; 16
24; 37
25; 43
26; 14
27; 21
28; 29
29; 38
30; 53
31; 33
32; 54
33; 30
34; 25
35; 38
36; 16
37; 17
38; 8
39; 32
--------------------------------------------------------------------------------
Crossover

0; 14, 14; r(32,1) a(34,47) d(34) d(25) a(2,170)
1; 14, 14; r(32,1) a(34,47) d(34) d(25) a(2,170) d(35) r(31,27) d(35) r(31,27)
2; 14; r(32,1) a(34,47) d(34) d(25) a(2,170) d(35) r(31,27)
3; 14; r(32,1) a(34,47) d(34) d(25) a(2,170) d(35) r(31,27)
4; 43; a(1,78) r(1,54) a(33,48) r(35,64) r(25,50)
5; 11; r(2,34) a(31,138) a(35,94) r(34,32) r(28,65) r(35,83) d(33) a(27,31)
6; 11; r(2,34) a(31,138) a(35,94) r(34,32) r(28,65) r(35,83) d(33) a(27,31)
7; 15; a(1,78) r(34,25) r(27,134) a(25,62) d(35) a(1,76) r(25,83) a(28,70)
8; 16, 29; r(32,87) d(35) a(34,69) d(34) d(2) a(33,48) r(25,100) a(31,138) r(31,94) r(35,134) d(33) r(25,34) d(32) a(28,47)
9; 16, 29; r(2,34) r(33,170)
10; 16; r(32,87) d(35) a(34,69) d(34) d(2) a(33,48) r(25,100) r(33,170)
11; 29; r(2,34) a(31,138) r(31,94) r(35,134) d(33) r(25,34) d(32) a(28,47)
12; 9, 33; r(2,34) r(1,54) r(31,84) r(35,77)
13; 9, 33; a(1,78) a(31,138) a(35,94) r(34,32) r(28,65) r(35,83) d(33) r(25,36)
14; 9; r(2,34) a(31,138) a(35,94) r(34,32) r(28,65) r(35,83) d(33) r(25,36)
15; 33; a(1,78) r(1,54) r(31,84) r(35,77)
16; 37; r(32,69) r(2,54) r(27,48) d(35) d(31) a(34,176) a(1,28) r(34,25)
17; 2; r(2,34) a(31,138) r(31,94) r(35,134) d(33) r(25,34) a(28,78) r(28,69)
18; 21, 47; r(32,69) r(2,54) r(27,48) d(35) d(31) a(34,176) d(2) r(31,130) d(1)
19; 21, 47; r(32,87) d(35) a(34,69) d(34) d(1) r(34,32)
20; 21; r(32,69) r(2,54) r(27,48) d(35) d(31) a(34,176) d(1) r(34,32)
21; 47; r(32,87) d(35) a(34,69) d(34) d(2) r(31,130) d(1)
22; 53, 35; r(32,87) d(35) a(34,69) d(34) a(33,48) d(1) r(33,36) d(31) a(35,94) d(33) d(32) d(2) d(1) d(25)
23; 53, 35; r(32,69) r(2,54) r(27,48) d(35) d(31) a(34,176)
24; 53; r(32,87) d(35) a(34,69) d(34) a(33,48) d(1) r(33,36) d(31)
25; 35; r(32,69) r(2,54) r(27,48) d(35) d(31) a(34,176) a(35,94) d(33) d(32) d(2) d(1) d(25)
26; 29; r(2,34) a(31,138) r(31,94) r(35,134) d(33) r(25,34) d(32) a(28,47)
27; 41; a(1,78) r(1,54) r(31,84) d(27)
28; 38; r(32,87) a(27,170) d(27) a(25,54) d(2) a(34,95) r(28,95) d(34)
29; 16; r(32,87) d(35) a(34,69) d(34) d(2) a(33,48) r(25,100) r(33,170)
30; 32, 21; r(2,34) a(31,138) r(31,94) d(27) a(25,54) d(2) a(34,95) r(34,32)
31; 32, 21; r(32,69) r(2,54) r(27,48) d(35) d(31) a(34,176) d(1) r(34,51) d(35)
32; 32; r(2,34) a(31,138) r(31,94) d(27) a(25,54) d(2) a(34,95) r(34,51) d(35)
33; 21; r(32,69) r(2,54) r(27,48) d(35) d(31) a(34,176) d(1) r(34,32)
34; 7; r(32,1) a(34,37) a(35,44) d(34) d(31) d(25) d(35) a(1,25)
35; 22; r(2,34) a(31,138) a(35,94) r(34,32) r(28,65) r(35,83) d(33) a(32,25)
36; 30, 54; r(2,34) a(31,138) r(31,94) d(27) r(28,164) a(27,138) r(1,38)
37; 30, 54; r(2,34) a(31,138) a(35,94) d(33) d(32) r(31,84) a(34,25)
38; 30; r(2,34) a(31,138) r(31,94) d(27) r(31,84) a(34,25)
39; 54; r(2,34) a(31,138) a(35,94) d(33) d(32) r(28,164) a(27,138) r(1,38)
40; 34, 0; r(32,87)
41; 34, 0; r(32,69) r(35,158) a(34,97) d(33) d(28) a(1,28) r(3,135) a(25,76) a(1,28) r(34,27)
42; 34; r(32,87) a(1,28) r(34,27)
43; 0; r(32,69) r(35,158) a(34,97) d(33) d(28) a(1,28) r(3,135) a(25,76)
44; 37, 38; r(32,69) r(2,54) r(27,48) d(35) d(31) a(34,176) a(1,28) r(34,25) a(25,54) d(2) a(34,95) r(28,95) d(34)
45; 37, 38; r(32,87) a(27,170) d(27)
46; 37; r(32,69) r(2,54) r(27,48) d(35) d(31) a(34,176) a(1,28) r(34,25)
47; 38; r(32,87) a(27,170) d(27) a(25,54) d(2) a(34,95) r(28,95) d(34)
48; 50, 54; r(2,34) d(32) r(28,164) a(27,138) r(1,38)
49; 50, 54; r(2,34) a(31,138) a(35,94) d(33) a(31,138) a(35,94) r(34,32) r(2,54) r(27,48) d(35) d(31) a(34,176) d(28) a(25,49)
50; 50; r(2,34) a(31,138) a(35,94) r(34,32) r(2,54) r(27,48) d(35) d(31) a(34,176) d(28) a(25,49)
51; 54; r(2,34) a(31,138) a(35,94) d(33) d(32) r(28,164) a(27,138) r(1,38)
52; 16; r(32,87) d(35) a(34,69) d(34) d(2) a(33,48) r(25,100) r(33,170)
53; 51; r(2,34) a(31,138) r(31,94) r(35,134) d(33) r(25,34) a(28,78) r(32,84)
54; 45; r(32,87) d(2)
55; 25; r(32,69) d(35) a(33,57) d(34) a(33,48) d(27) a(3,46) d(25)
56; 15, 17; a(1,78) r(34,25) r(27,134) a(25,62) d(35) a(34,69) d(34) r(28,46) d(1) d(25) d(33)
57; 15, 17; r(32,87) d(35) a(1,76) r(25,83) a(28,70)
58; 15; a(1,78) r(34,25) r(27,134) a(25,62) d(35) a(1,76) r(25,83) a(28,70)
59; 17; r(32,87) d(35) a(34,69) d(34) r(28,46) d(1) d(25) d(33)
60; 38; r(32,87) a(27,170) d(27) a(25,54) d(2) a(34,95) r(28,95) d(34)
61; 8; r(2,34) a(31,138) r(31,94) r(35,134) d(33) r(25,34) a(28,78) d(1)
--------------------------------------------------------------------------------
Mutation

0; r(32,1) a(34,47) d(34) d(25) a(2,170) a(35,64)
1; r(32,1) a(34,47) d(34) d(25) a(2,170) d(35) r(31,27) d(35) r(31,27) r(33,94)
2; r(32,1) a(34,47) d(34) d(25) a(2,170) d(35) r(31,27) a(2,86)
3; r(32,1) a(34,47) d(34) d(25) a(2,170) d(35) r(31,27) d(2)
4; a(1,78) r(1,54) a(33,48) r(35,64) r(25,50) r(34,52)
5; r(2,34) a(31,138) a(35,94) r(34,32) r(28,65) r(35,83) d(33) a(27,31) r(32,46)
6; r(2,34) a(31,138) a(35,94) r(34,32) r(28,65) r(35,83) d(33) a(27,31) d(27)
7; a(1,78) r(34,25) r(27,134) a(25,62) d(35) a(1,76) r(25,83) a(28,70) a(33,33)
8; r(32,87) d(35) a(34,69) d(34) d(2) a(33,48) r(25,100) a(31,138) r(31,94) r(35,134) d(33) r(25,34) d(32) a(28,47) d(1)
9; r(2,34) r(33,170) r(28,177)
10; r(32,87) d(35) a(34,69) d(34) d(2) a(33,48) r(25,100) r(33,170) a(28,158)
11; r(2,34) a(31,138) r(31,94) r(35,134) d(33) r(25,34) d(32) a(28,47) a(28,112)
12; r(2,34) r(1,54) r(31,84) r(35,77) r(34,178)
13; a(1,78) a(31,138) a(35,94) r(34,32) r(28,65) r(35,83) d(33) r(25,36) r(32,35)
14; r(2,34) a(31,138) a(35,94) r(34,32) r(28,65) r(35,83) d(33) r(25,36) r(32,64)
15; a(1,78) r(1,54) r(31,84) r(35,77) a(32,44)
16; r(32,69) r(2,54) r(27,48) d(35) d(31) a(34,176) a(1,28) r(34,25) d(28)
17; r(2,34) a(31,138) r(31,94) r(35,134) d(33) r(25,34) a(28,78) r(28,69) a(1,53)
18; r(32,69) r(2,54) r(27,48) d(35) d(31) a(34,176) d(2) r(31,130) d(1) r(34,80)
19; r(32,87) d(35) a(34,69) d(34) d(1) r(34,32) a(27,34)
20; r(32,69) r(2,54) r(27,48) d(35) d(31) a(34,176) d(1) r(34,32) a(28,25)
21; r(32,87) d(35) a(34,69) d(34) d(2) r(31,130) d(1) a(25,34)
22; r(32,87) d(35) a(34,69) d(34) a(33,48) d(1) r(33,36) d(31) a(35,94) d(33) d(32) d(2) d(1) d(25) r(28,48)
23; r(32,69) r(2,54) r(27,48) d(35) d(31) a(34,176) a(34,99)
24; r(32,87) d(35) a(34,69) d(34) a(33,48) d(1) r(33,36) d(31) r(25,170)
25; r(32,69) r(2,54) r(27,48) d(35) d(31) a(34,176) a(35,94) d(33) d(32) d(2) d(1) d(25) d(28)
26; r(2,34) a(31,138) r(31,94) r(35,134) d(33) r(25,34) d(32) a(28,47) a(28,134)
27; a(1,78) r(1,54) r(31,84) d(27) a(34,64)
28; r(32,87) a(27,170) d(27) a(25,54) d(2) a(34,95) r(28,95) d(34) r(35,32)
29; r(32,87) d(35) a(34,69) d(34) d(2) a(33,48) r(25,100) r(33,170) r(1,37)
30; r(2,34) a(31,138) r(31,94) d(27) a(25,54) d(2) a(34,95) r(34,32) a(35,76)
31; r(32,69) r(2,54) r(27,48) d(35) d(31) a(34,176) d(1) r(34,51) d(35) a(33,80)
32; r(2,34) a(31,138) r(31,94) d(27) a(25,54) d(2) a(34,95) r(34,51) d(35) r(32,38)
33; r(32,69) r(2,54) r(27,48) d(35) d(31) a(34,176) d(1) r(34,32) d(25)
34; r(32,1) a(34,37) a(35,44) d(34) d(31) d(25) d(35) a(1,25) r(1,176)
35; r(2,34) a(31,138) a(35,94) r(34,32) r(28,65) r(35,83) d(33) a(32,25) r(25,94)
36; r(2,34) a(31,138) r(31,94) d(27) r(28,164) a(27,138) r(1,38) a(35,1)
37; r(2,34) a(31,138) a(35,94) d(33) d(32) r(31,84) a(34,25) r(27,47)
38; r(2,34) a(31,138) r(31,94) d(27) r(31,84) a(34,25) r(25,95)
39; r(2,34) a(31,138) a(35,94) d(33) d(32) r(28,164) a(27,138) r(1,38) r(25,46)
40; r(32,87) a(33,60)
41; r(32,69) r(35,158) a(34,97) d(33) d(28) a(1,28) r(3,135) a(25,76) a(1,28) r(34,27) d(25)
42; r(32,87) a(1,28) r(34,27) d(35)
43; r(32,69) r(35,158) a(34,97) d(33) d(28) a(1,28) r(3,135) a(25,76) r(2,51)
44; r(32,69) r(2,54) r(27,48) d(35) d(31) a(34,176) a(1,28) r(34,25) a(25,54) d(2) a(34,95) r(28,95) d(34) r(33,158)
45; r(32,87) a(27,170) d(27) d(35)
46; r(32,69) r(2,54) r(27,48) d(35) d(31) a(34,176) a(1,28) r(34,25) a(25,65)
47; r(32,87) a(27,170) d(27) a(25,54) d(2) a(34,95) r(28,95) d(34) d(35)
48; r(2,34) d(32) r(28,164) a(27,138) r(1,38) a(34,130)
49; r(2,34) a(31,138) a(35,94) d(33) a(31,138) a(35,94) r(34,32) r(2,54) r(27,48) d(35) d(31) a(34,176) d(28) a(25,49) a(1,70)
50; r(2,34) a(31,138) a(35,94) r(34,32) r(2,54) r(27,48) d(35) d(31) a(34,176) d(28) a(25,49) d(1)
51; r(2,34) a(31,138) a(35,94) d(33) d(32) r(28,164) a(27,138) r(1,38) r(25,53)
52; r(32,87) d(35) a(34,69) d(34) d(2) a(33,48) r(25,100) r(33,170) d(31)
53; r(2,34) a(31,138) r(31,94) r(35,134) d(33) r(25,34) a(28,78) r(32,84) a(1,57)
54; r(32,87) d(2) a(34,76)
55; r(32,69) d(35) a(33,57) d(34) a(33,48) d(27) a(3,46) d(25) a(28,44)
56; a(1,78) r(34,25) r(27,134) a(25,62) d(35) a(34,69) d(34) r(28,46) d(1) d(25) d(33) a(32,28)
57; r(32,87) d(35) a(1,76) r(25,83) a(28,70) a(28,69)
58; a(1,78) r(34,25) r(27,134) a(25,62) d(35) a(1,76) r(25,83) a(28,70) r(32,82)
59; r(32,87) d(35) a(34,69) d(34) r(28,46) d(1) d(25) d(33)
60; r(32,87) a(27,170) d(27) a(25,54) d(2) a(34,95) r(28,95) d(34) r(33,82)
61; r(2,34) a(31,138) r(31,94) r(35,134) d(33) r(25,34) a(28,78) d(1) d(32)
--------------------------------------------------------------------------------
Evaluation

0; 0.
1; 0.
2; 0.
3; 0.
4; 0.
5; 0.
6; 0.
7; 0.
8; 0.
9; 0.
10; 0.
11; 0.
12; 12.
13; 0.
14; 0.
15; 0.
16; 0.
17; 0.
18; 0.
19; 0.
20; 0.
21; 0.
22; 0.
23; 0.
24; 0.
25; 0.
26; 0.
27; 0.
28; 0.
29; 0.
30; 0.
31; 0.
32; 0.
33; 0.
34; 0.
35; 0.
36; 0.
37; 0.
38; 0.
39; 0.
40; 0.
41; 0.
42; 0.
43; 0.
44; 0.
45; 0.
46; 0.
47; 0.
48; 0.
49; 0.
50; 0.
51; 0.
52; 0.
53; 0.
54; 0.
55; 0.
56; 0.
57; 0.
58; 0.
59; 0.
60; 0.
61; 0.
================================================================================
Generation 9

--------------------------------------------------------------------------------
Selection

0; 34
1; 31
2; 9
3; 20
4; 13
5; 10
6; 1
7; 29
8; 0
9; 27
10; 11
11; 43
12; 58
13; 37
14; 13
15; 15
16; 55
17; 14
18; 40
19; 61
20; 13
21; 44
22; 26
23; 34
24; 9
25; 50
26; 24
27; 34
28; 33
29; 28
30; 2
31; 44
32; 47
33; 27
34; 5
35; 48
36; 44
37; 47
38; 52
39; 10
--------------------------------------------------------------------------------
Crossover

0; 58; a(1,78) r(34,25) r(27,134) a(25,62) d(35) a(1,76) r(25,83) a(28,70) r(32,82)
1; 48; r(2,34) d(32) r(28,164) a(27,138) r(1,38) a(34,130)
2; 10; r(32,87) d(35) a(34,69) d(34) d(2) a(33,48) r(25,100) r(33,170) a(28,158)
3; 20; r(32,69) r(2,54) r(27,48) d(35) d(31) a(34,176) d(1) r(34,32) a(28,25)
4; 9; r(2,34) r(33,170) r(28,177)
5; 55; r(32,69) d(35) a(33,57) d(34) a(33,48) d(27) a(3,46) d(25) a(28,44)
6; 27; a(1,78) r(1,54) r(31,84) d(27) a(34,64)
7; 29; r(32,87) d(35) a(34,69) d(34) d(2) a(33,48) r(25,100) r(33,170) r(1,37)
8; 40, 1; r(32,87) a(2,170) d(35) r(31,27) d(35) r(31,27) r(33,94)
9; 40, 1; r(32,1) a(34,47) d(34) d(25) a(33,60)
10; 40; r(32,87) a(33,60)
11; 1; r(32,1) a(34,47) d(34) d(25) a(2,170) d(35) r(31,27) d(35) r(31,27) r(33,94)
12; 43, 34; r(32,69) r(35,158) d(25) d(35) a(1,25) r(1,176)
13; 43, 34; r(32,1) a(34,37) a(35,44) d(34) d(31) a(34,97) d(33) d(28) a(1,28) r(3,135) a(25,76) r(2,51)
14; 43; r(32,69) r(35,158) a(34,97) d(33) d(28) a(1,28) r(3,135) a(25,76) r(2,51)
15; 34; r(32,1) a(34,37) a(35,44) d(34) d(31) d(25) d(35) a(1,25) r(1,176)
16; 44; r(32,69) r(2,54) r(27,48) d(35) d(31) a(34,176) a(1,28) r(34,25) a(25,54) d(2) a(34,95) r(28,95) d(34) r(33,158)
17; 61; r(2,34) a(31,138) r(31,94) r(35,134) d(33) r(25,34) a(28,78) d(1) d(32)
18; 47; r(32,87) a(27,170) d(27) a(25,54) d(2) a(34,95) r(28,95) d(34) d(35)
19; 5; r(2,34) a(31,138) a(35,94) r(34,32) r(28,65) r(35,83) d(33) a(27,31) r(32,46)
20; 28, 9; r(32,87) a(27,170) d(27) a(25,54) d(2) a(34,95) r(28,95) d(34) r(35,32) r(28,177)
21; 28, 9; r(2,34) r(33,170)
22; 28; r(32,87) a(27,170) d(27) a(25,54) d(2) a(34,95) r(28,95) d(34) r(35,32)
23; 9; r(2,34) r(33,170) r(28,177)
24; 52; r(32,87) d(35) a(34,69) d(34) d(2) a(33,48) r(25,100) r(33,170) d(31)
25; 33; r(32,69) r(2,54) r(27,48) d(35) d(31) a(34,176) d(1) r(34,32) d(25)
26; 14, 13; r(2,34) a(31,138) r(32,35)
27; 14, 13; a(1,78) a(31,138) a(35,94) r(34,32) r(28,65) r(35,83) d(33) r(25,36) a(35,94) r(34,32) r(28,65) r(35,83) d(33) r(25,36) r(32,64)
28; 14; r(2,34) a(31,138) a(35,94) r(34,32) r(28,65) r(35,83) d(33) r(25,36) r(32,64)
29; 13; a(1,78) a(31,138) a(35,94) r(34,32) r(28,65) r(35,83) d(33) r(25,36) r(32,35)
30; 31, 15; r(32,69) r(2,54) r(27,48) d(35) d(31) a(32,44)
31; 31, 15; a(1,78) r(1,54) r(31,84) r(35,77) a(34,176) d(1) r(34,51) d(35) a(33,80)
32; 31; r(32,69) r(2,54) r(27,48) d(35) d(31) a(34,176) d(1) r(34,51) d(35) a(33,80)
33; 15; a(1,78) r(1,54) r(31,84) r(35,77) a(32,44)
34; 37; r(2,34) a(31,138) a(35,94) d(33) d(32) r(31,84) a(34,25) r(27,47)
35; 24; r(32,87) d(35) a(34,69) d(34) a(33,48) d(1) r(33,36) d(31) r(25,170)
36; 26; r(2,34) a(31,138) r(31,94) r(35,134) d(33) r(25,34) d(32) a(28,47) a(28,134)
37; 11; r(2,34) a(31,138) r(31,94) r(35,134) d(33) r(25,34) d(32) a(28,47) a(28,112)
38; 2, 44; r(32,1) a(34,47) d(34) a(25,54) d(2) a(34,95) r(28,95) d(34) r(33,158)
39; 2, 44; r(32,69) r(2,54) r(27,48) d(35) d(31) a(34,176) a(1,28) r(34,25) d(25) a(2,170) d(35) r(31,27) a(2,86)
40; 2; r(32,1) a(34,47) d(34) d(25) a(2,170) d(35) r(31,27) a(2,86)
41; 44; r(32,69) r(2,54) r(27,48) d(35) d(31) a(34,176) a(1,28) r(34,25) a(25,54) d(2) a(34,95) r(28,95) d(34) r(33,158)
42; 44; r(32,69) r(2,54) r(27,48) d(35) d(31) a(34,176) a(1,28) r(34,25) a(25,54) d(2) a(34,95) r(28,95) d(34) r(33,158)
43; 0; r(32,1) a(34,47) d(34) d(25) a(2,170) a(35,64)
44; 34; r(32,1) a(34,37) a(35,44) d(34) d(31) d(25) d(35) a(1,25) r(1,176)
45; 13; a(1,78) a(31,138) a(35,94) r(34,32) r(28,65) r(35,83) d(33) r(25,36) r(32,35)
46; 47; r(32,87) a(27,170) d(27) a(25,54) d(2) a(34,95) r(28,95) d(34) d(35)
47; 34; r(32,1) a(34,37) a(35,44) d(34) d(31) d(25) d(35) a(1,25) r(1,176)
48; 50, 27; r(2,34) a(31,138)
49; 50, 27; a(1,78) r(1,54) r(31,84) d(27) a(34,64) a(35,94) r(34,32) r(2,54) r(27,48) d(35) d(31) a(34,176) d(28) a(25,49) d(1)
50; 50; r(2,34) a(31,138) a(35,94) r(34,32) r(2,54) r(27,48) d(35) d(31) a(34,176) d(28) a(25,49) d(1)
51; 27; a(1,78) r(1,54) r(31,84) d(27) a(34,64)
52; 10; r(32,87) d(35) a(34,69) d(34) d(2) a(33,48) r(25,100) r(33,170) a(28,158)
53; 13; a(1,78) a(31,138) a(35,94) r(34,32) r(28,65) r(35,83) d(33) r(25,36) r(32,35)
--------------------------------------------------------------------------------
Mutation

0; a(1,78) r(34,25) r(27,134) a(25,62) d(35) a(1,76) r(25,83) a(28,70) r(32,82) r(33,34)
1; r(2,34) d(32) r(28,164) a(27,138) r(1,38) a(34,130) a(34,38)
2; r(32,87) d(35) a(34,69) d(34) d(2) a(33,48) r(25,100) r(33,170) a(28,158) a(31,33)
3; r(32,69) r(2,54) r(27,48) d(35) d(31) a(34,176) d(1) r(34,32) a(28,25) a(33,76)
4; r(2,34) r(33,170) r(28,177) r(27,52)
5; r(32,69) d(35) a(33,57) d(34) a(33,48) d(27) a(3,46) d(25) a(28,44) a(33,94)
6; a(1,78) r(1,54) r(31,84) d(27) a(34,64) r(35,1)
7; r(32,87) d(35) a(34,69) d(34) d(2) a(33,48) r(25,100) r(33,170) r(1,37) d(28)
8; r(32,87) a(2,170) d(35) r(31,27) d(35) r(31,27) r(33,94) a(3,96)
9; r(32,1) a(34,47) d(34) d(25) a(33,60) r(35,32)
10; r(32,87) a(33,60) r(34,177)
11; r(32,1) a(34,47) d(34) d(25) a(2,170) d(35) r(31,27) d(35) r(31,27) r(33,94) a(3,86)
12; r(32,69) r(35,158) d(25) d(35) a(1,25) r(1,176) d(28)
13; r(32,1) a(34,37) a(35,44) d(34) d(31) a(34,97) d(33) d(28) a(1,28) r(3,135) a(25,76) r(2,51) r(25,80)
14; r(32,69) r(35,158) a(34,97) d(33) d(28) a(1,28) r(3,135) a(25,76) r(2,51) r(27,170)
15; r(32,1) a(34,37) a(35,44) d(34) d(31) d(25) d(35) a(1,25) r(1,176) a(33,52)
16; r(32,69) r(2,54) r(27,48) d(35) d(31) a(34,176) a(1,28) r(34,25) a(25,54) d(2) a(34,95) r(28,95) d(34) r(33,158) a(25,36)
17; r(2,34) a(31,138) r(31,94) r(35,134) d(33) r(25,34) a(28,78) d(1) d(32) a(28,148)
18; r(32,87) a(27,170) d(27) a(25,54) d(2) a(34,95) r(28,95) d(34) d(35) r(33,170)
19; r(2,34) a(31,138) a(35,94) r(34,32) r(28,65) r(35,83) d(33) a(27,31) r(32,46) d(27)
20; r(32,87) a(27,170) d(27) a(25,54) d(2) a(34,95) r(28,95) d(34) r(35,32) r(28,177) r(1,35)
21; r(2,34) r(33,170) r(31,77)
22; r(32,87) a(27,170) d(27) a(25,54) d(2) a(34,95) r(28,95) d(34) r(35,32) a(1,38)
23; r(2,34) r(33,170) r(28,177) r(1,176)
24; r(32,87) d(35) a(34,69) d(34) d(2) a(33,48) r(25,100) r(33,170) d(31) d(28)
25; r(32,69) r(2,54) r(27,48) d(35) d(31) a(34,176) d(1) r(34,32) d(25) a(33,148)
26; r(2,34) a(31,138) r(32,35) d(35)
27; a(1,78) a(31,138) a(35,94) r(34,32) r(28,65) r(35,83) d(33) r(25,36) a(35,94) r(34,32) r(28,65) r(35,83) d(33) r(25,36) r(32,64) d(2)
28; r(2,34) a(31,138) a(35,94) r(34,32) r(28,65) r(35,83) d(33) r(25,36) r(32,64) d(1)
29; a(1,78) a(31,138) a(35,94) r(34,32) r(28,65) r(35,83) d(33) r(25,36) r(32,35) d(2)
30; r(32,69) r(2,54) r(27,48) d(35) d(31) a(32,44) d(34)
31; a(1,78) r(1,54) r(31,84) r(35,77) a(34,176) d(1) r(34,51) d(35) a(33,80) a(33,37)
32; r(32,69) r(2,54) r(27,48) d(35) d(31) a(34,176) d(1) r(34,51) d(35) a(33,80) r(33,69)
33; a(1,78) r(1,54) r(31,84) r(35,77) a(32,44) a(34,54)
34; r(2,34) a(31,138) a(35,94) d(33) d(32) r(31,84) a(34,25) r(27,47) d(28)
35; r(32,87) d(35) a(34,69) d(34) a(33,48) d(1) r(33,36) d(31) r(25,170) d(28)
36; r(2,34) a(31,138) r(31,94) r(35,134) d(33) r(25,34) d(32) a(28,47) a(28,134) r(1,47)
37; r(2,34) a(31,138) r(31,94) r(35,134) d(33) r(25,34) d(32) a(28,47) a(28,112) a(1,138)
38; r(32,1) a(34,47) d(34) a(25,54) d(2) a(34,95) r(28,95) d(34) r(33,158) r(27,80)
39; r(32,69) r(2,54) r(27,48) d(35) d(31) a(34,176) a(1,28) r(34,25) d(25) a(2,170) d(35) r(31,27) a(2,86) d(33)
40; r(32,1) a(34,47) d(34) d(25) a(2,170) d(35) r(31,27) a(2,86) r(28,170)
41; r(32,69) r(2,54) r(27,48) d(35) d(31) a(34,176) a(1,28) r(34,25) a(25,54) d(2) a(34,95) r(28,95) d(34) r(33,158) r(1,27)
42; r(32,69) r(2,54) r(27,48) d(35) d(31) a(34,176) a(1,28) r(34,25) a(25,54) d(2) a(34,95) r(28,95) d(34) r(33,158) r(25,34)
43; r(32,1) a(34,47) d(34) d(25) a(2,170) a(35,64) a(28,80)
44; r(32,1) a(34,37) a(35,44) d(34) d(31) d(25) d(35) a(1,25) r(1,176) a(28,95)
45; a(1,78) a(31,138) a(35,94) r(34,32) r(28,65) r(35,83) d(33) r(25,36) r(32,35) a(3,35)
46; r(32,87) a(27,170) d(27) a(25,54) d(2) a(34,95) r(28,95) d(34) d(35) r(33,134)
47; r(32,1) a(34,37) a(35,44) d(34) d(31) d(25) d(35) a(1,25) r(1,176) r(28,95)
48; r(2,34) a(31,138) d(1)
49; a(1,78) r(1,54) r(31,84) d(27) a(34,64) a(35,94) r(34,32) r(2,54) r(27,48) d(35) d(31) a(34,176) d(28) a(25,49) d(1) a(25,1)
50; r(2,34) a(31,138) a(35,94) r(34,32) r(2,54) r(27,48) d(35) d(31) a(34,176) d(28) a(25,49) d(1) d(33)
51; a(1,78) r(1,54) r(31,84) d(27) a(34,64) r(34,28)
52; r(32,87) d(35) a(34,69) d(34) d(2) a(33,48) r(25,100) r(33,170) a(28,158) a(1,70)
53; a(1,78) a(31,138) a(35,94) r(34,32) r(28,65) r(35,83) d(33) r(25,36) r(32,35) a(1,44)
--------------------------------------------------------------------------------
Evaluation

0; 0.
1; 0.
2; 0.
3; 0.
4; 0.
5; 0.
6; 0.
7; 0.
8; 0.
9; 0.
10; 0.
11; 0.
12; 0.
13; 0.
14; 0.
15; 0.
16; 0.
17; 0.
18; 0.
19; 0.
20; 0.
21; 0.
22; 0.
23; 0.
24; 0.
25; 0.
26; 0.
27; 0.
28; 0.
29; 0.
30; 0.
31; 0.
32; 0.
33; 0.
34; 0.
35; 0.
36; 0.
37; 0.
38; 0.
39; 0.
40; 0.
41; 0.
42; 0.
43; 0.
44; 0.
45; 0.
46; 0.
47; 0.
48; 4.
49; 0.
50; 0.
51; 0.
52; 0.
53; 0.
================================================================================
Generation 10

--------------------------------------------------------------------------------
Selection

0; 28
1; 37
2; 6
3; 33
4; 44
5; 7
6; 11
7; 15
8; 9
9; 40
10; 1
11; 27
12; 50
13; 10
14; 20
15; 3
16; 19
17; 36
18; 16
19; 46
20; 4
21; 40
22; 7
23; 53
24; 17
25; 22
26; 34
27; 44
28; 12
29; 27
30; 0
31; 36
32; 2
33; 43
34; 38
35; 22
36; 32
37; 47
38; 29
39; 33
--------------------------------------------------------------------------------
Crossover

0; 1; r(2,34) d(32) r(28,164) a(27,138) r(1,38) a(34,130) a(34,38)
1; 11; r(32,1) a(34,47) d(34) d(25) a(2,170) d(35) r(31,27) d(35) r(31,27) r(33,94) a(3,86)
2; 36, 53; r(2,34) a(31,138) r(31,94) r(35,134) d(33) r(25,34) d(33) r(25,36) r(32,35) a(1,44)
3; 36, 53; a(1,78) a(31,138) a(35,94) r(34,32) r(28,65) r(35,83) d(32) a(28,47) a(28,134) r(1,47)
4; 36; r(2,34) a(31,138) r(31,94) r(35,134) d(33) r(25,34) d(32) a(28,47) a(28,134) r(1,47)
5; 53; a(1,78) a(31,138) a(35,94) r(34,32) r(28,65) r(35,83) d(33) r(25,36) r(32,35) a(1,44)
6; 3, 2; r(32,69) r(2,54) r(27,48) d(35) d(31) a(34,176) d(1) r(34,32) a(28,25) a(33,76) a(28,158) a(31,33)
7; 3, 2; r(32,87) d(35) a(34,69) d(34) d(2) a(33,48) r(25,100) r(33,170)
8; 3; r(32,69) r(2,54) r(27,48) d(35) d(31) a(34,176) d(1) r(34,32) a(28,25) a(33,76)
9; 2; r(32,87) d(35) a(34,69) d(34) d(2) a(33,48) r(25,100) r(33,170) a(28,158) a(31,33)
10; 27, 36; a(1,78) a(31,138) a(35,94) r(34,32) r(28,65) r(35,83) d(33) r(25,36) a(35,94) r(34,32) r(28,65) r(35,83) d(33) r(25,36) r(32,64) r(1,47)
11; 27, 36; r(2,34) a(31,138) r(31,94) r(35,134) d(33) r(25,34) d(32) a(28,47) a(28,134) d(2)
12; 27; a(1,78) a(31,138) a(35,94) r(34,32) r(28,65) r(35,83) d(33) r(25,36) a(35,94) r(34,32) r(28,65) r(35,83) d(33) r(25,36) r(32,64) d(2)
13; 36; r(2,34) a(31,138) r(31,94) r(35,134) d(33) r(25,34) d(32) a(28,47) a(28,134) r(1,47)
14; 22, 4; r(32,87) a(27,170) d(27) a(25,54) d(2) a(34,95) r(28,95) r(27,52)
15; 22, 4; r(2,34) r(33,170) r(28,177) d(34) r(35,32) a(1,38)
16; 22; r(32,87) a(27,170) d(27) a(25,54) d(2) a(34,95) r(28,95) d(34) r(35,32) a(1,38)
17; 4; r(2,34) r(33,170) r(28,177) r(27,52)
18; 10; r(32,87) a(33,60) r(34,177)
19; 43; r(32,1) a(34,47) d(34) d(25) a(2,170) a(35,64) a(28,80)
20; 34; r(2,34) a(31,138) a(35,94) d(33) d(32) r(31,84) a(34,25) r(27,47) d(28)
21; 7; r(32,87) d(35) a(34,69) d(34) d(2) a(33,48) r(25,100) r(33,170) r(1,37) d(28)
22; 27; a(1,78) a(31,138) a(35,94) r(34,32) r(28,65) r(35,83) d(33) r(25,36) a(35,94) r(34,32) r(28,65) r(35,83) d(33) r(25,36) r(32,64) d(2)
23; 37; r(2,34) a(31,138) r(31,94) r(35,134) d(33) r(25,34) d(32) a(28,47) a(28,112) a(1,138)
24; 16, 32; r(32,69) r(2,54) r(27,48) d(35) d(31) a(34,176) a(1,28) r(34,25) a(25,54) d(2) a(34,95) a(34,176) d(1) r(34,51) d(35) a(33,80) r(33,69)
25; 16, 32; r(32,69) r(2,54) r(27,48) d(35) d(31) r(28,95) d(34) r(33,158) a(25,36)
26; 16; r(32,69) r(2,54) r(27,48) d(35) d(31) a(34,176) a(1,28) r(34,25) a(25,54) d(2) a(34,95) r(28,95) d(34) r(33,158) a(25,36)
27; 32; r(32,69) r(2,54) r(27,48) d(35) d(31) a(34,176) d(1) r(34,51) d(35) a(33,80) r(33,69)
28; 28, 50; r(2,34) a(31,138) a(35,94) r(34,32) r(28,65) r(35,83) d(33) r(25,36) r(32,64) a(31,138) a(35,94) r(34,32) r(2,54) r(27,48) d(35) d(31) a(34,176) d(28) a(25,49) d(1) d(33)
29; 28, 50; r(2,34) d(1)
30; 28; r(2,34) a(31,138) a(35,94) r(34,32) r(28,65) r(35,83) d(33) r(25,36) r(32,64) d(1)
31; 50; r(2,34) a(31,138) a(35,94) r(34,32) r(2,54) r(27,48) d(35) d(31) a(34,176) d(28) a(25,49) d(1) d(33)
32; 33; a(1,78) r(1,54) r(31,84) r(35,77) a(32,44) a(34,54)
33; 22; r(32,87) a(27,170) d(27) a(25,54) d(2) a(34,95) r(28,95) d(34) r(35,32) a(1,38)
34; 0, 6; a(1,78) r(34,25) r(27,134) a(25,62) d(35) a(1,76) d(27) a(34,64) r(35,1)
35; 0, 6; a(1,78) r(1,54) r(31,84) r(25,83) a(28,70) r(32,82) r(33,34)
36; 0; a(1,78) r(34,25) r(27,134) a(25,62) d(35) a(1,76) r(25,83) a(28,70) r(32,82) r(33,34)
37; 6; a(1,78) r(1,54) r(31,84) d(27) a(34,64) r(35,1)
38; 33; a(1,78) r(1,54) r(31,84) r(35,77) a(32,44) a(34,54)
39; 38; r(32,1) a(34,47) d(34) a(25,54) d(2) a(34,95) r(28,95) d(34) r(33,158) r(27,80)
40; 12; r(32,69) r(35,158) d(25) d(35) a(1,25) r(1,176) d(28)
41; 19; r(2,34) a(31,138) a(35,94) r(34,32) r(28,65) r(35,83) d(33) a(27,31) r(32,46) d(27)
42; 40, 44; r(32,1) a(34,47) a(34,37) a(35,44) d(34) d(31) d(25) d(35) a(1,25) r(1,176) a(28,95)
43; 40, 44; r(32,1) d(34) d(25) a(2,170) d(35) r(31,27) a(2,86) r(28,170)
44; 40; r(32,1) a(34,47) d(34) d(25) a(2,170) d(35) r(31,27) a(2,86) r(28,170)
45; 44; r(32,1) a(34,37) a(35,44) d(34) d(31) d(25) d(35) a(1,25) r(1,176) a(28,95)
46; 46; r(32,87) a(27,170) d(27) a(25,54) d(2) a(34,95) r(28,95) d(34) d(35) r(33,134)
47; 44; r(32,1) a(34,37) a(35,44) d(34) d(31) d(25) d(35) a(1,25) r(1,176) a(28,95)
48; 29, 40; a(1,78) r(28,170)
49; 29, 40; r(32,1) a(34,47) d(34) d(25) a(2,170) d(35) r(31,27) a(2,86) a(31,138) a(35,94) r(34,32) r(28,65) r(35,83) d(33) r(25,36) r(32,35) d(2)
50; 29; a(1,78) a(31,138) a(35,94) r(34,32) r(28,65) r(35,83) d(33) r(25,36) r(32,35) d(2)
51; 40; r(32,1) a(34,47) d(34) d(25) a(2,170) d(35) r(31,27) a(2,86) r(28,170)
52; 47; r(32,1) a(34,37) a(35,44) d(34) d(31) d(25) d(35) a(1,25) r(1,176) r(28,95)
53; 7; r(32,87) d(35) a(34,69) d(34) d(2) a(33,48) r(25,100) r(33,170) r(1,37) d(28)
54; 9; r(32,1) a(34,47) d(34) d(25) a(33,60) r(35,32)
55; 15; r(32,1) a(34,37) a(35,44) d(34) d(31) d(25) d(35) a(1,25) r(1,176) a(33,52)
56; 17; r(2,34) a(31,138) r(31,94) r(35,134) d(33) r(25,34) a(28,78) d(1) d(32) a(28,148)
57; 20; r(32,87) a(27,170) d(27) a(25,54) d(2) a(34,95) r(28,95) d(34) r(35,32) r(28,177) r(1,35)
--------------------------------------------------------------------------------
Mutation

0; r(2,34) d(32) r(28,164) a(27,138) r(1,38) a(34,130) a(34,38) r(34,84)
1; r(32,1) a(34,47) d(34) d(25) a(2,170) d(35) r(31,27) d(35) r(31,27) r(33,94) a(3,86) a(28,65)
2; r(2,34) a(31,138) r(31,94) r(35,134) d(33) r(25,34) d(33) r(25,36) r(32,35) a(1,44) a(1,36)
3; a(1,78) a(31,138) a(35,94) r(34,32) r(28,65) r(35,83) d(32) a(28,47) a(28,134) r(1,47) a(33,28)
4; r(2,34) a(31,138) r(31,94) r(35,134) d(33) r(25,34) d(32) a(28,47) a(28,134) r(1,47) d(28)
5; a(1,78) a(31,138) a(35,94) r(34,32) r(28,65) r(35,83) d(33) r(25,36) r(32,35) a(1,44) a(2,56)
6; r(32,69) r(2,54) r(27,48) d(35) d(31) a(34,176) d(1) r(34,32) a(28,25) a(33,76) a(28,158) a(31,33) a(33,83)
7; r(32,87) d(35) a(34,69) d(34) d(2) a(33,48) r(25,100) r(33,170) r(28,100)
8; r(32,69) r(2,54) r(27,48) d(35) d(31) a(34,176) d(1) r(34,32) a(28,25) a(33,76) d(28)
9; r(32,87) d(35) a(34,69) d(34) d(2) a(33,48) r(25,100) r(33,170) a(28,158) a(31,33) d(1)
10; a(1,78) a(31,138) a(35,94) r(34,32) r(28,65) r(35,83) d(33) r(25,36) a(35,94) r(34,32) r(28,65) r(35,83) d(33) r(25,36) r(32,64) r(1,47)
11; r(2,34) a(31,138) r(31,94) r(35,134) d(33) r(25,34) d(32) a(28,47) a(28,134) d(2) r(1,34)
12; a(1,78) a(31,138) a(35,94) r(34,32) r(28,65) r(35,83) d(33) r(25,36) a(35,94) r(34,32) r(28,65) r(35,83) d(33) r(25,36) r(32,64) d(2) d(1)
13; r(2,34) a(31,138) r(31,94) r(35,134) d(33) r(25,34) d(32) a(28,47) a(28,134) r(1,47) d(28)
14; r(32,87) a(27,170) d(27) a(25,54) d(2) a(34,95) r(28,95) r(27,52) r(35,53)
15; r(2,34) r(33,170) r(28,177) d(34) r(35,32) a(1,38) d(25)
16; r(32,87) a(27,170) d(27) a(25,54) d(2) a(34,95) r(28,95) d(34) r(35,32) a(1,38) d(25)
17; r(2,34) r(33,170) r(28,177) r(27,52) a(32,51)
18; r(32,87) a(33,60) r(34,177) r(2,52)
19; r(32,1) a(34,47) d(34) d(25) a(2,170) a(35,64) a(28,80) a(35,130)
20; r(2,34) a(31,138) a(35,94) d(33) d(32) r(31,84) a(34,25) r(27,47) d(28) r(1,65)
21; r(32,87) d(35) a(34,69) d(34) d(2) a(33,48) r(25,100) r(33,170) r(1,37) d(28)
22; a(1,78) a(31,138) a(35,94) r(34,32) r(28,65) r(35,83) d(33) r(25,36) a(35,94) r(34,32) r(28,65) r(35,83) d(33) r(25,36) r(32,64) d(2) a(1,158)
23; r(2,34) a(31,138) r(31,94) r(35,134) d(33) r(25,34) d(32) a(28,47) a(28,112) a(1,138) d(1)
24; r(32,69) r(2,54) r(27,48) d(35) d(31) a(34,176) a(1,28) r(34,25) a(25,54) d(2) a(34,95) a(34,176) d(1) r(34,51) d(35) a(33,80) r(33,69) r(25,134)
25; r(32,69) r(2,54) r(27,48) d(35) d(31) r(28,95) d(34) r(33,158) a(25,36) r(25,158)
26; r(32,69) r(2,54) r(27,48) d(35) d(31) a(34,176) a(1,28) r(34,25) a(25,54) d(2) a(34,95) r(28,95) d(34) r(33,158) a(25,36) r(1,31)
27; r(32,69) r(2,54) r(27,48) d(35) d(31) a(34,176) d(1) r(34,51) d(35) a(33,80) r(33,69) a(25,31)
28; r(2,34) a(31,138) a(35,94) r(34,32) r(28,65) r(35,83) d(33) r(25,36) r(32,64) a(31,138) a(35,94) r(34,32) r(2,54) r(27,48) d(35) d(31) a(34,176) d(28) a(25,49) d(1) d(33)
29; r(2,34) d(1) a(35,49)
30; r(2,34) a(31,138) a(35,94) r(34,32) r(28,65) r(35,83) d(33) r(25,36) r(32,64) d(1)
31; r(2,34) a(31,138) a(35,94) r(34,32) r(2,54) r(27,48) d(35) d(31) a(34,176) d(28) a(25,49) d(1) d(33) a(25,46)
32; a(1,78) r(1,54) r(31,84) r(35,77) a(32,44) a(34,54) d(33)
33; r(32,87) a(27,170) d(27) a(25,54) d(2) a(34,95) r(28,95) d(34) r(35,32) a(1,38) a(1,97)
34; a(1,78) r(34,25) r(27,134) a(25,62) d(35) a(1,76) d(27) a(34,64) r(35,1) d(1)
35; a(1,78) r(1,54) r(31,84) r(25,83) a(28,70) r(32,82) r(33,34) a(28,54)
36; a(1,78) r(34,25) r(27,134) a(25,62) d(35) a(1,76) r(25,83) a(28,70) r(32,82) r(33,34) r(2,96)
37; a(1,78) r(1,54) r(31,84) d(27) a(34,64) r(35,1) r(34,164)
38; a(1,78) r(1,54) r(31,84) r(35,77) a(32,44) a(34,54) a(34,84)
39; r(32,1) a(34,47) d(34) a(25,54) d(2) a(34,95) r(28,95) d(34) r(33,158) r(27,80) r(25,134)
40; r(32,69) r(35,158) d(25) d(35) a(1,25) r(1,176) d(28) r(34,28)
41; r(2,34) a(31,138) a(35,94) r(34,32) r(28,65) r(35,83) d(33) a(27,31) r(32,46) d(27) r(1,62)
42; r(32,1) a(34,47) a(34,37) a(35,44) d(34) d(31) d(25) d(35) a(1,25) r(1,176) a(28,95) d(28)
43; r(32,1) d(34) d(25) a(2,170) d(35) r(31,27) a(2,86) r(28,170) d(2)
44; r(32,1) a(34,47) d(34) d(25) a(2,170) d(35) r(31,27) a(2,86) r(28,170) d(33)
45; r(32,1) a(34,37) a(35,44) d(34) d(31) d(25) d(35) a(1,25) r(1,176) a(28,95) a(33,87)
46; r(32,87) a(27,170) d(27) a(25,54) d(2) a(34,95) r(28,95) d(34) d(35) r(33,134) a(1,47)
47; r(32,1) a(34,37) a(35,44) d(34) d(31) d(25) d(35) a(1,25) r(1,176) a(28,95) d(33)
48; a(1,78) r(28,170) a(34,28)
49; r(32,1) a(34,47) d(34) d(25) a(2,170) d(35) r(31,27) a(2,86) a(31,138) a(35,94) r(34,32) r(28,65) r(35,83) d(33) r(25,36) r(32,35) d(2) a(1,99)
50; a(1,78) a(31,138) a(35,94) r(34,32) r(28,65) r(35,83) d(33) r(25,36) r(32,35) d(2) a(1,177)
51; r(32,1) a(34,47) d(34) d(25) a(2,170) d(35) r(31,27) a(2,86) r(28,170) r(2,112)
52; r(32,1) a(34,37) a(35,44) d(34) d(31) d(25) d(35) a(1,25) r(1,176) r(28,95) a(33,57)
53; r(32,87) d(35) a(34,69) d(34) d(2) a(33,48) r(25,100) r(33,170) r(1,37) d(28)
54; r(32,1) a(34,47) d(34) d(25) a(33,60) r(35,32) a(3,99)
55; r(32,1) a(34,37) a(35,44) d(34) d(31) d(25) d(35) a(1,25) r(1,176) a(33,52) r(33,35)
56; r(2,34) a(31,138) r(31,94) r(35,134) d(33) r(25,34) a(28,78) d(1) d(32) a(28,148) a(28,52)
57; r(32,87) a(27,170) d(27) a(25,54) d(2) a(34,95) r(28,95) d(34) r(35,32) r(28,177) r(1,35) d(33)
--------------------------------------------------------------------------------
Evaluation

0; 0.
1; 0.
2; 0.
3; 0.
4; 0.
5; 0.
6; 0.
7; 0.
8; 0.
9; 0.
10; 0.
11; 0.
12; 0.
13; 0.
14; 0.
15; 0.
16; 0.
17; 0.
18; 0.
19; 0.
20; 0.
21; 0.
22; 0.
23; 0.
24; 12.
25; 0.
26; 0.
27; 0.
28; 0.
29; 4.
30; 0.
31; 0.
32; 0.
33; 0.
34; 0.
35; 0.
36; 0.
37; 0.
38; 0.
39; 0.
40; 0.
41; 0.
42; 0.
43; 0.
44; 0.
45; 0.
46; 0.
47; 0.
48; 0.
49; 0.
50; 0.
51; 0.
52; 0.
53; 0.
54; 0.
55; 0.
56; 0.
57; 0.
