================================================================================
Enclosure

1: 0
2: 1
3: 2
4: 3
7: 1
8: 7
10: 0
12: 0
14: 0
15: 0
16: 15
17: 15
22: 7
23: 1
24: 1
25: 0
26: 25
27: 25
28: 0
29: 28
30: 28
31: 28
32: 0
33: 0
34: 33
35: 33
36: 33
37: 0
38: 0
39: 38
40: 38
41: 40
42: 40
43: 40
44: 38
45: 0
46: 0
47: 0
48: 0
49: 0
50: 49
51: 49
52: 49
53: 52
54: 52
55: 52
56: 55
57: 56
60: 49
61: 49
62: 61
64: 49
65: 49
67: 0
69: 67
70: 0
72: 0
75: 49
76: 0
77: 0
78: 77
79: 77
80: 79
82: 77
83: 77
84: 83
85: 83
86: 77
87: 77
89: 0
90: 0
94: 0
95: 94
96: 94
97: 96
99: 94
100: 94
102: 0
105: 0
106: 0
107: 106
108: 107
110: 106
111: 110
112: 110
113: 106
114: 106
115: 0
116: 115
117: 115
118: 117
119: 117
120: 119
121: 119
122: 117
123: 115
124: 0
125: 0
126: 0
127: 126
128: 126
129: 126
130: 129
132: 126
133: 126
134: 133
135: 133
136: 126
138: 136
139: 126
140: 126
141: 126
142: 0
143: 142
144: 143
146: 142
147: 0
148: 0
149: 0
150: 0
151: 150
152: 150
153: 150
154: 150
155: 150
156: 155
158: 155
159: 150
160: 159
161: 159
162: 161
164: 159
165: 150
166: 165
167: 165
168: 167
169: 167
170: 165
171: 150
172: 150
173: 150
174: 173
176: 173
177: 150
178: 0
================================================================================
Initialisation

0; a(35,70); 4.
1; d(34); 4.
2; d(34); 4.
3; a(34,164); 4.
4; r(35,95); 4.
5; d(34); 4.
6; d(34); 4.
7; r(34,25); 4.
8; a(2,62); 4.
9; r(34,99); 4.
10; r(34,60); 4.
11; r(34,76); 4.
12; r(1,80); 4.
13; a(33,27); 4.
14; d(32); 0.
15; r(34,94); 4.
16; a(31,27); 4.
17; r(35,94); 4.
18; d(35); 4.
19; d(35); 4.
20; a(35,100); 4.
21; d(34); 4.
22; r(33,64); 4.
23; d(35); 4.
24; d(34); 4.
25; d(27); 4.
26; a(35,38); 4.
27; a(34,37); 4.
28; a(34,95); 4.
29; d(35); 4.
30; d(32); 0.
31; d(35); 4.
32; r(27,25); 4.
33; d(35); 4.
34; a(35,38); 4.
35; r(32,82); 0.
36; d(35); 4.
37; a(35,83); 4.
38; r(34,64); 4.
39; original; 4.
================================================================================
Generation 1

--------------------------------------------------------------------------------
Selection

0; 8
1; 14
2; 0
3; 34
4; 30
5; 33
6; 2
7; 25
8; 23
9; 23
10; 30
11; 24
12; 23
13; 3
14; 4
15; 33
16; 3
17; 39
18; 14
19; 12
20; 10
21; 33
22; 19
23; 36
24; 26
25; 8
26; 15
27; 31
28; 35
29; 20
30; 28
31; 17
32; 14
33; 29
34; 31
35; 26
36; 35
37; 7
38; 27
39; 14
--------------------------------------------------------------------------------
Crossover

0; 10; r(34,60)
1; 23; d(35)
2; 30, 27; d(32)
3; 30, 27; a(34,37)
4; 30; d(32)
5; 27; a(34,37)
6; 30; d(32)
7; 35; r(32,82)
8; 33; d(35)
9; 0; a(35,70)
10; 25, 12; d(27)
11; 25, 12; r(1,80)
12; 25; d(27)
13; 12; r(1,80)
14; 14, 36; d(32)
15; 14, 36; d(35)
16; 14; d(32)
17; 36; d(35)
18; 20; a(35,100)
19; 3; a(34,164)
20; 4, 34; r(35,95)
21; 4, 34; a(35,38)
22; 4; r(35,95)
23; 34; a(35,38)
24; 28, 19; a(34,95)
25; 28, 19; d(35)
26; 28; a(34,95)
27; 19; d(35)
28; 31, 14; d(35)
29; 31, 14; d(32)
30; 31; d(35)
31; 14; d(32)
32; 35; r(32,82)
33; 2; d(34)
34; 17, 14; r(35,94)
35; 17, 14; d(32)
36; 17; r(35,94)
37; 14; d(32)
38; 7, 31; r(34,25)
39; 7, 31; d(35)
40; 7; r(34,25)
41; 31; d(35)
42; 39; original
43; 8; a(2,62)
44; 23; d(35)
45; 8; a(2,62)
46; 15, 23; r(34,94)
47; 15, 23; d(35)
48; 15; r(34,94)
49; 23; d(35)
50; 33; d(35)
51; 33; d(35)
52; 26; a(35,38)
53; 14; d(32)
54; 24; d(34)
55; 29; d(35)
56; 3; a(34,164)
57; 26; a(35,38)
--------------------------------------------------------------------------------
Mutation

0; r(34,60) a(35,1)
1; d(35) d(1)
2; d(32) d(2)
3; a(34,37) a(34,33)
4; d(32) a(3,69)
5; a(34,37) a(25,82)
6; d(32) a(34,51)
7; r(32,82) d(2)
8; d(35) r(34,77)
9; a(35,70) d(1)
10; d(27) d(35)
11; r(1,80) r(33,60)
12; d(27) d(28)
13; r(1,80) r(25,108)
14; d(32) r(35,148)
15; d(35) r(3,135)
16; d(32) d(28)
17; d(35) r(33,52)
18; a(35,100) a(35,70)
19; a(34,164) d(3)
20; r(35,95) r(25,51)
21; a(35,38) a(2,134)
22; r(35,95) d(1)
23; a(35,38) d(35)
24; a(34,95) r(35,60)
25; d(35) a(34,57)
26; a(34,95) d(27)
27; d(35) d(34)
28; d(35) a(34,176)
29; d(32) a(34,158)
30; d(35) r(34,60)
31; d(32) d(1)
32; r(32,82) d(34)
33; d(34) d(28)
34; r(35,94) a(34,148)
35; d(32) a(34,176)
36; r(35,94) r(34,65)
37; d(32) a(27,86)
38; r(34,25) a(25,57)
39; d(35) a(1,31)
40; r(34,25) d(35)
41; d(35) d(34)
42; a(34,148)
43; a(2,62) d(34)
44; d(35) d(34)
45; a(2,62) r(35,34)
46; r(34,94) d(35)
47; d(35) r(28,80)
48; r(34,94) a(2,65)
49; d(35) r(33,164)
50; d(35) d(34)
51; d(35) d(1)
52; a(35,38) d(34)
53; d(32) a(35,45)
54; d(34) d(32)
55; d(35) r(34,158)
56; a(34,164) a(34,78)
57; a(35,38) d(27)
--------------------------------------------------------------------------------
Evaluation

0; 4.
1; 4.
2; 0.
3; 4.
4; 0.
5; 0.
6; 0.
7; 0.
8; 4.
9; 4.
10; 4.
11; 4.
12; 0.
13; 4.
14; 0.
15; 12.
16; 0.
17; 4.
18; 4.
19; 12.
20; 0.
21; 4.
22; 4.
23; 4.
24; 4.
25; 4.
26; 4.
27; 4.
28; 4.
29; 0.
30; 4.
31; 0.
32; 0.
33; 0.
34; 4.
35; 0.
36; 4.
37; 0.
38; 4.
39; 4.
40; 4.
41; 4.
42; 4.
43; 4.
44; 4.
45; 4.
46; 4.
47; 0.
48; 4.
49; 4.
50; 4.
51; 4.
52; 4.
53; 0.
54; 0.
55; 4.
56; 4.
57; 4.
================================================================================
Generation 2

--------------------------------------------------------------------------------
Selection

0; 6
1; 28
2; 37
3; 29
4; 5
5; 5
6; 54
7; 33
8; 6
9; 6
10; 40
11; 32
12; 30
13; 12
14; 33
15; 42
16; 2
17; 20
18; 1
19; 55
20; 14
21; 10
22; 48
23; 57
24; 55
25; 53
26; 34
27; 6
28; 55
29; 46
30; 41
31; 5
32; 32
33; 18
34; 5
35; 29
36; 38
37; 56
38; 53
39; 49
--------------------------------------------------------------------------------
Crossover

0; 6; d(32) a(34,51)
1; 40; r(34,25) d(35)
2; 56, 54; a(34,164) d(32)
3; 56, 54; d(34) a(34,78)
4; 56; a(34,164) a(34,78)
5; 54; d(34) d(32)
6; 55, 33; d(35)
7; 55, 33; d(34) d(28) r(34,158)
8; 55; d(35) r(34,158)
9; 33; d(34) d(28)
10; 6, 18; d(32) a(35,70)
11; 6, 18; a(35,100) a(34,51)
12; 6; d(32) a(34,51)
13; 18; a(35,100) a(35,70)
14; 1, 49; d(35)
15; 1, 49; d(35) r(33,164) d(1)
16; 1; d(35) d(1)
17; 49; d(35) r(33,164)
18; 48, 20; r(34,94) a(2,65)
19; 48, 20; r(35,95) r(25,51)
20; 48; r(34,94) a(2,65)
21; 20; r(35,95) r(25,51)
22; 32; r(32,82) d(34)
23; 33; d(34) d(28)
24; 55, 41; d(35) r(34,158) d(34)
25; 55, 41; d(35)
26; 55; d(35) r(34,158)
27; 41; d(35) d(34)
28; 57, 29; a(35,38) d(27)
29; 57, 29; d(32) a(34,158)
30; 57; a(35,38) d(27)
31; 29; d(32) a(34,158)
32; 6; d(32) a(34,51)
33; 30; d(35) r(34,60)
34; 5, 5; a(34,37) a(25,82)
35; 5, 5; a(34,37) a(25,82)
36; 5; a(34,37) a(25,82)
37; 5; a(34,37) a(25,82)
38; 37, 2; d(32)
39; 37, 2; d(32) d(2) a(27,86)
40; 37; d(32) a(27,86)
41; 2; d(32) d(2)
42; 46; r(34,94) d(35)
43; 29; d(32) a(34,158)
44; 53; d(32) a(35,45)
45; 5; a(34,37) a(25,82)
46; 55; d(35) r(34,158)
47; 28; d(35) a(34,176)
48; 6, 5; d(32) a(34,51) a(25,82)
49; 6, 5; a(34,37)
50; 6; d(32) a(34,51)
51; 5; a(34,37) a(25,82)
52; 12; d(27) d(28)
53; 42; a(34,148)
54; 53, 14; d(32) a(35,45) r(35,148)
55; 53, 14; d(32)
56; 53; d(32) a(35,45)
57; 14; d(32) r(35,148)
58; 38, 32; r(34,25) a(25,57) d(34)
59; 38, 32; r(32,82)
60; 38; r(34,25) a(25,57)
61; 32; r(32,82) d(34)
62; 10; d(27) d(35)
63; 34; r(35,94) a(34,148)
--------------------------------------------------------------------------------
Mutation

0; d(32) a(34,51) a(3,57)
1; r(34,25) d(35) a(2,47)
2; a(34,164) d(32) d(2)
3; d(34) a(34,78) r(35,78)
4; a(34,164) a(34,78) a(34,148)
5; d(34) d(32) r(35,52)
6; d(35) r(34,97)
7; d(34) d(28) r(34,158) r(3,32)
8; d(35) r(34,158) d(32)
9; d(34) d(28) d(35)
10; d(32) a(35,70) r(35,48)
11; a(35,100) a(34,51) r(35,130)
12; d(32) a(34,51) d(28)
13; a(35,100) a(35,70) a(35,100)
14; d(35) a(1,65)
15; d(35) r(33,164) d(1) a(31,34)
16; d(35) d(1) r(34,99)
17; d(35) r(33,164) r(28,38)
18; r(34,94) a(2,65) r(31,97)
19; r(35,95) r(25,51) a(34,57)
20; r(34,94) a(2,65) a(35,47)
21; r(35,95) r(25,51) d(34)
22; r(32,82) d(34) d(35)
23; d(34) d(28) r(35,164)
24; d(35) r(34,158) d(34) a(1,1)
25; d(35) d(34)
26; d(35) r(34,158) a(31,52)
27; d(35) d(34) r(1,49)
28; a(35,38) d(27) r(35,51)
29; d(32) a(34,158) a(27,135)
30; a(35,38) d(27) r(35,57)
31; d(32) a(34,158) d(34)
32; d(32) a(34,51) a(34,138)
33; d(35) r(34,60) d(1)
34; a(34,37) a(25,82) a(35,46)
35; a(34,37) a(25,82) a(35,164)
36; a(34,37) a(25,82) r(34,49)
37; a(34,37) a(25,82) a(34,82)
38; d(32) r(34,54)
39; d(32) d(2) a(27,86) d(35)
40; d(32) a(27,86) d(33)
41; d(32) d(2) r(35,27)
42; r(34,94) d(35) r(1,130)
43; d(32) a(34,158) a(35,50)
44; d(32) a(35,45) d(34)
45; a(34,37) a(25,82) d(34)
46; d(35) r(34,158) d(33)
47; d(35) a(34,176) d(3)
48; d(32) a(34,51) a(25,82) r(34,99)
49; a(34,37) r(35,99)
50; d(32) a(34,51) r(35,164)
51; a(34,37) a(25,82) d(3)
52; d(27) d(28) d(34)
53; a(34,148) d(35)
54; d(32) a(35,45) r(35,148) d(28)
55; d(32) a(35,84)
56; d(32) a(35,45) a(27,69)
57; d(32) r(35,148) d(28)
58; r(34,25) a(25,57) d(34) r(35,134)
59; r(32,82) d(35)
60; r(34,25) a(25,57) r(25,97)
61; r(32,82) d(34) a(35,100)
62; d(27) d(35) a(31,54)
63; r(35,94) a(34,148) d(2)
--------------------------------------------------------------------------------
Evaluation

0; 0.
1; 4.
2; 0.
3; 4.
4; 4.
5; 0.
6; 4.
7; 12.
8; 0.
9; 0.
10; 0.
11; 4.
12; 0.
13; 4.
14; 4.
15; 4.
16; 4.
17; 0.
18; 0.
19; 0.
20; 4.
21; 0.
22; 0.
23; 0.
24; 4.
25; 4.
26; 0.
27; 0.
28; 4.
29; 0.
30; 4.
31; 0.
32; 0.
33; 4.
34; 0.
35; 0.
36; 0.
37; 0.
38; 0.
39; 0.
40; 0.
41; 0.
42; 4.
43; 0.
44; 0.
45; 0.
46; 4.
47; 12.
48; 0.
49; 4.
50; 0.
51; 12.
52; 0.
53; 4.
54; 0.
55; 0.
56; 0.
57; 0.
58; 4.
59; 0.
60; 4.
61; 0.
62; 4.
63; 0.
================================================================================
Generation 3

--------------------------------------------------------------------------------
Selection

0; 37
1; 29
2; 43
3; 50
4; 38
5; 32
6; 3
7; 43
8; 29
9; 24
10; 48
11; 55
12; 57
13; 35
14; 0
15; 0
16; 35
17; 45
18; 38
19; 31
20; 39
21; 8
22; 2
23; 39
24; 26
25; 57
26; 40
27; 27
28; 59
29; 37
30; 31
31; 55
32; 12
33; 59
34; 17
35; 59
36; 44
37; 48
38; 2
39; 27
--------------------------------------------------------------------------------
Crossover

0; 27; d(35) d(34) r(1,49)
1; 44; d(32) a(35,45) d(34)
2; 48; d(32) a(34,51) a(25,82) r(34,99)
3; 40; d(32) a(27,86) d(33)
4; 55, 57; d(32)
5; 55, 57; d(32) r(35,148) d(28) a(35,84)
6; 55; d(32) a(35,84)
7; 57; d(32) r(35,148) d(28)
8; 31; d(32) a(34,158) d(34)
9; 59; r(32,82) d(35)
10; 59, 29; r(32,82) a(27,135)
11; 59, 29; d(32) a(34,158) d(35)
12; 59; r(32,82) d(35)
13; 29; d(32) a(34,158) a(27,135)
14; 48, 0; d(32) a(34,51) a(3,57)
15; 48, 0; d(32) a(34,51) a(25,82) r(34,99)
16; 48; d(32) a(34,51) a(25,82) r(34,99)
17; 0; d(32) a(34,51) a(3,57)
18; 39; d(32) d(2) a(27,86) d(35)
19; 35; a(34,37) a(25,82) a(35,164)
20; 32, 12; d(32) a(34,51)
21; 32, 12; d(32) a(34,51) d(28) a(34,138)
22; 32; d(32) a(34,51) a(34,138)
23; 12; d(32) a(34,51) d(28)
24; 29, 50; d(32) a(34,158) a(27,135) r(35,164)
25; 29, 50; d(32) a(34,51)
26; 29; d(32) a(34,158) a(27,135)
27; 50; d(32) a(34,51) r(35,164)
28; 2, 17; a(34,164) d(32) r(33,164) r(28,38)
29; 2, 17; d(35) d(2)
30; 2; a(34,164) d(32) d(2)
31; 17; d(35) r(33,164) r(28,38)
32; 38, 45; d(32) d(34)
33; 38, 45; a(34,37) a(25,82) r(34,54)
34; 38; d(32) r(34,54)
35; 45; a(34,37) a(25,82) d(34)
36; 26, 24; d(35) r(34,158) d(34) a(1,1)
37; 26, 24; d(35) r(34,158) a(31,52)
38; 26; d(35) r(34,158) a(31,52)
39; 24; d(35) r(34,158) d(34) a(1,1)
40; 43, 55; d(32) a(34,158) a(35,50)
41; 43, 55; d(32) a(35,84)
42; 43; d(32) a(34,158) a(35,50)
43; 55; d(32) a(35,84)
44; 43; d(32) a(34,158) a(35,50)
45; 0; d(32) a(34,51) a(3,57)
46; 38, 39; d(32) d(35)
47; 38, 39; d(32) d(2) a(27,86) r(34,54)
48; 38; d(32) r(34,54)
49; 39; d(32) d(2) a(27,86) d(35)
50; 57; d(32) r(35,148) d(28)
51; 2; a(34,164) d(32) d(2)
52; 8; d(35) r(34,158) d(32)
53; 3; d(34) a(34,78) r(35,78)
54; 27, 59; d(35) d(34)
55; 27, 59; r(32,82) d(35) r(1,49)
56; 27; d(35) d(34) r(1,49)
57; 59; r(32,82) d(35)
58; 35, 37; a(34,37) a(25,82) a(35,164) a(34,82)
59; 35, 37; a(34,37) a(25,82)
60; 35; a(34,37) a(25,82) a(35,164)
61; 37; a(34,37) a(25,82) a(34,82)
62; 31; d(32) a(34,158) d(34)
63; 37; a(34,37) a(25,82) a(34,82)
--------------------------------------------------------------------------------
Mutation

0; d(35) d(34) r(1,49) r(25,46)
1; d(32) a(35,45) d(34) d(35)
2; d(32) a(34,51) a(25,82) r(34,99) r(35,148)
3; d(32) a(27,86) d(33) d(1)
4; d(32) r(25,27)
5; d(32) r(35,148) d(28) a(35,84) r(34,177)
6; d(32) a(35,84) a(27,130)
7; d(32) r(35,148) d(28) d(34)
8; d(32) a(34,158) d(34) d(35)
9; r(32,82) d(35) d(34)
10; r(32,82) a(27,135) a(35,52)
11; d(32) a(34,158) d(35) a(34,1)
12; r(32,82) d(35) r(34,78)
13; d(32) a(34,158) a(27,135) d(35)
14; d(32) a(34,51) a(3,57) r(34,130)
15; d(32) a(34,51) a(25,82) r(34,99) a(35,138)
16; d(32) a(34,51) a(25,82) r(34,99) d(35)
17; d(32) a(34,51) a(3,57) r(31,65)
18; d(32) d(2) a(27,86) d(35) a(34,27)
19; a(34,37) a(25,82) a(35,164) r(35,36)
20; d(32) a(34,51) d(28)
21; d(32) a(34,51) d(28) a(34,138) r(35,45)
22; d(32) a(34,51) a(34,138) d(34)
23; d(32) a(34,51) d(28) d(35)
24; d(32) a(34,158) a(27,135) r(35,164) d(2)
25; d(32) a(34,51) d(35)
26; d(32) a(34,158) a(27,135) d(25)
27; d(32) a(34,51) r(35,164) r(3,130)
28; a(34,164) d(32) r(33,164) r(28,38) r(27,49)
29; d(35) d(2) r(28,135)
30; a(34,164) d(32) d(2) r(35,158)
31; d(35) r(33,164) r(28,38) d(25)
32; d(32) d(34) a(35,135)
33; a(34,37) a(25,82) r(34,54) r(35,37)
34; d(32) r(34,54) a(3,178)
35; a(34,37) a(25,82) d(34) d(2)
36; d(35) r(34,158) d(34) a(1,1) a(32,48)
37; d(35) r(34,158) a(31,52) d(3)
38; d(35) r(34,158) a(31,52) d(2)
39; d(35) r(34,158) d(34) a(1,1) a(31,44)
40; d(32) a(34,158) a(35,50) a(34,99)
41; d(32) a(35,84) d(28)
42; d(32) a(34,158) a(35,50) a(35,51)
43; d(32) a(35,84) d(25)
44; d(32) a(34,158) a(35,50) d(35)
45; d(32) a(34,51) a(3,57) d(34)
46; d(32) d(35) d(2)
47; d(32) d(2) a(27,86) r(34,54) a(35,94)
48; d(32) r(34,54) r(35,70)
49; d(32) d(2) a(27,86) d(35) r(34,86)
50; d(32) r(35,148) d(28) d(34)
51; a(34,164) d(32) d(2) r(35,178)
52; d(35) r(34,158) d(32) r(31,100)
53; d(34) a(34,78) r(35,78) r(33,54)
54; d(35) d(34) r(3,38)
55; r(32,82) d(35) r(1,49) a(34,44)
56; d(35) d(34) r(1,49) a(32,38)
57; r(32,82) d(35) r(34,33)
58; a(34,37) a(25,82) a(35,164) a(34,82) d(35)
59; a(34,37) a(25,82) d(34)
60; a(34,37) a(25,82) a(35,164) d(34)
61; a(34,37) a(25,82) a(34,82) r(34,170)
62; d(32) a(34,158) d(34) a(25,78)
63; a(34,37) a(25,82) a(34,82) d(25)
--------------------------------------------------------------------------------
Evaluation

0; 0.
1; 0.
2; 0.
3; 0.
4; 0.
5; 0.
6; 0.
7; 0.
8; 0.
9; 0.
10; 0.
11; 0.
12; 0.
13; 0.
14; 0.
15; 0.
16; 0.
17; 0.
18; 0.
19; 0.
20; 0.
21; 0.
22; 0.
23; 0.
24; 0.
25; 0.
26; 0.
27; 12.
28; 0.
29; 0.
30; 0.
31; 0.
32; 0.
33; 0.
34; 0.
35; 0.
36; 4.
37; 12.
38; 0.
39; 4.
40; 0.
41; 0.
42; 0.
43; 0.
44; 0.
45; 0.
46; 0.
47; 0.
48; 0.
49; 0.
50; 0.
51; 0.
52; 0.
53; 4.
54; 12.
55; 0.
56; 0.
57; 0.
58; 0.
59; 0.
60; 0.
61; 0.
62; 0.
63; 0.
================================================================================
Generation 4

--------------------------------------------------------------------------------
Selection

0; 12
1; 14
2; 11
3; 46
4; 33
5; 42
6; 56
7; 8
8; 0
9; 43
10; 3
11; 18
12; 23
13; 51
14; 25
15; 32
16; 62
17; 1
18; 45
19; 61
20; 63
21; 26
22; 52
23; 16
24; 15
25; 3
26; 34
27; 50
28; 22
29; 46
30; 43
31; 19
32; 60
33; 15
34; 63
35; 60
36; 43
37; 56
38; 55
39; 3
--------------------------------------------------------------------------------
Crossover

0; 32, 15; d(32) d(34) a(35,135) a(25,82) r(34,99) a(35,138)
1; 32, 15; d(32) a(34,51)
2; 32; d(32) d(34) a(35,135)
3; 15; d(32) a(34,51) a(25,82) r(34,99) a(35,138)
4; 0; d(35) d(34) r(1,49) r(25,46)
5; 12; r(32,82) d(35) r(34,78)
6; 46, 51; d(32) d(32) d(2) r(35,178)
7; 46, 51; a(34,164) d(35) d(2)
8; 46; d(32) d(35) d(2)
9; 51; a(34,164) d(32) d(2) r(35,178)
10; 56; d(35) d(34) r(1,49) a(32,38)
11; 42; d(32) a(34,158) a(35,50) a(35,51)
12; 45, 43; d(32) a(34,51) a(3,57) d(34) a(35,84) d(25)
13; 45, 43; d(32)
14; 45; d(32) a(34,51) a(3,57) d(34)
15; 43; d(32) a(35,84) d(25)
16; 46; d(32) d(35) d(2)
17; 33; a(34,37) a(25,82) r(34,54) r(35,37)
18; 3; d(32) a(27,86) d(33) d(1)
19; 3; d(32) a(27,86) d(33) d(1)
20; 34, 43; d(32) d(25)
21; 34, 43; d(32) a(35,84) r(34,54) a(3,178)
22; 34; d(32) r(34,54) a(3,178)
23; 43; d(32) a(35,84) d(25)
24; 8; d(32) a(34,158) d(34) d(35)
25; 43; d(32) a(35,84) d(25)
26; 52, 1; d(35) r(34,158) d(32)
27; 52, 1; d(32) a(35,45) d(34) d(35) r(31,100)
28; 52; d(35) r(34,158) d(32) r(31,100)
29; 1; d(32) a(35,45) d(34) d(35)
30; 23, 3; d(32) a(27,86) d(33) d(1)
31; 23, 3; d(32) a(34,51) d(28) d(35)
32; 23; d(32) a(34,51) d(28) d(35)
33; 3; d(32) a(27,86) d(33) d(1)
34; 56; d(35) d(34) r(1,49) a(32,38)
35; 16; d(32) a(34,51) a(25,82) r(34,99) d(35)
36; 18; d(32) d(2) a(27,86) d(35) a(34,27)
37; 60; a(34,37) a(25,82) a(35,164) d(34)
38; 62; d(32) a(34,158) d(34) a(25,78)
39; 63; a(34,37) a(25,82) a(34,82) d(25)
40; 60, 55; a(34,37) a(25,82) a(35,164) r(1,49) a(34,44)
41; 60, 55; r(32,82) d(35) d(34)
42; 60; a(34,37) a(25,82) a(35,164) d(34)
43; 55; r(32,82) d(35) r(1,49) a(34,44)
44; 25; d(32) a(34,51) d(35)
45; 19; a(34,37) a(25,82) a(35,164) r(35,36)
46; 22, 61; d(32) a(25,82) a(34,82) r(34,170)
47; 22, 61; a(34,37) a(34,51) a(34,138) d(34)
48; 22; d(32) a(34,51) a(34,138) d(34)
49; 61; a(34,37) a(25,82) a(34,82) r(34,170)
50; 26; d(32) a(34,158) a(27,135) d(25)
51; 15; d(32) a(34,51) a(25,82) r(34,99) a(35,138)
52; 11; d(32) a(34,158) d(35) a(34,1)
53; 63; a(34,37) a(25,82) a(34,82) d(25)
54; 14; d(32) a(34,51) a(3,57) r(34,130)
55; 50; d(32) r(35,148) d(28) d(34)
--------------------------------------------------------------------------------
Mutation

0; d(32) d(34) a(35,135) a(25,82) r(34,99) a(35,138) a(35,69)
1; d(32) a(34,51) d(1)
2; d(32) d(34) a(35,135) a(35,99)
3; d(32) a(34,51) a(25,82) r(34,99) a(35,138) a(35,164)
4; d(35) d(34) r(1,49) r(25,46) r(32,51)
5; r(32,82) d(35) r(34,78) a(25,178)
6; d(32) d(32) d(2) r(35,178) a(27,50)
7; a(34,164) d(35) d(2) a(34,112)
8; d(32) d(35) d(2) a(34,76)
9; a(34,164) d(32) d(2) r(35,178) d(34)
10; d(35) d(34) r(1,49) a(32,38) a(25,33)
11; d(32) a(34,158) a(35,50) a(35,51) d(34)
12; d(32) a(34,51) a(3,57) d(34) a(35,84) d(25) r(35,87)
13; d(32) r(35,105)
14; d(32) a(34,51) a(3,57) d(34) a(25,70)
15; d(32) a(35,84) d(25) a(33,27)
16; d(32) d(35) d(2) r(28,158)
17; a(34,37) a(25,82) r(34,54) r(35,37) a(3,25)
18; d(32) a(27,86) d(33) d(1) a(31,94)
19; d(32) a(27,86) d(33) d(1) d(28)
20; d(32) d(25) r(34,37)
21; d(32) a(35,84) r(34,54) a(3,178) r(35,1)
22; d(32) r(34,54) a(3,178) r(2,3)
23; d(32) a(35,84) d(25) r(35,60)
24; d(32) a(34,158) d(34) d(35) a(33,46)
25; d(32) a(35,84) d(25) r(34,36)
26; d(35) r(34,158) d(32) r(1,65)
27; d(32) a(35,45) d(34) d(35) r(31,100) a(33,97)
28; d(35) r(34,158) d(32) r(31,100) d(3)
29; d(32) a(35,45) d(34) d(35) a(27,78)
30; d(32) a(27,86) d(33) d(1) r(28,27)
31; d(32) a(34,51) d(28) d(35) d(34)
32; d(32) a(34,51) d(28) d(35) d(34)
33; d(32) a(27,86) d(33) d(1) r(31,64)
34; d(35) d(34) r(1,49) a(32,38) a(31,94)
35; d(32) a(34,51) a(25,82) r(34,99) d(35) r(28,54)
36; d(32) d(2) a(27,86) d(35) a(34,27) r(34,51)
37; a(34,37) a(25,82) a(35,164) d(34) d(32)
38; d(32) a(34,158) d(34) a(25,78) d(35)
39; a(34,37) a(25,82) a(34,82) d(25) a(35,87)
40; a(34,37) a(25,82) a(35,164) r(1,49) a(34,44) a(35,158)
41; r(32,82) d(35) d(34) r(25,60)
42; a(34,37) a(25,82) a(35,164) d(34) a(35,50)
43; r(32,82) d(35) r(1,49) a(34,44) d(34)
44; d(32) a(34,51) d(35) d(34)
45; a(34,37) a(25,82) a(35,164) r(35,36) d(28)
46; d(32) a(25,82) a(34,82) r(34,170) r(35,50)
47; a(34,37) a(34,51) a(34,138) d(34) r(3,51)
48; d(32) a(34,51) a(34,138) d(34) a(28,105)
49; a(34,37) a(25,82) a(34,82) r(34,170) d(35)
50; d(32) a(34,158) a(27,135) d(25) r(2,62)
51; d(32) a(34,51) a(25,82) r(34,99) a(35,138) a(2,82)
52; d(32) a(34,158) d(35) a(34,1) a(34,97)
53; a(34,37) a(25,82) a(34,82) d(25) d(35)
54; d(32) a(34,51) a(3,57) r(34,130) a(27,112)
55; d(32) r(35,148) d(28) d(34) a(2,158)
--------------------------------------------------------------------------------
Evaluation

0; 0.
1; 0.
2; 0.
3; 0.
4; 0.
5; 12.
6; 0.
7; 0.
8; 0.
9; 0.
10; 0.
11; 0.
12; 0.
13; 12.
14; 0.
15; 0.
16; 0.
17; 0.
18; 0.
19; 0.
20; 0.
21; 0.
22; 0.
23; 0.
24; 0.
25; 0.
26; 0.
27; 0.
28; 12.
29; 0.
30; 0.
31; 0.
32; 0.
33; 0.
34; 0.
35; 0.
36; 0.
37; 0.
38; 0.
39; 0.
40; 0.
41; 0.
42; 0.
43; 0.
44; 0.
45; 0.
46; 0.
47; 0.
48; 12.
49; 0.
50; 0.
51; 0.
52; 0.
53; 0.
54; 0.
55; 0.
================================================================================
Generation 5

--------------------------------------------------------------------------------
Selection

0; 24
1; 26
2; 46
3; 0
4; 32
5; 1
6; 52
7; 47
8; 40
9; 24
10; 29
11; 7
12; 11
13; 3
14; 45
15; 16
16; 26
17; 26
18; 45
19; 3
20; 12
21; 47
22; 27
23; 40
24; 0
25; 4
26; 29
27; 42
28; 16
29; 22
30; 15
31; 35
32; 41
33; 19
34; 40
35; 16
36; 42
37; 30
38; 50
39; 37
--------------------------------------------------------------------------------
Crossover

0; 1; d(32) a(34,51) d(1)
1; 16; d(32) d(35) d(2) r(28,158)
2; 30; d(32) a(27,86) d(33) d(1) r(28,27)
3; 19; d(32) a(27,86) d(33) d(1) d(28)
4; 29; d(32) a(35,45) d(34) d(35) a(27,78)
5; 24; d(32) a(34,158) d(34) d(35) a(33,46)
6; 3; d(32) a(34,51) a(25,82) r(34,99) a(35,138) a(35,164)
7; 16; d(32) d(35) d(2) r(28,158)
8; 41, 11; r(32,82) d(35)
9; 41, 11; d(32) a(34,158) a(35,50) a(35,51) d(34) d(34) r(25,60)
10; 41; r(32,82) d(35) d(34) r(25,60)
11; 11; d(32) a(34,158) a(35,50) a(35,51) d(34)
12; 50, 16; d(32) a(34,158) a(27,135) d(2) r(28,158)
13; 50, 16; d(32) d(35) d(25) r(2,62)
14; 50; d(32) a(34,158) a(27,135) d(25) r(2,62)
15; 16; d(32) d(35) d(2) r(28,158)
16; 0; d(32) d(34) a(35,135) a(25,82) r(34,99) a(35,138) a(35,69)
17; 40; a(34,37) a(25,82) a(35,164) r(1,49) a(34,44) a(35,158)
18; 42; a(34,37) a(25,82) a(35,164) d(34) a(35,50)
19; 47; a(34,37) a(34,51) a(34,138) d(34) r(3,51)
20; 7, 45; a(34,164) a(25,82) a(35,164) r(35,36) d(28)
21; 7, 45; a(34,37) d(35) d(2) a(34,112)
22; 7; a(34,164) d(35) d(2) a(34,112)
23; 45; a(34,37) a(25,82) a(35,164) r(35,36) d(28)
24; 24; d(32) a(34,158) d(34) d(35) a(33,46)
25; 4; d(35) d(34) r(1,49) r(25,46) r(32,51)
26; 26, 29; d(35) r(34,158) a(35,45) d(34) d(35) a(27,78)
27; 26, 29; d(32) d(32) r(1,65)
28; 26; d(35) r(34,158) d(32) r(1,65)
29; 29; d(32) a(35,45) d(34) d(35) a(27,78)
30; 40, 40; a(34,37) a(25,82) r(1,49) a(34,44) a(35,158)
31; 40, 40; a(34,37) a(25,82) a(35,164) a(35,164) r(1,49) a(34,44) a(35,158)
32; 40; a(34,37) a(25,82) a(35,164) r(1,49) a(34,44) a(35,158)
33; 40; a(34,37) a(25,82) a(35,164) r(1,49) a(34,44) a(35,158)
34; 42, 32; a(34,37) a(25,82) a(35,164) d(34) d(28) d(35) d(34)
35; 42, 32; d(32) a(34,51) a(35,50)
36; 42; a(34,37) a(25,82) a(35,164) d(34) a(35,50)
37; 32; d(32) a(34,51) d(28) d(35) d(34)
38; 35; d(32) a(34,51) a(25,82) r(34,99) d(35) r(28,54)
39; 3; d(32) a(34,51) a(25,82) r(34,99) a(35,138) a(35,164)
40; 26; d(35) r(34,158) d(32) r(1,65)
41; 52; d(32) a(34,158) d(35) a(34,1) a(34,97)
42; 0; d(32) d(34) a(35,135) a(25,82) r(34,99) a(35,138) a(35,69)
43; 15; d(32) a(35,84) d(25) a(33,27)
44; 22, 12; d(32) r(34,54) d(25) r(35,87)
45; 22, 12; d(32) a(34,51) a(3,57) d(34) a(35,84) a(3,178) r(2,3)
46; 22; d(32) r(34,54) a(3,178) r(2,3)
47; 12; d(32) a(34,51) a(3,57) d(34) a(35,84) d(25) r(35,87)
48; 27, 37; d(32) a(35,45) d(34) d(34) d(32)
49; 27, 37; a(34,37) a(25,82) a(35,164) d(35) r(31,100) a(33,97)
50; 27; d(32) a(35,45) d(34) d(35) r(31,100) a(33,97)
51; 37; a(34,37) a(25,82) a(35,164) d(34) d(32)
52; 47; a(34,37) a(34,51) a(34,138) d(34) r(3,51)
53; 46; d(32) a(25,82) a(34,82) r(34,170) r(35,50)
54; 26; d(35) r(34,158) d(32) r(1,65)
55; 45; a(34,37) a(25,82) a(35,164) r(35,36) d(28)
--------------------------------------------------------------------------------
Mutation

0; d(32) a(34,51) d(1) d(34)
1; d(32) d(35) d(2) r(28,158) d(34)
2; d(32) a(27,86) d(33) d(1) r(28,27) d(27)
3; d(32) a(27,86) d(33) d(1) d(28) d(27)
4; d(32) a(35,45) d(34) d(35) a(27,78) a(25,70)
5; d(32) a(34,158) d(34) d(35) a(33,46) d(27)
6; d(32) a(34,51) a(25,82) r(34,99) a(35,138) a(35,164) a(31,37)
7; d(32) d(35) d(2) r(28,158) a(27,148)
8; r(32,82) d(35) d(34)
9; d(32) a(34,158) a(35,50) a(35,51) d(34) d(34) r(25,60) d(35)
10; r(32,82) d(35) d(34) r(25,60) a(33,100)
11; d(32) a(34,158) a(35,50) a(35,51) d(34) d(35)
12; d(32) a(34,158) a(27,135) d(2) r(28,158) r(35,64)
13; d(32) d(35) d(25) r(2,62) d(1)
14; d(32) a(34,158) a(27,135) d(25) r(2,62) d(35)
15; d(32) d(35) d(2) r(28,158) a(34,83)
16; d(32) d(34) a(35,135) a(25,82) r(34,99) a(35,138) a(35,69) a(35,45)
17; a(34,37) a(25,82) a(35,164) r(1,49) a(34,44) a(35,158) a(28,135)
18; a(34,37) a(25,82) a(35,164) d(34) a(35,50) a(25,34)
19; a(34,37) a(34,51) a(34,138) d(34) r(3,51) a(35,76)
20; a(34,164) a(25,82) a(35,164) r(35,36) d(28) d(25)
21; a(34,37) d(35) d(2) a(34,112) d(34)
22; a(34,164) d(35) d(2) a(34,112) a(34,105)
23; a(34,37) a(25,82) a(35,164) r(35,36) d(28) d(34)
24; d(32) a(34,158) d(34) d(35) a(33,46) a(2,178)
25; d(35) d(34) r(1,49) r(25,46) r(32,51) a(33,27)
26; d(35) r(34,158) a(35,45) d(34) d(35) a(27,78) d(31)
27; d(32) d(32) r(1,65) a(25,112)
28; d(35) r(34,158) d(32) r(1,65) r(31,49)
29; d(32) a(35,45) d(34) d(35) a(27,78) r(1,49)
30; a(34,37) a(25,82) r(1,49) a(34,44) a(35,158) r(34,25)
31; a(34,37) a(25,82) a(35,164) a(35,164) r(1,49) a(34,44) a(35,158) r(34,27)
32; a(34,37) a(25,82) a(35,164) r(1,49) a(34,44) a(35,158) a(34,37)
33; a(34,37) a(25,82) a(35,164) r(1,49) a(34,44) a(35,158) a(35,80)
34; a(34,37) a(25,82) a(35,164) d(34) d(28) d(35) d(34) r(1,34)
35; d(32) a(34,51) a(35,50) a(35,28)
36; a(34,37) a(25,82) a(35,164) d(34) a(35,50) a(2,64)
37; d(32) a(34,51) d(28) d(35) d(34) d(27)
38; d(32) a(34,51) a(25,82) r(34,99) d(35) r(28,54) r(33,64)
39; d(32) a(34,51) a(25,82) r(34,99) a(35,138) a(35,164) d(1)
40; d(35) r(34,158) d(32) r(1,65) r(28,87)
41; d(32) a(34,158) d(35) a(34,1) a(34,97) r(33,112)
42; d(32) d(34) a(35,135) a(25,82) r(34,99) a(35,138) a(35,69) a(35,28)
43; d(32) a(35,84) d(25) a(33,27) a(34,177)
44; d(32) r(34,54) d(25) r(35,87) r(3,34)
45; d(32) a(34,51) a(3,57) d(34) a(35,84) a(3,178) r(2,3) d(28)
46; d(32) r(34,54) a(3,178) r(2,3) r(27,62)
47; d(32) a(34,51) a(3,57) d(34) a(35,84) d(25) r(35,87) a(1,49)
48; d(32) a(35,45) d(34) d(34) d(32) r(2,37)
49; a(34,37) a(25,82) a(35,164) d(35) r(31,100) a(33,97) a(34,45)
50; d(32) a(35,45) d(34) d(35) r(31,100) a(33,97) r(25,84)
51; a(34,37) a(25,82) a(35,164) d(34) d(32) r(35,76)
52; a(34,37) a(34,51) a(34,138) d(34) r(3,51) d(35)
53; d(32) a(25,82) a(34,82) r(34,170) r(35,50) r(27,100)
54; d(35) r(34,158) d(32) r(1,65) d(27)
55; a(34,37) a(25,82) a(35,164) r(35,36) d(28) d(34)
--------------------------------------------------------------------------------
Evaluation

0; 0.
1; 0.
2; 0.
3; 0.
4; 0.
5; 0.
6; 0.
7; 0.
8; 0.
9; 0.
10; 0.
11; 0.
12; 0.
13; 0.
14; 0.
15; 0.
16; 0.
17; 0.
18; 0.
19; 0.
20; 0.
21; 0.
22; 0.
23; 0.
24; 0.
25; 0.
26; 0.
27; 0.
28; 0.
29; 0.
30; 0.
31; 0.
32; 0.
33; 0.
34; 0.
35; 0.
36; 0.
37; 0.
38; 0.
39; 0.
40; 0.
41; 0.
42; 0.
43; 0.
44; 0.
45; 0.
46; 0.
47; 0.
48; 0.
49; 0.
50; 0.
51; 0.
52; 0.
53; 0.
54; 0.
55; 0.
================================================================================
Generation 6

--------------------------------------------------------------------------------
Selection

0; 51
1; 1
2; 16
3; 41
4; 22
5; 24
6; 33
7; 17
8; 39
9; 33
10; 4
11; 29
12; 16
13; 26
14; 19
15; 29
16; 35
17; 47
18; 2
19; 46
20; 30
21; 39
22; 31
23; 55
24; 47
25; 44
26; 8
27; 30
28; 32
29; 50
30; 36
31; 45
32; 50
33; 52
34; 16
35; 14
36; 35
37; 4
38; 8
39; 17
--------------------------------------------------------------------------------
Crossover

0; 36, 4; a(34,37) a(27,78) a(25,70)
1; 36, 4; d(32) a(35,45) d(34) d(35) a(25,82) a(35,164) d(34) a(35,50) a(2,64)
2; 36; a(34,37) a(25,82) a(35,164) d(34) a(35,50) a(2,64)
3; 4; d(32) a(35,45) d(34) d(35) a(27,78) a(25,70)
4; 44; d(32) r(34,54) d(25) r(35,87) r(3,34)
5; 41; d(32) a(34,158) d(35) a(34,1) a(34,97) r(33,112)
6; 30; a(34,37) a(25,82) r(1,49) a(34,44) a(35,158) r(34,25)
7; 16; d(32) d(34) a(35,135) a(25,82) r(34,99) a(35,138) a(35,69) a(35,45)
8; 16, 24; d(32) d(34) a(35,135) a(25,82)
9; 16, 24; d(32) a(34,158) d(34) d(35) a(33,46) a(2,178) r(34,99) a(35,138) a(35,69) a(35,45)
10; 16; d(32) d(34) a(35,135) a(25,82) r(34,99) a(35,138) a(35,69) a(35,45)
11; 24; d(32) a(34,158) d(34) d(35) a(33,46) a(2,178)
12; 2, 47; d(32) a(27,86) d(33) d(1) r(28,27)
13; 2, 47; d(32) a(34,51) a(3,57) d(34) a(35,84) d(25) r(35,87) a(1,49) d(27)
14; 2; d(32) a(27,86) d(33) d(1) r(28,27) d(27)
15; 47; d(32) a(34,51) a(3,57) d(34) a(35,84) d(25) r(35,87) a(1,49)
16; 55, 33; a(34,37) a(25,82) a(35,80)
17; 55, 33; a(34,37) a(25,82) a(35,164) r(1,49) a(34,44) a(35,158) a(35,164) r(35,36) d(28) d(34)
18; 55; a(34,37) a(25,82) a(35,164) r(35,36) d(28) d(34)
19; 33; a(34,37) a(25,82) a(35,164) r(1,49) a(34,44) a(35,158) a(35,80)
20; 50, 17; d(32) a(35,45) d(34) d(35) r(31,100) a(25,82) a(35,164) r(1,49) a(34,44) a(35,158) a(28,135)
21; 50, 17; a(34,37) a(33,97) r(25,84)
22; 50; d(32) a(35,45) d(34) d(35) r(31,100) a(33,97) r(25,84)
23; 17; a(34,37) a(25,82) a(35,164) r(1,49) a(34,44) a(35,158) a(28,135)
24; 46; d(32) r(34,54) a(3,178) r(2,3) r(27,62)
25; 51; a(34,37) a(25,82) a(35,164) d(34) d(32) r(35,76)
26; 32, 26; a(34,37) a(25,82) a(35,164) r(1,49) d(34) d(35) a(27,78) d(31)
27; 32, 26; d(35) r(34,158) a(35,45) a(34,44) a(35,158) a(34,37)
28; 32; a(34,37) a(25,82) a(35,164) r(1,49) a(34,44) a(35,158) a(34,37)
29; 26; d(35) r(34,158) a(35,45) d(34) d(35) a(27,78) d(31)
30; 31; a(34,37) a(25,82) a(35,164) a(35,164) r(1,49) a(34,44) a(35,158) r(34,27)
31; 33; a(34,37) a(25,82) a(35,164) r(1,49) a(34,44) a(35,158) a(35,80)
32; 14; d(32) a(34,158) a(27,135) d(25) r(2,62) d(35)
33; 19; a(34,37) a(34,51) a(34,138) d(34) r(3,51) a(35,76)
34; 45; d(32) a(34,51) a(3,57) d(34) a(35,84) a(3,178) r(2,3) d(28)
35; 35; d(32) a(34,51) a(35,50) a(35,28)
36; 39, 29; d(32) a(34,51) a(25,82) r(34,99) a(35,138) a(35,45) d(34) d(35) a(27,78) r(1,49)
37; 39, 29; d(32) a(35,164) d(1)
38; 39; d(32) a(34,51) a(25,82) r(34,99) a(35,138) a(35,164) d(1)
39; 29; d(32) a(35,45) d(34) d(35) a(27,78) r(1,49)
40; 35; d(32) a(34,51) a(35,50) a(35,28)
41; 8; r(32,82) d(35) d(34)
42; 17, 22; a(34,37) d(35) d(2) a(34,112) a(34,105)
43; 17, 22; a(34,164) a(25,82) a(35,164) r(1,49) a(34,44) a(35,158) a(28,135)
44; 17; a(34,37) a(25,82) a(35,164) r(1,49) a(34,44) a(35,158) a(28,135)
45; 22; a(34,164) d(35) d(2) a(34,112) a(34,105)
46; 50, 16; d(32) a(25,82) r(34,99) a(35,138) a(35,69) a(35,45)
47; 50, 16; d(32) d(34) a(35,135) a(35,45) d(34) d(35) r(31,100) a(33,97) r(25,84)
48; 50; d(32) a(35,45) d(34) d(35) r(31,100) a(33,97) r(25,84)
49; 16; d(32) d(34) a(35,135) a(25,82) r(34,99) a(35,138) a(35,69) a(35,45)
50; 39; d(32) a(34,51) a(25,82) r(34,99) a(35,138) a(35,164) d(1)
51; 52; a(34,37) a(34,51) a(34,138) d(34) r(3,51) d(35)
52; 1; d(32) d(35) d(2) r(28,158) d(34)
53; 29; d(32) a(35,45) d(34) d(35) a(27,78) r(1,49)
54; 8, 4; r(32,82) d(35) d(34)
55; 8, 4; d(32) a(35,45) d(34) d(35) a(27,78) a(25,70)
56; 8; r(32,82) d(35) d(34)
57; 4; d(32) a(35,45) d(34) d(35) a(27,78) a(25,70)
58; 47; d(32) a(34,51) a(3,57) d(34) a(35,84) d(25) r(35,87) a(1,49)
59; 30; a(34,37) a(25,82) r(1,49) a(34,44) a(35,158) r(34,25)
--------------------------------------------------------------------------------
Mutation

0; a(34,37) a(27,78) a(25,70) r(35,82)
1; d(32) a(35,45) d(34) d(35) a(25,82) a(35,164) d(34) a(35,50) a(2,64) a(25,25)
2; a(34,37) a(25,82) a(35,164) d(34) a(35,50) a(2,64) d(33)
3; d(32) a(35,45) d(34) d(35) a(27,78) a(25,70) r(33,170)
4; d(32) r(34,54) d(25) r(35,87) r(3,34) a(1,46)
5; d(32) a(34,158) d(35) a(34,1) a(34,97) r(33,112) d(1)
6; a(34,37) a(25,82) r(1,49) a(34,44) a(35,158) r(34,25) d(35)
7; d(32) d(34) a(35,135) a(25,82) r(34,99) a(35,138) a(35,69) a(35,45) r(35,27)
8; d(32) d(34) a(35,135) a(25,82) d(31)
9; d(32) a(34,158) d(34) d(35) a(33,46) a(2,178) r(34,99) a(35,138) a(35,69) a(35,45) d(27)
10; d(32) d(34) a(35,135) a(25,82) r(34,99) a(35,138) a(35,69) a(35,45) r(3,46)
11; d(32) a(34,158) d(34) d(35) a(33,46) a(2,178) a(2,52)
12; d(32) a(27,86) d(33) d(1) r(28,27) d(27)
13; d(32) a(34,51) a(3,57) d(34) a(35,84) d(25) r(35,87) a(1,49) d(27) d(31)
14; d(32) a(27,86) d(33) d(1) r(28,27) d(27) a(25,35)
15; d(32) a(34,51) a(3,57) d(34) a(35,84) d(25) r(35,87) a(1,49) r(31,36)
16; a(34,37) a(25,82) a(35,80) a(25,65)
17; a(34,37) a(25,82) a(35,164) r(1,49) a(34,44) a(35,158) a(35,164) r(35,36) d(28) d(34) r(33,60)
18; a(34,37) a(25,82) a(35,164) r(35,36) d(28) d(34) a(32,94)
19; a(34,37) a(25,82) a(35,164) r(1,49) a(34,44) a(35,158) a(35,80) d(35)
20; d(32) a(35,45) d(34) d(35) r(31,100) a(25,82) a(35,164) r(1,49) a(34,44) a(35,158) a(28,135) r(28,112)
21; a(34,37) a(33,97) r(25,84) d(35)
22; d(32) a(35,45) d(34) d(35) r(31,100) a(33,97) r(25,84) d(2)
23; a(34,37) a(25,82) a(35,164) r(1,49) a(34,44) a(35,158) a(28,135) r(34,94)
24; d(32) r(34,54) a(3,178) r(2,3) r(27,62) d(35)
25; a(34,37) a(25,82) a(35,164) d(34) d(32) r(35,76) r(27,28)
26; a(34,37) a(25,82) a(35,164) r(1,49) d(34) d(35) a(27,78) d(31) a(32,37)
27; d(35) r(34,158) a(35,45) a(34,44) a(35,158) a(34,37) a(25,82)
28; a(34,37) a(25,82) a(35,164) r(1,49) a(34,44) a(35,158) a(34,37) r(34,64)
29; d(35) r(34,158) a(35,45) d(34) d(35) a(27,78) d(31) a(28,32)
30; a(34,37) a(25,82) a(35,164) a(35,164) r(1,49) a(34,44) a(35,158) r(34,27) a(35,94)
31; a(34,37) a(25,82) a(35,164) r(1,49) a(34,44) a(35,158) a(35,80) a(35,82)
32; d(32) a(34,158) a(27,135) d(25) r(2,62) d(35) a(33,48)
33; a(34,37) a(34,51) a(34,138) d(34) r(3,51) a(35,76) d(35)
34; d(32) a(34,51) a(3,57) d(34) a(35,84) a(3,178) r(2,3) d(28) a(35,35)
35; d(32) a(34,51) a(35,50) a(35,28) r(34,54)
36; d(32) a(34,51) a(25,82) r(34,99) a(35,138) a(35,45) d(34) d(35) a(27,78) r(1,49) d(31)
37; d(32) a(35,164) d(1) d(34)
38; d(32) a(34,51) a(25,82) r(34,99) a(35,138) a(35,164) d(1) a(31,36)
39; d(32) a(35,45) d(34) d(35) a(27,78) r(1,49) a(27,32)
40; d(32) a(34,51) a(35,50) a(35,28) r(35,50)
41; r(32,82) d(35) d(34) a(25,51)
42; a(34,37) d(35) d(2) a(34,112) a(34,105) d(34)
43; a(34,164) a(25,82) a(35,164) r(1,49) a(34,44) a(35,158) a(28,135) r(34,164)
44; a(34,37) a(25,82) a(35,164) r(1,49) a(34,44) a(35,158) a(28,135) d(34)
45; a(34,164) d(35) d(2) a(34,112) a(34,105) r(27,77)
46; d(32) a(25,82) r(34,99) a(35,138) a(35,69) a(35,45) r(35,80)
47; d(32) d(34) a(35,135) a(35,45) d(34) d(35) r(31,100) a(33,97) r(25,84) a(33,108)
48; d(32) a(35,45) d(34) d(35) r(31,100) a(33,97) r(25,84) a(3,64)
49; d(32) d(34) a(35,135) a(25,82) r(34,99) a(35,138) a(35,69) a(35,45) d(35)
50; d(32) a(34,51) a(25,82) r(34,99) a(35,138) a(35,164) d(1) d(35)
51; a(34,37) a(34,51) a(34,138) d(34) r(3,51) d(35) d(32)
52; d(32) d(35) d(2) r(28,158) d(34) a(1,50)
53; d(32) a(35,45) d(34) d(35) a(27,78) r(1,49) a(25,65)
54; r(32,82) d(35) d(34) r(28,65)
55; d(32) a(35,45) d(34) d(35) a(27,78) a(25,70) a(25,69)
56; r(32,82) d(35) d(34) d(31)
57; d(32) a(35,45) d(34) d(35) a(27,78) a(25,70) r(3,37)
58; d(32) a(34,51) a(3,57) d(34) a(35,84) d(25) r(35,87) a(1,49) a(31,64)
59; a(34,37) a(25,82) r(1,49) a(34,44) a(35,158) r(34,25) d(25)
--------------------------------------------------------------------------------
Evaluation

0; 0.
1; 0.
2; 0.
3; 0.
4; 0.
5; 0.
6; 0.
7; 0.
8; 0.
9; 0.
10; 12.
11; 0.
12; 0.
13; 0.
14; 0.
15; 0.
16; 0.
17; 0.
18; 0.
19; 0.
20; 0.
21; 4.
22; 0.
23; 0.
24; 0.
25; 0.
26; 0.
27; 0.
28; 0.
29; 0.
30; 0.
31; 0.
32; 0.
33; 0.
34; 0.
35; 0.
36; 0.
37; 0.
38; 0.
39; 0.
40; 0.
41; 0.
42; 0.
43; 0.
44; 0.
45; 0.
46; 0.
47; 0.
48; 0.
49; 0.
50; 0.
51; 0.
52; 0.
53; 0.
54; 0.
55; 0.
56; 0.
57; 12.
58; 0.
59; 0.
================================================================================
Generation 7

--------------------------------------------------------------------------------
Selection

0; 44
1; 12
2; 48
3; 44
4; 43
5; 5
6; 6
7; 16
8; 9
9; 34
10; 5
11; 25
12; 26
13; 7
14; 0
15; 38
16; 27
17; 9
18; 24
19; 28
20; 24
21; 43
22; 2
23; 4
24; 9
25; 54
26; 59
27; 46
28; 37
29; 41
30; 33
31; 29
32; 16
33; 33
34; 36
35; 53
36; 52
37; 55
38; 24
39; 8
--------------------------------------------------------------------------------
Crossover

0; 37; d(32) a(35,164) d(1) d(34)
1; 54; r(32,82) d(35) d(34) r(28,65)
2; 53; d(32) a(35,45) d(34) d(35) a(27,78) r(1,49) a(25,65)
3; 34; d(32) a(34,51) a(3,57) d(34) a(35,84) a(3,178) r(2,3) d(28) a(35,35)
4; 33; a(34,37) a(34,51) a(34,138) d(34) r(3,51) a(35,76) d(35)
5; 4; d(32) r(34,54) d(25) r(35,87) r(3,34) a(1,46)
6; 0; a(34,37) a(27,78) a(25,70) r(35,82)
7; 28; a(34,37) a(25,82) a(35,164) r(1,49) a(34,44) a(35,158) a(34,37) r(34,64)
8; 2, 33; a(34,37) a(25,82) a(35,164) d(34) a(35,50) a(2,64) d(33)
9; 2, 33; a(34,37) a(34,51) a(34,138) d(34) r(3,51) a(35,76) d(35)
10; 2; a(34,37) a(25,82) a(35,164) d(34) a(35,50) a(2,64) d(33)
11; 33; a(34,37) a(34,51) a(34,138) d(34) r(3,51) a(35,76) d(35)
12; 55, 27; d(32) a(35,45) d(34) d(35) a(27,78) r(34,158) a(35,45) a(34,44) a(35,158) a(34,37) a(25,82)
13; 55, 27; d(35) a(25,70) a(25,69)
14; 55; d(32) a(35,45) d(34) d(35) a(27,78) a(25,70) a(25,69)
15; 27; d(35) r(34,158) a(35,45) a(34,44) a(35,158) a(34,37) a(25,82)
16; 9; d(32) a(34,158) d(34) d(35) a(33,46) a(2,178) r(34,99) a(35,138) a(35,69) a(35,45) d(27)
17; 43; a(34,164) a(25,82) a(35,164) r(1,49) a(34,44) a(35,158) a(28,135) r(34,164)
18; 5, 38; d(32) a(34,158) d(35) a(34,1) a(34,97) r(33,112) d(1) r(34,99) a(35,138) a(35,164) d(1) a(31,36)
19; 5, 38; d(32) a(34,51) a(25,82)
20; 5; d(32) a(34,158) d(35) a(34,1) a(34,97) r(33,112) d(1)
21; 38; d(32) a(34,51) a(25,82) r(34,99) a(35,138) a(35,164) d(1) a(31,36)
22; 9; d(32) a(34,158) d(34) d(35) a(33,46) a(2,178) r(34,99) a(35,138) a(35,69) a(35,45) d(27)
23; 24; d(32) r(34,54) a(3,178) r(2,3) r(27,62) d(35)
24; 16; a(34,37) a(25,82) a(35,80) a(25,65)
25; 24; d(32) r(34,54) a(3,178) r(2,3) r(27,62) d(35)
26; 9, 44; d(32) a(34,158) d(34) a(28,135) d(34)
27; 9, 44; a(34,37) a(25,82) a(35,164) r(1,49) a(34,44) a(35,158) d(35) a(33,46) a(2,178) r(34,99) a(35,138) a(35,69) a(35,45) d(27)
28; 9; d(32) a(34,158) d(34) d(35) a(33,46) a(2,178) r(34,99) a(35,138) a(35,69) a(35,45) d(27)
29; 44; a(34,37) a(25,82) a(35,164) r(1,49) a(34,44) a(35,158) a(28,135) d(34)
30; 36; d(32) a(34,51) a(25,82) r(34,99) a(35,138) a(35,45) d(34) d(35) a(27,78) r(1,49) d(31)
31; 24; d(32) r(34,54) a(3,178) r(2,3) r(27,62) d(35)
32; 26, 8; a(34,37) a(25,82) a(35,164)
33; 26, 8; d(32) d(34) a(35,135) a(25,82) d(31) r(1,49) d(34) d(35) a(27,78) d(31) a(32,37)
34; 26; a(34,37) a(25,82) a(35,164) r(1,49) d(34) d(35) a(27,78) d(31) a(32,37)
35; 8; d(32) d(34) a(35,135) a(25,82) d(31)
36; 6; a(34,37) a(25,82) r(1,49) a(34,44) a(35,158) r(34,25) d(35)
37; 52; d(32) d(35) d(2) r(28,158) d(34) a(1,50)
38; 12, 41; d(32) a(27,86) a(25,51)
39; 12, 41; r(32,82) d(35) d(34) d(33) d(1) r(28,27) d(27)
40; 12; d(32) a(27,86) d(33) d(1) r(28,27) d(27)
41; 41; r(32,82) d(35) d(34) a(25,51)
42; 29, 16; d(35) r(34,158) a(35,45) a(25,65)
43; 29, 16; a(34,37) a(25,82) a(35,80) d(34) d(35) a(27,78) d(31) a(28,32)
44; 29; d(35) r(34,158) a(35,45) d(34) d(35) a(27,78) d(31) a(28,32)
45; 16; a(34,37) a(25,82) a(35,80) a(25,65)
46; 44, 25; a(34,37) a(25,82) a(35,164) d(32) r(35,76) r(27,28)
47; 44, 25; a(34,37) a(25,82) a(35,164) d(34) r(1,49) a(34,44) a(35,158) a(28,135) d(34)
48; 44; a(34,37) a(25,82) a(35,164) r(1,49) a(34,44) a(35,158) a(28,135) d(34)
49; 25; a(34,37) a(25,82) a(35,164) d(34) d(32) r(35,76) r(27,28)
50; 5, 59; d(32) a(34,158) d(35) a(34,1) a(34,97) r(33,112) d(1) d(25)
51; 5, 59; a(34,37) a(25,82) r(1,49) a(34,44) a(35,158) r(34,25)
52; 5; d(32) a(34,158) d(35) a(34,1) a(34,97) r(33,112) d(1)
53; 59; a(34,37) a(25,82) r(1,49) a(34,44) a(35,158) r(34,25) d(25)
54; 46; d(32) a(25,82) r(34,99) a(35,138) a(35,69) a(35,45) r(35,80)
55; 7; d(32) d(34) a(35,135) a(25,82) r(34,99) a(35,138) a(35,69) a(35,45) r(35,27)
56; 43, 48; a(34,164)
57; 43, 48; d(32) a(35,45) d(34) d(35) r(31,100) a(33,97) r(25,84) a(3,64) a(25,82) a(35,164) r(1,49) a(34,44) a(35,158) a(28,135) r(34,164)
58; 43; a(34,164) a(25,82) a(35,164) r(1,49) a(34,44) a(35,158) a(28,135) r(34,164)
59; 48; d(32) a(35,45) d(34) d(35) r(31,100) a(33,97) r(25,84) a(3,64)
--------------------------------------------------------------------------------
Mutation

0; d(32) a(35,164) d(1) d(34) r(35,178)
1; r(32,82) d(35) d(34) r(28,65) r(25,38)
2; d(32) a(35,45) d(34) d(35) a(27,78) r(1,49) a(25,65) a(27,134)
3; d(32) a(34,51) a(3,57) d(34) a(35,84) a(3,178) r(2,3) d(28) a(35,35) r(35,112)
4; a(34,37) a(34,51) a(34,138) d(34) r(3,51) a(35,76) d(35) r(2,164)
5; d(32) r(34,54) d(25) r(35,87) r(3,34) a(1,46) a(2,36)
6; a(34,37) a(27,78) a(25,70) r(35,82) a(31,80)
7; a(34,37) a(25,82) a(35,164) r(1,49) a(34,44) a(35,158) a(34,37) r(34,64) r(33,177)
8; a(34,37) a(25,82) a(35,164) d(34) a(35,50) a(2,64) d(33) d(27)
9; a(34,37) a(34,51) a(34,138) d(34) r(3,51) a(35,76) d(35) r(25,28)
10; a(34,37) a(25,82) a(35,164) d(34) a(35,50) a(2,64) d(33) a(31,76)
11; a(34,37) a(34,51) a(34,138) d(34) r(3,51) a(35,76) d(35) a(33,51)
12; d(32) a(35,45) d(34) d(35) a(27,78) r(34,158) a(35,45) a(34,44) a(35,158) a(34,37) a(25,82) a(27,158)
13; d(35) a(25,70) a(25,69) a(34,34)
14; d(32) a(35,45) d(34) d(35) a(27,78) a(25,70) a(25,69) r(2,48)
15; d(35) r(34,158) a(35,45) a(34,44) a(35,158) a(34,37) a(25,82) a(25,28)
16; d(32) a(34,158) d(34) d(35) a(33,46) a(2,178) r(34,99) a(35,138) a(35,69) a(35,45) d(27) a(2,25)
17; a(34,164) a(25,82) a(35,164) r(1,49) a(34,44) a(35,158) a(28,135) r(34,164) a(35,48)
18; d(32) a(34,158) d(35) a(34,1) a(34,97) r(33,112) d(1) r(34,99) a(35,138) a(35,164) d(1) a(31,36) a(28,158)
19; d(32) a(34,51) a(25,82) r(34,44)
20; d(32) a(34,158) d(35) a(34,1) a(34,97) r(33,112) d(1) d(31)
21; d(32) a(34,51) a(25,82) r(34,99) a(35,138) a(35,164) d(1) a(31,36) d(35)
22; d(32) a(34,158) d(34) d(35) a(33,46) a(2,178) r(34,99) a(35,138) a(35,69) a(35,45) d(27) a(31,70)
23; d(32) r(34,54) a(3,178) r(2,3) r(27,62) d(35) d(28)
24; a(34,37) a(25,82) a(35,80) a(25,65) d(34)
25; d(32) r(34,54) a(3,178) r(2,3) r(27,62) d(35) a(33,138)
26; d(32) a(34,158) d(34) a(28,135) d(34) r(35,105)
27; a(34,37) a(25,82) a(35,164) r(1,49) a(34,44) a(35,158) d(35) a(33,46) a(2,178) r(34,99) a(35,138) a(35,69) a(35,45) d(27) r(32,97)
28; d(32) a(34,158) d(34) d(35) a(33,46) a(2,178) r(34,99) a(35,138) a(35,69) a(35,45) d(27) d(3)
29; a(34,37) a(25,82) a(35,164) r(1,49) a(34,44) a(35,158) a(28,135) d(34) d(35)
30; d(32) a(34,51) a(25,82) r(34,99) a(35,138) a(35,45) d(34) d(35) a(27,78) r(1,49) d(31) r(25,33)
31; d(32) r(34,54) a(3,178) r(2,3) r(27,62) d(35) r(25,65)
32; a(34,37) a(25,82) a(35,164) a(34,45)
33; d(32) d(34) a(35,135) a(25,82) d(31) r(1,49) d(34) d(35) a(27,78) d(31) a(32,37) d(33)
34; a(34,37) a(25,82) a(35,164) r(1,49) d(34) d(35) a(27,78) d(31) a(32,37) r(27,82)
35; d(32) d(34) a(35,135) a(25,82) d(31) r(28,34)
36; a(34,37) a(25,82) r(1,49) a(34,44) a(35,158) r(34,25) d(35) a(25,27)
37; d(32) d(35) d(2) r(28,158) d(34) a(1,50) d(25)
38; d(32) a(27,86) a(25,51) a(35,158)
39; r(32,82) d(35) d(34) d(33) d(1) r(28,27) d(27) d(25)
40; d(32) a(27,86) d(33) d(1) r(28,27) d(27) d(25)
41; r(32,82) d(35) d(34) a(25,51) a(3,38)
42; d(35) r(34,158) a(35,45) a(25,65) r(27,105)
43; a(34,37) a(25,82) a(35,80) d(34) d(35) a(27,78) d(31) a(28,32) r(33,83)
44; d(35) r(34,158) a(35,45) d(34) d(35) a(27,78) d(31) a(28,32) r(27,52)
45; a(34,37) a(25,82) a(35,80) a(25,65) r(35,28)
46; a(34,37) a(25,82) a(35,164) d(32) r(35,76) r(27,28) r(34,31)
47; a(34,37) a(25,82) a(35,164) d(34) r(1,49) a(34,44) a(35,158) a(28,135) d(34) d(35)
48; a(34,37) a(25,82) a(35,164) r(1,49) a(34,44) a(35,158) a(28,135) d(34) d(35)
49; a(34,37) a(25,82) a(35,164) d(34) d(32) r(35,76) r(27,28) r(3,130)
50; d(32) a(34,158) d(35) a(34,1) a(34,97) r(33,112) d(1) d(25) d(28)
51; a(34,37) a(25,82) r(1,49) a(34,44) a(35,158) r(34,25) d(35)
52; d(32) a(34,158) d(35) a(34,1) a(34,97) r(33,112) d(1) r(31,83)
53; a(34,37) a(25,82) r(1,49) a(34,44) a(35,158) r(34,25) d(25) r(32,51)
54; d(32) a(25,82) r(34,99) a(35,138) a(35,69) a(35,45) r(35,80) d(33)
55; d(32) d(34) a(35,135) a(25,82) r(34,99) a(35,138) a(35,69) a(35,45) r(35,27) r(1,36)
56; a(34,164) d(34)
57; d(32) a(35,45) d(34) d(35) r(31,100) a(33,97) r(25,84) a(3,64) a(25,82) a(35,164) r(1,49) a(34,44) a(35,158) a(28,135) r(34,164) a(28,78)
58; a(34,164) a(25,82) a(35,164) r(1,49) a(34,44) a(35,158) a(28,135) r(34,164) a(33,44)
59; d(32) a(35,45) d(34) d(35) r(31,100) a(33,97) r(25,84) a(3,64) d(2)
--------------------------------------------------------------------------------
Evaluation

0; 12.
1; 0.
2; 0.
3; 0.
4; 0.
5; 0.
6; 0.
7; 0.
8; 0.
9; 0.
10; 0.
11; 0.
12; 0.
13; 4.
14; 0.
15; 0.
16; 0.
17; 0.
18; 0.
19; 0.
20; 0.
21; 0.
22; 0.
23; 0.
24; 0.
25; 0.
26; 12.
27; 0.
28; 12.
29; 0.
30; 0.
31; 0.
32; 0.
33; 0.
34; 0.
35; 0.
36; 0.
37; 0.
38; 0.
39; 0.
40; 0.
41; 0.
42; 12.
43; 0.
44; 0.
45; 0.
46; 0.
47; 0.
48; 0.
49; 12.
50; 0.
51; 0.
52; 0.
53; 0.
54; 0.
55; 0.
56; 4.
57; 0.
58; 0.
59; 0.
================================================================================
Generation 8

--------------------------------------------------------------------------------
Selection

0; 17
1; 25
2; 38
3; 13
4; 21
5; 16
6; 19
7; 6
8; 4
9; 16
10; 47
11; 25
12; 33
13; 18
14; 24
15; 15
16; 19
17; 17
18; 23
19; 11
20; 30
21; 1
22; 43
23; 1
24; 7
25; 21
26; 6
27; 35
28; 9
29; 31
30; 58
31; 14
32; 23
33; 59
34; 51
35; 2
36; 33
37; 40
38; 14
39; 44
--------------------------------------------------------------------------------
Crossover

0; 16, 1; d(32) a(34,158) d(34) d(35) a(33,46) a(2,178) r(34,99) d(35) d(34) r(28,65) r(25,38)
1; 16, 1; r(32,82) a(35,138) a(35,69) a(35,45) d(27) a(2,25)
2; 16; d(32) a(34,158) d(34) d(35) a(33,46) a(2,178) r(34,99) a(35,138) a(35,69) a(35,45) d(27) a(2,25)
3; 1; r(32,82) d(35) d(34) r(28,65) r(25,38)
4; 11, 38; a(34,37) a(35,158)
5; 11, 38; d(32) a(27,86) a(25,51) a(34,51) a(34,138) d(34) r(3,51) a(35,76) d(35) a(33,51)
6; 11; a(34,37) a(34,51) a(34,138) d(34) r(3,51) a(35,76) d(35) a(33,51)
7; 38; d(32) a(27,86) a(25,51) a(35,158)
8; 6; a(34,37) a(27,78) a(25,70) r(35,82) a(31,80)
9; 13; d(35) a(25,70) a(25,69) a(34,34)
10; 2, 31; d(32) a(35,45) d(35) r(25,65)
11; 2, 31; d(32) r(34,54) a(3,178) r(2,3) r(27,62) d(34) d(35) a(27,78) r(1,49) a(25,65) a(27,134)
12; 2; d(32) a(35,45) d(34) d(35) a(27,78) r(1,49) a(25,65) a(27,134)
13; 31; d(32) r(34,54) a(3,178) r(2,3) r(27,62) d(35) r(25,65)
14; 30, 17; d(32) a(34,51) a(25,82) r(34,99) a(35,138) a(35,45) d(34) a(28,135) r(34,164) a(35,48)
15; 30, 17; a(34,164) a(25,82) a(35,164) r(1,49) a(34,44) a(35,158) d(35) a(27,78) r(1,49) d(31) r(25,33)
16; 30; d(32) a(34,51) a(25,82) r(34,99) a(35,138) a(35,45) d(34) d(35) a(27,78) r(1,49) d(31) r(25,33)
17; 17; a(34,164) a(25,82) a(35,164) r(1,49) a(34,44) a(35,158) a(28,135) r(34,164) a(35,48)
18; 58; a(34,164) a(25,82) a(35,164) r(1,49) a(34,44) a(35,158) a(28,135) r(34,164) a(33,44)
19; 43; a(34,37) a(25,82) a(35,80) d(34) d(35) a(27,78) d(31) a(28,32) r(33,83)
20; 59; d(32) a(35,45) d(34) d(35) r(31,100) a(33,97) r(25,84) a(3,64) d(2)
21; 6; a(34,37) a(27,78) a(25,70) r(35,82) a(31,80)
22; 1, 33; r(32,82) d(35) d(34) r(28,65) r(25,38) d(31) a(32,37) d(33)
23; 1, 33; d(32) d(34) a(35,135) a(25,82) d(31) r(1,49) d(34) d(35) a(27,78)
24; 1; r(32,82) d(35) d(34) r(28,65) r(25,38)
25; 33; d(32) d(34) a(35,135) a(25,82) d(31) r(1,49) d(34) d(35) a(27,78) d(31) a(32,37) d(33)
26; 24; a(34,37) a(25,82) a(35,80) a(25,65) d(34)
27; 23; d(32) r(34,54) a(3,178) r(2,3) r(27,62) d(35) d(28)
28; 21, 51; d(32) a(34,51) a(25,82) r(34,99) d(35)
29; 21, 51; a(34,37) a(25,82) r(1,49) a(34,44) a(35,158) r(34,25) a(35,138) a(35,164) d(1) a(31,36) d(35)
30; 21; d(32) a(34,51) a(25,82) r(34,99) a(35,138) a(35,164) d(1) a(31,36) d(35)
31; 51; a(34,37) a(25,82) r(1,49) a(34,44) a(35,158) r(34,25) d(35)
32; 35; d(32) d(34) a(35,135) a(25,82) d(31) r(28,34)
33; 21; d(32) a(34,51) a(25,82) r(34,99) a(35,138) a(35,164) d(1) a(31,36) d(35)
34; 18, 7; d(32) a(34,158) d(35) a(34,1) a(34,44) a(35,158) a(34,37) r(34,64) r(33,177)
35; 18, 7; a(34,37) a(25,82) a(35,164) r(1,49) a(34,97) r(33,112) d(1) r(34,99) a(35,138) a(35,164) d(1) a(31,36) a(28,158)
36; 18; d(32) a(34,158) d(35) a(34,1) a(34,97) r(33,112) d(1) r(34,99) a(35,138) a(35,164) d(1) a(31,36) a(28,158)
37; 7; a(34,37) a(25,82) a(35,164) r(1,49) a(34,44) a(35,158) a(34,37) r(34,64) r(33,177)
38; 9, 25; a(34,37) a(34,51) a(34,138)
39; 9, 25; d(32) r(34,54) a(3,178) r(2,3) r(27,62) d(35) a(33,138) d(34) r(3,51) a(35,76) d(35) r(25,28)
40; 9; a(34,37) a(34,51) a(34,138) d(34) r(3,51) a(35,76) d(35) r(25,28)
41; 25; d(32) r(34,54) a(3,178) r(2,3) r(27,62) d(35) a(33,138)
42; 23; d(32) r(34,54) a(3,178) r(2,3) r(27,62) d(35) d(28)
43; 15; d(35) r(34,158) a(35,45) a(34,44) a(35,158) a(34,37) a(25,82) a(25,28)
44; 33; d(32) d(34) a(35,135) a(25,82) d(31) r(1,49) d(34) d(35) a(27,78) d(31) a(32,37) d(33)
45; 16; d(32) a(34,158) d(34) d(35) a(33,46) a(2,178) r(34,99) a(35,138) a(35,69) a(35,45) d(27) a(2,25)
46; 44; d(35) r(34,158) a(35,45) d(34) d(35) a(27,78) d(31) a(28,32) r(27,52)
47; 19; d(32) a(34,51) a(25,82) r(34,44)
48; 17, 14; a(34,164) a(25,82) a(35,164) r(1,49) a(34,44) a(35,158) a(28,135) r(34,164) a(35,48) a(25,70) a(25,69) r(2,48)
49; 17, 14; d(32) a(35,45) d(34) d(35) a(27,78)
50; 17; a(34,164) a(25,82) a(35,164) r(1,49) a(34,44) a(35,158) a(28,135) r(34,164) a(35,48)
51; 14; d(32) a(35,45) d(34) d(35) a(27,78) a(25,70) a(25,69) r(2,48)
52; 47; a(34,37) a(25,82) a(35,164) d(34) r(1,49) a(34,44) a(35,158) a(28,135) d(34) d(35)
53; 25; d(32) r(34,54) a(3,178) r(2,3) r(27,62) d(35) a(33,138)
54; 14; d(32) a(35,45) d(34) d(35) a(27,78) a(25,70) a(25,69) r(2,48)
55; 40; d(32) a(27,86) d(33) d(1) r(28,27) d(27) d(25)
56; 4, 19; a(34,37) a(34,51) a(34,138) d(34) r(34,44)
57; 4, 19; d(32) a(34,51) a(25,82) r(3,51) a(35,76) d(35) r(2,164)
58; 4; a(34,37) a(34,51) a(34,138) d(34) r(3,51) a(35,76) d(35) r(2,164)
59; 19; d(32) a(34,51) a(25,82) r(34,44)
--------------------------------------------------------------------------------
Mutation

0; d(32) a(34,158) d(34) d(35) a(33,46) a(2,178) r(34,99) d(35) d(34) r(28,65) r(25,38) r(2,47)
1; r(32,82) a(35,138) a(35,69) a(35,45) d(27) a(2,25) r(34,87)
2; d(32) a(34,158) d(34) d(35) a(33,46) a(2,178) r(34,99) a(35,138) a(35,69) a(35,45) d(27) a(2,25) d(28)
3; r(32,82) d(35) d(34) r(28,65) r(25,38) d(3)
4; a(34,37) a(35,158) r(34,78)
5; d(32) a(27,86) a(25,51) a(34,51) a(34,138) d(34) r(3,51) a(35,76) d(35) a(33,51) r(27,34)
6; a(34,37) a(34,51) a(34,138) d(34) r(3,51) a(35,76) d(35) a(33,51) a(33,112)
7; d(32) a(27,86) a(25,51) a(35,158) r(35,82)
8; a(34,37) a(27,78) a(25,70) r(35,82) a(31,80) a(34,112)
9; d(35) a(25,70) a(25,69) a(34,34) r(34,47)
10; d(32) a(35,45) d(35) r(25,65) r(2,27)
11; d(32) r(34,54) a(3,178) r(2,3) r(27,62) d(34) d(35) a(27,78) r(1,49) a(25,65) a(27,134) a(25,86)
12; d(32) a(35,45) d(34) d(35) a(27,78) r(1,49) a(25,65) a(27,134) a(31,97)
13; d(32) r(34,54) a(3,178) r(2,3) r(27,62) d(35) r(25,65) d(33)
14; d(32) a(34,51) a(25,82) r(34,99) a(35,138) a(35,45) d(34) a(28,135) r(34,164) a(35,48) a(35,33)
15; a(34,164) a(25,82) a(35,164) r(1,49) a(34,44) a(35,158) d(35) a(27,78) r(1,49) d(31) r(25,33) d(32)
16; d(32) a(34,51) a(25,82) r(34,99) a(35,138) a(35,45) d(34) d(35) a(27,78) r(1,49) d(31) r(25,33) d(33)
17; a(34,164) a(25,82) a(35,164) r(1,49) a(34,44) a(35,158) a(28,135) r(34,164) a(35,48) a(28,25)
18; a(34,164) a(25,82) a(35,164) r(1,49) a(34,44) a(35,158) a(28,135) r(34,164) a(33,44) a(35,148)
19; a(34,37) a(25,82) a(35,80) d(34) d(35) a(27,78) d(31) a(28,32) r(33,83) d(28)
20; d(32) a(35,45) d(34) d(35) r(31,100) a(33,97) r(25,84) a(3,64) d(2) a(1,54)
21; a(34,37) a(27,78) a(25,70) r(35,82) a(31,80) d(34)
22; r(32,82) d(35) d(34) r(28,65) r(25,38) d(31) a(32,37) d(33) d(2)
23; d(32) d(34) a(35,135) a(25,82) d(31) r(1,49) d(34) d(35) a(27,78) a(33,34)
24; r(32,82) d(35) d(34) r(28,65) r(25,38) r(3,45)
25; d(32) d(34) a(35,135) a(25,82) d(31) r(1,49) d(34) d(35) a(27,78) d(31) a(32,37) d(33) r(25,35)
26; a(34,37) a(25,82) a(35,80) a(25,65) d(34) r(28,94)
27; d(32) r(34,54) a(3,178) r(2,3) r(27,62) d(35) d(28) r(25,32)
28; d(32) a(34,51) a(25,82) r(34,99) d(35) a(28,33)
29; a(34,37) a(25,82) r(1,49) a(34,44) a(35,158) r(34,25) a(35,138) a(35,164) d(1) a(31,36) d(35) r(28,70)
30; d(32) a(34,51) a(25,82) r(34,99) a(35,138) a(35,164) d(1) a(31,36) d(35) d(27)
31; a(34,37) a(25,82) r(1,49) a(34,44) a(35,158) r(34,25) d(35) r(33,64)
32; d(32) d(34) a(35,135) a(25,82) d(31) r(28,34) a(35,1)
33; d(32) a(34,51) a(25,82) r(34,99) a(35,138) a(35,164) d(1) a(31,36) d(35) d(33)
34; d(32) a(34,158) d(35) a(34,1) a(34,44) a(35,158) a(34,37) r(34,64) r(33,177) d(2)
35; a(34,37) a(25,82) a(35,164) r(1,49) a(34,97) r(33,112) d(1) r(34,99) a(35,138) a(35,164) d(1) a(31,36) a(28,158) a(32,38)
36; d(32) a(34,158) d(35) a(34,1) a(34,97) r(33,112) d(1) r(34,99) a(35,138) a(35,164) d(1) a(31,36) a(28,158) a(27,64)
37; a(34,37) a(25,82) a(35,164) r(1,49) a(34,44) a(35,158) a(34,37) r(34,64) r(33,177) a(31,86)
38; a(34,37) a(34,51) a(34,138) r(31,47)
39; d(32) r(34,54) a(3,178) r(2,3) r(27,62) d(35) a(33,138) d(34) r(3,51) a(35,76) d(35) r(25,28) d(28)
40; a(34,37) a(34,51) a(34,138) d(34) r(3,51) a(35,76) d(35) r(25,28) d(28)
41; d(32) r(34,54) a(3,178) r(2,3) r(27,62) d(35) a(33,138) r(28,47)
42; d(32) r(34,54) a(3,178) r(2,3) r(27,62) d(35) d(28) d(33)
43; d(35) r(34,158) a(35,45) a(34,44) a(35,158) a(34,37) a(25,82) a(25,28) r(31,97)
44; d(32) d(34) a(35,135) a(25,82) d(31) r(1,49) d(34) d(35) a(27,78) d(31) a(32,37) d(33) r(28,78)
45; d(32) a(34,158) d(34) d(35) a(33,46) a(2,178) r(34,99) a(35,138) a(35,69) a(35,45) d(27) a(2,25) r(3,176)
46; d(35) r(34,158) a(35,45) d(34) d(35) a(27,78) d(31) a(28,32) r(27,52) a(1,176)
47; d(32) a(34,51) a(25,82) r(34,44) a(3,78)
48; a(34,164) a(25,82) a(35,164) r(1,49) a(34,44) a(35,158) a(28,135) r(34,164) a(35,48) a(25,70) a(25,69) r(2,48) r(35,97)
49; d(32) a(35,45) d(34) d(35) a(27,78) d(28)
50; a(34,164) a(25,82) a(35,164) r(1,49) a(34,44) a(35,158) a(28,135) r(34,164) a(35,48) r(27,52)
51; d(32) a(35,45) d(34) d(35) a(27,78) a(25,70) a(25,69) r(2,48) a(33,80)
52; a(34,37) a(25,82) a(35,164) d(34) r(1,49) a(34,44) a(35,158) a(28,135) d(34) d(35) d(33)
53; d(32) r(34,54) a(3,178) r(2,3) r(27,62) d(35) a(33,138) r(1,95)
54; d(32) a(35,45) d(34) d(35) a(27,78) a(25,70) a(25,69) r(2,48) d(25)
55; d(32) a(27,86) d(33) d(1) r(28,27) d(27) d(25)
56; a(34,37) a(34,51) a(34,138) d(34) r(34,44) a(35,95)
57; d(32) a(34,51) a(25,82) r(3,51) a(35,76) d(35) r(2,164) a(34,69)
58; a(34,37) a(34,51) a(34,138) d(34) r(3,51) a(35,76) d(35) r(2,164) a(31,1)
59; d(32) a(34,51) a(25,82) r(34,44) a(35,64)
--------------------------------------------------------------------------------
Evaluation

0; 0.
1; 0.
2; 0.
3; 0.
4; 4.
5; 0.
6; 0.
7; 0.
8; 0.
9; 4.
10; 0.
11; 0.
12; 0.
13; 0.
14; 0.
15; 0.
16; 0.
17; 0.
18; 0.
19; 0.
20; 0.
21; 0.
22; 0.
23; 0.
24; 0.
25; 0.
26; 0.
27; 0.
28; 0.
29; 0.
30; 0.
31; 0.
32; 0.
33; 0.
34; 0.
35; 0.
36; 0.
37; 0.
38; 0.
39; 0.
40; 0.
41; 0.
42; 0.
43; 0.
44; 0.
45; 12.
46; 0.
47; 0.
48; 0.
49; 0.
50; 0.
51; 0.
52; 0.
53; 0.
54; 0.
55; 0.
56; 4.
57; 0.
58; 0.
59; 0.
================================================================================
Generation 9

--------------------------------------------------------------------------------
Selection

0; 15
1; 31
2; 26
3; 33
4; 18
5; 50
6; 25
7; 10
8; 46
9; 43
10; 33
11; 50
12; 27
13; 50
14; 13
15; 38
16; 8
17; 13
18; 37
19; 38
20; 27
21; 58
22; 29
23; 32
24; 57
25; 35
26; 28
27; 6
28; 16
29; 48
30; 49
31; 47
32; 49
33; 53
34; 13
35; 29
36; 30
37; 28
38; 5
39; 54
--------------------------------------------------------------------------------
Crossover

0; 28; d(32) a(34,51) a(25,82) r(34,99) d(35) a(28,33)
1; 50; a(34,164) a(25,82) a(35,164) r(1,49) a(34,44) a(35,158) a(28,135) r(34,164) a(35,48) r(27,52)
2; 38; a(34,37) a(34,51) a(34,138) r(31,47)
3; 15; a(34,164) a(25,82) a(35,164) r(1,49) a(34,44) a(35,158) d(35) a(27,78) r(1,49) d(31) r(25,33) d(32)
4; 13, 43; d(32) r(34,54) a(3,178) r(2,3) r(27,62) d(35) r(25,65) d(33) a(35,45) a(34,44) a(35,158) a(34,37) a(25,82) a(25,28) r(31,97)
5; 13, 43; d(35) r(34,158)
6; 13; d(32) r(34,54) a(3,178) r(2,3) r(27,62) d(35) r(25,65) d(33)
7; 43; d(35) r(34,158) a(35,45) a(34,44) a(35,158) a(34,37) a(25,82) a(25,28) r(31,97)
8; 54, 26; d(32) a(35,45) d(34) d(35) a(27,78) a(25,70) r(28,94)
9; 54, 26; a(34,37) a(25,82) a(35,80) a(25,65) d(34) a(25,69) r(2,48) d(25)
10; 54; d(32) a(35,45) d(34) d(35) a(27,78) a(25,70) a(25,69) r(2,48) d(25)
11; 26; a(34,37) a(25,82) a(35,80) a(25,65) d(34) r(28,94)
12; 27; d(32) r(34,54) a(3,178) r(2,3) r(27,62) d(35) d(28) r(25,32)
13; 13; d(32) r(34,54) a(3,178) r(2,3) r(27,62) d(35) r(25,65) d(33)
14; 37; a(34,37) a(25,82) a(35,164) r(1,49) a(34,44) a(35,158) a(34,37) r(34,64) r(33,177) a(31,86)
15; 49; d(32) a(35,45) d(34) d(35) a(27,78) d(28)
16; 8; a(34,37) a(27,78) a(25,70) r(35,82) a(31,80) a(34,112)
17; 25; d(32) d(34) a(35,135) a(25,82) d(31) r(1,49) d(34) d(35) a(27,78) d(31) a(32,37) d(33) r(25,35)
18; 10, 46; d(32) a(35,45) d(35) r(25,65) r(2,27) d(35) a(27,78) d(31) a(28,32) r(27,52) a(1,176)
19; 10, 46; d(35) r(34,158) a(35,45) d(34)
20; 10; d(32) a(35,45) d(35) r(25,65) r(2,27)
21; 46; d(35) r(34,158) a(35,45) d(34) d(35) a(27,78) d(31) a(28,32) r(27,52) a(1,176)
22; 13, 53; d(32) r(34,54) a(3,178) r(2,3) r(27,62) d(35) r(25,65) d(35) a(33,138) r(1,95)
23; 13, 53; d(32) r(34,54) a(3,178) r(2,3) r(27,62) d(33)
24; 13; d(32) r(34,54) a(3,178) r(2,3) r(27,62) d(35) r(25,65) d(33)
25; 53; d(32) r(34,54) a(3,178) r(2,3) r(27,62) d(35) a(33,138) r(1,95)
26; 16; d(32) a(34,51) a(25,82) r(34,99) a(35,138) a(35,45) d(34) d(35) a(27,78) r(1,49) d(31) r(25,33) d(33)
27; 5; d(32) a(27,86) a(25,51) a(34,51) a(34,138) d(34) r(3,51) a(35,76) d(35) a(33,51) r(27,34)
28; 38; a(34,37) a(34,51) a(34,138) r(31,47)
29; 35; a(34,37) a(25,82) a(35,164) r(1,49) a(34,97) r(33,112) d(1) r(34,99) a(35,138) a(35,164) d(1) a(31,36) a(28,158) a(32,38)
30; 30, 29; d(32) a(34,51) a(25,82) r(34,99) a(35,138) a(35,164) d(1) a(31,36) d(35) a(25,82) r(1,49) a(34,44) a(35,158) r(34,25) a(35,138) a(35,164) d(1) a(31,36) d(35) r(28,70)
31; 30, 29; a(34,37) d(27)
32; 30; d(32) a(34,51) a(25,82) r(34,99) a(35,138) a(35,164) d(1) a(31,36) d(35) d(27)
33; 29; a(34,37) a(25,82) r(1,49) a(34,44) a(35,158) r(34,25) a(35,138) a(35,164) d(1) a(31,36) d(35) r(28,70)
34; 18, 47; a(34,164) a(25,82) a(35,164) a(34,51) a(25,82) r(34,44) a(3,78)
35; 18, 47; d(32) r(1,49) a(34,44) a(35,158) a(28,135) r(34,164) a(33,44) a(35,148)
36; 18; a(34,164) a(25,82) a(35,164) r(1,49) a(34,44) a(35,158) a(28,135) r(34,164) a(33,44) a(35,148)
37; 47; d(32) a(34,51) a(25,82) r(34,44) a(3,78)
38; 50; a(34,164) a(25,82) a(35,164) r(1,49) a(34,44) a(35,158) a(28,135) r(34,164) a(35,48) r(27,52)
39; 27; d(32) r(34,54) a(3,178) r(2,3) r(27,62) d(35) d(28) r(25,32)
40; 50, 58; a(34,164) a(25,82) a(35,164) r(2,164) a(31,1)
41; 50, 58; a(34,37) a(34,51) a(34,138) d(34) r(3,51) a(35,76) d(35) r(1,49) a(34,44) a(35,158) a(28,135) r(34,164) a(35,48) r(27,52)
42; 50; a(34,164) a(25,82) a(35,164) r(1,49) a(34,44) a(35,158) a(28,135) r(34,164) a(35,48) r(27,52)
43; 58; a(34,37) a(34,51) a(34,138) d(34) r(3,51) a(35,76) d(35) r(2,164) a(31,1)
44; 49, 57; d(32) a(35,45) a(34,51) a(25,82) r(3,51) a(35,76) d(35) r(2,164) a(34,69)
45; 49, 57; d(32) d(34) d(35) a(27,78) d(28)
46; 49; d(32) a(35,45) d(34) d(35) a(27,78) d(28)
47; 57; d(32) a(34,51) a(25,82) r(3,51) a(35,76) d(35) r(2,164) a(34,69)
48; 6, 28; a(34,37) a(34,51) a(34,138) d(34) r(3,51) a(35,76) d(35) a(34,51) a(25,82) r(34,99) d(35) a(28,33)
49; 6, 28; d(32) a(33,51) a(33,112)
50; 6; a(34,37) a(34,51) a(34,138) d(34) r(3,51) a(35,76) d(35) a(33,51) a(33,112)
51; 28; d(32) a(34,51) a(25,82) r(34,99) d(35) a(28,33)
52; 33, 48; d(32) a(34,51) a(25,82) r(34,99) a(35,138) a(35,164) d(1) a(31,36) d(35) d(33) a(35,158) a(28,135) r(34,164) a(35,48) a(25,70) a(25,69) r(2,48) r(35,97)
53; 33, 48; a(34,164) a(25,82) a(35,164) r(1,49) a(34,44)
54; 33; d(32) a(34,51) a(25,82) r(34,99) a(35,138) a(35,164) d(1) a(31,36) d(35) d(33)
55; 48; a(34,164) a(25,82) a(35,164) r(1,49) a(34,44) a(35,158) a(28,135) r(34,164) a(35,48) a(25,70) a(25,69) r(2,48) r(35,97)
56; 33; d(32) a(34,51) a(25,82) r(34,99) a(35,138) a(35,164) d(1) a(31,36) d(35) d(33)
57; 29; a(34,37) a(25,82) r(1,49) a(34,44) a(35,158) r(34,25) a(35,138) a(35,164) d(1) a(31,36) d(35) r(28,70)
58; 32, 31; d(32) r(33,64)
59; 32, 31; a(34,37) a(25,82) r(1,49) a(34,44) a(35,158) r(34,25) d(35) d(34) a(35,135) a(25,82) d(31) r(28,34) a(35,1)
60; 32; d(32) d(34) a(35,135) a(25,82) d(31) r(28,34) a(35,1)
61; 31; a(34,37) a(25,82) r(1,49) a(34,44) a(35,158) r(34,25) d(35) r(33,64)
--------------------------------------------------------------------------------
Mutation

0; d(32) a(34,51) a(25,82) r(34,99) d(35) a(28,33) a(31,80)
1; a(34,164) a(25,82) a(35,164) r(1,49) a(34,44) a(35,158) a(28,135) r(34,164) a(35,48) r(27,52) r(35,177)
2; a(34,37) a(34,51) a(34,138) r(31,47) a(3,35)
3; a(34,164) a(25,82) a(35,164) r(1,49) a(34,44) a(35,158) d(35) a(27,78) r(1,49) d(31) r(25,33) d(32) r(34,178)
4; d(32) r(34,54) a(3,178) r(2,3) r(27,62) d(35) r(25,65) d(33) a(35,45) a(34,44) a(35,158) a(34,37) a(25,82) a(25,28) r(31,97) d(28)
5; d(35) r(34,158) d(27)
6; d(32) r(34,54) a(3,178) r(2,3) r(27,62) d(35) r(25,65) d(33) a(31,87)
7; d(35) r(34,158) a(35,45) a(34,44) a(35,158) a(34,37) a(25,82) a(25,28) r(31,97) a(33,53)
8; d(32) a(35,45) d(34) d(35) a(27,78) a(25,70) r(28,94) d(3)
9; a(34,37) a(25,82) a(35,80) a(25,65) d(34) a(25,69) r(2,48) d(25) r(35,86)
10; d(32) a(35,45) d(34) d(35) a(27,78) a(25,70) a(25,69) r(2,48) d(25) d(28)
11; a(34,37) a(25,82) a(35,80) a(25,65) d(34) r(28,94) r(32,1)
12; d(32) r(34,54) a(3,178) r(2,3) r(27,62) d(35) d(28) r(25,32) a(33,65)
13; d(32) r(34,54) a(3,178) r(2,3) r(27,62) d(35) r(25,65) d(33) a(1,94)
14; a(34,37) a(25,82) a(35,164) r(1,49) a(34,44) a(35,158) a(34,37) r(34,64) r(33,177) a(31,86) r(31,1)
15; d(32) a(35,45) d(34) d(35) a(27,78) d(28) a(2,3)
16; a(34,37) a(27,78) a(25,70) r(35,82) a(31,80) a(34,112) d(34)
17; d(32) d(34) a(35,135) a(25,82) d(31) r(1,49) d(34) d(35) a(27,78) d(31) a(32,37) d(33) r(25,35) r(28,138)
18; d(32) a(35,45) d(35) r(25,65) r(2,27) d(35) a(27,78) d(31) a(28,32) r(27,52) a(1,176) a(33,83)
19; d(35) r(34,158) a(35,45) d(34) r(31,86)
20; d(32) a(35,45) d(35) r(25,65) r(2,27) r(31,94)
21; d(35) r(34,158) a(35,45) d(34) d(35) a(27,78) d(31) a(28,32) r(27,52) a(1,176) a(3,44)
22; d(32) r(34,54) a(3,178) r(2,3) r(27,62) d(35) r(25,65) d(35) a(33,138) r(1,95) r(28,164)
23; d(32) r(34,54) a(3,178) r(2,3) r(27,62) d(33) d(28)
24; d(32) r(34,54) a(3,178) r(2,3) r(27,62) d(35) r(25,65) d(33) r(31,51)
25; d(32) r(34,54) a(3,178) r(2,3) r(27,62) d(35) a(33,138) r(1,95) a(31,25)
26; d(32) a(34,51) a(25,82) r(34,99) a(35,138) a(35,45) d(34) d(35) a(27,78) r(1,49) d(31) r(25,33) d(33) a(28,27)
27; d(32) a(27,86) a(25,51) a(34,51) a(34,138) d(34) r(3,51) a(35,76) d(35) a(33,51) r(27,34) a(33,84)
28; a(34,37) a(34,51) a(34,138) r(31,47) d(35)
29; a(34,37) a(25,82) a(35,164) r(1,49) a(34,97) r(33,112) d(1) r(34,99) a(35,138) a(35,164) d(1) a(31,36) a(28,158) a(32,38) r(25,94)
30; d(32) a(34,51) a(25,82) r(34,99) a(35,138) a(35,164) d(1) a(31,36) d(35) a(25,82) r(1,49) a(34,44) a(35,158) r(34,25) a(35,138) a(35,164) d(1) a(31,36) d(35) r(28,70) r(27,48)
31; a(34,37) d(27) r(34,97)
32; d(32) a(34,51) a(25,82) r(34,99) a(35,138) a(35,164) d(1) a(31,36) d(35) d(27) d(31)
33; a(34,37) a(25,82) r(1,49) a(34,44) a(35,158) r(34,25) a(35,138) a(35,164) d(1) a(31,36) d(35) r(28,70) a(25,45)
34; a(34,164) a(25,82) a(35,164) a(34,51) a(25,82) r(34,44) a(3,78) d(35)
35; d(32) r(1,49) a(34,44) a(35,158) a(28,135) r(34,164) a(33,44) a(35,148) r(28,45)
36; a(34,164) a(25,82) a(35,164) r(1,49) a(34,44) a(35,158) a(28,135) r(34,164) a(33,44) a(35,148) d(35)
37; d(32) a(34,51) a(25,82) r(34,44) a(3,78) r(35,138)
38; a(34,164) a(25,82) a(35,164) r(1,49) a(34,44) a(35,158) a(28,135) r(34,164) a(35,48) r(27,52) r(31,164)
39; d(32) r(34,54) a(3,178) r(2,3) r(27,62) d(35) d(28) r(25,32) r(33,87)
40; a(34,164) a(25,82) a(35,164) r(2,164) a(31,1) a(35,138)
41; a(34,37) a(34,51) a(34,138) d(34) r(3,51) a(35,76) d(35) r(1,49) a(34,44) a(35,158) a(28,135) r(34,164) a(35,48) r(27,52) a(25,69)
42; a(34,164) a(25,82) a(35,164) r(1,49) a(34,44) a(35,158) a(28,135) r(34,164) a(35,48) r(27,52) r(35,105)
43; a(34,37) a(34,51) a(34,138) d(34) r(3,51) a(35,76) d(35) r(2,164) a(31,1) d(27)
44; d(32) a(35,45) a(34,51) a(25,82) r(3,51) a(35,76) d(35) r(2,164) a(34,69) d(34)
45; d(32) d(34) d(35) a(27,78) d(28) r(25,34)
46; d(32) a(35,45) d(34) d(35) a(27,78) d(28) d(27)
47; d(32) a(34,51) a(25,82) r(3,51) a(35,76) d(35) r(2,164) a(34,69) a(34,54)
48; a(34,37) a(34,51) a(34,138) d(34) r(3,51) a(35,76) d(35) a(34,51) a(25,82) r(34,99) d(35) a(28,33) a(1,112)
49; d(32) a(33,51) a(33,112) r(35,65)
50; a(34,37) a(34,51) a(34,138) d(34) r(3,51) a(35,76) d(35) a(33,51) a(33,112) r(2,44)
51; d(32) a(34,51) a(25,82) r(34,99) d(35) a(28,33) a(1,158)
52; d(32) a(34,51) a(25,82) r(34,99) a(35,138) a(35,164) d(1) a(31,36) d(35) d(33) a(35,158) a(28,135) r(34,164) a(35,48) a(25,70) a(25,69) r(2,48) r(35,97) a(31,35)
53; a(34,164) a(25,82) a(35,164) r(1,49) a(34,44) r(34,86)
54; d(32) a(34,51) a(25,82) r(34,99) a(35,138) a(35,164) d(1) a(31,36) d(35) d(33) d(28)
55; a(34,164) a(25,82) a(35,164) r(1,49) a(34,44) a(35,158) a(28,135) r(34,164) a(35,48) a(25,70) a(25,69) r(2,48) r(35,97) a(32,52)
56; d(32) a(34,51) a(25,82) r(34,99) a(35,138) a(35,164) d(1) a(31,36) d(35) d(33) r(25,86)
57; a(34,37) a(25,82) r(1,49) a(34,44) a(35,158) r(34,25) a(35,138) a(35,164) d(1) a(31,36) d(35) r(28,70) r(33,32)
58; d(32) r(33,64) a(25,64)
59; a(34,37) a(25,82) r(1,49) a(34,44) a(35,158) r(34,25) d(35) d(34) a(35,135) a(25,82) d(31) r(28,34) a(35,1) r(33,54)
60; d(32) d(34) a(35,135) a(25,82) d(31) r(28,34) a(35,1) a(25,86)
61; a(34,37) a(25,82) r(1,49) a(34,44) a(35,158) r(34,25) d(35) r(33,64) a(27,49)
--------------------------------------------------------------------------------
Evaluation

0; 0.
1; 0.
2; 0.
3; 0.
4; 0.
5; 4.
6; 0.
7; 0.
8; 12.
9; 0.
10; 0.
11; 0.
12; 0.
13; 0.
14; 0.
15; 0.
16; 0.
17; 0.
18; 0.
19; 0.
20; 0.
21; 0.
22; 0.
23; 0.
24; 0.
25; 0.
26; 0.
27; 0.
28; 0.
29; 0.
30; 0.
31; 4.
32; 0.
33; 0.
34; 0.
35; 0.
36; 0.
37; 0.
38; 0.
39; 0.
40; 0.
41; 0.
42; 0.
43; 0.
44; 0.
45; 0.
46; 0.
47; 0.
48; 0.
49; 0.
50; 0.
51; 0.
52; 0.
53; 0.
54; 0.
55; 0.
56; 0.
57; 0.
58; 0.
59; 0.
60; 0.
61; 0.
================================================================================
Generation 10

--------------------------------------------------------------------------------
Selection

0; 48
1; 0
2; 10
3; 51
4; 9
5; 15
6; 22
7; 9
8; 53
9; 45
10; 40
11; 43
12; 6
13; 2
14; 22
15; 54
16; 36
17; 34
18; 22
19; 27
20; 46
21; 29
22; 25
23; 2
24; 57
25; 18
26; 24
27; 48
28; 6
29; 45
30; 10
31; 56
32; 40
33; 6
34; 16
35; 52
36; 58
37; 2
38; 1
39; 19
--------------------------------------------------------------------------------
Crossover

0; 36, 10; a(34,164) a(25,82) a(35,164) r(1,49) a(34,44) a(35,158) a(28,135) a(25,70) a(25,69) r(2,48) d(25) d(28)
1; 36, 10; d(32) a(35,45) d(34) d(35) a(27,78) r(34,164) a(33,44) a(35,148) d(35)
2; 36; a(34,164) a(25,82) a(35,164) r(1,49) a(34,44) a(35,158) a(28,135) r(34,164) a(33,44) a(35,148) d(35)
3; 10; d(32) a(35,45) d(34) d(35) a(27,78) a(25,70) a(25,69) r(2,48) d(25) d(28)
4; 56; d(32) a(34,51) a(25,82) r(34,99) a(35,138) a(35,164) d(1) a(31,36) d(35) d(33) r(25,86)
5; 46; d(32) a(35,45) d(34) d(35) a(27,78) d(28) d(27)
6; 0; d(32) a(34,51) a(25,82) r(34,99) d(35) a(28,33) a(31,80)
7; 43; a(34,37) a(34,51) a(34,138) d(34) r(3,51) a(35,76) d(35) r(2,164) a(31,1) d(27)
8; 6; d(32) r(34,54) a(3,178) r(2,3) r(27,62) d(35) r(25,65) d(33) a(31,87)
9; 19; d(35) r(34,158) a(35,45) d(34) r(31,86)
10; 29, 18; a(34,37) a(25,82) a(35,164) r(1,49) a(34,97) d(31) a(28,32) r(27,52) a(1,176) a(33,83)
11; 29, 18; d(32) a(35,45) d(35) r(25,65) r(2,27) d(35) a(27,78) r(33,112) d(1) r(34,99) a(35,138) a(35,164) d(1) a(31,36) a(28,158) a(32,38) r(25,94)
12; 29; a(34,37) a(25,82) a(35,164) r(1,49) a(34,97) r(33,112) d(1) r(34,99) a(35,138) a(35,164) d(1) a(31,36) a(28,158) a(32,38) r(25,94)
13; 18; d(32) a(35,45) d(35) r(25,65) r(2,27) d(35) a(27,78) d(31) a(28,32) r(27,52) a(1,176) a(33,83)
14; 54, 57; d(32) a(34,51) a(25,82) r(34,99) a(35,138) a(35,164) d(1) a(31,36) a(34,44) a(35,158) r(34,25) a(35,138) a(35,164) d(1) a(31,36) d(35) r(28,70) r(33,32)
15; 54, 57; a(34,37) a(25,82) r(1,49) d(35) d(33) d(28)
16; 54; d(32) a(34,51) a(25,82) r(34,99) a(35,138) a(35,164) d(1) a(31,36) d(35) d(33) d(28)
17; 57; a(34,37) a(25,82) r(1,49) a(34,44) a(35,158) r(34,25) a(35,138) a(35,164) d(1) a(31,36) d(35) r(28,70) r(33,32)
18; 10; d(32) a(35,45) d(34) d(35) a(27,78) a(25,70) a(25,69) r(2,48) d(25) d(28)
19; 2; a(34,37) a(34,51) a(34,138) r(31,47) a(3,35)
20; 40, 22; a(34,164) a(25,82) a(35,164) r(2,164) a(31,1) r(28,164)
21; 40, 22; d(32) r(34,54) a(3,178) r(2,3) r(27,62) d(35) r(25,65) d(35) a(33,138) r(1,95) a(35,138)
22; 40; a(34,164) a(25,82) a(35,164) r(2,164) a(31,1) a(35,138)
23; 22; d(32) r(34,54) a(3,178) r(2,3) r(27,62) d(35) r(25,65) d(35) a(33,138) r(1,95) r(28,164)
24; 25, 45; d(32) r(25,34)
25; 25, 45; d(32) d(34) d(35) a(27,78) d(28) r(34,54) a(3,178) r(2,3) r(27,62) d(35) a(33,138) r(1,95) a(31,25)
26; 25; d(32) r(34,54) a(3,178) r(2,3) r(27,62) d(35) a(33,138) r(1,95) a(31,25)
27; 45; d(32) d(34) d(35) a(27,78) d(28) r(25,34)
28; 34, 15; a(34,164) a(25,82) a(27,78) d(28) a(2,3)
29; 34, 15; d(32) a(35,45) d(34) d(35) a(35,164) a(34,51) a(25,82) r(34,44) a(3,78) d(35)
30; 34; a(34,164) a(25,82) a(35,164) a(34,51) a(25,82) r(34,44) a(3,78) d(35)
31; 15; d(32) a(35,45) d(34) d(35) a(27,78) d(28) a(2,3)
32; 2, 6; a(34,37) a(34,51) a(3,178) r(2,3) r(27,62) d(35) r(25,65) d(33) a(31,87)
33; 2, 6; d(32) r(34,54) a(34,138) r(31,47) a(3,35)
34; 2; a(34,37) a(34,51) a(34,138) r(31,47) a(3,35)
35; 6; d(32) r(34,54) a(3,178) r(2,3) r(27,62) d(35) r(25,65) d(33) a(31,87)
36; 22; d(32) r(34,54) a(3,178) r(2,3) r(27,62) d(35) r(25,65) d(35) a(33,138) r(1,95) r(28,164)
37; 48; a(34,37) a(34,51) a(34,138) d(34) r(3,51) a(35,76) d(35) a(34,51) a(25,82) r(34,99) d(35) a(28,33) a(1,112)
38; 22; d(32) r(34,54) a(3,178) r(2,3) r(27,62) d(35) r(25,65) d(35) a(33,138) r(1,95) r(28,164)
39; 6; d(32) r(34,54) a(3,178) r(2,3) r(27,62) d(35) r(25,65) d(33) a(31,87)
40; 27; d(32) a(27,86) a(25,51) a(34,51) a(34,138) d(34) r(3,51) a(35,76) d(35) a(33,51) r(27,34) a(33,84)
41; 53; a(34,164) a(25,82) a(35,164) r(1,49) a(34,44) r(34,86)
42; 40; a(34,164) a(25,82) a(35,164) r(2,164) a(31,1) a(35,138)
43; 52; d(32) a(34,51) a(25,82) r(34,99) a(35,138) a(35,164) d(1) a(31,36) d(35) d(33) a(35,158) a(28,135) r(34,164) a(35,48) a(25,70) a(25,69) r(2,48) r(35,97) a(31,35)
44; 58, 1; d(32) r(35,177)
45; 58, 1; a(34,164) a(25,82) a(35,164) r(1,49) a(34,44) a(35,158) a(28,135) r(34,164) a(35,48) r(27,52) r(33,64) a(25,64)
46; 58; d(32) r(33,64) a(25,64)
47; 1; a(34,164) a(25,82) a(35,164) r(1,49) a(34,44) a(35,158) a(28,135) r(34,164) a(35,48) r(27,52) r(35,177)
48; 45; d(32) d(34) d(35) a(27,78) d(28) r(25,34)
49; 51; d(32) a(34,51) a(25,82) r(34,99) d(35) a(28,33) a(1,158)
50; 24, 9; d(32) r(34,54) a(3,178) r(2,3) r(27,62) d(35) r(25,65) d(34) a(25,69) r(2,48) d(25) r(35,86)
51; 24, 9; a(34,37) a(25,82) a(35,80) a(25,65) d(33) r(31,51)
52; 24; d(32) r(34,54) a(3,178) r(2,3) r(27,62) d(35) r(25,65) d(33) r(31,51)
53; 9; a(34,37) a(25,82) a(35,80) a(25,65) d(34) a(25,69) r(2,48) d(25) r(35,86)
54; 2; a(34,37) a(34,51) a(34,138) r(31,47) a(3,35)
55; 16; a(34,37) a(27,78) a(25,70) r(35,82) a(31,80) a(34,112) d(34)
56; 9, 48; a(34,37) a(25,82) a(35,80) a(25,65) d(34) a(25,69) r(2,48) d(25) r(35,86) d(35) a(34,51) a(25,82) r(34,99) d(35) a(28,33) a(1,112)
57; 9, 48; a(34,37) a(34,51) a(34,138) d(34) r(3,51) a(35,76)
58; 9; a(34,37) a(25,82) a(35,80) a(25,65) d(34) a(25,69) r(2,48) d(25) r(35,86)
59; 48; a(34,37) a(34,51) a(34,138) d(34) r(3,51) a(35,76) d(35) a(34,51) a(25,82) r(34,99) d(35) a(28,33) a(1,112)
--------------------------------------------------------------------------------
Mutation

0; a(34,164) a(25,82) a(35,164) r(1,49) a(34,44) a(35,158) a(28,135) a(25,70) a(25,69) r(2,48) d(25) d(28) r(35,60)
1; d(32) a(35,45) d(34) d(35) a(27,78) r(34,164) a(33,44) a(35,148) d(35) d(3)
2; a(34,164) a(25,82) a(35,164) r(1,49) a(34,44) a(35,158) a(28,135) r(34,164) a(33,44) a(35,148) d(35) a(28,57)
3; d(32) a(35,45) d(34) d(35) a(27,78) a(25,70) a(25,69) r(2,48) d(25) d(28) d(1)
4; d(32) a(34,51) a(25,82) r(34,99) a(35,138) a(35,164) d(1) a(31,36) d(35) d(33) r(25,86) r(28,52)
5; d(32) a(35,45) d(34) d(35) a(27,78) d(28) d(27) d(33)
6; d(32) a(34,51) a(25,82) r(34,99) d(35) a(28,33) a(31,80) r(1,97)
7; a(34,37) a(34,51) a(34,138) d(34) r(3,51) a(35,76) d(35) r(2,164) a(31,1) d(27) r(25,100)
8; d(32) r(34,54) a(3,178) r(2,3) r(27,62) d(35) r(25,65) d(33) a(31,87) d(31)
9; d(35) r(34,158) a(35,45) d(34) r(31,86) r(28,54)
10; a(34,37) a(25,82) a(35,164) r(1,49) a(34,97) d(31) a(28,32) r(27,52) a(1,176) a(33,83) a(35,31)
11; d(32) a(35,45) d(35) r(25,65) r(2,27) d(35) a(27,78) r(33,112) d(1) r(34,99) a(35,138) a(35,164) d(1) a(31,36) a(28,158) a(32,38) r(25,94) d(28)
12; a(34,37) a(25,82) a(35,164) r(1,49) a(34,97) r(33,112) d(1) r(34,99) a(35,138) a(35,164) d(1) a(31,36) a(28,158) a(32,38) r(25,94) a(28,57)
13; d(32) a(35,45) d(35) r(25,65) r(2,27) d(35) a(27,78) d(31) a(28,32) r(27,52) a(1,176) a(33,83) a(34,86)
14; d(32) a(34,51) a(25,82) r(34,99) a(35,138) a(35,164) d(1) a(31,36) a(34,44) a(35,158) r(34,25) a(35,138) a(35,164) d(1) a(31,36) d(35) r(28,70) r(33,32) d(27)
15; a(34,37) a(25,82) r(1,49) d(35) d(33) d(28) d(32)
16; d(32) a(34,51) a(25,82) r(34,99) a(35,138) a(35,164) d(1) a(31,36) d(35) d(33) d(28) a(25,76)
17; a(34,37) a(25,82) r(1,49) a(34,44) a(35,158) r(34,25) a(35,138) a(35,164) d(1) a(31,36) d(35) r(28,70) r(33,32) d(27)
18; d(32) a(35,45) d(34) d(35) a(27,78) a(25,70) a(25,69) r(2,48) d(25) d(28) a(1,45)
19; a(34,37) a(34,51) a(34,138) r(31,47) a(3,35) d(35)
20; a(34,164) a(25,82) a(35,164) r(2,164) a(31,1) r(28,164) r(34,50)
21; d(32) r(34,54) a(3,178) r(2,3) r(27,62) d(35) r(25,65) d(35) a(33,138) r(1,95) a(35,138) a(33,112)
22; a(34,164) a(25,82) a(35,164) r(2,164) a(31,1) a(35,138) d(34)
23; d(32) r(34,54) a(3,178) r(2,3) r(27,62) d(35) r(25,65) d(35) a(33,138) r(1,95) r(28,164) r(33,54)
24; d(32) r(25,34) r(34,134)
25; d(32) d(34) d(35) a(27,78) d(28) r(34,54) a(3,178) r(2,3) r(27,62) d(35) a(33,138) r(1,95) a(31,25) a(33,164)
26; d(32) r(34,54) a(3,178) r(2,3) r(27,62) d(35) a(33,138) r(1,95) a(31,25) a(28,148)
27; d(32) d(34) d(35) a(27,78) d(28) r(25,34) r(3,44)
28; a(34,164) a(25,82) a(27,78) d(28) a(2,3) d(34)
29; d(32) a(35,45) d(34) d(35) a(35,164) a(34,51) a(25,82) r(34,44) a(3,78) d(35) d(33)
30; a(34,164) a(25,82) a(35,164) a(34,51) a(25,82) r(34,44) a(3,78) d(35) a(27,82)
31; d(32) a(35,45) d(34) d(35) a(27,78) d(28) a(2,3) d(3)
32; a(34,37) a(34,51) a(3,178) r(2,3) r(27,62) d(35) r(25,65) d(33) a(31,87) r(28,62)
33; d(32) r(34,54) a(34,138) r(31,47) a(3,35) a(35,76)
34; a(34,37) a(34,51) a(34,138) r(31,47) a(3,35) r(34,70)
35; d(32) r(34,54) a(3,178) r(2,3) r(27,62) d(35) r(25,65) d(33) a(31,87) a(1,80)
36; d(32) r(34,54) a(3,178) r(2,3) r(27,62) d(35) r(25,65) d(35) a(33,138) r(1,95) r(28,164) d(33)
37; a(34,37) a(34,51) a(34,138) d(34) r(3,51) a(35,76) d(35) a(34,51) a(25,82) r(34,99) d(35) a(28,33) a(1,112) d(33)
38; d(32) r(34,54) a(3,178) r(2,3) r(27,62) d(35) r(25,65) d(35) a(33,138) r(1,95) r(28,164) a(33,77)
39; d(32) r(34,54) a(3,178) r(2,3) r(27,62) d(35) r(25,65) d(33) a(31,87) d(1)
40; d(32) a(27,86) a(25,51) a(34,51) a(34,138) d(34) r(3,51) a(35,76) d(35) a(33,51) r(27,34) a(33,84) r(25,134)
41; a(34,164) a(25,82) a(35,164) r(1,49) a(34,44) r(34,86) r(35,158)
42; a(34,164) a(25,82) a(35,164) r(2,164) a(31,1) a(35,138) d(34)
43; d(32) a(34,51) a(25,82) r(34,99) a(35,138) a(35,164) d(1) a(31,36) d(35) d(33) a(35,158) a(28,135) r(34,164) a(35,48) a(25,70) a(25,69) r(2,48) r(35,97) a(31,35) r(27,51)
44; d(32) r(35,177) a(31,130)
45; a(34,164) a(25,82) a(35,164) r(1,49) a(34,44) a(35,158) a(28,135) r(34,164) a(35,48) r(27,52) r(33,64) a(25,64) d(31)
46; d(32) r(33,64) a(25,64) a(28,35)
47; a(34,164) a(25,82) a(35,164) r(1,49) a(34,44) a(35,158) a(28,135) r(34,164) a(35,48) r(27,52) r(35,177) d(33)
48; d(32) d(34) d(35) a(27,78) d(28) r(25,34) r(1,164)
49; d(32) a(34,51) a(25,82) r(34,99) d(35) a(28,33) a(1,158) r(1,77)
50; d(32) r(34,54) a(3,178) r(2,3) r(27,62) d(35) r(25,65) d(34) a(25,69) r(2,48) d(25) r(35,86) a(33,130)
51; a(34,37) a(25,82) a(35,80) a(25,65) d(33) r(31,51) d(28)
52; d(32) r(34,54) a(3,178) r(2,3) r(27,62) d(35) r(25,65) d(33) r(31,51) d(28)
53; a(34,37) a(25,82) a(35,80) a(25,65) d(34) a(25,69) r(2,48) d(25) r(35,86) a(1,130)
54; a(34,37) a(34,51) a(34,138) r(31,47) a(3,35) r(35,69)
55; a(34,37) a(27,78) a(25,70) r(35,82) a(31,80) a(34,112) d(34) d(27)
56; a(34,37) a(25,82) a(35,80) a(25,65) d(34) a(25,69) r(2,48) d(25) r(35,86) d(35) a(34,51) a(25,82) r(34,99) d(35) a(28,33) a(1,112) r(32,100)
57; a(34,37) a(34,51) a(34,138) d(34) r(3,51) a(35,76) r(35,135)
58; a(34,37) a(25,82) a(35,80) a(25,65) d(34) a(25,69) r(2,48) d(25) r(35,86) a(1,64)
59; a(34,37) a(34,51) a(34,138) d(34) r(3,51) a(35,76) d(35) a(34,51) a(25,82) r(34,99) d(35) a(28,33) a(1,112) d(32)
--------------------------------------------------------------------------------
Evaluation

0; 0.
1; 12.
2; 0.
3; 0.
4; 0.
5; 0.
6; 0.
7; 0.
8; 0.
9; 0.
10; 0.
11; 0.
12; 0.
13; 0.
14; 0.
15; 0.
16; 0.
17; 0.
18; 0.
19; 0.
20; 0.
21; 0.
22; 0.
23; 0.
24; 12.
25; 0.
26; 0.
27; 0.
28; 0.
29; 0.
30; 0.
31; 0.
32; 0.
33; 0.
34; 0.
35; 0.
36; 0.
37; 0.
38; 0.
39; 0.
40; 0.
41; 0.
42; 0.
43; 0.
44; 0.
45; 0.
46; 0.
47; 0.
48; 0.
49; 0.
50; 0.
51; 0.
52; 0.
53; 0.
54; 0.
55; 0.
56; 0.
57; 0.
58; 0.
59; 0.
