================================================================================
Enclosure

1: 0
2: 1
3: 2
4: 3
7: 1
8: 7
10: 0
12: 0
14: 0
15: 0
16: 15
17: 15
22: 7
23: 1
24: 1
25: 0
26: 25
27: 25
28: 0
29: 28
30: 28
31: 28
32: 0
33: 0
34: 33
35: 33
36: 33
37: 0
38: 0
39: 38
40: 38
41: 40
42: 40
43: 40
44: 38
45: 0
46: 0
47: 0
48: 0
49: 0
50: 49
51: 49
52: 49
53: 52
54: 52
55: 52
56: 55
57: 56
60: 49
61: 49
62: 61
64: 49
65: 49
67: 0
69: 67
70: 0
72: 0
75: 49
76: 0
77: 0
78: 77
79: 77
80: 79
82: 77
83: 77
84: 83
85: 83
86: 77
87: 77
89: 0
90: 0
94: 0
95: 94
96: 94
97: 96
99: 94
100: 94
102: 0
105: 0
106: 0
107: 106
108: 107
110: 106
111: 110
112: 110
113: 106
114: 106
115: 0
116: 115
117: 115
118: 117
119: 117
120: 119
121: 119
122: 117
123: 115
124: 0
125: 0
126: 0
127: 126
128: 126
129: 126
130: 129
132: 126
133: 126
134: 133
135: 133
136: 126
138: 136
139: 126
140: 126
141: 126
142: 0
143: 142
144: 143
146: 142
147: 0
148: 0
149: 0
150: 0
151: 150
152: 150
153: 150
154: 150
155: 150
156: 155
158: 155
159: 150
160: 159
161: 159
162: 161
164: 159
165: 150
166: 165
167: 165
168: 167
169: 167
170: 165
171: 150
172: 150
173: 150
174: 173
176: 173
177: 150
178: 0
================================================================================
Initialisation

0; d(35); 4.
1; d(28); 0.
2; r(34,52); 4.
3; a(34,112); 4.
4; a(34,38); 4.
5; r(2,164); 0.
6; d(32); 0.
7; d(1); 4.
8; r(34,57); 4.
9; a(34,44); 4.
10; d(35); 4.
11; a(32,94); 4.
12; r(35,31); 4.
13; a(34,51); 4.
14; d(34); 4.
15; a(3,62); 4.
16; d(27); 4.
17; a(34,135); 4.
18; a(25,50); 4.
19; d(35); 4.
20; a(34,46); 4.
21; d(1); 4.
22; r(25,35); 0.
23; d(34); 4.
24; r(31,86); 0.
25; a(35,130); 4.
26; d(35); 4.
27; d(35); 4.
28; d(27); 4.
29; r(34,83); 4.
30; a(32,177); 4.
31; r(2,99); 0.
32; d(35); 4.
33; d(34); 4.
34; r(32,177); 0.
35; d(34); 4.
36; r(34,148); 4.
37; r(34,170); 4.
38; a(35,176); 4.
39; original; 4.
================================================================================
Generation 1

--------------------------------------------------------------------------------
Selection

0; 29
1; 24
2; 12
3; 16
4; 39
5; 32
6; 26
7; 10
8; 38
9; 7
10; 24
11; 17
12; 13
13; 37
14; 37
15; 1
16; 19
17; 19
18; 25
19; 22
20; 32
21; 32
22; 5
23; 34
24; 3
25; 28
26; 34
27; 3
28; 12
29; 6
30; 32
31; 11
32; 31
33; 6
34; 26
35; 24
36; 26
37; 24
38; 20
39; 21
--------------------------------------------------------------------------------
Crossover

0; 34, 6; r(32,177)
1; 34, 6; d(32)
2; 34; r(32,177)
3; 6; d(32)
4; 16; d(27)
5; 19; d(35)
6; 1, 26; d(28)
7; 1, 26; d(35)
8; 1; d(28)
9; 26; d(35)
10; 32, 3; d(35)
11; 32, 3; a(34,112)
12; 32; d(35)
13; 3; a(34,112)
14; 26, 20; d(35)
15; 26, 20; a(34,46)
16; 26; d(35)
17; 20; a(34,46)
18; 11; a(32,94)
19; 10; d(35)
20; 28, 24; d(27)
21; 28, 24; r(31,86)
22; 28; d(27)
23; 24; r(31,86)
24; 32, 7; d(35)
25; 32, 7; d(1)
26; 32; d(35)
27; 7; d(1)
28; 12; r(35,31)
29; 22; r(25,35)
30; 31, 39; r(2,99)
31; 31, 39; original
32; 31; r(2,99)
33; 39; original
34; 3, 25; a(34,112)
35; 3, 25; a(35,130)
36; 3; a(34,112)
37; 25; a(35,130)
38; 29, 37; r(34,83)
39; 29, 37; r(34,170)
40; 29; r(34,83)
41; 37; r(34,170)
42; 26, 34; d(35)
43; 26, 34; r(32,177)
44; 26; d(35)
45; 34; r(32,177)
46; 32, 21; d(35)
47; 32, 21; d(1)
48; 32; d(35)
49; 21; d(1)
50; 17, 24; a(34,135)
51; 17, 24; r(31,86)
52; 17; a(34,135)
53; 24; r(31,86)
54; 32; d(35)
55; 5; r(2,164)
56; 13, 12; a(34,51)
57; 13, 12; r(35,31)
58; 13; a(34,51)
59; 12; r(35,31)
60; 37; r(34,170)
61; 24; r(31,86)
62; 19, 6; d(35)
63; 19, 6; d(32)
64; 19; d(35)
65; 6; d(32)
66; 24; r(31,86)
67; 38; a(35,176)
--------------------------------------------------------------------------------
Mutation

0; r(32,177) d(34)
1; d(32) d(27)
2; r(32,177) r(35,32)
3; d(32) r(35,135)
4; d(27) d(35)
5; d(35) a(32,112)
6; d(28) a(2,86)
7; d(35) a(2,96)
8; d(28) r(35,177)
9; d(35) r(33,82)
10; d(35) a(34,105)
11; a(34,112) r(34,100)
12; d(35) a(27,46)
13; a(34,112) a(35,76)
14; d(35) d(34)
15; a(34,46) d(34)
16; d(35) d(34)
17; a(34,46) a(2,135)
18; a(32,94) r(34,53)
19; d(35) d(34)
20; d(27) r(34,48)
21; r(31,86) d(35)
22; d(27) a(34,178)
23; r(31,86) a(34,34)
24; d(35) d(34)
25; d(1) r(34,33)
26; d(35) d(34)
27; d(1) r(34,76)
28; r(35,31) r(34,108)
29; r(25,35) r(2,45)
30; r(2,99) r(28,83)
31; r(35,87)
32; r(2,99) a(32,76)
33; r(34,80)
34; a(34,112) d(34)
35; a(35,130) d(32)
36; a(34,112) d(34)
37; a(35,130) d(34)
38; r(34,83) d(35)
39; r(34,170) d(25)
40; r(34,83) a(1,54)
41; r(34,170) a(35,108)
42; d(35) r(32,37)
43; r(32,177) a(35,170)
44; d(35) r(34,135)
45; r(32,177) d(25)
46; d(35) a(27,34)
47; d(1) d(34)
48; d(35) r(34,70)
49; d(1) d(35)
50; a(34,135) d(1)
51; r(31,86) r(34,27)
52; a(34,135) a(1,33)
53; r(31,86) d(35)
54; d(35) a(2,52)
55; r(2,164) r(34,37)
56; a(34,51) a(2,176)
57; r(35,31) d(34)
58; a(34,51) d(27)
59; r(35,31) r(28,36)
60; r(34,170) r(25,54)
61; r(31,86) a(34,31)
62; d(35) r(34,49)
63; d(32) r(3,134)
64; d(35) d(34)
65; d(32) r(34,28)
66; r(31,86) a(34,33)
67; a(35,176) r(35,97)
--------------------------------------------------------------------------------
Evaluation

0; 0.
1; 0.
2; 4.
3; 0.
4; 4.
5; 4.
6; 0.
7; 4.
8; 0.
9; 4.
10; 4.
11; 4.
12; 4.
13; 4.
14; 4.
15; 4.
16; 4.
17; 4.
18; 4.
19; 4.
20; 4.
21; 0.
22; 4.
23; 0.
24; 4.
25; 4.
26; 4.
27; 4.
28; 4.
29; 0.
30; 0.
31; 4.
32; 0.
33; 4.
34; 4.
35; 0.
36; 4.
37; 4.
38; 4.
39; 4.
40; 4.
41; 4.
42; 0.
43; 0.
44; 4.
45; 0.
46; 4.
47; 4.
48; 4.
49; 4.
50; 4.
51; 0.
52; 0.
53; 0.
54; 4.
55; 0.
56; 4.
57; 4.
58; 4.
59; 0.
60; 4.
61; 0.
62; 4.
63; 12.
64; 4.
65; 0.
66; 0.
67; 4.
================================================================================
Generation 2

--------------------------------------------------------------------------------
Selection

0; 42
1; 12
2; 22
3; 24
4; 67
5; 33
6; 52
7; 45
8; 34
9; 66
10; 51
11; 40
12; 40
13; 53
14; 11
15; 15
16; 25
17; 51
18; 24
19; 32
20; 18
21; 51
22; 36
23; 44
24; 41
25; 12
26; 52
27; 30
28; 51
29; 65
30; 41
31; 26
32; 51
33; 51
34; 0
35; 52
36; 25
37; 41
38; 12
39; 6
--------------------------------------------------------------------------------
Crossover

0; 0; r(32,177) d(34)
1; 12; d(35) a(27,46)
2; 53, 11; r(31,86)
3; 53, 11; a(34,112) r(34,100) d(35)
4; 53; r(31,86) d(35)
5; 11; a(34,112) r(34,100)
6; 15, 25; a(34,46) r(34,33)
7; 15, 25; d(1) d(34)
8; 15; a(34,46) d(34)
9; 25; d(1) r(34,33)
10; 51, 34; r(31,86) r(34,27)
11; 51, 34; a(34,112) d(34)
12; 51; r(31,86) r(34,27)
13; 34; a(34,112) d(34)
14; 24; d(35) d(34)
15; 41; r(34,170) a(35,108)
16; 44, 18; d(35)
17; 44, 18; a(32,94) r(34,53) r(34,135)
18; 44; d(35) r(34,135)
19; 18; a(32,94) r(34,53)
20; 51; r(31,86) r(34,27)
21; 65; d(32) r(34,28)
22; 52; a(34,135) a(1,33)
23; 30; r(2,99) r(28,83)
24; 40, 41; r(34,83)
25; 40, 41; r(34,170) a(35,108) a(1,54)
26; 40; r(34,83) a(1,54)
27; 41; r(34,170) a(35,108)
28; 36; a(34,112) d(34)
29; 51; r(31,86) r(34,27)
30; 26; d(35) d(34)
31; 24; d(35) d(34)
32; 52, 51; a(34,135)
33; 52, 51; r(31,86) r(34,27) a(1,33)
34; 52; a(34,135) a(1,33)
35; 51; r(31,86) r(34,27)
36; 45; r(32,177) d(25)
37; 42; d(35) r(32,37)
38; 66, 51; r(31,86) a(34,33) r(34,27)
39; 66, 51; r(31,86)
40; 66; r(31,86) a(34,33)
41; 51; r(31,86) r(34,27)
42; 32, 12; r(2,99) a(32,76) a(27,46)
43; 32, 12; d(35)
44; 32; r(2,99) a(32,76)
45; 12; d(35) a(27,46)
46; 67, 40; a(35,176) r(35,97)
47; 67, 40; r(34,83) a(1,54)
48; 67; a(35,176) r(35,97)
49; 40; r(34,83) a(1,54)
50; 22; d(27) a(34,178)
51; 25; d(1) r(34,33)
52; 6, 33; d(28) a(2,86)
53; 6, 33; r(34,80)
54; 6; d(28) a(2,86)
55; 33; r(34,80)
56; 41, 52; r(34,170) a(35,108)
57; 41, 52; a(34,135) a(1,33)
58; 41; r(34,170) a(35,108)
59; 52; a(34,135) a(1,33)
60; 51, 12; r(31,86) r(34,27)
61; 51, 12; d(35) a(27,46)
62; 51; r(31,86) r(34,27)
63; 12; d(35) a(27,46)
--------------------------------------------------------------------------------
Mutation

0; r(32,177) d(34) r(27,50)
1; d(35) a(27,46) a(34,25)
2; r(31,86) r(3,31)
3; a(34,112) r(34,100) d(35) d(27)
4; r(31,86) d(35) r(34,69)
5; a(34,112) r(34,100) a(35,50)
6; a(34,46) r(34,33) d(1)
7; d(1) d(34) r(32,176)
8; a(34,46) d(34) d(35)
9; d(1) r(34,33) a(35,97)
10; r(31,86) r(34,27) a(35,100)
11; a(34,112) d(34) a(3,27)
12; r(31,86) r(34,27) d(35)
13; a(34,112) d(34) r(35,80)
14; d(35) d(34) r(3,47)
15; r(34,170) a(35,108) d(31)
16; d(35) r(34,54)
17; a(32,94) r(34,53) r(34,135) d(35)
18; d(35) r(34,135) r(1,112)
19; a(32,94) r(34,53) a(35,77)
20; r(31,86) r(34,27) r(35,32)
21; d(32) r(34,28) a(35,138)
22; a(34,135) a(1,33) r(35,158)
23; r(2,99) r(28,83) r(34,50)
24; r(34,83) a(1,100)
25; r(34,170) a(35,108) a(1,54) d(35)
26; r(34,83) a(1,54) d(35)
27; r(34,170) a(35,108) a(35,34)
28; a(34,112) d(34) r(35,158)
29; r(31,86) r(34,27) r(35,60)
30; d(35) d(34) r(27,77)
31; d(35) d(34) d(25)
32; a(34,135) a(35,134)
33; r(31,86) r(34,27) a(1,33) r(3,86)
34; a(34,135) a(1,33) r(35,84)
35; r(31,86) r(34,27) r(35,108)
36; r(32,177) d(25) d(35)
37; d(35) r(32,37) r(34,158)
38; r(31,86) a(34,33) r(34,27) r(35,97)
39; r(31,86) r(34,51)
40; r(31,86) a(34,33) r(34,135)
41; r(31,86) r(34,27) d(2)
42; r(2,99) a(32,76) a(27,46) a(34,47)
43; d(35) r(1,148)
44; r(2,99) a(32,76) r(31,27)
45; d(35) a(27,46) r(34,94)
46; a(35,176) r(35,97) r(3,60)
47; r(34,83) a(1,54) d(35)
48; a(35,176) r(35,97) a(25,34)
49; r(34,83) a(1,54) r(28,52)
50; d(27) a(34,178) a(34,49)
51; d(1) r(34,33) d(35)
52; d(28) a(2,86) r(35,38)
53; r(34,80) a(35,130)
54; d(28) a(2,86) d(35)
55; r(34,80) d(35)
56; r(34,170) a(35,108) d(35)
57; a(34,135) a(1,33) d(27)
58; r(34,170) a(35,108) d(28)
59; a(34,135) a(1,33) d(34)
60; r(31,86) r(34,27) a(35,45)
61; d(35) a(27,46) a(34,176)
62; r(31,86) r(34,27) r(35,32)
63; d(35) a(27,46) r(28,76)
--------------------------------------------------------------------------------
Evaluation

0; 0.
1; 4.
2; 12.
3; 4.
4; 0.
5; 4.
6; 4.
7; 0.
8; 4.
9; 4.
10; 0.
11; 4.
12; 0.
13; 4.
14; 0.
15; 0.
16; 4.
17; 4.
18; 4.
19; 4.
20; 0.
21; 0.
22; 0.
23; 0.
24; 4.
25; 4.
26; 4.
27; 4.
28; 4.
29; 0.
30; 0.
31; 4.
32; 4.
33; 0.
34; 0.
35; 0.
36; 0.
37; 0.
38; 0.
39; 0.
40; 0.
41; 0.
42; 0.
43; 0.
44; 0.
45; 4.
46; 0.
47; 4.
48; 4.
49; 0.
50; 4.
51; 4.
52; 0.
53; 4.
54; 0.
55; 4.
56; 4.
57; 0.
58; 0.
59; 0.
60; 0.
61; 4.
62; 0.
63; 0.
================================================================================
Generation 3

--------------------------------------------------------------------------------
Selection

0; 32
1; 59
2; 15
3; 0
4; 8
5; 32
6; 42
7; 59
8; 58
9; 52
10; 23
11; 48
12; 49
13; 42
14; 33
15; 27
16; 21
17; 21
18; 7
19; 55
20; 26
21; 7
22; 0
23; 57
24; 5
25; 63
26; 29
27; 20
28; 12
29; 20
30; 33
31; 37
32; 28
33; 21
34; 49
35; 56
36; 56
37; 57
38; 60
39; 43
--------------------------------------------------------------------------------
Crossover

0; 29, 21; r(31,86) r(34,27) r(35,60) a(35,138)
1; 29, 21; d(32) r(34,28)
2; 29; r(31,86) r(34,27) r(35,60)
3; 21; d(32) r(34,28) a(35,138)
4; 60; r(31,86) r(34,27) a(35,45)
5; 59; a(34,135) a(1,33) d(34)
6; 20; r(31,86) r(34,27) r(35,32)
7; 56; r(34,170) a(35,108) d(35)
8; 52; d(28) a(2,86) r(35,38)
9; 0; r(32,177) d(34) r(27,50)
10; 7, 55; d(1) d(35)
11; 7, 55; r(34,80) d(34) r(32,176)
12; 7; d(1) d(34) r(32,176)
13; 55; r(34,80) d(35)
14; 57, 57; a(34,135) a(1,33) d(27)
15; 57, 57; a(34,135) a(1,33) d(27)
16; 57; a(34,135) a(1,33) d(27)
17; 57; a(34,135) a(1,33) d(27)
18; 37, 21; d(35) a(35,138)
19; 37, 21; d(32) r(34,28) r(32,37) r(34,158)
20; 37; d(35) r(32,37) r(34,158)
21; 21; d(32) r(34,28) a(35,138)
22; 59; a(34,135) a(1,33) d(34)
23; 12; r(31,86) r(34,27) d(35)
24; 8, 58; a(34,46) d(34) a(35,108) d(28)
25; 8, 58; r(34,170) d(35)
26; 8; a(34,46) d(34) d(35)
27; 58; r(34,170) a(35,108) d(28)
28; 28; a(34,112) d(34) r(35,158)
29; 42; r(2,99) a(32,76) a(27,46) a(34,47)
30; 5; a(34,112) r(34,100) a(35,50)
31; 26; r(34,83) a(1,54) d(35)
32; 0, 49; r(32,177)
33; 0, 49; r(34,83) a(1,54) r(28,52) d(34) r(27,50)
34; 0; r(32,177) d(34) r(27,50)
35; 49; r(34,83) a(1,54) r(28,52)
36; 32, 23; a(34,135) r(28,83) r(34,50)
37; 32, 23; r(2,99) a(35,134)
38; 32; a(34,135) a(35,134)
39; 23; r(2,99) r(28,83) r(34,50)
40; 33; r(31,86) r(34,27) a(1,33) r(3,86)
41; 33; r(31,86) r(34,27) a(1,33) r(3,86)
42; 20, 56; r(31,86) a(35,108) d(35)
43; 20, 56; r(34,170) r(34,27) r(35,32)
44; 20; r(31,86) r(34,27) r(35,32)
45; 56; r(34,170) a(35,108) d(35)
46; 7; d(1) d(34) r(32,176)
47; 48; a(35,176) r(35,97) a(25,34)
48; 21, 49; d(32) r(34,28) a(1,54) r(28,52)
49; 21, 49; r(34,83) a(35,138)
50; 21; d(32) r(34,28) a(35,138)
51; 49; r(34,83) a(1,54) r(28,52)
52; 42; r(2,99) a(32,76) a(27,46) a(34,47)
53; 63; d(35) a(27,46) r(28,76)
54; 43, 27; d(35)
55; 43, 27; r(34,170) a(35,108) a(35,34) r(1,148)
56; 43; d(35) r(1,148)
57; 27; r(34,170) a(35,108) a(35,34)
58; 15, 32; r(34,170) a(35,134)
59; 15, 32; a(34,135) a(35,108) d(31)
60; 15; r(34,170) a(35,108) d(31)
61; 32; a(34,135) a(35,134)
--------------------------------------------------------------------------------
Mutation

0; r(31,86) r(34,27) r(35,60) a(35,138) d(3)
1; d(32) r(34,28) r(3,96)
2; r(31,86) r(34,27) r(35,60) a(27,78)
3; d(32) r(34,28) a(35,138) d(25)
4; r(31,86) r(34,27) a(35,45) a(2,134)
5; a(34,135) a(1,33) d(34) d(35)
6; r(31,86) r(34,27) r(35,32) r(2,51)
7; r(34,170) a(35,108) d(35) d(31)
8; d(28) a(2,86) r(35,38) r(25,178)
9; r(32,177) d(34) r(27,50) d(35)
10; d(1) d(35) d(34)
11; r(34,80) d(34) r(32,176) r(28,86)
12; d(1) d(34) r(32,176) r(35,34)
13; r(34,80) d(35) a(33,97)
14; a(34,135) a(1,33) d(27) d(34)
15; a(34,135) a(1,33) d(27) d(1)
16; a(34,135) a(1,33) d(27) r(28,138)
17; a(34,135) a(1,33) d(27) r(34,36)
18; d(35) a(35,138) a(25,51)
19; d(32) r(34,28) r(32,37) r(34,158) r(27,84)
20; d(35) r(32,37) r(34,158) d(2)
21; d(32) r(34,28) a(35,138) r(35,76)
22; a(34,135) a(1,33) d(34) a(35,27)
23; r(31,86) r(34,27) d(35) a(25,34)
24; a(34,46) d(34) a(35,108) d(28) r(35,130)
25; r(34,170) d(35) r(25,148)
26; a(34,46) d(34) d(35) a(1,164)
27; r(34,170) a(35,108) d(28) d(35)
28; a(34,112) d(34) r(35,158) r(3,87)
29; r(2,99) a(32,76) a(27,46) a(34,47) d(35)
30; a(34,112) r(34,100) a(35,50) d(27)
31; r(34,83) a(1,54) d(35) a(2,3)
32; r(32,177) d(35)
33; r(34,83) a(1,54) r(28,52) d(34) r(27,50) r(35,33)
34; r(32,177) d(34) r(27,50) d(1)
35; r(34,83) a(1,54) r(28,52) a(35,70)
36; a(34,135) r(28,83) r(34,50) a(27,70)
37; r(2,99) a(35,134) r(34,50)
38; a(34,135) a(35,134) r(31,64)
39; r(2,99) r(28,83) r(34,50) d(35)
40; r(31,86) r(34,27) a(1,33) r(3,86) a(28,112)
41; r(31,86) r(34,27) a(1,33) r(3,86) r(27,45)
42; r(31,86) a(35,108) d(35) a(27,130)
43; r(34,170) r(34,27) r(35,32) d(33)
44; r(31,86) r(34,27) r(35,32) d(3)
45; r(34,170) a(35,108) d(35) a(2,65)
46; d(1) d(34) r(32,176) d(33)
47; a(35,176) r(35,97) a(25,34) a(34,38)
48; d(32) r(34,28) a(1,54) r(28,52) r(35,130)
49; r(34,83) a(35,138) r(35,62)
50; d(32) r(34,28) a(35,138) r(35,38)
51; r(34,83) a(1,54) r(28,52) d(2)
52; r(2,99) a(32,76) a(27,46) a(34,47) r(32,87)
53; d(35) a(27,46) r(28,76) r(34,69)
54; d(35) r(32,108)
55; r(34,170) a(35,108) a(35,34) r(1,148) a(35,112)
56; d(35) r(1,148) d(34)
57; r(34,170) a(35,108) a(35,34) d(31)
58; r(34,170) a(35,134) d(35)
59; a(34,135) a(35,108) d(31) a(35,176)
60; r(34,170) a(35,108) d(31) a(35,80)
61; a(34,135) a(35,134) d(27)
--------------------------------------------------------------------------------
Evaluation

0; 12.
1; 12.
2; 0.
3; 0.
4; 0.
5; 0.
6; 0.
7; 0.
8; 12.
9; 0.
10; 4.
11; 0.
12; 0.
13; 4.
14; 0.
15; 0.
16; 0.
17; 0.
18; 0.
19; 0.
20; 0.
21; 0.
22; 0.
23; 0.
24; 0.
25; 0.
26; 4.
27; 0.
28; 12.
29; 0.
30; 4.
31; 4.
32; 0.
33; 0.
34; 0.
35; 0.
36; 0.
37; 0.
38; 0.
39; 0.
40; 0.
41; 0.
42; 0.
43; 4.
44; 12.
45; 4.
46; 0.
47; 4.
48; 0.
49; 4.
50; 0.
51; 0.
52; 0.
53; 0.
54; 0.
55; 0.
56; 0.
57; 0.
58; 4.
59; 0.
60; 0.
61; 4.
================================================================================
Generation 4

--------------------------------------------------------------------------------
Selection

0; 10
1; 25
2; 57
3; 12
4; 4
5; 33
6; 35
7; 23
8; 39
9; 29
10; 13
11; 7
12; 28
13; 16
14; 32
15; 30
16; 6
17; 12
18; 52
19; 33
20; 17
21; 21
22; 36
23; 20
24; 53
25; 50
26; 48
27; 48
28; 3
29; 52
30; 23
31; 56
32; 27
33; 57
34; 13
35; 38
36; 54
37; 48
38; 10
39; 56
--------------------------------------------------------------------------------
Crossover

0; 38; a(34,135) a(35,134) r(31,64)
1; 48; d(32) r(34,28) a(1,54) r(28,52) r(35,130)
2; 33, 10; r(34,83) a(1,54) r(28,52) d(34) r(27,50) d(35) d(34)
3; 33, 10; d(1) r(35,33)
4; 33; r(34,83) a(1,54) r(28,52) d(34) r(27,50) r(35,33)
5; 10; d(1) d(35) d(34)
6; 57, 16; r(34,170) a(35,108) a(35,34) d(31) r(28,138)
7; 57, 16; a(34,135) a(1,33) d(27)
8; 57; r(34,170) a(35,108) a(35,34) d(31)
9; 16; a(34,135) a(1,33) d(27) r(28,138)
10; 23; r(31,86) r(34,27) d(35) a(25,34)
11; 57; r(34,170) a(35,108) a(35,34) d(31)
12; 30; a(34,112) r(34,100) a(35,50) d(27)
13; 36; a(34,135) r(28,83) r(34,50) a(27,70)
14; 33, 21; r(34,83) a(1,54) r(28,52) d(34) r(27,50) r(35,33) a(35,138) r(35,76)
15; 33, 21; d(32) r(34,28)
16; 33; r(34,83) a(1,54) r(28,52) d(34) r(27,50) r(35,33)
17; 21; d(32) r(34,28) a(35,138) r(35,76)
18; 56, 48; d(35) r(1,148) d(34) r(34,28) a(1,54) r(28,52) r(35,130)
19; 56, 48; d(32)
20; 56; d(35) r(1,148) d(34)
21; 48; d(32) r(34,28) a(1,54) r(28,52) r(35,130)
22; 23, 50; r(31,86) r(34,27) r(35,38)
23; 23, 50; d(32) r(34,28) a(35,138) d(35) a(25,34)
24; 23; r(31,86) r(34,27) d(35) a(25,34)
25; 50; d(32) r(34,28) a(35,138) r(35,38)
26; 6, 25; r(31,86) r(25,148)
27; 6, 25; r(34,170) d(35) r(34,27) r(35,32) r(2,51)
28; 6; r(31,86) r(34,27) r(35,32) r(2,51)
29; 25; r(34,170) d(35) r(25,148)
30; 52; r(2,99) a(32,76) a(27,46) a(34,47) r(32,87)
31; 32; r(32,177) d(35)
32; 12, 53; d(1) d(34) r(34,69)
33; 12, 53; d(35) a(27,46) r(28,76) r(32,176) r(35,34)
34; 12; d(1) d(34) r(32,176) r(35,34)
35; 53; d(35) a(27,46) r(28,76) r(34,69)
36; 13; r(34,80) d(35) a(33,97)
37; 35; r(34,83) a(1,54) r(28,52) a(35,70)
38; 7; r(34,170) a(35,108) d(35) d(31)
39; 3; d(32) r(34,28) a(35,138) d(25)
40; 48; d(32) r(34,28) a(1,54) r(28,52) r(35,130)
41; 4; r(31,86) r(34,27) a(35,45) a(2,134)
42; 52; r(2,99) a(32,76) a(27,46) a(34,47) r(32,87)
43; 10; d(1) d(35) d(34)
44; 20, 39; d(35) r(32,37) r(34,158) d(35)
45; 20, 39; r(2,99) r(28,83) r(34,50) d(2)
46; 20; d(35) r(32,37) r(34,158) d(2)
47; 39; r(2,99) r(28,83) r(34,50) d(35)
48; 17; a(34,135) a(1,33) d(27) r(34,36)
49; 56; d(35) r(1,148) d(34)
50; 27; r(34,170) a(35,108) d(28) d(35)
51; 28; a(34,112) d(34) r(35,158) r(3,87)
52; 13; r(34,80) d(35) a(33,97)
53; 12; d(1) d(34) r(32,176) r(35,34)
54; 29, 54; r(2,99) a(32,76) a(27,46) r(32,108)
55; 29, 54; d(35) a(34,47) d(35)
56; 29; r(2,99) a(32,76) a(27,46) a(34,47) d(35)
57; 54; d(35) r(32,108)
--------------------------------------------------------------------------------
Mutation

0; a(34,135) a(35,134) r(31,64) r(3,56)
1; d(32) r(34,28) a(1,54) r(28,52) r(35,130) r(27,148)
2; r(34,83) a(1,54) r(28,52) d(34) r(27,50) d(35) d(34) a(3,49)
3; d(1) r(35,33) a(34,164)
4; r(34,83) a(1,54) r(28,52) d(34) r(27,50) r(35,33) r(1,94)
5; d(1) d(35) d(34) r(31,70)
6; r(34,170) a(35,108) a(35,34) d(31) r(28,138) d(35)
7; a(34,135) a(1,33) d(27) r(2,94)
8; r(34,170) a(35,108) a(35,34) d(31) r(35,52)
9; a(34,135) a(1,33) d(27) r(28,138) r(34,112)
10; r(31,86) r(34,27) d(35) a(25,34) r(2,135)
11; r(34,170) a(35,108) a(35,34) d(31) d(27)
12; a(34,112) r(34,100) a(35,50) d(27) a(35,135)
13; a(34,135) r(28,83) r(34,50) a(27,70) d(35)
14; r(34,83) a(1,54) r(28,52) d(34) r(27,50) r(35,33) a(35,138) r(35,76) r(3,64)
15; d(32) r(34,28) r(3,105)
16; r(34,83) a(1,54) r(28,52) d(34) r(27,50) r(35,33) r(2,64)
17; d(32) r(34,28) a(35,138) r(35,76) a(28,32)
18; d(35) r(1,148) d(34) r(34,28) a(1,54) r(28,52) r(35,130) a(27,100)
19; d(32) r(34,80)
20; d(35) r(1,148) d(34) d(32)
21; d(32) r(34,28) a(1,54) r(28,52) r(35,130) a(33,86)
22; r(31,86) r(34,27) r(35,38) a(3,134)
23; d(32) r(34,28) a(35,138) d(35) a(25,34) r(3,2)
24; r(31,86) r(34,27) d(35) a(25,34) r(28,135)
25; d(32) r(34,28) a(35,138) r(35,38) r(27,38)
26; r(31,86) r(25,148) d(35)
27; r(34,170) d(35) r(34,27) r(35,32) r(2,51) d(31)
28; r(31,86) r(34,27) r(35,32) r(2,51) r(27,36)
29; r(34,170) d(35) r(25,148) d(33)
30; r(2,99) a(32,76) a(27,46) a(34,47) r(32,87) d(35)
31; r(32,177) d(35) r(34,52)
32; d(1) d(34) r(34,69) d(35)
33; d(35) a(27,46) r(28,76) r(32,176) r(35,34) a(34,27)
34; d(1) d(34) r(32,176) r(35,34) d(31)
35; d(35) a(27,46) r(28,76) r(34,69) a(32,94)
36; r(34,80) d(35) a(33,97) r(25,105)
37; r(34,83) a(1,54) r(28,52) a(35,70) a(35,135)
38; r(34,170) a(35,108) d(35) d(31) a(3,158)
39; d(32) r(34,28) a(35,138) d(25) d(3)
40; d(32) r(34,28) a(1,54) r(28,52) r(35,130) r(33,45)
41; r(31,86) r(34,27) a(35,45) a(2,134) d(35)
42; r(2,99) a(32,76) a(27,46) a(34,47) r(32,87) d(34)
43; d(1) d(35) d(34) r(32,178)
44; d(35) r(32,37) r(34,158) d(35) a(3,148)
45; r(2,99) r(28,83) r(34,50) d(2) d(33)
46; d(35) r(32,37) r(34,158) d(2) d(1)
47; r(2,99) r(28,83) r(34,50) d(35) d(32)
48; a(34,135) a(1,33) d(27) r(34,36) d(35)
49; d(35) r(1,148) d(34) r(27,158)
50; r(34,170) a(35,108) d(28) d(35) r(3,87)
51; a(34,112) d(34) r(35,158) r(3,87) r(31,178)
52; r(34,80) d(35) a(33,97) r(3,64)
53; d(1) d(34) r(32,176) r(35,34) d(33)
54; r(2,99) a(32,76) a(27,46) r(32,108) d(35)
55; d(35) a(34,47) d(35) a(31,52)
56; r(2,99) a(32,76) a(27,46) a(34,47) d(35) r(34,69)
57; d(35) r(32,108) d(34)
--------------------------------------------------------------------------------
Evaluation

0; 12.
1; 0.
2; 0.
3; 4.
4; 0.
5; 0.
6; 0.
7; 0.
8; 0.
9; 0.
10; 0.
11; 0.
12; 4.
13; 0.
14; 12.
15; 12.
16; 0.
17; 4.
18; 0.
19; 0.
20; 0.
21; 0.
22; 0.
23; 0.
24; 0.
25; 0.
26; 0.
27; 0.
28; 0.
29; 0.
30; 0.
31; 0.
32; 4.
33; 0.
34; 0.
35; 0.
36; 12.
37; 0.
38; 0.
39; 0.
40; 0.
41; 0.
42; 0.
43; 12.
44; 0.
45; 0.
46; 0.
47; 0.
48; 0.
49; 0.
50; 12.
51; 12.
52; 12.
53; 0.
54; 0.
55; 0.
56; 0.
57; 0.
================================================================================
Generation 5

--------------------------------------------------------------------------------
Selection

0; 47
1; 2
2; 57
3; 26
4; 41
5; 2
6; 34
7; 13
8; 41
9; 26
10; 47
11; 9
12; 18
13; 34
14; 47
15; 37
16; 33
17; 2
18; 20
19; 5
20; 33
21; 31
22; 0
23; 27
24; 47
25; 24
26; 16
27; 33
28; 2
29; 23
30; 47
31; 39
32; 29
33; 53
34; 1
35; 54
36; 26
37; 19
38; 4
39; 49
--------------------------------------------------------------------------------
Crossover

0; 20, 47; d(35) r(1,148) r(34,50) d(35) d(32)
1; 20, 47; r(2,99) r(28,83) d(34) d(32)
2; 20; d(35) r(1,148) d(34) d(32)
3; 47; r(2,99) r(28,83) r(34,50) d(35) d(32)
4; 33, 1; d(35) r(27,148)
5; 33, 1; d(32) r(34,28) a(1,54) r(28,52) r(35,130) a(27,46) r(28,76) r(32,176) r(35,34) a(34,27)
6; 33; d(35) a(27,46) r(28,76) r(32,176) r(35,34) a(34,27)
7; 1; d(32) r(34,28) a(1,54) r(28,52) r(35,130) r(27,148)
8; 33; d(35) a(27,46) r(28,76) r(32,176) r(35,34) a(34,27)
9; 31; r(32,177) d(35) r(34,52)
10; 54, 2; r(2,99) a(32,76) d(34) a(3,49)
11; 54, 2; r(34,83) a(1,54) r(28,52) d(34) r(27,50) d(35) a(27,46) r(32,108) d(35)
12; 54; r(2,99) a(32,76) a(27,46) r(32,108) d(35)
13; 2; r(34,83) a(1,54) r(28,52) d(34) r(27,50) d(35) d(34) a(3,49)
14; 33; d(35) a(27,46) r(28,76) r(32,176) r(35,34) a(34,27)
15; 26; r(31,86) r(25,148) d(35)
16; 47, 26; r(2,99) r(28,83) r(34,50) d(35)
17; 47, 26; r(31,86) r(25,148) d(35) d(32)
18; 47; r(2,99) r(28,83) r(34,50) d(35) d(32)
19; 26; r(31,86) r(25,148) d(35)
20; 16, 57; r(34,83) a(1,54) r(28,52) d(34)
21; 16, 57; d(35) r(32,108) d(34) r(27,50) r(35,33) r(2,64)
22; 16; r(34,83) a(1,54) r(28,52) d(34) r(27,50) r(35,33) r(2,64)
23; 57; d(35) r(32,108) d(34)
24; 2; r(34,83) a(1,54) r(28,52) d(34) r(27,50) d(35) d(34) a(3,49)
25; 26; r(31,86) r(25,148) d(35)
26; 24, 34; r(31,86) r(34,27) d(34) r(32,176) r(35,34) d(31)
27; 24, 34; d(1) d(35) a(25,34) r(28,135)
28; 24; r(31,86) r(34,27) d(35) a(25,34) r(28,135)
29; 34; d(1) d(34) r(32,176) r(35,34) d(31)
30; 0; a(34,135) a(35,134) r(31,64) r(3,56)
31; 47; r(2,99) r(28,83) r(34,50) d(35) d(32)
32; 23, 49; d(32) r(34,28) a(35,138) d(35)
33; 23, 49; d(35) r(1,148) d(34) r(27,158) a(25,34) r(3,2)
34; 23; d(32) r(34,28) a(35,138) d(35) a(25,34) r(3,2)
35; 49; d(35) r(1,148) d(34) r(27,158)
36; 4, 47; r(34,83) a(1,54) r(28,52) d(34)
37; 4, 47; r(2,99) r(28,83) r(34,50) d(35) d(32) r(27,50) r(35,33) r(1,94)
38; 4; r(34,83) a(1,54) r(28,52) d(34) r(27,50) r(35,33) r(1,94)
39; 47; r(2,99) r(28,83) r(34,50) d(35) d(32)
40; 13; a(34,135) r(28,83) r(34,50) a(27,70) d(35)
41; 9; a(34,135) a(1,33) d(27) r(28,138) r(34,112)
42; 39, 53; d(32) r(34,28) a(35,138) r(35,34) d(33)
43; 39, 53; d(1) d(34) r(32,176) d(25) d(3)
44; 39; d(32) r(34,28) a(35,138) d(25) d(3)
45; 53; d(1) d(34) r(32,176) r(35,34) d(33)
46; 47, 27; r(2,99) r(28,83) r(34,50) d(35) d(32) r(35,32) r(2,51) d(31)
47; 47, 27; r(34,170) d(35) r(34,27)
48; 47; r(2,99) r(28,83) r(34,50) d(35) d(32)
49; 27; r(34,170) d(35) r(34,27) r(35,32) r(2,51) d(31)
50; 37, 41; r(34,83) a(1,54) r(28,52) a(35,70)
51; 37, 41; r(31,86) r(34,27) a(35,45) a(2,134) d(35) a(35,135)
52; 37; r(34,83) a(1,54) r(28,52) a(35,70) a(35,135)
53; 41; r(31,86) r(34,27) a(35,45) a(2,134) d(35)
54; 2; r(34,83) a(1,54) r(28,52) d(34) r(27,50) d(35) d(34) a(3,49)
55; 41; r(31,86) r(34,27) a(35,45) a(2,134) d(35)
56; 29, 2; r(34,170) r(27,50) d(35) d(34) a(3,49)
57; 29, 2; r(34,83) a(1,54) r(28,52) d(34) d(35) r(25,148) d(33)
58; 29; r(34,170) d(35) r(25,148) d(33)
59; 2; r(34,83) a(1,54) r(28,52) d(34) r(27,50) d(35) d(34) a(3,49)
60; 34; d(1) d(34) r(32,176) r(35,34) d(31)
61; 18; d(35) r(1,148) d(34) r(34,28) a(1,54) r(28,52) r(35,130) a(27,100)
62; 19, 5; d(32) d(34) r(31,70)
63; 19, 5; d(1) d(35) r(34,80)
64; 19; d(32) r(34,80)
65; 5; d(1) d(35) d(34) r(31,70)
--------------------------------------------------------------------------------
Mutation

0; d(35) r(1,148) r(34,50) d(35) d(32) a(33,138)
1; r(2,99) r(28,83) d(34) d(32) r(35,62)
2; d(35) r(1,148) d(34) d(32) a(33,170)
3; r(2,99) r(28,83) r(34,50) d(35) d(32) d(1)
4; d(35) r(27,148) a(34,36)
5; d(32) r(34,28) a(1,54) r(28,52) r(35,130) a(27,46) r(28,76) r(32,176) r(35,34) a(34,27) d(2)
6; d(35) a(27,46) r(28,76) r(32,176) r(35,34) a(34,27) d(34)
7; d(32) r(34,28) a(1,54) r(28,52) r(35,130) r(27,148) r(3,33)
8; d(35) a(27,46) r(28,76) r(32,176) r(35,34) a(34,27) r(25,97)
9; r(32,177) d(35) r(34,52) a(25,44)
10; r(2,99) a(32,76) d(34) a(3,49) r(35,178)
11; r(34,83) a(1,54) r(28,52) d(34) r(27,50) d(35) a(27,46) r(32,108) d(35) r(2,28)
12; r(2,99) a(32,76) a(27,46) r(32,108) d(35) r(34,134)
13; r(34,83) a(1,54) r(28,52) d(34) r(27,50) d(35) d(34) a(3,49) a(25,51)
14; d(35) a(27,46) r(28,76) r(32,176) r(35,34) a(34,27) r(34,64)
15; r(31,86) r(25,148) d(35) a(32,51)
16; r(2,99) r(28,83) r(34,50) d(35) d(32)
17; r(31,86) r(25,148) d(35) d(32) r(34,112)
18; r(2,99) r(28,83) r(34,50) d(35) d(32) d(27)
19; r(31,86) r(25,148) d(35) r(34,77)
20; r(34,83) a(1,54) r(28,52) d(34) a(35,34)
21; d(35) r(32,108) d(34) r(27,50) r(35,33) r(2,64) a(28,87)
22; r(34,83) a(1,54) r(28,52) d(34) r(27,50) r(35,33) r(2,64) a(25,34)
23; d(35) r(32,108) d(34) r(25,31)
24; r(34,83) a(1,54) r(28,52) d(34) r(27,50) d(35) d(34) a(3,49) r(33,78)
25; r(31,86) r(25,148) d(35) a(1,64)
26; r(31,86) r(34,27) d(34) r(32,176) r(35,34) d(31) d(2)
27; d(1) d(35) a(25,34) r(28,135) d(34)
28; r(31,86) r(34,27) d(35) a(25,34) r(28,135) a(27,80)
29; d(1) d(34) r(32,176) r(35,34) d(31) d(27)
30; a(34,135) a(35,134) r(31,64) r(3,56) d(35)
31; r(2,99) r(28,83) r(34,50) d(35) d(32) d(27)
32; d(32) r(34,28) a(35,138) d(35) a(27,130)
33; d(35) r(1,148) d(34) r(27,158) a(25,34) r(3,2) r(31,50)
34; d(32) r(34,28) a(35,138) d(35) a(25,34) r(3,2) a(33,95)
35; d(35) r(1,148) d(34) r(27,158) d(28)
36; r(34,83) a(1,54) r(28,52) d(34) d(25)
37; r(2,99) r(28,83) r(34,50) d(35) d(32) r(27,50) r(35,33) r(1,94) r(33,134)
38; r(34,83) a(1,54) r(28,52) d(34) r(27,50) r(35,33) r(1,94) d(25)
39; r(2,99) r(28,83) r(34,50) d(35) d(32) a(27,53)
40; a(34,135) r(28,83) r(34,50) a(27,70) d(35) r(3,35)
41; a(34,135) a(1,33) d(27) r(28,138) r(34,112) d(35)
42; d(32) r(34,28) a(35,138) r(35,34) d(33) d(25)
43; d(1) d(34) r(32,176) d(25) d(3) a(35,112)
44; d(32) r(34,28) a(35,138) d(25) d(3) d(35)
45; d(1) d(34) r(32,176) r(35,34) d(33) d(25)
46; r(2,99) r(28,83) r(34,50) d(35) d(32) r(35,32) r(2,51) d(31) a(33,46)
47; r(34,170) d(35) r(34,27) d(3)
48; r(2,99) r(28,83) r(34,50) d(35) d(32) d(1)
49; r(34,170) d(35) r(34,27) r(35,32) r(2,51) d(31) a(28,48)
50; r(34,83) a(1,54) r(28,52) a(35,70) r(32,45)
51; r(31,86) r(34,27) a(35,45) a(2,134) d(35) a(35,135) a(32,86)
52; r(34,83) a(1,54) r(28,52) a(35,70) a(35,135) d(35)
53; r(31,86) r(34,27) a(35,45) a(2,134) d(35) r(3,34)
54; r(34,83) a(1,54) r(28,52) d(34) r(27,50) d(35) d(34) a(3,49) a(32,32)
55; r(31,86) r(34,27) a(35,45) a(2,134) d(35) a(2,3)
56; r(34,170) r(27,50) d(35) d(34) a(3,49) a(31,50)
57; r(34,83) a(1,54) r(28,52) d(34) d(35) r(25,148) d(33) r(32,97)
58; r(34,170) d(35) r(25,148) d(33) r(3,48)
59; r(34,83) a(1,54) r(28,52) d(34) r(27,50) d(35) d(34) a(3,49) d(33)
60; d(1) d(34) r(32,176) r(35,34) d(31) d(28)
61; d(35) r(1,148) d(34) r(34,28) a(1,54) r(28,52) r(35,130) a(27,100) r(32,46)
62; d(32) d(34) r(31,70) d(3)
63; d(1) d(35) r(34,80) d(27)
64; d(32) r(34,80) a(28,65)
65; d(1) d(35) d(34) r(31,70) d(25)
--------------------------------------------------------------------------------
Evaluation

0; 0.
1; 0.
2; 0.
3; 0.
4; 0.
5; 0.
6; 0.
7; 0.
8; 0.
9; 0.
10; 0.
11; 0.
12; 0.
13; 0.
14; 0.
15; 0.
16; 0.
17; 0.
18; 0.
19; 0.
20; 0.
21; 0.
22; 0.
23; 0.
24; 0.
25; 0.
26; 0.
27; 0.
28; 0.
29; 0.
30; 12.
31; 0.
32; 0.
33; 0.
34; 0.
35; 0.
36; 0.
37; 0.
38; 0.
39; 0.
40; 0.
41; 0.
42; 0.
43; 0.
44; 0.
45; 0.
46; 0.
47; 12.
48; 0.
49; 0.
50; 0.
51; 0.
52; 0.
53; 12.
54; 0.
55; 0.
56; 4.
57; 0.
58; 0.
59; 0.
60; 0.
61; 0.
62; 12.
63; 4.
64; 0.
65; 0.
================================================================================
Generation 6

--------------------------------------------------------------------------------
Selection

0; 11
1; 16
2; 60
3; 4
4; 1
5; 8
6; 3
7; 24
8; 17
9; 3
10; 38
11; 40
12; 2
13; 0
14; 20
15; 42
16; 0
17; 61
18; 43
19; 32
20; 7
21; 54
22; 15
23; 2
24; 54
25; 52
26; 55
27; 33
28; 51
29; 48
30; 59
31; 14
32; 16
33; 35
34; 61
35; 11
36; 41
37; 42
38; 16
39; 58
--------------------------------------------------------------------------------
Crossover

0; 55, 33; r(31,86) r(34,27) a(35,45) a(2,134) r(1,148) d(34) r(27,158) a(25,34) r(3,2) r(31,50)
1; 55, 33; d(35) d(35) a(2,3)
2; 55; r(31,86) r(34,27) a(35,45) a(2,134) d(35) a(2,3)
3; 33; d(35) r(1,148) d(34) r(27,158) a(25,34) r(3,2) r(31,50)
4; 52, 2; r(34,83) a(1,54) r(28,52) a(33,170)
5; 52, 2; d(35) r(1,148) d(34) d(32) a(35,70) a(35,135) d(35)
6; 52; r(34,83) a(1,54) r(28,52) a(35,70) a(35,135) d(35)
7; 2; d(35) r(1,148) d(34) d(32) a(33,170)
8; 58, 17; r(34,170) d(35) r(25,148) d(33) r(3,48) d(35) d(32) r(34,112)
9; 58, 17; r(31,86) r(25,148)
10; 58; r(34,170) d(35) r(25,148) d(33) r(3,48)
11; 17; r(31,86) r(25,148) d(35) d(32) r(34,112)
12; 32, 11; d(32) r(34,28) a(35,138) d(35) a(27,46) r(32,108) d(35) r(2,28)
13; 32, 11; r(34,83) a(1,54) r(28,52) d(34) r(27,50) d(35) a(27,130)
14; 32; d(32) r(34,28) a(35,138) d(35) a(27,130)
15; 11; r(34,83) a(1,54) r(28,52) d(34) r(27,50) d(35) a(27,46) r(32,108) d(35) r(2,28)
16; 0, 61; d(35) r(1,148) r(34,28) a(1,54) r(28,52) r(35,130) a(27,100) r(32,46)
17; 0, 61; d(35) r(1,148) d(34) r(34,50) d(35) d(32) a(33,138)
18; 0; d(35) r(1,148) r(34,50) d(35) d(32) a(33,138)
19; 61; d(35) r(1,148) d(34) r(34,28) a(1,54) r(28,52) r(35,130) a(27,100) r(32,46)
20; 0; d(35) r(1,148) r(34,50) d(35) d(32) a(33,138)
21; 20; r(34,83) a(1,54) r(28,52) d(34) a(35,34)
22; 16, 42; r(2,99) r(28,83) d(33) d(25)
23; 16, 42; d(32) r(34,28) a(35,138) r(35,34) r(34,50) d(35) d(32)
24; 16; r(2,99) r(28,83) r(34,50) d(35) d(32)
25; 42; d(32) r(34,28) a(35,138) r(35,34) d(33) d(25)
26; 24; r(34,83) a(1,54) r(28,52) d(34) r(27,50) d(35) d(34) a(3,49) r(33,78)
27; 11; r(34,83) a(1,54) r(28,52) d(34) r(27,50) d(35) a(27,46) r(32,108) d(35) r(2,28)
28; 59, 51; r(34,83) a(1,54) r(28,52) d(35) a(35,135) a(32,86)
29; 59, 51; r(31,86) r(34,27) a(35,45) a(2,134) d(34) r(27,50) d(35) d(34) a(3,49) d(33)
30; 59; r(34,83) a(1,54) r(28,52) d(34) r(27,50) d(35) d(34) a(3,49) d(33)
31; 51; r(31,86) r(34,27) a(35,45) a(2,134) d(35) a(35,135) a(32,86)
32; 48; r(2,99) r(28,83) r(34,50) d(35) d(32) d(1)
33; 2; d(35) r(1,148) d(34) d(32) a(33,170)
34; 1, 16; r(2,99) r(28,83)
35; 1, 16; r(2,99) r(28,83) r(34,50) d(35) d(32) d(34) d(32) r(35,62)
36; 1; r(2,99) r(28,83) d(34) d(32) r(35,62)
37; 16; r(2,99) r(28,83) r(34,50) d(35) d(32)
38; 16, 3; r(2,99) d(32) d(1)
39; 16, 3; r(2,99) r(28,83) r(34,50) d(35) r(28,83) r(34,50) d(35) d(32)
40; 16; r(2,99) r(28,83) r(34,50) d(35) d(32)
41; 3; r(2,99) r(28,83) r(34,50) d(35) d(32) d(1)
42; 15, 14; r(31,86)
43; 15, 14; d(35) a(27,46) r(28,76) r(32,176) r(35,34) a(34,27) r(34,64) r(25,148) d(35) a(32,51)
44; 15; r(31,86) r(25,148) d(35) a(32,51)
45; 14; d(35) a(27,46) r(28,76) r(32,176) r(35,34) a(34,27) r(34,64)
46; 41; a(34,135) a(1,33) d(27) r(28,138) r(34,112) d(35)
47; 8; d(35) a(27,46) r(28,76) r(32,176) r(35,34) a(34,27) r(25,97)
48; 54; r(34,83) a(1,54) r(28,52) d(34) r(27,50) d(35) d(34) a(3,49) a(32,32)
49; 43; d(1) d(34) r(32,176) d(25) d(3) a(35,112)
50; 60, 35; d(1)
51; 60, 35; d(35) r(1,148) d(34) r(27,158) d(28) d(34) r(32,176) r(35,34) d(31) d(28)
52; 60; d(1) d(34) r(32,176) r(35,34) d(31) d(28)
53; 35; d(35) r(1,148) d(34) r(27,158) d(28)
54; 7, 61; d(32) a(27,100) r(32,46)
55; 7, 61; d(35) r(1,148) d(34) r(34,28) a(1,54) r(28,52) r(35,130) r(34,28) a(1,54) r(28,52) r(35,130) r(27,148) r(3,33)
56; 7; d(32) r(34,28) a(1,54) r(28,52) r(35,130) r(27,148) r(3,33)
57; 61; d(35) r(1,148) d(34) r(34,28) a(1,54) r(28,52) r(35,130) a(27,100) r(32,46)
58; 3, 40; r(2,99) r(28,83) r(34,50) d(35) d(32) r(34,50) a(27,70) d(35) r(3,35)
59; 3, 40; a(34,135) r(28,83) d(1)
60; 3; r(2,99) r(28,83) r(34,50) d(35) d(32) d(1)
61; 40; a(34,135) r(28,83) r(34,50) a(27,70) d(35) r(3,35)
62; 4; d(35) r(27,148) a(34,36)
63; 42; d(32) r(34,28) a(35,138) r(35,34) d(33) d(25)
64; 54, 38; r(34,83)
65; 54, 38; r(34,83) a(1,54) r(28,52) d(34) r(27,50) r(35,33) r(1,94) d(25) a(1,54) r(28,52) d(34) r(27,50) d(35) d(34) a(3,49) a(32,32)
66; 54; r(34,83) a(1,54) r(28,52) d(34) r(27,50) d(35) d(34) a(3,49) a(32,32)
67; 38; r(34,83) a(1,54) r(28,52) d(34) r(27,50) r(35,33) r(1,94) d(25)
--------------------------------------------------------------------------------
Mutation

0; r(31,86) r(34,27) a(35,45) a(2,134) r(1,148) d(34) r(27,158) a(25,34) r(3,2) r(31,50) d(35)
1; d(35) d(35) a(2,3) d(31)
2; r(31,86) r(34,27) a(35,45) a(2,134) d(35) a(2,3) a(3,176)
3; d(35) r(1,148) d(34) r(27,158) a(25,34) r(3,2) r(31,50) d(33)
4; r(34,83) a(1,54) r(28,52) a(33,170) a(35,135)
5; d(35) r(1,148) d(34) d(32) a(35,70) a(35,135) d(35) d(31)
6; r(34,83) a(1,54) r(28,52) a(35,70) a(35,135) d(35) d(32)
7; d(35) r(1,148) d(34) d(32) a(33,170) r(25,35)
8; r(34,170) d(35) r(25,148) d(33) r(3,48) d(35) d(32) r(34,112) r(2,53)
9; r(31,86) r(25,148) r(2,38)
10; r(34,170) d(35) r(25,148) d(33) r(3,48) d(32)
11; r(31,86) r(25,148) d(35) d(32) r(34,112) d(3)
12; d(32) r(34,28) a(35,138) d(35) a(27,46) r(32,108) d(35) r(2,28) a(31,87)
13; r(34,83) a(1,54) r(28,52) d(34) r(27,50) d(35) a(27,130) r(25,35)
14; d(32) r(34,28) a(35,138) d(35) a(27,130) a(2,138)
15; r(34,83) a(1,54) r(28,52) d(34) r(27,50) d(35) a(27,46) r(32,108) d(35) r(2,28) a(1,1)
16; d(35) r(1,148) r(34,28) a(1,54) r(28,52) r(35,130) a(27,100) r(32,46) r(27,65)
17; d(35) r(1,148) d(34) r(34,50) d(35) d(32) a(33,138) r(25,176)
18; d(35) r(1,148) r(34,50) d(35) d(32) a(33,138) d(31)
19; d(35) r(1,148) d(34) r(34,28) a(1,54) r(28,52) r(35,130) a(27,100) r(32,46) d(27)
20; d(35) r(1,148) r(34,50) d(35) d(32) a(33,138) r(28,62)
21; r(34,83) a(1,54) r(28,52) d(34) a(35,34) a(35,48)
22; r(2,99) r(28,83) d(33) d(25) r(1,100)
23; d(32) r(34,28) a(35,138) r(35,34) r(34,50) d(35) d(32) d(27)
24; r(2,99) r(28,83) r(34,50) d(35) d(32) d(33)
25; d(32) r(34,28) a(35,138) r(35,34) d(33) d(25) r(31,177)
26; r(34,83) a(1,54) r(28,52) d(34) r(27,50) d(35) d(34) a(3,49) r(33,78) d(2)
27; r(34,83) a(1,54) r(28,52) d(34) r(27,50) d(35) a(27,46) r(32,108) d(35) r(2,28) r(33,47)
28; r(34,83) a(1,54) r(28,52) d(35) a(35,135) a(32,86) a(2,28)
29; r(31,86) r(34,27) a(35,45) a(2,134) d(34) r(27,50) d(35) d(34) a(3,49) d(33) r(25,86)
30; r(34,83) a(1,54) r(28,52) d(34) r(27,50) d(35) d(34) a(3,49) d(33) r(3,158)
31; r(31,86) r(34,27) a(35,45) a(2,134) d(35) a(35,135) a(32,86) d(1)
32; r(2,99) r(28,83) r(34,50) d(35) d(32) d(1) r(27,80)
33; d(35) r(1,148) d(34) d(32) a(33,170) r(33,35)
34; r(2,99) r(28,83) r(34,64)
35; r(2,99) r(28,83) r(34,50) d(35) d(32) d(34) d(32) r(35,62) r(27,35)
36; r(2,99) r(28,83) d(34) d(32) r(35,62) d(33)
37; r(2,99) r(28,83) r(34,50) d(35) d(32) a(33,51)
38; r(2,99) d(32) d(1) a(35,176)
39; r(2,99) r(28,83) r(34,50) d(35) r(28,83) r(34,50) d(35) d(32) r(1,69)
40; r(2,99) r(28,83) r(34,50) d(35) d(32) a(27,176)
41; r(2,99) r(28,83) r(34,50) d(35) d(32) d(1) r(25,112)
42; r(31,86) d(1)
43; d(35) a(27,46) r(28,76) r(32,176) r(35,34) a(34,27) r(34,64) r(25,148) d(35) a(32,51) r(33,94)
44; r(31,86) r(25,148) d(35) a(32,51) a(33,94)
45; d(35) a(27,46) r(28,76) r(32,176) r(35,34) a(34,27) r(34,64) r(1,80)
46; a(34,135) a(1,33) d(27) r(28,138) r(34,112) d(35) a(32,50)
47; d(35) a(27,46) r(28,76) r(32,176) r(35,34) a(34,27) r(25,97) d(34)
48; r(34,83) a(1,54) r(28,52) d(34) r(27,50) d(35) d(34) a(3,49) a(32,32) r(3,94)
49; d(1) d(34) r(32,176) d(25) d(3) a(35,112) a(35,95)
50; d(1) d(35)
51; d(35) r(1,148) d(34) r(27,158) d(28) d(34) r(32,176) r(35,34) d(31) d(28) a(25,28)
52; d(1) d(34) r(32,176) r(35,34) d(31) d(28) r(27,99)
53; d(35) r(1,148) d(34) r(27,158) d(28) a(32,53)
54; d(32) a(27,100) r(32,46) d(34)
55; d(35) r(1,148) d(34) r(34,28) a(1,54) r(28,52) r(35,130) r(34,28) a(1,54) r(28,52) r(35,130) r(27,148) r(3,33) a(32,48)
56; d(32) r(34,28) a(1,54) r(28,52) r(35,130) r(27,148) r(3,33) r(1,70)
57; d(35) r(1,148) d(34) r(34,28) a(1,54) r(28,52) r(35,130) a(27,100) r(32,46) a(33,25)
58; r(2,99) r(28,83) r(34,50) d(35) d(32) r(34,50) a(27,70) d(35) r(3,35) a(27,77)
59; a(34,135) r(28,83) d(1) a(34,77)
60; r(2,99) r(28,83) r(34,50) d(35) d(32) d(1) d(33)
61; a(34,135) r(28,83) r(34,50) a(27,70) d(35) r(3,35) r(1,87)
62; d(35) r(27,148) a(34,36) a(25,80)
63; d(32) r(34,28) a(35,138) r(35,34) d(33) d(25) a(1,46)
64; r(34,83) a(35,52)
65; r(34,83) a(1,54) r(28,52) d(34) r(27,50) r(35,33) r(1,94) d(25) a(1,54) r(28,52) d(34) r(27,50) d(35) d(34) a(3,49) a(32,32) d(32)
66; r(34,83) a(1,54) r(28,52) d(34) r(27,50) d(35) d(34) a(3,49) a(32,32) d(25)
67; r(34,83) a(1,54) r(28,52) d(34) r(27,50) r(35,33) r(1,94) d(25) r(32,83)
--------------------------------------------------------------------------------
Evaluation

0; 0.
1; 0.
2; 0.
3; 0.
4; 0.
5; 0.
6; 0.
7; 0.
8; 0.
9; 0.
10; 0.
11; 0.
12; 0.
13; 0.
14; 0.
15; 0.
16; 0.
17; 0.
18; 0.
19; 0.
20; 0.
21; 0.
22; 0.
23; 0.
24; 0.
25; 0.
26; 0.
27; 0.
28; 0.
29; 0.
30; 0.
31; 0.
32; 0.
33; 0.
34; 0.
35; 0.
36; 0.
37; 0.
38; 0.
39; 0.
40; 0.
41; 0.
42; 0.
43; 0.
44; 0.
45; 0.
46; 0.
47; 0.
48; 0.
49; 0.
50; 4.
51; 0.
52; 0.
53; 0.
54; 0.
55; 0.
56; 0.
57; 0.
58; 0.
59; 0.
60; 0.
61; 0.
62; 0.
63; 0.
64; 4.
65; 0.
66; 0.
67; 0.
================================================================================
Generation 7

--------------------------------------------------------------------------------
Selection

0; 41
1; 65
2; 0
3; 24
4; 30
5; 43
6; 8
7; 62
8; 54
9; 27
10; 18
11; 63
12; 56
13; 17
14; 36
15; 14
16; 21
17; 61
18; 14
19; 3
20; 57
21; 31
22; 60
23; 19
24; 34
25; 31
26; 4
27; 44
28; 14
29; 46
30; 9
31; 33
32; 45
33; 49
34; 41
35; 21
36; 16
37; 42
38; 48
39; 52
--------------------------------------------------------------------------------
Crossover

0; 9; r(31,86) r(25,148) r(2,38)
1; 16; d(35) r(1,148) r(34,28) a(1,54) r(28,52) r(35,130) a(27,100) r(32,46) r(27,65)
2; 45; d(35) a(27,46) r(28,76) r(32,176) r(35,34) a(34,27) r(34,64) r(1,80)
3; 52; d(1) d(34) r(32,176) r(35,34) d(31) d(28) r(27,99)
4; 21; r(34,83) a(1,54) r(28,52) d(34) a(35,34) a(35,48)
5; 27; r(34,83) a(1,54) r(28,52) d(34) r(27,50) d(35) a(27,46) r(32,108) d(35) r(2,28) r(33,47)
6; 3, 36; d(35) r(1,148) d(33)
7; 3, 36; r(2,99) r(28,83) d(34) d(32) r(35,62) d(34) r(27,158) a(25,34) r(3,2) r(31,50) d(33)
8; 3; d(35) r(1,148) d(34) r(27,158) a(25,34) r(3,2) r(31,50) d(33)
9; 36; r(2,99) r(28,83) d(34) d(32) r(35,62) d(33)
10; 65, 46; r(34,83) a(1,54) r(28,52) d(34) r(27,50) r(28,138) r(34,112) d(35) a(32,50)
11; 65, 46; a(34,135) a(1,33) d(27) r(35,33) r(1,94) d(25) a(1,54) r(28,52) d(34) r(27,50) d(35) d(34) a(3,49) a(32,32) d(32)
12; 65; r(34,83) a(1,54) r(28,52) d(34) r(27,50) r(35,33) r(1,94) d(25) a(1,54) r(28,52) d(34) r(27,50) d(35) d(34) a(3,49) a(32,32) d(32)
13; 46; a(34,135) a(1,33) d(27) r(28,138) r(34,112) d(35) a(32,50)
14; 19, 57; d(35) r(1,148) d(34) r(34,28)
15; 19, 57; d(35) r(1,148) d(34) r(34,28) a(1,54) r(28,52) r(35,130) a(27,100) r(32,46) a(33,25) a(1,54) r(28,52) r(35,130) a(27,100) r(32,46) d(27)
16; 19; d(35) r(1,148) d(34) r(34,28) a(1,54) r(28,52) r(35,130) a(27,100) r(32,46) d(27)
17; 57; d(35) r(1,148) d(34) r(34,28) a(1,54) r(28,52) r(35,130) a(27,100) r(32,46) a(33,25)
18; 43; d(35) a(27,46) r(28,76) r(32,176) r(35,34) a(34,27) r(34,64) r(25,148) d(35) a(32,51) r(33,94)
19; 8; r(34,170) d(35) r(25,148) d(33) r(3,48) d(35) d(32) r(34,112) r(2,53)
20; 34; r(2,99) r(28,83) r(34,64)
21; 30; r(34,83) a(1,54) r(28,52) d(34) r(27,50) d(35) d(34) a(3,49) d(33) r(3,158)
22; 21; r(34,83) a(1,54) r(28,52) d(34) a(35,34) a(35,48)
23; 42; r(31,86) d(1)
24; 49, 17; d(1) d(34) r(32,176) d(25) d(32) a(33,138) r(25,176)
25; 49, 17; d(35) r(1,148) d(34) r(34,50) d(35) d(3) a(35,112) a(35,95)
26; 49; d(1) d(34) r(32,176) d(25) d(3) a(35,112) a(35,95)
27; 17; d(35) r(1,148) d(34) r(34,50) d(35) d(32) a(33,138) r(25,176)
28; 0, 4; r(31,86) r(34,27) a(35,45) a(2,134) r(1,148) d(34) r(27,158) a(25,34) r(3,2) r(28,52) a(33,170) a(35,135)
29; 0, 4; r(34,83) a(1,54) r(31,50) d(35)
30; 0; r(31,86) r(34,27) a(35,45) a(2,134) r(1,148) d(34) r(27,158) a(25,34) r(3,2) r(31,50) d(35)
31; 4; r(34,83) a(1,54) r(28,52) a(33,170) a(35,135)
32; 14, 31; d(32) r(34,28) a(35,138) d(35) a(27,130) a(2,134) d(35) a(35,135) a(32,86) d(1)
33; 14, 31; r(31,86) r(34,27) a(35,45) a(2,138)
34; 14; d(32) r(34,28) a(35,138) d(35) a(27,130) a(2,138)
35; 31; r(31,86) r(34,27) a(35,45) a(2,134) d(35) a(35,135) a(32,86) d(1)
36; 54; d(32) a(27,100) r(32,46) d(34)
37; 60; r(2,99) r(28,83) r(34,50) d(35) d(32) d(1) d(33)
38; 44; r(31,86) r(25,148) d(35) a(32,51) a(33,94)
39; 14; d(32) r(34,28) a(35,138) d(35) a(27,130) a(2,138)
40; 31, 24; r(31,86) r(34,50) d(35) d(32) d(33)
41; 31, 24; r(2,99) r(28,83) r(34,27) a(35,45) a(2,134) d(35) a(35,135) a(32,86) d(1)
42; 31; r(31,86) r(34,27) a(35,45) a(2,134) d(35) a(35,135) a(32,86) d(1)
43; 24; r(2,99) r(28,83) r(34,50) d(35) d(32) d(33)
44; 48, 18; r(34,83) a(1,54) r(28,52) d(34) d(35) d(32) a(33,138) d(31)
45; 48, 18; d(35) r(1,148) r(34,50) r(27,50) d(35) d(34) a(3,49) a(32,32) r(3,94)
46; 48; r(34,83) a(1,54) r(28,52) d(34) r(27,50) d(35) d(34) a(3,49) a(32,32) r(3,94)
47; 18; d(35) r(1,148) r(34,50) d(35) d(32) a(33,138) d(31)
48; 33; d(35) r(1,148) d(34) d(32) a(33,170) r(33,35)
49; 63; d(32) r(34,28) a(35,138) r(35,34) d(33) d(25) a(1,46)
50; 61; a(34,135) r(28,83) r(34,50) a(27,70) d(35) r(3,35) r(1,87)
51; 56; d(32) r(34,28) a(1,54) r(28,52) r(35,130) r(27,148) r(3,33) r(1,70)
52; 41, 41; r(2,99) r(28,83) r(28,83) r(34,50) d(35) d(32) d(1) r(25,112)
53; 41, 41; r(2,99) r(34,50) d(35) d(32) d(1) r(25,112)
54; 41; r(2,99) r(28,83) r(34,50) d(35) d(32) d(1) r(25,112)
55; 41; r(2,99) r(28,83) r(34,50) d(35) d(32) d(1) r(25,112)
56; 62; d(35) r(27,148) a(34,36) a(25,80)
57; 14; d(32) r(34,28) a(35,138) d(35) a(27,130) a(2,138)
--------------------------------------------------------------------------------
Mutation

0; r(31,86) r(25,148) r(2,38) r(34,78)
1; d(35) r(1,148) r(34,28) a(1,54) r(28,52) r(35,130) a(27,100) r(32,46) r(27,65) d(25)
2; d(35) a(27,46) r(28,76) r(32,176) r(35,34) a(34,27) r(34,64) r(1,80) a(25,134)
3; d(1) d(34) r(32,176) r(35,34) d(31) d(28) r(27,99) a(25,100)
4; r(34,83) a(1,54) r(28,52) d(34) a(35,34) a(35,48) d(25)
5; r(34,83) a(1,54) r(28,52) d(34) r(27,50) d(35) a(27,46) r(32,108) d(35) r(2,28) r(33,47) r(1,87)
6; d(35) r(1,148) d(33) a(31,80)
7; r(2,99) r(28,83) d(34) d(32) r(35,62) d(34) r(27,158) a(25,34) r(3,2) r(31,50) d(33) a(1,83)
8; d(35) r(1,148) d(34) r(27,158) a(25,34) r(3,2) r(31,50) d(33) d(25)
9; r(2,99) r(28,83) d(34) d(32) r(35,62) d(33) a(1,87)
10; r(34,83) a(1,54) r(28,52) d(34) r(27,50) r(28,138) r(34,112) d(35) a(32,50) d(25)
11; a(34,135) a(1,33) d(27) r(35,33) r(1,94) d(25) a(1,54) r(28,52) d(34) r(27,50) d(35) d(34) a(3,49) a(32,32) d(32) a(33,28)
12; r(34,83) a(1,54) r(28,52) d(34) r(27,50) r(35,33) r(1,94) d(25) a(1,54) r(28,52) d(34) r(27,50) d(35) d(34) a(3,49) a(32,32) d(32) d(33)
13; a(34,135) a(1,33) d(27) r(28,138) r(34,112) d(35) a(32,50) a(33,38)
14; d(35) r(1,148) d(34) r(34,28) a(31,36)
15; d(35) r(1,148) d(34) r(34,28) a(1,54) r(28,52) r(35,130) a(27,100) r(32,46) a(33,25) a(1,54) r(28,52) r(35,130) a(27,100) r(32,46) d(27) r(25,70)
16; d(35) r(1,148) d(34) r(34,28) a(1,54) r(28,52) r(35,130) a(27,100) r(32,46) d(27) d(25)
17; d(35) r(1,148) d(34) r(34,28) a(1,54) r(28,52) r(35,130) a(27,100) r(32,46) a(33,25) r(33,76)
18; d(35) a(27,46) r(28,76) r(32,176) r(35,34) a(34,27) r(34,64) r(25,148) d(35) a(32,51) r(33,94) d(2)
19; r(34,170) d(35) r(25,148) d(33) r(3,48) d(35) d(32) r(34,112) r(2,53) r(1,36)
20; r(2,99) r(28,83) r(34,64) a(35,170)
21; r(34,83) a(1,54) r(28,52) d(34) r(27,50) d(35) d(34) a(3,49) d(33) r(3,158) d(32)
22; r(34,83) a(1,54) r(28,52) d(34) a(35,34) a(35,48) a(27,76)
23; r(31,86) d(1) a(35,49)
24; d(1) d(34) r(32,176) d(25) d(32) a(33,138) r(25,176) a(35,62)
25; d(35) r(1,148) d(34) r(34,50) d(35) d(3) a(35,112) a(35,95) r(28,105)
26; d(1) d(34) r(32,176) d(25) d(3) a(35,112) a(35,95) r(35,100)
27; d(35) r(1,148) d(34) r(34,50) d(35) d(32) a(33,138) r(25,176) r(31,87)
28; r(31,86) r(34,27) a(35,45) a(2,134) r(1,148) d(34) r(27,158) a(25,34) r(3,2) r(28,52) a(33,170) a(35,135) r(35,94)
29; r(34,83) a(1,54) r(31,50) d(35) d(2)
30; r(31,86) r(34,27) a(35,45) a(2,134) r(1,148) d(34) r(27,158) a(25,34) r(3,2) r(31,50) d(35) d(25)
31; r(34,83) a(1,54) r(28,52) a(33,170) a(35,135) d(35)
32; d(32) r(34,28) a(35,138) d(35) a(27,130) a(2,134) d(35) a(35,135) a(32,86) d(1) r(33,108)
33; r(31,86) r(34,27) a(35,45) a(2,138) a(35,31)
34; d(32) r(34,28) a(35,138) d(35) a(27,130) a(2,138) a(2,176)
35; r(31,86) r(34,27) a(35,45) a(2,134) d(35) a(35,135) a(32,86) d(1) a(33,76)
36; d(32) a(27,100) r(32,46) d(34) r(35,105)
37; r(2,99) r(28,83) r(34,50) d(35) d(32) d(1) d(33) a(25,176)
38; r(31,86) r(25,148) d(35) a(32,51) a(33,94) a(1,31)
39; d(32) r(34,28) a(35,138) d(35) a(27,130) a(2,138) r(31,34)
40; r(31,86) r(34,50) d(35) d(32) d(33) r(28,53)
41; r(2,99) r(28,83) r(34,27) a(35,45) a(2,134) d(35) a(35,135) a(32,86) d(1) a(32,77)
42; r(31,86) r(34,27) a(35,45) a(2,134) d(35) a(35,135) a(32,86) d(1) r(27,178)
43; r(2,99) r(28,83) r(34,50) d(35) d(32) d(33) r(25,50)
44; r(34,83) a(1,54) r(28,52) d(34) d(35) d(32) a(33,138) d(31) d(1)
45; d(35) r(1,148) r(34,50) r(27,50) d(35) d(34) a(3,49) a(32,32) r(3,94) d(28)
46; r(34,83) a(1,54) r(28,52) d(34) r(27,50) d(35) d(34) a(3,49) a(32,32) r(3,94) a(1,45)
47; d(35) r(1,148) r(34,50) d(35) d(32) a(33,138) d(31) a(28,70)
48; d(35) r(1,148) d(34) d(32) a(33,170) r(33,35) r(28,80)
49; d(32) r(34,28) a(35,138) r(35,34) d(33) d(25) a(1,46) a(31,52)
50; a(34,135) r(28,83) r(34,50) a(27,70) d(35) r(3,35) r(1,87) a(25,28)
51; d(32) r(34,28) a(1,54) r(28,52) r(35,130) r(27,148) r(3,33) r(1,70) d(33)
52; r(2,99) r(28,83) r(28,83) r(34,50) d(35) d(32) d(1) r(25,112) d(33)
53; r(2,99) r(34,50) d(35) d(32) d(1) r(25,112) d(33)
54; r(2,99) r(28,83) r(34,50) d(35) d(32) d(1) r(25,112) d(33)
55; r(2,99) r(28,83) r(34,50) d(35) d(32) d(1) r(25,112) d(33)
56; d(35) r(27,148) a(34,36) a(25,80) d(1)
57; d(32) r(34,28) a(35,138) d(35) a(27,130) a(2,138) r(3,138)
--------------------------------------------------------------------------------
Evaluation

0; 0.
1; 0.
2; 12.
3; 0.
4; 0.
5; 0.
6; 0.
7; 0.
8; 0.
9; 0.
10; 0.
11; 0.
12; 0.
13; 0.
14; 0.
15; 0.
16; 0.
17; 0.
18; 0.
19; 0.
20; 0.
21; 0.
22; 0.
23; 0.
24; 0.
25; 0.
26; 0.
27; 0.
28; 0.
29; 0.
30; 0.
31; 0.
32; 0.
33; 0.
34; 0.
35; 0.
36; 12.
37; 0.
38; 0.
39; 0.
40; 0.
41; 0.
42; 12.
43; 0.
44; 0.
45; 0.
46; 0.
47; 0.
48; 0.
49; 0.
50; 4.
51; 0.
52; 0.
53; 0.
54; 0.
55; 0.
56; 0.
57; 12.
================================================================================
Generation 8

--------------------------------------------------------------------------------
Selection

0; 14
1; 43
2; 50
3; 55
4; 1
5; 52
6; 44
7; 38
8; 6
9; 46
10; 37
11; 32
12; 16
13; 19
14; 52
15; 5
16; 24
17; 23
18; 29
19; 43
20; 49
21; 15
22; 7
23; 26
24; 55
25; 41
26; 15
27; 43
28; 46
29; 46
30; 24
31; 13
32; 7
33; 24
34; 16
35; 24
36; 15
37; 5
38; 38
39; 3
--------------------------------------------------------------------------------
Crossover

0; 43; r(2,99) r(28,83) r(34,50) d(35) d(32) d(33) r(25,50)
1; 50; a(34,135) r(28,83) r(34,50) a(27,70) d(35) r(3,35) r(1,87) a(25,28)
2; 23, 43; r(31,86) d(1) r(28,83) r(34,50) d(35) d(32) d(33) r(25,50)
3; 23, 43; r(2,99) a(35,49)
4; 23; r(31,86) d(1) a(35,49)
5; 43; r(2,99) r(28,83) r(34,50) d(35) d(32) d(33) r(25,50)
6; 13, 55; a(34,135) a(1,33) d(27) r(28,138) r(34,112) d(35) a(32,50) d(33)
7; 13, 55; r(2,99) r(28,83) r(34,50) d(35) d(32) d(1) r(25,112) a(33,38)
8; 13; a(34,135) a(1,33) d(27) r(28,138) r(34,112) d(35) a(32,50) a(33,38)
9; 55; r(2,99) r(28,83) r(34,50) d(35) d(32) d(1) r(25,112) d(33)
10; 16; d(35) r(1,148) d(34) r(34,28) a(1,54) r(28,52) r(35,130) a(27,100) r(32,46) d(27) d(25)
11; 1; d(35) r(1,148) r(34,28) a(1,54) r(28,52) r(35,130) a(27,100) r(32,46) r(27,65) d(25)
12; 19, 15; r(34,170) d(35) r(25,148) d(33) r(3,48) a(27,100) r(32,46) a(33,25) a(1,54) r(28,52) r(35,130) a(27,100) r(32,46) d(27) r(25,70)
13; 19, 15; d(35) r(1,148) d(34) r(34,28) a(1,54) r(28,52) r(35,130) d(35) d(32) r(34,112) r(2,53) r(1,36)
14; 19; r(34,170) d(35) r(25,148) d(33) r(3,48) d(35) d(32) r(34,112) r(2,53) r(1,36)
15; 15; d(35) r(1,148) d(34) r(34,28) a(1,54) r(28,52) r(35,130) a(27,100) r(32,46) a(33,25) a(1,54) r(28,52) r(35,130) a(27,100) r(32,46) d(27) r(25,70)
16; 7, 46; r(2,99) r(28,83) r(28,52) d(34) r(27,50) d(35) d(34) a(3,49) a(32,32) r(3,94) a(1,45)
17; 7, 46; r(34,83) a(1,54) d(34) d(32) r(35,62) d(34) r(27,158) a(25,34) r(3,2) r(31,50) d(33) a(1,83)
18; 7; r(2,99) r(28,83) d(34) d(32) r(35,62) d(34) r(27,158) a(25,34) r(3,2) r(31,50) d(33) a(1,83)
19; 46; r(34,83) a(1,54) r(28,52) d(34) r(27,50) d(35) d(34) a(3,49) a(32,32) r(3,94) a(1,45)
20; 32, 52; d(32) r(34,28) a(35,138) d(35) d(32) d(1) r(25,112) d(33)
21; 32, 52; r(2,99) r(28,83) r(28,83) r(34,50) d(35) a(27,130) a(2,134) d(35) a(35,135) a(32,86) d(1) r(33,108)
22; 32; d(32) r(34,28) a(35,138) d(35) a(27,130) a(2,134) d(35) a(35,135) a(32,86) d(1) r(33,108)
23; 52; r(2,99) r(28,83) r(28,83) r(34,50) d(35) d(32) d(1) r(25,112) d(33)
24; 24; d(1) d(34) r(32,176) d(25) d(32) a(33,138) r(25,176) a(35,62)
25; 44; r(34,83) a(1,54) r(28,52) d(34) d(35) d(32) a(33,138) d(31) d(1)
26; 38, 41; r(31,86) r(25,148) d(35) r(34,27) a(35,45) a(2,134) d(35) a(35,135) a(32,86) d(1) a(32,77)
27; 38, 41; r(2,99) r(28,83) a(32,51) a(33,94) a(1,31)
28; 38; r(31,86) r(25,148) d(35) a(32,51) a(33,94) a(1,31)
29; 41; r(2,99) r(28,83) r(34,27) a(35,45) a(2,134) d(35) a(35,135) a(32,86) d(1) a(32,77)
30; 38; r(31,86) r(25,148) d(35) a(32,51) a(33,94) a(1,31)
31; 15; d(35) r(1,148) d(34) r(34,28) a(1,54) r(28,52) r(35,130) a(27,100) r(32,46) a(33,25) a(1,54) r(28,52) r(35,130) a(27,100) r(32,46) d(27) r(25,70)
32; 46, 7; r(34,83) a(1,54) r(28,52) d(34) r(27,50) d(35) d(34) a(3,49) a(32,32) r(3,94)
33; 46, 7; r(2,99) r(28,83) d(34) d(32) r(35,62) d(34) r(27,158) a(25,34) r(3,2) r(31,50) d(33) a(1,83) a(1,45)
34; 46; r(34,83) a(1,54) r(28,52) d(34) r(27,50) d(35) d(34) a(3,49) a(32,32) r(3,94) a(1,45)
35; 7; r(2,99) r(28,83) d(34) d(32) r(35,62) d(34) r(27,158) a(25,34) r(3,2) r(31,50) d(33) a(1,83)
36; 37; r(2,99) r(28,83) r(34,50) d(35) d(32) d(1) d(33) a(25,176)
37; 15; d(35) r(1,148) d(34) r(34,28) a(1,54) r(28,52) r(35,130) a(27,100) r(32,46) a(33,25) a(1,54) r(28,52) r(35,130) a(27,100) r(32,46) d(27) r(25,70)
38; 14, 55; d(35) r(1,148) d(34) r(34,28) d(35) d(32) d(1) r(25,112) d(33)
39; 14, 55; r(2,99) r(28,83) r(34,50) a(31,36)
40; 14; d(35) r(1,148) d(34) r(34,28) a(31,36)
41; 55; r(2,99) r(28,83) r(34,50) d(35) d(32) d(1) r(25,112) d(33)
42; 29, 24; r(34,83) a(1,54) r(31,50) d(32) a(33,138) r(25,176) a(35,62)
43; 29, 24; d(1) d(34) r(32,176) d(25) d(35) d(2)
44; 29; r(34,83) a(1,54) r(31,50) d(35) d(2)
45; 24; d(1) d(34) r(32,176) d(25) d(32) a(33,138) r(25,176) a(35,62)
46; 52; r(2,99) r(28,83) r(28,83) r(34,50) d(35) d(32) d(1) r(25,112) d(33)
47; 26; d(1) d(34) r(32,176) d(25) d(3) a(35,112) a(35,95) r(35,100)
48; 49, 16; d(32) a(27,100) r(32,46) d(27) d(25)
49; 49, 16; d(35) r(1,148) d(34) r(34,28) a(1,54) r(28,52) r(35,130) r(34,28) a(35,138) r(35,34) d(33) d(25) a(1,46) a(31,52)
50; 49; d(32) r(34,28) a(35,138) r(35,34) d(33) d(25) a(1,46) a(31,52)
51; 16; d(35) r(1,148) d(34) r(34,28) a(1,54) r(28,52) r(35,130) a(27,100) r(32,46) d(27) d(25)
52; 3, 24; d(1) d(34) d(32) a(33,138) r(25,176) a(35,62)
53; 3, 24; d(1) d(34) r(32,176) d(25) r(32,176) r(35,34) d(31) d(28) r(27,99) a(25,100)
54; 3; d(1) d(34) r(32,176) r(35,34) d(31) d(28) r(27,99) a(25,100)
55; 24; d(1) d(34) r(32,176) d(25) d(32) a(33,138) r(25,176) a(35,62)
56; 24, 5; d(1) d(34) r(32,176) d(25) d(32) a(33,138) r(25,176) a(35,62) r(1,87)
57; 24, 5; r(34,83) a(1,54) r(28,52) d(34) r(27,50) d(35) a(27,46) r(32,108) d(35) r(2,28) r(33,47)
58; 24; d(1) d(34) r(32,176) d(25) d(32) a(33,138) r(25,176) a(35,62)
59; 5; r(34,83) a(1,54) r(28,52) d(34) r(27,50) d(35) a(27,46) r(32,108) d(35) r(2,28) r(33,47) r(1,87)
60; 43; r(2,99) r(28,83) r(34,50) d(35) d(32) d(33) r(25,50)
61; 5; r(34,83) a(1,54) r(28,52) d(34) r(27,50) d(35) a(27,46) r(32,108) d(35) r(2,28) r(33,47) r(1,87)
62; 46, 6; r(34,83) a(1,54) r(28,52) d(34) r(27,50) d(35) d(34) a(3,49) d(33) a(31,80)
63; 46, 6; d(35) r(1,148) a(32,32) r(3,94) a(1,45)
64; 46; r(34,83) a(1,54) r(28,52) d(34) r(27,50) d(35) d(34) a(3,49) a(32,32) r(3,94) a(1,45)
65; 6; d(35) r(1,148) d(33) a(31,80)
--------------------------------------------------------------------------------
Mutation

0; r(2,99) r(28,83) r(34,50) d(35) d(32) d(33) r(25,50) a(1,37)
1; a(34,135) r(28,83) r(34,50) a(27,70) d(35) r(3,35) r(1,87) a(25,28) a(27,28)
2; r(31,86) d(1) r(28,83) r(34,50) d(35) d(32) d(33) r(25,50)
3; r(2,99) a(35,49) a(35,158)
4; r(31,86) d(1) a(35,49) r(35,47)
5; r(2,99) r(28,83) r(34,50) d(35) d(32) d(33) r(25,50) a(1,65)
6; a(34,135) a(1,33) d(27) r(28,138) r(34,112) d(35) a(32,50) d(33) d(1)
7; r(2,99) r(28,83) r(34,50) d(35) d(32) d(1) r(25,112) a(33,38) r(33,69)
8; a(34,135) a(1,33) d(27) r(28,138) r(34,112) d(35) a(32,50) a(33,38) a(3,36)
9; r(2,99) r(28,83) r(34,50) d(35) d(32) d(1) r(25,112) d(33)
10; d(35) r(1,148) d(34) r(34,28) a(1,54) r(28,52) r(35,130) a(27,100) r(32,46) d(27) d(25) d(33)
11; d(35) r(1,148) r(34,28) a(1,54) r(28,52) r(35,130) a(27,100) r(32,46) r(27,65) d(25) d(33)
12; r(34,170) d(35) r(25,148) d(33) r(3,48) a(27,100) r(32,46) a(33,25) a(1,54) r(28,52) r(35,130) a(27,100) r(32,46) d(27) r(25,70) r(2,105)
13; d(35) r(1,148) d(34) r(34,28) a(1,54) r(28,52) r(35,130) d(35) d(32) r(34,112) r(2,53) r(1,36) a(27,46)
14; r(34,170) d(35) r(25,148) d(33) r(3,48) d(35) d(32) r(34,112) r(2,53) r(1,36) d(31)
15; d(35) r(1,148) d(34) r(34,28) a(1,54) r(28,52) r(35,130) a(27,100) r(32,46) a(33,25) a(1,54) r(28,52) r(35,130) a(27,100) r(32,46) d(27) r(25,70) r(33,48)
16; r(2,99) r(28,83) r(28,52) d(34) r(27,50) d(35) d(34) a(3,49) a(32,32) r(3,94) a(1,45) a(25,27)
17; r(34,83) a(1,54) d(34) d(32) r(35,62) d(34) r(27,158) a(25,34) r(3,2) r(31,50) d(33) a(1,83) a(28,48)
18; r(2,99) r(28,83) d(34) d(32) r(35,62) d(34) r(27,158) a(25,34) r(3,2) r(31,50) d(33) a(1,83) d(25)
19; r(34,83) a(1,54) r(28,52) d(34) r(27,50) d(35) d(34) a(3,49) a(32,32) r(3,94) a(1,45) a(32,80)
20; d(32) r(34,28) a(35,138) d(35) d(32) d(1) r(25,112) d(33) d(31)
21; r(2,99) r(28,83) r(28,83) r(34,50) d(35) a(27,130) a(2,134) d(35) a(35,135) a(32,86) d(1) r(33,108) a(32,97)
22; d(32) r(34,28) a(35,138) d(35) a(27,130) a(2,134) d(35) a(35,135) a(32,86) d(1) r(33,108) d(25)
23; r(2,99) r(28,83) r(28,83) r(34,50) d(35) d(32) d(1) r(25,112) d(33)
24; d(1) d(34) r(32,176) d(25) d(32) a(33,138) r(25,176) a(35,62) d(35)
25; r(34,83) a(1,54) r(28,52) d(34) d(35) d(32) a(33,138) d(31) d(1) d(33)
26; r(31,86) r(25,148) d(35) r(34,27) a(35,45) a(2,134) d(35) a(35,135) a(32,86) d(1) a(32,77) a(33,48)
27; r(2,99) r(28,83) a(32,51) a(33,94) a(1,31) r(32,50)
28; r(31,86) r(25,148) d(35) a(32,51) a(33,94) a(1,31) r(34,94)
29; r(2,99) r(28,83) r(34,27) a(35,45) a(2,134) d(35) a(35,135) a(32,86) d(1) a(32,77) r(33,134)
30; r(31,86) r(25,148) d(35) a(32,51) a(33,94) a(1,31) d(34)
31; d(35) r(1,148) d(34) r(34,28) a(1,54) r(28,52) r(35,130) a(27,100) r(32,46) a(33,25) a(1,54) r(28,52) r(35,130) a(27,100) r(32,46) d(27) r(25,70) d(33)
32; r(34,83) a(1,54) r(28,52) d(34) r(27,50) d(35) d(34) a(3,49) a(32,32) r(3,94) a(1,60)
33; r(2,99) r(28,83) d(34) d(32) r(35,62) d(34) r(27,158) a(25,34) r(3,2) r(31,50) d(33) a(1,83) a(1,45) a(25,49)
34; r(34,83) a(1,54) r(28,52) d(34) r(27,50) d(35) d(34) a(3,49) a(32,32) r(3,94) a(1,45) d(2)
35; r(2,99) r(28,83) d(34) d(32) r(35,62) d(34) r(27,158) a(25,34) r(3,2) r(31,50) d(33) a(1,83) r(1,105)
36; r(2,99) r(28,83) r(34,50) d(35) d(32) d(1) d(33) a(25,176) d(25)
37; d(35) r(1,148) d(34) r(34,28) a(1,54) r(28,52) r(35,130) a(27,100) r(32,46) a(33,25) a(1,54) r(28,52) r(35,130) a(27,100) r(32,46) d(27) r(25,70) d(33)
38; d(35) r(1,148) d(34) r(34,28) d(35) d(32) d(1) r(25,112) d(33) d(28)
39; r(2,99) r(28,83) r(34,50) a(31,36) r(33,135)
40; d(35) r(1,148) d(34) r(34,28) a(31,36) a(27,177)
41; r(2,99) r(28,83) r(34,50) d(35) d(32) d(1) r(25,112) d(33)
42; r(34,83) a(1,54) r(31,50) d(32) a(33,138) r(25,176) a(35,62) r(35,76)
43; d(1) d(34) r(32,176) d(25) d(35) d(2) d(31)
44; r(34,83) a(1,54) r(31,50) d(35) d(2) d(27)
45; d(1) d(34) r(32,176) d(25) d(32) a(33,138) r(25,176) a(35,62) a(35,135)
46; r(2,99) r(28,83) r(28,83) r(34,50) d(35) d(32) d(1) r(25,112) d(33)
47; d(1) d(34) r(32,176) d(25) d(3) a(35,112) a(35,95) r(35,100) a(28,65)
48; d(32) a(27,100) r(32,46) d(27) d(25) a(35,38)
49; d(35) r(1,148) d(34) r(34,28) a(1,54) r(28,52) r(35,130) r(34,28) a(35,138) r(35,34) d(33) d(25) a(1,46) a(31,52) r(32,97)
50; d(32) r(34,28) a(35,138) r(35,34) d(33) d(25) a(1,46) a(31,52) a(2,64)
51; d(35) r(1,148) d(34) r(34,28) a(1,54) r(28,52) r(35,130) a(27,100) r(32,46) d(27) d(25) a(33,148)
52; d(1) d(34) d(32) a(33,138) r(25,176) a(35,62) a(35,47)
53; d(1) d(34) r(32,176) d(25) r(32,176) r(35,34) d(31) d(28) r(27,99) a(25,100) r(33,99)
54; d(1) d(34) r(32,176) r(35,34) d(31) d(28) r(27,99) a(25,100) r(33,170)
55; d(1) d(34) r(32,176) d(25) d(32) a(33,138) r(25,176) a(35,62) a(35,99)
56; d(1) d(34) r(32,176) d(25) d(32) a(33,138) r(25,176) a(35,62) r(1,87) r(35,108)
57; r(34,83) a(1,54) r(28,52) d(34) r(27,50) d(35) a(27,46) r(32,108) d(35) r(2,28) r(33,47) r(25,49)
58; d(1) d(34) r(32,176) d(25) d(32) a(33,138) r(25,176) a(35,62) r(33,44)
59; r(34,83) a(1,54) r(28,52) d(34) r(27,50) d(35) a(27,46) r(32,108) d(35) r(2,28) r(33,47) r(1,87) d(25)
60; r(2,99) r(28,83) r(34,50) d(35) d(32) d(33) r(25,50) a(1,27)
61; r(34,83) a(1,54) r(28,52) d(34) r(27,50) d(35) a(27,46) r(32,108) d(35) r(2,28) r(33,47) r(1,87) r(25,158)
62; r(34,83) a(1,54) r(28,52) d(34) r(27,50) d(35) d(34) a(3,49) d(33) a(31,80) a(2,69)
63; d(35) r(1,148) a(32,32) r(3,94) a(1,45) d(34)
64; r(34,83) a(1,54) r(28,52) d(34) r(27,50) d(35) d(34) a(3,49) a(32,32) r(3,94) a(1,45) d(25)
65; d(35) r(1,148) d(33) a(31,80) d(31)
--------------------------------------------------------------------------------
Evaluation

0; 0.
1; 4.
2; 0.
3; 0.
4; 0.
5; 0.
6; 0.
7; 0.
8; 0.
9; 0.
10; 0.
11; 0.
12; 12.
13; 0.
14; 0.
15; 0.
16; 0.
17; 0.
18; 0.
19; 0.
20; 0.
21; 0.
22; 0.
23; 0.
24; 0.
25; 0.
26; 0.
27; 0.
28; 0.
29; 0.
30; 0.
31; 0.
32; 0.
33; 0.
34; 0.
35; 12.
36; 0.
37; 0.
38; 0.
39; 0.
40; 0.
41; 0.
42; 0.
43; 0.
44; 0.
45; 0.
46; 0.
47; 0.
48; 0.
49; 0.
50; 0.
51; 0.
52; 0.
53; 0.
54; 0.
55; 0.
56; 0.
57; 0.
58; 0.
59; 0.
60; 0.
61; 0.
62; 0.
63; 0.
64; 0.
65; 0.
================================================================================
Generation 9

--------------------------------------------------------------------------------
Selection

0; 61
1; 32
2; 46
3; 20
4; 39
5; 20
6; 65
7; 36
8; 42
9; 34
10; 27
11; 9
12; 3
13; 7
14; 17
15; 15
16; 32
17; 29
18; 15
19; 26
20; 54
21; 46
22; 31
23; 38
24; 38
25; 3
26; 48
27; 37
28; 28
29; 9
30; 4
31; 53
32; 36
33; 11
34; 32
35; 11
36; 20
37; 53
38; 44
39; 47
--------------------------------------------------------------------------------
Crossover

0; 36; r(2,99) r(28,83) r(34,50) d(35) d(32) d(1) d(33) a(25,176) d(25)
1; 9; r(2,99) r(28,83) r(34,50) d(35) d(32) d(1) r(25,112) d(33)
2; 39, 31; r(2,99) r(28,83) r(34,50) a(31,36) r(33,135) r(32,46) a(33,25) a(1,54) r(28,52) r(35,130) a(27,100) r(32,46) d(27) r(25,70) d(33)
3; 39, 31; d(35) r(1,148) d(34) r(34,28) a(1,54) r(28,52) r(35,130) a(27,100)
4; 39; r(2,99) r(28,83) r(34,50) a(31,36) r(33,135)
5; 31; d(35) r(1,148) d(34) r(34,28) a(1,54) r(28,52) r(35,130) a(27,100) r(32,46) a(33,25) a(1,54) r(28,52) r(35,130) a(27,100) r(32,46) d(27) r(25,70) d(33)
6; 7; r(2,99) r(28,83) r(34,50) d(35) d(32) d(1) r(25,112) a(33,38) r(33,69)
7; 27; r(2,99) r(28,83) a(32,51) a(33,94) a(1,31) r(32,50)
8; 20; d(32) r(34,28) a(35,138) d(35) d(32) d(1) r(25,112) d(33) d(31)
9; 9; r(2,99) r(28,83) r(34,50) d(35) d(32) d(1) r(25,112) d(33)
10; 20, 48; d(32) r(34,28) a(35,138) d(35) d(25) a(35,38)
11; 20, 48; d(32) a(27,100) r(32,46) d(27) d(32) d(1) r(25,112) d(33) d(31)
12; 20; d(32) r(34,28) a(35,138) d(35) d(32) d(1) r(25,112) d(33) d(31)
13; 48; d(32) a(27,100) r(32,46) d(27) d(25) a(35,38)
14; 46, 34; r(2,99) r(28,83) r(28,83) r(34,50) d(35) d(32) d(1) r(25,112) d(33) a(1,54) r(28,52) d(34) r(27,50) d(35) d(34) a(3,49) a(32,32) r(3,94) a(1,45) d(2)
15; 46, 34; r(34,83)
16; 46; r(2,99) r(28,83) r(28,83) r(34,50) d(35) d(32) d(1) r(25,112) d(33)
17; 34; r(34,83) a(1,54) r(28,52) d(34) r(27,50) d(35) d(34) a(3,49) a(32,32) r(3,94) a(1,45) d(2)
18; 32, 54; r(34,83) a(1,54) r(28,52) d(34) r(27,50) d(35) d(34) a(3,49) a(32,32) d(34) r(32,176) r(35,34) d(31) d(28) r(27,99) a(25,100) r(33,170)
19; 32, 54; d(1) r(3,94) a(1,60)
20; 32; r(34,83) a(1,54) r(28,52) d(34) r(27,50) d(35) d(34) a(3,49) a(32,32) r(3,94) a(1,60)
21; 54; d(1) d(34) r(32,176) r(35,34) d(31) d(28) r(27,99) a(25,100) r(33,170)
22; 53; d(1) d(34) r(32,176) d(25) r(32,176) r(35,34) d(31) d(28) r(27,99) a(25,100) r(33,99)
23; 44; r(34,83) a(1,54) r(31,50) d(35) d(2) d(27)
24; 29; r(2,99) r(28,83) r(34,27) a(35,45) a(2,134) d(35) a(35,135) a(32,86) d(1) a(32,77) r(33,134)
25; 11; d(35) r(1,148) r(34,28) a(1,54) r(28,52) r(35,130) a(27,100) r(32,46) r(27,65) d(25) d(33)
26; 61; r(34,83) a(1,54) r(28,52) d(34) r(27,50) d(35) a(27,46) r(32,108) d(35) r(2,28) r(33,47) r(1,87) r(25,158)
27; 65; d(35) r(1,148) d(33) a(31,80) d(31)
28; 38; d(35) r(1,148) d(34) r(34,28) d(35) d(32) d(1) r(25,112) d(33) d(28)
29; 46; r(2,99) r(28,83) r(28,83) r(34,50) d(35) d(32) d(1) r(25,112) d(33)
30; 20, 32; d(32) d(34) r(27,50) d(35) d(34) a(3,49) a(32,32) r(3,94) a(1,60)
31; 20, 32; r(34,83) a(1,54) r(28,52) r(34,28) a(35,138) d(35) d(32) d(1) r(25,112) d(33) d(31)
32; 20; d(32) r(34,28) a(35,138) d(35) d(32) d(1) r(25,112) d(33) d(31)
33; 32; r(34,83) a(1,54) r(28,52) d(34) r(27,50) d(35) d(34) a(3,49) a(32,32) r(3,94) a(1,60)
34; 28, 53; r(31,86) r(25,148) r(27,99) a(25,100) r(33,99)
35; 28, 53; d(1) d(34) r(32,176) d(25) r(32,176) r(35,34) d(31) d(28) d(35) a(32,51) a(33,94) a(1,31) r(34,94)
36; 28; r(31,86) r(25,148) d(35) a(32,51) a(33,94) a(1,31) r(34,94)
37; 53; d(1) d(34) r(32,176) d(25) r(32,176) r(35,34) d(31) d(28) r(27,99) a(25,100) r(33,99)
38; 36, 11; r(2,99) r(28,83) r(34,50) d(25) d(33)
39; 36, 11; d(35) r(1,148) r(34,28) a(1,54) r(28,52) r(35,130) a(27,100) r(32,46) r(27,65) d(35) d(32) d(1) d(33) a(25,176) d(25)
40; 36; r(2,99) r(28,83) r(34,50) d(35) d(32) d(1) d(33) a(25,176) d(25)
41; 11; d(35) r(1,148) r(34,28) a(1,54) r(28,52) r(35,130) a(27,100) r(32,46) r(27,65) d(25) d(33)
42; 15, 3; d(35) r(1,148) d(34) r(34,28) a(1,54) r(28,52) r(35,130) a(27,100) r(32,46) a(33,25) a(1,54) r(28,52)
43; 15, 3; r(2,99) a(35,49) a(35,158) r(35,130) a(27,100) r(32,46) d(27) r(25,70) r(33,48)
44; 15; d(35) r(1,148) d(34) r(34,28) a(1,54) r(28,52) r(35,130) a(27,100) r(32,46) a(33,25) a(1,54) r(28,52) r(35,130) a(27,100) r(32,46) d(27) r(25,70) r(33,48)
45; 3; r(2,99) a(35,49) a(35,158)
46; 47, 26; d(1) d(34) r(32,176) d(25) d(3) a(35,112) a(35,45) a(2,134) d(35) a(35,135) a(32,86) d(1) a(32,77) a(33,48)
47; 47, 26; r(31,86) r(25,148) d(35) r(34,27) a(35,95) r(35,100) a(28,65)
48; 47; d(1) d(34) r(32,176) d(25) d(3) a(35,112) a(35,95) r(35,100) a(28,65)
49; 26; r(31,86) r(25,148) d(35) r(34,27) a(35,45) a(2,134) d(35) a(35,135) a(32,86) d(1) a(32,77) a(33,48)
50; 37; d(35) r(1,148) d(34) r(34,28) a(1,54) r(28,52) r(35,130) a(27,100) r(32,46) a(33,25) a(1,54) r(28,52) r(35,130) a(27,100) r(32,46) d(27) r(25,70) d(33)
51; 42; r(34,83) a(1,54) r(31,50) d(32) a(33,138) r(25,176) a(35,62) r(35,76)
52; 38; d(35) r(1,148) d(34) r(34,28) d(35) d(32) d(1) r(25,112) d(33) d(28)
53; 32; r(34,83) a(1,54) r(28,52) d(34) r(27,50) d(35) d(34) a(3,49) a(32,32) r(3,94) a(1,60)
54; 17; r(34,83) a(1,54) d(34) d(32) r(35,62) d(34) r(27,158) a(25,34) r(3,2) r(31,50) d(33) a(1,83) a(28,48)
55; 3; r(2,99) a(35,49) a(35,158)
56; 15, 4; d(35) r(1,148) d(34) r(34,28) a(1,54) r(28,52) r(35,130) a(27,100) r(32,46)
57; 15, 4; r(31,86) d(1) a(35,49) r(35,47) a(33,25) a(1,54) r(28,52) r(35,130) a(27,100) r(32,46) d(27) r(25,70) r(33,48)
58; 15; d(35) r(1,148) d(34) r(34,28) a(1,54) r(28,52) r(35,130) a(27,100) r(32,46) a(33,25) a(1,54) r(28,52) r(35,130) a(27,100) r(32,46) d(27) r(25,70) r(33,48)
59; 4; r(31,86) d(1) a(35,49) r(35,47)
--------------------------------------------------------------------------------
Mutation

0; r(2,99) r(28,83) r(34,50) d(35) d(32) d(1) d(33) a(25,176) d(25)
1; r(2,99) r(28,83) r(34,50) d(35) d(32) d(1) r(25,112) d(33)
2; r(2,99) r(28,83) r(34,50) a(31,36) r(33,135) r(32,46) a(33,25) a(1,54) r(28,52) r(35,130) a(27,100) r(32,46) d(27) r(25,70) d(33) a(1,70)
3; d(35) r(1,148) d(34) r(34,28) a(1,54) r(28,52) r(35,130) a(27,100) d(32)
4; r(2,99) r(28,83) r(34,50) a(31,36) r(33,135) d(27)
5; d(35) r(1,148) d(34) r(34,28) a(1,54) r(28,52) r(35,130) a(27,100) r(32,46) a(33,25) a(1,54) r(28,52) r(35,130) a(27,100) r(32,46) d(27) r(25,70) d(33)
6; r(2,99) r(28,83) r(34,50) d(35) d(32) d(1) r(25,112) a(33,38) r(33,69)
7; r(2,99) r(28,83) a(32,51) a(33,94) a(1,31) r(32,50) d(27)
8; d(32) r(34,28) a(35,138) d(35) d(32) d(1) r(25,112) d(33) d(31) a(28,78)
9; r(2,99) r(28,83) r(34,50) d(35) d(32) d(1) r(25,112) d(33)
10; d(32) r(34,28) a(35,138) d(35) d(25) a(35,38) a(1,65)
11; d(32) a(27,100) r(32,46) d(27) d(32) d(1) r(25,112) d(33) d(31) r(28,138)
12; d(32) r(34,28) a(35,138) d(35) d(32) d(1) r(25,112) d(33) d(31) d(28)
13; d(32) a(27,100) r(32,46) d(27) d(25) a(35,38) d(31)
14; r(2,99) r(28,83) r(28,83) r(34,50) d(35) d(32) d(1) r(25,112) d(33) a(1,54) r(28,52) d(34) r(27,50) d(35) d(34) a(3,49) a(32,32) r(3,94) a(1,45) d(2)
15; r(34,83) r(1,69)
16; r(2,99) r(28,83) r(28,83) r(34,50) d(35) d(32) d(1) r(25,112) d(33)
17; r(34,83) a(1,54) r(28,52) d(34) r(27,50) d(35) d(34) a(3,49) a(32,32) r(3,94) a(1,45) d(2) a(33,46)
18; r(34,83) a(1,54) r(28,52) d(34) r(27,50) d(35) d(34) a(3,49) a(32,32) d(34) r(32,176) r(35,34) d(31) d(28) r(27,99) a(25,100) r(33,170) a(1,99)
19; d(1) r(3,94) a(1,60) a(31,46)
20; r(34,83) a(1,54) r(28,52) d(34) r(27,50) d(35) d(34) a(3,49) a(32,32) r(3,94) a(1,60) r(33,130)
21; d(1) d(34) r(32,176) r(35,34) d(31) d(28) r(27,99) a(25,100) r(33,170) d(25)
22; d(1) d(34) r(32,176) d(25) r(32,176) r(35,34) d(31) d(28) r(27,99) a(25,100) r(33,99)
23; r(34,83) a(1,54) r(31,50) d(35) d(2) d(27) r(28,53)
24; r(2,99) r(28,83) r(34,27) a(35,45) a(2,134) d(35) a(35,135) a(32,86) d(1) a(32,77) r(33,134) d(25)
25; d(35) r(1,148) r(34,28) a(1,54) r(28,52) r(35,130) a(27,100) r(32,46) r(27,65) d(25) d(33)
26; r(34,83) a(1,54) r(28,52) d(34) r(27,50) d(35) a(27,46) r(32,108) d(35) r(2,28) r(33,47) r(1,87) r(25,158)
27; d(35) r(1,148) d(33) a(31,80) d(31) a(32,95)
28; d(35) r(1,148) d(34) r(34,28) d(35) d(32) d(1) r(25,112) d(33) d(28)
29; r(2,99) r(28,83) r(28,83) r(34,50) d(35) d(32) d(1) r(25,112) d(33)
30; d(32) d(34) r(27,50) d(35) d(34) a(3,49) a(32,32) r(3,94) a(1,60) d(28)
31; r(34,83) a(1,54) r(28,52) r(34,28) a(35,138) d(35) d(32) d(1) r(25,112) d(33) d(31)
32; d(32) r(34,28) a(35,138) d(35) d(32) d(1) r(25,112) d(33) d(31) a(28,33)
33; r(34,83) a(1,54) r(28,52) d(34) r(27,50) d(35) d(34) a(3,49) a(32,32) r(3,94) a(1,60) d(1)
34; r(31,86) r(25,148) r(27,99) a(25,100) r(33,99) d(28)
35; d(1) d(34) r(32,176) d(25) r(32,176) r(35,34) d(31) d(28) d(35) a(32,51) a(33,94) a(1,31) r(34,94) r(33,45)
36; r(31,86) r(25,148) d(35) a(32,51) a(33,94) a(1,31) r(34,94) a(3,51)
37; d(1) d(34) r(32,176) d(25) r(32,176) r(35,34) d(31) d(28) r(27,99) a(25,100) r(33,99)
38; r(2,99) r(28,83) r(34,50) d(25) d(33) a(1,62)
39; d(35) r(1,148) r(34,28) a(1,54) r(28,52) r(35,130) a(27,100) r(32,46) r(27,65) d(35) d(32) d(1) d(33) a(25,176) d(25)
40; r(2,99) r(28,83) r(34,50) d(35) d(32) d(1) d(33) a(25,176) d(25)
41; d(35) r(1,148) r(34,28) a(1,54) r(28,52) r(35,130) a(27,100) r(32,46) r(27,65) d(25) d(33)
42; d(35) r(1,148) d(34) r(34,28) a(1,54) r(28,52) r(35,130) a(27,100) r(32,46) a(33,25) a(1,54) r(28,52) a(25,130)
43; r(2,99) a(35,49) a(35,158) r(35,130) a(27,100) r(32,46) d(27) r(25,70) r(33,48) d(1)
44; d(35) r(1,148) d(34) r(34,28) a(1,54) r(28,52) r(35,130) a(27,100) r(32,46) a(33,25) a(1,54) r(28,52) r(35,130) a(27,100) r(32,46) d(27) r(25,70) r(33,48)
45; r(2,99) a(35,49) a(35,158) r(31,36)
46; d(1) d(34) r(32,176) d(25) d(3) a(35,112) a(35,45) a(2,134) d(35) a(35,135) a(32,86) d(1) a(32,77) a(33,48) r(31,69)
47; r(31,86) r(25,148) d(35) r(34,27) a(35,95) r(35,100) a(28,65) a(2,69)
48; d(1) d(34) r(32,176) d(25) d(3) a(35,112) a(35,95) r(35,100) a(28,65) a(28,105)
49; r(31,86) r(25,148) d(35) r(34,27) a(35,45) a(2,134) d(35) a(35,135) a(32,86) d(1) a(32,77) a(33,48) d(33)
50; d(35) r(1,148) d(34) r(34,28) a(1,54) r(28,52) r(35,130) a(27,100) r(32,46) a(33,25) a(1,54) r(28,52) r(35,130) a(27,100) r(32,46) d(27) r(25,70) d(33)
51; r(34,83) a(1,54) r(31,50) d(32) a(33,138) r(25,176) a(35,62) r(35,76) a(2,54)
52; d(35) r(1,148) d(34) r(34,28) d(35) d(32) d(1) r(25,112) d(33) d(28)
53; r(34,83) a(1,54) r(28,52) d(34) r(27,50) d(35) d(34) a(3,49) a(32,32) r(3,94) a(1,60) a(33,138)
54; r(34,83) a(1,54) d(34) d(32) r(35,62) d(34) r(27,158) a(25,34) r(3,2) r(31,50) d(33) a(1,83) a(28,48) d(28)
55; r(2,99) a(35,49) a(35,158) d(34)
56; d(35) r(1,148) d(34) r(34,28) a(1,54) r(28,52) r(35,130) a(27,100) r(32,46) r(33,25)
57; r(31,86) d(1) a(35,49) r(35,47) a(33,25) a(1,54) r(28,52) r(35,130) a(27,100) r(32,46) d(27) r(25,70) r(33,48)
58; d(35) r(1,148) d(34) r(34,28) a(1,54) r(28,52) r(35,130) a(27,100) r(32,46) a(33,25) a(1,54) r(28,52) r(35,130) a(27,100) r(32,46) d(27) r(25,70) r(33,48)
59; r(31,86) d(1) a(35,49) r(35,47) a(34,33)
--------------------------------------------------------------------------------
Evaluation

0; 0.
1; 0.
2; 0.
3; 0.
4; 0.
5; 0.
6; 0.
7; 0.
8; 0.
9; 0.
10; 0.
11; 0.
12; 0.
13; 0.
14; 0.
15; 4.
16; 0.
17; 0.
18; 0.
19; 4.
20; 0.
21; 0.
22; 0.
23; 0.
24; 0.
25; 0.
26; 0.
27; 0.
28; 0.
29; 0.
30; 0.
31; 0.
32; 0.
33; 0.
34; 0.
35; 0.
36; 0.
37; 0.
38; 0.
39; 0.
40; 0.
41; 0.
42; 0.
43; 0.
44; 0.
45; 0.
46; 0.
47; 0.
48; 12.
49; 0.
50; 0.
51; 0.
52; 0.
53; 0.
54; 0.
55; 0.
56; 0.
57; 0.
58; 0.
59; 0.
================================================================================
Generation 10

--------------------------------------------------------------------------------
Selection

0; 6
1; 22
2; 47
3; 4
4; 38
5; 18
6; 36
7; 56
8; 10
9; 8
10; 17
11; 3
12; 22
13; 53
14; 24
15; 4
16; 44
17; 46
18; 56
19; 43
20; 38
21; 55
22; 11
23; 47
24; 22
25; 2
26; 23
27; 28
28; 21
29; 34
30; 18
31; 29
32; 50
33; 28
34; 47
35; 56
36; 22
37; 21
38; 36
39; 20
--------------------------------------------------------------------------------
Crossover

0; 44, 28; d(35) r(1,148) d(34) r(34,28) a(1,54) r(28,52) r(35,130) d(1) r(25,112) d(33) d(28)
1; 44, 28; d(35) r(1,148) d(34) r(34,28) d(35) d(32) a(27,100) r(32,46) a(33,25) a(1,54) r(28,52) r(35,130) a(27,100) r(32,46) d(27) r(25,70) r(33,48)
2; 44; d(35) r(1,148) d(34) r(34,28) a(1,54) r(28,52) r(35,130) a(27,100) r(32,46) a(33,25) a(1,54) r(28,52) r(35,130) a(27,100) r(32,46) d(27) r(25,70) r(33,48)
3; 28; d(35) r(1,148) d(34) r(34,28) d(35) d(32) d(1) r(25,112) d(33) d(28)
4; 47, 56; r(31,86) r(25,148) d(35) r(34,27) r(28,52) r(35,130) a(27,100) r(32,46) r(33,25)
5; 47, 56; d(35) r(1,148) d(34) r(34,28) a(1,54) a(35,95) r(35,100) a(28,65) a(2,69)
6; 47; r(31,86) r(25,148) d(35) r(34,27) a(35,95) r(35,100) a(28,65) a(2,69)
7; 56; d(35) r(1,148) d(34) r(34,28) a(1,54) r(28,52) r(35,130) a(27,100) r(32,46) r(33,25)
8; 3; d(35) r(1,148) d(34) r(34,28) a(1,54) r(28,52) r(35,130) a(27,100) d(32)
9; 11; d(32) a(27,100) r(32,46) d(27) d(32) d(1) r(25,112) d(33) d(31) r(28,138)
10; 36, 18; r(31,86) r(25,148) d(35) a(32,51) a(33,94) a(1,31) r(34,94) a(3,51) r(27,99) a(25,100) r(33,170) a(1,99)
11; 36, 18; r(34,83) a(1,54) r(28,52) d(34) r(27,50) d(35) d(34) a(3,49) a(32,32) d(34) r(32,176) r(35,34) d(31) d(28)
12; 36; r(31,86) r(25,148) d(35) a(32,51) a(33,94) a(1,31) r(34,94) a(3,51)
13; 18; r(34,83) a(1,54) r(28,52) d(34) r(27,50) d(35) d(34) a(3,49) a(32,32) d(34) r(32,176) r(35,34) d(31) d(28) r(27,99) a(25,100) r(33,170) a(1,99)
14; 28; d(35) r(1,148) d(34) r(34,28) d(35) d(32) d(1) r(25,112) d(33) d(28)
15; 8; d(32) r(34,28) a(35,138) d(35) d(32) d(1) r(25,112) d(33) d(31) a(28,78)
16; 47, 36; r(31,86) r(25,148) d(35) r(34,27) a(35,95) a(1,31) r(34,94) a(3,51)
17; 47, 36; r(31,86) r(25,148) d(35) a(32,51) a(33,94) r(35,100) a(28,65) a(2,69)
18; 47; r(31,86) r(25,148) d(35) r(34,27) a(35,95) r(35,100) a(28,65) a(2,69)
19; 36; r(31,86) r(25,148) d(35) a(32,51) a(33,94) a(1,31) r(34,94) a(3,51)
20; 4, 4; r(2,99) r(28,83) r(34,50) a(31,36) r(33,135) d(27) d(27)
21; 4, 4; r(2,99) r(28,83) r(34,50) a(31,36) r(33,135)
22; 4; r(2,99) r(28,83) r(34,50) a(31,36) r(33,135) d(27)
23; 4; r(2,99) r(28,83) r(34,50) a(31,36) r(33,135) d(27)
24; 53, 38; r(34,83) a(1,62)
25; 53, 38; r(2,99) r(28,83) r(34,50) d(25) d(33) a(1,54) r(28,52) d(34) r(27,50) d(35) d(34) a(3,49) a(32,32) r(3,94) a(1,60) a(33,138)
26; 53; r(34,83) a(1,54) r(28,52) d(34) r(27,50) d(35) d(34) a(3,49) a(32,32) r(3,94) a(1,60) a(33,138)
27; 38; r(2,99) r(28,83) r(34,50) d(25) d(33) a(1,62)
28; 38; r(2,99) r(28,83) r(34,50) d(25) d(33) a(1,62)
29; 2; r(2,99) r(28,83) r(34,50) a(31,36) r(33,135) r(32,46) a(33,25) a(1,54) r(28,52) r(35,130) a(27,100) r(32,46) d(27) r(25,70) d(33) a(1,70)
30; 18, 46; r(34,83) a(1,54) r(28,52) d(34) r(27,50) d(35) d(34) a(3,49) a(32,32) d(34) r(32,176) r(35,34) d(31) d(35) a(35,135) a(32,86) d(1) a(32,77) a(33,48) r(31,69)
31; 18, 46; d(1) d(34) r(32,176) d(25) d(3) a(35,112) a(35,45) a(2,134) d(28) r(27,99) a(25,100) r(33,170) a(1,99)
32; 18; r(34,83) a(1,54) r(28,52) d(34) r(27,50) d(35) d(34) a(3,49) a(32,32) d(34) r(32,176) r(35,34) d(31) d(28) r(27,99) a(25,100) r(33,170) a(1,99)
33; 46; d(1) d(34) r(32,176) d(25) d(3) a(35,112) a(35,45) a(2,134) d(35) a(35,135) a(32,86) d(1) a(32,77) a(33,48) r(31,69)
34; 22; d(1) d(34) r(32,176) d(25) r(32,176) r(35,34) d(31) d(28) r(27,99) a(25,100) r(33,99)
35; 17; r(34,83) a(1,54) r(28,52) d(34) r(27,50) d(35) d(34) a(3,49) a(32,32) r(3,94) a(1,45) d(2) a(33,46)
36; 29; r(2,99) r(28,83) r(28,83) r(34,50) d(35) d(32) d(1) r(25,112) d(33)
37; 43; r(2,99) a(35,49) a(35,158) r(35,130) a(27,100) r(32,46) d(27) r(25,70) r(33,48) d(1)
38; 56, 24; d(35) r(1,148) d(34) r(34,28) a(1,54) r(28,52) r(35,130) a(27,100) d(25)
39; 56, 24; r(2,99) r(28,83) r(34,27) a(35,45) a(2,134) d(35) a(35,135) a(32,86) d(1) a(32,77) r(33,134) r(32,46) r(33,25)
40; 56; d(35) r(1,148) d(34) r(34,28) a(1,54) r(28,52) r(35,130) a(27,100) r(32,46) r(33,25)
41; 24; r(2,99) r(28,83) r(34,27) a(35,45) a(2,134) d(35) a(35,135) a(32,86) d(1) a(32,77) r(33,134) d(25)
42; 20, 21; r(34,83) a(1,54) r(28,52) d(34) r(27,50) d(35) d(34) r(27,99) a(25,100) r(33,170) d(25)
43; 20, 21; d(1) d(34) r(32,176) r(35,34) d(31) d(28) a(3,49) a(32,32) r(3,94) a(1,60) r(33,130)
44; 20; r(34,83) a(1,54) r(28,52) d(34) r(27,50) d(35) d(34) a(3,49) a(32,32) r(3,94) a(1,60) r(33,130)
45; 21; d(1) d(34) r(32,176) r(35,34) d(31) d(28) r(27,99) a(25,100) r(33,170) d(25)
46; 47, 6; r(31,86) r(25,148) r(28,83) r(34,50) d(35) d(32) d(1) r(25,112) a(33,38) r(33,69)
47; 47, 6; r(2,99) d(35) r(34,27) a(35,95) r(35,100) a(28,65) a(2,69)
48; 47; r(31,86) r(25,148) d(35) r(34,27) a(35,95) r(35,100) a(28,65) a(2,69)
49; 6; r(2,99) r(28,83) r(34,50) d(35) d(32) d(1) r(25,112) a(33,38) r(33,69)
50; 55, 34; r(2,99) a(35,49) a(25,100) r(33,99) d(28)
51; 55, 34; r(31,86) r(25,148) r(27,99) a(35,158) d(34)
52; 55; r(2,99) a(35,49) a(35,158) d(34)
53; 34; r(31,86) r(25,148) r(27,99) a(25,100) r(33,99) d(28)
54; 23, 21; r(34,83) a(1,54) r(31,50) d(35) a(25,100) r(33,170) d(25)
55; 23, 21; d(1) d(34) r(32,176) r(35,34) d(31) d(28) r(27,99) d(2) d(27) r(28,53)
56; 23; r(34,83) a(1,54) r(31,50) d(35) d(2) d(27) r(28,53)
57; 21; d(1) d(34) r(32,176) r(35,34) d(31) d(28) r(27,99) a(25,100) r(33,170) d(25)
58; 22; d(1) d(34) r(32,176) d(25) r(32,176) r(35,34) d(31) d(28) r(27,99) a(25,100) r(33,99)
59; 10; d(32) r(34,28) a(35,138) d(35) d(25) a(35,38) a(1,65)
60; 22; d(1) d(34) r(32,176) d(25) r(32,176) r(35,34) d(31) d(28) r(27,99) a(25,100) r(33,99)
61; 22; d(1) d(34) r(32,176) d(25) r(32,176) r(35,34) d(31) d(28) r(27,99) a(25,100) r(33,99)
62; 56; d(35) r(1,148) d(34) r(34,28) a(1,54) r(28,52) r(35,130) a(27,100) r(32,46) r(33,25)
63; 50; d(35) r(1,148) d(34) r(34,28) a(1,54) r(28,52) r(35,130) a(27,100) r(32,46) a(33,25) a(1,54) r(28,52) r(35,130) a(27,100) r(32,46) d(27) r(25,70) d(33)
--------------------------------------------------------------------------------
Mutation

0; d(35) r(1,148) d(34) r(34,28) a(1,54) r(28,52) r(35,130) d(1) r(25,112) d(33) d(28) r(32,33)
1; d(35) r(1,148) d(34) r(34,28) d(35) d(32) a(27,100) r(32,46) a(33,25) a(1,54) r(28,52) r(35,130) a(27,100) r(32,46) d(27) r(25,70) r(33,48)
2; d(35) r(1,148) d(34) r(34,28) a(1,54) r(28,52) r(35,130) a(27,100) r(32,46) a(33,25) a(1,54) r(28,52) r(35,130) a(27,100) r(32,46) d(27) r(25,70) r(33,48)
3; d(35) r(1,148) d(34) r(34,28) d(35) d(32) d(1) r(25,112) d(33) d(28)
4; r(31,86) r(25,148) d(35) r(34,27) r(28,52) r(35,130) a(27,100) r(32,46) r(33,25) a(1,84)
5; d(35) r(1,148) d(34) r(34,28) a(1,54) a(35,95) r(35,100) a(28,65) a(2,69) r(25,27)
6; r(31,86) r(25,148) d(35) r(34,27) a(35,95) r(35,100) a(28,65) a(2,69) a(28,32)
7; d(35) r(1,148) d(34) r(34,28) a(1,54) r(28,52) r(35,130) a(27,100) r(32,46) r(33,25) a(25,49)
8; d(35) r(1,148) d(34) r(34,28) a(1,54) r(28,52) r(35,130) a(27,100) d(32) r(25,105)
9; d(32) a(27,100) r(32,46) d(27) d(32) d(1) r(25,112) d(33) d(31) r(28,138)
10; r(31,86) r(25,148) d(35) a(32,51) a(33,94) a(1,31) r(34,94) a(3,51) r(27,99) a(25,100) r(33,170) a(1,99) d(2)
11; r(34,83) a(1,54) r(28,52) d(34) r(27,50) d(35) d(34) a(3,49) a(32,32) d(34) r(32,176) r(35,34) d(31) d(28) a(33,77)
12; r(31,86) r(25,148) d(35) a(32,51) a(33,94) a(1,31) r(34,94) a(3,51) d(28)
13; r(34,83) a(1,54) r(28,52) d(34) r(27,50) d(35) d(34) a(3,49) a(32,32) d(34) r(32,176) r(35,34) d(31) d(28) r(27,99) a(25,100) r(33,170) a(1,99) r(1,65)
14; d(35) r(1,148) d(34) r(34,28) d(35) d(32) d(1) r(25,112) d(33) d(28)
15; d(32) r(34,28) a(35,138) d(35) d(32) d(1) r(25,112) d(33) d(31) a(28,78) r(28,176)
16; r(31,86) r(25,148) d(35) r(34,27) a(35,95) a(1,31) r(34,94) a(3,51) a(32,27)
17; r(31,86) r(25,148) d(35) a(32,51) a(33,94) r(35,100) a(28,65) a(2,69) d(34)
18; r(31,86) r(25,148) d(35) r(34,27) a(35,95) r(35,100) a(28,65) a(2,69) d(33)
19; r(31,86) r(25,148) d(35) a(32,51) a(33,94) a(1,31) r(34,94) a(3,51) r(33,94)
20; r(2,99) r(28,83) r(34,50) a(31,36) r(33,135) d(27) d(27) d(32)
21; r(2,99) r(28,83) r(34,50) a(31,36) r(33,135) d(25)
22; r(2,99) r(28,83) r(34,50) a(31,36) r(33,135) d(27) r(25,83)
23; r(2,99) r(28,83) r(34,50) a(31,36) r(33,135) d(27) r(1,52)
24; r(34,83) a(1,62) d(32)
25; r(2,99) r(28,83) r(34,50) d(25) d(33) a(1,54) r(28,52) d(34) r(27,50) d(35) d(34) a(3,49) a(32,32) r(3,94) a(1,60) a(33,138) r(32,37)
26; r(34,83) a(1,54) r(28,52) d(34) r(27,50) d(35) d(34) a(3,49) a(32,32) r(3,94) a(1,60) a(33,138) d(2)
27; r(2,99) r(28,83) r(34,50) d(25) d(33) a(1,62) a(32,1)
28; r(2,99) r(28,83) r(34,50) d(25) d(33) a(1,62) a(1,70)
29; r(2,99) r(28,83) r(34,50) a(31,36) r(33,135) r(32,46) a(33,25) a(1,54) r(28,52) r(35,130) a(27,100) r(32,46) d(27) r(25,70) d(33) a(1,70) r(1,82)
30; r(34,83) a(1,54) r(28,52) d(34) r(27,50) d(35) d(34) a(3,49) a(32,32) d(34) r(32,176) r(35,34) d(31) d(35) a(35,135) a(32,86) d(1) a(32,77) a(33,48) r(31,69) a(33,1)
31; d(1) d(34) r(32,176) d(25) d(3) a(35,112) a(35,45) a(2,134) d(28) r(27,99) a(25,100) r(33,170) a(1,99)
32; r(34,83) a(1,54) r(28,52) d(34) r(27,50) d(35) d(34) a(3,49) a(32,32) d(34) r(32,176) r(35,34) d(31) d(28) r(27,99) a(25,100) r(33,170) a(1,99) r(3,148)
33; d(1) d(34) r(32,176) d(25) d(3) a(35,112) a(35,45) a(2,134) d(35) a(35,135) a(32,86) d(1) a(32,77) a(33,48) r(31,69) r(33,83)
34; d(1) d(34) r(32,176) d(25) r(32,176) r(35,34) d(31) d(28) r(27,99) a(25,100) r(33,99)
35; r(34,83) a(1,54) r(28,52) d(34) r(27,50) d(35) d(34) a(3,49) a(32,32) r(3,94) a(1,45) d(2) a(33,46) r(32,108)
36; r(2,99) r(28,83) r(28,83) r(34,50) d(35) d(32) d(1) r(25,112) d(33)
37; r(2,99) a(35,49) a(35,158) r(35,130) a(27,100) r(32,46) d(27) r(25,70) r(33,48) d(1) r(31,65)
38; d(35) r(1,148) d(34) r(34,28) a(1,54) r(28,52) r(35,130) a(27,100) d(25) r(33,164)
39; r(2,99) r(28,83) r(34,27) a(35,45) a(2,134) d(35) a(35,135) a(32,86) d(1) a(32,77) r(33,134) r(32,46) r(33,25) d(27)
40; d(35) r(1,148) d(34) r(34,28) a(1,54) r(28,52) r(35,130) a(27,100) r(32,46) r(33,25) r(27,77)
41; r(2,99) r(28,83) r(34,27) a(35,45) a(2,134) d(35) a(35,135) a(32,86) d(1) a(32,77) r(33,134) d(25) r(32,1)
42; r(34,83) a(1,54) r(28,52) d(34) r(27,50) d(35) d(34) r(27,99) a(25,100) r(33,170) d(25) d(1)
43; d(1) d(34) r(32,176) r(35,34) d(31) d(28) a(3,49) a(32,32) r(3,94) a(1,60) r(33,130) a(27,80)
44; r(34,83) a(1,54) r(28,52) d(34) r(27,50) d(35) d(34) a(3,49) a(32,32) r(3,94) a(1,60) r(33,130) d(32)
45; d(1) d(34) r(32,176) r(35,34) d(31) d(28) r(27,99) a(25,100) r(33,170) d(25)
46; r(31,86) r(25,148) r(28,83) r(34,50) d(35) d(32) d(1) r(25,112) a(33,38) r(33,69)
47; r(2,99) d(35) r(34,27) a(35,95) r(35,100) a(28,65) a(2,69) a(31,37)
48; r(31,86) r(25,148) d(35) r(34,27) a(35,95) r(35,100) a(28,65) a(2,69) a(28,80)
49; r(2,99) r(28,83) r(34,50) d(35) d(32) d(1) r(25,112) a(33,38) r(33,69)
50; r(2,99) a(35,49) a(25,100) r(33,99) d(28) r(27,32)
51; r(31,86) r(25,148) r(27,99) a(35,158) d(34) r(35,78)
52; r(2,99) a(35,49) a(35,158) d(34) r(35,87)
53; r(31,86) r(25,148) r(27,99) a(25,100) r(33,99) d(28) a(1,33)
54; r(34,83) a(1,54) r(31,50) d(35) a(25,100) r(33,170) d(25) d(2)
55; d(1) d(34) r(32,176) r(35,34) d(31) d(28) r(27,99) d(2) d(27) r(28,53) a(25,47)
56; r(34,83) a(1,54) r(31,50) d(35) d(2) d(27) r(28,53) a(1,60)
57; d(1) d(34) r(32,176) r(35,34) d(31) d(28) r(27,99) a(25,100) r(33,170) d(25)
58; d(1) d(34) r(32,176) d(25) r(32,176) r(35,34) d(31) d(28) r(27,99) a(25,100) r(33,99)
59; d(32) r(34,28) a(35,138) d(35) d(25) a(35,38) a(1,65) a(3,62)
60; d(1) d(34) r(32,176) d(25) r(32,176) r(35,34) d(31) d(28) r(27,99) a(25,100) r(33,99)
61; d(1) d(34) r(32,176) d(25) r(32,176) r(35,34) d(31) d(28) r(27,99) a(25,100) r(33,99)
62; d(35) r(1,148) d(34) r(34,28) a(1,54) r(28,52) r(35,130) a(27,100) r(32,46) r(33,25) r(25,176)
63; d(35) r(1,148) d(34) r(34,28) a(1,54) r(28,52) r(35,130) a(27,100) r(32,46) a(33,25) a(1,54) r(28,52) r(35,130) a(27,100) r(32,46) d(27) r(25,70) d(33)
--------------------------------------------------------------------------------
Evaluation

0; 0.
1; 0.
2; 0.
3; 0.
4; 0.
5; 0.
6; 0.
7; 0.
8; 0.
9; 0.
10; 0.
11; 0.
12; 0.
13; 0.
14; 0.
15; 0.
16; 0.
17; 0.
18; 0.
19; 0.
20; 0.
21; 0.
22; 0.
23; 0.
24; 0.
25; 0.
26; 0.
27; 0.
28; 0.
29; 0.
30; 0.
31; 0.
32; 0.
33; 0.
34; 0.
35; 0.
36; 0.
37; 0.
38; 0.
39; 0.
40; 0.
41; 0.
42; 0.
43; 0.
44; 0.
45; 0.
46; 0.
47; 0.
48; 0.
49; 0.
50; 0.
51; 0.
52; 0.
53; 0.
54; 0.
55; 0.
56; 0.
57; 0.
58; 0.
59; 0.
60; 0.
61; 0.
62; 0.
63; 0.
