================================================================================
Enclosure

1: 0
2: 1
3: 2
4: 3
7: 1
8: 7
10: 0
12: 0
14: 0
15: 0
16: 15
17: 15
22: 7
23: 1
24: 1
25: 0
26: 25
27: 25
28: 0
29: 28
30: 28
31: 28
32: 0
33: 0
34: 33
35: 33
36: 33
37: 0
38: 0
39: 38
40: 38
41: 40
42: 40
43: 40
44: 38
45: 0
46: 0
47: 0
48: 0
49: 0
50: 49
51: 49
52: 49
53: 52
54: 52
55: 52
56: 55
57: 56
60: 49
61: 49
62: 61
64: 49
65: 49
67: 0
69: 67
70: 0
72: 0
75: 49
76: 0
77: 0
78: 77
79: 77
80: 79
82: 77
83: 77
84: 83
85: 83
86: 77
87: 77
89: 0
90: 0
94: 0
95: 94
96: 94
97: 96
99: 94
100: 94
102: 0
105: 0
106: 0
107: 106
108: 107
110: 106
111: 110
112: 110
113: 106
114: 106
115: 0
116: 115
117: 115
118: 117
119: 117
120: 119
121: 119
122: 117
123: 115
124: 0
125: 0
126: 0
127: 126
128: 126
129: 126
130: 129
132: 126
133: 126
134: 133
135: 133
136: 126
138: 136
139: 126
140: 126
141: 126
142: 0
143: 142
144: 143
146: 142
147: 0
148: 0
149: 0
150: 0
151: 150
152: 150
153: 150
154: 150
155: 150
156: 155
158: 155
159: 150
160: 159
161: 159
162: 161
164: 159
165: 150
166: 165
167: 165
168: 167
169: 167
170: 165
171: 150
172: 150
173: 150
174: 173
176: 173
177: 150
178: 0
================================================================================
Initialisation

0; r(35,87); 4.
1; r(35,84); 4.
2; d(34); 4.
3; r(34,33); 4.
4; d(1); 4.
5; d(34); 4.
6; a(34,27); 4.
7; r(31,57); 0.
8; d(33); 4.
9; d(28); 0.
10; d(35); 4.
11; r(34,177); 4.
12; d(27); 4.
13; a(33,100); 4.
14; r(34,32); 4.
15; a(35,65); 4.
16; a(35,130); 4.
17; r(34,148); 4.
18; a(34,38); 4.
19; r(34,62); 4.
20; a(27,51); 0.
21; a(35,112); 4.
22; d(27); 4.
23; r(32,135); 0.
24; a(34,99); 4.
25; r(35,51); 4.
26; a(2,108); 4.
27; r(34,148); 4.
28; r(35,83); 4.
29; a(35,46); 4.
30; d(35); 4.
31; d(34); 4.
32; r(34,54); 4.
33; d(28); 0.
34; a(27,37); 4.
35; d(35); 4.
36; d(34); 4.
37; r(2,50); 0.
38; r(31,25); 0.
39; original; 4.
================================================================================
Generation 1

--------------------------------------------------------------------------------
Selection

0; 20
1; 35
2; 29
3; 0
4; 10
5; 34
6; 3
7; 10
8; 19
9; 17
10; 22
11; 27
12; 26
13; 12
14; 20
15; 17
16; 4
17; 13
18; 14
19; 33
20; 19
21; 31
22; 16
23; 37
24; 2
25; 7
26; 21
27; 36
28; 33
29; 9
30; 18
31; 3
32; 24
33; 24
34; 33
35; 2
36; 31
37; 12
38; 33
39; 37
--------------------------------------------------------------------------------
Crossover

0; 2, 26; d(34)
1; 2, 26; a(2,108)
2; 2; d(34)
3; 26; a(2,108)
4; 17, 35; r(34,148)
5; 17, 35; d(35)
6; 17; r(34,148)
7; 35; d(35)
8; 36, 37; d(34)
9; 36, 37; r(2,50)
10; 36; d(34)
11; 37; r(2,50)
12; 3, 3; r(34,33)
13; 3, 3; r(34,33)
14; 3; r(34,33)
15; 3; r(34,33)
16; 19; r(34,62)
17; 33; d(28)
18; 18, 37; a(34,38)
19; 18, 37; r(2,50)
20; 18; a(34,38)
21; 37; r(2,50)
22; 16; a(35,130)
23; 10; d(35)
24; 7, 20; r(31,57)
25; 7, 20; a(27,51)
26; 7; r(31,57)
27; 20; a(27,51)
28; 13, 12; a(33,100)
29; 13, 12; d(27)
30; 13; a(33,100)
31; 12; d(27)
32; 24, 17; a(34,99)
33; 24, 17; r(34,148)
34; 24; a(34,99)
35; 17; r(34,148)
36; 31; d(34)
37; 33; d(28)
38; 19, 24; r(34,62)
39; 19, 24; a(34,99)
40; 19; r(34,62)
41; 24; a(34,99)
42; 12, 27; d(27)
43; 12, 27; r(34,148)
44; 12; d(27)
45; 27; r(34,148)
46; 2, 9; d(34)
47; 2, 9; d(28)
48; 2; d(34)
49; 9; d(28)
50; 0; r(35,87)
51; 14; r(34,32)
52; 33; d(28)
53; 10; d(35)
54; 4, 33; d(1)
55; 4, 33; d(28)
56; 4; d(1)
57; 33; d(28)
58; 34, 20; a(27,37)
59; 34, 20; a(27,51)
60; 34; a(27,37)
61; 20; a(27,51)
62; 21; a(35,112)
63; 22; d(27)
64; 29; a(35,46)
65; 31; d(34)
--------------------------------------------------------------------------------
Mutation

0; d(34) r(35,80)
1; a(2,108) a(35,37)
2; d(34) a(35,82)
3; a(2,108) d(27)
4; r(34,148) d(1)
5; d(35) d(1)
6; r(34,148) r(28,60)
7; d(35) a(28,34)
8; d(34) d(35)
9; r(2,50) d(35)
10; d(34) d(35)
11; r(2,50) r(34,82)
12; r(34,33) r(2,34)
13; r(34,33) d(3)
14; r(34,33) a(33,27)
15; r(34,33) d(27)
16; r(34,62) a(33,57)
17; d(28) r(34,78)
18; a(34,38) a(34,108)
19; r(2,50) r(34,177)
20; a(34,38) d(35)
21; r(2,50) d(34)
22; a(35,130) a(27,32)
23; d(35) r(34,65)
24; r(31,57) a(34,138)
25; a(27,51) r(35,80)
26; r(31,57) a(25,84)
27; a(27,51) r(35,46)
28; a(33,100) d(25)
29; d(27) r(31,65)
30; a(33,100) r(32,49)
31; d(27) d(34)
32; a(34,99) r(35,86)
33; r(34,148) a(35,46)
34; a(34,99) d(28)
35; r(34,148) d(31)
36; d(34) r(35,148)
37; d(28) d(35)
38; r(34,62) a(2,62)
39; a(34,99) a(35,60)
40; r(34,62) d(35)
41; a(34,99) a(3,79)
42; d(27) a(34,51)
43; r(34,148) d(35)
44; d(27) d(34)
45; r(34,148) d(35)
46; d(34) a(32,95)
47; d(28) a(35,46)
48; d(34) d(35)
49; d(28) d(35)
50; r(35,87) r(34,47)
51; r(34,32) a(1,84)
52; d(28) r(35,38)
53; d(35) d(34)
54; d(1) a(35,38)
55; d(28) r(34,135)
56; d(1) a(31,33)
57; d(28) r(3,50)
58; a(27,37) d(34)
59; a(27,51) r(35,48)
60; a(27,37) d(34)
61; a(27,51) r(34,97)
62; a(35,112) a(35,138)
63; d(27) r(1,112)
64; a(35,46) a(35,70)
65; d(34) a(28,100)
--------------------------------------------------------------------------------
Evaluation

0; 4.
1; 4.
2; 4.
3; 4.
4; 4.
5; 4.
6; 0.
7; 4.
8; 4.
9; 0.
10; 4.
11; 0.
12; 0.
13; 12.
14; 4.
15; 4.
16; 4.
17; 0.
18; 4.
19; 0.
20; 4.
21; 0.
22; 4.
23; 4.
24; 0.
25; 0.
26; 0.
27; 0.
28; 4.
29; 0.
30; 0.
31; 4.
32; 4.
33; 4.
34; 0.
35; 0.
36; 4.
37; 0.
38; 4.
39; 4.
40; 4.
41; 4.
42; 4.
43; 4.
44; 4.
45; 4.
46; 4.
47; 0.
48; 4.
49; 0.
50; 4.
51; 4.
52; 0.
53; 4.
54; 4.
55; 0.
56; 0.
57; 12.
58; 4.
59; 0.
60; 4.
61; 0.
62; 4.
63; 4.
64; 4.
65; 4.
================================================================================
Generation 2

--------------------------------------------------------------------------------
Selection

0; 33
1; 6
2; 19
3; 18
4; 61
5; 19
6; 49
7; 26
8; 44
9; 11
10; 37
11; 50
12; 20
13; 47
14; 21
15; 40
16; 49
17; 44
18; 33
19; 30
20; 7
21; 34
22; 29
23; 37
24; 51
25; 59
26; 3
27; 24
28; 21
29; 47
30; 0
31; 29
32; 9
33; 11
34; 52
35; 1
36; 25
37; 48
38; 18
39; 55
--------------------------------------------------------------------------------
Crossover

0; 47; d(28) a(35,46)
1; 55; d(28) r(34,135)
2; 26, 11; r(31,57) a(25,84) r(34,82)
3; 26, 11; r(2,50)
4; 26; r(31,57) a(25,84)
5; 11; r(2,50) r(34,82)
6; 21; r(2,50) d(34)
7; 61; a(27,51) r(34,97)
8; 52; d(28) r(35,38)
9; 33; r(34,148) a(35,46)
10; 1, 18; a(2,108) a(35,37) a(34,108)
11; 1, 18; a(34,38)
12; 1; a(2,108) a(35,37)
13; 18; a(34,38) a(34,108)
14; 40; r(34,62) d(35)
15; 20; a(34,38) d(35)
16; 37, 50; d(28) r(34,47)
17; 37, 50; r(35,87) d(35)
18; 37; d(28) d(35)
19; 50; r(35,87) r(34,47)
20; 29, 3; d(27) d(27)
21; 29, 3; a(2,108) r(31,65)
22; 29; d(27) r(31,65)
23; 3; a(2,108) d(27)
24; 30, 51; a(33,100)
25; 30, 51; r(34,32) a(1,84) r(32,49)
26; 30; a(33,100) r(32,49)
27; 51; r(34,32) a(1,84)
28; 6, 18; r(34,148) a(34,108)
29; 6, 18; a(34,38) r(28,60)
30; 6; r(34,148) r(28,60)
31; 18; a(34,38) a(34,108)
32; 19; r(2,50) r(34,177)
33; 29; d(27) r(31,65)
34; 44, 59; d(27) r(35,48)
35; 44, 59; a(27,51) d(34)
36; 44; d(27) d(34)
37; 59; a(27,51) r(35,48)
38; 48, 47; d(34) d(35)
39; 48, 47; d(28) a(35,46)
40; 48; d(34) d(35)
41; 47; d(28) a(35,46)
42; 25, 11; a(27,51) r(35,80)
43; 25, 11; r(2,50) r(34,82)
44; 25; a(27,51) r(35,80)
45; 11; r(2,50) r(34,82)
46; 34, 7; a(34,99) d(28)
47; 34, 7; d(35) a(28,34)
48; 34; a(34,99) d(28)
49; 7; d(35) a(28,34)
50; 49, 37; d(28)
51; 49, 37; d(28) d(35) d(35)
52; 49; d(28) d(35)
53; 37; d(28) d(35)
54; 49; d(28) d(35)
55; 0; d(34) r(35,80)
56; 33; r(34,148) a(35,46)
57; 19; r(2,50) r(34,177)
58; 21; r(2,50) d(34)
59; 9; r(2,50) d(35)
60; 24, 44; r(31,57) d(34)
61; 24, 44; d(27) a(34,138)
62; 24; r(31,57) a(34,138)
63; 44; d(27) d(34)
--------------------------------------------------------------------------------
Mutation

0; d(28) a(35,46) r(32,46)
1; d(28) r(34,135) d(25)
2; r(31,57) a(25,84) r(34,82) a(35,78)
3; r(2,50) r(27,170)
4; r(31,57) a(25,84) r(34,31)
5; r(2,50) r(34,82) a(35,158)
6; r(2,50) d(34) r(35,84)
7; a(27,51) r(34,97) a(1,54)
8; d(28) r(35,38) r(34,46)
9; r(34,148) a(35,46) a(25,70)
10; a(2,108) a(35,37) a(34,108) r(34,52)
11; a(34,38) r(35,84)
12; a(2,108) a(35,37) d(34)
13; a(34,38) a(34,108) r(35,44)
14; r(34,62) d(35) a(33,80)
15; a(34,38) d(35) r(34,135)
16; d(28) r(34,47) a(35,84)
17; r(35,87) d(35) r(34,25)
18; d(28) d(35) d(32)
19; r(35,87) r(34,47) a(32,99)
20; d(27) d(27) d(35)
21; a(2,108) r(31,65) r(2,69)
22; d(27) r(31,65) d(34)
23; a(2,108) d(27) d(31)
24; a(33,100) a(34,46)
25; r(34,32) a(1,84) r(32,49) a(1,28)
26; a(33,100) r(32,49) r(34,31)
27; r(34,32) a(1,84) a(1,34)
28; r(34,148) a(34,108) a(35,44)
29; a(34,38) r(28,60) d(27)
30; r(34,148) r(28,60) r(27,177)
31; a(34,38) a(34,108) d(34)
32; r(2,50) r(34,177) a(31,99)
33; d(27) r(31,65) a(35,60)
34; d(27) r(35,48) r(34,70)
35; a(27,51) d(34) r(35,77)
36; d(27) d(34) r(35,112)
37; a(27,51) r(35,48) r(34,33)
38; d(34) d(35) a(28,46)
39; d(28) a(35,46) r(34,52)
40; d(34) d(35) d(1)
41; d(28) a(35,46) d(34)
42; a(27,51) r(35,80) a(34,28)
43; r(2,50) r(34,82) r(1,62)
44; a(27,51) r(35,80) d(34)
45; r(2,50) r(34,82) r(35,32)
46; a(34,99) d(28) r(34,62)
47; d(35) a(28,34) r(33,84)
48; a(34,99) d(28) r(3,97)
49; d(35) a(28,34) a(34,49)
50; d(28) a(35,97)
51; d(28) d(35) d(35) a(34,25)
52; d(28) d(35) a(34,52)
53; d(28) d(35) a(34,48)
54; d(28) d(35) a(34,38)
55; d(34) r(35,80) a(31,64)
56; r(34,148) a(35,46) d(1)
57; r(2,50) r(34,177) d(35)
58; r(2,50) d(34) d(27)
59; r(2,50) d(35) r(27,32)
60; r(31,57) d(34) a(28,1)
61; d(27) a(34,138) r(35,112)
62; r(31,57) a(34,138) a(1,108)
63; d(27) d(34) r(1,78)
--------------------------------------------------------------------------------
Evaluation

0; 0.
1; 0.
2; 0.
3; 0.
4; 0.
5; 0.
6; 0.
7; 0.
8; 0.
9; 4.
10; 4.
11; 4.
12; 4.
13; 4.
14; 4.
15; 4.
16; 0.
17; 4.
18; 0.
19; 4.
20; 4.
21; 0.
22; 0.
23; 0.
24; 4.
25; 0.
26; 0.
27; 4.
28; 4.
29; 0.
30; 0.
31; 4.
32; 0.
33; 0.
34; 4.
35; 0.
36; 4.
37; 0.
38; 4.
39; 0.
40; 4.
41; 0.
42; 0.
43; 4.
44; 0.
45; 0.
46; 0.
47; 4.
48; 12.
49; 4.
50; 0.
51; 0.
52; 0.
53; 0.
54; 0.
55; 4.
56; 4.
57; 0.
58; 0.
59; 0.
60; 0.
61; 4.
62; 0.
63; 0.
================================================================================
Generation 3

--------------------------------------------------------------------------------
Selection

0; 53
1; 63
2; 29
3; 2
4; 63
5; 52
6; 7
7; 50
8; 57
9; 52
10; 24
11; 29
12; 35
13; 39
14; 50
15; 42
16; 54
17; 63
18; 3
19; 39
20; 45
21; 62
22; 19
23; 6
24; 39
25; 63
26; 6
27; 57
28; 5
29; 57
30; 44
31; 6
32; 4
33; 14
34; 59
35; 8
36; 26
37; 46
38; 35
39; 12
--------------------------------------------------------------------------------
Crossover

0; 52; d(28) d(35) a(34,52)
1; 63; d(27) d(34) r(1,78)
2; 63; d(27) d(34) r(1,78)
3; 35; a(27,51) d(34) r(35,77)
4; 39, 42; d(28) a(35,46) r(34,52)
5; 39, 42; a(27,51) r(35,80) a(34,28)
6; 39; d(28) a(35,46) r(34,52)
7; 42; a(27,51) r(35,80) a(34,28)
8; 63, 14; d(27) d(34) a(33,80)
9; 63, 14; r(34,62) d(35) r(1,78)
10; 63; d(27) d(34) r(1,78)
11; 14; r(34,62) d(35) a(33,80)
12; 63, 5; d(27) d(34) r(1,78)
13; 63, 5; r(2,50) r(34,82) a(35,158)
14; 63; d(27) d(34) r(1,78)
15; 5; r(2,50) r(34,82) a(35,158)
16; 59; r(2,50) d(35) r(27,32)
17; 8; d(28) r(35,38) r(34,46)
18; 7, 39; a(27,51) r(34,97)
19; 7, 39; d(28) a(35,46) r(34,52) a(1,54)
20; 7; a(27,51) r(34,97) a(1,54)
21; 39; d(28) a(35,46) r(34,52)
22; 24; a(33,100) a(34,46)
23; 53; d(28) d(35) a(34,48)
24; 6, 39; r(2,50) d(34) r(35,84) r(34,52)
25; 6, 39; d(28) a(35,46)
26; 6; r(2,50) d(34) r(35,84)
27; 39; d(28) a(35,46) r(34,52)
28; 46, 50; a(34,99)
29; 46, 50; d(28) a(35,97) d(28) r(34,62)
30; 46; a(34,99) d(28) r(34,62)
31; 50; d(28) a(35,97)
32; 4, 12; r(31,57) a(25,84) a(35,37) d(34)
33; 4, 12; a(2,108) r(34,31)
34; 4; r(31,57) a(25,84) r(34,31)
35; 12; a(2,108) a(35,37) d(34)
36; 19, 57; r(35,87) r(34,47) a(32,99) d(35)
37; 19, 57; r(2,50) r(34,177)
38; 19; r(35,87) r(34,47) a(32,99)
39; 57; r(2,50) r(34,177) d(35)
40; 29; a(34,38) r(28,60) d(27)
41; 62; r(31,57) a(34,138) a(1,108)
42; 57, 6; r(2,50) r(34,177) d(35) d(34) r(35,84)
43; 57, 6; r(2,50)
44; 57; r(2,50) r(34,177) d(35)
45; 6; r(2,50) d(34) r(35,84)
46; 2, 6; r(31,57) a(25,84) r(34,82) a(35,78) d(34) r(35,84)
47; 2, 6; r(2,50)
48; 2; r(31,57) a(25,84) r(34,82) a(35,78)
49; 6; r(2,50) d(34) r(35,84)
50; 52, 44; d(28) d(35) a(34,52)
51; 52, 44; a(27,51) r(35,80) d(34)
52; 52; d(28) d(35) a(34,52)
53; 44; a(27,51) r(35,80) d(34)
54; 3; r(2,50) r(27,170)
55; 29; a(34,38) r(28,60) d(27)
56; 26, 54; a(33,100) r(32,49)
57; 26, 54; d(28) d(35) a(34,38) r(34,31)
58; 26; a(33,100) r(32,49) r(34,31)
59; 54; d(28) d(35) a(34,38)
60; 50; d(28) a(35,97)
61; 57; r(2,50) r(34,177) d(35)
62; 45; r(2,50) r(34,82) r(35,32)
63; 35; a(27,51) d(34) r(35,77)
--------------------------------------------------------------------------------
Mutation

0; d(28) d(35) a(34,52) d(34)
1; d(27) d(34) r(1,78) a(28,78)
2; d(27) d(34) r(1,78) r(35,176)
3; a(27,51) d(34) r(35,77) a(31,78)
4; d(28) a(35,46) r(34,52) r(1,33)
5; a(27,51) r(35,80) a(34,28) d(34)
6; d(28) a(35,46) r(34,52) r(25,27)
7; a(27,51) r(35,80) a(34,28) a(28,52)
8; d(27) d(34) a(33,80) r(35,164)
9; r(34,62) d(35) r(1,78) d(25)
10; d(27) d(34) r(1,78) r(35,94)
11; r(34,62) d(35) a(33,80) d(1)
12; d(27) d(34) r(1,78) d(25)
13; r(2,50) r(34,82) a(35,158) r(27,99)
14; d(27) d(34) r(1,78) r(35,148)
15; r(2,50) r(34,82) a(35,158) d(35)
16; r(2,50) d(35) r(27,32) a(34,130)
17; d(28) r(35,38) r(34,46) d(33)
18; a(27,51) r(34,97) a(27,37)
19; d(28) a(35,46) r(34,52) a(1,54) r(35,99)
20; a(27,51) r(34,97) a(1,54) a(35,84)
21; d(28) a(35,46) r(34,52) r(27,54)
22; a(33,100) a(34,46) r(34,31)
23; d(28) d(35) a(34,48) a(2,27)
24; r(2,50) d(34) r(35,84) r(34,52) r(28,65)
25; d(28) a(35,46) d(34)
26; r(2,50) d(34) r(35,84) r(27,25)
27; d(28) a(35,46) r(34,52) r(35,36)
28; a(34,99) r(35,34)
29; d(28) a(35,97) d(28) r(34,62) a(35,65)
30; a(34,99) d(28) r(34,62) d(2)
31; d(28) a(35,97) a(35,35)
32; r(31,57) a(25,84) a(35,37) d(34) r(35,50)
33; a(2,108) r(34,31) r(35,87)
34; r(31,57) a(25,84) r(34,31) r(35,77)
35; a(2,108) a(35,37) d(34) r(2,33)
36; r(35,87) r(34,47) a(32,99) d(35) d(32)
37; r(2,50) r(34,177) a(35,80)
38; r(35,87) r(34,47) a(32,99) d(3)
39; r(2,50) r(34,177) d(35) r(27,45)
40; a(34,38) r(28,60) d(27) d(35)
41; r(31,57) a(34,138) a(1,108) d(34)
42; r(2,50) r(34,177) d(35) d(34) r(35,84) r(27,51)
43; r(2,50) d(34)
44; r(2,50) r(34,177) d(35) d(33)
45; r(2,50) d(34) r(35,84) a(25,53)
46; r(31,57) a(25,84) r(34,82) a(35,78) d(34) r(35,84) r(33,65)
47; r(2,50) r(34,164)
48; r(31,57) a(25,84) r(34,82) a(35,78) d(27)
49; r(2,50) d(34) r(35,84) a(31,32)
50; d(28) d(35) a(34,52) d(32)
51; a(27,51) r(35,80) d(34) r(2,57)
52; d(28) d(35) a(34,52) a(1,178)
53; a(27,51) r(35,80) d(34) r(28,49)
54; r(2,50) r(27,170) a(34,27)
55; a(34,38) r(28,60) d(27) a(35,32)
56; a(33,100) r(32,49) d(31)
57; d(28) d(35) a(34,38) r(34,31) r(33,35)
58; a(33,100) r(32,49) r(34,31) d(35)
59; d(28) d(35) a(34,38) a(34,138)
60; d(28) a(35,97) d(35)
61; r(2,50) r(34,177) d(35) a(25,77)
62; r(2,50) r(34,82) r(35,32) a(28,52)
63; a(27,51) d(34) r(35,77) a(1,36)
--------------------------------------------------------------------------------
Evaluation

0; 0.
1; 0.
2; 0.
3; 0.
4; 0.
5; 0.
6; 0.
7; 0.
8; 4.
9; 0.
10; 0.
11; 4.
12; 0.
13; 0.
14; 0.
15; 0.
16; 0.
17; 0.
18; 0.
19; 0.
20; 0.
21; 0.
22; 4.
23; 0.
24; 0.
25; 0.
26; 0.
27; 0.
28; 4.
29; 0.
30; 0.
31; 0.
32; 0.
33; 4.
34; 0.
35; 0.
36; 0.
37; 0.
38; 12.
39; 0.
40; 0.
41; 0.
42; 0.
43; 0.
44; 0.
45; 0.
46; 0.
47; 0.
48; 0.
49; 0.
50; 0.
51; 0.
52; 12.
53; 0.
54; 0.
55; 0.
56; 0.
57; 0.
58; 0.
59; 0.
60; 0.
61; 0.
62; 0.
63; 0.
================================================================================
Generation 4

--------------------------------------------------------------------------------
Selection

0; 23
1; 5
2; 42
3; 30
4; 50
5; 1
6; 63
7; 44
8; 41
9; 58
10; 58
11; 19
12; 59
13; 42
14; 40
15; 47
16; 50
17; 42
18; 41
19; 47
20; 37
21; 1
22; 48
23; 41
24; 5
25; 5
26; 4
27; 34
28; 50
29; 23
30; 54
31; 41
32; 56
33; 17
34; 49
35; 44
36; 43
37; 10
38; 6
39; 17
--------------------------------------------------------------------------------
Crossover

0; 41, 58; r(31,57) r(34,31) d(35)
1; 41, 58; a(33,100) r(32,49) a(34,138) a(1,108) d(34)
2; 41; r(31,57) a(34,138) a(1,108) d(34)
3; 58; a(33,100) r(32,49) r(34,31) d(35)
4; 41, 37; r(31,57) a(34,138) r(34,177) a(35,80)
5; 41, 37; r(2,50) a(1,108) d(34)
6; 41; r(31,57) a(34,138) a(1,108) d(34)
7; 37; r(2,50) r(34,177) a(35,80)
8; 58, 40; a(33,100) r(32,49) r(34,31) d(35) d(35)
9; 58, 40; a(34,38) r(28,60) d(27)
10; 58; a(33,100) r(32,49) r(34,31) d(35)
11; 40; a(34,38) r(28,60) d(27) d(35)
12; 41, 54; r(31,57) a(34,138) a(1,108) a(34,27)
13; 41, 54; r(2,50) r(27,170) d(34)
14; 41; r(31,57) a(34,138) a(1,108) d(34)
15; 54; r(2,50) r(27,170) a(34,27)
16; 47; r(2,50) r(34,164)
17; 1; d(27) d(34) r(1,78) a(28,78)
18; 48, 5; r(31,57) a(25,84) r(34,82) a(34,28) d(34)
19; 48, 5; a(27,51) r(35,80) a(35,78) d(27)
20; 48; r(31,57) a(25,84) r(34,82) a(35,78) d(27)
21; 5; a(27,51) r(35,80) a(34,28) d(34)
22; 47; r(2,50) r(34,164)
23; 4; d(28) a(35,46) r(34,52) r(1,33)
24; 42; r(2,50) r(34,177) d(35) d(34) r(35,84) r(27,51)
25; 17; d(28) r(35,38) r(34,46) d(33)
26; 42; r(2,50) r(34,177) d(35) d(34) r(35,84) r(27,51)
27; 23; d(28) d(35) a(34,48) a(2,27)
28; 23; d(28) d(35) a(34,48) a(2,27)
29; 6; d(28) a(35,46) r(34,52) r(25,27)
30; 41, 5; r(31,57) a(34,138) a(34,28) d(34)
31; 41, 5; a(27,51) r(35,80) a(1,108) d(34)
32; 41; r(31,57) a(34,138) a(1,108) d(34)
33; 5; a(27,51) r(35,80) a(34,28) d(34)
34; 1; d(27) d(34) r(1,78) a(28,78)
35; 56; a(33,100) r(32,49) d(31)
36; 34, 59; r(31,57) a(25,84) r(34,31) a(34,38) a(34,138)
37; 34, 59; d(28) d(35) r(35,77)
38; 34; r(31,57) a(25,84) r(34,31) r(35,77)
39; 59; d(28) d(35) a(34,38) a(34,138)
40; 43; r(2,50) d(34)
41; 44; r(2,50) r(34,177) d(35) d(33)
42; 50; d(28) d(35) a(34,52) d(32)
43; 63; a(27,51) d(34) r(35,77) a(1,36)
44; 49, 17; r(2,50) d(34) r(35,84) a(31,32) d(33)
45; 49, 17; d(28) r(35,38) r(34,46)
46; 49; r(2,50) d(34) r(35,84) a(31,32)
47; 17; d(28) r(35,38) r(34,46) d(33)
48; 19, 50; d(28) a(35,46) r(34,52) a(1,54) d(32)
49; 19, 50; d(28) d(35) a(34,52) r(35,99)
50; 19; d(28) a(35,46) r(34,52) a(1,54) r(35,99)
51; 50; d(28) d(35) a(34,52) d(32)
52; 50, 42; d(28) d(35) a(34,52) d(32) d(34) r(35,84) r(27,51)
53; 50, 42; r(2,50) r(34,177) d(35)
54; 50; d(28) d(35) a(34,52) d(32)
55; 42; r(2,50) r(34,177) d(35) d(34) r(35,84) r(27,51)
56; 10, 44; d(27) r(34,177) d(35) d(33)
57; 10, 44; r(2,50) d(34) r(1,78) r(35,94)
58; 10; d(27) d(34) r(1,78) r(35,94)
59; 44; r(2,50) r(34,177) d(35) d(33)
60; 5; a(27,51) r(35,80) a(34,28) d(34)
61; 30; a(34,99) d(28) r(34,62) d(2)
--------------------------------------------------------------------------------
Mutation

0; r(31,57) r(34,31) d(35) a(3,60)
1; a(33,100) r(32,49) a(34,138) a(1,108) d(34) d(35)
2; r(31,57) a(34,138) a(1,108) d(34) a(28,38)
3; a(33,100) r(32,49) r(34,31) d(35) d(33)
4; r(31,57) a(34,138) r(34,177) a(35,80) a(35,37)
5; r(2,50) a(1,108) d(34) a(27,35)
6; r(31,57) a(34,138) a(1,108) d(34) d(35)
7; r(2,50) r(34,177) a(35,80) d(31)
8; a(33,100) r(32,49) r(34,31) d(35) d(35) r(28,52)
9; a(34,38) r(28,60) d(27) d(35)
10; a(33,100) r(32,49) r(34,31) d(35) a(28,95)
11; a(34,38) r(28,60) d(27) d(35) d(34)
12; r(31,57) a(34,138) a(1,108) a(34,27) d(35)
13; r(2,50) r(27,170) d(34) d(35)
14; r(31,57) a(34,138) a(1,108) d(34) d(35)
15; r(2,50) r(27,170) a(34,27) r(35,100)
16; r(2,50) r(34,164) r(35,38)
17; d(27) d(34) r(1,78) a(28,78) r(35,83)
18; r(31,57) a(25,84) r(34,82) a(34,28) d(34) a(27,112)
19; a(27,51) r(35,80) a(35,78) d(27) a(34,53)
20; r(31,57) a(25,84) r(34,82) a(35,78) d(27) d(3)
21; a(27,51) r(35,80) a(34,28) d(34) a(28,36)
22; r(2,50) r(34,164) d(35)
23; d(28) a(35,46) r(34,52) r(1,33) a(35,87)
24; r(2,50) r(34,177) d(35) d(34) r(35,84) r(27,51) a(1,105)
25; d(28) r(35,38) r(34,46) d(33) r(3,46)
26; r(2,50) r(34,177) d(35) d(34) r(35,84) r(27,51) r(32,49)
27; d(28) d(35) a(34,48) a(2,27) d(34)
28; d(28) d(35) a(34,48) a(2,27) d(27)
29; d(28) a(35,46) r(34,52) r(25,27) a(3,76)
30; r(31,57) a(34,138) a(34,28) d(34) r(35,84)
31; a(27,51) r(35,80) a(1,108) d(34) d(28)
32; r(31,57) a(34,138) a(1,108) d(34) d(35)
33; a(27,51) r(35,80) a(34,28) d(34) a(31,50)
34; d(27) d(34) r(1,78) a(28,78) d(31)
35; a(33,100) r(32,49) d(31) a(35,70)
36; r(31,57) a(25,84) r(34,31) a(34,38) a(34,138) r(33,78)
37; d(28) d(35) r(35,77) d(34)
38; r(31,57) a(25,84) r(34,31) r(35,77) a(32,158)
39; d(28) d(35) a(34,38) a(34,138) a(34,84)
40; r(2,50) d(34) d(32)
41; r(2,50) r(34,177) d(35) d(33) d(28)
42; d(28) d(35) a(34,52) d(32) r(33,134)
43; a(27,51) d(34) r(35,77) a(1,36) r(28,95)
44; r(2,50) d(34) r(35,84) a(31,32) d(33) r(1,35)
45; d(28) r(35,38) r(34,46) a(1,108)
46; r(2,50) d(34) r(35,84) a(31,32) a(31,80)
47; d(28) r(35,38) r(34,46) d(33) a(3,56)
48; d(28) a(35,46) r(34,52) a(1,54) d(32) d(35)
49; d(28) d(35) a(34,52) r(35,99) d(34)
50; d(28) a(35,46) r(34,52) a(1,54) r(35,99) r(2,28)
51; d(28) d(35) a(34,52) d(32) a(34,38)
52; d(28) d(35) a(34,52) d(32) d(34) r(35,84) r(27,51) a(2,69)
53; r(2,50) r(34,177) d(35) a(31,95)
54; d(28) d(35) a(34,52) d(32) a(25,51)
55; r(2,50) r(34,177) d(35) d(34) r(35,84) r(27,51) d(25)
56; d(27) r(34,177) d(35) d(33) r(3,53)
57; r(2,50) d(34) r(1,78) r(35,94) d(32)
58; d(27) d(34) r(1,78) r(35,94) a(32,33)
59; r(2,50) r(34,177) d(35) d(33) d(31)
60; a(27,51) r(35,80) a(34,28) d(34) r(33,64)
61; a(34,99) d(28) r(34,62) d(2) d(35)
--------------------------------------------------------------------------------
Evaluation

0; 0.
1; 0.
2; 0.
3; 0.
4; 0.
5; 0.
6; 0.
7; 0.
8; 0.
9; 0.
10; 0.
11; 0.
12; 0.
13; 0.
14; 0.
15; 0.
16; 0.
17; 0.
18; 0.
19; 0.
20; 12.
21; 0.
22; 0.
23; 0.
24; 0.
25; 12.
26; 0.
27; 0.
28; 0.
29; 0.
30; 0.
31; 0.
32; 0.
33; 0.
34; 0.
35; 0.
36; 0.
37; 0.
38; 0.
39; 0.
40; 0.
41; 0.
42; 12.
43; 0.
44; 0.
45; 0.
46; 0.
47; 0.
48; 0.
49; 0.
50; 0.
51; 0.
52; 0.
53; 0.
54; 0.
55; 0.
56; 0.
57; 0.
58; 0.
59; 0.
60; 0.
61; 0.
================================================================================
Generation 5

--------------------------------------------------------------------------------
Selection

0; 4
1; 43
2; 8
3; 36
4; 50
5; 13
6; 41
7; 33
8; 6
9; 13
10; 9
11; 18
12; 14
13; 33
14; 47
15; 55
16; 37
17; 49
18; 5
19; 1
20; 32
21; 58
22; 12
23; 24
24; 7
25; 27
26; 5
27; 43
28; 21
29; 41
30; 57
31; 31
32; 23
33; 10
34; 54
35; 26
36; 30
37; 45
38; 33
39; 16
--------------------------------------------------------------------------------
Crossover

0; 50; d(28) a(35,46) r(34,52) a(1,54) r(35,99) r(2,28)
1; 12; r(31,57) a(34,138) a(1,108) a(34,27) d(35)
2; 55, 1; r(2,50) r(34,177) a(1,108) d(34) d(35)
3; 55, 1; a(33,100) r(32,49) a(34,138) d(35) d(34) r(35,84) r(27,51) d(25)
4; 55; r(2,50) r(34,177) d(35) d(34) r(35,84) r(27,51) d(25)
5; 1; a(33,100) r(32,49) a(34,138) a(1,108) d(34) d(35)
6; 8; a(33,100) r(32,49) r(34,31) d(35) d(35) r(28,52)
7; 27; d(28) d(35) a(34,48) a(2,27) d(34)
8; 4; r(31,57) a(34,138) r(34,177) a(35,80) a(35,37)
9; 37; d(28) d(35) r(35,77) d(34)
10; 45, 33; d(28) r(35,38) r(35,80) a(34,28) d(34) a(31,50)
11; 45, 33; a(27,51) r(34,46) a(1,108)
12; 45; d(28) r(35,38) r(34,46) a(1,108)
13; 33; a(27,51) r(35,80) a(34,28) d(34) a(31,50)
14; 23, 31; d(28) a(35,46) d(28)
15; 23, 31; a(27,51) r(35,80) a(1,108) d(34) r(34,52) r(1,33) a(35,87)
16; 23; d(28) a(35,46) r(34,52) r(1,33) a(35,87)
17; 31; a(27,51) r(35,80) a(1,108) d(34) d(28)
18; 9; a(34,38) r(28,60) d(27) d(35)
19; 18; r(31,57) a(25,84) r(34,82) a(34,28) d(34) a(27,112)
20; 13, 5; r(2,50) r(27,170) a(1,108) d(34) a(27,35)
21; 13, 5; r(2,50) d(34) d(35)
22; 13; r(2,50) r(27,170) d(34) d(35)
23; 5; r(2,50) a(1,108) d(34) a(27,35)
24; 54; d(28) d(35) a(34,52) d(32) a(25,51)
25; 21; a(27,51) r(35,80) a(34,28) d(34) a(28,36)
26; 47, 33; d(28) r(35,38) r(34,46) d(33) d(34) a(31,50)
27; 47, 33; a(27,51) r(35,80) a(34,28) a(3,56)
28; 47; d(28) r(35,38) r(34,46) d(33) a(3,56)
29; 33; a(27,51) r(35,80) a(34,28) d(34) a(31,50)
30; 41; r(2,50) r(34,177) d(35) d(33) d(28)
31; 26; r(2,50) r(34,177) d(35) d(34) r(35,84) r(27,51) r(32,49)
32; 32; r(31,57) a(34,138) a(1,108) d(34) d(35)
33; 5; r(2,50) a(1,108) d(34) a(27,35)
34; 57, 43; r(2,50) d(34) r(28,95)
35; 57, 43; a(27,51) d(34) r(35,77) a(1,36) r(1,78) r(35,94) d(32)
36; 57; r(2,50) d(34) r(1,78) r(35,94) d(32)
37; 43; a(27,51) d(34) r(35,77) a(1,36) r(28,95)
38; 13; r(2,50) r(27,170) d(34) d(35)
39; 6; r(31,57) a(34,138) a(1,108) d(34) d(35)
40; 33; a(27,51) r(35,80) a(34,28) d(34) a(31,50)
41; 16; r(2,50) r(34,164) r(35,38)
42; 10; a(33,100) r(32,49) r(34,31) d(35) a(28,95)
43; 24; r(2,50) r(34,177) d(35) d(34) r(35,84) r(27,51) a(1,105)
44; 7, 14; r(2,50) r(34,177) a(1,108) d(34) d(35)
45; 7, 14; r(31,57) a(34,138) a(35,80) d(31)
46; 7; r(2,50) r(34,177) a(35,80) d(31)
47; 14; r(31,57) a(34,138) a(1,108) d(34) d(35)
48; 41, 43; r(2,50) r(34,177) d(35) r(28,95)
49; 41, 43; a(27,51) d(34) r(35,77) a(1,36) d(33) d(28)
50; 41; r(2,50) r(34,177) d(35) d(33) d(28)
51; 43; a(27,51) d(34) r(35,77) a(1,36) r(28,95)
52; 30; r(31,57) a(34,138) a(34,28) d(34) r(35,84)
53; 49; d(28) d(35) a(34,52) r(35,99) d(34)
54; 58; d(27) d(34) r(1,78) r(35,94) a(32,33)
55; 36; r(31,57) a(25,84) r(34,31) a(34,38) a(34,138) r(33,78)
--------------------------------------------------------------------------------
Mutation

0; d(28) a(35,46) r(34,52) a(1,54) r(35,99) r(2,28) a(25,76)
1; r(31,57) a(34,138) a(1,108) a(34,27) d(35) d(34)
2; r(2,50) r(34,177) a(1,108) d(34) d(35) r(1,51)
3; a(33,100) r(32,49) a(34,138) d(35) d(34) r(35,84) r(27,51) d(25) d(31)
4; r(2,50) r(34,177) d(35) d(34) r(35,84) r(27,51) d(25) a(33,28)
5; a(33,100) r(32,49) a(34,138) a(1,108) d(34) d(35) a(27,148)
6; a(33,100) r(32,49) r(34,31) d(35) d(35) r(28,52) r(27,164)
7; d(28) d(35) a(34,48) a(2,27) d(34) d(1)
8; r(31,57) a(34,138) r(34,177) a(35,80) a(35,37) r(35,134)
9; d(28) d(35) r(35,77) d(34) r(32,25)
10; d(28) r(35,38) r(35,80) a(34,28) d(34) a(31,50) d(25)
11; a(27,51) r(34,46) a(1,108) r(2,35)
12; d(28) r(35,38) r(34,46) a(1,108) d(33)
13; a(27,51) r(35,80) a(34,28) d(34) a(31,50) a(3,76)
14; d(28) a(35,46) d(28) a(34,135)
15; a(27,51) r(35,80) a(1,108) d(34) r(34,52) r(1,33) a(35,87) r(33,97)
16; d(28) a(35,46) r(34,52) r(1,33) a(35,87) a(35,80)
17; a(27,51) r(35,80) a(1,108) d(34) d(28) d(25)
18; a(34,38) r(28,60) d(27) d(35) a(34,44)
19; r(31,57) a(25,84) r(34,82) a(34,28) d(34) a(27,112) r(35,95)
20; r(2,50) r(27,170) a(1,108) d(34) a(27,35) r(35,158)
21; r(2,50) d(34) d(35) r(1,100)
22; r(2,50) r(27,170) d(34) d(35) d(32)
23; r(2,50) a(1,108) d(34) a(27,35) a(35,84)
24; d(28) d(35) a(34,52) d(32) a(25,51) d(34)
25; a(27,51) r(35,80) a(34,28) d(34) a(28,36) r(32,50)
26; d(28) r(35,38) r(34,46) d(33) d(34) a(31,50) a(2,31)
27; a(27,51) r(35,80) a(34,28) a(3,56) a(1,158)
28; d(28) r(35,38) r(34,46) d(33) a(3,56) a(2,47)
29; a(27,51) r(35,80) a(34,28) d(34) a(31,50) r(25,76)
30; r(2,50) r(34,177) d(35) d(33) d(28) r(25,105)
31; r(2,50) r(34,177) d(35) d(34) r(35,84) r(27,51) r(32,49) d(1)
32; r(31,57) a(34,138) a(1,108) d(34) d(35) r(27,94)
33; r(2,50) a(1,108) d(34) a(27,35) d(35)
34; r(2,50) d(34) r(28,95) a(35,83)
35; a(27,51) d(34) r(35,77) a(1,36) r(1,78) r(35,94) d(32) a(25,135)
36; r(2,50) d(34) r(1,78) r(35,94) d(32) d(27)
37; a(27,51) d(34) r(35,77) a(1,36) r(28,95) r(3,112)
38; r(2,50) r(27,170) d(34) d(35) a(31,69)
39; r(31,57) a(34,138) a(1,108) d(34) d(35) r(27,54)
40; a(27,51) r(35,80) a(34,28) d(34) a(31,50) a(33,99)
41; r(2,50) r(34,164) r(35,38) a(27,69)
42; a(33,100) r(32,49) r(34,31) d(35) a(28,95) r(25,94)
43; r(2,50) r(34,177) d(35) d(34) r(35,84) r(27,51) a(1,105) r(28,76)
44; r(2,50) r(34,177) a(1,108) d(34) d(35) d(27)
45; r(31,57) a(34,138) a(35,80) d(31) a(35,135)
46; r(2,50) r(34,177) a(35,80) d(31) r(35,82)
47; r(31,57) a(34,138) a(1,108) d(34) d(35) a(3,97)
48; r(2,50) r(34,177) d(35) r(28,95) d(25)
49; a(27,51) d(34) r(35,77) a(1,36) d(33) d(28) a(32,87)
50; r(2,50) r(34,177) d(35) d(33) d(28) a(32,27)
51; a(27,51) d(34) r(35,77) a(1,36) r(28,95) a(33,83)
52; r(31,57) a(34,138) a(34,28) d(34) r(35,84) a(1,134)
53; d(28) d(35) a(34,52) r(35,99) d(34) a(2,69)
54; d(27) d(34) r(1,78) r(35,94) a(32,33) a(28,100)
55; r(31,57) a(25,84) r(34,31) a(34,38) a(34,138) r(33,78) r(28,178)
--------------------------------------------------------------------------------
Evaluation

0; 0.
1; 0.
2; 0.
3; 0.
4; 0.
5; 0.
6; 0.
7; 0.
8; 12.
9; 0.
10; 0.
11; 0.
12; 0.
13; 0.
14; 0.
15; 0.
16; 0.
17; 0.
18; 0.
19; 0.
20; 0.
21; 4.
22; 0.
23; 0.
24; 0.
25; 0.
26; 0.
27; 0.
28; 0.
29; 0.
30; 0.
31; 0.
32; 0.
33; 0.
34; 0.
35; 0.
36; 0.
37; 12.
38; 0.
39; 0.
40; 0.
41; 0.
42; 0.
43; 0.
44; 0.
45; 0.
46; 0.
47; 0.
48; 0.
49; 0.
50; 0.
51; 0.
52; 12.
53; 0.
54; 0.
55; 12.
================================================================================
Generation 6

--------------------------------------------------------------------------------
Selection

0; 11
1; 22
2; 25
3; 21
4; 42
5; 1
6; 7
7; 27
8; 15
9; 42
10; 32
11; 38
12; 23
13; 10
14; 6
15; 43
16; 3
17; 43
18; 41
19; 13
20; 12
21; 32
22; 4
23; 12
24; 39
25; 32
26; 32
27; 5
28; 54
29; 11
30; 2
31; 38
32; 5
33; 29
34; 39
35; 5
36; 24
37; 42
38; 13
39; 51
--------------------------------------------------------------------------------
Crossover

0; 13, 11; a(27,51)
1; 13, 11; a(27,51) r(34,46) a(1,108) r(2,35) r(35,80) a(34,28) d(34) a(31,50) a(3,76)
2; 13; a(27,51) r(35,80) a(34,28) d(34) a(31,50) a(3,76)
3; 11; a(27,51) r(34,46) a(1,108) r(2,35)
4; 23, 5; r(2,50) a(1,108) d(34)
5; 23, 5; a(33,100) r(32,49) a(34,138) a(1,108) d(34) d(35) a(27,148) a(27,35) a(35,84)
6; 23; r(2,50) a(1,108) d(34) a(27,35) a(35,84)
7; 5; a(33,100) r(32,49) a(34,138) a(1,108) d(34) d(35) a(27,148)
8; 10, 13; d(28) r(35,38) r(35,80) a(34,28) d(34) a(31,50) d(25) a(34,28) d(34) a(31,50) a(3,76)
9; 10, 13; a(27,51) r(35,80)
10; 10; d(28) r(35,38) r(35,80) a(34,28) d(34) a(31,50) d(25)
11; 13; a(27,51) r(35,80) a(34,28) d(34) a(31,50) a(3,76)
12; 42, 42; a(33,100) r(32,49) r(34,31) d(35) a(28,95) r(25,94) d(35) a(28,95) r(25,94)
13; 42, 42; a(33,100) r(32,49) r(34,31)
14; 42; a(33,100) r(32,49) r(34,31) d(35) a(28,95) r(25,94)
15; 42; a(33,100) r(32,49) r(34,31) d(35) a(28,95) r(25,94)
16; 39, 29; r(31,57) r(35,80) a(34,28) d(34) a(31,50) r(25,76)
17; 39, 29; a(27,51) a(34,138) a(1,108) d(34) d(35) r(27,54)
18; 39; r(31,57) a(34,138) a(1,108) d(34) d(35) r(27,54)
19; 29; a(27,51) r(35,80) a(34,28) d(34) a(31,50) r(25,76)
20; 27; a(27,51) r(35,80) a(34,28) a(3,56) a(1,158)
21; 25; a(27,51) r(35,80) a(34,28) d(34) a(28,36) r(32,50)
22; 7, 21; d(28) d(35) a(34,48) a(2,27) r(1,100)
23; 7, 21; r(2,50) d(34) d(35) d(34) d(1)
24; 7; d(28) d(35) a(34,48) a(2,27) d(34) d(1)
25; 21; r(2,50) d(34) d(35) r(1,100)
26; 22; r(2,50) r(27,170) d(34) d(35) d(32)
27; 54; d(27) d(34) r(1,78) r(35,94) a(32,33) a(28,100)
28; 11; a(27,51) r(34,46) a(1,108) r(2,35)
29; 1; r(31,57) a(34,138) a(1,108) a(34,27) d(35) d(34)
30; 5, 12; a(33,100) r(32,49) a(34,138) a(1,108) r(35,38) r(34,46) a(1,108) d(33)
31; 5, 12; d(28) d(34) d(35) a(27,148)
32; 5; a(33,100) r(32,49) a(34,138) a(1,108) d(34) d(35) a(27,148)
33; 12; d(28) r(35,38) r(34,46) a(1,108) d(33)
34; 32; r(31,57) a(34,138) a(1,108) d(34) d(35) r(27,94)
35; 3; a(33,100) r(32,49) a(34,138) d(35) d(34) r(35,84) r(27,51) d(25) d(31)
36; 38, 42; r(2,50) r(27,170) d(34) d(35) d(35) a(28,95) r(25,94)
37; 38, 42; a(33,100) r(32,49) r(34,31) a(31,69)
38; 38; r(2,50) r(27,170) d(34) d(35) a(31,69)
39; 42; a(33,100) r(32,49) r(34,31) d(35) a(28,95) r(25,94)
40; 39, 5; r(31,57) a(34,138) a(1,108) d(34) d(35) a(27,148)
41; 39, 5; a(33,100) r(32,49) a(34,138) a(1,108) d(34) d(35) r(27,54)
42; 39; r(31,57) a(34,138) a(1,108) d(34) d(35) r(27,54)
43; 5; a(33,100) r(32,49) a(34,138) a(1,108) d(34) d(35) a(27,148)
44; 15; a(27,51) r(35,80) a(1,108) d(34) r(34,52) r(1,33) a(35,87) r(33,97)
45; 32; r(31,57) a(34,138) a(1,108) d(34) d(35) r(27,94)
46; 38, 32; r(2,50) r(27,170) d(34) d(35) a(31,69) a(34,138) a(1,108) d(34) d(35) r(27,94)
47; 38, 32; r(31,57)
48; 38; r(2,50) r(27,170) d(34) d(35) a(31,69)
49; 32; r(31,57) a(34,138) a(1,108) d(34) d(35) r(27,94)
50; 32; r(31,57) a(34,138) a(1,108) d(34) d(35) r(27,94)
51; 12; d(28) r(35,38) r(34,46) a(1,108) d(33)
52; 51, 2; a(27,51) r(1,51)
53; 51, 2; r(2,50) r(34,177) a(1,108) d(34) d(35) d(34) r(35,77) a(1,36) r(28,95) a(33,83)
54; 51; a(27,51) d(34) r(35,77) a(1,36) r(28,95) a(33,83)
55; 2; r(2,50) r(34,177) a(1,108) d(34) d(35) r(1,51)
56; 4, 43; r(2,50) r(34,177) d(35) a(1,105) r(28,76)
57; 4, 43; r(2,50) r(34,177) d(35) d(34) r(35,84) r(27,51) d(34) r(35,84) r(27,51) d(25) a(33,28)
58; 4; r(2,50) r(34,177) d(35) d(34) r(35,84) r(27,51) d(25) a(33,28)
59; 43; r(2,50) r(34,177) d(35) d(34) r(35,84) r(27,51) a(1,105) r(28,76)
60; 24, 41; d(28) d(35) a(34,52) d(32) r(35,38) a(27,69)
61; 24, 41; r(2,50) r(34,164) a(25,51) d(34)
62; 24; d(28) d(35) a(34,52) d(32) a(25,51) d(34)
63; 41; r(2,50) r(34,164) r(35,38) a(27,69)
64; 43, 6; r(2,50) r(34,177) d(35) d(34) d(35) d(35) r(28,52) r(27,164)
65; 43, 6; a(33,100) r(32,49) r(34,31) r(35,84) r(27,51) a(1,105) r(28,76)
66; 43; r(2,50) r(34,177) d(35) d(34) r(35,84) r(27,51) a(1,105) r(28,76)
67; 6; a(33,100) r(32,49) r(34,31) d(35) d(35) r(28,52) r(27,164)
--------------------------------------------------------------------------------
Mutation

0; a(27,51) d(27)
1; a(27,51) r(34,46) a(1,108) r(2,35) r(35,80) a(34,28) d(34) a(31,50) a(3,76) d(28)
2; a(27,51) r(35,80) a(34,28) d(34) a(31,50) a(3,76) a(25,52)
3; a(27,51) r(34,46) a(1,108) r(2,35) d(25)
4; r(2,50) a(1,108) d(34) d(32)
5; a(33,100) r(32,49) a(34,138) a(1,108) d(34) d(35) a(27,148) a(27,35) a(35,84) d(3)
6; r(2,50) a(1,108) d(34) a(27,35) a(35,84) d(35)
7; a(33,100) r(32,49) a(34,138) a(1,108) d(34) d(35) a(27,148) a(3,130)
8; d(28) r(35,38) r(35,80) a(34,28) d(34) a(31,50) d(25) a(34,28) d(34) a(31,50) a(3,76) d(2)
9; a(27,51) r(35,80) a(34,44)
10; d(28) r(35,38) r(35,80) a(34,28) d(34) a(31,50) d(25) d(3)
11; a(27,51) r(35,80) a(34,28) d(34) a(31,50) a(3,76) r(32,46)
12; a(33,100) r(32,49) r(34,31) d(35) a(28,95) r(25,94) d(35) a(28,95) r(25,94) a(3,44)
13; a(33,100) r(32,49) r(34,31) a(33,52)
14; a(33,100) r(32,49) r(34,31) d(35) a(28,95) r(25,94) r(3,87)
15; a(33,100) r(32,49) r(34,31) d(35) a(28,95) r(25,94) r(31,50)
16; r(31,57) r(35,80) a(34,28) d(34) a(31,50) r(25,76) d(28)
17; a(27,51) a(34,138) a(1,108) d(34) d(35) r(27,54) d(32)
18; r(31,57) a(34,138) a(1,108) d(34) d(35) r(27,54) a(32,48)
19; a(27,51) r(35,80) a(34,28) d(34) a(31,50) r(25,76) d(2)
20; a(27,51) r(35,80) a(34,28) a(3,56) a(1,158) d(34)
21; a(27,51) r(35,80) a(34,28) d(34) a(28,36) r(32,50) a(1,78)
22; d(28) d(35) a(34,48) a(2,27) r(1,100) a(34,25)
23; r(2,50) d(34) d(35) d(34) d(1) r(25,99)
24; d(28) d(35) a(34,48) a(2,27) d(34) d(1) d(33)
25; r(2,50) d(34) d(35) r(1,100) d(32)
26; r(2,50) r(27,170) d(34) d(35) d(32) d(28)
27; d(27) d(34) r(1,78) r(35,94) a(32,33) a(28,100) d(25)
28; a(27,51) r(34,46) a(1,108) r(2,35) d(31)
29; r(31,57) a(34,138) a(1,108) a(34,27) d(35) d(34) d(33)
30; a(33,100) r(32,49) a(34,138) a(1,108) r(35,38) r(34,46) a(1,108) d(33) r(1,57)
31; d(28) d(34) d(35) a(27,148) d(25)
32; a(33,100) r(32,49) a(34,138) a(1,108) d(34) d(35) a(27,148) a(28,37)
33; d(28) r(35,38) r(34,46) a(1,108) d(33) d(3)
34; r(31,57) a(34,138) a(1,108) d(34) d(35) r(27,94) a(1,112)
35; a(33,100) r(32,49) a(34,138) d(35) d(34) r(35,84) r(27,51) d(25) d(31) r(3,95)
36; r(2,50) r(27,170) d(34) d(35) d(35) a(28,95) r(25,94) a(31,36)
37; a(33,100) r(32,49) r(34,31) a(31,69) d(35)
38; r(2,50) r(27,170) d(34) d(35) a(31,69) a(33,44)
39; a(33,100) r(32,49) r(34,31) d(35) a(28,95) r(25,94) a(28,108)
40; r(31,57) a(34,138) a(1,108) d(34) d(35) a(27,148) d(33)
41; a(33,100) r(32,49) a(34,138) a(1,108) d(34) d(35) r(27,54) d(31)
42; r(31,57) a(34,138) a(1,108) d(34) d(35) r(27,54) d(33)
43; a(33,100) r(32,49) a(34,138) a(1,108) d(34) d(35) a(27,148) r(33,177)
44; a(27,51) r(35,80) a(1,108) d(34) r(34,52) r(1,33) a(35,87) r(33,97) r(27,170)
45; r(31,57) a(34,138) a(1,108) d(34) d(35) r(27,94) r(32,87)
46; r(2,50) r(27,170) d(34) d(35) a(31,69) a(34,138) a(1,108) d(34) d(35) r(27,94) a(25,138)
47; r(31,57) r(34,60)
48; r(2,50) r(27,170) d(34) d(35) a(31,69) d(33)
49; r(31,57) a(34,138) a(1,108) d(34) d(35) r(27,94) r(3,28)
50; r(31,57) a(34,138) a(1,108) d(34) d(35) r(27,94) a(32,86)
51; d(28) r(35,38) r(34,46) a(1,108) d(33) a(3,47)
52; a(27,51) r(1,51) d(35)
53; r(2,50) r(34,177) a(1,108) d(34) d(35) d(34) r(35,77) a(1,36) r(28,95) a(33,83) r(25,31)
54; a(27,51) d(34) r(35,77) a(1,36) r(28,95) a(33,83) d(33)
55; r(2,50) r(34,177) a(1,108) d(34) d(35) r(1,51) d(33)
56; r(2,50) r(34,177) d(35) a(1,105) r(28,76) r(27,94)
57; r(2,50) r(34,177) d(35) d(34) r(35,84) r(27,51) d(34) r(35,84) r(27,51) d(25) a(33,28) d(33)
58; r(2,50) r(34,177) d(35) d(34) r(35,84) r(27,51) d(25) a(33,28) a(28,35)
59; r(2,50) r(34,177) d(35) d(34) r(35,84) r(27,51) a(1,105) r(28,76) a(33,86)
60; d(28) d(35) a(34,52) d(32) r(35,38) a(27,69) r(34,53)
61; r(2,50) r(34,164) a(25,51) d(34) d(35)
62; d(28) d(35) a(34,52) d(32) a(25,51) d(34) a(2,94)
63; r(2,50) r(34,164) r(35,38) a(27,69) a(28,52)
64; r(2,50) r(34,177) d(35) d(34) d(35) d(35) r(28,52) r(27,164) a(25,45)
65; a(33,100) r(32,49) r(34,31) r(35,84) r(27,51) a(1,105) r(28,76) r(33,100)
66; r(2,50) r(34,177) d(35) d(34) r(35,84) r(27,51) a(1,105) r(28,76) d(33)
67; a(33,100) r(32,49) r(34,31) d(35) d(35) r(28,52) r(27,164) a(25,65)
--------------------------------------------------------------------------------
Evaluation

0; 0.
1; 0.
2; 0.
3; 0.
4; 0.
5; 12.
6; 0.
7; 0.
8; 0.
9; 0.
10; 0.
11; 0.
12; 0.
13; 0.
14; 0.
15; 0.
16; 0.
17; 0.
18; 0.
19; 0.
20; 0.
21; 0.
22; 0.
23; 4.
24; 0.
25; 0.
26; 0.
27; 0.
28; 0.
29; 0.
30; 0.
31; 0.
32; 0.
33; 12.
34; 0.
35; 0.
36; 0.
37; 0.
38; 0.
39; 0.
40; 0.
41; 0.
42; 0.
43; 0.
44; 0.
45; 0.
46; 0.
47; 0.
48; 0.
49; 12.
50; 0.
51; 0.
52; 0.
53; 0.
54; 0.
55; 0.
56; 0.
57; 0.
58; 0.
59; 0.
60; 0.
61; 0.
62; 0.
63; 0.
64; 0.
65; 12.
66; 0.
67; 0.
================================================================================
Generation 7

--------------------------------------------------------------------------------
Selection

0; 47
1; 16
2; 43
3; 37
4; 50
5; 20
6; 12
7; 32
8; 63
9; 50
10; 10
11; 63
12; 66
13; 11
14; 7
15; 14
16; 40
17; 39
18; 12
19; 9
20; 0
21; 16
22; 14
23; 42
24; 21
25; 28
26; 42
27; 17
28; 60
29; 20
30; 19
31; 55
32; 40
33; 15
34; 55
35; 2
36; 26
37; 25
38; 67
39; 4
--------------------------------------------------------------------------------
Crossover

0; 12, 66; a(33,100) r(32,49) r(34,31) d(35) a(1,105) r(28,76) d(33)
1; 12, 66; r(2,50) r(34,177) d(35) d(34) r(35,84) r(27,51) a(28,95) r(25,94) d(35) a(28,95) r(25,94) a(3,44)
2; 12; a(33,100) r(32,49) r(34,31) d(35) a(28,95) r(25,94) d(35) a(28,95) r(25,94) a(3,44)
3; 66; r(2,50) r(34,177) d(35) d(34) r(35,84) r(27,51) a(1,105) r(28,76) d(33)
4; 15; a(33,100) r(32,49) r(34,31) d(35) a(28,95) r(25,94) r(31,50)
5; 40; r(31,57) a(34,138) a(1,108) d(34) d(35) a(27,148) d(33)
6; 14, 20; a(33,100) r(32,49) r(34,31) d(35) a(28,95)
7; 14, 20; a(27,51) r(35,80) a(34,28) a(3,56) a(1,158) d(34) r(25,94) r(3,87)
8; 14; a(33,100) r(32,49) r(34,31) d(35) a(28,95) r(25,94) r(3,87)
9; 20; a(27,51) r(35,80) a(34,28) a(3,56) a(1,158) d(34)
10; 0, 17; a(27,51) d(32)
11; 0, 17; a(27,51) a(34,138) a(1,108) d(34) d(35) r(27,54) d(27)
12; 0; a(27,51) d(27)
13; 17; a(27,51) a(34,138) a(1,108) d(34) d(35) r(27,54) d(32)
14; 37, 55; a(33,100) r(32,49) r(34,31) a(31,69) d(35) d(35) r(1,51) d(33)
15; 37, 55; r(2,50) r(34,177) a(1,108) d(34)
16; 37; a(33,100) r(32,49) r(34,31) a(31,69) d(35)
17; 55; r(2,50) r(34,177) a(1,108) d(34) d(35) r(1,51) d(33)
18; 42, 2; r(31,57) a(34,138) a(1,108) d(34) a(31,50) a(3,76) a(25,52)
19; 42, 2; a(27,51) r(35,80) a(34,28) d(34) d(35) r(27,54) d(33)
20; 42; r(31,57) a(34,138) a(1,108) d(34) d(35) r(27,54) d(33)
21; 2; a(27,51) r(35,80) a(34,28) d(34) a(31,50) a(3,76) a(25,52)
22; 19, 20; a(27,51) r(35,80) a(34,28) r(35,80) a(34,28) a(3,56) a(1,158) d(34)
23; 19, 20; a(27,51) d(34) a(31,50) r(25,76) d(2)
24; 19; a(27,51) r(35,80) a(34,28) d(34) a(31,50) r(25,76) d(2)
25; 20; a(27,51) r(35,80) a(34,28) a(3,56) a(1,158) d(34)
26; 9, 50; a(27,51) r(35,80) a(34,44)
27; 9, 50; r(31,57) a(34,138) a(1,108) d(34) d(35) r(27,94) a(32,86)
28; 9; a(27,51) r(35,80) a(34,44)
29; 50; r(31,57) a(34,138) a(1,108) d(34) d(35) r(27,94) a(32,86)
30; 55; r(2,50) r(34,177) a(1,108) d(34) d(35) r(1,51) d(33)
31; 43; a(33,100) r(32,49) a(34,138) a(1,108) d(34) d(35) a(27,148) r(33,177)
32; 63, 40; r(2,50) r(34,164) r(35,38) a(27,69) a(28,52)
33; 63, 40; r(31,57) a(34,138) a(1,108) d(34) d(35) a(27,148) d(33)
34; 63; r(2,50) r(34,164) r(35,38) a(27,69) a(28,52)
35; 40; r(31,57) a(34,138) a(1,108) d(34) d(35) a(27,148) d(33)
36; 21; a(27,51) r(35,80) a(34,28) d(34) a(28,36) r(32,50) a(1,78)
37; 16; r(31,57) r(35,80) a(34,28) d(34) a(31,50) r(25,76) d(28)
38; 50; r(31,57) a(34,138) a(1,108) d(34) d(35) r(27,94) a(32,86)
39; 39; a(33,100) r(32,49) r(34,31) d(35) a(28,95) r(25,94) a(28,108)
40; 12; a(33,100) r(32,49) r(34,31) d(35) a(28,95) r(25,94) d(35) a(28,95) r(25,94) a(3,44)
41; 26; r(2,50) r(27,170) d(34) d(35) d(32) d(28)
42; 60; d(28) d(35) a(34,52) d(32) r(35,38) a(27,69) r(34,53)
43; 4; r(2,50) a(1,108) d(34) d(32)
44; 47; r(31,57) r(34,60)
45; 11; a(27,51) r(35,80) a(34,28) d(34) a(31,50) a(3,76) r(32,46)
46; 67, 42; a(33,100) r(32,49) r(27,54) d(33)
47; 67, 42; r(31,57) a(34,138) a(1,108) d(34) d(35) r(34,31) d(35) d(35) r(28,52) r(27,164) a(25,65)
48; 67; a(33,100) r(32,49) r(34,31) d(35) d(35) r(28,52) r(27,164) a(25,65)
49; 42; r(31,57) a(34,138) a(1,108) d(34) d(35) r(27,54) d(33)
50; 28, 7; a(27,51) r(34,46) a(1,108) r(2,35) a(3,130)
51; 28, 7; a(33,100) r(32,49) a(34,138) a(1,108) d(34) d(35) a(27,148) d(31)
52; 28; a(27,51) r(34,46) a(1,108) r(2,35) d(31)
53; 7; a(33,100) r(32,49) a(34,138) a(1,108) d(34) d(35) a(27,148) a(3,130)
54; 16; r(31,57) r(35,80) a(34,28) d(34) a(31,50) r(25,76) d(28)
55; 25; r(2,50) d(34) d(35) r(1,100) d(32)
56; 63; r(2,50) r(34,164) r(35,38) a(27,69) a(28,52)
57; 32; a(33,100) r(32,49) a(34,138) a(1,108) d(34) d(35) a(27,148) a(28,37)
58; 10; d(28) r(35,38) r(35,80) a(34,28) d(34) a(31,50) d(25) d(3)
59; 14; a(33,100) r(32,49) r(34,31) d(35) a(28,95) r(25,94) r(3,87)
--------------------------------------------------------------------------------
Mutation

0; a(33,100) r(32,49) r(34,31) d(35) a(1,105) r(28,76) d(33) d(27)
1; r(2,50) r(34,177) d(35) d(34) r(35,84) r(27,51) a(28,95) r(25,94) d(35) a(28,95) r(25,94) a(3,44) r(28,148)
2; a(33,100) r(32,49) r(34,31) d(35) a(28,95) r(25,94) d(35) a(28,95) r(25,94) a(3,44) d(31)
3; r(2,50) r(34,177) d(35) d(34) r(35,84) r(27,51) a(1,105) r(28,76) d(33) r(32,34)
4; a(33,100) r(32,49) r(34,31) d(35) a(28,95) r(25,94) r(31,50) r(33,69)
5; r(31,57) a(34,138) a(1,108) d(34) d(35) a(27,148) d(33) d(3)
6; a(33,100) r(32,49) r(34,31) d(35) a(28,95) a(25,69)
7; a(27,51) r(35,80) a(34,28) a(3,56) a(1,158) d(34) r(25,94) r(3,87) a(31,32)
8; a(33,100) r(32,49) r(34,31) d(35) a(28,95) r(25,94) r(3,87) r(28,76)
9; a(27,51) r(35,80) a(34,28) a(3,56) a(1,158) d(34) r(33,27)
10; a(27,51) d(32) a(34,170)
11; a(27,51) a(34,138) a(1,108) d(34) d(35) r(27,54) d(27) a(2,56)
12; a(27,51) d(27) a(34,31)
13; a(27,51) a(34,138) a(1,108) d(34) d(35) r(27,54) d(32) r(33,70)
14; a(33,100) r(32,49) r(34,31) a(31,69) d(35) d(35) r(1,51) d(33) d(27)
15; r(2,50) r(34,177) a(1,108) d(34) a(25,32)
16; a(33,100) r(32,49) r(34,31) a(31,69) d(35) a(1,1)
17; r(2,50) r(34,177) a(1,108) d(34) d(35) r(1,51) d(33) d(27)
18; r(31,57) a(34,138) a(1,108) d(34) a(31,50) a(3,76) a(25,52) a(35,170)
19; a(27,51) r(35,80) a(34,28) d(34) d(35) r(27,54) d(33) r(3,95)
20; r(31,57) a(34,138) a(1,108) d(34) d(35) r(27,54) d(33) d(32)
21; a(27,51) r(35,80) a(34,28) d(34) a(31,50) a(3,76) a(25,52) d(2)
22; a(27,51) r(35,80) a(34,28) r(35,80) a(34,28) a(3,56) a(1,158) d(34) a(1,31)
23; a(27,51) d(34) a(31,50) r(25,76) d(2) a(35,158)
24; a(27,51) r(35,80) a(34,28) d(34) a(31,50) r(25,76) d(2) a(1,97)
25; a(27,51) r(35,80) a(34,28) a(3,56) a(1,158) d(34) d(25)
26; a(27,51) r(35,80) a(34,44) d(33)
27; r(31,57) a(34,138) a(1,108) d(34) d(35) r(27,94) a(32,86) r(28,32)
28; a(27,51) r(35,80) a(34,44) a(31,158)
29; r(31,57) a(34,138) a(1,108) d(34) d(35) r(27,94) a(32,86) a(2,53)
30; r(2,50) r(34,177) a(1,108) d(34) d(35) r(1,51) d(33) d(32)
31; a(33,100) r(32,49) a(34,138) a(1,108) d(34) d(35) a(27,148) r(33,177) r(25,1)
32; r(2,50) r(34,164) r(35,38) a(27,69) a(28,52) r(32,130)
33; r(31,57) a(34,138) a(1,108) d(34) d(35) a(27,148) d(33) d(32)
34; r(2,50) r(34,164) r(35,38) a(27,69) a(28,52) r(28,130)
35; r(31,57) a(34,138) a(1,108) d(34) d(35) a(27,148) d(33) a(27,53)
36; a(27,51) r(35,80) a(34,28) d(34) a(28,36) r(32,50) a(1,78) d(31)
37; r(31,57) r(35,80) a(34,28) d(34) a(31,50) r(25,76) d(28) d(2)
38; r(31,57) a(34,138) a(1,108) d(34) d(35) r(27,94) a(32,86) a(28,62)
39; a(33,100) r(32,49) r(34,31) d(35) a(28,95) r(25,94) a(28,108) r(1,80)
40; a(33,100) r(32,49) r(34,31) d(35) a(28,95) r(25,94) d(35) a(28,95) r(25,94) a(3,44) d(1)
41; r(2,50) r(27,170) d(34) d(35) d(32) d(28) r(1,49)
42; d(28) d(35) a(34,52) d(32) r(35,38) a(27,69) r(34,53) d(2)
43; r(2,50) a(1,108) d(34) d(32) d(35)
44; r(31,57) r(34,60) r(25,178)
45; a(27,51) r(35,80) a(34,28) d(34) a(31,50) a(3,76) r(32,46) a(1,36)
46; a(33,100) r(32,49) r(27,54) d(33) a(2,52)
47; r(31,57) a(34,138) a(1,108) d(34) d(35) r(34,31) d(35) d(35) r(28,52) r(27,164) a(25,65) a(3,135)
48; a(33,100) r(32,49) r(34,31) d(35) d(35) r(28,52) r(27,164) a(25,65) r(25,82)
49; r(31,57) a(34,138) a(1,108) d(34) d(35) r(27,54) d(33) r(1,50)
50; a(27,51) r(34,46) a(1,108) r(2,35) a(3,130) d(25)
51; a(33,100) r(32,49) a(34,138) a(1,108) d(34) d(35) a(27,148) d(31) d(27)
52; a(27,51) r(34,46) a(1,108) r(2,35) d(31) a(25,176)
53; a(33,100) r(32,49) a(34,138) a(1,108) d(34) d(35) a(27,148) a(3,130) d(27)
54; r(31,57) r(35,80) a(34,28) d(34) a(31,50) r(25,76) d(28) a(1,82)
55; r(2,50) d(34) d(35) r(1,100) d(32) a(27,27)
56; r(2,50) r(34,164) r(35,38) a(27,69) a(28,52) d(31)
57; a(33,100) r(32,49) a(34,138) a(1,108) d(34) d(35) a(27,148) a(28,37) r(31,135)
58; d(28) r(35,38) r(35,80) a(34,28) d(34) a(31,50) d(25) d(3) r(2,158)
59; a(33,100) r(32,49) r(34,31) d(35) a(28,95) r(25,94) r(3,87) a(1,57)
--------------------------------------------------------------------------------
Evaluation

0; 12.
1; 0.
2; 0.
3; 0.
4; 0.
5; 12.
6; 0.
7; 0.
8; 0.
9; 0.
10; 0.
11; 0.
12; 0.
13; 0.
14; 0.
15; 0.
16; 0.
17; 0.
18; 0.
19; 0.
20; 0.
21; 0.
22; 0.
23; 0.
24; 0.
25; 4.
26; 0.
27; 0.
28; 0.
29; 0.
30; 0.
31; 0.
32; 0.
33; 0.
34; 0.
35; 0.
36; 0.
37; 0.
38; 0.
39; 0.
40; 0.
41; 0.
42; 0.
43; 0.
44; 12.
45; 0.
46; 0.
47; 0.
48; 0.
49; 0.
50; 0.
51; 0.
52; 0.
53; 0.
54; 0.
55; 0.
56; 0.
57; 0.
58; 0.
59; 0.
================================================================================
Generation 8

--------------------------------------------------------------------------------
Selection

0; 22
1; 54
2; 43
3; 54
4; 22
5; 21
6; 56
7; 39
8; 6
9; 13
10; 35
11; 13
12; 57
13; 7
14; 54
15; 18
16; 39
17; 7
18; 59
19; 21
20; 48
21; 27
22; 39
23; 49
24; 51
25; 52
26; 33
27; 4
28; 32
29; 1
30; 55
31; 1
32; 2
33; 26
34; 36
35; 29
36; 21
37; 47
38; 51
39; 42
--------------------------------------------------------------------------------
Crossover

0; 21, 21; a(27,51) r(35,80) d(34) a(31,50) a(3,76) a(25,52) d(2)
1; 21, 21; a(27,51) r(35,80) a(34,28) a(34,28) d(34) a(31,50) a(3,76) a(25,52) d(2)
2; 21; a(27,51) r(35,80) a(34,28) d(34) a(31,50) a(3,76) a(25,52) d(2)
3; 21; a(27,51) r(35,80) a(34,28) d(34) a(31,50) a(3,76) a(25,52) d(2)
4; 1; r(2,50) r(34,177) d(35) d(34) r(35,84) r(27,51) a(28,95) r(25,94) d(35) a(28,95) r(25,94) a(3,44) r(28,148)
5; 39; a(33,100) r(32,49) r(34,31) d(35) a(28,95) r(25,94) a(28,108) r(1,80)
6; 32; r(2,50) r(34,164) r(35,38) a(27,69) a(28,52) r(32,130)
7; 51; a(33,100) r(32,49) a(34,138) a(1,108) d(34) d(35) a(27,148) d(31) d(27)
8; 2; a(33,100) r(32,49) r(34,31) d(35) a(28,95) r(25,94) d(35) a(28,95) r(25,94) a(3,44) d(31)
9; 13; a(27,51) a(34,138) a(1,108) d(34) d(35) r(27,54) d(32) r(33,70)
10; 57, 13; a(33,100) r(32,49) a(34,138) a(1,108) d(34) d(35) a(27,148) a(1,108) d(34) d(35) r(27,54) d(32) r(33,70)
11; 57, 13; a(27,51) a(34,138) a(28,37) r(31,135)
12; 57; a(33,100) r(32,49) a(34,138) a(1,108) d(34) d(35) a(27,148) a(28,37) r(31,135)
13; 13; a(27,51) a(34,138) a(1,108) d(34) d(35) r(27,54) d(32) r(33,70)
14; 21; a(27,51) r(35,80) a(34,28) d(34) a(31,50) a(3,76) a(25,52) d(2)
15; 33; r(31,57) a(34,138) a(1,108) d(34) d(35) a(27,148) d(33) d(32)
16; 52, 49; a(27,51) d(33) r(1,50)
17; 52, 49; r(31,57) a(34,138) a(1,108) d(34) d(35) r(27,54) r(34,46) a(1,108) r(2,35) d(31) a(25,176)
18; 52; a(27,51) r(34,46) a(1,108) r(2,35) d(31) a(25,176)
19; 49; r(31,57) a(34,138) a(1,108) d(34) d(35) r(27,54) d(33) r(1,50)
20; 43; r(2,50) a(1,108) d(34) d(32) d(35)
21; 48; a(33,100) r(32,49) r(34,31) d(35) d(35) r(28,52) r(27,164) a(25,65) r(25,82)
22; 4; a(33,100) r(32,49) r(34,31) d(35) a(28,95) r(25,94) r(31,50) r(33,69)
23; 47; r(31,57) a(34,138) a(1,108) d(34) d(35) r(34,31) d(35) d(35) r(28,52) r(27,164) a(25,65) a(3,135)
24; 51, 22; a(33,100) r(32,49) a(34,138) a(1,108)
25; 51, 22; a(27,51) r(35,80) a(34,28) r(35,80) a(34,28) a(3,56) a(1,158) d(34) a(1,31) d(34) d(35) a(27,148) d(31) d(27)
26; 51; a(33,100) r(32,49) a(34,138) a(1,108) d(34) d(35) a(27,148) d(31) d(27)
27; 22; a(27,51) r(35,80) a(34,28) r(35,80) a(34,28) a(3,56) a(1,158) d(34) a(1,31)
28; 54; r(31,57) r(35,80) a(34,28) d(34) a(31,50) r(25,76) d(28) a(1,82)
29; 39; a(33,100) r(32,49) r(34,31) d(35) a(28,95) r(25,94) a(28,108) r(1,80)
30; 55; r(2,50) d(34) d(35) r(1,100) d(32) a(27,27)
31; 42; d(28) d(35) a(34,52) d(32) r(35,38) a(27,69) r(34,53) d(2)
32; 7; a(27,51) r(35,80) a(34,28) a(3,56) a(1,158) d(34) r(25,94) r(3,87) a(31,32)
33; 54; r(31,57) r(35,80) a(34,28) d(34) a(31,50) r(25,76) d(28) a(1,82)
34; 29, 1; r(31,57) a(34,138) a(1,108) d(34) d(35) a(3,44) r(28,148)
35; 29, 1; r(2,50) r(34,177) d(35) d(34) r(35,84) r(27,51) a(28,95) r(25,94) d(35) a(28,95) r(25,94) r(27,94) a(32,86) a(2,53)
36; 29; r(31,57) a(34,138) a(1,108) d(34) d(35) r(27,94) a(32,86) a(2,53)
37; 1; r(2,50) r(34,177) d(35) d(34) r(35,84) r(27,51) a(28,95) r(25,94) d(35) a(28,95) r(25,94) a(3,44) r(28,148)
38; 7; a(27,51) r(35,80) a(34,28) a(3,56) a(1,158) d(34) r(25,94) r(3,87) a(31,32)
39; 22; a(27,51) r(35,80) a(34,28) r(35,80) a(34,28) a(3,56) a(1,158) d(34) a(1,31)
40; 54, 56; r(31,57) r(35,80) a(34,28) d(34) a(31,50) r(25,76) d(28) r(34,164) r(35,38) a(27,69) a(28,52) d(31)
41; 54, 56; r(2,50) a(1,82)
42; 54; r(31,57) r(35,80) a(34,28) d(34) a(31,50) r(25,76) d(28) a(1,82)
43; 56; r(2,50) r(34,164) r(35,38) a(27,69) a(28,52) d(31)
44; 39; a(33,100) r(32,49) r(34,31) d(35) a(28,95) r(25,94) a(28,108) r(1,80)
45; 18; r(31,57) a(34,138) a(1,108) d(34) a(31,50) a(3,76) a(25,52) a(35,170)
46; 59, 36; a(33,100) r(32,49) r(34,31) d(35) a(28,95) r(25,94) r(3,87) a(1,57) a(34,28) d(34) a(28,36) r(32,50) a(1,78) d(31)
47; 59, 36; a(27,51) r(35,80)
48; 59; a(33,100) r(32,49) r(34,31) d(35) a(28,95) r(25,94) r(3,87) a(1,57)
49; 36; a(27,51) r(35,80) a(34,28) d(34) a(28,36) r(32,50) a(1,78) d(31)
50; 6; a(33,100) r(32,49) r(34,31) d(35) a(28,95) a(25,69)
51; 27; r(31,57) a(34,138) a(1,108) d(34) d(35) r(27,94) a(32,86) r(28,32)
52; 35, 26; r(31,57) a(34,138) a(1,108) d(34) d(35) a(27,148) d(33) a(27,53) a(34,44) d(33)
53; 35, 26; a(27,51) r(35,80)
54; 35; r(31,57) a(34,138) a(1,108) d(34) d(35) a(27,148) d(33) a(27,53)
55; 26; a(27,51) r(35,80) a(34,44) d(33)
--------------------------------------------------------------------------------
Mutation

0; a(27,51) r(35,80) d(34) a(31,50) a(3,76) a(25,52) d(2) d(25)
1; a(27,51) r(35,80) a(34,28) a(34,28) d(34) a(31,50) a(3,76) a(25,52) d(2) a(32,87)
2; a(27,51) r(35,80) a(34,28) d(34) a(31,50) a(3,76) a(25,52) d(2) d(1)
3; a(27,51) r(35,80) a(34,28) d(34) a(31,50) a(3,76) a(25,52) d(2) d(1)
4; r(2,50) r(34,177) d(35) d(34) r(35,84) r(27,51) a(28,95) r(25,94) d(35) a(28,95) r(25,94) a(3,44) r(28,148) r(32,78)
5; a(33,100) r(32,49) r(34,31) d(35) a(28,95) r(25,94) a(28,108) r(1,80) d(31)
6; r(2,50) r(34,164) r(35,38) a(27,69) a(28,52) r(32,130) d(1)
7; a(33,100) r(32,49) a(34,138) a(1,108) d(34) d(35) a(27,148) d(31) d(27) d(28)
8; a(33,100) r(32,49) r(34,31) d(35) a(28,95) r(25,94) d(35) a(28,95) r(25,94) a(3,44) d(31) a(3,38)
9; a(27,51) a(34,138) a(1,108) d(34) d(35) r(27,54) d(32) r(33,70) d(2)
10; a(33,100) r(32,49) a(34,138) a(1,108) d(34) d(35) a(27,148) a(1,108) d(34) d(35) r(27,54) d(32) r(33,70) a(31,94)
11; a(27,51) a(34,138) a(28,37) r(31,135) r(25,78)
12; a(33,100) r(32,49) a(34,138) a(1,108) d(34) d(35) a(27,148) a(28,37) r(31,135) r(28,164)
13; a(27,51) a(34,138) a(1,108) d(34) d(35) r(27,54) d(32) r(33,70) a(31,37)
14; a(27,51) r(35,80) a(34,28) d(34) a(31,50) a(3,76) a(25,52) d(2) a(28,105)
15; r(31,57) a(34,138) a(1,108) d(34) d(35) a(27,148) d(33) d(32) r(27,34)
16; a(27,51) d(33) r(1,50) a(27,53)
17; r(31,57) a(34,138) a(1,108) d(34) d(35) r(27,54) r(34,46) a(1,108) r(2,35) d(31) a(25,176) d(1)
18; a(27,51) r(34,46) a(1,108) r(2,35) d(31) a(25,176) r(33,32)
19; r(31,57) a(34,138) a(1,108) d(34) d(35) r(27,54) d(33) r(1,50) a(28,178)
20; r(2,50) a(1,108) d(34) d(32) d(35) a(1,52)
21; a(33,100) r(32,49) r(34,31) d(35) d(35) r(28,52) r(27,164) a(25,65) r(25,82) d(2)
22; a(33,100) r(32,49) r(34,31) d(35) a(28,95) r(25,94) r(31,50) r(33,69) r(28,69)
23; r(31,57) a(34,138) a(1,108) d(34) d(35) r(34,31) d(35) d(35) r(28,52) r(27,164) a(25,65) a(3,135) r(32,37)
24; a(33,100) r(32,49) a(34,138) a(1,108) r(34,95)
25; a(27,51) r(35,80) a(34,28) r(35,80) a(34,28) a(3,56) a(1,158) d(34) a(1,31) d(34) d(35) a(27,148) d(31) d(27) r(3,51)
26; a(33,100) r(32,49) a(34,138) a(1,108) d(34) d(35) a(27,148) d(31) d(27) r(3,44)
27; a(27,51) r(35,80) a(34,28) r(35,80) a(34,28) a(3,56) a(1,158) d(34) a(1,31) r(25,37)
28; r(31,57) r(35,80) a(34,28) d(34) a(31,50) r(25,76) d(28) a(1,82) a(1,54)
29; a(33,100) r(32,49) r(34,31) d(35) a(28,95) r(25,94) a(28,108) r(1,80) a(31,27)
30; r(2,50) d(34) d(35) r(1,100) d(32) a(27,27) r(27,134)
31; d(28) d(35) a(34,52) d(32) r(35,38) a(27,69) r(34,53) d(2) a(33,87)
32; a(27,51) r(35,80) a(34,28) a(3,56) a(1,158) d(34) r(25,94) r(3,87) a(31,32) a(2,105)
33; r(31,57) r(35,80) a(34,28) d(34) a(31,50) r(25,76) d(28) a(1,82) a(1,28)
34; r(31,57) a(34,138) a(1,108) d(34) d(35) a(3,44) r(28,148) r(25,100)
35; r(2,50) r(34,177) d(35) d(34) r(35,84) r(27,51) a(28,95) r(25,94) d(35) a(28,95) r(25,94) r(27,94) a(32,86) a(2,53) d(33)
36; r(31,57) a(34,138) a(1,108) d(34) d(35) r(27,94) a(32,86) a(2,53) r(2,77)
37; r(2,50) r(34,177) d(35) d(34) r(35,84) r(27,51) a(28,95) r(25,94) d(35) a(28,95) r(25,94) a(3,44) r(28,148) d(1)
38; a(27,51) r(35,80) a(34,28) a(3,56) a(1,158) d(34) r(25,94) r(3,87) a(31,32) d(33)
39; a(27,51) r(35,80) a(34,28) r(35,80) a(34,28) a(3,56) a(1,158) d(34) a(1,31) d(33)
40; r(31,57) r(35,80) a(34,28) d(34) a(31,50) r(25,76) d(28) r(34,164) r(35,38) a(27,69) a(28,52) d(31) d(3)
41; r(2,50) a(1,82) a(34,37)
42; r(31,57) r(35,80) a(34,28) d(34) a(31,50) r(25,76) d(28) a(1,82) a(1,52)
43; r(2,50) r(34,164) r(35,38) a(27,69) a(28,52) d(31) a(32,28)
44; a(33,100) r(32,49) r(34,31) d(35) a(28,95) r(25,94) a(28,108) r(1,80) d(28)
45; r(31,57) a(34,138) a(1,108) d(34) a(31,50) a(3,76) a(25,52) a(35,170) r(35,178)
46; a(33,100) r(32,49) r(34,31) d(35) a(28,95) r(25,94) r(3,87) a(1,57) a(34,28) d(34) a(28,36) r(32,50) a(1,78) d(31) r(2,83)
47; a(27,51) r(35,80) d(34)
48; a(33,100) r(32,49) r(34,31) d(35) a(28,95) r(25,94) r(3,87) a(1,57) a(33,78)
49; a(27,51) r(35,80) a(34,28) d(34) a(28,36) r(32,50) a(1,78) d(31) d(3)
50; a(33,100) r(32,49) r(34,31) d(35) a(28,95) a(25,69) r(31,78)
51; r(31,57) a(34,138) a(1,108) d(34) d(35) r(27,94) a(32,86) r(28,32) r(25,65)
52; r(31,57) a(34,138) a(1,108) d(34) d(35) a(27,148) d(33) a(27,53) a(34,44) d(33) a(32,50)
53; a(27,51) r(35,80) r(34,138)
54; r(31,57) a(34,138) a(1,108) d(34) d(35) a(27,148) d(33) a(27,53) a(25,178)
55; a(27,51) r(35,80) a(34,44) d(33) a(1,45)
--------------------------------------------------------------------------------
Evaluation

0; 0.
1; 0.
2; 0.
3; 0.
4; 0.
5; 0.
6; 0.
7; 0.
8; 0.
9; 0.
10; 0.
11; 0.
12; 0.
13; 0.
14; 0.
15; 0.
16; 0.
17; 0.
18; 0.
19; 12.
20; 0.
21; 0.
22; 0.
23; 0.
24; 0.
25; 0.
26; 12.
27; 4.
28; 0.
29; 0.
30; 12.
31; 0.
32; 12.
33; 0.
34; 0.
35; 0.
36; 0.
37; 0.
38; 0.
39; 0.
40; 0.
41; 0.
42; 0.
43; 0.
44; 0.
45; 0.
46; 0.
47; 0.
48; 0.
49; 0.
50; 0.
51; 0.
52; 0.
53; 0.
54; 0.
55; 0.
================================================================================
Generation 9

--------------------------------------------------------------------------------
Selection

0; 20
1; 46
2; 51
3; 53
4; 9
5; 2
6; 39
7; 30
8; 51
9; 20
10; 43
11; 35
12; 16
13; 8
14; 5
15; 50
16; 22
17; 44
18; 45
19; 29
20; 35
21; 49
22; 14
23; 9
24; 40
25; 38
26; 51
27; 53
28; 20
29; 17
30; 37
31; 5
32; 45
33; 50
34; 10
35; 52
36; 0
37; 48
38; 8
39; 1
--------------------------------------------------------------------------------
Crossover

0; 45, 37; r(31,57) a(34,138) a(1,108) d(34) a(31,50) a(3,76) a(25,52) a(28,95) r(25,94) d(35) a(28,95) r(25,94) a(3,44) r(28,148) d(1)
1; 45, 37; r(2,50) r(34,177) d(35) d(34) r(35,84) r(27,51) a(35,170) r(35,178)
2; 45; r(31,57) a(34,138) a(1,108) d(34) a(31,50) a(3,76) a(25,52) a(35,170) r(35,178)
3; 37; r(2,50) r(34,177) d(35) d(34) r(35,84) r(27,51) a(28,95) r(25,94) d(35) a(28,95) r(25,94) a(3,44) r(28,148) d(1)
4; 9, 30; a(27,51) a(34,138) d(32) a(27,27) r(27,134)
5; 9, 30; r(2,50) d(34) d(35) r(1,100) a(1,108) d(34) d(35) r(27,54) d(32) r(33,70) d(2)
6; 9; a(27,51) a(34,138) a(1,108) d(34) d(35) r(27,54) d(32) r(33,70) d(2)
7; 30; r(2,50) d(34) d(35) r(1,100) d(32) a(27,27) r(27,134)
8; 2, 8; a(27,51) d(31) a(3,38)
9; 2, 8; a(33,100) r(32,49) r(34,31) d(35) a(28,95) r(25,94) d(35) a(28,95) r(25,94) a(3,44) r(35,80) a(34,28) d(34) a(31,50) a(3,76) a(25,52) d(2) d(1)
10; 2; a(27,51) r(35,80) a(34,28) d(34) a(31,50) a(3,76) a(25,52) d(2) d(1)
11; 8; a(33,100) r(32,49) r(34,31) d(35) a(28,95) r(25,94) d(35) a(28,95) r(25,94) a(3,44) d(31) a(3,38)
12; 38; a(27,51) r(35,80) a(34,28) a(3,56) a(1,158) d(34) r(25,94) r(3,87) a(31,32) d(33)
13; 51; r(31,57) a(34,138) a(1,108) d(34) d(35) r(27,94) a(32,86) r(28,32) r(25,65)
14; 53; a(27,51) r(35,80) r(34,138)
15; 51; r(31,57) a(34,138) a(1,108) d(34) d(35) r(27,94) a(32,86) r(28,32) r(25,65)
16; 50, 35; a(33,100) r(32,49) a(2,53) d(33)
17; 50, 35; r(2,50) r(34,177) d(35) d(34) r(35,84) r(27,51) a(28,95) r(25,94) d(35) a(28,95) r(25,94) r(27,94) a(32,86) r(34,31) d(35) a(28,95) a(25,69) r(31,78)
18; 50; a(33,100) r(32,49) r(34,31) d(35) a(28,95) a(25,69) r(31,78)
19; 35; r(2,50) r(34,177) d(35) d(34) r(35,84) r(27,51) a(28,95) r(25,94) d(35) a(28,95) r(25,94) r(27,94) a(32,86) a(2,53) d(33)
20; 48, 29; a(33,100) r(32,49) r(34,31) d(35) a(28,95) r(25,94) r(3,87) r(32,49) r(34,31) d(35) a(28,95) r(25,94) a(28,108) r(1,80) a(31,27)
21; 48, 29; a(33,100) a(1,57) a(33,78)
22; 48; a(33,100) r(32,49) r(34,31) d(35) a(28,95) r(25,94) r(3,87) a(1,57) a(33,78)
23; 29; a(33,100) r(32,49) r(34,31) d(35) a(28,95) r(25,94) a(28,108) r(1,80) a(31,27)
24; 8; a(33,100) r(32,49) r(34,31) d(35) a(28,95) r(25,94) d(35) a(28,95) r(25,94) a(3,44) d(31) a(3,38)
25; 40; r(31,57) r(35,80) a(34,28) d(34) a(31,50) r(25,76) d(28) r(34,164) r(35,38) a(27,69) a(28,52) d(31) d(3)
26; 53; a(27,51) r(35,80) r(34,138)
27; 44; a(33,100) r(32,49) r(34,31) d(35) a(28,95) r(25,94) a(28,108) r(1,80) d(28)
28; 1, 5; a(27,51) r(35,80) a(34,28) r(1,80) d(31)
29; 1, 5; a(33,100) r(32,49) r(34,31) d(35) a(28,95) r(25,94) a(28,108) a(34,28) d(34) a(31,50) a(3,76) a(25,52) d(2) a(32,87)
30; 1; a(27,51) r(35,80) a(34,28) a(34,28) d(34) a(31,50) a(3,76) a(25,52) d(2) a(32,87)
31; 5; a(33,100) r(32,49) r(34,31) d(35) a(28,95) r(25,94) a(28,108) r(1,80) d(31)
32; 45; r(31,57) a(34,138) a(1,108) d(34) a(31,50) a(3,76) a(25,52) a(35,170) r(35,178)
33; 52; r(31,57) a(34,138) a(1,108) d(34) d(35) a(27,148) d(33) a(27,53) a(34,44) d(33) a(32,50)
34; 39; a(27,51) r(35,80) a(34,28) r(35,80) a(34,28) a(3,56) a(1,158) d(34) a(1,31) d(33)
35; 10; a(33,100) r(32,49) a(34,138) a(1,108) d(34) d(35) a(27,148) a(1,108) d(34) d(35) r(27,54) d(32) r(33,70) a(31,94)
36; 14; a(27,51) r(35,80) a(34,28) d(34) a(31,50) a(3,76) a(25,52) d(2) a(28,105)
37; 16; a(27,51) d(33) r(1,50) a(27,53)
38; 20, 49; r(2,50) a(1,108) r(32,50) a(1,78) d(31) d(3)
39; 20, 49; a(27,51) r(35,80) a(34,28) d(34) a(28,36) d(34) d(32) d(35) a(1,52)
40; 20; r(2,50) a(1,108) d(34) d(32) d(35) a(1,52)
41; 49; a(27,51) r(35,80) a(34,28) d(34) a(28,36) r(32,50) a(1,78) d(31) d(3)
42; 5; a(33,100) r(32,49) r(34,31) d(35) a(28,95) r(25,94) a(28,108) r(1,80) d(31)
43; 46; a(33,100) r(32,49) r(34,31) d(35) a(28,95) r(25,94) r(3,87) a(1,57) a(34,28) d(34) a(28,36) r(32,50) a(1,78) d(31) r(2,83)
44; 20; r(2,50) a(1,108) d(34) d(32) d(35) a(1,52)
45; 51; r(31,57) a(34,138) a(1,108) d(34) d(35) r(27,94) a(32,86) r(28,32) r(25,65)
46; 20, 50; r(2,50) a(1,108) d(34) d(32) d(35) r(31,78)
47; 20, 50; a(33,100) r(32,49) r(34,31) d(35) a(28,95) a(25,69) a(1,52)
48; 20; r(2,50) a(1,108) d(34) d(32) d(35) a(1,52)
49; 50; a(33,100) r(32,49) r(34,31) d(35) a(28,95) a(25,69) r(31,78)
50; 0; a(27,51) r(35,80) d(34) a(31,50) a(3,76) a(25,52) d(2) d(25)
51; 43; r(2,50) r(34,164) r(35,38) a(27,69) a(28,52) d(31) a(32,28)
52; 17, 22; r(31,57) a(34,138) a(1,108) d(34) d(35) r(32,49) r(34,31) d(35) a(28,95) r(25,94) r(31,50) r(33,69) r(28,69)
53; 17, 22; a(33,100) r(27,54) r(34,46) a(1,108) r(2,35) d(31) a(25,176) d(1)
54; 17; r(31,57) a(34,138) a(1,108) d(34) d(35) r(27,54) r(34,46) a(1,108) r(2,35) d(31) a(25,176) d(1)
55; 22; a(33,100) r(32,49) r(34,31) d(35) a(28,95) r(25,94) r(31,50) r(33,69) r(28,69)
56; 9; a(27,51) a(34,138) a(1,108) d(34) d(35) r(27,54) d(32) r(33,70) d(2)
57; 35; r(2,50) r(34,177) d(35) d(34) r(35,84) r(27,51) a(28,95) r(25,94) d(35) a(28,95) r(25,94) r(27,94) a(32,86) a(2,53) d(33)
--------------------------------------------------------------------------------
Mutation

0; r(31,57) a(34,138) a(1,108) d(34) a(31,50) a(3,76) a(25,52) a(28,95) r(25,94) d(35) a(28,95) r(25,94) a(3,44) r(28,148) d(1) a(32,65)
1; r(2,50) r(34,177) d(35) d(34) r(35,84) r(27,51) a(35,170) r(35,178) a(28,178)
2; r(31,57) a(34,138) a(1,108) d(34) a(31,50) a(3,76) a(25,52) a(35,170) r(35,178) r(2,54)
3; r(2,50) r(34,177) d(35) d(34) r(35,84) r(27,51) a(28,95) r(25,94) d(35) a(28,95) r(25,94) a(3,44) r(28,148) d(1) a(33,105)
4; a(27,51) a(34,138) d(32) a(27,27) r(27,134) d(34)
5; r(2,50) d(34) d(35) r(1,100) a(1,108) d(34) d(35) r(27,54) d(32) r(33,70) d(2) d(25)
6; a(27,51) a(34,138) a(1,108) d(34) d(35) r(27,54) d(32) r(33,70) d(2) a(1,36)
7; r(2,50) d(34) d(35) r(1,100) d(32) a(27,27) r(27,134) a(28,48)
8; a(27,51) d(31) a(3,38) a(33,70)
9; a(33,100) r(32,49) r(34,31) d(35) a(28,95) r(25,94) d(35) a(28,95) r(25,94) a(3,44) r(35,80) a(34,28) d(34) a(31,50) a(3,76) a(25,52) d(2) d(1) d(33)
10; a(27,51) r(35,80) a(34,28) d(34) a(31,50) a(3,76) a(25,52) d(2) d(1) a(27,50)
11; a(33,100) r(32,49) r(34,31) d(35) a(28,95) r(25,94) d(35) a(28,95) r(25,94) a(3,44) d(31) a(3,38) r(1,158)
12; a(27,51) r(35,80) a(34,28) a(3,56) a(1,158) d(34) r(25,94) r(3,87) a(31,32) d(33) d(1)
13; r(31,57) a(34,138) a(1,108) d(34) d(35) r(27,94) a(32,86) r(28,32) r(25,65) a(2,52)
14; a(27,51) r(35,80) r(34,138) d(25)
15; r(31,57) a(34,138) a(1,108) d(34) d(35) r(27,94) a(32,86) r(28,32) r(25,65) a(3,37)
16; a(33,100) r(32,49) a(2,53) d(33) r(1,37)
17; r(2,50) r(34,177) d(35) d(34) r(35,84) r(27,51) a(28,95) r(25,94) d(35) a(28,95) r(25,94) r(27,94) a(32,86) r(34,31) d(35) a(28,95) a(25,69) r(31,78) d(33)
18; a(33,100) r(32,49) r(34,31) d(35) a(28,95) a(25,69) r(31,78) d(33)
19; r(2,50) r(34,177) d(35) d(34) r(35,84) r(27,51) a(28,95) r(25,94) d(35) a(28,95) r(25,94) r(27,94) a(32,86) a(2,53) d(33) r(32,31)
20; a(33,100) r(32,49) r(34,31) d(35) a(28,95) r(25,94) r(3,87) r(32,49) r(34,31) d(35) a(28,95) r(25,94) a(28,108) r(1,80) a(31,27) r(33,78)
21; a(33,100) a(1,57) a(33,78) a(33,70)
22; a(33,100) r(32,49) r(34,31) d(35) a(28,95) r(25,94) r(3,87) a(1,57) a(33,78) r(33,80)
23; a(33,100) r(32,49) r(34,31) d(35) a(28,95) r(25,94) a(28,108) r(1,80) a(31,27) r(33,44)
24; a(33,100) r(32,49) r(34,31) d(35) a(28,95) r(25,94) d(35) a(28,95) r(25,94) a(3,44) d(31) a(3,38) d(28)
25; r(31,57) r(35,80) a(34,28) d(34) a(31,50) r(25,76) d(28) r(34,164) r(35,38) a(27,69) a(28,52) d(31) d(3) d(33)
26; a(27,51) r(35,80) r(34,138) r(25,32)
27; a(33,100) r(32,49) r(34,31) d(35) a(28,95) r(25,94) a(28,108) r(1,80) d(28) a(33,53)
28; a(27,51) r(35,80) a(34,28) r(1,80) d(31) d(34)
29; a(33,100) r(32,49) r(34,31) d(35) a(28,95) r(25,94) a(28,108) a(34,28) d(34) a(31,50) a(3,76) a(25,52) d(2) a(32,87) r(31,130)
30; a(27,51) r(35,80) a(34,28) a(34,28) d(34) a(31,50) a(3,76) a(25,52) d(2) a(32,87) r(28,53)
31; a(33,100) r(32,49) r(34,31) d(35) a(28,95) r(25,94) a(28,108) r(1,80) d(31) d(33)
32; r(31,57) a(34,138) a(1,108) d(34) a(31,50) a(3,76) a(25,52) a(35,170) r(35,178) r(27,50)
33; r(31,57) a(34,138) a(1,108) d(34) d(35) a(27,148) d(33) a(27,53) a(34,44) d(33) a(32,50) r(1,49)
34; a(27,51) r(35,80) a(34,28) r(35,80) a(34,28) a(3,56) a(1,158) d(34) a(1,31) d(33) d(32)
35; a(33,100) r(32,49) a(34,138) a(1,108) d(34) d(35) a(27,148) a(1,108) d(34) d(35) r(27,54) d(32) r(33,70) a(31,94) a(2,48)
36; a(27,51) r(35,80) a(34,28) d(34) a(31,50) a(3,76) a(25,52) d(2) a(28,105) a(28,46)
37; a(27,51) d(33) r(1,50) a(27,53) d(31)
38; r(2,50) a(1,108) r(32,50) a(1,78) d(31) d(3) r(35,97)
39; a(27,51) r(35,80) a(34,28) d(34) a(28,36) d(34) d(32) d(35) a(1,52) d(2)
40; r(2,50) a(1,108) d(34) d(32) d(35) a(1,52) d(31)
41; a(27,51) r(35,80) a(34,28) d(34) a(28,36) r(32,50) a(1,78) d(31) d(3) d(2)
42; a(33,100) r(32,49) r(34,31) d(35) a(28,95) r(25,94) a(28,108) r(1,80) d(31) r(28,97)
43; a(33,100) r(32,49) r(34,31) d(35) a(28,95) r(25,94) r(3,87) a(1,57) a(34,28) d(34) a(28,36) r(32,50) a(1,78) d(31) r(2,83) r(1,53)
44; r(2,50) a(1,108) d(34) d(32) d(35) a(1,52) d(25)
45; r(31,57) a(34,138) a(1,108) d(34) d(35) r(27,94) a(32,86) r(28,32) r(25,65) a(33,158)
46; r(2,50) a(1,108) d(34) d(32) d(35) r(31,78) r(28,80)
47; a(33,100) r(32,49) r(34,31) d(35) a(28,95) a(25,69) a(1,52) r(1,164)
48; r(2,50) a(1,108) d(34) d(32) d(35) a(1,52) d(1)
49; a(33,100) r(32,49) r(34,31) d(35) a(28,95) a(25,69) r(31,78) a(27,54)
50; a(27,51) r(35,80) d(34) a(31,50) a(3,76) a(25,52) d(2) d(25) r(28,38)
51; r(2,50) r(34,164) r(35,38) a(27,69) a(28,52) d(31) a(32,28) r(1,46)
52; r(31,57) a(34,138) a(1,108) d(34) d(35) r(32,49) r(34,31) d(35) a(28,95) r(25,94) r(31,50) r(33,69) r(28,69) a(1,78)
53; a(33,100) r(27,54) r(34,46) a(1,108) r(2,35) d(31) a(25,176) d(1) a(35,32)
54; r(31,57) a(34,138) a(1,108) d(34) d(35) r(27,54) r(34,46) a(1,108) r(2,35) d(31) a(25,176) d(1) d(25)
55; a(33,100) r(32,49) r(34,31) d(35) a(28,95) r(25,94) r(31,50) r(33,69) r(28,69) a(3,97)
56; a(27,51) a(34,138) a(1,108) d(34) d(35) r(27,54) d(32) r(33,70) d(2) a(1,52)
57; r(2,50) r(34,177) d(35) d(34) r(35,84) r(27,51) a(28,95) r(25,94) d(35) a(28,95) r(25,94) r(27,94) a(32,86) a(2,53) d(33) d(32)
--------------------------------------------------------------------------------
Evaluation

0; 0.
1; 0.
2; 0.
3; 0.
4; 12.
5; 0.
6; 0.
7; 12.
8; 0.
9; 0.
10; 0.
11; 0.
12; 0.
13; 0.
14; 4.
15; 0.
16; 0.
17; 0.
18; 0.
19; 0.
20; 0.
21; 4.
22; 0.
23; 0.
24; 0.
25; 0.
26; 4.
27; 0.
28; 0.
29; 0.
30; 0.
31; 0.
32; 0.
33; 0.
34; 0.
35; 0.
36; 0.
37; 0.
38; 0.
39; 0.
40; 0.
41; 0.
42; 0.
43; 0.
44; 0.
45; 0.
46; 0.
47; 0.
48; 0.
49; 0.
50; 0.
51; 0.
52; 0.
53; 0.
54; 0.
55; 0.
56; 0.
57; 0.
================================================================================
Generation 10

--------------------------------------------------------------------------------
Selection

0; 3
1; 19
2; 40
3; 12
4; 33
5; 8
6; 57
7; 18
8; 24
9; 10
10; 33
11; 46
12; 30
13; 46
14; 47
15; 12
16; 57
17; 38
18; 41
19; 40
20; 3
21; 25
22; 24
23; 24
24; 24
25; 56
26; 25
27; 18
28; 48
29; 24
30; 39
31; 46
32; 2
33; 29
34; 17
35; 33
36; 50
37; 27
38; 47
39; 12
--------------------------------------------------------------------------------
Crossover

0; 56; a(27,51) a(34,138) a(1,108) d(34) d(35) r(27,54) d(32) r(33,70) d(2) a(1,52)
1; 3; r(2,50) r(34,177) d(35) d(34) r(35,84) r(27,51) a(28,95) r(25,94) d(35) a(28,95) r(25,94) a(3,44) r(28,148) d(1) a(33,105)
2; 27, 40; a(33,100) d(32) d(35) a(1,52) d(31)
3; 27, 40; r(2,50) a(1,108) d(34) r(32,49) r(34,31) d(35) a(28,95) r(25,94) a(28,108) r(1,80) d(28) a(33,53)
4; 27; a(33,100) r(32,49) r(34,31) d(35) a(28,95) r(25,94) a(28,108) r(1,80) d(28) a(33,53)
5; 40; r(2,50) a(1,108) d(34) d(32) d(35) a(1,52) d(31)
6; 47, 57; a(33,100) r(32,49) r(25,94) d(35) a(28,95) r(25,94) r(27,94) a(32,86) a(2,53) d(33) d(32)
7; 47, 57; r(2,50) r(34,177) d(35) d(34) r(35,84) r(27,51) a(28,95) r(34,31) d(35) a(28,95) a(25,69) a(1,52) r(1,164)
8; 47; a(33,100) r(32,49) r(34,31) d(35) a(28,95) a(25,69) a(1,52) r(1,164)
9; 57; r(2,50) r(34,177) d(35) d(34) r(35,84) r(27,51) a(28,95) r(25,94) d(35) a(28,95) r(25,94) r(27,94) a(32,86) a(2,53) d(33) d(32)
10; 39, 24; a(27,51) r(35,80) a(34,28) d(34) a(28,36) d(34) d(32) d(35) a(1,52) d(2) d(31) a(3,38) d(28)
11; 39, 24; a(33,100) r(32,49) r(34,31) d(35) a(28,95) r(25,94) d(35) a(28,95) r(25,94) a(3,44)
12; 39; a(27,51) r(35,80) a(34,28) d(34) a(28,36) d(34) d(32) d(35) a(1,52) d(2)
13; 24; a(33,100) r(32,49) r(34,31) d(35) a(28,95) r(25,94) d(35) a(28,95) r(25,94) a(3,44) d(31) a(3,38) d(28)
14; 12, 3; a(27,51) r(35,80) a(34,28) a(3,56) a(1,158) d(34) r(25,94) r(3,87) a(33,105)
15; 12, 3; r(2,50) r(34,177) d(35) d(34) r(35,84) r(27,51) a(28,95) r(25,94) d(35) a(28,95) r(25,94) a(3,44) r(28,148) d(1) a(31,32) d(33) d(1)
16; 12; a(27,51) r(35,80) a(34,28) a(3,56) a(1,158) d(34) r(25,94) r(3,87) a(31,32) d(33) d(1)
17; 3; r(2,50) r(34,177) d(35) d(34) r(35,84) r(27,51) a(28,95) r(25,94) d(35) a(28,95) r(25,94) a(3,44) r(28,148) d(1) a(33,105)
18; 30; a(27,51) r(35,80) a(34,28) a(34,28) d(34) a(31,50) a(3,76) a(25,52) d(2) a(32,87) r(28,53)
19; 47; a(33,100) r(32,49) r(34,31) d(35) a(28,95) a(25,69) a(1,52) r(1,164)
20; 57, 50; r(2,50) r(34,177) d(35) d(34) r(35,84) r(27,51) a(28,95) r(25,94) d(2) d(25) r(28,38)
21; 57, 50; a(27,51) r(35,80) d(34) a(31,50) a(3,76) a(25,52) d(35) a(28,95) r(25,94) r(27,94) a(32,86) a(2,53) d(33) d(32)
22; 57; r(2,50) r(34,177) d(35) d(34) r(35,84) r(27,51) a(28,95) r(25,94) d(35) a(28,95) r(25,94) r(27,94) a(32,86) a(2,53) d(33) d(32)
23; 50; a(27,51) r(35,80) d(34) a(31,50) a(3,76) a(25,52) d(2) d(25) r(28,38)
24; 12, 41; a(27,51) r(35,80) a(34,28) a(3,56) a(1,158) r(32,50) a(1,78) d(31) d(3) d(2)
25; 12, 41; a(27,51) r(35,80) a(34,28) d(34) a(28,36) d(34) r(25,94) r(3,87) a(31,32) d(33) d(1)
26; 12; a(27,51) r(35,80) a(34,28) a(3,56) a(1,158) d(34) r(25,94) r(3,87) a(31,32) d(33) d(1)
27; 41; a(27,51) r(35,80) a(34,28) d(34) a(28,36) r(32,50) a(1,78) d(31) d(3) d(2)
28; 33; r(31,57) a(34,138) a(1,108) d(34) d(35) a(27,148) d(33) a(27,53) a(34,44) d(33) a(32,50) r(1,49)
29; 12; a(27,51) r(35,80) a(34,28) a(3,56) a(1,158) d(34) r(25,94) r(3,87) a(31,32) d(33) d(1)
30; 2; r(31,57) a(34,138) a(1,108) d(34) a(31,50) a(3,76) a(25,52) a(35,170) r(35,178) r(2,54)
31; 17; r(2,50) r(34,177) d(35) d(34) r(35,84) r(27,51) a(28,95) r(25,94) d(35) a(28,95) r(25,94) r(27,94) a(32,86) r(34,31) d(35) a(28,95) a(25,69) r(31,78) d(33)
32; 10, 18; a(27,51) r(35,80) a(34,28) d(34) a(31,50) r(34,31) d(35) a(28,95) a(25,69) r(31,78) d(33)
33; 10, 18; a(33,100) r(32,49) a(3,76) a(25,52) d(2) d(1) a(27,50)
34; 10; a(27,51) r(35,80) a(34,28) d(34) a(31,50) a(3,76) a(25,52) d(2) d(1) a(27,50)
35; 18; a(33,100) r(32,49) r(34,31) d(35) a(28,95) a(25,69) r(31,78) d(33)
36; 46, 19; r(2,50) a(1,108) d(34) d(32) d(35) r(31,78) r(32,31)
37; 46, 19; r(2,50) r(34,177) d(35) d(34) r(35,84) r(27,51) a(28,95) r(25,94) d(35) a(28,95) r(25,94) r(27,94) a(32,86) a(2,53) d(33) r(28,80)
38; 46; r(2,50) a(1,108) d(34) d(32) d(35) r(31,78) r(28,80)
39; 19; r(2,50) r(34,177) d(35) d(34) r(35,84) r(27,51) a(28,95) r(25,94) d(35) a(28,95) r(25,94) r(27,94) a(32,86) a(2,53) d(33) r(32,31)
40; 38; r(2,50) a(1,108) r(32,50) a(1,78) d(31) d(3) r(35,97)
41; 48; r(2,50) a(1,108) d(34) d(32) d(35) a(1,52) d(1)
42; 33; r(31,57) a(34,138) a(1,108) d(34) d(35) a(27,148) d(33) a(27,53) a(34,44) d(33) a(32,50) r(1,49)
43; 24; a(33,100) r(32,49) r(34,31) d(35) a(28,95) r(25,94) d(35) a(28,95) r(25,94) a(3,44) d(31) a(3,38) d(28)
44; 18; a(33,100) r(32,49) r(34,31) d(35) a(28,95) a(25,69) r(31,78) d(33)
45; 29; a(33,100) r(32,49) r(34,31) d(35) a(28,95) r(25,94) a(28,108) a(34,28) d(34) a(31,50) a(3,76) a(25,52) d(2) a(32,87) r(31,130)
46; 24, 25; a(33,100) r(32,49) d(3) d(33)
47; 24, 25; r(31,57) r(35,80) a(34,28) d(34) a(31,50) r(25,76) d(28) r(34,164) r(35,38) a(27,69) a(28,52) d(31) r(34,31) d(35) a(28,95) r(25,94) d(35) a(28,95) r(25,94) a(3,44) d(31) a(3,38) d(28)
48; 24; a(33,100) r(32,49) r(34,31) d(35) a(28,95) r(25,94) d(35) a(28,95) r(25,94) a(3,44) d(31) a(3,38) d(28)
49; 25; r(31,57) r(35,80) a(34,28) d(34) a(31,50) r(25,76) d(28) r(34,164) r(35,38) a(27,69) a(28,52) d(31) d(3) d(33)
50; 8; a(27,51) d(31) a(3,38) a(33,70)
51; 40; r(2,50) a(1,108) d(34) d(32) d(35) a(1,52) d(31)
52; 25; r(31,57) r(35,80) a(34,28) d(34) a(31,50) r(25,76) d(28) r(34,164) r(35,38) a(27,69) a(28,52) d(31) d(3) d(33)
53; 46; r(2,50) a(1,108) d(34) d(32) d(35) r(31,78) r(28,80)
54; 33, 24; r(31,57) a(34,138) a(1,108) d(34) d(35)
55; 33, 24; a(33,100) r(32,49) r(34,31) d(35) a(28,95) r(25,94) d(35) a(28,95) r(25,94) a(3,44) d(31) a(3,38) d(28) a(27,148) d(33) a(27,53) a(34,44) d(33) a(32,50) r(1,49)
56; 33; r(31,57) a(34,138) a(1,108) d(34) d(35) a(27,148) d(33) a(27,53) a(34,44) d(33) a(32,50) r(1,49)
57; 24; a(33,100) r(32,49) r(34,31) d(35) a(28,95) r(25,94) d(35) a(28,95) r(25,94) a(3,44) d(31) a(3,38) d(28)
58; 46; r(2,50) a(1,108) d(34) d(32) d(35) r(31,78) r(28,80)
59; 24; a(33,100) r(32,49) r(34,31) d(35) a(28,95) r(25,94) d(35) a(28,95) r(25,94) a(3,44) d(31) a(3,38) d(28)
--------------------------------------------------------------------------------
Mutation

0; a(27,51) a(34,138) a(1,108) d(34) d(35) r(27,54) d(32) r(33,70) d(2) a(1,52) d(1)
1; r(2,50) r(34,177) d(35) d(34) r(35,84) r(27,51) a(28,95) r(25,94) d(35) a(28,95) r(25,94) a(3,44) r(28,148) d(1) a(33,105) d(32)
2; a(33,100) d(32) d(35) a(1,52) d(31) a(27,78)
3; r(2,50) a(1,108) d(34) r(32,49) r(34,31) d(35) a(28,95) r(25,94) a(28,108) r(1,80) d(28) a(33,53) a(33,87)
4; a(33,100) r(32,49) r(34,31) d(35) a(28,95) r(25,94) a(28,108) r(1,80) d(28) a(33,53) a(33,176)
5; r(2,50) a(1,108) d(34) d(32) d(35) a(1,52) d(31) a(25,64)
6; a(33,100) r(32,49) r(25,94) d(35) a(28,95) r(25,94) r(27,94) a(32,86) a(2,53) d(33) d(32) r(3,36)
7; r(2,50) r(34,177) d(35) d(34) r(35,84) r(27,51) a(28,95) r(34,31) d(35) a(28,95) a(25,69) a(1,52) r(1,164) d(25)
8; a(33,100) r(32,49) r(34,31) d(35) a(28,95) a(25,69) a(1,52) r(1,164) a(25,33)
9; r(2,50) r(34,177) d(35) d(34) r(35,84) r(27,51) a(28,95) r(25,94) d(35) a(28,95) r(25,94) r(27,94) a(32,86) a(2,53) d(33) d(32) r(31,84)
10; a(27,51) r(35,80) a(34,28) d(34) a(28,36) d(34) d(32) d(35) a(1,52) d(2) d(31) a(3,38) d(28) d(25)
11; a(33,100) r(32,49) r(34,31) d(35) a(28,95) r(25,94) d(35) a(28,95) r(25,94) a(3,44) a(2,148)
12; a(27,51) r(35,80) a(34,28) d(34) a(28,36) d(34) d(32) d(35) a(1,52) d(2) d(33)
13; a(33,100) r(32,49) r(34,31) d(35) a(28,95) r(25,94) d(35) a(28,95) r(25,94) a(3,44) d(31) a(3,38) d(28) a(3,78)
14; a(27,51) r(35,80) a(34,28) a(3,56) a(1,158) d(34) r(25,94) r(3,87) a(33,105) d(2)
15; r(2,50) r(34,177) d(35) d(34) r(35,84) r(27,51) a(28,95) r(25,94) d(35) a(28,95) r(25,94) a(3,44) r(28,148) d(1) a(31,32) d(33) d(1) r(32,36)
16; a(27,51) r(35,80) a(34,28) a(3,56) a(1,158) d(34) r(25,94) r(3,87) a(31,32) d(33) d(1) a(28,148)
17; r(2,50) r(34,177) d(35) d(34) r(35,84) r(27,51) a(28,95) r(25,94) d(35) a(28,95) r(25,94) a(3,44) r(28,148) d(1) a(33,105) d(32)
18; a(27,51) r(35,80) a(34,28) a(34,28) d(34) a(31,50) a(3,76) a(25,52) d(2) a(32,87) r(28,53) r(27,158)
19; a(33,100) r(32,49) r(34,31) d(35) a(28,95) a(25,69) a(1,52) r(1,164) d(33)
20; r(2,50) r(34,177) d(35) d(34) r(35,84) r(27,51) a(28,95) r(25,94) d(2) d(25) r(28,38) a(33,34)
21; a(27,51) r(35,80) d(34) a(31,50) a(3,76) a(25,52) d(35) a(28,95) r(25,94) r(27,94) a(32,86) a(2,53) d(33) d(32) r(3,33)
22; r(2,50) r(34,177) d(35) d(34) r(35,84) r(27,51) a(28,95) r(25,94) d(35) a(28,95) r(25,94) r(27,94) a(32,86) a(2,53) d(33) d(32) r(1,105)
23; a(27,51) r(35,80) d(34) a(31,50) a(3,76) a(25,52) d(2) d(25) r(28,38) r(1,138)
24; a(27,51) r(35,80) a(34,28) a(3,56) a(1,158) r(32,50) a(1,78) d(31) d(3) d(2) d(34)
25; a(27,51) r(35,80) a(34,28) d(34) a(28,36) d(34) r(25,94) r(3,87) a(31,32) d(33) d(1) d(28)
26; a(27,51) r(35,80) a(34,28) a(3,56) a(1,158) d(34) r(25,94) r(3,87) a(31,32) d(33) d(1) d(31)
27; a(27,51) r(35,80) a(34,28) d(34) a(28,36) r(32,50) a(1,78) d(31) d(3) d(2) r(1,35)
28; r(31,57) a(34,138) a(1,108) d(34) d(35) a(27,148) d(33) a(27,53) a(34,44) d(33) a(32,50) r(1,49) a(27,99)
29; a(27,51) r(35,80) a(34,28) a(3,56) a(1,158) d(34) r(25,94) r(3,87) a(31,32) d(33) d(1) d(32)
30; r(31,57) a(34,138) a(1,108) d(34) a(31,50) a(3,76) a(25,52) a(35,170) r(35,178) r(2,54) a(33,138)
31; r(2,50) r(34,177) d(35) d(34) r(35,84) r(27,51) a(28,95) r(25,94) d(35) a(28,95) r(25,94) r(27,94) a(32,86) r(34,31) d(35) a(28,95) a(25,69) r(31,78) d(33) a(28,178)
32; a(27,51) r(35,80) a(34,28) d(34) a(31,50) r(34,31) d(35) a(28,95) a(25,69) r(31,78) d(33) d(25)
33; a(33,100) r(32,49) a(3,76) a(25,52) d(2) d(1) a(27,50) a(34,135)
34; a(27,51) r(35,80) a(34,28) d(34) a(31,50) a(3,76) a(25,52) d(2) d(1) a(27,50) a(28,53)
35; a(33,100) r(32,49) r(34,31) d(35) a(28,95) a(25,69) r(31,78) d(33) a(25,25)
36; r(2,50) a(1,108) d(34) d(32) d(35) r(31,78) r(32,31) a(33,82)
37; r(2,50) r(34,177) d(35) d(34) r(35,84) r(27,51) a(28,95) r(25,94) d(35) a(28,95) r(25,94) r(27,94) a(32,86) a(2,53) d(33) r(28,80) r(1,134)
38; r(2,50) a(1,108) d(34) d(32) d(35) r(31,78) r(28,80) d(1)
39; r(2,50) r(34,177) d(35) d(34) r(35,84) r(27,51) a(28,95) r(25,94) d(35) a(28,95) r(25,94) r(27,94) a(32,86) a(2,53) d(33) r(32,31) d(31)
40; r(2,50) a(1,108) r(32,50) a(1,78) d(31) d(3) r(35,97) d(34)
41; r(2,50) a(1,108) d(34) d(32) d(35) a(1,52) d(1) r(25,100)
42; r(31,57) a(34,138) a(1,108) d(34) d(35) a(27,148) d(33) a(27,53) a(34,44) d(33) a(32,50) r(1,49) d(27)
43; a(33,100) r(32,49) r(34,31) d(35) a(28,95) r(25,94) d(35) a(28,95) r(25,94) a(3,44) d(31) a(3,38) d(28) d(2)
44; a(33,100) r(32,49) r(34,31) d(35) a(28,95) a(25,69) r(31,78) d(33) a(28,34)
45; a(33,100) r(32,49) r(34,31) d(35) a(28,95) r(25,94) a(28,108) a(34,28) d(34) a(31,50) a(3,76) a(25,52) d(2) a(32,87) r(31,130) r(1,69)
46; a(33,100) r(32,49) d(3) d(33) d(1)
47; r(31,57) r(35,80) a(34,28) d(34) a(31,50) r(25,76) d(28) r(34,164) r(35,38) a(27,69) a(28,52) d(31) r(34,31) d(35) a(28,95) r(25,94) d(35) a(28,95) r(25,94) a(3,44) d(31) a(3,38) d(28) a(32,65)
48; a(33,100) r(32,49) r(34,31) d(35) a(28,95) r(25,94) d(35) a(28,95) r(25,94) a(3,44) d(31) a(3,38) d(28) r(3,64)
49; r(31,57) r(35,80) a(34,28) d(34) a(31,50) r(25,76) d(28) r(34,164) r(35,38) a(27,69) a(28,52) d(31) d(3) d(33) d(32)
50; a(27,51) d(31) a(3,38) a(33,70) a(34,54)
51; r(2,50) a(1,108) d(34) d(32) d(35) a(1,52) d(31) a(28,52)
52; r(31,57) r(35,80) a(34,28) d(34) a(31,50) r(25,76) d(28) r(34,164) r(35,38) a(27,69) a(28,52) d(31) d(3) d(33) r(1,69)
53; r(2,50) a(1,108) d(34) d(32) d(35) r(31,78) r(28,80) r(27,158)
54; r(31,57) a(34,138) a(1,108) d(34) d(35) d(27)
55; a(33,100) r(32,49) r(34,31) d(35) a(28,95) r(25,94) d(35) a(28,95) r(25,94) a(3,44) d(31) a(3,38) d(28) a(27,148) d(33) a(27,53) a(34,44) d(33) a(32,50) r(1,49)
56; r(31,57) a(34,138) a(1,108) d(34) d(35) a(27,148) d(33) a(27,53) a(34,44) d(33) a(32,50) r(1,49) a(25,83)
57; a(33,100) r(32,49) r(34,31) d(35) a(28,95) r(25,94) d(35) a(28,95) r(25,94) a(3,44) d(31) a(3,38) d(28) d(1)
58; r(2,50) a(1,108) d(34) d(32) d(35) r(31,78) r(28,80) d(25)
59; a(33,100) r(32,49) r(34,31) d(35) a(28,95) r(25,94) d(35) a(28,95) r(25,94) a(3,44) d(31) a(3,38) d(28) a(1,25)
--------------------------------------------------------------------------------
Evaluation

0; 0.
1; 0.
2; 0.
3; 0.
4; 0.
5; 0.
6; 0.
7; 0.
8; 0.
9; 0.
10; 0.
11; 0.
12; 0.
13; 0.
14; 0.
15; 0.
16; 0.
17; 0.
18; 0.
19; 0.
20; 0.
21; 0.
22; 12.
23; 0.
24; 0.
25; 0.
26; 0.
27; 0.
28; 0.
29; 0.
30; 0.
31; 0.
32; 0.
33; 0.
34; 0.
35; 0.
36; 0.
37; 12.
38; 0.
39; 0.
40; 0.
41; 0.
42; 0.
43; 0.
44; 0.
45; 0.
46; 0.
47; 0.
48; 0.
49; 0.
50; 0.
51; 0.
52; 0.
53; 0.
54; 0.
55; 0.
56; 0.
57; 0.
58; 0.
59; 0.
