================================================================================
Enclosure

1: 0
2: 1
3: 2
4: 3
7: 1
8: 7
10: 0
12: 0
14: 0
15: 0
16: 15
17: 15
22: 7
23: 1
24: 1
25: 0
26: 25
27: 25
28: 0
29: 28
30: 28
31: 28
32: 0
33: 0
34: 33
35: 33
36: 33
37: 0
38: 0
39: 38
40: 38
41: 40
42: 40
43: 40
44: 38
45: 0
46: 0
47: 0
48: 0
49: 0
50: 49
51: 49
52: 49
53: 52
54: 52
55: 52
56: 55
57: 56
60: 49
61: 49
62: 61
64: 49
65: 49
67: 0
69: 67
70: 0
72: 0
75: 49
76: 0
77: 0
78: 77
79: 77
80: 79
82: 77
83: 77
84: 83
85: 83
86: 77
87: 77
89: 0
90: 0
94: 0
95: 94
96: 94
97: 96
99: 94
100: 94
102: 0
105: 0
106: 0
107: 106
108: 107
110: 106
111: 110
112: 110
113: 106
114: 106
115: 0
116: 115
117: 115
118: 117
119: 117
120: 119
121: 119
122: 117
123: 115
124: 0
125: 0
126: 0
127: 126
128: 126
129: 126
130: 129
132: 126
133: 126
134: 133
135: 133
136: 126
138: 136
139: 126
140: 126
141: 126
142: 0
143: 142
144: 143
146: 142
147: 0
148: 0
149: 0
150: 0
151: 150
152: 150
153: 150
154: 150
155: 150
156: 155
158: 155
159: 150
160: 159
161: 159
162: 161
164: 159
165: 150
166: 165
167: 165
168: 167
169: 167
170: 165
171: 150
172: 150
173: 150
174: 173
176: 173
177: 150
178: 0
================================================================================
Initialisation

0; d(34); 4.
1; d(33); 4.
2; d(34); 4.
3; a(35,158); 4.
4; d(34); 4.
5; a(35,1); 4.
6; r(34,32); 4.
7; r(35,80); 4.
8; d(35); 4.
9; d(35); 4.
10; d(2); 0.
11; r(34,134); 4.
12; d(1); 4.
13; d(25); 4.
14; d(34); 4.
15; r(34,28); 4.
16; a(35,25); 4.
17; r(35,44); 4.
18; r(34,49); 4.
19; d(3); 12.
20; r(34,130); 4.
21; d(2); 0.
22; a(25,77); 0.
23; r(35,54); 4.
24; d(35); 4.
25; a(35,80); 4.
26; a(25,31); 4.
27; a(33,130); 4.
28; r(34,130); 4.
29; d(35); 4.
30; d(35); 4.
31; a(33,37); 4.
32; d(27); 4.
33; a(35,54); 4.
34; a(34,95); 4.
35; a(34,77); 4.
36; r(35,28); 4.
37; r(35,51); 4.
38; d(35); 4.
39; original; 4.
================================================================================
Generation 1

--------------------------------------------------------------------------------
Selection

0; 6
1; 15
2; 11
3; 26
4; 39
5; 39
6; 10
7; 1
8; 29
9; 7
10; 15
11; 18
12; 12
13; 2
14; 18
15; 31
16; 39
17; 4
18; 30
19; 2
20; 30
21; 9
22; 10
23; 35
24; 13
25; 4
26; 30
27; 6
28; 17
29; 3
30; 35
31; 12
32; 5
33; 39
34; 0
35; 8
36; 8
37; 9
38; 35
39; 17
--------------------------------------------------------------------------------
Crossover

0; 15; r(34,28)
1; 7; r(35,80)
2; 3, 18; a(35,158)
3; 3, 18; r(34,49)
4; 3; a(35,158)
5; 18; r(34,49)
6; 4; d(34)
7; 39; original
8; 9, 30; d(35)
9; 9, 30; d(35)
10; 9; d(35)
11; 30; d(35)
12; 9, 6; d(35)
13; 9, 6; r(34,32)
14; 9; d(35)
15; 6; r(34,32)
16; 4; d(34)
17; 11; r(34,134)
18; 5, 31; a(35,1)
19; 5, 31; a(33,37)
20; 5; a(35,1)
21; 31; a(33,37)
22; 8, 2; d(35)
23; 8, 2; d(34)
24; 8; d(35)
25; 2; d(34)
26; 15; r(34,28)
27; 29; d(35)
28; 2; d(34)
29; 10; d(2)
30; 30, 12; d(35)
31; 30, 12; d(1)
32; 30; d(35)
33; 12; d(1)
34; 39, 39; original
35; 39, 39; original
36; 39; original
37; 39; original
38; 35, 30; a(34,77)
39; 35, 30; d(35)
40; 35; a(34,77)
41; 30; d(35)
42; 17; r(35,44)
43; 17; r(35,44)
44; 18, 39; r(34,49)
45; 18, 39; original
46; 18; r(34,49)
47; 39; original
48; 10, 26; d(2)
49; 10, 26; a(25,31)
50; 10; d(2)
51; 26; a(25,31)
52; 13, 35; d(25)
53; 13, 35; a(34,77)
54; 13; d(25)
55; 35; a(34,77)
56; 12; d(1)
57; 8; d(35)
58; 1, 0; d(33)
59; 1, 0; d(34)
60; 1; d(33)
61; 0; d(34)
62; 35, 6; a(34,77)
63; 35, 6; r(34,32)
64; 35; a(34,77)
65; 6; r(34,32)
--------------------------------------------------------------------------------
Mutation

0; r(34,28) d(35)
1; r(35,80) r(34,97)
2; a(35,158) r(32,77)
3; r(34,49) r(27,70)
4; a(35,158) d(34)
5; r(34,49) a(35,97)
6; d(34) r(27,49)
7; a(34,64)
8; d(35) d(33)
9; d(35) r(33,76)
10; d(35) a(32,53)
11; d(35) r(27,164)
12; d(35) r(34,35)
13; r(34,32) r(33,48)
14; d(35) d(34)
15; r(34,32) d(35)
16; d(34) r(35,177)
17; r(34,134) r(35,130)
18; a(35,1) r(34,130)
19; a(33,37) r(35,177)
20; a(35,1) r(34,77)
21; a(33,37) r(35,36)
22; d(35) r(28,82)
23; d(34) d(27)
24; d(35) d(34)
25; d(34) a(35,97)
26; r(34,28) d(35)
27; d(35) a(34,99)
28; d(34) d(28)
29; d(2) a(25,177)
30; d(35) r(34,53)
31; d(1) a(32,99)
32; d(35) a(2,176)
33; d(1) a(27,38)
34; d(32)
35; r(35,130)
36; d(28)
37; r(34,38)
38; a(34,77) d(34)
39; d(35) d(34)
40; a(34,77) d(33)
41; d(35) d(32)
42; r(35,44) a(34,44)
43; r(35,44) a(34,100)
44; r(34,49) a(28,47)
45; r(2,148)
46; r(34,49) d(27)
47; d(35)
48; d(2) d(25)
49; a(25,31) a(28,28)
50; d(2) d(35)
51; a(25,31) d(35)
52; d(25) r(35,176)
53; a(34,77) r(27,57)
54; d(25) d(33)
55; a(34,77) d(35)
56; d(1) d(27)
57; d(35) r(34,87)
58; d(33) a(32,158)
59; d(34) a(35,52)
60; d(33) r(2,56)
61; d(34) r(2,31)
62; a(34,77) r(35,36)
63; r(34,32) a(35,148)
64; a(34,77) d(28)
65; r(34,32) r(35,95)
--------------------------------------------------------------------------------
Evaluation

0; 4.
1; 4.
2; 0.
3; 4.
4; 4.
5; 4.
6; 0.
7; 4.
8; 4.
9; 4.
10; 4.
11; 4.
12; 4.
13; 4.
14; 4.
15; 4.
16; 4.
17; 4.
18; 4.
19; 4.
20; 4.
21; 4.
22; 0.
23; 4.
24; 4.
25; 4.
26; 4.
27; 4.
28; 0.
29; 0.
30; 4.
31; 4.
32; 4.
33; 4.
34; 0.
35; 4.
36; 0.
37; 4.
38; 4.
39; 4.
40; 4.
41; 0.
42; 4.
43; 4.
44; 0.
45; 0.
46; 4.
47; 4.
48; 0.
49; 4.
50; 0.
51; 4.
52; 4.
53; 4.
54; 4.
55; 4.
56; 4.
57; 4.
58; 4.
59; 4.
60; 0.
61; 0.
62; 4.
63; 4.
64; 0.
65; 4.
================================================================================
Generation 2

--------------------------------------------------------------------------------
Selection

0; 16
1; 37
2; 29
3; 17
4; 6
5; 46
6; 28
7; 32
8; 55
9; 58
10; 11
11; 46
12; 5
13; 47
14; 7
15; 44
16; 36
17; 43
18; 19
19; 31
20; 13
21; 44
22; 29
23; 59
24; 34
25; 60
26; 13
27; 47
28; 6
29; 57
30; 29
31; 57
32; 4
33; 51
34; 53
35; 64
36; 1
37; 29
38; 50
39; 45
--------------------------------------------------------------------------------
Crossover

0; 36, 51; d(28)
1; 36, 51; a(25,31) d(35)
2; 36; d(28)
3; 51; a(25,31) d(35)
4; 29; d(2) a(25,177)
5; 13; r(34,32) r(33,48)
6; 50, 6; d(2) d(35)
7; 50, 6; d(34) r(27,49)
8; 50; d(2) d(35)
9; 6; d(34) r(27,49)
10; 29; d(2) a(25,177)
11; 13; r(34,32) r(33,48)
12; 34; d(32)
13; 16; d(34) r(35,177)
14; 57; d(35) r(34,87)
15; 45; r(2,148)
16; 53, 44; a(34,77) r(27,57) a(28,47)
17; 53, 44; r(34,49)
18; 53; a(34,77) r(27,57)
19; 44; r(34,49) a(28,47)
20; 5, 43; r(34,49)
21; 5, 43; r(35,44) a(34,100) a(35,97)
22; 5; r(34,49) a(35,97)
23; 43; r(35,44) a(34,100)
24; 60, 1; d(33)
25; 60, 1; r(35,80) r(34,97) r(2,56)
26; 60; d(33) r(2,56)
27; 1; r(35,80) r(34,97)
28; 19; a(33,37) r(35,177)
29; 55; a(34,77) d(35)
30; 47, 4; d(35) d(34)
31; 47, 4; a(35,158)
32; 47; d(35)
33; 4; a(35,158) d(34)
34; 29, 17; d(2)
35; 29, 17; r(34,134) r(35,130) a(25,177)
36; 29; d(2) a(25,177)
37; 17; r(34,134) r(35,130)
38; 57; d(35) r(34,87)
39; 64; a(34,77) d(28)
40; 46; r(34,49) d(27)
41; 31; d(1) a(32,99)
42; 46, 37; r(34,49) d(27)
43; 46, 37; r(34,38)
44; 46; r(34,49) d(27)
45; 37; r(34,38)
46; 6, 11; d(34)
47; 6, 11; d(35) r(27,164) r(27,49)
48; 6; d(34) r(27,49)
49; 11; d(35) r(27,164)
50; 59; d(34) a(35,52)
51; 47; d(35)
52; 7, 28; a(34,64)
53; 7, 28; d(34) d(28)
54; 7; a(34,64)
55; 28; d(34) d(28)
56; 44, 32; r(34,49)
57; 44, 32; d(35) a(2,176) a(28,47)
58; 44; r(34,49) a(28,47)
59; 32; d(35) a(2,176)
60; 29, 58; d(2)
61; 29, 58; d(33) a(32,158) a(25,177)
62; 29; d(2) a(25,177)
63; 58; d(33) a(32,158)
--------------------------------------------------------------------------------
Mutation

0; d(28) a(34,134)
1; a(25,31) d(35) r(34,38)
2; d(28) a(34,130)
3; a(25,31) d(35) r(34,47)
4; d(2) a(25,177) d(35)
5; r(34,32) r(33,48) d(27)
6; d(2) d(35) a(34,94)
7; d(34) r(27,49) a(35,51)
8; d(2) d(35) a(34,28)
9; d(34) r(27,49) a(1,32)
10; d(2) a(25,177) a(34,78)
11; r(34,32) r(33,48) a(25,78)
12; d(32) a(34,34)
13; d(34) r(35,177) a(2,177)
14; d(35) r(34,87) r(1,78)
15; r(2,148) r(34,134)
16; a(34,77) r(27,57) a(28,47) d(35)
17; r(34,49) a(35,45)
18; a(34,77) r(27,57) a(35,77)
19; r(34,49) a(28,47) r(35,135)
20; r(34,49) d(32)
21; r(35,44) a(34,100) a(35,97) r(34,138)
22; r(34,49) a(35,97) d(35)
23; r(35,44) a(34,100) r(34,52)
24; d(33) r(3,37)
25; r(35,80) r(34,97) r(2,56) a(25,112)
26; d(33) r(2,56) r(31,83)
27; r(35,80) r(34,97) r(25,82)
28; a(33,37) r(35,177) a(34,76)
29; a(34,77) d(35) r(34,53)
30; d(35) d(34) a(32,49)
31; a(35,158) d(33)
32; d(35) d(34)
33; a(35,158) d(34) d(35)
34; d(2) r(34,82)
35; r(34,134) r(35,130) a(25,177) a(3,35)
36; d(2) a(25,177) a(31,76)
37; r(34,134) r(35,130) r(3,49)
38; d(35) r(34,87) a(33,52)
39; a(34,77) d(28) d(34)
40; r(34,49) d(27) r(35,86)
41; d(1) a(32,99) d(34)
42; r(34,49) d(27) d(35)
43; r(34,38) a(27,52)
44; r(34,49) d(27) d(35)
45; r(34,38) d(35)
46; d(34) a(25,54)
47; d(35) r(27,164) r(27,49) r(34,97)
48; d(34) r(27,49) r(35,176)
49; d(35) r(27,164) a(34,86)
50; d(34) a(35,52) d(31)
51; d(35) r(34,36)
52; a(34,64) r(35,33)
53; d(34) d(28) d(35)
54; a(34,64) a(35,60)
55; d(34) d(28) d(35)
56; r(34,49) a(25,57)
57; d(35) a(2,176) a(28,47) d(34)
58; r(34,49) a(28,47) d(3)
59; d(35) a(2,176) a(1,158)
60; d(2) r(34,48)
61; d(33) a(32,158) a(25,177) d(1)
62; d(2) a(25,177) d(34)
63; d(33) a(32,158) d(32)
--------------------------------------------------------------------------------
Evaluation

0; 12.
1; 4.
2; 0.
3; 4.
4; 0.
5; 4.
6; 0.
7; 0.
8; 0.
9; 0.
10; 0.
11; 0.
12; 0.
13; 4.
14; 0.
15; 0.
16; 0.
17; 4.
18; 4.
19; 0.
20; 0.
21; 4.
22; 4.
23; 4.
24; 12.
25; 0.
26; 0.
27; 0.
28; 4.
29; 4.
30; 4.
31; 4.
32; 4.
33; 4.
34; 0.
35; 4.
36; 0.
37; 0.
38; 4.
39; 0.
40; 4.
41; 4.
42; 4.
43; 0.
44; 4.
45; 4.
46; 4.
47; 4.
48; 0.
49; 4.
50; 0.
51; 4.
52; 4.
53; 0.
54; 4.
55; 0.
56; 4.
57; 0.
58; 12.
59; 4.
60; 0.
61; 4.
62; 0.
63; 0.
================================================================================
Generation 3

--------------------------------------------------------------------------------
Selection

0; 34
1; 55
2; 39
3; 38
4; 27
5; 36
6; 44
7; 8
8; 56
9; 15
10; 39
11; 22
12; 4
13; 55
14; 23
15; 9
16; 48
17; 50
18; 39
19; 60
20; 15
21; 54
22; 2
23; 59
24; 12
25; 16
26; 38
27; 36
28; 25
29; 14
30; 17
31; 62
32; 4
33; 44
34; 11
35; 51
36; 40
37; 55
38; 29
39; 37
--------------------------------------------------------------------------------
Crossover

0; 15, 15; r(2,148)
1; 15, 15; r(2,148) r(34,134) r(34,134)
2; 15; r(2,148) r(34,134)
3; 15; r(2,148) r(34,134)
4; 40; r(34,49) d(27) r(35,86)
5; 55; d(34) d(28) d(35)
6; 9, 4; d(34) r(27,49) a(1,32) d(35)
7; 9, 4; d(2) a(25,177)
8; 9; d(34) r(27,49) a(1,32)
9; 4; d(2) a(25,177) d(35)
10; 62, 44; d(2) a(25,177) d(34) d(35)
11; 62, 44; r(34,49) d(27)
12; 62; d(2) a(25,177) d(34)
13; 44; r(34,49) d(27) d(35)
14; 36, 34; d(2) a(25,177) a(31,76)
15; 36, 34; d(2) r(34,82)
16; 36; d(2) a(25,177) a(31,76)
17; 34; d(2) r(34,82)
18; 2; d(28) a(34,130)
19; 60; d(2) r(34,48)
20; 14; d(35) r(34,87) r(1,78)
21; 39; a(34,77) d(28) d(34)
22; 38; d(35) r(34,87) a(33,52)
23; 50; d(34) a(35,52) d(31)
24; 56; r(34,49) a(25,57)
25; 59; d(35) a(2,176) a(1,158)
26; 55; d(34) d(28) d(35)
27; 48; d(34) r(27,49) r(35,176)
28; 51; d(35) r(34,36)
29; 17; r(34,49) a(35,45)
30; 36, 11; d(2) a(25,177) a(31,76) r(33,48) a(25,78)
31; 36, 11; r(34,32)
32; 36; d(2) a(25,177) a(31,76)
33; 11; r(34,32) r(33,48) a(25,78)
34; 54; a(34,64) a(35,60)
35; 44; r(34,49) d(27) d(35)
36; 27, 25; r(35,80) a(25,112)
37; 27, 25; r(35,80) r(34,97) r(2,56) r(34,97) r(25,82)
38; 27; r(35,80) r(34,97) r(25,82)
39; 25; r(35,80) r(34,97) r(2,56) a(25,112)
40; 37; r(34,134) r(35,130) r(3,49)
41; 22; r(34,49) a(35,97) d(35)
42; 16, 39; a(34,77) r(27,57) a(28,47) d(34)
43; 16, 39; a(34,77) d(28) d(35)
44; 16; a(34,77) r(27,57) a(28,47) d(35)
45; 39; a(34,77) d(28) d(34)
46; 8; d(2) d(35) a(34,28)
47; 55; d(34) d(28) d(35)
48; 39; a(34,77) d(28) d(34)
49; 29; a(34,77) d(35) r(34,53)
50; 4, 23; d(2) a(25,177)
51; 4, 23; r(35,44) a(34,100) r(34,52) d(35)
52; 4; d(2) a(25,177) d(35)
53; 23; r(35,44) a(34,100) r(34,52)
54; 38, 12; d(35) r(34,87) a(34,34)
55; 38, 12; d(32) a(33,52)
56; 38; d(35) r(34,87) a(33,52)
57; 12; d(32) a(34,34)
--------------------------------------------------------------------------------
Mutation

0; r(2,148) d(34)
1; r(2,148) r(34,134) r(34,134) a(35,130)
2; r(2,148) r(34,134) a(1,54)
3; r(2,148) r(34,134) r(28,135)
4; r(34,49) d(27) r(35,86) r(25,64)
5; d(34) d(28) d(35) a(32,1)
6; d(34) r(27,49) a(1,32) d(35) d(32)
7; d(2) a(25,177) d(34)
8; d(34) r(27,49) a(1,32) d(35)
9; d(2) a(25,177) d(35) a(34,45)
10; d(2) a(25,177) d(34) d(35) r(31,57)
11; r(34,49) d(27) a(25,62)
12; d(2) a(25,177) d(34) a(35,57)
13; r(34,49) d(27) d(35) r(2,86)
14; d(2) a(25,177) a(31,76) d(34)
15; d(2) r(34,82) a(35,46)
16; d(2) a(25,177) a(31,76) a(34,70)
17; d(2) r(34,82) a(28,53)
18; d(28) a(34,130) a(34,38)
19; d(2) r(34,48) r(32,100)
20; d(35) r(34,87) r(1,78) a(32,82)
21; a(34,77) d(28) d(34) d(35)
22; d(35) r(34,87) a(33,52) r(31,95)
23; d(34) a(35,52) d(31) d(35)
24; r(34,49) a(25,57) d(32)
25; d(35) a(2,176) a(1,158) d(31)
26; d(34) d(28) d(35) a(1,164)
27; d(34) r(27,49) r(35,176) d(28)
28; d(35) r(34,36) d(3)
29; r(34,49) a(35,45) d(35)
30; d(2) a(25,177) a(31,76) r(33,48) a(25,78) r(1,178)
31; r(34,32) a(35,28)
32; d(2) a(25,177) a(31,76) a(35,51)
33; r(34,32) r(33,48) a(25,78) r(1,28)
34; a(34,64) a(35,60) r(32,138)
35; r(34,49) d(27) d(35) d(3)
36; r(35,80) a(25,112) a(34,76)
37; r(35,80) r(34,97) r(2,56) r(34,97) r(25,82) a(32,47)
38; r(35,80) r(34,97) r(25,82) r(1,176)
39; r(35,80) r(34,97) r(2,56) a(25,112) d(31)
40; r(34,134) r(35,130) r(3,49) a(2,57)
41; r(34,49) a(35,97) d(35) r(31,77)
42; a(34,77) r(27,57) a(28,47) d(34) r(31,48)
43; a(34,77) d(28) d(35) r(34,64)
44; a(34,77) r(27,57) a(28,47) d(35) a(34,76)
45; a(34,77) d(28) d(34) d(35)
46; d(2) d(35) a(34,28) a(32,148)
47; d(34) d(28) d(35) d(32)
48; a(34,77) d(28) d(34) d(35)
49; a(34,77) d(35) r(34,53) d(1)
50; d(2) a(25,177) a(35,86)
51; r(35,44) a(34,100) r(34,52) d(35) r(32,34)
52; d(2) a(25,177) d(35) d(32)
53; r(35,44) a(34,100) r(34,52) d(25)
54; d(35) r(34,87) a(34,34) r(27,31)
55; d(32) a(33,52) a(34,36)
56; d(35) r(34,87) a(33,52) a(28,1)
57; d(32) a(34,34) a(34,138)
--------------------------------------------------------------------------------
Evaluation

0; 0.
1; 0.
2; 0.
3; 0.
4; 4.
5; 0.
6; 0.
7; 0.
8; 0.
9; 0.
10; 0.
11; 4.
12; 0.
13; 0.
14; 0.
15; 0.
16; 0.
17; 0.
18; 0.
19; 0.
20; 0.
21; 0.
22; 0.
23; 0.
24; 0.
25; 0.
26; 0.
27; 0.
28; 12.
29; 4.
30; 12.
31; 4.
32; 0.
33; 0.
34; 0.
35; 12.
36; 4.
37; 0.
38; 0.
39; 0.
40; 0.
41; 0.
42; 0.
43; 0.
44; 0.
45; 0.
46; 0.
47; 0.
48; 0.
49; 4.
50; 0.
51; 0.
52; 0.
53; 4.
54; 4.
55; 0.
56; 4.
57; 0.
================================================================================
Generation 4

--------------------------------------------------------------------------------
Selection

0; 16
1; 45
2; 24
3; 49
4; 13
5; 26
6; 5
7; 47
8; 2
9; 22
10; 22
11; 15
12; 43
13; 55
14; 16
15; 34
16; 57
17; 38
18; 0
19; 2
20; 43
21; 26
22; 44
23; 8
24; 13
25; 33
26; 47
27; 24
28; 2
29; 26
30; 34
31; 47
32; 40
33; 1
34; 27
35; 37
36; 22
37; 16
38; 44
39; 17
--------------------------------------------------------------------------------
Crossover

0; 13, 37; r(34,49) d(27) d(35)
1; 13, 37; r(35,80) r(34,97) r(2,56) r(34,97) r(25,82) a(32,47) r(2,86)
2; 13; r(34,49) d(27) d(35) r(2,86)
3; 37; r(35,80) r(34,97) r(2,56) r(34,97) r(25,82) a(32,47)
4; 22; d(35) r(34,87) a(33,52) r(31,95)
5; 13; r(34,49) d(27) d(35) r(2,86)
6; 2, 5; r(2,148) r(34,134)
7; 2, 5; d(34) d(28) d(35) a(32,1) a(1,54)
8; 2; r(2,148) r(34,134) a(1,54)
9; 5; d(34) d(28) d(35) a(32,1)
10; 26, 17; d(34) d(28) d(35) a(1,164) r(34,82) a(28,53)
11; 26, 17; d(2)
12; 26; d(34) d(28) d(35) a(1,164)
13; 17; d(2) r(34,82) a(28,53)
14; 8, 44; d(34) r(27,49) a(28,47) d(35) a(34,76)
15; 8, 44; a(34,77) r(27,57) a(1,32) d(35)
16; 8; d(34) r(27,49) a(1,32) d(35)
17; 44; a(34,77) r(27,57) a(28,47) d(35) a(34,76)
18; 0; r(2,148) d(34)
19; 2; r(2,148) r(34,134) a(1,54)
20; 26; d(34) d(28) d(35) a(1,164)
21; 40; r(34,134) r(35,130) r(3,49) a(2,57)
22; 47, 22; d(34) d(28) d(35) r(31,95)
23; 47, 22; d(35) r(34,87) a(33,52) d(32)
24; 47; d(34) d(28) d(35) d(32)
25; 22; d(35) r(34,87) a(33,52) r(31,95)
26; 16; d(2) a(25,177) a(31,76) a(34,70)
27; 22; d(35) r(34,87) a(33,52) r(31,95)
28; 44; a(34,77) r(27,57) a(28,47) d(35) a(34,76)
29; 24; r(34,49) a(25,57) d(32)
30; 38; r(35,80) r(34,97) r(25,82) r(1,176)
31; 47; d(34) d(28) d(35) d(32)
32; 34, 16; a(34,64) a(34,70)
33; 34, 16; d(2) a(25,177) a(31,76) a(35,60) r(32,138)
34; 34; a(34,64) a(35,60) r(32,138)
35; 16; d(2) a(25,177) a(31,76) a(34,70)
36; 26, 34; d(34) d(28) d(35)
37; 26, 34; a(34,64) a(35,60) r(32,138) a(1,164)
38; 26; d(34) d(28) d(35) a(1,164)
39; 34; a(34,64) a(35,60) r(32,138)
40; 43; a(34,77) d(28) d(35) r(34,64)
41; 43; a(34,77) d(28) d(35) r(34,64)
42; 27, 24; d(34) r(27,49) d(32)
43; 27, 24; r(34,49) a(25,57) r(35,176) d(28)
44; 27; d(34) r(27,49) r(35,176) d(28)
45; 24; r(34,49) a(25,57) d(32)
46; 33; r(34,32) r(33,48) a(25,78) r(1,28)
47; 16; d(2) a(25,177) a(31,76) a(34,70)
48; 15, 47; d(2) d(28) d(35) d(32)
49; 15, 47; d(34) r(34,82) a(35,46)
50; 15; d(2) r(34,82) a(35,46)
51; 47; d(34) d(28) d(35) d(32)
52; 57, 55; d(32) a(34,34)
53; 57, 55; d(32) a(33,52) a(34,36) a(34,138)
54; 57; d(32) a(34,34) a(34,138)
55; 55; d(32) a(33,52) a(34,36)
56; 49, 1; a(34,77) d(35) r(34,53)
57; 49, 1; r(2,148) r(34,134) r(34,134) a(35,130) d(1)
58; 49; a(34,77) d(35) r(34,53) d(1)
59; 1; r(2,148) r(34,134) r(34,134) a(35,130)
60; 2, 45; r(2,148)
61; 2, 45; a(34,77) d(28) d(34) d(35) r(34,134) a(1,54)
62; 2; r(2,148) r(34,134) a(1,54)
63; 45; a(34,77) d(28) d(34) d(35)
--------------------------------------------------------------------------------
Mutation

0; r(34,49) d(27) d(35) a(31,65)
1; r(35,80) r(34,97) r(2,56) r(34,97) r(25,82) a(32,47) r(2,86) d(1)
2; r(34,49) d(27) d(35) r(2,86) r(31,37)
3; r(35,80) r(34,97) r(2,56) r(34,97) r(25,82) a(32,47) r(33,94)
4; d(35) r(34,87) a(33,52) r(31,95) a(32,178)
5; r(34,49) d(27) d(35) r(2,86) d(31)
6; r(2,148) r(34,134) r(35,105)
7; d(34) d(28) d(35) a(32,1) a(1,54) r(25,69)
8; r(2,148) r(34,134) a(1,54) r(1,31)
9; d(34) d(28) d(35) a(32,1) r(32,112)
10; d(34) d(28) d(35) a(1,164) r(34,82) a(28,53) d(33)
11; d(2) a(1,28)
12; d(34) d(28) d(35) a(1,164) r(2,53)
13; d(2) r(34,82) a(28,53) r(35,158)
14; d(34) r(27,49) a(28,47) d(35) a(34,76) d(25)
15; a(34,77) r(27,57) a(1,32) d(35) a(34,97)
16; d(34) r(27,49) a(1,32) d(35) a(25,164)
17; a(34,77) r(27,57) a(28,47) d(35) a(34,76) a(31,49)
18; r(2,148) d(34) a(35,52)
19; r(2,148) r(34,134) a(1,54) r(35,177)
20; d(34) d(28) d(35) a(1,164) d(27)
21; r(34,134) r(35,130) r(3,49) a(2,57) a(28,46)
22; d(34) d(28) d(35) r(31,95) d(1)
23; d(35) r(34,87) a(33,52) d(32) a(31,49)
24; d(34) d(28) d(35) d(32) a(33,33)
25; d(35) r(34,87) a(33,52) r(31,95) d(2)
26; d(2) a(25,177) a(31,76) a(34,70) r(35,105)
27; d(35) r(34,87) a(33,52) r(31,95) r(3,50)
28; a(34,77) r(27,57) a(28,47) d(35) a(34,76) d(3)
29; r(34,49) a(25,57) d(32) r(35,134)
30; r(35,80) r(34,97) r(25,82) r(1,176) d(32)
31; d(34) d(28) d(35) d(32) d(2)
32; a(34,64) a(34,70) a(35,62)
33; d(2) a(25,177) a(31,76) a(35,60) r(32,138) a(34,95)
34; a(34,64) a(35,60) r(32,138) a(35,53)
35; d(2) a(25,177) a(31,76) a(34,70) a(34,49)
36; d(34) d(28) d(35) d(1)
37; a(34,64) a(35,60) r(32,138) a(1,164) r(34,94)
38; d(34) d(28) d(35) a(1,164) d(2)
39; a(34,64) a(35,60) r(32,138) r(35,69)
40; a(34,77) d(28) d(35) r(34,64) d(27)
41; a(34,77) d(28) d(35) r(34,64) d(32)
42; d(34) r(27,49) d(32) r(35,36)
43; r(34,49) a(25,57) r(35,176) d(28) d(32)
44; d(34) r(27,49) r(35,176) d(28) a(2,69)
45; r(34,49) a(25,57) d(32) d(35)
46; r(34,32) r(33,48) a(25,78) r(1,28) d(31)
47; d(2) a(25,177) a(31,76) a(34,70) d(35)
48; d(2) d(28) d(35) d(32) a(25,50)
49; d(34) r(34,82) a(35,46) d(35)
50; d(2) r(34,82) a(35,46) a(35,108)
51; d(34) d(28) d(35) d(32) d(2)
52; d(32) a(34,34) d(35)
53; d(32) a(33,52) a(34,36) a(34,138) a(34,70)
54; d(32) a(34,34) a(34,138) d(35)
55; d(32) a(33,52) a(34,36) d(35)
56; a(34,77) d(35) r(34,53) d(1)
57; r(2,148) r(34,134) r(34,134) a(35,130) d(1) r(35,84)
58; a(34,77) d(35) r(34,53) d(1) d(28)
59; r(2,148) r(34,134) r(34,134) a(35,130) r(31,65)
60; r(2,148) a(35,105)
61; a(34,77) d(28) d(34) d(35) r(34,134) a(1,54) r(32,44)
62; r(2,148) r(34,134) a(1,54) d(35)
63; a(34,77) d(28) d(34) d(35) d(3)
--------------------------------------------------------------------------------
Evaluation

0; 4.
1; 0.
2; 0.
3; 0.
4; 0.
5; 0.
6; 0.
7; 0.
8; 4.
9; 0.
10; 0.
11; 0.
12; 0.
13; 0.
14; 0.
15; 4.
16; 0.
17; 0.
18; 0.
19; 0.
20; 0.
21; 0.
22; 0.
23; 0.
24; 0.
25; 0.
26; 0.
27; 12.
28; 12.
29; 0.
30; 0.
31; 0.
32; 4.
33; 0.
34; 0.
35; 0.
36; 0.
37; 0.
38; 0.
39; 0.
40; 0.
41; 0.
42; 0.
43; 0.
44; 0.
45; 0.
46; 0.
47; 0.
48; 0.
49; 4.
50; 0.
51; 0.
52; 0.
53; 0.
54; 0.
55; 0.
56; 4.
57; 4.
58; 0.
59; 0.
60; 0.
61; 0.
62; 0.
63; 12.
================================================================================
Generation 5

--------------------------------------------------------------------------------
Selection

0; 44
1; 30
2; 19
3; 18
4; 48
5; 60
6; 0
7; 53
8; 23
9; 53
10; 35
11; 17
12; 61
13; 21
14; 21
15; 50
16; 55
17; 60
18; 61
19; 17
20; 35
21; 39
22; 31
23; 33
24; 47
25; 17
26; 3
27; 39
28; 14
29; 1
30; 35
31; 59
32; 38
33; 42
34; 54
35; 31
36; 23
37; 17
38; 26
39; 54
--------------------------------------------------------------------------------
Crossover

0; 53; d(32) a(33,52) a(34,36) a(34,138) a(34,70)
1; 18; r(2,148) d(34) a(35,52)
2; 39, 55; a(34,64) a(33,52) a(34,36) d(35)
3; 39, 55; d(32) a(35,60) r(32,138) r(35,69)
4; 39; a(34,64) a(35,60) r(32,138) r(35,69)
5; 55; d(32) a(33,52) a(34,36) d(35)
6; 54; d(32) a(34,34) a(34,138) d(35)
7; 17; a(34,77) r(27,57) a(28,47) d(35) a(34,76) a(31,49)
8; 60, 35; r(2,148) a(35,105) a(31,76) a(34,70) a(34,49)
9; 60, 35; d(2) a(25,177)
10; 60; r(2,148) a(35,105)
11; 35; d(2) a(25,177) a(31,76) a(34,70) a(34,49)
12; 61, 23; a(34,77) d(28) d(34) d(35) r(34,134) a(31,49)
13; 61, 23; d(35) r(34,87) a(33,52) d(32) a(1,54) r(32,44)
14; 61; a(34,77) d(28) d(34) d(35) r(34,134) a(1,54) r(32,44)
15; 23; d(35) r(34,87) a(33,52) d(32) a(31,49)
16; 39, 21; a(34,64)
17; 39, 21; r(34,134) r(35,130) r(3,49) a(2,57) a(28,46) a(35,60) r(32,138) r(35,69)
18; 39; a(34,64) a(35,60) r(32,138) r(35,69)
19; 21; r(34,134) r(35,130) r(3,49) a(2,57) a(28,46)
20; 21, 31; r(34,134) r(35,130) r(3,49) d(35) d(32) d(2)
21; 21, 31; d(34) d(28) a(2,57) a(28,46)
22; 21; r(34,134) r(35,130) r(3,49) a(2,57) a(28,46)
23; 31; d(34) d(28) d(35) d(32) d(2)
24; 3, 1; r(35,80) r(34,97) r(2,56) r(34,97) r(25,82) a(32,47) r(2,86) d(1)
25; 3, 1; r(35,80) r(34,97) r(2,56) r(34,97) r(25,82) a(32,47) r(33,94)
26; 3; r(35,80) r(34,97) r(2,56) r(34,97) r(25,82) a(32,47) r(33,94)
27; 1; r(35,80) r(34,97) r(2,56) r(34,97) r(25,82) a(32,47) r(2,86) d(1)
28; 23; d(35) r(34,87) a(33,52) d(32) a(31,49)
29; 0; r(34,49) d(27) d(35) a(31,65)
30; 33; d(2) a(25,177) a(31,76) a(35,60) r(32,138) a(34,95)
31; 17; a(34,77) r(27,57) a(28,47) d(35) a(34,76) a(31,49)
32; 48, 47; d(2) d(28) d(35) a(34,70) d(35)
33; 48, 47; d(2) a(25,177) a(31,76) d(32) a(25,50)
34; 48; d(2) d(28) d(35) d(32) a(25,50)
35; 47; d(2) a(25,177) a(31,76) a(34,70) d(35)
36; 35, 35; d(2) a(25,177) a(31,76) a(34,70) a(34,70) a(34,49)
37; 35, 35; d(2) a(25,177) a(31,76) a(34,49)
38; 35; d(2) a(25,177) a(31,76) a(34,70) a(34,49)
39; 35; d(2) a(25,177) a(31,76) a(34,70) a(34,49)
40; 30, 53; r(35,80) r(34,97) r(25,82) r(1,176) d(32)
41; 30, 53; d(32) a(33,52) a(34,36) a(34,138) a(34,70)
42; 30; r(35,80) r(34,97) r(25,82) r(1,176) d(32)
43; 53; d(32) a(33,52) a(34,36) a(34,138) a(34,70)
44; 17, 19; a(34,77) r(27,57) a(28,47) r(34,134) a(1,54) r(35,177)
45; 17, 19; r(2,148) d(35) a(34,76) a(31,49)
46; 17; a(34,77) r(27,57) a(28,47) d(35) a(34,76) a(31,49)
47; 19; r(2,148) r(34,134) a(1,54) r(35,177)
48; 31, 60; d(34) d(28) d(35) d(32) d(2) a(35,105)
49; 31, 60; r(2,148)
50; 31; d(34) d(28) d(35) d(32) d(2)
51; 60; r(2,148) a(35,105)
52; 61; a(34,77) d(28) d(34) d(35) r(34,134) a(1,54) r(32,44)
53; 50; d(2) r(34,82) a(35,46) a(35,108)
54; 14, 26; d(34)
55; 14, 26; d(2) a(25,177) a(31,76) a(34,70) r(35,105) r(27,49) a(28,47) d(35) a(34,76) d(25)
56; 14; d(34) r(27,49) a(28,47) d(35) a(34,76) d(25)
57; 26; d(2) a(25,177) a(31,76) a(34,70) r(35,105)
58; 59, 42; r(2,148) r(34,134) r(34,134) a(35,130) r(31,65)
59; 59, 42; d(34) r(27,49) d(32) r(35,36)
60; 59; r(2,148) r(34,134) r(34,134) a(35,130) r(31,65)
61; 42; d(34) r(27,49) d(32) r(35,36)
62; 44, 17; d(34) r(27,49) r(35,176) d(28)
63; 44, 17; a(34,77) r(27,57) a(28,47) d(35) a(34,76) a(31,49) a(2,69)
64; 44; d(34) r(27,49) r(35,176) d(28) a(2,69)
65; 17; a(34,77) r(27,57) a(28,47) d(35) a(34,76) a(31,49)
66; 38, 54; d(34) d(28) d(35) a(1,164)
67; 38, 54; d(32) a(34,34) a(34,138) d(35) d(2)
68; 38; d(34) d(28) d(35) a(1,164) d(2)
69; 54; d(32) a(34,34) a(34,138) d(35)
--------------------------------------------------------------------------------
Mutation

0; d(32) a(33,52) a(34,36) a(34,138) a(34,70) r(34,76)
1; r(2,148) d(34) a(35,52) r(35,36)
2; a(34,64) a(33,52) a(34,36) d(35) r(3,86)
3; d(32) a(35,60) r(32,138) r(35,69) d(34)
4; a(34,64) a(35,60) r(32,138) r(35,69) d(34)
5; d(32) a(33,52) a(34,36) d(35) r(34,178)
6; d(32) a(34,34) a(34,138) d(35) r(33,57)
7; a(34,77) r(27,57) a(28,47) d(35) a(34,76) a(31,49) d(34)
8; r(2,148) a(35,105) a(31,76) a(34,70) a(34,49) r(27,37)
9; d(2) a(25,177) r(1,47)
10; r(2,148) a(35,105) d(1)
11; d(2) a(25,177) a(31,76) a(34,70) a(34,49) r(34,87)
12; a(34,77) d(28) d(34) d(35) r(34,134) a(31,49) d(27)
13; d(35) r(34,87) a(33,52) d(32) a(1,54) r(32,44) r(3,77)
14; a(34,77) d(28) d(34) d(35) r(34,134) a(1,54) r(32,44) a(33,25)
15; d(35) r(34,87) a(33,52) d(32) a(31,49) r(27,105)
16; a(34,64) a(34,135)
17; r(34,134) r(35,130) r(3,49) a(2,57) a(28,46) a(35,60) r(32,138) r(35,69) a(31,70)
18; a(34,64) a(35,60) r(32,138) r(35,69) r(34,49)
19; r(34,134) r(35,130) r(3,49) a(2,57) a(28,46) r(31,57)
20; r(34,134) r(35,130) r(3,49) d(35) d(32) d(2) d(33)
21; d(34) d(28) a(2,57) a(28,46) d(33)
22; r(34,134) r(35,130) r(3,49) a(2,57) a(28,46) r(2,27)
23; d(34) d(28) d(35) d(32) d(2) a(25,47)
24; r(35,80) r(34,97) r(2,56) r(34,97) r(25,82) a(32,47) r(2,86) d(1) r(32,69)
25; r(35,80) r(34,97) r(2,56) r(34,97) r(25,82) a(32,47) r(33,94) d(1)
26; r(35,80) r(34,97) r(2,56) r(34,97) r(25,82) a(32,47) r(33,94) r(32,1)
27; r(35,80) r(34,97) r(2,56) r(34,97) r(25,82) a(32,47) r(2,86) d(1) d(33)
28; d(35) r(34,87) a(33,52) d(32) a(31,49) a(1,130)
29; r(34,49) d(27) d(35) a(31,65) r(3,80)
30; d(2) a(25,177) a(31,76) a(35,60) r(32,138) a(34,95) r(25,83)
31; a(34,77) r(27,57) a(28,47) d(35) a(34,76) a(31,49) a(34,45)
32; d(2) d(28) d(35) a(34,70) d(35) r(25,86)
33; d(2) a(25,177) a(31,76) d(32) a(25,50) r(34,1)
34; d(2) d(28) d(35) d(32) a(25,50) a(34,54)
35; d(2) a(25,177) a(31,76) a(34,70) d(35) a(28,50)
36; d(2) a(25,177) a(31,76) a(34,70) a(34,70) a(34,49) a(33,100)
37; d(2) a(25,177) a(31,76) a(34,49) r(35,33)
38; d(2) a(25,177) a(31,76) a(34,70) a(34,49) d(34)
39; d(2) a(25,177) a(31,76) a(34,70) a(34,49) r(33,69)
40; r(35,80) r(34,97) r(25,82) r(1,176) d(32) a(33,47)
41; d(32) a(33,52) a(34,36) a(34,138) a(34,70) r(28,78)
42; r(35,80) r(34,97) r(25,82) r(1,176) d(32) d(28)
43; d(32) a(33,52) a(34,36) a(34,138) a(34,70) r(34,176)
44; a(34,77) r(27,57) a(28,47) r(34,134) a(1,54) r(35,177) d(2)
45; r(2,148) d(35) a(34,76) a(31,49) d(32)
46; a(34,77) r(27,57) a(28,47) d(35) a(34,76) a(31,49) r(32,176)
47; r(2,148) r(34,134) a(1,54) r(35,177) r(1,148)
48; d(34) d(28) d(35) d(32) d(2) a(35,105) d(1)
49; r(2,148) d(34)
50; d(34) d(28) d(35) d(32) d(2) r(25,47)
51; r(2,148) a(35,105) d(35)
52; a(34,77) d(28) d(34) d(35) r(34,134) a(1,54) r(32,44) a(2,78)
53; d(2) r(34,82) a(35,46) a(35,108) r(28,80)
54; d(34) a(3,95)
55; d(2) a(25,177) a(31,76) a(34,70) r(35,105) r(27,49) a(28,47) d(35) a(34,76) d(25) d(34)
56; d(34) r(27,49) a(28,47) d(35) a(34,76) d(25) r(33,76)
57; d(2) a(25,177) a(31,76) a(34,70) r(35,105) a(34,83)
58; r(2,148) r(34,134) r(34,134) a(35,130) r(31,65) r(1,87)
59; d(34) r(27,49) d(32) r(35,36) r(1,28)
60; r(2,148) r(34,134) r(34,134) a(35,130) r(31,65) a(35,48)
61; d(34) r(27,49) d(32) r(35,36) a(28,95)
62; d(34) r(27,49) r(35,176) d(28) d(33)
63; a(34,77) r(27,57) a(28,47) d(35) a(34,76) a(31,49) a(2,69) d(34)
64; d(34) r(27,49) r(35,176) d(28) a(2,69) d(33)
65; a(34,77) r(27,57) a(28,47) d(35) a(34,76) a(31,49) r(28,80)
66; d(34) d(28) d(35) a(1,164) a(32,108)
67; d(32) a(34,34) a(34,138) d(35) d(2) d(34)
68; d(34) d(28) d(35) a(1,164) d(2) d(33)
69; d(32) a(34,34) a(34,138) d(35) r(31,105)
--------------------------------------------------------------------------------
Evaluation

0; 0.
1; 0.
2; 12.
3; 0.
4; 0.
5; 12.
6; 0.
7; 0.
8; 0.
9; 0.
10; 4.
11; 0.
12; 0.
13; 0.
14; 0.
15; 12.
16; 4.
17; 0.
18; 0.
19; 0.
20; 0.
21; 0.
22; 0.
23; 0.
24; 0.
25; 0.
26; 0.
27; 0.
28; 0.
29; 12.
30; 0.
31; 0.
32; 0.
33; 0.
34; 0.
35; 0.
36; 0.
37; 0.
38; 0.
39; 0.
40; 0.
41; 0.
42; 0.
43; 0.
44; 0.
45; 0.
46; 0.
47; 0.
48; 0.
49; 0.
50; 0.
51; 0.
52; 0.
53; 0.
54; 4.
55; 0.
56; 0.
57; 0.
58; 12.
59; 0.
60; 0.
61; 0.
62; 0.
63; 0.
64; 0.
65; 0.
66; 0.
67; 0.
68; 0.
69; 12.
================================================================================
Generation 6

--------------------------------------------------------------------------------
Selection

0; 14
1; 59
2; 44
3; 18
4; 62
5; 62
6; 3
7; 25
8; 55
9; 27
10; 65
11; 8
12; 18
13; 47
14; 37
15; 6
16; 6
17; 30
18; 24
19; 23
20; 4
21; 7
22; 19
23; 51
24; 68
25; 48
26; 68
27; 55
28; 44
29; 51
30; 1
31; 31
32; 57
33; 59
34; 68
35; 52
36; 45
37; 41
38; 11
39; 65
--------------------------------------------------------------------------------
Crossover

0; 62; d(34) r(27,49) r(35,176) d(28) d(33)
1; 59; d(34) r(27,49) d(32) r(35,36) r(1,28)
2; 1; r(2,148) d(34) a(35,52) r(35,36)
3; 52; a(34,77) d(28) d(34) d(35) r(34,134) a(1,54) r(32,44) a(2,78)
4; 30, 23; d(2) a(25,177) a(31,76) a(35,60) d(2) a(25,47)
5; 30, 23; d(34) d(28) d(35) d(32) r(32,138) a(34,95) r(25,83)
6; 30; d(2) a(25,177) a(31,76) a(35,60) r(32,138) a(34,95) r(25,83)
7; 23; d(34) d(28) d(35) d(32) d(2) a(25,47)
8; 55, 18; d(2) a(25,177) a(31,76) r(32,138) r(35,69) r(34,49)
9; 55, 18; a(34,64) a(35,60) a(34,70) r(35,105) r(27,49) a(28,47) d(35) a(34,76) d(25) d(34)
10; 55; d(2) a(25,177) a(31,76) a(34,70) r(35,105) r(27,49) a(28,47) d(35) a(34,76) d(25) d(34)
11; 18; a(34,64) a(35,60) r(32,138) r(35,69) r(34,49)
12; 47; r(2,148) r(34,134) a(1,54) r(35,177) r(1,148)
13; 68; d(34) d(28) d(35) a(1,164) d(2) d(33)
14; 65, 48; a(34,77) r(27,57) a(28,47) d(35) d(1)
15; 65, 48; d(34) d(28) d(35) d(32) d(2) a(35,105) a(34,76) a(31,49) r(28,80)
16; 65; a(34,77) r(27,57) a(28,47) d(35) a(34,76) a(31,49) r(28,80)
17; 48; d(34) d(28) d(35) d(32) d(2) a(35,105) d(1)
18; 44; a(34,77) r(27,57) a(28,47) r(34,134) a(1,54) r(35,177) d(2)
19; 27; r(35,80) r(34,97) r(2,56) r(34,97) r(25,82) a(32,47) r(2,86) d(1) d(33)
20; 25, 19; r(35,80) r(34,97) r(2,56) r(34,97) r(25,82) a(32,47) r(33,94) a(28,46) r(31,57)
21; 25, 19; r(34,134) r(35,130) r(3,49) a(2,57) d(1)
22; 25; r(35,80) r(34,97) r(2,56) r(34,97) r(25,82) a(32,47) r(33,94) d(1)
23; 19; r(34,134) r(35,130) r(3,49) a(2,57) a(28,46) r(31,57)
24; 59; d(34) r(27,49) d(32) r(35,36) r(1,28)
25; 3; d(32) a(35,60) r(32,138) r(35,69) d(34)
26; 31, 45; a(34,77) r(27,57) a(28,47) a(34,76) a(31,49) d(32)
27; 31, 45; r(2,148) d(35) d(35) a(34,76) a(31,49) a(34,45)
28; 31; a(34,77) r(27,57) a(28,47) d(35) a(34,76) a(31,49) a(34,45)
29; 45; r(2,148) d(35) a(34,76) a(31,49) d(32)
30; 41; d(32) a(33,52) a(34,36) a(34,138) a(34,70) r(28,78)
31; 18; a(34,64) a(35,60) r(32,138) r(35,69) r(34,49)
32; 14; a(34,77) d(28) d(34) d(35) r(34,134) a(1,54) r(32,44) a(33,25)
33; 51; r(2,148) a(35,105) d(35)
34; 6, 44; d(32) a(28,47) r(34,134) a(1,54) r(35,177) d(2)
35; 6, 44; a(34,77) r(27,57) a(34,34) a(34,138) d(35) r(33,57)
36; 6; d(32) a(34,34) a(34,138) d(35) r(33,57)
37; 44; a(34,77) r(27,57) a(28,47) r(34,134) a(1,54) r(35,177) d(2)
38; 65; a(34,77) r(27,57) a(28,47) d(35) a(34,76) a(31,49) r(28,80)
39; 4; a(34,64) a(35,60) r(32,138) r(35,69) d(34)
40; 24; r(35,80) r(34,97) r(2,56) r(34,97) r(25,82) a(32,47) r(2,86) d(1) r(32,69)
41; 6; d(32) a(34,34) a(34,138) d(35) r(33,57)
42; 7, 62; a(34,77) r(27,57) a(28,47) d(33)
43; 7, 62; d(34) r(27,49) r(35,176) d(28) d(35) a(34,76) a(31,49) d(34)
44; 7; a(34,77) r(27,57) a(28,47) d(35) a(34,76) a(31,49) d(34)
45; 62; d(34) r(27,49) r(35,176) d(28) d(33)
46; 68; d(34) d(28) d(35) a(1,164) d(2) d(33)
47; 57; d(2) a(25,177) a(31,76) a(34,70) r(35,105) a(34,83)
48; 37; d(2) a(25,177) a(31,76) a(34,49) r(35,33)
49; 68; d(34) d(28) d(35) a(1,164) d(2) d(33)
50; 11; d(2) a(25,177) a(31,76) a(34,70) a(34,49) r(34,87)
51; 51; r(2,148) a(35,105) d(35)
52; 8; r(2,148) a(35,105) a(31,76) a(34,70) a(34,49) r(27,37)
53; 55; d(2) a(25,177) a(31,76) a(34,70) r(35,105) r(27,49) a(28,47) d(35) a(34,76) d(25) d(34)
--------------------------------------------------------------------------------
Mutation

0; d(34) r(27,49) r(35,176) d(28) d(33) r(32,86)
1; d(34) r(27,49) d(32) r(35,36) r(1,28) r(33,76)
2; r(2,148) d(34) a(35,52) r(35,36) a(32,130)
3; a(34,77) d(28) d(34) d(35) r(34,134) a(1,54) r(32,44) a(2,78) r(25,112)
4; d(2) a(25,177) a(31,76) a(35,60) d(2) a(25,47) a(1,69)
5; d(34) d(28) d(35) d(32) r(32,138) a(34,95) r(25,83) r(2,112)
6; d(2) a(25,177) a(31,76) a(35,60) r(32,138) a(34,95) r(25,83) r(33,32)
7; d(34) d(28) d(35) d(32) d(2) a(25,47) r(1,28)
8; d(2) a(25,177) a(31,76) r(32,138) r(35,69) r(34,49) r(1,170)
9; a(34,64) a(35,60) a(34,70) r(35,105) r(27,49) a(28,47) d(35) a(34,76) d(25) d(34) r(31,38)
10; d(2) a(25,177) a(31,76) a(34,70) r(35,105) r(27,49) a(28,47) d(35) a(34,76) d(25) d(34) d(1)
11; a(34,64) a(35,60) r(32,138) r(35,69) r(34,49) r(33,31)
12; r(2,148) r(34,134) a(1,54) r(35,177) r(1,148) a(27,1)
13; d(34) d(28) d(35) a(1,164) d(2) d(33) d(1)
14; a(34,77) r(27,57) a(28,47) d(35) d(1) d(34)
15; d(34) d(28) d(35) d(32) d(2) a(35,105) a(34,76) a(31,49) r(28,80) d(33)
16; a(34,77) r(27,57) a(28,47) d(35) a(34,76) a(31,49) r(28,80) a(34,27)
17; d(34) d(28) d(35) d(32) d(2) a(35,105) d(1) r(27,164)
18; a(34,77) r(27,57) a(28,47) r(34,134) a(1,54) r(35,177) d(2) d(31)
19; r(35,80) r(34,97) r(2,56) r(34,97) r(25,82) a(32,47) r(2,86) d(1) d(33) d(31)
20; r(35,80) r(34,97) r(2,56) r(34,97) r(25,82) a(32,47) r(33,94) a(28,46) r(31,57) d(28)
21; r(34,134) r(35,130) r(3,49) a(2,57) d(1) r(31,45)
22; r(35,80) r(34,97) r(2,56) r(34,97) r(25,82) a(32,47) r(33,94) d(1) r(28,138)
23; r(34,134) r(35,130) r(3,49) a(2,57) a(28,46) r(31,57) a(28,49)
24; d(34) r(27,49) d(32) r(35,36) r(1,28) r(25,35)
25; d(32) a(35,60) r(32,138) r(35,69) d(34) r(33,46)
26; a(34,77) r(27,57) a(28,47) a(34,76) a(31,49) d(32) a(1,47)
27; r(2,148) d(35) d(35) a(34,76) a(31,49) a(34,45) a(34,135)
28; a(34,77) r(27,57) a(28,47) d(35) a(34,76) a(31,49) a(34,45) d(34)
29; r(2,148) d(35) a(34,76) a(31,49) d(32) a(34,134)
30; d(32) a(33,52) a(34,36) a(34,138) a(34,70) r(28,78) r(34,54)
31; a(34,64) a(35,60) r(32,138) r(35,69) r(34,49) d(27)
32; a(34,77) d(28) d(34) d(35) r(34,134) a(1,54) r(32,44) a(33,25) a(1,38)
33; r(2,148) a(35,105) d(35) r(33,84)
34; d(32) a(28,47) r(34,134) a(1,54) r(35,177) d(2) r(27,52)
35; a(34,77) r(27,57) a(34,34) a(34,138) d(35) r(33,57) a(2,45)
36; d(32) a(34,34) a(34,138) d(35) r(33,57) d(1)
37; a(34,77) r(27,57) a(28,47) r(34,134) a(1,54) r(35,177) d(2) d(33)
38; a(34,77) r(27,57) a(28,47) d(35) a(34,76) a(31,49) r(28,80) d(2)
39; a(34,64) a(35,60) r(32,138) r(35,69) d(34) r(25,99)
40; r(35,80) r(34,97) r(2,56) r(34,97) r(25,82) a(32,47) r(2,86) d(1) r(32,69) r(33,80)
41; d(32) a(34,34) a(34,138) d(35) r(33,57) r(31,51)
42; a(34,77) r(27,57) a(28,47) d(33) d(25)
43; d(34) r(27,49) r(35,176) d(28) d(35) a(34,76) a(31,49) d(34) r(33,76)
44; a(34,77) r(27,57) a(28,47) d(35) a(34,76) a(31,49) d(34) d(31)
45; d(34) r(27,49) r(35,176) d(28) d(33) r(25,64)
46; d(34) d(28) d(35) a(1,164) d(2) d(33) a(27,138)
47; d(2) a(25,177) a(31,76) a(34,70) r(35,105) a(34,83) d(34)
48; d(2) a(25,177) a(31,76) a(34,49) r(35,33) r(31,78)
49; d(34) d(28) d(35) a(1,164) d(2) d(33) a(25,28)
50; d(2) a(25,177) a(31,76) a(34,70) a(34,49) r(34,87) a(35,178)
51; r(2,148) a(35,105) d(35) d(31)
52; r(2,148) a(35,105) a(31,76) a(34,70) a(34,49) r(27,37) a(35,53)
53; d(2) a(25,177) a(31,76) a(34,70) r(35,105) r(27,49) a(28,47) d(35) a(34,76) d(25) d(34) d(33)
--------------------------------------------------------------------------------
Evaluation

0; 0.
1; 0.
2; 0.
3; 0.
4; 0.
5; 0.
6; 0.
7; 0.
8; 0.
9; 0.
10; 0.
11; 0.
12; 0.
13; 0.
14; 0.
15; 0.
16; 0.
17; 0.
18; 0.
19; 0.
20; 0.
21; 0.
22; 0.
23; 0.
24; 0.
25; 0.
26; 0.
27; 0.
28; 0.
29; 0.
30; 0.
31; 0.
32; 0.
33; 0.
34; 0.
35; 4.
36; 0.
37; 0.
38; 0.
39; 0.
40; 0.
41; 0.
42; 0.
43; 0.
44; 0.
45; 0.
46; 0.
47; 0.
48; 0.
49; 0.
50; 0.
51; 0.
52; 0.
53; 0.
================================================================================
Generation 7

--------------------------------------------------------------------------------
Selection

0; 42
1; 27
2; 38
3; 34
4; 17
5; 38
6; 36
7; 28
8; 53
9; 28
10; 18
11; 7
12; 3
13; 21
14; 45
15; 22
16; 2
17; 20
18; 8
19; 36
20; 36
21; 27
22; 18
23; 34
24; 0
25; 42
26; 23
27; 3
28; 25
29; 31
30; 43
31; 51
32; 48
33; 38
34; 39
35; 26
36; 41
37; 17
38; 47
39; 14
--------------------------------------------------------------------------------
Crossover

0; 3, 48; a(34,77) d(28) d(34) d(35) r(34,134) a(1,54) r(32,44) a(2,78)
1; 3, 48; d(2) a(25,177) a(31,76) a(34,49) r(35,33) r(31,78) r(25,112)
2; 3; a(34,77) d(28) d(34) d(35) r(34,134) a(1,54) r(32,44) a(2,78) r(25,112)
3; 48; d(2) a(25,177) a(31,76) a(34,49) r(35,33) r(31,78)
4; 38, 36; a(34,77) r(27,57) a(28,47) d(35) a(34,76) a(31,49) r(28,80) d(35) r(33,57) d(1)
5; 38, 36; d(32) a(34,34) a(34,138) d(2)
6; 38; a(34,77) r(27,57) a(28,47) d(35) a(34,76) a(31,49) r(28,80) d(2)
7; 36; d(32) a(34,34) a(34,138) d(35) r(33,57) d(1)
8; 22; r(35,80) r(34,97) r(2,56) r(34,97) r(25,82) a(32,47) r(33,94) d(1) r(28,138)
9; 17; d(34) d(28) d(35) d(32) d(2) a(35,105) d(1) r(27,164)
10; 23, 39; r(34,134) r(35,130) r(3,49) a(35,60) r(32,138) r(35,69) d(34) r(25,99)
11; 23, 39; a(34,64) a(2,57) a(28,46) r(31,57) a(28,49)
12; 23; r(34,134) r(35,130) r(3,49) a(2,57) a(28,46) r(31,57) a(28,49)
13; 39; a(34,64) a(35,60) r(32,138) r(35,69) d(34) r(25,99)
14; 18; a(34,77) r(27,57) a(28,47) r(34,134) a(1,54) r(35,177) d(2) d(31)
15; 7; d(34) d(28) d(35) d(32) d(2) a(25,47) r(1,28)
16; 17; d(34) d(28) d(35) d(32) d(2) a(35,105) d(1) r(27,164)
17; 3; a(34,77) d(28) d(34) d(35) r(34,134) a(1,54) r(32,44) a(2,78) r(25,112)
18; 31; a(34,64) a(35,60) r(32,138) r(35,69) r(34,49) d(27)
19; 20; r(35,80) r(34,97) r(2,56) r(34,97) r(25,82) a(32,47) r(33,94) a(28,46) r(31,57) d(28)
20; 8, 38; d(2) a(25,177) r(27,57) a(28,47) d(35) a(34,76) a(31,49) r(28,80) d(2)
21; 8, 38; a(34,77) a(31,76) r(32,138) r(35,69) r(34,49) r(1,170)
22; 8; d(2) a(25,177) a(31,76) r(32,138) r(35,69) r(34,49) r(1,170)
23; 38; a(34,77) r(27,57) a(28,47) d(35) a(34,76) a(31,49) r(28,80) d(2)
24; 25; d(32) a(35,60) r(32,138) r(35,69) d(34) r(33,46)
25; 34; d(32) a(28,47) r(34,134) a(1,54) r(35,177) d(2) r(27,52)
26; 36; d(32) a(34,34) a(34,138) d(35) r(33,57) d(1)
27; 53; d(2) a(25,177) a(31,76) a(34,70) r(35,105) r(27,49) a(28,47) d(35) a(34,76) d(25) d(34) d(33)
28; 42; a(34,77) r(27,57) a(28,47) d(33) d(25)
29; 45; d(34) r(27,49) r(35,176) d(28) d(33) r(25,64)
30; 21, 47; r(34,134) r(35,130) r(3,49) a(2,57) d(1) a(34,70) r(35,105) a(34,83) d(34)
31; 21, 47; d(2) a(25,177) a(31,76) r(31,45)
32; 21; r(34,134) r(35,130) r(3,49) a(2,57) d(1) r(31,45)
33; 47; d(2) a(25,177) a(31,76) a(34,70) r(35,105) a(34,83) d(34)
34; 2; r(2,148) d(34) a(35,52) r(35,36) a(32,130)
35; 18; a(34,77) r(27,57) a(28,47) r(34,134) a(1,54) r(35,177) d(2) d(31)
36; 41, 27; d(32) a(34,34) a(34,45) a(34,135)
37; 41, 27; r(2,148) d(35) d(35) a(34,76) a(31,49) a(34,138) d(35) r(33,57) r(31,51)
38; 41; d(32) a(34,34) a(34,138) d(35) r(33,57) r(31,51)
39; 27; r(2,148) d(35) d(35) a(34,76) a(31,49) a(34,45) a(34,135)
40; 27, 28; r(2,148) d(35) d(35) a(34,76) a(28,47) d(35) a(34,76) a(31,49) a(34,45) d(34)
41; 27, 28; a(34,77) r(27,57) a(31,49) a(34,45) a(34,135)
42; 27; r(2,148) d(35) d(35) a(34,76) a(31,49) a(34,45) a(34,135)
43; 28; a(34,77) r(27,57) a(28,47) d(35) a(34,76) a(31,49) a(34,45) d(34)
44; 43, 14; d(34) d(35) d(1) d(34)
45; 43, 14; a(34,77) r(27,57) a(28,47) r(27,49) r(35,176) d(28) d(35) a(34,76) a(31,49) d(34) r(33,76)
46; 43; d(34) r(27,49) r(35,176) d(28) d(35) a(34,76) a(31,49) d(34) r(33,76)
47; 14; a(34,77) r(27,57) a(28,47) d(35) d(1) d(34)
48; 51, 42; r(2,148) a(35,105) d(35) d(31) a(28,47) d(33) d(25)
49; 51, 42; a(34,77) r(27,57)
50; 51; r(2,148) a(35,105) d(35) d(31)
51; 42; a(34,77) r(27,57) a(28,47) d(33) d(25)
52; 34; d(32) a(28,47) r(34,134) a(1,54) r(35,177) d(2) r(27,52)
53; 38; a(34,77) r(27,57) a(28,47) d(35) a(34,76) a(31,49) r(28,80) d(2)
54; 0; d(34) r(27,49) r(35,176) d(28) d(33) r(32,86)
55; 28; a(34,77) r(27,57) a(28,47) d(35) a(34,76) a(31,49) a(34,45) d(34)
56; 26; a(34,77) r(27,57) a(28,47) a(34,76) a(31,49) d(32) a(1,47)
57; 36; d(32) a(34,34) a(34,138) d(35) r(33,57) d(1)
--------------------------------------------------------------------------------
Mutation

0; a(34,77) d(28) d(34) d(35) r(34,134) a(1,54) r(32,44) a(2,78) a(1,31)
1; d(2) a(25,177) a(31,76) a(34,49) r(35,33) r(31,78) r(25,112) a(34,65)
2; a(34,77) d(28) d(34) d(35) r(34,134) a(1,54) r(32,44) a(2,78) r(25,112) d(2)
3; d(2) a(25,177) a(31,76) a(34,49) r(35,33) r(31,78) r(34,130)
4; a(34,77) r(27,57) a(28,47) d(35) a(34,76) a(31,49) r(28,80) d(35) r(33,57) d(1) d(32)
5; d(32) a(34,34) a(34,138) d(2) d(34)
6; a(34,77) r(27,57) a(28,47) d(35) a(34,76) a(31,49) r(28,80) d(2) d(34)
7; d(32) a(34,34) a(34,138) d(35) r(33,57) d(1) r(27,177)
8; r(35,80) r(34,97) r(2,56) r(34,97) r(25,82) a(32,47) r(33,94) d(1) r(28,138) d(32)
9; d(34) d(28) d(35) d(32) d(2) a(35,105) d(1) r(27,164) r(25,178)
10; r(34,134) r(35,130) r(3,49) a(35,60) r(32,138) r(35,69) d(34) r(25,99) d(1)
11; a(34,64) a(2,57) a(28,46) r(31,57) a(28,49) a(25,44)
12; r(34,134) r(35,130) r(3,49) a(2,57) a(28,46) r(31,57) a(28,49) a(2,34)
13; a(34,64) a(35,60) r(32,138) r(35,69) d(34) r(25,99) r(3,70)
14; a(34,77) r(27,57) a(28,47) r(34,134) a(1,54) r(35,177) d(2) d(31) r(33,135)
15; d(34) d(28) d(35) d(32) d(2) a(25,47) r(1,28) d(27)
16; d(34) d(28) d(35) d(32) d(2) a(35,105) d(1) r(27,164) d(25)
17; a(34,77) d(28) d(34) d(35) r(34,134) a(1,54) r(32,44) a(2,78) r(25,112) a(33,87)
18; a(34,64) a(35,60) r(32,138) r(35,69) r(34,49) d(27) r(28,51)
19; r(35,80) r(34,97) r(2,56) r(34,97) r(25,82) a(32,47) r(33,94) a(28,46) r(31,57) d(28) r(32,108)
20; d(2) a(25,177) r(27,57) a(28,47) d(35) a(34,76) a(31,49) r(28,80) d(2) r(34,51)
21; a(34,77) a(31,76) r(32,138) r(35,69) r(34,49) r(1,170) d(25)
22; d(2) a(25,177) a(31,76) r(32,138) r(35,69) r(34,49) r(1,170) r(28,1)
23; a(34,77) r(27,57) a(28,47) d(35) a(34,76) a(31,49) r(28,80) d(2) r(34,47)
24; d(32) a(35,60) r(32,138) r(35,69) d(34) r(33,46) a(27,97)
25; d(32) a(28,47) r(34,134) a(1,54) r(35,177) d(2) r(27,52) r(28,37)
26; d(32) a(34,34) a(34,138) d(35) r(33,57) d(1) r(28,158)
27; d(2) a(25,177) a(31,76) a(34,70) r(35,105) r(27,49) a(28,47) d(35) a(34,76) d(25) d(34) d(33) r(28,69)
28; a(34,77) r(27,57) a(28,47) d(33) d(25) r(31,95)
29; d(34) r(27,49) r(35,176) d(28) d(33) r(25,64) r(1,38)
30; r(34,134) r(35,130) r(3,49) a(2,57) d(1) a(34,70) r(35,105) a(34,83) d(34) a(32,65)
31; d(2) a(25,177) a(31,76) r(31,45) a(35,176)
32; r(34,134) r(35,130) r(3,49) a(2,57) d(1) r(31,45) r(32,50)
33; d(2) a(25,177) a(31,76) a(34,70) r(35,105) a(34,83) d(34) d(28)
34; r(2,148) d(34) a(35,52) r(35,36) a(32,130) r(25,51)
35; a(34,77) r(27,57) a(28,47) r(34,134) a(1,54) r(35,177) d(2) d(31) d(1)
36; d(32) a(34,34) a(34,45) a(34,135) a(28,27)
37; r(2,148) d(35) d(35) a(34,76) a(31,49) a(34,138) d(35) r(33,57) r(31,51) a(1,82)
38; d(32) a(34,34) a(34,138) d(35) r(33,57) r(31,51) r(25,31)
39; r(2,148) d(35) d(35) a(34,76) a(31,49) a(34,45) a(34,135) r(34,86)
40; r(2,148) d(35) d(35) a(34,76) a(28,47) d(35) a(34,76) a(31,49) a(34,45) d(34) d(1)
41; a(34,77) r(27,57) a(31,49) a(34,45) a(34,135) d(34)
42; r(2,148) d(35) d(35) a(34,76) a(31,49) a(34,45) a(34,135) r(32,76)
43; a(34,77) r(27,57) a(28,47) d(35) a(34,76) a(31,49) a(34,45) d(34) a(31,36)
44; d(34) d(35) d(1) d(34) d(32)
45; a(34,77) r(27,57) a(28,47) r(27,49) r(35,176) d(28) d(35) a(34,76) a(31,49) d(34) r(33,76) d(1)
46; d(34) r(27,49) r(35,176) d(28) d(35) a(34,76) a(31,49) d(34) r(33,76) d(32)
47; a(34,77) r(27,57) a(28,47) d(35) d(1) d(34) r(31,76)
48; r(2,148) a(35,105) d(35) d(31) a(28,47) d(33) d(25) d(32)
49; a(34,77) r(27,57) d(33)
50; r(2,148) a(35,105) d(35) d(31) r(34,64)
51; a(34,77) r(27,57) a(28,47) d(33) d(25) d(1)
52; d(32) a(28,47) r(34,134) a(1,54) r(35,177) d(2) r(27,52) r(1,80)
53; a(34,77) r(27,57) a(28,47) d(35) a(34,76) a(31,49) r(28,80) d(2) r(1,60)
54; d(34) r(27,49) r(35,176) d(28) d(33) r(32,86) r(3,1)
55; a(34,77) r(27,57) a(28,47) d(35) a(34,76) a(31,49) a(34,45) d(34) d(1)
56; a(34,77) r(27,57) a(28,47) a(34,76) a(31,49) d(32) a(1,47) a(35,64)
57; d(32) a(34,34) a(34,138) d(35) r(33,57) d(1) a(31,177)
--------------------------------------------------------------------------------
Evaluation

0; 0.
1; 0.
2; 0.
3; 0.
4; 0.
5; 0.
6; 0.
7; 0.
8; 0.
9; 12.
10; 12.
11; 0.
12; 0.
13; 0.
14; 0.
15; 0.
16; 0.
17; 0.
18; 0.
19; 0.
20; 0.
21; 0.
22; 0.
23; 0.
24; 0.
25; 0.
26; 0.
27; 0.
28; 0.
29; 0.
30; 4.
31; 0.
32; 0.
33; 0.
34; 0.
35; 0.
36; 0.
37; 0.
38; 0.
39; 0.
40; 0.
41; 0.
42; 0.
43; 0.
44; 0.
45; 0.
46; 0.
47; 0.
48; 0.
49; 4.
50; 0.
51; 0.
52; 0.
53; 0.
54; 12.
55; 0.
56; 0.
57; 0.
================================================================================
Generation 8

--------------------------------------------------------------------------------
Selection

0; 30
1; 41
2; 51
3; 37
4; 33
5; 3
6; 9
7; 40
8; 47
9; 41
10; 18
11; 33
12; 47
13; 14
14; 42
15; 53
16; 51
17; 39
18; 40
19; 4
20; 2
21; 47
22; 37
23; 42
24; 51
25; 18
26; 24
27; 35
28; 27
29; 43
30; 3
31; 24
32; 35
33; 18
34; 0
35; 41
36; 15
37; 4
38; 36
39; 38
--------------------------------------------------------------------------------
Crossover

0; 53, 18; a(34,77) r(27,57) a(28,47) d(35) a(34,76) a(31,49) r(28,80) d(2) r(28,51)
1; 53, 18; a(34,64) a(35,60) r(32,138) r(35,69) r(34,49) d(27) r(1,60)
2; 53; a(34,77) r(27,57) a(28,47) d(35) a(34,76) a(31,49) r(28,80) d(2) r(1,60)
3; 18; a(34,64) a(35,60) r(32,138) r(35,69) r(34,49) d(27) r(28,51)
4; 36; d(32) a(34,34) a(34,45) a(34,135) a(28,27)
5; 24; d(32) a(35,60) r(32,138) r(35,69) d(34) r(33,46) a(27,97)
6; 42, 37; r(2,148) d(35) d(35) a(34,76) a(31,49) r(33,57) r(31,51) a(1,82)
7; 42, 37; r(2,148) d(35) d(35) a(34,76) a(31,49) a(34,138) d(35) a(34,45) a(34,135) r(32,76)
8; 42; r(2,148) d(35) d(35) a(34,76) a(31,49) a(34,45) a(34,135) r(32,76)
9; 37; r(2,148) d(35) d(35) a(34,76) a(31,49) a(34,138) d(35) r(33,57) r(31,51) a(1,82)
10; 3; d(2) a(25,177) a(31,76) a(34,49) r(35,33) r(31,78) r(34,130)
11; 35; a(34,77) r(27,57) a(28,47) r(34,134) a(1,54) r(35,177) d(2) d(31) d(1)
12; 51; a(34,77) r(27,57) a(28,47) d(33) d(25) d(1)
13; 9; d(34) d(28) d(35) d(32) d(2) a(35,105) d(1) r(27,164) r(25,178)
14; 33, 18; d(2) a(25,177) a(31,76) a(34,70) r(35,105) a(34,83) a(35,60) r(32,138) r(35,69) r(34,49) d(27) r(28,51)
15; 33, 18; a(34,64) d(34) d(28)
16; 33; d(2) a(25,177) a(31,76) a(34,70) r(35,105) a(34,83) d(34) d(28)
17; 18; a(34,64) a(35,60) r(32,138) r(35,69) r(34,49) d(27) r(28,51)
18; 37, 18; r(2,148) d(35) d(35) a(34,76) a(31,49) a(34,138) d(35) r(33,57) r(31,51) a(1,82)
19; 37, 18; a(34,64) a(35,60) r(32,138) r(35,69) r(34,49) d(27) r(28,51)
20; 37; r(2,148) d(35) d(35) a(34,76) a(31,49) a(34,138) d(35) r(33,57) r(31,51) a(1,82)
21; 18; a(34,64) a(35,60) r(32,138) r(35,69) r(34,49) d(27) r(28,51)
22; 41; a(34,77) r(27,57) a(31,49) a(34,45) a(34,135) d(34)
23; 39; r(2,148) d(35) d(35) a(34,76) a(31,49) a(34,45) a(34,135) r(34,86)
24; 4, 4; a(34,77) r(27,57) a(28,47) d(35) a(34,76) d(35) a(34,76) a(31,49) r(28,80) d(35) r(33,57) d(1) d(32)
25; 4, 4; a(34,77) r(27,57) a(28,47) a(31,49) r(28,80) d(35) r(33,57) d(1) d(32)
26; 4; a(34,77) r(27,57) a(28,47) d(35) a(34,76) a(31,49) r(28,80) d(35) r(33,57) d(1) d(32)
27; 4; a(34,77) r(27,57) a(28,47) d(35) a(34,76) a(31,49) r(28,80) d(35) r(33,57) d(1) d(32)
28; 51; a(34,77) r(27,57) a(28,47) d(33) d(25) d(1)
29; 15; d(34) d(28) d(35) d(32) d(2) a(25,47) r(1,28) d(27)
30; 38; d(32) a(34,34) a(34,138) d(35) r(33,57) r(31,51) r(25,31)
31; 41; a(34,77) r(27,57) a(31,49) a(34,45) a(34,135) d(34)
32; 51; a(34,77) r(27,57) a(28,47) d(33) d(25) d(1)
33; 47; a(34,77) r(27,57) a(28,47) d(35) d(1) d(34) r(31,76)
34; 40; r(2,148) d(35) d(35) a(34,76) a(28,47) d(35) a(34,76) a(31,49) a(34,45) d(34) d(1)
35; 24; d(32) a(35,60) r(32,138) r(35,69) d(34) r(33,46) a(27,97)
36; 27, 43; d(2) a(25,177) a(31,76) a(34,45) d(34) a(31,36)
37; 27, 43; a(34,77) r(27,57) a(28,47) d(35) a(34,76) a(31,49) a(34,70) r(35,105) r(27,49) a(28,47) d(35) a(34,76) d(25) d(34) d(33) r(28,69)
38; 27; d(2) a(25,177) a(31,76) a(34,70) r(35,105) r(27,49) a(28,47) d(35) a(34,76) d(25) d(34) d(33) r(28,69)
39; 43; a(34,77) r(27,57) a(28,47) d(35) a(34,76) a(31,49) a(34,45) d(34) a(31,36)
40; 40, 47; r(2,148) d(35) d(35) d(1) d(34) r(31,76)
41; 40, 47; a(34,77) r(27,57) a(28,47) d(35) a(34,76) a(28,47) d(35) a(34,76) a(31,49) a(34,45) d(34) d(1)
42; 40; r(2,148) d(35) d(35) a(34,76) a(28,47) d(35) a(34,76) a(31,49) a(34,45) d(34) d(1)
43; 47; a(34,77) r(27,57) a(28,47) d(35) d(1) d(34) r(31,76)
44; 42, 3; r(2,148)
45; 42, 3; d(2) a(25,177) a(31,76) a(34,49) r(35,33) r(31,78) r(34,130) d(35) d(35) a(34,76) a(31,49) a(34,45) a(34,135) r(32,76)
46; 42; r(2,148) d(35) d(35) a(34,76) a(31,49) a(34,45) a(34,135) r(32,76)
47; 3; d(2) a(25,177) a(31,76) a(34,49) r(35,33) r(31,78) r(34,130)
48; 14; a(34,77) r(27,57) a(28,47) r(34,134) a(1,54) r(35,177) d(2) d(31) r(33,135)
49; 35; a(34,77) r(27,57) a(28,47) r(34,134) a(1,54) r(35,177) d(2) d(31) d(1)
50; 33; d(2) a(25,177) a(31,76) a(34,70) r(35,105) a(34,83) d(34) d(28)
51; 30; r(34,134) r(35,130) r(3,49) a(2,57) d(1) a(34,70) r(35,105) a(34,83) d(34) a(32,65)
52; 41; a(34,77) r(27,57) a(31,49) a(34,45) a(34,135) d(34)
53; 47; a(34,77) r(27,57) a(28,47) d(35) d(1) d(34) r(31,76)
54; 0, 2; a(34,77) d(28) d(34) d(35) r(34,134) a(1,54) d(35) r(34,134) a(1,54) r(32,44) a(2,78) r(25,112) d(2)
55; 0, 2; a(34,77) d(28) d(34) r(32,44) a(2,78) a(1,31)
56; 0; a(34,77) d(28) d(34) d(35) r(34,134) a(1,54) r(32,44) a(2,78) a(1,31)
57; 2; a(34,77) d(28) d(34) d(35) r(34,134) a(1,54) r(32,44) a(2,78) r(25,112) d(2)
--------------------------------------------------------------------------------
Mutation

0; a(34,77) r(27,57) a(28,47) d(35) a(34,76) a(31,49) r(28,80) d(2) r(28,51) a(34,148)
1; a(34,64) a(35,60) r(32,138) r(35,69) r(34,49) d(27) r(1,60) a(25,97)
2; a(34,77) r(27,57) a(28,47) d(35) a(34,76) a(31,49) r(28,80) d(2) r(1,60) r(34,100)
3; a(34,64) a(35,60) r(32,138) r(35,69) r(34,49) d(27) r(28,51) d(25)
4; d(32) a(34,34) a(34,45) a(34,135) a(28,27) d(34)
5; d(32) a(35,60) r(32,138) r(35,69) d(34) r(33,46) a(27,97) r(1,44)
6; r(2,148) d(35) d(35) a(34,76) a(31,49) r(33,57) r(31,51) a(1,82) d(32)
7; r(2,148) d(35) d(35) a(34,76) a(31,49) a(34,138) d(35) a(34,45) a(34,135) r(32,76) r(34,82)
8; r(2,148) d(35) d(35) a(34,76) a(31,49) a(34,45) a(34,135) r(32,76) r(34,82)
9; r(2,148) d(35) d(35) a(34,76) a(31,49) a(34,138) d(35) r(33,57) r(31,51) a(1,82) a(27,32)
10; d(2) a(25,177) a(31,76) a(34,49) r(35,33) r(31,78) r(34,130) a(1,108)
11; a(34,77) r(27,57) a(28,47) r(34,134) a(1,54) r(35,177) d(2) d(31) d(1) a(25,177)
12; a(34,77) r(27,57) a(28,47) d(33) d(25) d(1) r(31,164)
13; d(34) d(28) d(35) d(32) d(2) a(35,105) d(1) r(27,164) r(25,178) d(33)
14; d(2) a(25,177) a(31,76) a(34,70) r(35,105) a(34,83) a(35,60) r(32,138) r(35,69) r(34,49) d(27) r(28,51) a(1,60)
15; a(34,64) d(34) d(28) r(35,48)
16; d(2) a(25,177) a(31,76) a(34,70) r(35,105) a(34,83) d(34) d(28) d(1)
17; a(34,64) a(35,60) r(32,138) r(35,69) r(34,49) d(27) r(28,51) a(25,95)
18; r(2,148) d(35) d(35) a(34,76) a(31,49) a(34,138) d(35) r(33,57) r(31,51) a(1,82) r(32,37)
19; a(34,64) a(35,60) r(32,138) r(35,69) r(34,49) d(27) r(28,51) r(1,99)
20; r(2,148) d(35) d(35) a(34,76) a(31,49) a(34,138) d(35) r(33,57) r(31,51) a(1,82) a(1,135)
21; a(34,64) a(35,60) r(32,138) r(35,69) r(34,49) d(27) r(28,51) r(33,57)
22; a(34,77) r(27,57) a(31,49) a(34,45) a(34,135) d(34) r(35,108)
23; r(2,148) d(35) d(35) a(34,76) a(31,49) a(34,45) a(34,135) r(34,86) a(28,31)
24; a(34,77) r(27,57) a(28,47) d(35) a(34,76) d(35) a(34,76) a(31,49) r(28,80) d(35) r(33,57) d(1) d(32) d(25)
25; a(34,77) r(27,57) a(28,47) a(31,49) r(28,80) d(35) r(33,57) d(1) d(32) d(25)
26; a(34,77) r(27,57) a(28,47) d(35) a(34,76) a(31,49) r(28,80) d(35) r(33,57) d(1) d(32) d(25)
27; a(34,77) r(27,57) a(28,47) d(35) a(34,76) a(31,49) r(28,80) d(35) r(33,57) d(1) d(32) d(25)
28; a(34,77) r(27,57) a(28,47) d(33) d(25) d(1) a(31,148)
29; d(34) d(28) d(35) d(32) d(2) a(25,47) r(1,28) d(27) d(25)
30; d(32) a(34,34) a(34,138) d(35) r(33,57) r(31,51) r(25,31) a(1,52)
31; a(34,77) r(27,57) a(31,49) a(34,45) a(34,135) d(34) r(35,97)
32; a(34,77) r(27,57) a(28,47) d(33) d(25) d(1) r(28,87)
33; a(34,77) r(27,57) a(28,47) d(35) d(1) d(34) r(31,76) r(25,27)
34; r(2,148) d(35) d(35) a(34,76) a(28,47) d(35) a(34,76) a(31,49) a(34,45) d(34) d(1) r(33,176)
35; d(32) a(35,60) r(32,138) r(35,69) d(34) r(33,46) a(27,97) a(1,158)
36; d(2) a(25,177) a(31,76) a(34,45) d(34) a(31,36) d(35)
37; a(34,77) r(27,57) a(28,47) d(35) a(34,76) a(31,49) a(34,70) r(35,105) r(27,49) a(28,47) d(35) a(34,76) d(25) d(34) d(33) r(28,69) a(3,34)
38; d(2) a(25,177) a(31,76) a(34,70) r(35,105) r(27,49) a(28,47) d(35) a(34,76) d(25) d(34) d(33) r(28,69) d(32)
39; a(34,77) r(27,57) a(28,47) d(35) a(34,76) a(31,49) a(34,45) d(34) a(31,36) d(2)
40; r(2,148) d(35) d(35) d(1) d(34) r(31,76) d(27)
41; a(34,77) r(27,57) a(28,47) d(35) a(34,76) a(28,47) d(35) a(34,76) a(31,49) a(34,45) d(34) d(1) r(32,178)
42; r(2,148) d(35) d(35) a(34,76) a(28,47) d(35) a(34,76) a(31,49) a(34,45) d(34) d(1) d(27)
43; a(34,77) r(27,57) a(28,47) d(35) d(1) d(34) r(31,76) r(25,64)
44; r(2,148) r(27,77)
45; d(2) a(25,177) a(31,76) a(34,49) r(35,33) r(31,78) r(34,130) d(35) d(35) a(34,76) a(31,49) a(34,45) a(34,135) r(32,76) r(33,49)
46; r(2,148) d(35) d(35) a(34,76) a(31,49) a(34,45) a(34,135) r(32,76) a(34,177)
47; d(2) a(25,177) a(31,76) a(34,49) r(35,33) r(31,78) r(34,130) a(25,49)
48; a(34,77) r(27,57) a(28,47) r(34,134) a(1,54) r(35,177) d(2) d(31) r(33,135) r(1,48)
49; a(34,77) r(27,57) a(28,47) r(34,134) a(1,54) r(35,177) d(2) d(31) d(1) d(32)
50; d(2) a(25,177) a(31,76) a(34,70) r(35,105) a(34,83) d(34) d(28) a(1,135)
51; r(34,134) r(35,130) r(3,49) a(2,57) d(1) a(34,70) r(35,105) a(34,83) d(34) a(32,65) d(27)
52; a(34,77) r(27,57) a(31,49) a(34,45) a(34,135) d(34) d(35)
53; a(34,77) r(27,57) a(28,47) d(35) d(1) d(34) r(31,76) d(25)
54; a(34,77) d(28) d(34) d(35) r(34,134) a(1,54) d(35) r(34,134) a(1,54) r(32,44) a(2,78) r(25,112) d(2) r(1,37)
55; a(34,77) d(28) d(34) r(32,44) a(2,78) a(1,31) d(1)
56; a(34,77) d(28) d(34) d(35) r(34,134) a(1,54) r(32,44) a(2,78) a(1,31) r(1,46)
57; a(34,77) d(28) d(34) d(35) r(34,134) a(1,54) r(32,44) a(2,78) r(25,112) d(2) r(33,77)
--------------------------------------------------------------------------------
Evaluation

0; 0.
1; 0.
2; 0.
3; 0.
4; 0.
5; 0.
6; 0.
7; 0.
8; 0.
9; 0.
10; 0.
11; 0.
12; 0.
13; 12.
14; 0.
15; 0.
16; 12.
17; 0.
18; 0.
19; 0.
20; 0.
21; 0.
22; 0.
23; 0.
24; 0.
25; 0.
26; 0.
27; 0.
28; 0.
29; 0.
30; 0.
31; 0.
32; 0.
33; 0.
34; 0.
35; 0.
36; 0.
37; 0.
38; 0.
39; 0.
40; 0.
41; 0.
42; 0.
43; 0.
44; 0.
45; 0.
46; 0.
47; 0.
48; 0.
49; 0.
50; 0.
51; 4.
52; 0.
53; 0.
54; 0.
55; 0.
56; 0.
57; 0.
================================================================================
Generation 9

--------------------------------------------------------------------------------
Selection

0; 48
1; 15
2; 14
3; 35
4; 55
5; 14
6; 28
7; 19
8; 39
9; 23
10; 45
11; 34
12; 15
13; 1
14; 31
15; 12
16; 7
17; 32
18; 15
19; 19
20; 5
21; 25
22; 53
23; 44
24; 27
25; 0
26; 21
27; 7
28; 54
29; 27
30; 55
31; 9
32; 26
33; 25
34; 52
35; 10
36; 46
37; 6
38; 27
39; 26
--------------------------------------------------------------------------------
Crossover

0; 45; d(2) a(25,177) a(31,76) a(34,49) r(35,33) r(31,78) r(34,130) d(35) d(35) a(34,76) a(31,49) a(34,45) a(34,135) r(32,76) r(33,49)
1; 6; r(2,148) d(35) d(35) a(34,76) a(31,49) r(33,57) r(31,51) a(1,82) d(32)
2; 21, 48; a(34,64) a(35,60) r(32,138) r(35,69) r(34,49) d(27) r(28,51) r(33,135) r(1,48)
3; 21, 48; a(34,77) r(27,57) a(28,47) r(34,134) a(1,54) r(35,177) d(2) d(31) r(33,57)
4; 21; a(34,64) a(35,60) r(32,138) r(35,69) r(34,49) d(27) r(28,51) r(33,57)
5; 48; a(34,77) r(27,57) a(28,47) r(34,134) a(1,54) r(35,177) d(2) d(31) r(33,135) r(1,48)
6; 19, 26; a(34,64) a(35,60) r(32,138) r(35,69) r(34,49) d(27) r(28,51) r(27,57) a(28,47) d(35) a(34,76) a(31,49) r(28,80) d(35) r(33,57) d(1) d(32) d(25)
7; 19, 26; a(34,77) r(1,99)
8; 19; a(34,64) a(35,60) r(32,138) r(35,69) r(34,49) d(27) r(28,51) r(1,99)
9; 26; a(34,77) r(27,57) a(28,47) d(35) a(34,76) a(31,49) r(28,80) d(35) r(33,57) d(1) d(32) d(25)
10; 25, 35; a(34,77) a(27,97) a(1,158)
11; 25, 35; d(32) a(35,60) r(32,138) r(35,69) d(34) r(33,46) r(27,57) a(28,47) a(31,49) r(28,80) d(35) r(33,57) d(1) d(32) d(25)
12; 25; a(34,77) r(27,57) a(28,47) a(31,49) r(28,80) d(35) r(33,57) d(1) d(32) d(25)
13; 35; d(32) a(35,60) r(32,138) r(35,69) d(34) r(33,46) a(27,97) a(1,158)
14; 27, 10; a(34,77) r(27,57) a(28,47) d(35) a(34,76) a(31,49) r(31,78) r(34,130) a(1,108)
15; 27, 10; d(2) a(25,177) a(31,76) a(34,49) r(35,33) r(28,80) d(35) r(33,57) d(1) d(32) d(25)
16; 27; a(34,77) r(27,57) a(28,47) d(35) a(34,76) a(31,49) r(28,80) d(35) r(33,57) d(1) d(32) d(25)
17; 10; d(2) a(25,177) a(31,76) a(34,49) r(35,33) r(31,78) r(34,130) a(1,108)
18; 39, 44; a(34,77) r(27,57) a(28,47) d(35)
19; 39, 44; r(2,148) r(27,77) a(34,76) a(31,49) a(34,45) d(34) a(31,36) d(2)
20; 39; a(34,77) r(27,57) a(28,47) d(35) a(34,76) a(31,49) a(34,45) d(34) a(31,36) d(2)
21; 44; r(2,148) r(27,77)
22; 15, 7; a(34,64) d(35) a(34,76) a(31,49) a(34,138) d(35) a(34,45) a(34,135) r(32,76) r(34,82)
23; 15, 7; r(2,148) d(35) d(34) d(28) r(35,48)
24; 15; a(34,64) d(34) d(28) r(35,48)
25; 7; r(2,148) d(35) d(35) a(34,76) a(31,49) a(34,138) d(35) a(34,45) a(34,135) r(32,76) r(34,82)
26; 19; a(34,64) a(35,60) r(32,138) r(35,69) r(34,49) d(27) r(28,51) r(1,99)
27; 55; a(34,77) d(28) d(34) r(32,44) a(2,78) a(1,31) d(1)
28; 32; a(34,77) r(27,57) a(28,47) d(33) d(25) d(1) r(28,87)
29; 55; a(34,77) d(28) d(34) r(32,44) a(2,78) a(1,31) d(1)
30; 9; r(2,148) d(35) d(35) a(34,76) a(31,49) a(34,138) d(35) r(33,57) r(31,51) a(1,82) a(27,32)
31; 25; a(34,77) r(27,57) a(28,47) a(31,49) r(28,80) d(35) r(33,57) d(1) d(32) d(25)
32; 15, 53; a(34,64) d(34) d(28) a(28,47) d(35) d(1) d(34) r(31,76) d(25)
33; 15, 53; a(34,77) r(27,57) r(35,48)
34; 15; a(34,64) d(34) d(28) r(35,48)
35; 53; a(34,77) r(27,57) a(28,47) d(35) d(1) d(34) r(31,76) d(25)
36; 14; d(2) a(25,177) a(31,76) a(34,70) r(35,105) a(34,83) a(35,60) r(32,138) r(35,69) r(34,49) d(27) r(28,51) a(1,60)
37; 31; a(34,77) r(27,57) a(31,49) a(34,45) a(34,135) d(34) r(35,97)
38; 14; d(2) a(25,177) a(31,76) a(34,70) r(35,105) a(34,83) a(35,60) r(32,138) r(35,69) r(34,49) d(27) r(28,51) a(1,60)
39; 1; a(34,64) a(35,60) r(32,138) r(35,69) r(34,49) d(27) r(1,60) a(25,97)
40; 54, 46; a(34,77) d(28) d(34) d(35) a(31,49) a(34,45) a(34,135) r(32,76) a(34,177)
41; 54, 46; r(2,148) d(35) d(35) a(34,76) r(34,134) a(1,54) d(35) r(34,134) a(1,54) r(32,44) a(2,78) r(25,112) d(2) r(1,37)
42; 54; a(34,77) d(28) d(34) d(35) r(34,134) a(1,54) d(35) r(34,134) a(1,54) r(32,44) a(2,78) r(25,112) d(2) r(1,37)
43; 46; r(2,148) d(35) d(35) a(34,76) a(31,49) a(34,45) a(34,135) r(32,76) a(34,177)
44; 28; a(34,77) r(27,57) a(28,47) d(33) d(25) d(1) a(31,148)
45; 7; r(2,148) d(35) d(35) a(34,76) a(31,49) a(34,138) d(35) a(34,45) a(34,135) r(32,76) r(34,82)
46; 27; a(34,77) r(27,57) a(28,47) d(35) a(34,76) a(31,49) r(28,80) d(35) r(33,57) d(1) d(32) d(25)
47; 23; r(2,148) d(35) d(35) a(34,76) a(31,49) a(34,45) a(34,135) r(34,86) a(28,31)
48; 15, 27; a(34,64) d(34) d(28) r(35,48) d(35) a(34,76) a(31,49) r(28,80) d(35) r(33,57) d(1) d(32) d(25)
49; 15, 27; a(34,77) r(27,57) a(28,47)
50; 15; a(34,64) d(34) d(28) r(35,48)
51; 27; a(34,77) r(27,57) a(28,47) d(35) a(34,76) a(31,49) r(28,80) d(35) r(33,57) d(1) d(32) d(25)
52; 34; r(2,148) d(35) d(35) a(34,76) a(28,47) d(35) a(34,76) a(31,49) a(34,45) d(34) d(1) r(33,176)
53; 12; a(34,77) r(27,57) a(28,47) d(33) d(25) d(1) r(31,164)
54; 26; a(34,77) r(27,57) a(28,47) d(35) a(34,76) a(31,49) r(28,80) d(35) r(33,57) d(1) d(32) d(25)
55; 0; a(34,77) r(27,57) a(28,47) d(35) a(34,76) a(31,49) r(28,80) d(2) r(28,51) a(34,148)
56; 5, 52; d(32) a(35,60) r(32,138) r(35,69) d(34) r(33,46) a(27,97) a(34,135) d(34) d(35)
57; 5, 52; a(34,77) r(27,57) a(31,49) a(34,45) r(1,44)
58; 5; d(32) a(35,60) r(32,138) r(35,69) d(34) r(33,46) a(27,97) r(1,44)
59; 52; a(34,77) r(27,57) a(31,49) a(34,45) a(34,135) d(34) d(35)
--------------------------------------------------------------------------------
Mutation

0; d(2) a(25,177) a(31,76) a(34,49) r(35,33) r(31,78) r(34,130) d(35) d(35) a(34,76) a(31,49) a(34,45) a(34,135) r(32,76) r(33,49) r(1,82)
1; r(2,148) d(35) d(35) a(34,76) a(31,49) r(33,57) r(31,51) a(1,82) d(32) r(28,57)
2; a(34,64) a(35,60) r(32,138) r(35,69) r(34,49) d(27) r(28,51) r(33,135) r(1,48) r(25,164)
3; a(34,77) r(27,57) a(28,47) r(34,134) a(1,54) r(35,177) d(2) d(31) r(33,57) d(1)
4; a(34,64) a(35,60) r(32,138) r(35,69) r(34,49) d(27) r(28,51) r(33,57) a(2,44)
5; a(34,77) r(27,57) a(28,47) r(34,134) a(1,54) r(35,177) d(2) d(31) r(33,135) r(1,48) r(25,27)
6; a(34,64) a(35,60) r(32,138) r(35,69) r(34,49) d(27) r(28,51) r(27,57) a(28,47) d(35) a(34,76) a(31,49) r(28,80) d(35) r(33,57) d(1) d(32) d(25)
7; a(34,77) r(1,99) r(34,60)
8; a(34,64) a(35,60) r(32,138) r(35,69) r(34,49) d(27) r(28,51) r(1,99) d(25)
9; a(34,77) r(27,57) a(28,47) d(35) a(34,76) a(31,49) r(28,80) d(35) r(33,57) d(1) d(32) d(25)
10; a(34,77) a(27,97) a(1,158) d(35)
11; d(32) a(35,60) r(32,138) r(35,69) d(34) r(33,46) r(27,57) a(28,47) a(31,49) r(28,80) d(35) r(33,57) d(1) d(32) d(25)
12; a(34,77) r(27,57) a(28,47) a(31,49) r(28,80) d(35) r(33,57) d(1) d(32) d(25)
13; d(32) a(35,60) r(32,138) r(35,69) d(34) r(33,46) a(27,97) a(1,158) r(28,105)
14; a(34,77) r(27,57) a(28,47) d(35) a(34,76) a(31,49) r(31,78) r(34,130) a(1,108) r(33,135)
15; d(2) a(25,177) a(31,76) a(34,49) r(35,33) r(28,80) d(35) r(33,57) d(1) d(32) d(25)
16; a(34,77) r(27,57) a(28,47) d(35) a(34,76) a(31,49) r(28,80) d(35) r(33,57) d(1) d(32) d(25)
17; d(2) a(25,177) a(31,76) a(34,49) r(35,33) r(31,78) r(34,130) a(1,108) d(33)
18; a(34,77) r(27,57) a(28,47) d(35) r(1,45)
19; r(2,148) r(27,77) a(34,76) a(31,49) a(34,45) d(34) a(31,36) d(2) a(35,77)
20; a(34,77) r(27,57) a(28,47) d(35) a(34,76) a(31,49) a(34,45) d(34) a(31,36) d(2) r(32,34)
21; r(2,148) r(27,77) r(35,48)
22; a(34,64) d(35) a(34,76) a(31,49) a(34,138) d(35) a(34,45) a(34,135) r(32,76) r(34,82) r(33,94)
23; r(2,148) d(35) d(34) d(28) r(35,48) d(33)
24; a(34,64) d(34) d(28) r(35,48) d(33)
25; r(2,148) d(35) d(35) a(34,76) a(31,49) a(34,138) d(35) a(34,45) a(34,135) r(32,76) r(34,82) a(25,62)
26; a(34,64) a(35,60) r(32,138) r(35,69) r(34,49) d(27) r(28,51) r(1,99) d(33)
27; a(34,77) d(28) d(34) r(32,44) a(2,78) a(1,31) d(1) a(35,49)
28; a(34,77) r(27,57) a(28,47) d(33) d(25) d(1) r(28,87) r(32,47)
29; a(34,77) d(28) d(34) r(32,44) a(2,78) a(1,31) d(1) a(35,49)
30; r(2,148) d(35) d(35) a(34,76) a(31,49) a(34,138) d(35) r(33,57) r(31,51) a(1,82) a(27,32) d(28)
31; a(34,77) r(27,57) a(28,47) a(31,49) r(28,80) d(35) r(33,57) d(1) d(32) d(25)
32; a(34,64) d(34) d(28) a(28,47) d(35) d(1) d(34) r(31,76) d(25) d(33)
33; a(34,77) r(27,57) r(35,48) r(34,35)
34; a(34,64) d(34) d(28) r(35,48) r(1,57)
35; a(34,77) r(27,57) a(28,47) d(35) d(1) d(34) r(31,76) d(25) d(32)
36; d(2) a(25,177) a(31,76) a(34,70) r(35,105) a(34,83) a(35,60) r(32,138) r(35,69) r(34,49) d(27) r(28,51) a(1,60) a(1,82)
37; a(34,77) r(27,57) a(31,49) a(34,45) a(34,135) d(34) r(35,97) a(2,27)
38; d(2) a(25,177) a(31,76) a(34,70) r(35,105) a(34,83) a(35,60) r(32,138) r(35,69) r(34,49) d(27) r(28,51) a(1,60) d(25)
39; a(34,64) a(35,60) r(32,138) r(35,69) r(34,49) d(27) r(1,60) a(25,97) d(25)
40; a(34,77) d(28) d(34) d(35) a(31,49) a(34,45) a(34,135) r(32,76) a(34,177) r(1,47)
41; r(2,148) d(35) d(35) a(34,76) r(34,134) a(1,54) d(35) r(34,134) a(1,54) r(32,44) a(2,78) r(25,112) d(2) r(1,37) r(33,170)
42; a(34,77) d(28) d(34) d(35) r(34,134) a(1,54) d(35) r(34,134) a(1,54) r(32,44) a(2,78) r(25,112) d(2) r(1,37) d(33)
43; r(2,148) d(35) d(35) a(34,76) a(31,49) a(34,45) a(34,135) r(32,76) a(34,177) r(28,178)
44; a(34,77) r(27,57) a(28,47) d(33) d(25) d(1) a(31,148) d(32)
45; r(2,148) d(35) d(35) a(34,76) a(31,49) a(34,138) d(35) a(34,45) a(34,135) r(32,76) r(34,82) r(28,32)
46; a(34,77) r(27,57) a(28,47) d(35) a(34,76) a(31,49) r(28,80) d(35) r(33,57) d(1) d(32) d(25)
47; r(2,148) d(35) d(35) a(34,76) a(31,49) a(34,45) a(34,135) r(34,86) a(28,31) a(25,134)
48; a(34,64) d(34) d(28) r(35,48) d(35) a(34,76) a(31,49) r(28,80) d(35) r(33,57) d(1) d(32) d(25)
49; a(34,77) r(27,57) a(28,47) r(34,32)
50; a(34,64) d(34) d(28) r(35,48) r(33,130)
51; a(34,77) r(27,57) a(28,47) d(35) a(34,76) a(31,49) r(28,80) d(35) r(33,57) d(1) d(32) d(25)
52; r(2,148) d(35) d(35) a(34,76) a(28,47) d(35) a(34,76) a(31,49) a(34,45) d(34) d(1) r(33,176) r(27,25)
53; a(34,77) r(27,57) a(28,47) d(33) d(25) d(1) r(31,164) a(32,1)
54; a(34,77) r(27,57) a(28,47) d(35) a(34,76) a(31,49) r(28,80) d(35) r(33,57) d(1) d(32) d(25)
55; a(34,77) r(27,57) a(28,47) d(35) a(34,76) a(31,49) r(28,80) d(2) r(28,51) a(34,148) a(34,34)
56; d(32) a(35,60) r(32,138) r(35,69) d(34) r(33,46) a(27,97) a(34,135) d(34) d(35) r(27,158)
57; a(34,77) r(27,57) a(31,49) a(34,45) r(1,44) a(35,76)
58; d(32) a(35,60) r(32,138) r(35,69) d(34) r(33,46) a(27,97) r(1,44) a(25,37)
59; a(34,77) r(27,57) a(31,49) a(34,45) a(34,135) d(34) d(35) d(25)
--------------------------------------------------------------------------------
Evaluation

0; 0.
1; 0.
2; 0.
3; 0.
4; 0.
5; 0.
6; 0.
7; 4.
8; 0.
9; 0.
10; 4.
11; 0.
12; 0.
13; 12.
14; 0.
15; 0.
16; 0.
17; 0.
18; 0.
19; 0.
20; 0.
21; 0.
22; 0.
23; 0.
24; 0.
25; 0.
26; 0.
27; 0.
28; 0.
29; 0.
30; 0.
31; 0.
32; 0.
33; 4.
34; 0.
35; 0.
36; 0.
37; 0.
38; 0.
39; 0.
40; 0.
41; 0.
42; 0.
43; 0.
44; 0.
45; 0.
46; 0.
47; 0.
48; 0.
49; 0.
50; 0.
51; 0.
52; 0.
53; 0.
54; 0.
55; 0.
56; 0.
57; 0.
58; 0.
59; 0.
================================================================================
Generation 10

--------------------------------------------------------------------------------
Selection

0; 40
1; 54
2; 21
3; 25
4; 35
5; 17
6; 47
7; 46
8; 19
9; 59
10; 30
11; 57
12; 31
13; 57
14; 19
15; 2
16; 14
17; 0
18; 46
19; 41
20; 56
21; 59
22; 20
23; 48
24; 6
25; 18
26; 15
27; 43
28; 5
29; 51
30; 18
31; 55
32; 46
33; 28
34; 46
35; 22
36; 26
37; 40
38; 35
39; 34
--------------------------------------------------------------------------------
Crossover

0; 54; a(34,77) r(27,57) a(28,47) d(35) a(34,76) a(31,49) r(28,80) d(35) r(33,57) d(1) d(32) d(25)
1; 25; r(2,148) d(35) d(35) a(34,76) a(31,49) a(34,138) d(35) a(34,45) a(34,135) r(32,76) r(34,82) a(25,62)
2; 56, 46; d(32) a(35,60) r(32,138) r(35,69) d(34) r(33,46) a(27,97) a(34,135) d(34) d(25)
3; 56, 46; a(34,77) r(27,57) a(28,47) d(35) a(34,76) a(31,49) r(28,80) d(35) r(33,57) d(1) d(32) d(35) r(27,158)
4; 56; d(32) a(35,60) r(32,138) r(35,69) d(34) r(33,46) a(27,97) a(34,135) d(34) d(35) r(27,158)
5; 46; a(34,77) r(27,57) a(28,47) d(35) a(34,76) a(31,49) r(28,80) d(35) r(33,57) d(1) d(32) d(25)
6; 46; a(34,77) r(27,57) a(28,47) d(35) a(34,76) a(31,49) r(28,80) d(35) r(33,57) d(1) d(32) d(25)
7; 14; a(34,77) r(27,57) a(28,47) d(35) a(34,76) a(31,49) r(31,78) r(34,130) a(1,108) r(33,135)
8; 57; a(34,77) r(27,57) a(31,49) a(34,45) r(1,44) a(35,76)
9; 19; r(2,148) r(27,77) a(34,76) a(31,49) a(34,45) d(34) a(31,36) d(2) a(35,77)
10; 34; a(34,64) d(34) d(28) r(35,48) r(1,57)
11; 35; a(34,77) r(27,57) a(28,47) d(35) d(1) d(34) r(31,76) d(25) d(32)
12; 31, 17; a(34,77) r(27,57) a(28,47) a(31,49) r(28,80) d(35) r(33,57) d(1) d(32) r(34,130) a(1,108) d(33)
13; 31, 17; d(2) a(25,177) a(31,76) a(34,49) r(35,33) r(31,78) d(25)
14; 31; a(34,77) r(27,57) a(28,47) a(31,49) r(28,80) d(35) r(33,57) d(1) d(32) d(25)
15; 17; d(2) a(25,177) a(31,76) a(34,49) r(35,33) r(31,78) r(34,130) a(1,108) d(33)
16; 55; a(34,77) r(27,57) a(28,47) d(35) a(34,76) a(31,49) r(28,80) d(2) r(28,51) a(34,148) a(34,34)
17; 59; a(34,77) r(27,57) a(31,49) a(34,45) a(34,135) d(34) d(35) d(25)
18; 30; r(2,148) d(35) d(35) a(34,76) a(31,49) a(34,138) d(35) r(33,57) r(31,51) a(1,82) a(27,32) d(28)
19; 0; d(2) a(25,177) a(31,76) a(34,49) r(35,33) r(31,78) r(34,130) d(35) d(35) a(34,76) a(31,49) a(34,45) a(34,135) r(32,76) r(33,49) r(1,82)
20; 15; d(2) a(25,177) a(31,76) a(34,49) r(35,33) r(28,80) d(35) r(33,57) d(1) d(32) d(25)
21; 40; a(34,77) d(28) d(34) d(35) a(31,49) a(34,45) a(34,135) r(32,76) a(34,177) r(1,47)
22; 51, 5; a(34,77) r(27,57) a(28,47) d(35) a(34,76) d(31) r(33,135) r(1,48) r(25,27)
23; 51, 5; a(34,77) r(27,57) a(28,47) r(34,134) a(1,54) r(35,177) d(2) a(31,49) r(28,80) d(35) r(33,57) d(1) d(32) d(25)
24; 51; a(34,77) r(27,57) a(28,47) d(35) a(34,76) a(31,49) r(28,80) d(35) r(33,57) d(1) d(32) d(25)
25; 5; a(34,77) r(27,57) a(28,47) r(34,134) a(1,54) r(35,177) d(2) d(31) r(33,135) r(1,48) r(25,27)
26; 6; a(34,64) a(35,60) r(32,138) r(35,69) r(34,49) d(27) r(28,51) r(27,57) a(28,47) d(35) a(34,76) a(31,49) r(28,80) d(35) r(33,57) d(1) d(32) d(25)
27; 47; r(2,148) d(35) d(35) a(34,76) a(31,49) a(34,45) a(34,135) r(34,86) a(28,31) a(25,134)
28; 19; r(2,148) r(27,77) a(34,76) a(31,49) a(34,45) d(34) a(31,36) d(2) a(35,77)
29; 22; a(34,64) d(35) a(34,76) a(31,49) a(34,138) d(35) a(34,45) a(34,135) r(32,76) r(34,82) r(33,94)
30; 43, 21; r(2,148) r(35,48)
31; 43, 21; r(2,148) r(27,77) d(35) d(35) a(34,76) a(31,49) a(34,45) a(34,135) r(32,76) a(34,177) r(28,178)
32; 43; r(2,148) d(35) d(35) a(34,76) a(31,49) a(34,45) a(34,135) r(32,76) a(34,177) r(28,178)
33; 21; r(2,148) r(27,77) r(35,48)
34; 18, 46; a(34,77) r(27,57) a(28,47) a(34,76) a(31,49) r(28,80) d(35) r(33,57) d(1) d(32) d(25)
35; 18, 46; a(34,77) r(27,57) a(28,47) d(35) d(35) r(1,45)
36; 18; a(34,77) r(27,57) a(28,47) d(35) r(1,45)
37; 46; a(34,77) r(27,57) a(28,47) d(35) a(34,76) a(31,49) r(28,80) d(35) r(33,57) d(1) d(32) d(25)
38; 46; a(34,77) r(27,57) a(28,47) d(35) a(34,76) a(31,49) r(28,80) d(35) r(33,57) d(1) d(32) d(25)
39; 28; a(34,77) r(27,57) a(28,47) d(33) d(25) d(1) r(28,87) r(32,47)
40; 59, 40; a(34,77) r(27,57) a(31,49) a(34,45) a(34,135) d(34) d(35) a(34,177) r(1,47)
41; 59, 40; a(34,77) d(28) d(34) d(35) a(31,49) a(34,45) a(34,135) r(32,76) d(25)
42; 59; a(34,77) r(27,57) a(31,49) a(34,45) a(34,135) d(34) d(35) d(25)
43; 40; a(34,77) d(28) d(34) d(35) a(31,49) a(34,45) a(34,135) r(32,76) a(34,177) r(1,47)
44; 26, 20; a(34,64) a(35,60) r(32,138) r(35,69) r(34,49) d(27) r(28,51) r(1,99) d(2) r(32,34)
45; 26, 20; a(34,77) r(27,57) a(28,47) d(35) a(34,76) a(31,49) a(34,45) d(34) a(31,36) d(33)
46; 26; a(34,64) a(35,60) r(32,138) r(35,69) r(34,49) d(27) r(28,51) r(1,99) d(33)
47; 20; a(34,77) r(27,57) a(28,47) d(35) a(34,76) a(31,49) a(34,45) d(34) a(31,36) d(2) r(32,34)
48; 2, 35; a(34,64) a(35,60) r(32,138) r(35,69) r(34,49) d(27) d(34) r(31,76) d(25) d(32)
49; 2, 35; a(34,77) r(27,57) a(28,47) d(35) d(1) r(28,51) r(33,135) r(1,48) r(25,164)
50; 2; a(34,64) a(35,60) r(32,138) r(35,69) r(34,49) d(27) r(28,51) r(33,135) r(1,48) r(25,164)
51; 35; a(34,77) r(27,57) a(28,47) d(35) d(1) d(34) r(31,76) d(25) d(32)
52; 57, 18; a(34,77) r(27,57) a(31,49) a(34,45) r(1,44) d(35) r(1,45)
53; 57, 18; a(34,77) r(27,57) a(28,47) a(35,76)
54; 57; a(34,77) r(27,57) a(31,49) a(34,45) r(1,44) a(35,76)
55; 18; a(34,77) r(27,57) a(28,47) d(35) r(1,45)
56; 48, 41; a(34,64) d(34) d(28) r(35,48) d(35) a(34,76) a(31,49) r(28,80) d(35) r(33,170)
57; 48, 41; r(2,148) d(35) d(35) a(34,76) r(34,134) a(1,54) d(35) r(34,134) a(1,54) r(32,44) a(2,78) r(25,112) d(2) r(1,37) r(33,57) d(1) d(32) d(25)
58; 48; a(34,64) d(34) d(28) r(35,48) d(35) a(34,76) a(31,49) r(28,80) d(35) r(33,57) d(1) d(32) d(25)
59; 41; r(2,148) d(35) d(35) a(34,76) r(34,134) a(1,54) d(35) r(34,134) a(1,54) r(32,44) a(2,78) r(25,112) d(2) r(1,37) r(33,170)
--------------------------------------------------------------------------------
Mutation

0; a(34,77) r(27,57) a(28,47) d(35) a(34,76) a(31,49) r(28,80) d(35) r(33,57) d(1) d(32) d(25)
1; r(2,148) d(35) d(35) a(34,76) a(31,49) a(34,138) d(35) a(34,45) a(34,135) r(32,76) r(34,82) a(25,62) d(33)
2; d(32) a(35,60) r(32,138) r(35,69) d(34) r(33,46) a(27,97) a(34,135) d(34) d(25) d(3)
3; a(34,77) r(27,57) a(28,47) d(35) a(34,76) a(31,49) r(28,80) d(35) r(33,57) d(1) d(32) d(35) r(27,158) r(25,170)
4; d(32) a(35,60) r(32,138) r(35,69) d(34) r(33,46) a(27,97) a(34,135) d(34) d(35) r(27,158) d(3)
5; a(34,77) r(27,57) a(28,47) d(35) a(34,76) a(31,49) r(28,80) d(35) r(33,57) d(1) d(32) d(25)
6; a(34,77) r(27,57) a(28,47) d(35) a(34,76) a(31,49) r(28,80) d(35) r(33,57) d(1) d(32) d(25)
7; a(34,77) r(27,57) a(28,47) d(35) a(34,76) a(31,49) r(31,78) r(34,130) a(1,108) r(33,135) d(32)
8; a(34,77) r(27,57) a(31,49) a(34,45) r(1,44) a(35,76) a(25,46)
9; r(2,148) r(27,77) a(34,76) a(31,49) a(34,45) d(34) a(31,36) d(2) a(35,77) r(35,112)
10; a(34,64) d(34) d(28) r(35,48) r(1,57) d(25)
11; a(34,77) r(27,57) a(28,47) d(35) d(1) d(34) r(31,76) d(25) d(32) r(33,94)
12; a(34,77) r(27,57) a(28,47) a(31,49) r(28,80) d(35) r(33,57) d(1) d(32) r(34,130) a(1,108) d(33) d(25)
13; d(2) a(25,177) a(31,76) a(34,49) r(35,33) r(31,78) d(25) d(34)
14; a(34,77) r(27,57) a(28,47) a(31,49) r(28,80) d(35) r(33,57) d(1) d(32) d(25)
15; d(2) a(25,177) a(31,76) a(34,49) r(35,33) r(31,78) r(34,130) a(1,108) d(33) a(28,76)
16; a(34,77) r(27,57) a(28,47) d(35) a(34,76) a(31,49) r(28,80) d(2) r(28,51) a(34,148) a(34,34) d(34)
17; a(34,77) r(27,57) a(31,49) a(34,45) a(34,135) d(34) d(35) d(25) r(1,31)
18; r(2,148) d(35) d(35) a(34,76) a(31,49) a(34,138) d(35) r(33,57) r(31,51) a(1,82) a(27,32) d(28) r(27,47)
19; d(2) a(25,177) a(31,76) a(34,49) r(35,33) r(31,78) r(34,130) d(35) d(35) a(34,76) a(31,49) a(34,45) a(34,135) r(32,76) r(33,49) r(1,82) d(27)
20; d(2) a(25,177) a(31,76) a(34,49) r(35,33) r(28,80) d(35) r(33,57) d(1) d(32) d(25)
21; a(34,77) d(28) d(34) d(35) a(31,49) a(34,45) a(34,135) r(32,76) a(34,177) r(1,47) r(33,37)
22; a(34,77) r(27,57) a(28,47) d(35) a(34,76) d(31) r(33,135) r(1,48) r(25,27) r(32,82)
23; a(34,77) r(27,57) a(28,47) r(34,134) a(1,54) r(35,177) d(2) a(31,49) r(28,80) d(35) r(33,57) d(1) d(32) d(25)
24; a(34,77) r(27,57) a(28,47) d(35) a(34,76) a(31,49) r(28,80) d(35) r(33,57) d(1) d(32) d(25)
25; a(34,77) r(27,57) a(28,47) r(34,134) a(1,54) r(35,177) d(2) d(31) r(33,135) r(1,48) r(25,27) a(28,112)
26; a(34,64) a(35,60) r(32,138) r(35,69) r(34,49) d(27) r(28,51) r(27,57) a(28,47) d(35) a(34,76) a(31,49) r(28,80) d(35) r(33,57) d(1) d(32) d(25)
27; r(2,148) d(35) d(35) a(34,76) a(31,49) a(34,45) a(34,135) r(34,86) a(28,31) a(25,134) r(31,65)
28; r(2,148) r(27,77) a(34,76) a(31,49) a(34,45) d(34) a(31,36) d(2) a(35,77) r(35,178)
29; a(34,64) d(35) a(34,76) a(31,49) a(34,138) d(35) a(34,45) a(34,135) r(32,76) r(34,82) r(33,94) r(3,53)
30; r(2,148) r(35,48) d(34)
31; r(2,148) r(27,77) d(35) d(35) a(34,76) a(31,49) a(34,45) a(34,135) r(32,76) a(34,177) r(28,178) a(34,25)
32; r(2,148) d(35) d(35) a(34,76) a(31,49) a(34,45) a(34,135) r(32,76) a(34,177) r(28,178) d(34)
33; r(2,148) r(27,77) r(35,48) d(34)
34; a(34,77) r(27,57) a(28,47) a(34,76) a(31,49) r(28,80) d(35) r(33,57) d(1) d(32) d(25)
35; a(34,77) r(27,57) a(28,47) d(35) d(35) r(1,45) r(33,76)
36; a(34,77) r(27,57) a(28,47) d(35) r(1,45) r(34,54)
37; a(34,77) r(27,57) a(28,47) d(35) a(34,76) a(31,49) r(28,80) d(35) r(33,57) d(1) d(32) d(25)
38; a(34,77) r(27,57) a(28,47) d(35) a(34,76) a(31,49) r(28,80) d(35) r(33,57) d(1) d(32) d(25)
39; a(34,77) r(27,57) a(28,47) d(33) d(25) d(1) r(28,87) r(32,47)
40; a(34,77) r(27,57) a(31,49) a(34,45) a(34,135) d(34) d(35) a(34,177) r(1,47) a(31,36)
41; a(34,77) d(28) d(34) d(35) a(31,49) a(34,45) a(34,135) r(32,76) d(25) a(1,1)
42; a(34,77) r(27,57) a(31,49) a(34,45) a(34,135) d(34) d(35) d(25) d(3)
43; a(34,77) d(28) d(34) d(35) a(31,49) a(34,45) a(34,135) r(32,76) a(34,177) r(1,47) r(33,100)
44; a(34,64) a(35,60) r(32,138) r(35,69) r(34,49) d(27) r(28,51) r(1,99) d(2) r(32,34) r(33,80)
45; a(34,77) r(27,57) a(28,47) d(35) a(34,76) a(31,49) a(34,45) d(34) a(31,36) d(33) d(28)
46; a(34,64) a(35,60) r(32,138) r(35,69) r(34,49) d(27) r(28,51) r(1,99) d(33) a(25,112)
47; a(34,77) r(27,57) a(28,47) d(35) a(34,76) a(31,49) a(34,45) d(34) a(31,36) d(2) r(32,34) r(1,70)
48; a(34,64) a(35,60) r(32,138) r(35,69) r(34,49) d(27) d(34) r(31,76) d(25) d(32) a(28,176)
49; a(34,77) r(27,57) a(28,47) d(35) d(1) r(28,51) r(33,135) r(1,48) r(25,164) d(32)
50; a(34,64) a(35,60) r(32,138) r(35,69) r(34,49) d(27) r(28,51) r(33,135) r(1,48) r(25,164)
51; a(34,77) r(27,57) a(28,47) d(35) d(1) d(34) r(31,76) d(25) d(32) a(28,27)
52; a(34,77) r(27,57) a(31,49) a(34,45) r(1,44) d(35) r(1,45) d(34)
53; a(34,77) r(27,57) a(28,47) a(35,76) d(28)
54; a(34,77) r(27,57) a(31,49) a(34,45) r(1,44) a(35,76) r(34,97)
55; a(34,77) r(27,57) a(28,47) d(35) r(1,45) d(34)
56; a(34,64) d(34) d(28) r(35,48) d(35) a(34,76) a(31,49) r(28,80) d(35) r(33,170) a(2,69)
57; r(2,148) d(35) d(35) a(34,76) r(34,134) a(1,54) d(35) r(34,134) a(1,54) r(32,44) a(2,78) r(25,112) d(2) r(1,37) r(33,57) d(1) d(32) d(25) d(28)
58; a(34,64) d(34) d(28) r(35,48) d(35) a(34,76) a(31,49) r(28,80) d(35) r(33,57) d(1) d(32) d(25)
59; r(2,148) d(35) d(35) a(34,76) r(34,134) a(1,54) d(35) r(34,134) a(1,54) r(32,44) a(2,78) r(25,112) d(2) r(1,37) r(33,170) r(28,112)
--------------------------------------------------------------------------------
Evaluation

0; 0.
1; 0.
2; 0.
3; 0.
4; 12.
5; 0.
6; 0.
7; 0.
8; 0.
9; 0.
10; 0.
11; 0.
12; 0.
13; 0.
14; 0.
15; 0.
16; 0.
17; 0.
18; 0.
19; 0.
20; 0.
21; 0.
22; 0.
23; 0.
24; 0.
25; 0.
26; 0.
27; 0.
28; 0.
29; 0.
30; 0.
31; 0.
32; 0.
33; 0.
34; 0.
35; 0.
36; 0.
37; 0.
38; 0.
39; 0.
40; 0.
41; 0.
42; 0.
43; 0.
44; 0.
45; 0.
46; 0.
47; 0.
48; 0.
49; 0.
50; 0.
51; 0.
52; 0.
53; 0.
54; 0.
55; 0.
56; 0.
57; 0.
58; 0.
59; 0.
