================================================================================
Enclosure

1: 0
2: 0
3: 0
4: 0
5: 4
6: 5
8: 4
9: 4
10: 9
11: 10
12: 10
13: 10
14: 9
15: 9
16: 0
17: 0
================================================================================
Initialisation

0; a(10,9); 42.
1; a(13,13); 18.
2; a(14,10); 42.
3; r(10,9); 18.
4; r(13,10); 18.
5; d(8); 13.
6; d(13); 18.
7; a(9,14); 14.
8; r(10,17); 4.
9; a(5,13); 18.
10; d(15); 5.
11; d(12); 4.
12; r(4,8); 13.
13; a(5,13); 18.
14; r(9,13); 4.
15; d(13); 18.
16; d(6); 18.
17; d(13); 18.
18; a(13,9); 18.
19; d(9); 4.
20; d(11); 4.
21; d(13); 18.
22; r(13,4); 18.
23; a(13,14); 54.
24; d(1); 42.
25; d(13); 18.
26; a(13,3); 18.
27; r(3,8); 13.
28; r(13,14); 54.
29; a(14,9); 9.
30; d(13); 18.
31; r(13,5); 18.
32; a(13,6); 18.
33; a(14,12); 5.
34; d(13); 18.
35; d(11); 4.
36; r(5,2); 0.
37; r(6,5); 18.
38; a(9,11); 14.
39; original; 18.
================================================================================
Generation 1

--------------------------------------------------------------------------------
Selection

0; 19
1; 19
2; 32
3; 7
4; 10
5; 33
6; 8
7; 14
8; 12
9; 33
10; 6
11; 10
12; 9
13; 15
14; 13
15; 11
16; 5
17; 19
18; 11
19; 29
20; 26
21; 20
22; 14
23; 0
24; 15
25; 19
26; 3
27; 16
28; 8
29; 8
30; 26
31; 10
32; 20
33; 20
34; 29
35; 29
36; 5
37; 29
38; 10
39; 35
--------------------------------------------------------------------------------
Crossover

0; 29; a(14,9)
1; 14; r(9,13)
2; 5; d(8)
3; 3; r(10,9)
4; 20; d(11)
5; 26; a(13,3)
6; 32, 10; a(13,6)
7; 32, 10; d(15)
8; 32; a(13,6)
9; 10; d(15)
10; 29, 33; a(14,9)
11; 29, 33; a(14,12)
12; 29; a(14,9)
13; 33; a(14,12)
14; 14; r(9,13)
15; 7; a(9,14)
16; 13, 19; a(5,13)
17; 13, 19; d(9)
18; 13; a(5,13)
19; 19; d(9)
20; 8, 19; r(10,17)
21; 8, 19; d(9)
22; 8; r(10,17)
23; 19; d(9)
24; 10, 20; d(15)
25; 10, 20; d(11)
26; 10; d(15)
27; 20; d(11)
28; 29; a(14,9)
29; 15; d(13)
30; 11; d(12)
31; 5; d(8)
32; 12; r(4,8)
33; 10; d(15)
34; 0, 35; a(10,9)
35; 0, 35; d(11)
36; 0; a(10,9)
37; 35; d(11)
38; 10; d(15)
39; 11; d(12)
40; 19, 8; d(9)
41; 19, 8; r(10,17)
42; 19; d(9)
43; 8; r(10,17)
44; 20, 19; d(11)
45; 20, 19; d(9)
46; 20; d(11)
47; 19; d(9)
48; 33; a(14,12)
49; 15; d(13)
50; 16, 8; d(6)
51; 16, 8; r(10,17)
52; 16; d(6)
53; 8; r(10,17)
54; 29; a(14,9)
55; 9; a(5,13)
56; 26; a(13,3)
57; 6; d(13)
--------------------------------------------------------------------------------
Mutation

0; a(14,9) a(13,16)
1; r(9,13) a(3,16)
2; d(8) d(13)
3; r(10,9) d(6)
4; d(11) a(13,9)
5; a(13,3) d(6)
6; a(13,6) a(13,3)
7; d(15) d(6)
8; a(13,6) r(13,10)
9; d(15) a(8,8)
10; a(14,9) r(13,15)
11; a(14,12) d(1)
12; a(14,9) d(13)
13; a(14,12) a(6,17)
14; r(9,13) d(1)
15; a(9,14) r(11,17)
16; a(5,13) a(13,17)
17; d(9) r(5,10)
18; a(5,13) r(13,8)
19; d(9) a(3,8)
20; r(10,17) a(1,6)
21; d(9) a(3,8)
22; r(10,17) d(5)
23; d(9) d(5)
24; d(15) a(6,4)
25; d(11) r(13,15)
26; d(15) a(6,3)
27; d(11) d(13)
28; a(14,9) d(3)
29; d(13) a(8,9)
30; d(12) a(13,17)
31; d(8) r(1,6)
32; r(4,8) d(3)
33; d(15) a(8,3)
34; a(10,9) d(3)
35; d(11) a(13,4)
36; a(10,9) a(13,12)
37; d(11) a(13,4)
38; d(15) a(13,6)
39; d(12) r(13,2)
40; d(9) r(4,8)
41; r(10,17) r(14,12)
42; d(9) r(5,13)
43; r(10,17) d(14)
44; d(11) a(13,9)
45; d(9) r(2,10)
46; d(11) r(6,9)
47; d(9) d(4)
48; a(14,12) r(13,6)
49; d(13) r(1,17)
50; d(6) a(9,10)
51; r(10,17) r(9,13)
52; d(6) d(13)
53; r(10,17) d(9)
54; a(14,9) a(4,2)
55; a(5,13) a(13,8)
56; a(13,3) a(8,15)
57; d(13) d(9)
--------------------------------------------------------------------------------
Evaluation

0; 9.
1; 0.
2; 13.
3; 18.
4; 4.
5; 18.
6; 18.
7; 5.
8; 18.
9; 5.
10; 9.
11; 42.
12; 9.
13; 4.
14; 4.
15; 13.
16; 18.
17; 0.
18; 18.
19; 4.
20; 4.
21; 4.
22; 0.
23; 0.
24; 18.
25; 4.
26; 5.
27; 4.
28; 13.
29; 42.
30; 4.
31; 13.
32; 13.
33; 5.
34; 13.
35; 4.
36; 42.
37; 4.
38; 5.
39; 4.
40; 13.
41; 4.
42; 0.
43; 4.
44; 4.
45; 0.
46; 8.
47; 13.
48; 5.
49; 13.
50; 42.
51; 4.
52; 18.
53; 4.
54; 4.
55; 18.
56; 4.
57; 4.
================================================================================
Generation 2

--------------------------------------------------------------------------------
Selection

0; 22
1; 44
2; 13
3; 26
4; 51
5; 56
6; 1
7; 20
8; 38
9; 37
10; 51
11; 7
12; 25
13; 14
14; 21
15; 38
16; 43
17; 42
18; 4
19; 47
20; 23
21; 45
22; 22
23; 1
24; 47
25; 45
26; 37
27; 53
28; 17
29; 17
30; 42
31; 41
32; 38
33; 1
34; 35
35; 33
36; 13
37; 38
38; 21
39; 14
--------------------------------------------------------------------------------
Crossover

0; 45, 47; d(9) d(4)
1; 45, 47; d(9) r(2,10)
2; 45; d(9) r(2,10)
3; 47; d(9) d(4)
4; 22, 41; r(10,17)
5; 22, 41; r(10,17) r(14,12) d(5)
6; 22; r(10,17) d(5)
7; 41; r(10,17) r(14,12)
8; 38; d(15) a(13,6)
9; 21; d(9) a(3,8)
10; 20; r(10,17) a(1,6)
11; 38; d(15) a(13,6)
12; 45; d(9) r(2,10)
13; 1; r(9,13) a(3,16)
14; 42; d(9) r(5,13)
15; 22; r(10,17) d(5)
16; 35; d(11) a(13,4)
17; 23; d(9) d(5)
18; 14, 44; r(9,13) d(1) a(13,9)
19; 14, 44; d(11)
20; 14; r(9,13) d(1)
21; 44; d(11) a(13,9)
22; 51, 13; r(10,17) r(9,13) a(6,17)
23; 51, 13; a(14,12)
24; 51; r(10,17) r(9,13)
25; 13; a(14,12) a(6,17)
26; 1; r(9,13) a(3,16)
27; 17; d(9) r(5,10)
28; 1, 25; r(9,13) a(3,16) r(13,15)
29; 1, 25; d(11)
30; 1; r(9,13) a(3,16)
31; 25; d(11) r(13,15)
32; 56; a(13,3) a(8,15)
33; 17; d(9) r(5,10)
34; 37; d(11) a(13,4)
35; 47; d(9) d(4)
36; 53, 14; r(10,17) d(1)
37; 53, 14; r(9,13) d(9)
38; 53; r(10,17) d(9)
39; 14; r(9,13) d(1)
40; 38; d(15) a(13,6)
41; 37; d(11) a(13,4)
42; 51, 43; r(10,17) d(14)
43; 51, 43; r(10,17) r(9,13)
44; 51; r(10,17) r(9,13)
45; 43; r(10,17) d(14)
46; 4; d(11) a(13,9)
47; 13; a(14,12) a(6,17)
48; 33, 7; d(15) d(6)
49; 33, 7; d(15) a(8,3)
50; 33; d(15) a(8,3)
51; 7; d(15) d(6)
52; 26; d(15) a(6,3)
53; 38; d(15) a(13,6)
54; 42, 21; d(9) r(5,13) a(3,8)
55; 42, 21; d(9)
56; 42; d(9) r(5,13)
57; 21; d(9) a(3,8)
--------------------------------------------------------------------------------
Mutation

0; d(9) d(4) d(1)
1; d(9) r(2,10) a(4,10)
2; d(9) r(2,10) a(6,6)
3; d(9) d(4) a(1,1)
4; r(10,17) d(1)
5; r(10,17) r(14,12) d(5) r(4,2)
6; r(10,17) d(5) a(15,16)
7; r(10,17) r(14,12) d(6)
8; d(15) a(13,6) d(13)
9; d(9) a(3,8) r(4,2)
10; r(10,17) a(1,6) d(8)
11; d(15) a(13,6) r(8,4)
12; d(9) r(2,10) d(8)
13; r(9,13) a(3,16) r(8,14)
14; d(9) r(5,13) d(3)
15; r(10,17) d(5) a(14,3)
16; d(11) a(13,4) r(4,8)
17; d(9) d(5) d(4)
18; r(9,13) d(1) a(13,9) r(3,4)
19; d(11) r(13,10)
20; r(9,13) d(1) r(8,10)
21; d(11) a(13,9) d(2)
22; r(10,17) r(9,13) a(6,17) r(1,6)
23; a(14,12) r(10,4)
24; r(10,17) r(9,13) a(3,17)
25; a(14,12) a(6,17) a(8,16)
26; r(9,13) a(3,16) a(8,10)
27; d(9) r(5,10) d(3)
28; r(9,13) a(3,16) r(13,15) d(1)
29; d(11) d(12)
30; r(9,13) a(3,16) d(4)
31; d(11) r(13,15) a(1,17)
32; a(13,3) a(8,15) r(15,3)
33; d(9) r(5,10) a(8,8)
34; d(11) a(13,4) d(5)
35; d(9) d(4) r(1,6)
36; r(10,17) d(1) a(6,12)
37; r(9,13) d(9) d(6)
38; r(10,17) d(9) r(5,11)
39; r(9,13) d(1) a(8,13)
40; d(15) a(13,6) a(10,14)
41; d(11) a(13,4) d(13)
42; r(10,17) d(14) r(2,11)
43; r(10,17) r(9,13) d(4)
44; r(10,17) r(9,13) a(1,17)
45; r(10,17) d(14) a(8,13)
46; d(11) a(13,9) a(13,17)
47; a(14,12) a(6,17) a(4,6)
48; d(15) d(6) r(2,13)
49; d(15) a(8,3) d(13)
50; d(15) a(8,3) a(2,3)
51; d(15) d(6) r(8,3)
52; d(15) a(6,3) a(10,8)
53; d(15) a(13,6) r(1,13)
54; d(9) r(5,13) a(3,8) r(4,13)
55; d(9) a(5,13)
56; d(9) r(5,13) a(4,8)
57; d(9) a(3,8) r(1,6)
--------------------------------------------------------------------------------
Evaluation

0; 13.
1; 0.
2; 0.
3; 13.
4; 4.
5; 13.
6; 0.
7; 4.
8; 5.
9; 13.
10; 13.
11; 18.
12; 0.
13; 0.
14; 0.
15; 0.
16; 13.
17; 13.
18; 13.
19; 4.
20; 42.
21; 0.
22; 4.
23; 18.
24; 0.
25; 4.
26; 0.
27; 0.
28; 0.
29; 4.
30; 0.
31; 4.
32; 4.
33; 0.
34; 0.
35; 13.
36; 4.
37; 4.
38; 0.
39; 4.
40; 14.
41; 4.
42; 0.
43; 13.
44; 4.
45; 4.
46; 4.
47; 4.
48; 0.
49; 5.
50; 5.
51; 13.
52; 5.
53; 42.
54; 13.
55; 4.
56; 0.
57; 4.
================================================================================
Generation 3

--------------------------------------------------------------------------------
Selection

0; 15
1; 15
2; 14
3; 26
4; 28
5; 19
6; 16
7; 21
8; 19
9; 46
10; 46
11; 33
12; 28
13; 47
14; 4
15; 56
16; 34
17; 36
18; 34
19; 37
20; 25
21; 31
22; 13
23; 25
24; 10
25; 31
26; 19
27; 7
28; 54
29; 7
30; 25
31; 57
32; 24
33; 22
34; 33
35; 22
36; 14
37; 14
38; 34
39; 16
--------------------------------------------------------------------------------
Crossover

0; 19, 15; d(11) a(14,3)
1; 19, 15; r(10,17) d(5) r(13,10)
2; 19; d(11) r(13,10)
3; 15; r(10,17) d(5) a(14,3)
4; 34, 22; d(11) a(13,4) a(6,17) r(1,6)
5; 34, 22; r(10,17) r(9,13) d(5)
6; 34; d(11) a(13,4) d(5)
7; 22; r(10,17) r(9,13) a(6,17) r(1,6)
8; 7; r(10,17) r(14,12) d(6)
9; 16; d(11) a(13,4) r(4,8)
10; 28; r(9,13) a(3,16) r(13,15) d(1)
11; 57; d(9) a(3,8) r(1,6)
12; 28; r(9,13) a(3,16) r(13,15) d(1)
13; 46; d(11) a(13,9) a(13,17)
14; 19, 34; d(11) r(13,10) a(13,4) d(5)
15; 19, 34; d(11)
16; 19; d(11) r(13,10)
17; 34; d(11) a(13,4) d(5)
18; 13, 14; r(9,13) a(3,16) r(8,14)
19; 13, 14; d(9) r(5,13) d(3)
20; 13; r(9,13) a(3,16) r(8,14)
21; 14; d(9) r(5,13) d(3)
22; 21; d(11) a(13,9) d(2)
23; 25; a(14,12) a(6,17) a(8,16)
24; 22; r(10,17) r(9,13) a(6,17) r(1,6)
25; 34; d(11) a(13,4) d(5)
26; 25; a(14,12) a(6,17) a(8,16)
27; 4; r(10,17) d(1)
28; 10; r(10,17) a(1,6) d(8)
29; 33; d(9) r(5,10) a(8,8)
30; 46, 14; d(11) a(13,9) d(3)
31; 46, 14; d(9) r(5,13) a(13,17)
32; 46; d(11) a(13,9) a(13,17)
33; 14; d(9) r(5,13) d(3)
34; 14; d(9) r(5,13) d(3)
35; 31; d(11) r(13,15) a(1,17)
36; 25, 37; a(14,12) a(6,17) a(8,16) d(9) d(6)
37; 25, 37; r(9,13)
38; 25; a(14,12) a(6,17) a(8,16)
39; 37; r(9,13) d(9) d(6)
40; 16, 24; d(11) a(13,4)
41; 16, 24; r(10,17) r(9,13) a(3,17) r(4,8)
42; 16; d(11) a(13,4) r(4,8)
43; 24; r(10,17) r(9,13) a(3,17)
44; 36; r(10,17) d(1) a(6,12)
45; 47; a(14,12) a(6,17) a(4,6)
46; 33, 15; d(9) r(5,10) a(14,3)
47; 33, 15; r(10,17) d(5) a(8,8)
48; 33; d(9) r(5,10) a(8,8)
49; 15; r(10,17) d(5) a(14,3)
50; 56; d(9) r(5,13) a(4,8)
51; 54; d(9) r(5,13) a(3,8) r(4,13)
52; 7; r(10,17) r(14,12) d(6)
53; 26; r(9,13) a(3,16) a(8,10)
54; 19, 31; d(11)
55; 19, 31; d(11) r(13,15) a(1,17) r(13,10)
56; 19; d(11) r(13,10)
57; 31; d(11) r(13,15) a(1,17)
--------------------------------------------------------------------------------
Mutation

0; d(11) a(14,3) r(13,9)
1; r(10,17) d(5) r(13,10) r(9,12)
2; d(11) r(13,10) d(12)
3; r(10,17) d(5) a(14,3) d(1)
4; d(11) a(13,4) a(6,17) r(1,6) r(15,9)
5; r(10,17) r(9,13) d(5) r(1,6)
6; d(11) a(13,4) d(5) r(13,11)
7; r(10,17) r(9,13) a(6,17) r(1,6) a(6,3)
8; r(10,17) r(14,12) d(6) d(8)
9; d(11) a(13,4) r(4,8) r(1,17)
10; r(9,13) a(3,16) r(13,15) d(1) r(5,8)
11; d(9) a(3,8) r(1,6) a(8,17)
12; r(9,13) a(3,16) r(13,15) d(1) a(4,15)
13; d(11) a(13,9) a(13,17) r(10,13)
14; d(11) r(13,10) a(13,4) d(5) a(14,5)
15; d(11) r(4,2)
16; d(11) r(13,10) r(2,6)
17; d(11) a(13,4) d(5) d(14)
18; r(9,13) a(3,16) r(8,14) d(5)
19; d(9) r(5,13) d(3) d(4)
20; r(9,13) a(3,16) r(8,14) a(4,4)
21; d(9) r(5,13) d(3) r(2,4)
22; d(11) a(13,9) d(2) r(15,2)
23; a(14,12) a(6,17) a(8,16) d(13)
24; r(10,17) r(9,13) a(6,17) r(1,6) a(8,14)
25; d(11) a(13,4) d(5) a(14,9)
26; a(14,12) a(6,17) a(8,16) d(13)
27; r(10,17) d(1) a(2,3)
28; r(10,17) a(1,6) d(8) a(5,2)
29; d(9) r(5,10) a(8,8) d(3)
30; d(11) a(13,9) d(3) d(5)
31; d(9) r(5,13) a(13,17) a(1,6)
32; d(11) a(13,9) a(13,17) r(3,11)
33; d(9) r(5,13) d(3) d(4)
34; d(9) r(5,13) d(3) a(2,17)
35; d(11) r(13,15) a(1,17) d(10)
36; a(14,12) a(6,17) a(8,16) d(9) d(6) a(1,1)
37; r(9,13) a(8,13)
38; a(14,12) a(6,17) a(8,16) a(13,4)
39; r(9,13) d(9) d(6) r(4,13)
40; d(11) a(13,4) a(13,5)
41; r(10,17) r(9,13) a(3,17) r(4,8) d(3)
42; d(11) a(13,4) r(4,8) r(1,17)
43; r(10,17) r(9,13) a(3,17) d(2)
44; r(10,17) d(1) a(6,12) r(3,6)
45; a(14,12) a(6,17) a(4,6) r(14,5)
46; d(9) r(5,10) a(14,3) a(4,4)
47; r(10,17) d(5) a(8,8) r(2,15)
48; d(9) r(5,10) a(8,8) d(8)
49; r(10,17) d(5) a(14,3) d(15)
50; d(9) r(5,13) a(4,8) r(8,12)
51; d(9) r(5,13) a(3,8) r(4,13) a(1,1)
52; r(10,17) r(14,12) d(6) r(15,2)
53; r(9,13) a(3,16) a(8,10) r(2,6)
54; d(11) d(13)
55; d(11) r(13,15) a(1,17) r(13,10) a(12,5)
56; d(11) r(13,10) r(14,9)
57; d(11) r(13,15) a(1,17) a(10,8)
--------------------------------------------------------------------------------
Evaluation

0; 4.
1; 0.
2; 4.
3; 0.
4; 4.
5; 0.
6; 0.
7; 4.
8; 4.
9; 13.
10; 0.
11; 4.
12; 0.
13; 4.
14; 2.
15; 13.
16; 0.
17; 0.
18; 0.
19; 13.
20; 0.
21; 0.
22; 9.
23; 4.
24; 4.
25; 0.
26; 4.
27; 4.
28; 5.
29; 0.
30; 0.
31; 0.
32; 13.
33; 13.
34; 0.
35; 4.
36; 4.
37; 4.
38; 4.
39; 13.
40; 4.
41; 0.
42; 13.
43; 0.
44; 13.
45; 4.
46; 0.
47; 0.
48; 0.
49; 0.
50; 0.
51; 13.
52; 4.
53; 0.
54; 4.
55; 4.
56; 4.
57; 4.
================================================================================
Generation 4

--------------------------------------------------------------------------------
Selection

0; 29
1; 10
2; 16
3; 29
4; 53
5; 2
6; 50
7; 17
8; 30
9; 50
10; 38
11; 9
12; 30
13; 6
14; 2
15; 14
16; 13
17; 29
18; 22
19; 3
20; 1
21; 20
22; 43
23; 16
24; 2
25; 21
26; 37
27; 41
28; 17
29; 3
30; 16
31; 53
32; 53
33; 16
34; 18
35; 20
36; 55
37; 22
38; 52
39; 29
--------------------------------------------------------------------------------
Crossover

0; 21, 38; d(9) r(5,13) d(3) a(13,4)
1; 21, 38; a(14,12) a(6,17) a(8,16) r(2,4)
2; 21; d(9) r(5,13) d(3) r(2,4)
3; 38; a(14,12) a(6,17) a(8,16) a(13,4)
4; 55, 9; d(11) r(1,17)
5; 55, 9; d(11) a(13,4) r(4,8) r(13,15) a(1,17) r(13,10) a(12,5)
6; 55; d(11) r(13,15) a(1,17) r(13,10) a(12,5)
7; 9; d(11) a(13,4) r(4,8) r(1,17)
8; 3; r(10,17) d(5) a(14,3) d(1)
9; 20; r(9,13) a(3,16) r(8,14) a(4,4)
10; 30; d(11) a(13,9) d(3) d(5)
11; 29; d(9) r(5,10) a(8,8) d(3)
12; 14, 41; d(11) r(4,8) d(3)
13; 14, 41; r(10,17) r(9,13) a(3,17) r(13,10) a(13,4) d(5) a(14,5)
14; 14; d(11) r(13,10) a(13,4) d(5) a(14,5)
15; 41; r(10,17) r(9,13) a(3,17) r(4,8) d(3)
16; 53; r(9,13) a(3,16) a(8,10) r(2,6)
17; 37; r(9,13) a(8,13)
18; 22, 29; d(11) a(13,9) d(2) r(15,2) a(8,8) d(3)
19; 22, 29; d(9) r(5,10)
20; 22; d(11) a(13,9) d(2) r(15,2)
21; 29; d(9) r(5,10) a(8,8) d(3)
22; 13, 16; d(11) r(13,10) r(2,6)
23; 13, 16; d(11) a(13,9) a(13,17) r(10,13)
24; 13; d(11) a(13,9) a(13,17) r(10,13)
25; 16; d(11) r(13,10) r(2,6)
26; 17, 20; d(11) a(13,4) d(5) a(3,16) r(8,14) a(4,4)
27; 17, 20; r(9,13) d(14)
28; 17; d(11) a(13,4) d(5) d(14)
29; 20; r(9,13) a(3,16) r(8,14) a(4,4)
30; 50, 2; d(9)
31; 50, 2; d(11) r(13,10) d(12) r(5,13) a(4,8) r(8,12)
32; 50; d(9) r(5,13) a(4,8) r(8,12)
33; 2; d(11) r(13,10) d(12)
34; 2, 53; d(11) a(8,10) r(2,6)
35; 2, 53; r(9,13) a(3,16) r(13,10) d(12)
36; 2; d(11) r(13,10) d(12)
37; 53; r(9,13) a(3,16) a(8,10) r(2,6)
38; 18; r(9,13) a(3,16) r(8,14) d(5)
39; 2; d(11) r(13,10) d(12)
40; 16, 22; d(11) r(13,10) d(2) r(15,2)
41; 16, 22; d(11) a(13,9) r(2,6)
42; 16; d(11) r(13,10) r(2,6)
43; 22; d(11) a(13,9) d(2) r(15,2)
44; 30; d(11) a(13,9) d(3) d(5)
45; 50; d(9) r(5,13) a(4,8) r(8,12)
46; 43, 53; r(10,17) r(9,13) r(2,6)
47; 43, 53; r(9,13) a(3,16) a(8,10) a(3,17) d(2)
48; 43; r(10,17) r(9,13) a(3,17) d(2)
49; 53; r(9,13) a(3,16) a(8,10) r(2,6)
50; 17; d(11) a(13,4) d(5) d(14)
51; 1; r(10,17) d(5) r(13,10) r(9,12)
52; 29, 52; d(9) r(5,10) a(8,8) d(3) r(14,12) d(6) r(15,2)
53; 29, 52; r(10,17)
54; 29; d(9) r(5,10) a(8,8) d(3)
55; 52; r(10,17) r(14,12) d(6) r(15,2)
56; 16; d(11) r(13,10) r(2,6)
57; 16; d(11) r(13,10) r(2,6)
58; 3; r(10,17) d(5) a(14,3) d(1)
59; 6; d(11) a(13,4) d(5) r(13,11)
60; 10, 29; r(9,13) r(5,10) a(8,8) d(3)
61; 10, 29; d(9) a(3,16) r(13,15) d(1) r(5,8)
62; 10; r(9,13) a(3,16) r(13,15) d(1) r(5,8)
63; 29; d(9) r(5,10) a(8,8) d(3)
--------------------------------------------------------------------------------
Mutation

0; d(9) r(5,13) d(3) a(13,4) a(1,1)
1; a(14,12) a(6,17) a(8,16) r(2,4) r(6,4)
2; d(9) r(5,13) d(3) r(2,4) a(8,16)
3; a(14,12) a(6,17) a(8,16) a(13,4) r(12,5)
4; d(11) r(1,17) a(13,16)
5; d(11) a(13,4) r(4,8) r(13,15) a(1,17) r(13,10) a(12,5) r(1,17)
6; d(11) r(13,15) a(1,17) r(13,10) a(12,5) a(9,5)
7; d(11) a(13,4) r(4,8) r(1,17) d(2)
8; r(10,17) d(5) a(14,3) d(1) r(14,10)
9; r(9,13) a(3,16) r(8,14) a(4,4) r(5,15)
10; d(11) a(13,9) d(3) d(5) r(13,10)
11; d(9) r(5,10) a(8,8) d(3) d(1)
12; d(11) r(4,8) d(3) r(2,8)
13; r(10,17) r(9,13) a(3,17) r(13,10) a(13,4) d(5) a(14,5) d(2)
14; d(11) r(13,10) a(13,4) d(5) a(14,5) r(12,17)
15; r(10,17) r(9,13) a(3,17) r(4,8) d(3) d(2)
16; r(9,13) a(3,16) a(8,10) r(2,6) a(4,17)
17; r(9,13) a(8,13) r(3,9)
18; d(11) a(13,9) d(2) r(15,2) a(8,8) d(3) r(13,11)
19; d(9) r(5,10) r(2,4)
20; d(11) a(13,9) d(2) r(15,2) d(5)
21; d(9) r(5,10) a(8,8) d(3) d(2)
22; d(11) r(13,10) r(2,6) a(3,11)
23; d(11) a(13,9) a(13,17) r(10,13) d(1)
24; d(11) a(13,9) a(13,17) r(10,13) a(4,16)
25; d(11) r(13,10) r(2,6) d(14)
26; d(11) a(13,4) d(5) a(3,16) r(8,14) a(4,4) r(13,5)
27; r(9,13) d(14) d(4)
28; d(11) a(13,4) d(5) d(14) d(13)
29; r(9,13) a(3,16) r(8,14) a(4,4) d(1)
30; d(9) r(5,8)
31; d(11) r(13,10) d(12) r(5,13) a(4,8) r(8,12) r(10,4)
32; d(9) r(5,13) a(4,8) r(8,12) a(4,8)
33; d(11) r(13,10) d(12) d(1)
34; d(11) a(8,10) r(2,6) a(4,3)
35; r(9,13) a(3,16) r(13,10) d(12) a(1,13)
36; d(11) r(13,10) d(12) d(9)
37; r(9,13) a(3,16) a(8,10) r(2,6) r(3,13)
38; r(9,13) a(3,16) r(8,14) d(5) r(2,9)
39; d(11) r(13,10) d(12) r(9,3)
40; d(11) r(13,10) d(2) r(15,2) d(9)
41; d(11) a(13,9) r(2,6) d(13)
42; d(11) r(13,10) r(2,6) r(10,17)
43; d(11) a(13,9) d(2) r(15,2) a(13,4)
44; d(11) a(13,9) d(3) d(5) r(2,3)
45; d(9) r(5,13) a(4,8) r(8,12) d(2)
46; r(10,17) r(9,13) r(2,6) a(4,10)
47; r(9,13) a(3,16) a(8,10) a(3,17) d(2) a(4,13)
48; r(10,17) r(9,13) a(3,17) d(2) a(1,1)
49; r(9,13) a(3,16) a(8,10) r(2,6) r(3,12)
50; d(11) a(13,4) d(5) d(14) a(13,2)
51; r(10,17) d(5) r(13,10) r(9,12) a(4,11)
52; d(9) r(5,10) a(8,8) d(3) r(14,12) d(6) r(15,2) a(1,17)
53; r(10,17) a(1,17)
54; d(9) r(5,10) a(8,8) d(3) r(1,6)
55; r(10,17) r(14,12) d(6) r(15,2) r(9,13)
56; d(11) r(13,10) r(2,6) r(6,13)
57; d(11) r(13,10) r(2,6) r(5,12)
58; r(10,17) d(5) a(14,3) d(1) d(15)
59; d(11) a(13,4) d(5) r(13,11) r(3,12)
60; r(9,13) r(5,10) a(8,8) d(3) a(8,10)
61; d(9) a(3,16) r(13,15) d(1) r(5,8) r(8,16)
62; r(9,13) a(3,16) r(13,15) d(1) r(5,8) a(8,15)
63; d(9) r(5,10) a(8,8) d(3) d(4)
--------------------------------------------------------------------------------
Evaluation

0; 0.
1; 0.
2; 0.
3; 4.
4; 13.
5; 13.
6; 4.
7; 0.
8; 0.
9; 0.
10; 0.
11; 0.
12; 0.
13; 0.
14; 0.
15; 0.
16; 0.
17; 1.
18; 0.
19; 0.
20; 0.
21; 0.
22; 0.
23; 4.
24; 0.
25; 0.
26; 0.
27; 13.
28; 0.
29; 0.
30; 0.
31; 0.
32; 0.
33; 4.
34; 0.
35; 0.
36; 4.
37; 0.
38; 0.
39; 4.
40; 0.
41; 0.
42; 0.
43; 9.
44; 0.
45; 0.
46; 0.
47; 0.
48; 0.
49; 0.
50; 0.
51; 0.
52; 0.
53; 4.
54; 0.
55; 4.
56; 0.
57; 0.
58; 0.
59; 0.
60; 0.
61; 0.
62; 0.
63; 13.
================================================================================
Generation 5

--------------------------------------------------------------------------------
Selection

0; 0
1; 35
2; 51
3; 50
4; 40
5; 17
6; 0
7; 26
8; 41
9; 58
10; 0
11; 24
12; 10
13; 56
14; 12
15; 26
16; 40
17; 32
18; 34
19; 10
20; 30
21; 56
22; 57
23; 30
24; 48
25; 52
26; 18
27; 3
28; 31
29; 46
30; 61
31; 16
32; 40
33; 25
34; 36
35; 48
36; 16
37; 52
38; 41
39; 21
--------------------------------------------------------------------------------
Crossover

0; 36; d(11) r(13,10) d(12) d(9)
1; 56; d(11) r(13,10) r(2,6) r(6,13)
2; 30; d(9) r(5,8)
3; 57; d(11) r(13,10) r(2,6) r(5,12)
4; 46, 10; r(10,17)
5; 46, 10; d(11) a(13,9) d(3) d(5) r(13,10) r(9,13) r(2,6) a(4,10)
6; 46; r(10,17) r(9,13) r(2,6) a(4,10)
7; 10; d(11) a(13,9) d(3) d(5) r(13,10)
8; 32; d(9) r(5,13) a(4,8) r(8,12) a(4,8)
9; 0; d(9) r(5,13) d(3) a(13,4) a(1,1)
10; 16; r(9,13) a(3,16) a(8,10) r(2,6) a(4,17)
11; 48; r(10,17) r(9,13) a(3,17) d(2) a(1,1)
12; 30; d(9) r(5,8)
13; 25; d(11) r(13,10) r(2,6) d(14)
14; 40; d(11) r(13,10) d(2) r(15,2) d(9)
15; 51; r(10,17) d(5) r(13,10) r(9,12) a(4,11)
16; 40; d(11) r(13,10) d(2) r(15,2) d(9)
17; 35; r(9,13) a(3,16) r(13,10) d(12) a(1,13)
18; 48, 26; r(10,17) d(5) a(3,16) r(8,14) a(4,4) r(13,5)
19; 48, 26; d(11) a(13,4) r(9,13) a(3,17) d(2) a(1,1)
20; 48; r(10,17) r(9,13) a(3,17) d(2) a(1,1)
21; 26; d(11) a(13,4) d(5) a(3,16) r(8,14) a(4,4) r(13,5)
22; 24, 56; d(11) a(13,9) a(13,17) r(10,13) a(4,16) r(13,10) r(2,6) r(6,13)
23; 24, 56; d(11)
24; 24; d(11) a(13,9) a(13,17) r(10,13) a(4,16)
25; 56; d(11) r(13,10) r(2,6) r(6,13)
26; 50, 34; d(11) a(13,4) d(5) r(2,6) a(4,3)
27; 50, 34; d(11) a(8,10) d(14) a(13,2)
28; 50; d(11) a(13,4) d(5) d(14) a(13,2)
29; 34; d(11) a(8,10) r(2,6) a(4,3)
30; 40, 26; d(11) r(13,10) d(2)
31; 40, 26; d(11) a(13,4) d(5) a(3,16) r(8,14) a(4,4) r(13,5) r(15,2) d(9)
32; 40; d(11) r(13,10) d(2) r(15,2) d(9)
33; 26; d(11) a(13,4) d(5) a(3,16) r(8,14) a(4,4) r(13,5)
34; 41; d(11) a(13,9) r(2,6) d(13)
35; 12; d(11) r(4,8) d(3) r(2,8)
36; 31; d(11) r(13,10) d(12) r(5,13) a(4,8) r(8,12) r(10,4)
37; 3; a(14,12) a(6,17) a(8,16) a(13,4) r(12,5)
38; 10, 0; d(11) a(13,9) d(3) d(5) r(5,13) d(3) a(13,4) a(1,1)
39; 10, 0; d(9) r(13,10)
40; 10; d(11) a(13,9) d(3) d(5) r(13,10)
41; 0; d(9) r(5,13) d(3) a(13,4) a(1,1)
42; 61; d(9) a(3,16) r(13,15) d(1) r(5,8) r(8,16)
43; 21; d(9) r(5,10) a(8,8) d(3) d(2)
44; 52; d(9) r(5,10) a(8,8) d(3) r(14,12) d(6) r(15,2) a(1,17)
45; 58; r(10,17) d(5) a(14,3) d(1) d(15)
46; 41; d(11) a(13,9) r(2,6) d(13)
47; 52; d(9) r(5,10) a(8,8) d(3) r(14,12) d(6) r(15,2) a(1,17)
48; 16, 0; r(9,13) a(3,16) a(8,10) a(13,4) a(1,1)
49; 16, 0; d(9) r(5,13) d(3) r(2,6) a(4,17)
50; 16; r(9,13) a(3,16) a(8,10) r(2,6) a(4,17)
51; 0; d(9) r(5,13) d(3) a(13,4) a(1,1)
52; 18, 17; d(11) a(13,9) d(2) r(15,2) a(8,8) d(3) r(13,11) r(3,9)
53; 18, 17; r(9,13) a(8,13)
54; 18; d(11) a(13,9) d(2) r(15,2) a(8,8) d(3) r(13,11)
55; 17; r(9,13) a(8,13) r(3,9)
--------------------------------------------------------------------------------
Mutation

0; d(11) r(13,10) d(12) d(9) r(2,14)
1; d(11) r(13,10) r(2,6) r(6,13) a(10,12)
2; d(9) r(5,8) a(1,6)
3; d(11) r(13,10) r(2,6) r(5,12) d(10)
4; r(10,17) r(8,2)
5; d(11) a(13,9) d(3) d(5) r(13,10) r(9,13) r(2,6) a(4,10) r(4,17)
6; r(10,17) r(9,13) r(2,6) a(4,10) r(1,17)
7; d(11) a(13,9) d(3) d(5) r(13,10) a(1,17)
8; d(9) r(5,13) a(4,8) r(8,12) a(4,8) a(3,12)
9; d(9) r(5,13) d(3) a(13,4) a(1,1) r(1,17)
10; r(9,13) a(3,16) a(8,10) r(2,6) a(4,17) a(5,3)
11; r(10,17) r(9,13) a(3,17) d(2) a(1,1) d(6)
12; d(9) r(5,8) a(3,12)
13; d(11) r(13,10) r(2,6) d(14) d(9)
14; d(11) r(13,10) d(2) r(15,2) d(9) a(4,2)
15; r(10,17) d(5) r(13,10) r(9,12) a(4,11) r(8,15)
16; d(11) r(13,10) d(2) r(15,2) d(9) a(8,16)
17; r(9,13) a(3,16) r(13,10) d(12) a(1,13) a(1,6)
18; r(10,17) d(5) a(3,16) r(8,14) a(4,4) r(13,5) a(4,16)
19; d(11) a(13,4) r(9,13) a(3,17) d(2) a(1,1) d(1)
20; r(10,17) r(9,13) a(3,17) d(2) a(1,1) a(1,17)
21; d(11) a(13,4) d(5) a(3,16) r(8,14) a(4,4) r(13,5) d(12)
22; d(11) a(13,9) a(13,17) r(10,13) a(4,16) r(13,10) r(2,6) r(6,13) a(15,5)
23; d(11) a(13,10)
24; d(11) a(13,9) a(13,17) r(10,13) a(4,16) r(5,15)
25; d(11) r(13,10) r(2,6) r(6,13) r(3,17)
26; d(11) a(13,4) d(5) r(2,6) a(4,3) a(13,15)
27; d(11) a(8,10) d(14) a(13,2) a(5,4)
28; d(11) a(13,4) d(5) d(14) a(13,2) d(13)
29; d(11) a(8,10) r(2,6) a(4,3) a(3,8)
30; d(11) r(13,10) d(2) a(5,10)
31; d(11) a(13,4) d(5) a(3,16) r(8,14) a(4,4) r(13,5) r(15,2) d(9) a(4,12)
32; d(11) r(13,10) d(2) r(15,2) d(9) d(8)
33; d(11) a(13,4) d(5) a(3,16) r(8,14) a(4,4) r(13,5) a(15,13)
34; d(11) a(13,9) r(2,6) d(13) d(9)
35; d(11) r(4,8) d(3) r(2,8) d(1)
36; d(11) r(13,10) d(12) r(5,13) a(4,8) r(8,12) r(10,4) r(3,15)
37; a(14,12) a(6,17) a(8,16) a(13,4) r(12,5) a(9,11)
38; d(11) a(13,9) d(3) d(5) r(5,13) d(3) a(13,4) a(1,1) a(13,8)
39; d(9) r(13,10) r(4,16)
40; d(11) a(13,9) d(3) d(5) r(13,10) r(1,6)
41; d(9) r(5,13) d(3) a(13,4) a(1,1) d(2)
42; d(9) a(3,16) r(13,15) d(1) r(5,8) r(8,16) d(2)
43; d(9) r(5,10) a(8,8) d(3) d(2) r(1,17)
44; d(9) r(5,10) a(8,8) d(3) r(14,12) d(6) r(15,2) a(1,17) a(1,17)
45; r(10,17) d(5) a(14,3) d(1) d(15) r(9,16)
46; d(11) a(13,9) r(2,6) d(13) r(5,15)
47; d(9) r(5,10) a(8,8) d(3) r(14,12) d(6) r(15,2) a(1,17) r(1,17)
48; r(9,13) a(3,16) a(8,10) a(13,4) a(1,1) a(8,14)
49; d(9) r(5,13) d(3) r(2,6) a(4,17) d(4)
50; r(9,13) a(3,16) a(8,10) r(2,6) a(4,17) d(1)
51; d(9) r(5,13) d(3) a(13,4) a(1,1) r(8,16)
52; d(11) a(13,9) d(2) r(15,2) a(8,8) d(3) r(13,11) r(3,9) d(9)
53; r(9,13) a(8,13) r(3,2)
54; d(11) a(13,9) d(2) r(15,2) a(8,8) d(3) r(13,11) r(9,2)
55; r(9,13) a(8,13) r(3,9) d(1)
--------------------------------------------------------------------------------
Evaluation

0; 0.
1; 0.
2; 0.
3; 0.
4; 5.
5; 0.
6; 0.
7; 0.
8; 0.
9; 0.
10; 0.
11; 0.
12; 0.
13; 0.
14; 4.
15; 0.
16; 0.
17; 0.
18; 0.
19; 0.
20; 0.
21; 0.
22; 0.
23; 4.
24; 0.
25; 0.
26; 0.
27; 4.
28; 0.
29; 0.
30; 0.
31; 0.
32; 0.
33; 0.
34; 0.
35; 0.
36; 0.
37; 4.
38; 0.
39; 0.
40; 0.
41; 0.
42; 0.
43; 0.
44; 0.
45; 0.
46; 0.
47; 0.
48; 0.
49; 0.
50; 0.
51; 0.
52; 0.
53; 13.
54; 0.
55; 1.
================================================================================
Generation 6

--------------------------------------------------------------------------------
Selection

0; 22
1; 15
2; 6
3; 48
4; 11
5; 7
6; 8
7; 49
8; 43
9; 24
10; 44
11; 1
12; 48
13; 52
14; 6
15; 12
16; 0
17; 43
18; 3
19; 9
20; 25
21; 44
22; 25
23; 33
24; 3
25; 32
26; 11
27; 1
28; 35
29; 11
30; 52
31; 13
32; 28
33; 20
34; 33
35; 42
36; 47
37; 19
38; 46
39; 35
--------------------------------------------------------------------------------
Crossover

0; 15, 11; r(10,17) d(5) r(13,10) r(9,12) a(4,11) r(8,15) a(1,1) d(6)
1; 15, 11; r(10,17) r(9,13) a(3,17) d(2)
2; 15; r(10,17) d(5) r(13,10) r(9,12) a(4,11) r(8,15)
3; 11; r(10,17) r(9,13) a(3,17) d(2) a(1,1) d(6)
4; 35; d(11) r(4,8) d(3) r(2,8) d(1)
5; 42; d(9) a(3,16) r(13,15) d(1) r(5,8) r(8,16) d(2)
6; 46; d(11) a(13,9) r(2,6) d(13) r(5,15)
7; 0; d(11) r(13,10) d(12) d(9) r(2,14)
8; 20; r(10,17) r(9,13) a(3,17) d(2) a(1,1) a(1,17)
9; 1; d(11) r(13,10) r(2,6) r(6,13) a(10,12)
10; 33; d(11) a(13,4) d(5) a(3,16) r(8,14) a(4,4) r(13,5) a(15,13)
11; 11; r(10,17) r(9,13) a(3,17) d(2) a(1,1) d(6)
12; 49; d(9) r(5,13) d(3) r(2,6) a(4,17) d(4)
13; 8; d(9) r(5,13) a(4,8) r(8,12) a(4,8) a(3,12)
14; 44; d(9) r(5,10) a(8,8) d(3) r(14,12) d(6) r(15,2) a(1,17) a(1,17)
15; 33; d(11) a(13,4) d(5) a(3,16) r(8,14) a(4,4) r(13,5) a(15,13)
16; 35, 11; d(11) r(4,8) d(3) d(6)
17; 35, 11; r(10,17) r(9,13) a(3,17) d(2) a(1,1) r(2,8) d(1)
18; 35; d(11) r(4,8) d(3) r(2,8) d(1)
19; 11; r(10,17) r(9,13) a(3,17) d(2) a(1,1) d(6)
20; 48, 47; r(9,13) a(3,16) a(8,10) d(6) r(15,2) a(1,17) r(1,17)
21; 48, 47; d(9) r(5,10) a(8,8) d(3) r(14,12) a(13,4) a(1,1) a(8,14)
22; 48; r(9,13) a(3,16) a(8,10) a(13,4) a(1,1) a(8,14)
23; 47; d(9) r(5,10) a(8,8) d(3) r(14,12) d(6) r(15,2) a(1,17) r(1,17)
24; 44, 25; d(9) r(5,10) r(6,13) r(3,17)
25; 44, 25; d(11) r(13,10) r(2,6) a(8,8) d(3) r(14,12) d(6) r(15,2) a(1,17) a(1,17)
26; 44; d(9) r(5,10) a(8,8) d(3) r(14,12) d(6) r(15,2) a(1,17) a(1,17)
27; 25; d(11) r(13,10) r(2,6) r(6,13) r(3,17)
28; 13, 9; d(11) r(13,10) r(2,6)
29; 13, 9; d(9) r(5,13) d(3) a(13,4) a(1,1) r(1,17) d(14) d(9)
30; 13; d(11) r(13,10) r(2,6) d(14) d(9)
31; 9; d(9) r(5,13) d(3) a(13,4) a(1,1) r(1,17)
32; 3, 32; d(11) r(13,10) r(2,6) r(5,12) d(10)
33; 3, 32; d(11) r(13,10) d(2) r(15,2) d(9) d(8)
34; 3; d(11) r(13,10) r(2,6) r(5,12) d(10)
35; 32; d(11) r(13,10) d(2) r(15,2) d(9) d(8)
36; 52; d(11) a(13,9) d(2) r(15,2) a(8,8) d(3) r(13,11) r(3,9) d(9)
37; 48; r(9,13) a(3,16) a(8,10) a(13,4) a(1,1) a(8,14)
38; 52, 12; d(11) a(13,9) d(2) r(15,2) a(3,12)
39; 52, 12; d(9) r(5,8) a(8,8) d(3) r(13,11) r(3,9) d(9)
40; 52; d(11) a(13,9) d(2) r(15,2) a(8,8) d(3) r(13,11) r(3,9) d(9)
41; 12; d(9) r(5,8) a(3,12)
42; 7, 1; d(11) r(2,6) r(6,13) a(10,12)
43; 7, 1; d(11) r(13,10) a(13,9) d(3) d(5) r(13,10) a(1,17)
44; 7; d(11) a(13,9) d(3) d(5) r(13,10) a(1,17)
45; 1; d(11) r(13,10) r(2,6) r(6,13) a(10,12)
46; 6; r(10,17) r(9,13) r(2,6) a(4,10) r(1,17)
47; 3; d(11) r(13,10) r(2,6) r(5,12) d(10)
48; 19; d(11) a(13,4) r(9,13) a(3,17) d(2) a(1,1) d(1)
49; 43; d(9) r(5,10) a(8,8) d(3) d(2) r(1,17)
50; 24; d(11) a(13,9) a(13,17) r(10,13) a(4,16) r(5,15)
51; 28; d(11) a(13,4) d(5) d(14) a(13,2) d(13)
52; 43; d(9) r(5,10) a(8,8) d(3) d(2) r(1,17)
53; 25; d(11) r(13,10) r(2,6) r(6,13) r(3,17)
54; 22, 6; d(11) a(13,9) a(13,17) r(10,13) a(4,16) r(13,10) r(2,6) r(6,13)
55; 22, 6; r(10,17) r(9,13) r(2,6) a(4,10) r(1,17) a(15,5)
56; 22; d(11) a(13,9) a(13,17) r(10,13) a(4,16) r(13,10) r(2,6) r(6,13) a(15,5)
57; 6; r(10,17) r(9,13) r(2,6) a(4,10) r(1,17)
--------------------------------------------------------------------------------
Mutation

0; r(10,17) d(5) r(13,10) r(9,12) a(4,11) r(8,15) a(1,1) d(6) r(3,6)
1; r(10,17) r(9,13) a(3,17) d(2) r(6,17)
2; r(10,17) d(5) r(13,10) r(9,12) a(4,11) r(8,15) r(3,12)
3; r(10,17) r(9,13) a(3,17) d(2) a(1,1) d(6) r(4,13)
4; d(11) r(4,8) d(3) r(2,8) d(1)
5; d(9) a(3,16) r(13,15) d(1) r(5,8) r(8,16) d(2) a(4,6)
6; d(11) a(13,9) r(2,6) d(13) r(5,15) a(10,8)
7; d(11) r(13,10) d(12) d(9) r(2,14) r(8,17)
8; r(10,17) r(9,13) a(3,17) d(2) a(1,1) a(1,17) r(8,5)
9; d(11) r(13,10) r(2,6) r(6,13) a(10,12) a(3,12)
10; d(11) a(13,4) d(5) a(3,16) r(8,14) a(4,4) r(13,5) a(15,13) d(12)
11; r(10,17) r(9,13) a(3,17) d(2) a(1,1) d(6) a(1,1)
12; d(9) r(5,13) d(3) r(2,6) a(4,17) d(4) r(1,13)
13; d(9) r(5,13) a(4,8) r(8,12) a(4,8) a(3,12) d(2)
14; d(9) r(5,10) a(8,8) d(3) r(14,12) d(6) r(15,2) a(1,17) a(1,17) a(8,5)
15; d(11) a(13,4) d(5) a(3,16) r(8,14) a(4,4) r(13,5) a(15,13) d(14)
16; d(11) r(4,8) d(3) d(6) a(2,16)
17; r(10,17) r(9,13) a(3,17) d(2) a(1,1) r(2,8) d(1) a(4,17)
18; d(11) r(4,8) d(3) r(2,8) d(1)
19; r(10,17) r(9,13) a(3,17) d(2) a(1,1) d(6) r(5,16)
20; r(9,13) a(3,16) a(8,10) d(6) r(15,2) a(1,17) r(1,17) r(5,17)
21; d(9) r(5,10) a(8,8) d(3) r(14,12) a(13,4) a(1,1) a(8,14) a(4,16)
22; r(9,13) a(3,16) a(8,10) a(13,4) a(1,1) a(8,14) d(3)
23; d(9) r(5,10) a(8,8) d(3) r(14,12) d(6) r(15,2) a(1,17) r(1,17) d(4)
24; d(9) r(5,10) r(6,13) r(3,17) a(4,17)
25; d(11) r(13,10) r(2,6) a(8,8) d(3) r(14,12) d(6) r(15,2) a(1,17) a(1,17) d(5)
26; d(9) r(5,10) a(8,8) d(3) r(14,12) d(6) r(15,2) a(1,17) a(1,17) d(8)
27; d(11) r(13,10) r(2,6) r(6,13) r(3,17) a(15,17)
28; d(11) r(13,10) r(2,6) a(1,17)
29; d(9) r(5,13) d(3) a(13,4) a(1,1) r(1,17) d(14) d(9) a(4,11)
30; d(11) r(13,10) r(2,6) d(14) d(9) r(4,11)
31; d(9) r(5,13) d(3) a(13,4) a(1,1) r(1,17) a(8,4)
32; d(11) r(13,10) r(2,6) r(5,12) d(10) a(3,9)
33; d(11) r(13,10) d(2) r(15,2) d(9) d(8) r(3,13)
34; d(11) r(13,10) r(2,6) r(5,12) d(10) r(14,6)
35; d(11) r(13,10) d(2) r(15,2) d(9) d(8) d(1)
36; d(11) a(13,9) d(2) r(15,2) a(8,8) d(3) r(13,11) r(3,9) d(9) r(1,13)
37; r(9,13) a(3,16) a(8,10) a(13,4) a(1,1) a(8,14) d(8)
38; d(11) a(13,9) d(2) r(15,2) a(3,12) a(13,3)
39; d(9) r(5,8) a(8,8) d(3) r(13,11) r(3,9) d(9) a(8,15)
40; d(11) a(13,9) d(2) r(15,2) a(8,8) d(3) r(13,11) r(3,9) d(9) a(1,13)
41; d(9) r(5,8) a(3,12) d(8)
42; d(11) r(2,6) r(6,13) a(10,12) a(3,4)
43; d(11) r(13,10) a(13,9) d(3) d(5) r(13,10) a(1,17) d(9)
44; d(11) a(13,9) d(3) d(5) r(13,10) a(1,17) a(9,9)
45; d(11) r(13,10) r(2,6) r(6,13) a(10,12) r(3,10)
46; r(10,17) r(9,13) r(2,6) a(4,10) r(1,17) a(5,15)
47; d(11) r(13,10) r(2,6) r(5,12) d(10) r(14,9)
48; d(11) a(13,4) r(9,13) a(3,17) d(2) a(1,1) d(1) d(8)
49; d(9) r(5,10) a(8,8) d(3) d(2) r(1,17) a(4,14)
50; d(11) a(13,9) a(13,17) r(10,13) a(4,16) r(5,15) d(1)
51; d(11) a(13,4) d(5) d(14) a(13,2) d(13) d(1)
52; d(9) r(5,10) a(8,8) d(3) d(2) r(1,17) r(8,2)
53; d(11) r(13,10) r(2,6) r(6,13) r(3,17) a(15,2)
54; d(11) a(13,9) a(13,17) r(10,13) a(4,16) r(13,10) r(2,6) r(6,13) d(3)
55; r(10,17) r(9,13) r(2,6) a(4,10) r(1,17) a(15,5) a(5,13)
56; d(11) a(13,9) a(13,17) r(10,13) a(4,16) r(13,10) r(2,6) r(6,13) a(15,5) d(3)
57; r(10,17) r(9,13) r(2,6) a(4,10) r(1,17) d(4)
--------------------------------------------------------------------------------
Evaluation

0; 0.
1; 0.
2; 0.
3; 0.
4; 0.
5; 0.
6; 0.
7; 0.
8; 0.
9; 0.
10; 0.
11; 0.
12; 0.
13; 0.
14; 13.
15; 0.
16; 0.
17; 0.
18; 0.
19; 0.
20; 13.
21; 0.
22; 0.
23; 13.
24; 0.
25; 0.
26; 0.
27; 0.
28; 0.
29; 0.
30; 0.
31; 0.
32; 0.
33; 0.
34; 0.
35; 0.
36; 0.
37; 0.
38; 9.
39; 0.
40; 0.
41; 0.
42; 0.
43; 0.
44; 0.
45; 0.
46; 0.
47; 0.
48; 0.
49; 0.
50; 0.
51; 0.
52; 0.
53; 0.
54; 0.
55; 0.
56; 0.
57; 0.
================================================================================
Generation 7

--------------------------------------------------------------------------------
Selection

0; 31
1; 53
2; 9
3; 53
4; 7
5; 27
6; 35
7; 37
8; 24
9; 51
10; 9
11; 33
12; 55
13; 10
14; 44
15; 24
16; 53
17; 36
18; 7
19; 15
20; 31
21; 51
22; 26
23; 33
24; 29
25; 37
26; 7
27; 11
28; 48
29; 41
30; 26
31; 19
32; 37
33; 8
34; 42
35; 56
36; 1
37; 29
38; 34
39; 15
--------------------------------------------------------------------------------
Crossover

0; 48; d(11) a(13,4) r(9,13) a(3,17) d(2) a(1,1) d(1) d(8)
1; 35; d(11) r(13,10) d(2) r(15,2) d(9) d(8) d(1)
2; 10; d(11) a(13,4) d(5) a(3,16) r(8,14) a(4,4) r(13,5) a(15,13) d(12)
3; 37; r(9,13) a(3,16) a(8,10) a(13,4) a(1,1) a(8,14) d(8)
4; 41; d(9) r(5,8) a(3,12) d(8)
5; 19; r(10,17) r(9,13) a(3,17) d(2) a(1,1) d(6) r(5,16)
6; 53; d(11) r(13,10) r(2,6) r(6,13) r(3,17) a(15,2)
7; 15; d(11) a(13,4) d(5) a(3,16) r(8,14) a(4,4) r(13,5) a(15,13) d(14)
8; 53; d(11) r(13,10) r(2,6) r(6,13) r(3,17) a(15,2)
9; 56; d(11) a(13,9) a(13,17) r(10,13) a(4,16) r(13,10) r(2,6) r(6,13) a(15,5) d(3)
10; 7, 55; d(11) r(13,10) d(12) a(15,5) a(5,13)
11; 7, 55; r(10,17) r(9,13) r(2,6) a(4,10) r(1,17) d(9) r(2,14) r(8,17)
12; 7; d(11) r(13,10) d(12) d(9) r(2,14) r(8,17)
13; 55; r(10,17) r(9,13) r(2,6) a(4,10) r(1,17) a(15,5) a(5,13)
14; 7, 29; d(11) r(13,10) d(14) d(9) a(4,11)
15; 7, 29; d(9) r(5,13) d(3) a(13,4) a(1,1) r(1,17) d(12) d(9) r(2,14) r(8,17)
16; 7; d(11) r(13,10) d(12) d(9) r(2,14) r(8,17)
17; 29; d(9) r(5,13) d(3) a(13,4) a(1,1) r(1,17) d(14) d(9) a(4,11)
18; 51, 42; d(11) a(13,4) d(5) d(14) a(13,2) d(13) r(6,13) a(10,12) a(3,4)
19; 51, 42; d(11) r(2,6) d(1)
20; 51; d(11) a(13,4) d(5) d(14) a(13,2) d(13) d(1)
21; 42; d(11) r(2,6) r(6,13) a(10,12) a(3,4)
22; 7; d(11) r(13,10) d(12) d(9) r(2,14) r(8,17)
23; 33; d(11) r(13,10) d(2) r(15,2) d(9) d(8) r(3,13)
24; 24, 34; d(9) r(5,10) r(6,13) r(3,17) r(13,10) r(2,6) r(5,12) d(10) r(14,6)
25; 24, 34; d(11) a(4,17)
26; 24; d(9) r(5,10) r(6,13) r(3,17) a(4,17)
27; 34; d(11) r(13,10) r(2,6) r(5,12) d(10) r(14,6)
28; 29, 33; d(9) r(5,13) r(13,10) d(2) r(15,2) d(9) d(8) r(3,13)
29; 29, 33; d(11) d(3) a(13,4) a(1,1) r(1,17) d(14) d(9) a(4,11)
30; 29; d(9) r(5,13) d(3) a(13,4) a(1,1) r(1,17) d(14) d(9) a(4,11)
31; 33; d(11) r(13,10) d(2) r(15,2) d(9) d(8) r(3,13)
32; 31, 37; d(9) r(5,13) d(3) a(13,4)
33; 31, 37; r(9,13) a(3,16) a(8,10) a(13,4) a(1,1) a(8,14) d(8) a(1,1) r(1,17) a(8,4)
34; 31; d(9) r(5,13) d(3) a(13,4) a(1,1) r(1,17) a(8,4)
35; 37; r(9,13) a(3,16) a(8,10) a(13,4) a(1,1) a(8,14) d(8)
36; 9, 44; d(11) r(13,10) r(2,6) d(3) d(5) r(13,10) a(1,17) a(9,9)
37; 9, 44; d(11) a(13,9) r(6,13) a(10,12) a(3,12)
38; 9; d(11) r(13,10) r(2,6) r(6,13) a(10,12) a(3,12)
39; 44; d(11) a(13,9) d(3) d(5) r(13,10) a(1,17) a(9,9)
40; 24; d(9) r(5,10) r(6,13) r(3,17) a(4,17)
41; 31; d(9) r(5,13) d(3) a(13,4) a(1,1) r(1,17) a(8,4)
42; 1; r(10,17) r(9,13) a(3,17) d(2) r(6,17)
43; 53; d(11) r(13,10) r(2,6) r(6,13) r(3,17) a(15,2)
44; 51; d(11) a(13,4) d(5) d(14) a(13,2) d(13) d(1)
45; 26; d(9) r(5,10) a(8,8) d(3) r(14,12) d(6) r(15,2) a(1,17) a(1,17) d(8)
46; 8; r(10,17) r(9,13) a(3,17) d(2) a(1,1) a(1,17) r(8,5)
47; 36; d(11) a(13,9) d(2) r(15,2) a(8,8) d(3) r(13,11) r(3,9) d(9) r(1,13)
48; 9; d(11) r(13,10) r(2,6) r(6,13) a(10,12) a(3,12)
49; 27; d(11) r(13,10) r(2,6) r(6,13) r(3,17) a(15,17)
50; 15, 26; d(11) a(13,4) d(5) a(3,16) a(8,8) d(3) r(14,12) d(6) r(15,2) a(1,17) a(1,17) d(8)
51; 15, 26; d(9) r(5,10) r(8,14) a(4,4) r(13,5) a(15,13) d(14)
52; 15; d(11) a(13,4) d(5) a(3,16) r(8,14) a(4,4) r(13,5) a(15,13) d(14)
53; 26; d(9) r(5,10) a(8,8) d(3) r(14,12) d(6) r(15,2) a(1,17) a(1,17) d(8)
54; 11; r(10,17) r(9,13) a(3,17) d(2) a(1,1) d(6) a(1,1)
55; 37; r(9,13) a(3,16) a(8,10) a(13,4) a(1,1) a(8,14) d(8)
--------------------------------------------------------------------------------
Mutation

0; d(11) a(13,4) r(9,13) a(3,17) d(2) a(1,1) d(1) d(8) d(3)
1; d(11) r(13,10) d(2) r(15,2) d(9) d(8) d(1) r(3,9)
2; d(11) a(13,4) d(5) a(3,16) r(8,14) a(4,4) r(13,5) a(15,13) d(12) d(1)
3; r(9,13) a(3,16) a(8,10) a(13,4) a(1,1) a(8,14) d(8) d(1)
4; d(9) r(5,8) a(3,12) d(8) a(3,2)
5; r(10,17) r(9,13) a(3,17) d(2) a(1,1) d(6) r(5,16) d(4)
6; d(11) r(13,10) r(2,6) r(6,13) r(3,17) a(15,2) a(5,9)
7; d(11) a(13,4) d(5) a(3,16) r(8,14) a(4,4) r(13,5) a(15,13) d(14) r(15,12)
8; d(11) r(13,10) r(2,6) r(6,13) r(3,17) a(15,2) d(12)
9; d(11) a(13,9) a(13,17) r(10,13) a(4,16) r(13,10) r(2,6) r(6,13) a(15,5) d(3) a(4,12)
10; d(11) r(13,10) d(12) a(15,5) a(5,13) r(14,5)
11; r(10,17) r(9,13) r(2,6) a(4,10) r(1,17) d(9) r(2,14) r(8,17) a(4,6)
12; d(11) r(13,10) d(12) d(9) r(2,14) r(8,17) d(6)
13; r(10,17) r(9,13) r(2,6) a(4,10) r(1,17) a(15,5) a(5,13) a(6,16)
14; d(11) r(13,10) d(14) d(9) a(4,11) r(3,4)
15; d(9) r(5,13) d(3) a(13,4) a(1,1) r(1,17) d(12) d(9) r(2,14) r(8,17) r(4,13)
16; d(11) r(13,10) d(12) d(9) r(2,14) r(8,17) a(6,9)
17; d(9) r(5,13) d(3) a(13,4) a(1,1) r(1,17) d(14) d(9) a(4,11) d(4)
18; d(11) a(13,4) d(5) d(14) a(13,2) d(13) r(6,13) a(10,12) a(3,4) d(4)
19; d(11) r(2,6) d(1) a(12,12)
20; d(11) a(13,4) d(5) d(14) a(13,2) d(13) d(1) a(2,6)
21; d(11) r(2,6) r(6,13) a(10,12) a(3,4) d(9)
22; d(11) r(13,10) d(12) d(9) r(2,14) r(8,17) r(1,17)
23; d(11) r(13,10) d(2) r(15,2) d(9) d(8) r(3,13) r(1,17)
24; d(9) r(5,10) r(6,13) r(3,17) r(13,10) r(2,6) r(5,12) d(10) r(14,6) a(8,14)
25; d(11) a(4,17) d(13)
26; d(9) r(5,10) r(6,13) r(3,17) a(4,17) d(8)
27; d(11) r(13,10) r(2,6) r(5,12) d(10) r(14,6) d(9)
28; d(9) r(5,13) r(13,10) d(2) r(15,2) d(9) d(8) r(3,13) r(1,6)
29; d(11) d(3) a(13,4) a(1,1) r(1,17) d(14) d(9) a(4,11) d(8)
30; d(9) r(5,13) d(3) a(13,4) a(1,1) r(1,17) d(14) d(9) a(4,11) a(4,12)
31; d(11) r(13,10) d(2) r(15,2) d(9) d(8) r(3,13) a(4,14)
32; d(9) r(5,13) d(3) a(13,4) a(2,9)
33; r(9,13) a(3,16) a(8,10) a(13,4) a(1,1) a(8,14) d(8) a(1,1) r(1,17) a(8,4) r(5,2)
34; d(9) r(5,13) d(3) a(13,4) a(1,1) r(1,17) a(8,4) a(2,9)
35; r(9,13) a(3,16) a(8,10) a(13,4) a(1,1) a(8,14) d(8) d(2)
36; d(11) r(13,10) r(2,6) d(3) d(5) r(13,10) a(1,17) a(9,9) r(9,4)
37; d(11) a(13,9) r(6,13) a(10,12) a(3,12) a(12,2)
38; d(11) r(13,10) r(2,6) r(6,13) a(10,12) a(3,12) a(9,2)
39; d(11) a(13,9) d(3) d(5) r(13,10) a(1,17) a(9,9) r(8,15)
40; d(9) r(5,10) r(6,13) r(3,17) a(4,17) a(1,1)
41; d(9) r(5,13) d(3) a(13,4) a(1,1) r(1,17) a(8,4) d(2)
42; r(10,17) r(9,13) a(3,17) d(2) r(6,17) r(5,9)
43; d(11) r(13,10) r(2,6) r(6,13) r(3,17) a(15,2) r(9,13)
44; d(11) a(13,4) d(5) d(14) a(13,2) d(13) d(1) d(9)
45; d(9) r(5,10) a(8,8) d(3) r(14,12) d(6) r(15,2) a(1,17) a(1,17) d(8) a(1,1)
46; r(10,17) r(9,13) a(3,17) d(2) a(1,1) a(1,17) r(8,5) r(6,16)
47; d(11) a(13,9) d(2) r(15,2) a(8,8) d(3) r(13,11) r(3,9) d(9) r(1,13) d(8)
48; d(11) r(13,10) r(2,6) r(6,13) a(10,12) a(3,12) r(15,3)
49; d(11) r(13,10) r(2,6) r(6,13) r(3,17) a(15,17) a(12,6)
50; d(11) a(13,4) d(5) a(3,16) a(8,8) d(3) r(14,12) d(6) r(15,2) a(1,17) a(1,17) d(8) a(1,1)
51; d(9) r(5,10) r(8,14) a(4,4) r(13,5) a(15,13) d(14) d(3)
52; d(11) a(13,4) d(5) a(3,16) r(8,14) a(4,4) r(13,5) a(15,13) d(14) r(2,9)
53; d(9) r(5,10) a(8,8) d(3) r(14,12) d(6) r(15,2) a(1,17) a(1,17) d(8) r(1,13)
54; r(10,17) r(9,13) a(3,17) d(2) a(1,1) d(6) a(1,1) r(1,13)
55; r(9,13) a(3,16) a(8,10) a(13,4) a(1,1) a(8,14) d(8) r(1,6)
--------------------------------------------------------------------------------
Evaluation

0; 0.
1; 0.
2; 0.
3; 0.
4; 0.
5; 0.
6; 0.
7; 0.
8; 0.
9; 0.
10; 4.
11; 0.
12; 0.
13; 0.
14; 13.
15; 0.
16; 0.
17; 13.
18; 18.
19; 0.
20; 0.
21; 0.
22; 0.
23; 0.
24; 0.
25; 0.
26; 0.
27; 0.
28; 0.
29; 13.
30; 0.
31; 0.
32; 0.
33; 0.
34; 0.
35; 0.
36; 0.
37; 0.
38; 9.
39; 0.
40; 0.
41; 0.
42; 0.
43; 0.
44; 0.
45; 0.
46; 0.
47; 0.
48; 0.
49; 0.
50; 0.
51; 0.
52; 0.
53; 0.
54; 0.
55; 0.
================================================================================
Generation 8

--------------------------------------------------------------------------------
Selection

0; 42
1; 55
2; 25
3; 37
4; 47
5; 32
6; 34
7; 30
8; 52
9; 5
10; 52
11; 49
12; 32
13; 55
14; 15
15; 9
16; 21
17; 25
18; 12
19; 47
20; 36
21; 4
22; 37
23; 13
24; 41
25; 50
26; 15
27; 15
28; 40
29; 20
30; 39
31; 12
32; 42
33; 7
34; 8
35; 20
36; 17
37; 34
38; 24
39; 27
--------------------------------------------------------------------------------
Crossover

0; 55, 30; r(9,13) a(3,16) a(8,10) a(13,4) a(4,12)
1; 55, 30; d(9) r(5,13) d(3) a(13,4) a(1,1) r(1,17) d(14) d(9) a(4,11) a(1,1) a(8,14) d(8) r(1,6)
2; 55; r(9,13) a(3,16) a(8,10) a(13,4) a(1,1) a(8,14) d(8) r(1,6)
3; 30; d(9) r(5,13) d(3) a(13,4) a(1,1) r(1,17) d(14) d(9) a(4,11) a(4,12)
4; 25; d(11) a(4,17) d(13)
5; 34; d(9) r(5,13) d(3) a(13,4) a(1,1) r(1,17) a(8,4) a(2,9)
6; 47; d(11) a(13,9) d(2) r(15,2) a(8,8) d(3) r(13,11) r(3,9) d(9) r(1,13) d(8)
7; 52; d(11) a(13,4) d(5) a(3,16) r(8,14) a(4,4) r(13,5) a(15,13) d(14) r(2,9)
8; 5, 17; r(10,17) r(9,13) a(3,17) d(2) d(14) d(9) a(4,11) d(4)
9; 5, 17; d(9) r(5,13) d(3) a(13,4) a(1,1) r(1,17) a(1,1) d(6) r(5,16) d(4)
10; 5; r(10,17) r(9,13) a(3,17) d(2) a(1,1) d(6) r(5,16) d(4)
11; 17; d(9) r(5,13) d(3) a(13,4) a(1,1) r(1,17) d(14) d(9) a(4,11) d(4)
12; 37; d(11) a(13,9) r(6,13) a(10,12) a(3,12) a(12,2)
13; 32; d(9) r(5,13) d(3) a(13,4) a(2,9)
14; 27, 20; d(11) r(13,10) r(2,6) r(5,12) d(10)
15; 27, 20; d(11) a(13,4) d(5) d(14) a(13,2) d(13) d(1) a(2,6) r(14,6) d(9)
16; 27; d(11) r(13,10) r(2,6) r(5,12) d(10) r(14,6) d(9)
17; 20; d(11) a(13,4) d(5) d(14) a(13,2) d(13) d(1) a(2,6)
18; 42, 15; r(10,17) r(9,13) a(3,17) d(2) r(6,17) r(5,9) a(13,4) a(1,1) r(1,17) d(12) d(9) r(2,14) r(8,17) r(4,13)
19; 42, 15; d(9) r(5,13) d(3)
20; 42; r(10,17) r(9,13) a(3,17) d(2) r(6,17) r(5,9)
21; 15; d(9) r(5,13) d(3) a(13,4) a(1,1) r(1,17) d(12) d(9) r(2,14) r(8,17) r(4,13)
22; 47; d(11) a(13,9) d(2) r(15,2) a(8,8) d(3) r(13,11) r(3,9) d(9) r(1,13) d(8)
23; 24; d(9) r(5,10) r(6,13) r(3,17) r(13,10) r(2,6) r(5,12) d(10) r(14,6) a(8,14)
24; 12, 13; d(11) r(13,10) d(12) d(9) a(6,16)
25; 12, 13; r(10,17) r(9,13) r(2,6) a(4,10) r(1,17) a(15,5) a(5,13) r(2,14) r(8,17) d(6)
26; 12; d(11) r(13,10) d(12) d(9) r(2,14) r(8,17) d(6)
27; 13; r(10,17) r(9,13) r(2,6) a(4,10) r(1,17) a(15,5) a(5,13) a(6,16)
28; 15; d(9) r(5,13) d(3) a(13,4) a(1,1) r(1,17) d(12) d(9) r(2,14) r(8,17) r(4,13)
29; 32; d(9) r(5,13) d(3) a(13,4) a(2,9)
30; 39; d(11) a(13,9) d(3) d(5) r(13,10) a(1,17) a(9,9) r(8,15)
31; 21; d(11) r(2,6) r(6,13) a(10,12) a(3,4) d(9)
32; 40; d(9) r(5,10) r(6,13) r(3,17) a(4,17) a(1,1)
33; 42; r(10,17) r(9,13) a(3,17) d(2) r(6,17) r(5,9)
34; 9; d(11) a(13,9) a(13,17) r(10,13) a(4,16) r(13,10) r(2,6) r(6,13) a(15,5) d(3) a(4,12)
35; 12; d(11) r(13,10) d(12) d(9) r(2,14) r(8,17) d(6)
36; 7, 36; d(11) a(13,4) d(5) a(3,16) r(2,6) d(3) d(5) r(13,10) a(1,17) a(9,9) r(9,4)
37; 7, 36; d(11) r(13,10) r(8,14) a(4,4) r(13,5) a(15,13) d(14) r(15,12)
38; 7; d(11) a(13,4) d(5) a(3,16) r(8,14) a(4,4) r(13,5) a(15,13) d(14) r(15,12)
39; 36; d(11) r(13,10) r(2,6) d(3) d(5) r(13,10) a(1,17) a(9,9) r(9,4)
40; 20, 49; d(11) a(13,4) d(5) d(14) a(13,2) d(13) d(1) r(6,13) r(3,17) a(15,17) a(12,6)
41; 20, 49; d(11) r(13,10) r(2,6) a(2,6)
42; 20; d(11) a(13,4) d(5) d(14) a(13,2) d(13) d(1) a(2,6)
43; 49; d(11) r(13,10) r(2,6) r(6,13) r(3,17) a(15,17) a(12,6)
44; 50; d(11) a(13,4) d(5) a(3,16) a(8,8) d(3) r(14,12) d(6) r(15,2) a(1,17) a(1,17) d(8) a(1,1)
45; 4; d(9) r(5,8) a(3,12) d(8) a(3,2)
46; 55, 37; r(9,13) a(3,16) a(8,10) a(13,4) a(1,1) r(6,13) a(10,12) a(3,12) a(12,2)
47; 55, 37; d(11) a(13,9) a(8,14) d(8) r(1,6)
48; 55; r(9,13) a(3,16) a(8,10) a(13,4) a(1,1) a(8,14) d(8) r(1,6)
49; 37; d(11) a(13,9) r(6,13) a(10,12) a(3,12) a(12,2)
50; 25, 52; d(11) a(4,17) d(13) a(3,16) r(8,14) a(4,4) r(13,5) a(15,13) d(14) r(2,9)
51; 25, 52; d(11) a(13,4) d(5)
52; 25; d(11) a(4,17) d(13)
53; 52; d(11) a(13,4) d(5) a(3,16) r(8,14) a(4,4) r(13,5) a(15,13) d(14) r(2,9)
54; 34; d(9) r(5,13) d(3) a(13,4) a(1,1) r(1,17) a(8,4) a(2,9)
55; 41; d(9) r(5,13) d(3) a(13,4) a(1,1) r(1,17) a(8,4) d(2)
56; 8, 15; d(11) r(13,10) r(2,6) r(6,13)
57; 8, 15; d(9) r(5,13) d(3) a(13,4) a(1,1) r(1,17) d(12) d(9) r(2,14) r(8,17) r(4,13) r(3,17) a(15,2) d(12)
58; 8; d(11) r(13,10) r(2,6) r(6,13) r(3,17) a(15,2) d(12)
59; 15; d(9) r(5,13) d(3) a(13,4) a(1,1) r(1,17) d(12) d(9) r(2,14) r(8,17) r(4,13)
--------------------------------------------------------------------------------
Mutation

0; r(9,13) a(3,16) a(8,10) a(13,4) a(4,12) d(1)
1; d(9) r(5,13) d(3) a(13,4) a(1,1) r(1,17) d(14) d(9) a(4,11) a(1,1) a(8,14) d(8) r(1,6) a(2,6)
2; r(9,13) a(3,16) a(8,10) a(13,4) a(1,1) a(8,14) d(8) r(1,6) d(5)
3; d(9) r(5,13) d(3) a(13,4) a(1,1) r(1,17) d(14) d(9) a(4,11) a(4,12) r(2,8)
4; d(11) a(4,17) d(13) d(10)
5; d(9) r(5,13) d(3) a(13,4) a(1,1) r(1,17) a(8,4) a(2,9) r(8,4)
6; d(11) a(13,9) d(2) r(15,2) a(8,8) d(3) r(13,11) r(3,9) d(9) r(1,13) d(8) a(6,2)
7; d(11) a(13,4) d(5) a(3,16) r(8,14) a(4,4) r(13,5) a(15,13) d(14) r(2,9) d(1)
8; r(10,17) r(9,13) a(3,17) d(2) d(14) d(9) a(4,11) d(4) d(3)
9; d(9) r(5,13) d(3) a(13,4) a(1,1) r(1,17) a(1,1) d(6) r(5,16) d(4) r(2,16)
10; r(10,17) r(9,13) a(3,17) d(2) a(1,1) d(6) r(5,16) d(4) d(1)
11; d(9) r(5,13) d(3) a(13,4) a(1,1) r(1,17) d(14) d(9) a(4,11) d(4) r(2,17)
12; d(11) a(13,9) r(6,13) a(10,12) a(3,12) a(12,2) r(15,5)
13; d(9) r(5,13) d(3) a(13,4) a(2,9) d(8)
14; d(11) r(13,10) r(2,6) r(5,12) d(10) a(4,12)
15; d(11) a(13,4) d(5) d(14) a(13,2) d(13) d(1) a(2,6) r(14,6) d(9) r(3,14)
16; d(11) r(13,10) r(2,6) r(5,12) d(10) r(14,6) d(9) a(8,15)
17; d(11) a(13,4) d(5) d(14) a(13,2) d(13) d(1) a(2,6) a(10,3)
18; r(10,17) r(9,13) a(3,17) d(2) r(6,17) r(5,9) a(13,4) a(1,1) r(1,17) d(12) d(9) r(2,14) r(8,17) r(4,13) r(3,13)
19; d(9) r(5,13) d(3) d(2)
20; r(10,17) r(9,13) a(3,17) d(2) r(6,17) r(5,9) d(1)
21; d(9) r(5,13) d(3) a(13,4) a(1,1) r(1,17) d(12) d(9) r(2,14) r(8,17) r(4,13)
22; d(11) a(13,9) d(2) r(15,2) a(8,8) d(3) r(13,11) r(3,9) d(9) r(1,13) d(8) d(4)
23; d(9) r(5,10) r(6,13) r(3,17) r(13,10) r(2,6) r(5,12) d(10) r(14,6) a(8,14) r(1,13)
24; d(11) r(13,10) d(12) d(9) a(6,16) r(2,6)
25; r(10,17) r(9,13) r(2,6) a(4,10) r(1,17) a(15,5) a(5,13) r(2,14) r(8,17) d(6) a(5,13)
26; d(11) r(13,10) d(12) d(9) r(2,14) r(8,17) d(6) a(3,10)
27; r(10,17) r(9,13) r(2,6) a(4,10) r(1,17) a(15,5) a(5,13) a(6,16) a(8,5)
28; d(9) r(5,13) d(3) a(13,4) a(1,1) r(1,17) d(12) d(9) r(2,14) r(8,17) r(4,13)
29; d(9) r(5,13) d(3) a(13,4) a(2,9) a(2,6)
30; d(11) a(13,9) d(3) d(5) r(13,10) a(1,17) a(9,9) r(8,15) d(12)
31; d(11) r(2,6) r(6,13) a(10,12) a(3,4) d(9) a(4,11)
32; d(9) r(5,10) r(6,13) r(3,17) a(4,17) a(1,1) a(2,12)
33; r(10,17) r(9,13) a(3,17) d(2) r(6,17) r(5,9) d(1)
34; d(11) a(13,9) a(13,17) r(10,13) a(4,16) r(13,10) r(2,6) r(6,13) a(15,5) d(3) a(4,12) r(14,16)
35; d(11) r(13,10) d(12) d(9) r(2,14) r(8,17) d(6) r(3,15)
36; d(11) a(13,4) d(5) a(3,16) r(2,6) d(3) d(5) r(13,10) a(1,17) a(9,9) r(9,4) a(4,9)
37; d(11) r(13,10) r(8,14) a(4,4) r(13,5) a(15,13) d(14) r(15,12) d(4)
38; d(11) a(13,4) d(5) a(3,16) r(8,14) a(4,4) r(13,5) a(15,13) d(14) r(15,12) d(3)
39; d(11) r(13,10) r(2,6) d(3) d(5) r(13,10) a(1,17) a(9,9) r(9,4) a(1,17)
40; d(11) a(13,4) d(5) d(14) a(13,2) d(13) d(1) r(6,13) r(3,17) a(15,17) a(12,6) d(2)
41; d(11) r(13,10) r(2,6) a(2,6) r(3,14)
42; d(11) a(13,4) d(5) d(14) a(13,2) d(13) d(1) a(2,6) a(15,16)
43; d(11) r(13,10) r(2,6) r(6,13) r(3,17) a(15,17) a(12,6) a(14,14)
44; d(11) a(13,4) d(5) a(3,16) a(8,8) d(3) r(14,12) d(6) r(15,2) a(1,17) a(1,17) d(8) a(1,1) a(13,13)
45; d(9) r(5,8) a(3,12) d(8) a(3,2) d(3)
46; r(9,13) a(3,16) a(8,10) a(13,4) a(1,1) r(6,13) a(10,12) a(3,12) a(12,2) d(5)
47; d(11) a(13,9) a(8,14) d(8) r(1,6) d(12)
48; r(9,13) a(3,16) a(8,10) a(13,4) a(1,1) a(8,14) d(8) r(1,6) a(3,3)
49; d(11) a(13,9) r(6,13) a(10,12) a(3,12) a(12,2) a(13,11)
50; d(11) a(4,17) d(13) a(3,16) r(8,14) a(4,4) r(13,5) a(15,13) d(14) r(2,9) a(3,11)
51; d(11) a(13,4) d(5) d(13)
52; d(11) a(4,17) d(13) r(2,6)
53; d(11) a(13,4) d(5) a(3,16) r(8,14) a(4,4) r(13,5) a(15,13) d(14) r(2,9) a(12,8)
54; d(9) r(5,13) d(3) a(13,4) a(1,1) r(1,17) a(8,4) a(2,9) r(2,8)
55; d(9) r(5,13) d(3) a(13,4) a(1,1) r(1,17) a(8,4) d(2) d(4)
56; d(11) r(13,10) r(2,6) r(6,13) a(9,2)
57; d(9) r(5,13) d(3) a(13,4) a(1,1) r(1,17) d(12) d(9) r(2,14) r(8,17) r(4,13) r(3,17) a(15,2) d(12)
58; d(11) r(13,10) r(2,6) r(6,13) r(3,17) a(15,2) d(12) d(10)
59; d(9) r(5,13) d(3) a(13,4) a(1,1) r(1,17) d(12) d(9) r(2,14) r(8,17) r(4,13)
--------------------------------------------------------------------------------
Evaluation

0; 0.
1; 0.
2; 0.
3; 0.
4; 0.
5; 0.
6; 0.
7; 0.
8; 0.
9; 0.
10; 0.
11; 0.
12; 1.
13; 0.
14; 0.
15; 0.
16; 0.
17; 0.
18; 0.
19; 0.
20; 0.
21; 0.
22; 0.
23; 0.
24; 0.
25; 0.
26; 0.
27; 0.
28; 0.
29; 0.
30; 0.
31; 0.
32; 0.
33; 0.
34; 0.
35; 0.
36; 0.
37; 18.
38; 0.
39; 0.
40; 0.
41; 0.
42; 0.
43; 0.
44; 0.
45; 0.
46; 0.
47; 5.
48; 0.
49; 0.
50; 0.
51; 0.
52; 0.
53; 0.
54; 0.
55; 0.
56; 9.
57; 0.
58; 0.
59; 0.
================================================================================
Generation 9

--------------------------------------------------------------------------------
Selection

0; 59
1; 45
2; 53
3; 11
4; 31
5; 15
6; 52
7; 25
8; 24
9; 39
10; 31
11; 41
12; 5
13; 20
14; 54
15; 31
16; 4
17; 20
18; 55
19; 14
20; 25
21; 36
22; 10
23; 31
24; 48
25; 33
26; 21
27; 31
28; 27
29; 39
30; 54
31; 45
32; 52
33; 7
34; 39
35; 28
36; 8
37; 34
38; 48
39; 44
--------------------------------------------------------------------------------
Crossover

0; 24; d(11) r(13,10) d(12) d(9) a(6,16) r(2,6)
1; 8; r(10,17) r(9,13) a(3,17) d(2) d(14) d(9) a(4,11) d(4) d(3)
2; 5, 39; d(9) r(13,10) a(1,17) a(9,9) r(9,4) a(1,17)
3; 5, 39; d(11) r(13,10) r(2,6) d(3) d(5) r(5,13) d(3) a(13,4) a(1,1) r(1,17) a(8,4) a(2,9) r(8,4)
4; 5; d(9) r(5,13) d(3) a(13,4) a(1,1) r(1,17) a(8,4) a(2,9) r(8,4)
5; 39; d(11) r(13,10) r(2,6) d(3) d(5) r(13,10) a(1,17) a(9,9) r(9,4) a(1,17)
6; 31, 7; d(11) r(2,6) r(6,13) d(5) a(3,16) r(8,14) a(4,4) r(13,5) a(15,13) d(14) r(2,9) d(1)
7; 31, 7; d(11) a(13,4) a(10,12) a(3,4) d(9) a(4,11)
8; 31; d(11) r(2,6) r(6,13) a(10,12) a(3,4) d(9) a(4,11)
9; 7; d(11) a(13,4) d(5) a(3,16) r(8,14) a(4,4) r(13,5) a(15,13) d(14) r(2,9) d(1)
10; 39; d(11) r(13,10) r(2,6) d(3) d(5) r(13,10) a(1,17) a(9,9) r(9,4) a(1,17)
11; 48; r(9,13) a(3,16) a(8,10) a(13,4) a(1,1) a(8,14) d(8) r(1,6) a(3,3)
12; 39, 48; d(11) r(13,10) r(2,6) d(3) d(5) r(13,10) a(1,17) r(1,6) a(3,3)
13; 39, 48; r(9,13) a(3,16) a(8,10) a(13,4) a(1,1) a(8,14) d(8) a(9,9) r(9,4) a(1,17)
14; 39; d(11) r(13,10) r(2,6) d(3) d(5) r(13,10) a(1,17) a(9,9) r(9,4) a(1,17)
15; 48; r(9,13) a(3,16) a(8,10) a(13,4) a(1,1) a(8,14) d(8) r(1,6) a(3,3)
16; 15, 36; d(11) a(13,4) d(5) d(14) d(3) d(5) r(13,10) a(1,17) a(9,9) r(9,4) a(4,9)
17; 15, 36; d(11) a(13,4) d(5) a(3,16) r(2,6) a(13,2) d(13) d(1) a(2,6) r(14,6) d(9) r(3,14)
18; 15; d(11) a(13,4) d(5) d(14) a(13,2) d(13) d(1) a(2,6) r(14,6) d(9) r(3,14)
19; 36; d(11) a(13,4) d(5) a(3,16) r(2,6) d(3) d(5) r(13,10) a(1,17) a(9,9) r(9,4) a(4,9)
20; 52; d(11) a(4,17) d(13) r(2,6)
21; 14; d(11) r(13,10) r(2,6) r(5,12) d(10) a(4,12)
22; 27, 55; r(10,17) r(9,13) r(2,6) a(4,10) r(1,17) a(15,5) a(5,13) a(6,16) a(8,5) a(8,4) d(2) d(4)
23; 27, 55; d(9) r(5,13) d(3) a(13,4) a(1,1) r(1,17)
24; 27; r(10,17) r(9,13) r(2,6) a(4,10) r(1,17) a(15,5) a(5,13) a(6,16) a(8,5)
25; 55; d(9) r(5,13) d(3) a(13,4) a(1,1) r(1,17) a(8,4) d(2) d(4)
26; 41, 20; d(11) r(13,10) r(2,6) r(9,13) a(3,17) d(2) r(6,17) r(5,9) d(1)
27; 41, 20; r(10,17) a(2,6) r(3,14)
28; 41; d(11) r(13,10) r(2,6) a(2,6) r(3,14)
29; 20; r(10,17) r(9,13) a(3,17) d(2) r(6,17) r(5,9) d(1)
30; 33; r(10,17) r(9,13) a(3,17) d(2) r(6,17) r(5,9) d(1)
31; 53; d(11) a(13,4) d(5) a(3,16) r(8,14) a(4,4) r(13,5) a(15,13) d(14) r(2,9) a(12,8)
32; 45; d(9) r(5,8) a(3,12) d(8) a(3,2) d(3)
33; 25; r(10,17) r(9,13) r(2,6) a(4,10) r(1,17) a(15,5) a(5,13) r(2,14) r(8,17) d(6) a(5,13)
34; 52; d(11) a(4,17) d(13) r(2,6)
35; 54; d(9) r(5,13) d(3) a(13,4) a(1,1) r(1,17) a(8,4) a(2,9) r(2,8)
36; 31; d(11) r(2,6) r(6,13) a(10,12) a(3,4) d(9) a(4,11)
37; 21; d(9) r(5,13) d(3) a(13,4) a(1,1) r(1,17) d(12) d(9) r(2,14) r(8,17) r(4,13)
38; 31, 31; d(11) r(2,6) a(3,4) d(9) a(4,11)
39; 31, 31; d(11) r(2,6) r(6,13) a(10,12) r(6,13) a(10,12) a(3,4) d(9) a(4,11)
40; 31; d(11) r(2,6) r(6,13) a(10,12) a(3,4) d(9) a(4,11)
41; 31; d(11) r(2,6) r(6,13) a(10,12) a(3,4) d(9) a(4,11)
42; 25; r(10,17) r(9,13) r(2,6) a(4,10) r(1,17) a(15,5) a(5,13) r(2,14) r(8,17) d(6) a(5,13)
43; 45; d(9) r(5,8) a(3,12) d(8) a(3,2) d(3)
44; 54, 31; d(9) r(5,13) d(3) a(13,4) a(1,1) a(10,12) a(3,4) d(9) a(4,11)
45; 54, 31; d(11) r(2,6) r(6,13) r(1,17) a(8,4) a(2,9) r(2,8)
46; 54; d(9) r(5,13) d(3) a(13,4) a(1,1) r(1,17) a(8,4) a(2,9) r(2,8)
47; 31; d(11) r(2,6) r(6,13) a(10,12) a(3,4) d(9) a(4,11)
48; 44; d(11) a(13,4) d(5) a(3,16) a(8,8) d(3) r(14,12) d(6) r(15,2) a(1,17) a(1,17) d(8) a(1,1) a(13,13)
49; 28; d(9) r(5,13) d(3) a(13,4) a(1,1) r(1,17) d(12) d(9) r(2,14) r(8,17) r(4,13)
50; 20, 4; r(10,17) r(9,13) a(3,17) d(13) d(10)
51; 20, 4; d(11) a(4,17) d(2) r(6,17) r(5,9) d(1)
52; 20; r(10,17) r(9,13) a(3,17) d(2) r(6,17) r(5,9) d(1)
53; 4; d(11) a(4,17) d(13) d(10)
54; 34; d(11) a(13,9) a(13,17) r(10,13) a(4,16) r(13,10) r(2,6) r(6,13) a(15,5) d(3) a(4,12) r(14,16)
55; 59; d(9) r(5,13) d(3) a(13,4) a(1,1) r(1,17) d(12) d(9) r(2,14) r(8,17) r(4,13)
56; 10; r(10,17) r(9,13) a(3,17) d(2) a(1,1) d(6) r(5,16) d(4) d(1)
57; 11; d(9) r(5,13) d(3) a(13,4) a(1,1) r(1,17) d(14) d(9) a(4,11) d(4) r(2,17)
--------------------------------------------------------------------------------
Mutation

0; d(11) r(13,10) d(12) d(9) a(6,16) r(2,6) a(5,11)
1; r(10,17) r(9,13) a(3,17) d(2) d(14) d(9) a(4,11) d(4) d(3) r(1,17)
2; d(9) r(13,10) a(1,17) a(9,9) r(9,4) a(1,17) a(3,2)
3; d(11) r(13,10) r(2,6) d(3) d(5) r(5,13) d(3) a(13,4) a(1,1) r(1,17) a(8,4) a(2,9) r(8,4) r(10,2)
4; d(9) r(5,13) d(3) a(13,4) a(1,1) r(1,17) a(8,4) a(2,9) r(8,4) d(4)
5; d(11) r(13,10) r(2,6) d(3) d(5) r(13,10) a(1,17) a(9,9) r(9,4) a(1,17) a(4,11)
6; d(11) r(2,6) r(6,13) d(5) a(3,16) r(8,14) a(4,4) r(13,5) a(15,13) d(14) r(2,9) d(1) a(9,14)
7; d(11) a(13,4) a(10,12) a(3,4) d(9) a(4,11) r(2,4)
8; d(11) r(2,6) r(6,13) a(10,12) a(3,4) d(9) a(4,11) a(1,1)
9; d(11) a(13,4) d(5) a(3,16) r(8,14) a(4,4) r(13,5) a(15,13) d(14) r(2,9) d(1) r(3,11)
10; d(11) r(13,10) r(2,6) d(3) d(5) r(13,10) a(1,17) a(9,9) r(9,4) a(1,17) a(1,17)
11; r(9,13) a(3,16) a(8,10) a(13,4) a(1,1) a(8,14) d(8) r(1,6) a(3,3) r(6,17)
12; d(11) r(13,10) r(2,6) d(3) d(5) r(13,10) a(1,17) r(1,6) a(3,3) a(8,3)
13; r(9,13) a(3,16) a(8,10) a(13,4) a(1,1) a(8,14) d(8) a(9,9) r(9,4) a(1,17) d(5)
14; d(11) r(13,10) r(2,6) d(3) d(5) r(13,10) a(1,17) a(9,9) r(9,4) a(1,17) a(1,6)
15; r(9,13) a(3,16) a(8,10) a(13,4) a(1,1) a(8,14) d(8) r(1,6) a(3,3) r(6,17)
16; d(11) a(13,4) d(5) d(14) d(3) d(5) r(13,10) a(1,17) a(9,9) r(9,4) a(4,9) r(4,14)
17; d(11) a(13,4) d(5) a(3,16) r(2,6) a(13,2) d(13) d(1) a(2,6) r(14,6) d(9) r(3,14) d(4)
18; d(11) a(13,4) d(5) d(14) a(13,2) d(13) d(1) a(2,6) r(14,6) d(9) r(3,14) d(4)
19; d(11) a(13,4) d(5) a(3,16) r(2,6) d(3) d(5) r(13,10) a(1,17) a(9,9) r(9,4) a(4,9) r(4,8)
20; d(11) a(4,17) d(13) r(2,6) r(1,6)
21; d(11) r(13,10) r(2,6) r(5,12) d(10) a(4,12) a(3,15)
22; r(10,17) r(9,13) r(2,6) a(4,10) r(1,17) a(15,5) a(5,13) a(6,16) a(8,5) a(8,4) d(2) d(4) a(3,15)
23; d(9) r(5,13) d(3) a(13,4) a(1,1) r(1,17) r(4,8)
24; r(10,17) r(9,13) r(2,6) a(4,10) r(1,17) a(15,5) a(5,13) a(6,16) a(8,5) a(8,2)
25; d(9) r(5,13) d(3) a(13,4) a(1,1) r(1,17) a(8,4) d(2) d(4)
26; d(11) r(13,10) r(2,6) r(9,13) a(3,17) d(2) r(6,17) r(5,9) d(1) a(3,8)
27; r(10,17) a(2,6) r(3,14) r(14,10)
28; d(11) r(13,10) r(2,6) a(2,6) r(3,14) d(1)
29; r(10,17) r(9,13) a(3,17) d(2) r(6,17) r(5,9) d(1) a(8,14)
30; r(10,17) r(9,13) a(3,17) d(2) r(6,17) r(5,9) d(1) a(8,4)
31; d(11) a(13,4) d(5) a(3,16) r(8,14) a(4,4) r(13,5) a(15,13) d(14) r(2,9) a(12,8) r(3,17)
32; d(9) r(5,8) a(3,12) d(8) a(3,2) d(3) a(2,4)
33; r(10,17) r(9,13) r(2,6) a(4,10) r(1,17) a(15,5) a(5,13) r(2,14) r(8,17) d(6) a(5,13) a(5,16)
34; d(11) a(4,17) d(13) r(2,6) d(1)
35; d(9) r(5,13) d(3) a(13,4) a(1,1) r(1,17) a(8,4) a(2,9) r(2,8) d(4)
36; d(11) r(2,6) r(6,13) a(10,12) a(3,4) d(9) a(4,11) r(3,6)
37; d(9) r(5,13) d(3) a(13,4) a(1,1) r(1,17) d(12) d(9) r(2,14) r(8,17) r(4,13)
38; d(11) r(2,6) a(3,4) d(9) a(4,11) r(1,6)
39; d(11) r(2,6) r(6,13) a(10,12) r(6,13) a(10,12) a(3,4) d(9) a(4,11) d(3)
40; d(11) r(2,6) r(6,13) a(10,12) a(3,4) d(9) a(4,11) d(8)
41; d(11) r(2,6) r(6,13) a(10,12) a(3,4) d(9) a(4,11) d(8)
42; r(10,17) r(9,13) r(2,6) a(4,10) r(1,17) a(15,5) a(5,13) r(2,14) r(8,17) d(6) a(5,13) r(5,9)
43; d(9) r(5,8) a(3,12) d(8) a(3,2) d(3) a(2,9)
44; d(9) r(5,13) d(3) a(13,4) a(1,1) a(10,12) a(3,4) d(9) a(4,11) d(1)
45; d(11) r(2,6) r(6,13) r(1,17) a(8,4) a(2,9) r(2,8) r(10,15)
46; d(9) r(5,13) d(3) a(13,4) a(1,1) r(1,17) a(8,4) a(2,9) r(2,8) d(4)
47; d(11) r(2,6) r(6,13) a(10,12) a(3,4) d(9) a(4,11) d(1)
48; d(11) a(13,4) d(5) a(3,16) a(8,8) d(3) r(14,12) d(6) r(15,2) a(1,17) a(1,17) d(8) a(1,1) a(13,13) d(2)
49; d(9) r(5,13) d(3) a(13,4) a(1,1) r(1,17) d(12) d(9) r(2,14) r(8,17) r(4,13)
50; r(10,17) r(9,13) a(3,17) d(13) d(10) r(1,6)
51; d(11) a(4,17) d(2) r(6,17) r(5,9) d(1) d(13)
52; r(10,17) r(9,13) a(3,17) d(2) r(6,17) r(5,9) d(1) d(3)
53; d(11) a(4,17) d(13) d(10) d(6)
54; d(11) a(13,9) a(13,17) r(10,13) a(4,16) r(13,10) r(2,6) r(6,13) a(15,5) d(3) a(4,12) r(14,16) d(9)
55; d(9) r(5,13) d(3) a(13,4) a(1,1) r(1,17) d(12) d(9) r(2,14) r(8,17) r(4,13)
56; r(10,17) r(9,13) a(3,17) d(2) a(1,1) d(6) r(5,16) d(4) d(1) d(3)
57; d(9) r(5,13) d(3) a(13,4) a(1,1) r(1,17) d(14) d(9) a(4,11) d(4) r(2,17)
--------------------------------------------------------------------------------
Evaluation

0; 0.
1; 0.
2; 4.
3; 0.
4; 1.
5; 0.
6; 0.
7; 0.
8; 0.
9; 0.
10; 0.
11; 9.
12; 0.
13; 0.
14; 0.
15; 9.
16; 1.
17; 0.
18; 13.
19; 0.
20; 0.
21; 0.
22; 0.
23; 13.
24; 0.
25; 0.
26; 0.
27; 13.
28; 0.
29; 0.
30; 0.
31; 0.
32; 0.
33; 0.
34; 0.
35; 0.
36; 0.
37; 0.
38; 0.
39; 0.
40; 0.
41; 0.
42; 0.
43; 0.
44; 0.
45; 0.
46; 0.
47; 0.
48; 0.
49; 0.
50; 0.
51; 0.
52; 0.
53; 0.
54; 0.
55; 0.
56; 0.
57; 0.
================================================================================
Generation 10

--------------------------------------------------------------------------------
Selection

0; 39
1; 50
2; 37
3; 42
4; 33
5; 26
6; 19
7; 10
8; 6
9; 26
10; 14
11; 9
12; 54
13; 14
14; 6
15; 13
16; 22
17; 57
18; 47
19; 53
20; 26
21; 25
22; 39
23; 38
24; 34
25; 8
26; 40
27; 47
28; 42
29; 31
30; 38
31; 53
32; 26
33; 36
34; 37
35; 12
36; 45
37; 12
38; 52
39; 22
--------------------------------------------------------------------------------
Crossover

0; 50; r(10,17) r(9,13) a(3,17) d(13) d(10) r(1,6)
1; 34; d(11) a(4,17) d(13) r(2,6) d(1)
2; 25; d(9) r(5,13) d(3) a(13,4) a(1,1) r(1,17) a(8,4) d(2) d(4)
3; 47; d(11) r(2,6) r(6,13) a(10,12) a(3,4) d(9) a(4,11) d(1)
4; 14; d(11) r(13,10) r(2,6) d(3) d(5) r(13,10) a(1,17) a(9,9) r(9,4) a(1,17) a(1,6)
5; 13; r(9,13) a(3,16) a(8,10) a(13,4) a(1,1) a(8,14) d(8) a(9,9) r(9,4) a(1,17) d(5)
6; 14; d(11) r(13,10) r(2,6) d(3) d(5) r(13,10) a(1,17) a(9,9) r(9,4) a(1,17) a(1,6)
7; 6; d(11) r(2,6) r(6,13) d(5) a(3,16) r(8,14) a(4,4) r(13,5) a(15,13) d(14) r(2,9) d(1) a(9,14)
8; 42, 26; r(10,17) r(9,13) r(2,6) a(4,10) r(1,17) a(15,5) a(5,13) r(2,14) r(8,17) d(2) r(6,17) r(5,9) d(1) a(3,8)
9; 42, 26; d(11) r(13,10) r(2,6) r(9,13) a(3,17) d(6) a(5,13) r(5,9)
10; 42; r(10,17) r(9,13) r(2,6) a(4,10) r(1,17) a(15,5) a(5,13) r(2,14) r(8,17) d(6) a(5,13) r(5,9)
11; 26; d(11) r(13,10) r(2,6) r(9,13) a(3,17) d(2) r(6,17) r(5,9) d(1) a(3,8)
12; 53, 19; d(11) a(4,17) d(13) d(10) d(6) r(13,10) a(1,17) a(9,9) r(9,4) a(4,9) r(4,8)
13; 53, 19; d(11) a(13,4) d(5) a(3,16) r(2,6) d(3) d(5)
14; 53; d(11) a(4,17) d(13) d(10) d(6)
15; 19; d(11) a(13,4) d(5) a(3,16) r(2,6) d(3) d(5) r(13,10) a(1,17) a(9,9) r(9,4) a(4,9) r(4,8)
16; 9; d(11) a(13,4) d(5) a(3,16) r(8,14) a(4,4) r(13,5) a(15,13) d(14) r(2,9) d(1) r(3,11)
17; 12; d(11) r(13,10) r(2,6) d(3) d(5) r(13,10) a(1,17) r(1,6) a(3,3) a(8,3)
18; 22, 40; r(10,17) r(9,13) a(3,4) d(9) a(4,11) d(8)
19; 22, 40; d(11) r(2,6) r(6,13) a(10,12) r(2,6) a(4,10) r(1,17) a(15,5) a(5,13) a(6,16) a(8,5) a(8,4) d(2) d(4) a(3,15)
20; 22; r(10,17) r(9,13) r(2,6) a(4,10) r(1,17) a(15,5) a(5,13) a(6,16) a(8,5) a(8,4) d(2) d(4) a(3,15)
21; 40; d(11) r(2,6) r(6,13) a(10,12) a(3,4) d(9) a(4,11) d(8)
22; 39, 33; d(11) r(2,6) r(6,13) a(10,12) r(6,13) a(10,12) r(2,6) a(4,10) r(1,17) a(15,5) a(5,13) r(2,14) r(8,17) d(6) a(5,13) a(5,16)
23; 39, 33; r(10,17) r(9,13) a(3,4) d(9) a(4,11) d(3)
24; 39; d(11) r(2,6) r(6,13) a(10,12) r(6,13) a(10,12) a(3,4) d(9) a(4,11) d(3)
25; 33; r(10,17) r(9,13) r(2,6) a(4,10) r(1,17) a(15,5) a(5,13) r(2,14) r(8,17) d(6) a(5,13) a(5,16)
26; 10; d(11) r(13,10) r(2,6) d(3) d(5) r(13,10) a(1,17) a(9,9) r(9,4) a(1,17) a(1,17)
27; 57; d(9) r(5,13) d(3) a(13,4) a(1,1) r(1,17) d(14) d(9) a(4,11) d(4) r(2,17)
28; 39, 38; d(11) r(2,6) r(6,13) a(10,12) r(6,13) a(10,12) a(3,4) d(9) a(4,11) d(3) d(9) a(4,11) r(1,6)
29; 39, 38; d(11) r(2,6) a(3,4)
30; 39; d(11) r(2,6) r(6,13) a(10,12) r(6,13) a(10,12) a(3,4) d(9) a(4,11) d(3)
31; 38; d(11) r(2,6) a(3,4) d(9) a(4,11) r(1,6)
32; 38; d(11) r(2,6) a(3,4) d(9) a(4,11) r(1,6)
33; 26; d(11) r(13,10) r(2,6) r(9,13) a(3,17) d(2) r(6,17) r(5,9) d(1) a(3,8)
34; 36, 8; d(11) r(2,6) r(6,13) a(10,12) a(3,4) d(9) a(4,11) a(1,1)
35; 36, 8; d(11) r(2,6) r(6,13) a(10,12) a(3,4) d(9) a(4,11) r(3,6)
36; 36; d(11) r(2,6) r(6,13) a(10,12) a(3,4) d(9) a(4,11) r(3,6)
37; 8; d(11) r(2,6) r(6,13) a(10,12) a(3,4) d(9) a(4,11) a(1,1)
38; 37; d(9) r(5,13) d(3) a(13,4) a(1,1) r(1,17) d(12) d(9) r(2,14) r(8,17) r(4,13)
39; 37; d(9) r(5,13) d(3) a(13,4) a(1,1) r(1,17) d(12) d(9) r(2,14) r(8,17) r(4,13)
40; 26; d(11) r(13,10) r(2,6) r(9,13) a(3,17) d(2) r(6,17) r(5,9) d(1) a(3,8)
41; 54; d(11) a(13,9) a(13,17) r(10,13) a(4,16) r(13,10) r(2,6) r(6,13) a(15,5) d(3) a(4,12) r(14,16) d(9)
42; 52; r(10,17) r(9,13) a(3,17) d(2) r(6,17) r(5,9) d(1) d(3)
43; 47; d(11) r(2,6) r(6,13) a(10,12) a(3,4) d(9) a(4,11) d(1)
44; 42, 31; r(10,17) r(9,13) r(2,6) a(4,10) r(1,17) a(15,5) r(8,14) a(4,4) r(13,5) a(15,13) d(14) r(2,9) a(12,8) r(3,17)
45; 42, 31; d(11) a(13,4) d(5) a(3,16) a(5,13) r(2,14) r(8,17) d(6) a(5,13) r(5,9)
46; 42; r(10,17) r(9,13) r(2,6) a(4,10) r(1,17) a(15,5) a(5,13) r(2,14) r(8,17) d(6) a(5,13) r(5,9)
47; 31; d(11) a(13,4) d(5) a(3,16) r(8,14) a(4,4) r(13,5) a(15,13) d(14) r(2,9) a(12,8) r(3,17)
48; 53; d(11) a(4,17) d(13) d(10) d(6)
49; 22; r(10,17) r(9,13) r(2,6) a(4,10) r(1,17) a(15,5) a(5,13) a(6,16) a(8,5) a(8,4) d(2) d(4) a(3,15)
50; 6, 12; d(11) r(2,6) r(6,13) d(5) a(3,16) r(8,14) a(4,4) r(13,5) a(15,13) d(14) r(2,9) d(1) a(9,14) a(1,17) r(1,6) a(3,3) a(8,3)
51; 6, 12; d(11) r(13,10) r(2,6) d(3) d(5) r(13,10)
52; 6; d(11) r(2,6) r(6,13) d(5) a(3,16) r(8,14) a(4,4) r(13,5) a(15,13) d(14) r(2,9) d(1) a(9,14)
53; 12; d(11) r(13,10) r(2,6) d(3) d(5) r(13,10) a(1,17) r(1,6) a(3,3) a(8,3)
54; 26, 45; d(11) r(13,10) r(2,6) r(2,8) r(10,15)
55; 26, 45; d(11) r(2,6) r(6,13) r(1,17) a(8,4) a(2,9) r(9,13) a(3,17) d(2) r(6,17) r(5,9) d(1) a(3,8)
56; 26; d(11) r(13,10) r(2,6) r(9,13) a(3,17) d(2) r(6,17) r(5,9) d(1) a(3,8)
57; 45; d(11) r(2,6) r(6,13) r(1,17) a(8,4) a(2,9) r(2,8) r(10,15)
--------------------------------------------------------------------------------
Mutation

0; r(10,17) r(9,13) a(3,17) d(13) d(10) r(1,6) r(4,17)
1; d(11) a(4,17) d(13) r(2,6) d(1) a(9,8)
2; d(9) r(5,13) d(3) a(13,4) a(1,1) r(1,17) a(8,4) d(2) d(4)
3; d(11) r(2,6) r(6,13) a(10,12) a(3,4) d(9) a(4,11) d(1) a(4,14)
4; d(11) r(13,10) r(2,6) d(3) d(5) r(13,10) a(1,17) a(9,9) r(9,4) a(1,17) a(1,6) d(4)
5; r(9,13) a(3,16) a(8,10) a(13,4) a(1,1) a(8,14) d(8) a(9,9) r(9,4) a(1,17) d(5) a(3,16)
6; d(11) r(13,10) r(2,6) d(3) d(5) r(13,10) a(1,17) a(9,9) r(9,4) a(1,17) a(1,6) a(1,6)
7; d(11) r(2,6) r(6,13) d(5) a(3,16) r(8,14) a(4,4) r(13,5) a(15,13) d(14) r(2,9) d(1) a(9,14) r(15,17)
8; r(10,17) r(9,13) r(2,6) a(4,10) r(1,17) a(15,5) a(5,13) r(2,14) r(8,17) d(2) r(6,17) r(5,9) d(1) a(3,8) d(3)
9; d(11) r(13,10) r(2,6) r(9,13) a(3,17) d(6) a(5,13) r(5,9) r(1,13)
10; r(10,17) r(9,13) r(2,6) a(4,10) r(1,17) a(15,5) a(5,13) r(2,14) r(8,17) d(6) a(5,13) r(5,9) r(3,14)
11; d(11) r(13,10) r(2,6) r(9,13) a(3,17) d(2) r(6,17) r(5,9) d(1) a(3,8) a(3,8)
12; d(11) a(4,17) d(13) d(10) d(6) r(13,10) a(1,17) a(9,9) r(9,4) a(4,9) r(4,8) d(2)
13; d(11) a(13,4) d(5) a(3,16) r(2,6) d(3) d(5) r(1,17)
14; d(11) a(4,17) d(13) d(10) d(6) a(5,4)
15; d(11) a(13,4) d(5) a(3,16) r(2,6) d(3) d(5) r(13,10) a(1,17) a(9,9) r(9,4) a(4,9) r(4,8) r(1,13)
16; d(11) a(13,4) d(5) a(3,16) r(8,14) a(4,4) r(13,5) a(15,13) d(14) r(2,9) d(1) r(3,11) d(9)
17; d(11) r(13,10) r(2,6) d(3) d(5) r(13,10) a(1,17) r(1,6) a(3,3) a(8,3) a(15,12)
18; r(10,17) r(9,13) a(3,4) d(9) a(4,11) d(8) a(2,17)
19; d(11) r(2,6) r(6,13) a(10,12) r(2,6) a(4,10) r(1,17) a(15,5) a(5,13) a(6,16) a(8,5) a(8,4) d(2) d(4) a(3,15) a(3,9)
20; r(10,17) r(9,13) r(2,6) a(4,10) r(1,17) a(15,5) a(5,13) a(6,16) a(8,5) a(8,4) d(2) d(4) a(3,15) a(3,3)
21; d(11) r(2,6) r(6,13) a(10,12) a(3,4) d(9) a(4,11) d(8) a(1,17)
22; d(11) r(2,6) r(6,13) a(10,12) r(6,13) a(10,12) r(2,6) a(4,10) r(1,17) a(15,5) a(5,13) r(2,14) r(8,17) d(6) a(5,13) a(5,16) a(4,11)
23; r(10,17) r(9,13) a(3,4) d(9) a(4,11) d(3) r(4,9)
24; d(11) r(2,6) r(6,13) a(10,12) r(6,13) a(10,12) a(3,4) d(9) a(4,11) d(3) a(8,13)
25; r(10,17) r(9,13) r(2,6) a(4,10) r(1,17) a(15,5) a(5,13) r(2,14) r(8,17) d(6) a(5,13) a(5,16) r(5,15)
26; d(11) r(13,10) r(2,6) d(3) d(5) r(13,10) a(1,17) a(9,9) r(9,4) a(1,17) a(1,17) r(8,9)
27; d(9) r(5,13) d(3) a(13,4) a(1,1) r(1,17) d(14) d(9) a(4,11) d(4) r(2,17)
28; d(11) r(2,6) r(6,13) a(10,12) r(6,13) a(10,12) a(3,4) d(9) a(4,11) d(3) d(9) a(4,11) r(1,6) r(8,11)
29; d(11) r(2,6) a(3,4) a(3,8)
30; d(11) r(2,6) r(6,13) a(10,12) r(6,13) a(10,12) a(3,4) d(9) a(4,11) d(3) a(5,4)
31; d(11) r(2,6) a(3,4) d(9) a(4,11) r(1,6) r(4,14)
32; d(11) r(2,6) a(3,4) d(9) a(4,11) r(1,6) d(3)
33; d(11) r(13,10) r(2,6) r(9,13) a(3,17) d(2) r(6,17) r(5,9) d(1) a(3,8) d(3)
34; d(11) r(2,6) r(6,13) a(10,12) a(3,4) d(9) a(4,11) a(1,1) r(8,5)
35; d(11) r(2,6) r(6,13) a(10,12) a(3,4) d(9) a(4,11) r(3,6) r(1,6)
36; d(11) r(2,6) r(6,13) a(10,12) a(3,4) d(9) a(4,11) r(3,6) a(5,9)
37; d(11) r(2,6) r(6,13) a(10,12) a(3,4) d(9) a(4,11) a(1,1) d(4)
38; d(9) r(5,13) d(3) a(13,4) a(1,1) r(1,17) d(12) d(9) r(2,14) r(8,17) r(4,13)
39; d(9) r(5,13) d(3) a(13,4) a(1,1) r(1,17) d(12) d(9) r(2,14) r(8,17) r(4,13)
40; d(11) r(13,10) r(2,6) r(9,13) a(3,17) d(2) r(6,17) r(5,9) d(1) a(3,8) r(8,17)
41; d(11) a(13,9) a(13,17) r(10,13) a(4,16) r(13,10) r(2,6) r(6,13) a(15,5) d(3) a(4,12) r(14,16) d(9) d(1)
42; r(10,17) r(9,13) a(3,17) d(2) r(6,17) r(5,9) d(1) d(3) a(8,15)
43; d(11) r(2,6) r(6,13) a(10,12) a(3,4) d(9) a(4,11) d(1) a(8,10)
44; r(10,17) r(9,13) r(2,6) a(4,10) r(1,17) a(15,5) r(8,14) a(4,4) r(13,5) a(15,13) d(14) r(2,9) a(12,8) r(3,17) d(5)
45; d(11) a(13,4) d(5) a(3,16) a(5,13) r(2,14) r(8,17) d(6) a(5,13) r(5,9) r(13,9)
46; r(10,17) r(9,13) r(2,6) a(4,10) r(1,17) a(15,5) a(5,13) r(2,14) r(8,17) d(6) a(5,13) r(5,9) r(3,12)
47; d(11) a(13,4) d(5) a(3,16) r(8,14) a(4,4) r(13,5) a(15,13) d(14) r(2,9) a(12,8) r(3,17) a(10,3)
48; d(11) a(4,17) d(13) d(10) d(6) a(3,14)
49; r(10,17) r(9,13) r(2,6) a(4,10) r(1,17) a(15,5) a(5,13) a(6,16) a(8,5) a(8,4) d(2) d(4) a(3,15) a(3,13)
50; d(11) r(2,6) r(6,13) d(5) a(3,16) r(8,14) a(4,4) r(13,5) a(15,13) d(14) r(2,9) d(1) a(9,14) a(1,17) r(1,6) a(3,3) a(8,3) r(9,2)
51; d(11) r(13,10) r(2,6) d(3) d(5) r(13,10) r(8,13)
52; d(11) r(2,6) r(6,13) d(5) a(3,16) r(8,14) a(4,4) r(13,5) a(15,13) d(14) r(2,9) d(1) a(9,14) r(12,17)
53; d(11) r(13,10) r(2,6) d(3) d(5) r(13,10) a(1,17) r(1,6) a(3,3) a(8,3) d(8)
54; d(11) r(13,10) r(2,6) r(2,8) r(10,15) r(5,8)
55; d(11) r(2,6) r(6,13) r(1,17) a(8,4) a(2,9) r(9,13) a(3,17) d(2) r(6,17) r(5,9) d(1) a(3,8) d(3)
56; d(11) r(13,10) r(2,6) r(9,13) a(3,17) d(2) r(6,17) r(5,9) d(1) a(3,8) d(8)
57; d(11) r(2,6) r(6,13) r(1,17) a(8,4) a(2,9) r(2,8) r(10,15) r(5,10)
--------------------------------------------------------------------------------
Evaluation

0; 0.
1; 0.
2; 0.
3; 0.
4; 0.
5; 0.
6; 0.
7; 0.
8; 0.
9; 0.
10; 0.
11; 0.
12; 0.
13; 0.
14; 0.
15; 0.
16; 0.
17; 0.
18; 0.
19; 0.
20; 0.
21; 0.
22; 0.
23; 1.
24; 0.
25; 0.
26; 0.
27; 0.
28; 0.
29; 0.
30; 0.
31; 0.
32; 0.
33; 0.
34; 0.
35; 0.
36; 0.
37; 0.
38; 0.
39; 0.
40; 0.
41; 0.
42; 0.
43; 0.
44; 0.
45; 0.
46; 0.
47; 0.
48; 0.
49; 0.
50; 0.
51; 0.
52; 0.
53; 0.
54; 0.
55; 0.
56; 0.
57; 0.
