================================================================================
Enclosure

1: 0
2: 0
3: 0
4: 0
5: 0
6: 5
7: 5
8: 0
9: 8
10: 9
12: 8
13: 12
14: 12
15: 0
16: 0
================================================================================
Initialisation

0; d(6); 10.
1; r(6,12); 10.
2; r(4,12); 0.
3; a(5,3); 10.
4; d(6); 10.
5; a(6,4); 10.
6; d(3); 0.
7; a(12,5); 10.
8; r(2,12); 0.
9; r(8,10); 0.
10; r(6,14); 10.
11; d(10); 10.
12; r(6,15); 10.
13; d(9); 0.
14; r(6,4); 10.
15; d(2); 0.
16; r(6,3); 10.
17; r(2,16); 0.
18; d(3); 0.
19; r(6,8); 10.
20; a(10,2); 0.
21; a(6,1); 10.
22; a(1,2); 10.
23; r(6,7); 10.
24; d(14); 0.
25; a(9,13); 2.
26; a(2,6); 0.
27; d(4); 0.
28; r(4,13); 0.
29; a(10,7); 10.
30; a(2,8); 10.
31; d(12); 0.
32; r(6,12); 10.
33; d(6); 10.
34; d(14); 0.
35; a(6,7); 10.
36; a(2,5); 10.
37; r(6,2); 10.
38; a(6,12); 10.
39; original; 10.
================================================================================
Generation 1

--------------------------------------------------------------------------------
Selection

0; 26
1; 2
2; 10
3; 2
4; 25
5; 11
6; 18
7; 36
8; 9
9; 34
10; 31
11; 7
12; 31
13; 13
14; 28
15; 8
16; 27
17; 9
18; 3
19; 26
20; 27
21; 31
22; 17
23; 38
24; 26
25; 9
26; 24
27; 8
28; 12
29; 6
30; 25
31; 9
32; 15
33; 18
34; 12
35; 28
36; 27
37; 22
38; 17
39; 11
--------------------------------------------------------------------------------
Crossover

0; 12; r(6,15)
1; 9; r(8,10)
2; 8, 9; r(2,12)
3; 8, 9; r(8,10)
4; 8; r(2,12)
5; 9; r(8,10)
6; 11; d(10)
7; 28; r(4,13)
8; 17; r(2,16)
9; 31; d(12)
10; 27; d(4)
11; 2; r(4,12)
12; 10; r(6,14)
13; 31; d(12)
14; 2, 24; r(4,12)
15; 2, 24; d(14)
16; 2; r(4,12)
17; 24; d(14)
18; 22, 28; a(1,2)
19; 22, 28; r(4,13)
20; 22; a(1,2)
21; 28; r(4,13)
22; 15; d(2)
23; 13; d(9)
24; 18, 31; d(3)
25; 18, 31; d(12)
26; 18; d(3)
27; 31; d(12)
28; 17; r(2,16)
29; 34; d(14)
30; 9; r(8,10)
31; 9; r(8,10)
32; 25, 38; a(9,13)
33; 25, 38; a(6,12)
34; 25; a(9,13)
35; 38; a(6,12)
36; 26, 26; a(2,6)
37; 26, 26; a(2,6)
38; 26; a(2,6)
39; 26; a(2,6)
40; 25, 27; a(9,13)
41; 25, 27; d(4)
42; 25; a(9,13)
43; 27; d(4)
44; 6, 8; d(3)
45; 6, 8; r(2,12)
46; 6; d(3)
47; 8; r(2,12)
48; 36; a(2,5)
49; 7; a(12,5)
50; 3; a(5,3)
51; 26; a(2,6)
52; 27; d(4)
53; 11; d(10)
54; 12, 18; r(6,15)
55; 12, 18; d(3)
56; 12; r(6,15)
57; 18; d(3)
--------------------------------------------------------------------------------
Mutation

0; r(6,15) r(1,2)
1; r(8,10) a(6,6)
2; r(2,12) r(3,4)
3; r(8,10) d(6)
4; r(2,12) r(6,4)
5; r(8,10) a(6,15)
6; d(10) r(6,3)
7; r(4,13) d(6)
8; r(2,16) r(4,14)
9; d(12) d(6)
10; d(4) a(1,8)
11; r(4,12) r(2,3)
12; r(6,14) a(5,7)
13; d(12) a(5,13)
14; r(4,12) r(3,10)
15; d(14) r(6,3)
16; r(4,12) d(5)
17; d(14) d(1)
18; a(1,2) r(2,10)
19; r(4,13) a(6,2)
20; a(1,2) r(12,16)
21; r(4,13) a(10,1)
22; d(2) r(6,13)
23; d(9) d(3)
24; d(3) r(2,15)
25; d(12) d(6)
26; d(3) d(6)
27; d(12) a(6,5)
28; r(2,16) d(6)
29; d(14) r(4,16)
30; r(8,10) a(6,12)
31; r(8,10) r(4,5)
32; a(9,13) d(6)
33; a(6,12) a(3,15)
34; a(9,13) a(5,12)
35; a(6,12) r(14,3)
36; a(2,6) r(6,1)
37; a(2,6) d(6)
38; a(2,6) d(14)
39; a(2,6) r(5,14)
40; a(9,13) a(6,4)
41; d(4) d(5)
42; a(9,13) a(6,5)
43; d(4) d(6)
44; d(3) d(6)
45; r(2,12) d(6)
46; d(3) r(6,5)
47; r(2,12) d(1)
48; a(2,5) a(9,12)
49; a(12,5) a(6,2)
50; a(5,3) d(6)
51; a(2,6) a(6,3)
52; d(4) d(6)
53; d(10) a(6,15)
54; r(6,15) r(4,2)
55; d(3) r(6,13)
56; r(6,15) a(12,7)
57; d(3) r(6,3)
--------------------------------------------------------------------------------
Evaluation

0; 4.
1; 0.
2; 0.
3; 0.
4; 0.
5; 0.
6; 10.
7; 0.
8; 0.
9; 0.
10; 0.
11; 0.
12; 10.
13; 0.
14; 0.
15; 0.
16; 0.
17; 0.
18; 10.
19; 0.
20; 20.
21; 0.
22; 0.
23; 0.
24; 0.
25; 0.
26; 0.
27; 0.
28; 0.
29; 0.
30; 0.
31; 0.
32; 2.
33; 0.
34; 0.
35; 0.
36; 0.
37; 0.
38; 0.
39; 0.
40; 2.
41; 0.
42; 2.
43; 0.
44; 0.
45; 0.
46; 0.
47; 0.
48; 10.
49; 10.
50; 10.
51; 0.
52; 0.
53; 10.
54; 0.
55; 0.
56; 10.
57; 0.
================================================================================
Generation 2

--------------------------------------------------------------------------------
Selection

0; 41
1; 43
2; 29
3; 4
4; 27
5; 45
6; 27
7; 16
8; 54
9; 25
10; 1
11; 15
12; 34
13; 52
14; 39
15; 28
16; 54
17; 54
18; 30
19; 36
20; 57
21; 39
22; 52
23; 21
24; 39
25; 43
26; 35
27; 47
28; 51
29; 23
30; 36
31; 51
32; 1
33; 7
34; 10
35; 4
36; 46
37; 22
38; 55
39; 9
--------------------------------------------------------------------------------
Crossover

0; 7, 45; r(4,13) d(6)
1; 7, 45; r(2,12) d(6)
2; 7; r(4,13) d(6)
3; 45; r(2,12) d(6)
4; 29; d(14) r(4,16)
5; 27; d(12) a(6,5)
6; 39, 34; a(2,6) r(5,14) a(5,12)
7; 39, 34; a(9,13)
8; 39; a(2,6) r(5,14)
9; 34; a(9,13) a(5,12)
10; 52; d(4) d(6)
11; 25; d(12) d(6)
12; 1, 54; r(8,10) a(6,6) r(4,2)
13; 1, 54; r(6,15)
14; 1; r(8,10) a(6,6)
15; 54; r(6,15) r(4,2)
16; 39, 57; a(2,6) r(6,3)
17; 39, 57; d(3) r(5,14)
18; 39; a(2,6) r(5,14)
19; 57; d(3) r(6,3)
20; 22, 46; d(2) r(6,5)
21; 22, 46; d(3) r(6,13)
22; 22; d(2) r(6,13)
23; 46; d(3) r(6,5)
24; 54, 10; r(6,15) r(4,2)
25; 54, 10; d(4) a(1,8)
26; 54; r(6,15) r(4,2)
27; 10; d(4) a(1,8)
28; 15, 55; d(14)
29; 15, 55; d(3) r(6,13) r(6,3)
30; 15; d(14) r(6,3)
31; 55; d(3) r(6,13)
32; 35; a(6,12) r(14,3)
33; 36; a(2,6) r(6,1)
34; 16, 39; r(4,12) r(5,14)
35; 16, 39; a(2,6) d(5)
36; 16; r(4,12) d(5)
37; 39; a(2,6) r(5,14)
38; 51, 9; a(2,6) a(6,3) d(6)
39; 51, 9; d(12)
40; 51; a(2,6) a(6,3)
41; 9; d(12) d(6)
42; 23, 47; d(9)
43; 23, 47; r(2,12) d(1) d(3)
44; 23; d(9) d(3)
45; 47; r(2,12) d(1)
46; 54; r(6,15) r(4,2)
47; 43; d(4) d(6)
48; 4, 4; r(2,12) r(6,4) r(6,4)
49; 4, 4; r(2,12)
50; 4; r(2,12) r(6,4)
51; 4; r(2,12) r(6,4)
52; 1, 28; r(8,10) a(6,6) d(6)
53; 1, 28; r(2,16)
54; 1; r(8,10) a(6,6)
55; 28; r(2,16) d(6)
56; 27, 21; d(12)
57; 27, 21; r(4,13) a(10,1) a(6,5)
58; 27; d(12) a(6,5)
59; 21; r(4,13) a(10,1)
60; 41; d(4) d(5)
61; 30; r(8,10) a(6,12)
62; 52, 36; d(4) d(6) r(6,1)
63; 52, 36; a(2,6)
64; 52; d(4) d(6)
65; 36; a(2,6) r(6,1)
66; 43; d(4) d(6)
67; 51; a(2,6) a(6,3)
--------------------------------------------------------------------------------
Mutation

0; r(4,13) d(6) a(5,12)
1; r(2,12) d(6) r(9,12)
2; r(4,13) d(6) d(14)
3; r(2,12) d(6) d(3)
4; d(14) r(4,16) r(6,8)
5; d(12) a(6,5) r(6,4)
6; a(2,6) r(5,14) a(5,12) d(12)
7; a(9,13) a(6,4)
8; a(2,6) r(5,14) a(1,13)
9; a(9,13) a(5,12) r(4,3)
10; d(4) d(6) r(14,9)
11; d(12) d(6) a(4,10)
12; r(8,10) a(6,6) r(4,2) d(6)
13; r(6,15) a(8,4)
14; r(8,10) a(6,6) a(6,15)
15; r(6,15) r(4,2) a(14,9)
16; a(2,6) r(6,3) d(8)
17; d(3) r(5,14) r(4,1)
18; a(2,6) r(5,14) a(1,12)
19; d(3) r(6,3) a(4,12)
20; d(2) r(6,5) r(8,7)
21; d(3) r(6,13) r(2,4)
22; d(2) r(6,13) a(14,1)
23; d(3) r(6,5) d(8)
24; r(6,15) r(4,2) d(12)
25; d(4) a(1,8) d(2)
26; r(6,15) r(4,2) r(3,4)
27; d(4) a(1,8) r(6,15)
28; d(14) d(6)
29; d(3) r(6,13) r(6,3) a(9,7)
30; d(14) r(6,3) a(4,13)
31; d(3) r(6,13) a(14,10)
32; a(6,12) r(14,3) r(6,15)
33; a(2,6) r(6,1) d(1)
34; r(4,12) r(5,14) a(2,13)
35; a(2,6) d(5) a(2,10)
36; r(4,12) d(5) a(8,6)
37; a(2,6) r(5,14) a(1,16)
38; a(2,6) a(6,3) d(6) r(12,4)
39; d(12) d(2)
40; a(2,6) a(6,3) a(12,15)
41; d(12) d(6) r(8,10)
42; d(9) r(6,7)
43; r(2,12) d(1) d(3) a(6,15)
44; d(9) d(3) d(14)
45; r(2,12) d(1) d(6)
46; r(6,15) r(4,2) d(10)
47; d(4) d(6) d(10)
48; r(2,12) r(6,4) r(6,4) d(9)
49; r(2,12) r(5,3)
50; r(2,12) r(6,4) r(10,15)
51; r(2,12) r(6,4) d(3)
52; r(8,10) a(6,6) d(6) d(4)
53; r(2,16) d(6)
54; r(8,10) a(6,6) r(6,8)
55; r(2,16) d(6) r(10,12)
56; d(12) d(8)
57; r(4,13) a(10,1) a(6,5) d(6)
58; d(12) a(6,5) d(6)
59; r(4,13) a(10,1) d(3)
60; d(4) d(5) r(14,10)
61; r(8,10) a(6,12) a(6,1)
62; d(4) d(6) r(6,1) d(12)
63; a(2,6) r(12,16)
64; d(4) d(6) d(12)
65; a(2,6) r(6,1) d(12)
66; d(4) d(6) r(2,14)
67; a(2,6) a(6,3) d(8)
--------------------------------------------------------------------------------
Evaluation

0; 0.
1; 0.
2; 0.
3; 0.
4; 0.
5; 0.
6; 0.
7; 2.
8; 0.
9; 0.
10; 0.
11; 0.
12; 0.
13; 10.
14; 0.
15; 0.
16; 0.
17; 0.
18; 0.
19; 0.
20; 0.
21; 0.
22; 0.
23; 0.
24; 0.
25; 0.
26; 0.
27; 0.
28; 0.
29; 0.
30; 0.
31; 0.
32; 0.
33; 0.
34; 0.
35; 0.
36; 0.
37; 0.
38; 0.
39; 0.
40; 0.
41; 0.
42; 0.
43; 0.
44; 0.
45; 0.
46; 0.
47; 0.
48; 0.
49; 0.
50; 0.
51; 0.
52; 0.
53; 0.
54; 0.
55; 0.
56; 0.
57; 0.
58; 0.
59; 0.
60; 0.
61; 0.
62; 0.
63; 0.
64; 0.
65; 0.
66; 0.
67; 0.
================================================================================
Generation 3

--------------------------------------------------------------------------------
Selection

0; 33
1; 64
2; 34
3; 6
4; 49
5; 57
6; 52
7; 37
8; 4
9; 25
10; 42
11; 12
12; 59
13; 57
14; 48
15; 46
16; 44
17; 57
18; 14
19; 36
20; 28
21; 37
22; 30
23; 0
24; 19
25; 15
26; 3
27; 31
28; 57
29; 1
30; 18
31; 46
32; 21
33; 26
34; 31
35; 37
36; 47
37; 16
38; 66
39; 27
--------------------------------------------------------------------------------
Crossover

0; 64, 34; d(4) d(6)
1; 64, 34; r(4,12) r(5,14) a(2,13) d(12)
2; 64; d(4) d(6) d(12)
3; 34; r(4,12) r(5,14) a(2,13)
4; 6; a(2,6) r(5,14) a(5,12) d(12)
5; 36; r(4,12) d(5) a(8,6)
6; 15, 18; r(6,15) r(5,14) a(1,12)
7; 15, 18; a(2,6) r(4,2) a(14,9)
8; 15; r(6,15) r(4,2) a(14,9)
9; 18; a(2,6) r(5,14) a(1,12)
10; 28; d(14) d(6)
11; 47; d(4) d(6) d(10)
12; 1; r(2,12) d(6) r(9,12)
13; 49; r(2,12) r(5,3)
14; 31; d(3) r(6,13) a(14,10)
15; 37; a(2,6) r(5,14) a(1,16)
16; 44, 16; d(9) d(3) d(14) d(8)
17; 44, 16; a(2,6) r(6,3)
18; 44; d(9) d(3) d(14)
19; 16; a(2,6) r(6,3) d(8)
20; 52; r(8,10) a(6,6) d(6) d(4)
21; 33; a(2,6) r(6,1) d(1)
22; 14, 31; r(8,10) a(14,10)
23; 14, 31; d(3) r(6,13) a(6,6) a(6,15)
24; 14; r(8,10) a(6,6) a(6,15)
25; 31; d(3) r(6,13) a(14,10)
26; 19; d(3) r(6,3) a(4,12)
27; 57; r(4,13) a(10,1) a(6,5) d(6)
28; 12, 37; r(8,10) a(6,6) r(5,14) a(1,16)
29; 12, 37; a(2,6) r(4,2) d(6)
30; 12; r(8,10) a(6,6) r(4,2) d(6)
31; 37; a(2,6) r(5,14) a(1,16)
32; 66; d(4) d(6) r(2,14)
33; 0; r(4,13) d(6) a(5,12)
34; 48, 57; r(2,12) a(10,1) a(6,5) d(6)
35; 48, 57; r(4,13) r(6,4) r(6,4) d(9)
36; 48; r(2,12) r(6,4) r(6,4) d(9)
37; 57; r(4,13) a(10,1) a(6,5) d(6)
38; 4; d(14) r(4,16) r(6,8)
39; 59; r(4,13) a(10,1) d(3)
40; 21, 46; d(3) r(6,13)
41; 21, 46; r(6,15) r(4,2) d(10) r(2,4)
42; 21; d(3) r(6,13) r(2,4)
43; 46; r(6,15) r(4,2) d(10)
44; 3; r(2,12) d(6) d(3)
45; 30; d(14) r(6,3) a(4,13)
46; 42, 46; d(9) r(6,7)
47; 42, 46; r(6,15) r(4,2) d(10)
48; 42; d(9) r(6,7)
49; 46; r(6,15) r(4,2) d(10)
50; 37; a(2,6) r(5,14) a(1,16)
51; 57; r(4,13) a(10,1) a(6,5) d(6)
52; 57; r(4,13) a(10,1) a(6,5) d(6)
53; 27; d(4) a(1,8) r(6,15)
54; 26, 25; r(6,15) r(4,2) r(3,4) d(2)
55; 26, 25; d(4) a(1,8)
56; 26; r(6,15) r(4,2) r(3,4)
57; 25; d(4) a(1,8) d(2)
--------------------------------------------------------------------------------
Mutation

0; d(4) d(6) d(14)
1; r(4,12) r(5,14) a(2,13) d(12) a(9,2)
2; d(4) d(6) d(12) d(2)
3; r(4,12) r(5,14) a(2,13) r(2,7)
4; a(2,6) r(5,14) a(5,12) d(12) r(3,14)
5; r(4,12) d(5) a(8,6) a(12,14)
6; r(6,15) r(5,14) a(1,12) a(2,3)
7; a(2,6) r(4,2) a(14,9) d(9)
8; r(6,15) r(4,2) a(14,9) a(1,10)
9; a(2,6) r(5,14) a(1,12) a(9,1)
10; d(14) d(6) d(4)
11; d(4) d(6) d(10) d(2)
12; r(2,12) d(6) r(9,12) r(1,3)
13; r(2,12) r(5,3) a(10,14)
14; d(3) r(6,13) a(14,10) a(2,16)
15; a(2,6) r(5,14) a(1,16) d(10)
16; d(9) d(3) d(14) d(8) r(6,12)
17; a(2,6) r(6,3) r(2,4)
18; d(9) d(3) d(14) r(1,14)
19; a(2,6) r(6,3) d(8) d(4)
20; r(8,10) a(6,6) d(6) d(4) d(2)
21; a(2,6) r(6,1) d(1) r(10,4)
22; r(8,10) a(14,10) a(6,12)
23; d(3) r(6,13) a(6,6) a(6,15) r(1,14)
24; r(8,10) a(6,6) a(6,15) a(6,14)
25; d(3) r(6,13) a(14,10) r(2,3)
26; d(3) r(6,3) a(4,12) a(4,10)
27; r(4,13) a(10,1) a(6,5) d(6) r(14,5)
28; r(8,10) a(6,6) r(5,14) a(1,16) a(4,1)
29; a(2,6) r(4,2) d(6) a(14,14)
30; r(8,10) a(6,6) r(4,2) d(6) r(5,7)
31; a(2,6) r(5,14) a(1,16) d(8)
32; d(4) d(6) r(2,14) a(10,10)
33; r(4,13) d(6) a(5,12) d(10)
34; r(2,12) a(10,1) a(6,5) d(6) r(1,3)
35; r(4,13) r(6,4) r(6,4) d(9) a(2,3)
36; r(2,12) r(6,4) r(6,4) d(9) r(8,5)
37; r(4,13) a(10,1) a(6,5) d(6) d(5)
38; d(14) r(4,16) r(6,8) d(3)
39; r(4,13) a(10,1) d(3) a(9,6)
40; d(3) r(6,13) r(9,12)
41; r(6,15) r(4,2) d(10) r(2,4) r(9,3)
42; d(3) r(6,13) r(2,4) d(8)
43; r(6,15) r(4,2) d(10) r(8,2)
44; r(2,12) d(6) d(3) a(5,3)
45; d(14) r(6,3) a(4,13) r(2,13)
46; d(9) r(6,7) r(5,14)
47; r(6,15) r(4,2) d(10) d(8)
48; d(9) r(6,7) d(2)
49; r(6,15) r(4,2) d(10) r(2,13)
50; a(2,6) r(5,14) a(1,16) r(10,6)
51; r(4,13) a(10,1) a(6,5) d(6) a(1,3)
52; r(4,13) a(10,1) a(6,5) d(6) r(1,3)
53; d(4) a(1,8) r(6,15) d(8)
54; r(6,15) r(4,2) r(3,4) d(2) a(10,4)
55; d(4) a(1,8) r(12,3)
56; r(6,15) r(4,2) r(3,4) d(12)
57; d(4) a(1,8) d(2) a(6,2)
--------------------------------------------------------------------------------
Evaluation

0; 0.
1; 0.
2; 0.
3; 0.
4; 0.
5; 0.
6; 5.
7; 0.
8; 0.
9; 0.
10; 0.
11; 0.
12; 0.
13; 0.
14; 0.
15; 0.
16; 0.
17; 0.
18; 0.
19; 0.
20; 0.
21; 0.
22; 0.
23; 0.
24; 0.
25; 0.
26; 0.
27; 0.
28; 0.
29; 0.
30; 0.
31; 0.
32; 0.
33; 0.
34; 0.
35; 0.
36; 0.
37; 0.
38; 0.
39; 0.
40; 0.
41; 0.
42; 0.
43; 0.
44; 0.
45; 0.
46; 0.
47; 0.
48; 0.
49; 0.
50; 0.
51; 0.
52; 0.
53; 0.
54; 0.
55; 0.
56; 0.
57; 0.
================================================================================
Generation 4

--------------------------------------------------------------------------------
Selection

0; 14
1; 8
2; 36
3; 44
4; 57
5; 23
6; 53
7; 8
8; 41
9; 19
10; 52
11; 8
12; 12
13; 37
14; 53
15; 0
16; 12
17; 35
18; 31
19; 33
20; 31
21; 5
22; 9
23; 38
24; 18
25; 24
26; 39
27; 5
28; 35
29; 27
30; 37
31; 57
32; 44
33; 35
34; 33
35; 25
36; 10
37; 7
38; 40
39; 8
--------------------------------------------------------------------------------
Crossover

0; 53, 27; d(4) a(1,8) r(6,15) r(14,5)
1; 53, 27; r(4,13) a(10,1) a(6,5) d(6) d(8)
2; 53; d(4) a(1,8) r(6,15) d(8)
3; 27; r(4,13) a(10,1) a(6,5) d(6) r(14,5)
4; 39; r(4,13) a(10,1) d(3) a(9,6)
5; 9; a(2,6) r(5,14) a(1,12) a(9,1)
6; 18, 8; d(9) d(3) d(14) r(1,14) a(14,9) a(1,10)
7; 18, 8; r(6,15) r(4,2)
8; 18; d(9) d(3) d(14) r(1,14)
9; 8; r(6,15) r(4,2) a(14,9) a(1,10)
10; 33; r(4,13) d(6) a(5,12) d(10)
11; 52; r(4,13) a(10,1) a(6,5) d(6) r(1,3)
12; 38, 24; d(14) r(4,16) r(6,8) d(3) a(6,6) a(6,15) a(6,14)
13; 38, 24; r(8,10)
14; 38; d(14) r(4,16) r(6,8) d(3)
15; 24; r(8,10) a(6,6) a(6,15) a(6,14)
16; 33, 5; r(4,13) d(6) a(5,12)
17; 33, 5; r(4,12) d(5) a(8,6) a(12,14) d(10)
18; 33; r(4,13) d(6) a(5,12) d(10)
19; 5; r(4,12) d(5) a(8,6) a(12,14)
20; 57; d(4) a(1,8) d(2) a(6,2)
21; 12; r(2,12) d(6) r(9,12) r(1,3)
22; 14; d(3) r(6,13) a(14,10) a(2,16)
23; 7; a(2,6) r(4,2) a(14,9) d(9)
24; 25; d(3) r(6,13) a(14,10) r(2,3)
25; 12; r(2,12) d(6) r(9,12) r(1,3)
26; 5, 53; r(4,12) d(5) r(6,15) d(8)
27; 5, 53; d(4) a(1,8) a(8,6) a(12,14)
28; 5; r(4,12) d(5) a(8,6) a(12,14)
29; 53; d(4) a(1,8) r(6,15) d(8)
30; 8; r(6,15) r(4,2) a(14,9) a(1,10)
31; 8; r(6,15) r(4,2) a(14,9) a(1,10)
32; 41, 37; r(6,15) r(4,2) d(10) r(2,4) r(9,3) d(5)
33; 41, 37; r(4,13) a(10,1) a(6,5) d(6)
34; 41; r(6,15) r(4,2) d(10) r(2,4) r(9,3)
35; 37; r(4,13) a(10,1) a(6,5) d(6) d(5)
36; 8; r(6,15) r(4,2) a(14,9) a(1,10)
37; 35; r(4,13) r(6,4) r(6,4) d(9) a(2,3)
38; 10; d(14) d(6) d(4)
39; 35; r(4,13) r(6,4) r(6,4) d(9) a(2,3)
40; 37; r(4,13) a(10,1) a(6,5) d(6) d(5)
41; 35; r(4,13) r(6,4) r(6,4) d(9) a(2,3)
42; 31; a(2,6) r(5,14) a(1,16) d(8)
43; 19; a(2,6) r(6,3) d(8) d(4)
44; 0; d(4) d(6) d(14)
45; 44; r(2,12) d(6) d(3) a(5,3)
46; 57, 40; d(4) a(1,8) d(2) a(6,2) r(6,13) r(9,12)
47; 57, 40; d(3)
48; 57; d(4) a(1,8) d(2) a(6,2)
49; 40; d(3) r(6,13) r(9,12)
50; 44, 23; r(2,12) d(6) d(3) a(6,15) r(1,14)
51; 44, 23; d(3) r(6,13) a(6,6) a(5,3)
52; 44; r(2,12) d(6) d(3) a(5,3)
53; 23; d(3) r(6,13) a(6,6) a(6,15) r(1,14)
54; 36; r(2,12) r(6,4) r(6,4) d(9) r(8,5)
55; 31; a(2,6) r(5,14) a(1,16) d(8)
--------------------------------------------------------------------------------
Mutation

0; d(4) a(1,8) r(6,15) r(14,5) r(12,6)
1; r(4,13) a(10,1) a(6,5) d(6) d(8) a(1,6)
2; d(4) a(1,8) r(6,15) d(8) r(5,15)
3; r(4,13) a(10,1) a(6,5) d(6) r(14,5) r(8,10)
4; r(4,13) a(10,1) d(3) a(9,6) d(6)
5; a(2,6) r(5,14) a(1,12) a(9,1) d(9)
6; d(9) d(3) d(14) r(1,14) a(14,9) a(1,10) d(4)
7; r(6,15) r(4,2) a(1,4)
8; d(9) d(3) d(14) r(1,14) d(6)
9; r(6,15) r(4,2) a(14,9) a(1,10) r(2,5)
10; r(4,13) d(6) a(5,12) d(10) a(8,14)
11; r(4,13) a(10,1) a(6,5) d(6) r(1,3) r(8,2)
12; d(14) r(4,16) r(6,8) d(3) a(6,6) a(6,15) a(6,14) r(2,15)
13; r(8,10) a(6,4)
14; d(14) r(4,16) r(6,8) d(3) a(5,14)
15; r(8,10) a(6,6) a(6,15) a(6,14) r(6,2)
16; r(4,13) d(6) a(5,12) d(2)
17; r(4,12) d(5) a(8,6) a(12,14) d(10) d(12)
18; r(4,13) d(6) a(5,12) d(10) d(3)
19; r(4,12) d(5) a(8,6) a(12,14) r(14,16)
20; d(4) a(1,8) d(2) a(6,2) r(8,5)
21; r(2,12) d(6) r(9,12) r(1,3) a(12,4)
22; d(3) r(6,13) a(14,10) a(2,16) r(2,16)
23; a(2,6) r(4,2) a(14,9) d(9) d(6)
24; d(3) r(6,13) a(14,10) r(2,3) r(14,16)
25; r(2,12) d(6) r(9,12) r(1,3) r(4,2)
26; r(4,12) d(5) r(6,15) d(8) r(2,8)
27; d(4) a(1,8) a(8,6) a(12,14) d(10)
28; r(4,12) d(5) a(8,6) a(12,14) r(1,10)
29; d(4) a(1,8) r(6,15) d(8) r(2,7)
30; r(6,15) r(4,2) a(14,9) a(1,10) a(3,1)
31; r(6,15) r(4,2) a(14,9) a(1,10) r(2,8)
32; r(6,15) r(4,2) d(10) r(2,4) r(9,3) d(5) r(8,15)
33; r(4,13) a(10,1) a(6,5) d(6) a(1,15)
34; r(6,15) r(4,2) d(10) r(2,4) r(9,3) a(8,4)
35; r(4,13) a(10,1) a(6,5) d(6) d(5) r(9,16)
36; r(6,15) r(4,2) a(14,9) a(1,10) r(9,12)
37; r(4,13) r(6,4) r(6,4) d(9) a(2,3) d(1)
38; d(14) d(6) d(4) a(2,14)
39; r(4,13) r(6,4) r(6,4) d(9) a(2,3) d(8)
40; r(4,13) a(10,1) a(6,5) d(6) d(5) r(8,14)
41; r(4,13) r(6,4) r(6,4) d(9) a(2,3) a(14,1)
42; a(2,6) r(5,14) a(1,16) d(8) r(2,14)
43; a(2,6) r(6,3) d(8) d(4) a(5,5)
44; d(4) d(6) d(14) a(9,2)
45; r(2,12) d(6) d(3) a(5,3) a(12,6)
46; d(4) a(1,8) d(2) a(6,2) r(6,13) r(9,12) d(1)
47; d(3) r(6,14)
48; d(4) a(1,8) d(2) a(6,2) r(3,5)
49; d(3) r(6,13) r(9,12) r(4,10)
50; r(2,12) d(6) d(3) a(6,15) r(1,14) a(9,2)
51; d(3) r(6,13) a(6,6) a(5,3) a(9,14)
52; r(2,12) d(6) d(3) a(5,3) r(4,2)
53; d(3) r(6,13) a(6,6) a(6,15) r(1,14) r(2,8)
54; r(2,12) r(6,4) r(6,4) d(9) r(8,5) d(3)
55; a(2,6) r(5,14) a(1,16) d(8) d(4)
--------------------------------------------------------------------------------
Evaluation

0; 0.
1; 0.
2; 0.
3; 0.
4; 0.
5; 0.
6; 0.
7; 0.
8; 0.
9; 0.
10; 0.
11; 0.
12; 0.
13; 0.
14; 0.
15; 0.
16; 0.
17; 0.
18; 0.
19; 0.
20; 0.
21; 0.
22; 0.
23; 0.
24; 0.
25; 0.
26; 0.
27; 0.
28; 0.
29; 0.
30; 0.
31; 0.
32; 0.
33; 0.
34; 0.
35; 0.
36; 0.
37; 0.
38; 0.
39; 0.
40; 0.
41; 0.
42; 0.
43; 0.
44; 0.
45; 0.
46; 0.
47; 0.
48; 0.
49; 0.
50; 0.
51; 0.
52; 0.
53; 0.
54; 0.
55; 0.
================================================================================
Generation 5

--------------------------------------------------------------------------------
Selection

0; 48
1; 30
2; 47
3; 34
4; 4
5; 18
6; 9
7; 25
8; 37
9; 7
10; 22
11; 52
12; 6
13; 17
14; 51
15; 9
16; 51
17; 15
18; 53
19; 23
20; 41
21; 13
22; 51
23; 19
24; 36
25; 55
26; 49
27; 18
28; 16
29; 12
30; 8
31; 52
32; 41
33; 6
34; 17
35; 22
36; 1
37; 50
38; 32
39; 34
--------------------------------------------------------------------------------
Crossover

0; 18; r(4,13) d(6) a(5,12) d(10) d(3)
1; 53; d(3) r(6,13) a(6,6) a(6,15) r(1,14) r(2,8)
2; 37, 52; r(4,13) r(6,4) r(6,4) d(9) a(2,3) a(5,3) r(4,2)
3; 37, 52; r(2,12) d(6) d(3) d(1)
4; 37; r(4,13) r(6,4) r(6,4) d(9) a(2,3) d(1)
5; 52; r(2,12) d(6) d(3) a(5,3) r(4,2)
6; 32; r(6,15) r(4,2) d(10) r(2,4) r(9,3) d(5) r(8,15)
7; 36; r(6,15) r(4,2) a(14,9) a(1,10) r(9,12)
8; 8, 48; d(9) d(3) d(14) r(1,14) a(6,2) r(3,5)
9; 8, 48; d(4) a(1,8) d(2) d(6)
10; 8; d(9) d(3) d(14) r(1,14) d(6)
11; 48; d(4) a(1,8) d(2) a(6,2) r(3,5)
12; 17, 16; r(4,12) d(5) a(8,6) a(12,14) a(5,12) d(2)
13; 17, 16; r(4,13) d(6) d(10) d(12)
14; 17; r(4,12) d(5) a(8,6) a(12,14) d(10) d(12)
15; 16; r(4,13) d(6) a(5,12) d(2)
16; 7; r(6,15) r(4,2) a(1,4)
17; 55; a(2,6) r(5,14) a(1,16) d(8) d(4)
18; 30, 49; r(6,15) r(4,2) a(14,9) a(1,10)
19; 30, 49; d(3) r(6,13) r(9,12) r(4,10) a(3,1)
20; 30; r(6,15) r(4,2) a(14,9) a(1,10) a(3,1)
21; 49; d(3) r(6,13) r(9,12) r(4,10)
22; 12, 51; d(14) r(4,16) r(6,8) r(6,13) a(6,6) a(5,3) a(9,14)
23; 12, 51; d(3) d(3) a(6,6) a(6,15) a(6,14) r(2,15)
24; 12; d(14) r(4,16) r(6,8) d(3) a(6,6) a(6,15) a(6,14) r(2,15)
25; 51; d(3) r(6,13) a(6,6) a(5,3) a(9,14)
26; 13, 6; r(8,10) d(14) r(1,14) a(14,9) a(1,10) d(4)
27; 13, 6; d(9) d(3) a(6,4)
28; 13; r(8,10) a(6,4)
29; 6; d(9) d(3) d(14) r(1,14) a(14,9) a(1,10) d(4)
30; 25; r(2,12) d(6) r(9,12) r(1,3) r(4,2)
31; 22; d(3) r(6,13) a(14,10) a(2,16) r(2,16)
32; 9, 41; r(6,15) r(4,2) a(14,9) a(1,10) r(6,4) r(6,4) d(9) a(2,3) a(14,1)
33; 9, 41; r(4,13) r(2,5)
34; 9; r(6,15) r(4,2) a(14,9) a(1,10) r(2,5)
35; 41; r(4,13) r(6,4) r(6,4) d(9) a(2,3) a(14,1)
36; 51; d(3) r(6,13) a(6,6) a(5,3) a(9,14)
37; 23; a(2,6) r(4,2) a(14,9) d(9) d(6)
38; 52, 51; r(2,12) d(6) d(3) a(5,3) r(4,2) a(9,14)
39; 52, 51; d(3) r(6,13) a(6,6) a(5,3)
40; 52; r(2,12) d(6) d(3) a(5,3) r(4,2)
41; 51; d(3) r(6,13) a(6,6) a(5,3) a(9,14)
42; 47; d(3) r(6,14)
43; 18; r(4,13) d(6) a(5,12) d(10) d(3)
44; 50; r(2,12) d(6) d(3) a(6,15) r(1,14) a(9,2)
45; 9; r(6,15) r(4,2) a(14,9) a(1,10) r(2,5)
46; 19, 34; r(4,12) r(2,4) r(9,3) a(8,4)
47; 19, 34; r(6,15) r(4,2) d(10) d(5) a(8,6) a(12,14) r(14,16)
48; 19; r(4,12) d(5) a(8,6) a(12,14) r(14,16)
49; 34; r(6,15) r(4,2) d(10) r(2,4) r(9,3) a(8,4)
50; 34, 17; r(6,15) r(4,2) d(12)
51; 34, 17; r(4,12) d(5) a(8,6) a(12,14) d(10) d(10) r(2,4) r(9,3) a(8,4)
52; 34; r(6,15) r(4,2) d(10) r(2,4) r(9,3) a(8,4)
53; 17; r(4,12) d(5) a(8,6) a(12,14) d(10) d(12)
54; 6; d(9) d(3) d(14) r(1,14) a(14,9) a(1,10) d(4)
55; 4; r(4,13) a(10,1) d(3) a(9,6) d(6)
56; 22, 15; d(3) r(6,13)
57; 22, 15; r(8,10) a(6,6) a(6,15) a(6,14) r(6,2) a(14,10) a(2,16) r(2,16)
58; 22; d(3) r(6,13) a(14,10) a(2,16) r(2,16)
59; 15; r(8,10) a(6,6) a(6,15) a(6,14) r(6,2)
60; 1; r(4,13) a(10,1) a(6,5) d(6) d(8) a(1,6)
61; 41; r(4,13) r(6,4) r(6,4) d(9) a(2,3) a(14,1)
--------------------------------------------------------------------------------
Mutation

0; r(4,13) d(6) a(5,12) d(10) d(3) d(12)
1; d(3) r(6,13) a(6,6) a(6,15) r(1,14) r(2,8) r(8,3)
2; r(4,13) r(6,4) r(6,4) d(9) a(2,3) a(5,3) r(4,2) r(8,7)
3; r(2,12) d(6) d(3) d(1) r(14,6)
4; r(4,13) r(6,4) r(6,4) d(9) a(2,3) d(1) a(2,7)
5; r(2,12) d(6) d(3) a(5,3) r(4,2) r(8,2)
6; r(6,15) r(4,2) d(10) r(2,4) r(9,3) d(5) r(8,15) r(3,14)
7; r(6,15) r(4,2) a(14,9) a(1,10) r(9,12) r(3,4)
8; d(9) d(3) d(14) r(1,14) a(6,2) r(3,5) r(6,16)
9; d(4) a(1,8) d(2) d(6) r(9,10)
10; d(9) d(3) d(14) r(1,14) d(6) r(2,7)
11; d(4) a(1,8) d(2) a(6,2) r(3,5) r(6,8)
12; r(4,12) d(5) a(8,6) a(12,14) a(5,12) d(2) d(1)
13; r(4,13) d(6) d(10) d(12) r(2,16)
14; r(4,12) d(5) a(8,6) a(12,14) d(10) d(12) d(8)
15; r(4,13) d(6) a(5,12) d(2) r(12,13)
16; r(6,15) r(4,2) a(1,4) r(14,5)
17; a(2,6) r(5,14) a(1,16) d(8) d(4) r(3,7)
18; r(6,15) r(4,2) a(14,9) a(1,10) r(14,9)
19; d(3) r(6,13) r(9,12) r(4,10) a(3,1) d(8)
20; r(6,15) r(4,2) a(14,9) a(1,10) a(3,1) a(2,15)
21; d(3) r(6,13) r(9,12) r(4,10) d(2)
22; d(14) r(4,16) r(6,8) r(6,13) a(6,6) a(5,3) a(9,14) a(9,7)
23; d(3) d(3) a(6,6) a(6,15) a(6,14) r(2,15) a(5,12)
24; d(14) r(4,16) r(6,8) d(3) a(6,6) a(6,15) a(6,14) r(2,15) a(5,10)
25; d(3) r(6,13) a(6,6) a(5,3) a(9,14) r(10,13)
26; r(8,10) d(14) r(1,14) a(14,9) a(1,10) d(4) a(6,14)
27; d(9) d(3) a(6,4) r(6,5)
28; r(8,10) a(6,4) d(6)
29; d(9) d(3) d(14) r(1,14) a(14,9) a(1,10) d(4) a(6,3)
30; r(2,12) d(6) r(9,12) r(1,3) r(4,2) r(3,5)
31; d(3) r(6,13) a(14,10) a(2,16) r(2,16) r(12,13)
32; r(6,15) r(4,2) a(14,9) a(1,10) r(6,4) r(6,4) d(9) a(2,3) a(14,1) r(2,12)
33; r(4,13) r(2,5) a(6,4)
34; r(6,15) r(4,2) a(14,9) a(1,10) r(2,5) a(9,13)
35; r(4,13) r(6,4) r(6,4) d(9) a(2,3) a(14,1) r(5,6)
36; d(3) r(6,13) a(6,6) a(5,3) a(9,14) a(14,10)
37; a(2,6) r(4,2) a(14,9) d(9) d(6) d(12)
38; r(2,12) d(6) d(3) a(5,3) r(4,2) a(9,14) r(10,4)
39; d(3) r(6,13) a(6,6) a(5,3) a(12,13)
40; r(2,12) d(6) d(3) a(5,3) r(4,2) d(5)
41; d(3) r(6,13) a(6,6) a(5,3) a(9,14) a(5,12)
42; d(3) r(6,14) a(2,8)
43; r(4,13) d(6) a(5,12) d(10) d(3) r(9,5)
44; r(2,12) d(6) d(3) a(6,15) r(1,14) a(9,2) a(4,7)
45; r(6,15) r(4,2) a(14,9) a(1,10) r(2,5) d(8)
46; r(4,12) r(2,4) r(9,3) a(8,4) a(1,4)
47; r(6,15) r(4,2) d(10) d(5) a(8,6) a(12,14) r(14,16) d(2)
48; r(4,12) d(5) a(8,6) a(12,14) r(14,16) a(12,8)
49; r(6,15) r(4,2) d(10) r(2,4) r(9,3) a(8,4) r(14,5)
50; r(6,15) r(4,2) d(12) r(3,16)
51; r(4,12) d(5) a(8,6) a(12,14) d(10) d(10) r(2,4) r(9,3) a(8,4) a(1,14)
52; r(6,15) r(4,2) d(10) r(2,4) r(9,3) a(8,4) r(3,8)
53; r(4,12) d(5) a(8,6) a(12,14) d(10) d(12) a(8,1)
54; d(9) d(3) d(14) r(1,14) a(14,9) a(1,10) d(4) a(12,2)
55; r(4,13) a(10,1) d(3) a(9,6) d(6) r(5,12)
56; d(3) r(6,13) d(4)
57; r(8,10) a(6,6) a(6,15) a(6,14) r(6,2) a(14,10) a(2,16) r(2,16) r(4,7)
58; d(3) r(6,13) a(14,10) a(2,16) r(2,16) a(8,12)
59; r(8,10) a(6,6) a(6,15) a(6,14) r(6,2) d(2)
60; r(4,13) a(10,1) a(6,5) d(6) d(8) a(1,6) r(5,16)
61; r(4,13) r(6,4) r(6,4) d(9) a(2,3) a(14,1) d(1)
--------------------------------------------------------------------------------
Evaluation

0; 0.
1; 0.
2; 0.
3; 0.
4; 0.
5; 0.
6; 0.
7; 0.
8; 0.
9; 0.
10; 0.
11; 0.
12; 0.
13; 0.
14; 0.
15; 0.
16; 0.
17; 0.
18; 0.
19; 0.
20; 0.
21; 0.
22; 0.
23; 0.
24; 0.
25; 0.
26; 0.
27; 0.
28; 0.
29; 0.
30; 0.
31; 0.
32; 0.
33; 0.
34; 0.
35; 0.
36; 0.
37; 0.
38; 0.
39; 0.
40; 0.
41; 0.
42; 0.
43; 0.
44; 0.
45; 0.
46; 0.
47; 0.
48; 0.
49; 0.
50; 0.
51; 0.
52; 0.
53; 0.
54; 0.
55; 0.
56; 0.
57; 0.
58; 0.
59; 0.
60; 0.
61; 0.
================================================================================
Generation 6

--------------------------------------------------------------------------------
Selection

0; 13
1; 15
2; 31
3; 38
4; 21
5; 31
6; 25
7; 59
8; 17
9; 59
10; 55
11; 6
12; 30
13; 47
14; 14
15; 32
16; 47
17; 18
18; 58
19; 10
20; 6
21; 16
22; 34
23; 44
24; 60
25; 21
26; 59
27; 45
28; 38
29; 51
30; 47
31; 27
32; 22
33; 2
34; 20
35; 50
36; 10
37; 37
38; 8
39; 2
--------------------------------------------------------------------------------
Crossover

0; 2; r(4,13) r(6,4) r(6,4) d(9) a(2,3) a(5,3) r(4,2) r(8,7)
1; 60; r(4,13) a(10,1) a(6,5) d(6) d(8) a(1,6) r(5,16)
2; 55, 47; r(4,13) a(10,1) d(3) a(9,6) d(6) r(4,2) d(10) d(5) a(8,6) a(12,14) r(14,16) d(2)
3; 55, 47; r(6,15) r(5,12)
4; 55; r(4,13) a(10,1) d(3) a(9,6) d(6) r(5,12)
5; 47; r(6,15) r(4,2) d(10) d(5) a(8,6) a(12,14) r(14,16) d(2)
6; 20, 47; r(6,15) r(4,2) a(14,9) d(2)
7; 20, 47; r(6,15) r(4,2) d(10) d(5) a(8,6) a(12,14) r(14,16) a(1,10) a(3,1) a(2,15)
8; 20; r(6,15) r(4,2) a(14,9) a(1,10) a(3,1) a(2,15)
9; 47; r(6,15) r(4,2) d(10) d(5) a(8,6) a(12,14) r(14,16) d(2)
10; 31; d(3) r(6,13) a(14,10) a(2,16) r(2,16) r(12,13)
11; 2; r(4,13) r(6,4) r(6,4) d(9) a(2,3) a(5,3) r(4,2) r(8,7)
12; 30, 50; r(2,12) d(6) r(9,12) r(1,3) r(4,2) r(4,2) d(12) r(3,16)
13; 30, 50; r(6,15) r(3,5)
14; 30; r(2,12) d(6) r(9,12) r(1,3) r(4,2) r(3,5)
15; 50; r(6,15) r(4,2) d(12) r(3,16)
16; 47; r(6,15) r(4,2) d(10) d(5) a(8,6) a(12,14) r(14,16) d(2)
17; 34; r(6,15) r(4,2) a(14,9) a(1,10) r(2,5) a(9,13)
18; 6; r(6,15) r(4,2) d(10) r(2,4) r(9,3) d(5) r(8,15) r(3,14)
19; 59; r(8,10) a(6,6) a(6,15) a(6,14) r(6,2) d(2)
20; 6; r(6,15) r(4,2) d(10) r(2,4) r(9,3) d(5) r(8,15) r(3,14)
21; 59; r(8,10) a(6,6) a(6,15) a(6,14) r(6,2) d(2)
22; 27, 10; d(9) d(3) a(6,4) r(6,5)
23; 27, 10; d(9) d(3) d(14) r(1,14) d(6) r(2,7)
24; 27; d(9) d(3) a(6,4) r(6,5)
25; 10; d(9) d(3) d(14) r(1,14) d(6) r(2,7)
26; 8; d(9) d(3) d(14) r(1,14) a(6,2) r(3,5) r(6,16)
27; 37; a(2,6) r(4,2) a(14,9) d(9) d(6) d(12)
28; 44; r(2,12) d(6) d(3) a(6,15) r(1,14) a(9,2) a(4,7)
29; 59; r(8,10) a(6,6) a(6,15) a(6,14) r(6,2) d(2)
30; 31; d(3) r(6,13) a(14,10) a(2,16) r(2,16) r(12,13)
31; 45; r(6,15) r(4,2) a(14,9) a(1,10) r(2,5) d(8)
32; 25, 32; d(3) r(6,13) d(9) a(2,3) a(14,1) r(2,12)
33; 25, 32; r(6,15) r(4,2) a(14,9) a(1,10) r(6,4) r(6,4) a(6,6) a(5,3) a(9,14) r(10,13)
34; 25; d(3) r(6,13) a(6,6) a(5,3) a(9,14) r(10,13)
35; 32; r(6,15) r(4,2) a(14,9) a(1,10) r(6,4) r(6,4) d(9) a(2,3) a(14,1) r(2,12)
36; 10, 51; d(9) d(10) d(10) r(2,4) r(9,3) a(8,4) a(1,14)
37; 10, 51; r(4,12) d(5) a(8,6) a(12,14) d(3) d(14) r(1,14) d(6) r(2,7)
38; 10; d(9) d(3) d(14) r(1,14) d(6) r(2,7)
39; 51; r(4,12) d(5) a(8,6) a(12,14) d(10) d(10) r(2,4) r(9,3) a(8,4) a(1,14)
40; 14; r(4,12) d(5) a(8,6) a(12,14) d(10) d(12) d(8)
41; 22; d(14) r(4,16) r(6,8) r(6,13) a(6,6) a(5,3) a(9,14) a(9,7)
42; 21; d(3) r(6,13) r(9,12) r(4,10) d(2)
43; 38; r(2,12) d(6) d(3) a(5,3) r(4,2) a(9,14) r(10,4)
44; 13; r(4,13) d(6) d(10) d(12) r(2,16)
45; 15; r(4,13) d(6) a(5,12) d(2) r(12,13)
46; 18; r(6,15) r(4,2) a(14,9) a(1,10) r(14,9)
47; 17; a(2,6) r(5,14) a(1,16) d(8) d(4) r(3,7)
48; 16, 21; r(6,15)
49; 16, 21; d(3) r(6,13) r(9,12) r(4,10) d(2) r(4,2) a(1,4) r(14,5)
50; 16; r(6,15) r(4,2) a(1,4) r(14,5)
51; 21; d(3) r(6,13) r(9,12) r(4,10) d(2)
52; 58, 38; d(3) r(6,13) a(14,10) a(2,16) a(9,14) r(10,4)
53; 58, 38; r(2,12) d(6) d(3) a(5,3) r(4,2) r(2,16) a(8,12)
54; 58; d(3) r(6,13) a(14,10) a(2,16) r(2,16) a(8,12)
55; 38; r(2,12) d(6) d(3) a(5,3) r(4,2) a(9,14) r(10,4)
--------------------------------------------------------------------------------
Mutation

0; r(4,13) r(6,4) r(6,4) d(9) a(2,3) a(5,3) r(4,2) r(8,7) d(2)
1; r(4,13) a(10,1) a(6,5) d(6) d(8) a(1,6) r(5,16) r(1,15)
2; r(4,13) a(10,1) d(3) a(9,6) d(6) r(4,2) d(10) d(5) a(8,6) a(12,14) r(14,16) d(2) r(9,10)
3; r(6,15) r(5,12) r(12,13)
4; r(4,13) a(10,1) d(3) a(9,6) d(6) r(5,12) d(10)
5; r(6,15) r(4,2) d(10) d(5) a(8,6) a(12,14) r(14,16) d(2) r(12,9)
6; r(6,15) r(4,2) a(14,9) d(2) r(14,6)
7; r(6,15) r(4,2) d(10) d(5) a(8,6) a(12,14) r(14,16) a(1,10) a(3,1) a(2,15) a(8,7)
8; r(6,15) r(4,2) a(14,9) a(1,10) a(3,1) a(2,15) d(1)
9; r(6,15) r(4,2) d(10) d(5) a(8,6) a(12,14) r(14,16) d(2) r(8,2)
10; d(3) r(6,13) a(14,10) a(2,16) r(2,16) r(12,13) r(5,2)
11; r(4,13) r(6,4) r(6,4) d(9) a(2,3) a(5,3) r(4,2) r(8,7) d(1)
12; r(2,12) d(6) r(9,12) r(1,3) r(4,2) r(4,2) d(12) r(3,16) d(8)
13; r(6,15) r(3,5) r(2,6)
14; r(2,12) d(6) r(9,12) r(1,3) r(4,2) r(3,5) a(8,5)
15; r(6,15) r(4,2) d(12) r(3,16) r(1,12)
16; r(6,15) r(4,2) d(10) d(5) a(8,6) a(12,14) r(14,16) d(2) a(1,16)
17; r(6,15) r(4,2) a(14,9) a(1,10) r(2,5) a(9,13) a(5,12)
18; r(6,15) r(4,2) d(10) r(2,4) r(9,3) d(5) r(8,15) r(3,14) d(1)
19; r(8,10) a(6,6) a(6,15) a(6,14) r(6,2) d(2) r(4,12)
20; r(6,15) r(4,2) d(10) r(2,4) r(9,3) d(5) r(8,15) r(3,14) r(1,8)
21; r(8,10) a(6,6) a(6,15) a(6,14) r(6,2) d(2) a(4,13)
22; d(9) d(3) a(6,4) r(6,5) r(12,1)
23; d(9) d(3) d(14) r(1,14) d(6) r(2,7) d(12)
24; d(9) d(3) a(6,4) r(6,5) r(12,13)
25; d(9) d(3) d(14) r(1,14) d(6) r(2,7) d(4)
26; d(9) d(3) d(14) r(1,14) a(6,2) r(3,5) r(6,16) a(12,9)
27; a(2,6) r(4,2) a(14,9) d(9) d(6) d(12) r(1,12)
28; r(2,12) d(6) d(3) a(6,15) r(1,14) a(9,2) a(4,7) r(4,6)
29; r(8,10) a(6,6) a(6,15) a(6,14) r(6,2) d(2) r(3,10)
30; d(3) r(6,13) a(14,10) a(2,16) r(2,16) r(12,13) d(10)
31; r(6,15) r(4,2) a(14,9) a(1,10) r(2,5) d(8) r(5,7)
32; d(3) r(6,13) d(9) a(2,3) a(14,1) r(2,12) a(12,10)
33; r(6,15) r(4,2) a(14,9) a(1,10) r(6,4) r(6,4) a(6,6) a(5,3) a(9,14) r(10,13) r(12,4)
34; d(3) r(6,13) a(6,6) a(5,3) a(9,14) r(10,13) r(4,3)
35; r(6,15) r(4,2) a(14,9) a(1,10) r(6,4) r(6,4) d(9) a(2,3) a(14,1) r(2,12) a(8,5)
36; d(9) d(10) d(10) r(2,4) r(9,3) a(8,4) a(1,14) r(1,12)
37; r(4,12) d(5) a(8,6) a(12,14) d(3) d(14) r(1,14) d(6) r(2,7) a(8,2)
38; d(9) d(3) d(14) r(1,14) d(6) r(2,7) a(4,5)
39; r(4,12) d(5) a(8,6) a(12,14) d(10) d(10) r(2,4) r(9,3) a(8,4) a(1,14) a(1,12)
40; r(4,12) d(5) a(8,6) a(12,14) d(10) d(12) d(8) r(3,10)
41; d(14) r(4,16) r(6,8) r(6,13) a(6,6) a(5,3) a(9,14) a(9,7) a(1,13)
42; d(3) r(6,13) r(9,12) r(4,10) d(2) a(12,10)
43; r(2,12) d(6) d(3) a(5,3) r(4,2) a(9,14) r(10,4) r(8,5)
44; r(4,13) d(6) d(10) d(12) r(2,16) a(3,10)
45; r(4,13) d(6) a(5,12) d(2) r(12,13) a(3,15)
46; r(6,15) r(4,2) a(14,9) a(1,10) r(14,9) d(2)
47; a(2,6) r(5,14) a(1,16) d(8) d(4) r(3,7) d(2)
48; r(6,15) d(3)
49; d(3) r(6,13) r(9,12) r(4,10) d(2) r(4,2) a(1,4) r(14,5) r(12,15)
50; r(6,15) r(4,2) a(1,4) r(14,5) a(12,13)
51; d(3) r(6,13) r(9,12) r(4,10) d(2) r(5,16)
52; d(3) r(6,13) a(14,10) a(2,16) a(9,14) r(10,4) r(12,6)
53; r(2,12) d(6) d(3) a(5,3) r(4,2) r(2,16) a(8,12) a(5,13)
54; d(3) r(6,13) a(14,10) a(2,16) r(2,16) a(8,12) a(12,10)
55; r(2,12) d(6) d(3) a(5,3) r(4,2) a(9,14) r(10,4) r(1,8)
--------------------------------------------------------------------------------
Evaluation

0; 0.
1; 0.
2; 0.
3; 0.
4; 0.
5; 0.
6; 0.
7; 0.
8; 0.
9; 0.
10; 0.
11; 0.
12; 0.
13; 0.
14; 0.
15; 0.
16; 0.
17; 0.
18; 0.
19; 0.
20; 0.
21; 0.
22; 0.
23; 0.
24; 0.
25; 0.
26; 0.
27; 0.
28; 0.
29; 0.
30; 0.
31; 0.
32; 0.
33; 0.
34; 0.
35; 0.
36; 0.
37; 0.
38; 0.
39; 0.
40; 0.
41; 0.
42; 0.
43; 0.
44; 0.
45; 0.
46; 0.
47; 0.
48; 0.
49; 0.
50; 0.
51; 0.
52; 0.
53; 0.
54; 0.
55; 0.
================================================================================
Generation 7

--------------------------------------------------------------------------------
Selection

0; 52
1; 13
2; 3
3; 9
4; 22
5; 40
6; 34
7; 3
8; 50
9; 8
10; 15
11; 33
12; 54
13; 1
14; 4
15; 26
16; 19
17; 47
18; 5
19; 33
20; 2
21; 46
22; 40
23; 42
24; 44
25; 0
26; 40
27; 41
28; 50
29; 26
30; 44
31; 31
32; 1
33; 1
34; 26
35; 23
36; 0
37; 10
38; 39
39; 52
--------------------------------------------------------------------------------
Crossover

0; 9, 46; r(6,15) a(14,9) a(1,10) r(14,9) d(2)
1; 9, 46; r(6,15) r(4,2) r(4,2) d(10) d(5) a(8,6) a(12,14) r(14,16) d(2) r(8,2)
2; 9; r(6,15) r(4,2) d(10) d(5) a(8,6) a(12,14) r(14,16) d(2) r(8,2)
3; 46; r(6,15) r(4,2) a(14,9) a(1,10) r(14,9) d(2)
4; 34; d(3) r(6,13) a(6,6) a(5,3) a(9,14) r(10,13) r(4,3)
5; 41; d(14) r(4,16) r(6,8) r(6,13) a(6,6) a(5,3) a(9,14) a(9,7) a(1,13)
6; 10; d(3) r(6,13) a(14,10) a(2,16) r(2,16) r(12,13) r(5,2)
7; 3; r(6,15) r(5,12) r(12,13)
8; 3, 40; r(6,15) r(3,10)
9; 3, 40; r(4,12) d(5) a(8,6) a(12,14) d(10) d(12) d(8) r(5,12) r(12,13)
10; 3; r(6,15) r(5,12) r(12,13)
11; 40; r(4,12) d(5) a(8,6) a(12,14) d(10) d(12) d(8) r(3,10)
12; 1, 13; r(4,13) r(3,5) r(2,6)
13; 1, 13; r(6,15) a(10,1) a(6,5) d(6) d(8) a(1,6) r(5,16) r(1,15)
14; 1; r(4,13) a(10,1) a(6,5) d(6) d(8) a(1,6) r(5,16) r(1,15)
15; 13; r(6,15) r(3,5) r(2,6)
16; 15, 8; r(6,15) r(4,2) d(12) r(3,16)
17; 15, 8; r(6,15) r(4,2) a(14,9) a(1,10) a(3,1) a(2,15) d(1) r(1,12)
18; 15; r(6,15) r(4,2) d(12) r(3,16) r(1,12)
19; 8; r(6,15) r(4,2) a(14,9) a(1,10) a(3,1) a(2,15) d(1)
20; 26, 1; d(9) d(3) d(14) r(1,14) r(5,16) r(1,15)
21; 26, 1; r(4,13) a(10,1) a(6,5) d(6) d(8) a(1,6) a(6,2) r(3,5) r(6,16) a(12,9)
22; 26; d(9) d(3) d(14) r(1,14) a(6,2) r(3,5) r(6,16) a(12,9)
23; 1; r(4,13) a(10,1) a(6,5) d(6) d(8) a(1,6) r(5,16) r(1,15)
24; 54; d(3) r(6,13) a(14,10) a(2,16) r(2,16) a(8,12) a(12,10)
25; 40; r(4,12) d(5) a(8,6) a(12,14) d(10) d(12) d(8) r(3,10)
26; 40; r(4,12) d(5) a(8,6) a(12,14) d(10) d(12) d(8) r(3,10)
27; 5; r(6,15) r(4,2) d(10) d(5) a(8,6) a(12,14) r(14,16) d(2) r(12,9)
28; 33, 50; r(6,15) r(4,2) a(14,9) a(1,10) a(1,4) r(14,5) a(12,13)
29; 33, 50; r(6,15) r(4,2) r(6,4) r(6,4) a(6,6) a(5,3) a(9,14) r(10,13) r(12,4)
30; 33; r(6,15) r(4,2) a(14,9) a(1,10) r(6,4) r(6,4) a(6,6) a(5,3) a(9,14) r(10,13) r(12,4)
31; 50; r(6,15) r(4,2) a(1,4) r(14,5) a(12,13)
32; 47, 23; a(2,6) r(5,14) a(1,16) d(8) d(12)
33; 47, 23; d(9) d(3) d(14) r(1,14) d(6) r(2,7) d(4) r(3,7) d(2)
34; 47; a(2,6) r(5,14) a(1,16) d(8) d(4) r(3,7) d(2)
35; 23; d(9) d(3) d(14) r(1,14) d(6) r(2,7) d(12)
36; 2, 42; r(4,13) a(10,1) d(3) a(9,6) d(6) r(4,2) d(10) a(12,10)
37; 2, 42; d(3) r(6,13) r(9,12) r(4,10) d(2) d(5) a(8,6) a(12,14) r(14,16) d(2) r(9,10)
38; 2; r(4,13) a(10,1) d(3) a(9,6) d(6) r(4,2) d(10) d(5) a(8,6) a(12,14) r(14,16) d(2) r(9,10)
39; 42; d(3) r(6,13) r(9,12) r(4,10) d(2) a(12,10)
40; 39; r(4,12) d(5) a(8,6) a(12,14) d(10) d(10) r(2,4) r(9,3) a(8,4) a(1,14) a(1,12)
41; 31; r(6,15) r(4,2) a(14,9) a(1,10) r(2,5) d(8) r(5,7)
42; 0; r(4,13) r(6,4) r(6,4) d(9) a(2,3) a(5,3) r(4,2) r(8,7) d(2)
43; 44; r(4,13) d(6) d(10) d(12) r(2,16) a(3,10)
44; 50; r(6,15) r(4,2) a(1,4) r(14,5) a(12,13)
45; 1; r(4,13) a(10,1) a(6,5) d(6) d(8) a(1,6) r(5,16) r(1,15)
46; 0, 26; r(4,13) r(6,4) r(6,4) d(3) d(14) r(1,14) a(6,2) r(3,5) r(6,16) a(12,9)
47; 0, 26; d(9) d(9) a(2,3) a(5,3) r(4,2) r(8,7) d(2)
48; 0; r(4,13) r(6,4) r(6,4) d(9) a(2,3) a(5,3) r(4,2) r(8,7) d(2)
49; 26; d(9) d(3) d(14) r(1,14) a(6,2) r(3,5) r(6,16) a(12,9)
50; 52, 4; d(3) r(6,13) a(14,10) a(2,16) a(9,14) r(10,4)
51; 52, 4; r(4,13) a(10,1) d(3) a(9,6) d(6) r(5,12) d(10) r(12,6)
52; 52; d(3) r(6,13) a(14,10) a(2,16) a(9,14) r(10,4) r(12,6)
53; 4; r(4,13) a(10,1) d(3) a(9,6) d(6) r(5,12) d(10)
54; 19; r(8,10) a(6,6) a(6,15) a(6,14) r(6,2) d(2) r(4,12)
55; 26; d(9) d(3) d(14) r(1,14) a(6,2) r(3,5) r(6,16) a(12,9)
56; 52; d(3) r(6,13) a(14,10) a(2,16) a(9,14) r(10,4) r(12,6)
57; 22; d(9) d(3) a(6,4) r(6,5) r(12,1)
58; 44; r(4,13) d(6) d(10) d(12) r(2,16) a(3,10)
59; 33; r(6,15) r(4,2) a(14,9) a(1,10) r(6,4) r(6,4) a(6,6) a(5,3) a(9,14) r(10,13) r(12,4)
--------------------------------------------------------------------------------
Mutation

0; r(6,15) a(14,9) a(1,10) r(14,9) d(2) d(4)
1; r(6,15) r(4,2) r(4,2) d(10) d(5) a(8,6) a(12,14) r(14,16) d(2) r(8,2) r(3,8)
2; r(6,15) r(4,2) d(10) d(5) a(8,6) a(12,14) r(14,16) d(2) r(8,2) r(1,7)
3; r(6,15) r(4,2) a(14,9) a(1,10) r(14,9) d(2) a(3,14)
4; d(3) r(6,13) a(6,6) a(5,3) a(9,14) r(10,13) r(4,3) r(2,15)
5; d(14) r(4,16) r(6,8) r(6,13) a(6,6) a(5,3) a(9,14) a(9,7) a(1,13) d(3)
6; d(3) r(6,13) a(14,10) a(2,16) r(2,16) r(12,13) r(5,2) d(1)
7; r(6,15) r(5,12) r(12,13) r(4,7)
8; r(6,15) r(3,10) r(1,5)
9; r(4,12) d(5) a(8,6) a(12,14) d(10) d(12) d(8) r(5,12) r(12,13) a(3,14)
10; r(6,15) r(5,12) r(12,13) d(1)
11; r(4,12) d(5) a(8,6) a(12,14) d(10) d(12) d(8) r(3,10) a(2,3)
12; r(4,13) r(3,5) r(2,6) a(6,6)
13; r(6,15) a(10,1) a(6,5) d(6) d(8) a(1,6) r(5,16) r(1,15) d(2)
14; r(4,13) a(10,1) a(6,5) d(6) d(8) a(1,6) r(5,16) r(1,15) a(2,16)
15; r(6,15) r(3,5) r(2,6) d(8)
16; r(6,15) r(4,2) d(12) r(3,16) r(2,16)
17; r(6,15) r(4,2) a(14,9) a(1,10) a(3,1) a(2,15) d(1) r(1,12) d(10)
18; r(6,15) r(4,2) d(12) r(3,16) r(1,12) a(2,16)
19; r(6,15) r(4,2) a(14,9) a(1,10) a(3,1) a(2,15) d(1) r(9,12)
20; d(9) d(3) d(14) r(1,14) r(5,16) r(1,15) a(12,14)
21; r(4,13) a(10,1) a(6,5) d(6) d(8) a(1,6) a(6,2) r(3,5) r(6,16) a(12,9) a(1,5)
22; d(9) d(3) d(14) r(1,14) a(6,2) r(3,5) r(6,16) a(12,9) r(8,13)
23; r(4,13) a(10,1) a(6,5) d(6) d(8) a(1,6) r(5,16) r(1,15) r(2,6)
24; d(3) r(6,13) a(14,10) a(2,16) r(2,16) a(8,12) a(12,10) r(4,12)
25; r(4,12) d(5) a(8,6) a(12,14) d(10) d(12) d(8) r(3,10) d(1)
26; r(4,12) d(5) a(8,6) a(12,14) d(10) d(12) d(8) r(3,10) d(2)
27; r(6,15) r(4,2) d(10) d(5) a(8,6) a(12,14) r(14,16) d(2) r(12,9) a(3,15)
28; r(6,15) r(4,2) a(14,9) a(1,10) a(1,4) r(14,5) a(12,13) a(12,10)
29; r(6,15) r(4,2) r(6,4) r(6,4) a(6,6) a(5,3) a(9,14) r(10,13) r(12,4) a(8,3)
30; r(6,15) r(4,2) a(14,9) a(1,10) r(6,4) r(6,4) a(6,6) a(5,3) a(9,14) r(10,13) r(12,4) a(1,8)
31; r(6,15) r(4,2) a(1,4) r(14,5) a(12,13) a(3,5)
32; a(2,6) r(5,14) a(1,16) d(8) d(12) d(2)
33; d(9) d(3) d(14) r(1,14) d(6) r(2,7) d(4) r(3,7) d(2) r(8,10)
34; a(2,6) r(5,14) a(1,16) d(8) d(4) r(3,7) d(2) a(1,2)
35; d(9) d(3) d(14) r(1,14) d(6) r(2,7) d(12) d(4)
36; r(4,13) a(10,1) d(3) a(9,6) d(6) r(4,2) d(10) a(12,10) d(8)
37; d(3) r(6,13) r(9,12) r(4,10) d(2) d(5) a(8,6) a(12,14) r(14,16) d(2) r(9,10) d(8)
38; r(4,13) a(10,1) d(3) a(9,6) d(6) r(4,2) d(10) d(5) a(8,6) a(12,14) r(14,16) d(2) r(9,10) r(1,5)
39; d(3) r(6,13) r(9,12) r(4,10) d(2) a(12,10) d(5)
40; r(4,12) d(5) a(8,6) a(12,14) d(10) d(10) r(2,4) r(9,3) a(8,4) a(1,14) a(1,12) d(8)
41; r(6,15) r(4,2) a(14,9) a(1,10) r(2,5) d(8) r(5,7) r(1,14)
42; r(4,13) r(6,4) r(6,4) d(9) a(2,3) a(5,3) r(4,2) r(8,7) d(2) a(3,14)
43; r(4,13) d(6) d(10) d(12) r(2,16) a(3,10) r(9,4)
44; r(6,15) r(4,2) a(1,4) r(14,5) a(12,13) d(9)
45; r(4,13) a(10,1) a(6,5) d(6) d(8) a(1,6) r(5,16) r(1,15) r(2,15)
46; r(4,13) r(6,4) r(6,4) d(3) d(14) r(1,14) a(6,2) r(3,5) r(6,16) a(12,9) d(5)
47; d(9) d(9) a(2,3) a(5,3) r(4,2) r(8,7) d(2) r(6,16)
48; r(4,13) r(6,4) r(6,4) d(9) a(2,3) a(5,3) r(4,2) r(8,7) d(2) d(3)
49; d(9) d(3) d(14) r(1,14) a(6,2) r(3,5) r(6,16) a(12,9) d(8)
50; d(3) r(6,13) a(14,10) a(2,16) a(9,14) r(10,4) a(12,12)
51; r(4,13) a(10,1) d(3) a(9,6) d(6) r(5,12) d(10) r(12,6) a(9,8)
52; d(3) r(6,13) a(14,10) a(2,16) a(9,14) r(10,4) r(12,6) r(2,12)
53; r(4,13) a(10,1) d(3) a(9,6) d(6) r(5,12) d(10) d(1)
54; r(8,10) a(6,6) a(6,15) a(6,14) r(6,2) d(2) r(4,12) d(1)
55; d(9) d(3) d(14) r(1,14) a(6,2) r(3,5) r(6,16) a(12,9) d(8)
56; d(3) r(6,13) a(14,10) a(2,16) a(9,14) r(10,4) r(12,6) a(4,10)
57; d(9) d(3) a(6,4) r(6,5) r(12,1) d(4)
58; r(4,13) d(6) d(10) d(12) r(2,16) a(3,10) d(5)
59; r(6,15) r(4,2) a(14,9) a(1,10) r(6,4) r(6,4) a(6,6) a(5,3) a(9,14) r(10,13) r(12,4) a(9,12)
--------------------------------------------------------------------------------
Evaluation

0; 0.
1; 0.
2; 0.
3; 0.
4; 0.
5; 0.
6; 0.
7; 0.
8; 0.
9; 0.
10; 0.
11; 0.
12; 0.
13; 0.
14; 0.
15; 0.
16; 0.
17; 0.
18; 0.
19; 0.
20; 0.
21; 0.
22; 0.
23; 0.
24; 0.
25; 0.
26; 0.
27; 0.
28; 0.
29; 0.
30; 0.
31; 0.
32; 0.
33; 0.
34; 0.
35; 0.
36; 0.
37; 0.
38; 0.
39; 0.
40; 0.
41; 0.
42; 0.
43; 0.
44; 0.
45; 0.
46; 0.
47; 0.
48; 0.
49; 0.
50; 0.
51; 0.
52; 0.
53; 0.
54; 0.
55; 0.
56; 0.
57; 0.
58; 0.
59; 0.
================================================================================
Generation 8

--------------------------------------------------------------------------------
Selection

0; 37
1; 44
2; 9
3; 57
4; 8
5; 30
6; 44
7; 16
8; 40
9; 2
10; 52
11; 44
12; 43
13; 33
14; 8
15; 17
16; 35
17; 52
18; 26
19; 44
20; 39
21; 22
22; 38
23; 54
24; 33
25; 50
26; 6
27; 32
28; 16
29; 56
30; 16
31; 17
32; 21
33; 40
34; 56
35; 5
36; 55
37; 8
38; 34
39; 24
--------------------------------------------------------------------------------
Crossover

0; 35; d(9) d(3) d(14) r(1,14) d(6) r(2,7) d(12) d(4)
1; 33; d(9) d(3) d(14) r(1,14) d(6) r(2,7) d(4) r(3,7) d(2) r(8,10)
2; 32, 52; a(2,6) r(5,14) r(10,4) r(12,6) r(2,12)
3; 32, 52; d(3) r(6,13) a(14,10) a(2,16) a(9,14) a(1,16) d(8) d(12) d(2)
4; 32; a(2,6) r(5,14) a(1,16) d(8) d(12) d(2)
5; 52; d(3) r(6,13) a(14,10) a(2,16) a(9,14) r(10,4) r(12,6) r(2,12)
6; 54, 6; r(8,10) a(6,6) a(6,15) r(2,16) r(12,13) r(5,2) d(1)
7; 54, 6; d(3) r(6,13) a(14,10) a(2,16) a(6,14) r(6,2) d(2) r(4,12) d(1)
8; 54; r(8,10) a(6,6) a(6,15) a(6,14) r(6,2) d(2) r(4,12) d(1)
9; 6; d(3) r(6,13) a(14,10) a(2,16) r(2,16) r(12,13) r(5,2) d(1)
10; 16; r(6,15) r(4,2) d(12) r(3,16) r(2,16)
11; 17; r(6,15) r(4,2) a(14,9) a(1,10) a(3,1) a(2,15) d(1) r(1,12) d(10)
12; 8; r(6,15) r(3,10) r(1,5)
13; 39; d(3) r(6,13) r(9,12) r(4,10) d(2) a(12,10) d(5)
14; 16; r(6,15) r(4,2) d(12) r(3,16) r(2,16)
15; 30; r(6,15) r(4,2) a(14,9) a(1,10) r(6,4) r(6,4) a(6,6) a(5,3) a(9,14) r(10,13) r(12,4) a(1,8)
16; 50, 8; d(3) r(6,13) a(14,10) a(2,16) r(3,10) r(1,5)
17; 50, 8; r(6,15) a(9,14) r(10,4) a(12,12)
18; 50; d(3) r(6,13) a(14,10) a(2,16) a(9,14) r(10,4) a(12,12)
19; 8; r(6,15) r(3,10) r(1,5)
20; 44; r(6,15) r(4,2) a(1,4) r(14,5) a(12,13) d(9)
21; 26; r(4,12) d(5) a(8,6) a(12,14) d(10) d(12) d(8) r(3,10) d(2)
22; 5, 38; d(14) r(4,16) r(6,8) r(6,13) a(8,6) a(12,14) r(14,16) d(2) r(9,10) r(1,5)
23; 5, 38; r(4,13) a(10,1) d(3) a(9,6) d(6) r(4,2) d(10) d(5) a(6,6) a(5,3) a(9,14) a(9,7) a(1,13) d(3)
24; 5; d(14) r(4,16) r(6,8) r(6,13) a(6,6) a(5,3) a(9,14) a(9,7) a(1,13) d(3)
25; 38; r(4,13) a(10,1) d(3) a(9,6) d(6) r(4,2) d(10) d(5) a(8,6) a(12,14) r(14,16) d(2) r(9,10) r(1,5)
26; 34; a(2,6) r(5,14) a(1,16) d(8) d(4) r(3,7) d(2) a(1,2)
27; 40; r(4,12) d(5) a(8,6) a(12,14) d(10) d(10) r(2,4) r(9,3) a(8,4) a(1,14) a(1,12) d(8)
28; 40; r(4,12) d(5) a(8,6) a(12,14) d(10) d(10) r(2,4) r(9,3) a(8,4) a(1,14) a(1,12) d(8)
29; 44; r(6,15) r(4,2) a(1,4) r(14,5) a(12,13) d(9)
30; 37, 22; d(3) r(6,13) r(9,12) r(4,10) r(1,14) a(6,2) r(3,5) r(6,16) a(12,9) r(8,13)
31; 37, 22; d(9) d(3) d(14) d(2) d(5) a(8,6) a(12,14) r(14,16) d(2) r(9,10) d(8)
32; 37; d(3) r(6,13) r(9,12) r(4,10) d(2) d(5) a(8,6) a(12,14) r(14,16) d(2) r(9,10) d(8)
33; 22; d(9) d(3) d(14) r(1,14) a(6,2) r(3,5) r(6,16) a(12,9) r(8,13)
34; 55; d(9) d(3) d(14) r(1,14) a(6,2) r(3,5) r(6,16) a(12,9) d(8)
35; 44; r(6,15) r(4,2) a(1,4) r(14,5) a(12,13) d(9)
36; 17, 24; r(6,15) r(4,2) r(4,12)
37; 17, 24; d(3) r(6,13) a(14,10) a(2,16) r(2,16) a(8,12) a(12,10) a(14,9) a(1,10) a(3,1) a(2,15) d(1) r(1,12) d(10)
38; 17; r(6,15) r(4,2) a(14,9) a(1,10) a(3,1) a(2,15) d(1) r(1,12) d(10)
39; 24; d(3) r(6,13) a(14,10) a(2,16) r(2,16) a(8,12) a(12,10) r(4,12)
40; 56; d(3) r(6,13) a(14,10) a(2,16) a(9,14) r(10,4) r(12,6) a(4,10)
41; 33; d(9) d(3) d(14) r(1,14) d(6) r(2,7) d(4) r(3,7) d(2) r(8,10)
42; 21, 52; r(4,13) a(10,1) a(6,5) r(12,6) r(2,12)
43; 21, 52; d(3) r(6,13) a(14,10) a(2,16) a(9,14) r(10,4) d(6) d(8) a(1,6) a(6,2) r(3,5) r(6,16) a(12,9) a(1,5)
44; 21; r(4,13) a(10,1) a(6,5) d(6) d(8) a(1,6) a(6,2) r(3,5) r(6,16) a(12,9) a(1,5)
45; 52; d(3) r(6,13) a(14,10) a(2,16) a(9,14) r(10,4) r(12,6) r(2,12)
46; 9; r(4,12) d(5) a(8,6) a(12,14) d(10) d(12) d(8) r(5,12) r(12,13) a(3,14)
47; 57; d(9) d(3) a(6,4) r(6,5) r(12,1) d(4)
48; 44; r(6,15) r(4,2) a(1,4) r(14,5) a(12,13) d(9)
49; 16; r(6,15) r(4,2) d(12) r(3,16) r(2,16)
50; 43; r(4,13) d(6) d(10) d(12) r(2,16) a(3,10) r(9,4)
51; 56; d(3) r(6,13) a(14,10) a(2,16) a(9,14) r(10,4) r(12,6) a(4,10)
52; 8; r(6,15) r(3,10) r(1,5)
53; 2; r(6,15) r(4,2) d(10) d(5) a(8,6) a(12,14) r(14,16) d(2) r(8,2) r(1,7)
--------------------------------------------------------------------------------
Mutation

0; d(9) d(3) d(14) r(1,14) d(6) r(2,7) d(12) d(4) d(8)
1; d(9) d(3) d(14) r(1,14) d(6) r(2,7) d(4) r(3,7) d(2) r(8,10) d(5)
2; a(2,6) r(5,14) r(10,4) r(12,6) r(2,12) r(4,14)
3; d(3) r(6,13) a(14,10) a(2,16) a(9,14) a(1,16) d(8) d(12) d(2) d(4)
4; a(2,6) r(5,14) a(1,16) d(8) d(12) d(2) d(3)
5; d(3) r(6,13) a(14,10) a(2,16) a(9,14) r(10,4) r(12,6) r(2,12) a(8,10)
6; r(8,10) a(6,6) a(6,15) r(2,16) r(12,13) r(5,2) d(1) a(4,5)
7; d(3) r(6,13) a(14,10) a(2,16) a(6,14) r(6,2) d(2) r(4,12) d(1) d(12)
8; r(8,10) a(6,6) a(6,15) a(6,14) r(6,2) d(2) r(4,12) d(1) a(5,8)
9; d(3) r(6,13) a(14,10) a(2,16) r(2,16) r(12,13) r(5,2) d(1) a(9,13)
10; r(6,15) r(4,2) d(12) r(3,16) r(2,16) a(1,16)
11; r(6,15) r(4,2) a(14,9) a(1,10) a(3,1) a(2,15) d(1) r(1,12) d(10) r(14,9)
12; r(6,15) r(3,10) r(1,5) r(9,8)
13; d(3) r(6,13) r(9,12) r(4,10) d(2) a(12,10) d(5) a(12,4)
14; r(6,15) r(4,2) d(12) r(3,16) r(2,16) d(5)
15; r(6,15) r(4,2) a(14,9) a(1,10) r(6,4) r(6,4) a(6,6) a(5,3) a(9,14) r(10,13) r(12,4) a(1,8) d(3)
16; d(3) r(6,13) a(14,10) a(2,16) r(3,10) r(1,5) d(14)
17; r(6,15) a(9,14) r(10,4) a(12,12) r(8,12)
18; d(3) r(6,13) a(14,10) a(2,16) a(9,14) r(10,4) a(12,12) a(9,1)
19; r(6,15) r(3,10) r(1,5) r(14,13)
20; r(6,15) r(4,2) a(1,4) r(14,5) a(12,13) d(9) r(8,14)
21; r(4,12) d(5) a(8,6) a(12,14) d(10) d(12) d(8) r(3,10) d(2) a(1,2)
22; d(14) r(4,16) r(6,8) r(6,13) a(8,6) a(12,14) r(14,16) d(2) r(9,10) r(1,5) r(5,10)
23; r(4,13) a(10,1) d(3) a(9,6) d(6) r(4,2) d(10) d(5) a(6,6) a(5,3) a(9,14) a(9,7) a(1,13) d(3) r(8,7)
24; d(14) r(4,16) r(6,8) r(6,13) a(6,6) a(5,3) a(9,14) a(9,7) a(1,13) d(3) a(9,12)
25; r(4,13) a(10,1) d(3) a(9,6) d(6) r(4,2) d(10) d(5) a(8,6) a(12,14) r(14,16) d(2) r(9,10) r(1,5) r(8,7)
26; a(2,6) r(5,14) a(1,16) d(8) d(4) r(3,7) d(2) a(1,2) r(1,2)
27; r(4,12) d(5) a(8,6) a(12,14) d(10) d(10) r(2,4) r(9,3) a(8,4) a(1,14) a(1,12) d(8) a(1,14)
28; r(4,12) d(5) a(8,6) a(12,14) d(10) d(10) r(2,4) r(9,3) a(8,4) a(1,14) a(1,12) d(8) r(3,7)
29; r(6,15) r(4,2) a(1,4) r(14,5) a(12,13) d(9) r(1,5)
30; d(3) r(6,13) r(9,12) r(4,10) r(1,14) a(6,2) r(3,5) r(6,16) a(12,9) r(8,13) r(2,6)
31; d(9) d(3) d(14) d(2) d(5) a(8,6) a(12,14) r(14,16) d(2) r(9,10) d(8) a(4,14)
32; d(3) r(6,13) r(9,12) r(4,10) d(2) d(5) a(8,6) a(12,14) r(14,16) d(2) r(9,10) d(8) d(1)
33; d(9) d(3) d(14) r(1,14) a(6,2) r(3,5) r(6,16) a(12,9) r(8,13) a(5,5)
34; d(9) d(3) d(14) r(1,14) a(6,2) r(3,5) r(6,16) a(12,9) d(8) d(5)
35; r(6,15) r(4,2) a(1,4) r(14,5) a(12,13) d(9) a(12,8)
36; r(6,15) r(4,2) r(4,12) r(2,4)
37; d(3) r(6,13) a(14,10) a(2,16) r(2,16) a(8,12) a(12,10) a(14,9) a(1,10) a(3,1) a(2,15) d(1) r(1,12) d(10) r(9,14)
38; r(6,15) r(4,2) a(14,9) a(1,10) a(3,1) a(2,15) d(1) r(1,12) d(10) r(12,3)
39; d(3) r(6,13) a(14,10) a(2,16) r(2,16) a(8,12) a(12,10) r(4,12) r(12,3)
40; d(3) r(6,13) a(14,10) a(2,16) a(9,14) r(10,4) r(12,6) a(4,10) r(9,14)
41; d(9) d(3) d(14) r(1,14) d(6) r(2,7) d(4) r(3,7) d(2) r(8,10) d(5)
42; r(4,13) a(10,1) a(6,5) r(12,6) r(2,12) r(6,5)
43; d(3) r(6,13) a(14,10) a(2,16) a(9,14) r(10,4) d(6) d(8) a(1,6) a(6,2) r(3,5) r(6,16) a(12,9) a(1,5) a(4,12)
44; r(4,13) a(10,1) a(6,5) d(6) d(8) a(1,6) a(6,2) r(3,5) r(6,16) a(12,9) a(1,5) d(2)
45; d(3) r(6,13) a(14,10) a(2,16) a(9,14) r(10,4) r(12,6) r(2,12) d(8)
46; r(4,12) d(5) a(8,6) a(12,14) d(10) d(12) d(8) r(5,12) r(12,13) a(3,14) d(1)
47; d(9) d(3) a(6,4) r(6,5) r(12,1) d(4) a(2,3)
48; r(6,15) r(4,2) a(1,4) r(14,5) a(12,13) d(9) a(5,15)
49; r(6,15) r(4,2) d(12) r(3,16) r(2,16) r(10,7)
50; r(4,13) d(6) d(10) d(12) r(2,16) a(3,10) r(9,4) r(3,1)
51; d(3) r(6,13) a(14,10) a(2,16) a(9,14) r(10,4) r(12,6) a(4,10) d(1)
52; r(6,15) r(3,10) r(1,5) d(5)
53; r(6,15) r(4,2) d(10) d(5) a(8,6) a(12,14) r(14,16) d(2) r(8,2) r(1,7) r(3,12)
--------------------------------------------------------------------------------
Evaluation

0; 0.
1; 0.
2; 0.
3; 0.
4; 0.
5; 0.
6; 0.
7; 0.
8; 0.
9; 0.
10; 0.
11; 0.
12; 0.
13; 0.
14; 0.
15; 0.
16; 0.
17; 0.
18; 0.
19; 0.
20; 0.
21; 0.
22; 0.
23; 0.
24; 0.
25; 0.
26; 0.
27; 0.
28; 0.
29; 0.
30; 0.
31; 0.
32; 0.
33; 0.
34; 0.
35; 0.
36; 0.
37; 0.
38; 0.
39; 0.
40; 0.
41; 0.
42; 0.
43; 0.
44; 0.
45; 0.
46; 0.
47; 0.
48; 0.
49; 0.
50; 0.
51; 0.
52; 0.
53; 0.
================================================================================
Generation 9

--------------------------------------------------------------------------------
Selection

0; 28
1; 18
2; 0
3; 1
4; 26
5; 31
6; 31
7; 1
8; 7
9; 37
10; 28
11; 39
12; 7
13; 2
14; 10
15; 39
16; 23
17; 8
18; 38
19; 33
20; 49
21; 0
22; 30
23; 41
24; 10
25; 9
26; 28
27; 33
28; 21
29; 5
30; 0
31; 16
32; 12
33; 23
34; 50
35; 40
36; 14
37; 25
38; 26
39; 20
--------------------------------------------------------------------------------
Crossover

0; 14; r(6,15) r(4,2) d(12) r(3,16) r(2,16) d(5)
1; 16; d(3) r(6,13) a(14,10) a(2,16) r(3,10) r(1,5) d(14)
2; 37; d(3) r(6,13) a(14,10) a(2,16) r(2,16) a(8,12) a(12,10) a(14,9) a(1,10) a(3,1) a(2,15) d(1) r(1,12) d(10) r(9,14)
3; 39; d(3) r(6,13) a(14,10) a(2,16) r(2,16) a(8,12) a(12,10) r(4,12) r(12,3)
4; 28; r(4,12) d(5) a(8,6) a(12,14) d(10) d(10) r(2,4) r(9,3) a(8,4) a(1,14) a(1,12) d(8) r(3,7)
5; 33; d(9) d(3) d(14) r(1,14) a(6,2) r(3,5) r(6,16) a(12,9) r(8,13) a(5,5)
6; 1, 9; d(9) d(3) d(14) r(1,14) d(6) r(2,7) d(4)
7; 1, 9; d(3) r(6,13) a(14,10) a(2,16) r(2,16) r(12,13) r(5,2) d(1) a(9,13) r(3,7) d(2) r(8,10) d(5)
8; 1; d(9) d(3) d(14) r(1,14) d(6) r(2,7) d(4) r(3,7) d(2) r(8,10) d(5)
9; 9; d(3) r(6,13) a(14,10) a(2,16) r(2,16) r(12,13) r(5,2) d(1) a(9,13)
10; 0; d(9) d(3) d(14) r(1,14) d(6) r(2,7) d(12) d(4) d(8)
11; 40; d(3) r(6,13) a(14,10) a(2,16) a(9,14) r(10,4) r(12,6) a(4,10) r(9,14)
12; 49, 28; r(6,15) r(4,2) d(12) r(2,4) r(9,3) a(8,4) a(1,14) a(1,12) d(8) r(3,7)
13; 49, 28; r(4,12) d(5) a(8,6) a(12,14) d(10) d(10) r(3,16) r(2,16) r(10,7)
14; 49; r(6,15) r(4,2) d(12) r(3,16) r(2,16) r(10,7)
15; 28; r(4,12) d(5) a(8,6) a(12,14) d(10) d(10) r(2,4) r(9,3) a(8,4) a(1,14) a(1,12) d(8) r(3,7)
16; 39; d(3) r(6,13) a(14,10) a(2,16) r(2,16) a(8,12) a(12,10) r(4,12) r(12,3)
17; 5; d(3) r(6,13) a(14,10) a(2,16) a(9,14) r(10,4) r(12,6) r(2,12) a(8,10)
18; 30, 23; d(3) r(6,13) r(9,12) r(4,10) r(1,14) a(6,2) d(3) a(9,6) d(6) r(4,2) d(10) d(5) a(6,6) a(5,3) a(9,14) a(9,7) a(1,13) d(3) r(8,7)
19; 30, 23; r(4,13) a(10,1) r(3,5) r(6,16) a(12,9) r(8,13) r(2,6)
20; 30; d(3) r(6,13) r(9,12) r(4,10) r(1,14) a(6,2) r(3,5) r(6,16) a(12,9) r(8,13) r(2,6)
21; 23; r(4,13) a(10,1) d(3) a(9,6) d(6) r(4,2) d(10) d(5) a(6,6) a(5,3) a(9,14) a(9,7) a(1,13) d(3) r(8,7)
22; 0, 31; d(9) d(2) d(5) a(8,6) a(12,14) r(14,16) d(2) r(9,10) d(8) a(4,14)
23; 0, 31; d(9) d(3) d(14) d(3) d(14) r(1,14) d(6) r(2,7) d(12) d(4) d(8)
24; 0; d(9) d(3) d(14) r(1,14) d(6) r(2,7) d(12) d(4) d(8)
25; 31; d(9) d(3) d(14) d(2) d(5) a(8,6) a(12,14) r(14,16) d(2) r(9,10) d(8) a(4,14)
26; 7; d(3) r(6,13) a(14,10) a(2,16) a(6,14) r(6,2) d(2) r(4,12) d(1) d(12)
27; 7; d(3) r(6,13) a(14,10) a(2,16) a(6,14) r(6,2) d(2) r(4,12) d(1) d(12)
28; 33, 20; d(9) d(3) d(14) r(1,14) a(6,2) r(3,5) r(6,16) a(12,9)
29; 33, 20; r(6,15) r(4,2) a(1,4) r(14,5) a(12,13) d(9) r(8,14) r(8,13) a(5,5)
30; 33; d(9) d(3) d(14) r(1,14) a(6,2) r(3,5) r(6,16) a(12,9) r(8,13) a(5,5)
31; 20; r(6,15) r(4,2) a(1,4) r(14,5) a(12,13) d(9) r(8,14)
32; 18; d(3) r(6,13) a(14,10) a(2,16) a(9,14) r(10,4) a(12,12) a(9,1)
33; 26; a(2,6) r(5,14) a(1,16) d(8) d(4) r(3,7) d(2) a(1,2) r(1,2)
34; 12; r(6,15) r(3,10) r(1,5) r(9,8)
35; 41; d(9) d(3) d(14) r(1,14) d(6) r(2,7) d(4) r(3,7) d(2) r(8,10) d(5)
36; 23, 10; r(4,13) a(10,1) d(3) a(9,6) d(6) r(4,2) d(10) d(5) a(6,6) a(5,3) a(9,14) a(9,7) a(1,13) d(3) r(8,7) d(12) r(3,16) r(2,16) a(1,16)
37; 23, 10; r(6,15) r(4,2)
38; 23; r(4,13) a(10,1) d(3) a(9,6) d(6) r(4,2) d(10) d(5) a(6,6) a(5,3) a(9,14) a(9,7) a(1,13) d(3) r(8,7)
39; 10; r(6,15) r(4,2) d(12) r(3,16) r(2,16) a(1,16)
40; 50, 0; r(4,13) d(6) d(10)
41; 50, 0; d(9) d(3) d(14) r(1,14) d(6) r(2,7) d(12) d(4) d(8) d(12) r(2,16) a(3,10) r(9,4) r(3,1)
42; 50; r(4,13) d(6) d(10) d(12) r(2,16) a(3,10) r(9,4) r(3,1)
43; 0; d(9) d(3) d(14) r(1,14) d(6) r(2,7) d(12) d(4) d(8)
44; 26, 28; a(2,6) r(5,14) a(1,16) r(9,3) a(8,4) a(1,14) a(1,12) d(8) r(3,7)
45; 26, 28; r(4,12) d(5) a(8,6) a(12,14) d(10) d(10) r(2,4) d(8) d(4) r(3,7) d(2) a(1,2) r(1,2)
46; 26; a(2,6) r(5,14) a(1,16) d(8) d(4) r(3,7) d(2) a(1,2) r(1,2)
47; 28; r(4,12) d(5) a(8,6) a(12,14) d(10) d(10) r(2,4) r(9,3) a(8,4) a(1,14) a(1,12) d(8) r(3,7)
48; 8, 38; r(8,10) a(6,6) a(6,15) a(6,14) r(6,2) d(2) r(4,2) a(14,9) a(1,10) a(3,1) a(2,15) d(1) r(1,12) d(10) r(12,3)
49; 8, 38; r(6,15) r(4,12) d(1) a(5,8)
50; 8; r(8,10) a(6,6) a(6,15) a(6,14) r(6,2) d(2) r(4,12) d(1) a(5,8)
51; 38; r(6,15) r(4,2) a(14,9) a(1,10) a(3,1) a(2,15) d(1) r(1,12) d(10) r(12,3)
52; 10, 2; r(6,15) r(4,2) d(12) r(3,16) r(4,14)
53; 10, 2; a(2,6) r(5,14) r(10,4) r(12,6) r(2,12) r(2,16) a(1,16)
54; 10; r(6,15) r(4,2) d(12) r(3,16) r(2,16) a(1,16)
55; 2; a(2,6) r(5,14) r(10,4) r(12,6) r(2,12) r(4,14)
56; 21; r(4,12) d(5) a(8,6) a(12,14) d(10) d(12) d(8) r(3,10) d(2) a(1,2)
57; 31; d(9) d(3) d(14) d(2) d(5) a(8,6) a(12,14) r(14,16) d(2) r(9,10) d(8) a(4,14)
58; 25, 1; r(4,13) a(10,1) d(3) a(9,6) d(6) r(4,2) d(10) d(5) a(8,6) a(12,14) r(14,16) d(2) r(9,10) r(1,5) d(3) d(14) r(1,14) d(6) r(2,7) d(4) r(3,7) d(2) r(8,10) d(5)
59; 25, 1; d(9) r(8,7)
60; 25; r(4,13) a(10,1) d(3) a(9,6) d(6) r(4,2) d(10) d(5) a(8,6) a(12,14) r(14,16) d(2) r(9,10) r(1,5) r(8,7)
61; 1; d(9) d(3) d(14) r(1,14) d(6) r(2,7) d(4) r(3,7) d(2) r(8,10) d(5)
--------------------------------------------------------------------------------
Mutation

0; r(6,15) r(4,2) d(12) r(3,16) r(2,16) d(5) r(10,3)
1; d(3) r(6,13) a(14,10) a(2,16) r(3,10) r(1,5) d(14) d(10)
2; d(3) r(6,13) a(14,10) a(2,16) r(2,16) a(8,12) a(12,10) a(14,9) a(1,10) a(3,1) a(2,15) d(1) r(1,12) d(10) r(9,14) r(4,16)
3; d(3) r(6,13) a(14,10) a(2,16) r(2,16) a(8,12) a(12,10) r(4,12) r(12,3) a(8,1)
4; r(4,12) d(5) a(8,6) a(12,14) d(10) d(10) r(2,4) r(9,3) a(8,4) a(1,14) a(1,12) d(8) r(3,7) d(1)
5; d(9) d(3) d(14) r(1,14) a(6,2) r(3,5) r(6,16) a(12,9) r(8,13) a(5,5) a(2,15)
6; d(9) d(3) d(14) r(1,14) d(6) r(2,7) d(4) r(8,12)
7; d(3) r(6,13) a(14,10) a(2,16) r(2,16) r(12,13) r(5,2) d(1) a(9,13) r(3,7) d(2) r(8,10) d(5) d(4)
8; d(9) d(3) d(14) r(1,14) d(6) r(2,7) d(4) r(3,7) d(2) r(8,10) d(5)
9; d(3) r(6,13) a(14,10) a(2,16) r(2,16) r(12,13) r(5,2) d(1) a(9,13) a(4,7)
10; d(9) d(3) d(14) r(1,14) d(6) r(2,7) d(12) d(4) d(8) r(5,10)
11; d(3) r(6,13) a(14,10) a(2,16) a(9,14) r(10,4) r(12,6) a(4,10) r(9,14) a(2,1)
12; r(6,15) r(4,2) d(12) r(2,4) r(9,3) a(8,4) a(1,14) a(1,12) d(8) r(3,7) d(1)
13; r(4,12) d(5) a(8,6) a(12,14) d(10) d(10) r(3,16) r(2,16) r(10,7) d(1)
14; r(6,15) r(4,2) d(12) r(3,16) r(2,16) r(10,7) r(9,15)
15; r(4,12) d(5) a(8,6) a(12,14) d(10) d(10) r(2,4) r(9,3) a(8,4) a(1,14) a(1,12) d(8) r(3,7) r(1,12)
16; d(3) r(6,13) a(14,10) a(2,16) r(2,16) a(8,12) a(12,10) r(4,12) r(12,3) d(1)
17; d(3) r(6,13) a(14,10) a(2,16) a(9,14) r(10,4) r(12,6) r(2,12) a(8,10) r(4,1)
18; d(3) r(6,13) r(9,12) r(4,10) r(1,14) a(6,2) d(3) a(9,6) d(6) r(4,2) d(10) d(5) a(6,6) a(5,3) a(9,14) a(9,7) a(1,13) d(3) r(8,7) r(2,6)
19; r(4,13) a(10,1) r(3,5) r(6,16) a(12,9) r(8,13) r(2,6) a(5,10)
20; d(3) r(6,13) r(9,12) r(4,10) r(1,14) a(6,2) r(3,5) r(6,16) a(12,9) r(8,13) r(2,6) r(5,4)
21; r(4,13) a(10,1) d(3) a(9,6) d(6) r(4,2) d(10) d(5) a(6,6) a(5,3) a(9,14) a(9,7) a(1,13) d(3) r(8,7) r(1,4)
22; d(9) d(2) d(5) a(8,6) a(12,14) r(14,16) d(2) r(9,10) d(8) a(4,14) a(4,1)
23; d(9) d(3) d(14) d(3) d(14) r(1,14) d(6) r(2,7) d(12) d(4) d(8) a(5,2)
24; d(9) d(3) d(14) r(1,14) d(6) r(2,7) d(12) d(4) d(8) a(5,7)
25; d(9) d(3) d(14) d(2) d(5) a(8,6) a(12,14) r(14,16) d(2) r(9,10) d(8) a(4,14) r(4,14)
26; d(3) r(6,13) a(14,10) a(2,16) a(6,14) r(6,2) d(2) r(4,12) d(1) d(12) a(8,16)
27; d(3) r(6,13) a(14,10) a(2,16) a(6,14) r(6,2) d(2) r(4,12) d(1) d(12) r(10,4)
28; d(9) d(3) d(14) r(1,14) a(6,2) r(3,5) r(6,16) a(12,9) a(4,1)
29; r(6,15) r(4,2) a(1,4) r(14,5) a(12,13) d(9) r(8,14) r(8,13) a(5,5) d(3)
30; d(9) d(3) d(14) r(1,14) a(6,2) r(3,5) r(6,16) a(12,9) r(8,13) a(5,5) d(5)
31; r(6,15) r(4,2) a(1,4) r(14,5) a(12,13) d(9) r(8,14) a(1,16)
32; d(3) r(6,13) a(14,10) a(2,16) a(9,14) r(10,4) a(12,12) a(9,1) r(14,9)
33; a(2,6) r(5,14) a(1,16) d(8) d(4) r(3,7) d(2) a(1,2) r(1,2)
34; r(6,15) r(3,10) r(1,5) r(9,8) a(14,7)
35; d(9) d(3) d(14) r(1,14) d(6) r(2,7) d(4) r(3,7) d(2) r(8,10) d(5)
36; r(4,13) a(10,1) d(3) a(9,6) d(6) r(4,2) d(10) d(5) a(6,6) a(5,3) a(9,14) a(9,7) a(1,13) d(3) r(8,7) d(12) r(3,16) r(2,16) a(1,16) d(1)
37; r(6,15) r(4,2) r(10,14)
38; r(4,13) a(10,1) d(3) a(9,6) d(6) r(4,2) d(10) d(5) a(6,6) a(5,3) a(9,14) a(9,7) a(1,13) d(3) r(8,7) r(1,14)
39; r(6,15) r(4,2) d(12) r(3,16) r(2,16) a(1,16) d(8)
40; r(4,13) d(6) d(10) d(3)
41; d(9) d(3) d(14) r(1,14) d(6) r(2,7) d(12) d(4) d(8) d(12) r(2,16) a(3,10) r(9,4) r(3,1) d(5)
42; r(4,13) d(6) d(10) d(12) r(2,16) a(3,10) r(9,4) r(3,1) a(1,8)
43; d(9) d(3) d(14) r(1,14) d(6) r(2,7) d(12) d(4) d(8) r(5,2)
44; a(2,6) r(5,14) a(1,16) r(9,3) a(8,4) a(1,14) a(1,12) d(8) r(3,7) d(4)
45; r(4,12) d(5) a(8,6) a(12,14) d(10) d(10) r(2,4) d(8) d(4) r(3,7) d(2) a(1,2) r(1,2)
46; a(2,6) r(5,14) a(1,16) d(8) d(4) r(3,7) d(2) a(1,2) r(1,2)
47; r(4,12) d(5) a(8,6) a(12,14) d(10) d(10) r(2,4) r(9,3) a(8,4) a(1,14) a(1,12) d(8) r(3,7) d(1)
48; r(8,10) a(6,6) a(6,15) a(6,14) r(6,2) d(2) r(4,2) a(14,9) a(1,10) a(3,1) a(2,15) d(1) r(1,12) d(10) r(12,3) r(3,6)
49; r(6,15) r(4,12) d(1) a(5,8) a(12,2)
50; r(8,10) a(6,6) a(6,15) a(6,14) r(6,2) d(2) r(4,12) d(1) a(5,8) d(3)
51; r(6,15) r(4,2) a(14,9) a(1,10) a(3,1) a(2,15) d(1) r(1,12) d(10) r(12,3) r(5,2)
52; r(6,15) r(4,2) d(12) r(3,16) r(4,14) r(8,16)
53; a(2,6) r(5,14) r(10,4) r(12,6) r(2,12) r(2,16) a(1,16) d(9)
54; r(6,15) r(4,2) d(12) r(3,16) r(2,16) a(1,16) r(9,8)
55; a(2,6) r(5,14) r(10,4) r(12,6) r(2,12) r(4,14) d(1)
56; r(4,12) d(5) a(8,6) a(12,14) d(10) d(12) d(8) r(3,10) d(2) a(1,2) a(1,8)
57; d(9) d(3) d(14) d(2) d(5) a(8,6) a(12,14) r(14,16) d(2) r(9,10) d(8) a(4,14) d(4)
58; r(4,13) a(10,1) d(3) a(9,6) d(6) r(4,2) d(10) d(5) a(8,6) a(12,14) r(14,16) d(2) r(9,10) r(1,5) d(3) d(14) r(1,14) d(6) r(2,7) d(4) r(3,7) d(2) r(8,10) d(5)
59; d(9) r(8,7) r(3,13)
60; r(4,13) a(10,1) d(3) a(9,6) d(6) r(4,2) d(10) d(5) a(8,6) a(12,14) r(14,16) d(2) r(9,10) r(1,5) r(8,7)
61; d(9) d(3) d(14) r(1,14) d(6) r(2,7) d(4) r(3,7) d(2) r(8,10) d(5)
--------------------------------------------------------------------------------
Evaluation

0; 0.
1; 0.
2; 0.
3; 0.
4; 0.
5; 0.
6; 0.
7; 0.
8; 0.
9; 0.
10; 0.
11; 0.
12; 0.
13; 0.
14; 0.
15; 0.
16; 0.
17; 0.
18; 0.
19; 0.
20; 0.
21; 0.
22; 0.
23; 0.
24; 0.
25; 0.
26; 0.
27; 0.
28; 0.
29; 0.
30; 0.
31; 0.
32; 0.
33; 0.
34; 0.
35; 0.
36; 0.
37; 0.
38; 0.
39; 0.
40; 0.
41; 0.
42; 0.
43; 0.
44; 0.
45; 0.
46; 0.
47; 0.
48; 0.
49; 0.
50; 0.
51; 0.
52; 0.
53; 0.
54; 0.
55; 0.
56; 0.
57; 0.
58; 0.
59; 0.
60; 0.
61; 0.
================================================================================
Generation 10

--------------------------------------------------------------------------------
Selection

0; 19
1; 39
2; 37
3; 11
4; 32
5; 57
6; 49
7; 48
8; 54
9; 8
10; 32
11; 25
12; 45
13; 17
14; 16
15; 2
16; 30
17; 8
18; 20
19; 49
20; 37
21; 27
22; 5
23; 60
24; 1
25; 21
26; 7
27; 14
28; 47
29; 28
30; 11
31; 2
32; 56
33; 37
34; 15
35; 60
36; 13
37; 30
38; 18
39; 52
--------------------------------------------------------------------------------
Crossover

0; 54, 45; r(6,15) r(1,2)
1; 54, 45; r(4,12) d(5) a(8,6) a(12,14) d(10) d(10) r(2,4) d(8) d(4) r(3,7) d(2) a(1,2) r(4,2) d(12) r(3,16) r(2,16) a(1,16) r(9,8)
2; 54; r(6,15) r(4,2) d(12) r(3,16) r(2,16) a(1,16) r(9,8)
3; 45; r(4,12) d(5) a(8,6) a(12,14) d(10) d(10) r(2,4) d(8) d(4) r(3,7) d(2) a(1,2) r(1,2)
4; 52; r(6,15) r(4,2) d(12) r(3,16) r(4,14) r(8,16)
5; 2; d(3) r(6,13) a(14,10) a(2,16) r(2,16) a(8,12) a(12,10) a(14,9) a(1,10) a(3,1) a(2,15) d(1) r(1,12) d(10) r(9,14) r(4,16)
6; 20; d(3) r(6,13) r(9,12) r(4,10) r(1,14) a(6,2) r(3,5) r(6,16) a(12,9) r(8,13) r(2,6) r(5,4)
7; 37; r(6,15) r(4,2) r(10,14)
8; 21; r(4,13) a(10,1) d(3) a(9,6) d(6) r(4,2) d(10) d(5) a(6,6) a(5,3) a(9,14) a(9,7) a(1,13) d(3) r(8,7) r(1,4)
9; 11; d(3) r(6,13) a(14,10) a(2,16) a(9,14) r(10,4) r(12,6) a(4,10) r(9,14) a(2,1)
10; 8, 14; d(9) d(3) d(14) r(1,14) d(6) r(2,7)
11; 8, 14; r(6,15) r(4,2) d(12) r(3,16) r(2,16) r(10,7) r(9,15) d(4) r(3,7) d(2) r(8,10) d(5)
12; 8; d(9) d(3) d(14) r(1,14) d(6) r(2,7) d(4) r(3,7) d(2) r(8,10) d(5)
13; 14; r(6,15) r(4,2) d(12) r(3,16) r(2,16) r(10,7) r(9,15)
14; 57, 5; d(9) d(3) d(14) d(2) d(5) a(8,6) a(12,14) r(14,16) d(2) r(9,10) d(8) a(4,14) d(4) r(8,13) a(5,5) a(2,15)
15; 57, 5; d(9) d(3) d(14) r(1,14) a(6,2) r(3,5) r(6,16) a(12,9)
16; 57; d(9) d(3) d(14) d(2) d(5) a(8,6) a(12,14) r(14,16) d(2) r(9,10) d(8) a(4,14) d(4)
17; 5; d(9) d(3) d(14) r(1,14) a(6,2) r(3,5) r(6,16) a(12,9) r(8,13) a(5,5) a(2,15)
18; 49; r(6,15) r(4,12) d(1) a(5,8) a(12,2)
19; 17; d(3) r(6,13) a(14,10) a(2,16) a(9,14) r(10,4) r(12,6) r(2,12) a(8,10) r(4,1)
20; 39; r(6,15) r(4,2) d(12) r(3,16) r(2,16) a(1,16) d(8)
21; 7; d(3) r(6,13) a(14,10) a(2,16) r(2,16) r(12,13) r(5,2) d(1) a(9,13) r(3,7) d(2) r(8,10) d(5) d(4)
22; 18, 30; d(3) d(5)
23; 18, 30; d(9) d(3) d(14) r(1,14) a(6,2) r(3,5) r(6,16) a(12,9) r(8,13) a(5,5) r(6,13) r(9,12) r(4,10) r(1,14) a(6,2) d(3) a(9,6) d(6) r(4,2) d(10) d(5) a(6,6) a(5,3) a(9,14) a(9,7) a(1,13) d(3) r(8,7) r(2,6)
24; 18; d(3) r(6,13) r(9,12) r(4,10) r(1,14) a(6,2) d(3) a(9,6) d(6) r(4,2) d(10) d(5) a(6,6) a(5,3) a(9,14) a(9,7) a(1,13) d(3) r(8,7) r(2,6)
25; 30; d(9) d(3) d(14) r(1,14) a(6,2) r(3,5) r(6,16) a(12,9) r(8,13) a(5,5) d(5)
26; 37, 11; r(6,15) r(4,2)
27; 37, 11; d(3) r(6,13) a(14,10) a(2,16) a(9,14) r(10,4) r(12,6) a(4,10) r(9,14) a(2,1) r(10,14)
28; 37; r(6,15) r(4,2) r(10,14)
29; 11; d(3) r(6,13) a(14,10) a(2,16) a(9,14) r(10,4) r(12,6) a(4,10) r(9,14) a(2,1)
30; 15; r(4,12) d(5) a(8,6) a(12,14) d(10) d(10) r(2,4) r(9,3) a(8,4) a(1,14) a(1,12) d(8) r(3,7) r(1,12)
31; 49; r(6,15) r(4,12) d(1) a(5,8) a(12,2)
32; 56; r(4,12) d(5) a(8,6) a(12,14) d(10) d(12) d(8) r(3,10) d(2) a(1,2) a(1,8)
33; 2; d(3) r(6,13) a(14,10) a(2,16) r(2,16) a(8,12) a(12,10) a(14,9) a(1,10) a(3,1) a(2,15) d(1) r(1,12) d(10) r(9,14) r(4,16)
34; 47; r(4,12) d(5) a(8,6) a(12,14) d(10) d(10) r(2,4) r(9,3) a(8,4) a(1,14) a(1,12) d(8) r(3,7) d(1)
35; 25; d(9) d(3) d(14) d(2) d(5) a(8,6) a(12,14) r(14,16) d(2) r(9,10) d(8) a(4,14) r(4,14)
36; 8, 28; d(9) d(3) d(14) r(1,14) d(6) r(2,7) d(14) r(1,14) a(6,2) r(3,5) r(6,16) a(12,9) a(4,1)
37; 8, 28; d(9) d(3) d(4) r(3,7) d(2) r(8,10) d(5)
38; 8; d(9) d(3) d(14) r(1,14) d(6) r(2,7) d(4) r(3,7) d(2) r(8,10) d(5)
39; 28; d(9) d(3) d(14) r(1,14) a(6,2) r(3,5) r(6,16) a(12,9) a(4,1)
40; 32; d(3) r(6,13) a(14,10) a(2,16) a(9,14) r(10,4) a(12,12) a(9,1) r(14,9)
41; 60; r(4,13) a(10,1) d(3) a(9,6) d(6) r(4,2) d(10) d(5) a(8,6) a(12,14) r(14,16) d(2) r(9,10) r(1,5) r(8,7)
42; 19; r(4,13) a(10,1) r(3,5) r(6,16) a(12,9) r(8,13) r(2,6) a(5,10)
43; 37; r(6,15) r(4,2) r(10,14)
44; 32, 16; d(3) r(6,13) a(14,10) a(2,16) a(9,14) r(10,4) d(1)
45; 32, 16; d(3) r(6,13) a(14,10) a(2,16) r(2,16) a(8,12) a(12,10) r(4,12) r(12,3) a(12,12) a(9,1) r(14,9)
46; 32; d(3) r(6,13) a(14,10) a(2,16) a(9,14) r(10,4) a(12,12) a(9,1) r(14,9)
47; 16; d(3) r(6,13) a(14,10) a(2,16) r(2,16) a(8,12) a(12,10) r(4,12) r(12,3) d(1)
48; 27; d(3) r(6,13) a(14,10) a(2,16) a(6,14) r(6,2) d(2) r(4,12) d(1) d(12) r(10,4)
49; 48; r(8,10) a(6,6) a(6,15) a(6,14) r(6,2) d(2) r(4,2) a(14,9) a(1,10) a(3,1) a(2,15) d(1) r(1,12) d(10) r(12,3) r(3,6)
50; 1; d(3) r(6,13) a(14,10) a(2,16) r(3,10) r(1,5) d(14) d(10)
51; 13; r(4,12) d(5) a(8,6) a(12,14) d(10) d(10) r(3,16) r(2,16) r(10,7) d(1)
52; 30; d(9) d(3) d(14) r(1,14) a(6,2) r(3,5) r(6,16) a(12,9) r(8,13) a(5,5) d(5)
53; 60; r(4,13) a(10,1) d(3) a(9,6) d(6) r(4,2) d(10) d(5) a(8,6) a(12,14) r(14,16) d(2) r(9,10) r(1,5) r(8,7)
--------------------------------------------------------------------------------
Mutation

0; r(6,15) r(1,2) a(2,1)
1; r(4,12) d(5) a(8,6) a(12,14) d(10) d(10) r(2,4) d(8) d(4) r(3,7) d(2) a(1,2) r(4,2) d(12) r(3,16) r(2,16) a(1,16) r(9,8) d(1)
2; r(6,15) r(4,2) d(12) r(3,16) r(2,16) a(1,16) r(9,8) r(8,14)
3; r(4,12) d(5) a(8,6) a(12,14) d(10) d(10) r(2,4) d(8) d(4) r(3,7) d(2) a(1,2) r(1,2)
4; r(6,15) r(4,2) d(12) r(3,16) r(4,14) r(8,16) d(1)
5; d(3) r(6,13) a(14,10) a(2,16) r(2,16) a(8,12) a(12,10) a(14,9) a(1,10) a(3,1) a(2,15) d(1) r(1,12) d(10) r(9,14) r(4,16) d(12)
6; d(3) r(6,13) r(9,12) r(4,10) r(1,14) a(6,2) r(3,5) r(6,16) a(12,9) r(8,13) r(2,6) r(5,4)
7; r(6,15) r(4,2) r(10,14) d(5)
8; r(4,13) a(10,1) d(3) a(9,6) d(6) r(4,2) d(10) d(5) a(6,6) a(5,3) a(9,14) a(9,7) a(1,13) d(3) r(8,7) r(1,4) a(2,7)
9; d(3) r(6,13) a(14,10) a(2,16) a(9,14) r(10,4) r(12,6) a(4,10) r(9,14) a(2,1) a(2,7)
10; d(9) d(3) d(14) r(1,14) d(6) r(2,7) r(12,1)
11; r(6,15) r(4,2) d(12) r(3,16) r(2,16) r(10,7) r(9,15) d(4) r(3,7) d(2) r(8,10) d(5) r(1,12)
12; d(9) d(3) d(14) r(1,14) d(6) r(2,7) d(4) r(3,7) d(2) r(8,10) d(5)
13; r(6,15) r(4,2) d(12) r(3,16) r(2,16) r(10,7) r(9,15) r(8,1)
14; d(9) d(3) d(14) d(2) d(5) a(8,6) a(12,14) r(14,16) d(2) r(9,10) d(8) a(4,14) d(4) r(8,13) a(5,5) a(2,15) d(1)
15; d(9) d(3) d(14) r(1,14) a(6,2) r(3,5) r(6,16) a(12,9) a(5,13)
16; d(9) d(3) d(14) d(2) d(5) a(8,6) a(12,14) r(14,16) d(2) r(9,10) d(8) a(4,14) d(4) r(1,13)
17; d(9) d(3) d(14) r(1,14) a(6,2) r(3,5) r(6,16) a(12,9) r(8,13) a(5,5) a(2,15) d(5)
18; r(6,15) r(4,12) d(1) a(5,8) a(12,2) a(10,9)
19; d(3) r(6,13) a(14,10) a(2,16) a(9,14) r(10,4) r(12,6) r(2,12) a(8,10) r(4,1) r(5,16)
20; r(6,15) r(4,2) d(12) r(3,16) r(2,16) a(1,16) d(8) r(5,1)
21; d(3) r(6,13) a(14,10) a(2,16) r(2,16) r(12,13) r(5,2) d(1) a(9,13) r(3,7) d(2) r(8,10) d(5) d(4)
22; d(3) d(5) r(9,3)
23; d(9) d(3) d(14) r(1,14) a(6,2) r(3,5) r(6,16) a(12,9) r(8,13) a(5,5) r(6,13) r(9,12) r(4,10) r(1,14) a(6,2) d(3) a(9,6) d(6) r(4,2) d(10) d(5) a(6,6) a(5,3) a(9,14) a(9,7) a(1,13) d(3) r(8,7) r(2,6)
24; d(3) r(6,13) r(9,12) r(4,10) r(1,14) a(6,2) d(3) a(9,6) d(6) r(4,2) d(10) d(5) a(6,6) a(5,3) a(9,14) a(9,7) a(1,13) d(3) r(8,7) r(2,6)
25; d(9) d(3) d(14) r(1,14) a(6,2) r(3,5) r(6,16) a(12,9) r(8,13) a(5,5) d(5) r(2,6)
26; r(6,15) r(4,2) d(8)
27; d(3) r(6,13) a(14,10) a(2,16) a(9,14) r(10,4) r(12,6) a(4,10) r(9,14) a(2,1) r(10,14) d(5)
28; r(6,15) r(4,2) r(10,14) d(5)
29; d(3) r(6,13) a(14,10) a(2,16) a(9,14) r(10,4) r(12,6) a(4,10) r(9,14) a(2,1) r(8,15)
30; r(4,12) d(5) a(8,6) a(12,14) d(10) d(10) r(2,4) r(9,3) a(8,4) a(1,14) a(1,12) d(8) r(3,7) r(1,12)
31; r(6,15) r(4,12) d(1) a(5,8) a(12,2) d(8)
32; r(4,12) d(5) a(8,6) a(12,14) d(10) d(12) d(8) r(3,10) d(2) a(1,2) a(1,8) r(1,4)
33; d(3) r(6,13) a(14,10) a(2,16) r(2,16) a(8,12) a(12,10) a(14,9) a(1,10) a(3,1) a(2,15) d(1) r(1,12) d(10) r(9,14) r(4,16) d(14)
34; r(4,12) d(5) a(8,6) a(12,14) d(10) d(10) r(2,4) r(9,3) a(8,4) a(1,14) a(1,12) d(8) r(3,7) d(1)
35; d(9) d(3) d(14) d(2) d(5) a(8,6) a(12,14) r(14,16) d(2) r(9,10) d(8) a(4,14) r(4,14) d(1)
36; d(9) d(3) d(14) r(1,14) d(6) r(2,7) d(14) r(1,14) a(6,2) r(3,5) r(6,16) a(12,9) a(4,1) a(4,16)
37; d(9) d(3) d(4) r(3,7) d(2) r(8,10) d(5) a(1,7)
38; d(9) d(3) d(14) r(1,14) d(6) r(2,7) d(4) r(3,7) d(2) r(8,10) d(5)
39; d(9) d(3) d(14) r(1,14) a(6,2) r(3,5) r(6,16) a(12,9) a(4,1) a(8,16)
40; d(3) r(6,13) a(14,10) a(2,16) a(9,14) r(10,4) a(12,12) a(9,1) r(14,9) a(8,12)
41; r(4,13) a(10,1) d(3) a(9,6) d(6) r(4,2) d(10) d(5) a(8,6) a(12,14) r(14,16) d(2) r(9,10) r(1,5) r(8,7)
42; r(4,13) a(10,1) r(3,5) r(6,16) a(12,9) r(8,13) r(2,6) a(5,10) r(5,4)
43; r(6,15) r(4,2) r(10,14) d(3)
44; d(3) r(6,13) a(14,10) a(2,16) a(9,14) r(10,4) d(1) d(9)
45; d(3) r(6,13) a(14,10) a(2,16) r(2,16) a(8,12) a(12,10) r(4,12) r(12,3) a(12,12) a(9,1) r(14,9) d(5)
46; d(3) r(6,13) a(14,10) a(2,16) a(9,14) r(10,4) a(12,12) a(9,1) r(14,9) a(9,15)
47; d(3) r(6,13) a(14,10) a(2,16) r(2,16) a(8,12) a(12,10) r(4,12) r(12,3) d(1) r(5,15)
48; d(3) r(6,13) a(14,10) a(2,16) a(6,14) r(6,2) d(2) r(4,12) d(1) d(12) r(10,4) r(8,7)
49; r(8,10) a(6,6) a(6,15) a(6,14) r(6,2) d(2) r(4,2) a(14,9) a(1,10) a(3,1) a(2,15) d(1) r(1,12) d(10) r(12,3) r(3,6) a(5,3)
50; d(3) r(6,13) a(14,10) a(2,16) r(3,10) r(1,5) d(14) d(10) d(12)
51; r(4,12) d(5) a(8,6) a(12,14) d(10) d(10) r(3,16) r(2,16) r(10,7) d(1) d(14)
52; d(9) d(3) d(14) r(1,14) a(6,2) r(3,5) r(6,16) a(12,9) r(8,13) a(5,5) d(5) a(2,5)
53; r(4,13) a(10,1) d(3) a(9,6) d(6) r(4,2) d(10) d(5) a(8,6) a(12,14) r(14,16) d(2) r(9,10) r(1,5) r(8,7)
--------------------------------------------------------------------------------
Evaluation

0; 4.
1; 0.
2; 0.
3; 0.
4; 0.
5; 0.
6; 0.
7; 0.
8; 0.
9; 0.
10; 0.
11; 0.
12; 0.
13; 0.
14; 0.
15; 0.
16; 0.
17; 0.
18; 0.
19; 0.
20; 0.
21; 0.
22; 0.
23; 0.
24; 0.
25; 0.
26; 0.
27; 0.
28; 0.
29; 0.
30; 0.
31; 0.
32; 0.
33; 0.
34; 0.
35; 0.
36; 0.
37; 0.
38; 0.
39; 0.
40; 0.
41; 0.
42; 0.
43; 0.
44; 0.
45; 0.
46; 0.
47; 0.
48; 0.
49; 0.
50; 0.
51; 0.
52; 0.
53; 0.
