================================================================================
Enclosure

1: 0
2: 0
3: 0
4: 0
5: 0
6: 5
7: 5
8: 0
9: 8
10: 9
12: 8
13: 12
14: 12
15: 0
16: 0
================================================================================
Initialisation

0; a(14,14); 0.
1; r(6,1); 10.
2; a(6,10); 10.
3; d(6); 10.
4; a(6,16); 30.
5; d(6); 10.
6; d(6); 10.
7; r(5,15); 0.
8; r(6,16); 10.
9; d(9); 0.
10; d(6); 10.
11; d(6); 10.
12; d(1); 4.
13; r(6,14); 10.
14; a(6,3); 10.
15; r(6,5); 10.
16; r(6,4); 10.
17; r(2,4); 0.
18; d(8); 0.
19; r(6,8); 10.
20; d(6); 10.
21; d(5); 10.
22; r(3,10); 0.
23; r(6,4); 10.
24; d(12); 0.
25; r(8,15); 0.
26; r(6,15); 10.
27; r(6,10); 10.
28; a(9,12); 10.
29; a(6,6); 10.
30; a(6,2); 10.
31; a(2,13); 10.
32; a(5,15); 0.
33; d(6); 10.
34; d(6); 10.
35; d(8); 0.
36; r(3,13); 0.
37; a(14,2); 0.
38; r(6,16); 10.
39; original; 10.
================================================================================
Generation 1

--------------------------------------------------------------------------------
Selection

0; 25
1; 11
2; 7
3; 1
4; 10
5; 25
6; 32
7; 24
8; 9
9; 3
10; 33
11; 39
12; 32
13; 36
14; 30
15; 32
16; 24
17; 28
18; 12
19; 25
20; 18
21; 10
22; 23
23; 30
24; 22
25; 5
26; 22
27; 0
28; 12
29; 20
30; 0
31; 0
32; 1
33; 22
34; 35
35; 5
36; 6
37; 9
38; 23
39; 16
--------------------------------------------------------------------------------
Crossover

0; 36; r(3,13)
1; 24; d(12)
2; 32, 3; a(5,15)
3; 32, 3; d(6)
4; 32; a(5,15)
5; 3; d(6)
6; 7, 20; r(5,15)
7; 7, 20; d(6)
8; 7; r(5,15)
9; 20; d(6)
10; 25; r(8,15)
11; 12; d(1)
12; 33, 0; d(6)
13; 33, 0; a(14,14)
14; 33; d(6)
15; 0; a(14,14)
16; 0, 24; a(14,14)
17; 0, 24; d(12)
18; 0; a(14,14)
19; 24; d(12)
20; 25; r(8,15)
21; 25; r(8,15)
22; 35; d(8)
23; 22; r(3,10)
24; 5, 23; d(6)
25; 5, 23; r(6,4)
26; 5; d(6)
27; 23; r(6,4)
28; 28, 18; a(9,12)
29; 28, 18; d(8)
30; 28; a(9,12)
31; 18; d(8)
32; 11; d(6)
33; 1; r(6,1)
34; 32, 22; a(5,15)
35; 32, 22; r(3,10)
36; 32; a(5,15)
37; 22; r(3,10)
38; 0; a(14,14)
39; 9; d(9)
40; 10, 16; d(6)
41; 10, 16; r(6,4)
42; 10; d(6)
43; 16; r(6,4)
44; 1, 22; r(6,1)
45; 1, 22; r(3,10)
46; 1; r(6,1)
47; 22; r(3,10)
48; 6, 30; d(6)
49; 6, 30; a(6,2)
50; 6; d(6)
51; 30; a(6,2)
52; 39, 23; original
53; 39, 23; r(6,4)
54; 39; original
55; 23; r(6,4)
56; 12, 30; d(1)
57; 12, 30; a(6,2)
58; 12; d(1)
59; 30; a(6,2)
60; 9; d(9)
61; 10; d(6)
62; 32, 5; a(5,15)
63; 32, 5; d(6)
64; 32; a(5,15)
65; 5; d(6)
--------------------------------------------------------------------------------
Mutation

0; r(3,13) a(6,4)
1; d(12) d(6)
2; a(5,15) d(5)
3; d(6) a(3,12)
4; a(5,15) r(6,14)
5; d(6) a(3,2)
6; r(5,15) r(12,7)
7; d(6) a(14,14)
8; r(5,15) r(1,14)
9; d(6) r(8,1)
10; r(8,15) d(6)
11; d(1) r(5,12)
12; d(6) a(9,4)
13; a(14,14) a(2,4)
14; d(6) d(8)
15; a(14,14) a(1,14)
16; a(14,14) a(6,15)
17; d(12) a(6,15)
18; a(14,14) r(6,13)
19; d(12) d(5)
20; r(8,15) d(6)
21; r(8,15) r(6,15)
22; d(8) a(6,1)
23; r(3,10) r(6,10)
24; d(6) a(1,2)
25; r(6,4) r(5,16)
26; d(6) a(4,13)
27; r(6,4) a(8,13)
28; a(9,12) r(6,14)
29; d(8) r(6,12)
30; a(9,12) r(4,14)
31; d(8) a(2,2)
32; d(6) d(14)
33; r(6,1) a(5,15)
34; a(5,15) a(6,3)
35; r(3,10) a(6,4)
36; a(5,15) a(14,16)
37; r(3,10) a(6,12)
38; a(14,14) d(9)
39; d(9) r(6,16)
40; d(6) a(3,5)
41; r(6,4) r(5,4)
42; d(6) d(12)
43; r(6,4) d(1)
44; r(6,1) d(9)
45; r(3,10) r(6,4)
46; r(6,1) d(10)
47; r(3,10) r(8,10)
48; d(6) d(8)
49; a(6,2) d(6)
50; d(6) d(10)
51; a(6,2) a(2,14)
52; r(14,1)
53; r(6,4) d(4)
54; r(6,16)
55; r(6,4) r(2,13)
56; d(1) d(6)
57; a(6,2) d(2)
58; d(1) a(6,5)
59; a(6,2) a(1,16)
60; d(9) a(6,8)
61; d(6) a(9,4)
62; a(5,15) d(12)
63; d(6) a(12,8)
64; a(5,15) d(6)
65; d(6) d(10)
--------------------------------------------------------------------------------
Evaluation

0; 0.
1; 0.
2; 0.
3; 10.
4; 0.
5; 10.
6; 0.
7; 0.
8; 0.
9; 0.
10; 0.
11; 4.
12; 2.
13; 0.
14; 0.
15; 0.
16; 0.
17; 0.
18; 0.
19; 0.
20; 0.
21; 0.
22; 0.
23; 0.
24; 10.
25; 0.
26; 5.
27; 10.
28; 10.
29; 0.
30; 0.
31; 0.
32; 0.
33; 0.
34; 0.
35; 0.
36; 0.
37; 0.
38; 0.
39; 0.
40; 10.
41; 10.
42; 0.
43; 4.
44; 0.
45; 0.
46; 10.
47; 0.
48; 0.
49; 10.
50; 10.
51; 10.
52; 0.
53; 0.
54; 10.
55; 0.
56; 4.
57; 0.
58; 4.
59; 0.
60; 0.
61; 2.
62; 0.
63; 10.
64; 0.
65; 10.
================================================================================
Generation 2

--------------------------------------------------------------------------------
Selection

0; 31
1; 31
2; 13
3; 44
4; 31
5; 64
6; 18
7; 36
8; 19
9; 38
10; 2
11; 30
12; 60
13; 9
14; 17
15; 52
16; 29
17; 43
18; 34
19; 45
20; 4
21; 52
22; 22
23; 18
24; 30
25; 51
26; 52
27; 18
28; 57
29; 7
30; 6
31; 44
32; 38
33; 20
34; 2
35; 61
36; 6
37; 1
38; 42
39; 22
--------------------------------------------------------------------------------
Crossover

0; 7, 45; d(6) a(14,14)
1; 7, 45; r(3,10) r(6,4)
2; 7; d(6) a(14,14)
3; 45; r(3,10) r(6,4)
4; 52; r(14,1)
5; 22; d(8) a(6,1)
6; 18; a(14,14) r(6,13)
7; 36; a(5,15) a(14,16)
8; 31; d(8) a(2,2)
9; 1; d(12) d(6)
10; 38; a(14,14) d(9)
11; 18; a(14,14) r(6,13)
12; 30; a(9,12) r(4,14)
13; 29; d(8) r(6,12)
14; 19; d(12) d(5)
15; 9; d(6) r(8,1)
16; 20; r(8,15) d(6)
17; 44; r(6,1) d(9)
18; 22, 60; d(8)
19; 22, 60; d(9) a(6,8) a(6,1)
20; 22; d(8) a(6,1)
21; 60; d(9) a(6,8)
22; 52; r(14,1)
23; 2; a(5,15) d(5)
24; 13; a(14,14) a(2,4)
25; 38; a(14,14) d(9)
26; 42, 31; d(6)
27; 42, 31; d(8) a(2,2) d(12)
28; 42; d(6) d(12)
29; 31; d(8) a(2,2)
30; 17; d(12) a(6,15)
31; 51; a(6,2) a(2,14)
32; 4, 30; a(5,15) r(6,14)
33; 4, 30; a(9,12) r(4,14)
34; 4; a(5,15) r(6,14)
35; 30; a(9,12) r(4,14)
36; 64, 34; a(5,15) a(6,3)
37; 64, 34; a(5,15) d(6)
38; 64; a(5,15) d(6)
39; 34; a(5,15) a(6,3)
40; 31; d(8) a(2,2)
41; 6; r(5,15) r(12,7)
42; 52; r(14,1)
43; 6; r(5,15) r(12,7)
44; 44, 2; r(6,1)
45; 44, 2; a(5,15) d(5) d(9)
46; 44; r(6,1) d(9)
47; 2; a(5,15) d(5)
48; 18; a(14,14) r(6,13)
49; 43; r(6,4) d(1)
50; 61, 57; d(6) a(9,4)
51; 61, 57; a(6,2) d(2)
52; 61; d(6) a(9,4)
53; 57; a(6,2) d(2)
--------------------------------------------------------------------------------
Mutation

0; d(6) a(14,14) a(1,4)
1; r(3,10) r(6,4) r(5,13)
2; d(6) a(14,14) d(2)
3; r(3,10) r(6,4) d(12)
4; r(14,1) d(6)
5; d(8) a(6,1) a(4,2)
6; a(14,14) r(6,13) r(3,8)
7; a(5,15) a(14,16) a(6,8)
8; d(8) a(2,2) a(6,4)
9; d(12) d(6) a(2,12)
10; a(14,14) d(9) a(5,6)
11; a(14,14) r(6,13) a(14,16)
12; a(9,12) r(4,14) d(1)
13; d(8) r(6,12) a(1,15)
14; d(12) d(5) a(9,16)
15; d(6) r(8,1) r(4,16)
16; r(8,15) d(6) a(3,4)
17; r(6,1) d(9) d(8)
18; d(8) a(3,14)
19; d(9) a(6,8) a(6,1) r(5,12)
20; d(8) a(6,1) d(6)
21; d(9) a(6,8) a(6,10)
22; r(14,1) d(6)
23; a(5,15) d(5) d(2)
24; a(14,14) a(2,4) d(6)
25; a(14,14) d(9) d(14)
26; d(6) a(1,2)
27; d(8) a(2,2) d(12) r(6,10)
28; d(6) d(12) a(1,2)
29; d(8) a(2,2) r(6,13)
30; d(12) a(6,15) r(5,4)
31; a(6,2) a(2,14) a(14,13)
32; a(5,15) r(6,14) a(9,8)
33; a(9,12) r(4,14) a(6,10)
34; a(5,15) r(6,14) r(14,2)
35; a(9,12) r(4,14) a(2,15)
36; a(5,15) a(6,3) d(5)
37; a(5,15) d(6) d(12)
38; a(5,15) d(6) a(10,5)
39; a(5,15) a(6,3) a(10,7)
40; d(8) a(2,2) r(6,16)
41; r(5,15) r(12,7) r(3,1)
42; r(14,1) a(9,10)
43; r(5,15) r(12,7) a(2,5)
44; r(6,1) d(10)
45; a(5,15) d(5) d(9) a(8,6)
46; r(6,1) d(9) d(14)
47; a(5,15) d(5) r(4,1)
48; a(14,14) r(6,13) r(10,12)
49; r(6,4) d(1) a(10,13)
50; d(6) a(9,4) r(12,9)
51; a(6,2) d(2) r(6,4)
52; d(6) a(9,4) a(5,13)
53; a(6,2) d(2) d(12)
--------------------------------------------------------------------------------
Evaluation

0; 0.
1; 0.
2; 0.
3; 0.
4; 0.
5; 0.
6; 0.
7; 0.
8; 0.
9; 0.
10; 0.
11; 0.
12; 0.
13; 0.
14; 0.
15; 0.
16; 0.
17; 0.
18; 0.
19; 0.
20; 0.
21; 0.
22; 0.
23; 0.
24; 0.
25; 0.
26; 10.
27; 0.
28; 0.
29; 0.
30; 0.
31; 5.
32; 0.
33; 0.
34; 0.
35; 0.
36; 0.
37; 0.
38; 0.
39; 0.
40; 0.
41; 0.
42; 0.
43; 0.
44; 10.
45; 0.
46; 0.
47; 0.
48; 2.
49; 1.
50; 0.
51; 0.
52; 2.
53; 0.
================================================================================
Generation 3

--------------------------------------------------------------------------------
Selection

0; 14
1; 16
2; 45
3; 27
4; 4
5; 25
6; 43
7; 27
8; 51
9; 29
10; 11
11; 32
12; 22
13; 34
14; 12
15; 15
16; 46
17; 33
18; 32
19; 45
20; 10
21; 11
22; 9
23; 53
24; 28
25; 35
26; 0
27; 12
28; 7
29; 21
30; 17
31; 14
32; 19
33; 0
34; 53
35; 19
36; 1
37; 16
38; 4
39; 18
--------------------------------------------------------------------------------
Crossover

0; 21, 18; d(9) a(3,14)
1; 21, 18; d(8) a(6,8) a(6,10)
2; 21; d(9) a(6,8) a(6,10)
3; 18; d(8) a(3,14)
4; 35, 33; a(9,12) r(4,14) a(2,15) a(6,10)
5; 35, 33; a(9,12) r(4,14)
6; 35; a(9,12) r(4,14) a(2,15)
7; 33; a(9,12) r(4,14) a(6,10)
8; 14, 9; d(12) d(5) d(6) a(2,12)
9; 14, 9; d(12) a(9,16)
10; 14; d(12) d(5) a(9,16)
11; 9; d(12) d(6) a(2,12)
12; 19; d(9) a(6,8) a(6,1) r(5,12)
13; 53; a(6,2) d(2) d(12)
14; 1, 28; r(3,10) r(6,4) r(5,13)
15; 1, 28; d(6) d(12) a(1,2)
16; 1; r(3,10) r(6,4) r(5,13)
17; 28; d(6) d(12) a(1,2)
18; 12, 12; a(9,12) r(4,14)
19; 12, 12; a(9,12) r(4,14) d(1) d(1)
20; 12; a(9,12) r(4,14) d(1)
21; 12; a(9,12) r(4,14) d(1)
22; 16, 11; r(8,15) a(14,16)
23; 16, 11; a(14,14) r(6,13) d(6) a(3,4)
24; 16; r(8,15) d(6) a(3,4)
25; 11; a(14,14) r(6,13) a(14,16)
26; 45; a(5,15) d(5) d(9) a(8,6)
27; 34; a(5,15) r(6,14) r(14,2)
28; 19, 46; d(9) a(6,8) a(6,1) r(5,12) d(14)
29; 19, 46; r(6,1) d(9)
30; 19; d(9) a(6,8) a(6,1) r(5,12)
31; 46; r(6,1) d(9) d(14)
32; 43; r(5,15) r(12,7) a(2,5)
33; 15; d(6) r(8,1) r(4,16)
34; 14, 29; d(12) d(5) a(9,16)
35; 14, 29; d(8) a(2,2) r(6,13)
36; 14; d(12) d(5) a(9,16)
37; 29; d(8) a(2,2) r(6,13)
38; 17; r(6,1) d(9) d(8)
39; 0; d(6) a(14,14) a(1,4)
40; 45; a(5,15) d(5) d(9) a(8,6)
41; 11; a(14,14) r(6,13) a(14,16)
42; 22, 7; r(14,1) d(6) a(14,16) a(6,8)
43; 22, 7; a(5,15)
44; 22; r(14,1) d(6)
45; 7; a(5,15) a(14,16) a(6,8)
46; 10; a(14,14) d(9) a(5,6)
47; 25; a(14,14) d(9) d(14)
48; 27, 16; d(8) a(2,2) d(12) d(6) a(3,4)
49; 27, 16; r(8,15) r(6,10)
50; 27; d(8) a(2,2) d(12) r(6,10)
51; 16; r(8,15) d(6) a(3,4)
52; 4, 0; r(14,1) d(6) a(1,4)
53; 4, 0; d(6) a(14,14)
54; 4; r(14,1) d(6)
55; 0; d(6) a(14,14) a(1,4)
56; 32, 32; a(5,15) r(6,14) a(9,8)
57; 32, 32; a(5,15) r(6,14) a(9,8)
58; 32; a(5,15) r(6,14) a(9,8)
59; 32; a(5,15) r(6,14) a(9,8)
60; 27; d(8) a(2,2) d(12) r(6,10)
61; 4; r(14,1) d(6)
62; 51, 53; a(6,2)
63; 51, 53; a(6,2) d(2) d(12) d(2) r(6,4)
64; 51; a(6,2) d(2) r(6,4)
65; 53; a(6,2) d(2) d(12)
--------------------------------------------------------------------------------
Mutation

0; d(9) a(3,14) a(6,5)
1; d(8) a(6,8) a(6,10) a(6,4)
2; d(9) a(6,8) a(6,10) d(1)
3; d(8) a(3,14) a(6,12)
4; a(9,12) r(4,14) a(2,15) a(6,10) d(6)
5; a(9,12) r(4,14) a(5,10)
6; a(9,12) r(4,14) a(2,15) r(6,1)
7; a(9,12) r(4,14) a(6,10) r(12,1)
8; d(12) d(5) d(6) a(2,12) a(3,3)
9; d(12) a(9,16) r(6,2)
10; d(12) d(5) a(9,16) a(10,2)
11; d(12) d(6) a(2,12) a(4,16)
12; d(9) a(6,8) a(6,1) r(5,12) d(2)
13; a(6,2) d(2) d(12) r(9,3)
14; r(3,10) r(6,4) r(5,13) d(10)
15; d(6) d(12) a(1,2) d(4)
16; r(3,10) r(6,4) r(5,13) a(14,13)
17; d(6) d(12) a(1,2) a(8,8)
18; a(9,12) r(4,14) d(12)
19; a(9,12) r(4,14) d(1) d(1) r(5,3)
20; a(9,12) r(4,14) d(1) d(8)
21; a(9,12) r(4,14) d(1) r(6,1)
22; r(8,15) a(14,16) d(2)
23; a(14,14) r(6,13) d(6) a(3,4) d(9)
24; r(8,15) d(6) a(3,4) r(2,16)
25; a(14,14) r(6,13) a(14,16) r(1,13)
26; a(5,15) d(5) d(9) a(8,6) a(8,13)
27; a(5,15) r(6,14) r(14,2) d(4)
28; d(9) a(6,8) a(6,1) r(5,12) d(14) a(4,4)
29; r(6,1) d(9) r(14,9)
30; d(9) a(6,8) a(6,1) r(5,12) a(14,10)
31; r(6,1) d(9) d(14) d(8)
32; r(5,15) r(12,7) a(2,5) d(3)
33; d(6) r(8,1) r(4,16) d(3)
34; d(12) d(5) a(9,16) a(3,3)
35; d(8) a(2,2) r(6,13) a(3,15)
36; d(12) d(5) a(9,16) d(2)
37; d(8) a(2,2) r(6,13) r(3,5)
38; r(6,1) d(9) d(8) d(2)
39; d(6) a(14,14) a(1,4) d(5)
40; a(5,15) d(5) d(9) a(8,6) r(4,5)
41; a(14,14) r(6,13) a(14,16) d(3)
42; r(14,1) d(6) a(14,16) a(6,8) a(3,2)
43; a(5,15) a(6,1)
44; r(14,1) d(6) a(1,12)
45; a(5,15) a(14,16) a(6,8) a(10,7)
46; a(14,14) d(9) a(5,6) a(5,8)
47; a(14,14) d(9) d(14) d(6)
48; d(8) a(2,2) d(12) d(6) a(3,4) d(2)
49; r(8,15) r(6,10) d(4)
50; d(8) a(2,2) d(12) r(6,10) r(2,4)
51; r(8,15) d(6) a(3,4) d(3)
52; r(14,1) d(6) a(1,4) r(2,10)
53; d(6) a(14,14) a(4,7)
54; r(14,1) d(6) d(5)
55; d(6) a(14,14) a(1,4) r(10,15)
56; a(5,15) r(6,14) a(9,8) a(10,15)
57; a(5,15) r(6,14) a(9,8) d(10)
58; a(5,15) r(6,14) a(9,8) d(2)
59; a(5,15) r(6,14) a(9,8) r(4,2)
60; d(8) a(2,2) d(12) r(6,10) a(5,2)
61; r(14,1) d(6) a(8,6)
62; a(6,2) a(10,3)
63; a(6,2) d(2) d(12) d(2) r(6,4) a(8,1)
64; a(6,2) d(2) r(6,4) d(1)
65; a(6,2) d(2) d(12) d(6)
--------------------------------------------------------------------------------
Evaluation

0; 0.
1; 0.
2; 0.
3; 0.
4; 0.
5; 0.
6; 0.
7; 0.
8; 0.
9; 0.
10; 0.
11; 0.
12; 0.
13; 0.
14; 0.
15; 0.
16; 0.
17; 0.
18; 0.
19; 0.
20; 0.
21; 0.
22; 0.
23; 0.
24; 0.
25; 0.
26; 0.
27; 0.
28; 0.
29; 0.
30; 0.
31; 0.
32; 0.
33; 0.
34; 0.
35; 0.
36; 0.
37; 0.
38; 0.
39; 0.
40; 0.
41; 0.
42; 0.
43; 0.
44; 0.
45; 0.
46; 0.
47; 0.
48; 0.
49; 0.
50; 0.
51; 0.
52; 0.
53; 0.
54; 0.
55; 0.
56; 0.
57; 0.
58; 0.
59; 0.
60; 0.
61; 0.
62; 10.
63; 0.
64; 0.
65; 0.
================================================================================
Generation 4

--------------------------------------------------------------------------------
Selection

0; 21
1; 42
2; 27
3; 64
4; 24
5; 45
6; 2
7; 29
8; 51
9; 1
10; 3
11; 57
12; 65
13; 48
14; 13
15; 13
16; 54
17; 9
18; 32
19; 28
20; 53
21; 20
22; 47
23; 6
24; 54
25; 58
26; 55
27; 2
28; 3
29; 64
30; 11
31; 59
32; 55
33; 25
34; 2
35; 25
36; 41
37; 39
38; 44
39; 52
--------------------------------------------------------------------------------
Crossover

0; 41; a(14,14) r(6,13) a(14,16) d(3)
1; 20; a(9,12) r(4,14) d(1) d(8)
2; 53, 13; d(6) r(9,3)
3; 53, 13; a(6,2) d(2) d(12) a(14,14) a(4,7)
4; 53; d(6) a(14,14) a(4,7)
5; 13; a(6,2) d(2) d(12) r(9,3)
6; 58, 25; a(5,15) r(6,14)
7; 58, 25; a(14,14) r(6,13) a(14,16) r(1,13) a(9,8) d(2)
8; 58; a(5,15) r(6,14) a(9,8) d(2)
9; 25; a(14,14) r(6,13) a(14,16) r(1,13)
10; 42; r(14,1) d(6) a(14,16) a(6,8) a(3,2)
11; 3; d(8) a(3,14) a(6,12)
12; 64, 6; a(6,2)
13; 64, 6; a(9,12) r(4,14) a(2,15) r(6,1) d(2) r(6,4) d(1)
14; 64; a(6,2) d(2) r(6,4) d(1)
15; 6; a(9,12) r(4,14) a(2,15) r(6,1)
16; 2; d(9) a(6,8) a(6,10) d(1)
17; 48; d(8) a(2,2) d(12) d(6) a(3,4) d(2)
18; 13; a(6,2) d(2) d(12) r(9,3)
19; 2; d(9) a(6,8) a(6,10) d(1)
20; 64, 29; a(6,2) d(2) r(6,4) r(14,9)
21; 64, 29; r(6,1) d(9) d(1)
22; 64; a(6,2) d(2) r(6,4) d(1)
23; 29; r(6,1) d(9) r(14,9)
24; 55, 54; d(6) a(14,14) a(1,4)
25; 55, 54; r(14,1) d(6) d(5) r(10,15)
26; 55; d(6) a(14,14) a(1,4) r(10,15)
27; 54; r(14,1) d(6) d(5)
28; 59, 47; a(5,15) r(6,14) d(14) d(6)
29; 59, 47; a(14,14) d(9) a(9,8) r(4,2)
30; 59; a(5,15) r(6,14) a(9,8) r(4,2)
31; 47; a(14,14) d(9) d(14) d(6)
32; 21, 52; a(9,12) r(4,14) d(1) r(6,1) r(2,10)
33; 21, 52; r(14,1) d(6) a(1,4)
34; 21; a(9,12) r(4,14) d(1) r(6,1)
35; 52; r(14,1) d(6) a(1,4) r(2,10)
36; 27, 39; a(5,15) r(6,14) r(14,2) d(4) a(1,4) d(5)
37; 27, 39; d(6) a(14,14)
38; 27; a(5,15) r(6,14) r(14,2) d(4)
39; 39; d(6) a(14,14) a(1,4) d(5)
40; 3, 2; d(8) a(3,14) d(1)
41; 3, 2; d(9) a(6,8) a(6,10) a(6,12)
42; 3; d(8) a(3,14) a(6,12)
43; 2; d(9) a(6,8) a(6,10) d(1)
44; 25, 57; a(14,14) r(6,13) a(14,16) r(6,14) a(9,8) d(10)
45; 25, 57; a(5,15) r(1,13)
46; 25; a(14,14) r(6,13) a(14,16) r(1,13)
47; 57; a(5,15) r(6,14) a(9,8) d(10)
48; 65, 45; a(6,2) d(2) d(12)
49; 65, 45; a(5,15) a(14,16) a(6,8) a(10,7) d(6)
50; 65; a(6,2) d(2) d(12) d(6)
51; 45; a(5,15) a(14,16) a(6,8) a(10,7)
52; 51; r(8,15) d(6) a(3,4) d(3)
53; 55; d(6) a(14,14) a(1,4) r(10,15)
54; 44, 24; r(14,1) d(6) a(1,12)
55; 44, 24; r(8,15) d(6) a(3,4) r(2,16)
56; 44; r(14,1) d(6) a(1,12)
57; 24; r(8,15) d(6) a(3,4) r(2,16)
58; 32; r(5,15) r(12,7) a(2,5) d(3)
59; 1; d(8) a(6,8) a(6,10) a(6,4)
60; 54, 28; r(14,1) d(6) a(6,1) r(5,12) d(14) a(4,4)
61; 54, 28; d(9) a(6,8) d(5)
62; 54; r(14,1) d(6) d(5)
63; 28; d(9) a(6,8) a(6,1) r(5,12) d(14) a(4,4)
64; 9, 11; d(12) a(9,16)
65; 9, 11; d(12) d(6) a(2,12) a(4,16) r(6,2)
66; 9; d(12) a(9,16) r(6,2)
67; 11; d(12) d(6) a(2,12) a(4,16)
--------------------------------------------------------------------------------
Mutation

0; a(14,14) r(6,13) a(14,16) d(3) a(5,14)
1; a(9,12) r(4,14) d(1) d(8) d(5)
2; d(6) r(9,3) d(12)
3; a(6,2) d(2) d(12) a(14,14) a(4,7) a(3,13)
4; d(6) a(14,14) a(4,7) a(5,10)
5; a(6,2) d(2) d(12) r(9,3) d(1)
6; a(5,15) r(6,14) d(9)
7; a(14,14) r(6,13) a(14,16) r(1,13) a(9,8) d(2) d(14)
8; a(5,15) r(6,14) a(9,8) d(2) a(9,14)
9; a(14,14) r(6,13) a(14,16) r(1,13) a(10,1)
10; r(14,1) d(6) a(14,16) a(6,8) a(3,2) a(2,15)
11; d(8) a(3,14) a(6,12) d(6)
12; a(6,2) r(4,5)
13; a(9,12) r(4,14) a(2,15) r(6,1) d(2) r(6,4) d(1) a(14,8)
14; a(6,2) d(2) r(6,4) d(1) a(8,6)
15; a(9,12) r(4,14) a(2,15) r(6,1) a(12,7)
16; d(9) a(6,8) a(6,10) d(1) r(6,7)
17; d(8) a(2,2) d(12) d(6) a(3,4) d(2) d(3)
18; a(6,2) d(2) d(12) r(9,3) d(5)
19; d(9) a(6,8) a(6,10) d(1) r(14,1)
20; a(6,2) d(2) r(6,4) r(14,9) r(10,16)
21; r(6,1) d(9) d(1) r(14,15)
22; a(6,2) d(2) r(6,4) d(1) d(9)
23; r(6,1) d(9) r(14,9) d(8)
24; d(6) a(14,14) a(1,4) d(5)
25; r(14,1) d(6) d(5) r(10,15) r(1,8)
26; d(6) a(14,14) a(1,4) r(10,15) d(12)
27; r(14,1) d(6) d(5) r(4,15)
28; a(5,15) r(6,14) d(14) d(6) a(3,12)
29; a(14,14) d(9) a(9,8) r(4,2) r(6,7)
30; a(5,15) r(6,14) a(9,8) r(4,2) d(3)
31; a(14,14) d(9) d(14) d(6) r(3,7)
32; a(9,12) r(4,14) d(1) r(6,1) r(2,10) d(10)
33; r(14,1) d(6) a(1,4) d(5)
34; a(9,12) r(4,14) d(1) r(6,1) a(8,4)
35; r(14,1) d(6) a(1,4) r(2,10) d(8)
36; a(5,15) r(6,14) r(14,2) d(4) a(1,4) d(5) a(12,9)
37; d(6) a(14,14) r(5,8)
38; a(5,15) r(6,14) r(14,2) d(4) a(8,6)
39; d(6) a(14,14) a(1,4) d(5) r(14,12)
40; d(8) a(3,14) d(1) r(6,4)
41; d(9) a(6,8) a(6,10) a(6,12) a(6,8)
42; d(8) a(3,14) a(6,12) d(3)
43; d(9) a(6,8) a(6,10) d(1) a(6,16)
44; a(14,14) r(6,13) a(14,16) r(6,14) a(9,8) d(10) r(14,8)
45; a(5,15) r(1,13) d(6)
46; a(14,14) r(6,13) a(14,16) r(1,13) r(3,13)
47; a(5,15) r(6,14) a(9,8) d(10) d(12)
48; a(6,2) d(2) d(12) r(6,5)
49; a(5,15) a(14,16) a(6,8) a(10,7) d(6) a(2,8)
50; a(6,2) d(2) d(12) d(6) r(9,1)
51; a(5,15) a(14,16) a(6,8) a(10,7) r(6,3)
52; r(8,15) d(6) a(3,4) d(3) a(5,8)
53; d(6) a(14,14) a(1,4) r(10,15) r(2,4)
54; r(14,1) d(6) a(1,12) a(10,4)
55; r(8,15) d(6) a(3,4) r(2,16) d(5)
56; r(14,1) d(6) a(1,12) d(5)
57; r(8,15) d(6) a(3,4) r(2,16) r(4,15)
58; r(5,15) r(12,7) a(2,5) d(3) d(8)
59; d(8) a(6,8) a(6,10) a(6,4) r(6,12)
60; r(14,1) d(6) a(6,1) r(5,12) d(14) a(4,4) d(2)
61; d(9) a(6,8) d(5) d(14)
62; r(14,1) d(6) d(5) d(4)
63; d(9) a(6,8) a(6,1) r(5,12) d(14) a(4,4) a(3,6)
64; d(12) a(9,16) d(6)
65; d(12) d(6) a(2,12) a(4,16) r(6,2) r(2,6)
66; d(12) a(9,16) r(6,2) r(10,4)
67; d(12) d(6) a(2,12) a(4,16) r(4,5)
--------------------------------------------------------------------------------
Evaluation

0; 0.
1; 0.
2; 0.
3; 0.
4; 0.
5; 0.
6; 0.
7; 0.
8; 0.
9; 0.
10; 0.
11; 0.
12; 0.
13; 0.
14; 0.
15; 0.
16; 0.
17; 0.
18; 0.
19; 0.
20; 0.
21; 0.
22; 0.
23; 0.
24; 0.
25; 0.
26; 0.
27; 0.
28; 0.
29; 0.
30; 0.
31; 0.
32; 0.
33; 0.
34; 0.
35; 0.
36; 0.
37; 10.
38; 0.
39; 0.
40; 0.
41; 0.
42; 0.
43; 0.
44; 10.
45; 0.
46; 0.
47; 0.
48; 0.
49; 0.
50; 0.
51; 0.
52; 0.
53; 0.
54; 0.
55; 0.
56; 0.
57; 0.
58; 0.
59; 0.
60; 0.
61; 0.
62; 0.
63; 0.
64; 0.
65; 0.
66; 0.
67; 0.
================================================================================
Generation 5

--------------------------------------------------------------------------------
Selection

0; 36
1; 66
2; 58
3; 62
4; 18
5; 35
6; 31
7; 8
8; 64
9; 21
10; 52
11; 19
12; 36
13; 16
14; 54
15; 21
16; 54
17; 50
18; 51
19; 22
20; 11
21; 6
22; 43
23; 26
24; 60
25; 16
26; 51
27; 43
28; 0
29; 31
30; 28
31; 31
32; 0
33; 33
34; 0
35; 56
36; 57
37; 57
38; 43
39; 51
--------------------------------------------------------------------------------
Crossover

0; 8; a(5,15) r(6,14) a(9,8) d(2) a(9,14)
1; 35; r(14,1) d(6) a(1,4) r(2,10) d(8)
2; 36, 62; a(5,15) r(6,14) r(14,2) d(4) a(1,4) d(5) a(12,9) d(5) d(4)
3; 36, 62; r(14,1) d(6)
4; 36; a(5,15) r(6,14) r(14,2) d(4) a(1,4) d(5) a(12,9)
5; 62; r(14,1) d(6) d(5) d(4)
6; 16; d(9) a(6,8) a(6,10) d(1) r(6,7)
7; 56; r(14,1) d(6) a(1,12) d(5)
8; 31, 52; a(14,14) d(9) d(14) d(6) r(3,7) d(3) a(5,8)
9; 31, 52; r(8,15) d(6) a(3,4)
10; 31; a(14,14) d(9) d(14) d(6) r(3,7)
11; 52; r(8,15) d(6) a(3,4) d(3) a(5,8)
12; 51, 58; a(5,15) a(14,16) a(6,8) a(10,7) r(6,3) d(8)
13; 51, 58; r(5,15) r(12,7) a(2,5) d(3)
14; 51; a(5,15) a(14,16) a(6,8) a(10,7) r(6,3)
15; 58; r(5,15) r(12,7) a(2,5) d(3) d(8)
16; 31; a(14,14) d(9) d(14) d(6) r(3,7)
17; 0; a(14,14) r(6,13) a(14,16) d(3) a(5,14)
18; 51, 43; a(5,15)
19; 51, 43; d(9) a(6,8) a(6,10) d(1) a(6,16) a(14,16) a(6,8) a(10,7) r(6,3)
20; 51; a(5,15) a(14,16) a(6,8) a(10,7) r(6,3)
21; 43; d(9) a(6,8) a(6,10) d(1) a(6,16)
22; 26, 36; d(6) r(6,14) r(14,2) d(4) a(1,4) d(5) a(12,9)
23; 26, 36; a(5,15) a(14,14) a(1,4) r(10,15) d(12)
24; 26; d(6) a(14,14) a(1,4) r(10,15) d(12)
25; 36; a(5,15) r(6,14) r(14,2) d(4) a(1,4) d(5) a(12,9)
26; 21; r(6,1) d(9) d(1) r(14,15)
27; 54; r(14,1) d(6) a(1,12) a(10,4)
28; 57; r(8,15) d(6) a(3,4) r(2,16) r(4,15)
29; 21; r(6,1) d(9) d(1) r(14,15)
30; 54; r(14,1) d(6) a(1,12) a(10,4)
31; 57; r(8,15) d(6) a(3,4) r(2,16) r(4,15)
32; 0; a(14,14) r(6,13) a(14,16) d(3) a(5,14)
33; 11; d(8) a(3,14) a(6,12) d(6)
34; 16, 0; d(9) a(6,8) a(6,10) r(6,13) a(14,16) d(3) a(5,14)
35; 16, 0; a(14,14) d(1) r(6,7)
36; 16; d(9) a(6,8) a(6,10) d(1) r(6,7)
37; 0; a(14,14) r(6,13) a(14,16) d(3) a(5,14)
38; 18; a(6,2) d(2) d(12) r(9,3) d(5)
39; 31; a(14,14) d(9) d(14) d(6) r(3,7)
40; 60, 33; r(14,1) d(6) a(6,1) r(5,12) d(14) d(6) a(1,4) d(5)
41; 60, 33; r(14,1) a(4,4) d(2)
42; 60; r(14,1) d(6) a(6,1) r(5,12) d(14) a(4,4) d(2)
43; 33; r(14,1) d(6) a(1,4) d(5)
44; 6, 50; a(5,15) r(6,14) d(12) d(6) r(9,1)
45; 6, 50; a(6,2) d(2) d(9)
46; 6; a(5,15) r(6,14) d(9)
47; 50; a(6,2) d(2) d(12) d(6) r(9,1)
48; 43; d(9) a(6,8) a(6,10) d(1) a(6,16)
49; 22; a(6,2) d(2) r(6,4) d(1) d(9)
50; 43; d(9) a(6,8) a(6,10) d(1) a(6,16)
51; 64; d(12) a(9,16) d(6)
52; 51, 66; a(5,15) a(14,16) a(6,8) a(10,7) a(9,16) r(6,2) r(10,4)
53; 51, 66; d(12) r(6,3)
54; 51; a(5,15) a(14,16) a(6,8) a(10,7) r(6,3)
55; 66; d(12) a(9,16) r(6,2) r(10,4)
56; 19, 28; d(9) a(6,8) a(6,10) d(1) r(14,1)
57; 19, 28; a(5,15) r(6,14) d(14) d(6) a(3,12)
58; 19; d(9) a(6,8) a(6,10) d(1) r(14,1)
59; 28; a(5,15) r(6,14) d(14) d(6) a(3,12)
--------------------------------------------------------------------------------
Mutation

0; a(5,15) r(6,14) a(9,8) d(2) a(9,14) r(5,10)
1; r(14,1) d(6) a(1,4) r(2,10) d(8) r(5,10)
2; a(5,15) r(6,14) r(14,2) d(4) a(1,4) d(5) a(12,9) d(5) d(4) d(10)
3; r(14,1) d(6) d(10)
4; a(5,15) r(6,14) r(14,2) d(4) a(1,4) d(5) a(12,9) a(1,6)
5; r(14,1) d(6) d(5) d(4) r(9,15)
6; d(9) a(6,8) a(6,10) d(1) r(6,7) a(4,12)
7; r(14,1) d(6) a(1,12) d(5) d(10)
8; a(14,14) d(9) d(14) d(6) r(3,7) d(3) a(5,8) r(5,16)
9; r(8,15) d(6) a(3,4) r(1,7)
10; a(14,14) d(9) d(14) d(6) r(3,7) a(5,16)
11; r(8,15) d(6) a(3,4) d(3) a(5,8) a(2,7)
12; a(5,15) a(14,16) a(6,8) a(10,7) r(6,3) d(8) d(3)
13; r(5,15) r(12,7) a(2,5) d(3) d(8)
14; a(5,15) a(14,16) a(6,8) a(10,7) r(6,3) a(12,9)
15; r(5,15) r(12,7) a(2,5) d(3) d(8) d(2)
16; a(14,14) d(9) d(14) d(6) r(3,7) d(12)
17; a(14,14) r(6,13) a(14,16) d(3) a(5,14) d(14)
18; a(5,15) a(10,5)
19; d(9) a(6,8) a(6,10) d(1) a(6,16) a(14,16) a(6,8) a(10,7) r(6,3) a(12,7)
20; a(5,15) a(14,16) a(6,8) a(10,7) r(6,3) d(2)
21; d(9) a(6,8) a(6,10) d(1) a(6,16) d(6)
22; d(6) r(6,14) r(14,2) d(4) a(1,4) d(5) a(12,9) d(8)
23; a(5,15) a(14,14) a(1,4) r(10,15) d(12) d(6)
24; d(6) a(14,14) a(1,4) r(10,15) d(12) d(1)
25; a(5,15) r(6,14) r(14,2) d(4) a(1,4) d(5) a(12,9) r(12,16)
26; r(6,1) d(9) d(1) r(14,15) r(12,2)
27; r(14,1) d(6) a(1,12) a(10,4) r(2,8)
28; r(8,15) d(6) a(3,4) r(2,16) r(4,15) a(5,10)
29; r(6,1) d(9) d(1) r(14,15) a(5,16)
30; r(14,1) d(6) a(1,12) a(10,4) r(8,3)
31; r(8,15) d(6) a(3,4) r(2,16) r(4,15) r(3,2)
32; a(14,14) r(6,13) a(14,16) d(3) a(5,14) a(14,2)
33; d(8) a(3,14) a(6,12) d(6) r(1,16)
34; d(9) a(6,8) a(6,10) r(6,13) a(14,16) d(3) a(5,14) a(2,5)
35; a(14,14) d(1) r(6,7) a(4,10)
36; d(9) a(6,8) a(6,10) d(1) r(6,7) r(14,10)
37; a(14,14) r(6,13) a(14,16) d(3) a(5,14) r(1,5)
38; a(6,2) d(2) d(12) r(9,3) d(5) d(8)
39; a(14,14) d(9) d(14) d(6) r(3,7) r(12,16)
40; r(14,1) d(6) a(6,1) r(5,12) d(14) d(6) a(1,4) d(5) r(1,5)
41; r(14,1) a(4,4) d(2) a(10,2)
42; r(14,1) d(6) a(6,1) r(5,12) d(14) a(4,4) d(2) d(9)
43; r(14,1) d(6) a(1,4) d(5) a(1,13)
44; a(5,15) r(6,14) d(12) d(6) r(9,1) r(1,15)
45; a(6,2) d(2) d(9) r(8,5)
46; a(5,15) r(6,14) d(9) d(1)
47; a(6,2) d(2) d(12) d(6) r(9,1) a(3,13)
48; d(9) a(6,8) a(6,10) d(1) a(6,16) r(6,4)
49; a(6,2) d(2) r(6,4) d(1) d(9) r(5,8)
50; d(9) a(6,8) a(6,10) d(1) a(6,16) a(6,15)
51; d(12) a(9,16) d(6) a(2,1)
52; a(5,15) a(14,16) a(6,8) a(10,7) a(9,16) r(6,2) r(10,4) d(9)
53; d(12) r(6,3) r(9,12)
54; a(5,15) a(14,16) a(6,8) a(10,7) r(6,3) a(2,10)
55; d(12) a(9,16) r(6,2) r(10,4) a(9,1)
56; d(9) a(6,8) a(6,10) d(1) r(14,1) d(6)
57; a(5,15) r(6,14) d(14) d(6) a(3,12) r(1,10)
58; d(9) a(6,8) a(6,10) d(1) r(14,1) r(6,12)
59; a(5,15) r(6,14) d(14) d(6) a(3,12) d(4)
--------------------------------------------------------------------------------
Evaluation

0; 0.
1; 0.
2; 0.
3; 0.
4; 0.
5; 0.
6; 0.
7; 0.
8; 0.
9; 0.
10; 0.
11; 0.
12; 0.
13; 0.
14; 0.
15; 0.
16; 0.
17; 0.
18; 0.
19; 0.
20; 0.
21; 0.
22; 0.
23; 0.
24; 0.
25; 0.
26; 0.
27; 0.
28; 0.
29; 0.
30; 0.
31; 0.
32; 0.
33; 0.
34; 0.
35; 0.
36; 0.
37; 0.
38; 0.
39; 0.
40; 0.
41; 0.
42; 0.
43; 0.
44; 0.
45; 0.
46; 0.
47; 0.
48; 0.
49; 0.
50; 0.
51; 0.
52; 0.
53; 0.
54; 0.
55; 0.
56; 0.
57; 0.
58; 0.
59; 0.
================================================================================
Generation 6

--------------------------------------------------------------------------------
Selection

0; 36
1; 40
2; 45
3; 54
4; 20
5; 47
6; 25
7; 4
8; 54
9; 24
10; 50
11; 40
12; 15
13; 37
14; 40
15; 0
16; 37
17; 18
18; 39
19; 47
20; 12
21; 25
22; 58
23; 49
24; 45
25; 56
26; 58
27; 59
28; 25
29; 44
30; 5
31; 57
32; 46
33; 14
34; 27
35; 26
36; 18
37; 50
38; 28
39; 43
--------------------------------------------------------------------------------
Crossover

0; 45, 40; a(6,2) d(2) d(9) r(8,5) d(6) a(6,1) r(5,12) d(14) d(6) a(1,4) d(5) r(1,5)
1; 45, 40; r(14,1)
2; 45; a(6,2) d(2) d(9) r(8,5)
3; 40; r(14,1) d(6) a(6,1) r(5,12) d(14) d(6) a(1,4) d(5) r(1,5)
4; 58; d(9) a(6,8) a(6,10) d(1) r(14,1) r(6,12)
5; 25; a(5,15) r(6,14) r(14,2) d(4) a(1,4) d(5) a(12,9) r(12,16)
6; 44; a(5,15) r(6,14) d(12) d(6) r(9,1) r(1,15)
7; 37; a(14,14) r(6,13) a(14,16) d(3) a(5,14) r(1,5)
8; 12, 40; a(5,15) a(14,16) a(6,8) a(10,7) a(6,1) r(5,12) d(14) d(6) a(1,4) d(5) r(1,5)
9; 12, 40; r(14,1) d(6) r(6,3) d(8) d(3)
10; 12; a(5,15) a(14,16) a(6,8) a(10,7) r(6,3) d(8) d(3)
11; 40; r(14,1) d(6) a(6,1) r(5,12) d(14) d(6) a(1,4) d(5) r(1,5)
12; 26; r(6,1) d(9) d(1) r(14,15) r(12,2)
13; 40; r(14,1) d(6) a(6,1) r(5,12) d(14) d(6) a(1,4) d(5) r(1,5)
14; 56, 24; d(9) a(6,8) d(12) d(1)
15; 56, 24; d(6) a(14,14) a(1,4) r(10,15) a(6,10) d(1) r(14,1) d(6)
16; 56; d(9) a(6,8) a(6,10) d(1) r(14,1) d(6)
17; 24; d(6) a(14,14) a(1,4) r(10,15) d(12) d(1)
18; 57, 0; a(5,15) r(6,14) d(14) d(6) a(9,8) d(2) a(9,14) r(5,10)
19; 57, 0; a(5,15) r(6,14) a(3,12) r(1,10)
20; 57; a(5,15) r(6,14) d(14) d(6) a(3,12) r(1,10)
21; 0; a(5,15) r(6,14) a(9,8) d(2) a(9,14) r(5,10)
22; 36, 20; d(9) a(6,8) a(6,10) d(1) r(6,7) r(14,10) d(2)
23; 36, 20; a(5,15) a(14,16) a(6,8) a(10,7) r(6,3)
24; 36; d(9) a(6,8) a(6,10) d(1) r(6,7) r(14,10)
25; 20; a(5,15) a(14,16) a(6,8) a(10,7) r(6,3) d(2)
26; 14; a(5,15) a(14,16) a(6,8) a(10,7) r(6,3) a(12,9)
27; 47; a(6,2) d(2) d(12) d(6) r(9,1) a(3,13)
28; 25; a(5,15) r(6,14) r(14,2) d(4) a(1,4) d(5) a(12,9) r(12,16)
29; 25; a(5,15) r(6,14) r(14,2) d(4) a(1,4) d(5) a(12,9) r(12,16)
30; 50, 27; d(9) a(6,8) d(6) a(1,12) a(10,4) r(2,8)
31; 50, 27; r(14,1) a(6,10) d(1) a(6,16) a(6,15)
32; 50; d(9) a(6,8) a(6,10) d(1) a(6,16) a(6,15)
33; 27; r(14,1) d(6) a(1,12) a(10,4) r(2,8)
34; 54, 5; a(5,15) a(14,16) a(6,8) a(10,7) d(4) r(9,15)
35; 54, 5; r(14,1) d(6) d(5) r(6,3) a(2,10)
36; 54; a(5,15) a(14,16) a(6,8) a(10,7) r(6,3) a(2,10)
37; 5; r(14,1) d(6) d(5) d(4) r(9,15)
38; 15, 47; r(5,15) r(12,7) d(12) d(6) r(9,1) a(3,13)
39; 15, 47; a(6,2) d(2) a(2,5) d(3) d(8) d(2)
40; 15; r(5,15) r(12,7) a(2,5) d(3) d(8) d(2)
41; 47; a(6,2) d(2) d(12) d(6) r(9,1) a(3,13)
42; 43, 39; r(14,1) d(6) a(1,4) d(5) r(12,16)
43; 43, 39; a(14,14) d(9) d(14) d(6) r(3,7) a(1,13)
44; 43; r(14,1) d(6) a(1,4) d(5) a(1,13)
45; 39; a(14,14) d(9) d(14) d(6) r(3,7) r(12,16)
46; 37, 45; a(14,14) r(6,13) a(14,16) d(3) a(5,14) r(1,5) r(8,5)
47; 37, 45; a(6,2) d(2) d(9)
48; 37; a(14,14) r(6,13) a(14,16) d(3) a(5,14) r(1,5)
49; 45; a(6,2) d(2) d(9) r(8,5)
50; 54; a(5,15) a(14,16) a(6,8) a(10,7) r(6,3) a(2,10)
51; 18; a(5,15) a(10,5)
52; 58, 46; d(9) a(6,8) a(6,10) d(9) d(1)
53; 58, 46; a(5,15) r(6,14) d(1) r(14,1) r(6,12)
54; 58; d(9) a(6,8) a(6,10) d(1) r(14,1) r(6,12)
55; 46; a(5,15) r(6,14) d(9) d(1)
56; 50; d(9) a(6,8) a(6,10) d(1) a(6,16) a(6,15)
57; 28; r(8,15) d(6) a(3,4) r(2,16) r(4,15) a(5,10)
58; 18; a(5,15) a(10,5)
59; 4; a(5,15) r(6,14) r(14,2) d(4) a(1,4) d(5) a(12,9) a(1,6)
60; 49; a(6,2) d(2) r(6,4) d(1) d(9) r(5,8)
61; 59; a(5,15) r(6,14) d(14) d(6) a(3,12) d(4)
--------------------------------------------------------------------------------
Mutation

0; a(6,2) d(2) d(9) r(8,5) d(6) a(6,1) r(5,12) d(14) d(6) a(1,4) d(5) r(1,5) r(4,7)
1; r(14,1) d(1)
2; a(6,2) d(2) d(9) r(8,5) d(6)
3; r(14,1) d(6) a(6,1) r(5,12) d(14) d(6) a(1,4) d(5) r(1,5) d(4)
4; d(9) a(6,8) a(6,10) d(1) r(14,1) r(6,12) r(4,15)
5; a(5,15) r(6,14) r(14,2) d(4) a(1,4) d(5) a(12,9) r(12,16) d(1)
6; a(5,15) r(6,14) d(12) d(6) r(9,1) r(1,15) a(3,14)
7; a(14,14) r(6,13) a(14,16) d(3) a(5,14) r(1,5) a(2,3)
8; a(5,15) a(14,16) a(6,8) a(10,7) a(6,1) r(5,12) d(14) d(6) a(1,4) d(5) r(1,5) d(3)
9; r(14,1) d(6) r(6,3) d(8) d(3) a(4,16)
10; a(5,15) a(14,16) a(6,8) a(10,7) r(6,3) d(8) d(3) a(5,14)
11; r(14,1) d(6) a(6,1) r(5,12) d(14) d(6) a(1,4) d(5) r(1,5) d(2)
12; r(6,1) d(9) d(1) r(14,15) r(12,2) d(2)
13; r(14,1) d(6) a(6,1) r(5,12) d(14) d(6) a(1,4) d(5) r(1,5) a(4,13)
14; d(9) a(6,8) d(12) d(1) r(6,1)
15; d(6) a(14,14) a(1,4) r(10,15) a(6,10) d(1) r(14,1) d(6) r(8,5)
16; d(9) a(6,8) a(6,10) d(1) r(14,1) d(6) a(2,6)
17; d(6) a(14,14) a(1,4) r(10,15) d(12) d(1) d(4)
18; a(5,15) r(6,14) d(14) d(6) a(9,8) d(2) a(9,14) r(5,10) a(9,6)
19; a(5,15) r(6,14) a(3,12) r(1,10) d(4)
20; a(5,15) r(6,14) d(14) d(6) a(3,12) r(1,10) d(5)
21; a(5,15) r(6,14) a(9,8) d(2) a(9,14) r(5,10) d(9)
22; d(9) a(6,8) a(6,10) d(1) r(6,7) r(14,10) d(2) a(3,8)
23; a(5,15) a(14,16) a(6,8) a(10,7) r(6,3) d(5)
24; d(9) a(6,8) a(6,10) d(1) r(6,7) r(14,10) d(12)
25; a(5,15) a(14,16) a(6,8) a(10,7) r(6,3) d(2) a(14,9)
26; a(5,15) a(14,16) a(6,8) a(10,7) r(6,3) a(12,9) a(1,7)
27; a(6,2) d(2) d(12) d(6) r(9,1) a(3,13) d(4)
28; a(5,15) r(6,14) r(14,2) d(4) a(1,4) d(5) a(12,9) r(12,16) r(3,2)
29; a(5,15) r(6,14) r(14,2) d(4) a(1,4) d(5) a(12,9) r(12,16) a(3,8)
30; d(9) a(6,8) d(6) a(1,12) a(10,4) r(2,8) r(4,3)
31; r(14,1) a(6,10) d(1) a(6,16) a(6,15) d(10)
32; d(9) a(6,8) a(6,10) d(1) a(6,16) a(6,15) d(5)
33; r(14,1) d(6) a(1,12) a(10,4) r(2,8) d(1)
34; a(5,15) a(14,16) a(6,8) a(10,7) d(4) r(9,15) r(6,13)
35; r(14,1) d(6) d(5) r(6,3) a(2,10) a(1,5)
36; a(5,15) a(14,16) a(6,8) a(10,7) r(6,3) a(2,10) r(4,12)
37; r(14,1) d(6) d(5) d(4) r(9,15) d(8)
38; r(5,15) r(12,7) d(12) d(6) r(9,1) a(3,13) d(8)
39; a(6,2) d(2) a(2,5) d(3) d(8) d(2) d(6)
40; r(5,15) r(12,7) a(2,5) d(3) d(8) d(2) a(1,7)
41; a(6,2) d(2) d(12) d(6) r(9,1) a(3,13) r(5,15)
42; r(14,1) d(6) a(1,4) d(5) r(12,16) d(8)
43; a(14,14) d(9) d(14) d(6) r(3,7) a(1,13) a(1,2)
44; r(14,1) d(6) a(1,4) d(5) a(1,13) a(9,9)
45; a(14,14) d(9) d(14) d(6) r(3,7) r(12,16) r(2,5)
46; a(14,14) r(6,13) a(14,16) d(3) a(5,14) r(1,5) r(8,5) a(4,7)
47; a(6,2) d(2) d(9) d(6)
48; a(14,14) r(6,13) a(14,16) d(3) a(5,14) r(1,5) d(12)
49; a(6,2) d(2) d(9) r(8,5) a(6,10)
50; a(5,15) a(14,16) a(6,8) a(10,7) r(6,3) a(2,10) r(4,10)
51; a(5,15) a(10,5) d(3)
52; d(9) a(6,8) a(6,10) d(9) d(1) d(6)
53; a(5,15) r(6,14) d(1) r(14,1) r(6,12) a(10,6)
54; d(9) a(6,8) a(6,10) d(1) r(14,1) r(6,12) d(3)
55; a(5,15) r(6,14) d(9) d(1) a(5,16)
56; d(9) a(6,8) a(6,10) d(1) a(6,16) a(6,15) r(6,14)
57; r(8,15) d(6) a(3,4) r(2,16) r(4,15) a(5,10) d(3)
58; a(5,15) a(10,5) d(6)
59; a(5,15) r(6,14) r(14,2) d(4) a(1,4) d(5) a(12,9) a(1,6) a(10,9)
60; a(6,2) d(2) r(6,4) d(1) d(9) r(5,8) r(4,2)
61; a(5,15) r(6,14) d(14) d(6) a(3,12) d(4) a(10,4)
--------------------------------------------------------------------------------
Evaluation

0; 0.
1; 0.
2; 0.
3; 0.
4; 0.
5; 0.
6; 0.
7; 0.
8; 0.
9; 0.
10; 0.
11; 0.
12; 0.
13; 0.
14; 0.
15; 0.
16; 0.
17; 0.
18; 0.
19; 0.
20; 0.
21; 0.
22; 0.
23; 0.
24; 0.
25; 0.
26; 0.
27; 0.
28; 0.
29; 0.
30; 0.
31; 0.
32; 0.
33; 0.
34; 0.
35; 0.
36; 0.
37; 0.
38; 0.
39; 0.
40; 0.
41; 0.
42; 0.
43; 0.
44; 0.
45; 0.
46; 0.
47; 0.
48; 0.
49; 0.
50; 0.
51; 0.
52; 0.
53; 0.
54; 0.
55; 0.
56; 0.
57; 0.
58; 0.
59; 0.
60; 0.
61; 0.
================================================================================
Generation 7

--------------------------------------------------------------------------------
Selection

0; 51
1; 43
2; 43
3; 58
4; 21
5; 11
6; 20
7; 46
8; 43
9; 37
10; 7
11; 57
12; 14
13; 14
14; 21
15; 26
16; 31
17; 29
18; 16
19; 5
20; 35
21; 5
22; 25
23; 46
24; 18
25; 61
26; 5
27; 44
28; 14
29; 23
30; 14
31; 33
32; 37
33; 1
34; 45
35; 40
36; 7
37; 3
38; 16
39; 4
--------------------------------------------------------------------------------
Crossover

0; 3, 16; r(14,1) d(6) a(6,1) d(1) r(14,1) d(6) a(2,6)
1; 3, 16; d(9) a(6,8) a(6,10) r(5,12) d(14) d(6) a(1,4) d(5) r(1,5) d(4)
2; 3; r(14,1) d(6) a(6,1) r(5,12) d(14) d(6) a(1,4) d(5) r(1,5) d(4)
3; 16; d(9) a(6,8) a(6,10) d(1) r(14,1) d(6) a(2,6)
4; 46, 40; a(14,14) r(6,13) a(14,16) d(3) a(5,14) a(2,5) d(3) d(8) d(2) a(1,7)
5; 46, 40; r(5,15) r(12,7) r(1,5) r(8,5) a(4,7)
6; 46; a(14,14) r(6,13) a(14,16) d(3) a(5,14) r(1,5) r(8,5) a(4,7)
7; 40; r(5,15) r(12,7) a(2,5) d(3) d(8) d(2) a(1,7)
8; 46; a(14,14) r(6,13) a(14,16) d(3) a(5,14) r(1,5) r(8,5) a(4,7)
9; 51; a(5,15) a(10,5) d(3)
10; 16; d(9) a(6,8) a(6,10) d(1) r(14,1) d(6) a(2,6)
11; 4; d(9) a(6,8) a(6,10) d(1) r(14,1) r(6,12) r(4,15)
12; 11; r(14,1) d(6) a(6,1) r(5,12) d(14) d(6) a(1,4) d(5) r(1,5) d(2)
13; 14; d(9) a(6,8) d(12) d(1) r(6,1)
14; 21; a(5,15) r(6,14) a(9,8) d(2) a(9,14) r(5,10) d(9)
15; 7; a(14,14) r(6,13) a(14,16) d(3) a(5,14) r(1,5) a(2,3)
16; 18, 1; a(5,15) r(6,14)
17; 18, 1; r(14,1) d(1) d(14) d(6) a(9,8) d(2) a(9,14) r(5,10) a(9,6)
18; 18; a(5,15) r(6,14) d(14) d(6) a(9,8) d(2) a(9,14) r(5,10) a(9,6)
19; 1; r(14,1) d(1)
20; 20; a(5,15) r(6,14) d(14) d(6) a(3,12) r(1,10) d(5)
21; 33; r(14,1) d(6) a(1,12) a(10,4) r(2,8) d(1)
22; 26; a(5,15) a(14,16) a(6,8) a(10,7) r(6,3) a(12,9) a(1,7)
23; 14; d(9) a(6,8) d(12) d(1) r(6,1)
24; 25, 37; a(5,15) a(14,16) r(9,15) d(8)
25; 25, 37; r(14,1) d(6) d(5) d(4) a(6,8) a(10,7) r(6,3) d(2) a(14,9)
26; 25; a(5,15) a(14,16) a(6,8) a(10,7) r(6,3) d(2) a(14,9)
27; 37; r(14,1) d(6) d(5) d(4) r(9,15) d(8)
28; 5; a(5,15) r(6,14) r(14,2) d(4) a(1,4) d(5) a(12,9) r(12,16) d(1)
29; 21; a(5,15) r(6,14) a(9,8) d(2) a(9,14) r(5,10) d(9)
30; 43, 45; a(14,14) d(9) d(14) d(6) r(3,7)
31; 43, 45; a(14,14) d(9) d(14) d(6) r(3,7) r(12,16) r(2,5) a(1,13) a(1,2)
32; 43; a(14,14) d(9) d(14) d(6) r(3,7) a(1,13) a(1,2)
33; 45; a(14,14) d(9) d(14) d(6) r(3,7) r(12,16) r(2,5)
34; 43, 5; a(14,14) d(9) d(14) d(5) a(12,9) r(12,16) d(1)
35; 43, 5; a(5,15) r(6,14) r(14,2) d(4) a(1,4) d(6) r(3,7) a(1,13) a(1,2)
36; 43; a(14,14) d(9) d(14) d(6) r(3,7) a(1,13) a(1,2)
37; 5; a(5,15) r(6,14) r(14,2) d(4) a(1,4) d(5) a(12,9) r(12,16) d(1)
38; 5, 7; a(5,15) r(6,14) r(14,2) d(4) a(1,4) d(5) a(12,9) r(12,16) r(1,5) a(2,3)
39; 5, 7; a(14,14) r(6,13) a(14,16) d(3) a(5,14) d(1)
40; 5; a(5,15) r(6,14) r(14,2) d(4) a(1,4) d(5) a(12,9) r(12,16) d(1)
41; 7; a(14,14) r(6,13) a(14,16) d(3) a(5,14) r(1,5) a(2,3)
42; 37; r(14,1) d(6) d(5) d(4) r(9,15) d(8)
43; 61; a(5,15) r(6,14) d(14) d(6) a(3,12) d(4) a(10,4)
44; 29, 57; a(5,15) r(6,14) r(14,2)
45; 29, 57; r(8,15) d(6) a(3,4) r(2,16) r(4,15) a(5,10) d(3) d(4) a(1,4) d(5) a(12,9) r(12,16) a(3,8)
46; 29; a(5,15) r(6,14) r(14,2) d(4) a(1,4) d(5) a(12,9) r(12,16) a(3,8)
47; 57; r(8,15) d(6) a(3,4) r(2,16) r(4,15) a(5,10) d(3)
48; 14; d(9) a(6,8) d(12) d(1) r(6,1)
49; 31; r(14,1) a(6,10) d(1) a(6,16) a(6,15) d(10)
50; 44; r(14,1) d(6) a(1,4) d(5) a(1,13) a(9,9)
51; 23; a(5,15) a(14,16) a(6,8) a(10,7) r(6,3) d(5)
52; 14; d(9) a(6,8) d(12) d(1) r(6,1)
53; 43; a(14,14) d(9) d(14) d(6) r(3,7) a(1,13) a(1,2)
54; 35; r(14,1) d(6) d(5) r(6,3) a(2,10) a(1,5)
55; 58; a(5,15) a(10,5) d(6)
--------------------------------------------------------------------------------
Mutation

0; r(14,1) d(6) a(6,1) d(1) r(14,1) d(6) a(2,6) d(3)
1; d(9) a(6,8) a(6,10) r(5,12) d(14) d(6) a(1,4) d(5) r(1,5) d(4) a(8,12)
2; r(14,1) d(6) a(6,1) r(5,12) d(14) d(6) a(1,4) d(5) r(1,5) d(4) d(3)
3; d(9) a(6,8) a(6,10) d(1) r(14,1) d(6) a(2,6) d(12)
4; a(14,14) r(6,13) a(14,16) d(3) a(5,14) a(2,5) d(3) d(8) d(2) a(1,7) a(5,2)
5; r(5,15) r(12,7) r(1,5) r(8,5) a(4,7) d(4)
6; a(14,14) r(6,13) a(14,16) d(3) a(5,14) r(1,5) r(8,5) a(4,7) d(5)
7; r(5,15) r(12,7) a(2,5) d(3) d(8) d(2) a(1,7) a(4,5)
8; a(14,14) r(6,13) a(14,16) d(3) a(5,14) r(1,5) r(8,5) a(4,7) r(4,2)
9; a(5,15) a(10,5) d(3) a(4,10)
10; d(9) a(6,8) a(6,10) d(1) r(14,1) d(6) a(2,6) d(12)
11; d(9) a(6,8) a(6,10) d(1) r(14,1) r(6,12) r(4,15) a(8,4)
12; r(14,1) d(6) a(6,1) r(5,12) d(14) d(6) a(1,4) d(5) r(1,5) d(2) a(3,12)
13; d(9) a(6,8) d(12) d(1) r(6,1) r(2,13)
14; a(5,15) r(6,14) a(9,8) d(2) a(9,14) r(5,10) d(9) r(1,13)
15; a(14,14) r(6,13) a(14,16) d(3) a(5,14) r(1,5) a(2,3) a(10,8)
16; a(5,15) r(6,14) r(12,4)
17; r(14,1) d(1) d(14) d(6) a(9,8) d(2) a(9,14) r(5,10) a(9,6) r(10,5)
18; a(5,15) r(6,14) d(14) d(6) a(9,8) d(2) a(9,14) r(5,10) a(9,6) d(4)
19; r(14,1) d(1) d(2)
20; a(5,15) r(6,14) d(14) d(6) a(3,12) r(1,10) d(5) d(12)
21; r(14,1) d(6) a(1,12) a(10,4) r(2,8) d(1) a(9,7)
22; a(5,15) a(14,16) a(6,8) a(10,7) r(6,3) a(12,9) a(1,7) d(1)
23; d(9) a(6,8) d(12) d(1) r(6,1) r(4,3)
24; a(5,15) a(14,16) r(9,15) d(8) d(6)
25; r(14,1) d(6) d(5) d(4) a(6,8) a(10,7) r(6,3) d(2) a(14,9) d(1)
26; a(5,15) a(14,16) a(6,8) a(10,7) r(6,3) d(2) a(14,9) r(10,12)
27; r(14,1) d(6) d(5) d(4) r(9,15) d(8) r(1,4)
28; a(5,15) r(6,14) r(14,2) d(4) a(1,4) d(5) a(12,9) r(12,16) d(1) r(9,8)
29; a(5,15) r(6,14) a(9,8) d(2) a(9,14) r(5,10) d(9) d(14)
30; a(14,14) d(9) d(14) d(6) r(3,7) r(4,14)
31; a(14,14) d(9) d(14) d(6) r(3,7) r(12,16) r(2,5) a(1,13) a(1,2) d(5)
32; a(14,14) d(9) d(14) d(6) r(3,7) a(1,13) a(1,2) d(4)
33; a(14,14) d(9) d(14) d(6) r(3,7) r(12,16) r(2,5) d(1)
34; a(14,14) d(9) d(14) d(5) a(12,9) r(12,16) d(1) r(3,16)
35; a(5,15) r(6,14) r(14,2) d(4) a(1,4) d(6) r(3,7) a(1,13) a(1,2) a(9,1)
36; a(14,14) d(9) d(14) d(6) r(3,7) a(1,13) a(1,2) a(1,13)
37; a(5,15) r(6,14) r(14,2) d(4) a(1,4) d(5) a(12,9) r(12,16) d(1) a(8,15)
38; a(5,15) r(6,14) r(14,2) d(4) a(1,4) d(5) a(12,9) r(12,16) r(1,5) a(2,3) a(10,2)
39; a(14,14) r(6,13) a(14,16) d(3) a(5,14) d(1) a(5,7)
40; a(5,15) r(6,14) r(14,2) d(4) a(1,4) d(5) a(12,9) r(12,16) d(1) d(2)
41; a(14,14) r(6,13) a(14,16) d(3) a(5,14) r(1,5) a(2,3) a(5,12)
42; r(14,1) d(6) d(5) d(4) r(9,15) d(8) a(1,10)
43; a(5,15) r(6,14) d(14) d(6) a(3,12) d(4) a(10,4) d(8)
44; a(5,15) r(6,14) r(14,2) d(2)
45; r(8,15) d(6) a(3,4) r(2,16) r(4,15) a(5,10) d(3) d(4) a(1,4) d(5) a(12,9) r(12,16) a(3,8) d(1)
46; a(5,15) r(6,14) r(14,2) d(4) a(1,4) d(5) a(12,9) r(12,16) a(3,8) r(10,7)
47; r(8,15) d(6) a(3,4) r(2,16) r(4,15) a(5,10) d(3) a(5,13)
48; d(9) a(6,8) d(12) d(1) r(6,1) a(5,10)
49; r(14,1) a(6,10) d(1) a(6,16) a(6,15) d(10) d(9)
50; r(14,1) d(6) a(1,4) d(5) a(1,13) a(9,9) d(4)
51; a(5,15) a(14,16) a(6,8) a(10,7) r(6,3) d(5) a(2,3)
52; d(9) a(6,8) d(12) d(1) r(6,1) a(8,7)
53; a(14,14) d(9) d(14) d(6) r(3,7) a(1,13) a(1,2) r(2,13)
54; r(14,1) d(6) d(5) r(6,3) a(2,10) a(1,5) d(8)
55; a(5,15) a(10,5) d(6) a(12,14)
--------------------------------------------------------------------------------
Evaluation

0; 0.
1; 0.
2; 0.
3; 0.
4; 0.
5; 0.
6; 0.
7; 0.
8; 0.
9; 0.
10; 0.
11; 0.
12; 0.
13; 0.
14; 0.
15; 1.
16; 0.
17; 0.
18; 0.
19; 0.
20; 0.
21; 0.
22; 0.
23; 0.
24; 0.
25; 0.
26; 0.
27; 0.
28; 0.
29; 0.
30; 0.
31; 0.
32; 0.
33; 0.
34; 0.
35; 0.
36; 0.
37; 0.
38; 0.
39; 0.
40; 0.
41; 0.
42; 0.
43; 0.
44; 0.
45; 0.
46; 0.
47; 0.
48; 0.
49; 0.
50; 0.
51; 0.
52; 0.
53; 0.
54; 0.
55; 0.
================================================================================
Generation 8

--------------------------------------------------------------------------------
Selection

0; 4
1; 2
2; 1
3; 39
4; 46
5; 41
6; 2
7; 18
8; 11
9; 36
10; 41
11; 18
12; 43
13; 35
14; 48
15; 45
16; 19
17; 52
18; 32
19; 46
20; 34
21; 1
22; 7
23; 32
24; 14
25; 44
26; 42
27; 42
28; 50
29; 30
30; 29
31; 2
32; 13
33; 55
34; 30
35; 29
36; 41
37; 26
38; 43
39; 25
--------------------------------------------------------------------------------
Crossover

0; 41; a(14,14) r(6,13) a(14,16) d(3) a(5,14) r(1,5) a(2,3) a(5,12)
1; 43; a(5,15) r(6,14) d(14) d(6) a(3,12) d(4) a(10,4) d(8)
2; 2, 55; r(14,1) d(6) a(6,1) r(5,12) d(14) d(6) a(1,4) d(5) r(1,5) d(4) a(10,5) d(6) a(12,14)
3; 2, 55; a(5,15) d(3)
4; 2; r(14,1) d(6) a(6,1) r(5,12) d(14) d(6) a(1,4) d(5) r(1,5) d(4) d(3)
5; 55; a(5,15) a(10,5) d(6) a(12,14)
6; 39; a(14,14) r(6,13) a(14,16) d(3) a(5,14) d(1) a(5,7)
7; 7; r(5,15) r(12,7) a(2,5) d(3) d(8) d(2) a(1,7) a(4,5)
8; 29; a(5,15) r(6,14) a(9,8) d(2) a(9,14) r(5,10) d(9) d(14)
9; 43; a(5,15) r(6,14) d(14) d(6) a(3,12) d(4) a(10,4) d(8)
10; 11; d(9) a(6,8) a(6,10) d(1) r(14,1) r(6,12) r(4,15) a(8,4)
11; 46; a(5,15) r(6,14) r(14,2) d(4) a(1,4) d(5) a(12,9) r(12,16) a(3,8) r(10,7)
12; 13; d(9) a(6,8) d(12) d(1) r(6,1) r(2,13)
13; 42; r(14,1) d(6) d(5) d(4) r(9,15) d(8) a(1,10)
14; 42, 46; r(14,1) d(6) d(5) d(5) a(12,9) r(12,16) a(3,8) r(10,7)
15; 42, 46; a(5,15) r(6,14) r(14,2) d(4) a(1,4) d(4) r(9,15) d(8) a(1,10)
16; 42; r(14,1) d(6) d(5) d(4) r(9,15) d(8) a(1,10)
17; 46; a(5,15) r(6,14) r(14,2) d(4) a(1,4) d(5) a(12,9) r(12,16) a(3,8) r(10,7)
18; 32, 30; a(14,14) d(14) d(6) r(3,7) r(4,14)
19; 32, 30; a(14,14) d(9) d(9) d(14) d(6) r(3,7) a(1,13) a(1,2) d(4)
20; 32; a(14,14) d(9) d(14) d(6) r(3,7) a(1,13) a(1,2) d(4)
21; 30; a(14,14) d(9) d(14) d(6) r(3,7) r(4,14)
22; 52, 29; d(9) a(6,8) d(9) d(14)
23; 52, 29; a(5,15) r(6,14) a(9,8) d(2) a(9,14) r(5,10) d(12) d(1) r(6,1) a(8,7)
24; 52; d(9) a(6,8) d(12) d(1) r(6,1) a(8,7)
25; 29; a(5,15) r(6,14) a(9,8) d(2) a(9,14) r(5,10) d(9) d(14)
26; 26, 45; a(5,15) d(4) a(1,4) d(5) a(12,9) r(12,16) a(3,8) d(1)
27; 26, 45; r(8,15) d(6) a(3,4) r(2,16) r(4,15) a(5,10) d(3) a(14,16) a(6,8) a(10,7) r(6,3) d(2) a(14,9) r(10,12)
28; 26; a(5,15) a(14,16) a(6,8) a(10,7) r(6,3) d(2) a(14,9) r(10,12)
29; 45; r(8,15) d(6) a(3,4) r(2,16) r(4,15) a(5,10) d(3) d(4) a(1,4) d(5) a(12,9) r(12,16) a(3,8) d(1)
30; 30; a(14,14) d(9) d(14) d(6) r(3,7) r(4,14)
31; 36; a(14,14) d(9) d(14) d(6) r(3,7) a(1,13) a(1,2) a(1,13)
32; 14; a(5,15) r(6,14) a(9,8) d(2) a(9,14) r(5,10) d(9) r(1,13)
33; 44; a(5,15) r(6,14) r(14,2) d(2)
34; 25; r(14,1) d(6) d(5) d(4) a(6,8) a(10,7) r(6,3) d(2) a(14,9) d(1)
35; 18; a(5,15) r(6,14) d(14) d(6) a(9,8) d(2) a(9,14) r(5,10) a(9,6) d(4)
36; 19; r(14,1) d(1) d(2)
37; 2; r(14,1) d(6) a(6,1) r(5,12) d(14) d(6) a(1,4) d(5) r(1,5) d(4) d(3)
38; 4; a(14,14) r(6,13) a(14,16) d(3) a(5,14) a(2,5) d(3) d(8) d(2) a(1,7) a(5,2)
39; 18; a(5,15) r(6,14) d(14) d(6) a(9,8) d(2) a(9,14) r(5,10) a(9,6) d(4)
40; 41; a(14,14) r(6,13) a(14,16) d(3) a(5,14) r(1,5) a(2,3) a(5,12)
41; 50; r(14,1) d(6) a(1,4) d(5) a(1,13) a(9,9) d(4)
42; 35; a(5,15) r(6,14) r(14,2) d(4) a(1,4) d(6) r(3,7) a(1,13) a(1,2) a(9,1)
43; 34; a(14,14) d(9) d(14) d(5) a(12,9) r(12,16) d(1) r(3,16)
44; 1, 1; d(9) a(6,8) a(6,10) r(5,12) d(14) d(6) a(1,4) d(5) r(1,5) d(6) a(1,4) d(5) r(1,5) d(4) a(8,12)
45; 1, 1; d(9) a(6,8) a(6,10) r(5,12) d(14) d(4) a(8,12)
46; 1; d(9) a(6,8) a(6,10) r(5,12) d(14) d(6) a(1,4) d(5) r(1,5) d(4) a(8,12)
47; 1; d(9) a(6,8) a(6,10) r(5,12) d(14) d(6) a(1,4) d(5) r(1,5) d(4) a(8,12)
48; 41, 48; a(14,14) r(6,13) a(14,16) d(3) d(1) r(6,1) a(5,10)
49; 41, 48; d(9) a(6,8) d(12) a(5,14) r(1,5) a(2,3) a(5,12)
50; 41; a(14,14) r(6,13) a(14,16) d(3) a(5,14) r(1,5) a(2,3) a(5,12)
51; 48; d(9) a(6,8) d(12) d(1) r(6,1) a(5,10)
52; 2; r(14,1) d(6) a(6,1) r(5,12) d(14) d(6) a(1,4) d(5) r(1,5) d(4) d(3)
53; 32; a(14,14) d(9) d(14) d(6) r(3,7) a(1,13) a(1,2) d(4)
--------------------------------------------------------------------------------
Mutation

0; a(14,14) r(6,13) a(14,16) d(3) a(5,14) r(1,5) a(2,3) a(5,12) a(5,8)
1; a(5,15) r(6,14) d(14) d(6) a(3,12) d(4) a(10,4) d(8) d(1)
2; r(14,1) d(6) a(6,1) r(5,12) d(14) d(6) a(1,4) d(5) r(1,5) d(4) a(10,5) d(6) a(12,14) a(12,13)
3; a(5,15) d(3) r(6,1)
4; r(14,1) d(6) a(6,1) r(5,12) d(14) d(6) a(1,4) d(5) r(1,5) d(4) d(3) a(8,12)
5; a(5,15) a(10,5) d(6) a(12,14) d(10)
6; a(14,14) r(6,13) a(14,16) d(3) a(5,14) d(1) a(5,7) r(5,8)
7; r(5,15) r(12,7) a(2,5) d(3) d(8) d(2) a(1,7) a(4,5) r(4,12)
8; a(5,15) r(6,14) a(9,8) d(2) a(9,14) r(5,10) d(9) d(14) r(1,3)
9; a(5,15) r(6,14) d(14) d(6) a(3,12) d(4) a(10,4) d(8) r(1,12)
10; d(9) a(6,8) a(6,10) d(1) r(14,1) r(6,12) r(4,15) a(8,4) r(8,6)
11; a(5,15) r(6,14) r(14,2) d(4) a(1,4) d(5) a(12,9) r(12,16) a(3,8) r(10,7) d(9)
12; d(9) a(6,8) d(12) d(1) r(6,1) r(2,13) d(8)
13; r(14,1) d(6) d(5) d(4) r(9,15) d(8) a(1,10) d(1)
14; r(14,1) d(6) d(5) d(5) a(12,9) r(12,16) a(3,8) r(10,7) a(1,4)
15; a(5,15) r(6,14) r(14,2) d(4) a(1,4) d(4) r(9,15) d(8) a(1,10) r(3,10)
16; r(14,1) d(6) d(5) d(4) r(9,15) d(8) a(1,10) r(1,12)
17; a(5,15) r(6,14) r(14,2) d(4) a(1,4) d(5) a(12,9) r(12,16) a(3,8) r(10,7) d(1)
18; a(14,14) d(14) d(6) r(3,7) r(4,14) d(9)
19; a(14,14) d(9) d(9) d(14) d(6) r(3,7) a(1,13) a(1,2) d(4) r(2,4)
20; a(14,14) d(9) d(14) d(6) r(3,7) a(1,13) a(1,2) d(4) r(8,3)
21; a(14,14) d(9) d(14) d(6) r(3,7) r(4,14) r(5,8)
22; d(9) a(6,8) d(9) d(14) a(12,1)
23; a(5,15) r(6,14) a(9,8) d(2) a(9,14) r(5,10) d(12) d(1) r(6,1) a(8,7) a(10,10)
24; d(9) a(6,8) d(12) d(1) r(6,1) a(8,7) d(2)
25; a(5,15) r(6,14) a(9,8) d(2) a(9,14) r(5,10) d(9) d(14) r(3,8)
26; a(5,15) d(4) a(1,4) d(5) a(12,9) r(12,16) a(3,8) d(1) d(10)
27; r(8,15) d(6) a(3,4) r(2,16) r(4,15) a(5,10) d(3) a(14,16) a(6,8) a(10,7) r(6,3) d(2) a(14,9) r(10,12) d(1)
28; a(5,15) a(14,16) a(6,8) a(10,7) r(6,3) d(2) a(14,9) r(10,12) a(9,10)
29; r(8,15) d(6) a(3,4) r(2,16) r(4,15) a(5,10) d(3) d(4) a(1,4) d(5) a(12,9) r(12,16) a(3,8) d(1)
30; a(14,14) d(9) d(14) d(6) r(3,7) r(4,14) d(5)
31; a(14,14) d(9) d(14) d(6) r(3,7) a(1,13) a(1,2) a(1,13) r(1,6)
32; a(5,15) r(6,14) a(9,8) d(2) a(9,14) r(5,10) d(9) r(1,13) r(4,1)
33; a(5,15) r(6,14) r(14,2) d(2) d(3)
34; r(14,1) d(6) d(5) d(4) a(6,8) a(10,7) r(6,3) d(2) a(14,9) d(1) a(12,5)
35; a(5,15) r(6,14) d(14) d(6) a(9,8) d(2) a(9,14) r(5,10) a(9,6) d(4) r(3,15)
36; r(14,1) d(1) d(2) r(12,15)
37; r(14,1) d(6) a(6,1) r(5,12) d(14) d(6) a(1,4) d(5) r(1,5) d(4) d(3) a(10,10)
38; a(14,14) r(6,13) a(14,16) d(3) a(5,14) a(2,5) d(3) d(8) d(2) a(1,7) a(5,2) r(5,16)
39; a(5,15) r(6,14) d(14) d(6) a(9,8) d(2) a(9,14) r(5,10) a(9,6) d(4) a(9,16)
40; a(14,14) r(6,13) a(14,16) d(3) a(5,14) r(1,5) a(2,3) a(5,12) r(10,1)
41; r(14,1) d(6) a(1,4) d(5) a(1,13) a(9,9) d(4) d(9)
42; a(5,15) r(6,14) r(14,2) d(4) a(1,4) d(6) r(3,7) a(1,13) a(1,2) a(9,1) r(1,13)
43; a(14,14) d(9) d(14) d(5) a(12,9) r(12,16) d(1) r(3,16) r(4,3)
44; d(9) a(6,8) a(6,10) r(5,12) d(14) d(6) a(1,4) d(5) r(1,5) d(6) a(1,4) d(5) r(1,5) d(4) a(8,12) a(8,2)
45; d(9) a(6,8) a(6,10) r(5,12) d(14) d(4) a(8,12) r(8,5)
46; d(9) a(6,8) a(6,10) r(5,12) d(14) d(6) a(1,4) d(5) r(1,5) d(4) a(8,12) r(12,1)
47; d(9) a(6,8) a(6,10) r(5,12) d(14) d(6) a(1,4) d(5) r(1,5) d(4) a(8,12) r(8,15)
48; a(14,14) r(6,13) a(14,16) d(3) d(1) r(6,1) a(5,10) d(14)
49; d(9) a(6,8) d(12) a(5,14) r(1,5) a(2,3) a(5,12) d(2)
50; a(14,14) r(6,13) a(14,16) d(3) a(5,14) r(1,5) a(2,3) a(5,12) r(4,13)
51; d(9) a(6,8) d(12) d(1) r(6,1) a(5,10) r(3,14)
52; r(14,1) d(6) a(6,1) r(5,12) d(14) d(6) a(1,4) d(5) r(1,5) d(4) d(3) r(9,1)
53; a(14,14) d(9) d(14) d(6) r(3,7) a(1,13) a(1,2) d(4) a(5,14)
--------------------------------------------------------------------------------
Evaluation

0; 0.
1; 0.
2; 0.
3; 0.
4; 0.
5; 0.
6; 0.
7; 0.
8; 0.
9; 0.
10; 0.
11; 0.
12; 0.
13; 0.
14; 0.
15; 0.
16; 0.
17; 0.
18; 0.
19; 0.
20; 0.
21; 0.
22; 0.
23; 0.
24; 0.
25; 0.
26; 0.
27; 0.
28; 0.
29; 0.
30; 0.
31; 0.
32; 0.
33; 0.
34; 0.
35; 0.
36; 0.
37; 0.
38; 0.
39; 0.
40; 0.
41; 0.
42; 0.
43; 0.
44; 0.
45; 0.
46; 0.
47; 0.
48; 0.
49; 0.
50; 0.
51; 0.
52; 0.
53; 0.
================================================================================
Generation 9

--------------------------------------------------------------------------------
Selection

0; 30
1; 10
2; 38
3; 19
4; 16
5; 2
6; 35
7; 27
8; 27
9; 50
10; 43
11; 3
12; 32
13; 48
14; 40
15; 48
16; 7
17; 10
18; 45
19; 49
20; 6
21; 20
22; 16
23; 45
24; 18
25; 7
26; 26
27; 24
28; 28
29; 30
30; 3
31; 19
32; 7
33; 42
34; 21
35; 49
36; 46
37; 10
38; 35
39; 10
--------------------------------------------------------------------------------
Crossover

0; 35, 16; a(5,15) r(6,14) d(14) d(6) d(5) d(4) r(9,15) d(8) a(1,10) r(1,12)
1; 35, 16; r(14,1) d(6) a(9,8) d(2) a(9,14) r(5,10) a(9,6) d(4) r(3,15)
2; 35; a(5,15) r(6,14) d(14) d(6) a(9,8) d(2) a(9,14) r(5,10) a(9,6) d(4) r(3,15)
3; 16; r(14,1) d(6) d(5) d(4) r(9,15) d(8) a(1,10) r(1,12)
4; 49, 10; d(9) a(6,8) d(12) a(5,14) r(1,5) a(2,3) a(6,8) a(6,10) d(1) r(14,1) r(6,12) r(4,15) a(8,4) r(8,6)
5; 49, 10; d(9) a(5,12) d(2)
6; 49; d(9) a(6,8) d(12) a(5,14) r(1,5) a(2,3) a(5,12) d(2)
7; 10; d(9) a(6,8) a(6,10) d(1) r(14,1) r(6,12) r(4,15) a(8,4) r(8,6)
8; 7, 38; r(5,15) r(12,7) a(2,5) d(3) d(8) d(2) a(1,7) a(4,5) r(5,16)
9; 7, 38; a(14,14) r(6,13) a(14,16) d(3) a(5,14) a(2,5) d(3) d(8) d(2) a(1,7) a(5,2) r(4,12)
10; 7; r(5,15) r(12,7) a(2,5) d(3) d(8) d(2) a(1,7) a(4,5) r(4,12)
11; 38; a(14,14) r(6,13) a(14,16) d(3) a(5,14) a(2,5) d(3) d(8) d(2) a(1,7) a(5,2) r(5,16)
12; 26; a(5,15) d(4) a(1,4) d(5) a(12,9) r(12,16) a(3,8) d(1) d(10)
13; 48; a(14,14) r(6,13) a(14,16) d(3) d(1) r(6,1) a(5,10) d(14)
14; 28, 49; a(5,15) a(14,16) a(6,8) a(10,7) r(6,3) d(2) a(14,9) r(10,12) a(9,10) a(2,3) a(5,12) d(2)
15; 28, 49; d(9) a(6,8) d(12) a(5,14) r(1,5)
16; 28; a(5,15) a(14,16) a(6,8) a(10,7) r(6,3) d(2) a(14,9) r(10,12) a(9,10)
17; 49; d(9) a(6,8) d(12) a(5,14) r(1,5) a(2,3) a(5,12) d(2)
18; 46, 32; d(9) a(6,8) a(6,10) r(5,12) a(9,14) r(5,10) d(9) r(1,13) r(4,1)
19; 46, 32; a(5,15) r(6,14) a(9,8) d(2) d(14) d(6) a(1,4) d(5) r(1,5) d(4) a(8,12) r(12,1)
20; 46; d(9) a(6,8) a(6,10) r(5,12) d(14) d(6) a(1,4) d(5) r(1,5) d(4) a(8,12) r(12,1)
21; 32; a(5,15) r(6,14) a(9,8) d(2) a(9,14) r(5,10) d(9) r(1,13) r(4,1)
22; 24; d(9) a(6,8) d(12) d(1) r(6,1) a(8,7) d(2)
23; 27; r(8,15) d(6) a(3,4) r(2,16) r(4,15) a(5,10) d(3) a(14,16) a(6,8) a(10,7) r(6,3) d(2) a(14,9) r(10,12) d(1)
24; 6, 19; a(14,14) r(6,13) a(14,16) d(3) a(5,14) d(6) r(3,7) a(1,13) a(1,2) d(4) r(2,4)
25; 6, 19; a(14,14) d(9) d(9) d(14) d(1) a(5,7) r(5,8)
26; 6; a(14,14) r(6,13) a(14,16) d(3) a(5,14) d(1) a(5,7) r(5,8)
27; 19; a(14,14) d(9) d(9) d(14) d(6) r(3,7) a(1,13) a(1,2) d(4) r(2,4)
28; 45; d(9) a(6,8) a(6,10) r(5,12) d(14) d(4) a(8,12) r(8,5)
29; 20; a(14,14) d(9) d(14) d(6) r(3,7) a(1,13) a(1,2) d(4) r(8,3)
30; 7; r(5,15) r(12,7) a(2,5) d(3) d(8) d(2) a(1,7) a(4,5) r(4,12)
31; 7; r(5,15) r(12,7) a(2,5) d(3) d(8) d(2) a(1,7) a(4,5) r(4,12)
32; 40, 30; a(14,14) r(6,13) a(14,16) r(4,14) d(5)
33; 40, 30; a(14,14) d(9) d(14) d(6) r(3,7) d(3) a(5,14) r(1,5) a(2,3) a(5,12) r(10,1)
34; 40; a(14,14) r(6,13) a(14,16) d(3) a(5,14) r(1,5) a(2,3) a(5,12) r(10,1)
35; 30; a(14,14) d(9) d(14) d(6) r(3,7) r(4,14) d(5)
36; 19; a(14,14) d(9) d(9) d(14) d(6) r(3,7) a(1,13) a(1,2) d(4) r(2,4)
37; 30; a(14,14) d(9) d(14) d(6) r(3,7) r(4,14) d(5)
38; 21; a(14,14) d(9) d(14) d(6) r(3,7) r(4,14) r(5,8)
39; 27; r(8,15) d(6) a(3,4) r(2,16) r(4,15) a(5,10) d(3) a(14,16) a(6,8) a(10,7) r(6,3) d(2) a(14,9) r(10,12) d(1)
40; 35, 50; a(5,15) a(2,3) a(5,12) r(4,13)
41; 35, 50; a(14,14) r(6,13) a(14,16) d(3) a(5,14) r(1,5) r(6,14) d(14) d(6) a(9,8) d(2) a(9,14) r(5,10) a(9,6) d(4) r(3,15)
42; 35; a(5,15) r(6,14) d(14) d(6) a(9,8) d(2) a(9,14) r(5,10) a(9,6) d(4) r(3,15)
43; 50; a(14,14) r(6,13) a(14,16) d(3) a(5,14) r(1,5) a(2,3) a(5,12) r(4,13)
44; 3, 18; a(5,15) d(3) r(4,14) d(9)
45; 3, 18; a(14,14) d(14) d(6) r(3,7) r(6,1)
46; 3; a(5,15) d(3) r(6,1)
47; 18; a(14,14) d(14) d(6) r(3,7) r(4,14) d(9)
48; 48, 45; a(14,14) r(6,13) a(14,16) d(3) d(1) r(6,1) a(5,10) d(14) a(8,12) r(8,5)
49; 48, 45; d(9) a(6,8) a(6,10) r(5,12) d(14) d(4)
50; 48; a(14,14) r(6,13) a(14,16) d(3) d(1) r(6,1) a(5,10) d(14)
51; 45; d(9) a(6,8) a(6,10) r(5,12) d(14) d(4) a(8,12) r(8,5)
52; 3, 10; a(5,15) d(3) r(6,1)
53; 3, 10; d(9) a(6,8) a(6,10) d(1) r(14,1) r(6,12) r(4,15) a(8,4) r(8,6)
54; 3; a(5,15) d(3) r(6,1)
55; 10; d(9) a(6,8) a(6,10) d(1) r(14,1) r(6,12) r(4,15) a(8,4) r(8,6)
56; 43; a(14,14) d(9) d(14) d(5) a(12,9) r(12,16) d(1) r(3,16) r(4,3)
57; 16; r(14,1) d(6) d(5) d(4) r(9,15) d(8) a(1,10) r(1,12)
58; 2; r(14,1) d(6) a(6,1) r(5,12) d(14) d(6) a(1,4) d(5) r(1,5) d(4) a(10,5) d(6) a(12,14) a(12,13)
59; 10; d(9) a(6,8) a(6,10) d(1) r(14,1) r(6,12) r(4,15) a(8,4) r(8,6)
60; 10, 42; d(9) a(6,8) a(6,10) d(1) r(14,1) a(1,2) a(9,1) r(1,13)
61; 10, 42; a(5,15) r(6,14) r(14,2) d(4) a(1,4) d(6) r(3,7) a(1,13) r(6,12) r(4,15) a(8,4) r(8,6)
62; 10; d(9) a(6,8) a(6,10) d(1) r(14,1) r(6,12) r(4,15) a(8,4) r(8,6)
63; 42; a(5,15) r(6,14) r(14,2) d(4) a(1,4) d(6) r(3,7) a(1,13) a(1,2) a(9,1) r(1,13)
--------------------------------------------------------------------------------
Mutation

0; a(5,15) r(6,14) d(14) d(6) d(5) d(4) r(9,15) d(8) a(1,10) r(1,12) r(3,1)
1; r(14,1) d(6) a(9,8) d(2) a(9,14) r(5,10) a(9,6) d(4) r(3,15) r(10,1)
2; a(5,15) r(6,14) d(14) d(6) a(9,8) d(2) a(9,14) r(5,10) a(9,6) d(4) r(3,15) r(9,6)
3; r(14,1) d(6) d(5) d(4) r(9,15) d(8) a(1,10) r(1,12) r(2,16)
4; d(9) a(6,8) d(12) a(5,14) r(1,5) a(2,3) a(6,8) a(6,10) d(1) r(14,1) r(6,12) r(4,15) a(8,4) r(8,6) a(2,6)
5; d(9) a(5,12) d(2) d(6)
6; d(9) a(6,8) d(12) a(5,14) r(1,5) a(2,3) a(5,12) d(2) d(6)
7; d(9) a(6,8) a(6,10) d(1) r(14,1) r(6,12) r(4,15) a(8,4) r(8,6) a(5,15)
8; r(5,15) r(12,7) a(2,5) d(3) d(8) d(2) a(1,7) a(4,5) r(5,16) r(4,2)
9; a(14,14) r(6,13) a(14,16) d(3) a(5,14) a(2,5) d(3) d(8) d(2) a(1,7) a(5,2) r(4,12) a(5,15)
10; r(5,15) r(12,7) a(2,5) d(3) d(8) d(2) a(1,7) a(4,5) r(4,12) a(1,4)
11; a(14,14) r(6,13) a(14,16) d(3) a(5,14) a(2,5) d(3) d(8) d(2) a(1,7) a(5,2) r(5,16) r(1,15)
12; a(5,15) d(4) a(1,4) d(5) a(12,9) r(12,16) a(3,8) d(1) d(10) a(8,4)
13; a(14,14) r(6,13) a(14,16) d(3) d(1) r(6,1) a(5,10) d(14) d(10)
14; a(5,15) a(14,16) a(6,8) a(10,7) r(6,3) d(2) a(14,9) r(10,12) a(9,10) a(2,3) a(5,12) d(2) d(9)
15; d(9) a(6,8) d(12) a(5,14) r(1,5) d(6)
16; a(5,15) a(14,16) a(6,8) a(10,7) r(6,3) d(2) a(14,9) r(10,12) a(9,10) d(9)
17; d(9) a(6,8) d(12) a(5,14) r(1,5) a(2,3) a(5,12) d(2) d(4)
18; d(9) a(6,8) a(6,10) r(5,12) a(9,14) r(5,10) d(9) r(1,13) r(4,1) r(12,8)
19; a(5,15) r(6,14) a(9,8) d(2) d(14) d(6) a(1,4) d(5) r(1,5) d(4) a(8,12) r(12,1) d(8)
20; d(9) a(6,8) a(6,10) r(5,12) d(14) d(6) a(1,4) d(5) r(1,5) d(4) a(8,12) r(12,1) d(8)
21; a(5,15) r(6,14) a(9,8) d(2) a(9,14) r(5,10) d(9) r(1,13) r(4,1) d(12)
22; d(9) a(6,8) d(12) d(1) r(6,1) a(8,7) d(2) a(3,3)
23; r(8,15) d(6) a(3,4) r(2,16) r(4,15) a(5,10) d(3) a(14,16) a(6,8) a(10,7) r(6,3) d(2) a(14,9) r(10,12) d(1) d(5)
24; a(14,14) r(6,13) a(14,16) d(3) a(5,14) d(6) r(3,7) a(1,13) a(1,2) d(4) r(2,4) a(12,12)
25; a(14,14) d(9) d(9) d(14) d(1) a(5,7) r(5,8) a(4,2)
26; a(14,14) r(6,13) a(14,16) d(3) a(5,14) d(1) a(5,7) r(5,8) d(9)
27; a(14,14) d(9) d(9) d(14) d(6) r(3,7) a(1,13) a(1,2) d(4) r(2,4) d(12)
28; d(9) a(6,8) a(6,10) r(5,12) d(14) d(4) a(8,12) r(8,5) r(2,8)
29; a(14,14) d(9) d(14) d(6) r(3,7) a(1,13) a(1,2) d(4) r(8,3) a(2,12)
30; r(5,15) r(12,7) a(2,5) d(3) d(8) d(2) a(1,7) a(4,5) r(4,12) r(1,5)
31; r(5,15) r(12,7) a(2,5) d(3) d(8) d(2) a(1,7) a(4,5) r(4,12) a(1,8)
32; a(14,14) r(6,13) a(14,16) r(4,14) d(5) r(14,12)
33; a(14,14) d(9) d(14) d(6) r(3,7) d(3) a(5,14) r(1,5) a(2,3) a(5,12) r(10,1) a(12,15)
34; a(14,14) r(6,13) a(14,16) d(3) a(5,14) r(1,5) a(2,3) a(5,12) r(10,1) d(9)
35; a(14,14) d(9) d(14) d(6) r(3,7) r(4,14) d(5) d(8)
36; a(14,14) d(9) d(9) d(14) d(6) r(3,7) a(1,13) a(1,2) d(4) r(2,4) r(1,16)
37; a(14,14) d(9) d(14) d(6) r(3,7) r(4,14) d(5) a(8,1)
38; a(14,14) d(9) d(14) d(6) r(3,7) r(4,14) r(5,8) r(1,4)
39; r(8,15) d(6) a(3,4) r(2,16) r(4,15) a(5,10) d(3) a(14,16) a(6,8) a(10,7) r(6,3) d(2) a(14,9) r(10,12) d(1) d(5)
40; a(5,15) a(2,3) a(5,12) r(4,13) r(3,2)
41; a(14,14) r(6,13) a(14,16) d(3) a(5,14) r(1,5) r(6,14) d(14) d(6) a(9,8) d(2) a(9,14) r(5,10) a(9,6) d(4) r(3,15) r(8,3)
42; a(5,15) r(6,14) d(14) d(6) a(9,8) d(2) a(9,14) r(5,10) a(9,6) d(4) r(3,15) d(12)
43; a(14,14) r(6,13) a(14,16) d(3) a(5,14) r(1,5) a(2,3) a(5,12) r(4,13) d(5)
44; a(5,15) d(3) r(4,14) d(9) d(6)
45; a(14,14) d(14) d(6) r(3,7) r(6,1) r(9,13)
46; a(5,15) d(3) r(6,1) d(9)
47; a(14,14) d(14) d(6) r(3,7) r(4,14) d(9) a(2,16)
48; a(14,14) r(6,13) a(14,16) d(3) d(1) r(6,1) a(5,10) d(14) a(8,12) r(8,5) d(4)
49; d(9) a(6,8) a(6,10) r(5,12) d(14) d(4) a(3,15)
50; a(14,14) r(6,13) a(14,16) d(3) d(1) r(6,1) a(5,10) d(14) d(4)
51; d(9) a(6,8) a(6,10) r(5,12) d(14) d(4) a(8,12) r(8,5) d(3)
52; a(5,15) d(3) r(6,1) r(9,10)
53; d(9) a(6,8) a(6,10) d(1) r(14,1) r(6,12) r(4,15) a(8,4) r(8,6) r(3,15)
54; a(5,15) d(3) r(6,1) d(14)
55; d(9) a(6,8) a(6,10) d(1) r(14,1) r(6,12) r(4,15) a(8,4) r(8,6) a(3,13)
56; a(14,14) d(9) d(14) d(5) a(12,9) r(12,16) d(1) r(3,16) r(4,3) d(2)
57; r(14,1) d(6) d(5) d(4) r(9,15) d(8) a(1,10) r(1,12) a(2,4)
58; r(14,1) d(6) a(6,1) r(5,12) d(14) d(6) a(1,4) d(5) r(1,5) d(4) a(10,5) d(6) a(12,14) a(12,13) r(12,13)
59; d(9) a(6,8) a(6,10) d(1) r(14,1) r(6,12) r(4,15) a(8,4) r(8,6) a(3,15)
60; d(9) a(6,8) a(6,10) d(1) r(14,1) a(1,2) a(9,1) r(1,13) r(6,12)
61; a(5,15) r(6,14) r(14,2) d(4) a(1,4) d(6) r(3,7) a(1,13) r(6,12) r(4,15) a(8,4) r(8,6) d(5)
62; d(9) a(6,8) a(6,10) d(1) r(14,1) r(6,12) r(4,15) a(8,4) r(8,6) d(3)
63; a(5,15) r(6,14) r(14,2) d(4) a(1,4) d(6) r(3,7) a(1,13) a(1,2) a(9,1) r(1,13) r(10,14)
--------------------------------------------------------------------------------
Evaluation

0; 0.
1; 0.
2; 0.
3; 0.
4; 0.
5; 0.
6; 0.
7; 0.
8; 0.
9; 0.
10; 0.
11; 0.
12; 0.
13; 0.
14; 0.
15; 0.
16; 0.
17; 0.
18; 0.
19; 0.
20; 0.
21; 0.
22; 0.
23; 0.
24; 0.
25; 0.
26; 0.
27; 0.
28; 0.
29; 0.
30; 0.
31; 0.
32; 0.
33; 0.
34; 0.
35; 0.
36; 0.
37; 0.
38; 0.
39; 0.
40; 0.
41; 0.
42; 0.
43; 0.
44; 0.
45; 0.
46; 0.
47; 0.
48; 0.
49; 0.
50; 0.
51; 0.
52; 0.
53; 0.
54; 0.
55; 0.
56; 0.
57; 0.
58; 0.
59; 0.
60; 0.
61; 0.
62; 0.
63; 0.
================================================================================
Generation 10

--------------------------------------------------------------------------------
Selection

0; 62
1; 35
2; 7
3; 49
4; 34
5; 6
6; 57
7; 13
8; 18
9; 2
10; 40
11; 56
12; 29
13; 29
14; 11
15; 23
16; 58
17; 3
18; 52
19; 10
20; 0
21; 3
22; 26
23; 2
24; 57
25; 1
26; 23
27; 49
28; 46
29; 61
30; 16
31; 6
32; 28
33; 13
34; 5
35; 20
36; 23
37; 10
38; 16
39; 51
--------------------------------------------------------------------------------
Crossover

0; 23; r(8,15) d(6) a(3,4) r(2,16) r(4,15) a(5,10) d(3) a(14,16) a(6,8) a(10,7) r(6,3) d(2) a(14,9) r(10,12) d(1) d(5)
1; 2; a(5,15) r(6,14) d(14) d(6) a(9,8) d(2) a(9,14) r(5,10) a(9,6) d(4) r(3,15) r(9,6)
2; 13; a(14,14) r(6,13) a(14,16) d(3) d(1) r(6,1) a(5,10) d(14) d(10)
3; 57; r(14,1) d(6) d(5) d(4) r(9,15) d(8) a(1,10) r(1,12) a(2,4)
4; 3; r(14,1) d(6) d(5) d(4) r(9,15) d(8) a(1,10) r(1,12) r(2,16)
5; 49; d(9) a(6,8) a(6,10) r(5,12) d(14) d(4) a(3,15)
6; 2, 23; a(5,15) r(6,14) d(14) r(6,3) d(2) a(14,9) r(10,12) d(1) d(5)
7; 2, 23; r(8,15) d(6) a(3,4) r(2,16) r(4,15) a(5,10) d(3) a(14,16) a(6,8) a(10,7) d(6) a(9,8) d(2) a(9,14) r(5,10) a(9,6) d(4) r(3,15) r(9,6)
8; 2; a(5,15) r(6,14) d(14) d(6) a(9,8) d(2) a(9,14) r(5,10) a(9,6) d(4) r(3,15) r(9,6)
9; 23; r(8,15) d(6) a(3,4) r(2,16) r(4,15) a(5,10) d(3) a(14,16) a(6,8) a(10,7) r(6,3) d(2) a(14,9) r(10,12) d(1) d(5)
10; 18, 6; d(9) a(6,8) a(6,10) r(5,12) a(9,14) r(5,10) d(9) d(12) a(5,14) r(1,5) a(2,3) a(5,12) d(2) d(6)
11; 18, 6; d(9) a(6,8) r(1,13) r(4,1) r(12,8)
12; 18; d(9) a(6,8) a(6,10) r(5,12) a(9,14) r(5,10) d(9) r(1,13) r(4,1) r(12,8)
13; 6; d(9) a(6,8) d(12) a(5,14) r(1,5) a(2,3) a(5,12) d(2) d(6)
14; 13; a(14,14) r(6,13) a(14,16) d(3) d(1) r(6,1) a(5,10) d(14) d(10)
15; 26; a(14,14) r(6,13) a(14,16) d(3) a(5,14) d(1) a(5,7) r(5,8) d(9)
16; 51; d(9) a(6,8) a(6,10) r(5,12) d(14) d(4) a(8,12) r(8,5) d(3)
17; 10; r(5,15) r(12,7) a(2,5) d(3) d(8) d(2) a(1,7) a(4,5) r(4,12) a(1,4)
18; 62; d(9) a(6,8) a(6,10) d(1) r(14,1) r(6,12) r(4,15) a(8,4) r(8,6) d(3)
19; 5; d(9) a(5,12) d(2) d(6)
20; 6, 34; d(9) a(6,8) d(12) a(5,14) r(1,5) a(2,3) a(14,16) d(3) a(5,14) r(1,5) a(2,3) a(5,12) r(10,1) d(9)
21; 6, 34; a(14,14) r(6,13) a(5,12) d(2) d(6)
22; 6; d(9) a(6,8) d(12) a(5,14) r(1,5) a(2,3) a(5,12) d(2) d(6)
23; 34; a(14,14) r(6,13) a(14,16) d(3) a(5,14) r(1,5) a(2,3) a(5,12) r(10,1) d(9)
24; 56, 40; a(14,14) d(9) d(14) d(5) a(12,9) r(12,16) d(1) r(3,16) a(2,3) a(5,12) r(4,13) r(3,2)
25; 56, 40; a(5,15) r(4,3) d(2)
26; 56; a(14,14) d(9) d(14) d(5) a(12,9) r(12,16) d(1) r(3,16) r(4,3) d(2)
27; 40; a(5,15) a(2,3) a(5,12) r(4,13) r(3,2)
28; 49, 46; d(9) a(6,8) a(6,10) r(5,12) d(14) d(9)
29; 49, 46; a(5,15) d(3) r(6,1) d(4) a(3,15)
30; 49; d(9) a(6,8) a(6,10) r(5,12) d(14) d(4) a(3,15)
31; 46; a(5,15) d(3) r(6,1) d(9)
32; 61; a(5,15) r(6,14) r(14,2) d(4) a(1,4) d(6) r(3,7) a(1,13) r(6,12) r(4,15) a(8,4) r(8,6) d(5)
33; 29; a(14,14) d(9) d(14) d(6) r(3,7) a(1,13) a(1,2) d(4) r(8,3) a(2,12)
34; 35, 23; a(14,14) d(9) d(14) d(6) r(3,7) r(4,14) d(5) d(8) r(2,16) r(4,15) a(5,10) d(3) a(14,16) a(6,8) a(10,7) r(6,3) d(2) a(14,9) r(10,12) d(1) d(5)
35; 35, 23; r(8,15) d(6) a(3,4)
36; 35; a(14,14) d(9) d(14) d(6) r(3,7) r(4,14) d(5) d(8)
37; 23; r(8,15) d(6) a(3,4) r(2,16) r(4,15) a(5,10) d(3) a(14,16) a(6,8) a(10,7) r(6,3) d(2) a(14,9) r(10,12) d(1) d(5)
38; 10; r(5,15) r(12,7) a(2,5) d(3) d(8) d(2) a(1,7) a(4,5) r(4,12) a(1,4)
39; 7; d(9) a(6,8) a(6,10) d(1) r(14,1) r(6,12) r(4,15) a(8,4) r(8,6) a(5,15)
40; 1; r(14,1) d(6) a(9,8) d(2) a(9,14) r(5,10) a(9,6) d(4) r(3,15) r(10,1)
41; 16; a(5,15) a(14,16) a(6,8) a(10,7) r(6,3) d(2) a(14,9) r(10,12) a(9,10) d(9)
42; 29; a(14,14) d(9) d(14) d(6) r(3,7) a(1,13) a(1,2) d(4) r(8,3) a(2,12)
43; 20; d(9) a(6,8) a(6,10) r(5,12) d(14) d(6) a(1,4) d(5) r(1,5) d(4) a(8,12) r(12,1) d(8)
44; 28, 16; d(9) a(6,8) a(14,9) r(10,12) a(9,10) d(9)
45; 28, 16; a(5,15) a(14,16) a(6,8) a(10,7) r(6,3) d(2) a(6,10) r(5,12) d(14) d(4) a(8,12) r(8,5) r(2,8)
46; 28; d(9) a(6,8) a(6,10) r(5,12) d(14) d(4) a(8,12) r(8,5) r(2,8)
47; 16; a(5,15) a(14,16) a(6,8) a(10,7) r(6,3) d(2) a(14,9) r(10,12) a(9,10) d(9)
48; 0, 3; a(5,15) r(6,14) d(14) d(6) d(5) d(4)
49; 0, 3; r(14,1) d(6) d(5) d(4) r(9,15) d(8) a(1,10) r(1,12) r(2,16) r(9,15) d(8) a(1,10) r(1,12) r(3,1)
50; 0; a(5,15) r(6,14) d(14) d(6) d(5) d(4) r(9,15) d(8) a(1,10) r(1,12) r(3,1)
51; 3; r(14,1) d(6) d(5) d(4) r(9,15) d(8) a(1,10) r(1,12) r(2,16)
52; 58, 52; r(14,1) d(6) a(6,1) r(5,12) d(14) d(6) a(1,4) d(5) r(1,5) d(4) a(10,5) d(6)
53; 58, 52; a(5,15) d(3) r(6,1) r(9,10) a(12,14) a(12,13) r(12,13)
54; 58; r(14,1) d(6) a(6,1) r(5,12) d(14) d(6) a(1,4) d(5) r(1,5) d(4) a(10,5) d(6) a(12,14) a(12,13) r(12,13)
55; 52; a(5,15) d(3) r(6,1) r(9,10)
56; 11; a(14,14) r(6,13) a(14,16) d(3) a(5,14) a(2,5) d(3) d(8) d(2) a(1,7) a(5,2) r(5,16) r(1,15)
57; 57; r(14,1) d(6) d(5) d(4) r(9,15) d(8) a(1,10) r(1,12) a(2,4)
--------------------------------------------------------------------------------
Mutation

0; r(8,15) d(6) a(3,4) r(2,16) r(4,15) a(5,10) d(3) a(14,16) a(6,8) a(10,7) r(6,3) d(2) a(14,9) r(10,12) d(1) d(5)
1; a(5,15) r(6,14) d(14) d(6) a(9,8) d(2) a(9,14) r(5,10) a(9,6) d(4) r(3,15) r(9,6) a(12,8)
2; a(14,14) r(6,13) a(14,16) d(3) d(1) r(6,1) a(5,10) d(14) d(10) d(8)
3; r(14,1) d(6) d(5) d(4) r(9,15) d(8) a(1,10) r(1,12) a(2,4) d(3)
4; r(14,1) d(6) d(5) d(4) r(9,15) d(8) a(1,10) r(1,12) r(2,16) d(3)
5; d(9) a(6,8) a(6,10) r(5,12) d(14) d(4) a(3,15) a(12,13)
6; a(5,15) r(6,14) d(14) r(6,3) d(2) a(14,9) r(10,12) d(1) d(5) r(12,9)
7; r(8,15) d(6) a(3,4) r(2,16) r(4,15) a(5,10) d(3) a(14,16) a(6,8) a(10,7) d(6) a(9,8) d(2) a(9,14) r(5,10) a(9,6) d(4) r(3,15) r(9,6) r(1,12)
8; a(5,15) r(6,14) d(14) d(6) a(9,8) d(2) a(9,14) r(5,10) a(9,6) d(4) r(3,15) r(9,6) r(1,15)
9; r(8,15) d(6) a(3,4) r(2,16) r(4,15) a(5,10) d(3) a(14,16) a(6,8) a(10,7) r(6,3) d(2) a(14,9) r(10,12) d(1) d(5)
10; d(9) a(6,8) a(6,10) r(5,12) a(9,14) r(5,10) d(9) d(12) a(5,14) r(1,5) a(2,3) a(5,12) d(2) d(6) d(4)
11; d(9) a(6,8) r(1,13) r(4,1) r(12,8) a(6,15)
12; d(9) a(6,8) a(6,10) r(5,12) a(9,14) r(5,10) d(9) r(1,13) r(4,1) r(12,8) d(8)
13; d(9) a(6,8) d(12) a(5,14) r(1,5) a(2,3) a(5,12) d(2) d(6) r(8,1)
14; a(14,14) r(6,13) a(14,16) d(3) d(1) r(6,1) a(5,10) d(14) d(10) r(12,15)
15; a(14,14) r(6,13) a(14,16) d(3) a(5,14) d(1) a(5,7) r(5,8) d(9) a(12,10)
16; d(9) a(6,8) a(6,10) r(5,12) d(14) d(4) a(8,12) r(8,5) d(3) r(2,7)
17; r(5,15) r(12,7) a(2,5) d(3) d(8) d(2) a(1,7) a(4,5) r(4,12) a(1,4) r(1,7)
18; d(9) a(6,8) a(6,10) d(1) r(14,1) r(6,12) r(4,15) a(8,4) r(8,6) d(3) a(2,1)
19; d(9) a(5,12) d(2) d(6) a(12,14)
20; d(9) a(6,8) d(12) a(5,14) r(1,5) a(2,3) a(14,16) d(3) a(5,14) r(1,5) a(2,3) a(5,12) r(10,1) d(9) a(6,4)
21; a(14,14) r(6,13) a(5,12) d(2) d(6) d(9)
22; d(9) a(6,8) d(12) a(5,14) r(1,5) a(2,3) a(5,12) d(2) d(6) d(8)
23; a(14,14) r(6,13) a(14,16) d(3) a(5,14) r(1,5) a(2,3) a(5,12) r(10,1) d(9) d(4)
24; a(14,14) d(9) d(14) d(5) a(12,9) r(12,16) d(1) r(3,16) a(2,3) a(5,12) r(4,13) r(3,2) d(8)
25; a(5,15) r(4,3) d(2) d(6)
26; a(14,14) d(9) d(14) d(5) a(12,9) r(12,16) d(1) r(3,16) r(4,3) d(2) r(8,14)
27; a(5,15) a(2,3) a(5,12) r(4,13) r(3,2) d(8)
28; d(9) a(6,8) a(6,10) r(5,12) d(14) d(9) r(8,1)
29; a(5,15) d(3) r(6,1) d(4) a(3,15) a(12,2)
30; d(9) a(6,8) a(6,10) r(5,12) d(14) d(4) a(3,15) d(1)
31; a(5,15) d(3) r(6,1) d(9) a(14,4)
32; a(5,15) r(6,14) r(14,2) d(4) a(1,4) d(6) r(3,7) a(1,13) r(6,12) r(4,15) a(8,4) r(8,6) d(5) r(2,16)
33; a(14,14) d(9) d(14) d(6) r(3,7) a(1,13) a(1,2) d(4) r(8,3) a(2,12) a(1,8)
34; a(14,14) d(9) d(14) d(6) r(3,7) r(4,14) d(5) d(8) r(2,16) r(4,15) a(5,10) d(3) a(14,16) a(6,8) a(10,7) r(6,3) d(2) a(14,9) r(10,12) d(1) d(5)
35; r(8,15) d(6) a(3,4) a(1,1)
36; a(14,14) d(9) d(14) d(6) r(3,7) r(4,14) d(5) d(8) a(2,1)
37; r(8,15) d(6) a(3,4) r(2,16) r(4,15) a(5,10) d(3) a(14,16) a(6,8) a(10,7) r(6,3) d(2) a(14,9) r(10,12) d(1) d(5)
38; r(5,15) r(12,7) a(2,5) d(3) d(8) d(2) a(1,7) a(4,5) r(4,12) a(1,4) d(1)
39; d(9) a(6,8) a(6,10) d(1) r(14,1) r(6,12) r(4,15) a(8,4) r(8,6) a(5,15) a(2,2)
40; r(14,1) d(6) a(9,8) d(2) a(9,14) r(5,10) a(9,6) d(4) r(3,15) r(10,1) d(1)
41; a(5,15) a(14,16) a(6,8) a(10,7) r(6,3) d(2) a(14,9) r(10,12) a(9,10) d(9) r(12,3)
42; a(14,14) d(9) d(14) d(6) r(3,7) a(1,13) a(1,2) d(4) r(8,3) a(2,12) d(2)
43; d(9) a(6,8) a(6,10) r(5,12) d(14) d(6) a(1,4) d(5) r(1,5) d(4) a(8,12) r(12,1) d(8) a(2,10)
44; d(9) a(6,8) a(14,9) r(10,12) a(9,10) d(9) r(4,10)
45; a(5,15) a(14,16) a(6,8) a(10,7) r(6,3) d(2) a(6,10) r(5,12) d(14) d(4) a(8,12) r(8,5) r(2,8) d(3)
46; d(9) a(6,8) a(6,10) r(5,12) d(14) d(4) a(8,12) r(8,5) r(2,8) a(3,1)
47; a(5,15) a(14,16) a(6,8) a(10,7) r(6,3) d(2) a(14,9) r(10,12) a(9,10) d(9) d(14)
48; a(5,15) r(6,14) d(14) d(6) d(5) d(4) r(1,8)
49; r(14,1) d(6) d(5) d(4) r(9,15) d(8) a(1,10) r(1,12) r(2,16) r(9,15) d(8) a(1,10) r(1,12) r(3,1)
50; a(5,15) r(6,14) d(14) d(6) d(5) d(4) r(9,15) d(8) a(1,10) r(1,12) r(3,1) a(2,3)
51; r(14,1) d(6) d(5) d(4) r(9,15) d(8) a(1,10) r(1,12) r(2,16) r(3,12)
52; r(14,1) d(6) a(6,1) r(5,12) d(14) d(6) a(1,4) d(5) r(1,5) d(4) a(10,5) d(6) r(3,4)
53; a(5,15) d(3) r(6,1) r(9,10) a(12,14) a(12,13) r(12,13) r(1,8)
54; r(14,1) d(6) a(6,1) r(5,12) d(14) d(6) a(1,4) d(5) r(1,5) d(4) a(10,5) d(6) a(12,14) a(12,13) r(12,13) a(8,4)
55; a(5,15) d(3) r(6,1) r(9,10) a(1,4)
56; a(14,14) r(6,13) a(14,16) d(3) a(5,14) a(2,5) d(3) d(8) d(2) a(1,7) a(5,2) r(5,16) r(1,15) a(4,6)
57; r(14,1) d(6) d(5) d(4) r(9,15) d(8) a(1,10) r(1,12) a(2,4) r(3,8)
--------------------------------------------------------------------------------
Evaluation

0; 0.
1; 0.
2; 0.
3; 0.
4; 0.
5; 0.
6; 0.
7; 0.
8; 0.
9; 0.
10; 0.
11; 0.
12; 0.
13; 0.
14; 0.
15; 0.
16; 0.
17; 0.
18; 0.
19; 0.
20; 0.
21; 0.
22; 0.
23; 0.
24; 0.
25; 0.
26; 0.
27; 0.
28; 0.
29; 0.
30; 0.
31; 0.
32; 0.
33; 0.
34; 0.
35; 0.
36; 0.
37; 0.
38; 0.
39; 0.
40; 0.
41; 0.
42; 0.
43; 0.
44; 0.
45; 0.
46; 0.
47; 0.
48; 0.
49; 0.
50; 0.
51; 0.
52; 0.
53; 0.
54; 0.
55; 0.
56; 0.
57; 0.
