================================================================================
Enclosure

1: 0
2: 0
3: 0
4: 0
5: 0
6: 5
7: 5
8: 0
9: 8
10: 9
12: 8
13: 12
14: 12
15: 0
16: 0
================================================================================
Initialisation

0; d(14); 0.
1; d(5); 10.
2; a(1,5); 10.
3; a(5,3); 10.
4; d(5); 10.
5; d(6); 10.
6; r(6,12); 10.
7; r(6,12); 10.
8; a(6,5); 10.
9; a(2,6); 0.
10; a(14,10); 10.
11; a(14,15); 0.
12; r(6,4); 10.
13; a(6,7); 10.
14; r(2,4); 0.
15; a(6,1); 10.
16; d(12); 0.
17; d(6); 10.
18; r(6,5); 10.
19; a(6,4); 10.
20; d(8); 0.
21; r(6,1); 10.
22; r(4,16); 0.
23; r(6,16); 10.
24; a(6,8); 10.
25; d(8); 0.
26; r(6,12); 10.
27; a(6,3); 10.
28; d(2); 0.
29; d(1); 4.
30; a(2,10); 10.
31; r(6,16); 10.
32; r(10,9); 10.
33; a(6,12); 10.
34; a(3,16); 0.
35; a(5,1); 10.
36; a(14,16); 20.
37; r(6,2); 10.
38; r(2,7); 0.
39; original; 10.
================================================================================
Generation 1

--------------------------------------------------------------------------------
Selection

0; 21
1; 31
2; 16
3; 35
4; 9
5; 1
6; 12
7; 22
8; 31
9; 29
10; 27
11; 10
12; 28
13; 9
14; 15
15; 9
16; 25
17; 8
18; 18
19; 28
20; 22
21; 37
22; 2
23; 31
24; 22
25; 2
26; 0
27; 26
28; 11
29; 32
30; 22
31; 39
32; 19
33; 2
34; 0
35; 7
36; 27
37; 34
38; 15
39; 27
--------------------------------------------------------------------------------
Crossover

0; 25, 26; d(8)
1; 25, 26; r(6,12)
2; 25; d(8)
3; 26; r(6,12)
4; 34; a(3,16)
5; 9; a(2,6)
6; 22, 22; r(4,16)
7; 22, 22; r(4,16)
8; 22; r(4,16)
9; 22; r(4,16)
10; 15; a(6,1)
11; 16; d(12)
12; 12, 2; r(6,4)
13; 12, 2; a(1,5)
14; 12; r(6,4)
15; 2; a(1,5)
16; 31; r(6,16)
17; 27; a(6,3)
18; 2; a(1,5)
19; 19; a(6,4)
20; 27, 29; a(6,3)
21; 27, 29; d(1)
22; 27; a(6,3)
23; 29; d(1)
24; 0; d(14)
25; 28; d(2)
26; 31, 0; r(6,16)
27; 31, 0; d(14)
28; 31; r(6,16)
29; 0; d(14)
30; 28; d(2)
31; 9; a(2,6)
32; 35; a(5,1)
33; 21; r(6,1)
34; 10; a(14,10)
35; 31; r(6,16)
36; 27; a(6,3)
37; 32; r(10,9)
38; 18; r(6,5)
39; 39; original
40; 15, 37; a(6,1)
41; 15, 37; r(6,2)
42; 15; a(6,1)
43; 37; r(6,2)
44; 7; r(6,12)
45; 8; a(6,5)
46; 11, 22; a(14,15)
47; 11, 22; r(4,16)
48; 11; a(14,15)
49; 22; r(4,16)
50; 1; d(5)
51; 2; a(1,5)
52; 9; a(2,6)
53; 22; r(4,16)
--------------------------------------------------------------------------------
Mutation

0; d(8) a(3,10)
1; r(6,12) d(1)
2; d(8) r(4,15)
3; r(6,12) d(10)
4; a(3,16) a(5,3)
5; a(2,6) r(3,1)
6; r(4,16) d(3)
7; r(4,16) r(6,12)
8; r(4,16) r(9,2)
9; r(4,16) d(6)
10; a(6,1) d(6)
11; d(12) a(6,5)
12; r(6,4) a(10,10)
13; a(1,5) a(6,13)
14; r(6,4) d(8)
15; a(1,5) a(4,13)
16; r(6,16) a(4,5)
17; a(6,3) a(6,16)
18; a(1,5) a(8,8)
19; a(6,4) a(3,8)
20; a(6,3) r(1,12)
21; d(1) r(3,7)
22; a(6,3) r(6,1)
23; d(1) d(6)
24; d(14) a(6,10)
25; d(2) d(3)
26; r(6,16) a(3,15)
27; d(14) a(6,12)
28; r(6,16) r(4,16)
29; d(14) a(6,14)
30; d(2) r(3,13)
31; a(2,6) a(6,7)
32; a(5,1) a(1,13)
33; r(6,1) a(5,10)
34; a(14,10) d(1)
35; r(6,16) r(10,12)
36; a(6,3) a(1,10)
37; r(10,9) r(6,2)
38; r(6,5) r(5,6)
39; r(1,15)
40; a(6,1) a(5,7)
41; r(6,2) a(9,14)
42; a(6,1) r(10,14)
43; r(6,2) a(4,16)
44; r(6,12) a(5,16)
45; a(6,5) d(6)
46; a(14,15) a(6,15)
47; r(4,16) r(5,6)
48; a(14,15) r(9,12)
49; r(4,16) a(6,16)
50; d(5) d(1)
51; a(1,5) a(6,12)
52; a(2,6) r(6,7)
53; r(4,16) a(12,7)
--------------------------------------------------------------------------------
Evaluation

0; 0.
1; 4.
2; 0.
3; 10.
4; 0.
5; 0.
6; 0.
7; 0.
8; 0.
9; 0.
10; 10.
11; 0.
12; 10.
13; 10.
14; 0.
15; 5.
16; 30.
17; 30.
18; 10.
19; 10.
20; 4.
21; 0.
22; 10.
23; 4.
24; 0.
25; 0.
26; 0.
27; 0.
28; 0.
29; 0.
30; 0.
31; 0.
32; 10.
33; 10.
34; 4.
35; 10.
36; 10.
37; 10.
38; 0.
39; 0.
40; 10.
41; 0.
42; 0.
43; 0.
44; 0.
45; 10.
46; 0.
47; 0.
48; 0.
49; 0.
50; 4.
51; 10.
52; 0.
53; 0.
================================================================================
Generation 2

--------------------------------------------------------------------------------
Selection

0; 31
1; 9
2; 9
3; 50
4; 46
5; 14
6; 20
7; 43
8; 28
9; 48
10; 8
11; 9
12; 9
13; 42
14; 4
15; 28
16; 28
17; 42
18; 0
19; 14
20; 53
21; 29
22; 6
23; 2
24; 18
25; 38
26; 24
27; 13
28; 8
29; 5
30; 52
31; 2
32; 53
33; 9
34; 29
35; 28
36; 41
37; 8
38; 41
39; 43
--------------------------------------------------------------------------------
Crossover

0; 29, 6; d(14) a(6,14) d(3)
1; 29, 6; r(4,16)
2; 29; d(14) a(6,14)
3; 6; r(4,16) d(3)
4; 14; r(6,4) d(8)
5; 8; r(4,16) r(9,2)
6; 14, 0; r(6,4)
7; 14, 0; d(8) a(3,10) d(8)
8; 14; r(6,4) d(8)
9; 0; d(8) a(3,10)
10; 50, 53; d(5)
11; 50, 53; r(4,16) a(12,7) d(1)
12; 50; d(5) d(1)
13; 53; r(4,16) a(12,7)
14; 41, 9; r(6,2)
15; 41, 9; r(4,16) d(6) a(9,14)
16; 41; r(6,2) a(9,14)
17; 9; r(4,16) d(6)
18; 43; r(6,2) a(4,16)
19; 5; a(2,6) r(3,1)
20; 41; r(6,2) a(9,14)
21; 52; a(2,6) r(6,7)
22; 46; a(14,15) a(6,15)
23; 9; r(4,16) d(6)
24; 28; r(6,16) r(4,16)
25; 9; r(4,16) d(6)
26; 20, 43; a(6,3)
27; 20, 43; r(6,2) a(4,16) r(1,12)
28; 20; a(6,3) r(1,12)
29; 43; r(6,2) a(4,16)
30; 31, 42; a(2,6) a(6,7) r(10,14)
31; 31, 42; a(6,1)
32; 31; a(2,6) a(6,7)
33; 42; a(6,1) r(10,14)
34; 8, 9; r(4,16) r(9,2) d(6)
35; 8, 9; r(4,16)
36; 8; r(4,16) r(9,2)
37; 9; r(4,16) d(6)
38; 48, 8; a(14,15)
39; 48, 8; r(4,16) r(9,2) r(9,12)
40; 48; a(14,15) r(9,12)
41; 8; r(4,16) r(9,2)
42; 53; r(4,16) a(12,7)
43; 2; d(8) r(4,15)
44; 42; a(6,1) r(10,14)
45; 38; r(6,5) r(5,6)
46; 2; d(8) r(4,15)
47; 28; r(6,16) r(4,16)
48; 13, 24; a(1,5)
49; 13, 24; d(14) a(6,10) a(6,13)
50; 13; a(1,5) a(6,13)
51; 24; d(14) a(6,10)
52; 9, 28; r(4,16) d(6)
53; 9, 28; r(6,16) r(4,16)
54; 9; r(4,16) d(6)
55; 28; r(6,16) r(4,16)
56; 28, 4; r(6,16) r(4,16)
57; 28, 4; a(3,16) a(5,3)
58; 28; r(6,16) r(4,16)
59; 4; a(3,16) a(5,3)
60; 29, 18; d(14) a(8,8)
61; 29, 18; a(1,5) a(6,14)
62; 29; d(14) a(6,14)
63; 18; a(1,5) a(8,8)
--------------------------------------------------------------------------------
Mutation

0; d(14) a(6,14) d(3) r(10,3)
1; r(4,16) r(12,6)
2; d(14) a(6,14) r(6,7)
3; r(4,16) d(3) a(6,5)
4; r(6,4) d(8) r(3,4)
5; r(4,16) r(9,2) a(6,1)
6; r(6,4) r(4,13)
7; d(8) a(3,10) d(8) a(6,10)
8; r(6,4) d(8) a(5,13)
9; d(8) a(3,10) a(6,3)
10; d(5) a(3,1)
11; r(4,16) a(12,7) d(1) a(6,5)
12; d(5) d(1) r(8,6)
13; r(4,16) a(12,7) a(6,4)
14; r(6,2) r(14,12)
15; r(4,16) d(6) a(9,14) a(2,8)
16; r(6,2) a(9,14) d(4)
17; r(4,16) d(6) r(8,5)
18; r(6,2) a(4,16) r(1,14)
19; a(2,6) r(3,1) a(8,3)
20; r(6,2) a(9,14) r(2,15)
21; a(2,6) r(6,7) r(3,12)
22; a(14,15) a(6,15) a(6,14)
23; r(4,16) d(6) r(8,13)
24; r(6,16) r(4,16) r(10,8)
25; r(4,16) d(6) r(9,14)
26; a(6,3) a(6,14)
27; r(6,2) a(4,16) r(1,12) d(3)
28; a(6,3) r(1,12) d(6)
29; r(6,2) a(4,16) r(12,3)
30; a(2,6) a(6,7) r(10,14) r(6,15)
31; a(6,1) d(6)
32; a(2,6) a(6,7) a(6,1)
33; a(6,1) r(10,14) a(6,4)
34; r(4,16) r(9,2) d(6) d(2)
35; r(4,16) r(6,5)
36; r(4,16) r(9,2) a(14,5)
37; r(4,16) d(6) r(12,7)
38; a(14,15) d(5)
39; r(4,16) r(9,2) r(9,12) r(8,12)
40; a(14,15) r(9,12) d(6)
41; r(4,16) r(9,2) r(3,6)
42; r(4,16) a(12,7) a(2,12)
43; d(8) r(4,15) a(3,15)
44; a(6,1) r(10,14) r(4,5)
45; r(6,5) r(5,6) d(3)
46; d(8) r(4,15) d(6)
47; r(6,16) r(4,16) a(2,3)
48; a(1,5) d(6)
49; d(14) a(6,10) a(6,13) a(2,7)
50; a(1,5) a(6,13) r(6,15)
51; d(14) a(6,10) d(6)
52; r(4,16) d(6) a(2,12)
53; r(6,16) r(4,16) a(5,7)
54; r(4,16) d(6) r(2,13)
55; r(6,16) r(4,16) d(1)
56; r(6,16) r(4,16) a(3,3)
57; a(3,16) a(5,3) a(3,3)
58; r(6,16) r(4,16) d(14)
59; a(3,16) a(5,3) r(6,12)
60; d(14) a(8,8) d(6)
61; a(1,5) a(6,14) a(12,3)
62; d(14) a(6,14) a(6,5)
63; a(1,5) a(8,8) d(6)
--------------------------------------------------------------------------------
Evaluation

0; 0.
1; 0.
2; 0.
3; 0.
4; 0.
5; 0.
6; 0.
7; 0.
8; 0.
9; 0.
10; 10.
11; 0.
12; 0.
13; 0.
14; 10.
15; 0.
16; 0.
17; 0.
18; 0.
19; 0.
20; 0.
21; 0.
22; 0.
23; 0.
24; 0.
25; 0.
26; 10.
27; 0.
28; 4.
29; 0.
30; 0.
31; 10.
32; 0.
33; 0.
34; 0.
35; 0.
36; 0.
37; 0.
38; 0.
39; 0.
40; 0.
41; 0.
42; 0.
43; 0.
44; 0.
45; 0.
46; 0.
47; 0.
48; 10.
49; 0.
50; 10.
51; 0.
52; 0.
53; 0.
54; 0.
55; 0.
56; 0.
57; 0.
58; 0.
59; 0.
60; 0.
61; 10.
62; 0.
63; 10.
================================================================================
Generation 3

--------------------------------------------------------------------------------
Selection

0; 9
1; 15
2; 35
3; 37
4; 49
5; 47
6; 55
7; 10
8; 22
9; 58
10; 57
11; 55
12; 49
13; 12
14; 22
15; 37
16; 53
17; 29
18; 13
19; 28
20; 59
21; 56
22; 25
23; 38
24; 29
25; 24
26; 41
27; 11
28; 35
29; 42
30; 25
31; 51
32; 38
33; 34
34; 28
35; 12
36; 12
37; 54
38; 47
39; 45
--------------------------------------------------------------------------------
Crossover

0; 49; d(14) a(6,10) a(6,13) a(2,7)
1; 10; d(5) a(3,1)
2; 41, 58; r(4,16)
3; 41, 58; r(6,16) r(4,16) d(14) r(9,2) r(3,6)
4; 41; r(4,16) r(9,2) r(3,6)
5; 58; r(6,16) r(4,16) d(14)
6; 12; d(5) d(1) r(8,6)
7; 38; a(14,15) d(5)
8; 45, 12; r(6,5) r(5,6) d(1) r(8,6)
9; 45, 12; d(5) d(3)
10; 45; r(6,5) r(5,6) d(3)
11; 12; d(5) d(1) r(8,6)
12; 57, 22; a(3,16) a(5,3) a(6,15) a(6,14)
13; 57, 22; a(14,15) a(3,3)
14; 57; a(3,16) a(5,3) a(3,3)
15; 22; a(14,15) a(6,15) a(6,14)
16; 35; r(4,16) r(6,5)
17; 37; r(4,16) d(6) r(12,7)
18; 49, 38; d(14) a(6,10) a(6,13) a(2,7) d(5)
19; 49, 38; a(14,15)
20; 49; d(14) a(6,10) a(6,13) a(2,7)
21; 38; a(14,15) d(5)
22; 37; r(4,16) d(6) r(12,7)
23; 29; r(6,2) a(4,16) r(12,3)
24; 13; r(4,16) a(12,7) a(6,4)
25; 12; d(5) d(1) r(8,6)
26; 53, 54; r(6,16) r(4,16) a(5,7)
27; 53, 54; r(4,16) d(6) r(2,13)
28; 53; r(6,16) r(4,16) a(5,7)
29; 54; r(4,16) d(6) r(2,13)
30; 11; r(4,16) a(12,7) d(1) a(6,5)
31; 47; r(6,16) r(4,16) a(2,3)
32; 28, 47; a(6,3) a(2,3)
33; 28, 47; r(6,16) r(4,16) r(1,12) d(6)
34; 28; a(6,3) r(1,12) d(6)
35; 47; r(6,16) r(4,16) a(2,3)
36; 22, 56; a(14,15) a(6,15) a(6,14) r(4,16) a(3,3)
37; 22, 56; r(6,16)
38; 22; a(14,15) a(6,15) a(6,14)
39; 56; r(6,16) r(4,16) a(3,3)
40; 34; r(4,16) r(9,2) d(6) d(2)
41; 24; r(6,16) r(4,16) r(10,8)
42; 35; r(4,16) r(6,5)
43; 25; r(4,16) d(6) r(9,14)
44; 28; a(6,3) r(1,12) d(6)
45; 29; r(6,2) a(4,16) r(12,3)
46; 59; a(3,16) a(5,3) r(6,12)
47; 25; r(4,16) d(6) r(9,14)
48; 55; r(6,16) r(4,16) d(1)
49; 42; r(4,16) a(12,7) a(2,12)
50; 9, 15; d(8) d(6) a(9,14) a(2,8)
51; 9, 15; r(4,16) a(3,10) a(6,3)
52; 9; d(8) a(3,10) a(6,3)
53; 15; r(4,16) d(6) a(9,14) a(2,8)
54; 51; d(14) a(6,10) d(6)
55; 55; r(6,16) r(4,16) d(1)
--------------------------------------------------------------------------------
Mutation

0; d(14) a(6,10) a(6,13) a(2,7) d(6)
1; d(5) a(3,1) r(2,7)
2; r(4,16) a(6,12)
3; r(6,16) r(4,16) d(14) r(9,2) r(3,6) r(12,4)
4; r(4,16) r(9,2) r(3,6) d(6)
5; r(6,16) r(4,16) d(14) d(9)
6; d(5) d(1) r(8,6) a(3,7)
7; a(14,15) d(5) a(12,14)
8; r(6,5) r(5,6) d(1) r(8,6) d(3)
9; d(5) d(3) a(9,13)
10; r(6,5) r(5,6) d(3) d(1)
11; d(5) d(1) r(8,6) r(2,15)
12; a(3,16) a(5,3) a(6,15) a(6,14) r(2,6)
13; a(14,15) a(3,3) a(6,15)
14; a(3,16) a(5,3) a(3,3) a(5,12)
15; a(14,15) a(6,15) a(6,14) d(6)
16; r(4,16) r(6,5) d(14)
17; r(4,16) d(6) r(12,7) a(3,15)
18; d(14) a(6,10) a(6,13) a(2,7) d(5) a(3,16)
19; a(14,15) d(9)
20; d(14) a(6,10) a(6,13) a(2,7) d(6)
21; a(14,15) d(5) d(3)
22; r(4,16) d(6) r(12,7) d(5)
23; r(6,2) a(4,16) r(12,3) a(9,4)
24; r(4,16) a(12,7) a(6,4) a(12,1)
25; d(5) d(1) r(8,6) a(3,13)
26; r(6,16) r(4,16) a(5,7) a(10,16)
27; r(4,16) d(6) r(2,13) r(5,1)
28; r(6,16) r(4,16) a(5,7) r(5,12)
29; r(4,16) d(6) r(2,13) d(5)
30; r(4,16) a(12,7) d(1) a(6,5) a(6,1)
31; r(6,16) r(4,16) a(2,3) d(10)
32; a(6,3) a(2,3) a(6,14)
33; r(6,16) r(4,16) r(1,12) d(6) a(2,16)
34; a(6,3) r(1,12) d(6) r(10,15)
35; r(6,16) r(4,16) a(2,3) d(2)
36; a(14,15) a(6,15) a(6,14) r(4,16) a(3,3) a(6,13)
37; r(6,16) d(10)
38; a(14,15) a(6,15) a(6,14) a(5,6)
39; r(6,16) r(4,16) a(3,3) r(1,8)
40; r(4,16) r(9,2) d(6) d(2) a(1,8)
41; r(6,16) r(4,16) r(10,8) r(1,8)
42; r(4,16) r(6,5) r(9,10)
43; r(4,16) d(6) r(9,14) d(5)
44; a(6,3) r(1,12) d(6) d(5)
45; r(6,2) a(4,16) r(12,3) a(4,15)
46; a(3,16) a(5,3) r(6,12) r(14,7)
47; r(4,16) d(6) r(9,14) d(2)
48; r(6,16) r(4,16) d(1) r(5,6)
49; r(4,16) a(12,7) a(2,12) a(6,12)
50; d(8) d(6) a(9,14) a(2,8) d(1)
51; r(4,16) a(3,10) a(6,3) a(6,13)
52; d(8) a(3,10) a(6,3) r(6,8)
53; r(4,16) d(6) a(9,14) a(2,8) r(14,3)
54; d(14) a(6,10) d(6) a(4,13)
55; r(6,16) r(4,16) d(1) a(3,7)
--------------------------------------------------------------------------------
Evaluation

0; 0.
1; 0.
2; 0.
3; 0.
4; 0.
5; 0.
6; 0.
7; 0.
8; 0.
9; 0.
10; 0.
11; 0.
12; 0.
13; 0.
14; 0.
15; 0.
16; 0.
17; 0.
18; 0.
19; 0.
20; 0.
21; 0.
22; 0.
23; 0.
24; 0.
25; 0.
26; 0.
27; 0.
28; 0.
29; 0.
30; 0.
31; 0.
32; 10.
33; 0.
34; 0.
35; 0.
36; 0.
37; 10.
38; 0.
39; 0.
40; 0.
41; 0.
42; 0.
43; 0.
44; 4.
45; 0.
46; 0.
47; 0.
48; 0.
49; 0.
50; 0.
51; 0.
52; 0.
53; 0.
54; 0.
55; 0.
================================================================================
Generation 4

--------------------------------------------------------------------------------
Selection

0; 9
1; 22
2; 25
3; 28
4; 30
5; 30
6; 26
7; 12
8; 13
9; 39
10; 34
11; 2
12; 18
13; 19
14; 34
15; 39
16; 27
17; 43
18; 40
19; 9
20; 21
21; 23
22; 22
23; 45
24; 0
25; 6
26; 34
27; 46
28; 14
29; 55
30; 28
31; 9
32; 52
33; 46
34; 46
35; 8
36; 28
37; 45
38; 49
39; 42
--------------------------------------------------------------------------------
Crossover

0; 21; a(14,15) d(5) d(3)
1; 39; r(6,16) r(4,16) a(3,3) r(1,8)
2; 34, 34; a(6,3) r(1,12) d(6) r(10,15)
3; 34, 34; a(6,3) r(1,12) d(6) r(10,15)
4; 34; a(6,3) r(1,12) d(6) r(10,15)
5; 34; a(6,3) r(1,12) d(6) r(10,15)
6; 30; r(4,16) a(12,7) d(1) a(6,5) a(6,1)
7; 46; a(3,16) a(5,3) r(6,12) r(14,7)
8; 49; r(4,16) a(12,7) a(2,12) a(6,12)
9; 52; d(8) a(3,10) a(6,3) r(6,8)
10; 30, 25; r(4,16) a(12,7) d(1) a(6,5) a(6,1)
11; 30, 25; d(5) d(1) r(8,6) a(3,13)
12; 30; r(4,16) a(12,7) d(1) a(6,5) a(6,1)
13; 25; d(5) d(1) r(8,6) a(3,13)
14; 12; a(3,16) a(5,3) a(6,15) a(6,14) r(2,6)
15; 39; r(6,16) r(4,16) a(3,3) r(1,8)
16; 46; a(3,16) a(5,3) r(6,12) r(14,7)
17; 9; d(5) d(3) a(9,13)
18; 28; r(6,16) r(4,16) a(5,7) r(5,12)
19; 43; r(4,16) d(6) r(9,14) d(5)
20; 42, 19; r(4,16) r(6,5) r(9,10) d(9)
21; 42, 19; a(14,15)
22; 42; r(4,16) r(6,5) r(9,10)
23; 19; a(14,15) d(9)
24; 23, 55; r(6,2) a(4,16) a(3,7)
25; 23, 55; r(6,16) r(4,16) d(1) r(12,3) a(9,4)
26; 23; r(6,2) a(4,16) r(12,3) a(9,4)
27; 55; r(6,16) r(4,16) d(1) a(3,7)
28; 2; r(4,16) a(6,12)
29; 18; d(14) a(6,10) a(6,13) a(2,7) d(5) a(3,16)
30; 0; d(14) a(6,10) a(6,13) a(2,7) d(6)
31; 22; r(4,16) d(6) r(12,7) d(5)
32; 45, 28; r(6,2) a(4,16) r(5,12)
33; 45, 28; r(6,16) r(4,16) a(5,7) r(12,3) a(4,15)
34; 45; r(6,2) a(4,16) r(12,3) a(4,15)
35; 28; r(6,16) r(4,16) a(5,7) r(5,12)
36; 8; r(6,5) r(5,6) d(1) r(8,6) d(3)
37; 9; d(5) d(3) a(9,13)
38; 34, 28; a(6,3) r(1,12) d(6) r(10,15) r(4,16) a(5,7) r(5,12)
39; 34, 28; r(6,16)
40; 34; a(6,3) r(1,12) d(6) r(10,15)
41; 28; r(6,16) r(4,16) a(5,7) r(5,12)
42; 27, 45; r(4,16) d(6) r(2,13) r(5,1) a(4,16) r(12,3) a(4,15)
43; 27, 45; r(6,2)
44; 27; r(4,16) d(6) r(2,13) r(5,1)
45; 45; r(6,2) a(4,16) r(12,3) a(4,15)
46; 22, 14; r(4,16) d(6) r(12,7) d(5) a(3,3) a(5,12)
47; 22, 14; a(3,16) a(5,3)
48; 22; r(4,16) d(6) r(12,7) d(5)
49; 14; a(3,16) a(5,3) a(3,3) a(5,12)
50; 6; d(5) d(1) r(8,6) a(3,7)
51; 46; a(3,16) a(5,3) r(6,12) r(14,7)
52; 26; r(6,16) r(4,16) a(5,7) a(10,16)
53; 13; a(14,15) a(3,3) a(6,15)
54; 40, 9; r(4,16) r(9,2) d(6) a(9,13)
55; 40, 9; d(5) d(3) d(2) a(1,8)
56; 40; r(4,16) r(9,2) d(6) d(2) a(1,8)
57; 9; d(5) d(3) a(9,13)
--------------------------------------------------------------------------------
Mutation

0; a(14,15) d(5) d(3) a(10,7)
1; r(6,16) r(4,16) a(3,3) r(1,8) a(12,8)
2; a(6,3) r(1,12) d(6) r(10,15) r(3,12)
3; a(6,3) r(1,12) d(6) r(10,15) a(5,12)
4; a(6,3) r(1,12) d(6) r(10,15) r(5,7)
5; a(6,3) r(1,12) d(6) r(10,15) d(9)
6; r(4,16) a(12,7) d(1) a(6,5) a(6,1) d(6)
7; a(3,16) a(5,3) r(6,12) r(14,7) d(4)
8; r(4,16) a(12,7) a(2,12) a(6,12) d(6)
9; d(8) a(3,10) a(6,3) r(6,8) d(2)
10; r(4,16) a(12,7) d(1) a(6,5) a(6,1) a(9,2)
11; d(5) d(1) r(8,6) a(3,13) r(4,5)
12; r(4,16) a(12,7) d(1) a(6,5) a(6,1) d(12)
13; d(5) d(1) r(8,6) a(3,13) d(2)
14; a(3,16) a(5,3) a(6,15) a(6,14) r(2,6) r(10,13)
15; r(6,16) r(4,16) a(3,3) r(1,8) r(8,16)
16; a(3,16) a(5,3) r(6,12) r(14,7) d(10)
17; d(5) d(3) a(9,13) d(1)
18; r(6,16) r(4,16) a(5,7) r(5,12) r(1,7)
19; r(4,16) d(6) r(9,14) d(5) d(2)
20; r(4,16) r(6,5) r(9,10) d(9) r(14,1)
21; a(14,15) a(2,7)
22; r(4,16) r(6,5) r(9,10) a(8,7)
23; a(14,15) d(9) r(12,6)
24; r(6,2) a(4,16) a(3,7) r(8,13)
25; r(6,16) r(4,16) d(1) r(12,3) a(9,4) d(10)
26; r(6,2) a(4,16) r(12,3) a(9,4) a(4,10)
27; r(6,16) r(4,16) d(1) a(3,7) a(14,8)
28; r(4,16) a(6,12) a(9,3)
29; d(14) a(6,10) a(6,13) a(2,7) d(5) a(3,16) d(10)
30; d(14) a(6,10) a(6,13) a(2,7) d(6) d(9)
31; r(4,16) d(6) r(12,7) d(5) d(1)
32; r(6,2) a(4,16) r(5,12) a(14,8)
33; r(6,16) r(4,16) a(5,7) r(12,3) a(4,15) d(8)
34; r(6,2) a(4,16) r(12,3) a(4,15) a(10,16)
35; r(6,16) r(4,16) a(5,7) r(5,12) r(12,2)
36; r(6,5) r(5,6) d(1) r(8,6) d(3) a(4,5)
37; d(5) d(3) a(9,13) a(2,16)
38; a(6,3) r(1,12) d(6) r(10,15) r(4,16) a(5,7) r(5,12) a(2,14)
39; r(6,16) r(10,2)
40; a(6,3) r(1,12) d(6) r(10,15) d(9)
41; r(6,16) r(4,16) a(5,7) r(5,12) d(14)
42; r(4,16) d(6) r(2,13) r(5,1) a(4,16) r(12,3) a(4,15) a(8,13)
43; r(6,2) r(5,1)
44; r(4,16) d(6) r(2,13) r(5,1) r(8,1)
45; r(6,2) a(4,16) r(12,3) a(4,15) r(10,4)
46; r(4,16) d(6) r(12,7) d(5) a(3,3) a(5,12) d(2)
47; a(3,16) a(5,3) a(6,7)
48; r(4,16) d(6) r(12,7) d(5) r(1,5)
49; a(3,16) a(5,3) a(3,3) a(5,12) r(6,1)
50; d(5) d(1) r(8,6) a(3,7) a(3,13)
51; a(3,16) a(5,3) r(6,12) r(14,7) d(3)
52; r(6,16) r(4,16) a(5,7) a(10,16) a(10,4)
53; a(14,15) a(3,3) a(6,15) a(6,13)
54; r(4,16) r(9,2) d(6) a(9,13) a(12,12)
55; d(5) d(3) d(2) a(1,8) d(4)
56; r(4,16) r(9,2) d(6) d(2) a(1,8) d(8)
57; d(5) d(3) a(9,13) d(8)
--------------------------------------------------------------------------------
Evaluation

0; 0.
1; 0.
2; 0.
3; 0.
4; 0.
5; 0.
6; 0.
7; 0.
8; 0.
9; 0.
10; 0.
11; 0.
12; 0.
13; 0.
14; 0.
15; 0.
16; 0.
17; 0.
18; 0.
19; 0.
20; 0.
21; 0.
22; 0.
23; 0.
24; 0.
25; 0.
26; 0.
27; 0.
28; 0.
29; 0.
30; 0.
31; 0.
32; 0.
33; 0.
34; 0.
35; 0.
36; 0.
37; 0.
38; 0.
39; 0.
40; 0.
41; 0.
42; 0.
43; 10.
44; 0.
45; 0.
46; 0.
47; 0.
48; 0.
49; 0.
50; 0.
51; 0.
52; 0.
53; 0.
54; 0.
55; 0.
56; 0.
57; 0.
================================================================================
Generation 5

--------------------------------------------------------------------------------
Selection

0; 41
1; 18
2; 23
3; 49
4; 46
5; 52
6; 36
7; 17
8; 1
9; 10
10; 18
11; 9
12; 21
13; 32
14; 15
15; 9
16; 53
17; 50
18; 42
19; 10
20; 47
21; 26
22; 38
23; 36
24; 3
25; 37
26; 47
27; 52
28; 56
29; 28
30; 52
31; 15
32; 17
33; 20
34; 39
35; 54
36; 52
37; 50
38; 50
39; 2
--------------------------------------------------------------------------------
Crossover

0; 36, 18; r(6,5) r(5,6) d(1) r(8,6) d(3) r(4,16) a(5,7) r(5,12) r(1,7)
1; 36, 18; r(6,16) a(4,5)
2; 36; r(6,5) r(5,6) d(1) r(8,6) d(3) a(4,5)
3; 18; r(6,16) r(4,16) a(5,7) r(5,12) r(1,7)
4; 1, 17; r(6,16) r(4,16)
5; 1, 17; d(5) d(3) a(9,13) d(1) a(3,3) r(1,8) a(12,8)
6; 1; r(6,16) r(4,16) a(3,3) r(1,8) a(12,8)
7; 17; d(5) d(3) a(9,13) d(1)
8; 9, 53; d(8) a(3,10) a(6,13)
9; 9, 53; a(14,15) a(3,3) a(6,15) a(6,3) r(6,8) d(2)
10; 9; d(8) a(3,10) a(6,3) r(6,8) d(2)
11; 53; a(14,15) a(3,3) a(6,15) a(6,13)
12; 32; r(6,2) a(4,16) r(5,12) a(14,8)
13; 18; r(6,16) r(4,16) a(5,7) r(5,12) r(1,7)
14; 36; r(6,5) r(5,6) d(1) r(8,6) d(3) a(4,5)
15; 50; d(5) d(1) r(8,6) a(3,7) a(3,13)
16; 46, 9; r(4,16) d(6) r(12,7) d(5) a(3,3) a(5,12) d(2) a(6,3) r(6,8) d(2)
17; 46, 9; d(8) a(3,10)
18; 46; r(4,16) d(6) r(12,7) d(5) a(3,3) a(5,12) d(2)
19; 9; d(8) a(3,10) a(6,3) r(6,8) d(2)
20; 37, 38; d(5) d(3) r(10,15) r(4,16) a(5,7) r(5,12) a(2,14)
21; 37, 38; a(6,3) r(1,12) d(6) a(9,13) a(2,16)
22; 37; d(5) d(3) a(9,13) a(2,16)
23; 38; a(6,3) r(1,12) d(6) r(10,15) r(4,16) a(5,7) r(5,12) a(2,14)
24; 50; d(5) d(1) r(8,6) a(3,7) a(3,13)
25; 49; a(3,16) a(5,3) a(3,3) a(5,12) r(6,1)
26; 52; r(6,16) r(4,16) a(5,7) a(10,16) a(10,4)
27; 10; r(4,16) a(12,7) d(1) a(6,5) a(6,1) a(9,2)
28; 3, 52; a(6,3) a(10,4)
29; 3, 52; r(6,16) r(4,16) a(5,7) a(10,16) r(1,12) d(6) r(10,15) a(5,12)
30; 3; a(6,3) r(1,12) d(6) r(10,15) a(5,12)
31; 52; r(6,16) r(4,16) a(5,7) a(10,16) a(10,4)
32; 54, 23; r(4,16) r(9,2) d(6) d(9) r(12,6)
33; 54, 23; a(14,15) a(9,13) a(12,12)
34; 54; r(4,16) r(9,2) d(6) a(9,13) a(12,12)
35; 23; a(14,15) d(9) r(12,6)
36; 39; r(6,16) r(10,2)
37; 2; a(6,3) r(1,12) d(6) r(10,15) r(3,12)
38; 52; r(6,16) r(4,16) a(5,7) a(10,16) a(10,4)
39; 17; d(5) d(3) a(9,13) d(1)
40; 26; r(6,2) a(4,16) r(12,3) a(9,4) a(4,10)
41; 50; d(5) d(1) r(8,6) a(3,7) a(3,13)
42; 21; a(14,15) a(2,7)
43; 10; r(4,16) a(12,7) d(1) a(6,5) a(6,1) a(9,2)
44; 52; r(6,16) r(4,16) a(5,7) a(10,16) a(10,4)
45; 28; r(4,16) a(6,12) a(9,3)
46; 47, 15; a(3,16) a(3,3) r(1,8) r(8,16)
47; 47, 15; r(6,16) r(4,16) a(5,3) a(6,7)
48; 47; a(3,16) a(5,3) a(6,7)
49; 15; r(6,16) r(4,16) a(3,3) r(1,8) r(8,16)
50; 20, 15; r(4,16) r(6,5) r(9,10)
51; 20, 15; r(6,16) r(4,16) a(3,3) r(1,8) r(8,16) d(9) r(14,1)
52; 20; r(4,16) r(6,5) r(9,10) d(9) r(14,1)
53; 15; r(6,16) r(4,16) a(3,3) r(1,8) r(8,16)
54; 47, 42; a(3,16) a(5,3) a(6,7) a(8,13)
55; 47, 42; r(4,16) d(6) r(2,13) r(5,1) a(4,16) r(12,3) a(4,15)
56; 47; a(3,16) a(5,3) a(6,7)
57; 42; r(4,16) d(6) r(2,13) r(5,1) a(4,16) r(12,3) a(4,15) a(8,13)
58; 56, 41; r(4,16) r(9,2) d(6) d(2) r(5,12) d(14)
59; 56, 41; r(6,16) r(4,16) a(5,7) a(1,8) d(8)
60; 56; r(4,16) r(9,2) d(6) d(2) a(1,8) d(8)
61; 41; r(6,16) r(4,16) a(5,7) r(5,12) d(14)
--------------------------------------------------------------------------------
Mutation

0; r(6,5) r(5,6) d(1) r(8,6) d(3) r(4,16) a(5,7) r(5,12) r(1,7) a(2,7)
1; r(6,16) a(4,5) a(8,4)
2; r(6,5) r(5,6) d(1) r(8,6) d(3) a(4,5) a(2,14)
3; r(6,16) r(4,16) a(5,7) r(5,12) r(1,7) r(8,5)
4; r(6,16) r(4,16) a(12,8)
5; d(5) d(3) a(9,13) d(1) a(3,3) r(1,8) a(12,8) d(9)
6; r(6,16) r(4,16) a(3,3) r(1,8) a(12,8) d(2)
7; d(5) d(3) a(9,13) d(1) d(14)
8; d(8) a(3,10) a(6,13) d(6)
9; a(14,15) a(3,3) a(6,15) a(6,3) r(6,8) d(2) a(1,3)
10; d(8) a(3,10) a(6,3) r(6,8) d(2) d(4)
11; a(14,15) a(3,3) a(6,15) a(6,13) r(12,10)
12; r(6,2) a(4,16) r(5,12) a(14,8) r(4,14)
13; r(6,16) r(4,16) a(5,7) r(5,12) r(1,7) r(8,10)
14; r(6,5) r(5,6) d(1) r(8,6) d(3) a(4,5) a(2,15)
15; d(5) d(1) r(8,6) a(3,7) a(3,13) r(4,2)
16; r(4,16) d(6) r(12,7) d(5) a(3,3) a(5,12) d(2) a(6,3) r(6,8) d(2) a(3,7)
17; d(8) a(3,10) r(6,2)
18; r(4,16) d(6) r(12,7) d(5) a(3,3) a(5,12) d(2) r(1,3)
19; d(8) a(3,10) a(6,3) r(6,8) d(2) r(3,6)
20; d(5) d(3) r(10,15) r(4,16) a(5,7) r(5,12) a(2,14) a(1,12)
21; a(6,3) r(1,12) d(6) a(9,13) a(2,16) a(3,2)
22; d(5) d(3) a(9,13) a(2,16) d(1)
23; a(6,3) r(1,12) d(6) r(10,15) r(4,16) a(5,7) r(5,12) a(2,14) a(14,3)
24; d(5) d(1) r(8,6) a(3,7) a(3,13) d(2)
25; a(3,16) a(5,3) a(3,3) a(5,12) r(6,1) a(2,4)
26; r(6,16) r(4,16) a(5,7) a(10,16) a(10,4) a(9,1)
27; r(4,16) a(12,7) d(1) a(6,5) a(6,1) a(9,2) a(6,1)
28; a(6,3) a(10,4) r(3,12)
29; r(6,16) r(4,16) a(5,7) a(10,16) r(1,12) d(6) r(10,15) a(5,12) r(14,1)
30; a(6,3) r(1,12) d(6) r(10,15) a(5,12) a(9,9)
31; r(6,16) r(4,16) a(5,7) a(10,16) a(10,4) r(2,10)
32; r(4,16) r(9,2) d(6) d(9) r(12,6) a(1,6)
33; a(14,15) a(9,13) a(12,12) a(8,14)
34; r(4,16) r(9,2) d(6) a(9,13) a(12,12) r(2,15)
35; a(14,15) d(9) r(12,6) d(4)
36; r(6,16) r(10,2) a(2,7)
37; a(6,3) r(1,12) d(6) r(10,15) r(3,12) a(5,14)
38; r(6,16) r(4,16) a(5,7) a(10,16) a(10,4) a(9,6)
39; d(5) d(3) a(9,13) d(1) r(14,15)
40; r(6,2) a(4,16) r(12,3) a(9,4) a(4,10) a(2,8)
41; d(5) d(1) r(8,6) a(3,7) a(3,13) r(3,7)
42; a(14,15) a(2,7) a(12,3)
43; r(4,16) a(12,7) d(1) a(6,5) a(6,1) a(9,2) d(6)
44; r(6,16) r(4,16) a(5,7) a(10,16) a(10,4) a(3,16)
45; r(4,16) a(6,12) a(9,3) r(10,1)
46; a(3,16) a(3,3) r(1,8) r(8,16) d(3)
47; r(6,16) r(4,16) a(5,3) a(6,7) a(12,1)
48; a(3,16) a(5,3) a(6,7) r(6,12)
49; r(6,16) r(4,16) a(3,3) r(1,8) r(8,16) a(2,8)
50; r(4,16) r(6,5) r(9,10) a(3,8)
51; r(6,16) r(4,16) a(3,3) r(1,8) r(8,16) d(9) r(14,1) d(2)
52; r(4,16) r(6,5) r(9,10) d(9) r(14,1) a(1,2)
53; r(6,16) r(4,16) a(3,3) r(1,8) r(8,16) r(3,13)
54; a(3,16) a(5,3) a(6,7) a(8,13) d(4)
55; r(4,16) d(6) r(2,13) r(5,1) a(4,16) r(12,3) a(4,15) r(10,1)
56; a(3,16) a(5,3) a(6,7) d(8)
57; r(4,16) d(6) r(2,13) r(5,1) a(4,16) r(12,3) a(4,15) a(8,13) r(8,1)
58; r(4,16) r(9,2) d(6) d(2) r(5,12) d(14) a(12,14)
59; r(6,16) r(4,16) a(5,7) a(1,8) d(8) d(2)
60; r(4,16) r(9,2) d(6) d(2) a(1,8) d(8) r(5,10)
61; r(6,16) r(4,16) a(5,7) r(5,12) d(14) a(1,6)
--------------------------------------------------------------------------------
Evaluation

0; 0.
1; 30.
2; 0.
3; 0.
4; 0.
5; 0.
6; 0.
7; 0.
8; 0.
9; 0.
10; 0.
11; 0.
12; 0.
13; 0.
14; 0.
15; 0.
16; 0.
17; 0.
18; 0.
19; 0.
20; 0.
21; 0.
22; 0.
23; 0.
24; 0.
25; 0.
26; 0.
27; 0.
28; 0.
29; 0.
30; 0.
31; 0.
32; 0.
33; 0.
34; 0.
35; 0.
36; 0.
37; 0.
38; 0.
39; 0.
40; 0.
41; 0.
42; 0.
43; 0.
44; 0.
45; 0.
46; 0.
47; 0.
48; 0.
49; 0.
50; 0.
51; 0.
52; 0.
53; 0.
54; 0.
55; 0.
56; 0.
57; 0.
58; 0.
59; 0.
60; 0.
61; 0.
================================================================================
Generation 6

--------------------------------------------------------------------------------
Selection

0; 47
1; 18
2; 52
3; 8
4; 9
5; 50
6; 60
7; 36
8; 58
9; 9
10; 35
11; 54
12; 9
13; 36
14; 52
15; 56
16; 4
17; 18
18; 21
19; 10
20; 27
21; 28
22; 23
23; 0
24; 60
25; 50
26; 46
27; 54
28; 32
29; 12
30; 41
31; 34
32; 52
33; 12
34; 24
35; 31
36; 32
37; 44
38; 34
39; 35
--------------------------------------------------------------------------------
Crossover

0; 60, 10; r(4,16) r(9,2) d(6) d(2) a(1,8) d(8) a(6,3) r(6,8) d(2) d(4)
1; 60, 10; d(8) a(3,10) r(5,10)
2; 60; r(4,16) r(9,2) d(6) d(2) a(1,8) d(8) r(5,10)
3; 10; d(8) a(3,10) a(6,3) r(6,8) d(2) d(4)
4; 8; d(8) a(3,10) a(6,13) d(6)
5; 28; a(6,3) a(10,4) r(3,12)
6; 50, 32; r(4,16) d(9) r(12,6) a(1,6)
7; 50, 32; r(4,16) r(9,2) d(6) r(6,5) r(9,10) a(3,8)
8; 50; r(4,16) r(6,5) r(9,10) a(3,8)
9; 32; r(4,16) r(9,2) d(6) d(9) r(12,6) a(1,6)
10; 31; r(6,16) r(4,16) a(5,7) a(10,16) a(10,4) r(2,10)
11; 12; r(6,2) a(4,16) r(5,12) a(14,8) r(4,14)
12; 44; r(6,16) r(4,16) a(5,7) a(10,16) a(10,4) a(3,16)
13; 54; a(3,16) a(5,3) a(6,7) a(8,13) d(4)
14; 47; r(6,16) r(4,16) a(5,3) a(6,7) a(12,1)
15; 60; r(4,16) r(9,2) d(6) d(2) a(1,8) d(8) r(5,10)
16; 12; r(6,2) a(4,16) r(5,12) a(14,8) r(4,14)
17; 32; r(4,16) r(9,2) d(6) d(9) r(12,6) a(1,6)
18; 52; r(4,16) r(6,5) r(9,10) d(9) r(14,1) a(1,2)
19; 54; a(3,16) a(5,3) a(6,7) a(8,13) d(4)
20; 4; r(6,16) r(4,16) a(12,8)
21; 18; r(4,16) d(6) r(12,7) d(5) a(3,3) a(5,12) d(2) r(1,3)
22; 23, 9; a(6,3) r(1,12) d(6) r(10,15) r(6,8) d(2) a(1,3)
23; 23, 9; a(14,15) a(3,3) a(6,15) a(6,3) r(4,16) a(5,7) r(5,12) a(2,14) a(14,3)
24; 23; a(6,3) r(1,12) d(6) r(10,15) r(4,16) a(5,7) r(5,12) a(2,14) a(14,3)
25; 9; a(14,15) a(3,3) a(6,15) a(6,3) r(6,8) d(2) a(1,3)
26; 52, 24; r(4,16) r(6,5) r(9,10) d(9) r(14,1) a(1,2) a(3,7) a(3,13) d(2)
27; 52, 24; d(5) d(1) r(8,6)
28; 52; r(4,16) r(6,5) r(9,10) d(9) r(14,1) a(1,2)
29; 24; d(5) d(1) r(8,6) a(3,7) a(3,13) d(2)
30; 0, 56; r(6,5) r(5,6) d(1) r(8,6) d(3) r(4,16) a(5,7)
31; 0, 56; a(3,16) a(5,3) a(6,7) d(8) r(5,12) r(1,7) a(2,7)
32; 0; r(6,5) r(5,6) d(1) r(8,6) d(3) r(4,16) a(5,7) r(5,12) r(1,7) a(2,7)
33; 56; a(3,16) a(5,3) a(6,7) d(8)
34; 52, 50; r(4,16) r(6,5) r(6,5) r(9,10) a(3,8)
35; 52, 50; r(4,16) r(9,10) d(9) r(14,1) a(1,2)
36; 52; r(4,16) r(6,5) r(9,10) d(9) r(14,1) a(1,2)
37; 50; r(4,16) r(6,5) r(9,10) a(3,8)
38; 36, 27; r(6,16) r(10,2) a(6,1) a(9,2) a(6,1)
39; 36, 27; r(4,16) a(12,7) d(1) a(6,5) a(2,7)
40; 36; r(6,16) r(10,2) a(2,7)
41; 27; r(4,16) a(12,7) d(1) a(6,5) a(6,1) a(9,2) a(6,1)
42; 21, 34; a(6,3) r(1,12) a(9,13) a(12,12) r(2,15)
43; 21, 34; r(4,16) r(9,2) d(6) d(6) a(9,13) a(2,16) a(3,2)
44; 21; a(6,3) r(1,12) d(6) a(9,13) a(2,16) a(3,2)
45; 34; r(4,16) r(9,2) d(6) a(9,13) a(12,12) r(2,15)
46; 46, 58; a(3,16) a(3,3) r(9,2) d(6) d(2) r(5,12) d(14) a(12,14)
47; 46, 58; r(4,16) r(1,8) r(8,16) d(3)
48; 46; a(3,16) a(3,3) r(1,8) r(8,16) d(3)
49; 58; r(4,16) r(9,2) d(6) d(2) r(5,12) d(14) a(12,14)
50; 34; r(4,16) r(9,2) d(6) a(9,13) a(12,12) r(2,15)
51; 35; a(14,15) d(9) r(12,6) d(4)
52; 35, 36; a(14,15) d(9) r(12,6) d(4) r(10,2) a(2,7)
53; 35, 36; r(6,16)
54; 35; a(14,15) d(9) r(12,6) d(4)
55; 36; r(6,16) r(10,2) a(2,7)
56; 9, 41; a(14,15) a(3,13) r(3,7)
57; 9, 41; d(5) d(1) r(8,6) a(3,7) a(3,3) a(6,15) a(6,3) r(6,8) d(2) a(1,3)
58; 9; a(14,15) a(3,3) a(6,15) a(6,3) r(6,8) d(2) a(1,3)
59; 41; d(5) d(1) r(8,6) a(3,7) a(3,13) r(3,7)
60; 18, 9; r(4,16) d(6) a(1,3)
61; 18, 9; a(14,15) a(3,3) a(6,15) a(6,3) r(6,8) d(2) r(12,7) d(5) a(3,3) a(5,12) d(2) r(1,3)
62; 18; r(4,16) d(6) r(12,7) d(5) a(3,3) a(5,12) d(2) r(1,3)
63; 9; a(14,15) a(3,3) a(6,15) a(6,3) r(6,8) d(2) a(1,3)
--------------------------------------------------------------------------------
Mutation

0; r(4,16) r(9,2) d(6) d(2) a(1,8) d(8) a(6,3) r(6,8) d(2) d(4) a(5,6)
1; d(8) a(3,10) r(5,10) d(1)
2; r(4,16) r(9,2) d(6) d(2) a(1,8) d(8) r(5,10) d(1)
3; d(8) a(3,10) a(6,3) r(6,8) d(2) d(4) r(3,1)
4; d(8) a(3,10) a(6,13) d(6) a(2,7)
5; a(6,3) a(10,4) r(3,12) a(6,2)
6; r(4,16) d(9) r(12,6) a(1,6) d(6)
7; r(4,16) r(9,2) d(6) r(6,5) r(9,10) a(3,8) a(1,6)
8; r(4,16) r(6,5) r(9,10) a(3,8) r(8,5)
9; r(4,16) r(9,2) d(6) d(9) r(12,6) a(1,6) r(5,3)
10; r(6,16) r(4,16) a(5,7) a(10,16) a(10,4) r(2,10) a(9,4)
11; r(6,2) a(4,16) r(5,12) a(14,8) r(4,14) r(10,12)
12; r(6,16) r(4,16) a(5,7) a(10,16) a(10,4) a(3,16) a(5,12)
13; a(3,16) a(5,3) a(6,7) a(8,13) d(4) d(1)
14; r(6,16) r(4,16) a(5,3) a(6,7) a(12,1) r(1,5)
15; r(4,16) r(9,2) d(6) d(2) a(1,8) d(8) r(5,10) r(3,15)
16; r(6,2) a(4,16) r(5,12) a(14,8) r(4,14) d(2)
17; r(4,16) r(9,2) d(6) d(9) r(12,6) a(1,6) d(8)
18; r(4,16) r(6,5) r(9,10) d(9) r(14,1) a(1,2) r(1,3)
19; a(3,16) a(5,3) a(6,7) a(8,13) d(4) a(6,12)
20; r(6,16) r(4,16) a(12,8) r(5,10)
21; r(4,16) d(6) r(12,7) d(5) a(3,3) a(5,12) d(2) r(1,3) a(9,4)
22; a(6,3) r(1,12) d(6) r(10,15) r(6,8) d(2) a(1,3) r(12,5)
23; a(14,15) a(3,3) a(6,15) a(6,3) r(4,16) a(5,7) r(5,12) a(2,14) a(14,3) a(3,5)
24; a(6,3) r(1,12) d(6) r(10,15) r(4,16) a(5,7) r(5,12) a(2,14) a(14,3) a(3,13)
25; a(14,15) a(3,3) a(6,15) a(6,3) r(6,8) d(2) a(1,3) r(8,15)
26; r(4,16) r(6,5) r(9,10) d(9) r(14,1) a(1,2) a(3,7) a(3,13) d(2) d(3)
27; d(5) d(1) r(8,6) d(4)
28; r(4,16) r(6,5) r(9,10) d(9) r(14,1) a(1,2) r(1,3)
29; d(5) d(1) r(8,6) a(3,7) a(3,13) d(2) r(3,1)
30; r(6,5) r(5,6) d(1) r(8,6) d(3) r(4,16) a(5,7) a(2,8)
31; a(3,16) a(5,3) a(6,7) d(8) r(5,12) r(1,7) a(2,7) d(3)
32; r(6,5) r(5,6) d(1) r(8,6) d(3) r(4,16) a(5,7) r(5,12) r(1,7) a(2,7) d(2)
33; a(3,16) a(5,3) a(6,7) d(8) d(6)
34; r(4,16) r(6,5) r(6,5) r(9,10) a(3,8) r(1,4)
35; r(4,16) r(9,10) d(9) r(14,1) a(1,2) d(6)
36; r(4,16) r(6,5) r(9,10) d(9) r(14,1) a(1,2) r(2,3)
37; r(4,16) r(6,5) r(9,10) a(3,8) a(1,8)
38; r(6,16) r(10,2) a(6,1) a(9,2) a(6,1) r(3,8)
39; r(4,16) a(12,7) d(1) a(6,5) a(2,7) d(6)
40; r(6,16) r(10,2) a(2,7) r(14,3)
41; r(4,16) a(12,7) d(1) a(6,5) a(6,1) a(9,2) a(6,1) a(6,12)
42; a(6,3) r(1,12) a(9,13) a(12,12) r(2,15) a(8,1)
43; r(4,16) r(9,2) d(6) d(6) a(9,13) a(2,16) a(3,2) r(8,16)
44; a(6,3) r(1,12) d(6) a(9,13) a(2,16) a(3,2) a(2,3)
45; r(4,16) r(9,2) d(6) a(9,13) a(12,12) r(2,15) d(1)
46; a(3,16) a(3,3) r(9,2) d(6) d(2) r(5,12) d(14) a(12,14) a(4,2)
47; r(4,16) r(1,8) r(8,16) d(3) d(6)
48; a(3,16) a(3,3) r(1,8) r(8,16) d(3) d(6)
49; r(4,16) r(9,2) d(6) d(2) r(5,12) d(14) a(12,14) r(3,14)
50; r(4,16) r(9,2) d(6) a(9,13) a(12,12) r(2,15) r(14,7)
51; a(14,15) d(9) r(12,6) d(4) r(5,10)
52; a(14,15) d(9) r(12,6) d(4) r(10,2) a(2,7) a(8,6)
53; r(6,16) d(9)
54; a(14,15) d(9) r(12,6) d(4) a(6,13)
55; r(6,16) r(10,2) a(2,7) a(4,3)
56; a(14,15) a(3,13) r(3,7) r(10,1)
57; d(5) d(1) r(8,6) a(3,7) a(3,3) a(6,15) a(6,3) r(6,8) d(2) a(1,3) r(3,6)
58; a(14,15) a(3,3) a(6,15) a(6,3) r(6,8) d(2) a(1,3) r(14,7)
59; d(5) d(1) r(8,6) a(3,7) a(3,13) r(3,7) a(2,2)
60; r(4,16) d(6) a(1,3) a(14,6)
61; a(14,15) a(3,3) a(6,15) a(6,3) r(6,8) d(2) r(12,7) d(5) a(3,3) a(5,12) d(2) r(1,3) d(4)
62; r(4,16) d(6) r(12,7) d(5) a(3,3) a(5,12) d(2) r(1,3) r(3,2)
63; a(14,15) a(3,3) a(6,15) a(6,3) r(6,8) d(2) a(1,3) r(1,6)
--------------------------------------------------------------------------------
Evaluation

0; 0.
1; 0.
2; 0.
3; 0.
4; 0.
5; 0.
6; 0.
7; 0.
8; 0.
9; 0.
10; 0.
11; 0.
12; 0.
13; 0.
14; 0.
15; 0.
16; 0.
17; 0.
18; 0.
19; 0.
20; 0.
21; 0.
22; 0.
23; 0.
24; 0.
25; 0.
26; 0.
27; 0.
28; 0.
29; 0.
30; 0.
31; 0.
32; 0.
33; 0.
34; 0.
35; 0.
36; 0.
37; 0.
38; 0.
39; 0.
40; 0.
41; 0.
42; 0.
43; 0.
44; 0.
45; 0.
46; 0.
47; 0.
48; 0.
49; 0.
50; 0.
51; 0.
52; 0.
53; 0.
54; 0.
55; 0.
56; 0.
57; 0.
58; 0.
59; 0.
60; 0.
61; 0.
62; 0.
63; 0.
================================================================================
Generation 7

--------------------------------------------------------------------------------
Selection

0; 5
1; 61
2; 27
3; 56
4; 33
5; 1
6; 55
7; 15
8; 48
9; 57
10; 19
11; 4
12; 63
13; 63
14; 41
15; 18
16; 60
17; 59
18; 0
19; 54
20; 22
21; 58
22; 40
23; 17
24; 24
25; 58
26; 32
27; 54
28; 10
29; 32
30; 23
31; 60
32; 10
33; 4
34; 30
35; 42
36; 10
37; 51
38; 17
39; 63
--------------------------------------------------------------------------------
Crossover

0; 10; r(6,16) r(4,16) a(5,7) a(10,16) a(10,4) r(2,10) a(9,4)
1; 63; a(14,15) a(3,3) a(6,15) a(6,3) r(6,8) d(2) a(1,3) r(1,6)
2; 58, 23; a(14,15) a(3,3) a(6,15) a(6,3) r(6,8) d(2) a(5,7) r(5,12) a(2,14) a(14,3) a(3,5)
3; 58, 23; a(14,15) a(3,3) a(6,15) a(6,3) r(4,16) a(1,3) r(14,7)
4; 58; a(14,15) a(3,3) a(6,15) a(6,3) r(6,8) d(2) a(1,3) r(14,7)
5; 23; a(14,15) a(3,3) a(6,15) a(6,3) r(4,16) a(5,7) r(5,12) a(2,14) a(14,3) a(3,5)
6; 33; a(3,16) a(5,3) a(6,7) d(8) d(6)
7; 17; r(4,16) r(9,2) d(6) d(9) r(12,6) a(1,6) d(8)
8; 61; a(14,15) a(3,3) a(6,15) a(6,3) r(6,8) d(2) r(12,7) d(5) a(3,3) a(5,12) d(2) r(1,3) d(4)
9; 59; d(5) d(1) r(8,6) a(3,7) a(3,13) r(3,7) a(2,2)
10; 63; a(14,15) a(3,3) a(6,15) a(6,3) r(6,8) d(2) a(1,3) r(1,6)
11; 32; r(6,5) r(5,6) d(1) r(8,6) d(3) r(4,16) a(5,7) r(5,12) r(1,7) a(2,7) d(2)
12; 17, 0; r(4,16) r(9,2) d(6) d(9) d(2) d(4) a(5,6)
13; 17, 0; r(4,16) r(9,2) d(6) d(2) a(1,8) d(8) a(6,3) r(6,8) r(12,6) a(1,6) d(8)
14; 17; r(4,16) r(9,2) d(6) d(9) r(12,6) a(1,6) d(8)
15; 0; r(4,16) r(9,2) d(6) d(2) a(1,8) d(8) a(6,3) r(6,8) d(2) d(4) a(5,6)
16; 1, 4; d(8)
17; 1, 4; d(8) a(3,10) a(6,13) d(6) a(2,7) a(3,10) r(5,10) d(1)
18; 1; d(8) a(3,10) r(5,10) d(1)
19; 4; d(8) a(3,10) a(6,13) d(6) a(2,7)
20; 58; a(14,15) a(3,3) a(6,15) a(6,3) r(6,8) d(2) a(1,3) r(14,7)
21; 56; a(14,15) a(3,13) r(3,7) r(10,1)
22; 60; r(4,16) d(6) a(1,3) a(14,6)
23; 5; a(6,3) a(10,4) r(3,12) a(6,2)
24; 10; r(6,16) r(4,16) a(5,7) a(10,16) a(10,4) r(2,10) a(9,4)
25; 55; r(6,16) r(10,2) a(2,7) a(4,3)
26; 32, 22; r(6,5) r(5,6) d(1) r(8,6) d(3) r(4,16) a(5,7) r(5,12) r(1,7) r(10,15) r(6,8) d(2) a(1,3) r(12,5)
27; 32, 22; a(6,3) r(1,12) d(6) a(2,7) d(2)
28; 32; r(6,5) r(5,6) d(1) r(8,6) d(3) r(4,16) a(5,7) r(5,12) r(1,7) a(2,7) d(2)
29; 22; a(6,3) r(1,12) d(6) r(10,15) r(6,8) d(2) a(1,3) r(12,5)
30; 48; a(3,16) a(3,3) r(1,8) r(8,16) d(3) d(6)
31; 63; a(14,15) a(3,3) a(6,15) a(6,3) r(6,8) d(2) a(1,3) r(1,6)
32; 15, 4; r(4,16) a(6,13) d(6) a(2,7)
33; 15, 4; d(8) a(3,10) r(9,2) d(6) d(2) a(1,8) d(8) r(5,10) r(3,15)
34; 15; r(4,16) r(9,2) d(6) d(2) a(1,8) d(8) r(5,10) r(3,15)
35; 4; d(8) a(3,10) a(6,13) d(6) a(2,7)
36; 27; d(5) d(1) r(8,6) d(4)
37; 54; a(14,15) d(9) r(12,6) d(4) a(6,13)
38; 60, 18; r(4,16) d(6) a(1,3) r(6,5) r(9,10) d(9) r(14,1) a(1,2) r(1,3)
39; 60, 18; r(4,16) a(14,6)
40; 60; r(4,16) d(6) a(1,3) a(14,6)
41; 18; r(4,16) r(6,5) r(9,10) d(9) r(14,1) a(1,2) r(1,3)
42; 54; a(14,15) d(9) r(12,6) d(4) a(6,13)
43; 10; r(6,16) r(4,16) a(5,7) a(10,16) a(10,4) r(2,10) a(9,4)
44; 19, 41; a(3,16) a(5,3) a(6,7) a(8,13) d(1) a(6,5) a(6,1) a(9,2) a(6,1) a(6,12)
45; 19, 41; r(4,16) a(12,7) d(4) a(6,12)
46; 19; a(3,16) a(5,3) a(6,7) a(8,13) d(4) a(6,12)
47; 41; r(4,16) a(12,7) d(1) a(6,5) a(6,1) a(9,2) a(6,1) a(6,12)
48; 57, 30; d(5) d(1) r(8,6) a(3,7) d(3) r(4,16) a(5,7) a(2,8)
49; 57, 30; r(6,5) r(5,6) d(1) r(8,6) a(3,3) a(6,15) a(6,3) r(6,8) d(2) a(1,3) r(3,6)
50; 57; d(5) d(1) r(8,6) a(3,7) a(3,3) a(6,15) a(6,3) r(6,8) d(2) a(1,3) r(3,6)
51; 30; r(6,5) r(5,6) d(1) r(8,6) d(3) r(4,16) a(5,7) a(2,8)
52; 51; a(14,15) d(9) r(12,6) d(4) r(5,10)
53; 40; r(6,16) r(10,2) a(2,7) r(14,3)
54; 42, 24; a(6,3) r(1,12) a(9,13) r(1,12) d(6) r(10,15) r(4,16) a(5,7) r(5,12) a(2,14) a(14,3) a(3,13)
55; 42, 24; a(6,3) a(12,12) r(2,15) a(8,1)
56; 42; a(6,3) r(1,12) a(9,13) a(12,12) r(2,15) a(8,1)
57; 24; a(6,3) r(1,12) d(6) r(10,15) r(4,16) a(5,7) r(5,12) a(2,14) a(14,3) a(3,13)
--------------------------------------------------------------------------------
Mutation

0; r(6,16) r(4,16) a(5,7) a(10,16) a(10,4) r(2,10) a(9,4) r(10,7)
1; a(14,15) a(3,3) a(6,15) a(6,3) r(6,8) d(2) a(1,3) r(1,6) r(5,6)
2; a(14,15) a(3,3) a(6,15) a(6,3) r(6,8) d(2) a(5,7) r(5,12) a(2,14) a(14,3) a(3,5) r(12,4)
3; a(14,15) a(3,3) a(6,15) a(6,3) r(4,16) a(1,3) r(14,7) d(6)
4; a(14,15) a(3,3) a(6,15) a(6,3) r(6,8) d(2) a(1,3) r(14,7) a(10,6)
5; a(14,15) a(3,3) a(6,15) a(6,3) r(4,16) a(5,7) r(5,12) a(2,14) a(14,3) a(3,5) d(2)
6; a(3,16) a(5,3) a(6,7) d(8) d(6) r(3,16)
7; r(4,16) r(9,2) d(6) d(9) r(12,6) a(1,6) d(8) a(2,10)
8; a(14,15) a(3,3) a(6,15) a(6,3) r(6,8) d(2) r(12,7) d(5) a(3,3) a(5,12) d(2) r(1,3) d(4) d(9)
9; d(5) d(1) r(8,6) a(3,7) a(3,13) r(3,7) a(2,2) a(4,7)
10; a(14,15) a(3,3) a(6,15) a(6,3) r(6,8) d(2) a(1,3) r(1,6) d(14)
11; r(6,5) r(5,6) d(1) r(8,6) d(3) r(4,16) a(5,7) r(5,12) r(1,7) a(2,7) d(2)
12; r(4,16) r(9,2) d(6) d(9) d(2) d(4) a(5,6) a(1,2)
13; r(4,16) r(9,2) d(6) d(2) a(1,8) d(8) a(6,3) r(6,8) r(12,6) a(1,6) d(8) d(5)
14; r(4,16) r(9,2) d(6) d(9) r(12,6) a(1,6) d(8) d(3)
15; r(4,16) r(9,2) d(6) d(2) a(1,8) d(8) a(6,3) r(6,8) d(2) d(4) a(5,6) d(3)
16; d(8) d(1)
17; d(8) a(3,10) a(6,13) d(6) a(2,7) a(3,10) r(5,10) d(1) a(4,4)
18; d(8) a(3,10) r(5,10) d(1) r(4,13)
19; d(8) a(3,10) a(6,13) d(6) a(2,7) a(2,16)
20; a(14,15) a(3,3) a(6,15) a(6,3) r(6,8) d(2) a(1,3) r(14,7) d(1)
21; a(14,15) a(3,13) r(3,7) r(10,1) r(6,7)
22; r(4,16) d(6) a(1,3) a(14,6) a(2,8)
23; a(6,3) a(10,4) r(3,12) a(6,2) d(8)
24; r(6,16) r(4,16) a(5,7) a(10,16) a(10,4) r(2,10) a(9,4) r(14,5)
25; r(6,16) r(10,2) a(2,7) a(4,3) a(9,5)
26; r(6,5) r(5,6) d(1) r(8,6) d(3) r(4,16) a(5,7) r(5,12) r(1,7) r(10,15) r(6,8) d(2) a(1,3) r(12,5)
27; a(6,3) r(1,12) d(6) a(2,7) d(2) r(12,15)
28; r(6,5) r(5,6) d(1) r(8,6) d(3) r(4,16) a(5,7) r(5,12) r(1,7) a(2,7) d(2)
29; a(6,3) r(1,12) d(6) r(10,15) r(6,8) d(2) a(1,3) r(12,5) d(8)
30; a(3,16) a(3,3) r(1,8) r(8,16) d(3) d(6) d(5)
31; a(14,15) a(3,3) a(6,15) a(6,3) r(6,8) d(2) a(1,3) r(1,6) d(14)
32; r(4,16) a(6,13) d(6) a(2,7) a(14,4)
33; d(8) a(3,10) r(9,2) d(6) d(2) a(1,8) d(8) r(5,10) r(3,15) d(1)
34; r(4,16) r(9,2) d(6) d(2) a(1,8) d(8) r(5,10) r(3,15) d(1)
35; d(8) a(3,10) a(6,13) d(6) a(2,7) d(5)
36; d(5) d(1) r(8,6) d(4) a(3,15)
37; a(14,15) d(9) r(12,6) d(4) a(6,13) a(6,3)
38; r(4,16) d(6) a(1,3) r(6,5) r(9,10) d(9) r(14,1) a(1,2) r(1,3) d(3)
39; r(4,16) a(14,6) r(6,4)
40; r(4,16) d(6) a(1,3) a(14,6) r(12,4)
41; r(4,16) r(6,5) r(9,10) d(9) r(14,1) a(1,2) r(1,3) r(5,16)
42; a(14,15) d(9) r(12,6) d(4) a(6,13) a(5,6)
43; r(6,16) r(4,16) a(5,7) a(10,16) a(10,4) r(2,10) a(9,4) r(3,16)
44; a(3,16) a(5,3) a(6,7) a(8,13) d(1) a(6,5) a(6,1) a(9,2) a(6,1) a(6,12) a(3,8)
45; r(4,16) a(12,7) d(4) a(6,12) d(6)
46; a(3,16) a(5,3) a(6,7) a(8,13) d(4) a(6,12) r(2,8)
47; r(4,16) a(12,7) d(1) a(6,5) a(6,1) a(9,2) a(6,1) a(6,12) a(9,16)
48; d(5) d(1) r(8,6) a(3,7) d(3) r(4,16) a(5,7) a(2,8) r(2,1)
49; r(6,5) r(5,6) d(1) r(8,6) a(3,3) a(6,15) a(6,3) r(6,8) d(2) a(1,3) r(3,6) d(4)
50; d(5) d(1) r(8,6) a(3,7) a(3,3) a(6,15) a(6,3) r(6,8) d(2) a(1,3) r(3,6) a(4,10)
51; r(6,5) r(5,6) d(1) r(8,6) d(3) r(4,16) a(5,7) a(2,8) d(2)
52; a(14,15) d(9) r(12,6) d(4) r(5,10) d(2)
53; r(6,16) r(10,2) a(2,7) r(14,3) d(5)
54; a(6,3) r(1,12) a(9,13) r(1,12) d(6) r(10,15) r(4,16) a(5,7) r(5,12) a(2,14) a(14,3) a(3,13) r(3,6)
55; a(6,3) a(12,12) r(2,15) a(8,1) r(1,5)
56; a(6,3) r(1,12) a(9,13) a(12,12) r(2,15) a(8,1) a(6,7)
57; a(6,3) r(1,12) d(6) r(10,15) r(4,16) a(5,7) r(5,12) a(2,14) a(14,3) a(3,13) r(9,3)
--------------------------------------------------------------------------------
Evaluation

0; 0.
1; 0.
2; 0.
3; 0.
4; 0.
5; 0.
6; 0.
7; 0.
8; 0.
9; 0.
10; 0.
11; 0.
12; 0.
13; 0.
14; 0.
15; 0.
16; 0.
17; 0.
18; 0.
19; 0.
20; 0.
21; 0.
22; 0.
23; 0.
24; 0.
25; 0.
26; 0.
27; 0.
28; 0.
29; 0.
30; 0.
31; 0.
32; 0.
33; 0.
34; 0.
35; 0.
36; 0.
37; 0.
38; 0.
39; 0.
40; 0.
41; 0.
42; 0.
43; 0.
44; 0.
45; 0.
46; 0.
47; 0.
48; 0.
49; 0.
50; 0.
51; 0.
52; 0.
53; 0.
54; 0.
55; 0.
56; 0.
57; 0.
================================================================================
Generation 8

--------------------------------------------------------------------------------
Selection

0; 25
1; 21
2; 6
3; 27
4; 12
5; 38
6; 35
7; 42
8; 56
9; 25
10; 0
11; 42
12; 49
13; 19
14; 47
15; 25
16; 44
17; 25
18; 25
19; 37
20; 33
21; 20
22; 50
23; 10
24; 22
25; 40
26; 21
27; 17
28; 28
29; 48
30; 17
31; 1
32; 49
33; 52
34; 22
35; 5
36; 6
37; 20
38; 6
39; 37
--------------------------------------------------------------------------------
Crossover

0; 0; r(6,16) r(4,16) a(5,7) a(10,16) a(10,4) r(2,10) a(9,4) r(10,7)
1; 6; a(3,16) a(5,3) a(6,7) d(8) d(6) r(3,16)
2; 44, 49; a(3,16) a(5,3) a(6,7) a(8,13) d(1) a(6,5) a(6,1) a(9,2) a(6,1) a(6,12) r(5,6) d(1) r(8,6) a(3,3) a(6,15) a(6,3) r(6,8) d(2) a(1,3) r(3,6) d(4)
3; 44, 49; r(6,5) a(3,8)
4; 44; a(3,16) a(5,3) a(6,7) a(8,13) d(1) a(6,5) a(6,1) a(9,2) a(6,1) a(6,12) a(3,8)
5; 49; r(6,5) r(5,6) d(1) r(8,6) a(3,3) a(6,15) a(6,3) r(6,8) d(2) a(1,3) r(3,6) d(4)
6; 35, 1; d(8) a(3,10) a(6,13) d(6) a(2,7) d(5) r(6,8) d(2) a(1,3) r(1,6) r(5,6)
7; 35, 1; a(14,15) a(3,3) a(6,15) a(6,3)
8; 35; d(8) a(3,10) a(6,13) d(6) a(2,7) d(5)
9; 1; a(14,15) a(3,3) a(6,15) a(6,3) r(6,8) d(2) a(1,3) r(1,6) r(5,6)
10; 37; a(14,15) d(9) r(12,6) d(4) a(6,13) a(6,3)
11; 6; a(3,16) a(5,3) a(6,7) d(8) d(6) r(3,16)
12; 49; r(6,5) r(5,6) d(1) r(8,6) a(3,3) a(6,15) a(6,3) r(6,8) d(2) a(1,3) r(3,6) d(4)
13; 5; a(14,15) a(3,3) a(6,15) a(6,3) r(4,16) a(5,7) r(5,12) a(2,14) a(14,3) a(3,5) d(2)
14; 38; r(4,16) d(6) a(1,3) r(6,5) r(9,10) d(9) r(14,1) a(1,2) r(1,3) d(3)
15; 22; r(4,16) d(6) a(1,3) a(14,6) a(2,8)
16; 20, 27; a(14,15) a(3,3) a(6,15) a(6,3) r(6,8) d(2) a(1,3) r(14,7)
17; 20, 27; a(6,3) r(1,12) d(6) a(2,7) d(2) r(12,15) d(1)
18; 20; a(14,15) a(3,3) a(6,15) a(6,3) r(6,8) d(2) a(1,3) r(14,7) d(1)
19; 27; a(6,3) r(1,12) d(6) a(2,7) d(2) r(12,15)
20; 25; r(6,16) r(10,2) a(2,7) a(4,3) a(9,5)
21; 6; a(3,16) a(5,3) a(6,7) d(8) d(6) r(3,16)
22; 12, 48; r(4,16) r(9,2) d(6) d(9) a(2,8) r(2,1)
23; 12, 48; d(5) d(1) r(8,6) a(3,7) d(3) r(4,16) a(5,7) d(2) d(4) a(5,6) a(1,2)
24; 12; r(4,16) r(9,2) d(6) d(9) d(2) d(4) a(5,6) a(1,2)
25; 48; d(5) d(1) r(8,6) a(3,7) d(3) r(4,16) a(5,7) a(2,8) r(2,1)
26; 42, 25; a(14,15) r(10,2) a(2,7) a(4,3) a(9,5)
27; 42, 25; r(6,16) d(9) r(12,6) d(4) a(6,13) a(5,6)
28; 42; a(14,15) d(9) r(12,6) d(4) a(6,13) a(5,6)
29; 25; r(6,16) r(10,2) a(2,7) a(4,3) a(9,5)
30; 56; a(6,3) r(1,12) a(9,13) a(12,12) r(2,15) a(8,1) a(6,7)
31; 42; a(14,15) d(9) r(12,6) d(4) a(6,13) a(5,6)
32; 25; r(6,16) r(10,2) a(2,7) a(4,3) a(9,5)
33; 22; r(4,16) d(6) a(1,3) a(14,6) a(2,8)
34; 47, 21; r(4,16) a(12,7) d(1) a(3,13) r(3,7) r(10,1) r(6,7)
35; 47, 21; a(14,15) a(6,5) a(6,1) a(9,2) a(6,1) a(6,12) a(9,16)
36; 47; r(4,16) a(12,7) d(1) a(6,5) a(6,1) a(9,2) a(6,1) a(6,12) a(9,16)
37; 21; a(14,15) a(3,13) r(3,7) r(10,1) r(6,7)
38; 37, 19; a(14,15) a(2,7) a(2,16)
39; 37, 19; d(8) a(3,10) a(6,13) d(6) d(9) r(12,6) d(4) a(6,13) a(6,3)
40; 37; a(14,15) d(9) r(12,6) d(4) a(6,13) a(6,3)
41; 19; d(8) a(3,10) a(6,13) d(6) a(2,7) a(2,16)
42; 20; a(14,15) a(3,3) a(6,15) a(6,3) r(6,8) d(2) a(1,3) r(14,7) d(1)
43; 10; a(14,15) a(3,3) a(6,15) a(6,3) r(6,8) d(2) a(1,3) r(1,6) d(14)
44; 17, 50; d(8) a(6,15) a(6,3) r(6,8) d(2) a(1,3) r(3,6) a(4,10)
45; 17, 50; d(5) d(1) r(8,6) a(3,7) a(3,3) a(3,10) a(6,13) d(6) a(2,7) a(3,10) r(5,10) d(1) a(4,4)
46; 17; d(8) a(3,10) a(6,13) d(6) a(2,7) a(3,10) r(5,10) d(1) a(4,4)
47; 50; d(5) d(1) r(8,6) a(3,7) a(3,3) a(6,15) a(6,3) r(6,8) d(2) a(1,3) r(3,6) a(4,10)
48; 28, 40; r(6,5) r(5,6) d(1) r(8,6) d(3) r(4,16) r(12,4)
49; 28, 40; r(4,16) d(6) a(1,3) a(14,6) a(5,7) r(5,12) r(1,7) a(2,7) d(2)
50; 28; r(6,5) r(5,6) d(1) r(8,6) d(3) r(4,16) a(5,7) r(5,12) r(1,7) a(2,7) d(2)
51; 40; r(4,16) d(6) a(1,3) a(14,6) r(12,4)
52; 17, 21; d(8) a(3,10) a(6,13) d(6) a(2,7) a(3,10) r(5,10) d(1) a(4,4) r(3,7) r(10,1) r(6,7)
53; 17, 21; a(14,15) a(3,13)
54; 17; d(8) a(3,10) a(6,13) d(6) a(2,7) a(3,10) r(5,10) d(1) a(4,4)
55; 21; a(14,15) a(3,13) r(3,7) r(10,1) r(6,7)
56; 25; r(6,16) r(10,2) a(2,7) a(4,3) a(9,5)
57; 33; d(8) a(3,10) r(9,2) d(6) d(2) a(1,8) d(8) r(5,10) r(3,15) d(1)
58; 25; r(6,16) r(10,2) a(2,7) a(4,3) a(9,5)
59; 52; a(14,15) d(9) r(12,6) d(4) r(5,10) d(2)
--------------------------------------------------------------------------------
Mutation

0; r(6,16) r(4,16) a(5,7) a(10,16) a(10,4) r(2,10) a(9,4) r(10,7) r(8,3)
1; a(3,16) a(5,3) a(6,7) d(8) d(6) r(3,16) a(1,12)
2; a(3,16) a(5,3) a(6,7) a(8,13) d(1) a(6,5) a(6,1) a(9,2) a(6,1) a(6,12) r(5,6) d(1) r(8,6) a(3,3) a(6,15) a(6,3) r(6,8) d(2) a(1,3) r(3,6) d(4)
3; r(6,5) a(3,8) d(1)
4; a(3,16) a(5,3) a(6,7) a(8,13) d(1) a(6,5) a(6,1) a(9,2) a(6,1) a(6,12) a(3,8) d(9)
5; r(6,5) r(5,6) d(1) r(8,6) a(3,3) a(6,15) a(6,3) r(6,8) d(2) a(1,3) r(3,6) d(4)
6; d(8) a(3,10) a(6,13) d(6) a(2,7) d(5) r(6,8) d(2) a(1,3) r(1,6) r(5,6) a(3,2)
7; a(14,15) a(3,3) a(6,15) a(6,3) r(10,14)
8; d(8) a(3,10) a(6,13) d(6) a(2,7) d(5) d(4)
9; a(14,15) a(3,3) a(6,15) a(6,3) r(6,8) d(2) a(1,3) r(1,6) r(5,6) a(10,5)
10; a(14,15) d(9) r(12,6) d(4) a(6,13) a(6,3) d(5)
11; a(3,16) a(5,3) a(6,7) d(8) d(6) r(3,16) r(2,5)
12; r(6,5) r(5,6) d(1) r(8,6) a(3,3) a(6,15) a(6,3) r(6,8) d(2) a(1,3) r(3,6) d(4)
13; a(14,15) a(3,3) a(6,15) a(6,3) r(4,16) a(5,7) r(5,12) a(2,14) a(14,3) a(3,5) d(2) a(1,7)
14; r(4,16) d(6) a(1,3) r(6,5) r(9,10) d(9) r(14,1) a(1,2) r(1,3) d(3) r(12,15)
15; r(4,16) d(6) a(1,3) a(14,6) a(2,8) d(3)
16; a(14,15) a(3,3) a(6,15) a(6,3) r(6,8) d(2) a(1,3) r(14,7) d(1)
17; a(6,3) r(1,12) d(6) a(2,7) d(2) r(12,15) d(1) r(8,7)
18; a(14,15) a(3,3) a(6,15) a(6,3) r(6,8) d(2) a(1,3) r(14,7) d(1) a(3,4)
19; a(6,3) r(1,12) d(6) a(2,7) d(2) r(12,15) d(5)
20; r(6,16) r(10,2) a(2,7) a(4,3) a(9,5) a(4,10)
21; a(3,16) a(5,3) a(6,7) d(8) d(6) r(3,16) d(5)
22; r(4,16) r(9,2) d(6) d(9) a(2,8) r(2,1) r(5,14)
23; d(5) d(1) r(8,6) a(3,7) d(3) r(4,16) a(5,7) d(2) d(4) a(5,6) a(1,2)
24; r(4,16) r(9,2) d(6) d(9) d(2) d(4) a(5,6) a(1,2) r(1,3)
25; d(5) d(1) r(8,6) a(3,7) d(3) r(4,16) a(5,7) a(2,8) r(2,1)
26; a(14,15) r(10,2) a(2,7) a(4,3) a(9,5) r(12,9)
27; r(6,16) d(9) r(12,6) d(4) a(6,13) a(5,6) r(3,2)
28; a(14,15) d(9) r(12,6) d(4) a(6,13) a(5,6) d(3)
29; r(6,16) r(10,2) a(2,7) a(4,3) a(9,5) a(2,5)
30; a(6,3) r(1,12) a(9,13) a(12,12) r(2,15) a(8,1) a(6,7) r(9,14)
31; a(14,15) d(9) r(12,6) d(4) a(6,13) a(5,6) d(6)
32; r(6,16) r(10,2) a(2,7) a(4,3) a(9,5) d(5)
33; r(4,16) d(6) a(1,3) a(14,6) a(2,8) r(9,2)
34; r(4,16) a(12,7) d(1) a(3,13) r(3,7) r(10,1) r(6,7) a(9,4)
35; a(14,15) a(6,5) a(6,1) a(9,2) a(6,1) a(6,12) a(9,16) a(2,3)
36; r(4,16) a(12,7) d(1) a(6,5) a(6,1) a(9,2) a(6,1) a(6,12) a(9,16) d(6)
37; a(14,15) a(3,13) r(3,7) r(10,1) r(6,7) d(5)
38; a(14,15) a(2,7) a(2,16) r(6,1)
39; d(8) a(3,10) a(6,13) d(6) d(9) r(12,6) d(4) a(6,13) a(6,3) d(1)
40; a(14,15) d(9) r(12,6) d(4) a(6,13) a(6,3) a(5,10)
41; d(8) a(3,10) a(6,13) d(6) a(2,7) a(2,16) d(2)
42; a(14,15) a(3,3) a(6,15) a(6,3) r(6,8) d(2) a(1,3) r(14,7) d(1) a(12,7)
43; a(14,15) a(3,3) a(6,15) a(6,3) r(6,8) d(2) a(1,3) r(1,6) d(14) a(9,8)
44; d(8) a(6,15) a(6,3) r(6,8) d(2) a(1,3) r(3,6) a(4,10) r(4,8)
45; d(5) d(1) r(8,6) a(3,7) a(3,3) a(3,10) a(6,13) d(6) a(2,7) a(3,10) r(5,10) d(1) a(4,4) a(2,3)
46; d(8) a(3,10) a(6,13) d(6) a(2,7) a(3,10) r(5,10) d(1) a(4,4) d(2)
47; d(5) d(1) r(8,6) a(3,7) a(3,3) a(6,15) a(6,3) r(6,8) d(2) a(1,3) r(3,6) a(4,10) d(4)
48; r(6,5) r(5,6) d(1) r(8,6) d(3) r(4,16) r(12,4) a(2,1)
49; r(4,16) d(6) a(1,3) a(14,6) a(5,7) r(5,12) r(1,7) a(2,7) d(2) d(10)
50; r(6,5) r(5,6) d(1) r(8,6) d(3) r(4,16) a(5,7) r(5,12) r(1,7) a(2,7) d(2)
51; r(4,16) d(6) a(1,3) a(14,6) r(12,4) d(10)
52; d(8) a(3,10) a(6,13) d(6) a(2,7) a(3,10) r(5,10) d(1) a(4,4) r(3,7) r(10,1) r(6,7) d(4)
53; a(14,15) a(3,13) d(2)
54; d(8) a(3,10) a(6,13) d(6) a(2,7) a(3,10) r(5,10) d(1) a(4,4) d(3)
55; a(14,15) a(3,13) r(3,7) r(10,1) r(6,7) a(9,12)
56; r(6,16) r(10,2) a(2,7) a(4,3) a(9,5) a(4,12)
57; d(8) a(3,10) r(9,2) d(6) d(2) a(1,8) d(8) r(5,10) r(3,15) d(1) d(4)
58; r(6,16) r(10,2) a(2,7) a(4,3) a(9,5) r(2,16)
59; a(14,15) d(9) r(12,6) d(4) r(5,10) d(2) a(8,13)
--------------------------------------------------------------------------------
Evaluation

0; 0.
1; 0.
2; 0.
3; 4.
4; 0.
5; 0.
6; 0.
7; 0.
8; 0.
9; 0.
10; 0.
11; 0.
12; 0.
13; 0.
14; 0.
15; 0.
16; 0.
17; 0.
18; 0.
19; 0.
20; 0.
21; 0.
22; 0.
23; 0.
24; 0.
25; 0.
26; 0.
27; 0.
28; 0.
29; 0.
30; 0.
31; 0.
32; 0.
33; 0.
34; 0.
35; 0.
36; 0.
37; 0.
38; 0.
39; 0.
40; 0.
41; 0.
42; 0.
43; 0.
44; 0.
45; 0.
46; 0.
47; 0.
48; 0.
49; 0.
50; 0.
51; 0.
52; 0.
53; 0.
54; 0.
55; 0.
56; 0.
57; 0.
58; 0.
59; 0.
================================================================================
Generation 9

--------------------------------------------------------------------------------
Selection

0; 1
1; 11
2; 29
3; 48
4; 36
5; 38
6; 1
7; 28
8; 5
9; 23
10; 17
11; 30
12; 29
13; 13
14; 33
15; 7
16; 6
17; 35
18; 16
19; 36
20; 5
21; 47
22; 0
23; 9
24; 14
25; 25
26; 0
27; 19
28; 34
29; 31
30; 25
31; 9
32; 32
33; 14
34; 32
35; 37
36; 55
37; 35
38; 0
39; 16
--------------------------------------------------------------------------------
Crossover

0; 25; d(5) d(1) r(8,6) a(3,7) d(3) r(4,16) a(5,7) a(2,8) r(2,1)
1; 55; a(14,15) a(3,13) r(3,7) r(10,1) r(6,7) a(9,12)
2; 5, 1; r(6,5) r(5,6) d(1) r(8,6) a(3,3) a(6,15) r(3,16) a(1,12)
3; 5, 1; a(3,16) a(5,3) a(6,7) d(8) d(6) a(6,3) r(6,8) d(2) a(1,3) r(3,6) d(4)
4; 5; r(6,5) r(5,6) d(1) r(8,6) a(3,3) a(6,15) a(6,3) r(6,8) d(2) a(1,3) r(3,6) d(4)
5; 1; a(3,16) a(5,3) a(6,7) d(8) d(6) r(3,16) a(1,12)
6; 29; r(6,16) r(10,2) a(2,7) a(4,3) a(9,5) a(2,5)
7; 23; d(5) d(1) r(8,6) a(3,7) d(3) r(4,16) a(5,7) d(2) d(4) a(5,6) a(1,2)
8; 28; a(14,15) d(9) r(12,6) d(4) a(6,13) a(5,6) d(3)
9; 5; r(6,5) r(5,6) d(1) r(8,6) a(3,3) a(6,15) a(6,3) r(6,8) d(2) a(1,3) r(3,6) d(4)
10; 0; r(6,16) r(4,16) a(5,7) a(10,16) a(10,4) r(2,10) a(9,4) r(10,7) r(8,3)
11; 32; r(6,16) r(10,2) a(2,7) a(4,3) a(9,5) d(5)
12; 11; a(3,16) a(5,3) a(6,7) d(8) d(6) r(3,16) r(2,5)
13; 13; a(14,15) a(3,3) a(6,15) a(6,3) r(4,16) a(5,7) r(5,12) a(2,14) a(14,3) a(3,5) d(2) a(1,7)
14; 35; a(14,15) a(6,5) a(6,1) a(9,2) a(6,1) a(6,12) a(9,16) a(2,3)
15; 16; a(14,15) a(3,3) a(6,15) a(6,3) r(6,8) d(2) a(1,3) r(14,7) d(1)
16; 16; a(14,15) a(3,3) a(6,15) a(6,3) r(6,8) d(2) a(1,3) r(14,7) d(1)
17; 25; d(5) d(1) r(8,6) a(3,7) d(3) r(4,16) a(5,7) a(2,8) r(2,1)
18; 0; r(6,16) r(4,16) a(5,7) a(10,16) a(10,4) r(2,10) a(9,4) r(10,7) r(8,3)
19; 14; r(4,16) d(6) a(1,3) r(6,5) r(9,10) d(9) r(14,1) a(1,2) r(1,3) d(3) r(12,15)
20; 14, 33; r(4,16) d(6) a(1,3) r(6,5) r(9,10) d(9) r(14,1) a(1,2) a(1,3) a(14,6) a(2,8) r(9,2)
21; 14, 33; r(4,16) d(6) r(1,3) d(3) r(12,15)
22; 14; r(4,16) d(6) a(1,3) r(6,5) r(9,10) d(9) r(14,1) a(1,2) r(1,3) d(3) r(12,15)
23; 33; r(4,16) d(6) a(1,3) a(14,6) a(2,8) r(9,2)
24; 9, 47; a(14,15) a(3,3) a(6,15) a(6,3) r(6,8) d(2) a(1,3) r(1,6) r(5,6) a(10,5) a(4,10) d(4)
25; 9, 47; d(5) d(1) r(8,6) a(3,7) a(3,3) a(6,15) a(6,3) r(6,8) d(2) a(1,3) r(3,6)
26; 9; a(14,15) a(3,3) a(6,15) a(6,3) r(6,8) d(2) a(1,3) r(1,6) r(5,6) a(10,5)
27; 47; d(5) d(1) r(8,6) a(3,7) a(3,3) a(6,15) a(6,3) r(6,8) d(2) a(1,3) r(3,6) a(4,10) d(4)
28; 38; a(14,15) a(2,7) a(2,16) r(6,1)
29; 1; a(3,16) a(5,3) a(6,7) d(8) d(6) r(3,16) a(1,12)
30; 36; r(4,16) a(12,7) d(1) a(6,5) a(6,1) a(9,2) a(6,1) a(6,12) a(9,16) d(6)
31; 31; a(14,15) d(9) r(12,6) d(4) a(6,13) a(5,6) d(6)
32; 35, 29; a(14,15) a(6,5) a(6,1) a(9,2) a(6,1) a(6,12) r(10,2) a(2,7) a(4,3) a(9,5) a(2,5)
33; 35, 29; r(6,16) a(9,16) a(2,3)
34; 35; a(14,15) a(6,5) a(6,1) a(9,2) a(6,1) a(6,12) a(9,16) a(2,3)
35; 29; r(6,16) r(10,2) a(2,7) a(4,3) a(9,5) a(2,5)
36; 48; r(6,5) r(5,6) d(1) r(8,6) d(3) r(4,16) r(12,4) a(2,1)
37; 6; d(8) a(3,10) a(6,13) d(6) a(2,7) d(5) r(6,8) d(2) a(1,3) r(1,6) r(5,6) a(3,2)
38; 37; a(14,15) a(3,13) r(3,7) r(10,1) r(6,7) d(5)
39; 36; r(4,16) a(12,7) d(1) a(6,5) a(6,1) a(9,2) a(6,1) a(6,12) a(9,16) d(6)
40; 9, 32; a(14,15) a(3,3) a(9,5) d(5)
41; 9, 32; r(6,16) r(10,2) a(2,7) a(4,3) a(6,15) a(6,3) r(6,8) d(2) a(1,3) r(1,6) r(5,6) a(10,5)
42; 9; a(14,15) a(3,3) a(6,15) a(6,3) r(6,8) d(2) a(1,3) r(1,6) r(5,6) a(10,5)
43; 32; r(6,16) r(10,2) a(2,7) a(4,3) a(9,5) d(5)
44; 19, 30; a(6,3) r(1,12) d(6) a(2,7) r(1,12) a(9,13) a(12,12) r(2,15) a(8,1) a(6,7) r(9,14)
45; 19, 30; a(6,3) d(2) r(12,15) d(5)
46; 19; a(6,3) r(1,12) d(6) a(2,7) d(2) r(12,15) d(5)
47; 30; a(6,3) r(1,12) a(9,13) a(12,12) r(2,15) a(8,1) a(6,7) r(9,14)
48; 0; r(6,16) r(4,16) a(5,7) a(10,16) a(10,4) r(2,10) a(9,4) r(10,7) r(8,3)
49; 7; a(14,15) a(3,3) a(6,15) a(6,3) r(10,14)
50; 34; r(4,16) a(12,7) d(1) a(3,13) r(3,7) r(10,1) r(6,7) a(9,4)
51; 17; a(6,3) r(1,12) d(6) a(2,7) d(2) r(12,15) d(1) r(8,7)
--------------------------------------------------------------------------------
Mutation

0; d(5) d(1) r(8,6) a(3,7) d(3) r(4,16) a(5,7) a(2,8) r(2,1)
1; a(14,15) a(3,13) r(3,7) r(10,1) r(6,7) a(9,12) d(2)
2; r(6,5) r(5,6) d(1) r(8,6) a(3,3) a(6,15) r(3,16) a(1,12) d(2)
3; a(3,16) a(5,3) a(6,7) d(8) d(6) a(6,3) r(6,8) d(2) a(1,3) r(3,6) d(4) r(1,6)
4; r(6,5) r(5,6) d(1) r(8,6) a(3,3) a(6,15) a(6,3) r(6,8) d(2) a(1,3) r(3,6) d(4)
5; a(3,16) a(5,3) a(6,7) d(8) d(6) r(3,16) a(1,12) a(1,8)
6; r(6,16) r(10,2) a(2,7) a(4,3) a(9,5) a(2,5) r(2,7)
7; d(5) d(1) r(8,6) a(3,7) d(3) r(4,16) a(5,7) d(2) d(4) a(5,6) a(1,2)
8; a(14,15) d(9) r(12,6) d(4) a(6,13) a(5,6) d(3) r(6,5)
9; r(6,5) r(5,6) d(1) r(8,6) a(3,3) a(6,15) a(6,3) r(6,8) d(2) a(1,3) r(3,6) d(4)
10; r(6,16) r(4,16) a(5,7) a(10,16) a(10,4) r(2,10) a(9,4) r(10,7) r(8,3) d(1)
11; r(6,16) r(10,2) a(2,7) a(4,3) a(9,5) d(5) a(9,5)
12; a(3,16) a(5,3) a(6,7) d(8) d(6) r(3,16) r(2,5) a(1,7)
13; a(14,15) a(3,3) a(6,15) a(6,3) r(4,16) a(5,7) r(5,12) a(2,14) a(14,3) a(3,5) d(2) a(1,7) d(10)
14; a(14,15) a(6,5) a(6,1) a(9,2) a(6,1) a(6,12) a(9,16) a(2,3) a(3,3)
15; a(14,15) a(3,3) a(6,15) a(6,3) r(6,8) d(2) a(1,3) r(14,7) d(1) a(12,14)
16; a(14,15) a(3,3) a(6,15) a(6,3) r(6,8) d(2) a(1,3) r(14,7) d(1) d(10)
17; d(5) d(1) r(8,6) a(3,7) d(3) r(4,16) a(5,7) a(2,8) r(2,1)
18; r(6,16) r(4,16) a(5,7) a(10,16) a(10,4) r(2,10) a(9,4) r(10,7) r(8,3) d(3)
19; r(4,16) d(6) a(1,3) r(6,5) r(9,10) d(9) r(14,1) a(1,2) r(1,3) d(3) r(12,15) d(8)
20; r(4,16) d(6) a(1,3) r(6,5) r(9,10) d(9) r(14,1) a(1,2) a(1,3) a(14,6) a(2,8) r(9,2) d(3)
21; r(4,16) d(6) r(1,3) d(3) r(12,15) d(5)
22; r(4,16) d(6) a(1,3) r(6,5) r(9,10) d(9) r(14,1) a(1,2) r(1,3) d(3) r(12,15) r(5,14)
23; r(4,16) d(6) a(1,3) a(14,6) a(2,8) r(9,2) r(5,16)
24; a(14,15) a(3,3) a(6,15) a(6,3) r(6,8) d(2) a(1,3) r(1,6) r(5,6) a(10,5) a(4,10) d(4) r(14,16)
25; d(5) d(1) r(8,6) a(3,7) a(3,3) a(6,15) a(6,3) r(6,8) d(2) a(1,3) r(3,6) d(4)
26; a(14,15) a(3,3) a(6,15) a(6,3) r(6,8) d(2) a(1,3) r(1,6) r(5,6) a(10,5) d(3)
27; d(5) d(1) r(8,6) a(3,7) a(3,3) a(6,15) a(6,3) r(6,8) d(2) a(1,3) r(3,6) a(4,10) d(4)
28; a(14,15) a(2,7) a(2,16) r(6,1) r(14,10)
29; a(3,16) a(5,3) a(6,7) d(8) d(6) r(3,16) a(1,12) a(1,10)
30; r(4,16) a(12,7) d(1) a(6,5) a(6,1) a(9,2) a(6,1) a(6,12) a(9,16) d(6) a(8,15)
31; a(14,15) d(9) r(12,6) d(4) a(6,13) a(5,6) d(6) a(2,4)
32; a(14,15) a(6,5) a(6,1) a(9,2) a(6,1) a(6,12) r(10,2) a(2,7) a(4,3) a(9,5) a(2,5) r(6,5)
33; r(6,16) a(9,16) a(2,3) d(4)
34; a(14,15) a(6,5) a(6,1) a(9,2) a(6,1) a(6,12) a(9,16) a(2,3) d(12)
35; r(6,16) r(10,2) a(2,7) a(4,3) a(9,5) a(2,5) d(8)
36; r(6,5) r(5,6) d(1) r(8,6) d(3) r(4,16) r(12,4) a(2,1) d(2)
37; d(8) a(3,10) a(6,13) d(6) a(2,7) d(5) r(6,8) d(2) a(1,3) r(1,6) r(5,6) a(3,2) a(4,5)
38; a(14,15) a(3,13) r(3,7) r(10,1) r(6,7) d(5) r(1,6)
39; r(4,16) a(12,7) d(1) a(6,5) a(6,1) a(9,2) a(6,1) a(6,12) a(9,16) d(6) r(5,6)
40; a(14,15) a(3,3) a(9,5) d(5) a(1,12)
41; r(6,16) r(10,2) a(2,7) a(4,3) a(6,15) a(6,3) r(6,8) d(2) a(1,3) r(1,6) r(5,6) a(10,5) d(12)
42; a(14,15) a(3,3) a(6,15) a(6,3) r(6,8) d(2) a(1,3) r(1,6) r(5,6) a(10,5) r(10,13)
43; r(6,16) r(10,2) a(2,7) a(4,3) a(9,5) d(5) r(12,15)
44; a(6,3) r(1,12) d(6) a(2,7) r(1,12) a(9,13) a(12,12) r(2,15) a(8,1) a(6,7) r(9,14) d(5)
45; a(6,3) d(2) r(12,15) d(5) a(4,16)
46; a(6,3) r(1,12) d(6) a(2,7) d(2) r(12,15) d(5) a(10,5)
47; a(6,3) r(1,12) a(9,13) a(12,12) r(2,15) a(8,1) a(6,7) r(9,14) a(6,7)
48; r(6,16) r(4,16) a(5,7) a(10,16) a(10,4) r(2,10) a(9,4) r(10,7) r(8,3) a(3,15)
49; a(14,15) a(3,3) a(6,15) a(6,3) r(10,14) r(6,8)
50; r(4,16) a(12,7) d(1) a(3,13) r(3,7) r(10,1) r(6,7) a(9,4) d(2)
51; a(6,3) r(1,12) d(6) a(2,7) d(2) r(12,15) d(1) r(8,7) r(5,16)
--------------------------------------------------------------------------------
Evaluation

0; 0.
1; 0.
2; 0.
3; 0.
4; 0.
5; 0.
6; 0.
7; 0.
8; 0.
9; 0.
10; 0.
11; 0.
12; 0.
13; 0.
14; 0.
15; 0.
16; 0.
17; 0.
18; 0.
19; 0.
20; 0.
21; 0.
22; 0.
23; 0.
24; 0.
25; 0.
26; 0.
27; 0.
28; 0.
29; 0.
30; 0.
31; 0.
32; 0.
33; 0.
34; 0.
35; 0.
36; 0.
37; 0.
38; 0.
39; 0.
40; 0.
41; 0.
42; 0.
43; 0.
44; 0.
45; 0.
46; 0.
47; 0.
48; 0.
49; 0.
50; 0.
51; 0.
================================================================================
Generation 10

--------------------------------------------------------------------------------
Selection

0; 45
1; 43
2; 34
3; 34
4; 38
5; 12
6; 8
7; 24
8; 49
9; 1
10; 12
11; 49
12; 23
13; 3
14; 33
15; 10
16; 26
17; 44
18; 3
19; 13
20; 22
21; 2
22; 25
23; 31
24; 39
25; 15
26; 49
27; 42
28; 40
29; 32
30; 27
31; 18
32; 26
33; 29
34; 18
35; 16
36; 35
37; 51
38; 24
39; 2
--------------------------------------------------------------------------------
Crossover

0; 40; a(14,15) a(3,3) a(9,5) d(5) a(1,12)
1; 18; r(6,16) r(4,16) a(5,7) a(10,16) a(10,4) r(2,10) a(9,4) r(10,7) r(8,3) d(3)
2; 49, 23; a(14,15) a(3,3) a(6,15) a(6,3) r(5,16)
3; 49, 23; r(4,16) d(6) a(1,3) a(14,6) a(2,8) r(9,2) r(10,14) r(6,8)
4; 49; a(14,15) a(3,3) a(6,15) a(6,3) r(10,14) r(6,8)
5; 23; r(4,16) d(6) a(1,3) a(14,6) a(2,8) r(9,2) r(5,16)
6; 3, 45; a(3,16) a(5,3) a(6,7) a(4,16)
7; 3, 45; a(6,3) d(2) r(12,15) d(5) d(8) d(6) a(6,3) r(6,8) d(2) a(1,3) r(3,6) d(4) r(1,6)
8; 3; a(3,16) a(5,3) a(6,7) d(8) d(6) a(6,3) r(6,8) d(2) a(1,3) r(3,6) d(4) r(1,6)
9; 45; a(6,3) d(2) r(12,15) d(5) a(4,16)
10; 49; a(14,15) a(3,3) a(6,15) a(6,3) r(10,14) r(6,8)
11; 44; a(6,3) r(1,12) d(6) a(2,7) r(1,12) a(9,13) a(12,12) r(2,15) a(8,1) a(6,7) r(9,14) d(5)
12; 51, 22; a(6,3) r(1,12) d(6) a(2,7) d(2) r(12,15) d(1) r(8,7) r(5,16) d(3) r(12,15) r(5,14)
13; 51, 22; r(4,16) d(6) a(1,3) r(6,5) r(9,10) d(9) r(14,1) a(1,2) r(1,3)
14; 51; a(6,3) r(1,12) d(6) a(2,7) d(2) r(12,15) d(1) r(8,7) r(5,16)
15; 22; r(4,16) d(6) a(1,3) r(6,5) r(9,10) d(9) r(14,1) a(1,2) r(1,3) d(3) r(12,15) r(5,14)
16; 43, 34; r(6,16) r(10,2) a(2,7) a(4,3) a(9,5) d(5) a(9,16) a(2,3) d(12)
17; 43, 34; a(14,15) a(6,5) a(6,1) a(9,2) a(6,1) a(6,12) r(12,15)
18; 43; r(6,16) r(10,2) a(2,7) a(4,3) a(9,5) d(5) r(12,15)
19; 34; a(14,15) a(6,5) a(6,1) a(9,2) a(6,1) a(6,12) a(9,16) a(2,3) d(12)
20; 24, 39; a(14,15) a(3,3) a(6,15) a(6,3) r(6,8) d(2) a(1,3) r(1,6) a(9,2) a(6,1) a(6,12) a(9,16) d(6) r(5,6)
21; 24, 39; r(4,16) a(12,7) d(1) a(6,5) a(6,1) r(5,6) a(10,5) a(4,10) d(4) r(14,16)
22; 24; a(14,15) a(3,3) a(6,15) a(6,3) r(6,8) d(2) a(1,3) r(1,6) r(5,6) a(10,5) a(4,10) d(4) r(14,16)
23; 39; r(4,16) a(12,7) d(1) a(6,5) a(6,1) a(9,2) a(6,1) a(6,12) a(9,16) d(6) r(5,6)
24; 34, 27; a(14,15) a(6,5) a(6,1) a(9,2) a(6,1) a(6,12) a(9,16) a(2,3) d(1) r(8,6) a(3,7) a(3,3) a(6,15) a(6,3) r(6,8) d(2) a(1,3) r(3,6) a(4,10) d(4)
25; 34, 27; d(5) d(12)
26; 34; a(14,15) a(6,5) a(6,1) a(9,2) a(6,1) a(6,12) a(9,16) a(2,3) d(12)
27; 27; d(5) d(1) r(8,6) a(3,7) a(3,3) a(6,15) a(6,3) r(6,8) d(2) a(1,3) r(3,6) a(4,10) d(4)
28; 18, 29; r(6,16) r(4,16) a(5,7) a(10,16) a(10,4) r(2,10) a(9,4) r(3,16) a(1,12) a(1,10)
29; 18, 29; a(3,16) a(5,3) a(6,7) d(8) d(6) r(10,7) r(8,3) d(3)
30; 18; r(6,16) r(4,16) a(5,7) a(10,16) a(10,4) r(2,10) a(9,4) r(10,7) r(8,3) d(3)
31; 29; a(3,16) a(5,3) a(6,7) d(8) d(6) r(3,16) a(1,12) a(1,10)
32; 16; a(14,15) a(3,3) a(6,15) a(6,3) r(6,8) d(2) a(1,3) r(14,7) d(1) d(10)
33; 2; r(6,5) r(5,6) d(1) r(8,6) a(3,3) a(6,15) r(3,16) a(1,12) d(2)
34; 38; a(14,15) a(3,13) r(3,7) r(10,1) r(6,7) d(5) r(1,6)
35; 8; a(14,15) d(9) r(12,6) d(4) a(6,13) a(5,6) d(3) r(6,5)
36; 10; r(6,16) r(4,16) a(5,7) a(10,16) a(10,4) r(2,10) a(9,4) r(10,7) r(8,3) d(1)
37; 12; a(3,16) a(5,3) a(6,7) d(8) d(6) r(3,16) r(2,5) a(1,7)
38; 33; r(6,16) a(9,16) a(2,3) d(4)
39; 26; a(14,15) a(3,3) a(6,15) a(6,3) r(6,8) d(2) a(1,3) r(1,6) r(5,6) a(10,5) d(3)
40; 32; a(14,15) a(6,5) a(6,1) a(9,2) a(6,1) a(6,12) r(10,2) a(2,7) a(4,3) a(9,5) a(2,5) r(6,5)
41; 1; a(14,15) a(3,13) r(3,7) r(10,1) r(6,7) a(9,12) d(2)
42; 13; a(14,15) a(3,3) a(6,15) a(6,3) r(4,16) a(5,7) r(5,12) a(2,14) a(14,3) a(3,5) d(2) a(1,7) d(10)
43; 31; a(14,15) d(9) r(12,6) d(4) a(6,13) a(5,6) d(6) a(2,4)
44; 42; a(14,15) a(3,3) a(6,15) a(6,3) r(6,8) d(2) a(1,3) r(1,6) r(5,6) a(10,5) r(10,13)
45; 26; a(14,15) a(3,3) a(6,15) a(6,3) r(6,8) d(2) a(1,3) r(1,6) r(5,6) a(10,5) d(3)
46; 49; a(14,15) a(3,3) a(6,15) a(6,3) r(10,14) r(6,8)
47; 24; a(14,15) a(3,3) a(6,15) a(6,3) r(6,8) d(2) a(1,3) r(1,6) r(5,6) a(10,5) a(4,10) d(4) r(14,16)
48; 2; r(6,5) r(5,6) d(1) r(8,6) a(3,3) a(6,15) r(3,16) a(1,12) d(2)
49; 25; d(5) d(1) r(8,6) a(3,7) a(3,3) a(6,15) a(6,3) r(6,8) d(2) a(1,3) r(3,6) d(4)
50; 12; a(3,16) a(5,3) a(6,7) d(8) d(6) r(3,16) r(2,5) a(1,7)
51; 15; a(14,15) a(3,3) a(6,15) a(6,3) r(6,8) d(2) a(1,3) r(14,7) d(1) a(12,14)
52; 3, 35; a(3,16) a(5,3) a(6,7) d(8) d(6) a(6,3) r(6,8) d(2) a(1,3) r(3,6) d(8)
53; 3, 35; r(6,16) r(10,2) a(2,7) a(4,3) a(9,5) a(2,5) d(4) r(1,6)
54; 3; a(3,16) a(5,3) a(6,7) d(8) d(6) a(6,3) r(6,8) d(2) a(1,3) r(3,6) d(4) r(1,6)
55; 35; r(6,16) r(10,2) a(2,7) a(4,3) a(9,5) a(2,5) d(8)
--------------------------------------------------------------------------------
Mutation

0; a(14,15) a(3,3) a(9,5) d(5) a(1,12) r(2,3)
1; r(6,16) r(4,16) a(5,7) a(10,16) a(10,4) r(2,10) a(9,4) r(10,7) r(8,3) d(3) a(5,2)
2; a(14,15) a(3,3) a(6,15) a(6,3) r(5,16) r(4,2)
3; r(4,16) d(6) a(1,3) a(14,6) a(2,8) r(9,2) r(10,14) r(6,8) a(8,16)
4; a(14,15) a(3,3) a(6,15) a(6,3) r(10,14) r(6,8) d(1)
5; r(4,16) d(6) a(1,3) a(14,6) a(2,8) r(9,2) r(5,16) r(8,5)
6; a(3,16) a(5,3) a(6,7) a(4,16) d(9)
7; a(6,3) d(2) r(12,15) d(5) d(8) d(6) a(6,3) r(6,8) d(2) a(1,3) r(3,6) d(4) r(1,6)
8; a(3,16) a(5,3) a(6,7) d(8) d(6) a(6,3) r(6,8) d(2) a(1,3) r(3,6) d(4) r(1,6) d(5)
9; a(6,3) d(2) r(12,15) d(5) a(4,16) r(1,6)
10; a(14,15) a(3,3) a(6,15) a(6,3) r(10,14) r(6,8) d(9)
11; a(6,3) r(1,12) d(6) a(2,7) r(1,12) a(9,13) a(12,12) r(2,15) a(8,1) a(6,7) r(9,14) d(5) r(3,13)
12; a(6,3) r(1,12) d(6) a(2,7) d(2) r(12,15) d(1) r(8,7) r(5,16) d(3) r(12,15) r(5,14) d(4)
13; r(4,16) d(6) a(1,3) r(6,5) r(9,10) d(9) r(14,1) a(1,2) r(1,3) r(12,3)
14; a(6,3) r(1,12) d(6) a(2,7) d(2) r(12,15) d(1) r(8,7) r(5,16) a(4,15)
15; r(4,16) d(6) a(1,3) r(6,5) r(9,10) d(9) r(14,1) a(1,2) r(1,3) d(3) r(12,15) r(5,14) r(2,1)
16; r(6,16) r(10,2) a(2,7) a(4,3) a(9,5) d(5) a(9,16) a(2,3) d(12) a(8,13)
17; a(14,15) a(6,5) a(6,1) a(9,2) a(6,1) a(6,12) r(12,15) a(6,7)
18; r(6,16) r(10,2) a(2,7) a(4,3) a(9,5) d(5) r(12,15) d(1)
19; a(14,15) a(6,5) a(6,1) a(9,2) a(6,1) a(6,12) a(9,16) a(2,3) d(12) r(3,1)
20; a(14,15) a(3,3) a(6,15) a(6,3) r(6,8) d(2) a(1,3) r(1,6) a(9,2) a(6,1) a(6,12) a(9,16) d(6) r(5,6) r(14,6)
21; r(4,16) a(12,7) d(1) a(6,5) a(6,1) r(5,6) a(10,5) a(4,10) d(4) r(14,16) d(10)
22; a(14,15) a(3,3) a(6,15) a(6,3) r(6,8) d(2) a(1,3) r(1,6) r(5,6) a(10,5) a(4,10) d(4) r(14,16) d(3)
23; r(4,16) a(12,7) d(1) a(6,5) a(6,1) a(9,2) a(6,1) a(6,12) a(9,16) d(6) r(5,6) a(3,12)
24; a(14,15) a(6,5) a(6,1) a(9,2) a(6,1) a(6,12) a(9,16) a(2,3) d(1) r(8,6) a(3,7) a(3,3) a(6,15) a(6,3) r(6,8) d(2) a(1,3) r(3,6) a(4,10) d(4) r(5,7)
25; d(5) d(12) r(9,2)
26; a(14,15) a(6,5) a(6,1) a(9,2) a(6,1) a(6,12) a(9,16) a(2,3) d(12) d(6)
27; d(5) d(1) r(8,6) a(3,7) a(3,3) a(6,15) a(6,3) r(6,8) d(2) a(1,3) r(3,6) a(4,10) d(4)
28; r(6,16) r(4,16) a(5,7) a(10,16) a(10,4) r(2,10) a(9,4) r(3,16) a(1,12) a(1,10) a(10,1)
29; a(3,16) a(5,3) a(6,7) d(8) d(6) r(10,7) r(8,3) d(3) r(2,6)
30; r(6,16) r(4,16) a(5,7) a(10,16) a(10,4) r(2,10) a(9,4) r(10,7) r(8,3) d(3) a(5,13)
31; a(3,16) a(5,3) a(6,7) d(8) d(6) r(3,16) a(1,12) a(1,10) r(4,5)
32; a(14,15) a(3,3) a(6,15) a(6,3) r(6,8) d(2) a(1,3) r(14,7) d(1) d(10) a(4,3)
33; r(6,5) r(5,6) d(1) r(8,6) a(3,3) a(6,15) r(3,16) a(1,12) d(2) r(4,15)
34; a(14,15) a(3,13) r(3,7) r(10,1) r(6,7) d(5) r(1,6) r(2,8)
35; a(14,15) d(9) r(12,6) d(4) a(6,13) a(5,6) d(3) r(6,5) r(1,5)
36; r(6,16) r(4,16) a(5,7) a(10,16) a(10,4) r(2,10) a(9,4) r(10,7) r(8,3) d(1) d(3)
37; a(3,16) a(5,3) a(6,7) d(8) d(6) r(3,16) r(2,5) a(1,7) r(5,2)
38; r(6,16) a(9,16) a(2,3) d(4) a(10,7)
39; a(14,15) a(3,3) a(6,15) a(6,3) r(6,8) d(2) a(1,3) r(1,6) r(5,6) a(10,5) d(3) a(4,8)
40; a(14,15) a(6,5) a(6,1) a(9,2) a(6,1) a(6,12) r(10,2) a(2,7) a(4,3) a(9,5) a(2,5) r(6,5) d(4)
41; a(14,15) a(3,13) r(3,7) r(10,1) r(6,7) a(9,12) d(2) d(14)
42; a(14,15) a(3,3) a(6,15) a(6,3) r(4,16) a(5,7) r(5,12) a(2,14) a(14,3) a(3,5) d(2) a(1,7) d(10) a(1,3)
43; a(14,15) d(9) r(12,6) d(4) a(6,13) a(5,6) d(6) a(2,4) d(5)
44; a(14,15) a(3,3) a(6,15) a(6,3) r(6,8) d(2) a(1,3) r(1,6) r(5,6) a(10,5) r(10,13) r(9,2)
45; a(14,15) a(3,3) a(6,15) a(6,3) r(6,8) d(2) a(1,3) r(1,6) r(5,6) a(10,5) d(3) r(9,8)
46; a(14,15) a(3,3) a(6,15) a(6,3) r(10,14) r(6,8) r(4,8)
47; a(14,15) a(3,3) a(6,15) a(6,3) r(6,8) d(2) a(1,3) r(1,6) r(5,6) a(10,5) a(4,10) d(4) r(14,16) d(12)
48; r(6,5) r(5,6) d(1) r(8,6) a(3,3) a(6,15) r(3,16) a(1,12) d(2) r(4,14)
49; d(5) d(1) r(8,6) a(3,7) a(3,3) a(6,15) a(6,3) r(6,8) d(2) a(1,3) r(3,6) d(4)
50; a(3,16) a(5,3) a(6,7) d(8) d(6) r(3,16) r(2,5) a(1,7) r(1,2)
51; a(14,15) a(3,3) a(6,15) a(6,3) r(6,8) d(2) a(1,3) r(14,7) d(1) a(12,14) r(12,15)
52; a(3,16) a(5,3) a(6,7) d(8) d(6) a(6,3) r(6,8) d(2) a(1,3) r(3,6) d(8) d(4)
53; r(6,16) r(10,2) a(2,7) a(4,3) a(9,5) a(2,5) d(4) r(1,6) d(9)
54; a(3,16) a(5,3) a(6,7) d(8) d(6) a(6,3) r(6,8) d(2) a(1,3) r(3,6) d(4) r(1,6) a(5,10)
55; r(6,16) r(10,2) a(2,7) a(4,3) a(9,5) a(2,5) d(8) d(2)
--------------------------------------------------------------------------------
Evaluation

0; 0.
1; 0.
2; 0.
3; 0.
4; 0.
5; 0.
6; 0.
7; 0.
8; 0.
9; 0.
10; 0.
11; 0.
12; 0.
13; 0.
14; 0.
15; 0.
16; 0.
17; 0.
18; 0.
19; 0.
20; 0.
21; 0.
22; 0.
23; 0.
24; 0.
25; 0.
26; 20.
27; 0.
28; 0.
29; 0.
30; 0.
31; 0.
32; 0.
33; 0.
34; 0.
35; 0.
36; 0.
37; 0.
38; 0.
39; 0.
40; 0.
41; 0.
42; 0.
43; 0.
44; 0.
45; 0.
46; 0.
47; 0.
48; 0.
49; 0.
50; 0.
51; 0.
52; 0.
53; 0.
54; 0.
55; 0.
