================================================================================
Enclosure

1: 0
2: 0
3: 0
4: 0
5: 0
6: 5
7: 5
8: 0
9: 8
10: 9
12: 8
13: 12
14: 12
15: 0
16: 0
================================================================================
Initialisation

0; r(5,4); 10.
1; d(6); 10.
2; d(3); 0.
3; a(6,12); 10.
4; a(6,1); 10.
5; a(5,8); 10.
6; r(6,8); 10.
7; r(4,2); 0.
8; r(3,1); 0.
9; a(6,15); 10.
10; d(2); 0.
11; r(6,2); 10.
12; d(12); 0.
13; a(8,2); 0.
14; r(6,13); 10.
15; a(6,15); 10.
16; r(6,1); 10.
17; r(6,12); 10.
18; r(5,2); 10.
19; a(5,3); 10.
20; r(6,13); 10.
21; r(2,14); 0.
22; r(6,8); 10.
23; a(1,3); 10.
24; a(6,3); 10.
25; a(3,7); 10.
26; a(4,15); 0.
27; a(14,4); 0.
28; r(1,8); 4.
29; d(6); 10.
30; a(1,15); 0.
31; d(6); 10.
32; d(6); 10.
33; d(3); 0.
34; a(6,1); 10.
35; d(6); 10.
36; r(14,6); 0.
37; r(5,2); 10.
38; r(8,3); 0.
39; original; 10.
================================================================================
Generation 1

--------------------------------------------------------------------------------
Selection

0; 33
1; 13
2; 33
3; 20
4; 7
5; 30
6; 33
7; 10
8; 8
9; 30
10; 17
11; 24
12; 37
13; 11
14; 19
15; 25
16; 27
17; 31
18; 27
19; 32
20; 27
21; 22
22; 21
23; 28
24; 24
25; 15
26; 7
27; 10
28; 8
29; 26
30; 12
31; 27
32; 2
33; 25
34; 31
35; 30
36; 38
37; 6
38; 14
39; 39
--------------------------------------------------------------------------------
Crossover

0; 8; r(3,1)
1; 32; d(6)
2; 27, 31; a(14,4)
3; 27, 31; d(6)
4; 27; a(14,4)
5; 31; d(6)
6; 38, 27; r(8,3)
7; 38, 27; a(14,4)
8; 38; r(8,3)
9; 27; a(14,4)
10; 31; d(6)
11; 24; a(6,3)
12; 19; a(5,3)
13; 39; original
14; 33; d(3)
15; 7; r(4,2)
16; 20; r(6,13)
17; 11; r(6,2)
18; 7; r(4,2)
19; 14; r(6,13)
20; 25, 22; a(3,7)
21; 25, 22; r(6,8)
22; 25; a(3,7)
23; 22; r(6,8)
24; 21, 26; r(2,14)
25; 21, 26; a(4,15)
26; 21; r(2,14)
27; 26; a(4,15)
28; 10; d(2)
29; 6; r(6,8)
30; 28, 27; r(1,8)
31; 28, 27; a(14,4)
32; 28; r(1,8)
33; 27; a(14,4)
34; 8, 17; r(3,1)
35; 8, 17; r(6,12)
36; 8; r(3,1)
37; 17; r(6,12)
38; 13, 24; a(8,2)
39; 13, 24; a(6,3)
40; 13; a(8,2)
41; 24; a(6,3)
42; 30; a(1,15)
43; 30; a(1,15)
44; 2, 27; d(3)
45; 2, 27; a(14,4)
46; 2; d(3)
47; 27; a(14,4)
48; 15; a(6,15)
49; 33; d(3)
50; 12, 33; d(12)
51; 12, 33; d(3)
52; 12; d(12)
53; 33; d(3)
54; 37; r(5,2)
55; 10; d(2)
56; 25, 30; a(3,7)
57; 25, 30; a(1,15)
58; 25; a(3,7)
59; 30; a(1,15)
--------------------------------------------------------------------------------
Mutation

0; r(3,1) r(6,8)
1; d(6) r(10,8)
2; a(14,4) d(6)
3; d(6) r(2,6)
4; a(14,4) a(6,16)
5; d(6) d(5)
6; r(8,3) r(2,8)
7; a(14,4) a(1,6)
8; r(8,3) a(2,1)
9; a(14,4) d(6)
10; d(6) d(3)
11; a(6,3) r(2,13)
12; a(5,3) d(6)
13; d(14)
14; d(3) r(6,15)
15; r(4,2) d(3)
16; r(6,13) r(9,7)
17; r(6,2) a(1,12)
18; r(4,2) d(6)
19; r(6,13) d(5)
20; a(3,7) d(6)
21; r(6,8) a(12,7)
22; a(3,7) d(6)
23; r(6,8) d(10)
24; r(2,14) d(6)
25; a(4,15) d(6)
26; r(2,14) d(9)
27; a(4,15) r(6,4)
28; d(2) r(5,10)
29; r(6,8) a(9,9)
30; r(1,8) r(6,1)
31; a(14,4) a(3,12)
32; r(1,8) r(6,2)
33; a(14,4) d(6)
34; r(3,1) d(10)
35; r(6,12) r(12,13)
36; r(3,1) r(14,1)
37; r(6,12) d(10)
38; a(8,2) r(6,5)
39; a(6,3) d(5)
40; a(8,2) d(1)
41; a(6,3) d(14)
42; a(1,15) r(6,12)
43; a(1,15) a(14,7)
44; d(3) d(8)
45; a(14,4) d(12)
46; d(3) r(12,14)
47; a(14,4) r(12,9)
48; a(6,15) r(14,10)
49; d(3) a(6,16)
50; d(12) a(6,8)
51; d(3) r(5,6)
52; d(12) d(4)
53; d(3) d(1)
54; r(5,2) d(10)
55; d(2) r(8,3)
56; a(3,7) d(2)
57; a(1,15) r(5,6)
58; a(3,7) r(4,1)
59; a(1,15) a(6,12)
--------------------------------------------------------------------------------
Evaluation

0; 0.
1; 10.
2; 0.
3; 0.
4; 20.
5; 10.
6; 0.
7; 0.
8; 0.
9; 0.
10; 0.
11; 0.
12; 10.
13; 0.
14; 0.
15; 0.
16; 0.
17; 10.
18; 0.
19; 10.
20; 10.
21; 10.
22; 10.
23; 10.
24; 0.
25; 0.
26; 0.
27; 0.
28; 0.
29; 10.
30; 4.
31; 0.
32; 4.
33; 0.
34; 0.
35; 0.
36; 0.
37; 10.
38; 0.
39; 10.
40; 0.
41; 0.
42; 0.
43; 0.
44; 0.
45; 0.
46; 0.
47; 0.
48; 0.
49; 0.
50; 0.
51; 0.
52; 0.
53; 0.
54; 10.
55; 0.
56; 0.
57; 0.
58; 0.
59; 0.
================================================================================
Generation 2

--------------------------------------------------------------------------------
Selection

0; 47
1; 28
2; 13
3; 38
4; 58
5; 42
6; 16
7; 25
8; 34
9; 8
10; 9
11; 47
12; 11
13; 49
14; 46
15; 38
16; 51
17; 31
18; 55
19; 24
20; 57
21; 26
22; 58
23; 8
24; 33
25; 16
26; 14
27; 51
28; 36
29; 2
30; 34
31; 7
32; 27
33; 36
34; 56
35; 9
36; 3
37; 49
38; 50
39; 52
--------------------------------------------------------------------------------
Crossover

0; 42, 8; a(1,15) r(6,12) a(2,1)
1; 42, 8; r(8,3)
2; 42; a(1,15) r(6,12)
3; 8; r(8,3) a(2,1)
4; 46, 58; d(3)
5; 46, 58; a(3,7) r(4,1) r(12,14)
6; 46; d(3) r(12,14)
7; 58; a(3,7) r(4,1)
8; 47; a(14,4) r(12,9)
9; 26; r(2,14) d(9)
10; 47, 7; a(14,4)
11; 47, 7; a(14,4) a(1,6) r(12,9)
12; 47; a(14,4) r(12,9)
13; 7; a(14,4) a(1,6)
14; 34; r(3,1) d(10)
15; 56; a(3,7) d(2)
16; 25, 38; a(4,15) d(6) r(6,5)
17; 25, 38; a(8,2)
18; 25; a(4,15) d(6)
19; 38; a(8,2) r(6,5)
20; 8; r(8,3) a(2,1)
21; 27; a(4,15) r(6,4)
22; 34; r(3,1) d(10)
23; 58; a(3,7) r(4,1)
24; 2, 51; a(14,4) d(6)
25; 2, 51; d(3) r(5,6)
26; 2; a(14,4) d(6)
27; 51; d(3) r(5,6)
28; 50; d(12) a(6,8)
29; 16; r(6,13) r(9,7)
30; 31, 49; a(14,4) a(6,16)
31; 31, 49; d(3) a(3,12)
32; 31; a(14,4) a(3,12)
33; 49; d(3) a(6,16)
34; 49; d(3) a(6,16)
35; 16; r(6,13) r(9,7)
36; 9, 24; a(14,4)
37; 9, 24; r(2,14) d(6) d(6)
38; 9; a(14,4) d(6)
39; 24; r(2,14) d(6)
40; 55, 57; d(2) r(8,3) r(5,6)
41; 55, 57; a(1,15)
42; 55; d(2) r(8,3)
43; 57; a(1,15) r(5,6)
44; 36, 14; r(3,1) r(14,1)
45; 36, 14; d(3) r(6,15)
46; 36; r(3,1) r(14,1)
47; 14; d(3) r(6,15)
48; 33, 38; a(14,4) r(6,5)
49; 33, 38; a(8,2) d(6)
50; 33; a(14,4) d(6)
51; 38; a(8,2) r(6,5)
52; 51; d(3) r(5,6)
53; 9; a(14,4) d(6)
54; 13, 3; d(14)
55; 13, 3; d(6) r(2,6)
56; 13; d(14)
57; 3; d(6) r(2,6)
58; 11, 36; a(6,3) r(14,1)
59; 11, 36; r(3,1) r(2,13)
60; 11; a(6,3) r(2,13)
61; 36; r(3,1) r(14,1)
62; 28; d(2) r(5,10)
63; 52; d(12) d(4)
--------------------------------------------------------------------------------
Mutation

0; a(1,15) r(6,12) a(2,1) a(8,3)
1; r(8,3) a(6,4)
2; a(1,15) r(6,12) a(12,9)
3; r(8,3) a(2,1) d(6)
4; d(3) d(6)
5; a(3,7) r(4,1) r(12,14) d(6)
6; d(3) r(12,14) a(9,16)
7; a(3,7) r(4,1) d(6)
8; a(14,4) r(12,9) a(10,8)
9; r(2,14) d(9) a(8,1)
10; a(14,4) r(9,8)
11; a(14,4) a(1,6) r(12,9) r(8,6)
12; a(14,4) r(12,9) r(6,1)
13; a(14,4) a(1,6) r(12,5)
14; r(3,1) d(10) d(6)
15; a(3,7) d(2) d(12)
16; a(4,15) d(6) r(6,5) a(5,6)
17; a(8,2) r(14,2)
18; a(4,15) d(6) d(2)
19; a(8,2) r(6,5) d(14)
20; r(8,3) a(2,1) d(5)
21; a(4,15) r(6,4) a(5,12)
22; r(3,1) d(10) d(2)
23; a(3,7) r(4,1) r(6,14)
24; a(14,4) d(6) r(8,7)
25; d(3) r(5,6) r(8,5)
26; a(14,4) d(6) a(2,12)
27; d(3) r(5,6) a(2,7)
28; d(12) a(6,8) a(6,4)
29; r(6,13) r(9,7) r(14,13)
30; a(14,4) a(6,16) r(10,6)
31; d(3) a(3,12) d(6)
32; a(14,4) a(3,12) d(10)
33; d(3) a(6,16) r(6,3)
34; d(3) a(6,16) a(6,6)
35; r(6,13) r(9,7) d(12)
36; a(14,4) d(14)
37; r(2,14) d(6) d(6) a(12,3)
38; a(14,4) d(6) d(8)
39; r(2,14) d(6) d(4)
40; d(2) r(8,3) r(5,6) r(4,13)
41; a(1,15) a(8,7)
42; d(2) r(8,3) d(1)
43; a(1,15) r(5,6) d(4)
44; r(3,1) r(14,1) d(6)
45; d(3) r(6,15) a(8,3)
46; r(3,1) r(14,1) r(9,1)
47; d(3) r(6,15) r(9,3)
48; a(14,4) r(6,5) r(12,1)
49; a(8,2) d(6) d(12)
50; a(14,4) d(6) d(9)
51; a(8,2) r(6,5) a(3,1)
52; d(3) r(5,6) d(2)
53; a(14,4) d(6) a(2,13)
54; d(14) d(6)
55; d(6) r(2,6) a(10,12)
56; d(14) d(6)
57; d(6) r(2,6) a(4,3)
58; a(6,3) r(14,1) d(6)
59; r(3,1) r(2,13) r(6,10)
60; a(6,3) r(2,13) r(10,6)
61; r(3,1) r(14,1) d(6)
62; d(2) r(5,10) d(4)
63; d(12) d(4) a(6,6)
--------------------------------------------------------------------------------
Evaluation

0; 0.
1; 0.
2; 0.
3; 0.
4; 0.
5; 0.
6; 0.
7; 0.
8; 10.
9; 0.
10; 0.
11; 0.
12; 0.
13; 0.
14; 0.
15; 0.
16; 0.
17; 0.
18; 0.
19; 0.
20; 0.
21; 0.
22; 0.
23; 0.
24; 0.
25; 0.
26; 0.
27; 0.
28; 0.
29; 0.
30; 20.
31; 0.
32; 0.
33; 0.
34; 0.
35; 0.
36; 0.
37; 0.
38; 0.
39; 0.
40; 0.
41; 0.
42; 0.
43; 0.
44; 0.
45; 0.
46; 0.
47; 0.
48; 0.
49; 0.
50; 0.
51; 0.
52; 0.
53; 0.
54; 0.
55; 0.
56; 0.
57; 0.
58; 0.
59; 0.
60; 0.
61; 0.
62; 0.
63; 0.
================================================================================
Generation 3

--------------------------------------------------------------------------------
Selection

0; 25
1; 46
2; 56
3; 50
4; 59
5; 14
6; 42
7; 11
8; 51
9; 4
10; 42
11; 31
12; 4
13; 32
14; 34
15; 41
16; 59
17; 25
18; 12
19; 15
20; 33
21; 20
22; 57
23; 35
24; 2
25; 4
26; 44
27; 26
28; 11
29; 25
30; 12
31; 4
32; 3
33; 39
34; 23
35; 57
36; 61
37; 58
38; 39
39; 34
--------------------------------------------------------------------------------
Crossover

0; 58; a(6,3) r(14,1) d(6)
1; 59; r(3,1) r(2,13) r(6,10)
2; 34, 4; d(3)
3; 34, 4; d(3) d(6) a(6,16) a(6,6)
4; 34; d(3) a(6,16) a(6,6)
5; 4; d(3) d(6)
6; 32, 39; a(14,4) d(6) d(4)
7; 32, 39; r(2,14) a(3,12) d(10)
8; 32; a(14,4) a(3,12) d(10)
9; 39; r(2,14) d(6) d(4)
10; 4; d(3) d(6)
11; 14; r(3,1) d(10) d(6)
12; 33, 50; d(3) a(6,16) d(6) d(9)
13; 33, 50; a(14,4) r(6,3)
14; 33; d(3) a(6,16) r(6,3)
15; 50; a(14,4) d(6) d(9)
16; 41, 31; a(1,15) a(8,7)
17; 41, 31; d(3) a(3,12) d(6)
18; 41; a(1,15) a(8,7)
19; 31; d(3) a(3,12) d(6)
20; 12; a(14,4) r(12,9) r(6,1)
21; 11; a(14,4) a(1,6) r(12,9) r(8,6)
22; 12; a(14,4) r(12,9) r(6,1)
23; 42; d(2) r(8,3) d(1)
24; 20; r(8,3) a(2,1) d(5)
25; 4; d(3) d(6)
26; 57; d(6) r(2,6) a(4,3)
27; 23; a(3,7) r(4,1) r(6,14)
28; 61, 44; r(3,1)
29; 61, 44; r(3,1) r(14,1) d(6) r(14,1) d(6)
30; 61; r(3,1) r(14,1) d(6)
31; 44; r(3,1) r(14,1) d(6)
32; 57, 15; d(6) r(2,6) d(2) d(12)
33; 57, 15; a(3,7) a(4,3)
34; 57; d(6) r(2,6) a(4,3)
35; 15; a(3,7) d(2) d(12)
36; 35, 34; r(6,13) r(9,7) a(6,16) a(6,6)
37; 35, 34; d(3) d(12)
38; 35; r(6,13) r(9,7) d(12)
39; 34; d(3) a(6,16) a(6,6)
40; 25, 42; d(3) r(5,6) r(8,5) d(1)
41; 25, 42; d(2) r(8,3)
42; 25; d(3) r(5,6) r(8,5)
43; 42; d(2) r(8,3) d(1)
44; 46; r(3,1) r(14,1) r(9,1)
45; 25; d(3) r(5,6) r(8,5)
46; 26, 25; a(14,4) d(6)
47; 26, 25; d(3) r(5,6) r(8,5) a(2,12)
48; 26; a(14,4) d(6) a(2,12)
49; 25; d(3) r(5,6) r(8,5)
50; 3, 59; r(8,3) a(2,1) d(6)
51; 3, 59; r(3,1) r(2,13) r(6,10)
52; 3; r(8,3) a(2,1) d(6)
53; 59; r(3,1) r(2,13) r(6,10)
54; 11; a(14,4) a(1,6) r(12,9) r(8,6)
55; 51; a(8,2) r(6,5) a(3,1)
56; 56; d(14) d(6)
57; 2; a(1,15) r(6,12) a(12,9)
58; 4, 39; d(3) d(6) d(4)
59; 4, 39; r(2,14) d(6)
60; 4; d(3) d(6)
61; 39; r(2,14) d(6) d(4)
--------------------------------------------------------------------------------
Mutation

0; a(6,3) r(14,1) d(6) d(2)
1; r(3,1) r(2,13) r(6,10) a(12,6)
2; d(3) d(6)
3; d(3) d(6) a(6,16) a(6,6) d(2)
4; d(3) a(6,16) a(6,6) r(2,4)
5; d(3) d(6) r(12,7)
6; a(14,4) d(6) d(4) a(14,8)
7; r(2,14) a(3,12) d(10) r(6,14)
8; a(14,4) a(3,12) d(10) d(6)
9; r(2,14) d(6) d(4) a(9,2)
10; d(3) d(6) a(2,13)
11; r(3,1) d(10) d(6) d(2)
12; d(3) a(6,16) d(6) d(9) r(5,7)
13; a(14,4) r(6,3) r(12,3)
14; d(3) a(6,16) r(6,3) a(1,5)
15; a(14,4) d(6) d(9) a(1,14)
16; a(1,15) a(8,7) r(6,2)
17; d(3) a(3,12) d(6) d(1)
18; a(1,15) a(8,7) r(14,9)
19; d(3) a(3,12) d(6) r(4,10)
20; a(14,4) r(12,9) r(6,1) r(3,6)
21; a(14,4) a(1,6) r(12,9) r(8,6) a(3,2)
22; a(14,4) r(12,9) r(6,1) d(3)
23; d(2) r(8,3) d(1) r(6,13)
24; r(8,3) a(2,1) d(5) d(1)
25; d(3) d(6) a(9,7)
26; d(6) r(2,6) a(4,3) a(9,3)
27; a(3,7) r(4,1) r(6,14) r(3,16)
28; r(3,1) d(6)
29; r(3,1) r(14,1) d(6) r(14,1) d(6) a(8,15)
30; r(3,1) r(14,1) d(6) a(2,7)
31; r(3,1) r(14,1) d(6) d(12)
32; d(6) r(2,6) d(2) d(12) a(3,13)
33; a(3,7) a(4,3) r(6,3)
34; d(6) r(2,6) a(4,3) r(5,6)
35; a(3,7) d(2) d(12) d(6)
36; r(6,13) r(9,7) a(6,16) a(6,6) r(12,9)
37; d(3) d(12) a(2,10)
38; r(6,13) r(9,7) d(12) a(2,12)
39; d(3) a(6,16) a(6,6) a(2,3)
40; d(3) r(5,6) r(8,5) d(1) r(4,16)
41; d(2) r(8,3) r(6,10)
42; d(3) r(5,6) r(8,5) a(2,1)
43; d(2) r(8,3) d(1) d(6)
44; r(3,1) r(14,1) r(9,1) r(6,5)
45; d(3) r(5,6) r(8,5) r(1,4)
46; a(14,4) d(6) r(12,4)
47; d(3) r(5,6) r(8,5) a(2,12) a(1,1)
48; a(14,4) d(6) a(2,12) a(9,13)
49; d(3) r(5,6) r(8,5) r(4,16)
50; r(8,3) a(2,1) d(6) d(1)
51; r(3,1) r(2,13) r(6,10) r(1,5)
52; r(8,3) a(2,1) d(6) r(3,14)
53; r(3,1) r(2,13) r(6,10) a(1,10)
54; a(14,4) a(1,6) r(12,9) r(8,6) a(2,15)
55; a(8,2) r(6,5) a(3,1) a(14,8)
56; d(14) d(6) a(4,15)
57; a(1,15) r(6,12) a(12,9) a(1,5)
58; d(3) d(6) d(4) r(14,13)
59; r(2,14) d(6) r(14,6)
60; d(3) d(6) a(5,2)
61; r(2,14) d(6) d(4) d(9)
--------------------------------------------------------------------------------
Evaluation

0; 0.
1; 0.
2; 0.
3; 0.
4; 0.
5; 0.
6; 0.
7; 0.
8; 0.
9; 0.
10; 0.
11; 0.
12; 0.
13; 0.
14; 0.
15; 0.
16; 0.
17; 0.
18; 0.
19; 0.
20; 0.
21; 0.
22; 0.
23; 0.
24; 0.
25; 0.
26; 0.
27; 0.
28; 0.
29; 0.
30; 0.
31; 0.
32; 0.
33; 10.
34; 0.
35; 0.
36; 0.
37; 0.
38; 0.
39; 10.
40; 0.
41; 0.
42; 0.
43; 0.
44; 0.
45; 0.
46; 0.
47; 0.
48; 0.
49; 0.
50; 0.
51; 0.
52; 0.
53; 0.
54; 0.
55; 0.
56; 0.
57; 0.
58; 0.
59; 0.
60; 0.
61; 0.
================================================================================
Generation 4

--------------------------------------------------------------------------------
Selection

0; 20
1; 55
2; 46
3; 17
4; 54
5; 27
6; 17
7; 26
8; 52
9; 23
10; 56
11; 41
12; 56
13; 45
14; 30
15; 35
16; 47
17; 23
18; 42
19; 2
20; 16
21; 19
22; 6
23; 50
24; 49
25; 56
26; 45
27; 26
28; 37
29; 10
30; 37
31; 42
32; 0
33; 6
34; 41
35; 43
36; 17
37; 54
38; 24
39; 23
--------------------------------------------------------------------------------
Crossover

0; 6; a(14,4) d(6) d(4) a(14,8)
1; 45; d(3) r(5,6) r(8,5) r(1,4)
2; 41; d(2) r(8,3) r(6,10)
3; 45; d(3) r(5,6) r(8,5) r(1,4)
4; 52; r(8,3) a(2,1) d(6) r(3,14)
5; 23; d(2) r(8,3) d(1) r(6,13)
6; 50; r(8,3) a(2,1) d(6) d(1)
7; 46; a(14,4) d(6) r(12,4)
8; 20; a(14,4) r(12,9) r(6,1) r(3,6)
9; 2; d(3) d(6)
10; 10; d(3) d(6) a(2,13)
11; 17; d(3) a(3,12) d(6) d(1)
12; 47; d(3) r(5,6) r(8,5) a(2,12) a(1,1)
13; 37; d(3) d(12) a(2,10)
14; 49, 16; d(3)
15; 49, 16; a(1,15) a(8,7) r(6,2) r(5,6) r(8,5) r(4,16)
16; 49; d(3) r(5,6) r(8,5) r(4,16)
17; 16; a(1,15) a(8,7) r(6,2)
18; 23, 54; d(2) r(8,3) d(1) r(6,13) a(2,15)
19; 23, 54; a(14,4) a(1,6) r(12,9) r(8,6)
20; 23; d(2) r(8,3) d(1) r(6,13)
21; 54; a(14,4) a(1,6) r(12,9) r(8,6) a(2,15)
22; 54, 56; a(14,4) a(1,6) a(4,15)
23; 54, 56; d(14) d(6) r(12,9) r(8,6) a(2,15)
24; 54; a(14,4) a(1,6) r(12,9) r(8,6) a(2,15)
25; 56; d(14) d(6) a(4,15)
26; 41, 35; d(2) r(8,3) r(6,10) d(6)
27; 41, 35; a(3,7) d(2) d(12)
28; 41; d(2) r(8,3) r(6,10)
29; 35; a(3,7) d(2) d(12) d(6)
30; 19; d(3) a(3,12) d(6) r(4,10)
31; 23; d(2) r(8,3) d(1) r(6,13)
32; 56, 42; d(14) d(6) a(2,1)
33; 56, 42; d(3) r(5,6) r(8,5) a(4,15)
34; 56; d(14) d(6) a(4,15)
35; 42; d(3) r(5,6) r(8,5) a(2,1)
36; 30; r(3,1) r(14,1) d(6) a(2,7)
37; 56; d(14) d(6) a(4,15)
38; 55; a(8,2) r(6,5) a(3,1) a(14,8)
39; 37; d(3) d(12) a(2,10)
40; 26, 0; d(6) d(6) d(2)
41; 26, 0; a(6,3) r(14,1) r(2,6) a(4,3) a(9,3)
42; 26; d(6) r(2,6) a(4,3) a(9,3)
43; 0; a(6,3) r(14,1) d(6) d(2)
44; 27, 17; a(3,7) r(4,1)
45; 27, 17; d(3) a(3,12) d(6) d(1) r(6,14) r(3,16)
46; 27; a(3,7) r(4,1) r(6,14) r(3,16)
47; 17; d(3) a(3,12) d(6) d(1)
48; 43, 42; d(2) r(8,3) d(1) a(2,1)
49; 43, 42; d(3) r(5,6) r(8,5) d(6)
50; 43; d(2) r(8,3) d(1) d(6)
51; 42; d(3) r(5,6) r(8,5) a(2,1)
52; 26, 24; d(6) r(2,6) d(1)
53; 26, 24; r(8,3) a(2,1) d(5) a(4,3) a(9,3)
54; 26; d(6) r(2,6) a(4,3) a(9,3)
55; 24; r(8,3) a(2,1) d(5) d(1)
56; 17; d(3) a(3,12) d(6) d(1)
57; 6; a(14,4) d(6) d(4) a(14,8)
--------------------------------------------------------------------------------
Mutation

0; a(14,4) d(6) d(4) a(14,8) r(1,6)
1; d(3) r(5,6) r(8,5) r(1,4) a(2,6)
2; d(2) r(8,3) r(6,10) d(5)
3; d(3) r(5,6) r(8,5) r(1,4) r(4,5)
4; r(8,3) a(2,1) d(6) r(3,14) a(4,8)
5; d(2) r(8,3) d(1) r(6,13) r(3,6)
6; r(8,3) a(2,1) d(6) d(1) a(3,3)
7; a(14,4) d(6) r(12,4) r(2,1)
8; a(14,4) r(12,9) r(6,1) r(3,6) a(8,4)
9; d(3) d(6) a(4,3)
10; d(3) d(6) a(2,13) r(8,10)
11; d(3) a(3,12) d(6) d(1) a(14,15)
12; d(3) r(5,6) r(8,5) a(2,12) a(1,1) d(4)
13; d(3) d(12) a(2,10) r(10,5)
14; d(3) d(14)
15; a(1,15) a(8,7) r(6,2) r(5,6) r(8,5) r(4,16) a(3,12)
16; d(3) r(5,6) r(8,5) r(4,16) d(1)
17; a(1,15) a(8,7) r(6,2) d(5)
18; d(2) r(8,3) d(1) r(6,13) a(2,15) d(3)
19; a(14,4) a(1,6) r(12,9) r(8,6) r(6,2)
20; d(2) r(8,3) d(1) r(6,13) d(4)
21; a(14,4) a(1,6) r(12,9) r(8,6) a(2,15) r(2,3)
22; a(14,4) a(1,6) a(4,15) a(3,14)
23; d(14) d(6) r(12,9) r(8,6) a(2,15) r(4,7)
24; a(14,4) a(1,6) r(12,9) r(8,6) a(2,15) a(4,4)
25; d(14) d(6) a(4,15) a(5,2)
26; d(2) r(8,3) r(6,10) d(6) r(1,3)
27; a(3,7) d(2) d(12) a(6,14)
28; d(2) r(8,3) r(6,10) a(1,7)
29; a(3,7) d(2) d(12) d(6) d(1)
30; d(3) a(3,12) d(6) r(4,10) d(5)
31; d(2) r(8,3) d(1) r(6,13) a(3,1)
32; d(14) d(6) a(2,1) d(2)
33; d(3) r(5,6) r(8,5) a(4,15) r(2,7)
34; d(14) d(6) a(4,15) r(8,1)
35; d(3) r(5,6) r(8,5) a(2,1) d(4)
36; r(3,1) r(14,1) d(6) a(2,7) d(10)
37; d(14) d(6) a(4,15) r(1,10)
38; a(8,2) r(6,5) a(3,1) a(14,8) a(12,7)
39; d(3) d(12) a(2,10) d(6)
40; d(6) d(6) d(2) d(10)
41; a(6,3) r(14,1) r(2,6) a(4,3) a(9,3) a(8,1)
42; d(6) r(2,6) a(4,3) a(9,3) d(5)
43; a(6,3) r(14,1) d(6) d(2) a(12,1)
44; a(3,7) r(4,1) r(6,12)
45; d(3) a(3,12) d(6) d(1) r(6,14) r(3,16) a(4,6)
46; a(3,7) r(4,1) r(6,14) r(3,16) r(1,14)
47; d(3) a(3,12) d(6) d(1) d(8)
48; d(2) r(8,3) d(1) a(2,1) d(4)
49; d(3) r(5,6) r(8,5) d(6) a(4,14)
50; d(2) r(8,3) d(1) d(6) a(3,7)
51; d(3) r(5,6) r(8,5) a(2,1) d(2)
52; d(6) r(2,6) d(1) a(14,10)
53; r(8,3) a(2,1) d(5) a(4,3) a(9,3) r(1,13)
54; d(6) r(2,6) a(4,3) a(9,3) a(9,13)
55; r(8,3) a(2,1) d(5) d(1) a(2,12)
56; d(3) a(3,12) d(6) d(1) a(8,13)
57; a(14,4) d(6) d(4) a(14,8) r(14,1)
--------------------------------------------------------------------------------
Evaluation

0; 0.
1; 0.
2; 0.
3; 0.
4; 0.
5; 0.
6; 0.
7; 0.
8; 0.
9; 0.
10; 0.
11; 0.
12; 0.
13; 0.
14; 0.
15; 0.
16; 0.
17; 0.
18; 0.
19; 0.
20; 0.
21; 0.
22; 0.
23; 0.
24; 0.
25; 0.
26; 0.
27; 0.
28; 0.
29; 0.
30; 0.
31; 0.
32; 0.
33; 0.
34; 0.
35; 0.
36; 0.
37; 0.
38; 0.
39; 0.
40; 0.
41; 0.
42; 0.
43; 0.
44; 0.
45; 0.
46; 0.
47; 0.
48; 0.
49; 0.
50; 0.
51; 0.
52; 0.
53; 0.
54; 0.
55; 0.
56; 0.
57; 0.
================================================================================
Generation 5

--------------------------------------------------------------------------------
Selection

0; 11
1; 24
2; 29
3; 57
4; 25
5; 2
6; 41
7; 22
8; 45
9; 18
10; 41
11; 50
12; 47
13; 32
14; 36
15; 13
16; 33
17; 31
18; 3
19; 5
20; 48
21; 23
22; 15
23; 21
24; 11
25; 14
26; 30
27; 33
28; 4
29; 8
30; 24
31; 16
32; 53
33; 17
34; 3
35; 8
36; 38
37; 51
38; 35
39; 3
--------------------------------------------------------------------------------
Crossover

0; 48; d(2) r(8,3) d(1) a(2,1) d(4)
1; 31; d(2) r(8,3) d(1) r(6,13) a(3,1)
2; 16; d(3) r(5,6) r(8,5) r(4,16) d(1)
3; 41; a(6,3) r(14,1) r(2,6) a(4,3) a(9,3) a(8,1)
4; 53; r(8,3) a(2,1) d(5) a(4,3) a(9,3) r(1,13)
5; 18; d(2) r(8,3) d(1) r(6,13) a(2,15) d(3)
6; 21, 11; a(14,4) a(1,6) r(12,9) r(8,6) a(2,15) r(2,3)
7; 21, 11; d(3) a(3,12) d(6) d(1) a(14,15)
8; 21; a(14,4) a(1,6) r(12,9) r(8,6) a(2,15) r(2,3)
9; 11; d(3) a(3,12) d(6) d(1) a(14,15)
10; 23, 11; d(14) d(6) r(12,9) r(8,6) a(2,15) r(4,7) d(1) a(14,15)
11; 23, 11; d(3) a(3,12) d(6)
12; 23; d(14) d(6) r(12,9) r(8,6) a(2,15) r(4,7)
13; 11; d(3) a(3,12) d(6) d(1) a(14,15)
14; 29, 35; a(3,7)
15; 29, 35; d(3) r(5,6) r(8,5) a(2,1) d(4) d(2) d(12) d(6) d(1)
16; 29; a(3,7) d(2) d(12) d(6) d(1)
17; 35; d(3) r(5,6) r(8,5) a(2,1) d(4)
18; 17, 14; a(1,15) a(8,7) r(6,2) d(5)
19; 17, 14; d(3) d(14)
20; 17; a(1,15) a(8,7) r(6,2) d(5)
21; 14; d(3) d(14)
22; 3, 24; d(3) r(5,6) r(12,9) r(8,6) a(2,15) a(4,4)
23; 3, 24; a(14,4) a(1,6) r(8,5) r(1,4) r(4,5)
24; 3; d(3) r(5,6) r(8,5) r(1,4) r(4,5)
25; 24; a(14,4) a(1,6) r(12,9) r(8,6) a(2,15) a(4,4)
26; 45, 22; d(3) a(3,12) d(6) d(1) a(4,15) a(3,14)
27; 45, 22; a(14,4) a(1,6) r(6,14) r(3,16) a(4,6)
28; 45; d(3) a(3,12) d(6) d(1) r(6,14) r(3,16) a(4,6)
29; 22; a(14,4) a(1,6) a(4,15) a(3,14)
30; 41; a(6,3) r(14,1) r(2,6) a(4,3) a(9,3) a(8,1)
31; 32; d(14) d(6) a(2,1) d(2)
32; 38, 13; a(8,2) r(6,5) a(3,1) a(2,10) r(10,5)
33; 38, 13; d(3) d(12) a(14,8) a(12,7)
34; 38; a(8,2) r(6,5) a(3,1) a(14,8) a(12,7)
35; 13; d(3) d(12) a(2,10) r(10,5)
36; 47; d(3) a(3,12) d(6) d(1) d(8)
37; 8; a(14,4) r(12,9) r(6,1) r(3,6) a(8,4)
38; 57, 15; a(14,4) d(6) d(4) a(14,8) a(8,7) r(6,2) r(5,6) r(8,5) r(4,16) a(3,12)
39; 57, 15; a(1,15) r(14,1)
40; 57; a(14,4) d(6) d(4) a(14,8) r(14,1)
41; 15; a(1,15) a(8,7) r(6,2) r(5,6) r(8,5) r(4,16) a(3,12)
42; 33; d(3) r(5,6) r(8,5) a(4,15) r(2,7)
43; 50; d(2) r(8,3) d(1) d(6) a(3,7)
44; 51, 33; d(3) r(5,6) r(8,5) r(2,7)
45; 51, 33; d(3) r(5,6) r(8,5) a(4,15) a(2,1) d(2)
46; 51; d(3) r(5,6) r(8,5) a(2,1) d(2)
47; 33; d(3) r(5,6) r(8,5) a(4,15) r(2,7)
48; 30, 36; d(3) a(3,12) d(6) r(4,10) d(5) r(14,1) d(6) a(2,7) d(10)
49; 30, 36; r(3,1)
50; 30; d(3) a(3,12) d(6) r(4,10) d(5)
51; 36; r(3,1) r(14,1) d(6) a(2,7) d(10)
52; 3, 2; d(3)
53; 3, 2; d(2) r(8,3) r(6,10) d(5) r(5,6) r(8,5) r(1,4) r(4,5)
54; 3; d(3) r(5,6) r(8,5) r(1,4) r(4,5)
55; 2; d(2) r(8,3) r(6,10) d(5)
56; 5; d(2) r(8,3) d(1) r(6,13) r(3,6)
57; 3; d(3) r(5,6) r(8,5) r(1,4) r(4,5)
58; 25; d(14) d(6) a(4,15) a(5,2)
59; 4; r(8,3) a(2,1) d(6) r(3,14) a(4,8)
60; 8; a(14,4) r(12,9) r(6,1) r(3,6) a(8,4)
61; 24; a(14,4) a(1,6) r(12,9) r(8,6) a(2,15) a(4,4)
--------------------------------------------------------------------------------
Mutation

0; d(2) r(8,3) d(1) a(2,1) d(4) a(6,13)
1; d(2) r(8,3) d(1) r(6,13) a(3,1) d(5)
2; d(3) r(5,6) r(8,5) r(4,16) d(1) r(2,4)
3; a(6,3) r(14,1) r(2,6) a(4,3) a(9,3) a(8,1) r(9,8)
4; r(8,3) a(2,1) d(5) a(4,3) a(9,3) r(1,13) d(3)
5; d(2) r(8,3) d(1) r(6,13) a(2,15) d(3) d(4)
6; a(14,4) a(1,6) r(12,9) r(8,6) a(2,15) r(2,3) r(6,3)
7; d(3) a(3,12) d(6) d(1) a(14,15) d(9)
8; a(14,4) a(1,6) r(12,9) r(8,6) a(2,15) r(2,3) a(5,6)
9; d(3) a(3,12) d(6) d(1) a(14,15) d(4)
10; d(14) d(6) r(12,9) r(8,6) a(2,15) r(4,7) d(1) a(14,15) a(5,14)
11; d(3) a(3,12) d(6) r(2,3)
12; d(14) d(6) r(12,9) r(8,6) a(2,15) r(4,7) d(3)
13; d(3) a(3,12) d(6) d(1) a(14,15) a(4,12)
14; a(3,7) a(2,5)
15; d(3) r(5,6) r(8,5) a(2,1) d(4) d(2) d(12) d(6) d(1)
16; a(3,7) d(2) d(12) d(6) d(1) a(8,6)
17; d(3) r(5,6) r(8,5) a(2,1) d(4) r(2,16)
18; a(1,15) a(8,7) r(6,2) d(5) d(12)
19; d(3) d(14) d(6)
20; a(1,15) a(8,7) r(6,2) d(5) d(1)
21; d(3) d(14) d(4)
22; d(3) r(5,6) r(12,9) r(8,6) a(2,15) a(4,4) r(1,5)
23; a(14,4) a(1,6) r(8,5) r(1,4) r(4,5) a(6,14)
24; d(3) r(5,6) r(8,5) r(1,4) r(4,5) r(2,6)
25; a(14,4) a(1,6) r(12,9) r(8,6) a(2,15) a(4,4) r(6,4)
26; d(3) a(3,12) d(6) d(1) a(4,15) a(3,14) r(12,16)
27; a(14,4) a(1,6) r(6,14) r(3,16) a(4,6) d(4)
28; d(3) a(3,12) d(6) d(1) r(6,14) r(3,16) a(4,6) d(4)
29; a(14,4) a(1,6) a(4,15) a(3,14) d(2)
30; a(6,3) r(14,1) r(2,6) a(4,3) a(9,3) a(8,1) a(1,3)
31; d(14) d(6) a(2,1) d(2) r(9,1)
32; a(8,2) r(6,5) a(3,1) a(2,10) r(10,5) r(8,16)
33; d(3) d(12) a(14,8) a(12,7) r(5,16)
34; a(8,2) r(6,5) a(3,1) a(14,8) a(12,7) d(5)
35; d(3) d(12) a(2,10) r(10,5) r(6,4)
36; d(3) a(3,12) d(6) d(1) d(8) a(2,7)
37; a(14,4) r(12,9) r(6,1) r(3,6) a(8,4) r(5,4)
38; a(14,4) d(6) d(4) a(14,8) a(8,7) r(6,2) r(5,6) r(8,5) r(4,16) a(3,12) d(1)
39; a(1,15) r(14,1) a(10,10)
40; a(14,4) d(6) d(4) a(14,8) r(14,1) d(10)
41; a(1,15) a(8,7) r(6,2) r(5,6) r(8,5) r(4,16) a(3,12) r(3,2)
42; d(3) r(5,6) r(8,5) a(4,15) r(2,7) r(4,15)
43; d(2) r(8,3) d(1) d(6) a(3,7) a(5,10)
44; d(3) r(5,6) r(8,5) r(2,7) a(1,15)
45; d(3) r(5,6) r(8,5) a(4,15) a(2,1) d(2) a(4,16)
46; d(3) r(5,6) r(8,5) a(2,1) d(2) r(4,3)
47; d(3) r(5,6) r(8,5) a(4,15) r(2,7) d(1)
48; d(3) a(3,12) d(6) r(4,10) d(5) r(14,1) d(6) a(2,7) d(10) r(9,14)
49; r(3,1) a(1,7)
50; d(3) a(3,12) d(6) r(4,10) d(5) d(1)
51; r(3,1) r(14,1) d(6) a(2,7) d(10) d(8)
52; d(3) d(14)
53; d(2) r(8,3) r(6,10) d(5) r(5,6) r(8,5) r(1,4) r(4,5) d(3)
54; d(3) r(5,6) r(8,5) r(1,4) r(4,5) d(2)
55; d(2) r(8,3) r(6,10) d(5) a(1,4)
56; d(2) r(8,3) d(1) r(6,13) r(3,6) a(5,3)
57; d(3) r(5,6) r(8,5) r(1,4) r(4,5) a(2,15)
58; d(14) d(6) a(4,15) a(5,2) a(9,14)
59; r(8,3) a(2,1) d(6) r(3,14) a(4,8) r(1,4)
60; a(14,4) r(12,9) r(6,1) r(3,6) a(8,4) r(8,6)
61; a(14,4) a(1,6) r(12,9) r(8,6) a(2,15) a(4,4) a(6,13)
--------------------------------------------------------------------------------
Evaluation

0; 0.
1; 0.
2; 0.
3; 0.
4; 0.
5; 0.
6; 0.
7; 0.
8; 0.
9; 0.
10; 0.
11; 0.
12; 0.
13; 0.
14; 10.
15; 0.
16; 0.
17; 0.
18; 0.
19; 0.
20; 0.
21; 0.
22; 0.
23; 0.
24; 0.
25; 0.
26; 0.
27; 0.
28; 0.
29; 0.
30; 0.
31; 0.
32; 20.
33; 0.
34; 0.
35; 0.
36; 0.
37; 0.
38; 0.
39; 0.
40; 0.
41; 0.
42; 0.
43; 0.
44; 0.
45; 0.
46; 0.
47; 0.
48; 0.
49; 0.
50; 0.
51; 0.
52; 0.
53; 0.
54; 0.
55; 0.
56; 0.
57; 0.
58; 0.
59; 0.
60; 0.
61; 0.
================================================================================
Generation 6

--------------------------------------------------------------------------------
Selection

0; 38
1; 1
2; 33
3; 48
4; 27
5; 22
6; 23
7; 45
8; 38
9; 15
10; 50
11; 29
12; 17
13; 8
14; 3
15; 37
16; 20
17; 44
18; 43
19; 48
20; 48
21; 37
22; 29
23; 26
24; 29
25; 18
26; 4
27; 21
28; 5
29; 45
30; 12
31; 28
32; 10
33; 50
34; 43
35; 34
36; 25
37; 24
38; 7
39; 13
--------------------------------------------------------------------------------
Crossover

0; 21, 5; d(3) d(14) d(4) r(6,13) a(2,15) d(3) d(4)
1; 21, 5; d(2) r(8,3) d(1)
2; 21; d(3) d(14) d(4)
3; 5; d(2) r(8,3) d(1) r(6,13) a(2,15) d(3) d(4)
4; 18, 4; a(1,15) a(8,7) r(6,2) a(2,1) d(5) a(4,3) a(9,3) r(1,13) d(3)
5; 18, 4; r(8,3) d(5) d(12)
6; 18; a(1,15) a(8,7) r(6,2) d(5) d(12)
7; 4; r(8,3) a(2,1) d(5) a(4,3) a(9,3) r(1,13) d(3)
8; 37; a(14,4) r(12,9) r(6,1) r(3,6) a(8,4) r(5,4)
9; 3; a(6,3) r(14,1) r(2,6) a(4,3) a(9,3) a(8,1) r(9,8)
10; 13, 38; d(3) a(3,12) d(6) d(1) a(14,15) a(4,12)
11; 13, 38; a(14,4) d(6) d(4) a(14,8) a(8,7) r(6,2) r(5,6) r(8,5) r(4,16) a(3,12) d(1)
12; 13; d(3) a(3,12) d(6) d(1) a(14,15) a(4,12)
13; 38; a(14,4) d(6) d(4) a(14,8) a(8,7) r(6,2) r(5,6) r(8,5) r(4,16) a(3,12) d(1)
14; 20, 23; a(1,15) a(8,7) r(6,2) d(5) d(1) r(1,4) r(4,5) a(6,14)
15; 20, 23; a(14,4) a(1,6) r(8,5)
16; 20; a(1,15) a(8,7) r(6,2) d(5) d(1)
17; 23; a(14,4) a(1,6) r(8,5) r(1,4) r(4,5) a(6,14)
18; 33; d(3) d(12) a(14,8) a(12,7) r(5,16)
19; 48; d(3) a(3,12) d(6) r(4,10) d(5) r(14,1) d(6) a(2,7) d(10) r(9,14)
20; 17, 37; d(3) r(3,6) a(8,4) r(5,4)
21; 17, 37; a(14,4) r(12,9) r(6,1) r(5,6) r(8,5) a(2,1) d(4) r(2,16)
22; 17; d(3) r(5,6) r(8,5) a(2,1) d(4) r(2,16)
23; 37; a(14,4) r(12,9) r(6,1) r(3,6) a(8,4) r(5,4)
24; 26; d(3) a(3,12) d(6) d(1) a(4,15) a(3,14) r(12,16)
25; 50; d(3) a(3,12) d(6) r(4,10) d(5) d(1)
26; 45; d(3) r(5,6) r(8,5) a(4,15) a(2,1) d(2) a(4,16)
27; 38; a(14,4) d(6) d(4) a(14,8) a(8,7) r(6,2) r(5,6) r(8,5) r(4,16) a(3,12) d(1)
28; 29, 43; a(14,4) a(1,6) a(4,15) a(3,14) a(3,7) a(5,10)
29; 29, 43; d(2) r(8,3) d(1) d(6) d(2)
30; 29; a(14,4) a(1,6) a(4,15) a(3,14) d(2)
31; 43; d(2) r(8,3) d(1) d(6) a(3,7) a(5,10)
32; 22; d(3) r(5,6) r(12,9) r(8,6) a(2,15) a(4,4) r(1,5)
33; 8; a(14,4) a(1,6) r(12,9) r(8,6) a(2,15) r(2,3) a(5,6)
34; 44; d(3) r(5,6) r(8,5) r(2,7) a(1,15)
35; 1; d(2) r(8,3) d(1) r(6,13) a(3,1) d(5)
36; 12; d(14) d(6) r(12,9) r(8,6) a(2,15) r(4,7) d(3)
37; 10; d(14) d(6) r(12,9) r(8,6) a(2,15) r(4,7) d(1) a(14,15) a(5,14)
38; 34; a(8,2) r(6,5) a(3,1) a(14,8) a(12,7) d(5)
39; 45; d(3) r(5,6) r(8,5) a(4,15) a(2,1) d(2) a(4,16)
40; 43; d(2) r(8,3) d(1) d(6) a(3,7) a(5,10)
41; 29; a(14,4) a(1,6) a(4,15) a(3,14) d(2)
42; 24, 29; d(3) r(5,6) r(8,5) a(4,15) a(3,14) d(2)
43; 24, 29; a(14,4) a(1,6) r(1,4) r(4,5) r(2,6)
44; 24; d(3) r(5,6) r(8,5) r(1,4) r(4,5) r(2,6)
45; 29; a(14,4) a(1,6) a(4,15) a(3,14) d(2)
46; 27, 48; a(14,4) a(1,6) r(6,14) r(3,16) a(4,6) d(4) d(6) a(2,7) d(10) r(9,14)
47; 27, 48; d(3) a(3,12) d(6) r(4,10) d(5) r(14,1)
48; 27; a(14,4) a(1,6) r(6,14) r(3,16) a(4,6) d(4)
49; 48; d(3) a(3,12) d(6) r(4,10) d(5) r(14,1) d(6) a(2,7) d(10) r(9,14)
50; 15, 25; d(3)
51; 15, 25; a(14,4) a(1,6) r(12,9) r(8,6) a(2,15) a(4,4) r(6,4) r(5,6) r(8,5) a(2,1) d(4) d(2) d(12) d(6) d(1)
52; 15; d(3) r(5,6) r(8,5) a(2,1) d(4) d(2) d(12) d(6) d(1)
53; 25; a(14,4) a(1,6) r(12,9) r(8,6) a(2,15) a(4,4) r(6,4)
54; 7; d(3) a(3,12) d(6) d(1) a(14,15) d(9)
55; 50; d(3) a(3,12) d(6) r(4,10) d(5) d(1)
56; 48; d(3) a(3,12) d(6) r(4,10) d(5) r(14,1) d(6) a(2,7) d(10) r(9,14)
57; 28; d(3) a(3,12) d(6) d(1) r(6,14) r(3,16) a(4,6) d(4)
--------------------------------------------------------------------------------
Mutation

0; d(3) d(14) d(4) r(6,13) a(2,15) d(3) d(4) a(2,4)
1; d(2) r(8,3) d(1) a(6,13)
2; d(3) d(14) d(4) d(6)
3; d(2) r(8,3) d(1) r(6,13) a(2,15) d(3) d(4) a(5,2)
4; a(1,15) a(8,7) r(6,2) a(2,1) d(5) a(4,3) a(9,3) r(1,13) d(3) r(14,8)
5; r(8,3) d(5) d(12) d(4)
6; a(1,15) a(8,7) r(6,2) d(5) d(12) d(3)
7; r(8,3) a(2,1) d(5) a(4,3) a(9,3) r(1,13) d(3) d(4)
8; a(14,4) r(12,9) r(6,1) r(3,6) a(8,4) r(5,4) a(1,5)
9; a(6,3) r(14,1) r(2,6) a(4,3) a(9,3) a(8,1) r(9,8) r(12,9)
10; d(3) a(3,12) d(6) d(1) a(14,15) a(4,12) d(4)
11; a(14,4) d(6) d(4) a(14,8) a(8,7) r(6,2) r(5,6) r(8,5) r(4,16) a(3,12) d(1) a(3,10)
12; d(3) a(3,12) d(6) d(1) a(14,15) a(4,12) a(2,5)
13; a(14,4) d(6) d(4) a(14,8) a(8,7) r(6,2) r(5,6) r(8,5) r(4,16) a(3,12) d(1) d(2)
14; a(1,15) a(8,7) r(6,2) d(5) d(1) r(1,4) r(4,5) a(6,14) r(3,6)
15; a(14,4) a(1,6) r(8,5) d(4)
16; a(1,15) a(8,7) r(6,2) d(5) d(1) d(4)
17; a(14,4) a(1,6) r(8,5) r(1,4) r(4,5) a(6,14) a(5,12)
18; d(3) d(12) a(14,8) a(12,7) r(5,16) a(9,16)
19; d(3) a(3,12) d(6) r(4,10) d(5) r(14,1) d(6) a(2,7) d(10) r(9,14) r(2,16)
20; d(3) r(3,6) a(8,4) r(5,4) d(4)
21; a(14,4) r(12,9) r(6,1) r(5,6) r(8,5) a(2,1) d(4) r(2,16) d(1)
22; d(3) r(5,6) r(8,5) a(2,1) d(4) r(2,16) d(1)
23; a(14,4) r(12,9) r(6,1) r(3,6) a(8,4) r(5,4) a(1,4)
24; d(3) a(3,12) d(6) d(1) a(4,15) a(3,14) r(12,16) a(9,5)
25; d(3) a(3,12) d(6) r(4,10) d(5) d(1) a(14,14)
26; d(3) r(5,6) r(8,5) a(4,15) a(2,1) d(2) a(4,16) d(1)
27; a(14,4) d(6) d(4) a(14,8) a(8,7) r(6,2) r(5,6) r(8,5) r(4,16) a(3,12) d(1) d(3)
28; a(14,4) a(1,6) a(4,15) a(3,14) a(3,7) a(5,10) d(3)
29; d(2) r(8,3) d(1) d(6) d(2) r(5,8)
30; a(14,4) a(1,6) a(4,15) a(3,14) d(2) a(8,15)
31; d(2) r(8,3) d(1) d(6) a(3,7) a(5,10) d(4)
32; d(3) r(5,6) r(12,9) r(8,6) a(2,15) a(4,4) r(1,5) d(4)
33; a(14,4) a(1,6) r(12,9) r(8,6) a(2,15) r(2,3) a(5,6) a(6,14)
34; d(3) r(5,6) r(8,5) r(2,7) a(1,15) r(1,13)
35; d(2) r(8,3) d(1) r(6,13) a(3,1) d(5) a(4,14)
36; d(14) d(6) r(12,9) r(8,6) a(2,15) r(4,7) d(3) a(2,2)
37; d(14) d(6) r(12,9) r(8,6) a(2,15) r(4,7) d(1) a(14,15) a(5,14) r(2,8)
38; a(8,2) r(6,5) a(3,1) a(14,8) a(12,7) d(5) d(8)
39; d(3) r(5,6) r(8,5) a(4,15) a(2,1) d(2) a(4,16) a(4,10)
40; d(2) r(8,3) d(1) d(6) a(3,7) a(5,10) a(3,10)
41; a(14,4) a(1,6) a(4,15) a(3,14) d(2) a(6,1)
42; d(3) r(5,6) r(8,5) a(4,15) a(3,14) d(2) a(4,10)
43; a(14,4) a(1,6) r(1,4) r(4,5) r(2,6) a(3,8)
44; d(3) r(5,6) r(8,5) r(1,4) r(4,5) r(2,6)
45; a(14,4) a(1,6) a(4,15) a(3,14) d(2) r(5,13)
46; a(14,4) a(1,6) r(6,14) r(3,16) a(4,6) d(4) d(6) a(2,7) d(10) r(9,14) a(5,15)
47; d(3) a(3,12) d(6) r(4,10) d(5) r(14,1) d(9)
48; a(14,4) a(1,6) r(6,14) r(3,16) a(4,6) d(4) a(14,12)
49; d(3) a(3,12) d(6) r(4,10) d(5) r(14,1) d(6) a(2,7) d(10) r(9,14) d(2)
50; d(3) r(6,3)
51; a(14,4) a(1,6) r(12,9) r(8,6) a(2,15) a(4,4) r(6,4) r(5,6) r(8,5) a(2,1) d(4) d(2) d(12) d(6) d(1) a(3,12)
52; d(3) r(5,6) r(8,5) a(2,1) d(4) d(2) d(12) d(6) d(1)
53; a(14,4) a(1,6) r(12,9) r(8,6) a(2,15) a(4,4) r(6,4) d(2)
54; d(3) a(3,12) d(6) d(1) a(14,15) d(9) r(8,3)
55; d(3) a(3,12) d(6) r(4,10) d(5) d(1) a(12,14)
56; d(3) a(3,12) d(6) r(4,10) d(5) r(14,1) d(6) a(2,7) d(10) r(9,14) d(2)
57; d(3) a(3,12) d(6) d(1) r(6,14) r(3,16) a(4,6) d(4) d(12)
--------------------------------------------------------------------------------
Evaluation

0; 0.
1; 0.
2; 0.
3; 0.
4; 0.
5; 0.
6; 0.
7; 0.
8; 0.
9; 0.
10; 0.
11; 0.
12; 0.
13; 0.
14; 0.
15; 0.
16; 0.
17; 0.
18; 0.
19; 0.
20; 0.
21; 0.
22; 0.
23; 0.
24; 0.
25; 0.
26; 0.
27; 0.
28; 0.
29; 0.
30; 0.
31; 0.
32; 0.
33; 0.
34; 0.
35; 0.
36; 0.
37; 0.
38; 0.
39; 0.
40; 0.
41; 0.
42; 0.
43; 0.
44; 0.
45; 0.
46; 0.
47; 0.
48; 0.
49; 0.
50; 0.
51; 0.
52; 0.
53; 0.
54; 0.
55; 0.
56; 0.
57; 0.
================================================================================
Generation 7

--------------------------------------------------------------------------------
Selection

0; 44
1; 13
2; 33
3; 28
4; 30
5; 12
6; 40
7; 40
8; 1
9; 4
10; 9
11; 3
12; 48
13; 29
14; 14
15; 25
16; 52
17; 48
18; 33
19; 55
20; 11
21; 56
22; 22
23; 35
24; 7
25; 55
26; 28
27; 29
28; 34
29; 7
30; 53
31; 25
32; 51
33; 47
34; 16
35; 53
36; 21
37; 25
38; 31
39; 57
--------------------------------------------------------------------------------
Crossover

0; 34, 12; d(3) r(5,6) r(8,5) d(1) a(14,15) a(4,12) a(2,5)
1; 34, 12; d(3) a(3,12) d(6) r(2,7) a(1,15) r(1,13)
2; 34; d(3) r(5,6) r(8,5) r(2,7) a(1,15) r(1,13)
3; 12; d(3) a(3,12) d(6) d(1) a(14,15) a(4,12) a(2,5)
4; 53; a(14,4) a(1,6) r(12,9) r(8,6) a(2,15) a(4,4) r(6,4) d(2)
5; 48; a(14,4) a(1,6) r(6,14) r(3,16) a(4,6) d(4) a(14,12)
6; 22, 4; d(3) r(5,6) r(8,5) d(5) a(4,3) a(9,3) r(1,13) d(3) r(14,8)
7; 22, 4; a(1,15) a(8,7) r(6,2) a(2,1) a(2,1) d(4) r(2,16) d(1)
8; 22; d(3) r(5,6) r(8,5) a(2,1) d(4) r(2,16) d(1)
9; 4; a(1,15) a(8,7) r(6,2) a(2,1) d(5) a(4,3) a(9,3) r(1,13) d(3) r(14,8)
10; 29; d(2) r(8,3) d(1) d(6) d(2) r(5,8)
11; 25; d(3) a(3,12) d(6) r(4,10) d(5) d(1) a(14,14)
12; 55, 11; d(3) a(3,12) d(6) r(4,10) d(5) d(1) a(3,10)
13; 55, 11; a(14,4) d(6) d(4) a(14,8) a(8,7) r(6,2) r(5,6) r(8,5) r(4,16) a(3,12) d(1) a(12,14)
14; 55; d(3) a(3,12) d(6) r(4,10) d(5) d(1) a(12,14)
15; 11; a(14,4) d(6) d(4) a(14,8) a(8,7) r(6,2) r(5,6) r(8,5) r(4,16) a(3,12) d(1) a(3,10)
16; 14; a(1,15) a(8,7) r(6,2) d(5) d(1) r(1,4) r(4,5) a(6,14) r(3,6)
17; 40; d(2) r(8,3) d(1) d(6) a(3,7) a(5,10) a(3,10)
18; 25, 28; d(3) a(3,12) d(6) r(4,10) d(5) a(5,10) d(3)
19; 25, 28; a(14,4) a(1,6) a(4,15) a(3,14) a(3,7) d(1) a(14,14)
20; 25; d(3) a(3,12) d(6) r(4,10) d(5) d(1) a(14,14)
21; 28; a(14,4) a(1,6) a(4,15) a(3,14) a(3,7) a(5,10) d(3)
22; 1; d(2) r(8,3) d(1) a(6,13)
23; 25; d(3) a(3,12) d(6) r(4,10) d(5) d(1) a(14,14)
24; 47; d(3) a(3,12) d(6) r(4,10) d(5) r(14,1) d(9)
25; 31; d(2) r(8,3) d(1) d(6) a(3,7) a(5,10) d(4)
26; 35; d(2) r(8,3) d(1) r(6,13) a(3,1) d(5) a(4,14)
27; 52; d(3) r(5,6) r(8,5) a(2,1) d(4) d(2) d(12) d(6) d(1)
28; 51, 44; a(14,4) a(1,6) r(12,9) r(8,6) a(2,15) r(1,4) r(4,5) r(2,6)
29; 51, 44; d(3) r(5,6) r(8,5) a(4,4) r(6,4) r(5,6) r(8,5) a(2,1) d(4) d(2) d(12) d(6) d(1) a(3,12)
30; 51; a(14,4) a(1,6) r(12,9) r(8,6) a(2,15) a(4,4) r(6,4) r(5,6) r(8,5) a(2,1) d(4) d(2) d(12) d(6) d(1) a(3,12)
31; 44; d(3) r(5,6) r(8,5) r(1,4) r(4,5) r(2,6)
32; 53, 40; a(14,4) a(1,6) r(12,9) r(8,6) a(2,15) a(4,4) r(6,4) d(2) a(5,10) a(3,10)
33; 53, 40; d(2) r(8,3) d(1) d(6) a(3,7)
34; 53; a(14,4) a(1,6) r(12,9) r(8,6) a(2,15) a(4,4) r(6,4) d(2)
35; 40; d(2) r(8,3) d(1) d(6) a(3,7) a(5,10) a(3,10)
36; 3; d(2) r(8,3) d(1) r(6,13) a(2,15) d(3) d(4) a(5,2)
37; 7; r(8,3) a(2,1) d(5) a(4,3) a(9,3) r(1,13) d(3) d(4)
38; 9, 29; a(6,3) r(14,1) r(2,6) a(4,3) d(6) d(2) r(5,8)
39; 9, 29; d(2) r(8,3) d(1) a(9,3) a(8,1) r(9,8) r(12,9)
40; 9; a(6,3) r(14,1) r(2,6) a(4,3) a(9,3) a(8,1) r(9,8) r(12,9)
41; 29; d(2) r(8,3) d(1) d(6) d(2) r(5,8)
42; 7, 55; r(8,3) r(4,10) d(5) d(1) a(12,14)
43; 7, 55; d(3) a(3,12) d(6) a(2,1) d(5) a(4,3) a(9,3) r(1,13) d(3) d(4)
44; 7; r(8,3) a(2,1) d(5) a(4,3) a(9,3) r(1,13) d(3) d(4)
45; 55; d(3) a(3,12) d(6) r(4,10) d(5) d(1) a(12,14)
46; 30; a(14,4) a(1,6) a(4,15) a(3,14) d(2) a(8,15)
47; 57; d(3) a(3,12) d(6) d(1) r(6,14) r(3,16) a(4,6) d(4) d(12)
48; 13, 33; a(14,4) d(6) d(4) a(14,8) a(8,7) r(6,2) r(5,6) r(8,5) r(4,16) a(5,6) a(6,14)
49; 13, 33; a(14,4) a(1,6) r(12,9) r(8,6) a(2,15) r(2,3) a(3,12) d(1) d(2)
50; 13; a(14,4) d(6) d(4) a(14,8) a(8,7) r(6,2) r(5,6) r(8,5) r(4,16) a(3,12) d(1) d(2)
51; 33; a(14,4) a(1,6) r(12,9) r(8,6) a(2,15) r(2,3) a(5,6) a(6,14)
52; 56; d(3) a(3,12) d(6) r(4,10) d(5) r(14,1) d(6) a(2,7) d(10) r(9,14) d(2)
53; 16; a(1,15) a(8,7) r(6,2) d(5) d(1) d(4)
54; 33, 48; a(14,4) a(1,6) r(12,9)
55; 33, 48; a(14,4) a(1,6) r(6,14) r(3,16) a(4,6) d(4) a(14,12) r(8,6) a(2,15) r(2,3) a(5,6) a(6,14)
56; 33; a(14,4) a(1,6) r(12,9) r(8,6) a(2,15) r(2,3) a(5,6) a(6,14)
57; 48; a(14,4) a(1,6) r(6,14) r(3,16) a(4,6) d(4) a(14,12)
58; 21, 28; a(14,4) r(12,9) r(6,1) r(5,6) r(8,5) a(2,1) d(4) a(3,14) a(3,7) a(5,10) d(3)
59; 21, 28; a(14,4) a(1,6) a(4,15) r(2,16) d(1)
60; 21; a(14,4) r(12,9) r(6,1) r(5,6) r(8,5) a(2,1) d(4) r(2,16) d(1)
61; 28; a(14,4) a(1,6) a(4,15) a(3,14) a(3,7) a(5,10) d(3)
--------------------------------------------------------------------------------
Mutation

0; d(3) r(5,6) r(8,5) d(1) a(14,15) a(4,12) a(2,5) r(2,16)
1; d(3) a(3,12) d(6) r(2,7) a(1,15) r(1,13) a(14,14)
2; d(3) r(5,6) r(8,5) r(2,7) a(1,15) r(1,13) d(4)
3; d(3) a(3,12) d(6) d(1) a(14,15) a(4,12) a(2,5) d(9)
4; a(14,4) a(1,6) r(12,9) r(8,6) a(2,15) a(4,4) r(6,4) d(2) d(4)
5; a(14,4) a(1,6) r(6,14) r(3,16) a(4,6) d(4) a(14,12) a(10,1)
6; d(3) r(5,6) r(8,5) d(5) a(4,3) a(9,3) r(1,13) d(3) r(14,8) a(4,13)
7; a(1,15) a(8,7) r(6,2) a(2,1) a(2,1) d(4) r(2,16) d(1) a(12,13)
8; d(3) r(5,6) r(8,5) a(2,1) d(4) r(2,16) d(1)
9; a(1,15) a(8,7) r(6,2) a(2,1) d(5) a(4,3) a(9,3) r(1,13) d(3) r(14,8) d(4)
10; d(2) r(8,3) d(1) d(6) d(2) r(5,8) r(4,1)
11; d(3) a(3,12) d(6) r(4,10) d(5) d(1) a(14,14) a(8,16)
12; d(3) a(3,12) d(6) r(4,10) d(5) d(1) a(3,10) r(8,10)
13; a(14,4) d(6) d(4) a(14,8) a(8,7) r(6,2) r(5,6) r(8,5) r(4,16) a(3,12) d(1) a(12,14) r(2,13)
14; d(3) a(3,12) d(6) r(4,10) d(5) d(1) a(12,14) r(9,1)
15; a(14,4) d(6) d(4) a(14,8) a(8,7) r(6,2) r(5,6) r(8,5) r(4,16) a(3,12) d(1) a(3,10) a(3,1)
16; a(1,15) a(8,7) r(6,2) d(5) d(1) r(1,4) r(4,5) a(6,14) r(3,6) d(8)
17; d(2) r(8,3) d(1) d(6) a(3,7) a(5,10) a(3,10) d(5)
18; d(3) a(3,12) d(6) r(4,10) d(5) a(5,10) d(3) a(10,10)
19; a(14,4) a(1,6) a(4,15) a(3,14) a(3,7) d(1) a(14,14) a(3,13)
20; d(3) a(3,12) d(6) r(4,10) d(5) d(1) a(14,14) r(14,9)
21; a(14,4) a(1,6) a(4,15) a(3,14) a(3,7) a(5,10) d(3) a(6,4)
22; d(2) r(8,3) d(1) a(6,13) d(6)
23; d(3) a(3,12) d(6) r(4,10) d(5) d(1) a(14,14) a(12,3)
24; d(3) a(3,12) d(6) r(4,10) d(5) r(14,1) d(9) r(12,4)
25; d(2) r(8,3) d(1) d(6) a(3,7) a(5,10) d(4) r(5,1)
26; d(2) r(8,3) d(1) r(6,13) a(3,1) d(5) a(4,14) r(4,13)
27; d(3) r(5,6) r(8,5) a(2,1) d(4) d(2) d(12) d(6) d(1)
28; a(14,4) a(1,6) r(12,9) r(8,6) a(2,15) r(1,4) r(4,5) r(2,6) r(6,5)
29; d(3) r(5,6) r(8,5) a(4,4) r(6,4) r(5,6) r(8,5) a(2,1) d(4) d(2) d(12) d(6) d(1) a(3,12)
30; a(14,4) a(1,6) r(12,9) r(8,6) a(2,15) a(4,4) r(6,4) r(5,6) r(8,5) a(2,1) d(4) d(2) d(12) d(6) d(1) a(3,12) a(3,14)
31; d(3) r(5,6) r(8,5) r(1,4) r(4,5) r(2,6)
32; a(14,4) a(1,6) r(12,9) r(8,6) a(2,15) a(4,4) r(6,4) d(2) a(5,10) a(3,10) a(5,15)
33; d(2) r(8,3) d(1) d(6) a(3,7) a(3,2)
34; a(14,4) a(1,6) r(12,9) r(8,6) a(2,15) a(4,4) r(6,4) d(2) a(1,1)
35; d(2) r(8,3) d(1) d(6) a(3,7) a(5,10) a(3,10) a(3,2)
36; d(2) r(8,3) d(1) r(6,13) a(2,15) d(3) d(4) a(5,2) d(5)
37; r(8,3) a(2,1) d(5) a(4,3) a(9,3) r(1,13) d(3) d(4) a(2,5)
38; a(6,3) r(14,1) r(2,6) a(4,3) d(6) d(2) r(5,8) a(4,3)
39; d(2) r(8,3) d(1) a(9,3) a(8,1) r(9,8) r(12,9) d(5)
40; a(6,3) r(14,1) r(2,6) a(4,3) a(9,3) a(8,1) r(9,8) r(12,9) r(5,14)
41; d(2) r(8,3) d(1) d(6) d(2) r(5,8) a(4,4)
42; r(8,3) r(4,10) d(5) d(1) a(12,14) a(3,5)
43; d(3) a(3,12) d(6) a(2,1) d(5) a(4,3) a(9,3) r(1,13) d(3) d(4) r(14,3)
44; r(8,3) a(2,1) d(5) a(4,3) a(9,3) r(1,13) d(3) d(4) d(2)
45; d(3) a(3,12) d(6) r(4,10) d(5) d(1) a(12,14) d(10)
46; a(14,4) a(1,6) a(4,15) a(3,14) d(2) a(8,15) d(6)
47; d(3) a(3,12) d(6) d(1) r(6,14) r(3,16) a(4,6) d(4) d(12) d(10)
48; a(14,4) d(6) d(4) a(14,8) a(8,7) r(6,2) r(5,6) r(8,5) r(4,16) a(5,6) a(6,14) r(1,3)
49; a(14,4) a(1,6) r(12,9) r(8,6) a(2,15) r(2,3) a(3,12) d(1) d(2) a(3,15)
50; a(14,4) d(6) d(4) a(14,8) a(8,7) r(6,2) r(5,6) r(8,5) r(4,16) a(3,12) d(1) d(2) r(3,4)
51; a(14,4) a(1,6) r(12,9) r(8,6) a(2,15) r(2,3) a(5,6) a(6,14) a(6,2)
52; d(3) a(3,12) d(6) r(4,10) d(5) r(14,1) d(6) a(2,7) d(10) r(9,14) d(2) r(12,7)
53; a(1,15) a(8,7) r(6,2) d(5) d(1) d(4) r(8,12)
54; a(14,4) a(1,6) r(12,9) a(6,3)
55; a(14,4) a(1,6) r(6,14) r(3,16) a(4,6) d(4) a(14,12) r(8,6) a(2,15) r(2,3) a(5,6) a(6,14) r(5,10)
56; a(14,4) a(1,6) r(12,9) r(8,6) a(2,15) r(2,3) a(5,6) a(6,14) r(6,3)
57; a(14,4) a(1,6) r(6,14) r(3,16) a(4,6) d(4) a(14,12) a(1,6)
58; a(14,4) r(12,9) r(6,1) r(5,6) r(8,5) a(2,1) d(4) a(3,14) a(3,7) a(5,10) d(3) r(2,3)
59; a(14,4) a(1,6) a(4,15) r(2,16) d(1) r(6,3)
60; a(14,4) r(12,9) r(6,1) r(5,6) r(8,5) a(2,1) d(4) r(2,16) d(1) d(3)
61; a(14,4) a(1,6) a(4,15) a(3,14) a(3,7) a(5,10) d(3) r(1,12)
--------------------------------------------------------------------------------
Evaluation

0; 0.
1; 0.
2; 0.
3; 0.
4; 0.
5; 0.
6; 0.
7; 0.
8; 0.
9; 0.
10; 0.
11; 0.
12; 0.
13; 0.
14; 0.
15; 0.
16; 0.
17; 0.
18; 0.
19; 0.
20; 0.
21; 0.
22; 0.
23; 0.
24; 0.
25; 0.
26; 0.
27; 0.
28; 0.
29; 0.
30; 0.
31; 0.
32; 0.
33; 0.
34; 0.
35; 0.
36; 0.
37; 0.
38; 0.
39; 0.
40; 0.
41; 0.
42; 0.
43; 0.
44; 0.
45; 0.
46; 0.
47; 0.
48; 0.
49; 0.
50; 0.
51; 0.
52; 0.
53; 0.
54; 0.
55; 0.
56; 0.
57; 0.
58; 0.
59; 0.
60; 0.
61; 0.
================================================================================
Generation 8

--------------------------------------------------------------------------------
Selection

0; 46
1; 31
2; 4
3; 52
4; 43
5; 32
6; 10
7; 53
8; 11
9; 7
10; 22
11; 10
12; 9
13; 38
14; 3
15; 27
16; 51
17; 38
18; 32
19; 28
20; 46
21; 15
22; 5
23; 8
24; 20
25; 16
26; 44
27; 17
28; 52
29; 19
30; 12
31; 37
32; 5
33; 56
34; 39
35; 57
36; 54
37; 33
38; 27
39; 55
--------------------------------------------------------------------------------
Crossover

0; 3; d(3) a(3,12) d(6) d(1) a(14,15) a(4,12) a(2,5) d(9)
1; 57; a(14,4) a(1,6) r(6,14) r(3,16) a(4,6) d(4) a(14,12) a(1,6)
2; 22; d(2) r(8,3) d(1) a(6,13) d(6)
3; 39; d(2) r(8,3) d(1) a(9,3) a(8,1) r(9,8) r(12,9) d(5)
4; 44, 38; r(8,3) a(2,1) d(5) a(4,3) a(9,3) r(1,13) d(3) a(4,3) d(6) d(2) r(5,8) a(4,3)
5; 44, 38; a(6,3) r(14,1) r(2,6) d(4) d(2)
6; 44; r(8,3) a(2,1) d(5) a(4,3) a(9,3) r(1,13) d(3) d(4) d(2)
7; 38; a(6,3) r(14,1) r(2,6) a(4,3) d(6) d(2) r(5,8) a(4,3)
8; 31, 20; d(3) r(5,6) r(14,9)
9; 31, 20; d(3) a(3,12) d(6) r(4,10) d(5) d(1) a(14,14) r(8,5) r(1,4) r(4,5) r(2,6)
10; 31; d(3) r(5,6) r(8,5) r(1,4) r(4,5) r(2,6)
11; 20; d(3) a(3,12) d(6) r(4,10) d(5) d(1) a(14,14) r(14,9)
12; 10, 4; d(2) r(8,3) d(1) d(6) d(2) d(2) d(4)
13; 10, 4; a(14,4) a(1,6) r(12,9) r(8,6) a(2,15) a(4,4) r(6,4) r(5,8) r(4,1)
14; 10; d(2) r(8,3) d(1) d(6) d(2) r(5,8) r(4,1)
15; 4; a(14,4) a(1,6) r(12,9) r(8,6) a(2,15) a(4,4) r(6,4) d(2) d(4)
16; 52, 43; d(3) a(3,12) d(6) r(4,10)
17; 52, 43; d(3) a(3,12) d(6) a(2,1) d(5) a(4,3) a(9,3) r(1,13) d(3) d(4) r(14,3) d(5) r(14,1) d(6) a(2,7) d(10) r(9,14) d(2) r(12,7)
18; 52; d(3) a(3,12) d(6) r(4,10) d(5) r(14,1) d(6) a(2,7) d(10) r(9,14) d(2) r(12,7)
19; 43; d(3) a(3,12) d(6) a(2,1) d(5) a(4,3) a(9,3) r(1,13) d(3) d(4) r(14,3)
20; 9; a(1,15) a(8,7) r(6,2) a(2,1) d(5) a(4,3) a(9,3) r(1,13) d(3) r(14,8) d(4)
21; 16; a(1,15) a(8,7) r(6,2) d(5) d(1) r(1,4) r(4,5) a(6,14) r(3,6) d(8)
22; 12; d(3) a(3,12) d(6) r(4,10) d(5) d(1) a(3,10) r(8,10)
23; 32; a(14,4) a(1,6) r(12,9) r(8,6) a(2,15) a(4,4) r(6,4) d(2) a(5,10) a(3,10) a(5,15)
24; 37; r(8,3) a(2,1) d(5) a(4,3) a(9,3) r(1,13) d(3) d(4) a(2,5)
25; 51; a(14,4) a(1,6) r(12,9) r(8,6) a(2,15) r(2,3) a(5,6) a(6,14) a(6,2)
26; 27; d(3) r(5,6) r(8,5) a(2,1) d(4) d(2) d(12) d(6) d(1)
27; 56; a(14,4) a(1,6) r(12,9) r(8,6) a(2,15) r(2,3) a(5,6) a(6,14) r(6,3)
28; 11; d(3) a(3,12) d(6) r(4,10) d(5) d(1) a(14,14) a(8,16)
29; 52; d(3) a(3,12) d(6) r(4,10) d(5) r(14,1) d(6) a(2,7) d(10) r(9,14) d(2) r(12,7)
30; 55; a(14,4) a(1,6) r(6,14) r(3,16) a(4,6) d(4) a(14,12) r(8,6) a(2,15) r(2,3) a(5,6) a(6,14) r(5,10)
31; 15; a(14,4) d(6) d(4) a(14,8) a(8,7) r(6,2) r(5,6) r(8,5) r(4,16) a(3,12) d(1) a(3,10) a(3,1)
32; 54, 33; a(14,4) a(3,7) a(3,2)
33; 54, 33; d(2) r(8,3) d(1) d(6) a(1,6) r(12,9) a(6,3)
34; 54; a(14,4) a(1,6) r(12,9) a(6,3)
35; 33; d(2) r(8,3) d(1) d(6) a(3,7) a(3,2)
36; 28; a(14,4) a(1,6) r(12,9) r(8,6) a(2,15) r(1,4) r(4,5) r(2,6) r(6,5)
37; 7; a(1,15) a(8,7) r(6,2) a(2,1) a(2,1) d(4) r(2,16) d(1) a(12,13)
38; 17, 46; d(2) d(2) a(8,15) d(6)
39; 17, 46; a(14,4) a(1,6) a(4,15) a(3,14) r(8,3) d(1) d(6) a(3,7) a(5,10) a(3,10) d(5)
40; 17; d(2) r(8,3) d(1) d(6) a(3,7) a(5,10) a(3,10) d(5)
41; 46; a(14,4) a(1,6) a(4,15) a(3,14) d(2) a(8,15) d(6)
42; 38; a(6,3) r(14,1) r(2,6) a(4,3) d(6) d(2) r(5,8) a(4,3)
43; 46; a(14,4) a(1,6) a(4,15) a(3,14) d(2) a(8,15) d(6)
44; 32, 19; a(14,4) a(1,6) r(12,9) r(8,6) a(2,15) a(4,4) r(6,4) d(2) a(5,10) a(3,10) a(3,13)
45; 32, 19; a(14,4) a(1,6) a(4,15) a(3,14) a(3,7) d(1) a(14,14) a(5,15)
46; 32; a(14,4) a(1,6) r(12,9) r(8,6) a(2,15) a(4,4) r(6,4) d(2) a(5,10) a(3,10) a(5,15)
47; 19; a(14,4) a(1,6) a(4,15) a(3,14) a(3,7) d(1) a(14,14) a(3,13)
48; 5; a(14,4) a(1,6) r(6,14) r(3,16) a(4,6) d(4) a(14,12) a(10,1)
49; 27; d(3) r(5,6) r(8,5) a(2,1) d(4) d(2) d(12) d(6) d(1)
50; 10, 5; d(2) r(8,3) a(4,6) d(4) a(14,12) a(10,1)
51; 10, 5; a(14,4) a(1,6) r(6,14) r(3,16) d(1) d(6) d(2) r(5,8) r(4,1)
52; 10; d(2) r(8,3) d(1) d(6) d(2) r(5,8) r(4,1)
53; 5; a(14,4) a(1,6) r(6,14) r(3,16) a(4,6) d(4) a(14,12) a(10,1)
54; 8, 53; d(3) d(5) d(1) d(4) r(8,12)
55; 8, 53; a(1,15) a(8,7) r(6,2) r(5,6) r(8,5) a(2,1) d(4) r(2,16) d(1)
56; 8; d(3) r(5,6) r(8,5) a(2,1) d(4) r(2,16) d(1)
57; 53; a(1,15) a(8,7) r(6,2) d(5) d(1) d(4) r(8,12)
--------------------------------------------------------------------------------
Mutation

0; d(3) a(3,12) d(6) d(1) a(14,15) a(4,12) a(2,5) d(9) a(14,1)
1; a(14,4) a(1,6) r(6,14) r(3,16) a(4,6) d(4) a(14,12) a(1,6) d(9)
2; d(2) r(8,3) d(1) a(6,13) d(6) a(4,4)
3; d(2) r(8,3) d(1) a(9,3) a(8,1) r(9,8) r(12,9) d(5) a(3,6)
4; r(8,3) a(2,1) d(5) a(4,3) a(9,3) r(1,13) d(3) a(4,3) d(6) d(2) r(5,8) a(4,3) d(4)
5; a(6,3) r(14,1) r(2,6) d(4) d(2) d(6)
6; r(8,3) a(2,1) d(5) a(4,3) a(9,3) r(1,13) d(3) d(4) d(2)
7; a(6,3) r(14,1) r(2,6) a(4,3) d(6) d(2) r(5,8) a(4,3) a(12,1)
8; d(3) r(5,6) r(14,9) d(4)
9; d(3) a(3,12) d(6) r(4,10) d(5) d(1) a(14,14) r(8,5) r(1,4) r(4,5) r(2,6)
10; d(3) r(5,6) r(8,5) r(1,4) r(4,5) r(2,6)
11; d(3) a(3,12) d(6) r(4,10) d(5) d(1) a(14,14) r(14,9) r(9,15)
12; d(2) r(8,3) d(1) d(6) d(2) d(2) d(4) d(3)
13; a(14,4) a(1,6) r(12,9) r(8,6) a(2,15) a(4,4) r(6,4) r(5,8) r(4,1) a(3,2)
14; d(2) r(8,3) d(1) d(6) d(2) r(5,8) r(4,1) r(3,1)
15; a(14,4) a(1,6) r(12,9) r(8,6) a(2,15) a(4,4) r(6,4) d(2) d(4) r(5,1)
16; d(3) a(3,12) d(6) r(4,10) d(8)
17; d(3) a(3,12) d(6) a(2,1) d(5) a(4,3) a(9,3) r(1,13) d(3) d(4) r(14,3) d(5) r(14,1) d(6) a(2,7) d(10) r(9,14) d(2) r(12,7) r(8,3)
18; d(3) a(3,12) d(6) r(4,10) d(5) r(14,1) d(6) a(2,7) d(10) r(9,14) d(2) r(12,7) r(8,14)
19; d(3) a(3,12) d(6) a(2,1) d(5) a(4,3) a(9,3) r(1,13) d(3) d(4) r(14,3) r(2,14)
20; a(1,15) a(8,7) r(6,2) a(2,1) d(5) a(4,3) a(9,3) r(1,13) d(3) r(14,8) d(4) a(8,10)
21; a(1,15) a(8,7) r(6,2) d(5) d(1) r(1,4) r(4,5) a(6,14) r(3,6) d(8) r(2,13)
22; d(3) a(3,12) d(6) r(4,10) d(5) d(1) a(3,10) r(8,10) a(2,10)
23; a(14,4) a(1,6) r(12,9) r(8,6) a(2,15) a(4,4) r(6,4) d(2) a(5,10) a(3,10) a(5,15) d(5)
24; r(8,3) a(2,1) d(5) a(4,3) a(9,3) r(1,13) d(3) d(4) a(2,5) r(2,4)
25; a(14,4) a(1,6) r(12,9) r(8,6) a(2,15) r(2,3) a(5,6) a(6,14) a(6,2) d(4)
26; d(3) r(5,6) r(8,5) a(2,1) d(4) d(2) d(12) d(6) d(1)
27; a(14,4) a(1,6) r(12,9) r(8,6) a(2,15) r(2,3) a(5,6) a(6,14) r(6,3) r(5,12)
28; d(3) a(3,12) d(6) r(4,10) d(5) d(1) a(14,14) a(8,16) a(8,10)
29; d(3) a(3,12) d(6) r(4,10) d(5) r(14,1) d(6) a(2,7) d(10) r(9,14) d(2) r(12,7) d(1)
30; a(14,4) a(1,6) r(6,14) r(3,16) a(4,6) d(4) a(14,12) r(8,6) a(2,15) r(2,3) a(5,6) a(6,14) r(5,10) d(1)
31; a(14,4) d(6) d(4) a(14,8) a(8,7) r(6,2) r(5,6) r(8,5) r(4,16) a(3,12) d(1) a(3,10) a(3,1) a(2,2)
32; a(14,4) a(3,7) a(3,2) d(6)
33; d(2) r(8,3) d(1) d(6) a(1,6) r(12,9) a(6,3) r(5,4)
34; a(14,4) a(1,6) r(12,9) a(6,3) r(3,2)
35; d(2) r(8,3) d(1) d(6) a(3,7) a(3,2) r(4,5)
36; a(14,4) a(1,6) r(12,9) r(8,6) a(2,15) r(1,4) r(4,5) r(2,6) r(6,5) r(3,8)
37; a(1,15) a(8,7) r(6,2) a(2,1) a(2,1) d(4) r(2,16) d(1) a(12,13) r(9,2)
38; d(2) d(2) a(8,15) d(6) d(9)
39; a(14,4) a(1,6) a(4,15) a(3,14) r(8,3) d(1) d(6) a(3,7) a(5,10) a(3,10) d(5) r(3,4)
40; d(2) r(8,3) d(1) d(6) a(3,7) a(5,10) a(3,10) d(5) a(4,3)
41; a(14,4) a(1,6) a(4,15) a(3,14) d(2) a(8,15) d(6) r(10,1)
42; a(6,3) r(14,1) r(2,6) a(4,3) d(6) d(2) r(5,8) a(4,3) r(12,4)
43; a(14,4) a(1,6) a(4,15) a(3,14) d(2) a(8,15) d(6) d(3)
44; a(14,4) a(1,6) r(12,9) r(8,6) a(2,15) a(4,4) r(6,4) d(2) a(5,10) a(3,10) a(3,13) r(1,3)
45; a(14,4) a(1,6) a(4,15) a(3,14) a(3,7) d(1) a(14,14) a(5,15) r(6,1)
46; a(14,4) a(1,6) r(12,9) r(8,6) a(2,15) a(4,4) r(6,4) d(2) a(5,10) a(3,10) a(5,15) r(1,10)
47; a(14,4) a(1,6) a(4,15) a(3,14) a(3,7) d(1) a(14,14) a(3,13) a(6,12)
48; a(14,4) a(1,6) r(6,14) r(3,16) a(4,6) d(4) a(14,12) a(10,1) r(9,10)
49; d(3) r(5,6) r(8,5) a(2,1) d(4) d(2) d(12) d(6) d(1)
50; d(2) r(8,3) a(4,6) d(4) a(14,12) a(10,1) a(6,2)
51; a(14,4) a(1,6) r(6,14) r(3,16) d(1) d(6) d(2) r(5,8) r(4,1) r(9,4)
52; d(2) r(8,3) d(1) d(6) d(2) r(5,8) r(4,1) d(3)
53; a(14,4) a(1,6) r(6,14) r(3,16) a(4,6) d(4) a(14,12) a(10,1) d(12)
54; d(3) d(5) d(1) d(4) r(8,12) d(2)
55; a(1,15) a(8,7) r(6,2) r(5,6) r(8,5) a(2,1) d(4) r(2,16) d(1) d(3)
56; d(3) r(5,6) r(8,5) a(2,1) d(4) r(2,16) d(1)
57; a(1,15) a(8,7) r(6,2) d(5) d(1) d(4) r(8,12) r(3,12)
--------------------------------------------------------------------------------
Evaluation

0; 0.
1; 0.
2; 0.
3; 0.
4; 0.
5; 0.
6; 0.
7; 0.
8; 0.
9; 0.
10; 0.
11; 0.
12; 0.
13; 0.
14; 0.
15; 0.
16; 0.
17; 0.
18; 0.
19; 0.
20; 0.
21; 0.
22; 0.
23; 0.
24; 0.
25; 0.
26; 0.
27; 0.
28; 0.
29; 0.
30; 0.
31; 0.
32; 0.
33; 0.
34; 0.
35; 0.
36; 0.
37; 0.
38; 0.
39; 0.
40; 0.
41; 0.
42; 0.
43; 0.
44; 0.
45; 0.
46; 0.
47; 0.
48; 0.
49; 0.
50; 0.
51; 0.
52; 0.
53; 0.
54; 0.
55; 0.
56; 0.
57; 0.
================================================================================
Generation 9

--------------------------------------------------------------------------------
Selection

0; 35
1; 35
2; 13
3; 6
4; 40
5; 24
6; 20
7; 7
8; 49
9; 41
10; 32
11; 9
12; 20
13; 27
14; 7
15; 47
16; 8
17; 43
18; 48
19; 51
20; 51
21; 39
22; 40
23; 20
24; 38
25; 41
26; 23
27; 30
28; 17
29; 49
30; 47
31; 13
32; 27
33; 57
34; 5
35; 31
36; 48
37; 9
38; 56
39; 24
--------------------------------------------------------------------------------
Crossover

0; 32; a(14,4) a(3,7) a(3,2) d(6)
1; 49; d(3) r(5,6) r(8,5) a(2,1) d(4) d(2) d(12) d(6) d(1)
2; 40; d(2) r(8,3) d(1) d(6) a(3,7) a(5,10) a(3,10) d(5) a(4,3)
3; 57; a(1,15) a(8,7) r(6,2) d(5) d(1) d(4) r(8,12) r(3,12)
4; 20, 48; a(1,15) a(8,7) r(6,2) a(2,1) d(5) a(4,3) a(9,3) r(1,13) d(3) r(14,8) d(4) a(8,10) a(1,6) r(6,14) r(3,16) a(4,6) d(4) a(14,12) a(10,1) r(9,10)
5; 20, 48; a(14,4)
6; 20; a(1,15) a(8,7) r(6,2) a(2,1) d(5) a(4,3) a(9,3) r(1,13) d(3) r(14,8) d(4) a(8,10)
7; 48; a(14,4) a(1,6) r(6,14) r(3,16) a(4,6) d(4) a(14,12) a(10,1) r(9,10)
8; 7, 27; a(6,3) r(14,1) r(2,6) a(4,3) d(6) d(2) r(5,8) a(1,6) r(12,9) r(8,6) a(2,15) r(2,3) a(5,6) a(6,14) r(6,3) r(5,12)
9; 7, 27; a(14,4) a(4,3) a(12,1)
10; 7; a(6,3) r(14,1) r(2,6) a(4,3) d(6) d(2) r(5,8) a(4,3) a(12,1)
11; 27; a(14,4) a(1,6) r(12,9) r(8,6) a(2,15) r(2,3) a(5,6) a(6,14) r(6,3) r(5,12)
12; 51, 47; a(14,4) a(1,6) r(6,14) r(3,16) a(6,12)
13; 51, 47; a(14,4) a(1,6) a(4,15) a(3,14) a(3,7) d(1) a(14,14) a(3,13) d(1) d(6) d(2) r(5,8) r(4,1) r(9,4)
14; 51; a(14,4) a(1,6) r(6,14) r(3,16) d(1) d(6) d(2) r(5,8) r(4,1) r(9,4)
15; 47; a(14,4) a(1,6) a(4,15) a(3,14) a(3,7) d(1) a(14,14) a(3,13) a(6,12)
16; 20, 35; a(1,15) a(8,7) r(6,2) d(6) a(3,7) a(3,2) r(4,5)
17; 20, 35; d(2) r(8,3) d(1) a(2,1) d(5) a(4,3) a(9,3) r(1,13) d(3) r(14,8) d(4) a(8,10)
18; 20; a(1,15) a(8,7) r(6,2) a(2,1) d(5) a(4,3) a(9,3) r(1,13) d(3) r(14,8) d(4) a(8,10)
19; 35; d(2) r(8,3) d(1) d(6) a(3,7) a(3,2) r(4,5)
20; 56, 43; d(3) r(5,6) d(2) a(8,15) d(6) d(3)
21; 56, 43; a(14,4) a(1,6) a(4,15) a(3,14) r(8,5) a(2,1) d(4) r(2,16) d(1)
22; 56; d(3) r(5,6) r(8,5) a(2,1) d(4) r(2,16) d(1)
23; 43; a(14,4) a(1,6) a(4,15) a(3,14) d(2) a(8,15) d(6) d(3)
24; 23, 48; a(14,4) a(1,6) r(12,9) r(8,6) a(2,15) r(6,14) r(3,16) a(4,6) d(4) a(14,12) a(10,1) r(9,10)
25; 23, 48; a(14,4) a(1,6) a(4,4) r(6,4) d(2) a(5,10) a(3,10) a(5,15) d(5)
26; 23; a(14,4) a(1,6) r(12,9) r(8,6) a(2,15) a(4,4) r(6,4) d(2) a(5,10) a(3,10) a(5,15) d(5)
27; 48; a(14,4) a(1,6) r(6,14) r(3,16) a(4,6) d(4) a(14,12) a(10,1) r(9,10)
28; 9; d(3) a(3,12) d(6) r(4,10) d(5) d(1) a(14,14) r(8,5) r(1,4) r(4,5) r(2,6)
29; 6; r(8,3) a(2,1) d(5) a(4,3) a(9,3) r(1,13) d(3) d(4) d(2)
30; 39; a(14,4) a(1,6) a(4,15) a(3,14) r(8,3) d(1) d(6) a(3,7) a(5,10) a(3,10) d(5) r(3,4)
31; 35; d(2) r(8,3) d(1) d(6) a(3,7) a(3,2) r(4,5)
32; 9, 8; d(3) r(14,9) d(4)
33; 9, 8; d(3) r(5,6) a(3,12) d(6) r(4,10) d(5) d(1) a(14,14) r(8,5) r(1,4) r(4,5) r(2,6)
34; 9; d(3) a(3,12) d(6) r(4,10) d(5) d(1) a(14,14) r(8,5) r(1,4) r(4,5) r(2,6)
35; 8; d(3) r(5,6) r(14,9) d(4)
36; 31; a(14,4) d(6) d(4) a(14,8) a(8,7) r(6,2) r(5,6) r(8,5) r(4,16) a(3,12) d(1) a(3,10) a(3,1) a(2,2)
37; 30; a(14,4) a(1,6) r(6,14) r(3,16) a(4,6) d(4) a(14,12) r(8,6) a(2,15) r(2,3) a(5,6) a(6,14) r(5,10) d(1)
38; 49, 13; d(3) r(5,6) r(8,5) r(12,9) r(8,6) a(2,15) a(4,4) r(6,4) r(5,8) r(4,1) a(3,2)
39; 49, 13; a(14,4) a(1,6) a(2,1) d(4) d(2) d(12) d(6) d(1)
40; 49; d(3) r(5,6) r(8,5) a(2,1) d(4) d(2) d(12) d(6) d(1)
41; 13; a(14,4) a(1,6) r(12,9) r(8,6) a(2,15) a(4,4) r(6,4) r(5,8) r(4,1) a(3,2)
42; 20, 27; a(1,15) a(8,7) r(6,2) a(2,1) d(5) r(5,12)
43; 20, 27; a(14,4) a(1,6) r(12,9) r(8,6) a(2,15) r(2,3) a(5,6) a(6,14) r(6,3) a(4,3) a(9,3) r(1,13) d(3) r(14,8) d(4) a(8,10)
44; 20; a(1,15) a(8,7) r(6,2) a(2,1) d(5) a(4,3) a(9,3) r(1,13) d(3) r(14,8) d(4) a(8,10)
45; 27; a(14,4) a(1,6) r(12,9) r(8,6) a(2,15) r(2,3) a(5,6) a(6,14) r(6,3) r(5,12)
46; 51; a(14,4) a(1,6) r(6,14) r(3,16) d(1) d(6) d(2) r(5,8) r(4,1) r(9,4)
47; 5; a(6,3) r(14,1) r(2,6) d(4) d(2) d(6)
48; 41, 40; a(14,4) a(1,6) a(4,15) a(3,14) d(2) a(8,15) d(6) r(10,1) r(8,3) d(1) d(6) a(3,7) a(5,10) a(3,10) d(5) a(4,3)
49; 41, 40; d(2)
50; 41; a(14,4) a(1,6) a(4,15) a(3,14) d(2) a(8,15) d(6) r(10,1)
51; 40; d(2) r(8,3) d(1) d(6) a(3,7) a(5,10) a(3,10) d(5) a(4,3)
52; 24; r(8,3) a(2,1) d(5) a(4,3) a(9,3) r(1,13) d(3) d(4) a(2,5) r(2,4)
53; 7; a(6,3) r(14,1) r(2,6) a(4,3) d(6) d(2) r(5,8) a(4,3) a(12,1)
54; 41; a(14,4) a(1,6) a(4,15) a(3,14) d(2) a(8,15) d(6) r(10,1)
55; 17; d(3) a(3,12) d(6) a(2,1) d(5) a(4,3) a(9,3) r(1,13) d(3) d(4) r(14,3) d(5) r(14,1) d(6) a(2,7) d(10) r(9,14) d(2) r(12,7) r(8,3)
56; 38; d(2) d(2) a(8,15) d(6) d(9)
57; 24; r(8,3) a(2,1) d(5) a(4,3) a(9,3) r(1,13) d(3) d(4) a(2,5) r(2,4)
58; 13; a(14,4) a(1,6) r(12,9) r(8,6) a(2,15) a(4,4) r(6,4) r(5,8) r(4,1) a(3,2)
59; 47; a(14,4) a(1,6) a(4,15) a(3,14) a(3,7) d(1) a(14,14) a(3,13) a(6,12)
--------------------------------------------------------------------------------
Mutation

0; a(14,4) a(3,7) a(3,2) d(6) d(2)
1; d(3) r(5,6) r(8,5) a(2,1) d(4) d(2) d(12) d(6) d(1)
2; d(2) r(8,3) d(1) d(6) a(3,7) a(5,10) a(3,10) d(5) a(4,3) r(4,6)
3; a(1,15) a(8,7) r(6,2) d(5) d(1) d(4) r(8,12) r(3,12) a(2,10)
4; a(1,15) a(8,7) r(6,2) a(2,1) d(5) a(4,3) a(9,3) r(1,13) d(3) r(14,8) d(4) a(8,10) a(1,6) r(6,14) r(3,16) a(4,6) d(4) a(14,12) a(10,1) r(9,10) a(12,7)
5; a(14,4) r(6,4)
6; a(1,15) a(8,7) r(6,2) a(2,1) d(5) a(4,3) a(9,3) r(1,13) d(3) r(14,8) d(4) a(8,10) r(8,3)
7; a(14,4) a(1,6) r(6,14) r(3,16) a(4,6) d(4) a(14,12) a(10,1) r(9,10) r(8,13)
8; a(6,3) r(14,1) r(2,6) a(4,3) d(6) d(2) r(5,8) a(1,6) r(12,9) r(8,6) a(2,15) r(2,3) a(5,6) a(6,14) r(6,3) r(5,12) a(4,1)
9; a(14,4) a(4,3) a(12,1) a(6,16)
10; a(6,3) r(14,1) r(2,6) a(4,3) d(6) d(2) r(5,8) a(4,3) a(12,1) r(10,5)
11; a(14,4) a(1,6) r(12,9) r(8,6) a(2,15) r(2,3) a(5,6) a(6,14) r(6,3) r(5,12) r(4,16)
12; a(14,4) a(1,6) r(6,14) r(3,16) a(6,12) d(14)
13; a(14,4) a(1,6) a(4,15) a(3,14) a(3,7) d(1) a(14,14) a(3,13) d(1) d(6) d(2) r(5,8) r(4,1) r(9,4) a(8,8)
14; a(14,4) a(1,6) r(6,14) r(3,16) d(1) d(6) d(2) r(5,8) r(4,1) r(9,4) d(12)
15; a(14,4) a(1,6) a(4,15) a(3,14) a(3,7) d(1) a(14,14) a(3,13) a(6,12) d(12)
16; a(1,15) a(8,7) r(6,2) d(6) a(3,7) a(3,2) r(4,5) a(1,4)
17; d(2) r(8,3) d(1) a(2,1) d(5) a(4,3) a(9,3) r(1,13) d(3) r(14,8) d(4) a(8,10)
18; a(1,15) a(8,7) r(6,2) a(2,1) d(5) a(4,3) a(9,3) r(1,13) d(3) r(14,8) d(4) a(8,10) a(2,16)
19; d(2) r(8,3) d(1) d(6) a(3,7) a(3,2) r(4,5) r(3,6)
20; d(3) r(5,6) d(2) a(8,15) d(6) d(3) a(12,6)
21; a(14,4) a(1,6) a(4,15) a(3,14) r(8,5) a(2,1) d(4) r(2,16) d(1) a(6,4)
22; d(3) r(5,6) r(8,5) a(2,1) d(4) r(2,16) d(1)
23; a(14,4) a(1,6) a(4,15) a(3,14) d(2) a(8,15) d(6) d(3) d(5)
24; a(14,4) a(1,6) r(12,9) r(8,6) a(2,15) r(6,14) r(3,16) a(4,6) d(4) a(14,12) a(10,1) r(9,10) d(2)
25; a(14,4) a(1,6) a(4,4) r(6,4) d(2) a(5,10) a(3,10) a(5,15) d(5) d(1)
26; a(14,4) a(1,6) r(12,9) r(8,6) a(2,15) a(4,4) r(6,4) d(2) a(5,10) a(3,10) a(5,15) d(5) r(4,13)
27; a(14,4) a(1,6) r(6,14) r(3,16) a(4,6) d(4) a(14,12) a(10,1) r(9,10) a(2,10)
28; d(3) a(3,12) d(6) r(4,10) d(5) d(1) a(14,14) r(8,5) r(1,4) r(4,5) r(2,6)
29; r(8,3) a(2,1) d(5) a(4,3) a(9,3) r(1,13) d(3) d(4) d(2)
30; a(14,4) a(1,6) a(4,15) a(3,14) r(8,3) d(1) d(6) a(3,7) a(5,10) a(3,10) d(5) r(3,4) r(4,2)
31; d(2) r(8,3) d(1) d(6) a(3,7) a(3,2) r(4,5) a(5,13)
32; d(3) r(14,9) d(4) r(8,1)
33; d(3) r(5,6) a(3,12) d(6) r(4,10) d(5) d(1) a(14,14) r(8,5) r(1,4) r(4,5) r(2,6)
34; d(3) a(3,12) d(6) r(4,10) d(5) d(1) a(14,14) r(8,5) r(1,4) r(4,5) r(2,6)
35; d(3) r(5,6) r(14,9) d(4) a(10,3)
36; a(14,4) d(6) d(4) a(14,8) a(8,7) r(6,2) r(5,6) r(8,5) r(4,16) a(3,12) d(1) a(3,10) a(3,1) a(2,2) a(3,16)
37; a(14,4) a(1,6) r(6,14) r(3,16) a(4,6) d(4) a(14,12) r(8,6) a(2,15) r(2,3) a(5,6) a(6,14) r(5,10) d(1)
38; d(3) r(5,6) r(8,5) r(12,9) r(8,6) a(2,15) a(4,4) r(6,4) r(5,8) r(4,1) a(3,2) r(1,5)
39; a(14,4) a(1,6) a(2,1) d(4) d(2) d(12) d(6) d(1) a(9,6)
40; d(3) r(5,6) r(8,5) a(2,1) d(4) d(2) d(12) d(6) d(1)
41; a(14,4) a(1,6) r(12,9) r(8,6) a(2,15) a(4,4) r(6,4) r(5,8) r(4,1) a(3,2) d(1)
42; a(1,15) a(8,7) r(6,2) a(2,1) d(5) r(5,12) r(9,15)
43; a(14,4) a(1,6) r(12,9) r(8,6) a(2,15) r(2,3) a(5,6) a(6,14) r(6,3) a(4,3) a(9,3) r(1,13) d(3) r(14,8) d(4) a(8,10) d(5)
44; a(1,15) a(8,7) r(6,2) a(2,1) d(5) a(4,3) a(9,3) r(1,13) d(3) r(14,8) d(4) a(8,10) a(10,15)
45; a(14,4) a(1,6) r(12,9) r(8,6) a(2,15) r(2,3) a(5,6) a(6,14) r(6,3) r(5,12) d(4)
46; a(14,4) a(1,6) r(6,14) r(3,16) d(1) d(6) d(2) r(5,8) r(4,1) r(9,4) d(14)
47; a(6,3) r(14,1) r(2,6) d(4) d(2) d(6) r(10,3)
48; a(14,4) a(1,6) a(4,15) a(3,14) d(2) a(8,15) d(6) r(10,1) r(8,3) d(1) d(6) a(3,7) a(5,10) a(3,10) d(5) a(4,3) r(3,12)
49; d(2) a(6,4)
50; a(14,4) a(1,6) a(4,15) a(3,14) d(2) a(8,15) d(6) r(10,1) d(14)
51; d(2) r(8,3) d(1) d(6) a(3,7) a(5,10) a(3,10) d(5) a(4,3) d(4)
52; r(8,3) a(2,1) d(5) a(4,3) a(9,3) r(1,13) d(3) d(4) a(2,5) r(2,4)
53; a(6,3) r(14,1) r(2,6) a(4,3) d(6) d(2) r(5,8) a(4,3) a(12,1) a(4,5)
54; a(14,4) a(1,6) a(4,15) a(3,14) d(2) a(8,15) d(6) r(10,1) d(14)
55; d(3) a(3,12) d(6) a(2,1) d(5) a(4,3) a(9,3) r(1,13) d(3) d(4) r(14,3) d(5) r(14,1) d(6) a(2,7) d(10) r(9,14) d(2) r(12,7) r(8,3)
56; d(2) d(2) a(8,15) d(6) d(9) d(1)
57; r(8,3) a(2,1) d(5) a(4,3) a(9,3) r(1,13) d(3) d(4) a(2,5) r(2,4)
58; a(14,4) a(1,6) r(12,9) r(8,6) a(2,15) a(4,4) r(6,4) r(5,8) r(4,1) a(3,2) a(3,16)
59; a(14,4) a(1,6) a(4,15) a(3,14) a(3,7) d(1) a(14,14) a(3,13) a(6,12) a(6,13)
--------------------------------------------------------------------------------
Evaluation

0; 0.
1; 0.
2; 0.
3; 0.
4; 0.
5; 0.
6; 0.
7; 0.
8; 0.
9; 20.
10; 0.
11; 0.
12; 0.
13; 0.
14; 0.
15; 0.
16; 0.
17; 0.
18; 0.
19; 0.
20; 0.
21; 0.
22; 0.
23; 0.
24; 0.
25; 0.
26; 0.
27; 0.
28; 0.
29; 0.
30; 0.
31; 0.
32; 0.
33; 0.
34; 0.
35; 0.
36; 0.
37; 0.
38; 0.
39; 0.
40; 0.
41; 0.
42; 0.
43; 0.
44; 0.
45; 0.
46; 0.
47; 0.
48; 0.
49; 0.
50; 0.
51; 0.
52; 0.
53; 0.
54; 0.
55; 0.
56; 0.
57; 0.
58; 0.
59; 0.
================================================================================
Generation 10

--------------------------------------------------------------------------------
Selection

0; 23
1; 30
2; 46
3; 41
4; 28
5; 5
6; 8
7; 31
8; 15
9; 7
10; 16
11; 48
12; 5
13; 3
14; 27
15; 59
16; 21
17; 38
18; 25
19; 37
20; 13
21; 12
22; 22
23; 57
24; 44
25; 52
26; 3
27; 17
28; 7
29; 49
30; 49
31; 24
32; 8
33; 30
34; 30
35; 16
36; 20
37; 7
38; 43
39; 55
--------------------------------------------------------------------------------
Crossover

0; 49, 21; d(2)
1; 49, 21; a(14,4) a(1,6) a(4,15) a(3,14) r(8,5) a(2,1) d(4) r(2,16) d(1) a(6,4) a(6,4)
2; 49; d(2) a(6,4)
3; 21; a(14,4) a(1,6) a(4,15) a(3,14) r(8,5) a(2,1) d(4) r(2,16) d(1) a(6,4)
4; 17, 57; d(2) r(8,3) d(1) a(2,1) d(5) a(4,3)
5; 17, 57; r(8,3) a(2,1) d(5) a(4,3) a(9,3) r(1,13) d(3) d(4) a(2,5) r(2,4) a(9,3) r(1,13) d(3) r(14,8) d(4) a(8,10)
6; 17; d(2) r(8,3) d(1) a(2,1) d(5) a(4,3) a(9,3) r(1,13) d(3) r(14,8) d(4) a(8,10)
7; 57; r(8,3) a(2,1) d(5) a(4,3) a(9,3) r(1,13) d(3) d(4) a(2,5) r(2,4)
8; 46, 8; a(14,4) a(1,6) r(6,14) r(5,8) a(1,6) r(12,9) r(8,6) a(2,15) r(2,3) a(5,6) a(6,14) r(6,3) r(5,12) a(4,1)
9; 46, 8; a(6,3) r(14,1) r(2,6) a(4,3) d(6) d(2) r(3,16) d(1) d(6) d(2) r(5,8) r(4,1) r(9,4) d(14)
10; 46; a(14,4) a(1,6) r(6,14) r(3,16) d(1) d(6) d(2) r(5,8) r(4,1) r(9,4) d(14)
11; 8; a(6,3) r(14,1) r(2,6) a(4,3) d(6) d(2) r(5,8) a(1,6) r(12,9) r(8,6) a(2,15) r(2,3) a(5,6) a(6,14) r(6,3) r(5,12) a(4,1)
12; 16; a(1,15) a(8,7) r(6,2) d(6) a(3,7) a(3,2) r(4,5) a(1,4)
13; 30; a(14,4) a(1,6) a(4,15) a(3,14) r(8,3) d(1) d(6) a(3,7) a(5,10) a(3,10) d(5) r(3,4) r(4,2)
14; 23; a(14,4) a(1,6) a(4,15) a(3,14) d(2) a(8,15) d(6) d(3) d(5)
15; 20; d(3) r(5,6) d(2) a(8,15) d(6) d(3) a(12,6)
16; 43; a(14,4) a(1,6) r(12,9) r(8,6) a(2,15) r(2,3) a(5,6) a(6,14) r(6,3) a(4,3) a(9,3) r(1,13) d(3) r(14,8) d(4) a(8,10) d(5)
17; 52; r(8,3) a(2,1) d(5) a(4,3) a(9,3) r(1,13) d(3) d(4) a(2,5) r(2,4)
18; 7, 7; a(14,4) a(1,6) r(6,14) r(3,16) a(4,6) d(4) a(14,12) a(10,1) a(14,12) a(10,1) r(9,10) r(8,13)
19; 7, 7; a(14,4) a(1,6) r(6,14) r(3,16) a(4,6) d(4) r(9,10) r(8,13)
20; 7; a(14,4) a(1,6) r(6,14) r(3,16) a(4,6) d(4) a(14,12) a(10,1) r(9,10) r(8,13)
21; 7; a(14,4) a(1,6) r(6,14) r(3,16) a(4,6) d(4) a(14,12) a(10,1) r(9,10) r(8,13)
22; 55, 27; d(3) a(3,12) d(6) a(2,1) d(5) a(4,3) a(9,3) r(1,13) d(3) d(4) r(14,3) d(5) r(14,1) d(6) a(2,7) d(10) r(9,14) d(2) a(4,6) d(4) a(14,12) a(10,1) r(9,10) a(2,10)
23; 55, 27; a(14,4) a(1,6) r(6,14) r(3,16) r(12,7) r(8,3)
24; 55; d(3) a(3,12) d(6) a(2,1) d(5) a(4,3) a(9,3) r(1,13) d(3) d(4) r(14,3) d(5) r(14,1) d(6) a(2,7) d(10) r(9,14) d(2) r(12,7) r(8,3)
25; 27; a(14,4) a(1,6) r(6,14) r(3,16) a(4,6) d(4) a(14,12) a(10,1) r(9,10) a(2,10)
26; 49; d(2) a(6,4)
27; 44; a(1,15) a(8,7) r(6,2) a(2,1) d(5) a(4,3) a(9,3) r(1,13) d(3) r(14,8) d(4) a(8,10) a(10,15)
28; 31; d(2) r(8,3) d(1) d(6) a(3,7) a(3,2) r(4,5) a(5,13)
29; 5; a(14,4) r(6,4)
30; 28, 30; d(3) a(3,12) d(6) r(4,10) d(5) d(1) a(14,14) a(4,15) a(3,14) r(8,3) d(1) d(6) a(3,7) a(5,10) a(3,10) d(5) r(3,4) r(4,2)
31; 28, 30; a(14,4) a(1,6) r(8,5) r(1,4) r(4,5) r(2,6)
32; 28; d(3) a(3,12) d(6) r(4,10) d(5) d(1) a(14,14) r(8,5) r(1,4) r(4,5) r(2,6)
33; 30; a(14,4) a(1,6) a(4,15) a(3,14) r(8,3) d(1) d(6) a(3,7) a(5,10) a(3,10) d(5) r(3,4) r(4,2)
34; 59, 16; a(14,4) a(1,6) a(4,15) a(3,2) r(4,5) a(1,4)
35; 59, 16; a(1,15) a(8,7) r(6,2) d(6) a(3,7) a(3,14) a(3,7) d(1) a(14,14) a(3,13) a(6,12) a(6,13)
36; 59; a(14,4) a(1,6) a(4,15) a(3,14) a(3,7) d(1) a(14,14) a(3,13) a(6,12) a(6,13)
37; 16; a(1,15) a(8,7) r(6,2) d(6) a(3,7) a(3,2) r(4,5) a(1,4)
38; 7; a(14,4) a(1,6) r(6,14) r(3,16) a(4,6) d(4) a(14,12) a(10,1) r(9,10) r(8,13)
39; 25; a(14,4) a(1,6) a(4,4) r(6,4) d(2) a(5,10) a(3,10) a(5,15) d(5) d(1)
40; 48, 3; a(14,4) a(1,6) a(4,15) a(3,14) d(2) a(8,15)
41; 48, 3; a(1,15) a(8,7) r(6,2) d(5) d(1) d(4) r(8,12) r(3,12) a(2,10) d(6) r(10,1) r(8,3) d(1) d(6) a(3,7) a(5,10) a(3,10) d(5) a(4,3) r(3,12)
42; 48; a(14,4) a(1,6) a(4,15) a(3,14) d(2) a(8,15) d(6) r(10,1) r(8,3) d(1) d(6) a(3,7) a(5,10) a(3,10) d(5) a(4,3) r(3,12)
43; 3; a(1,15) a(8,7) r(6,2) d(5) d(1) d(4) r(8,12) r(3,12) a(2,10)
44; 37; a(14,4) a(1,6) r(6,14) r(3,16) a(4,6) d(4) a(14,12) r(8,6) a(2,15) r(2,3) a(5,6) a(6,14) r(5,10) d(1)
45; 30; a(14,4) a(1,6) a(4,15) a(3,14) r(8,3) d(1) d(6) a(3,7) a(5,10) a(3,10) d(5) r(3,4) r(4,2)
46; 38; d(3) r(5,6) r(8,5) r(12,9) r(8,6) a(2,15) a(4,4) r(6,4) r(5,8) r(4,1) a(3,2) r(1,5)
47; 8; a(6,3) r(14,1) r(2,6) a(4,3) d(6) d(2) r(5,8) a(1,6) r(12,9) r(8,6) a(2,15) r(2,3) a(5,6) a(6,14) r(6,3) r(5,12) a(4,1)
48; 15, 13; a(14,4) a(1,6) a(4,15) a(3,14) a(3,7) d(1) a(14,14) a(3,13) a(6,12) d(2) r(5,8) r(4,1) r(9,4) a(8,8)
49; 15, 13; a(14,4) a(1,6) a(4,15) a(3,14) a(3,7) d(1) a(14,14) a(3,13) d(1) d(6) d(12)
50; 15; a(14,4) a(1,6) a(4,15) a(3,14) a(3,7) d(1) a(14,14) a(3,13) a(6,12) d(12)
51; 13; a(14,4) a(1,6) a(4,15) a(3,14) a(3,7) d(1) a(14,14) a(3,13) d(1) d(6) d(2) r(5,8) r(4,1) r(9,4) a(8,8)
52; 3; a(1,15) a(8,7) r(6,2) d(5) d(1) d(4) r(8,12) r(3,12) a(2,10)
53; 41; a(14,4) a(1,6) r(12,9) r(8,6) a(2,15) a(4,4) r(6,4) r(5,8) r(4,1) a(3,2) d(1)
54; 22; d(3) r(5,6) r(8,5) a(2,1) d(4) r(2,16) d(1)
55; 24; a(14,4) a(1,6) r(12,9) r(8,6) a(2,15) r(6,14) r(3,16) a(4,6) d(4) a(14,12) a(10,1) r(9,10) d(2)
56; 5; a(14,4) r(6,4)
57; 12; a(14,4) a(1,6) r(6,14) r(3,16) a(6,12) d(14)
--------------------------------------------------------------------------------
Mutation

0; d(2) r(10,1)
1; a(14,4) a(1,6) a(4,15) a(3,14) r(8,5) a(2,1) d(4) r(2,16) d(1) a(6,4) a(6,4) d(6)
2; d(2) a(6,4) d(6)
3; a(14,4) a(1,6) a(4,15) a(3,14) r(8,5) a(2,1) d(4) r(2,16) d(1) a(6,4) r(6,1)
4; d(2) r(8,3) d(1) a(2,1) d(5) a(4,3) d(4)
5; r(8,3) a(2,1) d(5) a(4,3) a(9,3) r(1,13) d(3) d(4) a(2,5) r(2,4) a(9,3) r(1,13) d(3) r(14,8) d(4) a(8,10)
6; d(2) r(8,3) d(1) a(2,1) d(5) a(4,3) a(9,3) r(1,13) d(3) r(14,8) d(4) a(8,10)
7; r(8,3) a(2,1) d(5) a(4,3) a(9,3) r(1,13) d(3) d(4) a(2,5) r(2,4)
8; a(14,4) a(1,6) r(6,14) r(5,8) a(1,6) r(12,9) r(8,6) a(2,15) r(2,3) a(5,6) a(6,14) r(6,3) r(5,12) a(4,1) r(3,4)
9; a(6,3) r(14,1) r(2,6) a(4,3) d(6) d(2) r(3,16) d(1) d(6) d(2) r(5,8) r(4,1) r(9,4) d(14) d(12)
10; a(14,4) a(1,6) r(6,14) r(3,16) d(1) d(6) d(2) r(5,8) r(4,1) r(9,4) d(14) d(12)
11; a(6,3) r(14,1) r(2,6) a(4,3) d(6) d(2) r(5,8) a(1,6) r(12,9) r(8,6) a(2,15) r(2,3) a(5,6) a(6,14) r(6,3) r(5,12) a(4,1) r(1,13)
12; a(1,15) a(8,7) r(6,2) d(6) a(3,7) a(3,2) r(4,5) a(1,4) r(12,3)
13; a(14,4) a(1,6) a(4,15) a(3,14) r(8,3) d(1) d(6) a(3,7) a(5,10) a(3,10) d(5) r(3,4) r(4,2) a(2,6)
14; a(14,4) a(1,6) a(4,15) a(3,14) d(2) a(8,15) d(6) d(3) d(5) d(4)
15; d(3) r(5,6) d(2) a(8,15) d(6) d(3) a(12,6) d(1)
16; a(14,4) a(1,6) r(12,9) r(8,6) a(2,15) r(2,3) a(5,6) a(6,14) r(6,3) a(4,3) a(9,3) r(1,13) d(3) r(14,8) d(4) a(8,10) d(5)
17; r(8,3) a(2,1) d(5) a(4,3) a(9,3) r(1,13) d(3) d(4) a(2,5) r(2,4)
18; a(14,4) a(1,6) r(6,14) r(3,16) a(4,6) d(4) a(14,12) a(10,1) a(14,12) a(10,1) r(9,10) r(8,13) a(1,2)
19; a(14,4) a(1,6) r(6,14) r(3,16) a(4,6) d(4) r(9,10) r(8,13) a(1,6)
20; a(14,4) a(1,6) r(6,14) r(3,16) a(4,6) d(4) a(14,12) a(10,1) r(9,10) r(8,13) d(5)
21; a(14,4) a(1,6) r(6,14) r(3,16) a(4,6) d(4) a(14,12) a(10,1) r(9,10) r(8,13) r(1,4)
22; d(3) a(3,12) d(6) a(2,1) d(5) a(4,3) a(9,3) r(1,13) d(3) d(4) r(14,3) d(5) r(14,1) d(6) a(2,7) d(10) r(9,14) d(2) a(4,6) d(4) a(14,12) a(10,1) r(9,10) a(2,10) a(12,8)
23; a(14,4) a(1,6) r(6,14) r(3,16) r(12,7) r(8,3) r(4,2)
24; d(3) a(3,12) d(6) a(2,1) d(5) a(4,3) a(9,3) r(1,13) d(3) d(4) r(14,3) d(5) r(14,1) d(6) a(2,7) d(10) r(9,14) d(2) r(12,7) r(8,3)
25; a(14,4) a(1,6) r(6,14) r(3,16) a(4,6) d(4) a(14,12) a(10,1) r(9,10) a(2,10) a(8,4)
26; d(2) a(6,4) d(6)
27; a(1,15) a(8,7) r(6,2) a(2,1) d(5) a(4,3) a(9,3) r(1,13) d(3) r(14,8) d(4) a(8,10) a(10,15) d(10)
28; d(2) r(8,3) d(1) d(6) a(3,7) a(3,2) r(4,5) a(5,13) d(5)
29; a(14,4) r(6,4) a(9,12)
30; d(3) a(3,12) d(6) r(4,10) d(5) d(1) a(14,14) a(4,15) a(3,14) r(8,3) d(1) d(6) a(3,7) a(5,10) a(3,10) d(5) r(3,4) r(4,2) r(2,8)
31; a(14,4) a(1,6) r(8,5) r(1,4) r(4,5) r(2,6) a(6,14)
32; d(3) a(3,12) d(6) r(4,10) d(5) d(1) a(14,14) r(8,5) r(1,4) r(4,5) r(2,6)
33; a(14,4) a(1,6) a(4,15) a(3,14) r(8,3) d(1) d(6) a(3,7) a(5,10) a(3,10) d(5) r(3,4) r(4,2) d(2)
34; a(14,4) a(1,6) a(4,15) a(3,2) r(4,5) a(1,4) d(6)
35; a(1,15) a(8,7) r(6,2) d(6) a(3,7) a(3,14) a(3,7) d(1) a(14,14) a(3,13) a(6,12) a(6,13) d(10)
36; a(14,4) a(1,6) a(4,15) a(3,14) a(3,7) d(1) a(14,14) a(3,13) a(6,12) a(6,13) a(6,12)
37; a(1,15) a(8,7) r(6,2) d(6) a(3,7) a(3,2) r(4,5) a(1,4) r(9,10)
38; a(14,4) a(1,6) r(6,14) r(3,16) a(4,6) d(4) a(14,12) a(10,1) r(9,10) r(8,13) r(1,14)
39; a(14,4) a(1,6) a(4,4) r(6,4) d(2) a(5,10) a(3,10) a(5,15) d(5) d(1) r(9,7)
40; a(14,4) a(1,6) a(4,15) a(3,14) d(2) a(8,15) d(12)
41; a(1,15) a(8,7) r(6,2) d(5) d(1) d(4) r(8,12) r(3,12) a(2,10) d(6) r(10,1) r(8,3) d(1) d(6) a(3,7) a(5,10) a(3,10) d(5) a(4,3) r(3,12) r(2,15)
42; a(14,4) a(1,6) a(4,15) a(3,14) d(2) a(8,15) d(6) r(10,1) r(8,3) d(1) d(6) a(3,7) a(5,10) a(3,10) d(5) a(4,3) r(3,12) r(4,7)
43; a(1,15) a(8,7) r(6,2) d(5) d(1) d(4) r(8,12) r(3,12) a(2,10) r(2,8)
44; a(14,4) a(1,6) r(6,14) r(3,16) a(4,6) d(4) a(14,12) r(8,6) a(2,15) r(2,3) a(5,6) a(6,14) r(5,10) d(1)
45; a(14,4) a(1,6) a(4,15) a(3,14) r(8,3) d(1) d(6) a(3,7) a(5,10) a(3,10) d(5) r(3,4) r(4,2) r(2,7)
46; d(3) r(5,6) r(8,5) r(12,9) r(8,6) a(2,15) a(4,4) r(6,4) r(5,8) r(4,1) a(3,2) r(1,5) d(2)
47; a(6,3) r(14,1) r(2,6) a(4,3) d(6) d(2) r(5,8) a(1,6) r(12,9) r(8,6) a(2,15) r(2,3) a(5,6) a(6,14) r(6,3) r(5,12) a(4,1) d(3)
48; a(14,4) a(1,6) a(4,15) a(3,14) a(3,7) d(1) a(14,14) a(3,13) a(6,12) d(2) r(5,8) r(4,1) r(9,4) a(8,8) r(12,4)
49; a(14,4) a(1,6) a(4,15) a(3,14) a(3,7) d(1) a(14,14) a(3,13) d(1) d(6) d(12) a(9,15)
50; a(14,4) a(1,6) a(4,15) a(3,14) a(3,7) d(1) a(14,14) a(3,13) a(6,12) d(12) a(8,5)
51; a(14,4) a(1,6) a(4,15) a(3,14) a(3,7) d(1) a(14,14) a(3,13) d(1) d(6) d(2) r(5,8) r(4,1) r(9,4) a(8,8) a(14,15)
52; a(1,15) a(8,7) r(6,2) d(5) d(1) d(4) r(8,12) r(3,12) a(2,10) d(2)
53; a(14,4) a(1,6) r(12,9) r(8,6) a(2,15) a(4,4) r(6,4) r(5,8) r(4,1) a(3,2) d(1) d(2)
54; d(3) r(5,6) r(8,5) a(2,1) d(4) r(2,16) d(1)
55; a(14,4) a(1,6) r(12,9) r(8,6) a(2,15) r(6,14) r(3,16) a(4,6) d(4) a(14,12) a(10,1) r(9,10) d(2) r(1,7)
56; a(14,4) r(6,4) a(3,1)
57; a(14,4) a(1,6) r(6,14) r(3,16) a(6,12) d(14) a(1,5)
--------------------------------------------------------------------------------
Evaluation

0; 0.
1; 0.
2; 0.
3; 0.
4; 0.
5; 0.
6; 0.
7; 0.
8; 0.
9; 0.
10; 0.
11; 0.
12; 0.
13; 0.
14; 0.
15; 0.
16; 0.
17; 0.
18; 0.
19; 0.
20; 0.
21; 0.
22; 0.
23; 0.
24; 0.
25; 0.
26; 0.
27; 0.
28; 0.
29; 2.
30; 0.
31; 0.
32; 0.
33; 0.
34; 0.
35; 0.
36; 0.
37; 0.
38; 0.
39; 0.
40; 0.
41; 0.
42; 0.
43; 0.
44; 0.
45; 0.
46; 0.
47; 0.
48; 0.
49; 0.
50; 0.
51; 0.
52; 0.
53; 0.
54; 0.
55; 0.
56; 0.
57; 0.
