================================================================================
Enclosure

1: 0
2: 0
3: 0
4: 0
5: 0
6: 5
7: 5
8: 0
9: 8
10: 9
12: 8
13: 12
14: 12
15: 0
16: 0
================================================================================
Initialisation

0; d(6); 10.
1; a(6,6); 10.
2; r(6,4); 10.
3; a(6,2); 10.
4; d(5); 10.
5; a(12,9); 10.
6; r(10,2); 0.
7; a(10,9); 10.
8; a(5,2); 10.
9; d(6); 10.
10; r(6,15); 10.
11; r(6,14); 10.
12; d(5); 10.
13; a(6,10); 10.
14; a(6,15); 10.
15; a(4,12); 10.
16; r(6,7); 10.
17; a(6,13); 10.
18; a(4,4); 10.
19; r(5,3); 10.
20; d(6); 10.
21; r(2,4); 0.
22; r(6,16); 10.
23; d(3); 0.
24; a(6,14); 10.
25; a(10,7); 10.
26; r(6,1); 10.
27; d(6); 10.
28; a(6,13); 10.
29; r(6,2); 10.
30; d(6); 10.
31; a(6,8); 10.
32; r(6,15); 10.
33; d(4); 0.
34; a(14,16); 20.
35; r(6,14); 10.
36; a(9,6); 0.
37; a(6,3); 10.
38; a(6,16); 30.
39; original; 10.
================================================================================
Generation 1

--------------------------------------------------------------------------------
Selection

0; 15
1; 8
2; 33
3; 3
4; 21
5; 23
6; 13
7; 1
8; 27
9; 28
10; 2
11; 35
12; 23
13; 14
14; 7
15; 8
16; 9
17; 15
18; 7
19; 6
20; 5
21; 27
22; 13
23; 32
24; 25
25; 23
26; 26
27; 0
28; 16
29; 23
30; 12
31; 33
32; 25
33; 36
34; 6
35; 24
36; 14
37; 37
38; 39
39; 36
--------------------------------------------------------------------------------
Crossover

0; 5, 33; a(12,9)
1; 5, 33; d(4)
2; 5; a(12,9)
3; 33; d(4)
4; 7, 15; a(10,9)
5; 7, 15; a(4,12)
6; 7; a(10,9)
7; 15; a(4,12)
8; 15, 9; a(4,12)
9; 15, 9; d(6)
10; 15; a(4,12)
11; 9; d(6)
12; 37; a(6,3)
13; 26; r(6,1)
14; 32, 28; r(6,15)
15; 32, 28; a(6,13)
16; 32; r(6,15)
17; 28; a(6,13)
18; 2; r(6,4)
19; 23; d(3)
20; 13, 12; a(6,10)
21; 13, 12; d(5)
22; 13; a(6,10)
23; 12; d(5)
24; 27, 25; d(6)
25; 27, 25; a(10,7)
26; 27; d(6)
27; 25; a(10,7)
28; 39, 36; original
29; 39, 36; a(9,6)
30; 39; original
31; 36; a(9,6)
32; 23, 25; d(3)
33; 23, 25; a(10,7)
34; 23; d(3)
35; 25; a(10,7)
36; 8, 24; a(5,2)
37; 8, 24; a(6,14)
38; 8; a(5,2)
39; 24; a(6,14)
40; 0, 3; d(6)
41; 0, 3; a(6,2)
42; 0; d(6)
43; 3; a(6,2)
44; 36, 13; a(9,6)
45; 36, 13; a(6,10)
46; 36; a(9,6)
47; 13; a(6,10)
48; 8; a(5,2)
49; 6; r(10,2)
50; 14; a(6,15)
51; 27; d(6)
52; 33; d(4)
53; 6; r(10,2)
54; 7; a(10,9)
55; 23; d(3)
56; 35, 23; r(6,14)
57; 35, 23; d(3)
58; 35; r(6,14)
59; 23; d(3)
60; 21, 14; r(2,4)
61; 21, 14; a(6,15)
62; 21; r(2,4)
63; 14; a(6,15)
64; 1, 16; a(6,6)
65; 1, 16; r(6,7)
66; 1; a(6,6)
67; 16; r(6,7)
--------------------------------------------------------------------------------
Mutation

0; a(12,9) a(14,7)
1; d(4) a(6,8)
2; a(12,9) r(6,5)
3; d(4) d(10)
4; a(10,9) d(6)
5; a(4,12) d(5)
6; a(10,9) r(12,2)
7; a(4,12) r(10,16)
8; a(4,12) r(10,5)
9; d(6) a(3,5)
10; a(4,12) d(4)
11; d(6) a(14,13)
12; a(6,3) r(10,1)
13; r(6,1) d(4)
14; r(6,15) r(10,6)
15; a(6,13) r(10,1)
16; r(6,15) a(2,1)
17; a(6,13) r(3,15)
18; r(6,4) d(9)
19; d(3) r(6,5)
20; a(6,10) r(5,4)
21; d(5) r(14,6)
22; a(6,10) d(6)
23; d(5) r(4,3)
24; d(6) a(1,10)
25; a(10,7) d(3)
26; d(6) d(14)
27; a(10,7) d(6)
28; r(6,4)
29; a(9,6) r(12,4)
30; a(6,3)
31; a(9,6) a(8,2)
32; d(3) a(6,5)
33; a(10,7) r(6,15)
34; d(3) d(6)
35; a(10,7) d(10)
36; a(5,2) r(6,12)
37; a(6,14) d(3)
38; a(5,2) a(8,12)
39; a(6,14) d(6)
40; d(6) r(10,13)
41; a(6,2) d(6)
42; d(6) d(2)
43; a(6,2) a(6,10)
44; a(9,6) r(14,5)
45; a(6,10) a(6,3)
46; a(9,6) a(4,1)
47; a(6,10) d(5)
48; a(5,2) d(6)
49; r(10,2) d(5)
50; a(6,15) d(14)
51; d(6) r(2,13)
52; d(4) a(6,5)
53; r(10,2) d(12)
54; a(10,9) a(3,13)
55; d(3) r(6,5)
56; r(6,14) d(4)
57; d(3) d(6)
58; r(6,14) d(4)
59; d(3) a(6,5)
60; r(2,4) d(10)
61; a(6,15) r(6,1)
62; r(2,4) r(6,12)
63; a(6,15) a(10,5)
64; a(6,6) r(6,13)
65; r(6,7) d(2)
66; a(6,6) r(6,12)
67; r(6,7) d(14)
--------------------------------------------------------------------------------
Evaluation

0; 10.
1; 0.
2; 10.
3; 0.
4; 10.
5; 10.
6; 0.
7; 20.
8; 10.
9; 10.
10; 0.
11; 5.
12; 10.
13; 0.
14; 0.
15; 10.
16; 10.
17; 0.
18; 0.
19; 0.
20; 10.
21; 0.
22; 10.
23; 0.
24; 10.
25; 0.
26; 0.
27; 10.
28; 10.
29; 0.
30; 10.
31; 0.
32; 0.
33; 10.
34; 0.
35; 10.
36; 10.
37; 0.
38; 10.
39; 10.
40; 2.
41; 10.
42; 0.
43; 10.
44; 0.
45; 10.
46; 0.
47; 10.
48; 10.
49; 0.
50; 0.
51; 0.
52; 0.
53; 0.
54; 10.
55; 0.
56; 0.
57; 0.
58; 0.
59; 0.
60; 0.
61; 10.
62; 0.
63; 10.
64; 10.
65; 0.
66; 10.
67; 0.
================================================================================
Generation 2

--------------------------------------------------------------------------------
Selection

0; 49
1; 44
2; 51
3; 23
4; 44
5; 33
6; 58
7; 32
8; 65
9; 3
10; 63
11; 54
12; 6
13; 55
14; 58
15; 49
16; 42
17; 55
18; 6
19; 39
20; 40
21; 62
22; 23
23; 26
24; 15
25; 54
26; 34
27; 55
28; 61
29; 62
30; 6
31; 25
32; 19
33; 6
34; 6
35; 50
36; 53
37; 60
38; 42
39; 17
--------------------------------------------------------------------------------
Crossover

0; 15; a(6,13) r(10,1)
1; 3; d(4) d(10)
2; 25, 6; a(10,7)
3; 25, 6; a(10,9) r(12,2) d(3)
4; 25; a(10,7) d(3)
5; 6; a(10,9) r(12,2)
6; 51; d(6) r(2,13)
7; 6; a(10,9) r(12,2)
8; 49; r(10,2) d(5)
9; 62; r(2,4) r(6,12)
10; 53, 65; r(10,2) d(2)
11; 53, 65; r(6,7) d(12)
12; 53; r(10,2) d(12)
13; 65; r(6,7) d(2)
14; 6; a(10,9) r(12,2)
15; 19; d(3) r(6,5)
16; 49; r(10,2) d(5)
17; 58; r(6,14) d(4)
18; 23, 54; d(5)
19; 23, 54; a(10,9) a(3,13) r(4,3)
20; 23; d(5) r(4,3)
21; 54; a(10,9) a(3,13)
22; 6; a(10,9) r(12,2)
23; 60; r(2,4) d(10)
24; 55; d(3) r(6,5)
25; 34; d(3) d(6)
26; 55; d(3) r(6,5)
27; 42; d(6) d(2)
28; 63; a(6,15) a(10,5)
29; 40; d(6) r(10,13)
30; 26, 6; d(6) d(14)
31; 26, 6; a(10,9) r(12,2)
32; 26; d(6) d(14)
33; 6; a(10,9) r(12,2)
34; 61, 39; a(6,15) r(6,1) d(6)
35; 61, 39; a(6,14)
36; 61; a(6,15) r(6,1)
37; 39; a(6,14) d(6)
38; 54; a(10,9) a(3,13)
39; 55; d(3) r(6,5)
40; 44; a(9,6) r(14,5)
41; 32; d(3) a(6,5)
42; 62; r(2,4) r(6,12)
43; 33; a(10,7) r(6,15)
44; 58, 44; r(6,14) r(14,5)
45; 58, 44; a(9,6) d(4)
46; 58; r(6,14) d(4)
47; 44; a(9,6) r(14,5)
48; 50, 17; a(6,15) d(14)
49; 50, 17; a(6,13) r(3,15)
50; 50; a(6,15) d(14)
51; 17; a(6,13) r(3,15)
52; 42, 23; d(6) r(4,3)
53; 42, 23; d(5) d(2)
54; 42; d(6) d(2)
55; 23; d(5) r(4,3)
--------------------------------------------------------------------------------
Mutation

0; a(6,13) r(10,1) a(6,13)
1; d(4) d(10) d(12)
2; a(10,7) d(10)
3; a(10,9) r(12,2) d(3) a(6,5)
4; a(10,7) d(3) r(6,2)
5; a(10,9) r(12,2) d(6)
6; d(6) r(2,13) a(1,3)
7; a(10,9) r(12,2) a(6,7)
8; r(10,2) d(5) r(12,8)
9; r(2,4) r(6,12) a(9,12)
10; r(10,2) d(2) r(6,16)
11; r(6,7) d(12) d(1)
12; r(10,2) d(12) d(6)
13; r(6,7) d(2) a(4,6)
14; a(10,9) r(12,2) a(3,16)
15; d(3) r(6,5) d(8)
16; r(10,2) d(5) d(8)
17; r(6,14) d(4) d(3)
18; d(5) a(3,5)
19; a(10,9) a(3,13) r(4,3) d(10)
20; d(5) r(4,3) a(9,14)
21; a(10,9) a(3,13) d(5)
22; a(10,9) r(12,2) a(6,16)
23; r(2,4) d(10) a(12,3)
24; d(3) r(6,5) r(8,12)
25; d(3) d(6) r(4,7)
26; d(3) r(6,5) r(1,8)
27; d(6) d(2) a(10,7)
28; a(6,15) a(10,5) a(3,7)
29; d(6) r(10,13) a(1,12)
30; d(6) d(14) d(10)
31; a(10,9) r(12,2) d(6)
32; d(6) d(14) a(5,12)
33; a(10,9) r(12,2) a(6,6)
34; a(6,15) r(6,1) d(6) r(3,1)
35; a(6,14) r(6,3)
36; a(6,15) r(6,1) d(4)
37; a(6,14) d(6) r(12,1)
38; a(10,9) a(3,13) r(6,15)
39; d(3) r(6,5) r(4,8)
40; a(9,6) r(14,5) a(6,6)
41; d(3) a(6,5) r(12,15)
42; r(2,4) r(6,12) a(3,10)
43; a(10,7) r(6,15) r(12,14)
44; r(6,14) r(14,5) a(1,13)
45; a(9,6) d(4) d(12)
46; r(6,14) d(4) a(2,12)
47; a(9,6) r(14,5) d(4)
48; a(6,15) d(14) d(6)
49; a(6,13) r(3,15) a(2,5)
50; a(6,15) d(14) r(4,1)
51; a(6,13) r(3,15) d(6)
52; d(6) r(4,3) r(14,4)
53; d(5) d(2) d(12)
54; d(6) d(2) r(8,6)
55; d(5) r(4,3) d(3)
--------------------------------------------------------------------------------
Evaluation

0; 10.
1; 0.
2; 10.
3; 0.
4; 0.
5; 0.
6; 0.
7; 0.
8; 10.
9; 0.
10; 0.
11; 0.
12; 0.
13; 0.
14; 0.
15; 0.
16; 0.
17; 0.
18; 10.
19; 0.
20; 0.
21; 10.
22; 20.
23; 0.
24; 0.
25; 0.
26; 0.
27; 0.
28; 10.
29; 2.
30; 0.
31; 0.
32; 0.
33; 0.
34; 0.
35; 10.
36; 0.
37; 0.
38; 10.
39; 0.
40; 0.
41; 0.
42; 0.
43; 0.
44; 0.
45; 0.
46; 0.
47; 0.
48; 0.
49; 0.
50; 0.
51; 0.
52; 0.
53; 0.
54; 0.
55; 0.
================================================================================
Generation 3

--------------------------------------------------------------------------------
Selection

0; 27
1; 53
2; 5
3; 11
4; 54
5; 20
6; 15
7; 23
8; 34
9; 48
10; 9
11; 5
12; 5
13; 25
14; 51
15; 13
16; 51
17; 46
18; 43
19; 24
20; 49
21; 51
22; 34
23; 52
24; 26
25; 23
26; 51
27; 31
28; 36
29; 16
30; 33
31; 0
32; 9
33; 9
34; 49
35; 40
36; 14
37; 43
38; 17
39; 29
--------------------------------------------------------------------------------
Crossover

0; 17; r(6,14) d(4) d(3)
1; 20; d(5) r(4,3) a(9,14)
2; 53, 49; d(5)
3; 53, 49; a(6,13) r(3,15) a(2,5) d(2) d(12)
4; 53; d(5) d(2) d(12)
5; 49; a(6,13) r(3,15) a(2,5)
6; 5, 33; a(10,9) r(12,2) a(6,6)
7; 5, 33; a(10,9) r(12,2) d(6)
8; 5; a(10,9) r(12,2) d(6)
9; 33; a(10,9) r(12,2) a(6,6)
10; 51; a(6,13) r(3,15) d(6)
11; 16; r(10,2) d(5) d(8)
12; 9, 29; r(2,4) r(10,13) a(1,12)
13; 9, 29; d(6) r(6,12) a(9,12)
14; 9; r(2,4) r(6,12) a(9,12)
15; 29; d(6) r(10,13) a(1,12)
16; 48; a(6,15) d(14) d(6)
17; 46; r(6,14) d(4) a(2,12)
18; 9; r(2,4) r(6,12) a(9,12)
19; 13; r(6,7) d(2) a(4,6)
20; 5; a(10,9) r(12,2) d(6)
21; 23; r(2,4) d(10) a(12,3)
22; 0; a(6,13) r(10,1) a(6,13)
23; 52; d(6) r(4,3) r(14,4)
24; 43; a(10,7) r(6,15) r(12,14)
25; 34; a(6,15) r(6,1) d(6) r(3,1)
26; 27, 51; d(6) d(2) a(10,7)
27; 27, 51; a(6,13) r(3,15) d(6)
28; 27; d(6) d(2) a(10,7)
29; 51; a(6,13) r(3,15) d(6)
30; 9, 40; r(2,4) r(6,12) a(6,6)
31; 9, 40; a(9,6) r(14,5) a(9,12)
32; 9; r(2,4) r(6,12) a(9,12)
33; 40; a(9,6) r(14,5) a(6,6)
34; 51; a(6,13) r(3,15) d(6)
35; 14; a(10,9) r(12,2) a(3,16)
36; 15, 11; d(3) d(1)
37; 15, 11; r(6,7) d(12) r(6,5) d(8)
38; 15; d(3) r(6,5) d(8)
39; 11; r(6,7) d(12) d(1)
40; 23, 26; r(2,4) d(10)
41; 23, 26; d(3) r(6,5) r(1,8) a(12,3)
42; 23; r(2,4) d(10) a(12,3)
43; 26; d(3) r(6,5) r(1,8)
44; 25; d(3) d(6) r(4,7)
45; 43; a(10,7) r(6,15) r(12,14)
46; 36; a(6,15) r(6,1) d(4)
47; 34; a(6,15) r(6,1) d(6) r(3,1)
48; 51, 24; a(6,13) r(3,15)
49; 51, 24; d(3) r(6,5) r(8,12) d(6)
50; 51; a(6,13) r(3,15) d(6)
51; 24; d(3) r(6,5) r(8,12)
52; 5; a(10,9) r(12,2) d(6)
53; 54; d(6) d(2) r(8,6)
54; 31, 49; a(10,9)
55; 31, 49; a(6,13) r(3,15) a(2,5) r(12,2) d(6)
56; 31; a(10,9) r(12,2) d(6)
57; 49; a(6,13) r(3,15) a(2,5)
--------------------------------------------------------------------------------
Mutation

0; r(6,14) d(4) d(3) d(8)
1; d(5) r(4,3) a(9,14) d(14)
2; d(5) r(8,15)
3; a(6,13) r(3,15) a(2,5) d(2) d(12) a(6,4)
4; d(5) d(2) d(12) a(8,13)
5; a(6,13) r(3,15) a(2,5) r(6,4)
6; a(10,9) r(12,2) a(6,6) r(6,4)
7; a(10,9) r(12,2) d(6) r(10,3)
8; a(10,9) r(12,2) d(6) d(2)
9; a(10,9) r(12,2) a(6,6) r(6,13)
10; a(6,13) r(3,15) d(6) d(8)
11; r(10,2) d(5) d(8) r(2,4)
12; r(2,4) r(10,13) a(1,12) a(6,8)
13; d(6) r(6,12) a(9,12) d(9)
14; r(2,4) r(6,12) a(9,12) a(9,5)
15; d(6) r(10,13) a(1,12) a(3,7)
16; a(6,15) d(14) d(6) d(4)
17; r(6,14) d(4) a(2,12) d(2)
18; r(2,4) r(6,12) a(9,12) r(1,5)
19; r(6,7) d(2) a(4,6) d(12)
20; a(10,9) r(12,2) d(6) r(2,12)
21; r(2,4) d(10) a(12,3) d(12)
22; a(6,13) r(10,1) a(6,13) d(12)
23; d(6) r(4,3) r(14,4) a(3,7)
24; a(10,7) r(6,15) r(12,14) r(4,15)
25; a(6,15) r(6,1) d(6) r(3,1) d(12)
26; d(6) d(2) a(10,7) a(14,12)
27; a(6,13) r(3,15) d(6) r(5,10)
28; d(6) d(2) a(10,7) r(12,3)
29; a(6,13) r(3,15) d(6) r(14,4)
30; r(2,4) r(6,12) a(6,6) d(14)
31; a(9,6) r(14,5) a(9,12) a(9,1)
32; r(2,4) r(6,12) a(9,12) a(5,16)
33; a(9,6) r(14,5) a(6,6) a(6,15)
34; a(6,13) r(3,15) d(6) r(14,16)
35; a(10,9) r(12,2) a(3,16) d(6)
36; d(3) d(1) a(6,8)
37; r(6,7) d(12) r(6,5) d(8) a(3,2)
38; d(3) r(6,5) d(8) d(2)
39; r(6,7) d(12) d(1) d(10)
40; r(2,4) d(10) d(6)
41; d(3) r(6,5) r(1,8) a(12,3) r(14,8)
42; r(2,4) d(10) a(12,3) r(6,16)
43; d(3) r(6,5) r(1,8) d(10)
44; d(3) d(6) r(4,7) r(9,10)
45; a(10,7) r(6,15) r(12,14) a(1,15)
46; a(6,15) r(6,1) d(4) d(3)
47; a(6,15) r(6,1) d(6) r(3,1) d(12)
48; a(6,13) r(3,15) d(8)
49; d(3) r(6,5) r(8,12) d(6) d(5)
50; a(6,13) r(3,15) d(6) r(8,2)
51; d(3) r(6,5) r(8,12) r(1,8)
52; a(10,9) r(12,2) d(6) d(4)
53; d(6) d(2) r(8,6) r(5,12)
54; a(10,9) a(14,7)
55; a(6,13) r(3,15) a(2,5) r(12,2) d(6) r(5,15)
56; a(10,9) r(12,2) d(6) r(2,12)
57; a(6,13) r(3,15) a(2,5) d(9)
--------------------------------------------------------------------------------
Evaluation

0; 0.
1; 0.
2; 0.
3; 0.
4; 0.
5; 0.
6; 0.
7; 0.
8; 0.
9; 0.
10; 0.
11; 0.
12; 0.
13; 0.
14; 0.
15; 2.
16; 0.
17; 0.
18; 0.
19; 0.
20; 0.
21; 0.
22; 0.
23; 0.
24; 0.
25; 0.
26; 0.
27; 0.
28; 0.
29; 0.
30; 0.
31; 0.
32; 0.
33; 0.
34; 0.
35; 0.
36; 0.
37; 0.
38; 0.
39; 0.
40; 0.
41; 0.
42; 0.
43; 0.
44; 0.
45; 0.
46; 0.
47; 0.
48; 0.
49; 0.
50; 0.
51; 0.
52; 0.
53; 0.
54; 10.
55; 0.
56; 0.
57; 0.
================================================================================
Generation 4

--------------------------------------------------------------------------------
Selection

0; 8
1; 23
2; 34
3; 46
4; 51
5; 46
6; 30
7; 14
8; 16
9; 0
10; 34
11; 31
12; 11
13; 18
14; 48
15; 3
16; 13
17; 31
18; 32
19; 50
20; 51
21; 5
22; 17
23; 35
24; 3
25; 43
26; 29
27; 8
28; 7
29; 46
30; 42
31; 49
32; 2
33; 17
34; 43
35; 2
36; 14
37; 5
38; 13
39; 23
--------------------------------------------------------------------------------
Crossover

0; 17; r(6,14) d(4) a(2,12) d(2)
1; 5; a(6,13) r(3,15) a(2,5) r(6,4)
2; 7; a(10,9) r(12,2) d(6) r(10,3)
3; 17; r(6,14) d(4) a(2,12) d(2)
4; 50; a(6,13) r(3,15) d(6) r(8,2)
5; 16; a(6,15) d(14) d(6) d(4)
6; 43, 29; d(3) r(6,5) r(1,8) r(14,4)
7; 43, 29; a(6,13) r(3,15) d(6) d(10)
8; 43; d(3) r(6,5) r(1,8) d(10)
9; 29; a(6,13) r(3,15) d(6) r(14,4)
10; 23; d(6) r(4,3) r(14,4) a(3,7)
11; 42; r(2,4) d(10) a(12,3) r(6,16)
12; 46; a(6,15) r(6,1) d(4) d(3)
13; 3; a(6,13) r(3,15) a(2,5) d(2) d(12) a(6,4)
14; 14, 2; r(2,4) r(6,12) a(9,12) a(9,5) r(8,15)
15; 14, 2; d(5)
16; 14; r(2,4) r(6,12) a(9,12) a(9,5)
17; 2; d(5) r(8,15)
18; 31, 14; a(9,6) r(14,5) a(9,12) a(9,1) r(6,12) a(9,12) a(9,5)
19; 31, 14; r(2,4)
20; 31; a(9,6) r(14,5) a(9,12) a(9,1)
21; 14; r(2,4) r(6,12) a(9,12) a(9,5)
22; 18; r(2,4) r(6,12) a(9,12) r(1,5)
23; 32; r(2,4) r(6,12) a(9,12) a(5,16)
24; 49; d(3) r(6,5) r(8,12) d(6) d(5)
25; 8; a(10,9) r(12,2) d(6) d(2)
26; 13, 3; d(6) r(6,12) a(9,12) d(9) a(2,5) d(2) d(12) a(6,4)
27; 13, 3; a(6,13) r(3,15)
28; 13; d(6) r(6,12) a(9,12) d(9)
29; 3; a(6,13) r(3,15) a(2,5) d(2) d(12) a(6,4)
30; 8, 0; a(10,9) r(12,2) d(3) d(8)
31; 8, 0; r(6,14) d(4) d(6) d(2)
32; 8; a(10,9) r(12,2) d(6) d(2)
33; 0; r(6,14) d(4) d(3) d(8)
34; 46; a(6,15) r(6,1) d(4) d(3)
35; 51; d(3) r(6,5) r(8,12) r(1,8)
36; 35; a(10,9) r(12,2) a(3,16) d(6)
37; 13; d(6) r(6,12) a(9,12) d(9)
38; 23, 51; d(6) r(4,3) r(14,4) a(3,7)
39; 23, 51; d(3) r(6,5) r(8,12) r(1,8)
40; 23; d(6) r(4,3) r(14,4) a(3,7)
41; 51; d(3) r(6,5) r(8,12) r(1,8)
42; 46, 34; a(6,15) r(3,15) d(6) r(14,16)
43; 46, 34; a(6,13) r(6,1) d(4) d(3)
44; 46; a(6,15) r(6,1) d(4) d(3)
45; 34; a(6,13) r(3,15) d(6) r(14,16)
46; 31, 5; a(9,6) r(14,5) r(6,4)
47; 31, 5; a(6,13) r(3,15) a(2,5) a(9,12) a(9,1)
48; 31; a(9,6) r(14,5) a(9,12) a(9,1)
49; 5; a(6,13) r(3,15) a(2,5) r(6,4)
50; 11; r(10,2) d(5) d(8) r(2,4)
51; 34; a(6,13) r(3,15) d(6) r(14,16)
52; 2; d(5) r(8,15)
53; 48; a(6,13) r(3,15) d(8)
54; 43, 30; d(3) r(6,5) r(1,8) d(14)
55; 43, 30; r(2,4) r(6,12) a(6,6) d(10)
56; 43; d(3) r(6,5) r(1,8) d(10)
57; 30; r(2,4) r(6,12) a(6,6) d(14)
--------------------------------------------------------------------------------
Mutation

0; r(6,14) d(4) a(2,12) d(2) a(1,6)
1; a(6,13) r(3,15) a(2,5) r(6,4) a(2,15)
2; a(10,9) r(12,2) d(6) r(10,3) d(8)
3; r(6,14) d(4) a(2,12) d(2) d(10)
4; a(6,13) r(3,15) d(6) r(8,2) d(2)
5; a(6,15) d(14) d(6) d(4) r(3,4)
6; d(3) r(6,5) r(1,8) r(14,4) a(4,15)
7; a(6,13) r(3,15) d(6) d(10) r(2,1)
8; d(3) r(6,5) r(1,8) d(10) a(4,12)
9; a(6,13) r(3,15) d(6) r(14,4) d(12)
10; d(6) r(4,3) r(14,4) a(3,7) r(9,14)
11; r(2,4) d(10) a(12,3) r(6,16) r(5,15)
12; a(6,15) r(6,1) d(4) d(3) a(14,14)
13; a(6,13) r(3,15) a(2,5) d(2) d(12) a(6,4) d(5)
14; r(2,4) r(6,12) a(9,12) a(9,5) r(8,15) a(5,14)
15; d(5) r(2,14)
16; r(2,4) r(6,12) a(9,12) a(9,5) a(4,5)
17; d(5) r(8,15) d(2)
18; a(9,6) r(14,5) a(9,12) a(9,1) r(6,12) a(9,12) a(9,5) a(12,14)
19; r(2,4) d(6)
20; a(9,6) r(14,5) a(9,12) a(9,1) r(6,2)
21; r(2,4) r(6,12) a(9,12) a(9,5) d(9)
22; r(2,4) r(6,12) a(9,12) r(1,5) r(9,12)
23; r(2,4) r(6,12) a(9,12) a(5,16) d(12)
24; d(3) r(6,5) r(8,12) d(6) d(5) d(4)
25; a(10,9) r(12,2) d(6) d(2) r(8,16)
26; d(6) r(6,12) a(9,12) d(9) a(2,5) d(2) d(12) a(6,4) a(5,3)
27; a(6,13) r(3,15) r(5,10)
28; d(6) r(6,12) a(9,12) d(9) r(1,15)
29; a(6,13) r(3,15) a(2,5) d(2) d(12) a(6,4) d(6)
30; a(10,9) r(12,2) d(3) d(8) d(6)
31; r(6,14) d(4) d(6) d(2) d(12)
32; a(10,9) r(12,2) d(6) d(2) a(9,12)
33; r(6,14) d(4) d(3) d(8) r(5,6)
34; a(6,15) r(6,1) d(4) d(3) d(9)
35; d(3) r(6,5) r(8,12) r(1,8) d(5)
36; a(10,9) r(12,2) a(3,16) d(6) d(4)
37; d(6) r(6,12) a(9,12) d(9) d(14)
38; d(6) r(4,3) r(14,4) a(3,7) a(3,4)
39; d(3) r(6,5) r(8,12) r(1,8) d(2)
40; d(6) r(4,3) r(14,4) a(3,7) d(8)
41; d(3) r(6,5) r(8,12) r(1,8) r(4,7)
42; a(6,15) r(3,15) d(6) r(14,16) r(8,10)
43; a(6,13) r(6,1) d(4) d(3) d(2)
44; a(6,15) r(6,1) d(4) d(3) d(14)
45; a(6,13) r(3,15) d(6) r(14,16) r(5,1)
46; a(9,6) r(14,5) r(6,4) r(10,6)
47; a(6,13) r(3,15) a(2,5) a(9,12) a(9,1) a(12,2)
48; a(9,6) r(14,5) a(9,12) a(9,1) a(5,6)
49; a(6,13) r(3,15) a(2,5) r(6,4) r(8,12)
50; r(10,2) d(5) d(8) r(2,4) d(4)
51; a(6,13) r(3,15) d(6) r(14,16) d(12)
52; d(5) r(8,15) d(2)
53; a(6,13) r(3,15) d(8) r(6,16)
54; d(3) r(6,5) r(1,8) d(14) a(4,12)
55; r(2,4) r(6,12) a(6,6) d(10) r(4,16)
56; d(3) r(6,5) r(1,8) d(10) d(12)
57; r(2,4) r(6,12) a(6,6) d(14) d(3)
--------------------------------------------------------------------------------
Evaluation

0; 0.
1; 0.
2; 0.
3; 0.
4; 0.
5; 0.
6; 0.
7; 0.
8; 0.
9; 0.
10; 0.
11; 0.
12; 0.
13; 0.
14; 0.
15; 0.
16; 0.
17; 0.
18; 0.
19; 0.
20; 0.
21; 0.
22; 0.
23; 0.
24; 0.
25; 0.
26; 0.
27; 0.
28; 0.
29; 0.
30; 0.
31; 0.
32; 0.
33; 0.
34; 0.
35; 0.
36; 0.
37; 0.
38; 0.
39; 0.
40; 0.
41; 0.
42; 0.
43; 0.
44; 0.
45; 0.
46; 0.
47; 0.
48; 0.
49; 0.
50; 0.
51; 0.
52; 0.
53; 0.
54; 0.
55; 0.
56; 0.
57; 0.
================================================================================
Generation 5

--------------------------------------------------------------------------------
Selection

0; 11
1; 28
2; 43
3; 39
4; 48
5; 23
6; 17
7; 30
8; 38
9; 54
10; 22
11; 19
12; 46
13; 18
14; 36
15; 34
16; 2
17; 16
18; 5
19; 26
20; 54
21; 1
22; 4
23; 12
24; 39
25; 22
26; 24
27; 3
28; 34
29; 13
30; 38
31; 25
32; 6
33; 53
34; 34
35; 38
36; 32
37; 24
38; 15
39; 45
--------------------------------------------------------------------------------
Crossover

0; 39; d(3) r(6,5) r(8,12) r(1,8) d(2)
1; 45; a(6,13) r(3,15) d(6) r(14,16) r(5,1)
2; 22, 38; r(2,4) a(3,7) a(3,4)
3; 22, 38; d(6) r(4,3) r(14,4) r(6,12) a(9,12) r(1,5) r(9,12)
4; 22; r(2,4) r(6,12) a(9,12) r(1,5) r(9,12)
5; 38; d(6) r(4,3) r(14,4) a(3,7) a(3,4)
6; 30; a(10,9) r(12,2) d(3) d(8) d(6)
7; 23; r(2,4) r(6,12) a(9,12) a(5,16) d(12)
8; 28; d(6) r(6,12) a(9,12) d(9) r(1,15)
9; 18; a(9,6) r(14,5) a(9,12) a(9,1) r(6,12) a(9,12) a(9,5) a(12,14)
10; 25; a(10,9) r(12,2) d(6) d(2) r(8,16)
11; 34; a(6,15) r(6,1) d(4) d(3) d(9)
12; 36; a(10,9) r(12,2) a(3,16) d(6) d(4)
13; 34; a(6,15) r(6,1) d(4) d(3) d(9)
14; 4, 11; a(6,13) r(3,15) d(6) r(8,2) d(10) a(12,3) r(6,16) r(5,15)
15; 4, 11; r(2,4) d(2)
16; 4; a(6,13) r(3,15) d(6) r(8,2) d(2)
17; 11; r(2,4) d(10) a(12,3) r(6,16) r(5,15)
18; 19; r(2,4) d(6)
19; 3; r(6,14) d(4) a(2,12) d(2) d(10)
20; 24, 54; d(3) r(6,5) r(8,12) r(6,5) r(1,8) d(14) a(4,12)
21; 24, 54; d(3) d(6) d(5) d(4)
22; 24; d(3) r(6,5) r(8,12) d(6) d(5) d(4)
23; 54; d(3) r(6,5) r(1,8) d(14) a(4,12)
24; 12; a(6,15) r(6,1) d(4) d(3) a(14,14)
25; 46; a(9,6) r(14,5) r(6,4) r(10,6)
26; 17; d(5) r(8,15) d(2)
27; 43; a(6,13) r(6,1) d(4) d(3) d(2)
28; 39, 38; d(3) r(6,5) r(8,12) r(14,4) a(3,7) a(3,4)
29; 39, 38; d(6) r(4,3) r(1,8) d(2)
30; 39; d(3) r(6,5) r(8,12) r(1,8) d(2)
31; 38; d(6) r(4,3) r(14,4) a(3,7) a(3,4)
32; 26; d(6) r(6,12) a(9,12) d(9) a(2,5) d(2) d(12) a(6,4) a(5,3)
33; 13; a(6,13) r(3,15) a(2,5) d(2) d(12) a(6,4) d(5)
34; 5, 6; a(6,15) d(14)
35; 5, 6; d(3) r(6,5) r(1,8) r(14,4) a(4,15) d(6) d(4) r(3,4)
36; 5; a(6,15) d(14) d(6) d(4) r(3,4)
37; 6; d(3) r(6,5) r(1,8) r(14,4) a(4,15)
38; 34; a(6,15) r(6,1) d(4) d(3) d(9)
39; 48; a(9,6) r(14,5) a(9,12) a(9,1) a(5,6)
40; 2; a(10,9) r(12,2) d(6) r(10,3) d(8)
41; 22; r(2,4) r(6,12) a(9,12) r(1,5) r(9,12)
42; 38, 53; d(6) r(4,3) r(14,4) a(3,7) r(3,15) d(8) r(6,16)
43; 38, 53; a(6,13) a(3,4)
44; 38; d(6) r(4,3) r(14,4) a(3,7) a(3,4)
45; 53; a(6,13) r(3,15) d(8) r(6,16)
46; 32; a(10,9) r(12,2) d(6) d(2) a(9,12)
47; 15; d(5) r(2,14)
48; 1; a(6,13) r(3,15) a(2,5) r(6,4) a(2,15)
49; 24; d(3) r(6,5) r(8,12) d(6) d(5) d(4)
50; 16; r(2,4) r(6,12) a(9,12) a(9,5) a(4,5)
51; 54; d(3) r(6,5) r(1,8) d(14) a(4,12)
--------------------------------------------------------------------------------
Mutation

0; d(3) r(6,5) r(8,12) r(1,8) d(2) d(4)
1; a(6,13) r(3,15) d(6) r(14,16) r(5,1) a(12,16)
2; r(2,4) a(3,7) a(3,4) r(6,4)
3; d(6) r(4,3) r(14,4) r(6,12) a(9,12) r(1,5) r(9,12) a(2,8)
4; r(2,4) r(6,12) a(9,12) r(1,5) r(9,12) r(3,12)
5; d(6) r(4,3) r(14,4) a(3,7) a(3,4) a(10,12)
6; a(10,9) r(12,2) d(3) d(8) d(6) r(1,15)
7; r(2,4) r(6,12) a(9,12) a(5,16) d(12) a(9,3)
8; d(6) r(6,12) a(9,12) d(9) r(1,15) r(14,12)
9; a(9,6) r(14,5) a(9,12) a(9,1) r(6,12) a(9,12) a(9,5) a(12,14) a(8,4)
10; a(10,9) r(12,2) d(6) d(2) r(8,16) d(3)
11; a(6,15) r(6,1) d(4) d(3) d(9) a(12,1)
12; a(10,9) r(12,2) a(3,16) d(6) d(4) d(3)
13; a(6,15) r(6,1) d(4) d(3) d(9) r(14,9)
14; a(6,13) r(3,15) d(6) r(8,2) d(10) a(12,3) r(6,16) r(5,15) d(2)
15; r(2,4) d(2) r(6,5)
16; a(6,13) r(3,15) d(6) r(8,2) d(2) a(1,14)
17; r(2,4) d(10) a(12,3) r(6,16) r(5,15) r(3,14)
18; r(2,4) d(6) r(3,1)
19; r(6,14) d(4) a(2,12) d(2) d(10) r(5,15)
20; d(3) r(6,5) r(8,12) r(6,5) r(1,8) d(14) a(4,12) r(5,14)
21; d(3) d(6) d(5) d(4) r(1,4)
22; d(3) r(6,5) r(8,12) d(6) d(5) d(4) r(1,7)
23; d(3) r(6,5) r(1,8) d(14) a(4,12) r(10,16)
24; a(6,15) r(6,1) d(4) d(3) a(14,14) r(10,2)
25; a(9,6) r(14,5) r(6,4) r(10,6) a(2,14)
26; d(5) r(8,15) d(2) r(1,14)
27; a(6,13) r(6,1) d(4) d(3) d(2) d(14)
28; d(3) r(6,5) r(8,12) r(14,4) a(3,7) a(3,4) a(4,15)
29; d(6) r(4,3) r(1,8) d(2) r(5,10)
30; d(3) r(6,5) r(8,12) r(1,8) d(2) a(4,12)
31; d(6) r(4,3) r(14,4) a(3,7) a(3,4) d(9)
32; d(6) r(6,12) a(9,12) d(9) a(2,5) d(2) d(12) a(6,4) a(5,3) r(5,7)
33; a(6,13) r(3,15) a(2,5) d(2) d(12) a(6,4) d(5) a(9,7)
34; a(6,15) d(14) a(6,5)
35; d(3) r(6,5) r(1,8) r(14,4) a(4,15) d(6) d(4) r(3,4) a(9,10)
36; a(6,15) d(14) d(6) d(4) r(3,4) a(1,3)
37; d(3) r(6,5) r(1,8) r(14,4) a(4,15) r(10,12)
38; a(6,15) r(6,1) d(4) d(3) d(9) d(12)
39; a(9,6) r(14,5) a(9,12) a(9,1) a(5,6) d(2)
40; a(10,9) r(12,2) d(6) r(10,3) d(8) d(4)
41; r(2,4) r(6,12) a(9,12) r(1,5) r(9,12) a(14,12)
42; d(6) r(4,3) r(14,4) a(3,7) r(3,15) d(8) r(6,16) a(5,2)
43; a(6,13) a(3,4) d(2)
44; d(6) r(4,3) r(14,4) a(3,7) a(3,4) r(9,14)
45; a(6,13) r(3,15) d(8) r(6,16) a(2,8)
46; a(10,9) r(12,2) d(6) d(2) a(9,12) d(4)
47; d(5) r(2,14) d(14)
48; a(6,13) r(3,15) a(2,5) r(6,4) a(2,15) a(5,1)
49; d(3) r(6,5) r(8,12) d(6) d(5) d(4) a(1,1)
50; r(2,4) r(6,12) a(9,12) a(9,5) a(4,5) r(9,13)
51; d(3) r(6,5) r(1,8) d(14) a(4,12) d(4)
--------------------------------------------------------------------------------
Evaluation

0; 0.
1; 0.
2; 0.
3; 0.
4; 0.
5; 2.
6; 0.
7; 0.
8; 0.
9; 0.
10; 0.
11; 0.
12; 0.
13; 0.
14; 0.
15; 0.
16; 0.
17; 0.
18; 0.
19; 0.
20; 0.
21; 0.
22; 0.
23; 0.
24; 0.
25; 0.
26; 0.
27; 0.
28; 0.
29; 0.
30; 0.
31; 0.
32; 0.
33; 0.
34; 0.
35; 0.
36; 0.
37; 0.
38; 0.
39; 0.
40; 0.
41; 0.
42; 0.
43; 0.
44; 0.
45; 0.
46; 0.
47; 0.
48; 0.
49; 0.
50; 0.
51; 0.
================================================================================
Generation 6

--------------------------------------------------------------------------------
Selection

0; 24
1; 46
2; 10
3; 17
4; 50
5; 43
6; 21
7; 16
8; 15
9; 45
10; 19
11; 49
12; 25
13; 47
14; 28
15; 29
16; 8
17; 15
18; 4
19; 23
20; 33
21; 3
22; 6
23; 15
24; 22
25; 44
26; 27
27; 45
28; 19
29; 10
30; 0
31; 45
32; 33
33; 31
34; 14
35; 20
36; 44
37; 34
38; 13
39; 40
--------------------------------------------------------------------------------
Crossover

0; 50; r(2,4) r(6,12) a(9,12) a(9,5) a(4,5) r(9,13)
1; 10; a(10,9) r(12,2) d(6) d(2) r(8,16) d(3)
2; 8, 21; d(6) r(6,12) a(9,12) d(6) d(5) d(4) r(1,4)
3; 8, 21; d(3) d(9) r(1,15) r(14,12)
4; 8; d(6) r(6,12) a(9,12) d(9) r(1,15) r(14,12)
5; 21; d(3) d(6) d(5) d(4) r(1,4)
6; 24, 43; a(6,15) r(6,1) d(4)
7; 24, 43; a(6,13) a(3,4) d(2) d(3) a(14,14) r(10,2)
8; 24; a(6,15) r(6,1) d(4) d(3) a(14,14) r(10,2)
9; 43; a(6,13) a(3,4) d(2)
10; 20; d(3) r(6,5) r(8,12) r(6,5) r(1,8) d(14) a(4,12) r(5,14)
11; 3; d(6) r(4,3) r(14,4) r(6,12) a(9,12) r(1,5) r(9,12) a(2,8)
12; 25; a(9,6) r(14,5) r(6,4) r(10,6) a(2,14)
13; 10; a(10,9) r(12,2) d(6) d(2) r(8,16) d(3)
14; 44; d(6) r(4,3) r(14,4) a(3,7) a(3,4) r(9,14)
15; 15; r(2,4) d(2) r(6,5)
16; 46; a(10,9) r(12,2) d(6) d(2) a(9,12) d(4)
17; 19; r(6,14) d(4) a(2,12) d(2) d(10) r(5,15)
18; 40, 29; a(10,9) r(12,2) d(6) r(10,3) r(1,8) d(2) r(5,10)
19; 40, 29; d(6) r(4,3) d(8) d(4)
20; 40; a(10,9) r(12,2) d(6) r(10,3) d(8) d(4)
21; 29; d(6) r(4,3) r(1,8) d(2) r(5,10)
22; 33, 44; a(6,13) r(3,15) a(2,5) d(2) a(3,4) r(9,14)
23; 33, 44; d(6) r(4,3) r(14,4) a(3,7) d(12) a(6,4) d(5) a(9,7)
24; 33; a(6,13) r(3,15) a(2,5) d(2) d(12) a(6,4) d(5) a(9,7)
25; 44; d(6) r(4,3) r(14,4) a(3,7) a(3,4) r(9,14)
26; 47; d(5) r(2,14) d(14)
27; 16; a(6,13) r(3,15) d(6) r(8,2) d(2) a(1,14)
28; 13, 31; a(6,15) r(6,1) d(4) d(3) d(9)
29; 13, 31; d(6) r(4,3) r(14,4) a(3,7) a(3,4) d(9) r(14,9)
30; 13; a(6,15) r(6,1) d(4) d(3) d(9) r(14,9)
31; 31; d(6) r(4,3) r(14,4) a(3,7) a(3,4) d(9)
32; 45, 19; a(6,13) r(3,15)
33; 45, 19; r(6,14) d(4) a(2,12) d(2) d(10) r(5,15) d(8) r(6,16) a(2,8)
34; 45; a(6,13) r(3,15) d(8) r(6,16) a(2,8)
35; 19; r(6,14) d(4) a(2,12) d(2) d(10) r(5,15)
36; 22, 15; d(3) r(6,5) r(8,12) d(6) d(5) d(2) r(6,5)
37; 22, 15; r(2,4) d(4) r(1,7)
38; 22; d(3) r(6,5) r(8,12) d(6) d(5) d(4) r(1,7)
39; 15; r(2,4) d(2) r(6,5)
40; 6; a(10,9) r(12,2) d(3) d(8) d(6) r(1,15)
41; 0; d(3) r(6,5) r(8,12) r(1,8) d(2) d(4)
42; 45, 23; a(6,13) r(3,15) d(8) r(6,16) r(1,8) d(14) a(4,12) r(10,16)
43; 45, 23; d(3) r(6,5) a(2,8)
44; 45; a(6,13) r(3,15) d(8) r(6,16) a(2,8)
45; 23; d(3) r(6,5) r(1,8) d(14) a(4,12) r(10,16)
46; 33, 49; a(6,13) r(3,15) a(2,5) d(2) d(4) a(1,1)
47; 33, 49; d(3) r(6,5) r(8,12) d(6) d(5) d(12) a(6,4) d(5) a(9,7)
48; 33; a(6,13) r(3,15) a(2,5) d(2) d(12) a(6,4) d(5) a(9,7)
49; 49; d(3) r(6,5) r(8,12) d(6) d(5) d(4) a(1,1)
50; 45, 28; a(6,13) r(3,15) d(8) r(6,16) a(2,8) a(4,15)
51; 45, 28; d(3) r(6,5) r(8,12) r(14,4) a(3,7) a(3,4)
52; 45; a(6,13) r(3,15) d(8) r(6,16) a(2,8)
53; 28; d(3) r(6,5) r(8,12) r(14,4) a(3,7) a(3,4) a(4,15)
54; 27, 34; a(6,13) r(6,1) d(4) d(14) a(6,5)
55; 27, 34; a(6,15) d(3) d(2) d(14)
56; 27; a(6,13) r(6,1) d(4) d(3) d(2) d(14)
57; 34; a(6,15) d(14) a(6,5)
58; 4; r(2,4) r(6,12) a(9,12) r(1,5) r(9,12) r(3,12)
59; 15; r(2,4) d(2) r(6,5)
60; 14; a(6,13) r(3,15) d(6) r(8,2) d(10) a(12,3) r(6,16) r(5,15) d(2)
61; 17; r(2,4) d(10) a(12,3) r(6,16) r(5,15) r(3,14)
--------------------------------------------------------------------------------
Mutation

0; r(2,4) r(6,12) a(9,12) a(9,5) a(4,5) r(9,13) r(12,2)
1; a(10,9) r(12,2) d(6) d(2) r(8,16) d(3) r(4,8)
2; d(6) r(6,12) a(9,12) d(6) d(5) d(4) r(1,4) r(8,4)
3; d(3) d(9) r(1,15) r(14,12) a(4,2)
4; d(6) r(6,12) a(9,12) d(9) r(1,15) r(14,12) a(5,1)
5; d(3) d(6) d(5) d(4) r(1,4) a(14,5)
6; a(6,15) r(6,1) d(4) d(2)
7; a(6,13) a(3,4) d(2) d(3) a(14,14) r(10,2) d(8)
8; a(6,15) r(6,1) d(4) d(3) a(14,14) r(10,2) d(14)
9; a(6,13) a(3,4) d(2) d(1)
10; d(3) r(6,5) r(8,12) r(6,5) r(1,8) d(14) a(4,12) r(5,14) d(2)
11; d(6) r(4,3) r(14,4) r(6,12) a(9,12) r(1,5) r(9,12) a(2,8) r(8,14)
12; a(9,6) r(14,5) r(6,4) r(10,6) a(2,14) r(2,15)
13; a(10,9) r(12,2) d(6) d(2) r(8,16) d(3) r(4,5)
14; d(6) r(4,3) r(14,4) a(3,7) a(3,4) r(9,14) a(2,12)
15; r(2,4) d(2) r(6,5) r(14,1)
16; a(10,9) r(12,2) d(6) d(2) a(9,12) d(4) r(9,16)
17; r(6,14) d(4) a(2,12) d(2) d(10) r(5,15) r(8,3)
18; a(10,9) r(12,2) d(6) r(10,3) r(1,8) d(2) r(5,10) r(9,8)
19; d(6) r(4,3) d(8) d(4) a(2,2)
20; a(10,9) r(12,2) d(6) r(10,3) d(8) d(4) d(1)
21; d(6) r(4,3) r(1,8) d(2) r(5,10) r(9,5)
22; a(6,13) r(3,15) a(2,5) d(2) a(3,4) r(9,14) a(5,10)
23; d(6) r(4,3) r(14,4) a(3,7) d(12) a(6,4) d(5) a(9,7) d(1)
24; a(6,13) r(3,15) a(2,5) d(2) d(12) a(6,4) d(5) a(9,7) r(1,13)
25; d(6) r(4,3) r(14,4) a(3,7) a(3,4) r(9,14) r(2,1)
26; d(5) r(2,14) d(14) d(4)
27; a(6,13) r(3,15) d(6) r(8,2) d(2) a(1,14) r(5,14)
28; a(6,15) r(6,1) d(4) d(3) d(9) r(2,1)
29; d(6) r(4,3) r(14,4) a(3,7) a(3,4) d(9) r(14,9) r(5,15)
30; a(6,15) r(6,1) d(4) d(3) d(9) r(14,9) r(8,12)
31; d(6) r(4,3) r(14,4) a(3,7) a(3,4) d(9) r(3,2)
32; a(6,13) r(3,15) d(6)
33; r(6,14) d(4) a(2,12) d(2) d(10) r(5,15) d(8) r(6,16) a(2,8) r(3,5)
34; a(6,13) r(3,15) d(8) r(6,16) a(2,8) r(5,3)
35; r(6,14) d(4) a(2,12) d(2) d(10) r(5,15) a(14,5)
36; d(3) r(6,5) r(8,12) d(6) d(5) d(2) r(6,5) d(1)
37; r(2,4) d(4) r(1,7) r(6,3)
38; d(3) r(6,5) r(8,12) d(6) d(5) d(4) r(1,7) r(2,7)
39; r(2,4) d(2) r(6,5) r(8,6)
40; a(10,9) r(12,2) d(3) d(8) d(6) r(1,15) a(4,12)
41; d(3) r(6,5) r(8,12) r(1,8) d(2) d(4) a(5,7)
42; a(6,13) r(3,15) d(8) r(6,16) r(1,8) d(14) a(4,12) r(10,16) r(5,1)
43; d(3) r(6,5) a(2,8) r(10,7)
44; a(6,13) r(3,15) d(8) r(6,16) a(2,8) d(2)
45; d(3) r(6,5) r(1,8) d(14) a(4,12) r(10,16) r(8,14)
46; a(6,13) r(3,15) a(2,5) d(2) d(4) a(1,1) a(6,14)
47; d(3) r(6,5) r(8,12) d(6) d(5) d(12) a(6,4) d(5) a(9,7) d(2)
48; a(6,13) r(3,15) a(2,5) d(2) d(12) a(6,4) d(5) a(9,7) d(1)
49; d(3) r(6,5) r(8,12) d(6) d(5) d(4) a(1,1) d(2)
50; a(6,13) r(3,15) d(8) r(6,16) a(2,8) a(4,15) r(4,7)
51; d(3) r(6,5) r(8,12) r(14,4) a(3,7) a(3,4) a(5,14)
52; a(6,13) r(3,15) d(8) r(6,16) a(2,8) a(2,10)
53; d(3) r(6,5) r(8,12) r(14,4) a(3,7) a(3,4) a(4,15) a(1,8)
54; a(6,13) r(6,1) d(4) d(14) a(6,5) d(1)
55; a(6,15) d(3) d(2) d(14) r(6,3)
56; a(6,13) r(6,1) d(4) d(3) d(2) d(14) r(9,10)
57; a(6,15) d(14) a(6,5) r(6,8)
58; r(2,4) r(6,12) a(9,12) r(1,5) r(9,12) r(3,12) r(4,10)
59; r(2,4) d(2) r(6,5) d(4)
60; a(6,13) r(3,15) d(6) r(8,2) d(10) a(12,3) r(6,16) r(5,15) d(2) a(4,3)
61; r(2,4) d(10) a(12,3) r(6,16) r(5,15) r(3,14) d(12)
--------------------------------------------------------------------------------
Evaluation

0; 0.
1; 0.
2; 0.
3; 0.
4; 0.
5; 0.
6; 0.
7; 0.
8; 0.
9; 0.
10; 0.
11; 0.
12; 0.
13; 0.
14; 0.
15; 0.
16; 0.
17; 0.
18; 0.
19; 0.
20; 0.
21; 0.
22; 0.
23; 0.
24; 0.
25; 0.
26; 0.
27; 0.
28; 0.
29; 0.
30; 0.
31; 0.
32; 0.
33; 0.
34; 0.
35; 0.
36; 0.
37; 0.
38; 0.
39; 0.
40; 0.
41; 0.
42; 0.
43; 0.
44; 0.
45; 0.
46; 0.
47; 0.
48; 0.
49; 0.
50; 0.
51; 0.
52; 0.
53; 0.
54; 0.
55; 0.
56; 0.
57; 0.
58; 0.
59; 0.
60; 0.
61; 0.
================================================================================
Generation 7

--------------------------------------------------------------------------------
Selection

0; 12
1; 59
2; 13
3; 54
4; 51
5; 20
6; 24
7; 30
8; 40
9; 58
10; 49
11; 14
12; 18
13; 36
14; 39
15; 14
16; 36
17; 32
18; 30
19; 42
20; 1
21; 41
22; 51
23; 40
24; 59
25; 57
26; 13
27; 27
28; 4
29; 37
30; 25
31; 31
32; 39
33; 43
34; 55
35; 59
36; 37
37; 23
38; 25
39; 61
--------------------------------------------------------------------------------
Crossover

0; 4, 12; d(6) r(2,15)
1; 4, 12; a(9,6) r(14,5) r(6,4) r(10,6) a(2,14) r(6,12) a(9,12) d(9) r(1,15) r(14,12) a(5,1)
2; 4; d(6) r(6,12) a(9,12) d(9) r(1,15) r(14,12) a(5,1)
3; 12; a(9,6) r(14,5) r(6,4) r(10,6) a(2,14) r(2,15)
4; 30, 54; a(6,15) r(6,1) d(4) d(3) d(9) r(14,9)
5; 30, 54; a(6,13) r(6,1) d(4) d(14) a(6,5) d(1) r(8,12)
6; 30; a(6,15) r(6,1) d(4) d(3) d(9) r(14,9) r(8,12)
7; 54; a(6,13) r(6,1) d(4) d(14) a(6,5) d(1)
8; 51; d(3) r(6,5) r(8,12) r(14,4) a(3,7) a(3,4) a(5,14)
9; 32; a(6,13) r(3,15) d(6)
10; 41; d(3) r(6,5) r(8,12) r(1,8) d(2) d(4) a(5,7)
11; 18; a(10,9) r(12,2) d(6) r(10,3) r(1,8) d(2) r(5,10) r(9,8)
12; 25; d(6) r(4,3) r(14,4) a(3,7) a(3,4) r(9,14) r(2,1)
13; 39; r(2,4) d(2) r(6,5) r(8,6)
14; 59; r(2,4) d(2) r(6,5) d(4)
15; 27; a(6,13) r(3,15) d(6) r(8,2) d(2) a(1,14) r(5,14)
16; 13, 31; a(10,9) r(12,2) d(6) d(2) a(3,7) a(3,4) d(9) r(3,2)
17; 13, 31; d(6) r(4,3) r(14,4) r(8,16) d(3) r(4,5)
18; 13; a(10,9) r(12,2) d(6) d(2) r(8,16) d(3) r(4,5)
19; 31; d(6) r(4,3) r(14,4) a(3,7) a(3,4) d(9) r(3,2)
20; 55; a(6,15) d(3) d(2) d(14) r(6,3)
21; 30; a(6,15) r(6,1) d(4) d(3) d(9) r(14,9) r(8,12)
22; 24, 51; a(6,13) r(3,15) a(2,5) d(2) d(12) a(6,4) d(5) a(9,7) r(1,13) r(8,12) r(14,4) a(3,7) a(3,4) a(5,14)
23; 24, 51; d(3) r(6,5)
24; 24; a(6,13) r(3,15) a(2,5) d(2) d(12) a(6,4) d(5) a(9,7) r(1,13)
25; 51; d(3) r(6,5) r(8,12) r(14,4) a(3,7) a(3,4) a(5,14)
26; 13; a(10,9) r(12,2) d(6) d(2) r(8,16) d(3) r(4,5)
27; 49; d(3) r(6,5) r(8,12) d(6) d(5) d(4) a(1,1) d(2)
28; 61, 43; r(2,4) d(10) a(2,8) r(10,7)
29; 61, 43; d(3) r(6,5) a(12,3) r(6,16) r(5,15) r(3,14) d(12)
30; 61; r(2,4) d(10) a(12,3) r(6,16) r(5,15) r(3,14) d(12)
31; 43; d(3) r(6,5) a(2,8) r(10,7)
32; 57, 20; a(6,15) d(14) a(6,5) r(12,2) d(6) r(10,3) d(8) d(4) d(1)
33; 57, 20; a(10,9) r(6,8)
34; 57; a(6,15) d(14) a(6,5) r(6,8)
35; 20; a(10,9) r(12,2) d(6) r(10,3) d(8) d(4) d(1)
36; 14, 39; d(6) r(4,3) r(14,4) a(3,7) a(3,4) r(9,14) r(8,6)
37; 14, 39; r(2,4) d(2) r(6,5) a(2,12)
38; 14; d(6) r(4,3) r(14,4) a(3,7) a(3,4) r(9,14) a(2,12)
39; 39; r(2,4) d(2) r(6,5) r(8,6)
40; 59; r(2,4) d(2) r(6,5) d(4)
41; 37; r(2,4) d(4) r(1,7) r(6,3)
42; 25, 59; d(6) r(4,3) r(14,4) a(3,7) a(3,4) r(9,14) d(2) r(6,5) d(4)
43; 25, 59; r(2,4) r(2,1)
44; 25; d(6) r(4,3) r(14,4) a(3,7) a(3,4) r(9,14) r(2,1)
45; 59; r(2,4) d(2) r(6,5) d(4)
46; 42; a(6,13) r(3,15) d(8) r(6,16) r(1,8) d(14) a(4,12) r(10,16) r(5,1)
47; 36; d(3) r(6,5) r(8,12) d(6) d(5) d(2) r(6,5) d(1)
48; 1; a(10,9) r(12,2) d(6) d(2) r(8,16) d(3) r(4,8)
49; 40; a(10,9) r(12,2) d(3) d(8) d(6) r(1,15) a(4,12)
50; 37, 14; r(2,4) d(4) r(9,14) a(2,12)
51; 37, 14; d(6) r(4,3) r(14,4) a(3,7) a(3,4) r(1,7) r(6,3)
52; 37; r(2,4) d(4) r(1,7) r(6,3)
53; 14; d(6) r(4,3) r(14,4) a(3,7) a(3,4) r(9,14) a(2,12)
54; 36, 23; d(3) r(6,5) r(8,12) d(6) d(5) d(2) r(6,5) d(1) d(12) a(6,4) d(5) a(9,7) d(1)
55; 36, 23; d(6) r(4,3) r(14,4) a(3,7)
56; 36; d(3) r(6,5) r(8,12) d(6) d(5) d(2) r(6,5) d(1)
57; 23; d(6) r(4,3) r(14,4) a(3,7) d(12) a(6,4) d(5) a(9,7) d(1)
58; 58; r(2,4) r(6,12) a(9,12) r(1,5) r(9,12) r(3,12) r(4,10)
59; 40; a(10,9) r(12,2) d(3) d(8) d(6) r(1,15) a(4,12)
--------------------------------------------------------------------------------
Mutation

0; d(6) r(2,15) a(3,15)
1; a(9,6) r(14,5) r(6,4) r(10,6) a(2,14) r(6,12) a(9,12) d(9) r(1,15) r(14,12) a(5,1) a(4,4)
2; d(6) r(6,12) a(9,12) d(9) r(1,15) r(14,12) a(5,1) r(3,13)
3; a(9,6) r(14,5) r(6,4) r(10,6) a(2,14) r(2,15) d(5)
4; a(6,15) r(6,1) d(4) d(3) d(9) r(14,9) d(5)
5; a(6,13) r(6,1) d(4) d(14) a(6,5) d(1) r(8,12) d(3)
6; a(6,15) r(6,1) d(4) d(3) d(9) r(14,9) r(8,12) d(5)
7; a(6,13) r(6,1) d(4) d(14) a(6,5) d(1) a(12,9)
8; d(3) r(6,5) r(8,12) r(14,4) a(3,7) a(3,4) a(5,14) r(5,1)
9; a(6,13) r(3,15) d(6) d(8)
10; d(3) r(6,5) r(8,12) r(1,8) d(2) d(4) a(5,7) d(5)
11; a(10,9) r(12,2) d(6) r(10,3) r(1,8) d(2) r(5,10) r(9,8) r(4,1)
12; d(6) r(4,3) r(14,4) a(3,7) a(3,4) r(9,14) r(2,1) a(8,16)
13; r(2,4) d(2) r(6,5) r(8,6) r(3,6)
14; r(2,4) d(2) r(6,5) d(4) a(12,9)
15; a(6,13) r(3,15) d(6) r(8,2) d(2) a(1,14) r(5,14) r(1,6)
16; a(10,9) r(12,2) d(6) d(2) a(3,7) a(3,4) d(9) r(3,2) a(4,6)
17; d(6) r(4,3) r(14,4) r(8,16) d(3) r(4,5) r(1,2)
18; a(10,9) r(12,2) d(6) d(2) r(8,16) d(3) r(4,5) a(1,7)
19; d(6) r(4,3) r(14,4) a(3,7) a(3,4) d(9) r(3,2) d(5)
20; a(6,15) d(3) d(2) d(14) r(6,3) d(9)
21; a(6,15) r(6,1) d(4) d(3) d(9) r(14,9) r(8,12) a(1,10)
22; a(6,13) r(3,15) a(2,5) d(2) d(12) a(6,4) d(5) a(9,7) r(1,13) r(8,12) r(14,4) a(3,7) a(3,4) a(5,14) d(4)
23; d(3) r(6,5) r(2,14)
24; a(6,13) r(3,15) a(2,5) d(2) d(12) a(6,4) d(5) a(9,7) r(1,13) r(10,2)
25; d(3) r(6,5) r(8,12) r(14,4) a(3,7) a(3,4) a(5,14) a(2,2)
26; a(10,9) r(12,2) d(6) d(2) r(8,16) d(3) r(4,5) r(1,6)
27; d(3) r(6,5) r(8,12) d(6) d(5) d(4) a(1,1) d(2) a(1,10)
28; r(2,4) d(10) a(2,8) r(10,7) d(6)
29; d(3) r(6,5) a(12,3) r(6,16) r(5,15) r(3,14) d(12) d(1)
30; r(2,4) d(10) a(12,3) r(6,16) r(5,15) r(3,14) d(12) r(4,16)
31; d(3) r(6,5) a(2,8) r(10,7) r(4,8)
32; a(6,15) d(14) a(6,5) r(12,2) d(6) r(10,3) d(8) d(4) d(1) r(2,16)
33; a(10,9) r(6,8) d(2)
34; a(6,15) d(14) a(6,5) r(6,8) d(3)
35; a(10,9) r(12,2) d(6) r(10,3) d(8) d(4) d(1) d(3)
36; d(6) r(4,3) r(14,4) a(3,7) a(3,4) r(9,14) r(8,6) d(3)
37; r(2,4) d(2) r(6,5) a(2,12) d(9)
38; d(6) r(4,3) r(14,4) a(3,7) a(3,4) r(9,14) a(2,12) d(2)
39; r(2,4) d(2) r(6,5) r(8,6) r(4,7)
40; r(2,4) d(2) r(6,5) d(4) r(10,12)
41; r(2,4) d(4) r(1,7) r(6,3) r(10,2)
42; d(6) r(4,3) r(14,4) a(3,7) a(3,4) r(9,14) d(2) r(6,5) d(4) r(8,13)
43; r(2,4) r(2,1) r(6,10)
44; d(6) r(4,3) r(14,4) a(3,7) a(3,4) r(9,14) r(2,1) r(8,3)
45; r(2,4) d(2) r(6,5) d(4) r(3,4)
46; a(6,13) r(3,15) d(8) r(6,16) r(1,8) d(14) a(4,12) r(10,16) r(5,1) r(4,15)
47; d(3) r(6,5) r(8,12) d(6) d(5) d(2) r(6,5) d(1) a(4,13)
48; a(10,9) r(12,2) d(6) d(2) r(8,16) d(3) r(4,8) r(1,13)
49; a(10,9) r(12,2) d(3) d(8) d(6) r(1,15) a(4,12) d(5)
50; r(2,4) d(4) r(9,14) a(2,12) a(8,12)
51; d(6) r(4,3) r(14,4) a(3,7) a(3,4) r(1,7) r(6,3) a(2,7)
52; r(2,4) d(4) r(1,7) r(6,3) r(9,15)
53; d(6) r(4,3) r(14,4) a(3,7) a(3,4) r(9,14) a(2,12) a(5,5)
54; d(3) r(6,5) r(8,12) d(6) d(5) d(2) r(6,5) d(1) d(12) a(6,4) d(5) a(9,7) d(1) d(4)
55; d(6) r(4,3) r(14,4) a(3,7) d(8)
56; d(3) r(6,5) r(8,12) d(6) d(5) d(2) r(6,5) d(1) d(4)
57; d(6) r(4,3) r(14,4) a(3,7) d(12) a(6,4) d(5) a(9,7) d(1) d(9)
58; r(2,4) r(6,12) a(9,12) r(1,5) r(9,12) r(3,12) r(4,10) r(8,10)
59; a(10,9) r(12,2) d(3) d(8) d(6) r(1,15) a(4,12) a(4,5)
--------------------------------------------------------------------------------
Evaluation

0; 0.
1; 0.
2; 0.
3; 0.
4; 0.
5; 0.
6; 0.
7; 0.
8; 0.
9; 0.
10; 0.
11; 0.
12; 0.
13; 0.
14; 0.
15; 0.
16; 0.
17; 0.
18; 0.
19; 0.
20; 0.
21; 0.
22; 0.
23; 0.
24; 0.
25; 0.
26; 0.
27; 0.
28; 0.
29; 0.
30; 0.
31; 0.
32; 0.
33; 0.
34; 0.
35; 0.
36; 0.
37; 0.
38; 0.
39; 0.
40; 0.
41; 0.
42; 0.
43; 0.
44; 0.
45; 0.
46; 0.
47; 0.
48; 0.
49; 0.
50; 0.
51; 0.
52; 0.
53; 0.
54; 0.
55; 0.
56; 0.
57; 0.
58; 0.
59; 0.
================================================================================
Generation 8

--------------------------------------------------------------------------------
Selection

0; 30
1; 27
2; 43
3; 38
4; 41
5; 1
6; 13
7; 31
8; 24
9; 3
10; 26
11; 0
12; 39
13; 56
14; 32
15; 22
16; 48
17; 38
18; 14
19; 18
20; 38
21; 19
22; 43
23; 18
24; 50
25; 48
26; 39
27; 24
28; 39
29; 31
30; 51
31; 17
32; 0
33; 46
34; 57
35; 19
36; 58
37; 53
38; 12
39; 25
--------------------------------------------------------------------------------
Crossover

0; 17; d(6) r(4,3) r(14,4) r(8,16) d(3) r(4,5) r(1,2)
1; 32; a(6,15) d(14) a(6,5) r(12,2) d(6) r(10,3) d(8) d(4) d(1) r(2,16)
2; 31, 18; d(3) r(6,5) a(2,8) r(10,7) r(4,8) r(4,5) a(1,7)
3; 31, 18; a(10,9) r(12,2) d(6) d(2) r(8,16) d(3)
4; 31; d(3) r(6,5) a(2,8) r(10,7) r(4,8)
5; 18; a(10,9) r(12,2) d(6) d(2) r(8,16) d(3) r(4,5) a(1,7)
6; 56; d(3) r(6,5) r(8,12) d(6) d(5) d(2) r(6,5) d(1) d(4)
7; 43; r(2,4) r(2,1) r(6,10)
8; 58; r(2,4) r(6,12) a(9,12) r(1,5) r(9,12) r(3,12) r(4,10) r(8,10)
9; 25; d(3) r(6,5) r(8,12) r(14,4) a(3,7) a(3,4) a(5,14) a(2,2)
10; 22; a(6,13) r(3,15) a(2,5) d(2) d(12) a(6,4) d(5) a(9,7) r(1,13) r(8,12) r(14,4) a(3,7) a(3,4) a(5,14) d(4)
11; 0; d(6) r(2,15) a(3,15)
12; 0, 38; d(6) r(2,15) a(2,12) d(2)
13; 0, 38; d(6) r(4,3) r(14,4) a(3,7) a(3,4) r(9,14) a(3,15)
14; 0; d(6) r(2,15) a(3,15)
15; 38; d(6) r(4,3) r(14,4) a(3,7) a(3,4) r(9,14) a(2,12) d(2)
16; 53; d(6) r(4,3) r(14,4) a(3,7) a(3,4) r(9,14) a(2,12) a(5,5)
17; 24; a(6,13) r(3,15) a(2,5) d(2) d(12) a(6,4) d(5) a(9,7) r(1,13) r(10,2)
18; 31; d(3) r(6,5) a(2,8) r(10,7) r(4,8)
19; 12; d(6) r(4,3) r(14,4) a(3,7) a(3,4) r(9,14) r(2,1) a(8,16)
20; 51, 50; d(6) a(2,12) a(8,12)
21; 51, 50; r(2,4) d(4) r(9,14) r(4,3) r(14,4) a(3,7) a(3,4) r(1,7) r(6,3) a(2,7)
22; 51; d(6) r(4,3) r(14,4) a(3,7) a(3,4) r(1,7) r(6,3) a(2,7)
23; 50; r(2,4) d(4) r(9,14) a(2,12) a(8,12)
24; 38, 39; d(6) r(4,7)
25; 38, 39; r(2,4) d(2) r(6,5) r(8,6) r(4,3) r(14,4) a(3,7) a(3,4) r(9,14) a(2,12) d(2)
26; 38; d(6) r(4,3) r(14,4) a(3,7) a(3,4) r(9,14) a(2,12) d(2)
27; 39; r(2,4) d(2) r(6,5) r(8,6) r(4,7)
28; 30; r(2,4) d(10) a(12,3) r(6,16) r(5,15) r(3,14) d(12) r(4,16)
29; 13; r(2,4) d(2) r(6,5) r(8,6) r(3,6)
30; 48, 14; a(10,9) r(12,2) r(6,5) d(4) a(12,9)
31; 48, 14; r(2,4) d(2) d(6) d(2) r(8,16) d(3) r(4,8) r(1,13)
32; 48; a(10,9) r(12,2) d(6) d(2) r(8,16) d(3) r(4,8) r(1,13)
33; 14; r(2,4) d(2) r(6,5) d(4) a(12,9)
34; 27, 39; d(3) r(6,5) r(8,12) d(6) r(4,7)
35; 27, 39; r(2,4) d(2) r(6,5) r(8,6) d(5) d(4) a(1,1) d(2) a(1,10)
36; 27; d(3) r(6,5) r(8,12) d(6) d(5) d(4) a(1,1) d(2) a(1,10)
37; 39; r(2,4) d(2) r(6,5) r(8,6) r(4,7)
38; 46, 57; a(6,13) r(3,15) d(8) r(6,16) r(1,8) d(14) a(4,12) r(10,16) a(3,7) d(12) a(6,4) d(5) a(9,7) d(1) d(9)
39; 46, 57; d(6) r(4,3) r(14,4) r(5,1) r(4,15)
40; 46; a(6,13) r(3,15) d(8) r(6,16) r(1,8) d(14) a(4,12) r(10,16) r(5,1) r(4,15)
41; 57; d(6) r(4,3) r(14,4) a(3,7) d(12) a(6,4) d(5) a(9,7) d(1) d(9)
42; 19; d(6) r(4,3) r(14,4) a(3,7) a(3,4) d(9) r(3,2) d(5)
43; 43; r(2,4) r(2,1) r(6,10)
44; 48, 19; a(10,9) r(12,2) d(6) d(2) r(8,16) a(3,7) a(3,4) d(9) r(3,2) d(5)
45; 48, 19; d(6) r(4,3) r(14,4) d(3) r(4,8) r(1,13)
46; 48; a(10,9) r(12,2) d(6) d(2) r(8,16) d(3) r(4,8) r(1,13)
47; 19; d(6) r(4,3) r(14,4) a(3,7) a(3,4) d(9) r(3,2) d(5)
48; 39; r(2,4) d(2) r(6,5) r(8,6) r(4,7)
49; 41; r(2,4) d(4) r(1,7) r(6,3) r(10,2)
50; 18, 24; a(10,9) r(12,2) d(6) d(2) r(8,16) d(3) r(4,5) a(1,7) r(1,13) r(10,2)
51; 18, 24; a(6,13) r(3,15) a(2,5) d(2) d(12) a(6,4) d(5) a(9,7)
52; 18; a(10,9) r(12,2) d(6) d(2) r(8,16) d(3) r(4,5) a(1,7)
53; 24; a(6,13) r(3,15) a(2,5) d(2) d(12) a(6,4) d(5) a(9,7) r(1,13) r(10,2)
54; 1; a(9,6) r(14,5) r(6,4) r(10,6) a(2,14) r(6,12) a(9,12) d(9) r(1,15) r(14,12) a(5,1) a(4,4)
55; 38; d(6) r(4,3) r(14,4) a(3,7) a(3,4) r(9,14) a(2,12) d(2)
56; 26; a(10,9) r(12,2) d(6) d(2) r(8,16) d(3) r(4,5) r(1,6)
57; 3; a(9,6) r(14,5) r(6,4) r(10,6) a(2,14) r(2,15) d(5)
--------------------------------------------------------------------------------
Mutation

0; d(6) r(4,3) r(14,4) r(8,16) d(3) r(4,5) r(1,2) d(5)
1; a(6,15) d(14) a(6,5) r(12,2) d(6) r(10,3) d(8) d(4) d(1) r(2,16) r(5,12)
2; d(3) r(6,5) a(2,8) r(10,7) r(4,8) r(4,5) a(1,7) r(12,2)
3; a(10,9) r(12,2) d(6) d(2) r(8,16) d(3) r(5,16)
4; d(3) r(6,5) a(2,8) r(10,7) r(4,8) r(8,10)
5; a(10,9) r(12,2) d(6) d(2) r(8,16) d(3) r(4,5) a(1,7) d(5)
6; d(3) r(6,5) r(8,12) d(6) d(5) d(2) r(6,5) d(1) d(4)
7; r(2,4) r(2,1) r(6,10) r(14,8)
8; r(2,4) r(6,12) a(9,12) r(1,5) r(9,12) r(3,12) r(4,10) r(8,10) d(5)
9; d(3) r(6,5) r(8,12) r(14,4) a(3,7) a(3,4) a(5,14) a(2,2) d(5)
10; a(6,13) r(3,15) a(2,5) d(2) d(12) a(6,4) d(5) a(9,7) r(1,13) r(8,12) r(14,4) a(3,7) a(3,4) a(5,14) d(4)
11; d(6) r(2,15) a(3,15) r(8,13)
12; d(6) r(2,15) a(2,12) d(2) d(3)
13; d(6) r(4,3) r(14,4) a(3,7) a(3,4) r(9,14) a(3,15) d(12)
14; d(6) r(2,15) a(3,15) d(3)
15; d(6) r(4,3) r(14,4) a(3,7) a(3,4) r(9,14) a(2,12) d(2) r(1,16)
16; d(6) r(4,3) r(14,4) a(3,7) a(3,4) r(9,14) a(2,12) a(5,5) r(2,10)
17; a(6,13) r(3,15) a(2,5) d(2) d(12) a(6,4) d(5) a(9,7) r(1,13) r(10,2) d(9)
18; d(3) r(6,5) a(2,8) r(10,7) r(4,8) r(14,8)
19; d(6) r(4,3) r(14,4) a(3,7) a(3,4) r(9,14) r(2,1) a(8,16) d(1)
20; d(6) a(2,12) a(8,12) a(3,16)
21; r(2,4) d(4) r(9,14) r(4,3) r(14,4) a(3,7) a(3,4) r(1,7) r(6,3) a(2,7) r(5,4)
22; d(6) r(4,3) r(14,4) a(3,7) a(3,4) r(1,7) r(6,3) a(2,7) a(2,7)
23; r(2,4) d(4) r(9,14) a(2,12) a(8,12) d(6)
24; d(6) r(4,7) r(2,13)
25; r(2,4) d(2) r(6,5) r(8,6) r(4,3) r(14,4) a(3,7) a(3,4) r(9,14) a(2,12) d(2) d(5)
26; d(6) r(4,3) r(14,4) a(3,7) a(3,4) r(9,14) a(2,12) d(2) r(8,2)
27; r(2,4) d(2) r(6,5) r(8,6) r(4,7) r(3,4)
28; r(2,4) d(10) a(12,3) r(6,16) r(5,15) r(3,14) d(12) r(4,16) r(1,16)
29; r(2,4) d(2) r(6,5) r(8,6) r(3,6) d(4)
30; a(10,9) r(12,2) r(6,5) d(4) a(12,9) r(5,2)
31; r(2,4) d(2) d(6) d(2) r(8,16) d(3) r(4,8) r(1,13) r(5,4)
32; a(10,9) r(12,2) d(6) d(2) r(8,16) d(3) r(4,8) r(1,13) r(5,10)
33; r(2,4) d(2) r(6,5) d(4) a(12,9) r(3,6)
34; d(3) r(6,5) r(8,12) d(6) r(4,7) a(1,1)
35; r(2,4) d(2) r(6,5) r(8,6) d(5) d(4) a(1,1) d(2) a(1,10) r(3,8)
36; d(3) r(6,5) r(8,12) d(6) d(5) d(4) a(1,1) d(2) a(1,10) r(1,8)
37; r(2,4) d(2) r(6,5) r(8,6) r(4,7) d(3)
38; a(6,13) r(3,15) d(8) r(6,16) r(1,8) d(14) a(4,12) r(10,16) a(3,7) d(12) a(6,4) d(5) a(9,7) d(1) d(9) a(4,5)
39; d(6) r(4,3) r(14,4) r(5,1) r(4,15) d(1)
40; a(6,13) r(3,15) d(8) r(6,16) r(1,8) d(14) a(4,12) r(10,16) r(5,1) r(4,15) r(2,3)
41; d(6) r(4,3) r(14,4) a(3,7) d(12) a(6,4) d(5) a(9,7) d(1) d(9) r(8,4)
42; d(6) r(4,3) r(14,4) a(3,7) a(3,4) d(9) r(3,2) d(5) a(8,16)
43; r(2,4) r(2,1) r(6,10) d(9)
44; a(10,9) r(12,2) d(6) d(2) r(8,16) a(3,7) a(3,4) d(9) r(3,2) d(5) a(4,13)
45; d(6) r(4,3) r(14,4) d(3) r(4,8) r(1,13) r(10,6)
46; a(10,9) r(12,2) d(6) d(2) r(8,16) d(3) r(4,8) r(1,13) a(5,6)
47; d(6) r(4,3) r(14,4) a(3,7) a(3,4) d(9) r(3,2) d(5) d(2)
48; r(2,4) d(2) r(6,5) r(8,6) r(4,7) r(1,8)
49; r(2,4) d(4) r(1,7) r(6,3) r(10,2) d(5)
50; a(10,9) r(12,2) d(6) d(2) r(8,16) d(3) r(4,5) a(1,7) r(1,13) r(10,2) a(5,16)
51; a(6,13) r(3,15) a(2,5) d(2) d(12) a(6,4) d(5) a(9,7) a(10,16)
52; a(10,9) r(12,2) d(6) d(2) r(8,16) d(3) r(4,5) a(1,7) d(1)
53; a(6,13) r(3,15) a(2,5) d(2) d(12) a(6,4) d(5) a(9,7) r(1,13) r(10,2) a(8,5)
54; a(9,6) r(14,5) r(6,4) r(10,6) a(2,14) r(6,12) a(9,12) d(9) r(1,15) r(14,12) a(5,1) a(4,4) a(12,10)
55; d(6) r(4,3) r(14,4) a(3,7) a(3,4) r(9,14) a(2,12) d(2) a(5,16)
56; a(10,9) r(12,2) d(6) d(2) r(8,16) d(3) r(4,5) r(1,6) r(5,8)
57; a(9,6) r(14,5) r(6,4) r(10,6) a(2,14) r(2,15) d(5) a(9,5)
--------------------------------------------------------------------------------
Evaluation

0; 0.
1; 0.
2; 0.
3; 0.
4; 0.
5; 0.
6; 0.
7; 0.
8; 0.
9; 0.
10; 0.
11; 0.
12; 0.
13; 0.
14; 0.
15; 0.
16; 0.
17; 0.
18; 0.
19; 0.
20; 0.
21; 0.
22; 0.
23; 0.
24; 0.
25; 0.
26; 0.
27; 0.
28; 0.
29; 0.
30; 0.
31; 0.
32; 0.
33; 0.
34; 0.
35; 0.
36; 0.
37; 0.
38; 0.
39; 0.
40; 0.
41; 0.
42; 0.
43; 0.
44; 0.
45; 0.
46; 0.
47; 0.
48; 0.
49; 0.
50; 0.
51; 0.
52; 0.
53; 0.
54; 0.
55; 0.
56; 0.
57; 0.
================================================================================
Generation 9

--------------------------------------------------------------------------------
Selection

0; 14
1; 43
2; 3
3; 43
4; 6
5; 22
6; 8
7; 38
8; 2
9; 44
10; 45
11; 34
12; 43
13; 0
14; 7
15; 49
16; 7
17; 17
18; 36
19; 5
20; 43
21; 33
22; 46
23; 25
24; 41
25; 3
26; 16
27; 8
28; 40
29; 50
30; 23
31; 50
32; 52
33; 44
34; 15
35; 5
36; 15
37; 30
38; 27
39; 44
--------------------------------------------------------------------------------
Crossover

0; 3; a(10,9) r(12,2) d(6) d(2) r(8,16) d(3) r(5,16)
1; 38; a(6,13) r(3,15) d(8) r(6,16) r(1,8) d(14) a(4,12) r(10,16) a(3,7) d(12) a(6,4) d(5) a(9,7) d(1) d(9) a(4,5)
2; 50; a(10,9) r(12,2) d(6) d(2) r(8,16) d(3) r(4,5) a(1,7) r(1,13) r(10,2) a(5,16)
3; 0; d(6) r(4,3) r(14,4) r(8,16) d(3) r(4,5) r(1,2) d(5)
4; 33; r(2,4) d(2) r(6,5) d(4) a(12,9) r(3,6)
5; 43; r(2,4) r(2,1) r(6,10) d(9)
6; 17, 52; a(6,13) r(3,15) a(2,5) d(2) d(12)
7; 17, 52; a(10,9) r(12,2) d(6) d(2) r(8,16) d(3) r(4,5) a(1,7) d(1) a(6,4) d(5) a(9,7) r(1,13) r(10,2) d(9)
8; 17; a(6,13) r(3,15) a(2,5) d(2) d(12) a(6,4) d(5) a(9,7) r(1,13) r(10,2) d(9)
9; 52; a(10,9) r(12,2) d(6) d(2) r(8,16) d(3) r(4,5) a(1,7) d(1)
10; 25, 40; r(2,4) d(2) r(6,5) r(8,6) r(4,3) r(14,4) a(3,7) a(3,4) r(9,14) a(2,12) d(2) d(5) a(4,12) r(10,16) r(5,1) r(4,15) r(2,3)
11; 25, 40; a(6,13) r(3,15) d(8) r(6,16) r(1,8) d(14)
12; 25; r(2,4) d(2) r(6,5) r(8,6) r(4,3) r(14,4) a(3,7) a(3,4) r(9,14) a(2,12) d(2) d(5)
13; 40; a(6,13) r(3,15) d(8) r(6,16) r(1,8) d(14) a(4,12) r(10,16) r(5,1) r(4,15) r(2,3)
14; 46, 22; a(10,9) r(12,2) d(6) d(2) r(8,16) d(3) r(4,8) r(1,13) a(5,6) r(4,3) r(14,4) a(3,7) a(3,4) r(1,7) r(6,3) a(2,7) a(2,7)
15; 46, 22; d(6)
16; 46; a(10,9) r(12,2) d(6) d(2) r(8,16) d(3) r(4,8) r(1,13) a(5,6)
17; 22; d(6) r(4,3) r(14,4) a(3,7) a(3,4) r(1,7) r(6,3) a(2,7) a(2,7)
18; 23; r(2,4) d(4) r(9,14) a(2,12) a(8,12) d(6)
19; 16; d(6) r(4,3) r(14,4) a(3,7) a(3,4) r(9,14) a(2,12) a(5,5) r(2,10)
20; 44; a(10,9) r(12,2) d(6) d(2) r(8,16) a(3,7) a(3,4) d(9) r(3,2) d(5) a(4,13)
21; 14; d(6) r(2,15) a(3,15) d(3)
22; 43, 41; r(2,4) r(2,1) r(6,10) r(14,4) a(3,7) d(12) a(6,4) d(5) a(9,7) d(1) d(9) r(8,4)
23; 43, 41; d(6) r(4,3) d(9)
24; 43; r(2,4) r(2,1) r(6,10) d(9)
25; 41; d(6) r(4,3) r(14,4) a(3,7) d(12) a(6,4) d(5) a(9,7) d(1) d(9) r(8,4)
26; 8; r(2,4) r(6,12) a(9,12) r(1,5) r(9,12) r(3,12) r(4,10) r(8,10) d(5)
27; 43; r(2,4) r(2,1) r(6,10) d(9)
28; 2; d(3) r(6,5) a(2,8) r(10,7) r(4,8) r(4,5) a(1,7) r(12,2)
29; 49; r(2,4) d(4) r(1,7) r(6,3) r(10,2) d(5)
30; 15, 8; d(6) r(4,3) r(14,4) a(3,7) a(3,4) a(9,12) r(1,5) r(9,12) r(3,12) r(4,10) r(8,10) d(5)
31; 15, 8; r(2,4) r(6,12) r(9,14) a(2,12) d(2) r(1,16)
32; 15; d(6) r(4,3) r(14,4) a(3,7) a(3,4) r(9,14) a(2,12) d(2) r(1,16)
33; 8; r(2,4) r(6,12) a(9,12) r(1,5) r(9,12) r(3,12) r(4,10) r(8,10) d(5)
34; 45, 36; d(6) r(4,3) r(14,4) d(3) r(4,8) r(1,13) r(10,6) a(1,10) r(1,8)
35; 45, 36; d(3) r(6,5) r(8,12) d(6) d(5) d(4) a(1,1) d(2)
36; 45; d(6) r(4,3) r(14,4) d(3) r(4,8) r(1,13) r(10,6)
37; 36; d(3) r(6,5) r(8,12) d(6) d(5) d(4) a(1,1) d(2) a(1,10) r(1,8)
38; 44; a(10,9) r(12,2) d(6) d(2) r(8,16) a(3,7) a(3,4) d(9) r(3,2) d(5) a(4,13)
39; 30; a(10,9) r(12,2) r(6,5) d(4) a(12,9) r(5,2)
40; 27, 6; r(2,4) d(2) r(6,5) r(8,6) d(5) d(2) r(6,5) d(1) d(4)
41; 27, 6; d(3) r(6,5) r(8,12) d(6) r(4,7) r(3,4)
42; 27; r(2,4) d(2) r(6,5) r(8,6) r(4,7) r(3,4)
43; 6; d(3) r(6,5) r(8,12) d(6) d(5) d(2) r(6,5) d(1) d(4)
44; 5, 7; a(10,9) r(12,2) d(6) d(2) r(8,16) d(3)
45; 5, 7; r(2,4) r(2,1) r(6,10) r(14,8) r(4,5) a(1,7) d(5)
46; 5; a(10,9) r(12,2) d(6) d(2) r(8,16) d(3) r(4,5) a(1,7) d(5)
47; 7; r(2,4) r(2,1) r(6,10) r(14,8)
48; 43, 50; r(2,4) r(2,1) r(4,5) a(1,7) r(1,13) r(10,2) a(5,16)
49; 43, 50; a(10,9) r(12,2) d(6) d(2) r(8,16) d(3) r(6,10) d(9)
50; 43; r(2,4) r(2,1) r(6,10) d(9)
51; 50; a(10,9) r(12,2) d(6) d(2) r(8,16) d(3) r(4,5) a(1,7) r(1,13) r(10,2) a(5,16)
52; 3, 7; a(10,9) r(12,2) d(6) d(2) r(8,16) d(3) r(5,16)
53; 3, 7; r(2,4) r(2,1) r(6,10) r(14,8)
54; 3; a(10,9) r(12,2) d(6) d(2) r(8,16) d(3) r(5,16)
55; 7; r(2,4) r(2,1) r(6,10) r(14,8)
56; 44, 34; a(10,9) r(12,2) d(6) d(2) r(8,16) a(3,7) a(3,4) d(9) r(3,2) d(5) a(4,13)
57; 44, 34; d(3) r(6,5) r(8,12) d(6) r(4,7) a(1,1)
58; 44; a(10,9) r(12,2) d(6) d(2) r(8,16) a(3,7) a(3,4) d(9) r(3,2) d(5) a(4,13)
59; 34; d(3) r(6,5) r(8,12) d(6) r(4,7) a(1,1)
60; 15, 5; d(6) r(4,3) d(5)
61; 15, 5; a(10,9) r(12,2) d(6) d(2) r(8,16) d(3) r(4,5) a(1,7) r(14,4) a(3,7) a(3,4) r(9,14) a(2,12) d(2) r(1,16)
62; 15; d(6) r(4,3) r(14,4) a(3,7) a(3,4) r(9,14) a(2,12) d(2) r(1,16)
63; 5; a(10,9) r(12,2) d(6) d(2) r(8,16) d(3) r(4,5) a(1,7) d(5)
--------------------------------------------------------------------------------
Mutation

0; a(10,9) r(12,2) d(6) d(2) r(8,16) d(3) r(5,16) d(1)
1; a(6,13) r(3,15) d(8) r(6,16) r(1,8) d(14) a(4,12) r(10,16) a(3,7) d(12) a(6,4) d(5) a(9,7) d(1) d(9) a(4,5) d(4)
2; a(10,9) r(12,2) d(6) d(2) r(8,16) d(3) r(4,5) a(1,7) r(1,13) r(10,2) a(5,16) d(5)
3; d(6) r(4,3) r(14,4) r(8,16) d(3) r(4,5) r(1,2) d(5) a(2,13)
4; r(2,4) d(2) r(6,5) d(4) a(12,9) r(3,6) d(5)
5; r(2,4) r(2,1) r(6,10) d(9) a(3,1)
6; a(6,13) r(3,15) a(2,5) d(2) d(12) a(6,7)
7; a(10,9) r(12,2) d(6) d(2) r(8,16) d(3) r(4,5) a(1,7) d(1) a(6,4) d(5) a(9,7) r(1,13) r(10,2) d(9)
8; a(6,13) r(3,15) a(2,5) d(2) d(12) a(6,4) d(5) a(9,7) r(1,13) r(10,2) d(9) d(8)
9; a(10,9) r(12,2) d(6) d(2) r(8,16) d(3) r(4,5) a(1,7) d(1) a(5,10)
10; r(2,4) d(2) r(6,5) r(8,6) r(4,3) r(14,4) a(3,7) a(3,4) r(9,14) a(2,12) d(2) d(5) a(4,12) r(10,16) r(5,1) r(4,15) r(2,3) a(3,5)
11; a(6,13) r(3,15) d(8) r(6,16) r(1,8) d(14) r(4,13)
12; r(2,4) d(2) r(6,5) r(8,6) r(4,3) r(14,4) a(3,7) a(3,4) r(9,14) a(2,12) d(2) d(5) r(1,4)
13; a(6,13) r(3,15) d(8) r(6,16) r(1,8) d(14) a(4,12) r(10,16) r(5,1) r(4,15) r(2,3)
14; a(10,9) r(12,2) d(6) d(2) r(8,16) d(3) r(4,8) r(1,13) a(5,6) r(4,3) r(14,4) a(3,7) a(3,4) r(1,7) r(6,3) a(2,7) a(2,7) a(5,10)
15; d(6) a(2,2)
16; a(10,9) r(12,2) d(6) d(2) r(8,16) d(3) r(4,8) r(1,13) a(5,6) a(5,14)
17; d(6) r(4,3) r(14,4) a(3,7) a(3,4) r(1,7) r(6,3) a(2,7) a(2,7) a(8,4)
18; r(2,4) d(4) r(9,14) a(2,12) a(8,12) d(6) a(5,2)
19; d(6) r(4,3) r(14,4) a(3,7) a(3,4) r(9,14) a(2,12) a(5,5) r(2,10) r(1,14)
20; a(10,9) r(12,2) d(6) d(2) r(8,16) a(3,7) a(3,4) d(9) r(3,2) d(5) a(4,13) a(4,12)
21; d(6) r(2,15) a(3,15) d(3) a(9,8)
22; r(2,4) r(2,1) r(6,10) r(14,4) a(3,7) d(12) a(6,4) d(5) a(9,7) d(1) d(9) r(8,4) a(3,10)
23; d(6) r(4,3) d(9) a(5,15)
24; r(2,4) r(2,1) r(6,10) d(9) r(12,4)
25; d(6) r(4,3) r(14,4) a(3,7) d(12) a(6,4) d(5) a(9,7) d(1) d(9) r(8,4) d(2)
26; r(2,4) r(6,12) a(9,12) r(1,5) r(9,12) r(3,12) r(4,10) r(8,10) d(5)
27; r(2,4) r(2,1) r(6,10) d(9) a(12,6)
28; d(3) r(6,5) a(2,8) r(10,7) r(4,8) r(4,5) a(1,7) r(12,2) d(1)
29; r(2,4) d(4) r(1,7) r(6,3) r(10,2) d(5) r(12,10)
30; d(6) r(4,3) r(14,4) a(3,7) a(3,4) a(9,12) r(1,5) r(9,12) r(3,12) r(4,10) r(8,10) d(5) a(2,13)
31; r(2,4) r(6,12) r(9,14) a(2,12) d(2) r(1,16) d(14)
32; d(6) r(4,3) r(14,4) a(3,7) a(3,4) r(9,14) a(2,12) d(2) r(1,16) a(5,3)
33; r(2,4) r(6,12) a(9,12) r(1,5) r(9,12) r(3,12) r(4,10) r(8,10) d(5)
34; d(6) r(4,3) r(14,4) d(3) r(4,8) r(1,13) r(10,6) a(1,10) r(1,8) r(8,4)
35; d(3) r(6,5) r(8,12) d(6) d(5) d(4) a(1,1) d(2) a(1,2)
36; d(6) r(4,3) r(14,4) d(3) r(4,8) r(1,13) r(10,6) a(9,15)
37; d(3) r(6,5) r(8,12) d(6) d(5) d(4) a(1,1) d(2) a(1,10) r(1,8)
38; a(10,9) r(12,2) d(6) d(2) r(8,16) a(3,7) a(3,4) d(9) r(3,2) d(5) a(4,13) r(4,10)
39; a(10,9) r(12,2) r(6,5) d(4) a(12,9) r(5,2) r(1,7)
40; r(2,4) d(2) r(6,5) r(8,6) d(5) d(2) r(6,5) d(1) d(4) d(3)
41; d(3) r(6,5) r(8,12) d(6) r(4,7) r(3,4) d(1)
42; r(2,4) d(2) r(6,5) r(8,6) r(4,7) r(3,4) a(5,6)
43; d(3) r(6,5) r(8,12) d(6) d(5) d(2) r(6,5) d(1) d(4)
44; a(10,9) r(12,2) d(6) d(2) r(8,16) d(3) d(4)
45; r(2,4) r(2,1) r(6,10) r(14,8) r(4,5) a(1,7) d(5) a(12,2)
46; a(10,9) r(12,2) d(6) d(2) r(8,16) d(3) r(4,5) a(1,7) d(5) r(1,12)
47; r(2,4) r(2,1) r(6,10) r(14,8) a(12,6)
48; r(2,4) r(2,1) r(4,5) a(1,7) r(1,13) r(10,2) a(5,16) a(14,13)
49; a(10,9) r(12,2) d(6) d(2) r(8,16) d(3) r(6,10) d(9) r(4,13)
50; r(2,4) r(2,1) r(6,10) d(9) a(14,7)
51; a(10,9) r(12,2) d(6) d(2) r(8,16) d(3) r(4,5) a(1,7) r(1,13) r(10,2) a(5,16) a(5,15)
52; a(10,9) r(12,2) d(6) d(2) r(8,16) d(3) r(5,16) d(1)
53; r(2,4) r(2,1) r(6,10) r(14,8) a(10,9)
54; a(10,9) r(12,2) d(6) d(2) r(8,16) d(3) r(5,16) d(4)
55; r(2,4) r(2,1) r(6,10) r(14,8) d(10)
56; a(10,9) r(12,2) d(6) d(2) r(8,16) a(3,7) a(3,4) d(9) r(3,2) d(5) a(4,13) a(4,8)
57; d(3) r(6,5) r(8,12) d(6) r(4,7) a(1,1) d(2)
58; a(10,9) r(12,2) d(6) d(2) r(8,16) a(3,7) a(3,4) d(9) r(3,2) d(5) a(4,13) r(1,13)
59; d(3) r(6,5) r(8,12) d(6) r(4,7) a(1,1) a(2,1)
60; d(6) r(4,3) d(5) a(10,13)
61; a(10,9) r(12,2) d(6) d(2) r(8,16) d(3) r(4,5) a(1,7) r(14,4) a(3,7) a(3,4) r(9,14) a(2,12) d(2) r(1,16) r(5,14)
62; d(6) r(4,3) r(14,4) a(3,7) a(3,4) r(9,14) a(2,12) d(2) r(1,16) r(12,1)
63; a(10,9) r(12,2) d(6) d(2) r(8,16) d(3) r(4,5) a(1,7) d(5) r(1,3)
--------------------------------------------------------------------------------
Evaluation

0; 0.
1; 0.
2; 0.
3; 0.
4; 0.
5; 0.
6; 0.
7; 0.
8; 0.
9; 0.
10; 0.
11; 0.
12; 0.
13; 0.
14; 0.
15; 10.
16; 0.
17; 0.
18; 0.
19; 0.
20; 0.
21; 0.
22; 0.
23; 0.
24; 0.
25; 0.
26; 0.
27; 0.
28; 0.
29; 0.
30; 0.
31; 0.
32; 0.
33; 0.
34; 0.
35; 0.
36; 0.
37; 0.
38; 0.
39; 0.
40; 0.
41; 0.
42; 0.
43; 0.
44; 0.
45; 0.
46; 0.
47; 0.
48; 0.
49; 0.
50; 0.
51; 0.
52; 0.
53; 0.
54; 0.
55; 0.
56; 0.
57; 0.
58; 0.
59; 0.
60; 0.
61; 0.
62; 0.
63; 0.
================================================================================
Generation 10

--------------------------------------------------------------------------------
Selection

0; 29
1; 37
2; 7
3; 57
4; 38
5; 2
6; 18
7; 50
8; 42
9; 16
10; 5
11; 6
12; 3
13; 20
14; 17
15; 1
16; 29
17; 56
18; 48
19; 18
20; 4
21; 41
22; 26
23; 0
24; 2
25; 31
26; 46
27; 40
28; 32
29; 41
30; 38
31; 30
32; 46
33; 4
34; 5
35; 56
36; 31
37; 18
38; 12
39; 0
--------------------------------------------------------------------------------
Crossover

0; 29, 48; r(2,4) d(4) r(1,7) r(6,3) r(10,2) a(5,16) a(14,13)
1; 29, 48; r(2,4) r(2,1) r(4,5) a(1,7) r(1,13) r(10,2) d(5) r(12,10)
2; 29; r(2,4) d(4) r(1,7) r(6,3) r(10,2) d(5) r(12,10)
3; 48; r(2,4) r(2,1) r(4,5) a(1,7) r(1,13) r(10,2) a(5,16) a(14,13)
4; 38, 6; a(10,9) r(12,2) d(6) d(2) r(8,16) a(3,7) a(3,4) d(9) r(3,15) a(2,5) d(2) d(12) a(6,7)
5; 38, 6; a(6,13) r(3,2) d(5) a(4,13) r(4,10)
6; 38; a(10,9) r(12,2) d(6) d(2) r(8,16) a(3,7) a(3,4) d(9) r(3,2) d(5) a(4,13) r(4,10)
7; 6; a(6,13) r(3,15) a(2,5) d(2) d(12) a(6,7)
8; 41, 38; d(3) r(6,5) r(8,12) d(6) r(4,7) r(3,4) r(3,2) d(5) a(4,13) r(4,10)
9; 41, 38; a(10,9) r(12,2) d(6) d(2) r(8,16) a(3,7) a(3,4) d(9) d(1)
10; 41; d(3) r(6,5) r(8,12) d(6) r(4,7) r(3,4) d(1)
11; 38; a(10,9) r(12,2) d(6) d(2) r(8,16) a(3,7) a(3,4) d(9) r(3,2) d(5) a(4,13) r(4,10)
12; 18; r(2,4) d(4) r(9,14) a(2,12) a(8,12) d(6) a(5,2)
13; 18; r(2,4) d(4) r(9,14) a(2,12) a(8,12) d(6) a(5,2)
14; 4; r(2,4) d(2) r(6,5) d(4) a(12,9) r(3,6) d(5)
15; 50; r(2,4) r(2,1) r(6,10) d(9) a(14,7)
16; 31, 32; r(2,4) r(6,12) r(9,14) a(2,12) a(3,4) r(9,14) a(2,12) d(2) r(1,16) a(5,3)
17; 31, 32; d(6) r(4,3) r(14,4) a(3,7) d(2) r(1,16) d(14)
18; 31; r(2,4) r(6,12) r(9,14) a(2,12) d(2) r(1,16) d(14)
19; 32; d(6) r(4,3) r(14,4) a(3,7) a(3,4) r(9,14) a(2,12) d(2) r(1,16) a(5,3)
20; 56; a(10,9) r(12,2) d(6) d(2) r(8,16) a(3,7) a(3,4) d(9) r(3,2) d(5) a(4,13) a(4,8)
21; 29; r(2,4) d(4) r(1,7) r(6,3) r(10,2) d(5) r(12,10)
22; 0; a(10,9) r(12,2) d(6) d(2) r(8,16) d(3) r(5,16) d(1)
23; 30; d(6) r(4,3) r(14,4) a(3,7) a(3,4) a(9,12) r(1,5) r(9,12) r(3,12) r(4,10) r(8,10) d(5) a(2,13)
24; 5; r(2,4) r(2,1) r(6,10) d(9) a(3,1)
25; 31; r(2,4) r(6,12) r(9,14) a(2,12) d(2) r(1,16) d(14)
26; 40; r(2,4) d(2) r(6,5) r(8,6) d(5) d(2) r(6,5) d(1) d(4) d(3)
27; 2; a(10,9) r(12,2) d(6) d(2) r(8,16) d(3) r(4,5) a(1,7) r(1,13) r(10,2) a(5,16) d(5)
28; 20, 17; a(10,9) r(12,2) d(6) d(2) r(6,3) a(2,7) a(2,7) a(8,4)
29; 20, 17; d(6) r(4,3) r(14,4) a(3,7) a(3,4) r(1,7) r(8,16) a(3,7) a(3,4) d(9) r(3,2) d(5) a(4,13) a(4,12)
30; 20; a(10,9) r(12,2) d(6) d(2) r(8,16) a(3,7) a(3,4) d(9) r(3,2) d(5) a(4,13) a(4,12)
31; 17; d(6) r(4,3) r(14,4) a(3,7) a(3,4) r(1,7) r(6,3) a(2,7) a(2,7) a(8,4)
32; 3, 16; d(6) r(4,3) r(14,4) r(8,16) d(3) r(4,5) r(1,2) d(5) a(2,13) r(1,13) a(5,6) a(5,14)
33; 3, 16; a(10,9) r(12,2) d(6) d(2) r(8,16) d(3) r(4,8)
34; 3; d(6) r(4,3) r(14,4) r(8,16) d(3) r(4,5) r(1,2) d(5) a(2,13)
35; 16; a(10,9) r(12,2) d(6) d(2) r(8,16) d(3) r(4,8) r(1,13) a(5,6) a(5,14)
36; 26, 46; r(2,4) r(6,12) a(9,12) r(4,5) a(1,7) d(5) r(1,12)
37; 26, 46; a(10,9) r(12,2) d(6) d(2) r(8,16) d(3) r(1,5) r(9,12) r(3,12) r(4,10) r(8,10) d(5)
38; 26; r(2,4) r(6,12) a(9,12) r(1,5) r(9,12) r(3,12) r(4,10) r(8,10) d(5)
39; 46; a(10,9) r(12,2) d(6) d(2) r(8,16) d(3) r(4,5) a(1,7) d(5) r(1,12)
40; 46; a(10,9) r(12,2) d(6) d(2) r(8,16) d(3) r(4,5) a(1,7) d(5) r(1,12)
41; 57; d(3) r(6,5) r(8,12) d(6) r(4,7) a(1,1) d(2)
42; 5, 1; r(2,4) r(2,1) r(6,10) d(9) a(3,1) a(6,4) d(5) a(9,7) d(1) d(9) a(4,5) d(4)
43; 5, 1; a(6,13) r(3,15) d(8) r(6,16) r(1,8) d(14) a(4,12) r(10,16) a(3,7) d(12)
44; 5; r(2,4) r(2,1) r(6,10) d(9) a(3,1)
45; 1; a(6,13) r(3,15) d(8) r(6,16) r(1,8) d(14) a(4,12) r(10,16) a(3,7) d(12) a(6,4) d(5) a(9,7) d(1) d(9) a(4,5) d(4)
46; 0; a(10,9) r(12,2) d(6) d(2) r(8,16) d(3) r(5,16) d(1)
47; 12; r(2,4) d(2) r(6,5) r(8,6) r(4,3) r(14,4) a(3,7) a(3,4) r(9,14) a(2,12) d(2) d(5) r(1,4)
48; 56, 4; a(10,9) r(12,2) d(6) d(2) r(8,16) a(3,7) r(3,6) d(5)
49; 56, 4; r(2,4) d(2) r(6,5) d(4) a(12,9) a(3,4) d(9) r(3,2) d(5) a(4,13) a(4,8)
50; 56; a(10,9) r(12,2) d(6) d(2) r(8,16) a(3,7) a(3,4) d(9) r(3,2) d(5) a(4,13) a(4,8)
51; 4; r(2,4) d(2) r(6,5) d(4) a(12,9) r(3,6) d(5)
52; 2; a(10,9) r(12,2) d(6) d(2) r(8,16) d(3) r(4,5) a(1,7) r(1,13) r(10,2) a(5,16) d(5)
53; 41; d(3) r(6,5) r(8,12) d(6) r(4,7) r(3,4) d(1)
54; 37, 18; d(3) r(6,5) r(8,12) d(6) d(5) a(5,2)
55; 37, 18; r(2,4) d(4) r(9,14) a(2,12) a(8,12) d(6) d(4) a(1,1) d(2) a(1,10) r(1,8)
56; 37; d(3) r(6,5) r(8,12) d(6) d(5) d(4) a(1,1) d(2) a(1,10) r(1,8)
57; 18; r(2,4) d(4) r(9,14) a(2,12) a(8,12) d(6) a(5,2)
58; 42; r(2,4) d(2) r(6,5) r(8,6) r(4,7) r(3,4) a(5,6)
59; 7; a(10,9) r(12,2) d(6) d(2) r(8,16) d(3) r(4,5) a(1,7) d(1) a(6,4) d(5) a(9,7) r(1,13) r(10,2) d(9)
--------------------------------------------------------------------------------
Mutation

0; r(2,4) d(4) r(1,7) r(6,3) r(10,2) a(5,16) a(14,13) r(5,1)
1; r(2,4) r(2,1) r(4,5) a(1,7) r(1,13) r(10,2) d(5) r(12,10) a(9,12)
2; r(2,4) d(4) r(1,7) r(6,3) r(10,2) d(5) r(12,10) a(9,10)
3; r(2,4) r(2,1) r(4,5) a(1,7) r(1,13) r(10,2) a(5,16) a(14,13) r(3,6)
4; a(10,9) r(12,2) d(6) d(2) r(8,16) a(3,7) a(3,4) d(9) r(3,15) a(2,5) d(2) d(12) a(6,7) d(5)
5; a(6,13) r(3,2) d(5) a(4,13) r(4,10) a(12,4)
6; a(10,9) r(12,2) d(6) d(2) r(8,16) a(3,7) a(3,4) d(9) r(3,2) d(5) a(4,13) r(4,10) a(1,4)
7; a(6,13) r(3,15) a(2,5) d(2) d(12) a(6,7) a(1,1)
8; d(3) r(6,5) r(8,12) d(6) r(4,7) r(3,4) r(3,2) d(5) a(4,13) r(4,10) d(1)
9; a(10,9) r(12,2) d(6) d(2) r(8,16) a(3,7) a(3,4) d(9) d(1) d(4)
10; d(3) r(6,5) r(8,12) d(6) r(4,7) r(3,4) d(1) d(5)
11; a(10,9) r(12,2) d(6) d(2) r(8,16) a(3,7) a(3,4) d(9) r(3,2) d(5) a(4,13) r(4,10) d(1)
12; r(2,4) d(4) r(9,14) a(2,12) a(8,12) d(6) a(5,2) a(1,13)
13; r(2,4) d(4) r(9,14) a(2,12) a(8,12) d(6) a(5,2) a(1,13)
14; r(2,4) d(2) r(6,5) d(4) a(12,9) r(3,6) d(5) d(9)
15; r(2,4) r(2,1) r(6,10) d(9) a(14,7) d(12)
16; r(2,4) r(6,12) r(9,14) a(2,12) a(3,4) r(9,14) a(2,12) d(2) r(1,16) a(5,3) d(3)
17; d(6) r(4,3) r(14,4) a(3,7) d(2) r(1,16) d(14) d(5)
18; r(2,4) r(6,12) r(9,14) a(2,12) d(2) r(1,16) d(14) a(5,1)
19; d(6) r(4,3) r(14,4) a(3,7) a(3,4) r(9,14) a(2,12) d(2) r(1,16) a(5,3) d(8)
20; a(10,9) r(12,2) d(6) d(2) r(8,16) a(3,7) a(3,4) d(9) r(3,2) d(5) a(4,13) a(4,8) r(4,8)
21; r(2,4) d(4) r(1,7) r(6,3) r(10,2) d(5) r(12,10) d(3)
22; a(10,9) r(12,2) d(6) d(2) r(8,16) d(3) r(5,16) d(1) d(4)
23; d(6) r(4,3) r(14,4) a(3,7) a(3,4) a(9,12) r(1,5) r(9,12) r(3,12) r(4,10) r(8,10) d(5) a(2,13) r(2,13)
24; r(2,4) r(2,1) r(6,10) d(9) a(3,1) a(1,8)
25; r(2,4) r(6,12) r(9,14) a(2,12) d(2) r(1,16) d(14) r(8,1)
26; r(2,4) d(2) r(6,5) r(8,6) d(5) d(2) r(6,5) d(1) d(4) d(3)
27; a(10,9) r(12,2) d(6) d(2) r(8,16) d(3) r(4,5) a(1,7) r(1,13) r(10,2) a(5,16) d(5)
28; a(10,9) r(12,2) d(6) d(2) r(6,3) a(2,7) a(2,7) a(8,4) r(5,3)
29; d(6) r(4,3) r(14,4) a(3,7) a(3,4) r(1,7) r(8,16) a(3,7) a(3,4) d(9) r(3,2) d(5) a(4,13) a(4,12) r(2,4)
30; a(10,9) r(12,2) d(6) d(2) r(8,16) a(3,7) a(3,4) d(9) r(3,2) d(5) a(4,13) a(4,12) r(4,3)
31; d(6) r(4,3) r(14,4) a(3,7) a(3,4) r(1,7) r(6,3) a(2,7) a(2,7) a(8,4) r(10,12)
32; d(6) r(4,3) r(14,4) r(8,16) d(3) r(4,5) r(1,2) d(5) a(2,13) r(1,13) a(5,6) a(5,14) d(2)
33; a(10,9) r(12,2) d(6) d(2) r(8,16) d(3) r(4,8) a(5,14)
34; d(6) r(4,3) r(14,4) r(8,16) d(3) r(4,5) r(1,2) d(5) a(2,13) r(2,4)
35; a(10,9) r(12,2) d(6) d(2) r(8,16) d(3) r(4,8) r(1,13) a(5,6) a(5,14) a(5,13)
36; r(2,4) r(6,12) a(9,12) r(4,5) a(1,7) d(5) r(1,12) d(12)
37; a(10,9) r(12,2) d(6) d(2) r(8,16) d(3) r(1,5) r(9,12) r(3,12) r(4,10) r(8,10) d(5)
38; r(2,4) r(6,12) a(9,12) r(1,5) r(9,12) r(3,12) r(4,10) r(8,10) d(5)
39; a(10,9) r(12,2) d(6) d(2) r(8,16) d(3) r(4,5) a(1,7) d(5) r(1,12)
40; a(10,9) r(12,2) d(6) d(2) r(8,16) d(3) r(4,5) a(1,7) d(5) r(1,12)
41; d(3) r(6,5) r(8,12) d(6) r(4,7) a(1,1) d(2) d(5)
42; r(2,4) r(2,1) r(6,10) d(9) a(3,1) a(6,4) d(5) a(9,7) d(1) d(9) a(4,5) d(4) r(8,12)
43; a(6,13) r(3,15) d(8) r(6,16) r(1,8) d(14) a(4,12) r(10,16) a(3,7) d(12) d(2)
44; r(2,4) r(2,1) r(6,10) d(9) a(3,1) r(8,3)
45; a(6,13) r(3,15) d(8) r(6,16) r(1,8) d(14) a(4,12) r(10,16) a(3,7) d(12) a(6,4) d(5) a(9,7) d(1) d(9) a(4,5) d(4) d(2)
46; a(10,9) r(12,2) d(6) d(2) r(8,16) d(3) r(5,16) d(1) a(4,8)
47; r(2,4) d(2) r(6,5) r(8,6) r(4,3) r(14,4) a(3,7) a(3,4) r(9,14) a(2,12) d(2) d(5) r(1,4) d(3)
48; a(10,9) r(12,2) d(6) d(2) r(8,16) a(3,7) r(3,6) d(5) a(4,7)
49; r(2,4) d(2) r(6,5) d(4) a(12,9) a(3,4) d(9) r(3,2) d(5) a(4,13) a(4,8) a(12,9)
50; a(10,9) r(12,2) d(6) d(2) r(8,16) a(3,7) a(3,4) d(9) r(3,2) d(5) a(4,13) a(4,8) d(1)
51; r(2,4) d(2) r(6,5) d(4) a(12,9) r(3,6) d(5) d(8)
52; a(10,9) r(12,2) d(6) d(2) r(8,16) d(3) r(4,5) a(1,7) r(1,13) r(10,2) a(5,16) d(5)
53; d(3) r(6,5) r(8,12) d(6) r(4,7) r(3,4) d(1) r(2,10)
54; d(3) r(6,5) r(8,12) d(6) d(5) a(5,2) a(4,16)
55; r(2,4) d(4) r(9,14) a(2,12) a(8,12) d(6) d(4) a(1,1) d(2) a(1,10) r(1,8) d(8)
56; d(3) r(6,5) r(8,12) d(6) d(5) d(4) a(1,1) d(2) a(1,10) r(1,8)
57; r(2,4) d(4) r(9,14) a(2,12) a(8,12) d(6) a(5,2) a(3,12)
58; r(2,4) d(2) r(6,5) r(8,6) r(4,7) r(3,4) a(5,6) r(5,1)
59; a(10,9) r(12,2) d(6) d(2) r(8,16) d(3) r(4,5) a(1,7) d(1) a(6,4) d(5) a(9,7) r(1,13) r(10,2) d(9)
--------------------------------------------------------------------------------
Evaluation

0; 0.
1; 0.
2; 0.
3; 0.
4; 0.
5; 0.
6; 0.
7; 0.
8; 0.
9; 0.
10; 0.
11; 0.
12; 0.
13; 0.
14; 0.
15; 0.
16; 0.
17; 0.
18; 0.
19; 0.
20; 0.
21; 0.
22; 0.
23; 0.
24; 0.
25; 0.
26; 0.
27; 0.
28; 0.
29; 0.
30; 0.
31; 1.
32; 0.
33; 0.
34; 0.
35; 0.
36; 0.
37; 0.
38; 0.
39; 0.
40; 0.
41; 0.
42; 0.
43; 0.
44; 0.
45; 0.
46; 0.
47; 0.
48; 0.
49; 0.
50; 0.
51; 0.
52; 0.
53; 0.
54; 0.
55; 0.
56; 0.
57; 0.
58; 0.
59; 0.
