================================================================================
Enclosure

1: 0
2: 0
3: 0
4: 0
5: 0
6: 5
7: 5
8: 0
9: 8
10: 9
12: 8
13: 12
14: 12
15: 0
16: 0
================================================================================
Initialisation

0; r(4,10); 0.
1; a(5,13); 5.
2; a(6,4); 10.
3; r(6,1); 10.
4; a(9,13); 2.
5; a(2,14); 10.
6; a(14,6); 0.
7; r(6,5); 10.
8; a(5,6); 0.
9; a(2,15); 0.
10; d(6); 10.
11; r(5,10); 10.
12; r(8,5); 0.
13; d(6); 10.
14; r(6,3); 10.
15; a(6,5); 10.
16; d(6); 10.
17; r(6,1); 10.
18; d(6); 10.
19; a(6,12); 10.
20; r(6,13); 10.
21; d(6); 10.
22; d(10); 10.
23; d(6); 10.
24; a(6,16); 30.
25; a(10,12); 10.
26; d(3); 0.
27; d(6); 10.
28; r(4,7); 0.
29; a(6,2); 10.
30; a(6,4); 10.
31; d(6); 10.
32; d(2); 0.
33; r(6,2); 10.
34; r(6,2); 10.
35; r(6,16); 10.
36; d(6); 10.
37; d(6); 10.
38; r(8,15); 0.
39; original; 10.
================================================================================
Generation 1

--------------------------------------------------------------------------------
Selection

0; 21
1; 38
2; 38
3; 38
4; 12
5; 5
6; 27
7; 26
8; 21
9; 5
10; 12
11; 8
12; 9
13; 35
14; 9
15; 0
16; 32
17; 33
18; 17
19; 18
20; 35
21; 0
22; 7
23; 26
24; 11
25; 1
26; 20
27; 2
28; 0
29; 16
30; 32
31; 39
32; 18
33; 5
34; 32
35; 33
36; 5
37; 0
38; 9
39; 18
--------------------------------------------------------------------------------
Crossover

0; 11; r(5,10)
1; 0; r(4,10)
2; 17, 12; r(6,1)
3; 17, 12; r(8,5)
4; 17; r(6,1)
5; 12; r(8,5)
6; 35, 0; r(6,16)
7; 35, 0; r(4,10)
8; 35; r(6,16)
9; 0; r(4,10)
10; 5, 9; a(2,14)
11; 5, 9; a(2,15)
12; 5; a(2,14)
13; 9; a(2,15)
14; 0, 35; r(4,10)
15; 0, 35; r(6,16)
16; 0; r(4,10)
17; 35; r(6,16)
18; 2, 32; a(6,4)
19; 2, 32; d(2)
20; 2; a(6,4)
21; 32; d(2)
22; 32, 18; d(2)
23; 32, 18; d(6)
24; 32; d(2)
25; 18; d(6)
26; 18; d(6)
27; 27; d(6)
28; 38, 21; r(8,15)
29; 38, 21; d(6)
30; 38; r(8,15)
31; 21; d(6)
32; 16; d(6)
33; 33; r(6,2)
34; 5, 21; a(2,14)
35; 5, 21; d(6)
36; 5; a(2,14)
37; 21; d(6)
38; 39; original
39; 8; a(5,6)
40; 5, 32; a(2,14)
41; 5, 32; d(2)
42; 5; a(2,14)
43; 32; d(2)
44; 0; r(4,10)
45; 26; d(3)
46; 5; a(2,14)
47; 7; r(6,5)
48; 26; d(3)
49; 1; a(5,13)
50; 9, 12; a(2,15)
51; 9, 12; r(8,5)
52; 9; a(2,15)
53; 12; r(8,5)
54; 18; d(6)
55; 20; r(6,13)
56; 38, 33; r(8,15)
57; 38, 33; r(6,2)
58; 38; r(8,15)
59; 33; r(6,2)
60; 38, 9; r(8,15)
61; 38, 9; a(2,15)
62; 38; r(8,15)
63; 9; a(2,15)
--------------------------------------------------------------------------------
Mutation

0; r(5,10) a(9,8)
1; r(4,10) d(5)
2; r(6,1) r(3,8)
3; r(8,5) d(3)
4; r(6,1) a(3,16)
5; r(8,5) a(6,3)
6; r(6,16) r(9,10)
7; r(4,10) a(6,10)
8; r(6,16) d(8)
9; r(4,10) a(6,12)
10; a(2,14) r(9,5)
11; a(2,15) d(6)
12; a(2,14) d(6)
13; a(2,15) d(5)
14; r(4,10) a(8,3)
15; r(6,16) d(4)
16; r(4,10) d(6)
17; r(6,16) d(1)
18; a(6,4) r(2,16)
19; d(2) r(6,5)
20; a(6,4) d(12)
21; d(2) a(6,1)
22; d(2) d(6)
23; d(6) d(2)
24; d(2) r(1,4)
25; d(6) r(9,10)
26; d(6) d(9)
27; d(6) a(10,3)
28; r(8,15) d(6)
29; d(6) d(8)
30; r(8,15) r(1,5)
31; d(6) d(10)
32; d(6) d(14)
33; r(6,2) a(8,7)
34; a(2,14) d(6)
35; d(6) a(2,1)
36; a(2,14) a(6,15)
37; d(6) a(8,15)
38; d(12)
39; a(5,6) r(6,15)
40; a(2,14) d(6)
41; d(2) r(6,10)
42; a(2,14) d(10)
43; d(2) a(10,3)
44; r(4,10) d(6)
45; d(3) d(6)
46; a(2,14) r(6,7)
47; r(6,5) r(14,9)
48; d(3) r(6,12)
49; a(5,13) a(6,1)
50; a(2,15) a(6,6)
51; r(8,5) a(6,3)
52; a(2,15) a(2,7)
53; r(8,5) a(2,13)
54; d(6) d(9)
55; r(6,13) r(9,12)
56; r(8,15) r(6,14)
57; r(6,2) a(8,13)
58; r(8,15) a(6,15)
59; r(6,2) r(12,9)
60; r(8,15) d(1)
61; a(2,15) r(6,16)
62; r(8,15) a(5,14)
63; a(2,15) d(6)
--------------------------------------------------------------------------------
Evaluation

0; 10.
1; 0.
2; 0.
3; 0.
4; 0.
5; 0.
6; 0.
7; 0.
8; 0.
9; 0.
10; 0.
11; 0.
12; 10.
13; 0.
14; 0.
15; 0.
16; 0.
17; 4.
18; 0.
19; 0.
20; 0.
21; 0.
22; 0.
23; 0.
24; 0.
25; 0.
26; 0.
27; 10.
28; 0.
29; 0.
30; 0.
31; 10.
32; 0.
33; 10.
34; 10.
35; 10.
36; 10.
37; 0.
38; 0.
39; 0.
40; 10.
41; 0.
42; 10.
43; 0.
44; 0.
45; 0.
46; 10.
47; 0.
48; 0.
49; 5.
50; 0.
51; 0.
52; 0.
53; 0.
54; 0.
55; 0.
56; 0.
57; 10.
58; 0.
59; 0.
60; 0.
61; 0.
62; 0.
63; 0.
================================================================================
Generation 2

--------------------------------------------------------------------------------
Selection

0; 55
1; 6
2; 37
3; 61
4; 38
5; 62
6; 4
7; 29
8; 26
9; 3
10; 43
11; 38
12; 56
13; 5
14; 53
15; 47
16; 62
17; 62
18; 28
19; 55
20; 58
21; 23
22; 44
23; 1
24; 50
25; 56
26; 43
27; 9
28; 50
29; 62
30; 59
31; 39
32; 24
33; 28
34; 6
35; 50
36; 48
37; 22
38; 24
39; 23
--------------------------------------------------------------------------------
Crossover

0; 28; r(8,15) d(6)
1; 50; a(2,15) a(6,6)
2; 61; a(2,15) r(6,16)
3; 37; d(6) a(8,15)
4; 59; r(6,2) r(12,9)
5; 29; d(6) d(8)
6; 56; r(8,15) r(6,14)
7; 53; r(8,5) a(2,13)
8; 5, 48; r(8,5) r(6,12)
9; 5, 48; d(3) a(6,3)
10; 5; r(8,5) a(6,3)
11; 48; d(3) r(6,12)
12; 50; a(2,15) a(6,6)
13; 6; r(6,16) r(9,10)
14; 47; r(6,5) r(14,9)
15; 43; d(2) a(10,3)
16; 23, 44; d(6) d(6)
17; 23, 44; r(4,10) d(2)
18; 23; d(6) d(2)
19; 44; r(4,10) d(6)
20; 6, 62; r(6,16)
21; 6, 62; r(8,15) a(5,14) r(9,10)
22; 6; r(6,16) r(9,10)
23; 62; r(8,15) a(5,14)
24; 38; d(12)
25; 4; r(6,1) a(3,16)
26; 1; r(4,10) d(5)
27; 9; r(4,10) a(6,12)
28; 55, 62; r(6,13) a(5,14)
29; 55, 62; r(8,15) r(9,12)
30; 55; r(6,13) r(9,12)
31; 62; r(8,15) a(5,14)
32; 55; r(6,13) r(9,12)
33; 22; d(2) d(6)
34; 3; r(8,5) d(3)
35; 43; d(2) a(10,3)
36; 62, 24; r(8,15)
37; 62, 24; d(2) r(1,4) a(5,14)
38; 62; r(8,15) a(5,14)
39; 24; d(2) r(1,4)
40; 50; a(2,15) a(6,6)
41; 38; d(12)
42; 58, 24; r(8,15) r(1,4)
43; 58, 24; d(2) a(6,15)
44; 58; r(8,15) a(6,15)
45; 24; d(2) r(1,4)
46; 56; r(8,15) r(6,14)
47; 62; r(8,15) a(5,14)
48; 28, 39; r(8,15) d(6)
49; 28, 39; a(5,6) r(6,15)
50; 28; r(8,15) d(6)
51; 39; a(5,6) r(6,15)
52; 26, 23; d(6)
53; 26, 23; d(6) d(2) d(9)
54; 26; d(6) d(9)
55; 23; d(6) d(2)
--------------------------------------------------------------------------------
Mutation

0; r(8,15) d(6) d(3)
1; a(2,15) a(6,6) a(6,4)
2; a(2,15) r(6,16) r(5,12)
3; d(6) a(8,15) d(12)
4; r(6,2) r(12,9) a(1,10)
5; d(6) d(8) d(3)
6; r(8,15) r(6,14) r(4,10)
7; r(8,5) a(2,13) d(6)
8; r(8,5) r(6,12) d(4)
9; d(3) a(6,3) a(6,7)
10; r(8,5) a(6,3) d(6)
11; d(3) r(6,12) r(2,7)
12; a(2,15) a(6,6) a(6,10)
13; r(6,16) r(9,10) a(4,16)
14; r(6,5) r(14,9) d(4)
15; d(2) a(10,3) d(1)
16; d(6) d(6) r(1,8)
17; r(4,10) d(2) r(8,3)
18; d(6) d(2) d(10)
19; r(4,10) d(6) r(10,8)
20; r(6,16) r(14,16)
21; r(8,15) a(5,14) r(9,10) d(6)
22; r(6,16) r(9,10) a(2,7)
23; r(8,15) a(5,14) d(6)
24; d(12) d(10)
25; r(6,1) a(3,16) r(8,13)
26; r(4,10) d(5) a(8,16)
27; r(4,10) a(6,12) d(2)
28; r(6,13) a(5,14) a(14,13)
29; r(8,15) r(9,12) r(6,16)
30; r(6,13) r(9,12) r(8,15)
31; r(8,15) a(5,14) r(2,13)
32; r(6,13) r(9,12) d(5)
33; d(2) d(6) r(14,3)
34; r(8,5) d(3) a(6,10)
35; d(2) a(10,3) d(5)
36; r(8,15) a(6,10)
37; d(2) r(1,4) a(5,14) a(6,8)
38; r(8,15) a(5,14) r(6,15)
39; d(2) r(1,4) a(12,2)
40; a(2,15) a(6,6) r(6,16)
41; d(12) d(4)
42; r(8,15) r(1,4) r(6,15)
43; d(2) a(6,15) r(4,3)
44; r(8,15) a(6,15) r(3,13)
45; d(2) r(1,4) a(6,15)
46; r(8,15) r(6,14) a(5,10)
47; r(8,15) a(5,14) d(6)
48; r(8,15) d(6) d(4)
49; a(5,6) r(6,15) a(4,5)
50; r(8,15) d(6) d(3)
51; a(5,6) r(6,15) d(2)
52; d(6) r(12,3)
53; d(6) d(2) d(9) r(8,16)
54; d(6) d(9) d(12)
55; d(6) d(2) r(5,15)
--------------------------------------------------------------------------------
Evaluation

0; 0.
1; 0.
2; 0.
3; 0.
4; 0.
5; 0.
6; 0.
7; 0.
8; 0.
9; 0.
10; 0.
11; 0.
12; 0.
13; 0.
14; 0.
15; 0.
16; 4.
17; 0.
18; 0.
19; 0.
20; 0.
21; 0.
22; 0.
23; 0.
24; 0.
25; 0.
26; 0.
27; 0.
28; 2.
29; 0.
30; 0.
31; 0.
32; 0.
33; 0.
34; 0.
35; 0.
36; 0.
37; 0.
38; 0.
39; 0.
40; 0.
41; 0.
42; 0.
43; 0.
44; 0.
45; 0.
46; 0.
47; 0.
48; 0.
49; 0.
50; 0.
51; 0.
52; 0.
53; 0.
54; 0.
55; 0.
================================================================================
Generation 3

--------------------------------------------------------------------------------
Selection

0; 40
1; 50
2; 32
3; 38
4; 48
5; 55
6; 22
7; 7
8; 12
9; 30
10; 35
11; 14
12; 21
13; 7
14; 14
15; 17
16; 31
17; 29
18; 24
19; 45
20; 26
21; 29
22; 5
23; 52
24; 13
25; 45
26; 54
27; 27
28; 37
29; 44
30; 12
31; 34
32; 9
33; 39
34; 25
35; 24
36; 49
37; 5
38; 27
39; 54
--------------------------------------------------------------------------------
Crossover

0; 44, 32; r(8,15) r(9,12) d(5)
1; 44, 32; r(6,13) a(6,15) r(3,13)
2; 44; r(8,15) a(6,15) r(3,13)
3; 32; r(6,13) r(9,12) d(5)
4; 30; r(6,13) r(9,12) r(8,15)
5; 5; d(6) d(8) d(3)
6; 50; r(8,15) d(6) d(3)
7; 22; r(6,16) r(9,10) a(2,7)
8; 55; d(6) d(2) r(5,15)
9; 5; d(6) d(8) d(3)
10; 40; a(2,15) a(6,6) r(6,16)
11; 49; a(5,6) r(6,15) a(4,5)
12; 54; d(6) d(9) d(12)
13; 9; d(3) a(6,3) a(6,7)
14; 24; d(12) d(10)
15; 37; d(2) r(1,4) a(5,14) a(6,8)
16; 27, 45; r(4,10) a(6,12) a(6,15)
17; 27, 45; d(2) r(1,4) d(2)
18; 27; r(4,10) a(6,12) d(2)
19; 45; d(2) r(1,4) a(6,15)
20; 27, 7; r(4,10) a(2,13) d(6)
21; 27, 7; r(8,5) a(6,12) d(2)
22; 27; r(4,10) a(6,12) d(2)
23; 7; r(8,5) a(2,13) d(6)
24; 7, 38; r(8,5) a(2,13)
25; 7, 38; r(8,15) a(5,14) r(6,15) d(6)
26; 7; r(8,5) a(2,13) d(6)
27; 38; r(8,15) a(5,14) r(6,15)
28; 48, 12; r(8,15) d(6) a(6,10)
29; 48, 12; a(2,15) a(6,6) d(4)
30; 48; r(8,15) d(6) d(4)
31; 12; a(2,15) a(6,6) a(6,10)
32; 29, 29; r(8,15) r(9,12) r(6,16) r(9,12) r(6,16)
33; 29, 29; r(8,15)
34; 29; r(8,15) r(9,12) r(6,16)
35; 29; r(8,15) r(9,12) r(6,16)
36; 24; d(12) d(10)
37; 34; r(8,5) d(3) a(6,10)
38; 54; d(6) d(9) d(12)
39; 13; r(6,16) r(9,10) a(4,16)
40; 14; r(6,5) r(14,9) d(4)
41; 21; r(8,15) a(5,14) r(9,10) d(6)
42; 39, 45; d(2) r(1,4) a(12,2)
43; 39, 45; d(2) r(1,4) a(6,15)
44; 39; d(2) r(1,4) a(12,2)
45; 45; d(2) r(1,4) a(6,15)
46; 52; d(6) r(12,3)
47; 31; r(8,15) a(5,14) r(2,13)
48; 35, 17; d(2) d(2) r(8,3)
49; 35, 17; r(4,10) a(10,3) d(5)
50; 35; d(2) a(10,3) d(5)
51; 17; r(4,10) d(2) r(8,3)
52; 14, 25; r(6,5)
53; 14, 25; r(6,1) a(3,16) r(8,13) r(14,9) d(4)
54; 14; r(6,5) r(14,9) d(4)
55; 25; r(6,1) a(3,16) r(8,13)
56; 12, 26; a(2,15) a(6,6) a(6,10) a(8,16)
57; 12, 26; r(4,10) d(5)
58; 12; a(2,15) a(6,6) a(6,10)
59; 26; r(4,10) d(5) a(8,16)
--------------------------------------------------------------------------------
Mutation

0; r(8,15) r(9,12) d(5) r(2,16)
1; r(6,13) a(6,15) r(3,13) a(5,8)
2; r(8,15) a(6,15) r(3,13) a(6,1)
3; r(6,13) r(9,12) d(5) d(4)
4; r(6,13) r(9,12) r(8,15) d(5)
5; d(6) d(8) d(3) r(2,15)
6; r(8,15) d(6) d(3) d(5)
7; r(6,16) r(9,10) a(2,7) d(3)
8; d(6) d(2) r(5,15) r(8,16)
9; d(6) d(8) d(3) d(1)
10; a(2,15) a(6,6) r(6,16) r(3,12)
11; a(5,6) r(6,15) a(4,5) a(8,15)
12; d(6) d(9) d(12) a(8,10)
13; d(3) a(6,3) a(6,7) a(6,2)
14; d(12) d(10) a(6,1)
15; d(2) r(1,4) a(5,14) a(6,8) r(6,3)
16; r(4,10) a(6,12) a(6,15) r(6,16)
17; d(2) r(1,4) d(2) r(6,14)
18; r(4,10) a(6,12) d(2) a(6,2)
19; d(2) r(1,4) a(6,15) r(6,8)
20; r(4,10) a(2,13) d(6) a(1,16)
21; r(8,5) a(6,12) d(2) a(6,1)
22; r(4,10) a(6,12) d(2) a(14,15)
23; r(8,5) a(2,13) d(6) a(4,6)
24; r(8,5) a(2,13) r(6,3)
25; r(8,15) a(5,14) r(6,15) d(6) r(4,10)
26; r(8,5) a(2,13) d(6) r(1,2)
27; r(8,15) a(5,14) r(6,15) r(3,10)
28; r(8,15) d(6) a(6,10) r(2,14)
29; a(2,15) a(6,6) d(4) r(6,2)
30; r(8,15) d(6) d(4) r(5,16)
31; a(2,15) a(6,6) a(6,10) r(6,7)
32; r(8,15) r(9,12) r(6,16) r(9,12) r(6,16) r(4,14)
33; r(8,15) a(6,13)
34; r(8,15) r(9,12) r(6,16) d(5)
35; r(8,15) r(9,12) r(6,16) a(1,6)
36; d(12) d(10) r(3,6)
37; r(8,5) d(3) a(6,10) a(4,1)
38; d(6) d(9) d(12) d(1)
39; r(6,16) r(9,10) a(4,16) a(5,2)
40; r(6,5) r(14,9) d(4) a(2,1)
41; r(8,15) a(5,14) r(9,10) d(6) d(5)
42; d(2) r(1,4) a(12,2) a(6,15)
43; d(2) r(1,4) a(6,15) a(5,8)
44; d(2) r(1,4) a(12,2) r(6,3)
45; d(2) r(1,4) a(6,15) a(6,6)
46; d(6) r(12,3) r(3,8)
47; r(8,15) a(5,14) r(2,13) r(6,5)
48; d(2) d(2) r(8,3) d(6)
49; r(4,10) a(10,3) d(5) d(14)
50; d(2) a(10,3) d(5) r(4,5)
51; r(4,10) d(2) r(8,3) d(3)
52; r(6,5) a(9,5)
53; r(6,1) a(3,16) r(8,13) r(14,9) d(4) a(3,15)
54; r(6,5) r(14,9) d(4) a(8,10)
55; r(6,1) a(3,16) r(8,13) d(5)
56; a(2,15) a(6,6) a(6,10) a(8,16) r(8,13)
57; r(4,10) d(5) r(12,8)
58; a(2,15) a(6,6) a(6,10) d(6)
59; r(4,10) d(5) a(8,16) a(1,2)
--------------------------------------------------------------------------------
Evaluation

0; 0.
1; 0.
2; 0.
3; 0.
4; 0.
5; 0.
6; 0.
7; 0.
8; 0.
9; 0.
10; 0.
11; 0.
12; 0.
13; 0.
14; 0.
15; 0.
16; 0.
17; 0.
18; 0.
19; 0.
20; 0.
21; 0.
22; 0.
23; 0.
24; 0.
25; 0.
26; 0.
27; 0.
28; 0.
29; 0.
30; 0.
31; 0.
32; 0.
33; 0.
34; 0.
35; 0.
36; 0.
37; 0.
38; 0.
39; 0.
40; 0.
41; 0.
42; 0.
43; 0.
44; 0.
45; 0.
46; 0.
47; 0.
48; 0.
49; 0.
50; 0.
51; 0.
52; 10.
53; 0.
54; 0.
55; 0.
56; 0.
57; 0.
58; 0.
59; 0.
================================================================================
Generation 4

--------------------------------------------------------------------------------
Selection

0; 26
1; 13
2; 33
3; 37
4; 21
5; 15
6; 39
7; 27
8; 28
9; 20
10; 5
11; 1
12; 11
13; 26
14; 35
15; 56
16; 28
17; 35
18; 29
19; 36
20; 10
21; 58
22; 22
23; 58
24; 33
25; 14
26; 20
27; 39
28; 39
29; 31
30; 43
31; 35
32; 2
33; 27
34; 5
35; 16
36; 12
37; 43
38; 11
39; 32
--------------------------------------------------------------------------------
Crossover

0; 5; d(6) d(8) d(3) r(2,15)
1; 1; r(6,13) a(6,15) r(3,13) a(5,8)
2; 39, 27; r(6,16) a(5,14) r(6,15) r(3,10)
3; 39, 27; r(8,15) r(9,10) a(4,16) a(5,2)
4; 39; r(6,16) r(9,10) a(4,16) a(5,2)
5; 27; r(8,15) a(5,14) r(6,15) r(3,10)
6; 13; d(3) a(6,3) a(6,7) a(6,2)
7; 28; r(8,15) d(6) a(6,10) r(2,14)
8; 35; r(8,15) r(9,12) r(6,16) a(1,6)
9; 10; a(2,15) a(6,6) r(6,16) r(3,12)
10; 43, 22; d(2) r(1,4) a(6,12) d(2) a(14,15)
11; 43, 22; r(4,10) a(6,15) a(5,8)
12; 43; d(2) r(1,4) a(6,15) a(5,8)
13; 22; r(4,10) a(6,12) d(2) a(14,15)
14; 26; r(8,5) a(2,13) d(6) r(1,2)
15; 56; a(2,15) a(6,6) a(6,10) a(8,16) r(8,13)
16; 32; r(8,15) r(9,12) r(6,16) r(9,12) r(6,16) r(4,14)
17; 28; r(8,15) d(6) a(6,10) r(2,14)
18; 33; r(8,15) a(6,13)
19; 11; a(5,6) r(6,15) a(4,5) a(8,15)
20; 39; r(6,16) r(9,10) a(4,16) a(5,2)
21; 20; r(4,10) a(2,13) d(6) a(1,16)
22; 16; r(4,10) a(6,12) a(6,15) r(6,16)
23; 35; r(8,15) r(9,12) r(6,16) a(1,6)
24; 11; a(5,6) r(6,15) a(4,5) a(8,15)
25; 15; d(2) r(1,4) a(5,14) a(6,8) r(6,3)
26; 27, 36; r(8,15) a(5,14) r(3,6)
27; 27, 36; d(12) d(10) r(6,15) r(3,10)
28; 27; r(8,15) a(5,14) r(6,15) r(3,10)
29; 36; d(12) d(10) r(3,6)
30; 20; r(4,10) a(2,13) d(6) a(1,16)
31; 2; r(8,15) a(6,15) r(3,13) a(6,1)
32; 43, 5; d(2) r(1,4)
33; 43, 5; d(6) d(8) d(3) r(2,15) a(6,15) a(5,8)
34; 43; d(2) r(1,4) a(6,15) a(5,8)
35; 5; d(6) d(8) d(3) r(2,15)
36; 21; r(8,5) a(6,12) d(2) a(6,1)
37; 39; r(6,16) r(9,10) a(4,16) a(5,2)
38; 58, 35; a(2,15) a(1,6)
39; 58, 35; r(8,15) r(9,12) r(6,16) a(6,6) a(6,10) d(6)
40; 58; a(2,15) a(6,6) a(6,10) d(6)
41; 35; r(8,15) r(9,12) r(6,16) a(1,6)
42; 37, 31; r(8,5) d(3) a(6,10) a(4,1) a(6,10) r(6,7)
43; 37, 31; a(2,15) a(6,6)
44; 37; r(8,5) d(3) a(6,10) a(4,1)
45; 31; a(2,15) a(6,6) a(6,10) r(6,7)
46; 58, 14; a(2,15) a(6,6) a(6,1)
47; 58, 14; d(12) d(10) a(6,10) d(6)
48; 58; a(2,15) a(6,6) a(6,10) d(6)
49; 14; d(12) d(10) a(6,1)
50; 29, 26; a(2,15) a(6,6) r(1,2)
51; 29, 26; r(8,5) a(2,13) d(6) d(4) r(6,2)
52; 29; a(2,15) a(6,6) d(4) r(6,2)
53; 26; r(8,5) a(2,13) d(6) r(1,2)
54; 33; r(8,15) a(6,13)
55; 12; d(6) d(9) d(12) a(8,10)
--------------------------------------------------------------------------------
Mutation

0; d(6) d(8) d(3) r(2,15) d(4)
1; r(6,13) a(6,15) r(3,13) a(5,8) d(12)
2; r(6,16) a(5,14) r(6,15) r(3,10) d(12)
3; r(8,15) r(9,10) a(4,16) a(5,2) a(5,8)
4; r(6,16) r(9,10) a(4,16) a(5,2) a(3,5)
5; r(8,15) a(5,14) r(6,15) r(3,10) a(4,4)
6; d(3) a(6,3) a(6,7) a(6,2) d(5)
7; r(8,15) d(6) a(6,10) r(2,14) d(5)
8; r(8,15) r(9,12) r(6,16) a(1,6) a(2,6)
9; a(2,15) a(6,6) r(6,16) r(3,12) d(8)
10; d(2) r(1,4) a(6,12) d(2) a(14,15) a(6,15)
11; r(4,10) a(6,15) a(5,8) a(1,14)
12; d(2) r(1,4) a(6,15) a(5,8) r(10,13)
13; r(4,10) a(6,12) d(2) a(14,15) a(9,15)
14; r(8,5) a(2,13) d(6) r(1,2) a(5,16)
15; a(2,15) a(6,6) a(6,10) a(8,16) r(8,13) r(6,14)
16; r(8,15) r(9,12) r(6,16) r(9,12) r(6,16) r(4,14) a(3,5)
17; r(8,15) d(6) a(6,10) r(2,14) a(3,1)
18; r(8,15) a(6,13) a(6,4)
19; a(5,6) r(6,15) a(4,5) a(8,15) a(1,16)
20; r(6,16) r(9,10) a(4,16) a(5,2) d(2)
21; r(4,10) a(2,13) d(6) a(1,16) d(1)
22; r(4,10) a(6,12) a(6,15) r(6,16) r(5,6)
23; r(8,15) r(9,12) r(6,16) a(1,6) a(5,3)
24; a(5,6) r(6,15) a(4,5) a(8,15) r(5,10)
25; d(2) r(1,4) a(5,14) a(6,8) r(6,3) r(10,13)
26; r(8,15) a(5,14) r(3,6) a(6,4)
27; d(12) d(10) r(6,15) r(3,10) r(4,15)
28; r(8,15) a(5,14) r(6,15) r(3,10) a(2,10)
29; d(12) d(10) r(3,6) r(6,15)
30; r(4,10) a(2,13) d(6) a(1,16) a(9,15)
31; r(8,15) a(6,15) r(3,13) a(6,1) a(6,5)
32; d(2) r(1,4) d(6)
33; d(6) d(8) d(3) r(2,15) a(6,15) a(5,8) d(4)
34; d(2) r(1,4) a(6,15) a(5,8) d(6)
35; d(6) d(8) d(3) r(2,15) a(4,1)
36; r(8,5) a(6,12) d(2) a(6,1) d(6)
37; r(6,16) r(9,10) a(4,16) a(5,2) a(8,1)
38; a(2,15) a(1,6) r(6,2)
39; r(8,15) r(9,12) r(6,16) a(6,6) a(6,10) d(6) r(2,1)
40; a(2,15) a(6,6) a(6,10) d(6) d(1)
41; r(8,15) r(9,12) r(6,16) a(1,6) d(3)
42; r(8,5) d(3) a(6,10) a(4,1) a(6,10) r(6,7) d(1)
43; a(2,15) a(6,6) d(6)
44; r(8,5) d(3) a(6,10) a(4,1) d(6)
45; a(2,15) a(6,6) a(6,10) r(6,7) a(14,2)
46; a(2,15) a(6,6) a(6,1) a(5,5)
47; d(12) d(10) a(6,10) d(6) d(2)
48; a(2,15) a(6,6) a(6,10) d(6) a(9,14)
49; d(12) d(10) a(6,1) r(9,8)
50; a(2,15) a(6,6) r(1,2) a(6,13)
51; r(8,5) a(2,13) d(6) d(4) r(6,2) r(5,7)
52; a(2,15) a(6,6) d(4) r(6,2) a(1,7)
53; r(8,5) a(2,13) d(6) r(1,2) r(4,5)
54; r(8,15) a(6,13) a(6,5)
55; d(6) d(9) d(12) a(8,10) a(3,5)
--------------------------------------------------------------------------------
Evaluation

0; 0.
1; 0.
2; 0.
3; 0.
4; 0.
5; 0.
6; 0.
7; 0.
8; 0.
9; 0.
10; 0.
11; 0.
12; 0.
13; 0.
14; 0.
15; 0.
16; 0.
17; 0.
18; 0.
19; 0.
20; 0.
21; 0.
22; 0.
23; 0.
24; 0.
25; 0.
26; 0.
27; 0.
28; 0.
29; 0.
30; 0.
31; 0.
32; 0.
33; 0.
34; 0.
35; 0.
36; 0.
37; 0.
38; 0.
39; 0.
40; 0.
41; 0.
42; 0.
43; 0.
44; 0.
45; 0.
46; 0.
47; 0.
48; 0.
49; 0.
50; 0.
51; 0.
52; 0.
53; 0.
54; 0.
55; 0.
================================================================================
Generation 5

--------------------------------------------------------------------------------
Selection

0; 44
1; 13
2; 11
3; 11
4; 30
5; 3
6; 14
7; 8
8; 1
9; 33
10; 3
11; 37
12; 5
13; 54
14; 30
15; 36
16; 40
17; 6
18; 8
19; 46
20; 4
21; 31
22; 44
23; 52
24; 2
25; 0
26; 46
27; 13
28; 33
29; 23
30; 5
31; 53
32; 2
33; 2
34; 33
35; 20
36; 30
37; 47
38; 55
39; 29
--------------------------------------------------------------------------------
Crossover

0; 47, 29; d(12) d(10) a(6,10) d(6) d(2) r(6,15)
1; 47, 29; d(12) d(10) r(3,6)
2; 47; d(12) d(10) a(6,10) d(6) d(2)
3; 29; d(12) d(10) r(3,6) r(6,15)
4; 13; r(4,10) a(6,12) d(2) a(14,15) a(9,15)
5; 40; a(2,15) a(6,6) a(6,10) d(6) d(1)
6; 37, 3; r(6,16) r(9,10) a(4,16) a(5,2) a(5,8)
7; 37, 3; r(8,15) r(9,10) a(4,16) a(5,2) a(8,1)
8; 37; r(6,16) r(9,10) a(4,16) a(5,2) a(8,1)
9; 3; r(8,15) r(9,10) a(4,16) a(5,2) a(5,8)
10; 33; d(6) d(8) d(3) r(2,15) a(6,15) a(5,8) d(4)
11; 33; d(6) d(8) d(3) r(2,15) a(6,15) a(5,8) d(4)
12; 44; r(8,5) d(3) a(6,10) a(4,1) d(6)
13; 23; r(8,15) r(9,12) r(6,16) a(1,6) a(5,3)
14; 30; r(4,10) a(2,13) d(6) a(1,16) a(9,15)
15; 11; r(4,10) a(6,15) a(5,8) a(1,14)
16; 55, 8; d(6) d(9) d(12) a(8,10) r(6,16) a(1,6) a(2,6)
17; 55, 8; r(8,15) r(9,12) a(3,5)
18; 55; d(6) d(9) d(12) a(8,10) a(3,5)
19; 8; r(8,15) r(9,12) r(6,16) a(1,6) a(2,6)
20; 8, 36; r(8,15) r(9,12) r(6,16) a(1,6)
21; 8, 36; r(8,5) a(6,12) d(2) a(6,1) d(6) a(2,6)
22; 8; r(8,15) r(9,12) r(6,16) a(1,6) a(2,6)
23; 36; r(8,5) a(6,12) d(2) a(6,1) d(6)
24; 11; r(4,10) a(6,15) a(5,8) a(1,14)
25; 5; r(8,15) a(5,14) r(6,15) r(3,10) a(4,4)
26; 2; r(6,16) a(5,14) r(6,15) r(3,10) d(12)
27; 6; d(3) a(6,3) a(6,7) a(6,2) d(5)
28; 3, 1; r(8,15) r(9,10) a(5,8) d(12)
29; 3, 1; r(6,13) a(6,15) r(3,13) a(4,16) a(5,2) a(5,8)
30; 3; r(8,15) r(9,10) a(4,16) a(5,2) a(5,8)
31; 1; r(6,13) a(6,15) r(3,13) a(5,8) d(12)
32; 30; r(4,10) a(2,13) d(6) a(1,16) a(9,15)
33; 46; a(2,15) a(6,6) a(6,1) a(5,5)
34; 33; d(6) d(8) d(3) r(2,15) a(6,15) a(5,8) d(4)
35; 2; r(6,16) a(5,14) r(6,15) r(3,10) d(12)
36; 20, 13; r(6,16)
37; 20, 13; r(4,10) a(6,12) d(2) a(14,15) a(9,15) r(9,10) a(4,16) a(5,2) d(2)
38; 20; r(6,16) r(9,10) a(4,16) a(5,2) d(2)
39; 13; r(4,10) a(6,12) d(2) a(14,15) a(9,15)
40; 52, 44; a(2,15) a(6,6) d(4) d(6)
41; 52, 44; r(8,5) d(3) a(6,10) a(4,1) r(6,2) a(1,7)
42; 52; a(2,15) a(6,6) d(4) r(6,2) a(1,7)
43; 44; r(8,5) d(3) a(6,10) a(4,1) d(6)
44; 14; r(8,5) a(2,13) d(6) r(1,2) a(5,16)
45; 0; d(6) d(8) d(3) r(2,15) d(4)
46; 30; r(4,10) a(2,13) d(6) a(1,16) a(9,15)
47; 31; r(8,15) a(6,15) r(3,13) a(6,1) a(6,5)
48; 53; r(8,5) a(2,13) d(6) r(1,2) r(4,5)
49; 54; r(8,15) a(6,13) a(6,5)
50; 5; r(8,15) a(5,14) r(6,15) r(3,10) a(4,4)
51; 46; a(2,15) a(6,6) a(6,1) a(5,5)
52; 2; r(6,16) a(5,14) r(6,15) r(3,10) d(12)
53; 4; r(6,16) r(9,10) a(4,16) a(5,2) a(3,5)
--------------------------------------------------------------------------------
Mutation

0; d(12) d(10) a(6,10) d(6) d(2) r(6,15) r(8,5)
1; d(12) d(10) r(3,6) a(6,16)
2; d(12) d(10) a(6,10) d(6) d(2) r(8,15)
3; d(12) d(10) r(3,6) r(6,15) d(8)
4; r(4,10) a(6,12) d(2) a(14,15) a(9,15) d(6)
5; a(2,15) a(6,6) a(6,10) d(6) d(1) a(3,8)
6; r(6,16) r(9,10) a(4,16) a(5,2) a(5,8) a(14,3)
7; r(8,15) r(9,10) a(4,16) a(5,2) a(8,1) a(6,2)
8; r(6,16) r(9,10) a(4,16) a(5,2) a(8,1) r(1,15)
9; r(8,15) r(9,10) a(4,16) a(5,2) a(5,8) r(6,1)
10; d(6) d(8) d(3) r(2,15) a(6,15) a(5,8) d(4) d(5)
11; d(6) d(8) d(3) r(2,15) a(6,15) a(5,8) d(4) a(1,3)
12; r(8,5) d(3) a(6,10) a(4,1) d(6) r(2,15)
13; r(8,15) r(9,12) r(6,16) a(1,6) a(5,3) d(5)
14; r(4,10) a(2,13) d(6) a(1,16) a(9,15) d(3)
15; r(4,10) a(6,15) a(5,8) a(1,14) r(10,7)
16; d(6) d(9) d(12) a(8,10) r(6,16) a(1,6) a(2,6) r(4,5)
17; r(8,15) r(9,12) a(3,5) d(6)
18; d(6) d(9) d(12) a(8,10) a(3,5) r(4,3)
19; r(8,15) r(9,12) r(6,16) a(1,6) a(2,6) d(4)
20; r(8,15) r(9,12) r(6,16) a(1,6) a(3,8)
21; r(8,5) a(6,12) d(2) a(6,1) d(6) a(2,6) a(5,7)
22; r(8,15) r(9,12) r(6,16) a(1,6) a(2,6) a(1,15)
23; r(8,5) a(6,12) d(2) a(6,1) d(6) r(1,14)
24; r(4,10) a(6,15) a(5,8) a(1,14) d(6)
25; r(8,15) a(5,14) r(6,15) r(3,10) a(4,4) a(1,13)
26; r(6,16) a(5,14) r(6,15) r(3,10) d(12) r(10,14)
27; d(3) a(6,3) a(6,7) a(6,2) d(5) d(10)
28; r(8,15) r(9,10) a(5,8) d(12) a(5,8)
29; r(6,13) a(6,15) r(3,13) a(4,16) a(5,2) a(5,8) a(4,8)
30; r(8,15) r(9,10) a(4,16) a(5,2) a(5,8) d(5)
31; r(6,13) a(6,15) r(3,13) a(5,8) d(12) a(5,1)
32; r(4,10) a(2,13) d(6) a(1,16) a(9,15) d(3)
33; a(2,15) a(6,6) a(6,1) a(5,5) d(6)
34; d(6) d(8) d(3) r(2,15) a(6,15) a(5,8) d(4) r(5,1)
35; r(6,16) a(5,14) r(6,15) r(3,10) d(12) a(9,3)
36; r(6,16) a(4,4)
37; r(4,10) a(6,12) d(2) a(14,15) a(9,15) r(9,10) a(4,16) a(5,2) d(2) a(6,16)
38; r(6,16) r(9,10) a(4,16) a(5,2) d(2) r(4,2)
39; r(4,10) a(6,12) d(2) a(14,15) a(9,15) r(5,13)
40; a(2,15) a(6,6) d(4) d(6) r(3,4)
41; r(8,5) d(3) a(6,10) a(4,1) r(6,2) a(1,7) r(1,15)
42; a(2,15) a(6,6) d(4) r(6,2) a(1,7) r(10,3)
43; r(8,5) d(3) a(6,10) a(4,1) d(6) r(1,8)
44; r(8,5) a(2,13) d(6) r(1,2) a(5,16) a(5,1)
45; d(6) d(8) d(3) r(2,15) d(4) r(5,8)
46; r(4,10) a(2,13) d(6) a(1,16) a(9,15) a(8,15)
47; r(8,15) a(6,15) r(3,13) a(6,1) a(6,5) a(2,14)
48; r(8,5) a(2,13) d(6) r(1,2) r(4,5) d(3)
49; r(8,15) a(6,13) a(6,5) d(3)
50; r(8,15) a(5,14) r(6,15) r(3,10) a(4,4) a(2,8)
51; a(2,15) a(6,6) a(6,1) a(5,5) r(6,3)
52; r(6,16) a(5,14) r(6,15) r(3,10) d(12) d(1)
53; r(6,16) r(9,10) a(4,16) a(5,2) a(3,5) r(2,10)
--------------------------------------------------------------------------------
Evaluation

0; 0.
1; 0.
2; 0.
3; 0.
4; 0.
5; 0.
6; 0.
7; 0.
8; 0.
9; 0.
10; 0.
11; 0.
12; 0.
13; 0.
14; 0.
15; 0.
16; 0.
17; 0.
18; 0.
19; 0.
20; 0.
21; 0.
22; 0.
23; 0.
24; 0.
25; 0.
26; 0.
27; 0.
28; 0.
29; 0.
30; 0.
31; 0.
32; 0.
33; 0.
34; 0.
35; 0.
36; 10.
37; 0.
38; 0.
39; 0.
40; 0.
41; 0.
42; 0.
43; 0.
44; 0.
45; 0.
46; 0.
47; 0.
48; 0.
49; 0.
50; 0.
51; 0.
52; 0.
53; 0.
================================================================================
Generation 6

--------------------------------------------------------------------------------
Selection

0; 9
1; 21
2; 4
3; 14
4; 47
5; 52
6; 51
7; 25
8; 18
9; 23
10; 34
11; 13
12; 40
13; 40
14; 28
15; 42
16; 15
17; 39
18; 16
19; 18
20; 39
21; 22
22; 53
23; 28
24; 26
25; 45
26; 3
27; 42
28; 45
29; 31
30; 13
31; 46
32; 53
33; 4
34; 16
35; 20
36; 47
37; 42
38; 20
39; 39
--------------------------------------------------------------------------------
Crossover

0; 26, 16; r(6,16) a(5,14) r(6,15) r(3,10) d(12) r(10,14) a(2,6) r(4,5)
1; 26, 16; d(6) d(9) d(12) a(8,10) r(6,16) a(1,6)
2; 26; r(6,16) a(5,14) r(6,15) r(3,10) d(12) r(10,14)
3; 16; d(6) d(9) d(12) a(8,10) r(6,16) a(1,6) a(2,6) r(4,5)
4; 25, 13; r(8,15) a(5,14) r(6,15) r(3,10) a(4,4) a(1,13) a(5,3) d(5)
5; 25, 13; r(8,15) r(9,12) r(6,16) a(1,6)
6; 25; r(8,15) a(5,14) r(6,15) r(3,10) a(4,4) a(1,13)
7; 13; r(8,15) r(9,12) r(6,16) a(1,6) a(5,3) d(5)
8; 40; a(2,15) a(6,6) d(4) d(6) r(3,4)
9; 47; r(8,15) a(6,15) r(3,13) a(6,1) a(6,5) a(2,14)
10; 14, 18; r(4,10) a(2,13) a(8,10) a(3,5) r(4,3)
11; 14, 18; d(6) d(9) d(12) d(6) a(1,16) a(9,15) d(3)
12; 14; r(4,10) a(2,13) d(6) a(1,16) a(9,15) d(3)
13; 18; d(6) d(9) d(12) a(8,10) a(3,5) r(4,3)
14; 4, 42; r(4,10) a(6,12) d(2) a(14,15) a(9,15) r(6,2) a(1,7) r(10,3)
15; 4, 42; a(2,15) a(6,6) d(4) d(6)
16; 4; r(4,10) a(6,12) d(2) a(14,15) a(9,15) d(6)
17; 42; a(2,15) a(6,6) d(4) r(6,2) a(1,7) r(10,3)
18; 20, 40; r(8,15) r(9,12) r(6,16)
19; 20, 40; a(2,15) a(6,6) d(4) d(6) r(3,4) a(1,6) a(3,8)
20; 20; r(8,15) r(9,12) r(6,16) a(1,6) a(3,8)
21; 40; a(2,15) a(6,6) d(4) d(6) r(3,4)
22; 42, 20; a(2,15) a(6,6) d(4) r(6,2) a(1,7)
23; 42, 20; r(8,15) r(9,12) r(6,16) a(1,6) a(3,8) r(10,3)
24; 42; a(2,15) a(6,6) d(4) r(6,2) a(1,7) r(10,3)
25; 20; r(8,15) r(9,12) r(6,16) a(1,6) a(3,8)
26; 28, 51; r(8,15)
27; 28, 51; a(2,15) a(6,6) a(6,1) a(5,5) r(6,3) r(9,10) a(5,8) d(12) a(5,8)
28; 28; r(8,15) r(9,10) a(5,8) d(12) a(5,8)
29; 51; a(2,15) a(6,6) a(6,1) a(5,5) r(6,3)
30; 23, 53; r(8,5) a(6,12) d(2) a(6,1) d(6) r(1,14) a(3,5) r(2,10)
31; 23, 53; r(6,16) r(9,10) a(4,16) a(5,2)
32; 23; r(8,5) a(6,12) d(2) a(6,1) d(6) r(1,14)
33; 53; r(6,16) r(9,10) a(4,16) a(5,2) a(3,5) r(2,10)
34; 42, 34; a(2,15) a(6,6) d(4) r(6,2) a(1,7) a(5,8) d(4) r(5,1)
35; 42, 34; d(6) d(8) d(3) r(2,15) a(6,15) r(10,3)
36; 42; a(2,15) a(6,6) d(4) r(6,2) a(1,7) r(10,3)
37; 34; d(6) d(8) d(3) r(2,15) a(6,15) a(5,8) d(4) r(5,1)
38; 46; r(4,10) a(2,13) d(6) a(1,16) a(9,15) a(8,15)
39; 45; d(6) d(8) d(3) r(2,15) d(4) r(5,8)
40; 16; d(6) d(9) d(12) a(8,10) r(6,16) a(1,6) a(2,6) r(4,5)
41; 18; d(6) d(9) d(12) a(8,10) a(3,5) r(4,3)
42; 9, 21; r(8,15) r(9,10) a(4,16) a(5,2) a(2,6) a(5,7)
43; 9, 21; r(8,5) a(6,12) d(2) a(6,1) d(6) a(5,8) r(6,1)
44; 9; r(8,15) r(9,10) a(4,16) a(5,2) a(5,8) r(6,1)
45; 21; r(8,5) a(6,12) d(2) a(6,1) d(6) a(2,6) a(5,7)
46; 31; r(6,13) a(6,15) r(3,13) a(5,8) d(12) a(5,1)
47; 45; d(6) d(8) d(3) r(2,15) d(4) r(5,8)
48; 13; r(8,15) r(9,12) r(6,16) a(1,6) a(5,3) d(5)
49; 39; r(4,10) a(6,12) d(2) a(14,15) a(9,15) r(5,13)
50; 53; r(6,16) r(9,10) a(4,16) a(5,2) a(3,5) r(2,10)
51; 39; r(4,10) a(6,12) d(2) a(14,15) a(9,15) r(5,13)
52; 39, 22; r(4,10) a(6,12) d(2) a(14,15) a(9,15) r(5,13) r(6,16) a(1,6) a(2,6) a(1,15)
53; 39, 22; r(8,15) r(9,12)
54; 39; r(4,10) a(6,12) d(2) a(14,15) a(9,15) r(5,13)
55; 22; r(8,15) r(9,12) r(6,16) a(1,6) a(2,6) a(1,15)
56; 3, 47; d(12) d(10) r(3,6) r(6,15) a(6,5) a(2,14)
57; 3, 47; r(8,15) a(6,15) r(3,13) a(6,1) d(8)
58; 3; d(12) d(10) r(3,6) r(6,15) d(8)
59; 47; r(8,15) a(6,15) r(3,13) a(6,1) a(6,5) a(2,14)
60; 15; r(4,10) a(6,15) a(5,8) a(1,14) r(10,7)
61; 4; r(4,10) a(6,12) d(2) a(14,15) a(9,15) d(6)
62; 28, 52; r(8,15) r(9,10) a(5,8) d(12) a(5,8) r(6,15) r(3,10) d(12) d(1)
63; 28, 52; r(6,16) a(5,14)
64; 28; r(8,15) r(9,10) a(5,8) d(12) a(5,8)
65; 52; r(6,16) a(5,14) r(6,15) r(3,10) d(12) d(1)
--------------------------------------------------------------------------------
Mutation

0; r(6,16) a(5,14) r(6,15) r(3,10) d(12) r(10,14) a(2,6) r(4,5) d(8)
1; d(6) d(9) d(12) a(8,10) r(6,16) a(1,6) d(1)
2; r(6,16) a(5,14) r(6,15) r(3,10) d(12) r(10,14) a(8,5)
3; d(6) d(9) d(12) a(8,10) r(6,16) a(1,6) a(2,6) r(4,5) r(8,12)
4; r(8,15) a(5,14) r(6,15) r(3,10) a(4,4) a(1,13) a(5,3) d(5) d(1)
5; r(8,15) r(9,12) r(6,16) a(1,6) a(1,8)
6; r(8,15) a(5,14) r(6,15) r(3,10) a(4,4) a(1,13) r(2,1)
7; r(8,15) r(9,12) r(6,16) a(1,6) a(5,3) d(5) d(1)
8; a(2,15) a(6,6) d(4) d(6) r(3,4) d(9)
9; r(8,15) a(6,15) r(3,13) a(6,1) a(6,5) a(2,14) r(5,12)
10; r(4,10) a(2,13) a(8,10) a(3,5) r(4,3) a(10,2)
11; d(6) d(9) d(12) d(6) a(1,16) a(9,15) d(3) a(5,5)
12; r(4,10) a(2,13) d(6) a(1,16) a(9,15) d(3) d(5)
13; d(6) d(9) d(12) a(8,10) a(3,5) r(4,3) d(2)
14; r(4,10) a(6,12) d(2) a(14,15) a(9,15) r(6,2) a(1,7) r(10,3) d(3)
15; a(2,15) a(6,6) d(4) d(6) a(8,4)
16; r(4,10) a(6,12) d(2) a(14,15) a(9,15) d(6) a(8,15)
17; a(2,15) a(6,6) d(4) r(6,2) a(1,7) r(10,3) d(9)
18; r(8,15) r(9,12) r(6,16) r(2,16)
19; a(2,15) a(6,6) d(4) d(6) r(3,4) a(1,6) a(3,8) a(1,6)
20; r(8,15) r(9,12) r(6,16) a(1,6) a(3,8) d(3)
21; a(2,15) a(6,6) d(4) d(6) r(3,4) a(14,2)
22; a(2,15) a(6,6) d(4) r(6,2) a(1,7) a(12,16)
23; r(8,15) r(9,12) r(6,16) a(1,6) a(3,8) r(10,3) r(4,5)
24; a(2,15) a(6,6) d(4) r(6,2) a(1,7) r(10,3) d(14)
25; r(8,15) r(9,12) r(6,16) a(1,6) a(3,8) a(1,8)
26; r(8,15) a(6,4)
27; a(2,15) a(6,6) a(6,1) a(5,5) r(6,3) r(9,10) a(5,8) d(12) a(5,8) r(5,4)
28; r(8,15) r(9,10) a(5,8) d(12) a(5,8) a(6,1)
29; a(2,15) a(6,6) a(6,1) a(5,5) r(6,3) r(8,7)
30; r(8,5) a(6,12) d(2) a(6,1) d(6) r(1,14) a(3,5) r(2,10) d(4)
31; r(6,16) r(9,10) a(4,16) a(5,2) d(12)
32; r(8,5) a(6,12) d(2) a(6,1) d(6) r(1,14) a(3,8)
33; r(6,16) r(9,10) a(4,16) a(5,2) a(3,5) r(2,10) d(1)
34; a(2,15) a(6,6) d(4) r(6,2) a(1,7) a(5,8) d(4) r(5,1) r(2,5)
35; d(6) d(8) d(3) r(2,15) a(6,15) r(10,3) a(4,13)
36; a(2,15) a(6,6) d(4) r(6,2) a(1,7) r(10,3) a(14,5)
37; d(6) d(8) d(3) r(2,15) a(6,15) a(5,8) d(4) r(5,1) a(1,16)
38; r(4,10) a(2,13) d(6) a(1,16) a(9,15) a(8,15) r(9,5)
39; d(6) d(8) d(3) r(2,15) d(4) r(5,8) a(1,2)
40; d(6) d(9) d(12) a(8,10) r(6,16) a(1,6) a(2,6) r(4,5) d(8)
41; d(6) d(9) d(12) a(8,10) a(3,5) r(4,3) a(3,15)
42; r(8,15) r(9,10) a(4,16) a(5,2) a(2,6) a(5,7) d(6)
43; r(8,5) a(6,12) d(2) a(6,1) d(6) a(5,8) r(6,1) d(3)
44; r(8,15) r(9,10) a(4,16) a(5,2) a(5,8) r(6,1) r(5,15)
45; r(8,5) a(6,12) d(2) a(6,1) d(6) a(2,6) a(5,7) r(4,1)
46; r(6,13) a(6,15) r(3,13) a(5,8) d(12) a(5,1) r(5,10)
47; d(6) d(8) d(3) r(2,15) d(4) r(5,8) a(1,16)
48; r(8,15) r(9,12) r(6,16) a(1,6) a(5,3) d(5) r(4,10)
49; r(4,10) a(6,12) d(2) a(14,15) a(9,15) r(5,13) d(9)
50; r(6,16) r(9,10) a(4,16) a(5,2) a(3,5) r(2,10) a(12,10)
51; r(4,10) a(6,12) d(2) a(14,15) a(9,15) r(5,13) d(12)
52; r(4,10) a(6,12) d(2) a(14,15) a(9,15) r(5,13) r(6,16) a(1,6) a(2,6) a(1,15) d(9)
53; r(8,15) r(9,12) a(1,2)
54; r(4,10) a(6,12) d(2) a(14,15) a(9,15) r(5,13) d(12)
55; r(8,15) r(9,12) r(6,16) a(1,6) a(2,6) a(1,15) r(1,5)
56; d(12) d(10) r(3,6) r(6,15) a(6,5) a(2,14) a(8,10)
57; r(8,15) a(6,15) r(3,13) a(6,1) d(8) r(4,1)
58; d(12) d(10) r(3,6) r(6,15) d(8) d(5)
59; r(8,15) a(6,15) r(3,13) a(6,1) a(6,5) a(2,14) r(6,14)
60; r(4,10) a(6,15) a(5,8) a(1,14) r(10,7) r(6,14)
61; r(4,10) a(6,12) d(2) a(14,15) a(9,15) d(6) d(1)
62; r(8,15) r(9,10) a(5,8) d(12) a(5,8) r(6,15) r(3,10) d(12) d(1) r(4,6)
63; r(6,16) a(5,14) a(10,5)
64; r(8,15) r(9,10) a(5,8) d(12) a(5,8) r(1,7)
65; r(6,16) a(5,14) r(6,15) r(3,10) d(12) d(1) a(10,16)
--------------------------------------------------------------------------------
Evaluation

0; 0.
1; 0.
2; 0.
3; 0.
4; 0.
5; 0.
6; 0.
7; 0.
8; 0.
9; 0.
10; 0.
11; 0.
12; 0.
13; 0.
14; 0.
15; 0.
16; 0.
17; 0.
18; 0.
19; 0.
20; 0.
21; 0.
22; 0.
23; 0.
24; 0.
25; 0.
26; 0.
27; 0.
28; 0.
29; 0.
30; 0.
31; 0.
32; 0.
33; 0.
34; 0.
35; 0.
36; 0.
37; 0.
38; 0.
39; 0.
40; 0.
41; 0.
42; 0.
43; 0.
44; 0.
45; 0.
46; 0.
47; 0.
48; 0.
49; 0.
50; 0.
51; 0.
52; 0.
53; 0.
54; 0.
55; 0.
56; 0.
57; 0.
58; 0.
59; 0.
60; 0.
61; 0.
62; 0.
63; 5.
64; 0.
65; 0.
================================================================================
Generation 7

--------------------------------------------------------------------------------
Selection

0; 27
1; 15
2; 13
3; 14
4; 3
5; 40
6; 56
7; 4
8; 52
9; 26
10; 3
11; 45
12; 47
13; 14
14; 32
15; 41
16; 28
17; 43
18; 20
19; 1
20; 35
21; 60
22; 44
23; 27
24; 44
25; 40
26; 12
27; 35
28; 22
29; 9
30; 44
31; 9
32; 49
33; 15
34; 30
35; 50
36; 58
37; 31
38; 49
39; 17
--------------------------------------------------------------------------------
Crossover

0; 9; r(8,15) a(6,15) r(3,13) a(6,1) a(6,5) a(2,14) r(5,12)
1; 12; r(4,10) a(2,13) d(6) a(1,16) a(9,15) d(3) d(5)
2; 35, 47; d(6) d(8) d(8) d(3) r(2,15) d(4) r(5,8) a(1,16)
3; 35, 47; d(6) d(3) r(2,15) a(6,15) r(10,3) a(4,13)
4; 35; d(6) d(8) d(3) r(2,15) a(6,15) r(10,3) a(4,13)
5; 47; d(6) d(8) d(3) r(2,15) d(4) r(5,8) a(1,16)
6; 31; r(6,16) r(9,10) a(4,16) a(5,2) d(12)
7; 44; r(8,15) r(9,10) a(4,16) a(5,2) a(5,8) r(6,1) r(5,15)
8; 3; d(6) d(9) d(12) a(8,10) r(6,16) a(1,6) a(2,6) r(4,5) r(8,12)
9; 40; d(6) d(9) d(12) a(8,10) r(6,16) a(1,6) a(2,6) r(4,5) d(8)
10; 4; r(8,15) a(5,14) r(6,15) r(3,10) a(4,4) a(1,13) a(5,3) d(5) d(1)
11; 60; r(4,10) a(6,15) a(5,8) a(1,14) r(10,7) r(6,14)
12; 32; r(8,5) a(6,12) d(2) a(6,1) d(6) r(1,14) a(3,8)
13; 43; r(8,5) a(6,12) d(2) a(6,1) d(6) a(5,8) r(6,1) d(3)
14; 20, 9; r(8,15) r(9,12) r(6,16) a(6,5) a(2,14) r(5,12)
15; 20, 9; r(8,15) a(6,15) r(3,13) a(6,1) a(1,6) a(3,8) d(3)
16; 20; r(8,15) r(9,12) r(6,16) a(1,6) a(3,8) d(3)
17; 9; r(8,15) a(6,15) r(3,13) a(6,1) a(6,5) a(2,14) r(5,12)
18; 58; d(12) d(10) r(3,6) r(6,15) d(8) d(5)
19; 56; d(12) d(10) r(3,6) r(6,15) a(6,5) a(2,14) a(8,10)
20; 3; d(6) d(9) d(12) a(8,10) r(6,16) a(1,6) a(2,6) r(4,5) r(8,12)
21; 52; r(4,10) a(6,12) d(2) a(14,15) a(9,15) r(5,13) r(6,16) a(1,6) a(2,6) a(1,15) d(9)
22; 15, 14; a(2,15) a(6,6) d(4) d(6) a(8,4)
23; 15, 14; r(4,10) a(6,12) d(2) a(14,15) a(9,15) r(6,2) a(1,7) r(10,3) d(3)
24; 15; a(2,15) a(6,6) d(4) d(6) a(8,4)
25; 14; r(4,10) a(6,12) d(2) a(14,15) a(9,15) r(6,2) a(1,7) r(10,3) d(3)
26; 49; r(4,10) a(6,12) d(2) a(14,15) a(9,15) r(5,13) d(9)
27; 14; r(4,10) a(6,12) d(2) a(14,15) a(9,15) r(6,2) a(1,7) r(10,3) d(3)
28; 50; r(6,16) r(9,10) a(4,16) a(5,2) a(3,5) r(2,10) a(12,10)
29; 44; r(8,15) r(9,10) a(4,16) a(5,2) a(5,8) r(6,1) r(5,15)
30; 44; r(8,15) r(9,10) a(4,16) a(5,2) a(5,8) r(6,1) r(5,15)
31; 27; a(2,15) a(6,6) a(6,1) a(5,5) r(6,3) r(9,10) a(5,8) d(12) a(5,8) r(5,4)
32; 41, 49; d(6) d(9) d(12) a(8,10) a(3,5) r(4,3) d(2) a(14,15) a(9,15) r(5,13) d(9)
33; 41, 49; r(4,10) a(6,12) a(3,15)
34; 41; d(6) d(9) d(12) a(8,10) a(3,5) r(4,3) a(3,15)
35; 49; r(4,10) a(6,12) d(2) a(14,15) a(9,15) r(5,13) d(9)
36; 13; d(6) d(9) d(12) a(8,10) a(3,5) r(4,3) d(2)
37; 28; r(8,15) r(9,10) a(5,8) d(12) a(5,8) a(6,1)
38; 30, 17; r(8,5) a(6,12) d(2) a(6,1) d(6) r(1,14) a(3,5) r(2,10) d(4) d(4) r(6,2) a(1,7) r(10,3) d(9)
39; 30, 17; a(2,15) a(6,6)
40; 30; r(8,5) a(6,12) d(2) a(6,1) d(6) r(1,14) a(3,5) r(2,10) d(4)
41; 17; a(2,15) a(6,6) d(4) r(6,2) a(1,7) r(10,3) d(9)
42; 26, 40; r(8,15) r(6,16) a(1,6) a(2,6) r(4,5) d(8)
43; 26, 40; d(6) d(9) d(12) a(8,10) a(6,4)
44; 26; r(8,15) a(6,4)
45; 40; d(6) d(9) d(12) a(8,10) r(6,16) a(1,6) a(2,6) r(4,5) d(8)
46; 27; a(2,15) a(6,6) a(6,1) a(5,5) r(6,3) r(9,10) a(5,8) d(12) a(5,8) r(5,4)
47; 45; r(8,5) a(6,12) d(2) a(6,1) d(6) a(2,6) a(5,7) r(4,1)
48; 15, 22; a(2,15) a(6,6) d(4) d(6) a(8,4) d(4) r(6,2) a(1,7) a(12,16)
49; 15, 22; a(2,15) a(6,6)
50; 15; a(2,15) a(6,6) d(4) d(6) a(8,4)
51; 22; a(2,15) a(6,6) d(4) r(6,2) a(1,7) a(12,16)
52; 35, 1; d(6) d(8) d(3) a(8,10) r(6,16) a(1,6) d(1)
53; 35, 1; d(6) d(9) d(12) r(2,15) a(6,15) r(10,3) a(4,13)
54; 35; d(6) d(8) d(3) r(2,15) a(6,15) r(10,3) a(4,13)
55; 1; d(6) d(9) d(12) a(8,10) r(6,16) a(1,6) d(1)
--------------------------------------------------------------------------------
Mutation

0; r(8,15) a(6,15) r(3,13) a(6,1) a(6,5) a(2,14) r(5,12) d(1)
1; r(4,10) a(2,13) d(6) a(1,16) a(9,15) d(3) d(5) r(2,6)
2; d(6) d(8) d(8) d(3) r(2,15) d(4) r(5,8) a(1,16) a(1,15)
3; d(6) d(3) r(2,15) a(6,15) r(10,3) a(4,13) a(14,14)
4; d(6) d(8) d(3) r(2,15) a(6,15) r(10,3) a(4,13) a(4,10)
5; d(6) d(8) d(3) r(2,15) d(4) r(5,8) a(1,16) a(1,13)
6; r(6,16) r(9,10) a(4,16) a(5,2) d(12) a(4,7)
7; r(8,15) r(9,10) a(4,16) a(5,2) a(5,8) r(6,1) r(5,15) a(1,12)
8; d(6) d(9) d(12) a(8,10) r(6,16) a(1,6) a(2,6) r(4,5) r(8,12) a(2,4)
9; d(6) d(9) d(12) a(8,10) r(6,16) a(1,6) a(2,6) r(4,5) d(8) r(3,15)
10; r(8,15) a(5,14) r(6,15) r(3,10) a(4,4) a(1,13) a(5,3) d(5) d(1) r(2,4)
11; r(4,10) a(6,15) a(5,8) a(1,14) r(10,7) r(6,14) d(14)
12; r(8,5) a(6,12) d(2) a(6,1) d(6) r(1,14) a(3,8) r(4,10)
13; r(8,5) a(6,12) d(2) a(6,1) d(6) a(5,8) r(6,1) d(3) d(5)
14; r(8,15) r(9,12) r(6,16) a(6,5) a(2,14) r(5,12) d(1)
15; r(8,15) a(6,15) r(3,13) a(6,1) a(1,6) a(3,8) d(3) a(6,7)
16; r(8,15) r(9,12) r(6,16) a(1,6) a(3,8) d(3) d(5)
17; r(8,15) a(6,15) r(3,13) a(6,1) a(6,5) a(2,14) r(5,12) d(1)
18; d(12) d(10) r(3,6) r(6,15) d(8) d(5) d(2)
19; d(12) d(10) r(3,6) r(6,15) a(6,5) a(2,14) a(8,10) r(1,7)
20; d(6) d(9) d(12) a(8,10) r(6,16) a(1,6) a(2,6) r(4,5) r(8,12) a(1,3)
21; r(4,10) a(6,12) d(2) a(14,15) a(9,15) r(5,13) r(6,16) a(1,6) a(2,6) a(1,15) d(9) r(1,6)
22; a(2,15) a(6,6) d(4) d(6) a(8,4) d(5)
23; r(4,10) a(6,12) d(2) a(14,15) a(9,15) r(6,2) a(1,7) r(10,3) d(3) a(1,12)
24; a(2,15) a(6,6) d(4) d(6) a(8,4) a(14,12)
25; r(4,10) a(6,12) d(2) a(14,15) a(9,15) r(6,2) a(1,7) r(10,3) d(3) r(5,12)
26; r(4,10) a(6,12) d(2) a(14,15) a(9,15) r(5,13) d(9) d(8)
27; r(4,10) a(6,12) d(2) a(14,15) a(9,15) r(6,2) a(1,7) r(10,3) d(3) r(12,6)
28; r(6,16) r(9,10) a(4,16) a(5,2) a(3,5) r(2,10) a(12,10) r(1,8)
29; r(8,15) r(9,10) a(4,16) a(5,2) a(5,8) r(6,1) r(5,15) d(1)
30; r(8,15) r(9,10) a(4,16) a(5,2) a(5,8) r(6,1) r(5,15) a(1,15)
31; a(2,15) a(6,6) a(6,1) a(5,5) r(6,3) r(9,10) a(5,8) d(12) a(5,8) r(5,4) d(8)
32; d(6) d(9) d(12) a(8,10) a(3,5) r(4,3) d(2) a(14,15) a(9,15) r(5,13) d(9) d(1)
33; r(4,10) a(6,12) a(3,15) d(6)
34; d(6) d(9) d(12) a(8,10) a(3,5) r(4,3) a(3,15) d(3)
35; r(4,10) a(6,12) d(2) a(14,15) a(9,15) r(5,13) d(9) r(8,7)
36; d(6) d(9) d(12) a(8,10) a(3,5) r(4,3) d(2) r(5,1)
37; r(8,15) r(9,10) a(5,8) d(12) a(5,8) a(6,1) a(3,4)
38; r(8,5) a(6,12) d(2) a(6,1) d(6) r(1,14) a(3,5) r(2,10) d(4) d(4) r(6,2) a(1,7) r(10,3) d(9) a(3,5)
39; a(2,15) a(6,6) a(6,2)
40; r(8,5) a(6,12) d(2) a(6,1) d(6) r(1,14) a(3,5) r(2,10) d(4) r(3,4)
41; a(2,15) a(6,6) d(4) r(6,2) a(1,7) r(10,3) d(9) r(1,10)
42; r(8,15) r(6,16) a(1,6) a(2,6) r(4,5) d(8) r(2,7)
43; d(6) d(9) d(12) a(8,10) a(6,4) r(2,4)
44; r(8,15) a(6,4) r(1,2)
45; d(6) d(9) d(12) a(8,10) r(6,16) a(1,6) a(2,6) r(4,5) d(8) d(2)
46; a(2,15) a(6,6) a(6,1) a(5,5) r(6,3) r(9,10) a(5,8) d(12) a(5,8) r(5,4) a(2,12)
47; r(8,5) a(6,12) d(2) a(6,1) d(6) a(2,6) a(5,7) r(4,1) a(5,10)
48; a(2,15) a(6,6) d(4) d(6) a(8,4) d(4) r(6,2) a(1,7) a(12,16) r(2,16)
49; a(2,15) a(6,6) r(6,4)
50; a(2,15) a(6,6) d(4) d(6) a(8,4) a(10,14)
51; a(2,15) a(6,6) d(4) r(6,2) a(1,7) a(12,16) r(10,13)
52; d(6) d(8) d(3) a(8,10) r(6,16) a(1,6) d(1) a(5,14)
53; d(6) d(9) d(12) r(2,15) a(6,15) r(10,3) a(4,13) r(4,2)
54; d(6) d(8) d(3) r(2,15) a(6,15) r(10,3) a(4,13) a(1,7)
55; d(6) d(9) d(12) a(8,10) r(6,16) a(1,6) d(1) a(5,16)
--------------------------------------------------------------------------------
Evaluation

0; 0.
1; 0.
2; 0.
3; 0.
4; 0.
5; 0.
6; 0.
7; 0.
8; 0.
9; 0.
10; 0.
11; 0.
12; 0.
13; 0.
14; 0.
15; 0.
16; 0.
17; 0.
18; 0.
19; 0.
20; 0.
21; 0.
22; 0.
23; 0.
24; 0.
25; 0.
26; 0.
27; 0.
28; 0.
29; 0.
30; 0.
31; 0.
32; 0.
33; 0.
34; 0.
35; 0.
36; 0.
37; 0.
38; 0.
39; 0.
40; 0.
41; 0.
42; 0.
43; 0.
44; 0.
45; 0.
46; 0.
47; 0.
48; 0.
49; 0.
50; 0.
51; 0.
52; 0.
53; 0.
54; 0.
55; 0.
================================================================================
Generation 8

--------------------------------------------------------------------------------
Selection

0; 55
1; 44
2; 34
3; 15
4; 25
5; 31
6; 2
7; 22
8; 53
9; 40
10; 31
11; 40
12; 46
13; 38
14; 47
15; 16
16; 10
17; 17
18; 20
19; 30
20; 42
21; 0
22; 29
23; 30
24; 13
25; 51
26; 4
27; 18
28; 11
29; 44
30; 47
31; 1
32; 24
33; 7
34; 27
35; 54
36; 23
37; 49
38; 8
39; 0
--------------------------------------------------------------------------------
Crossover

0; 34; d(6) d(9) d(12) a(8,10) a(3,5) r(4,3) a(3,15) d(3)
1; 42; r(8,15) r(6,16) a(1,6) a(2,6) r(4,5) d(8) r(2,7)
2; 16; r(8,15) r(9,12) r(6,16) a(1,6) a(3,8) d(3) d(5)
3; 53; d(6) d(9) d(12) r(2,15) a(6,15) r(10,3) a(4,13) r(4,2)
4; 15, 46; r(8,15) a(6,15) r(3,13) a(6,1) a(1,6) a(5,8) d(12) a(5,8) r(5,4) a(2,12)
5; 15, 46; a(2,15) a(6,6) a(6,1) a(5,5) r(6,3) r(9,10) a(3,8) d(3) a(6,7)
6; 15; r(8,15) a(6,15) r(3,13) a(6,1) a(1,6) a(3,8) d(3) a(6,7)
7; 46; a(2,15) a(6,6) a(6,1) a(5,5) r(6,3) r(9,10) a(5,8) d(12) a(5,8) r(5,4) a(2,12)
8; 30; r(8,15) r(9,10) a(4,16) a(5,2) a(5,8) r(6,1) r(5,15) a(1,15)
9; 49; a(2,15) a(6,6) r(6,4)
10; 20, 44; d(6) d(9) d(12) a(8,10) a(6,4) r(1,2)
11; 20, 44; r(8,15) r(6,16) a(1,6) a(2,6) r(4,5) r(8,12) a(1,3)
12; 20; d(6) d(9) d(12) a(8,10) r(6,16) a(1,6) a(2,6) r(4,5) r(8,12) a(1,3)
13; 44; r(8,15) a(6,4) r(1,2)
14; 25; r(4,10) a(6,12) d(2) a(14,15) a(9,15) r(6,2) a(1,7) r(10,3) d(3) r(5,12)
15; 11; r(4,10) a(6,15) a(5,8) a(1,14) r(10,7) r(6,14) d(14)
16; 17; r(8,15) a(6,15) r(3,13) a(6,1) a(6,5) a(2,14) r(5,12) d(1)
17; 47; r(8,5) a(6,12) d(2) a(6,1) d(6) a(2,6) a(5,7) r(4,1) a(5,10)
18; 0; r(8,15) a(6,15) r(3,13) a(6,1) a(6,5) a(2,14) r(5,12) d(1)
19; 55; d(6) d(9) d(12) a(8,10) r(6,16) a(1,6) d(1) a(5,16)
20; 7; r(8,15) r(9,10) a(4,16) a(5,2) a(5,8) r(6,1) r(5,15) a(1,12)
21; 10; r(8,15) a(5,14) r(6,15) r(3,10) a(4,4) a(1,13) a(5,3) d(5) d(1) r(2,4)
22; 8, 40; d(6) r(2,10) d(4) r(3,4)
23; 8, 40; r(8,5) a(6,12) d(2) a(6,1) d(6) r(1,14) a(3,5) d(9) d(12) a(8,10) r(6,16) a(1,6) a(2,6) r(4,5) r(8,12) a(2,4)
24; 8; d(6) d(9) d(12) a(8,10) r(6,16) a(1,6) a(2,6) r(4,5) r(8,12) a(2,4)
25; 40; r(8,5) a(6,12) d(2) a(6,1) d(6) r(1,14) a(3,5) r(2,10) d(4) r(3,4)
26; 54; d(6) d(8) d(3) r(2,15) a(6,15) r(10,3) a(4,13) a(1,7)
27; 2; d(6) d(8) d(8) d(3) r(2,15) d(4) r(5,8) a(1,16) a(1,15)
28; 40; r(8,5) a(6,12) d(2) a(6,1) d(6) r(1,14) a(3,5) r(2,10) d(4) r(3,4)
29; 27; r(4,10) a(6,12) d(2) a(14,15) a(9,15) r(6,2) a(1,7) r(10,3) d(3) r(12,6)
30; 4; d(6) d(8) d(3) r(2,15) a(6,15) r(10,3) a(4,13) a(4,10)
31; 29; r(8,15) r(9,10) a(4,16) a(5,2) a(5,8) r(6,1) r(5,15) d(1)
32; 1; r(4,10) a(2,13) d(6) a(1,16) a(9,15) d(3) d(5) r(2,6)
33; 31; a(2,15) a(6,6) a(6,1) a(5,5) r(6,3) r(9,10) a(5,8) d(12) a(5,8) r(5,4) d(8)
34; 31, 51; a(2,15) a(6,6) a(6,1) a(5,5) r(6,3) r(9,10) a(5,8) a(1,7) a(12,16) r(10,13)
35; 31, 51; a(2,15) a(6,6) d(4) r(6,2) d(12) a(5,8) r(5,4) d(8)
36; 31; a(2,15) a(6,6) a(6,1) a(5,5) r(6,3) r(9,10) a(5,8) d(12) a(5,8) r(5,4) d(8)
37; 51; a(2,15) a(6,6) d(4) r(6,2) a(1,7) a(12,16) r(10,13)
38; 22, 38; a(2,15) a(6,6) d(4) d(6) a(8,4) d(5) d(4) r(6,2) a(1,7) r(10,3) d(9) a(3,5)
39; 22, 38; r(8,5) a(6,12) d(2) a(6,1) d(6) r(1,14) a(3,5) r(2,10) d(4)
40; 22; a(2,15) a(6,6) d(4) d(6) a(8,4) d(5)
41; 38; r(8,5) a(6,12) d(2) a(6,1) d(6) r(1,14) a(3,5) r(2,10) d(4) d(4) r(6,2) a(1,7) r(10,3) d(9) a(3,5)
42; 18; d(12) d(10) r(3,6) r(6,15) d(8) d(5) d(2)
43; 23; r(4,10) a(6,12) d(2) a(14,15) a(9,15) r(6,2) a(1,7) r(10,3) d(3) a(1,12)
44; 24; a(2,15) a(6,6) d(4) d(6) a(8,4) a(14,12)
45; 0; r(8,15) a(6,15) r(3,13) a(6,1) a(6,5) a(2,14) r(5,12) d(1)
46; 30, 13; r(8,15) r(9,10)
47; 30, 13; r(8,5) a(6,12) d(2) a(6,1) d(6) a(5,8) r(6,1) d(3) d(5) a(4,16) a(5,2) a(5,8) r(6,1) r(5,15) a(1,15)
48; 30; r(8,15) r(9,10) a(4,16) a(5,2) a(5,8) r(6,1) r(5,15) a(1,15)
49; 13; r(8,5) a(6,12) d(2) a(6,1) d(6) a(5,8) r(6,1) d(3) d(5)
50; 47, 44; r(8,5) a(6,12) d(2)
51; 47, 44; r(8,15) a(6,4) r(1,2) a(6,1) d(6) a(2,6) a(5,7) r(4,1) a(5,10)
52; 47; r(8,5) a(6,12) d(2) a(6,1) d(6) a(2,6) a(5,7) r(4,1) a(5,10)
53; 44; r(8,15) a(6,4) r(1,2)
--------------------------------------------------------------------------------
Mutation

0; d(6) d(9) d(12) a(8,10) a(3,5) r(4,3) a(3,15) d(3) d(8)
1; r(8,15) r(6,16) a(1,6) a(2,6) r(4,5) d(8) r(2,7) a(3,4)
2; r(8,15) r(9,12) r(6,16) a(1,6) a(3,8) d(3) d(5) r(2,7)
3; d(6) d(9) d(12) r(2,15) a(6,15) r(10,3) a(4,13) r(4,2) r(3,5)
4; r(8,15) a(6,15) r(3,13) a(6,1) a(1,6) a(5,8) d(12) a(5,8) r(5,4) a(2,12) d(4)
5; a(2,15) a(6,6) a(6,1) a(5,5) r(6,3) r(9,10) a(3,8) d(3) a(6,7) d(8)
6; r(8,15) a(6,15) r(3,13) a(6,1) a(1,6) a(3,8) d(3) a(6,7) r(4,5)
7; a(2,15) a(6,6) a(6,1) a(5,5) r(6,3) r(9,10) a(5,8) d(12) a(5,8) r(5,4) a(2,12) r(4,14)
8; r(8,15) r(9,10) a(4,16) a(5,2) a(5,8) r(6,1) r(5,15) a(1,15) r(2,4)
9; a(2,15) a(6,6) r(6,4) a(10,5)
10; d(6) d(9) d(12) a(8,10) a(6,4) r(1,2) d(8)
11; r(8,15) r(6,16) a(1,6) a(2,6) r(4,5) r(8,12) a(1,3) r(2,5)
12; d(6) d(9) d(12) a(8,10) r(6,16) a(1,6) a(2,6) r(4,5) r(8,12) a(1,3) r(5,8)
13; r(8,15) a(6,4) r(1,2) r(2,7)
14; r(4,10) a(6,12) d(2) a(14,15) a(9,15) r(6,2) a(1,7) r(10,3) d(3) r(5,12) r(14,13)
15; r(4,10) a(6,15) a(5,8) a(1,14) r(10,7) r(6,14) d(14) d(1)
16; r(8,15) a(6,15) r(3,13) a(6,1) a(6,5) a(2,14) r(5,12) d(1) d(4)
17; r(8,5) a(6,12) d(2) a(6,1) d(6) a(2,6) a(5,7) r(4,1) a(5,10) r(3,7)
18; r(8,15) a(6,15) r(3,13) a(6,1) a(6,5) a(2,14) r(5,12) d(1) d(4)
19; d(6) d(9) d(12) a(8,10) r(6,16) a(1,6) d(1) a(5,16) d(2)
20; r(8,15) r(9,10) a(4,16) a(5,2) a(5,8) r(6,1) r(5,15) a(1,12) a(1,16)
21; r(8,15) a(5,14) r(6,15) r(3,10) a(4,4) a(1,13) a(5,3) d(5) d(1) r(2,4) r(4,5)
22; d(6) r(2,10) d(4) r(3,4) r(9,4)
23; r(8,5) a(6,12) d(2) a(6,1) d(6) r(1,14) a(3,5) d(9) d(12) a(8,10) r(6,16) a(1,6) a(2,6) r(4,5) r(8,12) a(2,4) a(5,1)
24; d(6) d(9) d(12) a(8,10) r(6,16) a(1,6) a(2,6) r(4,5) r(8,12) a(2,4) d(2)
25; r(8,5) a(6,12) d(2) a(6,1) d(6) r(1,14) a(3,5) r(2,10) d(4) r(3,4) r(5,10)
26; d(6) d(8) d(3) r(2,15) a(6,15) r(10,3) a(4,13) a(1,7) r(4,13)
27; d(6) d(8) d(8) d(3) r(2,15) d(4) r(5,8) a(1,16) a(1,15) a(1,14)
28; r(8,5) a(6,12) d(2) a(6,1) d(6) r(1,14) a(3,5) r(2,10) d(4) r(3,4) r(5,4)
29; r(4,10) a(6,12) d(2) a(14,15) a(9,15) r(6,2) a(1,7) r(10,3) d(3) r(12,6) r(5,4)
30; d(6) d(8) d(3) r(2,15) a(6,15) r(10,3) a(4,13) a(4,10) r(4,15)
31; r(8,15) r(9,10) a(4,16) a(5,2) a(5,8) r(6,1) r(5,15) d(1) a(2,7)
32; r(4,10) a(2,13) d(6) a(1,16) a(9,15) d(3) d(5) r(2,6) d(14)
33; a(2,15) a(6,6) a(6,1) a(5,5) r(6,3) r(9,10) a(5,8) d(12) a(5,8) r(5,4) d(8) a(4,6)
34; a(2,15) a(6,6) a(6,1) a(5,5) r(6,3) r(9,10) a(5,8) a(1,7) a(12,16) r(10,13) a(14,13)
35; a(2,15) a(6,6) d(4) r(6,2) d(12) a(5,8) r(5,4) d(8) a(1,4)
36; a(2,15) a(6,6) a(6,1) a(5,5) r(6,3) r(9,10) a(5,8) d(12) a(5,8) r(5,4) d(8) d(4)
37; a(2,15) a(6,6) d(4) r(6,2) a(1,7) a(12,16) r(10,13) a(1,14)
38; a(2,15) a(6,6) d(4) d(6) a(8,4) d(5) d(4) r(6,2) a(1,7) r(10,3) d(9) a(3,5) d(14)
39; r(8,5) a(6,12) d(2) a(6,1) d(6) r(1,14) a(3,5) r(2,10) d(4) r(3,8)
40; a(2,15) a(6,6) d(4) d(6) a(8,4) d(5) r(8,3)
41; r(8,5) a(6,12) d(2) a(6,1) d(6) r(1,14) a(3,5) r(2,10) d(4) d(4) r(6,2) a(1,7) r(10,3) d(9) a(3,5) a(5,7)
42; d(12) d(10) r(3,6) r(6,15) d(8) d(5) d(2) r(1,13)
43; r(4,10) a(6,12) d(2) a(14,15) a(9,15) r(6,2) a(1,7) r(10,3) d(3) a(1,12) a(8,13)
44; a(2,15) a(6,6) d(4) d(6) a(8,4) a(14,12) d(10)
45; r(8,15) a(6,15) r(3,13) a(6,1) a(6,5) a(2,14) r(5,12) d(1) r(2,10)
46; r(8,15) r(9,10) r(6,10)
47; r(8,5) a(6,12) d(2) a(6,1) d(6) a(5,8) r(6,1) d(3) d(5) a(4,16) a(5,2) a(5,8) r(6,1) r(5,15) a(1,15) a(1,2)
48; r(8,15) r(9,10) a(4,16) a(5,2) a(5,8) r(6,1) r(5,15) a(1,15) a(4,13)
49; r(8,5) a(6,12) d(2) a(6,1) d(6) a(5,8) r(6,1) d(3) d(5) d(1)
50; r(8,5) a(6,12) d(2) r(1,6)
51; r(8,15) a(6,4) r(1,2) a(6,1) d(6) a(2,6) a(5,7) r(4,1) a(5,10) d(2)
52; r(8,5) a(6,12) d(2) a(6,1) d(6) a(2,6) a(5,7) r(4,1) a(5,10) r(1,12)
53; r(8,15) a(6,4) r(1,2) a(6,4)
--------------------------------------------------------------------------------
Evaluation

0; 0.
1; 0.
2; 0.
3; 0.
4; 0.
5; 0.
6; 0.
7; 0.
8; 0.
9; 0.
10; 0.
11; 0.
12; 0.
13; 0.
14; 0.
15; 0.
16; 0.
17; 0.
18; 0.
19; 0.
20; 0.
21; 0.
22; 0.
23; 0.
24; 0.
25; 0.
26; 0.
27; 0.
28; 0.
29; 0.
30; 0.
31; 0.
32; 0.
33; 0.
34; 0.
35; 0.
36; 0.
37; 0.
38; 0.
39; 0.
40; 0.
41; 0.
42; 0.
43; 0.
44; 0.
45; 0.
46; 0.
47; 0.
48; 0.
49; 0.
50; 0.
51; 0.
52; 0.
53; 0.
================================================================================
Generation 9

--------------------------------------------------------------------------------
Selection

0; 10
1; 48
2; 18
3; 17
4; 49
5; 28
6; 28
7; 2
8; 29
9; 34
10; 5
11; 25
12; 43
13; 27
14; 17
15; 4
16; 49
17; 24
18; 30
19; 28
20; 7
21; 1
22; 11
23; 52
24; 27
25; 46
26; 8
27; 17
28; 46
29; 44
30; 3
31; 21
32; 50
33; 51
34; 16
35; 6
36; 42
37; 31
38; 6
39; 28
--------------------------------------------------------------------------------
Crossover

0; 34, 2; a(2,15) a(6,6) a(6,1) a(5,5) r(6,3) r(9,10) a(5,8) a(1,7) a(12,16) r(10,13) r(2,7)
1; 34, 2; r(8,15) r(9,12) r(6,16) a(1,6) a(3,8) d(3) d(5) a(14,13)
2; 34; a(2,15) a(6,6) a(6,1) a(5,5) r(6,3) r(9,10) a(5,8) a(1,7) a(12,16) r(10,13) a(14,13)
3; 2; r(8,15) r(9,12) r(6,16) a(1,6) a(3,8) d(3) d(5) r(2,7)
4; 18, 49; r(8,15) a(6,15) r(3,13) a(6,1) d(5) d(1)
5; 18, 49; r(8,5) a(6,12) d(2) a(6,1) d(6) a(5,8) r(6,1) d(3) a(6,5) a(2,14) r(5,12) d(1) d(4)
6; 18; r(8,15) a(6,15) r(3,13) a(6,1) a(6,5) a(2,14) r(5,12) d(1) d(4)
7; 49; r(8,5) a(6,12) d(2) a(6,1) d(6) a(5,8) r(6,1) d(3) d(5) d(1)
8; 28; r(8,5) a(6,12) d(2) a(6,1) d(6) r(1,14) a(3,5) r(2,10) d(4) r(3,4) r(5,4)
9; 1; r(8,15) r(6,16) a(1,6) a(2,6) r(4,5) d(8) r(2,7) a(3,4)
10; 8, 25; r(8,15) r(9,10) a(4,16) a(5,2) a(5,8) r(6,1) r(5,15) a(6,12) d(2) a(6,1) d(6) r(1,14) a(3,5) r(2,10) d(4) r(3,4) r(5,10)
11; 8, 25; r(8,5) a(1,15) r(2,4)
12; 8; r(8,15) r(9,10) a(4,16) a(5,2) a(5,8) r(6,1) r(5,15) a(1,15) r(2,4)
13; 25; r(8,5) a(6,12) d(2) a(6,1) d(6) r(1,14) a(3,5) r(2,10) d(4) r(3,4) r(5,10)
14; 28; r(8,5) a(6,12) d(2) a(6,1) d(6) r(1,14) a(3,5) r(2,10) d(4) r(3,4) r(5,4)
15; 46; r(8,15) r(9,10) r(6,10)
16; 21; r(8,15) a(5,14) r(6,15) r(3,10) a(4,4) a(1,13) a(5,3) d(5) d(1) r(2,4) r(4,5)
17; 6; r(8,15) a(6,15) r(3,13) a(6,1) a(1,6) a(3,8) d(3) a(6,7) r(4,5)
18; 28; r(8,5) a(6,12) d(2) a(6,1) d(6) r(1,14) a(3,5) r(2,10) d(4) r(3,4) r(5,4)
19; 5; a(2,15) a(6,6) a(6,1) a(5,5) r(6,3) r(9,10) a(3,8) d(3) a(6,7) d(8)
20; 11, 27; r(8,15) r(6,16) a(1,6) a(2,6) d(4) r(5,8) a(1,16) a(1,15) a(1,14)
21; 11, 27; d(6) d(8) d(8) d(3) r(2,15) r(4,5) r(8,12) a(1,3) r(2,5)
22; 11; r(8,15) r(6,16) a(1,6) a(2,6) r(4,5) r(8,12) a(1,3) r(2,5)
23; 27; d(6) d(8) d(8) d(3) r(2,15) d(4) r(5,8) a(1,16) a(1,15) a(1,14)
24; 16, 17; r(8,15) a(6,15) r(3,13) a(6,1) a(5,7) r(4,1) a(5,10) r(3,7)
25; 16, 17; r(8,5) a(6,12) d(2) a(6,1) d(6) a(2,6) a(6,5) a(2,14) r(5,12) d(1) d(4)
26; 16; r(8,15) a(6,15) r(3,13) a(6,1) a(6,5) a(2,14) r(5,12) d(1) d(4)
27; 17; r(8,5) a(6,12) d(2) a(6,1) d(6) a(2,6) a(5,7) r(4,1) a(5,10) r(3,7)
28; 28, 50; r(8,5) a(6,12) d(2) a(6,1) r(1,6)
29; 28, 50; r(8,5) a(6,12) d(2) d(6) r(1,14) a(3,5) r(2,10) d(4) r(3,4) r(5,4)
30; 28; r(8,5) a(6,12) d(2) a(6,1) d(6) r(1,14) a(3,5) r(2,10) d(4) r(3,4) r(5,4)
31; 50; r(8,5) a(6,12) d(2) r(1,6)
32; 44; a(2,15) a(6,6) d(4) d(6) a(8,4) a(14,12) d(10)
33; 43; r(4,10) a(6,12) d(2) a(14,15) a(9,15) r(6,2) a(1,7) r(10,3) d(3) a(1,12) a(8,13)
34; 31; r(8,15) r(9,10) a(4,16) a(5,2) a(5,8) r(6,1) r(5,15) d(1) a(2,7)
35; 10; d(6) d(9) d(12) a(8,10) a(6,4) r(1,2) d(8)
36; 52, 42; r(8,5) a(6,12) d(2) a(6,1) d(6) a(2,6) a(5,7) r(4,1) d(8) d(5) d(2) r(1,13)
37; 52, 42; d(12) d(10) r(3,6) r(6,15) a(5,10) r(1,12)
38; 52; r(8,5) a(6,12) d(2) a(6,1) d(6) a(2,6) a(5,7) r(4,1) a(5,10) r(1,12)
39; 42; d(12) d(10) r(3,6) r(6,15) d(8) d(5) d(2) r(1,13)
40; 24; d(6) d(9) d(12) a(8,10) r(6,16) a(1,6) a(2,6) r(4,5) r(8,12) a(2,4) d(2)
41; 30; d(6) d(8) d(3) r(2,15) a(6,15) r(10,3) a(4,13) a(4,10) r(4,15)
42; 7; a(2,15) a(6,6) a(6,1) a(5,5) r(6,3) r(9,10) a(5,8) d(12) a(5,8) r(5,4) a(2,12) r(4,14)
43; 17; r(8,5) a(6,12) d(2) a(6,1) d(6) a(2,6) a(5,7) r(4,1) a(5,10) r(3,7)
44; 3; d(6) d(9) d(12) r(2,15) a(6,15) r(10,3) a(4,13) r(4,2) r(3,5)
45; 49; r(8,5) a(6,12) d(2) a(6,1) d(6) a(5,8) r(6,1) d(3) d(5) d(1)
46; 51, 48; r(8,15) a(6,4) r(1,2) a(6,1) d(6) a(2,6) a(5,7) r(4,1) a(4,16) a(5,2) a(5,8) r(6,1) r(5,15) a(1,15) a(4,13)
47; 51, 48; r(8,15) r(9,10) a(5,10) d(2)
48; 51; r(8,15) a(6,4) r(1,2) a(6,1) d(6) a(2,6) a(5,7) r(4,1) a(5,10) d(2)
49; 48; r(8,15) r(9,10) a(4,16) a(5,2) a(5,8) r(6,1) r(5,15) a(1,15) a(4,13)
50; 6, 46; r(8,15) a(6,15) r(3,13) a(6,1) a(1,6) a(3,8) d(3) a(6,7) r(6,10)
51; 6, 46; r(8,15) r(9,10) r(4,5)
52; 6; r(8,15) a(6,15) r(3,13) a(6,1) a(1,6) a(3,8) d(3) a(6,7) r(4,5)
53; 46; r(8,15) r(9,10) r(6,10)
54; 17; r(8,5) a(6,12) d(2) a(6,1) d(6) a(2,6) a(5,7) r(4,1) a(5,10) r(3,7)
55; 29; r(4,10) a(6,12) d(2) a(14,15) a(9,15) r(6,2) a(1,7) r(10,3) d(3) r(12,6) r(5,4)
56; 4; r(8,15) a(6,15) r(3,13) a(6,1) a(1,6) a(5,8) d(12) a(5,8) r(5,4) a(2,12) d(4)
57; 27; d(6) d(8) d(8) d(3) r(2,15) d(4) r(5,8) a(1,16) a(1,15) a(1,14)
--------------------------------------------------------------------------------
Mutation

0; a(2,15) a(6,6) a(6,1) a(5,5) r(6,3) r(9,10) a(5,8) a(1,7) a(12,16) r(10,13) r(2,7) d(8)
1; r(8,15) r(9,12) r(6,16) a(1,6) a(3,8) d(3) d(5) a(14,13) a(4,14)
2; a(2,15) a(6,6) a(6,1) a(5,5) r(6,3) r(9,10) a(5,8) a(1,7) a(12,16) r(10,13) a(14,13) a(14,4)
3; r(8,15) r(9,12) r(6,16) a(1,6) a(3,8) d(3) d(5) r(2,7) r(1,3)
4; r(8,15) a(6,15) r(3,13) a(6,1) d(5) d(1) d(2)
5; r(8,5) a(6,12) d(2) a(6,1) d(6) a(5,8) r(6,1) d(3) a(6,5) a(2,14) r(5,12) d(1) d(4)
6; r(8,15) a(6,15) r(3,13) a(6,1) a(6,5) a(2,14) r(5,12) d(1) d(4) a(2,12)
7; r(8,5) a(6,12) d(2) a(6,1) d(6) a(5,8) r(6,1) d(3) d(5) d(1) a(4,6)
8; r(8,5) a(6,12) d(2) a(6,1) d(6) r(1,14) a(3,5) r(2,10) d(4) r(3,4) r(5,4)
9; r(8,15) r(6,16) a(1,6) a(2,6) r(4,5) d(8) r(2,7) a(3,4) d(1)
10; r(8,15) r(9,10) a(4,16) a(5,2) a(5,8) r(6,1) r(5,15) a(6,12) d(2) a(6,1) d(6) r(1,14) a(3,5) r(2,10) d(4) r(3,4) r(5,10)
11; r(8,5) a(1,15) r(2,4) d(1)
12; r(8,15) r(9,10) a(4,16) a(5,2) a(5,8) r(6,1) r(5,15) a(1,15) r(2,4) a(4,7)
13; r(8,5) a(6,12) d(2) a(6,1) d(6) r(1,14) a(3,5) r(2,10) d(4) r(3,4) r(5,10)
14; r(8,5) a(6,12) d(2) a(6,1) d(6) r(1,14) a(3,5) r(2,10) d(4) r(3,4) r(5,4)
15; r(8,15) r(9,10) r(6,10) a(5,10)
16; r(8,15) a(5,14) r(6,15) r(3,10) a(4,4) a(1,13) a(5,3) d(5) d(1) r(2,4) r(4,5)
17; r(8,15) a(6,15) r(3,13) a(6,1) a(1,6) a(3,8) d(3) a(6,7) r(4,5) r(6,8)
18; r(8,5) a(6,12) d(2) a(6,1) d(6) r(1,14) a(3,5) r(2,10) d(4) r(3,4) r(5,4)
19; a(2,15) a(6,6) a(6,1) a(5,5) r(6,3) r(9,10) a(3,8) d(3) a(6,7) d(8) a(1,8)
20; r(8,15) r(6,16) a(1,6) a(2,6) d(4) r(5,8) a(1,16) a(1,15) a(1,14) d(2)
21; d(6) d(8) d(8) d(3) r(2,15) r(4,5) r(8,12) a(1,3) r(2,5) r(1,7)
22; r(8,15) r(6,16) a(1,6) a(2,6) r(4,5) r(8,12) a(1,3) r(2,5) r(1,13)
23; d(6) d(8) d(8) d(3) r(2,15) d(4) r(5,8) a(1,16) a(1,15) a(1,14) d(1)
24; r(8,15) a(6,15) r(3,13) a(6,1) a(5,7) r(4,1) a(5,10) r(3,7) a(6,16)
25; r(8,5) a(6,12) d(2) a(6,1) d(6) a(2,6) a(6,5) a(2,14) r(5,12) d(1) d(4) d(3)
26; r(8,15) a(6,15) r(3,13) a(6,1) a(6,5) a(2,14) r(5,12) d(1) d(4) a(2,3)
27; r(8,5) a(6,12) d(2) a(6,1) d(6) a(2,6) a(5,7) r(4,1) a(5,10) r(3,7) r(1,14)
28; r(8,5) a(6,12) d(2) a(6,1) r(1,6) a(6,2)
29; r(8,5) a(6,12) d(2) d(6) r(1,14) a(3,5) r(2,10) d(4) r(3,4) r(5,4)
30; r(8,5) a(6,12) d(2) a(6,1) d(6) r(1,14) a(3,5) r(2,10) d(4) r(3,4) r(5,4)
31; r(8,5) a(6,12) d(2) r(1,6) d(6)
32; a(2,15) a(6,6) d(4) d(6) a(8,4) a(14,12) d(10) a(14,6)
33; r(4,10) a(6,12) d(2) a(14,15) a(9,15) r(6,2) a(1,7) r(10,3) d(3) a(1,12) a(8,13) d(8)
34; r(8,15) r(9,10) a(4,16) a(5,2) a(5,8) r(6,1) r(5,15) d(1) a(2,7) a(4,16)
35; d(6) d(9) d(12) a(8,10) a(6,4) r(1,2) d(8) r(4,6)
36; r(8,5) a(6,12) d(2) a(6,1) d(6) a(2,6) a(5,7) r(4,1) d(8) d(5) d(2) r(1,13) d(3)
37; d(12) d(10) r(3,6) r(6,15) a(5,10) r(1,12) r(9,8)
38; r(8,5) a(6,12) d(2) a(6,1) d(6) a(2,6) a(5,7) r(4,1) a(5,10) r(1,12) a(3,5)
39; d(12) d(10) r(3,6) r(6,15) d(8) d(5) d(2) r(1,13) d(4)
40; d(6) d(9) d(12) a(8,10) r(6,16) a(1,6) a(2,6) r(4,5) r(8,12) a(2,4) d(2) d(3)
41; d(6) d(8) d(3) r(2,15) a(6,15) r(10,3) a(4,13) a(4,10) r(4,15) d(5)
42; a(2,15) a(6,6) a(6,1) a(5,5) r(6,3) r(9,10) a(5,8) d(12) a(5,8) r(5,4) a(2,12) r(4,14) a(1,2)
43; r(8,5) a(6,12) d(2) a(6,1) d(6) a(2,6) a(5,7) r(4,1) a(5,10) r(3,7) r(1,10)
44; d(6) d(9) d(12) r(2,15) a(6,15) r(10,3) a(4,13) r(4,2) r(3,5) d(5)
45; r(8,5) a(6,12) d(2) a(6,1) d(6) a(5,8) r(6,1) d(3) d(5) d(1) d(4)
46; r(8,15) a(6,4) r(1,2) a(6,1) d(6) a(2,6) a(5,7) r(4,1) a(4,16) a(5,2) a(5,8) r(6,1) r(5,15) a(1,15) a(4,13) r(3,1)
47; r(8,15) r(9,10) a(5,10) d(2) a(6,2)
48; r(8,15) a(6,4) r(1,2) a(6,1) d(6) a(2,6) a(5,7) r(4,1) a(5,10) d(2) d(5)
49; r(8,15) r(9,10) a(4,16) a(5,2) a(5,8) r(6,1) r(5,15) a(1,15) a(4,13) r(3,2)
50; r(8,15) a(6,15) r(3,13) a(6,1) a(1,6) a(3,8) d(3) a(6,7) r(6,10) r(1,8)
51; r(8,15) r(9,10) r(4,5) r(6,8)
52; r(8,15) a(6,15) r(3,13) a(6,1) a(1,6) a(3,8) d(3) a(6,7) r(4,5) d(6)
53; r(8,15) r(9,10) r(6,10) a(3,5)
54; r(8,5) a(6,12) d(2) a(6,1) d(6) a(2,6) a(5,7) r(4,1) a(5,10) r(3,7) r(5,3)
55; r(4,10) a(6,12) d(2) a(14,15) a(9,15) r(6,2) a(1,7) r(10,3) d(3) r(12,6) r(5,4) d(8)
56; r(8,15) a(6,15) r(3,13) a(6,1) a(1,6) a(5,8) d(12) a(5,8) r(5,4) a(2,12) d(4) r(2,12)
57; d(6) d(8) d(8) d(3) r(2,15) d(4) r(5,8) a(1,16) a(1,15) a(1,14) r(1,10)
--------------------------------------------------------------------------------
Evaluation

0; 0.
1; 0.
2; 0.
3; 0.
4; 0.
5; 0.
6; 0.
7; 0.
8; 0.
9; 0.
10; 0.
11; 0.
12; 0.
13; 0.
14; 0.
15; 0.
16; 0.
17; 0.
18; 0.
19; 0.
20; 0.
21; 0.
22; 0.
23; 0.
24; 0.
25; 0.
26; 0.
27; 0.
28; 0.
29; 0.
30; 0.
31; 0.
32; 0.
33; 0.
34; 0.
35; 0.
36; 0.
37; 0.
38; 0.
39; 0.
40; 0.
41; 0.
42; 0.
43; 0.
44; 0.
45; 0.
46; 0.
47; 0.
48; 0.
49; 0.
50; 0.
51; 0.
52; 0.
53; 0.
54; 0.
55; 0.
56; 0.
57; 0.
================================================================================
Generation 10

--------------------------------------------------------------------------------
Selection

0; 23
1; 35
2; 11
3; 47
4; 47
5; 47
6; 21
7; 11
8; 4
9; 23
10; 40
11; 6
12; 49
13; 13
14; 54
15; 34
16; 48
17; 27
18; 30
19; 30
20; 49
21; 34
22; 49
23; 40
24; 31
25; 55
26; 47
27; 0
28; 6
29; 20
30; 43
31; 6
32; 46
33; 19
34; 3
35; 47
36; 53
37; 1
38; 55
39; 13
--------------------------------------------------------------------------------
Crossover

0; 30, 53; r(8,5) a(6,12)
1; 30, 53; r(8,15) r(9,10) r(6,10) a(3,5) d(2) a(6,1) d(6) r(1,14) a(3,5) r(2,10) d(4) r(3,4) r(5,4)
2; 30; r(8,5) a(6,12) d(2) a(6,1) d(6) r(1,14) a(3,5) r(2,10) d(4) r(3,4) r(5,4)
3; 53; r(8,15) r(9,10) r(6,10) a(3,5)
4; 55; r(4,10) a(6,12) d(2) a(14,15) a(9,15) r(6,2) a(1,7) r(10,3) d(3) r(12,6) r(5,4) d(8)
5; 20; r(8,15) r(6,16) a(1,6) a(2,6) d(4) r(5,8) a(1,16) a(1,15) a(1,14) d(2)
6; 21; d(6) d(8) d(8) d(3) r(2,15) r(4,5) r(8,12) a(1,3) r(2,5) r(1,7)
7; 13; r(8,5) a(6,12) d(2) a(6,1) d(6) r(1,14) a(3,5) r(2,10) d(4) r(3,4) r(5,10)
8; 23; d(6) d(8) d(8) d(3) r(2,15) d(4) r(5,8) a(1,16) a(1,15) a(1,14) d(1)
9; 6; r(8,15) a(6,15) r(3,13) a(6,1) a(6,5) a(2,14) r(5,12) d(1) d(4) a(2,12)
10; 40; d(6) d(9) d(12) a(8,10) r(6,16) a(1,6) a(2,6) r(4,5) r(8,12) a(2,4) d(2) d(3)
11; 27; r(8,5) a(6,12) d(2) a(6,1) d(6) a(2,6) a(5,7) r(4,1) a(5,10) r(3,7) r(1,14)
12; 1; r(8,15) r(9,12) r(6,16) a(1,6) a(3,8) d(3) d(5) a(14,13) a(4,14)
13; 47; r(8,15) r(9,10) a(5,10) d(2) a(6,2)
14; 46, 6; r(8,15) a(6,4) r(1,2) a(6,1) d(6) a(2,6) a(5,7) r(4,1) a(4,16) a(5,2) a(5,8) r(6,1) r(5,15) a(6,5) a(2,14) r(5,12) d(1) d(4) a(2,12)
15; 46, 6; r(8,15) a(6,15) r(3,13) a(6,1) a(1,15) a(4,13) r(3,1)
16; 46; r(8,15) a(6,4) r(1,2) a(6,1) d(6) a(2,6) a(5,7) r(4,1) a(4,16) a(5,2) a(5,8) r(6,1) r(5,15) a(1,15) a(4,13) r(3,1)
17; 6; r(8,15) a(6,15) r(3,13) a(6,1) a(6,5) a(2,14) r(5,12) d(1) d(4) a(2,12)
18; 11; r(8,5) a(1,15) r(2,4) d(1)
19; 47; r(8,15) r(9,10) a(5,10) d(2) a(6,2)
20; 23, 3; d(6) d(8) d(8) d(3) r(2,15) d(3) d(5) r(2,7) r(1,3)
21; 23, 3; r(8,15) r(9,12) r(6,16) a(1,6) a(3,8) d(4) r(5,8) a(1,16) a(1,15) a(1,14) d(1)
22; 23; d(6) d(8) d(8) d(3) r(2,15) d(4) r(5,8) a(1,16) a(1,15) a(1,14) d(1)
23; 3; r(8,15) r(9,12) r(6,16) a(1,6) a(3,8) d(3) d(5) r(2,7) r(1,3)
24; 13, 30; r(8,5) a(6,12) d(2) a(6,1) d(6) r(1,14) a(3,5) r(2,10) d(4) r(3,4) a(3,5) r(2,10) d(4) r(3,4) r(5,4)
25; 13, 30; r(8,5) a(6,12) d(2) a(6,1) d(6) r(1,14) r(5,10)
26; 13; r(8,5) a(6,12) d(2) a(6,1) d(6) r(1,14) a(3,5) r(2,10) d(4) r(3,4) r(5,10)
27; 30; r(8,5) a(6,12) d(2) a(6,1) d(6) r(1,14) a(3,5) r(2,10) d(4) r(3,4) r(5,4)
28; 34, 0; r(8,15) a(6,6) a(6,1) a(5,5) r(6,3) r(9,10) a(5,8) a(1,7) a(12,16) r(10,13) r(2,7) d(8)
29; 34, 0; a(2,15) r(9,10) a(4,16) a(5,2) a(5,8) r(6,1) r(5,15) d(1) a(2,7) a(4,16)
30; 34; r(8,15) r(9,10) a(4,16) a(5,2) a(5,8) r(6,1) r(5,15) d(1) a(2,7) a(4,16)
31; 0; a(2,15) a(6,6) a(6,1) a(5,5) r(6,3) r(9,10) a(5,8) a(1,7) a(12,16) r(10,13) r(2,7) d(8)
32; 40; d(6) d(9) d(12) a(8,10) r(6,16) a(1,6) a(2,6) r(4,5) r(8,12) a(2,4) d(2) d(3)
33; 6; r(8,15) a(6,15) r(3,13) a(6,1) a(6,5) a(2,14) r(5,12) d(1) d(4) a(2,12)
34; 19, 31; a(2,15) a(6,6) a(6,1) a(5,5) r(6,3) r(9,10) a(3,8) d(3) a(6,7) d(8) a(1,8)
35; 19, 31; r(8,5) a(6,12) d(2) r(1,6) d(6)
36; 19; a(2,15) a(6,6) a(6,1) a(5,5) r(6,3) r(9,10) a(3,8) d(3) a(6,7) d(8) a(1,8)
37; 31; r(8,5) a(6,12) d(2) r(1,6) d(6)
38; 4, 11; r(8,15) a(6,15) a(1,15) r(2,4) d(1)
39; 4, 11; r(8,5) r(3,13) a(6,1) d(5) d(1) d(2)
40; 4; r(8,15) a(6,15) r(3,13) a(6,1) d(5) d(1) d(2)
41; 11; r(8,5) a(1,15) r(2,4) d(1)
42; 43, 49; r(8,5) a(6,12) d(2) a(6,1) d(6) a(2,6) a(5,7) r(4,1) a(5,10) r(3,7) a(1,15) a(4,13) r(3,2)
43; 43, 49; r(8,15) r(9,10) a(4,16) a(5,2) a(5,8) r(6,1) r(5,15) r(1,10)
44; 43; r(8,5) a(6,12) d(2) a(6,1) d(6) a(2,6) a(5,7) r(4,1) a(5,10) r(3,7) r(1,10)
45; 49; r(8,15) r(9,10) a(4,16) a(5,2) a(5,8) r(6,1) r(5,15) a(1,15) a(4,13) r(3,2)
46; 48; r(8,15) a(6,4) r(1,2) a(6,1) d(6) a(2,6) a(5,7) r(4,1) a(5,10) d(2) d(5)
47; 34; r(8,15) r(9,10) a(4,16) a(5,2) a(5,8) r(6,1) r(5,15) d(1) a(2,7) a(4,16)
48; 49; r(8,15) r(9,10) a(4,16) a(5,2) a(5,8) r(6,1) r(5,15) a(1,15) a(4,13) r(3,2)
49; 47; r(8,15) r(9,10) a(5,10) d(2) a(6,2)
50; 47; r(8,15) r(9,10) a(5,10) d(2) a(6,2)
51; 49; r(8,15) r(9,10) a(4,16) a(5,2) a(5,8) r(6,1) r(5,15) a(1,15) a(4,13) r(3,2)
52; 54, 35; r(8,5) a(6,12) a(8,10) a(6,4) r(1,2) d(8) r(4,6)
53; 54, 35; d(6) d(9) d(12) d(2) a(6,1) d(6) a(2,6) a(5,7) r(4,1) a(5,10) r(3,7) r(5,3)
54; 54; r(8,5) a(6,12) d(2) a(6,1) d(6) a(2,6) a(5,7) r(4,1) a(5,10) r(3,7) r(5,3)
55; 35; d(6) d(9) d(12) a(8,10) a(6,4) r(1,2) d(8) r(4,6)
56; 55, 47; r(4,10) a(6,12) d(2) a(14,15) a(9,15) r(6,2) a(1,7)
57; 55, 47; r(8,15) r(9,10) a(5,10) d(2) a(6,2) r(10,3) d(3) r(12,6) r(5,4) d(8)
58; 55; r(4,10) a(6,12) d(2) a(14,15) a(9,15) r(6,2) a(1,7) r(10,3) d(3) r(12,6) r(5,4) d(8)
59; 47; r(8,15) r(9,10) a(5,10) d(2) a(6,2)
--------------------------------------------------------------------------------
Mutation

0; r(8,5) a(6,12) r(6,15)
1; r(8,15) r(9,10) r(6,10) a(3,5) d(2) a(6,1) d(6) r(1,14) a(3,5) r(2,10) d(4) r(3,4) r(5,4)
2; r(8,5) a(6,12) d(2) a(6,1) d(6) r(1,14) a(3,5) r(2,10) d(4) r(3,4) r(5,4)
3; r(8,15) r(9,10) r(6,10) a(3,5) a(1,4)
4; r(4,10) a(6,12) d(2) a(14,15) a(9,15) r(6,2) a(1,7) r(10,3) d(3) r(12,6) r(5,4) d(8) a(1,14)
5; r(8,15) r(6,16) a(1,6) a(2,6) d(4) r(5,8) a(1,16) a(1,15) a(1,14) d(2) d(1)
6; d(6) d(8) d(8) d(3) r(2,15) r(4,5) r(8,12) a(1,3) r(2,5) r(1,7) a(5,5)
7; r(8,5) a(6,12) d(2) a(6,1) d(6) r(1,14) a(3,5) r(2,10) d(4) r(3,4) r(5,10)
8; d(6) d(8) d(8) d(3) r(2,15) d(4) r(5,8) a(1,16) a(1,15) a(1,14) d(1)
9; r(8,15) a(6,15) r(3,13) a(6,1) a(6,5) a(2,14) r(5,12) d(1) d(4) a(2,12) a(2,14)
10; d(6) d(9) d(12) a(8,10) r(6,16) a(1,6) a(2,6) r(4,5) r(8,12) a(2,4) d(2) d(3) a(1,2)
11; r(8,5) a(6,12) d(2) a(6,1) d(6) a(2,6) a(5,7) r(4,1) a(5,10) r(3,7) r(1,14) a(5,15)
12; r(8,15) r(9,12) r(6,16) a(1,6) a(3,8) d(3) d(5) a(14,13) a(4,14) a(1,10)
13; r(8,15) r(9,10) a(5,10) d(2) a(6,2) r(6,15)
14; r(8,15) a(6,4) r(1,2) a(6,1) d(6) a(2,6) a(5,7) r(4,1) a(4,16) a(5,2) a(5,8) r(6,1) r(5,15) a(6,5) a(2,14) r(5,12) d(1) d(4) a(2,12) a(2,1)
15; r(8,15) a(6,15) r(3,13) a(6,1) a(1,15) a(4,13) r(3,1) a(6,4)
16; r(8,15) a(6,4) r(1,2) a(6,1) d(6) a(2,6) a(5,7) r(4,1) a(4,16) a(5,2) a(5,8) r(6,1) r(5,15) a(1,15) a(4,13) r(3,1) a(2,3)
17; r(8,15) a(6,15) r(3,13) a(6,1) a(6,5) a(2,14) r(5,12) d(1) d(4) a(2,12) a(2,15)
18; r(8,5) a(1,15) r(2,4) d(1) r(6,15)
19; r(8,15) r(9,10) a(5,10) d(2) a(6,2) r(6,1)
20; d(6) d(8) d(8) d(3) r(2,15) d(3) d(5) r(2,7) r(1,3) d(4)
21; r(8,15) r(9,12) r(6,16) a(1,6) a(3,8) d(4) r(5,8) a(1,16) a(1,15) a(1,14) d(1) a(2,6)
22; d(6) d(8) d(8) d(3) r(2,15) d(4) r(5,8) a(1,16) a(1,15) a(1,14) d(1)
23; r(8,15) r(9,12) r(6,16) a(1,6) a(3,8) d(3) d(5) r(2,7) r(1,3) d(4)
24; r(8,5) a(6,12) d(2) a(6,1) d(6) r(1,14) a(3,5) r(2,10) d(4) r(3,4) a(3,5) r(2,10) d(4) r(3,4) r(5,4)
25; r(8,5) a(6,12) d(2) a(6,1) d(6) r(1,14) r(5,10) r(4,13)
26; r(8,5) a(6,12) d(2) a(6,1) d(6) r(1,14) a(3,5) r(2,10) d(4) r(3,4) r(5,10)
27; r(8,5) a(6,12) d(2) a(6,1) d(6) r(1,14) a(3,5) r(2,10) d(4) r(3,4) r(5,4)
28; r(8,15) a(6,6) a(6,1) a(5,5) r(6,3) r(9,10) a(5,8) a(1,7) a(12,16) r(10,13) r(2,7) d(8) r(4,14)
29; a(2,15) r(9,10) a(4,16) a(5,2) a(5,8) r(6,1) r(5,15) d(1) a(2,7) a(4,16) r(3,15)
30; r(8,15) r(9,10) a(4,16) a(5,2) a(5,8) r(6,1) r(5,15) d(1) a(2,7) a(4,16) r(4,10)
31; a(2,15) a(6,6) a(6,1) a(5,5) r(6,3) r(9,10) a(5,8) a(1,7) a(12,16) r(10,13) r(2,7) d(8) r(4,10)
32; d(6) d(9) d(12) a(8,10) r(6,16) a(1,6) a(2,6) r(4,5) r(8,12) a(2,4) d(2) d(3) a(5,3)
33; r(8,15) a(6,15) r(3,13) a(6,1) a(6,5) a(2,14) r(5,12) d(1) d(4) a(2,12) d(2)
34; a(2,15) a(6,6) a(6,1) a(5,5) r(6,3) r(9,10) a(3,8) d(3) a(6,7) d(8) a(1,8) r(5,13)
35; r(8,5) a(6,12) d(2) r(1,6) d(6) r(4,8)
36; a(2,15) a(6,6) a(6,1) a(5,5) r(6,3) r(9,10) a(3,8) d(3) a(6,7) d(8) a(1,8) d(1)
37; r(8,5) a(6,12) d(2) r(1,6) d(6) d(5)
38; r(8,15) a(6,15) a(1,15) r(2,4) d(1) r(5,2)
39; r(8,5) r(3,13) a(6,1) d(5) d(1) d(2) a(4,14)
40; r(8,15) a(6,15) r(3,13) a(6,1) d(5) d(1) d(2) d(4)
41; r(8,5) a(1,15) r(2,4) d(1) d(6)
42; r(8,5) a(6,12) d(2) a(6,1) d(6) a(2,6) a(5,7) r(4,1) a(5,10) r(3,7) a(1,15) a(4,13) r(3,2) d(1)
43; r(8,15) r(9,10) a(4,16) a(5,2) a(5,8) r(6,1) r(5,15) r(1,10) r(2,3)
44; r(8,5) a(6,12) d(2) a(6,1) d(6) a(2,6) a(5,7) r(4,1) a(5,10) r(3,7) r(1,10) r(5,14)
45; r(8,15) r(9,10) a(4,16) a(5,2) a(5,8) r(6,1) r(5,15) a(1,15) a(4,13) r(3,2) d(2)
46; r(8,15) a(6,4) r(1,2) a(6,1) d(6) a(2,6) a(5,7) r(4,1) a(5,10) d(2) d(5) r(3,7)
47; r(8,15) r(9,10) a(4,16) a(5,2) a(5,8) r(6,1) r(5,15) d(1) a(2,7) a(4,16) a(4,13)
48; r(8,15) r(9,10) a(4,16) a(5,2) a(5,8) r(6,1) r(5,15) a(1,15) a(4,13) r(3,2) d(1)
49; r(8,15) r(9,10) a(5,10) d(2) a(6,2) a(6,3)
50; r(8,15) r(9,10) a(5,10) d(2) a(6,2) d(6)
51; r(8,15) r(9,10) a(4,16) a(5,2) a(5,8) r(6,1) r(5,15) a(1,15) a(4,13) r(3,2) d(2)
52; r(8,5) a(6,12) a(8,10) a(6,4) r(1,2) d(8) r(4,6) a(6,16)
53; d(6) d(9) d(12) d(2) a(6,1) d(6) a(2,6) a(5,7) r(4,1) a(5,10) r(3,7) r(5,3) d(8)
54; r(8,5) a(6,12) d(2) a(6,1) d(6) a(2,6) a(5,7) r(4,1) a(5,10) r(3,7) r(5,3) a(1,6)
55; d(6) d(9) d(12) a(8,10) a(6,4) r(1,2) d(8) r(4,6) d(5)
56; r(4,10) a(6,12) d(2) a(14,15) a(9,15) r(6,2) a(1,7) a(1,15)
57; r(8,15) r(9,10) a(5,10) d(2) a(6,2) r(10,3) d(3) r(12,6) r(5,4) d(8) r(1,5)
58; r(4,10) a(6,12) d(2) a(14,15) a(9,15) r(6,2) a(1,7) r(10,3) d(3) r(12,6) r(5,4) d(8) d(1)
59; r(8,15) r(9,10) a(5,10) d(2) a(6,2) d(3)
--------------------------------------------------------------------------------
Evaluation

0; 0.
1; 0.
2; 0.
3; 0.
4; 0.
5; 0.
6; 0.
7; 0.
8; 0.
9; 0.
10; 0.
11; 0.
12; 0.
13; 0.
14; 0.
15; 0.
16; 0.
17; 0.
18; 0.
19; 0.
20; 0.
21; 0.
22; 0.
23; 0.
24; 0.
25; 0.
26; 0.
27; 0.
28; 0.
29; 0.
30; 0.
31; 0.
32; 0.
33; 0.
34; 0.
35; 0.
36; 0.
37; 0.
38; 0.
39; 0.
40; 0.
41; 0.
42; 0.
43; 0.
44; 0.
45; 0.
46; 0.
47; 0.
48; 0.
49; 0.
50; 0.
51; 0.
52; 0.
53; 0.
54; 0.
55; 0.
56; 0.
57; 0.
58; 0.
59; 0.
