================================================================================
Enclosure

1: 0
2: 0
3: 0
4: 0
5: 0
6: 5
7: 6
8: 7
11: 5
12: 11
14: 0
16: 0
18: 0
19: 0
20: 19
21: 19
26: 11
27: 5
28: 5
29: 0
30: 29
31: 29
32: 0
33: 32
34: 32
35: 32
36: 0
37: 0
38: 37
39: 37
40: 37
41: 0
42: 0
43: 0
44: 0
45: 0
46: 45
47: 45
48: 45
49: 48
50: 48
51: 48
52: 51
53: 52
56: 45
57: 45
58: 57
60: 45
61: 45
63: 0
65: 63
66: 0
68: 0
71: 45
72: 0
73: 0
74: 73
75: 73
76: 75
78: 73
79: 73
80: 79
81: 79
82: 73
83: 73
85: 0
86: 0
90: 0
91: 90
92: 90
93: 92
95: 90
96: 90
98: 0
101: 0
102: 0
103: 102
104: 103
106: 102
107: 106
108: 106
109: 102
110: 102
111: 0
112: 111
113: 111
114: 113
115: 113
116: 115
117: 115
118: 113
119: 111
120: 0
121: 0
122: 121
123: 121
124: 123
125: 123
126: 121
128: 126
129: 121
130: 121
131: 121
132: 0
133: 0
134: 0
135: 134
136: 134
137: 134
138: 134
139: 134
140: 139
142: 139
143: 142
145: 142
146: 134
147: 146
148: 146
149: 148
150: 148
151: 148
152: 151
154: 146
155: 134
156: 155
157: 155
158: 157
159: 157
160: 155
161: 134
162: 134
163: 0
================================================================================
Initialisation

0; r(6,49); 0.
1; a(35,128); 4.
2; d(39); 4.
3; r(39,73); 4.
4; a(39,82); 4.
5; d(38); 4.
6; r(39,108); 4.
7; a(36,45); 4.
8; r(36,82); 0.
9; a(5,60); 4.
10; a(38,145); 4.
11; r(39,154); 4.
12; d(38); 4.
13; a(39,108); 4.
14; r(39,74); 4.
15; a(38,53); 4.
16; a(39,65); 4.
17; r(38,39); 4.
18; r(39,83); 4.
19; a(39,50); 4.
20; r(38,76); 4.
21; r(39,95); 4.
22; r(39,76); 4.
23; a(39,45); 4.
24; d(38); 4.
25; r(39,128); 4.
26; a(38,91); 4.
27; d(38); 4.
28; r(39,80); 4.
29; r(38,73); 4.
30; r(38,90); 4.
31; d(39); 4.
32; d(38); 4.
33; r(39,56); 4.
34; d(38); 4.
35; a(38,61); 4.
36; a(39,91); 4.
37; d(29); 4.
38; r(37,96); 4.
39; original; 4.
================================================================================
Generation 1

--------------------------------------------------------------------------------
Selection

0; 20
1; 16
2; 38
3; 21
4; 34
5; 30
6; 2
7; 11
8; 2
9; 16
10; 34
11; 2
12; 22
13; 21
14; 15
15; 2
16; 39
17; 7
18; 18
19; 39
20; 8
21; 20
22; 8
23; 34
24; 15
25; 23
26; 12
27; 27
28; 31
29; 12
30; 23
31; 38
32; 8
33; 35
34; 15
35; 36
36; 17
37; 11
38; 31
39; 35
--------------------------------------------------------------------------------
Crossover

0; 15; a(38,53)
1; 8; r(36,82)
2; 39, 38; original
3; 39, 38; r(37,96)
4; 39; original
5; 38; r(37,96)
6; 21; r(39,95)
7; 17; r(38,39)
8; 22, 2; r(39,76)
9; 22, 2; d(39)
10; 22; r(39,76)
11; 2; d(39)
12; 18, 7; r(39,83)
13; 18, 7; a(36,45)
14; 18; r(39,83)
15; 7; a(36,45)
16; 34; d(38)
17; 35; a(38,61)
18; 21; r(39,95)
19; 11; r(39,154)
20; 27; d(38)
21; 31; d(39)
22; 12; d(38)
23; 34; d(38)
24; 23, 31; a(39,45)
25; 23, 31; d(39)
26; 23; a(39,45)
27; 31; d(39)
28; 11, 38; r(39,154)
29; 11, 38; r(37,96)
30; 11; r(39,154)
31; 38; r(37,96)
32; 8; r(36,82)
33; 15; a(38,53)
34; 23, 2; a(39,45)
35; 23, 2; d(39)
36; 23; a(39,45)
37; 2; d(39)
38; 39; original
39; 15; a(38,53)
40; 36; a(39,91)
41; 20; r(38,76)
42; 20; r(38,76)
43; 16; a(39,65)
44; 34; d(38)
45; 30; r(38,90)
46; 8; r(36,82)
47; 2; d(39)
48; 16; a(39,65)
49; 12; d(38)
50; 35, 2; a(38,61)
51; 35, 2; d(39)
52; 35; a(38,61)
53; 2; d(39)
--------------------------------------------------------------------------------
Mutation

0; a(38,53) r(38,90)
1; r(36,82) a(7,46)
2; a(32,124)
3; r(37,96) r(31,5)
4; r(39,66)
5; r(37,96) a(5,124)
6; r(39,95) a(38,41)
7; r(38,39) d(35)
8; r(39,76) a(6,74)
9; d(39) d(38)
10; r(39,76) r(5,78)
11; d(39) r(32,91)
12; r(39,83) a(38,44)
13; a(36,45) d(38)
14; r(39,83) r(35,36)
15; a(36,45) r(38,79)
16; d(38) a(39,76)
17; a(38,61) a(39,65)
18; r(39,95) d(38)
19; r(39,154) a(38,61)
20; d(38) d(39)
21; d(39) d(29)
22; d(38) a(39,45)
23; d(38) r(37,60)
24; a(39,45) a(39,160)
25; d(39) r(5,44)
26; a(39,45) d(5)
27; d(39) d(38)
28; r(39,154) r(5,79)
29; r(37,96) a(35,49)
30; r(39,154) d(38)
31; r(37,96) a(31,49)
32; r(36,82) r(29,49)
33; a(38,53) d(39)
34; a(39,45) a(38,36)
35; d(39) r(5,76)
36; a(39,45) d(35)
37; d(39) r(38,80)
38; r(39,45)
39; a(38,53) r(5,56)
40; a(39,91) d(39)
41; r(38,76) a(39,73)
42; r(38,76) d(39)
43; a(39,65) r(37,66)
44; d(38) d(39)
45; r(38,90) d(29)
46; r(36,82) r(39,163)
47; d(39) r(36,162)
48; a(39,65) a(31,42)
49; d(38) r(32,104)
50; a(38,61) d(39)
51; d(39) r(35,93)
52; a(38,61) d(37)
53; d(39) a(7,124)
--------------------------------------------------------------------------------
Evaluation

0; 4.
1; 0.
2; 12.
3; 4.
4; 4.
5; 12.
6; 4.
7; 0.
8; 4.
9; 4.
10; 0.
11; 0.
12; 4.
13; 4.
14; 0.
15; 4.
16; 4.
17; 4.
18; 4.
19; 4.
20; 4.
21; 4.
22; 4.
23; 4.
24; 4.
25; 0.
26; 4.
27; 4.
28; 0.
29; 0.
30; 4.
31; 0.
32; 0.
33; 4.
34; 4.
35; 4.
36; 0.
37; 4.
38; 4.
39; 0.
40; 4.
41; 4.
42; 4.
43; 4.
44; 4.
45; 4.
46; 12.
47; 0.
48; 4.
49; 0.
50; 4.
51; 0.
52; 4.
53; 4.
================================================================================
Generation 2

--------------------------------------------------------------------------------
Selection

0; 14
1; 35
2; 8
3; 14
4; 1
5; 17
6; 1
7; 10
8; 16
9; 39
10; 16
11; 52
12; 51
13; 37
14; 35
15; 8
16; 2
17; 18
18; 14
19; 20
20; 52
21; 19
22; 14
23; 13
24; 23
25; 34
26; 33
27; 36
28; 52
29; 1
30; 48
31; 6
32; 42
33; 47
34; 39
35; 23
36; 9
37; 48
38; 41
39; 14
--------------------------------------------------------------------------------
Crossover

0; 18; r(39,95) d(38)
1; 1; r(36,82) a(7,46)
2; 39, 34; a(38,53) r(5,56)
3; 39, 34; a(39,45) a(38,36)
4; 39; a(38,53) r(5,56)
5; 34; a(39,45) a(38,36)
6; 8, 19; r(39,76) a(6,74)
7; 8, 19; r(39,154) a(38,61)
8; 8; r(39,76) a(6,74)
9; 19; r(39,154) a(38,61)
10; 35, 14; d(39) r(5,76) r(35,36)
11; 35, 14; r(39,83)
12; 35; d(39) r(5,76)
13; 14; r(39,83) r(35,36)
14; 2; a(32,124)
15; 1; r(36,82) a(7,46)
16; 51; d(39) r(35,93)
17; 17; a(38,61) a(39,65)
18; 6, 14; r(39,95) a(38,41) r(35,36)
19; 6, 14; r(39,83)
20; 6; r(39,95) a(38,41)
21; 14; r(39,83) r(35,36)
22; 14; r(39,83) r(35,36)
23; 23; d(38) r(37,60)
24; 16; d(38) a(39,76)
25; 52; a(38,61) d(37)
26; 9, 33; d(39)
27; 9, 33; a(38,53) d(39) d(38)
28; 9; d(39) d(38)
29; 33; a(38,53) d(39)
30; 48; a(39,65) a(31,42)
31; 1; r(36,82) a(7,46)
32; 35; d(39) r(5,76)
33; 23; d(38) r(37,60)
34; 8, 47; r(39,76) a(6,74) r(36,162)
35; 8, 47; d(39)
36; 8; r(39,76) a(6,74)
37; 47; d(39) r(36,162)
38; 20; d(38) d(39)
39; 48; a(39,65) a(31,42)
40; 10, 37; r(39,76) r(5,78) r(38,80)
41; 10, 37; d(39)
42; 10; r(39,76) r(5,78)
43; 37; d(39) r(38,80)
44; 42; r(38,76) d(39)
45; 14; r(39,83) r(35,36)
46; 14, 41; r(39,83) a(39,73)
47; 14, 41; r(38,76) r(35,36)
48; 14; r(39,83) r(35,36)
49; 41; r(38,76) a(39,73)
50; 39, 36; a(38,53) r(5,56) d(35)
51; 39, 36; a(39,45)
52; 39; a(38,53) r(5,56)
53; 36; a(39,45) d(35)
54; 13; a(36,45) d(38)
55; 52; a(38,61) d(37)
56; 16; d(38) a(39,76)
57; 52; a(38,61) d(37)
--------------------------------------------------------------------------------
Mutation

0; r(39,95) d(38) d(37)
1; r(36,82) a(7,46) r(39,49)
2; a(38,53) r(5,56) a(39,29)
3; a(39,45) a(38,36) d(36)
4; a(38,53) r(5,56) d(39)
5; a(39,45) a(38,36) r(38,48)
6; r(39,76) a(6,74) d(38)
7; r(39,154) a(38,61) r(31,29)
8; r(39,76) a(6,74) r(36,90)
9; r(39,154) a(38,61) d(38)
10; d(39) r(5,76) r(35,36) r(38,125)
11; r(39,83) a(38,43)
12; d(39) r(5,76) d(38)
13; r(39,83) r(35,36) a(38,58)
14; a(32,124) d(29)
15; r(36,82) a(7,46) d(38)
16; d(39) r(35,93) d(37)
17; a(38,61) a(39,65) r(5,91)
18; r(39,95) a(38,41) r(35,36) r(37,163)
19; r(39,83) d(36)
20; r(39,95) a(38,41) a(7,57)
21; r(39,83) r(35,36) d(7)
22; r(39,83) r(35,36) r(38,35)
23; d(38) r(37,60) r(7,75)
24; d(38) a(39,76) r(32,93)
25; a(38,61) d(37) a(7,47)
26; d(39) r(7,35)
27; a(38,53) d(39) d(38) d(32)
28; d(39) d(38) r(7,37)
29; a(38,53) d(39) a(35,58)
30; a(39,65) a(31,42) r(39,35)
31; r(36,82) a(7,46) a(38,133)
32; d(39) r(5,76) d(35)
33; d(38) r(37,60) a(29,35)
34; r(39,76) a(6,74) r(36,162) a(5,38)
35; d(39) a(7,49)
36; r(39,76) a(6,74) r(38,93)
37; d(39) r(36,162) r(29,83)
38; d(38) d(39) d(35)
39; a(39,65) a(31,42) r(37,83)
40; r(39,76) r(5,78) r(38,80) a(29,31)
41; d(39) a(38,79)
42; r(39,76) r(5,78) r(38,65)
43; d(39) r(38,80) a(6,78)
44; r(38,76) d(39) a(37,32)
45; r(39,83) r(35,36) r(38,44)
46; r(39,83) a(39,73) d(31)
47; r(38,76) r(35,36) d(37)
48; r(39,83) r(35,36) r(31,45)
49; r(38,76) a(39,73) a(39,32)
50; a(38,53) r(5,56) d(35) d(32)
51; a(39,45) r(31,43)
52; a(38,53) r(5,56) a(39,154)
53; a(39,45) d(35) d(38)
54; a(36,45) d(38) a(39,163)
55; a(38,61) d(37) d(35)
56; d(38) a(39,76) a(36,66)
57; a(38,61) d(37) a(6,163)
--------------------------------------------------------------------------------
Evaluation

0; 4.
1; 0.
2; 0.
3; 0.
4; 0.
5; 4.
6; 4.
7; 4.
8; 0.
9; 4.
10; 0.
11; 4.
12; 4.
13; 0.
14; 12.
15; 0.
16; 0.
17; 0.
18; 12.
19; 0.
20; 4.
21; 12.
22; 0.
23; 12.
24; 0.
25; 4.
26; 12.
27; 0.
28; 0.
29; 4.
30; 4.
31; 0.
32; 0.
33; 4.
34; 0.
35; 4.
36; 4.
37; 0.
38; 0.
39; 4.
40; 0.
41; 4.
42; 0.
43; 4.
44; 4.
45; 0.
46; 4.
47; 0.
48; 0.
49; 4.
50; 0.
51; 0.
52; 0.
53; 0.
54; 4.
55; 0.
56; 4.
57; 4.
================================================================================
Generation 3

--------------------------------------------------------------------------------
Selection

0; 32
1; 31
2; 6
3; 12
4; 34
5; 15
6; 51
7; 28
8; 16
9; 8
10; 20
11; 2
12; 53
13; 39
14; 10
15; 5
16; 28
17; 31
18; 48
19; 48
20; 34
21; 4
22; 2
23; 52
24; 2
25; 50
26; 34
27; 38
28; 40
29; 53
30; 40
31; 40
32; 51
33; 50
34; 10
35; 37
36; 4
37; 40
38; 16
39; 54
--------------------------------------------------------------------------------
Crossover

0; 50; a(38,53) r(5,56) d(35) d(32)
1; 12; d(39) r(5,76) d(38)
2; 48, 34; r(39,83) r(35,36)
3; 48, 34; r(39,76) a(6,74) r(36,162) a(5,38) r(31,45)
4; 48; r(39,83) r(35,36) r(31,45)
5; 34; r(39,76) a(6,74) r(36,162) a(5,38)
6; 48, 5; r(39,83) r(35,36) r(38,48)
7; 48, 5; a(39,45) a(38,36) r(31,45)
8; 48; r(39,83) r(35,36) r(31,45)
9; 5; a(39,45) a(38,36) r(38,48)
10; 20, 10; r(39,95) a(38,41) a(7,57)
11; 20, 10; d(39) r(5,76) r(35,36) r(38,125)
12; 20; r(39,95) a(38,41) a(7,57)
13; 10; d(39) r(5,76) r(35,36) r(38,125)
14; 40; r(39,76) r(5,78) r(38,80) a(29,31)
15; 4; a(38,53) r(5,56) d(39)
16; 40, 37; r(39,76) r(29,83)
17; 40, 37; d(39) r(36,162) r(5,78) r(38,80) a(29,31)
18; 40; r(39,76) r(5,78) r(38,80) a(29,31)
19; 37; d(39) r(36,162) r(29,83)
20; 4; a(38,53) r(5,56) d(39)
21; 28; d(39) d(38) r(7,37)
22; 28, 54; d(39) d(38) r(7,37)
23; 28, 54; a(36,45) d(38) a(39,163)
24; 28; d(39) d(38) r(7,37)
25; 54; a(36,45) d(38) a(39,163)
26; 34; r(39,76) a(6,74) r(36,162) a(5,38)
27; 38; d(38) d(39) d(35)
28; 2, 40; a(38,53) r(5,56) r(5,78) r(38,80) a(29,31)
29; 2, 40; r(39,76) a(39,29)
30; 2; a(38,53) r(5,56) a(39,29)
31; 40; r(39,76) r(5,78) r(38,80) a(29,31)
32; 52; a(38,53) r(5,56) a(39,154)
33; 32; d(39) r(5,76) d(35)
34; 39; a(39,65) a(31,42) r(37,83)
35; 40; r(39,76) r(5,78) r(38,80) a(29,31)
36; 2, 50; a(38,53) r(5,56) a(39,29) d(35) d(32)
37; 2, 50; a(38,53) r(5,56)
38; 2; a(38,53) r(5,56) a(39,29)
39; 50; a(38,53) r(5,56) d(35) d(32)
40; 31, 8; r(36,82) a(6,74) r(36,90)
41; 31, 8; r(39,76) a(7,46) a(38,133)
42; 31; r(36,82) a(7,46) a(38,133)
43; 8; r(39,76) a(6,74) r(36,90)
44; 2, 53; a(38,53) r(5,56) a(39,29) d(35) d(38)
45; 2, 53; a(39,45)
46; 2; a(38,53) r(5,56) a(39,29)
47; 53; a(39,45) d(35) d(38)
48; 10; d(39) r(5,76) r(35,36) r(38,125)
49; 34; r(39,76) a(6,74) r(36,162) a(5,38)
50; 51, 6; a(39,45) r(31,43) d(38)
51; 51, 6; r(39,76) a(6,74)
52; 51; a(39,45) r(31,43)
53; 6; r(39,76) a(6,74) d(38)
54; 31; r(36,82) a(7,46) a(38,133)
55; 16; d(39) r(35,93) d(37)
56; 16; d(39) r(35,93) d(37)
57; 51; a(39,45) r(31,43)
58; 15; r(36,82) a(7,46) d(38)
59; 53; a(39,45) d(35) d(38)
--------------------------------------------------------------------------------
Mutation

0; a(38,53) r(5,56) d(35) d(32) r(38,80)
1; d(39) r(5,76) d(38) d(29)
2; r(39,83) r(35,36) a(38,53)
3; r(39,76) a(6,74) r(36,162) a(5,38) r(31,45) r(38,50)
4; r(39,83) r(35,36) r(31,45) a(5,44)
5; r(39,76) a(6,74) r(36,162) a(5,38) d(38)
6; r(39,83) r(35,36) r(38,48) r(32,37)
7; a(39,45) a(38,36) r(31,45) d(7)
8; r(39,83) r(35,36) r(31,45) a(32,66)
9; a(39,45) a(38,36) r(38,48) d(32)
10; r(39,95) a(38,41) a(7,57) r(37,49)
11; d(39) r(5,76) r(35,36) r(38,125) d(37)
12; r(39,95) a(38,41) a(7,57) a(38,35)
13; d(39) r(5,76) r(35,36) r(38,125) d(31)
14; r(39,76) r(5,78) r(38,80) a(29,31) d(35)
15; a(38,53) r(5,56) d(39) a(35,96)
16; r(39,76) r(29,83) a(38,37)
17; d(39) r(36,162) r(5,78) r(38,80) a(29,31) r(32,93)
18; r(39,76) r(5,78) r(38,80) a(29,31) d(37)
19; d(39) r(36,162) r(29,83) a(38,108)
20; a(38,53) r(5,56) d(39) a(38,145)
21; d(39) d(38) r(7,37) d(31)
22; d(39) d(38) r(7,37) a(29,29)
23; a(36,45) d(38) a(39,163) d(35)
24; d(39) d(38) r(7,37) d(37)
25; a(36,45) d(38) a(39,163) d(39)
26; r(39,76) a(6,74) r(36,162) a(5,38) a(29,53)
27; d(38) d(39) d(35) a(6,163)
28; a(38,53) r(5,56) r(5,78) r(38,80) a(29,31) a(39,56)
29; r(39,76) a(39,29) d(38)
30; a(38,53) r(5,56) a(39,29) d(32)
31; r(39,76) r(5,78) r(38,80) a(29,31) d(36)
32; a(38,53) r(5,56) a(39,154) a(38,36)
33; d(39) r(5,76) d(35) d(32)
34; a(39,65) a(31,42) r(37,83) r(32,47)
35; r(39,76) r(5,78) r(38,80) a(29,31) d(29)
36; a(38,53) r(5,56) a(39,29) d(35) d(32) d(39)
37; a(38,53) r(5,56) r(38,66)
38; a(38,53) r(5,56) a(39,29) r(38,42)
39; a(38,53) r(5,56) d(35) d(32) d(38)
40; r(36,82) a(6,74) r(36,90) d(38)
41; r(39,76) a(7,46) a(38,133) r(32,46)
42; r(36,82) a(7,46) a(38,133) d(39)
43; r(39,76) a(6,74) r(36,90) a(38,162)
44; a(38,53) r(5,56) a(39,29) d(35) d(38) r(37,31)
45; a(39,45) a(36,104)
46; a(38,53) r(5,56) a(39,29) d(35)
47; a(39,45) d(35) d(38) d(39)
48; d(39) r(5,76) r(35,36) r(38,125) a(37,73)
49; r(39,76) a(6,74) r(36,162) a(5,38) r(37,48)
50; a(39,45) r(31,43) d(38) a(32,48)
51; r(39,76) a(6,74) d(38)
52; a(39,45) r(31,43) d(32)
53; r(39,76) a(6,74) d(38) d(35)
54; r(36,82) a(7,46) a(38,133) a(39,162)
55; d(39) r(35,93) d(37) d(5)
56; d(39) r(35,93) d(37) d(5)
57; a(39,45) r(31,43) d(39)
58; r(36,82) a(7,46) d(38) d(35)
59; a(39,45) d(35) d(38) r(39,154)
--------------------------------------------------------------------------------
Evaluation

0; 0.
1; 4.
2; 0.
3; 0.
4; 0.
5; 0.
6; 0.
7; 12.
8; 0.
9; 0.
10; 4.
11; 0.
12; 4.
13; 0.
14; 0.
15; 0.
16; 4.
17; 0.
18; 0.
19; 0.
20; 0.
21; 0.
22; 0.
23; 0.
24; 0.
25; 4.
26; 0.
27; 0.
28; 0.
29; 4.
30; 0.
31; 0.
32; 0.
33; 0.
34; 0.
35; 0.
36; 0.
37; 0.
38; 0.
39; 0.
40; 0.
41; 0.
42; 0.
43; 0.
44; 0.
45; 4.
46; 0.
47; 0.
48; 0.
49; 0.
50; 0.
51; 4.
52; 0.
53; 0.
54; 0.
55; 0.
56; 0.
57; 0.
58; 0.
59; 0.
================================================================================
Generation 4

--------------------------------------------------------------------------------
Selection

0; 0
1; 19
2; 0
3; 2
4; 19
5; 52
6; 33
7; 20
8; 13
9; 58
10; 4
11; 57
12; 18
13; 2
14; 49
15; 27
16; 23
17; 27
18; 31
19; 49
20; 14
21; 19
22; 13
23; 42
24; 40
25; 21
26; 4
27; 51
28; 49
29; 42
30; 44
31; 33
32; 49
33; 54
34; 59
35; 9
36; 35
37; 30
38; 44
39; 20
--------------------------------------------------------------------------------
Crossover

0; 42, 9; r(36,82) a(7,46) d(32)
1; 42, 9; a(39,45) a(38,36) r(38,48) a(38,133) d(39)
2; 42; r(36,82) a(7,46) a(38,133) d(39)
3; 9; a(39,45) a(38,36) r(38,48) d(32)
4; 54; r(36,82) a(7,46) a(38,133) a(39,162)
5; 33; d(39) r(5,76) d(35) d(32)
6; 4, 2; r(39,83) r(35,36) r(31,45) a(5,44)
7; 4, 2; r(39,83) r(35,36) a(38,53)
8; 4; r(39,83) r(35,36) r(31,45) a(5,44)
9; 2; r(39,83) r(35,36) a(38,53)
10; 21, 57; d(39) r(31,43) d(39)
11; 21, 57; a(39,45) d(38) r(7,37) d(31)
12; 21; d(39) d(38) r(7,37) d(31)
13; 57; a(39,45) r(31,43) d(39)
14; 20; a(38,53) r(5,56) d(39) a(38,145)
15; 49; r(39,76) a(6,74) r(36,162) a(5,38) r(37,48)
16; 42, 23; r(36,82) a(7,46) a(38,133) a(39,163) d(35)
17; 42, 23; a(36,45) d(38) d(39)
18; 42; r(36,82) a(7,46) a(38,133) d(39)
19; 23; a(36,45) d(38) a(39,163) d(35)
20; 44, 52; a(38,53) r(5,56) a(39,29) d(35) d(38) r(37,31) r(31,43) d(32)
21; 44, 52; a(39,45)
22; 44; a(38,53) r(5,56) a(39,29) d(35) d(38) r(37,31)
23; 52; a(39,45) r(31,43) d(32)
24; 0; a(38,53) r(5,56) d(35) d(32) r(38,80)
25; 20; a(38,53) r(5,56) d(39) a(38,145)
26; 35; r(39,76) r(5,78) r(38,80) a(29,31) d(29)
27; 4; r(39,83) r(35,36) r(31,45) a(5,44)
28; 30, 0; a(38,53) r(5,56) d(35) d(32) r(38,80)
29; 30, 0; a(38,53) r(5,56) a(39,29) d(32)
30; 30; a(38,53) r(5,56) a(39,29) d(32)
31; 0; a(38,53) r(5,56) d(35) d(32) r(38,80)
32; 14; r(39,76) r(5,78) r(38,80) a(29,31) d(35)
33; 19; d(39) r(36,162) r(29,83) a(38,108)
34; 49; r(39,76) a(6,74) r(36,162) a(5,38) r(37,48)
35; 44; a(38,53) r(5,56) a(39,29) d(35) d(38) r(37,31)
36; 19, 49; d(39) r(36,162) a(6,74) r(36,162) a(5,38) r(37,48)
37; 19, 49; r(39,76) r(29,83) a(38,108)
38; 19; d(39) r(36,162) r(29,83) a(38,108)
39; 49; r(39,76) a(6,74) r(36,162) a(5,38) r(37,48)
40; 33, 58; d(39) r(5,76)
41; 33, 58; r(36,82) a(7,46) d(38) d(35) d(35) d(32)
42; 33; d(39) r(5,76) d(35) d(32)
43; 58; r(36,82) a(7,46) d(38) d(35)
44; 40, 13; r(36,82) a(6,74) r(36,90) d(38) r(5,76) r(35,36) r(38,125) d(31)
45; 40, 13; d(39)
46; 40; r(36,82) a(6,74) r(36,90) d(38)
47; 13; d(39) r(5,76) r(35,36) r(38,125) d(31)
48; 59, 19; a(39,45) d(35) d(38) a(38,108)
49; 59, 19; d(39) r(36,162) r(29,83) r(39,154)
50; 59; a(39,45) d(35) d(38) r(39,154)
51; 19; d(39) r(36,162) r(29,83) a(38,108)
52; 2; r(39,83) r(35,36) a(38,53)
53; 27; d(38) d(39) d(35) a(6,163)
54; 18, 49; r(39,76) r(5,78) r(38,80) a(29,31) d(37)
55; 18, 49; r(39,76) a(6,74) r(36,162) a(5,38) r(37,48)
56; 18; r(39,76) r(5,78) r(38,80) a(29,31) d(37)
57; 49; r(39,76) a(6,74) r(36,162) a(5,38) r(37,48)
58; 51, 27; r(39,76) a(6,74) d(38) d(39) d(35) a(6,163)
59; 51, 27; d(38)
60; 51; r(39,76) a(6,74) d(38)
61; 27; d(38) d(39) d(35) a(6,163)
62; 13, 31; d(39) r(5,76) r(35,36) r(38,125) r(38,80) a(29,31) d(36)
63; 13, 31; r(39,76) r(5,78) d(31)
64; 13; d(39) r(5,76) r(35,36) r(38,125) d(31)
65; 31; r(39,76) r(5,78) r(38,80) a(29,31) d(36)
--------------------------------------------------------------------------------
Mutation

0; r(36,82) a(7,46) d(32) r(29,35)
1; a(39,45) a(38,36) r(38,48) a(38,133) d(39) r(35,43)
2; r(36,82) a(7,46) a(38,133) d(39) a(6,49)
3; a(39,45) a(38,36) r(38,48) d(32) a(39,61)
4; r(36,82) a(7,46) a(38,133) a(39,162) r(32,80)
5; d(39) r(5,76) d(35) d(32) r(29,125)
6; r(39,83) r(35,36) r(31,45) a(5,44) r(7,41)
7; r(39,83) r(35,36) a(38,53) d(6)
8; r(39,83) r(35,36) r(31,45) a(5,44) r(38,5)
9; r(39,83) r(35,36) a(38,53) r(38,76)
10; d(39) r(31,43) d(39) d(38)
11; a(39,45) d(38) r(7,37) d(31) d(39)
12; d(39) d(38) r(7,37) d(31) a(6,6)
13; a(39,45) r(31,43) d(39) a(5,91)
14; a(38,53) r(5,56) d(39) a(38,145) r(38,48)
15; r(39,76) a(6,74) r(36,162) a(5,38) r(37,48) d(7)
16; r(36,82) a(7,46) a(38,133) a(39,163) d(35) a(39,79)
17; a(36,45) d(38) d(39) d(5)
18; r(36,82) a(7,46) a(38,133) d(39) a(38,74)
19; a(36,45) d(38) a(39,163) d(35) r(32,31)
20; a(38,53) r(5,56) a(39,29) d(35) d(38) r(37,31) r(31,43) d(32) d(29)
21; a(39,45) r(39,48)
22; a(38,53) r(5,56) a(39,29) d(35) d(38) r(37,31) d(36)
23; a(39,45) r(31,43) d(32) a(38,36)
24; a(38,53) r(5,56) d(35) d(32) r(38,80) r(39,48)
25; a(38,53) r(5,56) d(39) a(38,145) d(38)
26; r(39,76) r(5,78) r(38,80) a(29,31) d(29) r(37,125)
27; r(39,83) r(35,36) r(31,45) a(5,44) r(38,145)
28; a(38,53) r(5,56) d(35) d(32) r(38,80) a(39,104)
29; a(38,53) r(5,56) a(39,29) d(32) a(37,91)
30; a(38,53) r(5,56) a(39,29) d(32) r(38,83)
31; a(38,53) r(5,56) d(35) d(32) r(38,80) d(39)
32; r(39,76) r(5,78) r(38,80) a(29,31) d(35) r(37,160)
33; d(39) r(36,162) r(29,83) a(38,108) r(38,83)
34; r(39,76) a(6,74) r(36,162) a(5,38) r(37,48) d(32)
35; a(38,53) r(5,56) a(39,29) d(35) d(38) r(37,31) a(29,50)
36; d(39) r(36,162) a(6,74) r(36,162) a(5,38) r(37,48) r(32,60)
37; r(39,76) r(29,83) a(38,108) r(6,160)
38; d(39) r(36,162) r(29,83) a(38,108) r(38,66)
39; r(39,76) a(6,74) r(36,162) a(5,38) r(37,48) d(31)
40; d(39) r(5,76) r(32,53)
41; r(36,82) a(7,46) d(38) d(35) d(35) d(32) a(39,80)
42; d(39) r(5,76) d(35) d(32) d(38)
43; r(36,82) a(7,46) d(38) d(35) d(6)
44; r(36,82) a(6,74) r(36,90) d(38) r(5,76) r(35,36) r(38,125) d(31) a(39,53)
45; d(39) d(38)
46; r(36,82) a(6,74) r(36,90) d(38) r(31,160)
47; d(39) r(5,76) r(35,36) r(38,125) d(31) a(36,82)
48; a(39,45) d(35) d(38) a(38,108) a(39,5)
49; d(39) r(36,162) r(29,83) r(39,154) r(38,47)
50; a(39,45) d(35) d(38) r(39,154) r(7,44)
51; d(39) r(36,162) r(29,83) a(38,108) r(6,125)
52; r(39,83) r(35,36) a(38,53) d(36)
53; d(38) d(39) d(35) a(6,163) d(36)
54; r(39,76) r(5,78) r(38,80) a(29,31) d(37) d(29)
55; r(39,76) a(6,74) r(36,162) a(5,38) r(37,48) r(31,45)
56; r(39,76) r(5,78) r(38,80) a(29,31) d(37) d(31)
57; r(39,76) a(6,74) r(36,162) a(5,38) r(37,48) d(7)
58; r(39,76) a(6,74) d(38) d(39) d(35) a(6,163) a(32,48)
59; d(38) d(39)
60; r(39,76) a(6,74) d(38) a(29,83)
61; d(38) d(39) d(35) a(6,163) r(32,124)
62; d(39) r(5,76) r(35,36) r(38,125) r(38,80) a(29,31) d(36) d(29)
63; r(39,76) r(5,78) d(31) r(38,36)
64; d(39) r(5,76) r(35,36) r(38,125) d(31) a(32,29)
65; r(39,76) r(5,78) r(38,80) a(29,31) d(36) a(37,29)
--------------------------------------------------------------------------------
Evaluation

0; 0.
1; 0.
2; 0.
3; 0.
4; 0.
5; 0.
6; 0.
7; 0.
8; 0.
9; 0.
10; 0.
11; 0.
12; 0.
13; 0.
14; 0.
15; 0.
16; 0.
17; 4.
18; 0.
19; 0.
20; 0.
21; 4.
22; 0.
23; 0.
24; 0.
25; 0.
26; 0.
27; 0.
28; 0.
29; 0.
30; 0.
31; 0.
32; 0.
33; 0.
34; 0.
35; 0.
36; 0.
37; 0.
38; 0.
39; 0.
40; 0.
41; 0.
42; 0.
43; 0.
44; 0.
45; 4.
46; 0.
47; 0.
48; 0.
49; 0.
50; 0.
51; 0.
52; 0.
53; 0.
54; 0.
55; 0.
56; 0.
57; 0.
58; 0.
59; 4.
60; 4.
61; 12.
62; 0.
63; 0.
64; 0.
65; 0.
================================================================================
Generation 5

--------------------------------------------------------------------------------
Selection

0; 3
1; 6
2; 2
3; 7
4; 35
5; 26
6; 63
7; 7
8; 19
9; 39
10; 36
11; 54
12; 33
13; 7
14; 32
15; 5
16; 32
17; 13
18; 12
19; 51
20; 28
21; 13
22; 57
23; 30
24; 53
25; 30
26; 13
27; 54
28; 24
29; 1
30; 35
31; 18
32; 53
33; 12
34; 19
35; 65
36; 20
37; 44
38; 63
39; 42
--------------------------------------------------------------------------------
Crossover

0; 7; r(39,83) r(35,36) a(38,53) d(6)
1; 1; a(39,45) a(38,36) r(38,48) a(38,133) d(39) r(35,43)
2; 42; d(39) r(5,76) d(35) d(32) d(38)
3; 32; r(39,76) r(5,78) r(38,80) a(29,31) d(35) r(37,160)
4; 13; a(39,45) r(31,43) d(39) a(5,91)
5; 7; r(39,83) r(35,36) a(38,53) d(6)
6; 53; d(38) d(39) d(35) a(6,163) d(36)
7; 33; d(39) r(36,162) r(29,83) a(38,108) r(38,83)
8; 24, 63; a(38,53) d(31) r(38,36)
9; 24, 63; r(39,76) r(5,78) r(5,56) d(35) d(32) r(38,80) r(39,48)
10; 24; a(38,53) r(5,56) d(35) d(32) r(38,80) r(39,48)
11; 63; r(39,76) r(5,78) d(31) r(38,36)
12; 26; r(39,76) r(5,78) r(38,80) a(29,31) d(29) r(37,125)
13; 35; a(38,53) r(5,56) a(39,29) d(35) d(38) r(37,31) a(29,50)
14; 30, 13; a(38,53) r(5,56) d(39) a(5,91)
15; 30, 13; a(39,45) r(31,43) a(39,29) d(32) r(38,83)
16; 30; a(38,53) r(5,56) a(39,29) d(32) r(38,83)
17; 13; a(39,45) r(31,43) d(39) a(5,91)
18; 28, 39; a(38,53) r(5,56) d(35) d(32) a(6,74) r(36,162) a(5,38) r(37,48) d(31)
19; 28, 39; r(39,76) r(38,80) a(39,104)
20; 28; a(38,53) r(5,56) d(35) d(32) r(38,80) a(39,104)
21; 39; r(39,76) a(6,74) r(36,162) a(5,38) r(37,48) d(31)
22; 53, 5; d(38) d(39) d(35) a(6,163) r(5,76) d(35) d(32) r(29,125)
23; 53, 5; d(39) d(36)
24; 53; d(38) d(39) d(35) a(6,163) d(36)
25; 5; d(39) r(5,76) d(35) d(32) r(29,125)
26; 54, 3; r(39,76) r(5,78) r(38,80) a(29,31) d(37) r(38,48) d(32) a(39,61)
27; 54, 3; a(39,45) a(38,36) d(29)
28; 54; r(39,76) r(5,78) r(38,80) a(29,31) d(37) d(29)
29; 3; a(39,45) a(38,36) r(38,48) d(32) a(39,61)
30; 44, 7; r(36,82) a(6,74) r(36,90) d(38) r(5,76) r(35,36) r(35,36) a(38,53) d(6)
31; 44, 7; r(39,83) r(38,125) d(31) a(39,53)
32; 44; r(36,82) a(6,74) r(36,90) d(38) r(5,76) r(35,36) r(38,125) d(31) a(39,53)
33; 7; r(39,83) r(35,36) a(38,53) d(6)
34; 30; a(38,53) r(5,56) a(39,29) d(32) r(38,83)
35; 57; r(39,76) a(6,74) r(36,162) a(5,38) r(37,48) d(7)
36; 65, 12; r(39,76) r(5,78) r(38,80) a(29,31) d(36) a(6,6)
37; 65, 12; d(39) d(38) r(7,37) d(31) a(37,29)
38; 65; r(39,76) r(5,78) r(38,80) a(29,31) d(36) a(37,29)
39; 12; d(39) d(38) r(7,37) d(31) a(6,6)
40; 2; r(36,82) a(7,46) a(38,133) d(39) a(6,49)
41; 32; r(39,76) r(5,78) r(38,80) a(29,31) d(35) r(37,160)
42; 18, 36; r(36,82) a(7,46) a(38,133) d(39) r(32,60)
43; 18, 36; d(39) r(36,162) a(6,74) r(36,162) a(5,38) r(37,48) a(38,74)
44; 18; r(36,82) a(7,46) a(38,133) d(39) a(38,74)
45; 36; d(39) r(36,162) a(6,74) r(36,162) a(5,38) r(37,48) r(32,60)
46; 19; a(36,45) d(38) a(39,163) d(35) r(32,31)
47; 20; a(38,53) r(5,56) a(39,29) d(35) d(38) r(37,31) r(31,43) d(32) d(29)
48; 63, 6; r(39,76) a(5,44) r(7,41)
49; 63, 6; r(39,83) r(35,36) r(31,45) r(5,78) d(31) r(38,36)
50; 63; r(39,76) r(5,78) d(31) r(38,36)
51; 6; r(39,83) r(35,36) r(31,45) a(5,44) r(7,41)
52; 54; r(39,76) r(5,78) r(38,80) a(29,31) d(37) d(29)
53; 51; d(39) r(36,162) r(29,83) a(38,108) r(6,125)
54; 13; a(39,45) r(31,43) d(39) a(5,91)
55; 35; a(38,53) r(5,56) a(39,29) d(35) d(38) r(37,31) a(29,50)
56; 12, 19; d(39) d(38) r(7,37) d(31) a(39,163) d(35) r(32,31)
57; 12, 19; a(36,45) d(38) a(6,6)
58; 12; d(39) d(38) r(7,37) d(31) a(6,6)
59; 19; a(36,45) d(38) a(39,163) d(35) r(32,31)
--------------------------------------------------------------------------------
Mutation

0; r(39,83) r(35,36) a(38,53) d(6) a(38,31)
1; a(39,45) a(38,36) r(38,48) a(38,133) d(39) r(35,43) a(29,37)
2; d(39) r(5,76) d(35) d(32) d(38) a(37,53)
3; r(39,76) r(5,78) r(38,80) a(29,31) d(35) r(37,160) r(36,65)
4; a(39,45) r(31,43) d(39) a(5,91) d(38)
5; r(39,83) r(35,36) a(38,53) d(6) a(38,124)
6; d(38) d(39) d(35) a(6,163) d(36) r(32,160)
7; d(39) r(36,162) r(29,83) a(38,108) r(38,83) r(35,49)
8; a(38,53) d(31) r(38,36) r(37,78)
9; r(39,76) r(5,78) r(5,56) d(35) d(32) r(38,80) r(39,48) r(29,43)
10; a(38,53) r(5,56) d(35) d(32) r(38,80) r(39,48) a(36,82)
11; r(39,76) r(5,78) d(31) r(38,36) r(37,31)
12; r(39,76) r(5,78) r(38,80) a(29,31) d(29) r(37,125) d(35)
13; a(38,53) r(5,56) a(39,29) d(35) d(38) r(37,31) a(29,50) a(32,58)
14; a(38,53) r(5,56) d(39) a(5,91) a(38,29)
15; a(39,45) r(31,43) a(39,29) d(32) r(38,83) d(39)
16; a(38,53) r(5,56) a(39,29) d(32) r(38,83) a(39,104)
17; a(39,45) r(31,43) d(39) a(5,91) d(7)
18; a(38,53) r(5,56) d(35) d(32) a(6,74) r(36,162) a(5,38) r(37,48) d(31) a(29,74)
19; r(39,76) r(38,80) a(39,104) r(29,93)
20; a(38,53) r(5,56) d(35) d(32) r(38,80) a(39,104) d(39)
21; r(39,76) a(6,74) r(36,162) a(5,38) r(37,48) d(31) a(7,160)
22; d(38) d(39) d(35) a(6,163) r(5,76) d(35) d(32) r(29,125) a(37,5)
23; d(39) d(36) a(38,37)
24; d(38) d(39) d(35) a(6,163) d(36) d(31)
25; d(39) r(5,76) d(35) d(32) r(29,125) d(36)
26; r(39,76) r(5,78) r(38,80) a(29,31) d(37) r(38,48) d(32) a(39,61) a(31,37)
27; a(39,45) a(38,36) d(29) r(7,90)
28; r(39,76) r(5,78) r(38,80) a(29,31) d(37) d(29) r(32,95)
29; a(39,45) a(38,36) r(38,48) d(32) a(39,61) r(5,145)
30; r(36,82) a(6,74) r(36,90) d(38) r(5,76) r(35,36) r(35,36) a(38,53) d(6) a(39,43)
31; r(39,83) r(38,125) d(31) a(39,53) d(6)
32; r(36,82) a(6,74) r(36,90) d(38) r(5,76) r(35,36) r(38,125) d(31) a(39,53) a(39,38)
33; r(39,83) r(35,36) a(38,53) d(6) a(38,43)
34; a(38,53) r(5,56) a(39,29) d(32) r(38,83) d(39)
35; r(39,76) a(6,74) r(36,162) a(5,38) r(37,48) d(7) d(32)
36; r(39,76) r(5,78) r(38,80) a(29,31) d(36) a(6,6) a(37,37)
37; d(39) d(38) r(7,37) d(31) a(37,29) a(29,80)
38; r(39,76) r(5,78) r(38,80) a(29,31) d(36) a(37,29) r(35,39)
39; d(39) d(38) r(7,37) d(31) a(6,6) a(37,29)
40; r(36,82) a(7,46) a(38,133) d(39) a(6,49) d(37)
41; r(39,76) r(5,78) r(38,80) a(29,31) d(35) r(37,160) a(36,82)
42; r(36,82) a(7,46) a(38,133) d(39) r(32,60) d(38)
43; d(39) r(36,162) a(6,74) r(36,162) a(5,38) r(37,48) a(38,74) a(29,76)
44; r(36,82) a(7,46) a(38,133) d(39) a(38,74) d(38)
45; d(39) r(36,162) a(6,74) r(36,162) a(5,38) r(37,48) r(32,60) a(5,95)
46; a(36,45) d(38) a(39,163) d(35) r(32,31) r(39,79)
47; a(38,53) r(5,56) a(39,29) d(35) d(38) r(37,31) r(31,43) d(32) d(29) a(36,40)
48; r(39,76) a(5,44) r(7,41) d(6)
49; r(39,83) r(35,36) r(31,45) r(5,78) d(31) r(38,36) d(29)
50; r(39,76) r(5,78) d(31) r(38,36) a(37,53)
51; r(39,83) r(35,36) r(31,45) a(5,44) r(7,41) a(38,128)
52; r(39,76) r(5,78) r(38,80) a(29,31) d(37) d(29) r(36,45)
53; d(39) r(36,162) r(29,83) a(38,108) r(6,125) r(38,61)
54; a(39,45) r(31,43) d(39) a(5,91) r(38,76)
55; a(38,53) r(5,56) a(39,29) d(35) d(38) r(37,31) a(29,50) r(29,133)
56; d(39) d(38) r(7,37) d(31) a(39,163) d(35) r(32,31) a(37,58)
57; a(36,45) d(38) a(6,6) d(36)
58; d(39) d(38) r(7,37) d(31) a(6,6) d(37)
59; a(36,45) d(38) a(39,163) d(35) r(32,31) d(37)
--------------------------------------------------------------------------------
Evaluation

0; 0.
1; 0.
2; 0.
3; 0.
4; 0.
5; 0.
6; 0.
7; 0.
8; 4.
9; 0.
10; 0.
11; 0.
12; 0.
13; 0.
14; 0.
15; 0.
16; 0.
17; 0.
18; 0.
19; 4.
20; 0.
21; 0.
22; 0.
23; 0.
24; 0.
25; 0.
26; 0.
27; 0.
28; 0.
29; 0.
30; 0.
31; 0.
32; 0.
33; 0.
34; 0.
35; 0.
36; 0.
37; 0.
38; 0.
39; 0.
40; 0.
41; 0.
42; 0.
43; 0.
44; 0.
45; 0.
46; 0.
47; 0.
48; 0.
49; 0.
50; 0.
51; 0.
52; 0.
53; 0.
54; 0.
55; 0.
56; 0.
57; 0.
58; 0.
59; 0.
================================================================================
Generation 6

--------------------------------------------------------------------------------
Selection

0; 37
1; 38
2; 21
3; 4
4; 47
5; 14
6; 4
7; 42
8; 6
9; 17
10; 15
11; 45
12; 56
13; 50
14; 56
15; 15
16; 11
17; 3
18; 22
19; 45
20; 42
21; 29
22; 17
23; 34
24; 56
25; 18
26; 9
27; 48
28; 24
29; 28
30; 27
31; 35
32; 53
33; 11
34; 0
35; 27
36; 2
37; 42
38; 29
39; 54
--------------------------------------------------------------------------------
Crossover

0; 56; d(39) d(38) r(7,37) d(31) a(39,163) d(35) r(32,31) a(37,58)
1; 45; d(39) r(36,162) a(6,74) r(36,162) a(5,38) r(37,48) r(32,60) a(5,95)
2; 6; d(38) d(39) d(35) a(6,163) d(36) r(32,160)
3; 42; r(36,82) a(7,46) a(38,133) d(39) r(32,60) d(38)
4; 18; a(38,53) r(5,56) d(35) d(32) a(6,74) r(36,162) a(5,38) r(37,48) d(31) a(29,74)
5; 0; r(39,83) r(35,36) a(38,53) d(6) a(38,31)
6; 35; r(39,76) a(6,74) r(36,162) a(5,38) r(37,48) d(7) d(32)
7; 47; a(38,53) r(5,56) a(39,29) d(35) d(38) r(37,31) r(31,43) d(32) d(29) a(36,40)
8; 11; r(39,76) r(5,78) d(31) r(38,36) r(37,31)
9; 9; r(39,76) r(5,78) r(5,56) d(35) d(32) r(38,80) r(39,48) r(29,43)
10; 54, 28; a(39,45) r(31,43) d(39) a(5,91) r(38,76) r(5,78) r(38,80) a(29,31) d(37) d(29) r(32,95)
11; 54, 28; r(39,76)
12; 54; a(39,45) r(31,43) d(39) a(5,91) r(38,76)
13; 28; r(39,76) r(5,78) r(38,80) a(29,31) d(37) d(29) r(32,95)
14; 42; r(36,82) a(7,46) a(38,133) d(39) r(32,60) d(38)
15; 11; r(39,76) r(5,78) d(31) r(38,36) r(37,31)
16; 24; d(38) d(39) d(35) a(6,163) d(36) d(31)
17; 4; a(39,45) r(31,43) d(39) a(5,91) d(38)
18; 17; a(39,45) r(31,43) d(39) a(5,91) d(7)
19; 3; r(39,76) r(5,78) r(38,80) a(29,31) d(35) r(37,160) r(36,65)
20; 45, 50; d(39) r(36,162) a(6,74) r(36,162) a(5,38) r(37,48) a(37,53)
21; 45, 50; r(39,76) r(5,78) d(31) r(38,36) r(32,60) a(5,95)
22; 45; d(39) r(36,162) a(6,74) r(36,162) a(5,38) r(37,48) r(32,60) a(5,95)
23; 50; r(39,76) r(5,78) d(31) r(38,36) a(37,53)
24; 4; a(39,45) r(31,43) d(39) a(5,91) d(38)
25; 17; a(39,45) r(31,43) d(39) a(5,91) d(7)
26; 34; a(38,53) r(5,56) a(39,29) d(32) r(38,83) d(39)
27; 27; a(39,45) a(38,36) d(29) r(7,90)
28; 38; r(39,76) r(5,78) r(38,80) a(29,31) d(36) a(37,29) r(35,39)
29; 14; a(38,53) r(5,56) d(39) a(5,91) a(38,29)
30; 15, 29; a(39,45) a(38,36) r(38,48) d(32) a(39,61) r(5,145)
31; 15, 29; a(39,45) r(31,43) a(39,29) d(32) r(38,83) d(39)
32; 15; a(39,45) r(31,43) a(39,29) d(32) r(38,83) d(39)
33; 29; a(39,45) a(38,36) r(38,48) d(32) a(39,61) r(5,145)
34; 15, 56; a(39,45) r(31,43) a(39,29) d(32) r(38,83) d(39) d(35) r(32,31) a(37,58)
35; 15, 56; d(39) d(38) r(7,37) d(31) a(39,163)
36; 15; a(39,45) r(31,43) a(39,29) d(32) r(38,83) d(39)
37; 56; d(39) d(38) r(7,37) d(31) a(39,163) d(35) r(32,31) a(37,58)
38; 42, 37; r(36,82) a(7,46) a(38,133) d(39) r(32,60) a(29,80)
39; 42, 37; d(39) d(38) r(7,37) d(31) a(37,29) d(38)
40; 42; r(36,82) a(7,46) a(38,133) d(39) r(32,60) d(38)
41; 37; d(39) d(38) r(7,37) d(31) a(37,29) a(29,80)
42; 56; d(39) d(38) r(7,37) d(31) a(39,163) d(35) r(32,31) a(37,58)
43; 29; a(39,45) a(38,36) r(38,48) d(32) a(39,61) r(5,145)
44; 22; d(38) d(39) d(35) a(6,163) r(5,76) d(35) d(32) r(29,125) a(37,5)
45; 27; a(39,45) a(38,36) d(29) r(7,90)
46; 53; d(39) r(36,162) r(29,83) a(38,108) r(6,125) r(38,61)
47; 21; r(39,76) a(6,74) r(36,162) a(5,38) r(37,48) d(31) a(7,160)
48; 48, 2; r(39,76) a(5,44) d(32) d(38) a(37,53)
49; 48, 2; d(39) r(5,76) d(35) r(7,41) d(6)
50; 48; r(39,76) a(5,44) r(7,41) d(6)
51; 2; d(39) r(5,76) d(35) d(32) d(38) a(37,53)
--------------------------------------------------------------------------------
Mutation

0; d(39) d(38) r(7,37) d(31) a(39,163) d(35) r(32,31) a(37,58) d(5)
1; d(39) r(36,162) a(6,74) r(36,162) a(5,38) r(37,48) r(32,60) a(5,95) d(31)
2; d(38) d(39) d(35) a(6,163) d(36) r(32,160) a(31,72)
3; r(36,82) a(7,46) a(38,133) d(39) r(32,60) d(38) a(31,60)
4; a(38,53) r(5,56) d(35) d(32) a(6,74) r(36,162) a(5,38) r(37,48) d(31) a(29,74) a(29,83)
5; r(39,83) r(35,36) a(38,53) d(6) a(38,31) a(5,46)
6; r(39,76) a(6,74) r(36,162) a(5,38) r(37,48) d(7) d(32) r(6,80)
7; a(38,53) r(5,56) a(39,29) d(35) d(38) r(37,31) r(31,43) d(32) d(29) a(36,40) r(36,43)
8; r(39,76) r(5,78) d(31) r(38,36) r(37,31) r(32,160)
9; r(39,76) r(5,78) r(5,56) d(35) d(32) r(38,80) r(39,48) r(29,43) d(36)
10; a(39,45) r(31,43) d(39) a(5,91) r(38,76) r(5,78) r(38,80) a(29,31) d(37) d(29) r(32,95) r(36,32)
11; r(39,76) a(32,160)
12; a(39,45) r(31,43) d(39) a(5,91) r(38,76) d(5)
13; r(39,76) r(5,78) r(38,80) a(29,31) d(37) d(29) r(32,95) r(36,96)
14; r(36,82) a(7,46) a(38,133) d(39) r(32,60) d(38) r(7,39)
15; r(39,76) r(5,78) d(31) r(38,36) r(37,31) r(32,47)
16; d(38) d(39) d(35) a(6,163) d(36) d(31) r(6,108)
17; a(39,45) r(31,43) d(39) a(5,91) d(38) a(36,79)
18; a(39,45) r(31,43) d(39) a(5,91) d(7) a(38,47)
19; r(39,76) r(5,78) r(38,80) a(29,31) d(35) r(37,160) r(36,65) d(32)
20; d(39) r(36,162) a(6,74) r(36,162) a(5,38) r(37,48) a(37,53) a(5,53)
21; r(39,76) r(5,78) d(31) r(38,36) r(32,60) a(5,95) r(29,39)
22; d(39) r(36,162) a(6,74) r(36,162) a(5,38) r(37,48) r(32,60) a(5,95) d(6)
23; r(39,76) r(5,78) d(31) r(38,36) a(37,53) r(29,72)
24; a(39,45) r(31,43) d(39) a(5,91) d(38) r(32,160)
25; a(39,45) r(31,43) d(39) a(5,91) d(7) r(29,162)
26; a(38,53) r(5,56) a(39,29) d(32) r(38,83) d(39) d(37)
27; a(39,45) a(38,36) d(29) r(7,90) a(38,95)
28; r(39,76) r(5,78) r(38,80) a(29,31) d(36) a(37,29) r(35,39) d(37)
29; a(38,53) r(5,56) d(39) a(5,91) a(38,29) a(38,78)
30; a(39,45) a(38,36) r(38,48) d(32) a(39,61) r(5,145) a(39,60)
31; a(39,45) r(31,43) a(39,29) d(32) r(38,83) d(39) d(36)
32; a(39,45) r(31,43) a(39,29) d(32) r(38,83) d(39) d(37)
33; a(39,45) a(38,36) r(38,48) d(32) a(39,61) r(5,145) d(39)
34; a(39,45) r(31,43) a(39,29) d(32) r(38,83) d(39) d(35) r(32,31) a(37,58) d(7)
35; d(39) d(38) r(7,37) d(31) a(39,163) a(35,43)
36; a(39,45) r(31,43) a(39,29) d(32) r(38,83) d(39) r(37,160)
37; d(39) d(38) r(7,37) d(31) a(39,163) d(35) r(32,31) a(37,58) d(5)
38; r(36,82) a(7,46) a(38,133) d(39) r(32,60) a(29,80) r(38,61)
39; d(39) d(38) r(7,37) d(31) a(37,29) d(38) d(32)
40; r(36,82) a(7,46) a(38,133) d(39) r(32,60) d(38) d(29)
41; d(39) d(38) r(7,37) d(31) a(37,29) a(29,80) a(6,52)
42; d(39) d(38) r(7,37) d(31) a(39,163) d(35) r(32,31) a(37,58) r(6,7)
43; a(39,45) a(38,36) r(38,48) d(32) a(39,61) r(5,145) a(29,124)
44; d(38) d(39) d(35) a(6,163) r(5,76) d(35) d(32) r(29,125) a(37,5) r(36,82)
45; a(39,45) a(38,36) d(29) r(7,90) r(39,74)
46; d(39) r(36,162) r(29,83) a(38,108) r(6,125) r(38,61) d(35)
47; r(39,76) a(6,74) r(36,162) a(5,38) r(37,48) d(31) a(7,160) d(6)
48; r(39,76) a(5,44) d(32) d(38) a(37,53) r(6,51)
49; d(39) r(5,76) d(35) r(7,41) d(6) d(37)
50; r(39,76) a(5,44) r(7,41) d(6) d(5)
51; d(39) r(5,76) d(35) d(32) d(38) a(37,53) a(29,5)
--------------------------------------------------------------------------------
Evaluation

0; 0.
1; 0.
2; 0.
3; 0.
4; 0.
5; 0.
6; 0.
7; 0.
8; 0.
9; 0.
10; 0.
11; 4.
12; 0.
13; 0.
14; 0.
15; 0.
16; 12.
17; 0.
18; 0.
19; 0.
20; 0.
21; 0.
22; 0.
23; 0.
24; 0.
25; 0.
26; 0.
27; 0.
28; 0.
29; 0.
30; 0.
31; 0.
32; 0.
33; 0.
34; 12.
35; 0.
36; 0.
37; 0.
38; 0.
39; 0.
40; 0.
41; 0.
42; 0.
43; 12.
44; 0.
45; 0.
46; 0.
47; 0.
48; 0.
49; 0.
50; 0.
51; 0.
================================================================================
Generation 7

--------------------------------------------------------------------------------
Selection

0; 28
1; 15
2; 37
3; 20
4; 15
5; 2
6; 44
7; 51
8; 14
9; 37
10; 18
11; 25
12; 40
13; 51
14; 9
15; 19
16; 18
17; 44
18; 48
19; 12
20; 51
21; 47
22; 3
23; 40
24; 1
25; 21
26; 42
27; 2
28; 50
29; 48
30; 1
31; 3
32; 29
33; 41
34; 45
35; 13
36; 25
37; 18
38; 8
39; 40
--------------------------------------------------------------------------------
Crossover

0; 48, 14; r(39,76) a(5,44) d(32) d(38) a(37,53) a(38,133) d(39) r(32,60) d(38) r(7,39)
1; 48, 14; r(36,82) a(7,46) r(6,51)
2; 48; r(39,76) a(5,44) d(32) d(38) a(37,53) r(6,51)
3; 14; r(36,82) a(7,46) a(38,133) d(39) r(32,60) d(38) r(7,39)
4; 48, 40; r(39,76) d(29)
5; 48, 40; r(36,82) a(7,46) a(38,133) d(39) r(32,60) d(38) a(5,44) d(32) d(38) a(37,53) r(6,51)
6; 48; r(39,76) a(5,44) d(32) d(38) a(37,53) r(6,51)
7; 40; r(36,82) a(7,46) a(38,133) d(39) r(32,60) d(38) d(29)
8; 51; d(39) r(5,76) d(35) d(32) d(38) a(37,53) a(29,5)
9; 21; r(39,76) r(5,78) d(31) r(38,36) r(32,60) a(5,95) r(29,39)
10; 3; r(36,82) a(7,46) a(38,133) d(39) r(32,60) d(38) a(31,60)
11; 3; r(36,82) a(7,46) a(38,133) d(39) r(32,60) d(38) a(31,60)
12; 29, 13; a(38,53) r(5,56) d(39) a(5,91) a(38,29) a(29,31) d(37) d(29) r(32,95) r(36,96)
13; 29, 13; r(39,76) r(5,78) r(38,80) a(38,78)
14; 29; a(38,53) r(5,56) d(39) a(5,91) a(38,29) a(38,78)
15; 13; r(39,76) r(5,78) r(38,80) a(29,31) d(37) d(29) r(32,95) r(36,96)
16; 40, 47; r(36,82) a(7,46) a(38,133) d(39) r(32,60) d(38) r(36,162) a(5,38) r(37,48) d(31) a(7,160) d(6)
17; 40, 47; r(39,76) a(6,74) d(29)
18; 40; r(36,82) a(7,46) a(38,133) d(39) r(32,60) d(38) d(29)
19; 47; r(39,76) a(6,74) r(36,162) a(5,38) r(37,48) d(31) a(7,160) d(6)
20; 1; d(39) r(36,162) a(6,74) r(36,162) a(5,38) r(37,48) r(32,60) a(5,95) d(31)
21; 2; d(38) d(39) d(35) a(6,163) d(36) r(32,160) a(31,72)
22; 40; r(36,82) a(7,46) a(38,133) d(39) r(32,60) d(38) d(29)
23; 44; d(38) d(39) d(35) a(6,163) r(5,76) d(35) d(32) r(29,125) a(37,5) r(36,82)
24; 45; a(39,45) a(38,36) d(29) r(7,90) r(39,74)
25; 18; a(39,45) r(31,43) d(39) a(5,91) d(7) a(38,47)
26; 37; d(39) d(38) r(7,37) d(31) a(39,163) d(35) r(32,31) a(37,58) d(5)
27; 12; a(39,45) r(31,43) d(39) a(5,91) r(38,76) d(5)
28; 42, 41; d(39) d(38) r(7,37) d(31) a(39,163) d(38) r(7,37) d(31) a(37,29) a(29,80) a(6,52)
29; 42, 41; d(39) d(35) r(32,31) a(37,58) r(6,7)
30; 42; d(39) d(38) r(7,37) d(31) a(39,163) d(35) r(32,31) a(37,58) r(6,7)
31; 41; d(39) d(38) r(7,37) d(31) a(37,29) a(29,80) a(6,52)
32; 9; r(39,76) r(5,78) r(5,56) d(35) d(32) r(38,80) r(39,48) r(29,43) d(36)
33; 50; r(39,76) a(5,44) r(7,41) d(6) d(5)
34; 25, 18; a(39,45) r(31,43) d(39) a(5,91) d(39) a(5,91) d(7) a(38,47)
35; 25, 18; a(39,45) r(31,43) d(7) r(29,162)
36; 25; a(39,45) r(31,43) d(39) a(5,91) d(7) r(29,162)
37; 18; a(39,45) r(31,43) d(39) a(5,91) d(7) a(38,47)
38; 44, 15; d(38) d(39) d(31) r(38,36) r(37,31) r(32,47)
39; 44, 15; r(39,76) r(5,78) d(35) a(6,163) r(5,76) d(35) d(32) r(29,125) a(37,5) r(36,82)
40; 44; d(38) d(39) d(35) a(6,163) r(5,76) d(35) d(32) r(29,125) a(37,5) r(36,82)
41; 15; r(39,76) r(5,78) d(31) r(38,36) r(37,31) r(32,47)
42; 37, 15; d(39) d(38) r(7,37) d(31) a(39,163) d(35) r(32,31) a(37,58) r(5,78) d(31) r(38,36) r(37,31) r(32,47)
43; 37, 15; r(39,76) d(5)
44; 37; d(39) d(38) r(7,37) d(31) a(39,163) d(35) r(32,31) a(37,58) d(5)
45; 15; r(39,76) r(5,78) d(31) r(38,36) r(37,31) r(32,47)
46; 8, 25; r(39,76) a(5,91) d(7) r(29,162)
47; 8, 25; a(39,45) r(31,43) d(39) r(5,78) d(31) r(38,36) r(37,31) r(32,160)
48; 8; r(39,76) r(5,78) d(31) r(38,36) r(37,31) r(32,160)
49; 25; a(39,45) r(31,43) d(39) a(5,91) d(7) r(29,162)
50; 51; d(39) r(5,76) d(35) d(32) d(38) a(37,53) a(29,5)
51; 1; d(39) r(36,162) a(6,74) r(36,162) a(5,38) r(37,48) r(32,60) a(5,95) d(31)
52; 18, 19; a(39,45) r(31,43) d(39) a(5,91) d(7) a(38,47) r(5,78) r(38,80) a(29,31) d(35) r(37,160) r(36,65) d(32)
53; 18, 19; r(39,76)
54; 18; a(39,45) r(31,43) d(39) a(5,91) d(7) a(38,47)
55; 19; r(39,76) r(5,78) r(38,80) a(29,31) d(35) r(37,160) r(36,65) d(32)
56; 2; d(38) d(39) d(35) a(6,163) d(36) r(32,160) a(31,72)
57; 28; r(39,76) r(5,78) r(38,80) a(29,31) d(36) a(37,29) r(35,39) d(37)
58; 20; d(39) r(36,162) a(6,74) r(36,162) a(5,38) r(37,48) a(37,53) a(5,53)
59; 51; d(39) r(5,76) d(35) d(32) d(38) a(37,53) a(29,5)
--------------------------------------------------------------------------------
Mutation

0; r(39,76) a(5,44) d(32) d(38) a(37,53) a(38,133) d(39) r(32,60) d(38) r(7,39) r(31,78)
1; r(36,82) a(7,46) r(6,51) d(38)
2; r(39,76) a(5,44) d(32) d(38) a(37,53) r(6,51) d(36)
3; r(36,82) a(7,46) a(38,133) d(39) r(32,60) d(38) r(7,39) a(31,125)
4; r(39,76) d(29) r(32,5)
5; r(36,82) a(7,46) a(38,133) d(39) r(32,60) d(38) a(5,44) d(32) d(38) a(37,53) r(6,51) a(29,50)
6; r(39,76) a(5,44) d(32) d(38) a(37,53) r(6,51) d(31)
7; r(36,82) a(7,46) a(38,133) d(39) r(32,60) d(38) d(29) r(7,29)
8; d(39) r(5,76) d(35) d(32) d(38) a(37,53) a(29,5) r(31,145)
9; r(39,76) r(5,78) d(31) r(38,36) r(32,60) a(5,95) r(29,39) d(36)
10; r(36,82) a(7,46) a(38,133) d(39) r(32,60) d(38) a(31,60) d(31)
11; r(36,82) a(7,46) a(38,133) d(39) r(32,60) d(38) a(31,60) d(37)
12; a(38,53) r(5,56) d(39) a(5,91) a(38,29) a(29,31) d(37) d(29) r(32,95) r(36,96)
13; r(39,76) r(5,78) r(38,80) a(38,78) r(35,124)
14; a(38,53) r(5,56) d(39) a(5,91) a(38,29) a(38,78) d(38)
15; r(39,76) r(5,78) r(38,80) a(29,31) d(37) d(29) r(32,95) r(36,96)
16; r(36,82) a(7,46) a(38,133) d(39) r(32,60) d(38) r(36,162) a(5,38) r(37,48) d(31) a(7,160) d(6) r(5,41)
17; r(39,76) a(6,74) d(29) a(38,5)
18; r(36,82) a(7,46) a(38,133) d(39) r(32,60) d(38) d(29) d(7)
19; r(39,76) a(6,74) r(36,162) a(5,38) r(37,48) d(31) a(7,160) d(6) d(5)
20; d(39) r(36,162) a(6,74) r(36,162) a(5,38) r(37,48) r(32,60) a(5,95) d(31) a(5,66)
21; d(38) d(39) d(35) a(6,163) d(36) r(32,160) a(31,72) r(7,65)
22; r(36,82) a(7,46) a(38,133) d(39) r(32,60) d(38) d(29) a(5,44)
23; d(38) d(39) d(35) a(6,163) r(5,76) d(35) d(32) r(29,125) a(37,5) r(36,82) a(37,83)
24; a(39,45) a(38,36) d(29) r(7,90) r(39,74) a(38,163)
25; a(39,45) r(31,43) d(39) a(5,91) d(7) a(38,47) r(38,104)
26; d(39) d(38) r(7,37) d(31) a(39,163) d(35) r(32,31) a(37,58) d(5) a(36,104)
27; a(39,45) r(31,43) d(39) a(5,91) r(38,76) d(5) d(29)
28; d(39) d(38) r(7,37) d(31) a(39,163) d(38) r(7,37) d(31) a(37,29) a(29,80) a(6,52) r(36,46)
29; d(39) d(35) r(32,31) a(37,58) r(6,7) a(5,39)
30; d(39) d(38) r(7,37) d(31) a(39,163) d(35) r(32,31) a(37,58) r(6,7) a(5,163)
31; d(39) d(38) r(7,37) d(31) a(37,29) a(29,80) a(6,52) r(32,38)
32; r(39,76) r(5,78) r(5,56) d(35) d(32) r(38,80) r(39,48) r(29,43) d(36) d(37)
33; r(39,76) a(5,44) r(7,41) d(6) d(5) r(38,66)
34; a(39,45) r(31,43) d(39) a(5,91) d(39) a(5,91) d(7) a(38,47) r(36,91)
35; a(39,45) r(31,43) d(7) r(29,162) d(5)
36; a(39,45) r(31,43) d(39) a(5,91) d(7) r(29,162) d(37)
37; a(39,45) r(31,43) d(39) a(5,91) d(7) a(38,47) a(6,163)
38; d(38) d(39) d(31) r(38,36) r(37,31) r(32,47) d(7)
39; r(39,76) r(5,78) d(35) a(6,163) r(5,76) d(35) d(32) r(29,125) a(37,5) r(36,82) a(38,73)
40; d(38) d(39) d(35) a(6,163) r(5,76) d(35) d(32) r(29,125) a(37,5) r(36,82) d(37)
41; r(39,76) r(5,78) d(31) r(38,36) r(37,31) r(32,47) r(36,5)
42; d(39) d(38) r(7,37) d(31) a(39,163) d(35) r(32,31) a(37,58) r(5,78) d(31) r(38,36) r(37,31) r(32,47) r(36,76)
43; r(39,76) d(5) d(37)
44; d(39) d(38) r(7,37) d(31) a(39,163) d(35) r(32,31) a(37,58) d(5) a(36,72)
45; r(39,76) r(5,78) d(31) r(38,36) r(37,31) r(32,47) r(29,73)
46; r(39,76) a(5,91) d(7) r(29,162) d(37)
47; a(39,45) r(31,43) d(39) r(5,78) d(31) r(38,36) r(37,31) r(32,160) a(29,41)
48; r(39,76) r(5,78) d(31) r(38,36) r(37,31) r(32,160) d(29)
49; a(39,45) r(31,43) d(39) a(5,91) d(7) r(29,162) d(38)
50; d(39) r(5,76) d(35) d(32) d(38) a(37,53) a(29,5) r(29,125)
51; d(39) r(36,162) a(6,74) r(36,162) a(5,38) r(37,48) r(32,60) a(5,95) d(31) a(6,51)
52; a(39,45) r(31,43) d(39) a(5,91) d(7) a(38,47) r(5,78) r(38,80) a(29,31) d(35) r(37,160) r(36,65) d(32) d(29)
53; r(39,76) r(29,73)
54; a(39,45) r(31,43) d(39) a(5,91) d(7) a(38,47) a(36,50)
55; r(39,76) r(5,78) r(38,80) a(29,31) d(35) r(37,160) r(36,65) d(32) d(29)
56; d(38) d(39) d(35) a(6,163) d(36) r(32,160) a(31,72) a(37,47)
57; r(39,76) r(5,78) r(38,80) a(29,31) d(36) a(37,29) r(35,39) d(37) d(31)
58; d(39) r(36,162) a(6,74) r(36,162) a(5,38) r(37,48) a(37,53) a(5,53) a(31,29)
59; d(39) r(5,76) d(35) d(32) d(38) a(37,53) a(29,5) d(31)
--------------------------------------------------------------------------------
Evaluation

0; 0.
1; 0.
2; 0.
3; 0.
4; 0.
5; 0.
6; 0.
7; 0.
8; 0.
9; 0.
10; 0.
11; 0.
12; 0.
13; 0.
14; 0.
15; 0.
16; 0.
17; 4.
18; 0.
19; 0.
20; 0.
21; 12.
22; 0.
23; 0.
24; 0.
25; 0.
26; 0.
27; 0.
28; 0.
29; 0.
30; 12.
31; 0.
32; 0.
33; 0.
34; 0.
35; 4.
36; 0.
37; 12.
38; 12.
39; 0.
40; 0.
41; 0.
42; 0.
43; 4.
44; 0.
45; 0.
46; 0.
47; 0.
48; 0.
49; 0.
50; 0.
51; 0.
52; 0.
53; 0.
54; 0.
55; 0.
56; 0.
57; 0.
58; 0.
59; 0.
================================================================================
Generation 8

--------------------------------------------------------------------------------
Selection

0; 29
1; 13
2; 14
3; 41
4; 10
5; 55
6; 3
7; 15
8; 56
9; 59
10; 5
11; 31
12; 44
13; 13
14; 15
15; 15
16; 45
17; 26
18; 34
19; 59
20; 2
21; 56
22; 50
23; 59
24; 47
25; 3
26; 7
27; 22
28; 16
29; 20
30; 31
31; 15
32; 39
33; 20
34; 54
35; 8
36; 8
37; 0
38; 26
39; 27
--------------------------------------------------------------------------------
Crossover

0; 45, 13; r(39,76) r(5,78) d(31) r(35,124)
1; 45, 13; r(39,76) r(5,78) r(38,80) a(38,78) r(38,36) r(37,31) r(32,47) r(29,73)
2; 45; r(39,76) r(5,78) d(31) r(38,36) r(37,31) r(32,47) r(29,73)
3; 13; r(39,76) r(5,78) r(38,80) a(38,78) r(35,124)
4; 16, 56; r(36,82) a(31,72) a(37,47)
5; 16, 56; d(38) d(39) d(35) a(6,163) d(36) r(32,160) a(7,46) a(38,133) d(39) r(32,60) d(38) r(36,162) a(5,38) r(37,48) d(31) a(7,160) d(6) r(5,41)
6; 16; r(36,82) a(7,46) a(38,133) d(39) r(32,60) d(38) r(36,162) a(5,38) r(37,48) d(31) a(7,160) d(6) r(5,41)
7; 56; d(38) d(39) d(35) a(6,163) d(36) r(32,160) a(31,72) a(37,47)
8; 3; r(36,82) a(7,46) a(38,133) d(39) r(32,60) d(38) r(7,39) a(31,125)
9; 41; r(39,76) r(5,78) d(31) r(38,36) r(37,31) r(32,47) r(36,5)
10; 0; r(39,76) a(5,44) d(32) d(38) a(37,53) a(38,133) d(39) r(32,60) d(38) r(7,39) r(31,78)
11; 5; r(36,82) a(7,46) a(38,133) d(39) r(32,60) d(38) a(5,44) d(32) d(38) a(37,53) r(6,51) a(29,50)
12; 13; r(39,76) r(5,78) r(38,80) a(38,78) r(35,124)
13; 3; r(36,82) a(7,46) a(38,133) d(39) r(32,60) d(38) r(7,39) a(31,125)
14; 10; r(36,82) a(7,46) a(38,133) d(39) r(32,60) d(38) a(31,60) d(31)
15; 15; r(39,76) r(5,78) r(38,80) a(29,31) d(37) d(29) r(32,95) r(36,96)
16; 55; r(39,76) r(5,78) r(38,80) a(29,31) d(35) r(37,160) r(36,65) d(32) d(29)
17; 59; d(39) r(5,76) d(35) d(32) d(38) a(37,53) a(29,5) d(31)
18; 29, 7; d(39) d(38) d(29) r(7,29)
19; 29, 7; r(36,82) a(7,46) a(38,133) d(39) r(32,60) d(35) r(32,31) a(37,58) r(6,7) a(5,39)
20; 29; d(39) d(35) r(32,31) a(37,58) r(6,7) a(5,39)
21; 7; r(36,82) a(7,46) a(38,133) d(39) r(32,60) d(38) d(29) r(7,29)
22; 31, 34; d(39) d(38) r(7,37) d(31) a(37,29) r(31,43) d(39) a(5,91) d(39) a(5,91) d(7) a(38,47) r(36,91)
23; 31, 34; a(39,45) a(29,80) a(6,52) r(32,38)
24; 31; d(39) d(38) r(7,37) d(31) a(37,29) a(29,80) a(6,52) r(32,38)
25; 34; a(39,45) r(31,43) d(39) a(5,91) d(39) a(5,91) d(7) a(38,47) r(36,91)
26; 59, 14; d(39) r(5,76) d(35) d(32) d(38) a(37,53)
27; 59, 14; a(38,53) r(5,56) d(39) a(5,91) a(38,29) a(38,78) d(38) a(29,5) d(31)
28; 59; d(39) r(5,76) d(35) d(32) d(38) a(37,53) a(29,5) d(31)
29; 14; a(38,53) r(5,56) d(39) a(5,91) a(38,29) a(38,78) d(38)
30; 20, 2; d(39) r(36,162) a(5,44) d(32) d(38) a(37,53) r(6,51) d(36)
31; 20, 2; r(39,76) a(6,74) r(36,162) a(5,38) r(37,48) r(32,60) a(5,95) d(31) a(5,66)
32; 20; d(39) r(36,162) a(6,74) r(36,162) a(5,38) r(37,48) r(32,60) a(5,95) d(31) a(5,66)
33; 2; r(39,76) a(5,44) d(32) d(38) a(37,53) r(6,51) d(36)
34; 47; a(39,45) r(31,43) d(39) r(5,78) d(31) r(38,36) r(37,31) r(32,160) a(29,41)
35; 22; r(36,82) a(7,46) a(38,133) d(39) r(32,60) d(38) d(29) a(5,44)
36; 8; d(39) r(5,76) d(35) d(32) d(38) a(37,53) a(29,5) r(31,145)
37; 31; d(39) d(38) r(7,37) d(31) a(37,29) a(29,80) a(6,52) r(32,38)
38; 26; d(39) d(38) r(7,37) d(31) a(39,163) d(35) r(32,31) a(37,58) d(5) a(36,104)
39; 50; d(39) r(5,76) d(35) d(32) d(38) a(37,53) a(29,5) r(29,125)
40; 56; d(38) d(39) d(35) a(6,163) d(36) r(32,160) a(31,72) a(37,47)
41; 59; d(39) r(5,76) d(35) d(32) d(38) a(37,53) a(29,5) d(31)
42; 8; d(39) r(5,76) d(35) d(32) d(38) a(37,53) a(29,5) r(31,145)
43; 54; a(39,45) r(31,43) d(39) a(5,91) d(7) a(38,47) a(36,50)
44; 26; d(39) d(38) r(7,37) d(31) a(39,163) d(35) r(32,31) a(37,58) d(5) a(36,104)
45; 39; r(39,76) r(5,78) d(35) a(6,163) r(5,76) d(35) d(32) r(29,125) a(37,5) r(36,82) a(38,73)
46; 15; r(39,76) r(5,78) r(38,80) a(29,31) d(37) d(29) r(32,95) r(36,96)
47; 15; r(39,76) r(5,78) r(38,80) a(29,31) d(37) d(29) r(32,95) r(36,96)
48; 20, 44; d(39) r(36,162) a(6,74) r(36,162) a(37,58) d(5) a(36,72)
49; 20, 44; d(39) d(38) r(7,37) d(31) a(39,163) d(35) r(32,31) a(5,38) r(37,48) r(32,60) a(5,95) d(31) a(5,66)
50; 20; d(39) r(36,162) a(6,74) r(36,162) a(5,38) r(37,48) r(32,60) a(5,95) d(31) a(5,66)
51; 44; d(39) d(38) r(7,37) d(31) a(39,163) d(35) r(32,31) a(37,58) d(5) a(36,72)
52; 27, 15; a(39,45) d(37) d(29) r(32,95) r(36,96)
53; 27, 15; r(39,76) r(5,78) r(38,80) a(29,31) r(31,43) d(39) a(5,91) r(38,76) d(5) d(29)
54; 27; a(39,45) r(31,43) d(39) a(5,91) r(38,76) d(5) d(29)
55; 15; r(39,76) r(5,78) r(38,80) a(29,31) d(37) d(29) r(32,95) r(36,96)
--------------------------------------------------------------------------------
Mutation

0; r(39,76) r(5,78) d(31) r(35,124) d(38)
1; r(39,76) r(5,78) r(38,80) a(38,78) r(38,36) r(37,31) r(32,47) r(29,73) d(36)
2; r(39,76) r(5,78) d(31) r(38,36) r(37,31) r(32,47) r(29,73) a(36,66)
3; r(39,76) r(5,78) r(38,80) a(38,78) r(35,124) d(36)
4; r(36,82) a(31,72) a(37,47) d(38)
5; d(38) d(39) d(35) a(6,163) d(36) r(32,160) a(7,46) a(38,133) d(39) r(32,60) d(38) r(36,162) a(5,38) r(37,48) d(31) a(7,160) d(6) r(5,41) d(29)
6; r(36,82) a(7,46) a(38,133) d(39) r(32,60) d(38) r(36,162) a(5,38) r(37,48) d(31) a(7,160) d(6) r(5,41) r(29,95)
7; d(38) d(39) d(35) a(6,163) d(36) r(32,160) a(31,72) a(37,47) a(37,35)
8; r(36,82) a(7,46) a(38,133) d(39) r(32,60) d(38) r(7,39) a(31,125) a(5,49)
9; r(39,76) r(5,78) d(31) r(38,36) r(37,31) r(32,47) r(36,5) r(29,163)
10; r(39,76) a(5,44) d(32) d(38) a(37,53) a(38,133) d(39) r(32,60) d(38) r(7,39) r(31,78) a(6,72)
11; r(36,82) a(7,46) a(38,133) d(39) r(32,60) d(38) a(5,44) d(32) d(38) a(37,53) r(6,51) a(29,50) a(31,74)
12; r(39,76) r(5,78) r(38,80) a(38,78) r(35,124) r(36,162)
13; r(36,82) a(7,46) a(38,133) d(39) r(32,60) d(38) r(7,39) a(31,125) d(5)
14; r(36,82) a(7,46) a(38,133) d(39) r(32,60) d(38) a(31,60) d(31) d(7)
15; r(39,76) r(5,78) r(38,80) a(29,31) d(37) d(29) r(32,95) r(36,96)
16; r(39,76) r(5,78) r(38,80) a(29,31) d(35) r(37,160) r(36,65) d(32) d(29)
17; d(39) r(5,76) d(35) d(32) d(38) a(37,53) a(29,5) d(31) r(37,80)
18; d(39) d(38) d(29) r(7,29) a(6,51)
19; r(36,82) a(7,46) a(38,133) d(39) r(32,60) d(35) r(32,31) a(37,58) r(6,7) a(5,39) r(38,58)
20; d(39) d(35) r(32,31) a(37,58) r(6,7) a(5,39) a(38,72)
21; r(36,82) a(7,46) a(38,133) d(39) r(32,60) d(38) d(29) r(7,29) a(37,95)
22; d(39) d(38) r(7,37) d(31) a(37,29) r(31,43) d(39) a(5,91) d(39) a(5,91) d(7) a(38,47) r(36,91) r(29,36)
23; a(39,45) a(29,80) a(6,52) r(32,38) d(6)
24; d(39) d(38) r(7,37) d(31) a(37,29) a(29,80) a(6,52) r(32,38) a(36,37)
25; a(39,45) r(31,43) d(39) a(5,91) d(39) a(5,91) d(7) a(38,47) r(36,91) r(38,40)
26; d(39) r(5,76) d(35) d(32) d(38) a(37,53) a(31,45)
27; a(38,53) r(5,56) d(39) a(5,91) a(38,29) a(38,78) d(38) a(29,5) d(31) d(32)
28; d(39) r(5,76) d(35) d(32) d(38) a(37,53) a(29,5) d(31) a(37,90)
29; a(38,53) r(5,56) d(39) a(5,91) a(38,29) a(38,78) d(38) a(32,104)
30; d(39) r(36,162) a(5,44) d(32) d(38) a(37,53) r(6,51) d(36) r(37,82)
31; r(39,76) a(6,74) r(36,162) a(5,38) r(37,48) r(32,60) a(5,95) d(31) a(5,66) r(5,53)
32; d(39) r(36,162) a(6,74) r(36,162) a(5,38) r(37,48) r(32,60) a(5,95) d(31) a(5,66) r(5,60)
33; r(39,76) a(5,44) d(32) d(38) a(37,53) r(6,51) d(36) a(5,163)
34; a(39,45) r(31,43) d(39) r(5,78) d(31) r(38,36) r(37,31) r(32,160) a(29,41) a(29,82)
35; r(36,82) a(7,46) a(38,133) d(39) r(32,60) d(38) d(29) a(5,44) a(7,65)
36; d(39) r(5,76) d(35) d(32) d(38) a(37,53) a(29,5) r(31,145) r(29,108)
37; d(39) d(38) r(7,37) d(31) a(37,29) a(29,80) a(6,52) r(32,38) a(37,160)
38; d(39) d(38) r(7,37) d(31) a(39,163) d(35) r(32,31) a(37,58) d(5) a(36,104) d(37)
39; d(39) r(5,76) d(35) d(32) d(38) a(37,53) a(29,5) r(29,125) a(37,90)
40; d(38) d(39) d(35) a(6,163) d(36) r(32,160) a(31,72) a(37,47) d(5)
41; d(39) r(5,76) d(35) d(32) d(38) a(37,53) a(29,5) d(31) d(36)
42; d(39) r(5,76) d(35) d(32) d(38) a(37,53) a(29,5) r(31,145) d(36)
43; a(39,45) r(31,43) d(39) a(5,91) d(7) a(38,47) a(36,50) r(29,45)
44; d(39) d(38) r(7,37) d(31) a(39,163) d(35) r(32,31) a(37,58) d(5) a(36,104) d(36)
45; r(39,76) r(5,78) d(35) a(6,163) r(5,76) d(35) d(32) r(29,125) a(37,5) r(36,82) a(38,73) a(38,36)
46; r(39,76) r(5,78) r(38,80) a(29,31) d(37) d(29) r(32,95) r(36,96)
47; r(39,76) r(5,78) r(38,80) a(29,31) d(37) d(29) r(32,95) r(36,96)
48; d(39) r(36,162) a(6,74) r(36,162) a(37,58) d(5) a(36,72) a(32,40)
49; d(39) d(38) r(7,37) d(31) a(39,163) d(35) r(32,31) a(5,38) r(37,48) r(32,60) a(5,95) d(31) a(5,66) a(36,46)
50; d(39) r(36,162) a(6,74) r(36,162) a(5,38) r(37,48) r(32,60) a(5,95) d(31) a(5,66) d(29)
51; d(39) d(38) r(7,37) d(31) a(39,163) d(35) r(32,31) a(37,58) d(5) a(36,72) r(37,79)
52; a(39,45) d(37) d(29) r(32,95) r(36,96) a(7,154)
53; r(39,76) r(5,78) r(38,80) a(29,31) r(31,43) d(39) a(5,91) r(38,76) d(5) d(29) a(36,45)
54; a(39,45) r(31,43) d(39) a(5,91) r(38,76) d(5) d(29) r(35,79)
55; r(39,76) r(5,78) r(38,80) a(29,31) d(37) d(29) r(32,95) r(36,96)
--------------------------------------------------------------------------------
Evaluation

0; 0.
1; 0.
2; 0.
3; 0.
4; 0.
5; 0.
6; 0.
7; 0.
8; 0.
9; 0.
10; 0.
11; 0.
12; 0.
13; 0.
14; 12.
15; 0.
16; 0.
17; 0.
18; 0.
19; 0.
20; 0.
21; 0.
22; 0.
23; 0.
24; 0.
25; 0.
26; 0.
27; 0.
28; 0.
29; 0.
30; 0.
31; 0.
32; 0.
33; 0.
34; 0.
35; 0.
36; 0.
37; 0.
38; 0.
39; 0.
40; 0.
41; 0.
42; 0.
43; 0.
44; 0.
45; 0.
46; 0.
47; 0.
48; 0.
49; 0.
50; 0.
51; 0.
52; 0.
53; 0.
54; 0.
55; 0.
================================================================================
Generation 9

--------------------------------------------------------------------------------
Selection

0; 40
1; 32
2; 20
3; 55
4; 31
5; 37
6; 5
7; 38
8; 48
9; 6
10; 32
11; 4
12; 8
13; 3
14; 43
15; 9
16; 24
17; 3
18; 8
19; 30
20; 30
21; 44
22; 44
23; 7
24; 39
25; 31
26; 18
27; 42
28; 22
29; 38
30; 35
31; 37
32; 36
33; 1
34; 3
35; 18
36; 49
37; 41
38; 1
39; 3
--------------------------------------------------------------------------------
Crossover

0; 8, 3; r(36,82) a(7,46) a(38,133) d(39) r(32,60) d(38) r(7,39)
1; 8, 3; r(39,76) r(5,78) r(38,80) a(38,78) r(35,124) d(36) a(31,125) a(5,49)
2; 8; r(36,82) a(7,46) a(38,133) d(39) r(32,60) d(38) r(7,39) a(31,125) a(5,49)
3; 3; r(39,76) r(5,78) r(38,80) a(38,78) r(35,124) d(36)
4; 40, 32; d(38) d(39) d(35) a(6,163) d(36) r(32,160) r(37,48) r(32,60) a(5,95) d(31) a(5,66) r(5,60)
5; 40, 32; d(39) r(36,162) a(6,74) r(36,162) a(5,38) a(31,72) a(37,47) d(5)
6; 40; d(38) d(39) d(35) a(6,163) d(36) r(32,160) a(31,72) a(37,47) d(5)
7; 32; d(39) r(36,162) a(6,74) r(36,162) a(5,38) r(37,48) r(32,60) a(5,95) d(31) a(5,66) r(5,60)
8; 7; d(38) d(39) d(35) a(6,163) d(36) r(32,160) a(31,72) a(37,47) a(37,35)
9; 1; r(39,76) r(5,78) r(38,80) a(38,78) r(38,36) r(37,31) r(32,47) r(29,73) d(36)
10; 4, 38; r(36,82) a(37,58) d(5) a(36,104) d(37)
11; 4, 38; d(39) d(38) r(7,37) d(31) a(39,163) d(35) r(32,31) a(31,72) a(37,47) d(38)
12; 4; r(36,82) a(31,72) a(37,47) d(38)
13; 38; d(39) d(38) r(7,37) d(31) a(39,163) d(35) r(32,31) a(37,58) d(5) a(36,104) d(37)
14; 1; r(39,76) r(5,78) r(38,80) a(38,78) r(38,36) r(37,31) r(32,47) r(29,73) d(36)
15; 24; d(39) d(38) r(7,37) d(31) a(37,29) a(29,80) a(6,52) r(32,38) a(36,37)
16; 18, 3; d(39) d(38) d(29) r(38,80) a(38,78) r(35,124) d(36)
17; 18, 3; r(39,76) r(5,78) r(7,29) a(6,51)
18; 18; d(39) d(38) d(29) r(7,29) a(6,51)
19; 3; r(39,76) r(5,78) r(38,80) a(38,78) r(35,124) d(36)
20; 18; d(39) d(38) d(29) r(7,29) a(6,51)
21; 5; d(38) d(39) d(35) a(6,163) d(36) r(32,160) a(7,46) a(38,133) d(39) r(32,60) d(38) r(36,162) a(5,38) r(37,48) d(31) a(7,160) d(6) r(5,41) d(29)
22; 3, 55; r(39,76) r(5,78) r(38,80) a(38,78) r(35,124)
23; 3, 55; r(39,76) r(5,78) r(38,80) a(29,31) d(37) d(29) r(32,95) r(36,96) d(36)
24; 3; r(39,76) r(5,78) r(38,80) a(38,78) r(35,124) d(36)
25; 55; r(39,76) r(5,78) r(38,80) a(29,31) d(37) d(29) r(32,95) r(36,96)
26; 44, 37; d(39) a(6,52) r(32,38) a(37,160)
27; 44, 37; d(39) d(38) r(7,37) d(31) a(37,29) a(29,80) d(38) r(7,37) d(31) a(39,163) d(35) r(32,31) a(37,58) d(5) a(36,104) d(36)
28; 44; d(39) d(38) r(7,37) d(31) a(39,163) d(35) r(32,31) a(37,58) d(5) a(36,104) d(36)
29; 37; d(39) d(38) r(7,37) d(31) a(37,29) a(29,80) a(6,52) r(32,38) a(37,160)
30; 20; d(39) d(35) r(32,31) a(37,58) r(6,7) a(5,39) a(38,72)
31; 42; d(39) r(5,76) d(35) d(32) d(38) a(37,53) a(29,5) r(31,145) d(36)
32; 36, 6; d(39) d(6) r(5,41) r(29,95)
33; 36, 6; r(36,82) a(7,46) a(38,133) d(39) r(32,60) d(38) r(36,162) a(5,38) r(37,48) d(31) a(7,160) r(5,76) d(35) d(32) d(38) a(37,53) a(29,5) r(31,145) r(29,108)
34; 36; d(39) r(5,76) d(35) d(32) d(38) a(37,53) a(29,5) r(31,145) r(29,108)
35; 6; r(36,82) a(7,46) a(38,133) d(39) r(32,60) d(38) r(36,162) a(5,38) r(37,48) d(31) a(7,160) d(6) r(5,41) r(29,95)
36; 31; r(39,76) a(6,74) r(36,162) a(5,38) r(37,48) r(32,60) a(5,95) d(31) a(5,66) r(5,53)
37; 44; d(39) d(38) r(7,37) d(31) a(39,163) d(35) r(32,31) a(37,58) d(5) a(36,104) d(36)
38; 43, 41; a(39,45) r(31,43) d(39) a(5,91) d(7) a(38,47) a(36,50) d(32) d(38) a(37,53) a(29,5) d(31) d(36)
39; 43, 41; d(39) r(5,76) d(35) r(29,45)
40; 43; a(39,45) r(31,43) d(39) a(5,91) d(7) a(38,47) a(36,50) r(29,45)
41; 41; d(39) r(5,76) d(35) d(32) d(38) a(37,53) a(29,5) d(31) d(36)
42; 39, 35; d(39) r(5,76) d(35) d(38) d(29) a(5,44) a(7,65)
43; 39, 35; r(36,82) a(7,46) a(38,133) d(39) r(32,60) d(32) d(38) a(37,53) a(29,5) r(29,125) a(37,90)
44; 39; d(39) r(5,76) d(35) d(32) d(38) a(37,53) a(29,5) r(29,125) a(37,90)
45; 35; r(36,82) a(7,46) a(38,133) d(39) r(32,60) d(38) d(29) a(5,44) a(7,65)
46; 49, 31; d(39) d(38) r(7,37) d(31) a(39,163) d(31) a(5,66) r(5,53)
47; 49, 31; r(39,76) a(6,74) r(36,162) a(5,38) r(37,48) r(32,60) a(5,95) d(35) r(32,31) a(5,38) r(37,48) r(32,60) a(5,95) d(31) a(5,66) a(36,46)
48; 49; d(39) d(38) r(7,37) d(31) a(39,163) d(35) r(32,31) a(5,38) r(37,48) r(32,60) a(5,95) d(31) a(5,66) a(36,46)
49; 31; r(39,76) a(6,74) r(36,162) a(5,38) r(37,48) r(32,60) a(5,95) d(31) a(5,66) r(5,53)
50; 32; d(39) r(36,162) a(6,74) r(36,162) a(5,38) r(37,48) r(32,60) a(5,95) d(31) a(5,66) r(5,60)
51; 8; r(36,82) a(7,46) a(38,133) d(39) r(32,60) d(38) r(7,39) a(31,125) a(5,49)
52; 22; d(39) d(38) r(7,37) d(31) a(37,29) r(31,43) d(39) a(5,91) d(39) a(5,91) d(7) a(38,47) r(36,91) r(29,36)
53; 9; r(39,76) r(5,78) d(31) r(38,36) r(37,31) r(32,47) r(36,5) r(29,163)
54; 48, 3; d(39) d(36)
55; 48, 3; r(39,76) r(5,78) r(38,80) a(38,78) r(35,124) r(36,162) a(6,74) r(36,162) a(37,58) d(5) a(36,72) a(32,40)
56; 48; d(39) r(36,162) a(6,74) r(36,162) a(37,58) d(5) a(36,72) a(32,40)
57; 3; r(39,76) r(5,78) r(38,80) a(38,78) r(35,124) d(36)
58; 37, 38; d(39) d(38) r(7,37) d(31) a(37,29) a(29,80) r(7,37) d(31) a(39,163) d(35) r(32,31) a(37,58) d(5) a(36,104) d(37)
59; 37, 38; d(39) d(38) a(6,52) r(32,38) a(37,160)
60; 37; d(39) d(38) r(7,37) d(31) a(37,29) a(29,80) a(6,52) r(32,38) a(37,160)
61; 38; d(39) d(38) r(7,37) d(31) a(39,163) d(35) r(32,31) a(37,58) d(5) a(36,104) d(37)
62; 30; d(39) r(36,162) a(5,44) d(32) d(38) a(37,53) r(6,51) d(36) r(37,82)
63; 30; d(39) r(36,162) a(5,44) d(32) d(38) a(37,53) r(6,51) d(36) r(37,82)
--------------------------------------------------------------------------------
Mutation

0; r(36,82) a(7,46) a(38,133) d(39) r(32,60) d(38) r(7,39) d(5)
1; r(39,76) r(5,78) r(38,80) a(38,78) r(35,124) d(36) a(31,125) a(5,49) d(37)
2; r(36,82) a(7,46) a(38,133) d(39) r(32,60) d(38) r(7,39) a(31,125) a(5,49) d(31)
3; r(39,76) r(5,78) r(38,80) a(38,78) r(35,124) d(36) d(29)
4; d(38) d(39) d(35) a(6,163) d(36) r(32,160) r(37,48) r(32,60) a(5,95) d(31) a(5,66) r(5,60) d(29)
5; d(39) r(36,162) a(6,74) r(36,162) a(5,38) a(31,72) a(37,47) d(5) r(38,91)
6; d(38) d(39) d(35) a(6,163) d(36) r(32,160) a(31,72) a(37,47) d(5) d(37)
7; d(39) r(36,162) a(6,74) r(36,162) a(5,38) r(37,48) r(32,60) a(5,95) d(31) a(5,66) r(5,60) r(29,44)
8; d(38) d(39) d(35) a(6,163) d(36) r(32,160) a(31,72) a(37,47) a(37,35) r(37,29)
9; r(39,76) r(5,78) r(38,80) a(38,78) r(38,36) r(37,31) r(32,47) r(29,73) d(36)
10; r(36,82) a(37,58) d(5) a(36,104) d(37) r(32,45)
11; d(39) d(38) r(7,37) d(31) a(39,163) d(35) r(32,31) a(31,72) a(37,47) d(38) a(6,7)
12; r(36,82) a(31,72) a(37,47) d(38) a(7,73)
13; d(39) d(38) r(7,37) d(31) a(39,163) d(35) r(32,31) a(37,58) d(5) a(36,104) d(37) r(29,73)
14; r(39,76) r(5,78) r(38,80) a(38,78) r(38,36) r(37,31) r(32,47) r(29,73) d(36)
15; d(39) d(38) r(7,37) d(31) a(37,29) a(29,80) a(6,52) r(32,38) a(36,37) a(37,61)
16; d(39) d(38) d(29) r(38,80) a(38,78) r(35,124) d(36) r(6,125)
17; r(39,76) r(5,78) r(7,29) a(6,51) d(37)
18; d(39) d(38) d(29) r(7,29) a(6,51) d(37)
19; r(39,76) r(5,78) r(38,80) a(38,78) r(35,124) d(36) r(37,124)
20; d(39) d(38) d(29) r(7,29) a(6,51) r(5,46)
21; d(38) d(39) d(35) a(6,163) d(36) r(32,160) a(7,46) a(38,133) d(39) r(32,60) d(38) r(36,162) a(5,38) r(37,48) d(31) a(7,160) d(6) r(5,41) d(29)
22; r(39,76) r(5,78) r(38,80) a(38,78) r(35,124) d(29)
23; r(39,76) r(5,78) r(38,80) a(29,31) d(37) d(29) r(32,95) r(36,96) d(36)
24; r(39,76) r(5,78) r(38,80) a(38,78) r(35,124) d(36) d(32)
25; r(39,76) r(5,78) r(38,80) a(29,31) d(37) d(29) r(32,95) r(36,96)
26; d(39) a(6,52) r(32,38) a(37,160) d(38)
27; d(39) d(38) r(7,37) d(31) a(37,29) a(29,80) d(38) r(7,37) d(31) a(39,163) d(35) r(32,31) a(37,58) d(5) a(36,104) d(36) a(29,93)
28; d(39) d(38) r(7,37) d(31) a(39,163) d(35) r(32,31) a(37,58) d(5) a(36,104) d(36) r(37,66)
29; d(39) d(38) r(7,37) d(31) a(37,29) a(29,80) a(6,52) r(32,38) a(37,160) a(29,79)
30; d(39) d(35) r(32,31) a(37,58) r(6,7) a(5,39) a(38,72) d(29)
31; d(39) r(5,76) d(35) d(32) d(38) a(37,53) a(29,5) r(31,145) d(36) d(37)
32; d(39) d(6) r(5,41) r(29,95) r(38,60)
33; r(36,82) a(7,46) a(38,133) d(39) r(32,60) d(38) r(36,162) a(5,38) r(37,48) d(31) a(7,160) r(5,76) d(35) d(32) d(38) a(37,53) a(29,5) r(31,145) r(29,108)
34; d(39) r(5,76) d(35) d(32) d(38) a(37,53) a(29,5) r(31,145) r(29,108) d(36)
35; r(36,82) a(7,46) a(38,133) d(39) r(32,60) d(38) r(36,162) a(5,38) r(37,48) d(31) a(7,160) d(6) r(5,41) r(29,95)
36; r(39,76) a(6,74) r(36,162) a(5,38) r(37,48) r(32,60) a(5,95) d(31) a(5,66) r(5,53) a(29,48)
37; d(39) d(38) r(7,37) d(31) a(39,163) d(35) r(32,31) a(37,58) d(5) a(36,104) d(36) r(29,133)
38; a(39,45) r(31,43) d(39) a(5,91) d(7) a(38,47) a(36,50) d(32) d(38) a(37,53) a(29,5) d(31) d(36) a(5,95)
39; d(39) r(5,76) d(35) r(29,45) d(38)
40; a(39,45) r(31,43) d(39) a(5,91) d(7) a(38,47) a(36,50) r(29,45) a(38,80)
41; d(39) r(5,76) d(35) d(32) d(38) a(37,53) a(29,5) d(31) d(36) a(29,95)
42; d(39) r(5,76) d(35) d(38) d(29) a(5,44) a(7,65) d(32)
43; r(36,82) a(7,46) a(38,133) d(39) r(32,60) d(32) d(38) a(37,53) a(29,5) r(29,125) a(37,90) r(37,53)
44; d(39) r(5,76) d(35) d(32) d(38) a(37,53) a(29,5) r(29,125) a(37,90) r(36,125)
45; r(36,82) a(7,46) a(38,133) d(39) r(32,60) d(38) d(29) a(5,44) a(7,65) a(7,51)
46; d(39) d(38) r(7,37) d(31) a(39,163) d(31) a(5,66) r(5,53) r(36,162)
47; r(39,76) a(6,74) r(36,162) a(5,38) r(37,48) r(32,60) a(5,95) d(35) r(32,31) a(5,38) r(37,48) r(32,60) a(5,95) d(31) a(5,66) a(36,46) r(7,29)
48; d(39) d(38) r(7,37) d(31) a(39,163) d(35) r(32,31) a(5,38) r(37,48) r(32,60) a(5,95) d(31) a(5,66) a(36,46) d(29)
49; r(39,76) a(6,74) r(36,162) a(5,38) r(37,48) r(32,60) a(5,95) d(31) a(5,66) r(5,53) d(29)
50; d(39) r(36,162) a(6,74) r(36,162) a(5,38) r(37,48) r(32,60) a(5,95) d(31) a(5,66) r(5,60) d(29)
51; r(36,82) a(7,46) a(38,133) d(39) r(32,60) d(38) r(7,39) a(31,125) a(5,49) a(31,163)
52; d(39) d(38) r(7,37) d(31) a(37,29) r(31,43) d(39) a(5,91) d(39) a(5,91) d(7) a(38,47) r(36,91) r(29,36) a(35,93)
53; r(39,76) r(5,78) d(31) r(38,36) r(37,31) r(32,47) r(36,5) r(29,163)
54; d(39) d(36) r(38,104)
55; r(39,76) r(5,78) r(38,80) a(38,78) r(35,124) r(36,162) a(6,74) r(36,162) a(37,58) d(5) a(36,72) a(32,40) r(29,76)
56; d(39) r(36,162) a(6,74) r(36,162) a(37,58) d(5) a(36,72) a(32,40) a(38,35)
57; r(39,76) r(5,78) r(38,80) a(38,78) r(35,124) d(36) r(37,73)
58; d(39) d(38) r(7,37) d(31) a(37,29) a(29,80) r(7,37) d(31) a(39,163) d(35) r(32,31) a(37,58) d(5) a(36,104) d(37) d(36)
59; d(39) d(38) a(6,52) r(32,38) a(37,160) d(31)
60; d(39) d(38) r(7,37) d(31) a(37,29) a(29,80) a(6,52) r(32,38) a(37,160) a(37,56)
61; d(39) d(38) r(7,37) d(31) a(39,163) d(35) r(32,31) a(37,58) d(5) a(36,104) d(37) d(36)
62; d(39) r(36,162) a(5,44) d(32) d(38) a(37,53) r(6,51) d(36) r(37,82) r(5,76)
63; d(39) r(36,162) a(5,44) d(32) d(38) a(37,53) r(6,51) d(36) r(37,82) a(29,60)
--------------------------------------------------------------------------------
Evaluation

0; 0.
1; 0.
2; 0.
3; 0.
4; 0.
5; 0.
6; 0.
7; 0.
8; 0.
9; 0.
10; 0.
11; 0.
12; 0.
13; 0.
14; 0.
15; 0.
16; 0.
17; 0.
18; 0.
19; 0.
20; 4.
21; 0.
22; 0.
23; 0.
24; 0.
25; 0.
26; 0.
27; 0.
28; 0.
29; 0.
30; 0.
31; 0.
32; 4.
33; 0.
34; 0.
35; 0.
36; 0.
37; 0.
38; 0.
39; 0.
40; 0.
41; 0.
42; 0.
43; 0.
44; 0.
45; 0.
46; 0.
47; 0.
48; 0.
49; 0.
50; 0.
51; 0.
52; 0.
53; 0.
54; 0.
55; 0.
56; 0.
57; 0.
58; 0.
59; 0.
60; 0.
61; 0.
62; 0.
63; 0.
================================================================================
Generation 10

--------------------------------------------------------------------------------
Selection

0; 23
1; 2
2; 8
3; 63
4; 39
5; 38
6; 1
7; 26
8; 5
9; 52
10; 21
11; 52
12; 0
13; 27
14; 53
15; 27
16; 29
17; 43
18; 35
19; 50
20; 39
21; 1
22; 41
23; 49
24; 34
25; 23
26; 50
27; 54
28; 26
29; 57
30; 54
31; 48
32; 57
33; 35
34; 3
35; 33
36; 54
37; 58
38; 28
39; 40
--------------------------------------------------------------------------------
Crossover

0; 41; d(39) r(5,76) d(35) d(32) d(38) a(37,53) a(29,5) d(31) d(36) a(29,95)
1; 50; d(39) r(36,162) a(6,74) r(36,162) a(5,38) r(37,48) r(32,60) a(5,95) d(31) a(5,66) r(5,60) d(29)
2; 27; d(39) d(38) r(7,37) d(31) a(37,29) a(29,80) d(38) r(7,37) d(31) a(39,163) d(35) r(32,31) a(37,58) d(5) a(36,104) d(36) a(29,93)
3; 54; d(39) d(36) r(38,104)
4; 0; r(36,82) a(7,46) a(38,133) d(39) r(32,60) d(38) r(7,39) d(5)
5; 43; r(36,82) a(7,46) a(38,133) d(39) r(32,60) d(32) d(38) a(37,53) a(29,5) r(29,125) a(37,90) r(37,53)
6; 35, 58; r(36,82) a(7,46) a(38,133) d(39) r(32,60) d(38) r(36,162) r(7,37) d(31) a(37,29) a(29,80) r(7,37) d(31) a(39,163) d(35) r(32,31) a(37,58) d(5) a(36,104) d(37) d(36)
7; 35, 58; d(39) d(38) a(5,38) r(37,48) d(31) a(7,160) d(6) r(5,41) r(29,95)
8; 35; r(36,82) a(7,46) a(38,133) d(39) r(32,60) d(38) r(36,162) a(5,38) r(37,48) d(31) a(7,160) d(6) r(5,41) r(29,95)
9; 58; d(39) d(38) r(7,37) d(31) a(37,29) a(29,80) r(7,37) d(31) a(39,163) d(35) r(32,31) a(37,58) d(5) a(36,104) d(37) d(36)
10; 29; d(39) d(38) r(7,37) d(31) a(37,29) a(29,80) a(6,52) r(32,38) a(37,160) a(29,79)
11; 5; d(39) r(36,162) a(6,74) r(36,162) a(5,38) a(31,72) a(37,47) d(5) r(38,91)
12; 28; d(39) d(38) r(7,37) d(31) a(39,163) d(35) r(32,31) a(37,58) d(5) a(36,104) d(36) r(37,66)
13; 54; d(39) d(36) r(38,104)
14; 3; r(39,76) r(5,78) r(38,80) a(38,78) r(35,124) d(36) d(29)
15; 57; r(39,76) r(5,78) r(38,80) a(38,78) r(35,124) d(36) r(37,73)
16; 33, 52; r(36,82) a(7,46) a(38,133) d(39) r(32,60) d(38) r(36,162) a(5,38) r(37,48) d(31) a(7,160) r(5,76) d(35) d(32) a(37,29) r(31,43) d(39) a(5,91) d(39) a(5,91) d(7) a(38,47) r(36,91) r(29,36) a(35,93)
17; 33, 52; d(39) d(38) r(7,37) d(31) d(38) a(37,53) a(29,5) r(31,145) r(29,108)
18; 33; r(36,82) a(7,46) a(38,133) d(39) r(32,60) d(38) r(36,162) a(5,38) r(37,48) d(31) a(7,160) r(5,76) d(35) d(32) d(38) a(37,53) a(29,5) r(31,145) r(29,108)
19; 52; d(39) d(38) r(7,37) d(31) a(37,29) r(31,43) d(39) a(5,91) d(39) a(5,91) d(7) a(38,47) r(36,91) r(29,36) a(35,93)
20; 39, 54; d(39) r(5,76) d(35) r(29,45) d(36) r(38,104)
21; 39, 54; d(39) d(38)
22; 39; d(39) r(5,76) d(35) r(29,45) d(38)
23; 54; d(39) d(36) r(38,104)
24; 38; a(39,45) r(31,43) d(39) a(5,91) d(7) a(38,47) a(36,50) d(32) d(38) a(37,53) a(29,5) d(31) d(36) a(5,95)
25; 40; a(39,45) r(31,43) d(39) a(5,91) d(7) a(38,47) a(36,50) r(29,45) a(38,80)
26; 34; d(39) r(5,76) d(35) d(32) d(38) a(37,53) a(29,5) r(31,145) r(29,108) d(36)
27; 23; r(39,76) r(5,78) r(38,80) a(29,31) d(37) d(29) r(32,95) r(36,96) d(36)
28; 27, 48; d(39) d(38) r(7,37) d(31) a(37,29) a(29,80) d(38) r(7,37) a(36,46) d(29)
29; 27, 48; d(39) d(38) r(7,37) d(31) a(39,163) d(35) r(32,31) a(5,38) r(37,48) r(32,60) a(5,95) d(31) a(5,66) d(31) a(39,163) d(35) r(32,31) a(37,58) d(5) a(36,104) d(36) a(29,93)
30; 27; d(39) d(38) r(7,37) d(31) a(37,29) a(29,80) d(38) r(7,37) d(31) a(39,163) d(35) r(32,31) a(37,58) d(5) a(36,104) d(36) a(29,93)
31; 48; d(39) d(38) r(7,37) d(31) a(39,163) d(35) r(32,31) a(5,38) r(37,48) r(32,60) a(5,95) d(31) a(5,66) a(36,46) d(29)
32; 1; r(39,76) r(5,78) r(38,80) a(38,78) r(35,124) d(36) a(31,125) a(5,49) d(37)
33; 26; d(39) a(6,52) r(32,38) a(37,160) d(38)
34; 1; r(39,76) r(5,78) r(38,80) a(38,78) r(35,124) d(36) a(31,125) a(5,49) d(37)
35; 39; d(39) r(5,76) d(35) r(29,45) d(38)
36; 57; r(39,76) r(5,78) r(38,80) a(38,78) r(35,124) d(36) r(37,73)
37; 53; r(39,76) r(5,78) d(31) r(38,36) r(37,31) r(32,47) r(36,5) r(29,163)
38; 52, 26; d(39) d(38) r(7,37) d(31) a(37,29) r(31,43) d(39) a(5,91) d(39) a(5,91) a(37,160) d(38)
39; 52, 26; d(39) a(6,52) r(32,38) d(7) a(38,47) r(36,91) r(29,36) a(35,93)
40; 52; d(39) d(38) r(7,37) d(31) a(37,29) r(31,43) d(39) a(5,91) d(39) a(5,91) d(7) a(38,47) r(36,91) r(29,36) a(35,93)
41; 26; d(39) a(6,52) r(32,38) a(37,160) d(38)
42; 2; r(36,82) a(7,46) a(38,133) d(39) r(32,60) d(38) r(7,39) a(31,125) a(5,49) d(31)
43; 23; r(39,76) r(5,78) r(38,80) a(29,31) d(37) d(29) r(32,95) r(36,96) d(36)
44; 50, 49; d(39) r(36,162) a(6,74) r(36,162) a(5,38) r(37,48) a(5,38) r(37,48) r(32,60) a(5,95) d(31) a(5,66) r(5,53) d(29)
45; 50, 49; r(39,76) a(6,74) r(36,162) r(32,60) a(5,95) d(31) a(5,66) r(5,60) d(29)
46; 50; d(39) r(36,162) a(6,74) r(36,162) a(5,38) r(37,48) r(32,60) a(5,95) d(31) a(5,66) r(5,60) d(29)
47; 49; r(39,76) a(6,74) r(36,162) a(5,38) r(37,48) r(32,60) a(5,95) d(31) a(5,66) r(5,53) d(29)
48; 21, 35; d(38) d(39) d(35) a(6,163) d(36) r(32,160) a(7,46) a(38,133) d(39) r(32,60) d(38) r(36,162) a(5,38) r(37,48) d(31) a(7,160) d(6) r(5,41) a(7,46) a(38,133) d(39) r(32,60) d(38) r(36,162) a(5,38) r(37,48) d(31) a(7,160) d(6) r(5,41) r(29,95)
49; 21, 35; r(36,82) d(29)
50; 21; d(38) d(39) d(35) a(6,163) d(36) r(32,160) a(7,46) a(38,133) d(39) r(32,60) d(38) r(36,162) a(5,38) r(37,48) d(31) a(7,160) d(6) r(5,41) d(29)
51; 35; r(36,82) a(7,46) a(38,133) d(39) r(32,60) d(38) r(36,162) a(5,38) r(37,48) d(31) a(7,160) d(6) r(5,41) r(29,95)
52; 8; d(38) d(39) d(35) a(6,163) d(36) r(32,160) a(31,72) a(37,47) a(37,35) r(37,29)
53; 63; d(39) r(36,162) a(5,44) d(32) d(38) a(37,53) r(6,51) d(36) r(37,82) a(29,60)
--------------------------------------------------------------------------------
Mutation

0; d(39) r(5,76) d(35) d(32) d(38) a(37,53) a(29,5) d(31) d(36) a(29,95) a(37,162)
1; d(39) r(36,162) a(6,74) r(36,162) a(5,38) r(37,48) r(32,60) a(5,95) d(31) a(5,66) r(5,60) d(29)
2; d(39) d(38) r(7,37) d(31) a(37,29) a(29,80) d(38) r(7,37) d(31) a(39,163) d(35) r(32,31) a(37,58) d(5) a(36,104) d(36) a(29,93) a(37,42)
3; d(39) d(36) r(38,104) a(5,80)
4; r(36,82) a(7,46) a(38,133) d(39) r(32,60) d(38) r(7,39) d(5) a(31,82)
5; r(36,82) a(7,46) a(38,133) d(39) r(32,60) d(32) d(38) a(37,53) a(29,5) r(29,125) a(37,90) r(37,53) d(5)
6; r(36,82) a(7,46) a(38,133) d(39) r(32,60) d(38) r(36,162) r(7,37) d(31) a(37,29) a(29,80) r(7,37) d(31) a(39,163) d(35) r(32,31) a(37,58) d(5) a(36,104) d(37) d(36) a(29,36)
7; d(39) d(38) a(5,38) r(37,48) d(31) a(7,160) d(6) r(5,41) r(29,95) d(36)
8; r(36,82) a(7,46) a(38,133) d(39) r(32,60) d(38) r(36,162) a(5,38) r(37,48) d(31) a(7,160) d(6) r(5,41) r(29,95)
9; d(39) d(38) r(7,37) d(31) a(37,29) a(29,80) r(7,37) d(31) a(39,163) d(35) r(32,31) a(37,58) d(5) a(36,104) d(37) d(36) r(29,128)
10; d(39) d(38) r(7,37) d(31) a(37,29) a(29,80) a(6,52) r(32,38) a(37,160) a(29,79) d(29)
11; d(39) r(36,162) a(6,74) r(36,162) a(5,38) a(31,72) a(37,47) d(5) r(38,91) d(37)
12; d(39) d(38) r(7,37) d(31) a(39,163) d(35) r(32,31) a(37,58) d(5) a(36,104) d(36) r(37,66) d(29)
13; d(39) d(36) r(38,104) d(32)
14; r(39,76) r(5,78) r(38,80) a(38,78) r(35,124) d(36) d(29) r(32,74)
15; r(39,76) r(5,78) r(38,80) a(38,78) r(35,124) d(36) r(37,73) r(32,160)
16; r(36,82) a(7,46) a(38,133) d(39) r(32,60) d(38) r(36,162) a(5,38) r(37,48) d(31) a(7,160) r(5,76) d(35) d(32) a(37,29) r(31,43) d(39) a(5,91) d(39) a(5,91) d(7) a(38,47) r(36,91) r(29,36) a(35,93)
17; d(39) d(38) r(7,37) d(31) d(38) a(37,53) a(29,5) r(31,145) r(29,108) d(36)
18; r(36,82) a(7,46) a(38,133) d(39) r(32,60) d(38) r(36,162) a(5,38) r(37,48) d(31) a(7,160) r(5,76) d(35) d(32) d(38) a(37,53) a(29,5) r(31,145) r(29,108)
19; d(39) d(38) r(7,37) d(31) a(37,29) r(31,43) d(39) a(5,91) d(39) a(5,91) d(7) a(38,47) r(36,91) r(29,36) a(35,93) a(5,78)
20; d(39) r(5,76) d(35) r(29,45) d(36) r(38,104) r(32,91)
21; d(39) d(38) r(37,160)
22; d(39) r(5,76) d(35) r(29,45) d(38) d(32)
23; d(39) d(36) r(38,104) d(37)
24; a(39,45) r(31,43) d(39) a(5,91) d(7) a(38,47) a(36,50) d(32) d(38) a(37,53) a(29,5) d(31) d(36) a(5,95) d(5)
25; a(39,45) r(31,43) d(39) a(5,91) d(7) a(38,47) a(36,50) r(29,45) a(38,80) d(5)
26; d(39) r(5,76) d(35) d(32) d(38) a(37,53) a(29,5) r(31,145) r(29,108) d(36) r(37,40)
27; r(39,76) r(5,78) r(38,80) a(29,31) d(37) d(29) r(32,95) r(36,96) d(36)
28; d(39) d(38) r(7,37) d(31) a(37,29) a(29,80) d(38) r(7,37) a(36,46) d(29) d(32)
29; d(39) d(38) r(7,37) d(31) a(39,163) d(35) r(32,31) a(5,38) r(37,48) r(32,60) a(5,95) d(31) a(5,66) d(31) a(39,163) d(35) r(32,31) a(37,58) d(5) a(36,104) d(36) a(29,93) d(29)
30; d(39) d(38) r(7,37) d(31) a(37,29) a(29,80) d(38) r(7,37) d(31) a(39,163) d(35) r(32,31) a(37,58) d(5) a(36,104) d(36) a(29,93) r(29,83)
31; d(39) d(38) r(7,37) d(31) a(39,163) d(35) r(32,31) a(5,38) r(37,48) r(32,60) a(5,95) d(31) a(5,66) a(36,46) d(29) r(36,82)
32; r(39,76) r(5,78) r(38,80) a(38,78) r(35,124) d(36) a(31,125) a(5,49) d(37) r(32,42)
33; d(39) a(6,52) r(32,38) a(37,160) d(38) a(36,124)
34; r(39,76) r(5,78) r(38,80) a(38,78) r(35,124) d(36) a(31,125) a(5,49) d(37) d(31)
35; d(39) r(5,76) d(35) r(29,45) d(38) a(36,74)
36; r(39,76) r(5,78) r(38,80) a(38,78) r(35,124) d(36) r(37,73) d(29)
37; r(39,76) r(5,78) d(31) r(38,36) r(37,31) r(32,47) r(36,5) r(29,163)
38; d(39) d(38) r(7,37) d(31) a(37,29) r(31,43) d(39) a(5,91) d(39) a(5,91) a(37,160) d(38) r(36,44)
39; d(39) a(6,52) r(32,38) d(7) a(38,47) r(36,91) r(29,36) a(35,93) r(38,104)
40; d(39) d(38) r(7,37) d(31) a(37,29) r(31,43) d(39) a(5,91) d(39) a(5,91) d(7) a(38,47) r(36,91) r(29,36) a(35,93) d(35)
41; d(39) a(6,52) r(32,38) a(37,160) d(38) d(6)
42; r(36,82) a(7,46) a(38,133) d(39) r(32,60) d(38) r(7,39) a(31,125) a(5,49) d(31) r(29,46)
43; r(39,76) r(5,78) r(38,80) a(29,31) d(37) d(29) r(32,95) r(36,96) d(36)
44; d(39) r(36,162) a(6,74) r(36,162) a(5,38) r(37,48) a(5,38) r(37,48) r(32,60) a(5,95) d(31) a(5,66) r(5,53) d(29)
45; r(39,76) a(6,74) r(36,162) r(32,60) a(5,95) d(31) a(5,66) r(5,60) d(29) d(38)
46; d(39) r(36,162) a(6,74) r(36,162) a(5,38) r(37,48) r(32,60) a(5,95) d(31) a(5,66) r(5,60) d(29)
47; r(39,76) a(6,74) r(36,162) a(5,38) r(37,48) r(32,60) a(5,95) d(31) a(5,66) r(5,53) d(29)
48; d(38) d(39) d(35) a(6,163) d(36) r(32,160) a(7,46) a(38,133) d(39) r(32,60) d(38) r(36,162) a(5,38) r(37,48) d(31) a(7,160) d(6) r(5,41) a(7,46) a(38,133) d(39) r(32,60) d(38) r(36,162) a(5,38) r(37,48) d(31) a(7,160) d(6) r(5,41) r(29,95)
49; r(36,82) d(29) d(39)
50; d(38) d(39) d(35) a(6,163) d(36) r(32,160) a(7,46) a(38,133) d(39) r(32,60) d(38) r(36,162) a(5,38) r(37,48) d(31) a(7,160) d(6) r(5,41) d(29)
51; r(36,82) a(7,46) a(38,133) d(39) r(32,60) d(38) r(36,162) a(5,38) r(37,48) d(31) a(7,160) d(6) r(5,41) r(29,95)
52; d(38) d(39) d(35) a(6,163) d(36) r(32,160) a(31,72) a(37,47) a(37,35) r(37,29) a(7,154)
53; d(39) r(36,162) a(5,44) d(32) d(38) a(37,53) r(6,51) d(36) r(37,82) a(29,60) d(31)
--------------------------------------------------------------------------------
Evaluation

0; 0.
1; 0.
2; 0.
3; 0.
4; 0.
5; 0.
6; 0.
7; 0.
8; 0.
9; 0.
10; 0.
11; 0.
12; 0.
13; 0.
14; 0.
15; 0.
16; 0.
17; 0.
18; 0.
19; 0.
20; 0.
21; 4.
22; 0.
23; 0.
24; 0.
25; 0.
26; 0.
27; 0.
28; 0.
29; 0.
30; 0.
31; 0.
32; 0.
33; 12.
34; 0.
35; 0.
36; 0.
37; 0.
38; 0.
39; 0.
40; 0.
41; 0.
42; 0.
43; 0.
44; 0.
45; 0.
46; 0.
47; 0.
48; 0.
49; 0.
50; 0.
51; 0.
52; 0.
53; 0.
