================================================================================
Enclosure

1: 0
2: 0
3: 0
4: 0
5: 0
6: 5
7: 6
8: 7
11: 5
12: 11
14: 0
16: 0
18: 0
19: 0
20: 19
21: 19
26: 11
27: 5
28: 5
29: 0
30: 29
31: 29
32: 0
33: 32
34: 32
35: 32
36: 0
37: 0
38: 37
39: 37
40: 37
41: 0
42: 0
43: 0
44: 0
45: 0
46: 45
47: 45
48: 45
49: 48
50: 48
51: 48
52: 51
53: 52
56: 45
57: 45
58: 57
60: 45
61: 45
63: 0
65: 63
66: 0
68: 0
71: 45
72: 0
73: 0
74: 73
75: 73
76: 75
78: 73
79: 73
80: 79
81: 79
82: 73
83: 73
85: 0
86: 0
90: 0
91: 90
92: 90
93: 92
95: 90
96: 90
98: 0
101: 0
102: 0
103: 102
104: 103
106: 102
107: 106
108: 106
109: 102
110: 102
111: 0
112: 111
113: 111
114: 113
115: 113
116: 115
117: 115
118: 113
119: 111
120: 0
121: 0
122: 121
123: 121
124: 123
125: 123
126: 121
128: 126
129: 121
130: 121
131: 121
132: 0
133: 0
134: 0
135: 134
136: 134
137: 134
138: 134
139: 134
140: 139
142: 139
143: 142
145: 142
146: 134
147: 146
148: 146
149: 148
150: 148
151: 148
152: 151
154: 146
155: 134
156: 155
157: 155
158: 157
159: 157
160: 155
161: 134
162: 134
163: 0
================================================================================
Initialisation

0; r(38,78); 4.
1; a(39,37); 4.
2; d(37); 4.
3; a(39,38); 4.
4; r(38,145); 4.
5; r(39,49); 4.
6; d(37); 4.
7; d(38); 4.
8; a(39,49); 4.
9; a(39,29); 4.
10; d(36); 0.
11; r(39,101); 4.
12; a(5,124); 12.
13; a(35,72); 0.
14; a(39,163); 4.
15; a(31,43); 0.
16; a(38,40); 4.
17; d(39); 4.
18; d(39); 4.
19; r(39,41); 4.
20; a(38,128); 4.
21; d(38); 4.
22; d(38); 4.
23; d(29); 4.
24; d(39); 4.
25; a(38,133); 4.
26; d(5); 4.
27; a(39,76); 4.
28; d(38); 4.
29; d(38); 4.
30; a(39,108); 4.
31; d(39); 4.
32; d(38); 4.
33; r(39,125); 4.
34; r(37,36); 4.
35; a(39,162); 4.
36; a(39,101); 4.
37; d(29); 4.
38; r(29,91); 0.
39; original; 4.
================================================================================
Generation 1

--------------------------------------------------------------------------------
Selection

0; 15
1; 28
2; 14
3; 37
4; 17
5; 32
6; 10
7; 20
8; 19
9; 17
10; 35
11; 13
12; 34
13; 29
14; 11
15; 16
16; 33
17; 4
18; 17
19; 10
20; 2
21; 8
22; 26
23; 38
24; 3
25; 17
26; 31
27; 18
28; 32
29; 15
30; 36
31; 6
32; 6
33; 26
34; 3
35; 18
36; 25
37; 7
38; 3
39; 20
--------------------------------------------------------------------------------
Crossover

0; 26, 6; d(5)
1; 26, 6; d(37)
2; 26; d(5)
3; 6; d(37)
4; 19, 17; r(39,41)
5; 19, 17; d(39)
6; 19; r(39,41)
7; 17; d(39)
8; 25; a(38,133)
9; 26; d(5)
10; 3, 13; a(39,38)
11; 3, 13; a(35,72)
12; 3; a(39,38)
13; 13; a(35,72)
14; 29; d(38)
15; 3; a(39,38)
16; 35; a(39,162)
17; 36; a(39,101)
18; 15, 32; a(31,43)
19; 15, 32; d(38)
20; 15; a(31,43)
21; 32; d(38)
22; 20; a(38,128)
23; 33; r(39,125)
24; 34, 7; r(37,36)
25; 34, 7; d(38)
26; 34; r(37,36)
27; 7; d(38)
28; 3, 8; a(39,38)
29; 3, 8; a(39,49)
30; 3; a(39,38)
31; 8; a(39,49)
32; 18, 10; d(39)
33; 18, 10; d(36)
34; 18; d(39)
35; 10; d(36)
36; 14, 16; a(39,163)
37; 14, 16; a(38,40)
38; 14; a(39,163)
39; 16; a(38,40)
40; 6; d(37)
41; 15; a(31,43)
42; 11, 18; r(39,101)
43; 11, 18; d(39)
44; 11; r(39,101)
45; 18; d(39)
46; 32, 28; d(38)
47; 32, 28; d(38)
48; 32; d(38)
49; 28; d(38)
50; 4; r(38,145)
51; 20; a(38,128)
52; 38, 37; r(29,91)
53; 38, 37; d(29)
54; 38; r(29,91)
55; 37; d(29)
56; 31, 17; d(39)
57; 31, 17; d(39)
58; 31; d(39)
59; 17; d(39)
60; 17; d(39)
61; 17; d(39)
62; 10, 2; d(36)
63; 10, 2; d(37)
64; 10; d(36)
65; 2; d(37)
--------------------------------------------------------------------------------
Mutation

0; d(5) a(38,91)
1; d(37) r(29,83)
2; d(5) a(39,83)
3; d(37) a(6,49)
4; r(39,41) r(38,78)
5; d(39) d(38)
6; r(39,41) r(38,47)
7; d(39) r(38,65)
8; a(38,133) a(6,90)
9; d(5) d(39)
10; a(39,38) r(38,79)
11; a(35,72) d(32)
12; a(39,38) a(39,96)
13; a(35,72) r(6,65)
14; d(38) r(37,108)
15; a(39,38) d(38)
16; a(39,162) d(38)
17; a(39,101) r(39,95)
18; a(31,43) r(35,72)
19; d(38) r(29,82)
20; a(31,43) a(39,47)
21; d(38) a(39,45)
22; a(38,128) d(32)
23; r(39,125) r(31,53)
24; r(37,36) a(35,35)
25; d(38) a(39,37)
26; r(37,36) r(7,42)
27; d(38) a(39,128)
28; a(39,38) a(39,93)
29; a(39,49) a(38,95)
30; a(39,38) d(38)
31; a(39,49) a(39,47)
32; d(39) a(38,32)
33; d(36) r(39,104)
34; d(39) d(38)
35; d(36) r(38,78)
36; a(39,163) a(39,48)
37; a(38,40) a(39,96)
38; a(39,163) a(39,93)
39; a(38,40) r(38,124)
40; d(37) a(29,90)
41; a(31,43) a(35,40)
42; r(39,101) d(29)
43; d(39) d(38)
44; r(39,101) a(6,104)
45; d(39) r(38,65)
46; d(38) d(39)
47; d(38) r(39,29)
48; d(38) r(39,128)
49; d(38) d(37)
50; r(38,145) a(39,37)
51; a(38,128) r(6,162)
52; r(29,91) d(32)
53; d(29) r(39,108)
54; r(29,91) r(38,65)
55; d(29) d(38)
56; d(39) d(38)
57; d(39) r(38,124)
58; d(39) r(38,5)
59; d(39) d(38)
60; d(39) r(5,61)
61; d(39) a(31,125)
62; d(36) d(6)
63; d(37) r(7,128)
64; d(36) a(38,108)
65; d(37) d(32)
--------------------------------------------------------------------------------
Evaluation

0; 4.
1; 4.
2; 4.
3; 4.
4; 4.
5; 4.
6; 4.
7; 4.
8; 4.
9; 4.
10; 4.
11; 0.
12; 4.
13; 0.
14; 4.
15; 4.
16; 4.
17; 4.
18; 0.
19; 4.
20; 0.
21; 4.
22; 0.
23; 4.
24; 4.
25; 4.
26; 12.
27; 4.
28; 4.
29; 4.
30; 4.
31; 4.
32; 4.
33; 0.
34; 4.
35; 0.
36; 4.
37; 4.
38; 4.
39; 4.
40; 0.
41; 0.
42; 4.
43; 4.
44; 4.
45; 4.
46; 4.
47; 4.
48; 4.
49; 4.
50; 4.
51; 0.
52; 0.
53; 4.
54; 0.
55; 4.
56; 4.
57; 4.
58; 4.
59; 4.
60; 4.
61; 4.
62; 0.
63; 12.
64; 0.
65; 0.
================================================================================
Generation 2

--------------------------------------------------------------------------------
Selection

0; 3
1; 13
2; 9
3; 18
4; 14
5; 37
6; 11
7; 22
8; 57
9; 54
10; 24
11; 22
12; 18
13; 65
14; 22
15; 20
16; 13
17; 51
18; 35
19; 45
20; 33
21; 13
22; 47
23; 27
24; 64
25; 31
26; 35
27; 8
28; 51
29; 5
30; 8
31; 19
32; 6
33; 44
34; 15
35; 44
36; 54
37; 49
38; 33
39; 60
--------------------------------------------------------------------------------
Crossover

0; 18; a(31,43) r(35,72)
1; 18; a(31,43) r(35,72)
2; 33, 11; d(36) r(39,104) d(32)
3; 33, 11; a(35,72)
4; 33; d(36) r(39,104)
5; 11; a(35,72) d(32)
6; 44; r(39,101) a(6,104)
7; 8; a(38,133) a(6,90)
8; 3; d(37) a(6,49)
9; 60; d(39) r(5,61)
10; 33, 6; d(36) r(39,104) r(38,47)
11; 33, 6; r(39,41)
12; 33; d(36) r(39,104)
13; 6; r(39,41) r(38,47)
14; 13, 51; a(35,72) r(6,65)
15; 13, 51; a(38,128) r(6,162)
16; 13; a(35,72) r(6,65)
17; 51; a(38,128) r(6,162)
18; 49; d(38) d(37)
19; 35; d(36) r(38,78)
20; 13; a(35,72) r(6,65)
21; 47; d(38) r(39,29)
22; 54, 31; r(29,91)
23; 54, 31; a(39,49) a(39,47) r(38,65)
24; 54; r(29,91) r(38,65)
25; 31; a(39,49) a(39,47)
26; 8, 44; a(38,133)
27; 8, 44; r(39,101) a(6,104) a(6,90)
28; 8; a(38,133) a(6,90)
29; 44; r(39,101) a(6,104)
30; 22, 5; a(38,128)
31; 22, 5; d(39) d(38) d(32)
32; 22; a(38,128) d(32)
33; 5; d(39) d(38)
34; 35; d(36) r(38,78)
35; 64; d(36) a(38,108)
36; 22; a(38,128) d(32)
37; 37; a(38,40) a(39,96)
38; 24; r(37,36) a(35,35)
39; 27; d(38) a(39,128)
40; 15; a(39,38) d(38)
41; 51; a(38,128) r(6,162)
42; 45; d(39) r(38,65)
43; 65; d(37) d(32)
44; 14, 22; d(38)
45; 14, 22; a(38,128) d(32) r(37,108)
46; 14; d(38) r(37,108)
47; 22; a(38,128) d(32)
48; 9; d(5) d(39)
49; 57; d(39) r(38,124)
50; 19, 54; d(38) r(29,82) r(38,65)
51; 19, 54; r(29,91)
52; 19; d(38) r(29,82)
53; 54; r(29,91) r(38,65)
54; 13, 20; a(35,72) r(6,65)
55; 13, 20; a(31,43) a(39,47)
56; 13; a(35,72) r(6,65)
57; 20; a(31,43) a(39,47)
--------------------------------------------------------------------------------
Mutation

0; a(31,43) r(35,72) a(37,95)
1; a(31,43) r(35,72) r(5,72)
2; d(36) r(39,104) d(32) d(38)
3; a(35,72) d(29)
4; d(36) r(39,104) a(38,101)
5; a(35,72) d(32) r(38,104)
6; r(39,101) a(6,104) a(36,83)
7; a(38,133) a(6,90) a(35,160)
8; d(37) a(6,49) a(35,82)
9; d(39) r(5,61) r(32,125)
10; d(36) r(39,104) r(38,47) r(32,65)
11; r(39,41) a(38,56)
12; d(36) r(39,104) a(7,162)
13; r(39,41) r(38,47) r(31,72)
14; a(35,72) r(6,65) a(38,82)
15; a(38,128) r(6,162) d(32)
16; a(35,72) r(6,65) a(39,78)
17; a(38,128) r(6,162) a(39,50)
18; d(38) d(37) r(7,32)
19; d(36) r(38,78) a(39,39)
20; a(35,72) r(6,65) d(39)
21; d(38) r(39,29) d(6)
22; r(29,91) a(5,44)
23; a(39,49) a(39,47) r(38,65) a(39,66)
24; r(29,91) r(38,65) a(39,56)
25; a(39,49) a(39,47) d(6)
26; a(38,133) a(38,43)
27; r(39,101) a(6,104) a(6,90) r(38,61)
28; a(38,133) a(6,90) a(38,47)
29; r(39,101) a(6,104) r(38,124)
30; a(38,128) r(38,145)
31; d(39) d(38) d(32) a(31,43)
32; a(38,128) d(32) a(38,50)
33; d(39) d(38) r(29,48)
34; d(36) r(38,78) a(39,72)
35; d(36) a(38,108) a(39,93)
36; a(38,128) d(32) a(39,31)
37; a(38,40) a(39,96) a(38,60)
38; r(37,36) a(35,35) d(36)
39; d(38) a(39,128) d(39)
40; a(39,38) d(38) a(32,32)
41; a(38,128) r(6,162) r(38,43)
42; d(39) r(38,65) r(6,82)
43; d(37) d(32) a(29,56)
44; d(38) a(6,93)
45; a(38,128) d(32) r(37,108) r(7,79)
46; d(38) r(37,108) d(7)
47; a(38,128) d(32) r(39,72)
48; d(5) d(39) a(38,42)
49; d(39) r(38,124) a(31,95)
50; d(38) r(29,82) r(38,65) d(32)
51; r(29,91) d(38)
52; d(38) r(29,82) d(39)
53; r(29,91) r(38,65) a(39,36)
54; a(35,72) r(6,65) d(39)
55; a(31,43) a(39,47) a(39,101)
56; a(35,72) r(6,65) r(39,40)
57; a(31,43) a(39,47) d(39)
--------------------------------------------------------------------------------
Evaluation

0; 0.
1; 0.
2; 0.
3; 0.
4; 12.
5; 0.
6; 4.
7; 4.
8; 4.
9; 0.
10; 0.
11; 4.
12; 0.
13; 0.
14; 0.
15; 0.
16; 0.
17; 0.
18; 12.
19; 0.
20; 0.
21; 0.
22; 0.
23; 4.
24; 0.
25; 0.
26; 4.
27; 4.
28; 4.
29; 4.
30; 4.
31; 0.
32; 0.
33; 0.
34; 0.
35; 0.
36; 0.
37; 4.
38; 4.
39; 4.
40; 4.
41; 0.
42; 0.
43; 0.
44; 4.
45; 0.
46; 12.
47; 0.
48; 4.
49; 4.
50; 0.
51; 0.
52; 4.
53; 0.
54; 0.
55; 0.
56; 0.
57; 0.
================================================================================
Generation 3

--------------------------------------------------------------------------------
Selection

0; 13
1; 14
2; 10
3; 15
4; 15
5; 56
6; 53
7; 1
8; 12
9; 32
10; 15
11; 49
12; 3
13; 15
14; 33
15; 24
16; 32
17; 19
18; 45
19; 19
20; 43
21; 22
22; 9
23; 12
24; 35
25; 8
26; 3
27; 16
28; 12
29; 42
30; 42
31; 40
32; 45
33; 12
34; 17
35; 15
36; 55
37; 31
38; 10
39; 30
--------------------------------------------------------------------------------
Crossover

0; 40, 1; a(39,38)
1; 40, 1; a(31,43) r(35,72) r(5,72) d(38) a(32,32)
2; 40; a(39,38) d(38) a(32,32)
3; 1; a(31,43) r(35,72) r(5,72)
4; 8; d(37) a(6,49) a(35,82)
5; 32; a(38,128) d(32) a(38,50)
6; 24; r(29,91) r(38,65) a(39,56)
7; 12; d(36) r(39,104) a(7,162)
8; 53; r(29,91) r(38,65) a(39,36)
9; 9; d(39) r(5,61) r(32,125)
10; 3, 22; a(35,72) a(5,44)
11; 3, 22; r(29,91) d(29)
12; 3; a(35,72) d(29)
13; 22; r(29,91) a(5,44)
14; 32; a(38,128) d(32) a(38,50)
15; 42; d(39) r(38,65) r(6,82)
16; 15, 15; a(38,128) r(6,162) d(32)
17; 15, 15; a(38,128) r(6,162) d(32)
18; 15; a(38,128) r(6,162) d(32)
19; 15; a(38,128) r(6,162) d(32)
20; 12; d(36) r(39,104) a(7,162)
21; 45; a(38,128) d(32) r(37,108) r(7,79)
22; 15; a(38,128) r(6,162) d(32)
23; 42; d(39) r(38,65) r(6,82)
24; 33, 12; d(39) d(38) r(29,48) a(7,162)
25; 33, 12; d(36) r(39,104)
26; 33; d(39) d(38) r(29,48)
27; 12; d(36) r(39,104) a(7,162)
28; 16; a(35,72) r(6,65) a(39,78)
29; 10; d(36) r(39,104) r(38,47) r(32,65)
30; 14, 12; a(35,72) r(6,65) r(39,104) a(7,162)
31; 14, 12; d(36) a(38,82)
32; 14; a(35,72) r(6,65) a(38,82)
33; 12; d(36) r(39,104) a(7,162)
34; 55, 13; a(31,43) a(39,47) r(38,47) r(31,72)
35; 55, 13; r(39,41) a(39,101)
36; 55; a(31,43) a(39,47) a(39,101)
37; 13; r(39,41) r(38,47) r(31,72)
38; 43; d(37) d(32) a(29,56)
39; 30; a(38,128) r(38,145)
40; 15; a(38,128) r(6,162) d(32)
41; 17; a(38,128) r(6,162) a(39,50)
42; 19; d(36) r(38,78) a(39,39)
43; 49; d(39) r(38,124) a(31,95)
44; 45, 31; a(38,128)
45; 45, 31; d(39) d(38) d(32) a(31,43) d(32) r(37,108) r(7,79)
46; 45; a(38,128) d(32) r(37,108) r(7,79)
47; 31; d(39) d(38) d(32) a(31,43)
48; 3; a(35,72) d(29)
49; 10; d(36) r(39,104) r(38,47) r(32,65)
50; 56; a(35,72) r(6,65) r(39,40)
51; 19; d(36) r(38,78) a(39,39)
52; 15, 35; a(38,128) r(6,162) d(32) a(39,93)
53; 15, 35; d(36) a(38,108)
54; 15; a(38,128) r(6,162) d(32)
55; 35; d(36) a(38,108) a(39,93)
--------------------------------------------------------------------------------
Mutation

0; a(39,38) a(38,108)
1; a(31,43) r(35,72) r(5,72) d(38) a(32,32) a(39,35)
2; a(39,38) d(38) a(32,32) a(39,78)
3; a(31,43) r(35,72) r(5,72) r(39,91)
4; d(37) a(6,49) a(35,82) a(5,83)
5; a(38,128) d(32) a(38,50) r(39,124)
6; r(29,91) r(38,65) a(39,56) a(39,65)
7; d(36) r(39,104) a(7,162) a(38,60)
8; r(29,91) r(38,65) a(39,36) d(35)
9; d(39) r(5,61) r(32,125) d(38)
10; a(35,72) a(5,44) r(39,42)
11; r(29,91) d(29) d(39)
12; a(35,72) d(29) d(39)
13; r(29,91) a(5,44) a(39,101)
14; a(38,128) d(32) a(38,50) a(39,66)
15; d(39) r(38,65) r(6,82) r(31,93)
16; a(38,128) r(6,162) d(32) d(38)
17; a(38,128) r(6,162) d(32) a(37,91)
18; a(38,128) r(6,162) d(32) r(38,29)
19; a(38,128) r(6,162) d(32) d(38)
20; d(36) r(39,104) a(7,162) a(29,29)
21; a(38,128) d(32) r(37,108) r(7,79) d(36)
22; a(38,128) r(6,162) d(32) a(38,93)
23; d(39) r(38,65) r(6,82) a(35,41)
24; d(39) d(38) r(29,48) a(7,162) d(37)
25; d(36) r(39,104) r(38,163)
26; d(39) d(38) r(29,48) a(7,60)
27; d(36) r(39,104) a(7,162) d(38)
28; a(35,72) r(6,65) a(39,78) a(38,96)
29; d(36) r(39,104) r(38,47) r(32,65) d(7)
30; a(35,72) r(6,65) r(39,104) a(7,162) r(38,74)
31; d(36) a(38,82) d(38)
32; a(35,72) r(6,65) a(38,82) r(39,38)
33; d(36) r(39,104) a(7,162) a(31,90)
34; a(31,43) a(39,47) r(38,47) r(31,72) r(39,43)
35; r(39,41) a(39,101) r(38,160)
36; a(31,43) a(39,47) a(39,101) a(38,39)
37; r(39,41) r(38,47) r(31,72) r(32,133)
38; d(37) d(32) a(29,56) d(6)
39; a(38,128) r(38,145) d(32)
40; a(38,128) r(6,162) d(32) d(5)
41; a(38,128) r(6,162) a(39,50) r(37,49)
42; d(36) r(38,78) a(39,39) a(39,35)
43; d(39) r(38,124) a(31,95) r(6,60)
44; a(38,128) d(6)
45; d(39) d(38) d(32) a(31,43) d(32) r(37,108) r(7,79) a(36,37)
46; a(38,128) d(32) r(37,108) r(7,79) a(29,78)
47; d(39) d(38) d(32) a(31,43) d(5)
48; a(35,72) d(29) a(38,95)
49; d(36) r(39,104) r(38,47) r(32,65) d(37)
50; a(35,72) r(6,65) r(39,40) d(38)
51; d(36) r(38,78) a(39,39) r(39,82)
52; a(38,128) r(6,162) d(32) a(39,93) r(38,128)
53; d(36) a(38,108) d(37)
54; a(38,128) r(6,162) d(32) a(39,93)
55; d(36) a(38,108) a(39,93) a(39,154)
--------------------------------------------------------------------------------
Evaluation

0; 4.
1; 0.
2; 4.
3; 0.
4; 4.
5; 12.
6; 0.
7; 0.
8; 0.
9; 0.
10; 0.
11; 0.
12; 0.
13; 0.
14; 0.
15; 0.
16; 0.
17; 0.
18; 0.
19; 0.
20; 0.
21; 0.
22; 0.
23; 0.
24; 0.
25; 12.
26; 0.
27; 0.
28; 0.
29; 12.
30; 0.
31; 0.
32; 0.
33; 0.
34; 0.
35; 4.
36; 0.
37; 0.
38; 0.
39; 0.
40; 0.
41; 0.
42; 0.
43; 0.
44; 0.
45; 0.
46; 0.
47; 0.
48; 0.
49; 0.
50; 0.
51; 0.
52; 0.
53; 0.
54; 0.
55; 0.
================================================================================
Generation 4

--------------------------------------------------------------------------------
Selection

0; 51
1; 1
2; 31
3; 39
4; 11
5; 50
6; 38
7; 26
8; 24
9; 54
10; 14
11; 16
12; 12
13; 11
14; 51
15; 33
16; 7
17; 22
18; 54
19; 33
20; 37
21; 13
22; 8
23; 8
24; 43
25; 38
26; 3
27; 37
28; 31
29; 55
30; 34
31; 41
32; 40
33; 3
34; 22
35; 11
36; 50
37; 22
38; 21
39; 13
--------------------------------------------------------------------------------
Crossover

0; 37, 14; r(39,41) r(38,47) r(31,72) a(38,50) a(39,66)
1; 37, 14; a(38,128) d(32) r(32,133)
2; 37; r(39,41) r(38,47) r(31,72) r(32,133)
3; 14; a(38,128) d(32) a(38,50) a(39,66)
4; 24; d(39) d(38) r(29,48) a(7,162) d(37)
5; 22; a(38,128) r(6,162) d(32) a(38,93)
6; 22, 37; a(38,128) r(6,162) d(32) a(38,93) r(38,47) r(31,72) r(32,133)
7; 22, 37; r(39,41)
8; 22; a(38,128) r(6,162) d(32) a(38,93)
9; 37; r(39,41) r(38,47) r(31,72) r(32,133)
10; 7; d(36) r(39,104) a(7,162) a(38,60)
11; 55; d(36) a(38,108) a(39,93) a(39,154)
12; 1; a(31,43) r(35,72) r(5,72) d(38) a(32,32) a(39,35)
13; 43; d(39) r(38,124) a(31,95) r(6,60)
14; 11, 33; r(29,91) d(29) d(39)
15; 11, 33; d(36) r(39,104) a(7,162) a(31,90)
16; 11; r(29,91) d(29) d(39)
17; 33; d(36) r(39,104) a(7,162) a(31,90)
18; 38, 33; d(37) d(32) a(31,90)
19; 38, 33; d(36) r(39,104) a(7,162) a(29,56) d(6)
20; 38; d(37) d(32) a(29,56) d(6)
21; 33; d(36) r(39,104) a(7,162) a(31,90)
22; 12; a(35,72) d(29) d(39)
23; 50; a(35,72) r(6,65) r(39,40) d(38)
24; 11, 34; r(29,91) r(39,43)
25; 11, 34; a(31,43) a(39,47) r(38,47) r(31,72) d(29) d(39)
26; 11; r(29,91) d(29) d(39)
27; 34; a(31,43) a(39,47) r(38,47) r(31,72) r(39,43)
28; 51; d(36) r(38,78) a(39,39) r(39,82)
29; 26; d(39) d(38) r(29,48) a(7,60)
30; 54, 13; a(38,128) a(39,101)
31; 54, 13; r(29,91) a(5,44) r(6,162) d(32) a(39,93)
32; 54; a(38,128) r(6,162) d(32) a(39,93)
33; 13; r(29,91) a(5,44) a(39,101)
34; 31; d(36) a(38,82) d(38)
35; 11; r(29,91) d(29) d(39)
36; 8, 31; r(29,91) r(38,65) a(39,36) d(35) a(38,82) d(38)
37; 8, 31; d(36)
38; 8; r(29,91) r(38,65) a(39,36) d(35)
39; 31; d(36) a(38,82) d(38)
40; 40, 50; a(38,128) r(6,162) d(32)
41; 40, 50; a(35,72) r(6,65) r(39,40) d(38) d(5)
42; 40; a(38,128) r(6,162) d(32) d(5)
43; 50; a(35,72) r(6,65) r(39,40) d(38)
44; 41, 21; a(38,128) r(6,162) a(39,50) r(37,108) r(7,79) d(36)
45; 41, 21; a(38,128) d(32) r(37,49)
46; 41; a(38,128) r(6,162) a(39,50) r(37,49)
47; 21; a(38,128) d(32) r(37,108) r(7,79) d(36)
48; 8; r(29,91) r(38,65) a(39,36) d(35)
49; 3; a(31,43) r(35,72) r(5,72) r(39,91)
50; 38, 54; d(37) d(32) a(29,56) r(6,162) d(32) a(39,93)
51; 38, 54; a(38,128) d(6)
52; 38; d(37) d(32) a(29,56) d(6)
53; 54; a(38,128) r(6,162) d(32) a(39,93)
54; 3, 13; a(31,43)
55; 3, 13; r(29,91) a(5,44) a(39,101) r(35,72) r(5,72) r(39,91)
56; 3; a(31,43) r(35,72) r(5,72) r(39,91)
57; 13; r(29,91) a(5,44) a(39,101)
58; 51, 16; d(36) r(38,78) r(6,162) d(32) d(38)
59; 51, 16; a(38,128) a(39,39) r(39,82)
60; 51; d(36) r(38,78) a(39,39) r(39,82)
61; 16; a(38,128) r(6,162) d(32) d(38)
62; 39; a(38,128) r(38,145) d(32)
63; 22; a(38,128) r(6,162) d(32) a(38,93)
--------------------------------------------------------------------------------
Mutation

0; r(39,41) r(38,47) r(31,72) a(38,50) a(39,66) r(32,79)
1; a(38,128) d(32) r(32,133) r(39,93)
2; r(39,41) r(38,47) r(31,72) r(32,133) d(29)
3; a(38,128) d(32) a(38,50) a(39,66) d(38)
4; d(39) d(38) r(29,48) a(7,162) d(37) d(36)
5; a(38,128) r(6,162) d(32) a(38,93) r(38,46)
6; a(38,128) r(6,162) d(32) a(38,93) r(38,47) r(31,72) r(32,133) d(37)
7; r(39,41) d(38)
8; a(38,128) r(6,162) d(32) a(38,93) d(39)
9; r(39,41) r(38,47) r(31,72) r(32,133) r(29,91)
10; d(36) r(39,104) a(7,162) a(38,60) r(38,74)
11; d(36) a(38,108) a(39,93) a(39,154) a(31,128)
12; a(31,43) r(35,72) r(5,72) d(38) a(32,32) a(39,35) r(39,46)
13; d(39) r(38,124) a(31,95) r(6,60) a(29,56)
14; r(29,91) d(29) d(39) r(38,96)
15; d(36) r(39,104) a(7,162) a(31,90) r(29,65)
16; r(29,91) d(29) d(39) a(38,35)
17; d(36) r(39,104) a(7,162) a(31,90) d(38)
18; d(37) d(32) a(31,90) d(29)
19; d(36) r(39,104) a(7,162) a(29,56) d(6) a(29,128)
20; d(37) d(32) a(29,56) d(6) d(29)
21; d(36) r(39,104) a(7,162) a(31,90) a(38,79)
22; a(35,72) d(29) d(39) r(7,72)
23; a(35,72) r(6,65) r(39,40) d(38) a(5,40)
24; r(29,91) r(39,43) r(38,41)
25; a(31,43) a(39,47) r(38,47) r(31,72) d(29) d(39) d(36)
26; r(29,91) d(29) d(39) r(38,80)
27; a(31,43) a(39,47) r(38,47) r(31,72) r(39,43) d(36)
28; d(36) r(38,78) a(39,39) r(39,82) d(32)
29; d(39) d(38) r(29,48) a(7,60) r(7,92)
30; a(38,128) a(39,101) d(38)
31; r(29,91) a(5,44) r(6,162) d(32) a(39,93) r(38,125)
32; a(38,128) r(6,162) d(32) a(39,93) a(39,56)
33; r(29,91) a(5,44) a(39,101) a(39,36)
34; d(36) a(38,82) d(38) d(5)
35; r(29,91) d(29) d(39) d(7)
36; r(29,91) r(38,65) a(39,36) d(35) a(38,82) d(38) d(39)
37; d(36) a(39,128)
38; r(29,91) r(38,65) a(39,36) d(35) d(37)
39; d(36) a(38,82) d(38) a(29,90)
40; a(38,128) r(6,162) d(32) d(38)
41; a(35,72) r(6,65) r(39,40) d(38) d(5) d(35)
42; a(38,128) r(6,162) d(32) d(5) d(36)
43; a(35,72) r(6,65) r(39,40) d(38) r(32,40)
44; a(38,128) r(6,162) a(39,50) r(37,108) r(7,79) d(36) d(32)
45; a(38,128) d(32) r(37,49) d(29)
46; a(38,128) r(6,162) a(39,50) r(37,49) d(36)
47; a(38,128) d(32) r(37,108) r(7,79) d(36) a(5,31)
48; r(29,91) r(38,65) a(39,36) d(35) a(39,78)
49; a(31,43) r(35,72) r(5,72) r(39,91) r(29,104)
50; d(37) d(32) a(29,56) r(6,162) d(32) a(39,93) a(29,101)
51; a(38,128) d(6) a(38,50)
52; d(37) d(32) a(29,56) d(6) r(5,160)
53; a(38,128) r(6,162) d(32) a(39,93) d(38)
54; a(31,43) d(39)
55; r(29,91) a(5,44) a(39,101) r(35,72) r(5,72) r(39,91) r(38,73)
56; a(31,43) r(35,72) r(5,72) r(39,91) r(36,40)
57; r(29,91) a(5,44) a(39,101) r(39,76)
58; d(36) r(38,78) r(6,162) d(32) d(38) r(39,35)
59; a(38,128) a(39,39) r(39,82) a(32,95)
60; d(36) r(38,78) a(39,39) r(39,82) a(6,124)
61; a(38,128) r(6,162) d(32) d(38) r(39,45)
62; a(38,128) r(38,145) d(32) a(39,82)
63; a(38,128) r(6,162) d(32) a(38,93) d(39)
--------------------------------------------------------------------------------
Evaluation

0; 0.
1; 0.
2; 0.
3; 0.
4; 0.
5; 0.
6; 0.
7; 4.
8; 0.
9; 0.
10; 0.
11; 0.
12; 0.
13; 0.
14; 0.
15; 0.
16; 0.
17; 0.
18; 0.
19; 0.
20; 0.
21; 0.
22; 0.
23; 0.
24; 0.
25; 0.
26; 0.
27; 0.
28; 0.
29; 0.
30; 4.
31; 0.
32; 0.
33; 0.
34; 0.
35; 0.
36; 0.
37; 0.
38; 0.
39; 0.
40; 0.
41; 0.
42; 0.
43; 0.
44; 0.
45; 0.
46; 0.
47; 0.
48; 0.
49; 0.
50; 0.
51; 0.
52; 0.
53; 0.
54; 0.
55; 0.
56; 0.
57; 0.
58; 0.
59; 4.
60; 0.
61; 0.
62; 0.
63; 0.
================================================================================
Generation 5

--------------------------------------------------------------------------------
Selection

0; 22
1; 58
2; 60
3; 9
4; 38
5; 41
6; 44
7; 4
8; 13
9; 60
10; 16
11; 41
12; 23
13; 15
14; 18
15; 15
16; 23
17; 42
18; 62
19; 3
20; 26
21; 10
22; 36
23; 11
24; 17
25; 47
26; 15
27; 35
28; 16
29; 41
30; 29
31; 17
32; 24
33; 31
34; 48
35; 35
36; 0
37; 1
38; 24
39; 57
--------------------------------------------------------------------------------
Crossover

0; 23; a(35,72) r(6,65) r(39,40) d(38) a(5,40)
1; 22; a(35,72) d(29) d(39) r(7,72)
2; 16, 62; r(29,91) d(29) d(39) a(38,35)
3; 16, 62; a(38,128) r(38,145) d(32) a(39,82)
4; 16; r(29,91) d(29) d(39) a(38,35)
5; 62; a(38,128) r(38,145) d(32) a(39,82)
6; 41, 57; a(35,72) a(5,44) a(39,101) r(39,76)
7; 41, 57; r(29,91) r(6,65) r(39,40) d(38) d(5) d(35)
8; 41; a(35,72) r(6,65) r(39,40) d(38) d(5) d(35)
9; 57; r(29,91) a(5,44) a(39,101) r(39,76)
10; 47; a(38,128) d(32) r(37,108) r(7,79) d(36) a(5,31)
11; 17; d(36) r(39,104) a(7,162) a(31,90) d(38)
12; 15, 38; d(36) r(39,104) a(7,162) a(31,90) r(29,65) d(35) d(37)
13; 15, 38; r(29,91) r(38,65) a(39,36)
14; 15; d(36) r(39,104) a(7,162) a(31,90) r(29,65)
15; 38; r(29,91) r(38,65) a(39,36) d(35) d(37)
16; 11; d(36) a(38,108) a(39,93) a(39,154) a(31,128)
17; 15; d(36) r(39,104) a(7,162) a(31,90) r(29,65)
18; 9, 31; r(39,41)
19; 9, 31; r(29,91) a(5,44) r(6,162) d(32) a(39,93) r(38,125) r(38,47) r(31,72) r(32,133) r(29,91)
20; 9; r(39,41) r(38,47) r(31,72) r(32,133) r(29,91)
21; 31; r(29,91) a(5,44) r(6,162) d(32) a(39,93) r(38,125)
22; 44, 4; a(38,128) r(6,162) a(39,50) r(37,108) r(7,79) a(7,162) d(37) d(36)
23; 44, 4; d(39) d(38) r(29,48) d(36) d(32)
24; 44; a(38,128) r(6,162) a(39,50) r(37,108) r(7,79) d(36) d(32)
25; 4; d(39) d(38) r(29,48) a(7,162) d(37) d(36)
26; 35; r(29,91) d(29) d(39) d(7)
27; 13; d(39) r(38,124) a(31,95) r(6,60) a(29,56)
28; 17; d(36) r(39,104) a(7,162) a(31,90) d(38)
29; 0; r(39,41) r(38,47) r(31,72) a(38,50) a(39,66) r(32,79)
30; 41, 41; a(35,72) r(6,65) r(39,40) d(38) d(5) r(39,40) d(38) d(5) d(35)
31; 41, 41; a(35,72) r(6,65) d(35)
32; 41; a(35,72) r(6,65) r(39,40) d(38) d(5) d(35)
33; 41; a(35,72) r(6,65) r(39,40) d(38) d(5) d(35)
34; 18; d(37) d(32) a(31,90) d(29)
35; 24; r(29,91) r(39,43) r(38,41)
36; 23, 10; a(35,72) r(6,65) r(39,40) r(39,104) a(7,162) a(38,60) r(38,74)
37; 23, 10; d(36) d(38) a(5,40)
38; 23; a(35,72) r(6,65) r(39,40) d(38) a(5,40)
39; 10; d(36) r(39,104) a(7,162) a(38,60) r(38,74)
40; 29, 36; d(39) d(38) r(29,48) r(38,65) a(39,36) d(35) a(38,82) d(38) d(39)
41; 29, 36; r(29,91) a(7,60) r(7,92)
42; 29; d(39) d(38) r(29,48) a(7,60) r(7,92)
43; 36; r(29,91) r(38,65) a(39,36) d(35) a(38,82) d(38) d(39)
44; 60, 3; d(36) r(38,78) a(39,39) r(39,82) a(39,66) d(38)
45; 60, 3; a(38,128) d(32) a(38,50) a(6,124)
46; 60; d(36) r(38,78) a(39,39) r(39,82) a(6,124)
47; 3; a(38,128) d(32) a(38,50) a(39,66) d(38)
48; 48, 35; r(29,91) d(29) d(39) d(7)
49; 48, 35; r(29,91) r(38,65) a(39,36) d(35) a(39,78)
50; 48; r(29,91) r(38,65) a(39,36) d(35) a(39,78)
51; 35; r(29,91) d(29) d(39) d(7)
52; 58, 26; d(36) r(38,78) r(6,162) d(32)
53; 58, 26; r(29,91) d(29) d(39) r(38,80) d(38) r(39,35)
54; 58; d(36) r(38,78) r(6,162) d(32) d(38) r(39,35)
55; 26; r(29,91) d(29) d(39) r(38,80)
56; 42; a(38,128) r(6,162) d(32) d(5) d(36)
57; 60; d(36) r(38,78) a(39,39) r(39,82) a(6,124)
58; 24, 1; r(29,91) r(32,133) r(39,93)
59; 24, 1; a(38,128) d(32) r(39,43) r(38,41)
60; 24; r(29,91) r(39,43) r(38,41)
61; 1; a(38,128) d(32) r(32,133) r(39,93)
62; 16; r(29,91) d(29) d(39) a(38,35)
63; 15; d(36) r(39,104) a(7,162) a(31,90) r(29,65)
--------------------------------------------------------------------------------
Mutation

0; a(35,72) r(6,65) r(39,40) d(38) a(5,40) r(5,44)
1; a(35,72) d(29) d(39) r(7,72) r(36,29)
2; r(29,91) d(29) d(39) a(38,35) r(38,101)
3; a(38,128) r(38,145) d(32) a(39,82) d(31)
4; r(29,91) d(29) d(39) a(38,35) d(5)
5; a(38,128) r(38,145) d(32) a(39,82) a(36,104)
6; a(35,72) a(5,44) a(39,101) r(39,76) r(6,101)
7; r(29,91) r(6,65) r(39,40) d(38) d(5) d(35) a(32,66)
8; a(35,72) r(6,65) r(39,40) d(38) d(5) d(35) d(29)
9; r(29,91) a(5,44) a(39,101) r(39,76) r(37,48)
10; a(38,128) d(32) r(37,108) r(7,79) d(36) a(5,31) a(6,96)
11; d(36) r(39,104) a(7,162) a(31,90) d(38) r(7,92)
12; d(36) r(39,104) a(7,162) a(31,90) r(29,65) d(35) d(37) r(5,154)
13; r(29,91) r(38,65) a(39,36) a(39,41)
14; d(36) r(39,104) a(7,162) a(31,90) r(29,65) r(38,74)
15; r(29,91) r(38,65) a(39,36) d(35) d(37) d(36)
16; d(36) a(38,108) a(39,93) a(39,154) a(31,128) d(38)
17; d(36) r(39,104) a(7,162) a(31,90) r(29,65) r(32,38)
18; r(39,41) a(38,82)
19; r(29,91) a(5,44) r(6,162) d(32) a(39,93) r(38,125) r(38,47) r(31,72) r(32,133) r(29,91) d(39)
20; r(39,41) r(38,47) r(31,72) r(32,133) r(29,91) d(6)
21; r(29,91) a(5,44) r(6,162) d(32) a(39,93) r(38,125) r(39,73)
22; a(38,128) r(6,162) a(39,50) r(37,108) r(7,79) a(7,162) d(37) d(36) a(31,41)
23; d(39) d(38) r(29,48) d(36) d(32) a(7,101)
24; a(38,128) r(6,162) a(39,50) r(37,108) r(7,79) d(36) d(32) r(5,47)
25; d(39) d(38) r(29,48) a(7,162) d(37) d(36) d(7)
26; r(29,91) d(29) d(39) d(7) d(38)
27; d(39) r(38,124) a(31,95) r(6,60) a(29,56) r(5,95)
28; d(36) r(39,104) a(7,162) a(31,90) d(38) a(7,52)
29; r(39,41) r(38,47) r(31,72) a(38,50) a(39,66) r(32,79) r(36,58)
30; a(35,72) r(6,65) r(39,40) d(38) d(5) r(39,40) d(38) d(5) d(35) a(36,66)
31; a(35,72) r(6,65) d(35) d(39)
32; a(35,72) r(6,65) r(39,40) d(38) d(5) d(35) r(31,90)
33; a(35,72) r(6,65) r(39,40) d(38) d(5) d(35) d(31)
34; d(37) d(32) a(31,90) d(29) a(6,57)
35; r(29,91) r(39,43) r(38,41) a(35,65)
36; a(35,72) r(6,65) r(39,40) r(39,104) a(7,162) a(38,60) r(38,74) r(35,73)
37; d(36) d(38) a(5,40) a(39,160)
38; a(35,72) r(6,65) r(39,40) d(38) a(5,40) r(35,93)
39; d(36) r(39,104) a(7,162) a(38,60) r(38,74) r(31,80)
40; d(39) d(38) r(29,48) r(38,65) a(39,36) d(35) a(38,82) d(38) d(39) r(32,42)
41; r(29,91) a(7,60) r(7,92) d(38)
42; d(39) d(38) r(29,48) a(7,60) r(7,92) r(6,73)
43; r(29,91) r(38,65) a(39,36) d(35) a(38,82) d(38) d(39) r(5,49)
44; d(36) r(38,78) a(39,39) r(39,82) a(39,66) d(38) a(31,72)
45; a(38,128) d(32) a(38,50) a(6,124) r(38,93)
46; d(36) r(38,78) a(39,39) r(39,82) a(6,124) a(32,108)
47; a(38,128) d(32) a(38,50) a(39,66) d(38) a(39,90)
48; r(29,91) d(29) d(39) d(7) r(6,75)
49; r(29,91) r(38,65) a(39,36) d(35) a(39,78) d(5)
50; r(29,91) r(38,65) a(39,36) d(35) a(39,78) a(36,60)
51; r(29,91) d(29) d(39) d(7) d(38)
52; d(36) r(38,78) r(6,162) d(32) a(39,91)
53; r(29,91) d(29) d(39) r(38,80) d(38) r(39,35) r(6,72)
54; d(36) r(38,78) r(6,162) d(32) d(38) r(39,35) r(37,41)
55; r(29,91) d(29) d(39) r(38,80) a(35,53)
56; a(38,128) r(6,162) d(32) d(5) d(36) r(38,96)
57; d(36) r(38,78) a(39,39) r(39,82) a(6,124) a(5,37)
58; r(29,91) r(32,133) r(39,93) a(6,44)
59; a(38,128) d(32) r(39,43) r(38,41) a(7,51)
60; r(29,91) r(39,43) r(38,41) a(37,74)
61; a(38,128) d(32) r(32,133) r(39,93) r(37,44)
62; r(29,91) d(29) d(39) a(38,35) r(38,133)
63; d(36) r(39,104) a(7,162) a(31,90) r(29,65) d(38)
--------------------------------------------------------------------------------
Evaluation

0; 0.
1; 0.
2; 0.
3; 0.
4; 0.
5; 0.
6; 12.
7; 0.
8; 0.
9; 0.
10; 0.
11; 0.
12; 0.
13; 0.
14; 0.
15; 0.
16; 0.
17; 0.
18; 4.
19; 0.
20; 0.
21; 0.
22; 0.
23; 0.
24; 0.
25; 0.
26; 0.
27; 0.
28; 0.
29; 0.
30; 0.
31; 0.
32; 0.
33; 0.
34; 0.
35; 0.
36; 0.
37; 0.
38; 0.
39; 0.
40; 0.
41; 0.
42; 0.
43; 0.
44; 0.
45; 0.
46; 0.
47; 0.
48; 0.
49; 0.
50; 0.
51; 0.
52; 0.
53; 0.
54; 0.
55; 0.
56; 0.
57; 0.
58; 0.
59; 0.
60; 0.
61; 0.
62; 0.
63; 0.
================================================================================
Generation 6

--------------------------------------------------------------------------------
Selection

0; 17
1; 31
2; 40
3; 61
4; 21
5; 33
6; 12
7; 7
8; 38
9; 23
10; 10
11; 41
12; 57
13; 36
14; 24
15; 46
16; 27
17; 1
18; 16
19; 51
20; 28
21; 58
22; 17
23; 61
24; 25
25; 58
26; 4
27; 5
28; 11
29; 4
30; 42
31; 26
32; 43
33; 40
34; 28
35; 32
36; 25
37; 31
38; 19
39; 34
--------------------------------------------------------------------------------
Crossover

0; 5, 36; a(38,128) r(38,145) d(32) a(39,82) a(36,104) r(39,40) r(39,104) a(7,162) a(38,60) r(38,74) r(35,73)
1; 5, 36; a(35,72) r(6,65)
2; 5; a(38,128) r(38,145) d(32) a(39,82) a(36,104)
3; 36; a(35,72) r(6,65) r(39,40) r(39,104) a(7,162) a(38,60) r(38,74) r(35,73)
4; 40, 33; d(39) d(38) r(29,48) r(38,65) a(39,36) d(35) r(39,40) d(38) d(5) d(35) d(31)
5; 40, 33; a(35,72) r(6,65) a(38,82) d(38) d(39) r(32,42)
6; 40; d(39) d(38) r(29,48) r(38,65) a(39,36) d(35) a(38,82) d(38) d(39) r(32,42)
7; 33; a(35,72) r(6,65) r(39,40) d(38) d(5) d(35) d(31)
8; 32; a(35,72) r(6,65) r(39,40) d(38) d(5) d(35) r(31,90)
9; 34; d(37) d(32) a(31,90) d(29) a(6,57)
10; 38, 31; a(35,72) r(6,65) r(39,40) d(38) a(5,40) r(35,93) d(39)
11; 38, 31; a(35,72) r(6,65) d(35)
12; 38; a(35,72) r(6,65) r(39,40) d(38) a(5,40) r(35,93)
13; 31; a(35,72) r(6,65) d(35) d(39)
14; 51, 40; r(29,91) d(39) r(32,42)
15; 51, 40; d(39) d(38) r(29,48) r(38,65) a(39,36) d(35) a(38,82) d(38) d(29) d(39) d(7) d(38)
16; 51; r(29,91) d(29) d(39) d(7) d(38)
17; 40; d(39) d(38) r(29,48) r(38,65) a(39,36) d(35) a(38,82) d(38) d(39) r(32,42)
18; 17, 11; d(36) r(39,104) a(7,162) a(31,90) r(29,65) r(32,38) d(38) r(7,92)
19; 17, 11; d(36) r(39,104) a(7,162) a(31,90)
20; 17; d(36) r(39,104) a(7,162) a(31,90) r(29,65) r(32,38)
21; 11; d(36) r(39,104) a(7,162) a(31,90) d(38) r(7,92)
22; 24; a(38,128) r(6,162) a(39,50) r(37,108) r(7,79) d(36) d(32) r(5,47)
23; 19; r(29,91) a(5,44) r(6,162) d(32) a(39,93) r(38,125) r(38,47) r(31,72) r(32,133) r(29,91) d(39)
24; 43; r(29,91) r(38,65) a(39,36) d(35) a(38,82) d(38) d(39) r(5,49)
25; 7; r(29,91) r(6,65) r(39,40) d(38) d(5) d(35) a(32,66)
26; 31, 4; a(35,72) r(6,65) d(35) d(39) a(38,35) d(5)
27; 31, 4; r(29,91) d(29) d(39)
28; 31; a(35,72) r(6,65) d(35) d(39)
29; 4; r(29,91) d(29) d(39) a(38,35) d(5)
30; 16; d(36) a(38,108) a(39,93) a(39,154) a(31,128) d(38)
31; 10; a(38,128) d(32) r(37,108) r(7,79) d(36) a(5,31) a(6,96)
32; 25, 28; d(39) a(7,162) a(31,90) d(38) a(7,52)
33; 25, 28; d(36) r(39,104) d(38) r(29,48) a(7,162) d(37) d(36) d(7)
34; 25; d(39) d(38) r(29,48) a(7,162) d(37) d(36) d(7)
35; 28; d(36) r(39,104) a(7,162) a(31,90) d(38) a(7,52)
36; 42; d(39) d(38) r(29,48) a(7,60) r(7,92) r(6,73)
37; 28; d(36) r(39,104) a(7,162) a(31,90) d(38) a(7,52)
38; 27, 46; d(39) r(38,124) a(31,95) r(6,60)
39; 27, 46; d(36) r(38,78) a(39,39) r(39,82) a(6,124) a(32,108) a(29,56) r(5,95)
40; 27; d(39) r(38,124) a(31,95) r(6,60) a(29,56) r(5,95)
41; 46; d(36) r(38,78) a(39,39) r(39,82) a(6,124) a(32,108)
42; 58, 21; r(29,91) r(32,133) r(39,93) a(6,44) r(6,162) d(32) a(39,93) r(38,125) r(39,73)
43; 58, 21; r(29,91) a(5,44)
44; 58; r(29,91) r(32,133) r(39,93) a(6,44)
45; 21; r(29,91) a(5,44) r(6,162) d(32) a(39,93) r(38,125) r(39,73)
46; 26, 41; r(29,91) a(7,60) r(7,92) d(38)
47; 26, 41; r(29,91) d(29) d(39) d(7) d(38)
48; 26; r(29,91) d(29) d(39) d(7) d(38)
49; 41; r(29,91) a(7,60) r(7,92) d(38)
50; 1; a(35,72) d(29) d(39) r(7,72) r(36,29)
51; 23; d(39) d(38) r(29,48) d(36) d(32) a(7,101)
52; 61; a(38,128) d(32) r(32,133) r(39,93) r(37,44)
53; 25; d(39) d(38) r(29,48) a(7,162) d(37) d(36) d(7)
54; 58; r(29,91) r(32,133) r(39,93) a(6,44)
55; 12; d(36) r(39,104) a(7,162) a(31,90) r(29,65) d(35) d(37) r(5,154)
56; 17, 57; d(36) r(39,104) a(7,162) a(31,90) r(29,65) r(32,38) a(6,124) a(5,37)
57; 17, 57; d(36) r(38,78) a(39,39) r(39,82)
58; 17; d(36) r(39,104) a(7,162) a(31,90) r(29,65) r(32,38)
59; 57; d(36) r(38,78) a(39,39) r(39,82) a(6,124) a(5,37)
60; 61, 4; a(38,128) d(39) a(38,35) d(5)
61; 61, 4; r(29,91) d(29) d(32) r(32,133) r(39,93) r(37,44)
62; 61; a(38,128) d(32) r(32,133) r(39,93) r(37,44)
63; 4; r(29,91) d(29) d(39) a(38,35) d(5)
--------------------------------------------------------------------------------
Mutation

0; a(38,128) r(38,145) d(32) a(39,82) a(36,104) r(39,40) r(39,104) a(7,162) a(38,60) r(38,74) r(35,73) r(29,46)
1; a(35,72) r(6,65) a(39,154)
2; a(38,128) r(38,145) d(32) a(39,82) a(36,104) r(29,60)
3; a(35,72) r(6,65) r(39,40) r(39,104) a(7,162) a(38,60) r(38,74) r(35,73) r(5,90)
4; d(39) d(38) r(29,48) r(38,65) a(39,36) d(35) r(39,40) d(38) d(5) d(35) d(31) r(36,61)
5; a(35,72) r(6,65) a(38,82) d(38) d(39) r(32,42) d(29)
6; d(39) d(38) r(29,48) r(38,65) a(39,36) d(35) a(38,82) d(38) d(39) r(32,42) d(37)
7; a(35,72) r(6,65) r(39,40) d(38) d(5) d(35) d(31) r(36,125)
8; a(35,72) r(6,65) r(39,40) d(38) d(5) d(35) r(31,90) a(37,96)
9; d(37) d(32) a(31,90) d(29) a(6,57) a(5,38)
10; a(35,72) r(6,65) r(39,40) d(38) a(5,40) r(35,93) d(39) a(32,128)
11; a(35,72) r(6,65) d(35) a(37,47)
12; a(35,72) r(6,65) r(39,40) d(38) a(5,40) r(35,93) a(32,73)
13; a(35,72) r(6,65) d(35) d(39) r(38,48)
14; r(29,91) d(39) r(32,42) d(6)
15; d(39) d(38) r(29,48) r(38,65) a(39,36) d(35) a(38,82) d(38) d(29) d(39) d(7) d(38) r(37,65)
16; r(29,91) d(29) d(39) d(7) d(38) d(35)
17; d(39) d(38) r(29,48) r(38,65) a(39,36) d(35) a(38,82) d(38) d(39) r(32,42) d(6)
18; d(36) r(39,104) a(7,162) a(31,90) r(29,65) r(32,38) d(38) r(7,92) a(37,42)
19; d(36) r(39,104) a(7,162) a(31,90) a(37,60)
20; d(36) r(39,104) a(7,162) a(31,90) r(29,65) r(32,38) r(38,79)
21; d(36) r(39,104) a(7,162) a(31,90) d(38) r(7,92) r(31,124)
22; a(38,128) r(6,162) a(39,50) r(37,108) r(7,79) d(36) d(32) r(5,47) r(29,31)
23; r(29,91) a(5,44) r(6,162) d(32) a(39,93) r(38,125) r(38,47) r(31,72) r(32,133) r(29,91) d(39) a(36,36)
24; r(29,91) r(38,65) a(39,36) d(35) a(38,82) d(38) d(39) r(5,49) a(32,80)
25; r(29,91) r(6,65) r(39,40) d(38) d(5) d(35) a(32,66) d(37)
26; a(35,72) r(6,65) d(35) d(39) a(38,35) d(5) r(31,61)
27; r(29,91) d(29) d(39) a(38,80)
28; a(35,72) r(6,65) d(35) d(39) d(38)
29; r(29,91) d(29) d(39) a(38,35) d(5) r(38,76)
30; d(36) a(38,108) a(39,93) a(39,154) a(31,128) d(38) d(29)
31; a(38,128) d(32) r(37,108) r(7,79) d(36) a(5,31) a(6,96) r(31,154)
32; d(39) a(7,162) a(31,90) d(38) a(7,52) r(35,66)
33; d(36) r(39,104) d(38) r(29,48) a(7,162) d(37) d(36) d(7) d(5)
34; d(39) d(38) r(29,48) a(7,162) d(37) d(36) d(7) d(5)
35; d(36) r(39,104) a(7,162) a(31,90) d(38) a(7,52) a(37,31)
36; d(39) d(38) r(29,48) a(7,60) r(7,92) r(6,73) r(35,36)
37; d(36) r(39,104) a(7,162) a(31,90) d(38) a(7,52) r(35,73)
38; d(39) r(38,124) a(31,95) r(6,60) d(31)
39; d(36) r(38,78) a(39,39) r(39,82) a(6,124) a(32,108) a(29,56) r(5,95) r(31,60)
40; d(39) r(38,124) a(31,95) r(6,60) a(29,56) r(5,95) r(37,125)
41; d(36) r(38,78) a(39,39) r(39,82) a(6,124) a(32,108) a(6,32)
42; r(29,91) r(32,133) r(39,93) a(6,44) r(6,162) d(32) a(39,93) r(38,125) r(39,73) a(36,91)
43; r(29,91) a(5,44) d(6)
44; r(29,91) r(32,133) r(39,93) a(6,44) r(36,72)
45; r(29,91) a(5,44) r(6,162) d(32) a(39,93) r(38,125) r(39,73) a(37,29)
46; r(29,91) a(7,60) r(7,92) d(38) d(37)
47; r(29,91) d(29) d(39) d(7) d(38) r(6,39)
48; r(29,91) d(29) d(39) d(7) d(38) d(5)
49; r(29,91) a(7,60) r(7,92) d(38) a(39,45)
50; a(35,72) d(29) d(39) r(7,72) r(36,29) a(5,125)
51; d(39) d(38) r(29,48) d(36) d(32) a(7,101) a(5,56)
52; a(38,128) d(32) r(32,133) r(39,93) r(37,44) a(29,76)
53; d(39) d(38) r(29,48) a(7,162) d(37) d(36) d(7) a(5,124)
54; r(29,91) r(32,133) r(39,93) a(6,44) a(5,76)
55; d(36) r(39,104) a(7,162) a(31,90) r(29,65) d(35) d(37) r(5,154) r(32,125)
56; d(36) r(39,104) a(7,162) a(31,90) r(29,65) r(32,38) a(6,124) a(5,37) d(38)
57; d(36) r(38,78) a(39,39) r(39,82) d(6)
58; d(36) r(39,104) a(7,162) a(31,90) r(29,65) r(32,38) a(7,44)
59; d(36) r(38,78) a(39,39) r(39,82) a(6,124) a(5,37) a(31,108)
60; a(38,128) d(39) a(38,35) d(5) a(37,145)
61; r(29,91) d(29) d(32) r(32,133) r(39,93) r(37,44) a(6,80)
62; a(38,128) d(32) r(32,133) r(39,93) r(37,44) a(7,78)
63; r(29,91) d(29) d(39) a(38,35) d(5) r(38,91)
--------------------------------------------------------------------------------
Evaluation

0; 0.
1; 0.
2; 0.
3; 0.
4; 0.
5; 0.
6; 0.
7; 0.
8; 0.
9; 0.
10; 0.
11; 0.
12; 0.
13; 0.
14; 0.
15; 0.
16; 0.
17; 0.
18; 0.
19; 0.
20; 12.
21; 12.
22; 0.
23; 0.
24; 0.
25; 0.
26; 0.
27; 0.
28; 0.
29; 0.
30; 0.
31; 0.
32; 0.
33; 0.
34; 0.
35; 0.
36; 0.
37; 0.
38; 0.
39; 0.
40; 0.
41; 0.
42; 0.
43; 0.
44; 0.
45; 0.
46; 0.
47; 0.
48; 0.
49; 0.
50; 0.
51; 0.
52; 0.
53; 12.
54; 0.
55; 0.
56; 0.
57; 0.
58; 0.
59; 0.
60; 4.
61; 0.
62; 0.
63; 0.
================================================================================
Generation 7

--------------------------------------------------------------------------------
Selection

0; 17
1; 13
2; 36
3; 19
4; 26
5; 30
6; 46
7; 24
8; 46
9; 44
10; 36
11; 15
12; 4
13; 52
14; 27
15; 24
16; 16
17; 4
18; 18
19; 58
20; 62
21; 32
22; 41
23; 14
24; 59
25; 12
26; 34
27; 18
28; 50
29; 35
30; 9
31; 35
32; 33
33; 43
34; 24
35; 48
36; 11
37; 6
38; 30
39; 62
--------------------------------------------------------------------------------
Crossover

0; 43, 17; r(29,91) a(5,44) a(39,36) d(35) a(38,82) d(38) d(39) r(32,42) d(6)
1; 43, 17; d(39) d(38) r(29,48) r(38,65) d(6)
2; 43; r(29,91) a(5,44) d(6)
3; 17; d(39) d(38) r(29,48) r(38,65) a(39,36) d(35) a(38,82) d(38) d(39) r(32,42) d(6)
4; 6; d(39) d(38) r(29,48) r(38,65) a(39,36) d(35) a(38,82) d(38) d(39) r(32,42) d(37)
5; 48; r(29,91) d(29) d(39) d(7) d(38) d(5)
6; 24, 44; r(29,91) r(32,133) r(39,93) a(6,44) r(36,72)
7; 24, 44; r(29,91) r(38,65) a(39,36) d(35) a(38,82) d(38) d(39) r(5,49) a(32,80)
8; 24; r(29,91) r(38,65) a(39,36) d(35) a(38,82) d(38) d(39) r(5,49) a(32,80)
9; 44; r(29,91) r(32,133) r(39,93) a(6,44) r(36,72)
10; 34; d(39) d(38) r(29,48) a(7,162) d(37) d(36) d(7) d(5)
11; 11; a(35,72) r(6,65) d(35) a(37,47)
12; 9, 18; d(37) d(32) a(31,90) d(29) r(39,104) a(7,162) a(31,90) r(29,65) r(32,38) d(38) r(7,92) a(37,42)
13; 9, 18; d(36) a(6,57) a(5,38)
14; 9; d(37) d(32) a(31,90) d(29) a(6,57) a(5,38)
15; 18; d(36) r(39,104) a(7,162) a(31,90) r(29,65) r(32,38) d(38) r(7,92) a(37,42)
16; 30; d(36) a(38,108) a(39,93) a(39,154) a(31,128) d(38) d(29)
17; 59; d(36) r(38,78) a(39,39) r(39,82) a(6,124) a(5,37) a(31,108)
18; 14, 58; r(29,91) d(39) r(32,42) d(6) r(39,104) a(7,162) a(31,90) r(29,65) r(32,38) a(7,44)
19; 14, 58; d(36)
20; 14; r(29,91) d(39) r(32,42) d(6)
21; 58; d(36) r(39,104) a(7,162) a(31,90) r(29,65) r(32,38) a(7,44)
22; 24; r(29,91) r(38,65) a(39,36) d(35) a(38,82) d(38) d(39) r(5,49) a(32,80)
23; 52; a(38,128) d(32) r(32,133) r(39,93) r(37,44) a(29,76)
24; 27, 4; r(29,91) d(29)
25; 27, 4; d(39) d(38) r(29,48) r(38,65) a(39,36) d(35) r(39,40) d(38) d(5) d(35) d(31) r(36,61) d(39) a(38,80)
26; 27; r(29,91) d(29) d(39) a(38,80)
27; 4; d(39) d(38) r(29,48) r(38,65) a(39,36) d(35) r(39,40) d(38) d(5) d(35) d(31) r(36,61)
28; 41; d(36) r(38,78) a(39,39) r(39,82) a(6,124) a(32,108) a(6,32)
29; 62; a(38,128) d(32) r(32,133) r(39,93) r(37,44) a(7,78)
30; 62, 19; a(38,128) d(32) r(32,133) r(39,93) r(37,44) a(7,78) a(7,162) a(31,90) a(37,60)
31; 62, 19; d(36) r(39,104)
32; 62; a(38,128) d(32) r(32,133) r(39,93) r(37,44) a(7,78)
33; 19; d(36) r(39,104) a(7,162) a(31,90) a(37,60)
34; 15; d(39) d(38) r(29,48) r(38,65) a(39,36) d(35) a(38,82) d(38) d(29) d(39) d(7) d(38) r(37,65)
35; 35; d(36) r(39,104) a(7,162) a(31,90) d(38) a(7,52) a(37,31)
36; 36, 46; d(39) d(38) r(29,48) a(7,60) r(7,92) r(6,73) r(35,36) r(7,92) d(38) d(37)
37; 36, 46; r(29,91) a(7,60)
38; 36; d(39) d(38) r(29,48) a(7,60) r(7,92) r(6,73) r(35,36)
39; 46; r(29,91) a(7,60) r(7,92) d(38) d(37)
40; 18; d(36) r(39,104) a(7,162) a(31,90) r(29,65) r(32,38) d(38) r(7,92) a(37,42)
41; 46; r(29,91) a(7,60) r(7,92) d(38) d(37)
42; 12; a(35,72) r(6,65) r(39,40) d(38) a(5,40) r(35,93) a(32,73)
43; 16; r(29,91) d(29) d(39) d(7) d(38) d(35)
44; 24; r(29,91) r(38,65) a(39,36) d(35) a(38,82) d(38) d(39) r(5,49) a(32,80)
45; 30; d(36) a(38,108) a(39,93) a(39,154) a(31,128) d(38) d(29)
46; 35, 26; d(36) r(39,104) d(39) a(38,35) d(5) r(31,61)
47; 35, 26; a(35,72) r(6,65) d(35) a(7,162) a(31,90) d(38) a(7,52) a(37,31)
48; 35; d(36) r(39,104) a(7,162) a(31,90) d(38) a(7,52) a(37,31)
49; 26; a(35,72) r(6,65) d(35) d(39) a(38,35) d(5) r(31,61)
50; 50; a(35,72) d(29) d(39) r(7,72) r(36,29) a(5,125)
51; 36; d(39) d(38) r(29,48) a(7,60) r(7,92) r(6,73) r(35,36)
52; 33; d(36) r(39,104) d(38) r(29,48) a(7,162) d(37) d(36) d(7) d(5)
53; 32; d(39) a(7,162) a(31,90) d(38) a(7,52) r(35,66)
54; 4, 13; d(39) d(38) r(29,48) r(38,65) a(39,36) d(35) r(39,40) d(35) d(39) r(38,48)
55; 4, 13; a(35,72) r(6,65) d(38) d(5) d(35) d(31) r(36,61)
56; 4; d(39) d(38) r(29,48) r(38,65) a(39,36) d(35) r(39,40) d(38) d(5) d(35) d(31) r(36,61)
57; 13; a(35,72) r(6,65) d(35) d(39) r(38,48)
--------------------------------------------------------------------------------
Mutation

0; r(29,91) a(5,44) a(39,36) d(35) a(38,82) d(38) d(39) r(32,42) d(6) a(36,101)
1; d(39) d(38) r(29,48) r(38,65) d(6) r(35,95)
2; r(29,91) a(5,44) d(6) r(39,108)
3; d(39) d(38) r(29,48) r(38,65) a(39,36) d(35) a(38,82) d(38) d(39) r(32,42) d(6) r(5,162)
4; d(39) d(38) r(29,48) r(38,65) a(39,36) d(35) a(38,82) d(38) d(39) r(32,42) d(37) a(36,42)
5; r(29,91) d(29) d(39) d(7) d(38) d(5) d(36)
6; r(29,91) r(32,133) r(39,93) a(6,44) r(36,72) a(5,91)
7; r(29,91) r(38,65) a(39,36) d(35) a(38,82) d(38) d(39) r(5,49) a(32,80) a(36,61)
8; r(29,91) r(38,65) a(39,36) d(35) a(38,82) d(38) d(39) r(5,49) a(32,80) a(32,93)
9; r(29,91) r(32,133) r(39,93) a(6,44) r(36,72) r(38,128)
10; d(39) d(38) r(29,48) a(7,162) d(37) d(36) d(7) d(5) r(32,60)
11; a(35,72) r(6,65) d(35) a(37,47) d(32)
12; d(37) d(32) a(31,90) d(29) r(39,104) a(7,162) a(31,90) r(29,65) r(32,38) d(38) r(7,92) a(37,42) r(36,40)
13; d(36) a(6,57) a(5,38) r(38,133)
14; d(37) d(32) a(31,90) d(29) a(6,57) a(5,38) a(6,79)
15; d(36) r(39,104) a(7,162) a(31,90) r(29,65) r(32,38) d(38) r(7,92) a(37,42) a(6,124)
16; d(36) a(38,108) a(39,93) a(39,154) a(31,128) d(38) d(29) d(35)
17; d(36) r(38,78) a(39,39) r(39,82) a(6,124) a(5,37) a(31,108) a(32,5)
18; r(29,91) d(39) r(32,42) d(6) r(39,104) a(7,162) a(31,90) r(29,65) r(32,38) a(7,44) r(38,80)
19; d(36) r(39,41)
20; r(29,91) d(39) r(32,42) d(6) r(37,41)
21; d(36) r(39,104) a(7,162) a(31,90) r(29,65) r(32,38) a(7,44) d(5)
22; r(29,91) r(38,65) a(39,36) d(35) a(38,82) d(38) d(39) r(5,49) a(32,80) d(37)
23; a(38,128) d(32) r(32,133) r(39,93) r(37,44) a(29,76) a(36,125)
24; r(29,91) d(29) a(38,60)
25; d(39) d(38) r(29,48) r(38,65) a(39,36) d(35) r(39,40) d(38) d(5) d(35) d(31) r(36,61) d(39) a(38,80) d(37)
26; r(29,91) d(29) d(39) a(38,80) a(6,125)
27; d(39) d(38) r(29,48) r(38,65) a(39,36) d(35) r(39,40) d(38) d(5) d(35) d(31) r(36,61) a(37,90)
28; d(36) r(38,78) a(39,39) r(39,82) a(6,124) a(32,108) a(6,32) r(29,60)
29; a(38,128) d(32) r(32,133) r(39,93) r(37,44) a(7,78) r(36,101)
30; a(38,128) d(32) r(32,133) r(39,93) r(37,44) a(7,78) a(7,162) a(31,90) a(37,60) r(6,145)
31; d(36) r(39,104) a(38,42)
32; a(38,128) d(32) r(32,133) r(39,93) r(37,44) a(7,78) d(31)
33; d(36) r(39,104) a(7,162) a(31,90) a(37,60) a(38,40)
34; d(39) d(38) r(29,48) r(38,65) a(39,36) d(35) a(38,82) d(38) d(29) d(39) d(7) d(38) r(37,65) r(32,104)
35; d(36) r(39,104) a(7,162) a(31,90) d(38) a(7,52) a(37,31) r(5,104)
36; d(39) d(38) r(29,48) a(7,60) r(7,92) r(6,73) r(35,36) r(7,92) d(38) d(37) d(36)
37; r(29,91) a(7,60) a(38,40)
38; d(39) d(38) r(29,48) a(7,60) r(7,92) r(6,73) r(35,36) d(32)
39; r(29,91) a(7,60) r(7,92) d(38) d(37) a(36,29)
40; d(36) r(39,104) a(7,162) a(31,90) r(29,65) r(32,38) d(38) r(7,92) a(37,42) d(6)
41; r(29,91) a(7,60) r(7,92) d(38) d(37) d(5)
42; a(35,72) r(6,65) r(39,40) d(38) a(5,40) r(35,93) a(32,73) d(32)
43; r(29,91) d(29) d(39) d(7) d(38) d(35) d(36)
44; r(29,91) r(38,65) a(39,36) d(35) a(38,82) d(38) d(39) r(5,49) a(32,80) d(32)
45; d(36) a(38,108) a(39,93) a(39,154) a(31,128) d(38) d(29) r(39,154)
46; d(36) r(39,104) d(39) a(38,35) d(5) r(31,61) r(38,48)
47; a(35,72) r(6,65) d(35) a(7,162) a(31,90) d(38) a(7,52) a(37,31) r(36,101)
48; d(36) r(39,104) a(7,162) a(31,90) d(38) a(7,52) a(37,31) r(37,160)
49; a(35,72) r(6,65) d(35) d(39) a(38,35) d(5) r(31,61) a(38,162)
50; a(35,72) d(29) d(39) r(7,72) r(36,29) a(5,125) a(38,96)
51; d(39) d(38) r(29,48) a(7,60) r(7,92) r(6,73) r(35,36) a(32,101)
52; d(36) r(39,104) d(38) r(29,48) a(7,162) d(37) d(36) d(7) d(5) d(35)
53; d(39) a(7,162) a(31,90) d(38) a(7,52) r(35,66) r(29,124)
54; d(39) d(38) r(29,48) r(38,65) a(39,36) d(35) r(39,40) d(35) d(39) r(38,48) r(37,154)
55; a(35,72) r(6,65) d(38) d(5) d(35) d(31) r(36,61) a(37,37)
56; d(39) d(38) r(29,48) r(38,65) a(39,36) d(35) r(39,40) d(38) d(5) d(35) d(31) r(36,61) d(32)
57; a(35,72) r(6,65) d(35) d(39) r(38,48) r(36,40)
--------------------------------------------------------------------------------
Evaluation

0; 0.
1; 0.
2; 0.
3; 0.
4; 0.
5; 0.
6; 0.
7; 0.
8; 0.
9; 0.
10; 0.
11; 0.
12; 0.
13; 0.
14; 0.
15; 0.
16; 0.
17; 0.
18; 0.
19; 0.
20; 0.
21; 0.
22; 0.
23; 0.
24; 0.
25; 0.
26; 0.
27; 0.
28; 0.
29; 12.
30; 0.
31; 0.
32; 0.
33; 0.
34; 0.
35; 0.
36; 0.
37; 0.
38; 0.
39; 0.
40; 0.
41; 0.
42; 0.
43; 0.
44; 0.
45; 0.
46; 0.
47; 0.
48; 0.
49; 0.
50; 0.
51; 0.
52; 0.
53; 12.
54; 0.
55; 0.
56; 0.
57; 0.
================================================================================
Generation 8

--------------------------------------------------------------------------------
Selection

0; 9
1; 8
2; 3
3; 3
4; 34
5; 25
6; 15
7; 34
8; 14
9; 23
10; 13
11; 13
12; 4
13; 52
14; 27
15; 17
16; 49
17; 36
18; 27
19; 51
20; 11
21; 38
22; 42
23; 46
24; 56
25; 23
26; 9
27; 57
28; 12
29; 40
30; 30
31; 10
32; 3
33; 52
34; 46
35; 28
36; 13
37; 16
38; 54
39; 20
--------------------------------------------------------------------------------
Crossover

0; 12, 38; d(37) d(32) a(31,90) d(29) r(39,104) a(7,162) a(31,90) r(29,65) d(38) r(29,48) a(7,60) r(7,92) r(6,73) r(35,36) d(32)
1; 12, 38; d(39) r(32,38) d(38) r(7,92) a(37,42) r(36,40)
2; 12; d(37) d(32) a(31,90) d(29) r(39,104) a(7,162) a(31,90) r(29,65) r(32,38) d(38) r(7,92) a(37,42) r(36,40)
3; 38; d(39) d(38) r(29,48) a(7,60) r(7,92) r(6,73) r(35,36) d(32)
4; 56, 15; d(39) d(38) r(29,48) r(38,65) a(39,36) d(35) r(39,40) d(38) d(5) a(7,162) a(31,90) r(29,65) r(32,38) d(38) r(7,92) a(37,42) a(6,124)
5; 56, 15; d(36) r(39,104) d(35) d(31) r(36,61) d(32)
6; 56; d(39) d(38) r(29,48) r(38,65) a(39,36) d(35) r(39,40) d(38) d(5) d(35) d(31) r(36,61) d(32)
7; 15; d(36) r(39,104) a(7,162) a(31,90) r(29,65) r(32,38) d(38) r(7,92) a(37,42) a(6,124)
8; 52, 30; d(36) r(39,104) d(38) r(29,48) a(7,162) d(37) d(36) d(7) d(5) d(35) d(32) r(32,133) r(39,93) r(37,44) a(7,78) a(7,162) a(31,90) a(37,60) r(6,145)
9; 52, 30; a(38,128)
10; 52; d(36) r(39,104) d(38) r(29,48) a(7,162) d(37) d(36) d(7) d(5) d(35)
11; 30; a(38,128) d(32) r(32,133) r(39,93) r(37,44) a(7,78) a(7,162) a(31,90) a(37,60) r(6,145)
12; 34, 3; d(39) d(38) r(29,48) r(38,65) a(39,36) d(35) a(38,82) r(5,162)
13; 34, 3; d(39) d(38) r(29,48) r(38,65) a(39,36) d(35) a(38,82) d(38) d(39) r(32,42) d(6) d(38) d(29) d(39) d(7) d(38) r(37,65) r(32,104)
14; 34; d(39) d(38) r(29,48) r(38,65) a(39,36) d(35) a(38,82) d(38) d(29) d(39) d(7) d(38) r(37,65) r(32,104)
15; 3; d(39) d(38) r(29,48) r(38,65) a(39,36) d(35) a(38,82) d(38) d(39) r(32,42) d(6) r(5,162)
16; 52, 11; d(36) r(39,104) d(38) r(29,48) a(7,162) d(35) a(37,47) d(32)
17; 52, 11; a(35,72) r(6,65) d(37) d(36) d(7) d(5) d(35)
18; 52; d(36) r(39,104) d(38) r(29,48) a(7,162) d(37) d(36) d(7) d(5) d(35)
19; 11; a(35,72) r(6,65) d(35) a(37,47) d(32)
20; 57, 51; a(35,72) a(32,101)
21; 57, 51; d(39) d(38) r(29,48) a(7,60) r(7,92) r(6,73) r(35,36) r(6,65) d(35) d(39) r(38,48) r(36,40)
22; 57; a(35,72) r(6,65) d(35) d(39) r(38,48) r(36,40)
23; 51; d(39) d(38) r(29,48) a(7,60) r(7,92) r(6,73) r(35,36) a(32,101)
24; 36; d(39) d(38) r(29,48) a(7,60) r(7,92) r(6,73) r(35,36) r(7,92) d(38) d(37) d(36)
25; 46; d(36) r(39,104) d(39) a(38,35) d(5) r(31,61) r(38,48)
26; 17, 28; d(36) r(38,78) a(39,39) r(39,82) a(6,124) a(32,108) a(6,32) r(29,60)
27; 17, 28; d(36) r(38,78) a(39,39) r(39,82) a(6,124) a(5,37) a(31,108) a(32,5)
28; 17; d(36) r(38,78) a(39,39) r(39,82) a(6,124) a(5,37) a(31,108) a(32,5)
29; 28; d(36) r(38,78) a(39,39) r(39,82) a(6,124) a(32,108) a(6,32) r(29,60)
30; 14, 27; d(37) d(32) a(31,90) d(38) r(29,48) r(38,65) a(39,36) d(35) r(39,40) d(38) d(5) d(35) d(31) r(36,61) a(37,90)
31; 14, 27; d(39) d(29) a(6,57) a(5,38) a(6,79)
32; 14; d(37) d(32) a(31,90) d(29) a(6,57) a(5,38) a(6,79)
33; 27; d(39) d(38) r(29,48) r(38,65) a(39,36) d(35) r(39,40) d(38) d(5) d(35) d(31) r(36,61) a(37,90)
34; 3, 3; d(39) d(38) r(29,48) r(38,65) a(39,36) d(35) a(38,82) d(38) d(39) r(32,42) r(5,162)
35; 3, 3; d(39) d(38) r(29,48) r(38,65) a(39,36) d(35) a(38,82) d(38) d(39) r(32,42) d(6) d(6) r(5,162)
36; 3; d(39) d(38) r(29,48) r(38,65) a(39,36) d(35) a(38,82) d(38) d(39) r(32,42) d(6) r(5,162)
37; 3; d(39) d(38) r(29,48) r(38,65) a(39,36) d(35) a(38,82) d(38) d(39) r(32,42) d(6) r(5,162)
38; 20; r(29,91) d(39) r(32,42) d(6) r(37,41)
39; 23; a(38,128) d(32) r(32,133) r(39,93) r(37,44) a(29,76) a(36,125)
40; 13; d(36) a(6,57) a(5,38) r(38,133)
41; 13; d(36) a(6,57) a(5,38) r(38,133)
42; 40, 46; d(36)
43; 40, 46; d(36) r(39,104) d(39) a(38,35) d(5) r(31,61) r(38,48) r(39,104) a(7,162) a(31,90) r(29,65) r(32,38) d(38) r(7,92) a(37,42) d(6)
44; 40; d(36) r(39,104) a(7,162) a(31,90) r(29,65) r(32,38) d(38) r(7,92) a(37,42) d(6)
45; 46; d(36) r(39,104) d(39) a(38,35) d(5) r(31,61) r(38,48)
46; 23; a(38,128) d(32) r(32,133) r(39,93) r(37,44) a(29,76) a(36,125)
47; 25; d(39) d(38) r(29,48) r(38,65) a(39,36) d(35) r(39,40) d(38) d(5) d(35) d(31) r(36,61) d(39) a(38,80) d(37)
48; 42; a(35,72) r(6,65) r(39,40) d(38) a(5,40) r(35,93) a(32,73) d(32)
49; 16; d(36) a(38,108) a(39,93) a(39,154) a(31,128) d(38) d(29) d(35)
50; 34, 49; d(39) r(6,65) d(35) d(39) a(38,35) d(5) r(31,61) a(38,162)
51; 34, 49; a(35,72) d(38) r(29,48) r(38,65) a(39,36) d(35) a(38,82) d(38) d(29) d(39) d(7) d(38) r(37,65) r(32,104)
52; 34; d(39) d(38) r(29,48) r(38,65) a(39,36) d(35) a(38,82) d(38) d(29) d(39) d(7) d(38) r(37,65) r(32,104)
53; 49; a(35,72) r(6,65) d(35) d(39) a(38,35) d(5) r(31,61) a(38,162)
54; 13; d(36) a(6,57) a(5,38) r(38,133)
55; 9; r(29,91) r(32,133) r(39,93) a(6,44) r(36,72) r(38,128)
56; 10, 4; d(39) d(38) r(29,48) a(7,162) d(37) a(39,36) d(35) a(38,82) d(38) d(39) r(32,42) d(37) a(36,42)
57; 10, 4; d(39) d(38) r(29,48) r(38,65) d(36) d(7) d(5) r(32,60)
58; 10; d(39) d(38) r(29,48) a(7,162) d(37) d(36) d(7) d(5) r(32,60)
59; 4; d(39) d(38) r(29,48) r(38,65) a(39,36) d(35) a(38,82) d(38) d(39) r(32,42) d(37) a(36,42)
60; 27; d(39) d(38) r(29,48) r(38,65) a(39,36) d(35) r(39,40) d(38) d(5) d(35) d(31) r(36,61) a(37,90)
61; 54; d(39) d(38) r(29,48) r(38,65) a(39,36) d(35) r(39,40) d(35) d(39) r(38,48) r(37,154)
62; 8; r(29,91) r(38,65) a(39,36) d(35) a(38,82) d(38) d(39) r(5,49) a(32,80) a(32,93)
63; 9; r(29,91) r(32,133) r(39,93) a(6,44) r(36,72) r(38,128)
--------------------------------------------------------------------------------
Mutation

0; d(37) d(32) a(31,90) d(29) r(39,104) a(7,162) a(31,90) r(29,65) d(38) r(29,48) a(7,60) r(7,92) r(6,73) r(35,36) d(32) a(36,58)
1; d(39) r(32,38) d(38) r(7,92) a(37,42) r(36,40) r(29,56)
2; d(37) d(32) a(31,90) d(29) r(39,104) a(7,162) a(31,90) r(29,65) r(32,38) d(38) r(7,92) a(37,42) r(36,40) a(6,128)
3; d(39) d(38) r(29,48) a(7,60) r(7,92) r(6,73) r(35,36) d(32) r(37,60)
4; d(39) d(38) r(29,48) r(38,65) a(39,36) d(35) r(39,40) d(38) d(5) a(7,162) a(31,90) r(29,65) r(32,38) d(38) r(7,92) a(37,42) a(6,124) d(36)
5; d(36) r(39,104) d(35) d(31) r(36,61) d(32) a(38,162)
6; d(39) d(38) r(29,48) r(38,65) a(39,36) d(35) r(39,40) d(38) d(5) d(35) d(31) r(36,61) d(32) r(37,5)
7; d(36) r(39,104) a(7,162) a(31,90) r(29,65) r(32,38) d(38) r(7,92) a(37,42) a(6,124) r(5,47)
8; d(36) r(39,104) d(38) r(29,48) a(7,162) d(37) d(36) d(7) d(5) d(35) d(32) r(32,133) r(39,93) r(37,44) a(7,78) a(7,162) a(31,90) a(37,60) r(6,145)
9; a(38,128) d(38)
10; d(36) r(39,104) d(38) r(29,48) a(7,162) d(37) d(36) d(7) d(5) d(35) a(32,91)
11; a(38,128) d(32) r(32,133) r(39,93) r(37,44) a(7,78) a(7,162) a(31,90) a(37,60) r(6,145) r(31,5)
12; d(39) d(38) r(29,48) r(38,65) a(39,36) d(35) a(38,82) r(5,162) d(36)
13; d(39) d(38) r(29,48) r(38,65) a(39,36) d(35) a(38,82) d(38) d(39) r(32,42) d(6) d(38) d(29) d(39) d(7) d(38) r(37,65) r(32,104) r(5,43)
14; d(39) d(38) r(29,48) r(38,65) a(39,36) d(35) a(38,82) d(38) d(29) d(39) d(7) d(38) r(37,65) r(32,104) a(5,160)
15; d(39) d(38) r(29,48) r(38,65) a(39,36) d(35) a(38,82) d(38) d(39) r(32,42) d(6) r(5,162) a(37,32)
16; d(36) r(39,104) d(38) r(29,48) a(7,162) d(35) a(37,47) d(32) r(5,76)
17; a(35,72) r(6,65) d(37) d(36) d(7) d(5) d(35) a(32,40)
18; d(36) r(39,104) d(38) r(29,48) a(7,162) d(37) d(36) d(7) d(5) d(35) r(32,39)
19; a(35,72) r(6,65) d(35) a(37,47) d(32) d(5)
20; a(35,72) a(32,101) d(39)
21; d(39) d(38) r(29,48) a(7,60) r(7,92) r(6,73) r(35,36) r(6,65) d(35) d(39) r(38,48) r(36,40) d(5)
22; a(35,72) r(6,65) d(35) d(39) r(38,48) r(36,40) d(29)
23; d(39) d(38) r(29,48) a(7,60) r(7,92) r(6,73) r(35,36) a(32,101) d(36)
24; d(39) d(38) r(29,48) a(7,60) r(7,92) r(6,73) r(35,36) r(7,92) d(38) d(37) d(36) r(32,96)
25; d(36) r(39,104) d(39) a(38,35) d(5) r(31,61) r(38,48) d(32)
26; d(36) r(38,78) a(39,39) r(39,82) a(6,124) a(32,108) a(6,32) r(29,60) a(5,58)
27; d(36) r(38,78) a(39,39) r(39,82) a(6,124) a(5,37) a(31,108) a(32,5) d(32)
28; d(36) r(38,78) a(39,39) r(39,82) a(6,124) a(5,37) a(31,108) a(32,5) r(37,5)
29; d(36) r(38,78) a(39,39) r(39,82) a(6,124) a(32,108) a(6,32) r(29,60) r(5,160)
30; d(37) d(32) a(31,90) d(38) r(29,48) r(38,65) a(39,36) d(35) r(39,40) d(38) d(5) d(35) d(31) r(36,61) a(37,90)
31; d(39) d(29) a(6,57) a(5,38) a(6,79) d(5)
32; d(37) d(32) a(31,90) d(29) a(6,57) a(5,38) a(6,79) r(5,104)
33; d(39) d(38) r(29,48) r(38,65) a(39,36) d(35) r(39,40) d(38) d(5) d(35) d(31) r(36,61) a(37,90) d(32)
34; d(39) d(38) r(29,48) r(38,65) a(39,36) d(35) a(38,82) d(38) d(39) r(32,42) r(5,162) a(36,95)
35; d(39) d(38) r(29,48) r(38,65) a(39,36) d(35) a(38,82) d(38) d(39) r(32,42) d(6) d(6) r(5,162) a(37,91)
36; d(39) d(38) r(29,48) r(38,65) a(39,36) d(35) a(38,82) d(38) d(39) r(32,42) d(6) r(5,162) d(37)
37; d(39) d(38) r(29,48) r(38,65) a(39,36) d(35) a(38,82) d(38) d(39) r(32,42) d(6) r(5,162) d(36)
38; r(29,91) d(39) r(32,42) d(6) r(37,41) d(5)
39; a(38,128) d(32) r(32,133) r(39,93) r(37,44) a(29,76) a(36,125) d(36)
40; d(36) a(6,57) a(5,38) r(38,133) d(39)
41; d(36) a(6,57) a(5,38) r(38,133) d(35)
42; d(36) r(38,45)
43; d(36) r(39,104) d(39) a(38,35) d(5) r(31,61) r(38,48) r(39,104) a(7,162) a(31,90) r(29,65) r(32,38) d(38) r(7,92) a(37,42) d(6) d(37)
44; d(36) r(39,104) a(7,162) a(31,90) r(29,65) r(32,38) d(38) r(7,92) a(37,42) d(6) a(5,61)
45; d(36) r(39,104) d(39) a(38,35) d(5) r(31,61) r(38,48) a(32,38)
46; a(38,128) d(32) r(32,133) r(39,93) r(37,44) a(29,76) a(36,125) a(6,76)
47; d(39) d(38) r(29,48) r(38,65) a(39,36) d(35) r(39,40) d(38) d(5) d(35) d(31) r(36,61) d(39) a(38,80) d(37) r(32,82)
48; a(35,72) r(6,65) r(39,40) d(38) a(5,40) r(35,93) a(32,73) d(32) a(31,37)
49; d(36) a(38,108) a(39,93) a(39,154) a(31,128) d(38) d(29) d(35) d(39)
50; d(39) r(6,65) d(35) d(39) a(38,35) d(5) r(31,61) a(38,162) r(38,50)
51; a(35,72) d(38) r(29,48) r(38,65) a(39,36) d(35) a(38,82) d(38) d(29) d(39) d(7) d(38) r(37,65) r(32,104) r(6,72)
52; d(39) d(38) r(29,48) r(38,65) a(39,36) d(35) a(38,82) d(38) d(29) d(39) d(7) d(38) r(37,65) r(32,104) d(6)
53; a(35,72) r(6,65) d(35) d(39) a(38,35) d(5) r(31,61) a(38,162) a(32,47)
54; d(36) a(6,57) a(5,38) r(38,133) d(31)
55; r(29,91) r(32,133) r(39,93) a(6,44) r(36,72) r(38,128) a(37,47)
56; d(39) d(38) r(29,48) a(7,162) d(37) a(39,36) d(35) a(38,82) d(38) d(39) r(32,42) d(37) a(36,42) d(36)
57; d(39) d(38) r(29,48) r(38,65) d(36) d(7) d(5) r(32,60) d(37)
58; d(39) d(38) r(29,48) a(7,162) d(37) d(36) d(7) d(5) r(32,60)
59; d(39) d(38) r(29,48) r(38,65) a(39,36) d(35) a(38,82) d(38) d(39) r(32,42) d(37) a(36,42) r(7,43)
60; d(39) d(38) r(29,48) r(38,65) a(39,36) d(35) r(39,40) d(38) d(5) d(35) d(31) r(36,61) a(37,90) r(32,56)
61; d(39) d(38) r(29,48) r(38,65) a(39,36) d(35) r(39,40) d(35) d(39) r(38,48) r(37,154) d(32)
62; r(29,91) r(38,65) a(39,36) d(35) a(38,82) d(38) d(39) r(5,49) a(32,80) a(32,93) d(32)
63; r(29,91) r(32,133) r(39,93) a(6,44) r(36,72) r(38,128) a(7,32)
--------------------------------------------------------------------------------
Evaluation

0; 0.
1; 0.
2; 0.
3; 0.
4; 0.
5; 0.
6; 0.
7; 0.
8; 0.
9; 4.
10; 0.
11; 0.
12; 0.
13; 0.
14; 0.
15; 0.
16; 0.
17; 0.
18; 0.
19; 0.
20; 0.
21; 0.
22; 0.
23; 0.
24; 0.
25; 0.
26; 0.
27; 0.
28; 0.
29; 0.
30; 0.
31; 4.
32; 0.
33; 0.
34; 0.
35; 0.
36; 0.
37; 0.
38; 0.
39; 0.
40; 0.
41; 0.
42; 0.
43; 0.
44; 0.
45; 0.
46; 0.
47; 0.
48; 0.
49; 0.
50; 0.
51; 0.
52; 0.
53; 0.
54; 0.
55; 0.
56; 0.
57; 0.
58; 0.
59; 0.
60; 0.
61; 0.
62; 0.
63; 0.
================================================================================
Generation 9

--------------------------------------------------------------------------------
Selection

0; 5
1; 5
2; 10
3; 39
4; 38
5; 20
6; 13
7; 23
8; 3
9; 4
10; 44
11; 55
12; 11
13; 46
14; 7
15; 24
16; 6
17; 46
18; 32
19; 43
20; 11
21; 21
22; 33
23; 29
24; 49
25; 20
26; 44
27; 24
28; 46
29; 8
30; 14
31; 37
32; 24
33; 3
34; 56
35; 55
36; 10
37; 55
38; 14
39; 32
--------------------------------------------------------------------------------
Crossover

0; 46; a(38,128) d(32) r(32,133) r(39,93) r(37,44) a(29,76) a(36,125) a(6,76)
1; 24; d(39) d(38) r(29,48) a(7,60) r(7,92) r(6,73) r(35,36) r(7,92) d(38) d(37) d(36) r(32,96)
2; 44; d(36) r(39,104) a(7,162) a(31,90) r(29,65) r(32,38) d(38) r(7,92) a(37,42) d(6) a(5,61)
3; 56; d(39) d(38) r(29,48) a(7,162) d(37) a(39,36) d(35) a(38,82) d(38) d(39) r(32,42) d(37) a(36,42) d(36)
4; 32; d(37) d(32) a(31,90) d(29) a(6,57) a(5,38) a(6,79) r(5,104)
5; 13; d(39) d(38) r(29,48) r(38,65) a(39,36) d(35) a(38,82) d(38) d(39) r(32,42) d(6) d(38) d(29) d(39) d(7) d(38) r(37,65) r(32,104) r(5,43)
6; 10; d(36) r(39,104) d(38) r(29,48) a(7,162) d(37) d(36) d(7) d(5) d(35) a(32,91)
7; 46; a(38,128) d(32) r(32,133) r(39,93) r(37,44) a(29,76) a(36,125) a(6,76)
8; 55, 3; r(29,91) r(32,133) r(39,93) a(6,44) r(36,72) r(38,128) a(37,47) d(38) r(29,48) a(7,60) r(7,92) r(6,73) r(35,36) d(32) r(37,60)
9; 55, 3; d(39)
10; 55; r(29,91) r(32,133) r(39,93) a(6,44) r(36,72) r(38,128) a(37,47)
11; 3; d(39) d(38) r(29,48) a(7,60) r(7,92) r(6,73) r(35,36) d(32) r(37,60)
12; 46, 43; a(38,128) d(32) r(32,38) d(38) r(7,92) a(37,42) d(6) d(37)
13; 46, 43; d(36) r(39,104) d(39) a(38,35) d(5) r(31,61) r(38,48) r(39,104) a(7,162) a(31,90) r(29,65) r(32,133) r(39,93) r(37,44) a(29,76) a(36,125) a(6,76)
14; 46; a(38,128) d(32) r(32,133) r(39,93) r(37,44) a(29,76) a(36,125) a(6,76)
15; 43; d(36) r(39,104) d(39) a(38,35) d(5) r(31,61) r(38,48) r(39,104) a(7,162) a(31,90) r(29,65) r(32,38) d(38) r(7,92) a(37,42) d(6) d(37)
16; 49; d(36) a(38,108) a(39,93) a(39,154) a(31,128) d(38) d(29) d(35) d(39)
17; 55; r(29,91) r(32,133) r(39,93) a(6,44) r(36,72) r(38,128) a(37,47)
18; 21; d(39) d(38) r(29,48) a(7,60) r(7,92) r(6,73) r(35,36) r(6,65) d(35) d(39) r(38,48) r(36,40) d(5)
19; 3; d(39) d(38) r(29,48) a(7,60) r(7,92) r(6,73) r(35,36) d(32) r(37,60)
20; 55; r(29,91) r(32,133) r(39,93) a(6,44) r(36,72) r(38,128) a(37,47)
21; 24; d(39) d(38) r(29,48) a(7,60) r(7,92) r(6,73) r(35,36) r(7,92) d(38) d(37) d(36) r(32,96)
22; 44, 38; d(36) r(39,104) d(5)
23; 44, 38; r(29,91) d(39) r(32,42) d(6) r(37,41) a(7,162) a(31,90) r(29,65) r(32,38) d(38) r(7,92) a(37,42) d(6) a(5,61)
24; 44; d(36) r(39,104) a(7,162) a(31,90) r(29,65) r(32,38) d(38) r(7,92) a(37,42) d(6) a(5,61)
25; 38; r(29,91) d(39) r(32,42) d(6) r(37,41) d(5)
26; 20, 29; a(35,72) a(32,101) d(39) r(39,82) a(6,124) a(32,108) a(6,32) r(29,60) r(5,160)
27; 20, 29; d(36) r(38,78) a(39,39)
28; 20; a(35,72) a(32,101) d(39)
29; 29; d(36) r(38,78) a(39,39) r(39,82) a(6,124) a(32,108) a(6,32) r(29,60) r(5,160)
30; 24; d(39) d(38) r(29,48) a(7,60) r(7,92) r(6,73) r(35,36) r(7,92) d(38) d(37) d(36) r(32,96)
31; 14; d(39) d(38) r(29,48) r(38,65) a(39,36) d(35) a(38,82) d(38) d(29) d(39) d(7) d(38) r(37,65) r(32,104) a(5,160)
32; 23; d(39) d(38) r(29,48) a(7,60) r(7,92) r(6,73) r(35,36) a(32,101) d(36)
33; 20; a(35,72) a(32,101) d(39)
34; 33; d(39) d(38) r(29,48) r(38,65) a(39,36) d(35) r(39,40) d(38) d(5) d(35) d(31) r(36,61) a(37,90) d(32)
35; 39; a(38,128) d(32) r(32,133) r(39,93) r(37,44) a(29,76) a(36,125) d(36)
36; 5, 32; d(36) r(39,104)
37; 5, 32; d(37) d(32) a(31,90) d(29) a(6,57) a(5,38) a(6,79) r(5,104) d(35) d(31) r(36,61) d(32) a(38,162)
38; 5; d(36) r(39,104) d(35) d(31) r(36,61) d(32) a(38,162)
39; 32; d(37) d(32) a(31,90) d(29) a(6,57) a(5,38) a(6,79) r(5,104)
40; 8, 5; d(36) r(39,104) d(38) r(29,48) a(7,162) d(37) d(36) d(7) r(36,61) d(32) a(38,162)
41; 8, 5; d(36) r(39,104) d(35) d(31) d(5) d(35) d(32) r(32,133) r(39,93) r(37,44) a(7,78) a(7,162) a(31,90) a(37,60) r(6,145)
42; 8; d(36) r(39,104) d(38) r(29,48) a(7,162) d(37) d(36) d(7) d(5) d(35) d(32) r(32,133) r(39,93) r(37,44) a(7,78) a(7,162) a(31,90) a(37,60) r(6,145)
43; 5; d(36) r(39,104) d(35) d(31) r(36,61) d(32) a(38,162)
44; 6, 11; d(39) r(39,93) r(37,44) a(7,78) a(7,162) a(31,90) a(37,60) r(6,145) r(31,5)
45; 6, 11; a(38,128) d(32) r(32,133) d(38) r(29,48) r(38,65) a(39,36) d(35) r(39,40) d(38) d(5) d(35) d(31) r(36,61) d(32) r(37,5)
46; 6; d(39) d(38) r(29,48) r(38,65) a(39,36) d(35) r(39,40) d(38) d(5) d(35) d(31) r(36,61) d(32) r(37,5)
47; 11; a(38,128) d(32) r(32,133) r(39,93) r(37,44) a(7,78) a(7,162) a(31,90) a(37,60) r(6,145) r(31,5)
48; 10; d(36) r(39,104) d(38) r(29,48) a(7,162) d(37) d(36) d(7) d(5) d(35) a(32,91)
49; 4; d(39) d(38) r(29,48) r(38,65) a(39,36) d(35) r(39,40) d(38) d(5) a(7,162) a(31,90) r(29,65) r(32,38) d(38) r(7,92) a(37,42) a(6,124) d(36)
50; 37; d(39) d(38) r(29,48) r(38,65) a(39,36) d(35) a(38,82) d(38) d(39) r(32,42) d(6) r(5,162) d(36)
51; 7; d(36) r(39,104) a(7,162) a(31,90) r(29,65) r(32,38) d(38) r(7,92) a(37,42) a(6,124) r(5,47)
52; 14; d(39) d(38) r(29,48) r(38,65) a(39,36) d(35) a(38,82) d(38) d(29) d(39) d(7) d(38) r(37,65) r(32,104) a(5,160)
53; 11; a(38,128) d(32) r(32,133) r(39,93) r(37,44) a(7,78) a(7,162) a(31,90) a(37,60) r(6,145) r(31,5)
--------------------------------------------------------------------------------
Mutation

0; a(38,128) d(32) r(32,133) r(39,93) r(37,44) a(29,76) a(36,125) a(6,76) r(5,124)
1; d(39) d(38) r(29,48) a(7,60) r(7,92) r(6,73) r(35,36) r(7,92) d(38) d(37) d(36) r(32,96) d(5)
2; d(36) r(39,104) a(7,162) a(31,90) r(29,65) r(32,38) d(38) r(7,92) a(37,42) d(6) a(5,61) d(37)
3; d(39) d(38) r(29,48) a(7,162) d(37) a(39,36) d(35) a(38,82) d(38) d(39) r(32,42) d(37) a(36,42) d(36) a(5,53)
4; d(37) d(32) a(31,90) d(29) a(6,57) a(5,38) a(6,79) r(5,104) d(36)
5; d(39) d(38) r(29,48) r(38,65) a(39,36) d(35) a(38,82) d(38) d(39) r(32,42) d(6) d(38) d(29) d(39) d(7) d(38) r(37,65) r(32,104) r(5,43) r(36,38)
6; d(36) r(39,104) d(38) r(29,48) a(7,162) d(37) d(36) d(7) d(5) d(35) a(32,91) d(32)
7; a(38,128) d(32) r(32,133) r(39,93) r(37,44) a(29,76) a(36,125) a(6,76) d(31)
8; r(29,91) r(32,133) r(39,93) a(6,44) r(36,72) r(38,128) a(37,47) d(38) r(29,48) a(7,60) r(7,92) r(6,73) r(35,36) d(32) r(37,60) d(5)
9; d(39) d(5)
10; r(29,91) r(32,133) r(39,93) a(6,44) r(36,72) r(38,128) a(37,47) a(6,104)
11; d(39) d(38) r(29,48) a(7,60) r(7,92) r(6,73) r(35,36) d(32) r(37,60) d(5)
12; a(38,128) d(32) r(32,38) d(38) r(7,92) a(37,42) d(6) d(37) a(29,32)
13; d(36) r(39,104) d(39) a(38,35) d(5) r(31,61) r(38,48) r(39,104) a(7,162) a(31,90) r(29,65) r(32,133) r(39,93) r(37,44) a(29,76) a(36,125) a(6,76)
14; a(38,128) d(32) r(32,133) r(39,93) r(37,44) a(29,76) a(36,125) a(6,76) a(29,46)
15; d(36) r(39,104) d(39) a(38,35) d(5) r(31,61) r(38,48) r(39,104) a(7,162) a(31,90) r(29,65) r(32,38) d(38) r(7,92) a(37,42) d(6) d(37)
16; d(36) a(38,108) a(39,93) a(39,154) a(31,128) d(38) d(29) d(35) d(39) a(7,72)
17; r(29,91) r(32,133) r(39,93) a(6,44) r(36,72) r(38,128) a(37,47) d(5)
18; d(39) d(38) r(29,48) a(7,60) r(7,92) r(6,73) r(35,36) r(6,65) d(35) d(39) r(38,48) r(36,40) d(5) d(32)
19; d(39) d(38) r(29,48) a(7,60) r(7,92) r(6,73) r(35,36) d(32) r(37,60) d(36)
20; r(29,91) r(32,133) r(39,93) a(6,44) r(36,72) r(38,128) a(37,47) d(7)
21; d(39) d(38) r(29,48) a(7,60) r(7,92) r(6,73) r(35,36) r(7,92) d(38) d(37) d(36) r(32,96) d(5)
22; d(36) r(39,104) d(5) r(38,65)
23; r(29,91) d(39) r(32,42) d(6) r(37,41) a(7,162) a(31,90) r(29,65) r(32,38) d(38) r(7,92) a(37,42) d(6) a(5,61) d(36)
24; d(36) r(39,104) a(7,162) a(31,90) r(29,65) r(32,38) d(38) r(7,92) a(37,42) d(6) a(5,61) r(5,93)
25; r(29,91) d(39) r(32,42) d(6) r(37,41) d(5) r(36,41)
26; a(35,72) a(32,101) d(39) r(39,82) a(6,124) a(32,108) a(6,32) r(29,60) r(5,160) r(38,104)
27; d(36) r(38,78) a(39,39) r(32,65)
28; a(35,72) a(32,101) d(39) a(7,39)
29; d(36) r(38,78) a(39,39) r(39,82) a(6,124) a(32,108) a(6,32) r(29,60) r(5,160) r(35,76)
30; d(39) d(38) r(29,48) a(7,60) r(7,92) r(6,73) r(35,36) r(7,92) d(38) d(37) d(36) r(32,96) r(5,46)
31; d(39) d(38) r(29,48) r(38,65) a(39,36) d(35) a(38,82) d(38) d(29) d(39) d(7) d(38) r(37,65) r(32,104) a(5,160) d(5)
32; d(39) d(38) r(29,48) a(7,60) r(7,92) r(6,73) r(35,36) a(32,101) d(36) a(37,39)
33; a(35,72) a(32,101) d(39) d(38)
34; d(39) d(38) r(29,48) r(38,65) a(39,36) d(35) r(39,40) d(38) d(5) d(35) d(31) r(36,61) a(37,90) d(32) d(37)
35; a(38,128) d(32) r(32,133) r(39,93) r(37,44) a(29,76) a(36,125) d(36) d(6)
36; d(36) r(39,104) d(38)
37; d(37) d(32) a(31,90) d(29) a(6,57) a(5,38) a(6,79) r(5,104) d(35) d(31) r(36,61) d(32) a(38,162)
38; d(36) r(39,104) d(35) d(31) r(36,61) d(32) a(38,162) r(37,42)
39; d(37) d(32) a(31,90) d(29) a(6,57) a(5,38) a(6,79) r(5,104) d(36)
40; d(36) r(39,104) d(38) r(29,48) a(7,162) d(37) d(36) d(7) r(36,61) d(32) a(38,162) r(6,45)
41; d(36) r(39,104) d(35) d(31) d(5) d(35) d(32) r(32,133) r(39,93) r(37,44) a(7,78) a(7,162) a(31,90) a(37,60) r(6,145) r(29,73)
42; d(36) r(39,104) d(38) r(29,48) a(7,162) d(37) d(36) d(7) d(5) d(35) d(32) r(32,133) r(39,93) r(37,44) a(7,78) a(7,162) a(31,90) a(37,60) r(6,145)
43; d(36) r(39,104) d(35) d(31) r(36,61) d(32) a(38,162) a(38,43)
44; d(39) r(39,93) r(37,44) a(7,78) a(7,162) a(31,90) a(37,60) r(6,145) r(31,5) r(32,39)
45; a(38,128) d(32) r(32,133) d(38) r(29,48) r(38,65) a(39,36) d(35) r(39,40) d(38) d(5) d(35) d(31) r(36,61) d(32) r(37,5)
46; d(39) d(38) r(29,48) r(38,65) a(39,36) d(35) r(39,40) d(38) d(5) d(35) d(31) r(36,61) d(32) r(37,5)
47; a(38,128) d(32) r(32,133) r(39,93) r(37,44) a(7,78) a(7,162) a(31,90) a(37,60) r(6,145) r(31,5) d(36)
48; d(36) r(39,104) d(38) r(29,48) a(7,162) d(37) d(36) d(7) d(5) d(35) a(32,91) d(32)
49; d(39) d(38) r(29,48) r(38,65) a(39,36) d(35) r(39,40) d(38) d(5) a(7,162) a(31,90) r(29,65) r(32,38) d(38) r(7,92) a(37,42) a(6,124) d(36) a(37,42)
50; d(39) d(38) r(29,48) r(38,65) a(39,36) d(35) a(38,82) d(38) d(39) r(32,42) d(6) r(5,162) d(36) d(37)
51; d(36) r(39,104) a(7,162) a(31,90) r(29,65) r(32,38) d(38) r(7,92) a(37,42) a(6,124) r(5,47) d(37)
52; d(39) d(38) r(29,48) r(38,65) a(39,36) d(35) a(38,82) d(38) d(29) d(39) d(7) d(38) r(37,65) r(32,104) a(5,160) a(36,91)
53; a(38,128) d(32) r(32,133) r(39,93) r(37,44) a(7,78) a(7,162) a(31,90) a(37,60) r(6,145) r(31,5) r(29,49)
--------------------------------------------------------------------------------
Evaluation

0; 12.
1; 0.
2; 0.
3; 0.
4; 0.
5; 0.
6; 0.
7; 0.
8; 0.
9; 4.
10; 0.
11; 0.
12; 0.
13; 0.
14; 0.
15; 0.
16; 0.
17; 0.
18; 0.
19; 0.
20; 0.
21; 0.
22; 0.
23; 0.
24; 0.
25; 0.
26; 0.
27; 0.
28; 0.
29; 0.
30; 0.
31; 0.
32; 0.
33; 0.
34; 0.
35; 0.
36; 0.
37; 0.
38; 0.
39; 0.
40; 0.
41; 0.
42; 0.
43; 0.
44; 0.
45; 0.
46; 0.
47; 0.
48; 0.
49; 0.
50; 0.
51; 0.
52; 0.
53; 0.
================================================================================
Generation 10

--------------------------------------------------------------------------------
Selection

0; 45
1; 33
2; 10
3; 49
4; 20
5; 15
6; 34
7; 30
8; 2
9; 35
10; 33
11; 1
12; 19
13; 47
14; 53
15; 49
16; 50
17; 53
18; 13
19; 51
20; 30
21; 46
22; 31
23; 7
24; 2
25; 46
26; 10
27; 2
28; 32
29; 11
30; 40
31; 10
32; 35
33; 46
34; 27
35; 41
36; 29
37; 19
38; 40
39; 1
--------------------------------------------------------------------------------
Crossover

0; 2, 47; d(36) r(39,104) a(7,162) a(31,90) r(29,65) r(32,38) d(38) r(7,92) a(37,42) d(6) a(5,61) a(7,78) a(7,162) a(31,90) a(37,60) r(6,145) r(31,5) d(36)
1; 2, 47; a(38,128) d(32) r(32,133) r(39,93) r(37,44) d(37)
2; 2; d(36) r(39,104) a(7,162) a(31,90) r(29,65) r(32,38) d(38) r(7,92) a(37,42) d(6) a(5,61) d(37)
3; 47; a(38,128) d(32) r(32,133) r(39,93) r(37,44) a(7,78) a(7,162) a(31,90) a(37,60) r(6,145) r(31,5) d(36)
4; 53, 10; a(38,128) d(32) r(32,133) r(39,93) r(37,44) a(7,78) a(7,162) a(31,90) a(37,60) r(6,145) r(31,5) r(36,72) r(38,128) a(37,47) a(6,104)
5; 53, 10; r(29,91) r(32,133) r(39,93) a(6,44) r(29,49)
6; 53; a(38,128) d(32) r(32,133) r(39,93) r(37,44) a(7,78) a(7,162) a(31,90) a(37,60) r(6,145) r(31,5) r(29,49)
7; 10; r(29,91) r(32,133) r(39,93) a(6,44) r(36,72) r(38,128) a(37,47) a(6,104)
8; 35; a(38,128) d(32) r(32,133) r(39,93) r(37,44) a(29,76) a(36,125) d(36) d(6)
9; 19; d(39) d(38) r(29,48) a(7,60) r(7,92) r(6,73) r(35,36) d(32) r(37,60) d(36)
10; 11; d(39) d(38) r(29,48) a(7,60) r(7,92) r(6,73) r(35,36) d(32) r(37,60) d(5)
11; 2; d(36) r(39,104) a(7,162) a(31,90) r(29,65) r(32,38) d(38) r(7,92) a(37,42) d(6) a(5,61) d(37)
12; 19; d(39) d(38) r(29,48) a(7,60) r(7,92) r(6,73) r(35,36) d(32) r(37,60) d(36)
13; 15; d(36) r(39,104) d(39) a(38,35) d(5) r(31,61) r(38,48) r(39,104) a(7,162) a(31,90) r(29,65) r(32,38) d(38) r(7,92) a(37,42) d(6) d(37)
14; 40; d(36) r(39,104) d(38) r(29,48) a(7,162) d(37) d(36) d(7) r(36,61) d(32) a(38,162) r(6,45)
15; 30; d(39) d(38) r(29,48) a(7,60) r(7,92) r(6,73) r(35,36) r(7,92) d(38) d(37) d(36) r(32,96) r(5,46)
16; 53, 40; a(38,128) d(32) r(32,133) r(39,93) r(37,44) a(7,78) a(7,162) a(31,90) a(37,60) r(6,145) r(31,5) r(29,49) d(32) a(38,162) r(6,45)
17; 53, 40; d(36) r(39,104) d(38) r(29,48) a(7,162) d(37) d(36) d(7) r(36,61)
18; 53; a(38,128) d(32) r(32,133) r(39,93) r(37,44) a(7,78) a(7,162) a(31,90) a(37,60) r(6,145) r(31,5) r(29,49)
19; 40; d(36) r(39,104) d(38) r(29,48) a(7,162) d(37) d(36) d(7) r(36,61) d(32) a(38,162) r(6,45)
20; 10; r(29,91) r(32,133) r(39,93) a(6,44) r(36,72) r(38,128) a(37,47) a(6,104)
21; 7; a(38,128) d(32) r(32,133) r(39,93) r(37,44) a(29,76) a(36,125) a(6,76) d(31)
22; 29, 33; d(36) r(38,78) a(39,39) r(39,82) d(38)
23; 29, 33; a(35,72) a(32,101) d(39) a(6,124) a(32,108) a(6,32) r(29,60) r(5,160) r(35,76)
24; 29; d(36) r(38,78) a(39,39) r(39,82) a(6,124) a(32,108) a(6,32) r(29,60) r(5,160) r(35,76)
25; 33; a(35,72) a(32,101) d(39) d(38)
26; 13; d(36) r(39,104) d(39) a(38,35) d(5) r(31,61) r(38,48) r(39,104) a(7,162) a(31,90) r(29,65) r(32,133) r(39,93) r(37,44) a(29,76) a(36,125) a(6,76)
27; 20; r(29,91) r(32,133) r(39,93) a(6,44) r(36,72) r(38,128) a(37,47) d(7)
28; 49, 32; d(39) d(38) r(29,48) r(38,65) a(39,36) d(35) r(39,40) r(29,48) a(7,60) r(7,92) r(6,73) r(35,36) a(32,101) d(36) a(37,39)
29; 49, 32; d(39) d(38) d(38) d(5) a(7,162) a(31,90) r(29,65) r(32,38) d(38) r(7,92) a(37,42) a(6,124) d(36) a(37,42)
30; 49; d(39) d(38) r(29,48) r(38,65) a(39,36) d(35) r(39,40) d(38) d(5) a(7,162) a(31,90) r(29,65) r(32,38) d(38) r(7,92) a(37,42) a(6,124) d(36) a(37,42)
31; 32; d(39) d(38) r(29,48) a(7,60) r(7,92) r(6,73) r(35,36) a(32,101) d(36) a(37,39)
32; 31; d(39) d(38) r(29,48) r(38,65) a(39,36) d(35) a(38,82) d(38) d(29) d(39) d(7) d(38) r(37,65) r(32,104) a(5,160) d(5)
33; 49; d(39) d(38) r(29,48) r(38,65) a(39,36) d(35) r(39,40) d(38) d(5) a(7,162) a(31,90) r(29,65) r(32,38) d(38) r(7,92) a(37,42) a(6,124) d(36) a(37,42)
34; 27, 45; d(36) r(38,78) a(39,39) d(31) r(36,61) d(32) r(37,5)
35; 27, 45; a(38,128) d(32) r(32,133) d(38) r(29,48) r(38,65) a(39,36) d(35) r(39,40) d(38) d(5) d(35) r(32,65)
36; 27; d(36) r(38,78) a(39,39) r(32,65)
37; 45; a(38,128) d(32) r(32,133) d(38) r(29,48) r(38,65) a(39,36) d(35) r(39,40) d(38) d(5) d(35) d(31) r(36,61) d(32) r(37,5)
38; 1, 41; d(39) d(38) r(29,48) a(7,60) r(7,92) r(6,73) r(35,36) r(7,92) r(39,104) d(35) d(31) d(5) d(35) d(32) r(32,133) r(39,93) r(37,44) a(7,78) a(7,162) a(31,90) a(37,60) r(6,145) r(29,73)
39; 1, 41; d(36) d(38) d(37) d(36) r(32,96) d(5)
40; 1; d(39) d(38) r(29,48) a(7,60) r(7,92) r(6,73) r(35,36) r(7,92) d(38) d(37) d(36) r(32,96) d(5)
41; 41; d(36) r(39,104) d(35) d(31) d(5) d(35) d(32) r(32,133) r(39,93) r(37,44) a(7,78) a(7,162) a(31,90) a(37,60) r(6,145) r(29,73)
42; 30, 46; d(39) d(38) r(29,48) a(7,60) r(7,92) r(6,73) r(35,36) r(7,92) d(38) d(37) d(36) r(32,96) r(5,46) r(38,65) a(39,36) d(35) r(39,40) d(38) d(5) d(35) d(31) r(36,61) d(32) r(37,5)
43; 30, 46; d(39) d(38) r(29,48)
44; 30; d(39) d(38) r(29,48) a(7,60) r(7,92) r(6,73) r(35,36) r(7,92) d(38) d(37) d(36) r(32,96) r(5,46)
45; 46; d(39) d(38) r(29,48) r(38,65) a(39,36) d(35) r(39,40) d(38) d(5) d(35) d(31) r(36,61) d(32) r(37,5)
46; 35, 46; a(38,128) d(32) r(32,133) r(39,93) a(39,36) d(35) r(39,40) d(38) d(5) d(35) d(31) r(36,61) d(32) r(37,5)
47; 35, 46; d(39) d(38) r(29,48) r(38,65) r(37,44) a(29,76) a(36,125) d(36) d(6)
48; 35; a(38,128) d(32) r(32,133) r(39,93) r(37,44) a(29,76) a(36,125) d(36) d(6)
49; 46; d(39) d(38) r(29,48) r(38,65) a(39,36) d(35) r(39,40) d(38) d(5) d(35) d(31) r(36,61) d(32) r(37,5)
50; 10, 2; r(29,91) r(32,133) r(39,93) a(6,44) r(36,72) r(38,128) a(37,47) a(6,104) a(31,90) r(29,65) r(32,38) d(38) r(7,92) a(37,42) d(6) a(5,61) d(37)
51; 10, 2; d(36) r(39,104) a(7,162)
52; 10; r(29,91) r(32,133) r(39,93) a(6,44) r(36,72) r(38,128) a(37,47) a(6,104)
53; 2; d(36) r(39,104) a(7,162) a(31,90) r(29,65) r(32,38) d(38) r(7,92) a(37,42) d(6) a(5,61) d(37)
54; 34; d(39) d(38) r(29,48) r(38,65) a(39,36) d(35) r(39,40) d(38) d(5) d(35) d(31) r(36,61) a(37,90) d(32) d(37)
55; 33; a(35,72) a(32,101) d(39) d(38)
56; 50; d(39) d(38) r(29,48) r(38,65) a(39,36) d(35) a(38,82) d(38) d(39) r(32,42) d(6) r(5,162) d(36) d(37)
57; 51; d(36) r(39,104) a(7,162) a(31,90) r(29,65) r(32,38) d(38) r(7,92) a(37,42) a(6,124) r(5,47) d(37)
58; 1; d(39) d(38) r(29,48) a(7,60) r(7,92) r(6,73) r(35,36) r(7,92) d(38) d(37) d(36) r(32,96) d(5)
59; 46; d(39) d(38) r(29,48) r(38,65) a(39,36) d(35) r(39,40) d(38) d(5) d(35) d(31) r(36,61) d(32) r(37,5)
--------------------------------------------------------------------------------
Mutation

0; d(36) r(39,104) a(7,162) a(31,90) r(29,65) r(32,38) d(38) r(7,92) a(37,42) d(6) a(5,61) a(7,78) a(7,162) a(31,90) a(37,60) r(6,145) r(31,5) d(36) a(37,128)
1; a(38,128) d(32) r(32,133) r(39,93) r(37,44) d(37) r(5,93)
2; d(36) r(39,104) a(7,162) a(31,90) r(29,65) r(32,38) d(38) r(7,92) a(37,42) d(6) a(5,61) d(37) d(5)
3; a(38,128) d(32) r(32,133) r(39,93) r(37,44) a(7,78) a(7,162) a(31,90) a(37,60) r(6,145) r(31,5) d(36) a(5,40)
4; a(38,128) d(32) r(32,133) r(39,93) r(37,44) a(7,78) a(7,162) a(31,90) a(37,60) r(6,145) r(31,5) r(36,72) r(38,128) a(37,47) a(6,104) r(5,82)
5; r(29,91) r(32,133) r(39,93) a(6,44) r(29,49) a(7,47)
6; a(38,128) d(32) r(32,133) r(39,93) r(37,44) a(7,78) a(7,162) a(31,90) a(37,60) r(6,145) r(31,5) r(29,49) a(36,74)
7; r(29,91) r(32,133) r(39,93) a(6,44) r(36,72) r(38,128) a(37,47) a(6,104) a(6,52)
8; a(38,128) d(32) r(32,133) r(39,93) r(37,44) a(29,76) a(36,125) d(36) d(6) a(5,76)
9; d(39) d(38) r(29,48) a(7,60) r(7,92) r(6,73) r(35,36) d(32) r(37,60) d(36) r(5,133)
10; d(39) d(38) r(29,48) a(7,60) r(7,92) r(6,73) r(35,36) d(32) r(37,60) d(5) a(36,125)
11; d(36) r(39,104) a(7,162) a(31,90) r(29,65) r(32,38) d(38) r(7,92) a(37,42) d(6) a(5,61) d(37) a(5,162)
12; d(39) d(38) r(29,48) a(7,60) r(7,92) r(6,73) r(35,36) d(32) r(37,60) d(36) a(5,74)
13; d(36) r(39,104) d(39) a(38,35) d(5) r(31,61) r(38,48) r(39,104) a(7,162) a(31,90) r(29,65) r(32,38) d(38) r(7,92) a(37,42) d(6) d(37)
14; d(36) r(39,104) d(38) r(29,48) a(7,162) d(37) d(36) d(7) r(36,61) d(32) a(38,162) r(6,45) d(5)
15; d(39) d(38) r(29,48) a(7,60) r(7,92) r(6,73) r(35,36) r(7,92) d(38) d(37) d(36) r(32,96) r(5,46)
16; a(38,128) d(32) r(32,133) r(39,93) r(37,44) a(7,78) a(7,162) a(31,90) a(37,60) r(6,145) r(31,5) r(29,49) d(32) a(38,162) r(6,45) a(36,36)
17; d(36) r(39,104) d(38) r(29,48) a(7,162) d(37) d(36) d(7) r(36,61) r(32,124)
18; a(38,128) d(32) r(32,133) r(39,93) r(37,44) a(7,78) a(7,162) a(31,90) a(37,60) r(6,145) r(31,5) r(29,49) r(36,72)
19; d(36) r(39,104) d(38) r(29,48) a(7,162) d(37) d(36) d(7) r(36,61) d(32) a(38,162) r(6,45) r(5,74)
20; r(29,91) r(32,133) r(39,93) a(6,44) r(36,72) r(38,128) a(37,47) a(6,104) a(37,82)
21; a(38,128) d(32) r(32,133) r(39,93) r(37,44) a(29,76) a(36,125) a(6,76) d(31) d(5)
22; d(36) r(38,78) a(39,39) r(39,82) d(38) d(7)
23; a(35,72) a(32,101) d(39) a(6,124) a(32,108) a(6,32) r(29,60) r(5,160) r(35,76) r(32,163)
24; d(36) r(38,78) a(39,39) r(39,82) a(6,124) a(32,108) a(6,32) r(29,60) r(5,160) r(35,76) r(32,108)
25; a(35,72) a(32,101) d(39) d(38) d(31)
26; d(36) r(39,104) d(39) a(38,35) d(5) r(31,61) r(38,48) r(39,104) a(7,162) a(31,90) r(29,65) r(32,133) r(39,93) r(37,44) a(29,76) a(36,125) a(6,76)
27; r(29,91) r(32,133) r(39,93) a(6,44) r(36,72) r(38,128) a(37,47) d(7) a(6,133)
28; d(39) d(38) r(29,48) r(38,65) a(39,36) d(35) r(39,40) r(29,48) a(7,60) r(7,92) r(6,73) r(35,36) a(32,101) d(36) a(37,39) d(37)
29; d(39) d(38) d(38) d(5) a(7,162) a(31,90) r(29,65) r(32,38) d(38) r(7,92) a(37,42) a(6,124) d(36) a(37,42) a(37,74)
30; d(39) d(38) r(29,48) r(38,65) a(39,36) d(35) r(39,40) d(38) d(5) a(7,162) a(31,90) r(29,65) r(32,38) d(38) r(7,92) a(37,42) a(6,124) d(36) a(37,42) a(37,125)
31; d(39) d(38) r(29,48) a(7,60) r(7,92) r(6,73) r(35,36) a(32,101) d(36) a(37,39) a(37,48)
32; d(39) d(38) r(29,48) r(38,65) a(39,36) d(35) a(38,82) d(38) d(29) d(39) d(7) d(38) r(37,65) r(32,104) a(5,160) d(5) a(36,65)
33; d(39) d(38) r(29,48) r(38,65) a(39,36) d(35) r(39,40) d(38) d(5) a(7,162) a(31,90) r(29,65) r(32,38) d(38) r(7,92) a(37,42) a(6,124) d(36) a(37,42) a(37,128)
34; d(36) r(38,78) a(39,39) d(31) r(36,61) d(32) r(37,5) d(7)
35; a(38,128) d(32) r(32,133) d(38) r(29,48) r(38,65) a(39,36) d(35) r(39,40) d(38) d(5) d(35) r(32,65) d(37)
36; d(36) r(38,78) a(39,39) r(32,65) r(31,163)
37; a(38,128) d(32) r(32,133) d(38) r(29,48) r(38,65) a(39,36) d(35) r(39,40) d(38) d(5) d(35) d(31) r(36,61) d(32) r(37,5)
38; d(39) d(38) r(29,48) a(7,60) r(7,92) r(6,73) r(35,36) r(7,92) r(39,104) d(35) d(31) d(5) d(35) d(32) r(32,133) r(39,93) r(37,44) a(7,78) a(7,162) a(31,90) a(37,60) r(6,145) r(29,73) a(36,95)
39; d(36) d(38) d(37) d(36) r(32,96) d(5) d(29)
40; d(39) d(38) r(29,48) a(7,60) r(7,92) r(6,73) r(35,36) r(7,92) d(38) d(37) d(36) r(32,96) d(5)
41; d(36) r(39,104) d(35) d(31) d(5) d(35) d(32) r(32,133) r(39,93) r(37,44) a(7,78) a(7,162) a(31,90) a(37,60) r(6,145) r(29,73)
42; d(39) d(38) r(29,48) a(7,60) r(7,92) r(6,73) r(35,36) r(7,92) d(38) d(37) d(36) r(32,96) r(5,46) r(38,65) a(39,36) d(35) r(39,40) d(38) d(5) d(35) d(31) r(36,61) d(32) r(37,5)
43; d(39) d(38) r(29,48) d(7)
44; d(39) d(38) r(29,48) a(7,60) r(7,92) r(6,73) r(35,36) r(7,92) d(38) d(37) d(36) r(32,96) r(5,46)
45; d(39) d(38) r(29,48) r(38,65) a(39,36) d(35) r(39,40) d(38) d(5) d(35) d(31) r(36,61) d(32) r(37,5)
46; a(38,128) d(32) r(32,133) r(39,93) a(39,36) d(35) r(39,40) d(38) d(5) d(35) d(31) r(36,61) d(32) r(37,5) a(29,108)
47; d(39) d(38) r(29,48) r(38,65) r(37,44) a(29,76) a(36,125) d(36) d(6) r(32,163)
48; a(38,128) d(32) r(32,133) r(39,93) r(37,44) a(29,76) a(36,125) d(36) d(6) a(31,73)
49; d(39) d(38) r(29,48) r(38,65) a(39,36) d(35) r(39,40) d(38) d(5) d(35) d(31) r(36,61) d(32) r(37,5)
50; r(29,91) r(32,133) r(39,93) a(6,44) r(36,72) r(38,128) a(37,47) a(6,104) a(31,90) r(29,65) r(32,38) d(38) r(7,92) a(37,42) d(6) a(5,61) d(37) a(5,53)
51; d(36) r(39,104) a(7,162) a(38,82)
52; r(29,91) r(32,133) r(39,93) a(6,44) r(36,72) r(38,128) a(37,47) a(6,104) r(6,51)
53; d(36) r(39,104) a(7,162) a(31,90) r(29,65) r(32,38) d(38) r(7,92) a(37,42) d(6) a(5,61) d(37) a(5,61)
54; d(39) d(38) r(29,48) r(38,65) a(39,36) d(35) r(39,40) d(38) d(5) d(35) d(31) r(36,61) a(37,90) d(32) d(37)
55; a(35,72) a(32,101) d(39) d(38) r(29,5)
56; d(39) d(38) r(29,48) r(38,65) a(39,36) d(35) a(38,82) d(38) d(39) r(32,42) d(6) r(5,162) d(36) d(37)
57; d(36) r(39,104) a(7,162) a(31,90) r(29,65) r(32,38) d(38) r(7,92) a(37,42) a(6,124) r(5,47) d(37)
58; d(39) d(38) r(29,48) a(7,60) r(7,92) r(6,73) r(35,36) r(7,92) d(38) d(37) d(36) r(32,96) d(5)
59; d(39) d(38) r(29,48) r(38,65) a(39,36) d(35) r(39,40) d(38) d(5) d(35) d(31) r(36,61) d(32) r(37,5)
--------------------------------------------------------------------------------
Evaluation

0; 0.
1; 0.
2; 0.
3; 0.
4; 0.
5; 0.
6; 0.
7; 0.
8; 0.
9; 0.
10; 0.
11; 0.
12; 0.
13; 0.
14; 0.
15; 0.
16; 0.
17; 0.
18; 0.
19; 0.
20; 0.
21; 0.
22; 12.
23; 12.
24; 0.
25; 0.
26; 0.
27; 0.
28; 0.
29; 0.
30; 0.
31; 0.
32; 0.
33; 0.
34; 12.
35; 0.
36; 12.
37; 0.
38; 0.
39; 0.
40; 0.
41; 0.
42; 0.
43; 0.
44; 0.
45; 0.
46; 0.
47; 0.
48; 0.
49; 0.
50; 0.
51; 0.
52; 0.
53; 0.
54; 0.
55; 0.
56; 0.
57; 0.
58; 0.
59; 0.
