================================================================================
Enclosure

1: 0
2: 0
3: 0
4: 0
5: 0
6: 5
7: 6
8: 7
11: 5
12: 11
14: 0
16: 0
18: 0
19: 0
20: 19
21: 19
26: 11
27: 5
28: 5
29: 0
30: 29
31: 29
32: 0
33: 32
34: 32
35: 32
36: 0
37: 0
38: 37
39: 37
40: 37
41: 0
42: 0
43: 0
44: 0
45: 0
46: 45
47: 45
48: 45
49: 48
50: 48
51: 48
52: 51
53: 52
56: 45
57: 45
58: 57
60: 45
61: 45
63: 0
65: 63
66: 0
68: 0
71: 45
72: 0
73: 0
74: 73
75: 73
76: 75
78: 73
79: 73
80: 79
81: 79
82: 73
83: 73
85: 0
86: 0
90: 0
91: 90
92: 90
93: 92
95: 90
96: 90
98: 0
101: 0
102: 0
103: 102
104: 103
106: 102
107: 106
108: 106
109: 102
110: 102
111: 0
112: 111
113: 111
114: 113
115: 113
116: 115
117: 115
118: 113
119: 111
120: 0
121: 0
122: 121
123: 121
124: 123
125: 123
126: 121
128: 126
129: 121
130: 121
131: 121
132: 0
133: 0
134: 0
135: 134
136: 134
137: 134
138: 134
139: 134
140: 139
142: 139
143: 142
145: 142
146: 134
147: 146
148: 146
149: 148
150: 148
151: 148
152: 151
154: 146
155: 134
156: 155
157: 155
158: 157
159: 157
160: 155
161: 134
162: 134
163: 0
================================================================================
Initialisation

0; d(31); 4.
1; r(38,40); 4.
2; r(32,40); 0.
3; a(39,82); 4.
4; d(38); 4.
5; a(38,40); 4.
6; d(39); 4.
7; a(39,50); 4.
8; r(35,58); 0.
9; r(5,39); 0.
10; r(31,160); 4.
11; d(39); 4.
12; r(38,65); 4.
13; d(39); 4.
14; r(38,108); 4.
15; d(35); 0.
16; r(31,47); 0.
17; r(35,163); 12.
18; d(39); 4.
19; r(38,128); 4.
20; a(39,32); 4.
21; a(38,35); 4.
22; a(39,65); 4.
23; r(31,125); 4.
24; d(39); 4.
25; a(39,32); 4.
26; a(29,38); 4.
27; d(32); 0.
28; r(36,60); 0.
29; a(39,76); 4.
30; a(35,40); 4.
31; d(39); 4.
32; r(7,32); 12.
33; d(38); 4.
34; d(39); 4.
35; a(38,50); 4.
36; a(29,65); 4.
37; r(31,46); 4.
38; a(38,163); 4.
39; original; 4.
================================================================================
Generation 1

--------------------------------------------------------------------------------
Selection

0; 26
1; 2
2; 10
3; 2
4; 11
5; 11
6; 7
7; 16
8; 9
9; 0
10; 15
11; 7
12; 31
13; 22
14; 28
15; 8
16; 27
17; 9
18; 3
19; 26
20; 27
21; 31
22; 0
23; 38
24; 26
25; 9
26; 24
27; 8
28; 12
29; 5
30; 25
31; 9
32; 15
33; 16
34; 12
35; 28
36; 27
37; 22
38; 38
39; 11
--------------------------------------------------------------------------------
Crossover

0; 12; r(38,65)
1; 9; r(5,39)
2; 8, 9; r(35,58)
3; 8, 9; r(5,39)
4; 8; r(35,58)
5; 9; r(5,39)
6; 11; d(39)
7; 28; r(36,60)
8; 38; a(38,163)
9; 31; d(39)
10; 27; d(32)
11; 2; r(32,40)
12; 10; r(31,160)
13; 15; d(35)
14; 2, 24; r(32,40)
15; 2, 24; d(39)
16; 2; r(32,40)
17; 24; d(39)
18; 22, 28; a(39,65)
19; 22, 28; r(36,60)
20; 22; a(39,65)
21; 28; r(36,60)
22; 15; d(35)
23; 22; a(39,65)
24; 7, 31; a(39,50)
25; 7, 31; d(39)
26; 7; a(39,50)
27; 31; d(39)
28; 0; d(31)
29; 0; d(31)
30; 9; r(5,39)
31; 9; r(5,39)
32; 11, 38; d(39)
33; 11, 38; a(38,163)
34; 11; d(39)
35; 38; a(38,163)
36; 26, 26; a(29,38)
37; 26, 26; a(29,38)
38; 26; a(29,38)
39; 26; a(29,38)
40; 25, 27; a(39,32)
41; 25, 27; d(32)
42; 25; a(39,32)
43; 27; d(32)
44; 5, 8; a(38,40)
45; 5, 8; r(35,58)
46; 5; a(38,40)
47; 8; r(35,58)
48; 16; r(31,47)
49; 7; a(39,50)
50; 3; a(39,82)
51; 26; a(29,38)
52; 27; d(32)
53; 11; d(39)
54; 12, 16; r(38,65)
55; 12, 16; r(31,47)
56; 12; r(38,65)
57; 16; r(31,47)
--------------------------------------------------------------------------------
Mutation

0; r(38,65) r(39,5)
1; r(5,39) a(38,160)
2; r(35,58) r(39,104)
3; r(5,39) d(38)
4; r(35,58) r(38,48)
5; r(5,39) a(38,60)
6; d(39) r(38,104)
7; r(36,60) d(39)
8; a(38,163) r(36,42)
9; d(39) d(37)
10; d(32) a(5,162)
11; r(32,40) r(29,101)
12; r(31,160) a(7,51)
13; d(35) a(39,128)
14; r(32,40) r(39,82)
15; d(39) r(35,31)
16; r(32,40) d(39)
17; d(39) d(5)
18; a(39,65) r(29,133)
19; r(36,60) a(38,31)
20; a(39,65) r(39,93)
21; r(36,60) a(39,79)
22; d(35) r(6,128)
23; a(39,65) d(39)
24; a(39,50) r(35,43)
25; d(39) d(38)
26; a(39,50) d(31)
27; d(39) a(38,36)
28; d(31) d(38)
29; d(31) r(36,95)
30; r(5,39) a(38,66)
31; r(5,39) r(36,32)
32; d(39) d(37)
33; a(38,163) a(39,29)
34; d(39) a(31,95)
35; a(38,163) r(39,133)
36; a(29,38) r(38,96)
37; a(29,38) d(31)
38; a(29,38) d(39)
39; a(29,38) r(39,61)
40; a(39,32) a(38,53)
41; d(32) d(39)
42; a(39,32) a(31,47)
43; d(32) d(39)
44; a(38,40) d(38)
45; r(35,58) d(38)
46; a(38,40) r(38,49)
47; r(35,58) d(39)
48; r(31,47) a(39,32)
49; a(39,50) a(6,93)
50; a(39,82) d(38)
51; a(29,38) a(35,60)
52; d(32) d(38)
53; d(39) a(38,32)
54; r(38,65) r(36,46)
55; r(31,47) r(38,60)
56; r(38,65) a(6,35)
57; r(31,47) r(35,104)
--------------------------------------------------------------------------------
Evaluation

0; 4.
1; 0.
2; 0.
3; 0.
4; 0.
5; 0.
6; 4.
7; 0.
8; 12.
9; 4.
10; 0.
11; 12.
12; 4.
13; 0.
14; 0.
15; 0.
16; 0.
17; 4.
18; 0.
19; 0.
20; 4.
21; 0.
22; 0.
23; 4.
24; 0.
25; 4.
26; 4.
27; 4.
28; 4.
29; 0.
30; 0.
31; 0.
32; 4.
33; 4.
34; 4.
35; 4.
36; 4.
37; 4.
38; 4.
39; 4.
40; 4.
41; 0.
42; 0.
43; 0.
44; 4.
45; 0.
46; 4.
47; 0.
48; 0.
49; 4.
50; 4.
51; 4.
52; 0.
53; 4.
54; 0.
55; 0.
56; 4.
57; 0.
================================================================================
Generation 2

--------------------------------------------------------------------------------
Selection

0; 41
1; 43
2; 29
3; 4
4; 57
5; 45
6; 29
7; 16
8; 54
9; 25
10; 1
11; 15
12; 14
13; 52
14; 39
15; 54
16; 54
17; 54
18; 30
19; 36
20; 57
21; 39
22; 52
23; 21
24; 45
25; 43
26; 35
27; 47
28; 7
29; 23
30; 48
31; 29
32; 48
33; 7
34; 10
35; 4
36; 50
37; 22
38; 42
39; 9
--------------------------------------------------------------------------------
Crossover

0; 7, 45; r(36,60) d(38)
1; 7, 45; r(35,58) d(39)
2; 7; r(36,60) d(39)
3; 45; r(35,58) d(38)
4; 29; d(31) r(36,95)
5; 57; r(31,47) r(35,104)
6; 39, 14; a(29,38) r(39,61) r(39,82)
7; 39, 14; r(32,40)
8; 39; a(29,38) r(39,61)
9; 14; r(32,40) r(39,82)
10; 52; d(32) d(38)
11; 25; d(39) d(38)
12; 1, 54; r(5,39) a(38,160) r(36,46)
13; 1, 54; r(38,65)
14; 1; r(5,39) a(38,160)
15; 54; r(38,65) r(36,46)
16; 45, 57; r(35,58) r(35,104)
17; 45, 57; r(31,47) d(38)
18; 45; r(35,58) d(38)
19; 57; r(31,47) r(35,104)
20; 22, 50; d(35) d(38)
21; 22, 50; a(39,82) r(6,128)
22; 22; d(35) r(6,128)
23; 50; a(39,82) d(38)
24; 54, 10; r(38,65) r(36,46)
25; 54, 10; d(32) a(5,162)
26; 54; r(38,65) r(36,46)
27; 10; d(32) a(5,162)
28; 15, 42; d(39)
29; 15, 42; a(39,32) a(31,47) r(35,31)
30; 15; d(39) r(35,31)
31; 42; a(39,32) a(31,47)
32; 35; a(38,163) r(39,133)
33; 36; a(29,38) r(38,96)
34; 16, 39; r(32,40) r(39,61)
35; 16, 39; a(29,38) d(39)
36; 16; r(32,40) d(39)
37; 39; a(29,38) r(39,61)
38; 7, 9; r(36,60) d(39) d(37)
39; 7, 9; d(39)
40; 7; r(36,60) d(39)
41; 9; d(39) d(37)
42; 23, 47; a(39,65)
43; 23, 47; r(35,58) d(39) d(39)
44; 23; a(39,65) d(39)
45; 47; r(35,58) d(39)
46; 54; r(38,65) r(36,46)
47; 43; d(32) d(39)
48; 4, 4; r(35,58) r(38,48) r(38,48)
49; 4, 4; r(35,58)
50; 4; r(35,58) r(38,48)
51; 4; r(35,58) r(38,48)
52; 48, 54; r(31,47) a(39,32) r(36,46)
53; 48, 54; r(38,65)
54; 48; r(31,47) a(39,32)
55; 54; r(38,65) r(36,46)
56; 29, 21; d(31)
57; 29, 21; r(36,60) a(39,79) r(36,95)
58; 29; d(31) r(36,95)
59; 21; r(36,60) a(39,79)
60; 41; d(32) d(39)
61; 30; r(5,39) a(38,66)
62; 52, 48; d(32) d(38) a(39,32)
63; 52, 48; r(31,47)
64; 52; d(32) d(38)
65; 48; r(31,47) a(39,32)
66; 43; d(32) d(39)
67; 29; d(31) r(36,95)
--------------------------------------------------------------------------------
Mutation

0; r(36,60) d(38) a(39,154)
1; r(35,58) d(39) r(29,90)
2; r(36,60) d(39) d(38)
3; r(35,58) d(38) d(39)
4; d(31) r(36,95) r(38,53)
5; r(31,47) r(35,104) r(38,76)
6; a(29,38) r(39,61) r(39,82) d(38)
7; r(32,40) a(38,58)
8; a(29,38) r(39,61) a(31,160)
9; r(32,40) r(39,82) r(36,104)
10; d(32) d(38) r(39,74)
11; d(39) d(38) a(36,83)
12; r(5,39) a(38,160) r(36,46) d(39)
13; r(38,65) a(5,47)
14; r(5,39) a(38,160) a(38,61)
15; r(38,65) r(36,46) a(39,40)
16; r(35,58) r(35,104) d(39)
17; r(31,47) d(38) r(32,45)
18; r(35,58) d(38) a(39,154)
19; r(31,47) r(35,104) a(32,48)
20; d(35) d(38) r(5,128)
21; a(39,82) r(6,128) r(35,47)
22; d(35) r(6,128) a(38,46)
23; a(39,82) d(38) d(5)
24; r(38,65) r(36,46) d(7)
25; d(32) a(5,162) d(29)
26; r(38,65) r(36,46) r(39,74)
27; d(32) a(5,162) r(31,65)
28; d(39) d(38)
29; a(39,32) a(31,47) r(35,31) a(38,50)
30; d(39) r(35,31) a(32,82)
31; a(39,32) a(31,47) a(38,45)
32; a(38,163) r(39,133) r(38,65)
33; a(29,38) r(38,96) d(39)
34; r(32,40) r(39,61) a(29,124)
35; a(29,38) d(39) a(35,39)
36; r(32,40) d(39) a(36,37)
37; a(29,38) r(39,61) a(38,65)
38; r(36,60) d(39) d(37) r(35,104)
39; d(39) d(29)
40; r(36,60) d(39) a(38,79)
41; d(39) d(37) r(32,56)
42; a(39,65) r(6,43)
43; r(35,58) d(39) d(39) a(38,44)
44; a(39,65) d(39) d(31)
45; r(35,58) d(39) d(29)
46; r(38,65) r(36,46) d(39)
47; d(32) d(39) d(38)
48; r(35,58) r(38,48) r(38,48) d(37)
49; r(35,58) r(39,104)
50; r(35,58) r(38,48) r(39,95)
51; r(35,58) r(38,48) d(39)
52; r(31,47) a(39,32) r(36,46) d(39)
53; r(38,65) d(31)
54; r(31,47) a(39,32) r(38,128)
55; r(38,65) r(36,46) r(39,90)
56; d(31) d(5)
57; r(36,60) a(39,79) r(36,95) d(38)
58; d(31) r(36,95) d(38)
59; r(36,60) a(39,79) d(39)
60; d(32) d(39) r(38,96)
61; r(5,39) a(38,66) a(38,133)
62; d(32) d(38) a(39,32) d(31)
63; r(31,47) r(39,128)
64; d(32) d(38) d(39)
65; r(31,47) a(39,32) d(38)
66; d(32) d(39) r(37,42)
67; d(31) r(36,95) d(5)
--------------------------------------------------------------------------------
Evaluation

0; 0.
1; 0.
2; 0.
3; 0.
4; 0.
5; 0.
6; 4.
7; 0.
8; 4.
9; 0.
10; 0.
11; 4.
12; 0.
13; 0.
14; 0.
15; 0.
16; 0.
17; 0.
18; 0.
19; 0.
20; 0.
21; 0.
22; 0.
23; 4.
24; 12.
25; 0.
26; 0.
27; 0.
28; 4.
29; 0.
30; 0.
31; 0.
32; 4.
33; 4.
34; 12.
35; 0.
36; 0.
37; 4.
38; 0.
39; 4.
40; 0.
41; 0.
42; 0.
43; 0.
44; 4.
45; 0.
46; 0.
47; 0.
48; 0.
49; 0.
50; 0.
51; 0.
52; 0.
53; 4.
54; 0.
55; 0.
56; 4.
57; 0.
58; 0.
59; 0.
60; 0.
61; 0.
62; 0.
63; 0.
64; 0.
65; 0.
66; 0.
67; 0.
================================================================================
Generation 3

--------------------------------------------------------------------------------
Selection

0; 26
1; 64
2; 49
3; 6
4; 49
5; 57
6; 52
7; 45
8; 4
9; 25
10; 42
11; 12
12; 59
13; 57
14; 48
15; 46
16; 44
17; 57
18; 14
19; 36
20; 47
21; 64
22; 30
23; 0
24; 19
25; 15
26; 3
27; 13
28; 57
29; 1
30; 18
31; 46
32; 21
33; 26
34; 31
35; 41
36; 47
37; 16
38; 66
39; 27
--------------------------------------------------------------------------------
Crossover

0; 64, 49; d(32) d(38)
1; 64, 49; r(35,58) r(39,104) d(39)
2; 64; d(32) d(38) d(39)
3; 49; r(35,58) r(39,104)
4; 6; a(29,38) r(39,61) r(39,82) d(38)
5; 36; r(32,40) d(39) a(36,37)
6; 15, 18; r(38,65) d(38) a(39,154)
7; 15, 18; r(35,58) r(36,46) a(39,40)
8; 15; r(38,65) r(36,46) a(39,40)
9; 18; r(35,58) d(38) a(39,154)
10; 47; d(32) d(39) d(38)
11; 47; d(32) d(39) d(38)
12; 1; r(35,58) d(39) r(29,90)
13; 49; r(35,58) r(39,104)
14; 13; r(38,65) a(5,47)
15; 64; d(32) d(38) d(39)
16; 44, 16; a(39,65) d(39) d(31) d(39)
17; 44, 16; r(35,58) r(35,104)
18; 44; a(39,65) d(39) d(31)
19; 16; r(35,58) r(35,104) d(39)
20; 52; r(31,47) a(39,32) r(36,46) d(39)
21; 26; r(38,65) r(36,46) r(39,74)
22; 14, 31; r(5,39) a(38,45)
23; 14, 31; a(39,32) a(31,47) a(38,160) a(38,61)
24; 14; r(5,39) a(38,160) a(38,61)
25; 31; a(39,32) a(31,47) a(38,45)
26; 19; r(31,47) r(35,104) a(32,48)
27; 57; r(36,60) a(39,79) r(36,95) d(38)
28; 12, 45; r(5,39) a(38,160) d(39) d(29)
29; 12, 45; r(35,58) r(36,46) d(39)
30; 12; r(5,39) a(38,160) r(36,46) d(39)
31; 45; r(35,58) d(39) d(29)
32; 66; d(32) d(39) r(37,42)
33; 0; r(36,60) d(38) a(39,154)
34; 48, 57; r(35,58) a(39,79) r(36,95) d(38)
35; 48, 57; r(36,60) r(38,48) r(38,48) d(37)
36; 48; r(35,58) r(38,48) r(38,48) d(37)
37; 57; r(36,60) a(39,79) r(36,95) d(38)
38; 4; d(31) r(36,95) r(38,53)
39; 59; r(36,60) a(39,79) d(39)
40; 21, 46; a(39,82) r(6,128)
41; 21, 46; r(38,65) r(36,46) d(39) r(35,47)
42; 21; a(39,82) r(6,128) r(35,47)
43; 46; r(38,65) r(36,46) d(39)
44; 3; r(35,58) d(38) d(39)
45; 30; d(39) r(35,31) a(32,82)
46; 42, 46; a(39,65) r(6,43)
47; 42, 46; r(38,65) r(36,46) d(39)
48; 42; a(39,65) r(6,43)
49; 46; r(38,65) r(36,46) d(39)
50; 41; d(39) d(37) r(32,56)
51; 57; r(36,60) a(39,79) r(36,95) d(38)
52; 57; r(36,60) a(39,79) r(36,95) d(38)
53; 27; d(32) a(5,162) r(31,65)
54; 26, 25; r(38,65) r(36,46) r(39,74) d(29)
55; 26, 25; d(32) a(5,162)
56; 26; r(38,65) r(36,46) r(39,74)
57; 25; d(32) a(5,162) d(29)
--------------------------------------------------------------------------------
Mutation

0; d(32) d(38) r(39,82)
1; r(35,58) r(39,104) d(39) d(38)
2; d(32) d(38) d(39) r(29,108)
3; r(35,58) r(39,104) d(36)
4; a(29,38) r(39,61) r(39,82) d(38) r(36,5)
5; r(32,40) d(39) a(36,37) a(29,56)
6; r(38,65) d(38) a(39,154) d(39)
7; r(35,58) r(36,46) a(39,40) a(39,5)
8; r(38,65) r(36,46) a(39,40) a(6,65)
9; r(35,58) d(38) a(39,154) a(39,36)
10; d(32) d(39) d(38) r(31,82)
11; d(32) d(39) d(38) a(37,37)
12; r(35,58) d(39) r(29,90) r(38,29)
13; r(35,58) r(39,104) a(38,74)
14; r(38,65) a(5,47) a(29,78)
15; d(32) d(38) d(39) d(31)
16; a(39,65) d(39) d(31) d(39) r(38,40)
17; r(35,58) r(35,104) r(29,104)
18; a(39,65) d(39) d(31) r(5,160)
19; r(35,58) r(35,104) d(39) d(5)
20; r(31,47) a(39,32) r(36,46) d(39) d(38)
21; r(38,65) r(36,46) r(39,74) r(6,128)
22; r(5,39) a(38,45) a(37,32)
23; a(39,32) a(31,47) a(38,160) a(38,61) r(39,61)
24; r(5,39) a(38,160) a(38,61) a(38,160)
25; a(39,32) a(31,47) a(38,45) r(35,73)
26; r(31,47) r(35,104) a(32,48) a(32,90)
27; r(36,60) a(39,79) r(36,95) d(38) r(39,50)
28; r(5,39) a(38,160) d(39) d(29) a(32,74)
29; r(35,58) r(36,46) d(39) a(38,56)
30; r(5,39) a(38,160) r(36,46) d(39) r(38,125)
31; r(35,58) d(39) d(29) d(5)
32; d(32) d(39) r(37,42) a(31,90)
33; r(36,60) d(38) a(39,154) d(39)
34; r(35,58) a(39,79) r(36,95) d(38) r(39,29)
35; r(36,60) r(38,48) r(38,48) d(37) a(29,66)
36; r(35,58) r(38,48) r(38,48) d(37) r(32,124)
37; r(36,60) a(39,79) r(36,95) d(38) d(39)
38; d(31) r(36,95) r(38,53) d(39)
39; r(36,60) a(39,79) d(39) a(38,60)
40; a(39,82) r(6,128) r(38,79)
41; r(38,65) r(36,46) d(39) r(35,47) r(29,83)
42; a(39,82) r(6,128) r(35,47) d(39)
43; r(38,65) r(36,46) d(39) r(32,101)
44; r(35,58) d(38) d(39) a(7,82)
45; d(39) r(35,31) a(32,82) r(29,60)
46; a(39,65) r(6,43) r(31,160)
47; r(38,65) r(36,46) d(39) d(32)
48; a(39,65) r(6,43) d(37)
49; r(38,65) r(36,46) d(39) r(29,154)
50; d(39) d(37) r(32,56) r(7,61)
51; r(36,60) a(39,79) r(36,95) d(38) a(39,49)
52; r(36,60) a(39,79) r(36,95) d(38) r(39,73)
53; d(32) a(5,162) r(31,65) d(36)
54; r(38,65) r(36,46) r(39,74) d(29) a(6,101)
55; d(32) a(5,162) r(39,80)
56; r(38,65) r(36,46) r(39,74) d(37)
57; d(32) a(5,162) d(29) a(38,46)
--------------------------------------------------------------------------------
Evaluation

0; 0.
1; 0.
2; 0.
3; 0.
4; 0.
5; 0.
6; 4.
7; 0.
8; 0.
9; 0.
10; 0.
11; 0.
12; 0.
13; 0.
14; 0.
15; 0.
16; 4.
17; 0.
18; 4.
19; 0.
20; 0.
21; 0.
22; 0.
23; 0.
24; 0.
25; 0.
26; 0.
27; 12.
28; 0.
29; 0.
30; 0.
31; 0.
32; 0.
33; 0.
34; 12.
35; 0.
36; 12.
37; 12.
38; 0.
39; 12.
40; 0.
41; 0.
42; 0.
43; 12.
44; 0.
45; 0.
46; 0.
47; 0.
48; 0.
49; 0.
50; 12.
51; 0.
52; 0.
53; 0.
54; 0.
55; 0.
56; 0.
57; 0.
================================================================================
Generation 4

--------------------------------------------------------------------------------
Selection

0; 14
1; 8
2; 6
3; 44
4; 57
5; 23
6; 53
7; 8
8; 41
9; 19
10; 52
11; 8
12; 12
13; 52
14; 53
15; 0
16; 12
17; 35
18; 31
19; 33
20; 31
21; 5
22; 9
23; 38
24; 18
25; 24
26; 47
27; 5
28; 35
29; 40
30; 37
31; 57
32; 44
33; 35
34; 33
35; 25
36; 10
37; 7
38; 40
39; 8
--------------------------------------------------------------------------------
Crossover

0; 53, 40; d(32) a(5,162) r(31,65) r(6,128) r(38,79)
1; 53, 40; a(39,82) d(36)
2; 53; d(32) a(5,162) r(31,65) d(36)
3; 40; a(39,82) r(6,128) r(38,79)
4; 47; r(38,65) r(36,46) d(39) d(32)
5; 9; r(35,58) d(38) a(39,154) a(39,36)
6; 18, 8; a(39,65) d(39) d(31) r(5,160) a(39,40) a(6,65)
7; 18, 8; r(38,65) r(36,46)
8; 18; a(39,65) d(39) d(31) r(5,160)
9; 8; r(38,65) r(36,46) a(39,40) a(6,65)
10; 33; r(36,60) d(38) a(39,154) d(39)
11; 52; r(36,60) a(39,79) r(36,95) d(38) r(39,73)
12; 38, 24; d(31) r(36,95) r(38,53) d(39) a(38,160) a(38,61) a(38,160)
13; 38, 24; r(5,39)
14; 38; d(31) r(36,95) r(38,53) d(39)
15; 24; r(5,39) a(38,160) a(38,61) a(38,160)
16; 33, 5; r(36,60) d(38) a(39,154)
17; 33, 5; r(32,40) d(39) a(36,37) a(29,56) d(39)
18; 33; r(36,60) d(38) a(39,154) d(39)
19; 5; r(32,40) d(39) a(36,37) a(29,56)
20; 57; d(32) a(5,162) d(29) a(38,46)
21; 12; r(35,58) d(39) r(29,90) r(38,29)
22; 14; r(38,65) a(5,47) a(29,78)
23; 7; r(35,58) r(36,46) a(39,40) a(39,5)
24; 25; a(39,32) a(31,47) a(38,45) r(35,73)
25; 12; r(35,58) d(39) r(29,90) r(38,29)
26; 5, 53; r(32,40) d(39) r(31,65) d(36)
27; 5, 53; d(32) a(5,162) a(36,37) a(29,56)
28; 5; r(32,40) d(39) a(36,37) a(29,56)
29; 53; d(32) a(5,162) r(31,65) d(36)
30; 8; r(38,65) r(36,46) a(39,40) a(6,65)
31; 8; r(38,65) r(36,46) a(39,40) a(6,65)
32; 41, 37; r(38,65) r(36,46) d(39) r(35,47) r(29,83) d(39)
33; 41, 37; r(36,60) a(39,79) r(36,95) d(38)
34; 41; r(38,65) r(36,46) d(39) r(35,47) r(29,83)
35; 37; r(36,60) a(39,79) r(36,95) d(38) d(39)
36; 8; r(38,65) r(36,46) a(39,40) a(6,65)
37; 35; r(36,60) r(38,48) r(38,48) d(37) a(29,66)
38; 10; d(32) d(39) d(38) r(31,82)
39; 35; r(36,60) r(38,48) r(38,48) d(37) a(29,66)
40; 52; r(36,60) a(39,79) r(36,95) d(38) r(39,73)
41; 35; r(36,60) r(38,48) r(38,48) d(37) a(29,66)
42; 31; r(35,58) d(39) d(29) d(5)
43; 19; r(35,58) r(35,104) d(39) d(5)
44; 0; d(32) d(38) r(39,82)
45; 44; r(35,58) d(38) d(39) a(7,82)
46; 57, 40; d(32) a(5,162) d(29) a(38,46) r(6,128) r(38,79)
47; 57, 40; a(39,82)
48; 57; d(32) a(5,162) d(29) a(38,46)
49; 40; a(39,82) r(6,128) r(38,79)
50; 44, 23; r(35,58) d(38) d(39) a(38,61) r(39,61)
51; 44, 23; a(39,32) a(31,47) a(38,160) a(7,82)
52; 44; r(35,58) d(38) d(39) a(7,82)
53; 23; a(39,32) a(31,47) a(38,160) a(38,61) r(39,61)
54; 6; r(38,65) d(38) a(39,154) d(39)
55; 31; r(35,58) d(39) d(29) d(5)
--------------------------------------------------------------------------------
Mutation

0; d(32) a(5,162) r(31,65) r(6,128) r(38,79) d(39)
1; a(39,82) d(36) r(29,82)
2; d(32) a(5,162) r(31,65) d(36) a(39,41)
3; a(39,82) r(6,128) r(38,79) a(37,80)
4; r(38,65) r(36,46) d(39) d(32) a(6,79)
5; r(35,58) d(38) a(39,154) a(39,36) d(39)
6; a(39,65) d(39) d(31) r(5,160) a(39,40) a(6,65) r(38,40)
7; r(38,65) r(36,46) r(39,163)
8; a(39,65) d(39) d(31) r(5,160) a(38,162)
9; r(38,65) r(36,46) a(39,40) a(6,65) a(7,32)
10; r(36,60) d(38) a(39,154) d(39) a(37,31)
11; r(36,60) a(39,79) r(36,95) d(38) r(39,73) a(35,93)
12; d(31) r(36,95) r(38,53) d(39) a(38,160) a(38,61) a(38,160) r(29,101)
13; r(5,39) a(38,65)
14; d(31) r(36,95) r(38,53) d(39) d(37)
15; r(5,39) a(38,160) a(38,61) a(38,160) r(39,32)
16; r(36,60) d(38) a(39,154) r(39,46)
17; r(32,40) d(39) a(36,37) a(29,56) d(39) a(38,46)
18; r(36,60) d(38) a(39,154) d(39) r(29,42)
19; r(32,40) d(39) a(36,37) a(29,56) r(38,93)
20; d(32) a(5,162) d(29) a(38,46) r(36,124)
21; r(35,58) d(39) r(29,90) r(38,29) a(37,80)
22; r(38,65) a(5,47) a(29,78) r(29,163)
23; r(35,58) r(36,46) a(39,40) a(39,5) d(38)
24; a(39,32) a(31,47) a(38,45) r(35,73) r(38,124)
25; r(35,58) d(39) r(29,90) r(38,29) r(36,46)
26; r(32,40) d(39) r(31,65) d(36) r(37,53)
27; d(32) a(5,162) a(36,37) a(29,56) d(39)
28; r(32,40) d(39) a(36,37) a(29,56) r(7,49)
29; d(32) a(5,162) r(31,65) d(36) r(38,79)
30; r(38,65) r(36,46) a(39,40) a(6,65) a(39,44)
31; r(38,65) r(36,46) a(39,40) a(6,65) r(35,38)
32; r(38,65) r(36,46) d(39) r(35,47) r(29,83) d(39) r(32,93)
33; r(36,60) a(39,79) r(36,95) d(38) a(39,125)
34; r(38,65) r(36,46) d(39) r(35,47) r(29,83) a(32,93)
35; r(36,60) a(39,79) r(36,95) d(38) d(39) r(35,37)
36; r(38,65) r(36,46) a(39,40) a(6,65) r(6,66)
37; r(36,60) r(38,48) r(38,48) d(37) a(29,66) d(5)
38; d(32) d(39) d(38) r(31,82) a(29,37)
39; r(36,60) r(38,48) r(38,48) d(37) a(29,66) d(32)
40; r(36,60) a(39,79) r(36,95) d(38) r(39,73) r(32,91)
41; r(36,60) r(38,48) r(38,48) d(37) a(29,66) a(6,44)
42; r(35,58) d(39) d(29) d(5) r(38,61)
43; r(35,58) r(35,104) d(39) d(5) a(38,76)
44; d(32) d(38) r(39,82) a(37,65)
45; r(35,58) d(38) d(39) a(7,82) a(37,56)
46; d(32) a(5,162) d(29) a(38,46) r(6,128) r(38,79) d(39)
47; a(39,82) r(38,91)
48; d(32) a(5,162) d(29) a(38,46) r(39,48)
49; a(39,82) r(6,128) r(38,79) r(5,82)
50; r(35,58) d(38) d(39) a(38,61) r(39,61) a(29,154)
51; a(39,32) a(31,47) a(38,160) a(7,82) a(38,163)
52; r(35,58) d(38) d(39) a(7,82) r(36,29)
53; a(39,32) a(31,47) a(38,160) a(38,61) r(39,61) r(37,80)
54; r(38,65) d(38) a(39,154) d(39) d(31)
55; r(35,58) d(39) d(29) d(5) d(38)
--------------------------------------------------------------------------------
Evaluation

0; 0.
1; 0.
2; 0.
3; 0.
4; 0.
5; 0.
6; 4.
7; 12.
8; 4.
9; 0.
10; 0.
11; 0.
12; 12.
13; 0.
14; 0.
15; 0.
16; 0.
17; 0.
18; 0.
19; 0.
20; 12.
21; 0.
22; 0.
23; 0.
24; 0.
25; 0.
26; 0.
27; 0.
28; 0.
29; 12.
30; 0.
31; 0.
32; 0.
33; 0.
34; 0.
35; 0.
36; 0.
37; 0.
38; 0.
39; 0.
40; 0.
41; 0.
42; 0.
43; 0.
44; 0.
45; 0.
46; 0.
47; 4.
48; 0.
49; 4.
50; 0.
51; 0.
52; 0.
53; 0.
54; 4.
55; 0.
================================================================================
Generation 5

--------------------------------------------------------------------------------
Selection

0; 48
1; 30
2; 1
3; 34
4; 4
5; 18
6; 9
7; 25
8; 37
9; 40
10; 22
11; 52
12; 52
13; 17
14; 51
15; 9
16; 51
17; 15
18; 53
19; 23
20; 41
21; 13
22; 51
23; 19
24; 36
25; 55
26; 0
27; 18
28; 16
29; 48
30; 4
31; 52
32; 41
33; 27
34; 17
35; 22
36; 1
37; 50
38; 32
39; 34
--------------------------------------------------------------------------------
Crossover

0; 18; r(36,60) d(38) a(39,154) d(39) r(29,42)
1; 53; a(39,32) a(31,47) a(38,160) a(38,61) r(39,61) r(37,80)
2; 37, 52; r(36,60) r(38,48) r(38,48) d(37) a(29,66) d(5) r(36,29)
3; 37, 52; r(35,58) d(38) d(39) a(7,82)
4; 37; r(36,60) r(38,48) r(38,48) d(37) a(29,66) d(5)
5; 52; r(35,58) d(38) d(39) a(7,82) r(36,29)
6; 32; r(38,65) r(36,46) d(39) r(35,47) r(29,83) d(39) r(32,93)
7; 36; r(38,65) r(36,46) a(39,40) a(6,65) r(6,66)
8; 4; r(38,65) r(36,46) d(39) d(32) a(6,79)
9; 48; d(32) a(5,162) d(29) a(38,46) r(39,48)
10; 17; r(32,40) d(39) a(36,37) a(29,56) d(39) a(38,46)
11; 16; r(36,60) d(38) a(39,154) r(39,46)
12; 40, 55; r(36,60) a(39,79) r(36,95) d(38) r(39,73) r(32,91) d(38)
13; 40, 55; r(35,58) d(39) d(29) d(5)
14; 40; r(36,60) a(39,79) r(36,95) d(38) r(39,73) r(32,91)
15; 55; r(35,58) d(39) d(29) d(5) d(38)
16; 30, 0; r(38,65) r(36,46) r(31,65) r(6,128) r(38,79) d(39)
17; 30, 0; d(32) a(5,162) a(39,40) a(6,65) a(39,44)
18; 30; r(38,65) r(36,46) a(39,40) a(6,65) a(39,44)
19; 0; d(32) a(5,162) r(31,65) r(6,128) r(38,79) d(39)
20; 48; d(32) a(5,162) d(29) a(38,46) r(39,48)
21; 51; a(39,32) a(31,47) a(38,160) a(7,82) a(38,163)
22; 13, 27; r(5,39)
23; 13, 27; d(32) a(5,162) a(36,37) a(29,56) d(39) a(38,65)
24; 13; r(5,39) a(38,65)
25; 27; d(32) a(5,162) a(36,37) a(29,56) d(39)
26; 25, 22; r(35,58) d(39) r(29,90) r(38,29) a(5,47) a(29,78) r(29,163)
27; 25, 22; r(38,65) r(36,46)
28; 25; r(35,58) d(39) r(29,90) r(38,29) r(36,46)
29; 22; r(38,65) a(5,47) a(29,78) r(29,163)
30; 9, 41; r(38,65) r(36,46) a(39,40) a(6,65) a(7,32) a(29,66) a(6,44)
31; 9, 41; r(36,60) r(38,48) r(38,48) d(37)
32; 9; r(38,65) r(36,46) a(39,40) a(6,65) a(7,32)
33; 41; r(36,60) r(38,48) r(38,48) d(37) a(29,66) a(6,44)
34; 51; a(39,32) a(31,47) a(38,160) a(7,82) a(38,163)
35; 23; r(35,58) r(36,46) a(39,40) a(39,5) d(38)
36; 52; r(35,58) d(38) d(39) a(7,82) r(36,29)
37; 51; a(39,32) a(31,47) a(38,160) a(7,82) a(38,163)
38; 1; a(39,82) d(36) r(29,82)
39; 18; r(36,60) d(38) a(39,154) d(39) r(29,42)
40; 50; r(35,58) d(38) d(39) a(38,61) r(39,61) a(29,154)
41; 9; r(38,65) r(36,46) a(39,40) a(6,65) a(7,32)
42; 19; r(32,40) d(39) a(36,37) a(29,56) r(38,93)
43; 34; r(38,65) r(36,46) d(39) r(35,47) r(29,83) a(32,93)
44; 34, 17; r(38,65) r(36,46) d(39) r(35,47) r(29,83) d(39) a(36,37) a(29,56) d(39) a(38,46)
45; 34, 17; r(32,40) a(32,93)
46; 34; r(38,65) r(36,46) d(39) r(35,47) r(29,83) a(32,93)
47; 17; r(32,40) d(39) a(36,37) a(29,56) d(39) a(38,46)
48; 52, 4; r(35,58) d(38) d(39) a(7,82) d(39) d(32) a(6,79)
49; 52, 4; r(38,65) r(36,46) r(36,29)
50; 52; r(35,58) d(38) d(39) a(7,82) r(36,29)
51; 4; r(38,65) r(36,46) d(39) d(32) a(6,79)
52; 22, 15; r(38,65) a(5,47) a(38,160) a(38,61) a(38,160) r(39,32)
53; 22, 15; r(5,39) a(29,78) r(29,163)
54; 22; r(38,65) a(5,47) a(29,78) r(29,163)
55; 15; r(5,39) a(38,160) a(38,61) a(38,160) r(39,32)
56; 1; a(39,82) d(36) r(29,82)
57; 41; r(36,60) r(38,48) r(38,48) d(37) a(29,66) a(6,44)
--------------------------------------------------------------------------------
Mutation

0; r(36,60) d(38) a(39,154) d(39) r(29,42) a(5,31)
1; a(39,32) a(31,47) a(38,160) a(38,61) r(39,61) r(37,80) r(5,53)
2; r(36,60) r(38,48) r(38,48) d(37) a(29,66) d(5) r(36,29) a(29,78)
3; r(35,58) d(38) d(39) a(7,82) r(5,66)
4; r(36,60) r(38,48) r(38,48) d(37) a(29,66) d(5) d(29)
5; r(35,58) d(38) d(39) a(7,82) r(36,29) a(5,76)
6; r(38,65) r(36,46) d(39) r(35,47) r(29,83) d(39) r(32,93) d(37)
7; r(38,65) r(36,46) a(39,40) a(6,65) r(6,66) d(39)
8; r(38,65) r(36,46) d(39) d(32) a(6,79) a(29,36)
9; d(32) a(5,162) d(29) a(38,46) r(39,48) a(6,160)
10; r(32,40) d(39) a(36,37) a(29,56) d(39) a(38,46) d(7)
11; r(36,60) d(38) a(39,154) r(39,46) d(35)
12; r(36,60) a(39,79) r(36,95) d(38) r(39,73) r(32,91) d(38) a(37,73)
13; r(35,58) d(39) d(29) d(5) d(38)
14; r(36,60) a(39,79) r(36,95) d(38) r(39,73) r(32,91) d(7)
15; r(35,58) d(39) d(29) d(5) d(38) r(32,47)
16; r(38,65) r(36,46) r(31,65) r(6,128) r(38,79) d(39) r(35,44)
17; d(32) a(5,162) a(39,40) a(6,65) a(39,44) r(38,56)
18; r(38,65) r(36,46) a(39,40) a(6,65) a(39,44) r(37,36)
19; d(32) a(5,162) r(31,65) r(6,128) r(38,79) d(39) r(29,128)
20; d(32) a(5,162) d(29) a(38,46) r(39,48) d(7)
21; a(39,32) a(31,47) a(38,160) a(7,82) a(38,163) r(38,163)
22; r(5,39) d(39)
23; d(32) a(5,162) a(36,37) a(29,56) d(39) a(38,65) r(38,50)
24; r(5,39) a(38,65) r(38,56)
25; d(32) a(5,162) a(36,37) a(29,56) d(39) r(38,79)
26; r(35,58) d(39) r(29,90) r(38,29) a(5,47) a(29,78) r(29,163) r(7,5)
27; r(38,65) r(36,46) d(32)
28; r(35,58) d(39) r(29,90) r(38,29) r(36,46) a(37,79)
29; r(38,65) a(5,47) a(29,78) r(29,163) d(35)
30; r(38,65) r(36,46) a(39,40) a(6,65) a(7,32) a(29,66) a(6,44) a(31,56)
31; r(36,60) r(38,48) r(38,48) d(37) a(5,36)
32; r(38,65) r(36,46) a(39,40) a(6,65) a(7,32) a(39,154)
33; r(36,60) r(38,48) r(38,48) d(37) a(29,66) a(6,44) r(31,50)
34; a(39,32) a(31,47) a(38,160) a(7,82) a(38,163) a(6,58)
35; r(35,58) r(36,46) a(39,40) a(39,5) d(38) r(39,49)
36; r(35,58) d(38) d(39) a(7,82) r(36,29) d(31)
37; a(39,32) a(31,47) a(38,160) a(7,82) a(38,163) a(38,73)
38; a(39,82) d(36) r(29,82) r(39,32)
39; r(36,60) d(38) a(39,154) d(39) r(29,42) r(37,91)
40; r(35,58) d(38) d(39) a(38,61) r(39,61) a(29,154) r(29,40)
41; r(38,65) r(36,46) a(39,40) a(6,65) a(7,32) a(39,38)
42; r(32,40) d(39) a(36,37) a(29,56) r(38,93) a(29,66)
43; r(38,65) r(36,46) d(39) r(35,47) r(29,83) a(32,93) r(7,46)
44; r(38,65) r(36,46) d(39) r(35,47) r(29,83) d(39) a(36,37) a(29,56) d(39) a(38,46) a(7,53)
45; r(32,40) a(32,93) d(38)
46; r(38,65) r(36,46) d(39) r(35,47) r(29,83) a(32,93) r(7,53)
47; r(32,40) d(39) a(36,37) a(29,56) d(39) a(38,46) a(38,80)
48; r(35,58) d(38) d(39) a(7,82) d(39) d(32) a(6,79) d(7)
49; r(38,65) r(36,46) r(36,29) a(39,45)
50; r(35,58) d(38) d(39) a(7,82) r(36,29) a(29,48)
51; r(38,65) r(36,46) d(39) d(32) a(6,79) r(37,65)
52; r(38,65) a(5,47) a(38,160) a(38,61) a(38,160) r(39,32) a(36,79)
53; r(5,39) a(29,78) r(29,163) d(32)
54; r(38,65) a(5,47) a(29,78) r(29,163) a(32,31)
55; r(5,39) a(38,160) a(38,61) a(38,160) r(39,32) d(29)
56; a(39,82) d(36) r(29,82) a(38,96)
57; r(36,60) r(38,48) r(38,48) d(37) a(29,66) a(6,44) r(35,46)
--------------------------------------------------------------------------------
Evaluation

0; 0.
1; 0.
2; 0.
3; 0.
4; 0.
5; 0.
6; 0.
7; 0.
8; 0.
9; 0.
10; 12.
11; 0.
12; 0.
13; 0.
14; 12.
15; 0.
16; 0.
17; 0.
18; 4.
19; 0.
20; 0.
21; 0.
22; 0.
23; 0.
24; 0.
25; 0.
26; 0.
27; 0.
28; 0.
29; 0.
30; 0.
31; 0.
32; 0.
33; 0.
34; 0.
35; 0.
36; 0.
37; 0.
38; 0.
39; 0.
40; 0.
41; 0.
42; 0.
43; 0.
44; 0.
45; 0.
46; 0.
47; 0.
48; 12.
49; 0.
50; 0.
51; 0.
52; 0.
53; 0.
54; 0.
55; 0.
56; 0.
57; 0.
================================================================================
Generation 6

--------------------------------------------------------------------------------
Selection

0; 19
1; 50
2; 23
3; 12
4; 6
5; 17
6; 47
7; 45
8; 56
9; 37
10; 9
11; 53
12; 12
13; 37
14; 19
15; 52
16; 54
17; 16
18; 50
19; 9
20; 33
21; 30
22; 24
23; 32
24; 9
25; 57
26; 21
27; 25
28; 54
29; 4
30; 31
31; 16
32; 21
33; 24
34; 23
35; 9
36; 1
37; 32
38; 50
39; 15
--------------------------------------------------------------------------------
Crossover

0; 1, 6; a(39,32) a(31,47) a(38,160) a(38,61) r(39,61) r(32,93) d(37)
1; 1, 6; r(38,65) r(36,46) d(39) r(35,47) r(29,83) d(39) r(37,80) r(5,53)
2; 1; a(39,32) a(31,47) a(38,160) a(38,61) r(39,61) r(37,80) r(5,53)
3; 6; r(38,65) r(36,46) d(39) r(35,47) r(29,83) d(39) r(32,93) d(37)
4; 54; r(38,65) a(5,47) a(29,78) r(29,163) a(32,31)
5; 50; r(35,58) d(38) d(39) a(7,82) r(36,29) a(29,48)
6; 50; r(35,58) d(38) d(39) a(7,82) r(36,29) a(29,48)
7; 19; d(32) a(5,162) r(31,65) r(6,128) r(38,79) d(39) r(29,128)
8; 30; r(38,65) r(36,46) a(39,40) a(6,65) a(7,32) a(29,66) a(6,44) a(31,56)
9; 33; r(36,60) r(38,48) r(38,48) d(37) a(29,66) a(6,44) r(31,50)
10; 37, 19; a(39,32) a(31,47) a(38,160) a(7,82)
11; 37, 19; d(32) a(5,162) r(31,65) r(6,128) r(38,79) d(39) r(29,128) a(38,163) a(38,73)
12; 37; a(39,32) a(31,47) a(38,160) a(7,82) a(38,163) a(38,73)
13; 19; d(32) a(5,162) r(31,65) r(6,128) r(38,79) d(39) r(29,128)
14; 32; r(38,65) r(36,46) a(39,40) a(6,65) a(7,32) a(39,154)
15; 9; d(32) a(5,162) d(29) a(38,46) r(39,48) a(6,160)
16; 32; r(38,65) r(36,46) a(39,40) a(6,65) a(7,32) a(39,154)
17; 16; r(38,65) r(36,46) r(31,65) r(6,128) r(38,79) d(39) r(35,44)
18; 21; a(39,32) a(31,47) a(38,160) a(7,82) a(38,163) r(38,163)
19; 16; r(38,65) r(36,46) r(31,65) r(6,128) r(38,79) d(39) r(35,44)
20; 23; d(32) a(5,162) a(36,37) a(29,56) d(39) a(38,65) r(38,50)
21; 31; r(36,60) r(38,48) r(38,48) d(37) a(5,36)
22; 12, 50; r(36,60) a(39,79) r(36,95) d(38) d(39) a(7,82) r(36,29) a(29,48)
23; 12, 50; r(35,58) d(38) r(39,73) r(32,91) d(38) a(37,73)
24; 12; r(36,60) a(39,79) r(36,95) d(38) r(39,73) r(32,91) d(38) a(37,73)
25; 50; r(35,58) d(38) d(39) a(7,82) r(36,29) a(29,48)
26; 24, 9; r(5,39) a(38,65) r(38,56) a(6,160)
27; 24, 9; d(32) a(5,162) d(29) a(38,46) r(39,48)
28; 24; r(5,39) a(38,65) r(38,56)
29; 9; d(32) a(5,162) d(29) a(38,46) r(39,48) a(6,160)
30; 4, 23; r(36,60) r(38,48) r(38,48) d(37) a(29,66) r(38,50)
31; 4, 23; d(32) a(5,162) a(36,37) a(29,56) d(39) a(38,65) d(5) d(29)
32; 4; r(36,60) r(38,48) r(38,48) d(37) a(29,66) d(5) d(29)
33; 23; d(32) a(5,162) a(36,37) a(29,56) d(39) a(38,65) r(38,50)
34; 9; d(32) a(5,162) d(29) a(38,46) r(39,48) a(6,160)
35; 52; r(38,65) a(5,47) a(38,160) a(38,61) a(38,160) r(39,32) a(36,79)
36; 37, 47; a(39,32) a(31,47) a(38,160) a(7,82) a(38,163) a(38,73) a(36,37) a(29,56) d(39) a(38,46) a(38,80)
37; 37, 47; r(32,40) d(39)
38; 37; a(39,32) a(31,47) a(38,160) a(7,82) a(38,163) a(38,73)
39; 47; r(32,40) d(39) a(36,37) a(29,56) d(39) a(38,46) a(38,80)
40; 12; r(36,60) a(39,79) r(36,95) d(38) r(39,73) r(32,91) d(38) a(37,73)
41; 56; a(39,82) d(36) r(29,82) a(38,96)
42; 15; r(35,58) d(39) d(29) d(5) d(38) r(32,47)
43; 53; r(5,39) a(29,78) r(29,163) d(32)
44; 54; r(38,65) a(5,47) a(29,78) r(29,163) a(32,31)
45; 9; d(32) a(5,162) d(29) a(38,46) r(39,48) a(6,160)
46; 25; d(32) a(5,162) a(36,37) a(29,56) d(39) r(38,79)
47; 24; r(5,39) a(38,65) r(38,56)
48; 57; r(36,60) r(38,48) r(38,48) d(37) a(29,66) a(6,44) r(35,46)
49; 21; a(39,32) a(31,47) a(38,160) a(7,82) a(38,163) r(38,163)
50; 17; d(32) a(5,162) a(39,40) a(6,65) a(39,44) r(38,56)
51; 45; r(32,40) a(32,93) d(38)
--------------------------------------------------------------------------------
Mutation

0; a(39,32) a(31,47) a(38,160) a(38,61) r(39,61) r(32,93) d(37) r(29,79)
1; r(38,65) r(36,46) d(39) r(35,47) r(29,83) d(39) r(37,80) r(5,53) a(32,61)
2; a(39,32) a(31,47) a(38,160) a(38,61) r(39,61) r(37,80) r(5,53) a(32,83)
3; r(38,65) r(36,46) d(39) r(35,47) r(29,83) d(39) r(32,93) d(37) a(5,154)
4; r(38,65) a(5,47) a(29,78) r(29,163) a(32,31) a(39,65)
5; r(35,58) d(38) d(39) a(7,82) r(36,29) a(29,48) d(29)
6; r(35,58) d(38) d(39) a(7,82) r(36,29) a(29,48) d(6)
7; d(32) a(5,162) r(31,65) r(6,128) r(38,79) d(39) r(29,128) d(37)
8; r(38,65) r(36,46) a(39,40) a(6,65) a(7,32) a(29,66) a(6,44) a(31,56) d(6)
9; r(36,60) r(38,48) r(38,48) d(37) a(29,66) a(6,44) r(31,50) d(6)
10; a(39,32) a(31,47) a(38,160) a(7,82) d(39)
11; d(32) a(5,162) r(31,65) r(6,128) r(38,79) d(39) r(29,128) a(38,163) a(38,73) r(37,40)
12; a(39,32) a(31,47) a(38,160) a(7,82) a(38,163) a(38,73) a(38,124)
13; d(32) a(5,162) r(31,65) r(6,128) r(38,79) d(39) r(29,128) d(5)
14; r(38,65) r(36,46) a(39,40) a(6,65) a(7,32) a(39,154) a(39,93)
15; d(32) a(5,162) d(29) a(38,46) r(39,48) a(6,160) a(38,125)
16; r(38,65) r(36,46) a(39,40) a(6,65) a(7,32) a(39,154) a(39,133)
17; r(38,65) r(36,46) r(31,65) r(6,128) r(38,79) d(39) r(35,44) r(29,163)
18; a(39,32) a(31,47) a(38,160) a(7,82) a(38,163) r(38,163) r(6,72)
19; r(38,65) r(36,46) r(31,65) r(6,128) r(38,79) d(39) r(35,44) r(5,72)
20; d(32) a(5,162) a(36,37) a(29,56) d(39) a(38,65) r(38,50) r(5,90)
21; r(36,60) r(38,48) r(38,48) d(37) a(5,36) a(32,65)
22; r(36,60) a(39,79) r(36,95) d(38) d(39) a(7,82) r(36,29) a(29,48) d(7)
23; r(35,58) d(38) r(39,73) r(32,91) d(38) a(37,73) d(5)
24; r(36,60) a(39,79) r(36,95) d(38) r(39,73) r(32,91) d(38) a(37,73) d(5)
25; r(35,58) d(38) d(39) a(7,82) r(36,29) a(29,48) d(7)
26; r(5,39) a(38,65) r(38,56) a(6,160) a(39,37)
27; d(32) a(5,162) d(29) a(38,46) r(39,48) a(38,38)
28; r(5,39) a(38,65) r(38,56) d(39)
29; d(32) a(5,162) d(29) a(38,46) r(39,48) a(6,160) d(37)
30; r(36,60) r(38,48) r(38,48) d(37) a(29,66) r(38,50) r(5,32)
31; d(32) a(5,162) a(36,37) a(29,56) d(39) a(38,65) d(5) d(29) d(38)
32; r(36,60) r(38,48) r(38,48) d(37) a(29,66) d(5) d(29) d(35)
33; d(32) a(5,162) a(36,37) a(29,56) d(39) a(38,65) r(38,50) r(31,80)
34; d(32) a(5,162) d(29) a(38,46) r(39,48) a(6,160) r(38,56)
35; r(38,65) a(5,47) a(38,160) a(38,61) a(38,160) r(39,32) a(36,79) a(7,38)
36; a(39,32) a(31,47) a(38,160) a(7,82) a(38,163) a(38,73) a(36,37) a(29,56) d(39) a(38,46) a(38,80) d(6)
37; r(32,40) d(39) d(38)
38; a(39,32) a(31,47) a(38,160) a(7,82) a(38,163) a(38,73) d(38)
39; r(32,40) d(39) a(36,37) a(29,56) d(39) a(38,46) a(38,80) d(38)
40; r(36,60) a(39,79) r(36,95) d(38) r(39,73) r(32,91) d(38) a(37,73) d(5)
41; a(39,82) d(36) r(29,82) a(38,96) d(39)
42; r(35,58) d(39) d(29) d(5) d(38) r(32,47) a(36,58)
43; r(5,39) a(29,78) r(29,163) d(32) a(39,76)
44; r(38,65) a(5,47) a(29,78) r(29,163) a(32,31) a(35,160)
45; d(32) a(5,162) d(29) a(38,46) r(39,48) a(6,160) r(38,39)
46; d(32) a(5,162) a(36,37) a(29,56) d(39) r(38,79) a(31,29)
47; r(5,39) a(38,65) r(38,56) d(39)
48; r(36,60) r(38,48) r(38,48) d(37) a(29,66) a(6,44) r(35,46) r(6,39)
49; a(39,32) a(31,47) a(38,160) a(7,82) a(38,163) r(38,163) d(39)
50; d(32) a(5,162) a(39,40) a(6,65) a(39,44) r(38,56) d(6)
51; r(32,40) a(32,93) d(38) r(6,104)
--------------------------------------------------------------------------------
Evaluation

0; 0.
1; 0.
2; 0.
3; 0.
4; 0.
5; 0.
6; 0.
7; 0.
8; 0.
9; 0.
10; 0.
11; 0.
12; 0.
13; 12.
14; 0.
15; 0.
16; 0.
17; 0.
18; 0.
19; 0.
20; 0.
21; 0.
22; 12.
23; 0.
24; 0.
25; 12.
26; 0.
27; 0.
28; 0.
29; 0.
30; 0.
31; 0.
32; 0.
33; 0.
34; 0.
35; 0.
36; 0.
37; 0.
38; 0.
39; 0.
40; 0.
41; 0.
42; 0.
43; 0.
44; 0.
45; 0.
46; 0.
47; 0.
48; 0.
49; 0.
50; 0.
51; 0.
================================================================================
Generation 7

--------------------------------------------------------------------------------
Selection

0; 33
1; 34
2; 16
3; 4
4; 27
5; 23
6; 16
7; 14
8; 42
9; 33
10; 49
11; 35
12; 2
13; 38
14; 11
15; 43
16; 29
17; 18
18; 30
19; 2
20; 5
21; 7
22; 34
23; 6
24; 26
25; 31
26; 41
27; 0
28; 51
29; 42
30; 19
31; 8
32; 34
33; 38
34; 4
35; 7
36; 51
37; 51
38; 23
39; 19
--------------------------------------------------------------------------------
Crossover

0; 2; a(39,32) a(31,47) a(38,160) a(38,61) r(39,61) r(37,80) r(5,53) a(32,83)
1; 7; d(32) a(5,162) r(31,65) r(6,128) r(38,79) d(39) r(29,128) d(37)
2; 41, 42; a(39,82) d(36) r(29,82) d(29) d(5) d(38) r(32,47) a(36,58)
3; 41, 42; r(35,58) d(39) a(38,96) d(39)
4; 41; a(39,82) d(36) r(29,82) a(38,96) d(39)
5; 42; r(35,58) d(39) d(29) d(5) d(38) r(32,47) a(36,58)
6; 49; a(39,32) a(31,47) a(38,160) a(7,82) a(38,163) r(38,163) d(39)
7; 51; r(32,40) a(32,93) d(38) r(6,104)
8; 19, 38; r(38,65) r(36,46) r(31,65) r(6,128) a(7,82) a(38,163) a(38,73) d(38)
9; 19, 38; a(39,32) a(31,47) a(38,160) r(38,79) d(39) r(35,44) r(5,72)
10; 19; r(38,65) r(36,46) r(31,65) r(6,128) r(38,79) d(39) r(35,44) r(5,72)
11; 38; a(39,32) a(31,47) a(38,160) a(7,82) a(38,163) a(38,73) d(38)
12; 23; r(35,58) d(38) r(39,73) r(32,91) d(38) a(37,73) d(5)
13; 38; a(39,32) a(31,47) a(38,160) a(7,82) a(38,163) a(38,73) d(38)
14; 51, 33; r(32,40) a(32,93) d(38) r(6,104) d(39) a(38,65) r(38,50) r(31,80)
15; 51, 33; d(32) a(5,162) a(36,37) a(29,56)
16; 51; r(32,40) a(32,93) d(38) r(6,104)
17; 33; d(32) a(5,162) a(36,37) a(29,56) d(39) a(38,65) r(38,50) r(31,80)
18; 0, 43; a(39,32) a(31,47) a(38,160) a(38,61) r(39,61) r(32,93) d(37) r(29,163) d(32) a(39,76)
19; 0, 43; r(5,39) a(29,78) r(29,79)
20; 0; a(39,32) a(31,47) a(38,160) a(38,61) r(39,61) r(32,93) d(37) r(29,79)
21; 43; r(5,39) a(29,78) r(29,163) d(32) a(39,76)
22; 23; r(35,58) d(38) r(39,73) r(32,91) d(38) a(37,73) d(5)
23; 33; d(32) a(5,162) a(36,37) a(29,56) d(39) a(38,65) r(38,50) r(31,80)
24; 2; a(39,32) a(31,47) a(38,160) a(38,61) r(39,61) r(37,80) r(5,53) a(32,83)
25; 11; d(32) a(5,162) r(31,65) r(6,128) r(38,79) d(39) r(29,128) a(38,163) a(38,73) r(37,40)
26; 7; d(32) a(5,162) r(31,65) r(6,128) r(38,79) d(39) r(29,128) d(37)
27; 27; d(32) a(5,162) d(29) a(38,46) r(39,48) a(38,38)
28; 34, 34; d(32) a(5,162) d(29) a(38,46) r(39,48) r(39,48) a(6,160) r(38,56)
29; 34, 34; d(32) a(5,162) d(29) a(38,46) a(6,160) r(38,56)
30; 34; d(32) a(5,162) d(29) a(38,46) r(39,48) a(6,160) r(38,56)
31; 34; d(32) a(5,162) d(29) a(38,46) r(39,48) a(6,160) r(38,56)
32; 5; r(35,58) d(38) d(39) a(7,82) r(36,29) a(29,48) d(29)
33; 4; r(38,65) a(5,47) a(29,78) r(29,163) a(32,31) a(39,65)
34; 34, 26; d(32) a(5,162) d(29) a(38,65) r(38,56) a(6,160) a(39,37)
35; 34, 26; r(5,39) a(38,46) r(39,48) a(6,160) r(38,56)
36; 34; d(32) a(5,162) d(29) a(38,46) r(39,48) a(6,160) r(38,56)
37; 26; r(5,39) a(38,65) r(38,56) a(6,160) a(39,37)
38; 14; r(38,65) r(36,46) a(39,40) a(6,65) a(7,32) a(39,154) a(39,93)
39; 4; r(38,65) a(5,47) a(29,78) r(29,163) a(32,31) a(39,65)
40; 42, 30; r(35,58) d(39) d(29) d(5) d(38) r(32,47) a(36,58)
41; 42, 30; r(36,60) r(38,48) r(38,48) d(37) a(29,66) r(38,50) r(5,32)
42; 42; r(35,58) d(39) d(29) d(5) d(38) r(32,47) a(36,58)
43; 30; r(36,60) r(38,48) r(38,48) d(37) a(29,66) r(38,50) r(5,32)
44; 29; d(32) a(5,162) d(29) a(38,46) r(39,48) a(6,160) d(37)
45; 19; r(38,65) r(36,46) r(31,65) r(6,128) r(38,79) d(39) r(35,44) r(5,72)
46; 18, 31; a(39,32) a(31,47) a(38,160) a(7,82) a(38,163) r(38,163) r(6,72) a(36,37) a(29,56) d(39) a(38,65) d(5) d(29) d(38)
47; 18, 31; d(32) a(5,162)
48; 18; a(39,32) a(31,47) a(38,160) a(7,82) a(38,163) r(38,163) r(6,72)
49; 31; d(32) a(5,162) a(36,37) a(29,56) d(39) a(38,65) d(5) d(29) d(38)
50; 6, 8; r(35,58) d(38) d(39) a(6,44) a(31,56) d(6)
51; 6, 8; r(38,65) r(36,46) a(39,40) a(6,65) a(7,32) a(29,66) a(7,82) r(36,29) a(29,48) d(6)
52; 6; r(35,58) d(38) d(39) a(7,82) r(36,29) a(29,48) d(6)
53; 8; r(38,65) r(36,46) a(39,40) a(6,65) a(7,32) a(29,66) a(6,44) a(31,56) d(6)
54; 16; r(38,65) r(36,46) a(39,40) a(6,65) a(7,32) a(39,154) a(39,133)
55; 51; r(32,40) a(32,93) d(38) r(6,104)
56; 35; r(38,65) a(5,47) a(38,160) a(38,61) a(38,160) r(39,32) a(36,79) a(7,38)
57; 16; r(38,65) r(36,46) a(39,40) a(6,65) a(7,32) a(39,154) a(39,133)
--------------------------------------------------------------------------------
Mutation

0; a(39,32) a(31,47) a(38,160) a(38,61) r(39,61) r(37,80) r(5,53) a(32,83) r(31,125)
1; d(32) a(5,162) r(31,65) r(6,128) r(38,79) d(39) r(29,128) d(37) a(5,124)
2; a(39,82) d(36) r(29,82) d(29) d(5) d(38) r(32,47) a(36,58) a(39,79)
3; r(35,58) d(39) a(38,96) d(39) d(38)
4; a(39,82) d(36) r(29,82) a(38,96) d(39) a(38,35)
5; r(35,58) d(39) d(29) d(5) d(38) r(32,47) a(36,58) r(36,80)
6; a(39,32) a(31,47) a(38,160) a(7,82) a(38,163) r(38,163) d(39) d(37)
7; r(32,40) a(32,93) d(38) r(6,104) r(39,162)
8; r(38,65) r(36,46) r(31,65) r(6,128) a(7,82) a(38,163) a(38,73) d(38) d(39)
9; a(39,32) a(31,47) a(38,160) r(38,79) d(39) r(35,44) r(5,72) a(36,76)
10; r(38,65) r(36,46) r(31,65) r(6,128) r(38,79) d(39) r(35,44) r(5,72) r(32,66)
11; a(39,32) a(31,47) a(38,160) a(7,82) a(38,163) a(38,73) d(38) d(32)
12; r(35,58) d(38) r(39,73) r(32,91) d(38) a(37,73) d(5) a(29,36)
13; a(39,32) a(31,47) a(38,160) a(7,82) a(38,163) a(38,73) d(38) r(39,133)
14; r(32,40) a(32,93) d(38) r(6,104) d(39) a(38,65) r(38,50) r(31,80) d(36)
15; d(32) a(5,162) a(36,37) a(29,56) r(38,83)
16; r(32,40) a(32,93) d(38) r(6,104) a(39,96)
17; d(32) a(5,162) a(36,37) a(29,56) d(39) a(38,65) r(38,50) r(31,80) d(5)
18; a(39,32) a(31,47) a(38,160) a(38,61) r(39,61) r(32,93) d(37) r(29,163) d(32) a(39,76) a(6,108)
19; r(5,39) a(29,78) r(29,79) r(38,91)
20; a(39,32) a(31,47) a(38,160) a(38,61) r(39,61) r(32,93) d(37) r(29,79) d(36)
21; r(5,39) a(29,78) r(29,163) d(32) a(39,76) d(39)
22; r(35,58) d(38) r(39,73) r(32,91) d(38) a(37,73) d(5) d(37)
23; d(32) a(5,162) a(36,37) a(29,56) d(39) a(38,65) r(38,50) r(31,80) a(7,82)
24; a(39,32) a(31,47) a(38,160) a(38,61) r(39,61) r(37,80) r(5,53) a(32,83) a(29,36)
25; d(32) a(5,162) r(31,65) r(6,128) r(38,79) d(39) r(29,128) a(38,163) a(38,73) r(37,40) d(5)
26; d(32) a(5,162) r(31,65) r(6,128) r(38,79) d(39) r(29,128) d(37) a(36,43)
27; d(32) a(5,162) d(29) a(38,46) r(39,48) a(38,38) r(37,78)
28; d(32) a(5,162) d(29) a(38,46) r(39,48) r(39,48) a(6,160) r(38,56) r(5,101)
29; d(32) a(5,162) d(29) a(38,46) a(6,160) r(38,56) r(39,48)
30; d(32) a(5,162) d(29) a(38,46) r(39,48) a(6,160) r(38,56) r(6,29)
31; d(32) a(5,162) d(29) a(38,46) r(39,48) a(6,160) r(38,56) a(6,52)
32; r(35,58) d(38) d(39) a(7,82) r(36,29) a(29,48) d(29) r(32,38)
33; r(38,65) a(5,47) a(29,78) r(29,163) a(32,31) a(39,65) d(36)
34; d(32) a(5,162) d(29) a(38,65) r(38,56) a(6,160) a(39,37) d(5)
35; r(5,39) a(38,46) r(39,48) a(6,160) r(38,56) r(36,40)
36; d(32) a(5,162) d(29) a(38,46) r(39,48) a(6,160) r(38,56) a(36,53)
37; r(5,39) a(38,65) r(38,56) a(6,160) a(39,37) r(39,93)
38; r(38,65) r(36,46) a(39,40) a(6,65) a(7,32) a(39,154) a(39,93) d(39)
39; r(38,65) a(5,47) a(29,78) r(29,163) a(32,31) a(39,65) d(39)
40; r(35,58) d(39) d(29) d(5) d(38) r(32,47) a(36,58) d(36)
41; r(36,60) r(38,48) r(38,48) d(37) a(29,66) r(38,50) r(5,32) r(32,154)
42; r(35,58) d(39) d(29) d(5) d(38) r(32,47) a(36,58) r(36,95)
43; r(36,60) r(38,48) r(38,48) d(37) a(29,66) r(38,50) r(5,32) r(35,43)
44; d(32) a(5,162) d(29) a(38,46) r(39,48) a(6,160) d(37) r(7,42)
45; r(38,65) r(36,46) r(31,65) r(6,128) r(38,79) d(39) r(35,44) r(5,72) d(37)
46; a(39,32) a(31,47) a(38,160) a(7,82) a(38,163) r(38,163) r(6,72) a(36,37) a(29,56) d(39) a(38,65) d(5) d(29) d(38) d(37)
47; d(32) a(5,162) d(38)
48; a(39,32) a(31,47) a(38,160) a(7,82) a(38,163) r(38,163) r(6,72) a(39,163)
49; d(32) a(5,162) a(36,37) a(29,56) d(39) a(38,65) d(5) d(29) d(38) d(36)
50; r(35,58) d(38) d(39) a(6,44) a(31,56) d(6) a(37,31)
51; r(38,65) r(36,46) a(39,40) a(6,65) a(7,32) a(29,66) a(7,82) r(36,29) a(29,48) d(6) a(39,40)
52; r(35,58) d(38) d(39) a(7,82) r(36,29) a(29,48) d(6) d(31)
53; r(38,65) r(36,46) a(39,40) a(6,65) a(7,32) a(29,66) a(6,44) a(31,56) d(6) r(39,48)
54; r(38,65) r(36,46) a(39,40) a(6,65) a(7,32) a(39,154) a(39,133) r(35,108)
55; r(32,40) a(32,93) d(38) r(6,104) r(37,74)
56; r(38,65) a(5,47) a(38,160) a(38,61) a(38,160) r(39,32) a(36,79) a(7,38) d(29)
57; r(38,65) r(36,46) a(39,40) a(6,65) a(7,32) a(39,154) a(39,133) a(39,95)
--------------------------------------------------------------------------------
Evaluation

0; 0.
1; 0.
2; 0.
3; 0.
4; 0.
5; 0.
6; 0.
7; 0.
8; 0.
9; 0.
10; 0.
11; 0.
12; 0.
13; 0.
14; 0.
15; 0.
16; 0.
17; 0.
18; 12.
19; 0.
20; 0.
21; 0.
22; 0.
23; 0.
24; 0.
25; 0.
26; 0.
27; 0.
28; 12.
29; 0.
30; 12.
31; 0.
32; 0.
33; 0.
34; 0.
35; 0.
36; 0.
37; 0.
38; 0.
39; 0.
40; 0.
41; 0.
42; 0.
43; 0.
44; 0.
45; 0.
46; 0.
47; 0.
48; 0.
49; 0.
50; 0.
51; 0.
52; 0.
53; 0.
54; 0.
55; 0.
56; 0.
57; 0.
================================================================================
Generation 8

--------------------------------------------------------------------------------
Selection

0; 24
1; 0
2; 24
3; 44
4; 14
5; 10
6; 21
7; 22
8; 4
9; 38
10; 55
11; 41
12; 44
13; 7
14; 23
15; 35
16; 23
17; 34
18; 39
19; 33
20; 34
21; 26
22; 3
23; 14
24; 34
25; 53
26; 29
27; 49
28; 46
29; 31
30; 49
31; 15
32; 48
33; 43
34; 9
35; 53
36; 39
37; 25
38; 23
39; 46
--------------------------------------------------------------------------------
Crossover

0; 24; a(39,32) a(31,47) a(38,160) a(38,61) r(39,61) r(37,80) r(5,53) a(32,83) a(29,36)
1; 23; d(32) a(5,162) a(36,37) a(29,56) d(39) a(38,65) r(38,50) r(31,80) a(7,82)
2; 49; d(32) a(5,162) a(36,37) a(29,56) d(39) a(38,65) d(5) d(29) d(38) d(36)
3; 43; r(36,60) r(38,48) r(38,48) d(37) a(29,66) r(38,50) r(5,32) r(35,43)
4; 26, 29; d(32) a(5,162) r(31,65) r(6,128) r(38,79) r(38,56) r(39,48)
5; 26, 29; d(32) a(5,162) d(29) a(38,46) a(6,160) d(39) r(29,128) d(37) a(36,43)
6; 26; d(32) a(5,162) r(31,65) r(6,128) r(38,79) d(39) r(29,128) d(37) a(36,43)
7; 29; d(32) a(5,162) d(29) a(38,46) a(6,160) r(38,56) r(39,48)
8; 46, 21; a(39,32) a(31,47) a(38,160) a(7,82) a(38,163) r(38,163) r(6,72) a(36,37) a(29,56) d(39) a(38,65) d(5) d(29) d(38) d(32) a(39,76) d(39)
9; 46, 21; r(5,39) a(29,78) r(29,163) d(37)
10; 46; a(39,32) a(31,47) a(38,160) a(7,82) a(38,163) r(38,163) r(6,72) a(36,37) a(29,56) d(39) a(38,65) d(5) d(29) d(38) d(37)
11; 21; r(5,39) a(29,78) r(29,163) d(32) a(39,76) d(39)
12; 53, 24; r(38,65) r(36,46) a(39,40) a(6,65) a(32,83) a(29,36)
13; 53, 24; a(39,32) a(31,47) a(38,160) a(38,61) r(39,61) r(37,80) r(5,53) a(7,32) a(29,66) a(6,44) a(31,56) d(6) r(39,48)
14; 53; r(38,65) r(36,46) a(39,40) a(6,65) a(7,32) a(29,66) a(6,44) a(31,56) d(6) r(39,48)
15; 24; a(39,32) a(31,47) a(38,160) a(38,61) r(39,61) r(37,80) r(5,53) a(32,83) a(29,36)
16; 34, 35; d(32) a(5,162) d(29) a(38,65) a(38,46) r(39,48) a(6,160) r(38,56) r(36,40)
17; 34, 35; r(5,39) r(38,56) a(6,160) a(39,37) d(5)
18; 34; d(32) a(5,162) d(29) a(38,65) r(38,56) a(6,160) a(39,37) d(5)
19; 35; r(5,39) a(38,46) r(39,48) a(6,160) r(38,56) r(36,40)
20; 55, 25; r(32,40) a(32,93) d(38) a(38,73) r(37,40) d(5)
21; 55, 25; d(32) a(5,162) r(31,65) r(6,128) r(38,79) d(39) r(29,128) a(38,163) r(6,104) r(37,74)
22; 55; r(32,40) a(32,93) d(38) r(6,104) r(37,74)
23; 25; d(32) a(5,162) r(31,65) r(6,128) r(38,79) d(39) r(29,128) a(38,163) a(38,73) r(37,40) d(5)
24; 41, 14; r(36,60) r(38,48) d(39) a(38,65) r(38,50) r(31,80) d(36)
25; 41, 14; r(32,40) a(32,93) d(38) r(6,104) r(38,48) d(37) a(29,66) r(38,50) r(5,32) r(32,154)
26; 41; r(36,60) r(38,48) r(38,48) d(37) a(29,66) r(38,50) r(5,32) r(32,154)
27; 14; r(32,40) a(32,93) d(38) r(6,104) d(39) a(38,65) r(38,50) r(31,80) d(36)
28; 34; d(32) a(5,162) d(29) a(38,65) r(38,56) a(6,160) a(39,37) d(5)
29; 10; r(38,65) r(36,46) r(31,65) r(6,128) r(38,79) d(39) r(35,44) r(5,72) r(32,66)
30; 15, 3; d(32) a(5,162) d(38)
31; 15, 3; r(35,58) d(39) a(38,96) d(39) a(36,37) a(29,56) r(38,83)
32; 15; d(32) a(5,162) a(36,37) a(29,56) r(38,83)
33; 3; r(35,58) d(39) a(38,96) d(39) d(38)
34; 44; d(32) a(5,162) d(29) a(38,46) r(39,48) a(6,160) d(37) r(7,42)
35; 33; r(38,65) a(5,47) a(29,78) r(29,163) a(32,31) a(39,65) d(36)
36; 9, 38; a(39,32) a(31,47) a(38,160) r(38,79) d(39) r(35,44) r(36,46) a(39,40) a(6,65) a(7,32) a(39,154) a(39,93) d(39)
37; 9, 38; r(38,65) r(5,72) a(36,76)
38; 9; a(39,32) a(31,47) a(38,160) r(38,79) d(39) r(35,44) r(5,72) a(36,76)
39; 38; r(38,65) r(36,46) a(39,40) a(6,65) a(7,32) a(39,154) a(39,93) d(39)
40; 53; r(38,65) r(36,46) a(39,40) a(6,65) a(7,32) a(29,66) a(6,44) a(31,56) d(6) r(39,48)
41; 34; d(32) a(5,162) d(29) a(38,65) r(38,56) a(6,160) a(39,37) d(5)
42; 4; a(39,82) d(36) r(29,82) a(38,96) d(39) a(38,35)
43; 23; d(32) a(5,162) a(36,37) a(29,56) d(39) a(38,65) r(38,50) r(31,80) a(7,82)
44; 39, 44; r(38,65) a(5,47) a(29,78) r(29,163) r(7,42)
45; 39, 44; d(32) a(5,162) d(29) a(38,46) r(39,48) a(6,160) d(37) a(32,31) a(39,65) d(39)
46; 39; r(38,65) a(5,47) a(29,78) r(29,163) a(32,31) a(39,65) d(39)
47; 44; d(32) a(5,162) d(29) a(38,46) r(39,48) a(6,160) d(37) r(7,42)
48; 7; r(32,40) a(32,93) d(38) r(6,104) r(39,162)
49; 31; d(32) a(5,162) d(29) a(38,46) r(39,48) a(6,160) r(38,56) a(6,52)
50; 48, 14; a(39,32) a(31,47) a(38,160) a(7,82) a(38,163) r(38,163) a(32,93) d(38) r(6,104) d(39) a(38,65) r(38,50) r(31,80) d(36)
51; 48, 14; r(32,40) r(6,72) a(39,163)
52; 48; a(39,32) a(31,47) a(38,160) a(7,82) a(38,163) r(38,163) r(6,72) a(39,163)
53; 14; r(32,40) a(32,93) d(38) r(6,104) d(39) a(38,65) r(38,50) r(31,80) d(36)
54; 0; a(39,32) a(31,47) a(38,160) a(38,61) r(39,61) r(37,80) r(5,53) a(32,83) r(31,125)
55; 39; r(38,65) a(5,47) a(29,78) r(29,163) a(32,31) a(39,65) d(39)
56; 23; d(32) a(5,162) a(36,37) a(29,56) d(39) a(38,65) r(38,50) r(31,80) a(7,82)
57; 49; d(32) a(5,162) a(36,37) a(29,56) d(39) a(38,65) d(5) d(29) d(38) d(36)
58; 22; r(35,58) d(38) r(39,73) r(32,91) d(38) a(37,73) d(5) d(37)
59; 46; a(39,32) a(31,47) a(38,160) a(7,82) a(38,163) r(38,163) r(6,72) a(36,37) a(29,56) d(39) a(38,65) d(5) d(29) d(38) d(37)
--------------------------------------------------------------------------------
Mutation

0; a(39,32) a(31,47) a(38,160) a(38,61) r(39,61) r(37,80) r(5,53) a(32,83) a(29,36) a(36,91)
1; d(32) a(5,162) a(36,37) a(29,56) d(39) a(38,65) r(38,50) r(31,80) a(7,82) d(29)
2; d(32) a(5,162) a(36,37) a(29,56) d(39) a(38,65) d(5) d(29) d(38) d(36) a(37,40)
3; r(36,60) r(38,48) r(38,48) d(37) a(29,66) r(38,50) r(5,32) r(35,43) a(32,50)
4; d(32) a(5,162) r(31,65) r(6,128) r(38,79) r(38,56) r(39,48) r(29,90)
5; d(32) a(5,162) d(29) a(38,46) a(6,160) d(39) r(29,128) d(37) a(36,43) a(36,78)
6; d(32) a(5,162) r(31,65) r(6,128) r(38,79) d(39) r(29,128) d(37) a(36,43) r(5,42)
7; d(32) a(5,162) d(29) a(38,46) a(6,160) r(38,56) r(39,48) a(7,51)
8; a(39,32) a(31,47) a(38,160) a(7,82) a(38,163) r(38,163) r(6,72) a(36,37) a(29,56) d(39) a(38,65) d(5) d(29) d(38) d(32) a(39,76) d(39) a(37,91)
9; r(5,39) a(29,78) r(29,163) d(37) a(36,49)
10; a(39,32) a(31,47) a(38,160) a(7,82) a(38,163) r(38,163) r(6,72) a(36,37) a(29,56) d(39) a(38,65) d(5) d(29) d(38) d(37) r(35,93)
11; r(5,39) a(29,78) r(29,163) d(32) a(39,76) d(39) r(38,82)
12; r(38,65) r(36,46) a(39,40) a(6,65) a(32,83) a(29,36) r(31,58)
13; a(39,32) a(31,47) a(38,160) a(38,61) r(39,61) r(37,80) r(5,53) a(7,32) a(29,66) a(6,44) a(31,56) d(6) r(39,48) a(36,46)
14; r(38,65) r(36,46) a(39,40) a(6,65) a(7,32) a(29,66) a(6,44) a(31,56) d(6) r(39,48) r(5,154)
15; a(39,32) a(31,47) a(38,160) a(38,61) r(39,61) r(37,80) r(5,53) a(32,83) a(29,36) d(31)
16; d(32) a(5,162) d(29) a(38,65) a(38,46) r(39,48) a(6,160) r(38,56) r(36,40) a(37,43)
17; r(5,39) r(38,56) a(6,160) a(39,37) d(5) a(39,42)
18; d(32) a(5,162) d(29) a(38,65) r(38,56) a(6,160) a(39,37) d(5) a(39,44)
19; r(5,39) a(38,46) r(39,48) a(6,160) r(38,56) r(36,40) d(32)
20; r(32,40) a(32,93) d(38) a(38,73) r(37,40) d(5) d(31)
21; d(32) a(5,162) r(31,65) r(6,128) r(38,79) d(39) r(29,128) a(38,163) r(6,104) r(37,74) d(36)
22; r(32,40) a(32,93) d(38) r(6,104) r(37,74) d(31)
23; d(32) a(5,162) r(31,65) r(6,128) r(38,79) d(39) r(29,128) a(38,163) a(38,73) r(37,40) d(5) d(36)
24; r(36,60) r(38,48) d(39) a(38,65) r(38,50) r(31,80) d(36) d(6)
25; r(32,40) a(32,93) d(38) r(6,104) r(38,48) d(37) a(29,66) r(38,50) r(5,32) r(32,154) r(36,35)
26; r(36,60) r(38,48) r(38,48) d(37) a(29,66) r(38,50) r(5,32) r(32,154) a(31,49)
27; r(32,40) a(32,93) d(38) r(6,104) d(39) a(38,65) r(38,50) r(31,80) d(36) d(37)
28; d(32) a(5,162) d(29) a(38,65) r(38,56) a(6,160) a(39,37) d(5) d(39)
29; r(38,65) r(36,46) r(31,65) r(6,128) r(38,79) d(39) r(35,44) r(5,72) r(32,66) r(37,66)
30; d(32) a(5,162) d(38) d(5)
31; r(35,58) d(39) a(38,96) d(39) a(36,37) a(29,56) r(38,83) r(7,42)
32; d(32) a(5,162) a(36,37) a(29,56) r(38,83) d(29)
33; r(35,58) d(39) a(38,96) d(39) d(38) d(7)
34; d(32) a(5,162) d(29) a(38,46) r(39,48) a(6,160) d(37) r(7,42) r(36,145)
35; r(38,65) a(5,47) a(29,78) r(29,163) a(32,31) a(39,65) d(36) r(39,74)
36; a(39,32) a(31,47) a(38,160) r(38,79) d(39) r(35,44) r(36,46) a(39,40) a(6,65) a(7,32) a(39,154) a(39,93) d(39) d(6)
37; r(38,65) r(5,72) a(36,76) a(39,95)
38; a(39,32) a(31,47) a(38,160) r(38,79) d(39) r(35,44) r(5,72) a(36,76) a(31,61)
39; r(38,65) r(36,46) a(39,40) a(6,65) a(7,32) a(39,154) a(39,93) d(39) d(6)
40; r(38,65) r(36,46) a(39,40) a(6,65) a(7,32) a(29,66) a(6,44) a(31,56) d(6) r(39,48) a(5,101)
41; d(32) a(5,162) d(29) a(38,65) r(38,56) a(6,160) a(39,37) d(5) r(39,5)
42; a(39,82) d(36) r(29,82) a(38,96) d(39) a(38,35) r(38,133)
43; d(32) a(5,162) a(36,37) a(29,56) d(39) a(38,65) r(38,50) r(31,80) a(7,82) a(5,154)
44; r(38,65) a(5,47) a(29,78) r(29,163) r(7,42) a(39,56)
45; d(32) a(5,162) d(29) a(38,46) r(39,48) a(6,160) d(37) a(32,31) a(39,65) d(39) a(36,37)
46; r(38,65) a(5,47) a(29,78) r(29,163) a(32,31) a(39,65) d(39) r(6,66)
47; d(32) a(5,162) d(29) a(38,46) r(39,48) a(6,160) d(37) r(7,42) a(5,125)
48; r(32,40) a(32,93) d(38) r(6,104) r(39,162) a(5,101)
49; d(32) a(5,162) d(29) a(38,46) r(39,48) a(6,160) r(38,56) a(6,52) d(5)
50; a(39,32) a(31,47) a(38,160) a(7,82) a(38,163) r(38,163) a(32,93) d(38) r(6,104) d(39) a(38,65) r(38,50) r(31,80) d(36) d(5)
51; r(32,40) r(6,72) a(39,163) r(39,72)
52; a(39,32) a(31,47) a(38,160) a(7,82) a(38,163) r(38,163) r(6,72) a(39,163) d(36)
53; r(32,40) a(32,93) d(38) r(6,104) d(39) a(38,65) r(38,50) r(31,80) d(36) d(37)
54; a(39,32) a(31,47) a(38,160) a(38,61) r(39,61) r(37,80) r(5,53) a(32,83) r(31,125) r(29,39)
55; r(38,65) a(5,47) a(29,78) r(29,163) a(32,31) a(39,65) d(39) r(5,36)
56; d(32) a(5,162) a(36,37) a(29,56) d(39) a(38,65) r(38,50) r(31,80) a(7,82) a(29,56)
57; d(32) a(5,162) a(36,37) a(29,56) d(39) a(38,65) d(5) d(29) d(38) d(36) a(37,95)
58; r(35,58) d(38) r(39,73) r(32,91) d(38) a(37,73) d(5) d(37) d(31)
59; a(39,32) a(31,47) a(38,160) a(7,82) a(38,163) r(38,163) r(6,72) a(36,37) a(29,56) d(39) a(38,65) d(5) d(29) d(38) d(37) d(32)
--------------------------------------------------------------------------------
Evaluation

0; 0.
1; 0.
2; 0.
3; 0.
4; 0.
5; 0.
6; 0.
7; 0.
8; 0.
9; 0.
10; 0.
11; 0.
12; 0.
13; 0.
14; 0.
15; 0.
16; 0.
17; 0.
18; 0.
19; 0.
20; 0.
21; 0.
22; 0.
23; 0.
24; 0.
25; 0.
26; 0.
27; 0.
28; 0.
29; 0.
30; 0.
31; 12.
32; 0.
33; 12.
34; 0.
35; 0.
36; 0.
37; 0.
38; 0.
39; 0.
40; 0.
41; 0.
42; 0.
43; 0.
44; 0.
45; 0.
46; 0.
47; 0.
48; 0.
49; 0.
50; 0.
51; 0.
52; 0.
53; 0.
54; 0.
55; 0.
56; 0.
57; 0.
58; 0.
59; 0.
================================================================================
Generation 9

--------------------------------------------------------------------------------
Selection

0; 9
1; 59
2; 48
3; 30
4; 45
5; 42
6; 1
7; 6
8; 16
9; 36
10; 6
11; 15
12; 27
13; 5
14; 24
15; 0
16; 16
17; 53
18; 12
19; 19
20; 3
21; 32
22; 29
23; 36
24; 2
25; 55
26; 11
27; 42
28; 25
29; 16
30; 27
31; 32
32; 46
33; 12
34; 32
35; 19
36; 14
37; 58
38; 15
39; 0
--------------------------------------------------------------------------------
Crossover

0; 1, 27; d(32) a(5,162) a(36,37) d(36) d(37)
1; 1, 27; r(32,40) a(32,93) d(38) r(6,104) d(39) a(38,65) r(38,50) r(31,80) a(29,56) d(39) a(38,65) r(38,50) r(31,80) a(7,82) d(29)
2; 1; d(32) a(5,162) a(36,37) a(29,56) d(39) a(38,65) r(38,50) r(31,80) a(7,82) d(29)
3; 27; r(32,40) a(32,93) d(38) r(6,104) d(39) a(38,65) r(38,50) r(31,80) d(36) d(37)
4; 0; a(39,32) a(31,47) a(38,160) a(38,61) r(39,61) r(37,80) r(5,53) a(32,83) a(29,36) a(36,91)
5; 6; d(32) a(5,162) r(31,65) r(6,128) r(38,79) d(39) r(29,128) d(37) a(36,43) r(5,42)
6; 19; r(5,39) a(38,46) r(39,48) a(6,160) r(38,56) r(36,40) d(32)
7; 46; r(38,65) a(5,47) a(29,78) r(29,163) a(32,31) a(39,65) d(39) r(6,66)
8; 27; r(32,40) a(32,93) d(38) r(6,104) d(39) a(38,65) r(38,50) r(31,80) d(36) d(37)
9; 6; d(32) a(5,162) r(31,65) r(6,128) r(38,79) d(39) r(29,128) d(37) a(36,43) r(5,42)
10; 42, 32; a(39,82) d(36) r(29,82) d(29)
11; 42, 32; d(32) a(5,162) a(36,37) a(29,56) r(38,83) a(38,96) d(39) a(38,35) r(38,133)
12; 42; a(39,82) d(36) r(29,82) a(38,96) d(39) a(38,35) r(38,133)
13; 32; d(32) a(5,162) a(36,37) a(29,56) r(38,83) d(29)
14; 19; r(5,39) a(38,46) r(39,48) a(6,160) r(38,56) r(36,40) d(32)
15; 58; r(35,58) d(38) r(39,73) r(32,91) d(38) a(37,73) d(5) d(37) d(31)
16; 16; d(32) a(5,162) d(29) a(38,65) a(38,46) r(39,48) a(6,160) r(38,56) r(36,40) a(37,43)
17; 53; r(32,40) a(32,93) d(38) r(6,104) d(39) a(38,65) r(38,50) r(31,80) d(36) d(37)
18; 16, 9; d(32) a(5,162) d(29) a(38,65) a(38,46) r(39,48) a(6,160) r(38,56) r(36,40) a(37,43) r(29,163) d(37) a(36,49)
19; 16, 9; r(5,39) a(29,78)
20; 16; d(32) a(5,162) d(29) a(38,65) a(38,46) r(39,48) a(6,160) r(38,56) r(36,40) a(37,43)
21; 9; r(5,39) a(29,78) r(29,163) d(37) a(36,49)
22; 42, 48; a(39,82) d(36) r(29,82) a(38,96) d(39) a(38,35) r(6,104) r(39,162) a(5,101)
23; 42, 48; r(32,40) a(32,93) d(38) r(38,133)
24; 42; a(39,82) d(36) r(29,82) a(38,96) d(39) a(38,35) r(38,133)
25; 48; r(32,40) a(32,93) d(38) r(6,104) r(39,162) a(5,101)
26; 14, 59; r(38,65) r(36,46) a(39,40) a(6,65) a(7,32) a(29,66) a(6,44) a(31,56) a(38,163) r(38,163) r(6,72) a(36,37) a(29,56) d(39) a(38,65) d(5) d(29) d(38) d(37) d(32)
27; 14, 59; a(39,32) a(31,47) a(38,160) a(7,82) d(6) r(39,48) r(5,154)
28; 14; r(38,65) r(36,46) a(39,40) a(6,65) a(7,32) a(29,66) a(6,44) a(31,56) d(6) r(39,48) r(5,154)
29; 59; a(39,32) a(31,47) a(38,160) a(7,82) a(38,163) r(38,163) r(6,72) a(36,37) a(29,56) d(39) a(38,65) d(5) d(29) d(38) d(37) d(32)
30; 36; a(39,32) a(31,47) a(38,160) r(38,79) d(39) r(35,44) r(36,46) a(39,40) a(6,65) a(7,32) a(39,154) a(39,93) d(39) d(6)
31; 36; a(39,32) a(31,47) a(38,160) r(38,79) d(39) r(35,44) r(36,46) a(39,40) a(6,65) a(7,32) a(39,154) a(39,93) d(39) d(6)
32; 16; d(32) a(5,162) d(29) a(38,65) a(38,46) r(39,48) a(6,160) r(38,56) r(36,40) a(37,43)
33; 30; d(32) a(5,162) d(38) d(5)
34; 12; r(38,65) r(36,46) a(39,40) a(6,65) a(32,83) a(29,36) r(31,58)
35; 32; d(32) a(5,162) a(36,37) a(29,56) r(38,83) d(29)
36; 2, 15; d(32) a(5,162) a(36,37) a(29,56) d(39) a(38,65) a(32,83) a(29,36) d(31)
37; 2, 15; a(39,32) a(31,47) a(38,160) a(38,61) r(39,61) r(37,80) r(5,53) d(5) d(29) d(38) d(36) a(37,40)
38; 2; d(32) a(5,162) a(36,37) a(29,56) d(39) a(38,65) d(5) d(29) d(38) d(36) a(37,40)
39; 15; a(39,32) a(31,47) a(38,160) a(38,61) r(39,61) r(37,80) r(5,53) a(32,83) a(29,36) d(31)
40; 5, 25; d(32) a(5,162) d(29) a(38,46) a(6,160) r(5,32) r(32,154) r(36,35)
41; 5, 25; r(32,40) a(32,93) d(38) r(6,104) r(38,48) d(37) a(29,66) r(38,50) d(39) r(29,128) d(37) a(36,43) a(36,78)
42; 5; d(32) a(5,162) d(29) a(38,46) a(6,160) d(39) r(29,128) d(37) a(36,43) a(36,78)
43; 25; r(32,40) a(32,93) d(38) r(6,104) r(38,48) d(37) a(29,66) r(38,50) r(5,32) r(32,154) r(36,35)
44; 12, 29; r(38,65) r(36,46) r(37,66)
45; 12, 29; r(38,65) r(36,46) r(31,65) r(6,128) r(38,79) d(39) r(35,44) r(5,72) r(32,66) a(39,40) a(6,65) a(32,83) a(29,36) r(31,58)
46; 12; r(38,65) r(36,46) a(39,40) a(6,65) a(32,83) a(29,36) r(31,58)
47; 29; r(38,65) r(36,46) r(31,65) r(6,128) r(38,79) d(39) r(35,44) r(5,72) r(32,66) r(37,66)
48; 24; r(36,60) r(38,48) d(39) a(38,65) r(38,50) r(31,80) d(36) d(6)
49; 55; r(38,65) a(5,47) a(29,78) r(29,163) a(32,31) a(39,65) d(39) r(5,36)
50; 11, 0; r(5,39) a(29,78) r(29,163) d(32) a(39,76)
51; 11, 0; a(39,32) a(31,47) a(38,160) a(38,61) r(39,61) r(37,80) r(5,53) a(32,83) a(29,36) a(36,91) d(39) r(38,82)
52; 11; r(5,39) a(29,78) r(29,163) d(32) a(39,76) d(39) r(38,82)
53; 0; a(39,32) a(31,47) a(38,160) a(38,61) r(39,61) r(37,80) r(5,53) a(32,83) a(29,36) a(36,91)
54; 45, 15; d(32) a(5,162) d(29) a(38,46) r(39,48) a(29,36) d(31)
55; 45, 15; a(39,32) a(31,47) a(38,160) a(38,61) r(39,61) r(37,80) r(5,53) a(32,83) a(6,160) d(37) a(32,31) a(39,65) d(39) a(36,37)
56; 45; d(32) a(5,162) d(29) a(38,46) r(39,48) a(6,160) d(37) a(32,31) a(39,65) d(39) a(36,37)
57; 15; a(39,32) a(31,47) a(38,160) a(38,61) r(39,61) r(37,80) r(5,53) a(32,83) a(29,36) d(31)
58; 32; d(32) a(5,162) a(36,37) a(29,56) r(38,83) d(29)
59; 3; r(36,60) r(38,48) r(38,48) d(37) a(29,66) r(38,50) r(5,32) r(35,43) a(32,50)
--------------------------------------------------------------------------------
Mutation

0; d(32) a(5,162) a(36,37) d(36) d(37) d(31)
1; r(32,40) a(32,93) d(38) r(6,104) d(39) a(38,65) r(38,50) r(31,80) a(29,56) d(39) a(38,65) r(38,50) r(31,80) a(7,82) d(29) r(36,124)
2; d(32) a(5,162) a(36,37) a(29,56) d(39) a(38,65) r(38,50) r(31,80) a(7,82) d(29) a(6,163)
3; r(32,40) a(32,93) d(38) r(6,104) d(39) a(38,65) r(38,50) r(31,80) d(36) d(37) d(5)
4; a(39,32) a(31,47) a(38,160) a(38,61) r(39,61) r(37,80) r(5,53) a(32,83) a(29,36) a(36,91) a(35,42)
5; d(32) a(5,162) r(31,65) r(6,128) r(38,79) d(39) r(29,128) d(37) a(36,43) r(5,42) a(36,76)
6; r(5,39) a(38,46) r(39,48) a(6,160) r(38,56) r(36,40) d(32) a(29,32)
7; r(38,65) a(5,47) a(29,78) r(29,163) a(32,31) a(39,65) d(39) r(6,66) d(36)
8; r(32,40) a(32,93) d(38) r(6,104) d(39) a(38,65) r(38,50) r(31,80) d(36) d(37) r(29,162)
9; d(32) a(5,162) r(31,65) r(6,128) r(38,79) d(39) r(29,128) d(37) a(36,43) r(5,42) a(36,65)
10; a(39,82) d(36) r(29,82) d(29) r(35,91)
11; d(32) a(5,162) a(36,37) a(29,56) r(38,83) a(38,96) d(39) a(38,35) r(38,133) a(31,76)
12; a(39,82) d(36) r(29,82) a(38,96) d(39) a(38,35) r(38,133) r(6,39)
13; d(32) a(5,162) a(36,37) a(29,56) r(38,83) d(29) r(39,66)
14; r(5,39) a(38,46) r(39,48) a(6,160) r(38,56) r(36,40) d(32) a(31,58)
15; r(35,58) d(38) r(39,73) r(32,91) d(38) a(37,73) d(5) d(37) d(31) d(36)
16; d(32) a(5,162) d(29) a(38,65) a(38,46) r(39,48) a(6,160) r(38,56) r(36,40) a(37,43) a(6,48)
17; r(32,40) a(32,93) d(38) r(6,104) d(39) a(38,65) r(38,50) r(31,80) d(36) d(37) d(5)
18; d(32) a(5,162) d(29) a(38,65) a(38,46) r(39,48) a(6,160) r(38,56) r(36,40) a(37,43) r(29,163) d(37) a(36,49) a(7,31)
19; r(5,39) a(29,78) d(32)
20; d(32) a(5,162) d(29) a(38,65) a(38,46) r(39,48) a(6,160) r(38,56) r(36,40) a(37,43) a(6,96)
21; r(5,39) a(29,78) r(29,163) d(37) a(36,49) d(32)
22; a(39,82) d(36) r(29,82) a(38,96) d(39) a(38,35) r(6,104) r(39,162) a(5,101) d(35)
23; r(32,40) a(32,93) d(38) r(38,133) d(7)
24; a(39,82) d(36) r(29,82) a(38,96) d(39) a(38,35) r(38,133) a(32,48)
25; r(32,40) a(32,93) d(38) r(6,104) r(39,162) a(5,101) r(31,60)
26; r(38,65) r(36,46) a(39,40) a(6,65) a(7,32) a(29,66) a(6,44) a(31,56) a(38,163) r(38,163) r(6,72) a(36,37) a(29,56) d(39) a(38,65) d(5) d(29) d(38) d(37) d(32)
27; a(39,32) a(31,47) a(38,160) a(7,82) d(6) r(39,48) r(5,154) d(38)
28; r(38,65) r(36,46) a(39,40) a(6,65) a(7,32) a(29,66) a(6,44) a(31,56) d(6) r(39,48) r(5,154) a(32,45)
29; a(39,32) a(31,47) a(38,160) a(7,82) a(38,163) r(38,163) r(6,72) a(36,37) a(29,56) d(39) a(38,65) d(5) d(29) d(38) d(37) d(32) r(36,56)
30; a(39,32) a(31,47) a(38,160) r(38,79) d(39) r(35,44) r(36,46) a(39,40) a(6,65) a(7,32) a(39,154) a(39,93) d(39) d(6) a(32,104)
31; a(39,32) a(31,47) a(38,160) r(38,79) d(39) r(35,44) r(36,46) a(39,40) a(6,65) a(7,32) a(39,154) a(39,93) d(39) d(6) a(29,39)
32; d(32) a(5,162) d(29) a(38,65) a(38,46) r(39,48) a(6,160) r(38,56) r(36,40) a(37,43) d(6)
33; d(32) a(5,162) d(38) d(5) r(39,73)
34; r(38,65) r(36,46) a(39,40) a(6,65) a(32,83) a(29,36) r(31,58) r(39,96)
35; d(32) a(5,162) a(36,37) a(29,56) r(38,83) d(29) r(39,35)
36; d(32) a(5,162) a(36,37) a(29,56) d(39) a(38,65) a(32,83) a(29,36) d(31) r(38,74)
37; a(39,32) a(31,47) a(38,160) a(38,61) r(39,61) r(37,80) r(5,53) d(5) d(29) d(38) d(36) a(37,40) d(35)
38; d(32) a(5,162) a(36,37) a(29,56) d(39) a(38,65) d(5) d(29) d(38) d(36) a(37,40) a(37,93)
39; a(39,32) a(31,47) a(38,160) a(38,61) r(39,61) r(37,80) r(5,53) a(32,83) a(29,36) d(31) d(29)
40; d(32) a(5,162) d(29) a(38,46) a(6,160) r(5,32) r(32,154) r(36,35) a(38,125)
41; r(32,40) a(32,93) d(38) r(6,104) r(38,48) d(37) a(29,66) r(38,50) d(39) r(29,128) d(37) a(36,43) a(36,78) a(36,50)
42; d(32) a(5,162) d(29) a(38,46) a(6,160) d(39) r(29,128) d(37) a(36,43) a(36,78) a(36,37)
43; r(32,40) a(32,93) d(38) r(6,104) r(38,48) d(37) a(29,66) r(38,50) r(5,32) r(32,154) r(36,35) r(29,5)
44; r(38,65) r(36,46) r(37,66) r(32,160)
45; r(38,65) r(36,46) r(31,65) r(6,128) r(38,79) d(39) r(35,44) r(5,72) r(32,66) a(39,40) a(6,65) a(32,83) a(29,36) r(31,58) r(29,32)
46; r(38,65) r(36,46) a(39,40) a(6,65) a(32,83) a(29,36) r(31,58) r(39,93)
47; r(38,65) r(36,46) r(31,65) r(6,128) r(38,79) d(39) r(35,44) r(5,72) r(32,66) r(37,66) a(29,91)
48; r(36,60) r(38,48) d(39) a(38,65) r(38,50) r(31,80) d(36) d(6) a(37,79)
49; r(38,65) a(5,47) a(29,78) r(29,163) a(32,31) a(39,65) d(39) r(5,36) r(36,76)
50; r(5,39) a(29,78) r(29,163) d(32) a(39,76) d(38)
51; a(39,32) a(31,47) a(38,160) a(38,61) r(39,61) r(37,80) r(5,53) a(32,83) a(29,36) a(36,91) d(39) r(38,82) d(36)
52; r(5,39) a(29,78) r(29,163) d(32) a(39,76) d(39) r(38,82) r(37,60)
53; a(39,32) a(31,47) a(38,160) a(38,61) r(39,61) r(37,80) r(5,53) a(32,83) a(29,36) a(36,91) a(36,128)
54; d(32) a(5,162) d(29) a(38,46) r(39,48) a(29,36) d(31) r(5,40)
55; a(39,32) a(31,47) a(38,160) a(38,61) r(39,61) r(37,80) r(5,53) a(32,83) a(6,160) d(37) a(32,31) a(39,65) d(39) a(36,37) a(35,145)
56; d(32) a(5,162) d(29) a(38,46) r(39,48) a(6,160) d(37) a(32,31) a(39,65) d(39) a(36,37) d(5)
57; a(39,32) a(31,47) a(38,160) a(38,61) r(39,61) r(37,80) r(5,53) a(32,83) a(29,36) d(31) d(29)
58; d(32) a(5,162) a(36,37) a(29,56) r(38,83) d(29) a(39,31)
59; r(36,60) r(38,48) r(38,48) d(37) a(29,66) r(38,50) r(5,32) r(35,43) a(32,50) d(32)
--------------------------------------------------------------------------------
Evaluation

0; 0.
1; 0.
2; 0.
3; 0.
4; 0.
5; 0.
6; 0.
7; 0.
8; 0.
9; 0.
10; 0.
11; 0.
12; 0.
13; 0.
14; 0.
15; 0.
16; 0.
17; 0.
18; 0.
19; 0.
20; 0.
21; 0.
22; 0.
23; 12.
24; 0.
25; 0.
26; 0.
27; 0.
28; 0.
29; 0.
30; 0.
31; 0.
32; 0.
33; 0.
34; 0.
35; 0.
36; 0.
37; 0.
38; 0.
39; 4.
40; 0.
41; 0.
42; 0.
43; 0.
44; 0.
45; 0.
46; 0.
47; 0.
48; 0.
49; 0.
50; 0.
51; 0.
52; 0.
53; 0.
54; 0.
55; 0.
56; 0.
57; 4.
58; 0.
59; 0.
================================================================================
Generation 10

--------------------------------------------------------------------------------
Selection

0; 17
1; 37
2; 19
3; 27
4; 9
5; 31
6; 31
7; 7
8; 30
9; 54
10; 51
11; 52
12; 0
13; 16
14; 42
15; 8
16; 59
17; 33
18; 34
19; 22
20; 52
21; 32
22; 46
23; 55
24; 54
25; 7
26; 45
27; 34
28; 36
29; 15
30; 49
31; 27
32; 19
33; 33
34; 16
35; 1
36; 20
37; 50
38; 33
39; 13
--------------------------------------------------------------------------------
Crossover

0; 9; d(32) a(5,162) r(31,65) r(6,128) r(38,79) d(39) r(29,128) d(37) a(36,43) r(5,42) a(36,65)
1; 16; d(32) a(5,162) d(29) a(38,65) a(38,46) r(39,48) a(6,160) r(38,56) r(36,40) a(37,43) a(6,48)
2; 52, 31; r(5,39) a(29,78) r(29,163) d(32) a(39,93) d(39) d(6) a(29,39)
3; 52, 31; a(39,32) a(31,47) a(38,160) r(38,79) d(39) r(35,44) r(36,46) a(39,40) a(6,65) a(7,32) a(39,154) a(39,76) d(39) r(38,82) r(37,60)
4; 52; r(5,39) a(29,78) r(29,163) d(32) a(39,76) d(39) r(38,82) r(37,60)
5; 31; a(39,32) a(31,47) a(38,160) r(38,79) d(39) r(35,44) r(36,46) a(39,40) a(6,65) a(7,32) a(39,154) a(39,93) d(39) d(6) a(29,39)
6; 15, 34; r(35,58) d(38) r(39,73)
7; 15, 34; r(38,65) r(36,46) a(39,40) a(6,65) a(32,83) a(29,36) r(31,58) r(39,96) r(32,91) d(38) a(37,73) d(5) d(37) d(31) d(36)
8; 15; r(35,58) d(38) r(39,73) r(32,91) d(38) a(37,73) d(5) d(37) d(31) d(36)
9; 34; r(38,65) r(36,46) a(39,40) a(6,65) a(32,83) a(29,36) r(31,58) r(39,96)
10; 8, 31; r(32,40) a(32,93) d(38) r(6,104) d(39) a(38,65) r(38,50) r(31,80) d(36) d(6) a(29,39)
11; 8, 31; a(39,32) a(31,47) a(38,160) r(38,79) d(39) r(35,44) r(36,46) a(39,40) a(6,65) a(7,32) a(39,154) a(39,93) d(39) d(37) r(29,162)
12; 8; r(32,40) a(32,93) d(38) r(6,104) d(39) a(38,65) r(38,50) r(31,80) d(36) d(37) r(29,162)
13; 31; a(39,32) a(31,47) a(38,160) r(38,79) d(39) r(35,44) r(36,46) a(39,40) a(6,65) a(7,32) a(39,154) a(39,93) d(39) d(6) a(29,39)
14; 27, 59; a(39,32) a(31,47) r(38,48) r(38,48) d(37) a(29,66) r(38,50) r(5,32) r(35,43) a(32,50) d(32)
15; 27, 59; r(36,60) a(38,160) a(7,82) d(6) r(39,48) r(5,154) d(38)
16; 27; a(39,32) a(31,47) a(38,160) a(7,82) d(6) r(39,48) r(5,154) d(38)
17; 59; r(36,60) r(38,48) r(38,48) d(37) a(29,66) r(38,50) r(5,32) r(35,43) a(32,50) d(32)
18; 13, 50; d(32) a(5,162) a(36,37) a(29,56)
19; 13, 50; r(5,39) a(29,78) r(29,163) d(32) a(39,76) d(38) r(38,83) d(29) r(39,66)
20; 13; d(32) a(5,162) a(36,37) a(29,56) r(38,83) d(29) r(39,66)
21; 50; r(5,39) a(29,78) r(29,163) d(32) a(39,76) d(38)
22; 0, 32; d(32) a(5,162) a(36,37) d(36) r(38,56) r(36,40) a(37,43) d(6)
23; 0, 32; d(32) a(5,162) d(29) a(38,65) a(38,46) r(39,48) a(6,160) d(37) d(31)
24; 0; d(32) a(5,162) a(36,37) d(36) d(37) d(31)
25; 32; d(32) a(5,162) d(29) a(38,65) a(38,46) r(39,48) a(6,160) r(38,56) r(36,40) a(37,43) d(6)
26; 52, 54; r(5,39) a(29,78) r(29,163) d(32) a(39,76) d(31) r(5,40)
27; 52, 54; d(32) a(5,162) d(29) a(38,46) r(39,48) a(29,36) d(39) r(38,82) r(37,60)
28; 52; r(5,39) a(29,78) r(29,163) d(32) a(39,76) d(39) r(38,82) r(37,60)
29; 54; d(32) a(5,162) d(29) a(38,46) r(39,48) a(29,36) d(31) r(5,40)
30; 20, 7; d(32) a(5,162) d(29) a(38,65) d(39) r(6,66) d(36)
31; 20, 7; r(38,65) a(5,47) a(29,78) r(29,163) a(32,31) a(39,65) a(38,46) r(39,48) a(6,160) r(38,56) r(36,40) a(37,43) a(6,96)
32; 20; d(32) a(5,162) d(29) a(38,65) a(38,46) r(39,48) a(6,160) r(38,56) r(36,40) a(37,43) a(6,96)
33; 7; r(38,65) a(5,47) a(29,78) r(29,163) a(32,31) a(39,65) d(39) r(6,66) d(36)
34; 34, 27; r(38,65) r(36,46) a(39,40) a(6,65) a(32,83)
35; 34, 27; a(39,32) a(31,47) a(38,160) a(7,82) d(6) r(39,48) r(5,154) d(38) a(29,36) r(31,58) r(39,96)
36; 34; r(38,65) r(36,46) a(39,40) a(6,65) a(32,83) a(29,36) r(31,58) r(39,96)
37; 27; a(39,32) a(31,47) a(38,160) a(7,82) d(6) r(39,48) r(5,154) d(38)
38; 19; r(5,39) a(29,78) d(32)
39; 33; d(32) a(5,162) d(38) d(5) r(39,73)
40; 37; a(39,32) a(31,47) a(38,160) a(38,61) r(39,61) r(37,80) r(5,53) d(5) d(29) d(38) d(36) a(37,40) d(35)
41; 45; r(38,65) r(36,46) r(31,65) r(6,128) r(38,79) d(39) r(35,44) r(5,72) r(32,66) a(39,40) a(6,65) a(32,83) a(29,36) r(31,58) r(29,32)
42; 33; d(32) a(5,162) d(38) d(5) r(39,73)
43; 30; a(39,32) a(31,47) a(38,160) r(38,79) d(39) r(35,44) r(36,46) a(39,40) a(6,65) a(7,32) a(39,154) a(39,93) d(39) d(6) a(32,104)
44; 17, 7; r(32,40) a(32,93) d(38) a(39,65) d(39) r(6,66) d(36)
45; 17, 7; r(38,65) a(5,47) a(29,78) r(29,163) a(32,31) r(6,104) d(39) a(38,65) r(38,50) r(31,80) d(36) d(37) d(5)
46; 17; r(32,40) a(32,93) d(38) r(6,104) d(39) a(38,65) r(38,50) r(31,80) d(36) d(37) d(5)
47; 7; r(38,65) a(5,47) a(29,78) r(29,163) a(32,31) a(39,65) d(39) r(6,66) d(36)
48; 51, 33; a(39,32) a(31,47) a(38,160) a(38,61) r(39,61) r(37,80) r(5,53) a(32,83) d(5) r(39,73)
49; 51, 33; d(32) a(5,162) d(38) a(29,36) a(36,91) d(39) r(38,82) d(36)
50; 51; a(39,32) a(31,47) a(38,160) a(38,61) r(39,61) r(37,80) r(5,53) a(32,83) a(29,36) a(36,91) d(39) r(38,82) d(36)
51; 33; d(32) a(5,162) d(38) d(5) r(39,73)
52; 49, 1; r(38,65) a(5,47) a(7,82) d(29) r(36,124)
53; 49, 1; r(32,40) a(32,93) d(38) r(6,104) d(39) a(38,65) r(38,50) r(31,80) a(29,56) d(39) a(38,65) r(38,50) r(31,80) a(29,78) r(29,163) a(32,31) a(39,65) d(39) r(5,36) r(36,76)
54; 49; r(38,65) a(5,47) a(29,78) r(29,163) a(32,31) a(39,65) d(39) r(5,36) r(36,76)
55; 1; r(32,40) a(32,93) d(38) r(6,104) d(39) a(38,65) r(38,50) r(31,80) a(29,56) d(39) a(38,65) r(38,50) r(31,80) a(7,82) d(29) r(36,124)
56; 42; d(32) a(5,162) d(29) a(38,46) a(6,160) d(39) r(29,128) d(37) a(36,43) a(36,78) a(36,37)
57; 55; a(39,32) a(31,47) a(38,160) a(38,61) r(39,61) r(37,80) r(5,53) a(32,83) a(6,160) d(37) a(32,31) a(39,65) d(39) a(36,37) a(35,145)
58; 46, 22; r(38,65) r(36,46) a(39,40) a(6,65) a(32,83) r(39,162) a(5,101) d(35)
59; 46, 22; a(39,82) d(36) r(29,82) a(38,96) d(39) a(38,35) r(6,104) a(29,36) r(31,58) r(39,93)
60; 46; r(38,65) r(36,46) a(39,40) a(6,65) a(32,83) a(29,36) r(31,58) r(39,93)
61; 22; a(39,82) d(36) r(29,82) a(38,96) d(39) a(38,35) r(6,104) r(39,162) a(5,101) d(35)
62; 19; r(5,39) a(29,78) d(32)
63; 16; d(32) a(5,162) d(29) a(38,65) a(38,46) r(39,48) a(6,160) r(38,56) r(36,40) a(37,43) a(6,48)
64; 54, 36; d(32) a(5,162) d(29) a(29,36) d(31) r(38,74)
65; 54, 36; d(32) a(5,162) a(36,37) a(29,56) d(39) a(38,65) a(32,83) a(38,46) r(39,48) a(29,36) d(31) r(5,40)
66; 54; d(32) a(5,162) d(29) a(38,46) r(39,48) a(29,36) d(31) r(5,40)
67; 36; d(32) a(5,162) a(36,37) a(29,56) d(39) a(38,65) a(32,83) a(29,36) d(31) r(38,74)
--------------------------------------------------------------------------------
Mutation

0; d(32) a(5,162) r(31,65) r(6,128) r(38,79) d(39) r(29,128) d(37) a(36,43) r(5,42) a(36,65) a(36,35)
1; d(32) a(5,162) d(29) a(38,65) a(38,46) r(39,48) a(6,160) r(38,56) r(36,40) a(37,43) a(6,48) r(7,65)
2; r(5,39) a(29,78) r(29,163) d(32) a(39,93) d(39) d(6) a(29,39) a(38,36)
3; a(39,32) a(31,47) a(38,160) r(38,79) d(39) r(35,44) r(36,46) a(39,40) a(6,65) a(7,32) a(39,154) a(39,76) d(39) r(38,82) r(37,60) r(6,65)
4; r(5,39) a(29,78) r(29,163) d(32) a(39,76) d(39) r(38,82) r(37,60) r(36,58)
5; a(39,32) a(31,47) a(38,160) r(38,79) d(39) r(35,44) r(36,46) a(39,40) a(6,65) a(7,32) a(39,154) a(39,93) d(39) d(6) a(29,39) a(37,154)
6; r(35,58) d(38) r(39,73) a(36,32)
7; r(38,65) r(36,46) a(39,40) a(6,65) a(32,83) a(29,36) r(31,58) r(39,96) r(32,91) d(38) a(37,73) d(5) d(37) d(31) d(36) a(29,36)
8; r(35,58) d(38) r(39,73) r(32,91) d(38) a(37,73) d(5) d(37) d(31) d(36) a(29,66)
9; r(38,65) r(36,46) a(39,40) a(6,65) a(32,83) a(29,36) r(31,58) r(39,96) r(5,65)
10; r(32,40) a(32,93) d(38) r(6,104) d(39) a(38,65) r(38,50) r(31,80) d(36) d(6) a(29,39) a(29,5)
11; a(39,32) a(31,47) a(38,160) r(38,79) d(39) r(35,44) r(36,46) a(39,40) a(6,65) a(7,32) a(39,154) a(39,93) d(39) d(37) r(29,162) r(5,36)
12; r(32,40) a(32,93) d(38) r(6,104) d(39) a(38,65) r(38,50) r(31,80) d(36) d(37) r(29,162) d(5)
13; a(39,32) a(31,47) a(38,160) r(38,79) d(39) r(35,44) r(36,46) a(39,40) a(6,65) a(7,32) a(39,154) a(39,93) d(39) d(6) a(29,39) d(32)
14; a(39,32) a(31,47) r(38,48) r(38,48) d(37) a(29,66) r(38,50) r(5,32) r(35,43) a(32,50) d(32) a(31,66)
15; r(36,60) a(38,160) a(7,82) d(6) r(39,48) r(5,154) d(38) a(31,74)
16; a(39,32) a(31,47) a(38,160) a(7,82) d(6) r(39,48) r(5,154) d(38) d(36)
17; r(36,60) r(38,48) r(38,48) d(37) a(29,66) r(38,50) r(5,32) r(35,43) a(32,50) d(32) a(29,31)
18; d(32) a(5,162) a(36,37) a(29,56) r(38,49)
19; r(5,39) a(29,78) r(29,163) d(32) a(39,76) d(38) r(38,83) d(29) r(39,66) a(36,38)
20; d(32) a(5,162) a(36,37) a(29,56) r(38,83) d(29) r(39,66) d(37)
21; r(5,39) a(29,78) r(29,163) d(32) a(39,76) d(38) d(39)
22; d(32) a(5,162) a(36,37) d(36) r(38,56) r(36,40) a(37,43) d(6) d(37)
23; d(32) a(5,162) d(29) a(38,65) a(38,46) r(39,48) a(6,160) d(37) d(31) r(5,104)
24; d(32) a(5,162) a(36,37) d(36) d(37) d(31) r(29,74)
25; d(32) a(5,162) d(29) a(38,65) a(38,46) r(39,48) a(6,160) r(38,56) r(36,40) a(37,43) d(6) r(37,76)
26; r(5,39) a(29,78) r(29,163) d(32) a(39,76) d(31) r(5,40) a(39,37)
27; d(32) a(5,162) d(29) a(38,46) r(39,48) a(29,36) d(39) r(38,82) r(37,60) r(7,50)
28; r(5,39) a(29,78) r(29,163) d(32) a(39,76) d(39) r(38,82) r(37,60) r(36,154)
29; d(32) a(5,162) d(29) a(38,46) r(39,48) a(29,36) d(31) r(5,40) a(36,45)
30; d(32) a(5,162) d(29) a(38,65) d(39) r(6,66) d(36) r(38,65)
31; r(38,65) a(5,47) a(29,78) r(29,163) a(32,31) a(39,65) a(38,46) r(39,48) a(6,160) r(38,56) r(36,40) a(37,43) a(6,96) d(35)
32; d(32) a(5,162) d(29) a(38,65) a(38,46) r(39,48) a(6,160) r(38,56) r(36,40) a(37,43) a(6,96) r(6,76)
33; r(38,65) a(5,47) a(29,78) r(29,163) a(32,31) a(39,65) d(39) r(6,66) d(36) r(35,36)
34; r(38,65) r(36,46) a(39,40) a(6,65) a(32,83) a(29,160)
35; a(39,32) a(31,47) a(38,160) a(7,82) d(6) r(39,48) r(5,154) d(38) a(29,36) r(31,58) r(39,96) r(29,76)
36; r(38,65) r(36,46) a(39,40) a(6,65) a(32,83) a(29,36) r(31,58) r(39,96) a(29,72)
37; a(39,32) a(31,47) a(38,160) a(7,82) d(6) r(39,48) r(5,154) d(38) d(32)
38; r(5,39) a(29,78) d(32) r(31,162)
39; d(32) a(5,162) d(38) d(5) r(39,73) a(31,47)
40; a(39,32) a(31,47) a(38,160) a(38,61) r(39,61) r(37,80) r(5,53) d(5) d(29) d(38) d(36) a(37,40) d(35) r(32,160)
41; r(38,65) r(36,46) r(31,65) r(6,128) r(38,79) d(39) r(35,44) r(5,72) r(32,66) a(39,40) a(6,65) a(32,83) a(29,36) r(31,58) r(29,32) a(37,162)
42; d(32) a(5,162) d(38) d(5) r(39,73) d(37)
43; a(39,32) a(31,47) a(38,160) r(38,79) d(39) r(35,44) r(36,46) a(39,40) a(6,65) a(7,32) a(39,154) a(39,93) d(39) d(6) a(32,104) a(31,66)
44; r(32,40) a(32,93) d(38) a(39,65) d(39) r(6,66) d(36) r(37,73)
45; r(38,65) a(5,47) a(29,78) r(29,163) a(32,31) r(6,104) d(39) a(38,65) r(38,50) r(31,80) d(36) d(37) d(5) r(35,43)
46; r(32,40) a(32,93) d(38) r(6,104) d(39) a(38,65) r(38,50) r(31,80) d(36) d(37) d(5) d(29)
47; r(38,65) a(5,47) a(29,78) r(29,163) a(32,31) a(39,65) d(39) r(6,66) d(36) a(32,61)
48; a(39,32) a(31,47) a(38,160) a(38,61) r(39,61) r(37,80) r(5,53) a(32,83) d(5) r(39,73) a(36,48)
49; d(32) a(5,162) d(38) a(29,36) a(36,91) d(39) r(38,82) d(36) d(6)
50; a(39,32) a(31,47) a(38,160) a(38,61) r(39,61) r(37,80) r(5,53) a(32,83) a(29,36) a(36,91) d(39) r(38,82) d(36) r(32,58)
51; d(32) a(5,162) d(38) d(5) r(39,73) a(37,74)
52; r(38,65) a(5,47) a(7,82) d(29) r(36,124) d(39)
53; r(32,40) a(32,93) d(38) r(6,104) d(39) a(38,65) r(38,50) r(31,80) a(29,56) d(39) a(38,65) r(38,50) r(31,80) a(29,78) r(29,163) a(32,31) a(39,65) d(39) r(5,36) r(36,76) d(37)
54; r(38,65) a(5,47) a(29,78) r(29,163) a(32,31) a(39,65) d(39) r(5,36) r(36,76) d(35)
55; r(32,40) a(32,93) d(38) r(6,104) d(39) a(38,65) r(38,50) r(31,80) a(29,56) d(39) a(38,65) r(38,50) r(31,80) a(7,82) d(29) r(36,124) r(37,48)
56; d(32) a(5,162) d(29) a(38,46) a(6,160) d(39) r(29,128) d(37) a(36,43) a(36,78) a(36,37) a(6,95)
57; a(39,32) a(31,47) a(38,160) a(38,61) r(39,61) r(37,80) r(5,53) a(32,83) a(6,160) d(37) a(32,31) a(39,65) d(39) a(36,37) a(35,145) d(36)
58; r(38,65) r(36,46) a(39,40) a(6,65) a(32,83) r(39,162) a(5,101) d(35) r(32,42)
59; a(39,82) d(36) r(29,82) a(38,96) d(39) a(38,35) r(6,104) a(29,36) r(31,58) r(39,93) d(38)
60; r(38,65) r(36,46) a(39,40) a(6,65) a(32,83) a(29,36) r(31,58) r(39,93) d(35)
61; a(39,82) d(36) r(29,82) a(38,96) d(39) a(38,35) r(6,104) r(39,162) a(5,101) d(35) d(38)
62; r(5,39) a(29,78) d(32) a(39,154)
63; d(32) a(5,162) d(29) a(38,65) a(38,46) r(39,48) a(6,160) r(38,56) r(36,40) a(37,43) a(6,48) a(37,101)
64; d(32) a(5,162) d(29) a(29,36) d(31) r(38,74) r(6,49)
65; d(32) a(5,162) a(36,37) a(29,56) d(39) a(38,65) a(32,83) a(38,46) r(39,48) a(29,36) d(31) r(5,40) r(38,145)
66; d(32) a(5,162) d(29) a(38,46) r(39,48) a(29,36) d(31) r(5,40) r(38,5)
67; d(32) a(5,162) a(36,37) a(29,56) d(39) a(38,65) a(32,83) a(29,36) d(31) r(38,74) d(5)
--------------------------------------------------------------------------------
Evaluation

0; 0.
1; 0.
2; 0.
3; 0.
4; 0.
5; 0.
6; 0.
7; 0.
8; 0.
9; 0.
10; 0.
11; 0.
12; 0.
13; 0.
14; 0.
15; 0.
16; 0.
17; 0.
18; 0.
19; 0.
20; 0.
21; 0.
22; 0.
23; 0.
24; 0.
25; 0.
26; 0.
27; 0.
28; 0.
29; 0.
30; 0.
31; 0.
32; 0.
33; 0.
34; 0.
35; 4.
36; 0.
37; 0.
38; 0.
39; 0.
40; 0.
41; 0.
42; 0.
43; 0.
44; 0.
45; 0.
46; 0.
47; 0.
48; 0.
49; 0.
50; 0.
51; 0.
52; 0.
53; 12.
54; 0.
55; 0.
56; 0.
57; 0.
58; 12.
59; 0.
60; 0.
61; 0.
62; 0.
63; 0.
64; 0.
65; 0.
66; 0.
67; 0.
