================================================================================
Enclosure

1: 0
2: 0
3: 0
4: 0
5: 0
6: 5
7: 6
8: 7
11: 5
12: 11
14: 0
16: 0
18: 0
19: 0
20: 19
21: 19
26: 11
27: 5
28: 5
29: 0
30: 29
31: 29
32: 0
33: 32
34: 32
35: 32
36: 0
37: 0
38: 37
39: 37
40: 37
41: 0
42: 0
43: 0
44: 0
45: 0
46: 45
47: 45
48: 45
49: 48
50: 48
51: 48
52: 51
53: 52
56: 45
57: 45
58: 57
60: 45
61: 45
63: 0
65: 63
66: 0
68: 0
71: 45
72: 0
73: 0
74: 73
75: 73
76: 75
78: 73
79: 73
80: 79
81: 79
82: 73
83: 73
85: 0
86: 0
90: 0
91: 90
92: 90
93: 92
95: 90
96: 90
98: 0
101: 0
102: 0
103: 102
104: 103
106: 102
107: 106
108: 106
109: 102
110: 102
111: 0
112: 111
113: 111
114: 113
115: 113
116: 115
117: 115
118: 113
119: 111
120: 0
121: 0
122: 121
123: 121
124: 123
125: 123
126: 121
128: 126
129: 121
130: 121
131: 121
132: 0
133: 0
134: 0
135: 134
136: 134
137: 134
138: 134
139: 134
140: 139
142: 139
143: 142
145: 142
146: 134
147: 146
148: 146
149: 148
150: 148
151: 148
152: 151
154: 146
155: 134
156: 155
157: 155
158: 157
159: 157
160: 155
161: 134
162: 134
163: 0
================================================================================
Initialisation

0; r(39,124); 4.
1; a(36,43); 4.
2; a(39,36); 4.
3; r(39,47); 4.
4; r(39,65); 4.
5; r(38,47); 4.
6; r(38,29); 4.
7; a(38,43); 4.
8; d(29); 4.
9; r(38,90); 4.
10; d(39); 4.
11; d(38); 4.
12; r(38,96); 4.
13; r(39,101); 4.
14; d(29); 4.
15; a(38,48); 4.
16; d(29); 4.
17; a(38,39); 4.
18; r(7,154); 12.
19; a(29,43); 0.
20; d(38); 4.
21; r(39,42); 4.
22; d(39); 4.
23; r(38,44); 4.
24; a(39,76); 4.
25; a(37,162); 4.
26; d(36); 0.
27; r(38,50); 4.
28; d(39); 4.
29; a(36,82); 4.
30; a(31,46); 4.
31; r(38,49); 4.
32; a(39,36); 4.
33; a(6,51); 4.
34; r(7,93); 12.
35; a(39,39); 4.
36; a(38,95); 4.
37; d(38); 4.
38; a(29,58); 4.
39; original; 4.
================================================================================
Generation 1

--------------------------------------------------------------------------------
Selection

0; 29
1; 22
2; 37
3; 26
4; 22
5; 10
6; 0
7; 38
8; 1
9; 22
10; 10
11; 10
12; 24
13; 32
14; 26
15; 15
16; 4
17; 2
18; 23
19; 15
20; 0
21; 14
22; 3
23; 30
24; 15
25; 26
26; 36
27; 26
28; 2
29; 19
30; 26
31; 15
32; 35
33; 27
34; 13
35; 6
36; 32
37; 7
38; 20
39; 4
--------------------------------------------------------------------------------
Crossover

0; 23, 3; r(38,44)
1; 23, 3; r(39,47)
2; 23; r(38,44)
3; 3; r(39,47)
4; 15; a(38,48)
5; 26; d(36)
6; 13; r(39,101)
7; 0; r(39,124)
8; 2, 6; a(39,36)
9; 2, 6; r(38,29)
10; 2; a(39,36)
11; 6; r(38,29)
12; 35, 10; a(39,39)
13; 35, 10; d(39)
14; 35; a(39,39)
15; 10; d(39)
16; 15; a(38,48)
17; 32; a(39,36)
18; 20; d(38)
19; 26; d(36)
20; 36, 29; a(38,95)
21; 36, 29; a(36,82)
22; 36; a(38,95)
23; 29; a(36,82)
24; 38; a(29,58)
25; 30; a(31,46)
26; 26; d(36)
27; 10; d(39)
28; 26; d(36)
29; 0; r(39,124)
30; 10; d(39)
31; 4; r(39,65)
32; 4, 22; r(39,65)
33; 4, 22; d(39)
34; 4; r(39,65)
35; 22; d(39)
36; 37; d(38)
37; 14; d(29)
38; 22, 19; d(39)
39; 22, 19; a(29,43)
40; 22; d(39)
41; 19; a(29,43)
42; 24, 2; a(39,76)
43; 24, 2; a(39,36)
44; 24; a(39,76)
45; 2; a(39,36)
46; 26; d(36)
47; 15; a(38,48)
48; 7; a(38,43)
49; 22; d(39)
50; 27; r(38,50)
51; 1; a(36,43)
52; 15, 32; a(38,48)
53; 15, 32; a(39,36)
54; 15; a(38,48)
55; 32; a(39,36)
--------------------------------------------------------------------------------
Mutation

0; r(38,44) d(39)
1; r(39,47) d(38)
2; r(38,44) a(7,31)
3; r(39,47) d(38)
4; a(38,48) r(39,128)
5; d(36) r(39,45)
6; r(39,101) r(38,128)
7; r(39,124) a(38,39)
8; a(39,36) r(29,38)
9; r(38,29) r(39,50)
10; a(39,36) r(37,44)
11; r(38,29) r(39,95)
12; a(39,39) a(38,76)
13; d(39) a(38,32)
14; a(39,39) a(38,43)
15; d(39) d(6)
16; a(38,48) r(39,66)
17; a(39,36) d(38)
18; d(38) r(39,45)
19; d(36) d(38)
20; a(38,95) d(38)
21; a(36,82) d(38)
22; a(38,95) a(5,47)
23; a(36,82) r(38,56)
24; a(29,58) r(36,72)
25; a(31,46) d(36)
26; d(36) a(38,80)
27; d(39) r(38,53)
28; d(36) r(38,40)
29; r(39,124) d(38)
30; d(39) r(7,51)
31; r(39,65) r(38,145)
32; r(39,65) a(38,60)
33; d(39) a(38,50)
34; r(39,65) a(38,37)
35; d(39) a(38,50)
36; d(38) a(6,5)
37; d(29) d(36)
38; d(39) d(36)
39; a(29,43) d(29)
40; d(39) a(31,80)
41; a(29,43) a(36,42)
42; a(39,76) d(31)
43; a(39,36) a(39,29)
44; a(39,76) a(32,80)
45; a(39,36) d(39)
46; d(36) d(39)
47; a(38,48) r(7,79)
48; a(38,43) r(5,39)
49; d(39) r(38,39)
50; r(38,50) r(39,91)
51; a(36,43) r(39,29)
52; a(38,48) a(39,5)
53; a(39,36) a(38,79)
54; a(38,48) d(7)
55; a(39,36) a(39,61)
--------------------------------------------------------------------------------
Evaluation

0; 4.
1; 4.
2; 4.
3; 4.
4; 4.
5; 0.
6; 4.
7; 4.
8; 4.
9; 4.
10; 4.
11; 4.
12; 4.
13; 4.
14; 4.
15; 0.
16; 4.
17; 4.
18; 4.
19; 0.
20; 4.
21; 4.
22; 0.
23; 4.
24; 0.
25; 0.
26; 0.
27; 4.
28; 0.
29; 4.
30; 12.
31; 4.
32; 4.
33; 4.
34; 4.
35; 4.
36; 4.
37; 0.
38; 0.
39; 0.
40; 4.
41; 0.
42; 4.
43; 4.
44; 4.
45; 4.
46; 0.
47; 0.
48; 0.
49; 4.
50; 4.
51; 4.
52; 4.
53; 4.
54; 12.
55; 4.
================================================================================
Generation 2

--------------------------------------------------------------------------------
Selection

0; 38
1; 24
2; 44
3; 22
4; 47
5; 55
6; 44
7; 2
8; 13
9; 7
10; 3
11; 48
12; 40
13; 48
14; 3
15; 5
16; 3
17; 28
18; 6
19; 18
20; 37
21; 15
22; 18
23; 49
24; 13
25; 47
26; 28
27; 22
28; 22
29; 11
30; 32
31; 37
32; 28
33; 33
34; 35
35; 47
36; 10
37; 48
38; 48
39; 11
--------------------------------------------------------------------------------
Crossover

0; 48, 44; a(38,43)
1; 48, 44; a(39,76) a(32,80) r(5,39)
2; 48; a(38,43) r(5,39)
3; 44; a(39,76) a(32,80)
4; 22, 48; a(38,95)
5; 22, 48; a(38,43) r(5,39) a(5,47)
6; 22; a(38,95) a(5,47)
7; 48; a(38,43) r(5,39)
8; 13, 3; d(39) a(38,32)
9; 13, 3; r(39,47) d(38)
10; 13; d(39) a(38,32)
11; 3; r(39,47) d(38)
12; 11, 13; r(38,29) r(39,95) a(38,32)
13; 11, 13; d(39)
14; 11; r(38,29) r(39,95)
15; 13; d(39) a(38,32)
16; 44, 47; a(39,76) a(32,80)
17; 44, 47; a(38,48) r(7,79)
18; 44; a(39,76) a(32,80)
19; 47; a(38,48) r(7,79)
20; 22; a(38,95) a(5,47)
21; 47; a(38,48) r(7,79)
22; 28, 18; d(36) r(38,40) r(39,45)
23; 28, 18; d(38)
24; 28; d(36) r(38,40)
25; 18; d(38) r(39,45)
26; 10, 3; a(39,36) d(38)
27; 10, 3; r(39,47) r(37,44)
28; 10; a(39,36) r(37,44)
29; 3; r(39,47) d(38)
30; 28; d(36) r(38,40)
31; 37; d(29) d(36)
32; 6; r(39,101) r(38,128)
33; 22; a(38,95) a(5,47)
34; 18; d(38) r(39,45)
35; 35; d(39) a(38,50)
36; 3, 37; r(39,47) d(36)
37; 3, 37; d(29) d(38)
38; 3; r(39,47) d(38)
39; 37; d(29) d(36)
40; 48, 49; a(38,43) r(5,39) r(38,39)
41; 48, 49; d(39)
42; 48; a(38,43) r(5,39)
43; 49; d(39) r(38,39)
44; 24, 33; a(29,58) r(36,72) a(38,50)
45; 24, 33; d(39)
46; 24; a(29,58) r(36,72)
47; 33; d(39) a(38,50)
48; 32, 48; r(39,65) r(5,39)
49; 32, 48; a(38,43) a(38,60)
50; 32; r(39,65) a(38,60)
51; 48; a(38,43) r(5,39)
52; 7, 15; r(39,124) a(38,39)
53; 7, 15; d(39) d(6)
54; 7; r(39,124) a(38,39)
55; 15; d(39) d(6)
56; 40; d(39) a(31,80)
57; 47; a(38,48) r(7,79)
58; 38, 28; d(39) r(38,40)
59; 38, 28; d(36) d(36)
60; 38; d(39) d(36)
61; 28; d(36) r(38,40)
62; 55, 5; a(39,36) r(39,45)
63; 55, 5; d(36) a(39,61)
64; 55; a(39,36) a(39,61)
65; 5; d(36) r(39,45)
66; 2, 11; r(38,44) a(7,31) r(39,95)
67; 2, 11; r(38,29)
68; 2; r(38,44) a(7,31)
69; 11; r(38,29) r(39,95)
--------------------------------------------------------------------------------
Mutation

0; a(38,43) a(39,80)
1; a(39,76) a(32,80) r(5,39) a(39,72)
2; a(38,43) r(5,39) r(38,53)
3; a(39,76) a(32,80) d(6)
4; a(38,95) d(37)
5; a(38,43) r(5,39) a(5,47) r(39,42)
6; a(38,95) a(5,47) a(38,5)
7; a(38,43) r(5,39) d(37)
8; d(39) a(38,32) a(38,154)
9; r(39,47) d(38) r(29,145)
10; d(39) a(38,32) r(32,35)
11; r(39,47) d(38) a(32,108)
12; r(38,29) r(39,95) a(38,32) d(32)
13; d(39) a(36,61)
14; r(38,29) r(39,95) d(7)
15; d(39) a(38,32) d(31)
16; a(39,76) a(32,80) d(38)
17; a(38,48) r(7,79) d(38)
18; a(39,76) a(32,80) a(38,56)
19; a(38,48) r(7,79) d(6)
20; a(38,95) a(5,47) r(29,45)
21; a(38,48) r(7,79) a(32,101)
22; d(36) r(38,40) r(39,45) d(7)
23; d(38) a(39,82)
24; d(36) r(38,40) a(39,44)
25; d(38) r(39,45) d(29)
26; a(39,36) d(38) d(39)
27; r(39,47) r(37,44) d(31)
28; a(39,36) r(37,44) a(29,78)
29; r(39,47) d(38) d(31)
30; d(36) r(38,40) r(29,42)
31; d(29) d(36) d(39)
32; r(39,101) r(38,128) a(37,145)
33; a(38,95) a(5,47) d(38)
34; d(38) r(39,45) d(6)
35; d(39) a(38,50) d(38)
36; r(39,47) d(36) d(31)
37; d(29) d(38) r(37,49)
38; r(39,47) d(38) a(29,162)
39; d(29) d(36) a(39,95)
40; a(38,43) r(5,39) r(38,39) d(29)
41; d(39) d(38)
42; a(38,43) r(5,39) d(35)
43; d(39) r(38,39) a(36,128)
44; a(29,58) r(36,72) a(38,50) a(29,38)
45; d(39) r(37,133)
46; a(29,58) r(36,72) a(38,60)
47; d(39) a(38,50) d(29)
48; r(39,65) r(5,39) r(38,108)
49; a(38,43) a(38,60) d(38)
50; r(39,65) a(38,60) r(36,35)
51; a(38,43) r(5,39) a(31,91)
52; r(39,124) a(38,39) r(5,42)
53; d(39) d(6) r(36,80)
54; r(39,124) a(38,39) d(38)
55; d(39) d(6) a(38,93)
56; d(39) a(31,80) r(38,58)
57; a(38,48) r(7,79) r(39,31)
58; d(39) r(38,40) d(7)
59; d(36) d(36) a(39,42)
60; d(39) d(36) a(38,125)
61; d(36) r(38,40) a(29,125)
62; a(39,36) r(39,45) r(5,40)
63; d(36) a(39,61) a(6,40)
64; a(39,36) a(39,61) d(38)
65; d(36) r(39,45) d(6)
66; r(38,44) a(7,31) r(39,95) d(37)
67; r(38,29) d(39)
68; r(38,44) a(7,31) r(37,95)
69; r(38,29) r(39,95) r(7,45)
--------------------------------------------------------------------------------
Evaluation

0; 4.
1; 0.
2; 0.
3; 0.
4; 4.
5; 0.
6; 0.
7; 0.
8; 4.
9; 4.
10; 4.
11; 4.
12; 0.
13; 4.
14; 12.
15; 4.
16; 4.
17; 0.
18; 4.
19; 0.
20; 0.
21; 0.
22; 12.
23; 4.
24; 0.
25; 4.
26; 4.
27; 4.
28; 0.
29; 4.
30; 0.
31; 0.
32; 4.
33; 0.
34; 0.
35; 4.
36; 0.
37; 4.
38; 4.
39; 0.
40; 0.
41; 4.
42; 0.
43; 4.
44; 0.
45; 0.
46; 0.
47; 4.
48; 0.
49; 4.
50; 0.
51; 0.
52; 4.
53; 0.
54; 4.
55; 0.
56; 4.
57; 0.
58; 12.
59; 0.
60; 0.
61; 0.
62; 4.
63; 0.
64; 4.
65; 0.
66; 4.
67; 4.
68; 4.
69; 0.
================================================================================
Generation 3

--------------------------------------------------------------------------------
Selection

0; 21
1; 10
2; 44
3; 28
4; 27
5; 56
6; 57
7; 65
8; 56
9; 4
10; 7
11; 55
12; 31
13; 27
14; 28
15; 34
16; 69
17; 59
18; 23
19; 28
20; 34
21; 2
22; 24
23; 20
24; 69
25; 2
26; 50
27; 59
28; 33
29; 37
30; 39
31; 44
32; 23
33; 34
34; 66
35; 43
36; 44
37; 31
38; 16
39; 25
--------------------------------------------------------------------------------
Crossover

0; 27; r(39,47) r(37,44) d(31)
1; 37; d(29) d(38) r(37,49)
2; 44; a(29,58) r(36,72) a(38,50) a(29,38)
3; 34; d(38) r(39,45) d(6)
4; 20; a(38,95) a(5,47) r(29,45)
5; 27; r(39,47) r(37,44) d(31)
6; 24, 69; d(36) r(38,40) a(39,44) r(39,95) r(7,45)
7; 24, 69; r(38,29)
8; 24; d(36) r(38,40) a(39,44)
9; 69; r(38,29) r(39,95) r(7,45)
10; 34; d(38) r(39,45) d(6)
11; 28; a(39,36) r(37,44) a(29,78)
12; 25, 21; d(38) r(39,45)
13; 25, 21; a(38,48) r(7,79) a(32,101) d(29)
14; 25; d(38) r(39,45) d(29)
15; 21; a(38,48) r(7,79) a(32,101)
16; 10, 44; d(39) a(38,32) r(32,35) r(36,72) a(38,50) a(29,38)
17; 10, 44; a(29,58)
18; 10; d(39) a(38,32) r(32,35)
19; 44; a(29,58) r(36,72) a(38,50) a(29,38)
20; 59; d(36) d(36) a(39,42)
21; 31; d(29) d(36) d(39)
22; 7, 33; a(38,43) r(5,39) d(37)
23; 7, 33; a(38,95) a(5,47) d(38)
24; 7; a(38,43) r(5,39) d(37)
25; 33; a(38,95) a(5,47) d(38)
26; 59, 23; d(36) d(36)
27; 59, 23; d(38) a(39,82) a(39,42)
28; 59; d(36) d(36) a(39,42)
29; 23; d(38) a(39,82)
30; 2; a(38,43) r(5,39) r(38,53)
31; 16; a(39,76) a(32,80) d(38)
32; 56, 39; d(39) a(31,80)
33; 56, 39; d(29) d(36) a(39,95) r(38,58)
34; 56; d(39) a(31,80) r(38,58)
35; 39; d(29) d(36) a(39,95)
36; 57; a(38,48) r(7,79) r(39,31)
37; 4; a(38,95) d(37)
38; 2, 66; a(38,43) r(5,39) d(37)
39; 2, 66; r(38,44) a(7,31) r(39,95) r(38,53)
40; 2; a(38,43) r(5,39) r(38,53)
41; 66; r(38,44) a(7,31) r(39,95) d(37)
42; 34; d(38) r(39,45) d(6)
43; 43; d(39) r(38,39) a(36,128)
44; 55; d(39) d(6) a(38,93)
45; 44; a(29,58) r(36,72) a(38,50) a(29,38)
46; 28, 31; a(39,36) r(37,44) d(39)
47; 28, 31; d(29) d(36) a(29,78)
48; 28; a(39,36) r(37,44) a(29,78)
49; 31; d(29) d(36) d(39)
50; 50; r(39,65) a(38,60) r(36,35)
51; 23; d(38) a(39,82)
52; 28; a(39,36) r(37,44) a(29,78)
53; 56; d(39) a(31,80) r(38,58)
54; 65; d(36) r(39,45) d(6)
55; 69; r(38,29) r(39,95) r(7,45)
--------------------------------------------------------------------------------
Mutation

0; r(39,47) r(37,44) d(31) r(35,162)
1; d(29) d(38) r(37,49) d(35)
2; a(29,58) r(36,72) a(38,50) a(29,38) d(39)
3; d(38) r(39,45) d(6) a(31,124)
4; a(38,95) a(5,47) r(29,45) d(38)
5; r(39,47) r(37,44) d(31) d(29)
6; d(36) r(38,40) a(39,44) r(39,95) r(7,45) r(31,108)
7; r(38,29) d(32)
8; d(36) r(38,40) a(39,44) a(39,128)
9; r(38,29) r(39,95) r(7,45) r(6,74)
10; d(38) r(39,45) d(6) r(32,38)
11; a(39,36) r(37,44) a(29,78) r(32,91)
12; d(38) r(39,45) d(32)
13; a(38,48) r(7,79) a(32,101) d(29) d(39)
14; d(38) r(39,45) d(29) a(7,74)
15; a(38,48) r(7,79) a(32,101) d(39)
16; d(39) a(38,32) r(32,35) r(36,72) a(38,50) a(29,38) a(6,41)
17; a(29,58) d(38)
18; d(39) a(38,32) r(32,35) r(38,80)
19; a(29,58) r(36,72) a(38,50) a(29,38) d(38)
20; d(36) d(36) a(39,42) d(38)
21; d(29) d(36) d(39) a(6,125)
22; a(38,43) r(5,39) d(37) r(36,31)
23; a(38,95) a(5,47) d(38) r(39,42)
24; a(38,43) r(5,39) d(37) r(36,53)
25; a(38,95) a(5,47) d(38) d(39)
26; d(36) d(36) d(32)
27; d(38) a(39,82) a(39,42) a(39,31)
28; d(36) d(36) a(39,42) d(38)
29; d(38) a(39,82) a(5,76)
30; a(38,43) r(5,39) r(38,53) a(39,90)
31; a(39,76) a(32,80) d(38) r(39,29)
32; d(39) a(31,80) d(32)
33; d(29) d(36) a(39,95) r(38,58) a(5,93)
34; d(39) a(31,80) r(38,58) d(37)
35; d(29) d(36) a(39,95) d(39)
36; a(38,48) r(7,79) r(39,31) d(38)
37; a(38,95) d(37) a(7,37)
38; a(38,43) r(5,39) d(37) r(31,56)
39; r(38,44) a(7,31) r(39,95) r(38,53) d(7)
40; a(38,43) r(5,39) r(38,53) d(39)
41; r(38,44) a(7,31) r(39,95) d(37) a(32,73)
42; d(38) r(39,45) d(6) a(5,41)
43; d(39) r(38,39) a(36,128) a(31,43)
44; d(39) d(6) a(38,93) d(38)
45; a(29,58) r(36,72) a(38,50) a(29,38) d(37)
46; a(39,36) r(37,44) d(39) a(7,73)
47; d(29) d(36) a(29,78) a(38,163)
48; a(39,36) r(37,44) a(29,78) a(6,76)
49; d(29) d(36) d(39) a(35,47)
50; r(39,65) a(38,60) r(36,35) d(37)
51; d(38) a(39,82) a(39,31)
52; a(39,36) r(37,44) a(29,78) r(36,162)
53; d(39) a(31,80) r(38,58) a(29,5)
54; d(36) r(39,45) d(6) a(38,5)
55; r(38,29) r(39,95) r(7,45) a(29,46)
--------------------------------------------------------------------------------
Evaluation

0; 0.
1; 0.
2; 0.
3; 0.
4; 0.
5; 4.
6; 0.
7; 0.
8; 0.
9; 0.
10; 0.
11; 0.
12; 0.
13; 0.
14; 4.
15; 0.
16; 0.
17; 4.
18; 4.
19; 0.
20; 0.
21; 0.
22; 0.
23; 0.
24; 0.
25; 0.
26; 0.
27; 4.
28; 0.
29; 4.
30; 0.
31; 4.
32; 0.
33; 0.
34; 4.
35; 0.
36; 0.
37; 4.
38; 0.
39; 12.
40; 0.
41; 0.
42; 0.
43; 0.
44; 0.
45; 0.
46; 4.
47; 12.
48; 0.
49; 0.
50; 0.
51; 4.
52; 0.
53; 4.
54; 0.
55; 0.
================================================================================
Generation 4

--------------------------------------------------------------------------------
Selection

0; 30
1; 38
2; 28
3; 41
4; 21
5; 13
6; 6
7; 24
8; 0
9; 36
10; 35
11; 44
12; 45
13; 30
14; 7
15; 2
16; 19
17; 4
18; 0
19; 28
20; 32
21; 36
22; 38
23; 16
24; 11
25; 19
26; 5
27; 0
28; 19
29; 54
30; 50
31; 52
32; 38
33; 46
34; 24
35; 26
36; 54
37; 2
38; 21
39; 53
--------------------------------------------------------------------------------
Crossover

0; 2; a(29,58) r(36,72) a(38,50) a(29,38) d(39)
1; 41; r(38,44) a(7,31) r(39,95) d(37) a(32,73)
2; 28, 32; d(36) d(36) a(39,42) d(38)
3; 28, 32; d(39) a(31,80) d(32)
4; 28; d(36) d(36) a(39,42) d(38)
5; 32; d(39) a(31,80) d(32)
6; 38, 16; a(38,43) r(5,39) a(38,32) r(32,35) r(36,72) a(38,50) a(29,38) a(6,41)
7; 38, 16; d(39) d(37) r(31,56)
8; 38; a(38,43) r(5,39) d(37) r(31,56)
9; 16; d(39) a(38,32) r(32,35) r(36,72) a(38,50) a(29,38) a(6,41)
10; 26, 45; d(36) d(36) a(38,50) a(29,38) d(37)
11; 26, 45; a(29,58) r(36,72) d(32)
12; 26; d(36) d(36) d(32)
13; 45; a(29,58) r(36,72) a(38,50) a(29,38) d(37)
14; 4, 35; a(38,95)
15; 4, 35; d(29) d(36) a(39,95) d(39) a(5,47) r(29,45) d(38)
16; 4; a(38,95) a(5,47) r(29,45) d(38)
17; 35; d(29) d(36) a(39,95) d(39)
18; 7, 0; r(38,29) r(37,44) d(31) r(35,162)
19; 7, 0; r(39,47) d(32)
20; 7; r(38,29) d(32)
21; 0; r(39,47) r(37,44) d(31) r(35,162)
22; 21; d(29) d(36) d(39) a(6,125)
23; 36; a(38,48) r(7,79) r(39,31) d(38)
24; 24, 0; a(38,43) r(5,39) d(37) r(36,53)
25; 24, 0; r(39,47) r(37,44) d(31) r(35,162)
26; 24; a(38,43) r(5,39) d(37) r(36,53)
27; 0; r(39,47) r(37,44) d(31) r(35,162)
28; 38; a(38,43) r(5,39) d(37) r(31,56)
29; 30; a(38,43) r(5,39) r(38,53) a(39,90)
30; 13, 19; a(38,48) r(7,79) a(32,101) r(36,72) a(38,50) a(29,38) d(38)
31; 13, 19; a(29,58) d(29) d(39)
32; 13; a(38,48) r(7,79) a(32,101) d(29) d(39)
33; 19; a(29,58) r(36,72) a(38,50) a(29,38) d(38)
34; 30, 2; a(38,43) r(5,39) r(38,53) a(39,90) r(36,72) a(38,50) a(29,38) d(39)
35; 30, 2; a(29,58)
36; 30; a(38,43) r(5,39) r(38,53) a(39,90)
37; 2; a(29,58) r(36,72) a(38,50) a(29,38) d(39)
38; 53, 11; d(39) a(31,80) r(38,58) a(29,78) r(32,91)
39; 53, 11; a(39,36) r(37,44) a(29,5)
40; 53; d(39) a(31,80) r(38,58) a(29,5)
41; 11; a(39,36) r(37,44) a(29,78) r(32,91)
42; 19; a(29,58) r(36,72) a(38,50) a(29,38) d(38)
43; 28; d(36) d(36) a(39,42) d(38)
44; 52, 54; a(39,36) d(6) a(38,5)
45; 52, 54; d(36) r(39,45) r(37,44) a(29,78) r(36,162)
46; 52; a(39,36) r(37,44) a(29,78) r(36,162)
47; 54; d(36) r(39,45) d(6) a(38,5)
48; 0; r(39,47) r(37,44) d(31) r(35,162)
49; 54; d(36) r(39,45) d(6) a(38,5)
50; 44; d(39) d(6) a(38,93) d(38)
51; 6; d(36) r(38,40) a(39,44) r(39,95) r(7,45) r(31,108)
52; 36, 21; a(38,48) r(7,79) r(39,31) d(36) d(39) a(6,125)
53; 36, 21; d(29) d(38)
54; 36; a(38,48) r(7,79) r(39,31) d(38)
55; 21; d(29) d(36) d(39) a(6,125)
56; 5; r(39,47) r(37,44) d(31) d(29)
57; 24; a(38,43) r(5,39) d(37) r(36,53)
58; 38, 19; a(38,43) r(5,39) d(37) r(31,56) a(38,50) a(29,38) d(38)
59; 38, 19; a(29,58) r(36,72)
60; 38; a(38,43) r(5,39) d(37) r(31,56)
61; 19; a(29,58) r(36,72) a(38,50) a(29,38) d(38)
62; 50; r(39,65) a(38,60) r(36,35) d(37)
63; 46; a(39,36) r(37,44) d(39) a(7,73)
--------------------------------------------------------------------------------
Mutation

0; a(29,58) r(36,72) a(38,50) a(29,38) d(39) a(35,124)
1; r(38,44) a(7,31) r(39,95) d(37) a(32,73) a(29,73)
2; d(36) d(36) a(39,42) d(38) d(35)
3; d(39) a(31,80) d(32) d(38)
4; d(36) d(36) a(39,42) d(38) r(29,45)
5; d(39) a(31,80) d(32) a(36,39)
6; a(38,43) r(5,39) a(38,32) r(32,35) r(36,72) a(38,50) a(29,38) a(6,41) r(39,61)
7; d(39) d(37) r(31,56) a(6,52)
8; a(38,43) r(5,39) d(37) r(31,56) a(36,93)
9; d(39) a(38,32) r(32,35) r(36,72) a(38,50) a(29,38) a(6,41) d(38)
10; d(36) d(36) a(38,50) a(29,38) d(37) a(6,73)
11; a(29,58) r(36,72) d(32) a(39,145)
12; d(36) d(36) d(32) r(38,31)
13; a(29,58) r(36,72) a(38,50) a(29,38) d(37) a(5,46)
14; a(38,95) a(38,78)
15; d(29) d(36) a(39,95) d(39) a(5,47) r(29,45) d(38) r(32,133)
16; a(38,95) a(5,47) r(29,45) d(38) r(39,36)
17; d(29) d(36) a(39,95) d(39) a(32,160)
18; r(38,29) r(37,44) d(31) r(35,162) d(29)
19; r(39,47) d(32) a(31,95)
20; r(38,29) d(32) d(39)
21; r(39,47) r(37,44) d(31) r(35,162) d(29)
22; d(29) d(36) d(39) a(6,125) d(38)
23; a(38,48) r(7,79) r(39,31) d(38) a(37,125)
24; a(38,43) r(5,39) d(37) r(36,53) r(35,56)
25; r(39,47) r(37,44) d(31) r(35,162) a(36,101)
26; a(38,43) r(5,39) d(37) r(36,53) d(32)
27; r(39,47) r(37,44) d(31) r(35,162) d(32)
28; a(38,43) r(5,39) d(37) r(31,56) a(29,95)
29; a(38,43) r(5,39) r(38,53) a(39,90) r(31,80)
30; a(38,48) r(7,79) a(32,101) r(36,72) a(38,50) a(29,38) d(38) a(29,96)
31; a(29,58) d(29) d(39) a(32,72)
32; a(38,48) r(7,79) a(32,101) d(29) d(39) d(6)
33; a(29,58) r(36,72) a(38,50) a(29,38) d(38) d(39)
34; a(38,43) r(5,39) r(38,53) a(39,90) r(36,72) a(38,50) a(29,38) d(39) a(35,36)
35; a(29,58) r(38,96)
36; a(38,43) r(5,39) r(38,53) a(39,90) r(39,42)
37; a(29,58) r(36,72) a(38,50) a(29,38) d(39) r(35,43)
38; d(39) a(31,80) r(38,58) a(29,78) r(32,91) a(37,50)
39; a(39,36) r(37,44) a(29,5) d(5)
40; d(39) a(31,80) r(38,58) a(29,5) r(31,101)
41; a(39,36) r(37,44) a(29,78) r(32,91) d(29)
42; a(29,58) r(36,72) a(38,50) a(29,38) d(38) r(39,76)
43; d(36) d(36) a(39,42) d(38) d(39)
44; a(39,36) d(6) a(38,5) a(39,47)
45; d(36) r(39,45) r(37,44) a(29,78) r(36,162) d(5)
46; a(39,36) r(37,44) a(29,78) r(36,162) a(31,65)
47; d(36) r(39,45) d(6) a(38,5) d(38)
48; r(39,47) r(37,44) d(31) r(35,162) r(6,43)
49; d(36) r(39,45) d(6) a(38,5) a(31,48)
50; d(39) d(6) a(38,93) d(38) d(35)
51; d(36) r(38,40) a(39,44) r(39,95) r(7,45) r(31,108) a(32,82)
52; a(38,48) r(7,79) r(39,31) d(36) d(39) a(6,125) d(31)
53; d(29) d(38) a(39,145)
54; a(38,48) r(7,79) r(39,31) d(38) r(5,53)
55; d(29) d(36) d(39) a(6,125) a(7,162)
56; r(39,47) r(37,44) d(31) d(29) a(32,78)
57; a(38,43) r(5,39) d(37) r(36,53) d(31)
58; a(38,43) r(5,39) d(37) r(31,56) a(38,50) a(29,38) d(38) a(35,36)
59; a(29,58) r(36,72) a(39,56)
60; a(38,43) r(5,39) d(37) r(31,56) a(36,160)
61; a(29,58) r(36,72) a(38,50) a(29,38) d(38) r(39,79)
62; r(39,65) a(38,60) r(36,35) d(37) d(7)
63; a(39,36) r(37,44) d(39) a(7,73) r(35,90)
--------------------------------------------------------------------------------
Evaluation

0; 12.
1; 0.
2; 0.
3; 0.
4; 0.
5; 0.
6; 0.
7; 0.
8; 0.
9; 0.
10; 0.
11; 0.
12; 0.
13; 0.
14; 4.
15; 0.
16; 0.
17; 0.
18; 0.
19; 0.
20; 0.
21; 0.
22; 0.
23; 0.
24; 0.
25; 12.
26; 0.
27; 0.
28; 0.
29; 0.
30; 0.
31; 0.
32; 0.
33; 0.
34; 0.
35; 4.
36; 0.
37; 0.
38; 0.
39; 4.
40; 12.
41; 0.
42; 0.
43; 0.
44; 0.
45; 0.
46; 0.
47; 0.
48; 0.
49; 0.
50; 0.
51; 0.
52; 0.
53; 4.
54; 4.
55; 0.
56; 0.
57; 0.
58; 0.
59; 0.
60; 0.
61; 0.
62; 12.
63; 0.
================================================================================
Generation 5

--------------------------------------------------------------------------------
Selection

0; 19
1; 49
2; 29
3; 4
4; 4
5; 17
6; 47
7; 34
8; 33
9; 19
10; 49
11; 36
12; 29
13; 63
14; 18
15; 19
16; 14
17; 49
18; 47
19; 24
20; 16
21; 33
22; 63
23; 28
24; 14
25; 8
26; 50
27; 17
28; 33
29; 27
30; 32
31; 4
32; 27
33; 52
34; 22
35; 51
36; 32
37; 31
38; 21
39; 23
--------------------------------------------------------------------------------
Crossover

0; 27; r(39,47) r(37,44) d(31) r(35,162) d(32)
1; 4; d(36) d(36) a(39,42) d(38) r(29,45)
2; 27, 19; r(39,47) r(37,44)
3; 27, 19; r(39,47) d(32) a(31,95) d(31) r(35,162) d(32)
4; 27; r(39,47) r(37,44) d(31) r(35,162) d(32)
5; 19; r(39,47) d(32) a(31,95)
6; 17, 14; d(29) d(36) a(39,95) d(39) a(32,160) a(38,78)
7; 17, 14; a(38,95)
8; 17; d(29) d(36) a(39,95) d(39) a(32,160)
9; 14; a(38,95) a(38,78)
10; 32; a(38,48) r(7,79) a(32,101) d(29) d(39) d(6)
11; 36; a(38,43) r(5,39) r(38,53) a(39,90) r(39,42)
12; 29; a(38,43) r(5,39) r(38,53) a(39,90) r(31,80)
13; 29; a(38,43) r(5,39) r(38,53) a(39,90) r(31,80)
14; 18; r(38,29) r(37,44) d(31) r(35,162) d(29)
15; 4; d(36) d(36) a(39,42) d(38) r(29,45)
16; 21, 51; r(39,47) r(37,44) d(31) r(35,162) r(38,40) a(39,44) r(39,95) r(7,45) r(31,108) a(32,82)
17; 21, 51; d(36) d(29)
18; 21; r(39,47) r(37,44) d(31) r(35,162) d(29)
19; 51; d(36) r(38,40) a(39,44) r(39,95) r(7,45) r(31,108) a(32,82)
20; 23, 47; a(38,48) r(39,45) d(6) a(38,5) d(38)
21; 23, 47; d(36) r(7,79) r(39,31) d(38) a(37,125)
22; 23; a(38,48) r(7,79) r(39,31) d(38) a(37,125)
23; 47; d(36) r(39,45) d(6) a(38,5) d(38)
24; 22, 34; d(29) d(36) r(36,72) a(38,50) a(29,38) d(39) a(35,36)
25; 22, 34; a(38,43) r(5,39) r(38,53) a(39,90) d(39) a(6,125) d(38)
26; 22; d(29) d(36) d(39) a(6,125) d(38)
27; 34; a(38,43) r(5,39) r(38,53) a(39,90) r(36,72) a(38,50) a(29,38) d(39) a(35,36)
28; 33, 17; a(29,58) r(36,72) a(38,50) a(29,38) d(38) d(36) a(39,95) d(39) a(32,160)
29; 33, 17; d(29) d(39)
30; 33; a(29,58) r(36,72) a(38,50) a(29,38) d(38) d(39)
31; 17; d(29) d(36) a(39,95) d(39) a(32,160)
32; 33; a(29,58) r(36,72) a(38,50) a(29,38) d(38) d(39)
33; 49; d(36) r(39,45) d(6) a(38,5) a(31,48)
34; 63, 19; a(39,36)
35; 63, 19; r(39,47) d(32) a(31,95) r(37,44) d(39) a(7,73) r(35,90)
36; 63; a(39,36) r(37,44) d(39) a(7,73) r(35,90)
37; 19; r(39,47) d(32) a(31,95)
38; 8, 16; a(38,43) r(5,39) r(29,45) d(38) r(39,36)
39; 8, 16; a(38,95) a(5,47) d(37) r(31,56) a(36,93)
40; 8; a(38,43) r(5,39) d(37) r(31,56) a(36,93)
41; 16; a(38,95) a(5,47) r(29,45) d(38) r(39,36)
42; 63, 49; a(39,36)
43; 63, 49; d(36) r(39,45) d(6) a(38,5) a(31,48) r(37,44) d(39) a(7,73) r(35,90)
44; 63; a(39,36) r(37,44) d(39) a(7,73) r(35,90)
45; 49; d(36) r(39,45) d(6) a(38,5) a(31,48)
46; 28, 19; a(38,43) r(5,39)
47; 28, 19; r(39,47) d(32) a(31,95) d(37) r(31,56) a(29,95)
48; 28; a(38,43) r(5,39) d(37) r(31,56) a(29,95)
49; 19; r(39,47) d(32) a(31,95)
50; 52, 4; a(38,48) d(38) r(29,45)
51; 52, 4; d(36) d(36) a(39,42) r(7,79) r(39,31) d(36) d(39) a(6,125) d(31)
52; 52; a(38,48) r(7,79) r(39,31) d(36) d(39) a(6,125) d(31)
53; 4; d(36) d(36) a(39,42) d(38) r(29,45)
54; 47, 31; d(36) r(39,45) d(6)
55; 47, 31; a(29,58) d(29) d(39) a(32,72) a(38,5) d(38)
56; 47; d(36) r(39,45) d(6) a(38,5) d(38)
57; 31; a(29,58) d(29) d(39) a(32,72)
58; 49; d(36) r(39,45) d(6) a(38,5) a(31,48)
59; 24; a(38,43) r(5,39) d(37) r(36,53) r(35,56)
60; 50; d(39) d(6) a(38,93) d(38) d(35)
61; 33; a(29,58) r(36,72) a(38,50) a(29,38) d(38) d(39)
62; 14; a(38,95) a(38,78)
63; 32; a(38,48) r(7,79) a(32,101) d(29) d(39) d(6)
--------------------------------------------------------------------------------
Mutation

0; r(39,47) r(37,44) d(31) r(35,162) d(32) d(5)
1; d(36) d(36) a(39,42) d(38) r(29,45) d(39)
2; r(39,47) r(37,44) r(7,41)
3; r(39,47) d(32) a(31,95) d(31) r(35,162) d(32) r(38,79)
4; r(39,47) r(37,44) d(31) r(35,162) d(32) r(7,52)
5; r(39,47) d(32) a(31,95) r(38,37)
6; d(29) d(36) a(39,95) d(39) a(32,160) a(38,78) r(5,80)
7; a(38,95) r(39,83)
8; d(29) d(36) a(39,95) d(39) a(32,160) r(38,154)
9; a(38,95) a(38,78) r(6,40)
10; a(38,48) r(7,79) a(32,101) d(29) d(39) d(6) r(38,47)
11; a(38,43) r(5,39) r(38,53) a(39,90) r(39,42) d(36)
12; a(38,43) r(5,39) r(38,53) a(39,90) r(31,80) d(39)
13; a(38,43) r(5,39) r(38,53) a(39,90) r(31,80) a(39,44)
14; r(38,29) r(37,44) d(31) r(35,162) d(29) a(5,91)
15; d(36) d(36) a(39,42) d(38) r(29,45) r(39,58)
16; r(39,47) r(37,44) d(31) r(35,162) r(38,40) a(39,44) r(39,95) r(7,45) r(31,108) a(32,82) a(32,95)
17; d(36) d(29) r(39,154)
18; r(39,47) r(37,44) d(31) r(35,162) d(29) a(36,37)
19; d(36) r(38,40) a(39,44) r(39,95) r(7,45) r(31,108) a(32,82) r(35,73)
20; a(38,48) r(39,45) d(6) a(38,5) d(38) r(5,66)
21; d(36) r(7,79) r(39,31) d(38) a(37,125) r(29,79)
22; a(38,48) r(7,79) r(39,31) d(38) a(37,125) r(6,154)
23; d(36) r(39,45) d(6) a(38,5) d(38) r(5,66)
24; d(29) d(36) r(36,72) a(38,50) a(29,38) d(39) a(35,36) a(6,91)
25; a(38,43) r(5,39) r(38,53) a(39,90) d(39) a(6,125) d(38) r(37,91)
26; d(29) d(36) d(39) a(6,125) d(38) d(5)
27; a(38,43) r(5,39) r(38,53) a(39,90) r(36,72) a(38,50) a(29,38) d(39) a(35,36) r(31,43)
28; a(29,58) r(36,72) a(38,50) a(29,38) d(38) d(36) a(39,95) d(39) a(32,160) r(5,66)
29; d(29) d(39) a(38,145)
30; a(29,58) r(36,72) a(38,50) a(29,38) d(38) d(39) a(37,29)
31; d(29) d(36) a(39,95) d(39) a(32,160) a(38,53)
32; a(29,58) r(36,72) a(38,50) a(29,38) d(38) d(39) r(6,45)
33; d(36) r(39,45) d(6) a(38,5) a(31,48) d(37)
34; a(39,36) d(29)
35; r(39,47) d(32) a(31,95) r(37,44) d(39) a(7,73) r(35,90) d(7)
36; a(39,36) r(37,44) d(39) a(7,73) r(35,90) a(7,101)
37; r(39,47) d(32) a(31,95) d(37)
38; a(38,43) r(5,39) r(29,45) d(38) r(39,36) a(32,65)
39; a(38,95) a(5,47) d(37) r(31,56) a(36,93) d(7)
40; a(38,43) r(5,39) d(37) r(31,56) a(36,93) r(35,43)
41; a(38,95) a(5,47) r(29,45) d(38) r(39,36) a(7,6)
42; a(39,36) a(5,39)
43; d(36) r(39,45) d(6) a(38,5) a(31,48) r(37,44) d(39) a(7,73) r(35,90) a(31,80)
44; a(39,36) r(37,44) d(39) a(7,73) r(35,90) a(6,61)
45; d(36) r(39,45) d(6) a(38,5) a(31,48) a(35,66)
46; a(38,43) r(5,39) r(32,60)
47; r(39,47) d(32) a(31,95) d(37) r(31,56) a(29,95) r(29,74)
48; a(38,43) r(5,39) d(37) r(31,56) a(29,95) a(29,128)
49; r(39,47) d(32) a(31,95) a(36,95)
50; a(38,48) d(38) r(29,45) r(36,163)
51; d(36) d(36) a(39,42) r(7,79) r(39,31) d(36) d(39) a(6,125) d(31) a(38,50)
52; a(38,48) r(7,79) r(39,31) d(36) d(39) a(6,125) d(31) r(38,29)
53; d(36) d(36) a(39,42) d(38) r(29,45) a(39,145)
54; d(36) r(39,45) d(6) r(38,96)
55; a(29,58) d(29) d(39) a(32,72) a(38,5) d(38) d(7)
56; d(36) r(39,45) d(6) a(38,5) d(38) r(5,80)
57; a(29,58) d(29) d(39) a(32,72) r(38,37)
58; d(36) r(39,45) d(6) a(38,5) a(31,48) a(38,78)
59; a(38,43) r(5,39) d(37) r(36,53) r(35,56) d(29)
60; d(39) d(6) a(38,93) d(38) d(35) d(5)
61; a(29,58) r(36,72) a(38,50) a(29,38) d(38) d(39) a(37,162)
62; a(38,95) a(38,78) d(38)
63; a(38,48) r(7,79) a(32,101) d(29) d(39) d(6) d(35)
--------------------------------------------------------------------------------
Evaluation

0; 0.
1; 0.
2; 12.
3; 12.
4; 12.
5; 0.
6; 0.
7; 4.
8; 0.
9; 0.
10; 0.
11; 0.
12; 0.
13; 0.
14; 0.
15; 0.
16; 0.
17; 0.
18; 0.
19; 0.
20; 4.
21; 0.
22; 0.
23; 0.
24; 4.
25; 0.
26; 0.
27; 0.
28; 0.
29; 4.
30; 0.
31; 0.
32; 0.
33; 0.
34; 4.
35; 0.
36; 0.
37; 0.
38; 0.
39; 0.
40; 0.
41; 0.
42; 0.
43; 0.
44; 0.
45; 0.
46; 0.
47; 0.
48; 0.
49; 0.
50; 0.
51; 0.
52; 0.
53; 0.
54; 0.
55; 0.
56; 0.
57; 0.
58; 0.
59; 0.
60; 0.
61; 0.
62; 4.
63; 0.
================================================================================
Generation 6

--------------------------------------------------------------------------------
Selection

0; 21
1; 47
2; 26
3; 5
4; 46
5; 45
6; 59
7; 27
8; 28
9; 5
10; 10
11; 8
12; 25
13; 13
14; 63
15; 41
16; 37
17; 17
18; 27
19; 61
20; 16
21; 41
22; 0
23; 13
24; 19
25; 57
26; 31
27; 56
28; 37
29; 36
30; 5
31; 37
32; 0
33; 48
34; 57
35; 0
36; 17
37; 63
38; 19
39; 18
--------------------------------------------------------------------------------
Crossover

0; 5; r(39,47) d(32) a(31,95) r(38,37)
1; 17; d(36) d(29) r(39,154)
2; 17; d(36) d(29) r(39,154)
3; 0; r(39,47) r(37,44) d(31) r(35,162) d(32) d(5)
4; 46; a(38,43) r(5,39) r(32,60)
5; 63; a(38,48) r(7,79) a(32,101) d(29) d(39) d(6) d(35)
6; 16; r(39,47) r(37,44) d(31) r(35,162) r(38,40) a(39,44) r(39,95) r(7,45) r(31,108) a(32,82) a(32,95)
7; 37; r(39,47) d(32) a(31,95) d(37)
8; 19; d(36) r(38,40) a(39,44) r(39,95) r(7,45) r(31,108) a(32,82) r(35,73)
9; 41; a(38,95) a(5,47) r(29,45) d(38) r(39,36) a(7,6)
10; 0, 47; r(39,47) r(37,44) d(31) a(31,95) d(37) r(31,56) a(29,95) r(29,74)
11; 0, 47; r(39,47) d(32) r(35,162) d(32) d(5)
12; 0; r(39,47) r(37,44) d(31) r(35,162) d(32) d(5)
13; 47; r(39,47) d(32) a(31,95) d(37) r(31,56) a(29,95) r(29,74)
14; 26; d(29) d(36) d(39) a(6,125) d(38) d(5)
15; 27; a(38,43) r(5,39) r(38,53) a(39,90) r(36,72) a(38,50) a(29,38) d(39) a(35,36) r(31,43)
16; 21; d(36) r(7,79) r(39,31) d(38) a(37,125) r(29,79)
17; 45; d(36) r(39,45) d(6) a(38,5) a(31,48) a(35,66)
18; 61; a(29,58) r(36,72) a(38,50) a(29,38) d(38) d(39) a(37,162)
19; 41; a(38,95) a(5,47) r(29,45) d(38) r(39,36) a(7,6)
20; 37, 31; r(39,47) a(32,160) a(38,53)
21; 37, 31; d(29) d(36) a(39,95) d(39) d(32) a(31,95) d(37)
22; 37; r(39,47) d(32) a(31,95) d(37)
23; 31; d(29) d(36) a(39,95) d(39) a(32,160) a(38,53)
24; 10, 48; a(38,48) r(7,79) a(32,101) d(29) r(31,56) a(29,95) a(29,128)
25; 10, 48; a(38,43) r(5,39) d(37) d(39) d(6) r(38,47)
26; 10; a(38,48) r(7,79) a(32,101) d(29) d(39) d(6) r(38,47)
27; 48; a(38,43) r(5,39) d(37) r(31,56) a(29,95) a(29,128)
28; 57; a(29,58) d(29) d(39) a(32,72) r(38,37)
29; 25; a(38,43) r(5,39) r(38,53) a(39,90) d(39) a(6,125) d(38) r(37,91)
30; 59, 13; a(38,43) r(5,39) r(38,53) a(39,90) r(31,80) a(39,44)
31; 59, 13; a(38,43) r(5,39) d(37) r(36,53) r(35,56) d(29)
32; 59; a(38,43) r(5,39) d(37) r(36,53) r(35,56) d(29)
33; 13; a(38,43) r(5,39) r(38,53) a(39,90) r(31,80) a(39,44)
34; 5, 28; r(39,47) d(32) r(36,72) a(38,50) a(29,38) d(38) d(36) a(39,95) d(39) a(32,160) r(5,66)
35; 5, 28; a(29,58) a(31,95) r(38,37)
36; 5; r(39,47) d(32) a(31,95) r(38,37)
37; 28; a(29,58) r(36,72) a(38,50) a(29,38) d(38) d(36) a(39,95) d(39) a(32,160) r(5,66)
38; 37; r(39,47) d(32) a(31,95) d(37)
39; 18; r(39,47) r(37,44) d(31) r(35,162) d(29) a(36,37)
40; 13, 36; a(38,43) r(5,39) r(38,53) a(39,90) r(31,80) a(39,44) a(7,73) r(35,90) a(7,101)
41; 13, 36; a(39,36) r(37,44) d(39)
42; 13; a(38,43) r(5,39) r(38,53) a(39,90) r(31,80) a(39,44)
43; 36; a(39,36) r(37,44) d(39) a(7,73) r(35,90) a(7,101)
44; 56; d(36) r(39,45) d(6) a(38,5) d(38) r(5,80)
45; 63; a(38,48) r(7,79) a(32,101) d(29) d(39) d(6) d(35)
46; 19, 8; d(36) r(38,40) d(39) a(32,160) r(38,154)
47; 19, 8; d(29) d(36) a(39,95) a(39,44) r(39,95) r(7,45) r(31,108) a(32,82) r(35,73)
48; 19; d(36) r(38,40) a(39,44) r(39,95) r(7,45) r(31,108) a(32,82) r(35,73)
49; 8; d(29) d(36) a(39,95) d(39) a(32,160) r(38,154)
50; 5; r(39,47) d(32) a(31,95) r(38,37)
51; 27; a(38,43) r(5,39) r(38,53) a(39,90) r(36,72) a(38,50) a(29,38) d(39) a(35,36) r(31,43)
52; 57, 0; a(29,58) r(37,44) d(31) r(35,162) d(32) d(5)
53; 57, 0; r(39,47) d(29) d(39) a(32,72) r(38,37)
54; 57; a(29,58) d(29) d(39) a(32,72) r(38,37)
55; 0; r(39,47) r(37,44) d(31) r(35,162) d(32) d(5)
--------------------------------------------------------------------------------
Mutation

0; r(39,47) d(32) a(31,95) r(38,37) a(37,47)
1; d(36) d(29) r(39,154) d(38)
2; d(36) d(29) r(39,154) r(38,133)
3; r(39,47) r(37,44) d(31) r(35,162) d(32) d(5) a(29,36)
4; a(38,43) r(5,39) r(32,60) r(39,108)
5; a(38,48) r(7,79) a(32,101) d(29) d(39) d(6) d(35) a(36,32)
6; r(39,47) r(37,44) d(31) r(35,162) r(38,40) a(39,44) r(39,95) r(7,45) r(31,108) a(32,82) a(32,95) d(6)
7; r(39,47) d(32) a(31,95) d(37) a(29,39)
8; d(36) r(38,40) a(39,44) r(39,95) r(7,45) r(31,108) a(32,82) r(35,73) a(6,74)
9; a(38,95) a(5,47) r(29,45) d(38) r(39,36) a(7,6) d(6)
10; r(39,47) r(37,44) d(31) a(31,95) d(37) r(31,56) a(29,95) r(29,74) d(7)
11; r(39,47) d(32) r(35,162) d(32) d(5) r(31,82)
12; r(39,47) r(37,44) d(31) r(35,162) d(32) d(5) d(29)
13; r(39,47) d(32) a(31,95) d(37) r(31,56) a(29,95) r(29,74) a(6,58)
14; d(29) d(36) d(39) a(6,125) d(38) d(5) a(37,73)
15; a(38,43) r(5,39) r(38,53) a(39,90) r(36,72) a(38,50) a(29,38) d(39) a(35,36) r(31,43) a(29,61)
16; d(36) r(7,79) r(39,31) d(38) a(37,125) r(29,79) a(35,5)
17; d(36) r(39,45) d(6) a(38,5) a(31,48) a(35,66) r(38,80)
18; a(29,58) r(36,72) a(38,50) a(29,38) d(38) d(39) a(37,162) r(6,108)
19; a(38,95) a(5,47) r(29,45) d(38) r(39,36) a(7,6) r(7,6)
20; r(39,47) a(32,160) a(38,53) r(38,73)
21; d(29) d(36) a(39,95) d(39) d(32) a(31,95) d(37) r(6,43)
22; r(39,47) d(32) a(31,95) d(37) d(36)
23; d(29) d(36) a(39,95) d(39) a(32,160) a(38,53) r(38,37)
24; a(38,48) r(7,79) a(32,101) d(29) r(31,56) a(29,95) a(29,128) d(38)
25; a(38,43) r(5,39) d(37) d(39) d(6) r(38,47) d(35)
26; a(38,48) r(7,79) a(32,101) d(29) d(39) d(6) r(38,47) a(32,45)
27; a(38,43) r(5,39) d(37) r(31,56) a(29,95) a(29,128) a(36,96)
28; a(29,58) d(29) d(39) a(32,72) r(38,37) d(32)
29; a(38,43) r(5,39) r(38,53) a(39,90) d(39) a(6,125) d(38) r(37,91) r(32,78)
30; a(38,43) r(5,39) r(38,53) a(39,90) r(31,80) a(39,44) d(39)
31; a(38,43) r(5,39) d(37) r(36,53) r(35,56) d(29) a(32,162)
32; a(38,43) r(5,39) d(37) r(36,53) r(35,56) d(29) d(32)
33; a(38,43) r(5,39) r(38,53) a(39,90) r(31,80) a(39,44) d(39)
34; r(39,47) d(32) r(36,72) a(38,50) a(29,38) d(38) d(36) a(39,95) d(39) a(32,160) r(5,66) a(31,162)
35; a(29,58) a(31,95) r(38,37) a(37,91)
36; r(39,47) d(32) a(31,95) r(38,37) a(5,93)
37; a(29,58) r(36,72) a(38,50) a(29,38) d(38) d(36) a(39,95) d(39) a(32,160) r(5,66) a(29,101)
38; r(39,47) d(32) a(31,95) d(37) r(29,45)
39; r(39,47) r(37,44) d(31) r(35,162) d(29) a(36,37) d(5)
40; a(38,43) r(5,39) r(38,53) a(39,90) r(31,80) a(39,44) a(7,73) r(35,90) a(7,101) r(39,38)
41; a(39,36) r(37,44) d(39) a(5,90)
42; a(38,43) r(5,39) r(38,53) a(39,90) r(31,80) a(39,44) a(39,90)
43; a(39,36) r(37,44) d(39) a(7,73) r(35,90) a(7,101) r(5,37)
44; d(36) r(39,45) d(6) a(38,5) d(38) r(5,80) r(35,80)
45; a(38,48) r(7,79) a(32,101) d(29) d(39) d(6) d(35) a(37,154)
46; d(36) r(38,40) d(39) a(32,160) r(38,154) d(6)
47; d(29) d(36) a(39,95) a(39,44) r(39,95) r(7,45) r(31,108) a(32,82) r(35,73) d(38)
48; d(36) r(38,40) a(39,44) r(39,95) r(7,45) r(31,108) a(32,82) r(35,73) r(32,83)
49; d(29) d(36) a(39,95) d(39) a(32,160) r(38,154) d(35)
50; r(39,47) d(32) a(31,95) r(38,37) r(31,60)
51; a(38,43) r(5,39) r(38,53) a(39,90) r(36,72) a(38,50) a(29,38) d(39) a(35,36) r(31,43) d(32)
52; a(29,58) r(37,44) d(31) r(35,162) d(32) d(5) d(36)
53; r(39,47) d(29) d(39) a(32,72) r(38,37) d(35)
54; a(29,58) d(29) d(39) a(32,72) r(38,37) a(35,162)
55; r(39,47) r(37,44) d(31) r(35,162) d(32) d(5) d(29)
--------------------------------------------------------------------------------
Evaluation

0; 0.
1; 0.
2; 0.
3; 0.
4; 0.
5; 0.
6; 0.
7; 0.
8; 0.
9; 0.
10; 0.
11; 0.
12; 0.
13; 0.
14; 0.
15; 0.
16; 0.
17; 0.
18; 0.
19; 0.
20; 4.
21; 0.
22; 0.
23; 0.
24; 0.
25; 0.
26; 0.
27; 0.
28; 0.
29; 0.
30; 0.
31; 0.
32; 0.
33; 0.
34; 0.
35; 4.
36; 0.
37; 12.
38; 0.
39; 0.
40; 0.
41; 0.
42; 0.
43; 0.
44; 0.
45; 0.
46; 0.
47; 0.
48; 0.
49; 0.
50; 0.
51; 0.
52; 0.
53; 0.
54; 0.
55; 0.
================================================================================
Generation 7

--------------------------------------------------------------------------------
Selection

0; 47
1; 11
2; 28
3; 14
4; 1
5; 21
6; 4
7; 3
8; 54
9; 54
10; 49
11; 5
12; 27
13; 53
14; 11
15; 4
16; 34
17; 27
18; 47
19; 3
20; 52
21; 30
22; 16
23; 7
24; 13
25; 28
26; 21
27; 48
28; 32
29; 29
30; 28
31; 4
32; 11
33; 23
34; 51
35; 17
36; 1
37; 6
38; 47
39; 11
--------------------------------------------------------------------------------
Crossover

0; 47; d(29) d(36) a(39,95) a(39,44) r(39,95) r(7,45) r(31,108) a(32,82) r(35,73) d(38)
1; 28; a(29,58) d(29) d(39) a(32,72) r(38,37) d(32)
2; 21; d(29) d(36) a(39,95) d(39) d(32) a(31,95) d(37) r(6,43)
3; 47; d(29) d(36) a(39,95) a(39,44) r(39,95) r(7,45) r(31,108) a(32,82) r(35,73) d(38)
4; 16; d(36) r(7,79) r(39,31) d(38) a(37,125) r(29,79) a(35,5)
5; 49; d(29) d(36) a(39,95) d(39) a(32,160) r(38,154) d(35)
6; 7, 11; r(39,47) d(32) d(5) r(31,82)
7; 7, 11; r(39,47) d(32) r(35,162) d(32) a(31,95) d(37) a(29,39)
8; 7; r(39,47) d(32) a(31,95) d(37) a(29,39)
9; 11; r(39,47) d(32) r(35,162) d(32) d(5) r(31,82)
10; 51; a(38,43) r(5,39) r(38,53) a(39,90) r(36,72) a(38,50) a(29,38) d(39) a(35,36) r(31,43) d(32)
11; 30; a(38,43) r(5,39) r(38,53) a(39,90) r(31,80) a(39,44) d(39)
12; 11, 54; r(39,47) d(32) r(35,162) d(32) d(5) r(31,82) r(38,37) a(35,162)
13; 11, 54; a(29,58) d(29) d(39) a(32,72)
14; 11; r(39,47) d(32) r(35,162) d(32) d(5) r(31,82)
15; 54; a(29,58) d(29) d(39) a(32,72) r(38,37) a(35,162)
16; 29, 3; a(38,43) r(5,39) r(38,53) a(39,90) d(39) a(6,125) d(38) r(37,91) d(31) r(35,162) d(32) d(5) a(29,36)
17; 29, 3; r(39,47) r(37,44) r(32,78)
18; 29; a(38,43) r(5,39) r(38,53) a(39,90) d(39) a(6,125) d(38) r(37,91) r(32,78)
19; 3; r(39,47) r(37,44) d(31) r(35,162) d(32) d(5) a(29,36)
20; 4, 23; a(38,43) r(5,39) r(32,60)
21; 4, 23; d(29) d(36) a(39,95) d(39) a(32,160) a(38,53) r(38,37) r(39,108)
22; 4; a(38,43) r(5,39) r(32,60) r(39,108)
23; 23; d(29) d(36) a(39,95) d(39) a(32,160) a(38,53) r(38,37)
24; 54; a(29,58) d(29) d(39) a(32,72) r(38,37) a(35,162)
25; 17; d(36) r(39,45) d(6) a(38,5) a(31,48) a(35,66) r(38,80)
26; 21, 28; d(29) d(36) a(39,95) d(39) d(32) r(38,37) d(32)
27; 21, 28; a(29,58) d(29) d(39) a(32,72) a(31,95) d(37) r(6,43)
28; 21; d(29) d(36) a(39,95) d(39) d(32) a(31,95) d(37) r(6,43)
29; 28; a(29,58) d(29) d(39) a(32,72) r(38,37) d(32)
30; 5; a(38,48) r(7,79) a(32,101) d(29) d(39) d(6) d(35) a(36,32)
31; 48; d(36) r(38,40) a(39,44) r(39,95) r(7,45) r(31,108) a(32,82) r(35,73) r(32,83)
32; 3, 6; r(39,47) r(37,44) d(31) a(32,95) d(6)
33; 3, 6; r(39,47) r(37,44) d(31) r(35,162) r(38,40) a(39,44) r(39,95) r(7,45) r(31,108) a(32,82) r(35,162) d(32) d(5) a(29,36)
34; 3; r(39,47) r(37,44) d(31) r(35,162) d(32) d(5) a(29,36)
35; 6; r(39,47) r(37,44) d(31) r(35,162) r(38,40) a(39,44) r(39,95) r(7,45) r(31,108) a(32,82) a(32,95) d(6)
36; 11; r(39,47) d(32) r(35,162) d(32) d(5) r(31,82)
37; 11; r(39,47) d(32) r(35,162) d(32) d(5) r(31,82)
38; 1, 28; d(36) d(29) d(39) a(32,72) r(38,37) d(32)
39; 1, 28; a(29,58) d(29) r(39,154) d(38)
40; 1; d(36) d(29) r(39,154) d(38)
41; 28; a(29,58) d(29) d(39) a(32,72) r(38,37) d(32)
42; 52, 4; a(29,58) r(37,44) d(31) r(35,162) d(32) r(32,60) r(39,108)
43; 52, 4; a(38,43) r(5,39) d(5) d(36)
44; 52; a(29,58) r(37,44) d(31) r(35,162) d(32) d(5) d(36)
45; 4; a(38,43) r(5,39) r(32,60) r(39,108)
46; 27; a(38,43) r(5,39) d(37) r(31,56) a(29,95) a(29,128) a(36,96)
47; 47; d(29) d(36) a(39,95) a(39,44) r(39,95) r(7,45) r(31,108) a(32,82) r(35,73) d(38)
48; 13; r(39,47) d(32) a(31,95) d(37) r(31,56) a(29,95) r(29,74) a(6,58)
49; 4; a(38,43) r(5,39) r(32,60) r(39,108)
50; 32, 1; a(38,43) r(5,39) d(37) r(36,53)
51; 32, 1; d(36) d(29) r(39,154) d(38) r(35,56) d(29) d(32)
52; 32; a(38,43) r(5,39) d(37) r(36,53) r(35,56) d(29) d(32)
53; 1; d(36) d(29) r(39,154) d(38)
54; 27; a(38,43) r(5,39) d(37) r(31,56) a(29,95) a(29,128) a(36,96)
55; 14; d(29) d(36) d(39) a(6,125) d(38) d(5) a(37,73)
56; 34; r(39,47) d(32) r(36,72) a(38,50) a(29,38) d(38) d(36) a(39,95) d(39) a(32,160) r(5,66) a(31,162)
57; 53; r(39,47) d(29) d(39) a(32,72) r(38,37) d(35)
--------------------------------------------------------------------------------
Mutation

0; d(29) d(36) a(39,95) a(39,44) r(39,95) r(7,45) r(31,108) a(32,82) r(35,73) d(38) r(5,108)
1; a(29,58) d(29) d(39) a(32,72) r(38,37) d(32) r(5,101)
2; d(29) d(36) a(39,95) d(39) d(32) a(31,95) d(37) r(6,43) d(5)
3; d(29) d(36) a(39,95) a(39,44) r(39,95) r(7,45) r(31,108) a(32,82) r(35,73) d(38) d(37)
4; d(36) r(7,79) r(39,31) d(38) a(37,125) r(29,79) a(35,5) a(5,56)
5; d(29) d(36) a(39,95) d(39) a(32,160) r(38,154) d(35) r(32,53)
6; r(39,47) d(32) d(5) r(31,82) a(38,145)
7; r(39,47) d(32) r(35,162) d(32) a(31,95) d(37) a(29,39) a(7,145)
8; r(39,47) d(32) a(31,95) d(37) a(29,39) d(7)
9; r(39,47) d(32) r(35,162) d(32) d(5) r(31,82) r(37,48)
10; a(38,43) r(5,39) r(38,53) a(39,90) r(36,72) a(38,50) a(29,38) d(39) a(35,36) r(31,43) d(32) d(29)
11; a(38,43) r(5,39) r(38,53) a(39,90) r(31,80) a(39,44) d(39) a(32,35)
12; r(39,47) d(32) r(35,162) d(32) d(5) r(31,82) r(38,37) a(35,162) d(36)
13; a(29,58) d(29) d(39) a(32,72) d(32)
14; r(39,47) d(32) r(35,162) d(32) d(5) r(31,82) r(38,43)
15; a(29,58) d(29) d(39) a(32,72) r(38,37) a(35,162) d(5)
16; a(38,43) r(5,39) r(38,53) a(39,90) d(39) a(6,125) d(38) r(37,91) d(31) r(35,162) d(32) d(5) a(29,36) d(36)
17; r(39,47) r(37,44) r(32,78) d(29)
18; a(38,43) r(5,39) r(38,53) a(39,90) d(39) a(6,125) d(38) r(37,91) r(32,78) d(31)
19; r(39,47) r(37,44) d(31) r(35,162) d(32) d(5) a(29,36) r(36,74)
20; a(38,43) r(5,39) r(32,60) r(38,125)
21; d(29) d(36) a(39,95) d(39) a(32,160) a(38,53) r(38,37) r(39,108) a(35,78)
22; a(38,43) r(5,39) r(32,60) r(39,108) a(38,76)
23; d(29) d(36) a(39,95) d(39) a(32,160) a(38,53) r(38,37) a(37,104)
24; a(29,58) d(29) d(39) a(32,72) r(38,37) a(35,162) a(35,108)
25; d(36) r(39,45) d(6) a(38,5) a(31,48) a(35,66) r(38,80) r(31,56)
26; d(29) d(36) a(39,95) d(39) d(32) r(38,37) d(32) r(37,101)
27; a(29,58) d(29) d(39) a(32,72) a(31,95) d(37) r(6,43) r(32,42)
28; d(29) d(36) a(39,95) d(39) d(32) a(31,95) d(37) r(6,43) r(5,35)
29; a(29,58) d(29) d(39) a(32,72) r(38,37) d(32) a(5,53)
30; a(38,48) r(7,79) a(32,101) d(29) d(39) d(6) d(35) a(36,32) a(38,53)
31; d(36) r(38,40) a(39,44) r(39,95) r(7,45) r(31,108) a(32,82) r(35,73) r(32,83) r(29,83)
32; r(39,47) r(37,44) d(31) a(32,95) d(6) a(32,35)
33; r(39,47) r(37,44) d(31) r(35,162) r(38,40) a(39,44) r(39,95) r(7,45) r(31,108) a(32,82) r(35,162) d(32) d(5) a(29,36) r(36,104)
34; r(39,47) r(37,44) d(31) r(35,162) d(32) d(5) a(29,36) a(36,160)
35; r(39,47) r(37,44) d(31) r(35,162) r(38,40) a(39,44) r(39,95) r(7,45) r(31,108) a(32,82) a(32,95) d(6) d(32)
36; r(39,47) d(32) r(35,162) d(32) d(5) r(31,82) a(37,79)
37; r(39,47) d(32) r(35,162) d(32) d(5) r(31,82) d(38)
38; d(36) d(29) d(39) a(32,72) r(38,37) d(32) a(6,80)
39; a(29,58) d(29) r(39,154) d(38) a(7,78)
40; d(36) d(29) r(39,154) d(38) r(32,40)
41; a(29,58) d(29) d(39) a(32,72) r(38,37) d(32) r(5,35)
42; a(29,58) r(37,44) d(31) r(35,162) d(32) r(32,60) r(39,108) a(5,104)
43; a(38,43) r(5,39) d(5) d(36) a(39,128)
44; a(29,58) r(37,44) d(31) r(35,162) d(32) d(5) d(36) d(29)
45; a(38,43) r(5,39) r(32,60) r(39,108) a(38,160)
46; a(38,43) r(5,39) d(37) r(31,56) a(29,95) a(29,128) a(36,96) a(29,47)
47; d(29) d(36) a(39,95) a(39,44) r(39,95) r(7,45) r(31,108) a(32,82) r(35,73) d(38) d(6)
48; r(39,47) d(32) a(31,95) d(37) r(31,56) a(29,95) r(29,74) a(6,58) d(6)
49; a(38,43) r(5,39) r(32,60) r(39,108) d(38)
50; a(38,43) r(5,39) d(37) r(36,53) d(32)
51; d(36) d(29) r(39,154) d(38) r(35,56) d(29) d(32) d(37)
52; a(38,43) r(5,39) d(37) r(36,53) r(35,56) d(29) d(32)
53; d(36) d(29) r(39,154) d(38) r(37,162)
54; a(38,43) r(5,39) d(37) r(31,56) a(29,95) a(29,128) a(36,96) a(29,45)
55; d(29) d(36) d(39) a(6,125) d(38) d(5) a(37,73) a(37,50)
56; r(39,47) d(32) r(36,72) a(38,50) a(29,38) d(38) d(36) a(39,95) d(39) a(32,160) r(5,66) a(31,162) a(31,90)
57; r(39,47) d(29) d(39) a(32,72) r(38,37) d(35) r(7,101)
--------------------------------------------------------------------------------
Evaluation

0; 0.
1; 12.
2; 0.
3; 0.
4; 0.
5; 0.
6; 0.
7; 0.
8; 12.
9; 0.
10; 0.
11; 0.
12; 0.
13; 0.
14; 0.
15; 0.
16; 0.
17; 0.
18; 0.
19; 0.
20; 0.
21; 0.
22; 0.
23; 0.
24; 0.
25; 0.
26; 12.
27; 0.
28; 0.
29; 0.
30; 0.
31; 0.
32; 0.
33; 0.
34; 0.
35; 0.
36; 0.
37; 0.
38; 0.
39; 4.
40; 0.
41; 0.
42; 0.
43; 0.
44; 0.
45; 0.
46; 0.
47; 0.
48; 0.
49; 0.
50; 0.
51; 0.
52; 0.
53; 0.
54; 0.
55; 0.
56; 0.
57; 12.
================================================================================
Generation 8

--------------------------------------------------------------------------------
Selection

0; 44
1; 25
2; 48
3; 0
4; 38
5; 7
6; 14
7; 48
8; 4
9; 7
10; 40
11; 16
12; 30
13; 20
14; 20
15; 35
16; 47
17; 23
18; 12
19; 14
20; 16
21; 43
22; 6
23; 20
24; 9
25; 21
26; 55
27; 41
28; 51
29; 15
30; 33
31; 55
32; 2
33; 9
34; 15
35; 40
36; 30
37; 17
38; 2
39; 12
--------------------------------------------------------------------------------
Crossover

0; 35, 55; r(39,47) r(37,44) d(31) r(35,162) a(37,50)
1; 35, 55; d(29) d(36) d(39) a(6,125) d(38) d(5) a(37,73) r(38,40) a(39,44) r(39,95) r(7,45) r(31,108) a(32,82) a(32,95) d(6) d(32)
2; 35; r(39,47) r(37,44) d(31) r(35,162) r(38,40) a(39,44) r(39,95) r(7,45) r(31,108) a(32,82) a(32,95) d(6) d(32)
3; 55; d(29) d(36) d(39) a(6,125) d(38) d(5) a(37,73) a(37,50)
4; 51; d(36) d(29) r(39,154) d(38) r(35,56) d(29) d(32) d(37)
5; 9; r(39,47) d(32) r(35,162) d(32) d(5) r(31,82) r(37,48)
6; 40, 41; d(36) d(32) r(5,35)
7; 40, 41; a(29,58) d(29) d(39) a(32,72) r(38,37) d(29) r(39,154) d(38) r(32,40)
8; 40; d(36) d(29) r(39,154) d(38) r(32,40)
9; 41; a(29,58) d(29) d(39) a(32,72) r(38,37) d(32) r(5,35)
10; 16; a(38,43) r(5,39) r(38,53) a(39,90) d(39) a(6,125) d(38) r(37,91) d(31) r(35,162) d(32) d(5) a(29,36) d(36)
11; 43; a(38,43) r(5,39) d(5) d(36) a(39,128)
12; 33, 48; r(39,47) r(37,44) d(31) r(35,162) r(38,40) a(39,44)
13; 33, 48; r(39,47) d(32) a(31,95) d(37) r(31,56) a(29,95) r(29,74) a(6,58) d(6) r(39,95) r(7,45) r(31,108) a(32,82) r(35,162) d(32) d(5) a(29,36) r(36,104)
14; 33; r(39,47) r(37,44) d(31) r(35,162) r(38,40) a(39,44) r(39,95) r(7,45) r(31,108) a(32,82) r(35,162) d(32) d(5) a(29,36) r(36,104)
15; 48; r(39,47) d(32) a(31,95) d(37) r(31,56) a(29,95) r(29,74) a(6,58) d(6)
16; 40; d(36) d(29) r(39,154) d(38) r(32,40)
17; 16; a(38,43) r(5,39) r(38,53) a(39,90) d(39) a(6,125) d(38) r(37,91) d(31) r(35,162) d(32) d(5) a(29,36) d(36)
18; 12; r(39,47) d(32) r(35,162) d(32) d(5) r(31,82) r(38,37) a(35,162) d(36)
19; 12; r(39,47) d(32) r(35,162) d(32) d(5) r(31,82) r(38,37) a(35,162) d(36)
20; 21, 48; d(29) d(36) a(39,95) d(39) a(32,160) a(38,53) r(38,37) r(39,108) a(29,95) r(29,74) a(6,58) d(6)
21; 21, 48; r(39,47) d(32) a(31,95) d(37) r(31,56) a(35,78)
22; 21; d(29) d(36) a(39,95) d(39) a(32,160) a(38,53) r(38,37) r(39,108) a(35,78)
23; 48; r(39,47) d(32) a(31,95) d(37) r(31,56) a(29,95) r(29,74) a(6,58) d(6)
24; 14; r(39,47) d(32) r(35,162) d(32) d(5) r(31,82) r(38,43)
25; 23; d(29) d(36) a(39,95) d(39) a(32,160) a(38,53) r(38,37) a(37,104)
26; 44, 15; a(29,58) d(29) d(39) a(32,72) r(38,37) a(35,162) d(5)
27; 44, 15; a(29,58) r(37,44) d(31) r(35,162) d(32) d(5) d(36) d(29)
28; 44; a(29,58) r(37,44) d(31) r(35,162) d(32) d(5) d(36) d(29)
29; 15; a(29,58) d(29) d(39) a(32,72) r(38,37) a(35,162) d(5)
30; 20, 0; a(38,43) r(5,39) r(32,60) r(38,125) r(7,45) r(31,108) a(32,82) r(35,73) d(38) r(5,108)
31; 20, 0; d(29) d(36) a(39,95) a(39,44) r(39,95)
32; 20; a(38,43) r(5,39) r(32,60) r(38,125)
33; 0; d(29) d(36) a(39,95) a(39,44) r(39,95) r(7,45) r(31,108) a(32,82) r(35,73) d(38) r(5,108)
34; 38; d(36) d(29) d(39) a(32,72) r(38,37) d(32) a(6,80)
35; 30; a(38,48) r(7,79) a(32,101) d(29) d(39) d(6) d(35) a(36,32) a(38,53)
36; 6, 17; r(39,47) d(32) d(5) r(31,82) d(29)
37; 6, 17; r(39,47) r(37,44) r(32,78) a(38,145)
38; 6; r(39,47) d(32) d(5) r(31,82) a(38,145)
39; 17; r(39,47) r(37,44) r(32,78) d(29)
40; 20, 15; a(38,43) d(29) d(39) a(32,72) r(38,37) a(35,162) d(5)
41; 20, 15; a(29,58) r(5,39) r(32,60) r(38,125)
42; 20; a(38,43) r(5,39) r(32,60) r(38,125)
43; 15; a(29,58) d(29) d(39) a(32,72) r(38,37) a(35,162) d(5)
44; 4, 7; d(36) r(7,79) r(39,31) d(38) a(37,125) r(29,79) d(37) a(29,39) a(7,145)
45; 4, 7; r(39,47) d(32) r(35,162) d(32) a(31,95) a(35,5) a(5,56)
46; 4; d(36) r(7,79) r(39,31) d(38) a(37,125) r(29,79) a(35,5) a(5,56)
47; 7; r(39,47) d(32) r(35,162) d(32) a(31,95) d(37) a(29,39) a(7,145)
48; 2; d(29) d(36) a(39,95) d(39) d(32) a(31,95) d(37) r(6,43) d(5)
49; 25; d(36) r(39,45) d(6) a(38,5) a(31,48) a(35,66) r(38,80) r(31,56)
50; 2; d(29) d(36) a(39,95) d(39) d(32) a(31,95) d(37) r(6,43) d(5)
51; 20; a(38,43) r(5,39) r(32,60) r(38,125)
52; 47, 9; d(29) d(36) a(39,95) a(39,44) r(39,95) d(32) d(5) r(31,82) r(37,48)
53; 47, 9; r(39,47) d(32) r(35,162) r(7,45) r(31,108) a(32,82) r(35,73) d(38) d(6)
54; 47; d(29) d(36) a(39,95) a(39,44) r(39,95) r(7,45) r(31,108) a(32,82) r(35,73) d(38) d(6)
55; 9; r(39,47) d(32) r(35,162) d(32) d(5) r(31,82) r(37,48)
56; 55, 14; d(29) d(36) d(39) a(6,125) d(38) d(5) a(37,73) a(37,50) d(5) r(31,82) r(38,43)
57; 55, 14; r(39,47) d(32) r(35,162) d(32)
58; 55; d(29) d(36) d(39) a(6,125) d(38) d(5) a(37,73) a(37,50)
59; 14; r(39,47) d(32) r(35,162) d(32) d(5) r(31,82) r(38,43)
60; 30, 7; a(38,48) r(7,79) a(32,101) d(29) d(39) d(6) r(35,162) d(32) a(31,95) d(37) a(29,39) a(7,145)
61; 30, 7; r(39,47) d(32) d(35) a(36,32) a(38,53)
62; 30; a(38,48) r(7,79) a(32,101) d(29) d(39) d(6) d(35) a(36,32) a(38,53)
63; 7; r(39,47) d(32) r(35,162) d(32) a(31,95) d(37) a(29,39) a(7,145)
--------------------------------------------------------------------------------
Mutation

0; r(39,47) r(37,44) d(31) r(35,162) a(37,50) d(5)
1; d(29) d(36) d(39) a(6,125) d(38) d(5) a(37,73) r(38,40) a(39,44) r(39,95) r(7,45) r(31,108) a(32,82) a(32,95) d(6) d(32) a(37,74)
2; r(39,47) r(37,44) d(31) r(35,162) r(38,40) a(39,44) r(39,95) r(7,45) r(31,108) a(32,82) a(32,95) d(6) d(32) a(36,65)
3; d(29) d(36) d(39) a(6,125) d(38) d(5) a(37,73) a(37,50) r(35,40)
4; d(36) d(29) r(39,154) d(38) r(35,56) d(29) d(32) d(37) a(5,91)
5; r(39,47) d(32) r(35,162) d(32) d(5) r(31,82) r(37,48) a(36,31)
6; d(36) d(32) r(5,35) d(37)
7; a(29,58) d(29) d(39) a(32,72) r(38,37) d(29) r(39,154) d(38) r(32,40) d(6)
8; d(36) d(29) r(39,154) d(38) r(32,40) a(37,163)
9; a(29,58) d(29) d(39) a(32,72) r(38,37) d(32) r(5,35) r(36,50)
10; a(38,43) r(5,39) r(38,53) a(39,90) d(39) a(6,125) d(38) r(37,91) d(31) r(35,162) d(32) d(5) a(29,36) d(36) a(29,96)
11; a(38,43) r(5,39) d(5) d(36) a(39,128) a(38,32)
12; r(39,47) r(37,44) d(31) r(35,162) r(38,40) a(39,44) r(7,35)
13; r(39,47) d(32) a(31,95) d(37) r(31,56) a(29,95) r(29,74) a(6,58) d(6) r(39,95) r(7,45) r(31,108) a(32,82) r(35,162) d(32) d(5) a(29,36) r(36,104)
14; r(39,47) r(37,44) d(31) r(35,162) r(38,40) a(39,44) r(39,95) r(7,45) r(31,108) a(32,82) r(35,162) d(32) d(5) a(29,36) r(36,104) d(29)
15; r(39,47) d(32) a(31,95) d(37) r(31,56) a(29,95) r(29,74) a(6,58) d(6) a(5,145)
16; d(36) d(29) r(39,154) d(38) r(32,40) a(6,39)
17; a(38,43) r(5,39) r(38,53) a(39,90) d(39) a(6,125) d(38) r(37,91) d(31) r(35,162) d(32) d(5) a(29,36) d(36) r(29,50)
18; r(39,47) d(32) r(35,162) d(32) d(5) r(31,82) r(38,37) a(35,162) d(36) d(37)
19; r(39,47) d(32) r(35,162) d(32) d(5) r(31,82) r(38,37) a(35,162) d(36) r(37,32)
20; d(29) d(36) a(39,95) d(39) a(32,160) a(38,53) r(38,37) r(39,108) a(29,95) r(29,74) a(6,58) d(6) a(32,96)
21; r(39,47) d(32) a(31,95) d(37) r(31,56) a(35,78) a(29,37)
22; d(29) d(36) a(39,95) d(39) a(32,160) a(38,53) r(38,37) r(39,108) a(35,78) d(35)
23; r(39,47) d(32) a(31,95) d(37) r(31,56) a(29,95) r(29,74) a(6,58) d(6) a(36,39)
24; r(39,47) d(32) r(35,162) d(32) d(5) r(31,82) r(38,43) d(36)
25; d(29) d(36) a(39,95) d(39) a(32,160) a(38,53) r(38,37) a(37,104) d(37)
26; a(29,58) d(29) d(39) a(32,72) r(38,37) a(35,162) d(5) d(36)
27; a(29,58) r(37,44) d(31) r(35,162) d(32) d(5) d(36) d(29)
28; a(29,58) r(37,44) d(31) r(35,162) d(32) d(5) d(36) d(29)
29; a(29,58) d(29) d(39) a(32,72) r(38,37) a(35,162) d(5) d(37)
30; a(38,43) r(5,39) r(32,60) r(38,125) r(7,45) r(31,108) a(32,82) r(35,73) d(38) r(5,108) a(29,93)
31; d(29) d(36) a(39,95) a(39,44) r(39,95) d(38)
32; a(38,43) r(5,39) r(32,60) r(38,125) r(39,29)
33; d(29) d(36) a(39,95) a(39,44) r(39,95) r(7,45) r(31,108) a(32,82) r(35,73) d(38) r(5,108) d(32)
34; d(36) d(29) d(39) a(32,72) r(38,37) d(32) a(6,80) d(7)
35; a(38,48) r(7,79) a(32,101) d(29) d(39) d(6) d(35) a(36,32) a(38,53) d(38)
36; r(39,47) d(32) d(5) r(31,82) d(29) a(38,80)
37; r(39,47) r(37,44) r(32,78) a(38,145) r(31,133)
38; r(39,47) d(32) d(5) r(31,82) a(38,145) d(38)
39; r(39,47) r(37,44) r(32,78) d(29) d(6)
40; a(38,43) d(29) d(39) a(32,72) r(38,37) a(35,162) d(5) a(32,48)
41; a(29,58) r(5,39) r(32,60) r(38,125) r(39,74)
42; a(38,43) r(5,39) r(32,60) r(38,125) a(31,76)
43; a(29,58) d(29) d(39) a(32,72) r(38,37) a(35,162) d(5) r(36,44)
44; d(36) r(7,79) r(39,31) d(38) a(37,125) r(29,79) d(37) a(29,39) a(7,145) d(32)
45; r(39,47) d(32) r(35,162) d(32) a(31,95) a(35,5) a(5,56) a(38,50)
46; d(36) r(7,79) r(39,31) d(38) a(37,125) r(29,79) a(35,5) a(5,56) d(5)
47; r(39,47) d(32) r(35,162) d(32) a(31,95) d(37) a(29,39) a(7,145) d(36)
48; d(29) d(36) a(39,95) d(39) d(32) a(31,95) d(37) r(6,43) d(5)
49; d(36) r(39,45) d(6) a(38,5) a(31,48) a(35,66) r(38,80) r(31,56) r(29,154)
50; d(29) d(36) a(39,95) d(39) d(32) a(31,95) d(37) r(6,43) d(5)
51; a(38,43) r(5,39) r(32,60) r(38,125) r(36,48)
52; d(29) d(36) a(39,95) a(39,44) r(39,95) d(32) d(5) r(31,82) r(37,48)
53; r(39,47) d(32) r(35,162) r(7,45) r(31,108) a(32,82) r(35,73) d(38) d(6) d(5)
54; d(29) d(36) a(39,95) a(39,44) r(39,95) r(7,45) r(31,108) a(32,82) r(35,73) d(38) d(6) a(37,74)
55; r(39,47) d(32) r(35,162) d(32) d(5) r(31,82) r(37,48) r(36,40)
56; d(29) d(36) d(39) a(6,125) d(38) d(5) a(37,73) a(37,50) d(5) r(31,82) r(38,43) a(35,101)
57; r(39,47) d(32) r(35,162) d(32) r(36,74)
58; d(29) d(36) d(39) a(6,125) d(38) d(5) a(37,73) a(37,50) a(35,56)
59; r(39,47) d(32) r(35,162) d(32) d(5) r(31,82) r(38,43) r(36,91)
60; a(38,48) r(7,79) a(32,101) d(29) d(39) d(6) r(35,162) d(32) a(31,95) d(37) a(29,39) a(7,145) r(36,61)
61; r(39,47) d(32) d(35) a(36,32) a(38,53) a(38,104)
62; a(38,48) r(7,79) a(32,101) d(29) d(39) d(6) d(35) a(36,32) a(38,53) r(38,79)
63; r(39,47) d(32) r(35,162) d(32) a(31,95) d(37) a(29,39) a(7,145) r(7,128)
--------------------------------------------------------------------------------
Evaluation

0; 0.
1; 0.
2; 0.
3; 0.
4; 0.
5; 0.
6; 0.
7; 0.
8; 12.
9; 0.
10; 0.
11; 0.
12; 12.
13; 0.
14; 0.
15; 0.
16; 0.
17; 0.
18; 0.
19; 0.
20; 0.
21; 0.
22; 0.
23; 0.
24; 0.
25; 0.
26; 0.
27; 0.
28; 0.
29; 0.
30; 0.
31; 0.
32; 0.
33; 0.
34; 0.
35; 0.
36; 0.
37; 0.
38; 0.
39; 0.
40; 0.
41; 0.
42; 0.
43; 0.
44; 0.
45; 0.
46; 0.
47; 0.
48; 0.
49; 0.
50; 0.
51; 0.
52; 0.
53; 0.
54; 0.
55; 0.
56; 12.
57; 0.
58; 0.
59; 0.
60; 0.
61; 0.
62; 0.
63; 12.
================================================================================
Generation 9

--------------------------------------------------------------------------------
Selection

0; 27
1; 51
2; 59
3; 26
4; 15
5; 20
6; 47
7; 28
8; 38
9; 35
10; 36
11; 39
12; 7
13; 9
14; 27
15; 50
16; 13
17; 42
18; 26
19; 17
20; 54
21; 14
22; 27
23; 27
24; 0
25; 57
26; 23
27; 23
28; 4
29; 32
30; 32
31; 45
32; 19
33; 41
34; 38
35; 35
36; 53
37; 36
38; 39
39; 60
--------------------------------------------------------------------------------
Crossover

0; 27; a(29,58) r(37,44) d(31) r(35,162) d(32) d(5) d(36) d(29)
1; 32; a(38,43) r(5,39) r(32,60) r(38,125) r(39,29)
2; 50, 14; d(29) d(36) a(39,95) d(39) d(32) a(31,95) d(37) r(6,43) r(35,162) d(32) d(5) a(29,36) r(36,104) d(29)
3; 50, 14; r(39,47) r(37,44) d(31) r(35,162) r(38,40) a(39,44) r(39,95) r(7,45) r(31,108) a(32,82) d(5)
4; 50; d(29) d(36) a(39,95) d(39) d(32) a(31,95) d(37) r(6,43) d(5)
5; 14; r(39,47) r(37,44) d(31) r(35,162) r(38,40) a(39,44) r(39,95) r(7,45) r(31,108) a(32,82) r(35,162) d(32) d(5) a(29,36) r(36,104) d(29)
6; 26, 7; a(29,58) d(29) d(39) a(32,72) r(38,37) a(35,162) d(5) d(39) a(32,72) r(38,37) d(29) r(39,154) d(38) r(32,40) d(6)
7; 26, 7; a(29,58) d(29) d(36)
8; 26; a(29,58) d(29) d(39) a(32,72) r(38,37) a(35,162) d(5) d(36)
9; 7; a(29,58) d(29) d(39) a(32,72) r(38,37) d(29) r(39,154) d(38) r(32,40) d(6)
10; 39, 32; r(39,47) r(37,44) r(5,39) r(32,60) r(38,125) r(39,29)
11; 39, 32; a(38,43) r(32,78) d(29) d(6)
12; 39; r(39,47) r(37,44) r(32,78) d(29) d(6)
13; 32; a(38,43) r(5,39) r(32,60) r(38,125) r(39,29)
14; 51; a(38,43) r(5,39) r(32,60) r(38,125) r(36,48)
15; 53; r(39,47) d(32) r(35,162) r(7,45) r(31,108) a(32,82) r(35,73) d(38) d(6) d(5)
16; 39, 27; r(39,47) r(37,44) r(32,78) d(32) d(5) d(36) d(29)
17; 39, 27; a(29,58) r(37,44) d(31) r(35,162) d(29) d(6)
18; 39; r(39,47) r(37,44) r(32,78) d(29) d(6)
19; 27; a(29,58) r(37,44) d(31) r(35,162) d(32) d(5) d(36) d(29)
20; 38, 41; r(39,47) d(32) r(5,39) r(32,60) r(38,125) r(39,74)
21; 38, 41; a(29,58) d(5) r(31,82) a(38,145) d(38)
22; 38; r(39,47) d(32) d(5) r(31,82) a(38,145) d(38)
23; 41; a(29,58) r(5,39) r(32,60) r(38,125) r(39,74)
24; 0; r(39,47) r(37,44) d(31) r(35,162) a(37,50) d(5)
25; 20; d(29) d(36) a(39,95) d(39) a(32,160) a(38,53) r(38,37) r(39,108) a(29,95) r(29,74) a(6,58) d(6) a(32,96)
26; 15, 13; r(39,47) d(32) a(31,95) d(37) r(31,56) a(29,95) r(36,104)
27; 15, 13; r(39,47) d(32) a(31,95) d(37) r(31,56) a(29,95) r(29,74) a(6,58) d(6) r(39,95) r(7,45) r(31,108) a(32,82) r(35,162) d(32) d(5) a(29,36) r(29,74) a(6,58) d(6) a(5,145)
28; 15; r(39,47) d(32) a(31,95) d(37) r(31,56) a(29,95) r(29,74) a(6,58) d(6) a(5,145)
29; 13; r(39,47) d(32) a(31,95) d(37) r(31,56) a(29,95) r(29,74) a(6,58) d(6) r(39,95) r(7,45) r(31,108) a(32,82) r(35,162) d(32) d(5) a(29,36) r(36,104)
30; 28, 26; a(29,58) d(5) d(36)
31; 28, 26; a(29,58) d(29) d(39) a(32,72) r(38,37) a(35,162) r(37,44) d(31) r(35,162) d(32) d(5) d(36) d(29)
32; 28; a(29,58) r(37,44) d(31) r(35,162) d(32) d(5) d(36) d(29)
33; 26; a(29,58) d(29) d(39) a(32,72) r(38,37) a(35,162) d(5) d(36)
34; 42, 57; a(38,43) r(5,39) r(32,60) r(38,125) d(32) r(36,74)
35; 42, 57; r(39,47) d(32) r(35,162) a(31,76)
36; 42; a(38,43) r(5,39) r(32,60) r(38,125) a(31,76)
37; 57; r(39,47) d(32) r(35,162) d(32) r(36,74)
38; 36, 35; r(39,47) a(36,32) a(38,53) d(38)
39; 36, 35; a(38,48) r(7,79) a(32,101) d(29) d(39) d(6) d(35) d(32) d(5) r(31,82) d(29) a(38,80)
40; 36; r(39,47) d(32) d(5) r(31,82) d(29) a(38,80)
41; 35; a(38,48) r(7,79) a(32,101) d(29) d(39) d(6) d(35) a(36,32) a(38,53) d(38)
42; 47; r(39,47) d(32) r(35,162) d(32) a(31,95) d(37) a(29,39) a(7,145) d(36)
43; 17; a(38,43) r(5,39) r(38,53) a(39,90) d(39) a(6,125) d(38) r(37,91) d(31) r(35,162) d(32) d(5) a(29,36) d(36) r(29,50)
44; 35; a(38,48) r(7,79) a(32,101) d(29) d(39) d(6) d(35) a(36,32) a(38,53) d(38)
45; 23; r(39,47) d(32) a(31,95) d(37) r(31,56) a(29,95) r(29,74) a(6,58) d(6) a(36,39)
46; 19; r(39,47) d(32) r(35,162) d(32) d(5) r(31,82) r(38,37) a(35,162) d(36) r(37,32)
47; 60; a(38,48) r(7,79) a(32,101) d(29) d(39) d(6) r(35,162) d(32) a(31,95) d(37) a(29,39) a(7,145) r(36,61)
48; 54; d(29) d(36) a(39,95) a(39,44) r(39,95) r(7,45) r(31,108) a(32,82) r(35,73) d(38) d(6) a(37,74)
49; 27; a(29,58) r(37,44) d(31) r(35,162) d(32) d(5) d(36) d(29)
50; 45; r(39,47) d(32) r(35,162) d(32) a(31,95) a(35,5) a(5,56) a(38,50)
51; 9; a(29,58) d(29) d(39) a(32,72) r(38,37) d(32) r(5,35) r(36,50)
52; 4; d(36) d(29) r(39,154) d(38) r(35,56) d(29) d(32) d(37) a(5,91)
53; 27; a(29,58) r(37,44) d(31) r(35,162) d(32) d(5) d(36) d(29)
54; 36; r(39,47) d(32) d(5) r(31,82) d(29) a(38,80)
55; 59; r(39,47) d(32) r(35,162) d(32) d(5) r(31,82) r(38,43) r(36,91)
56; 23; r(39,47) d(32) a(31,95) d(37) r(31,56) a(29,95) r(29,74) a(6,58) d(6) a(36,39)
57; 38; r(39,47) d(32) d(5) r(31,82) a(38,145) d(38)
--------------------------------------------------------------------------------
Mutation

0; a(29,58) r(37,44) d(31) r(35,162) d(32) d(5) d(36) d(29)
1; a(38,43) r(5,39) r(32,60) r(38,125) r(39,29) a(37,39)
2; d(29) d(36) a(39,95) d(39) d(32) a(31,95) d(37) r(6,43) r(35,162) d(32) d(5) a(29,36) r(36,104) d(29)
3; r(39,47) r(37,44) d(31) r(35,162) r(38,40) a(39,44) r(39,95) r(7,45) r(31,108) a(32,82) d(5) r(36,37)
4; d(29) d(36) a(39,95) d(39) d(32) a(31,95) d(37) r(6,43) d(5)
5; r(39,47) r(37,44) d(31) r(35,162) r(38,40) a(39,44) r(39,95) r(7,45) r(31,108) a(32,82) r(35,162) d(32) d(5) a(29,36) r(36,104) d(29)
6; a(29,58) d(29) d(39) a(32,72) r(38,37) a(35,162) d(5) d(39) a(32,72) r(38,37) d(29) r(39,154) d(38) r(32,40) d(6) r(37,60)
7; a(29,58) d(29) d(36) r(38,91)
8; a(29,58) d(29) d(39) a(32,72) r(38,37) a(35,162) d(5) d(36) a(32,37)
9; a(29,58) d(29) d(39) a(32,72) r(38,37) d(29) r(39,154) d(38) r(32,40) d(6) a(5,31)
10; r(39,47) r(37,44) r(5,39) r(32,60) r(38,125) r(39,29) d(29)
11; a(38,43) r(32,78) d(29) d(6) a(39,154)
12; r(39,47) r(37,44) r(32,78) d(29) d(6) d(5)
13; a(38,43) r(5,39) r(32,60) r(38,125) r(39,29) a(31,154)
14; a(38,43) r(5,39) r(32,60) r(38,125) r(36,48) d(39)
15; r(39,47) d(32) r(35,162) r(7,45) r(31,108) a(32,82) r(35,73) d(38) d(6) d(5) d(37)
16; r(39,47) r(37,44) r(32,78) d(32) d(5) d(36) d(29)
17; a(29,58) r(37,44) d(31) r(35,162) d(29) d(6) r(36,108)
18; r(39,47) r(37,44) r(32,78) d(29) d(6) d(5)
19; a(29,58) r(37,44) d(31) r(35,162) d(32) d(5) d(36) d(29)
20; r(39,47) d(32) r(5,39) r(32,60) r(38,125) r(39,74) a(36,49)
21; a(29,58) d(5) r(31,82) a(38,145) d(38) r(32,95)
22; r(39,47) d(32) d(5) r(31,82) a(38,145) d(38) r(29,83)
23; a(29,58) r(5,39) r(32,60) r(38,125) r(39,74) d(31)
24; r(39,47) r(37,44) d(31) r(35,162) a(37,50) d(5) a(29,125)
25; d(29) d(36) a(39,95) d(39) a(32,160) a(38,53) r(38,37) r(39,108) a(29,95) r(29,74) a(6,58) d(6) a(32,96) a(37,104)
26; r(39,47) d(32) a(31,95) d(37) r(31,56) a(29,95) r(36,104) a(6,51)
27; r(39,47) d(32) a(31,95) d(37) r(31,56) a(29,95) r(29,74) a(6,58) d(6) r(39,95) r(7,45) r(31,108) a(32,82) r(35,162) d(32) d(5) a(29,36) r(29,74) a(6,58) d(6) a(5,145) a(36,58)
28; r(39,47) d(32) a(31,95) d(37) r(31,56) a(29,95) r(29,74) a(6,58) d(6) a(5,145) r(36,39)
29; r(39,47) d(32) a(31,95) d(37) r(31,56) a(29,95) r(29,74) a(6,58) d(6) r(39,95) r(7,45) r(31,108) a(32,82) r(35,162) d(32) d(5) a(29,36) r(36,104)
30; a(29,58) d(5) d(36) a(38,43)
31; a(29,58) d(29) d(39) a(32,72) r(38,37) a(35,162) r(37,44) d(31) r(35,162) d(32) d(5) d(36) d(29)
32; a(29,58) r(37,44) d(31) r(35,162) d(32) d(5) d(36) d(29)
33; a(29,58) d(29) d(39) a(32,72) r(38,37) a(35,162) d(5) d(36) a(32,38)
34; a(38,43) r(5,39) r(32,60) r(38,125) d(32) r(36,74) d(39)
35; r(39,47) d(32) r(35,162) a(31,76) a(7,35)
36; a(38,43) r(5,39) r(32,60) r(38,125) a(31,76) d(39)
37; r(39,47) d(32) r(35,162) d(32) r(36,74) r(38,46)
38; r(39,47) a(36,32) a(38,53) d(38) r(7,47)
39; a(38,48) r(7,79) a(32,101) d(29) d(39) d(6) d(35) d(32) d(5) r(31,82) d(29) a(38,80) d(38)
40; r(39,47) d(32) d(5) r(31,82) d(29) a(38,80) d(36)
41; a(38,48) r(7,79) a(32,101) d(29) d(39) d(6) d(35) a(36,32) a(38,53) d(38) a(32,42)
42; r(39,47) d(32) r(35,162) d(32) a(31,95) d(37) a(29,39) a(7,145) d(36) r(7,125)
43; a(38,43) r(5,39) r(38,53) a(39,90) d(39) a(6,125) d(38) r(37,91) d(31) r(35,162) d(32) d(5) a(29,36) d(36) r(29,50)
44; a(38,48) r(7,79) a(32,101) d(29) d(39) d(6) d(35) a(36,32) a(38,53) d(38) r(32,90)
45; r(39,47) d(32) a(31,95) d(37) r(31,56) a(29,95) r(29,74) a(6,58) d(6) a(36,39) a(36,101)
46; r(39,47) d(32) r(35,162) d(32) d(5) r(31,82) r(38,37) a(35,162) d(36) r(37,32) r(29,128)
47; a(38,48) r(7,79) a(32,101) d(29) d(39) d(6) r(35,162) d(32) a(31,95) d(37) a(29,39) a(7,145) r(36,61) r(5,79)
48; d(29) d(36) a(39,95) a(39,44) r(39,95) r(7,45) r(31,108) a(32,82) r(35,73) d(38) d(6) a(37,74) r(37,133)
49; a(29,58) r(37,44) d(31) r(35,162) d(32) d(5) d(36) d(29)
50; r(39,47) d(32) r(35,162) d(32) a(31,95) a(35,5) a(5,56) a(38,50) d(38)
51; a(29,58) d(29) d(39) a(32,72) r(38,37) d(32) r(5,35) r(36,50) r(37,90)
52; d(36) d(29) r(39,154) d(38) r(35,56) d(29) d(32) d(37) a(5,91) d(7)
53; a(29,58) r(37,44) d(31) r(35,162) d(32) d(5) d(36) d(29)
54; r(39,47) d(32) d(5) r(31,82) d(29) a(38,80) d(36)
55; r(39,47) d(32) r(35,162) d(32) d(5) r(31,82) r(38,43) r(36,91) a(29,104)
56; r(39,47) d(32) a(31,95) d(37) r(31,56) a(29,95) r(29,74) a(6,58) d(6) a(36,39) a(36,95)
57; r(39,47) d(32) d(5) r(31,82) a(38,145) d(38) d(36)
--------------------------------------------------------------------------------
Evaluation

0; 0.
1; 0.
2; 0.
3; 0.
4; 0.
5; 0.
6; 0.
7; 0.
8; 0.
9; 0.
10; 0.
11; 0.
12; 0.
13; 0.
14; 0.
15; 0.
16; 0.
17; 0.
18; 0.
19; 0.
20; 0.
21; 0.
22; 0.
23; 0.
24; 0.
25; 0.
26; 0.
27; 0.
28; 0.
29; 0.
30; 0.
31; 0.
32; 0.
33; 0.
34; 0.
35; 0.
36; 0.
37; 0.
38; 0.
39; 12.
40; 0.
41; 0.
42; 12.
43; 0.
44; 0.
45; 0.
46; 0.
47; 0.
48; 0.
49; 0.
50; 0.
51; 0.
52; 0.
53; 0.
54; 0.
55; 0.
56; 0.
57; 0.
================================================================================
Generation 10

--------------------------------------------------------------------------------
Selection

0; 17
1; 1
2; 17
3; 38
4; 30
5; 9
6; 38
7; 13
8; 38
9; 28
10; 21
11; 12
12; 24
13; 34
14; 57
15; 33
16; 27
17; 52
18; 30
19; 45
20; 17
21; 57
22; 4
23; 49
24; 6
25; 51
26; 13
27; 1
28; 48
29; 53
30; 0
31; 0
32; 19
33; 45
34; 26
35; 38
36; 18
37; 13
38; 22
39; 35
--------------------------------------------------------------------------------
Crossover

0; 33, 4; a(29,58) d(29) d(39) a(32,72) r(38,37) r(6,43) d(5)
1; 33, 4; d(29) d(36) a(39,95) d(39) d(32) a(31,95) d(37) a(35,162) d(5) d(36) a(32,38)
2; 33; a(29,58) d(29) d(39) a(32,72) r(38,37) a(35,162) d(5) d(36) a(32,38)
3; 4; d(29) d(36) a(39,95) d(39) d(32) a(31,95) d(37) r(6,43) d(5)
4; 18, 52; r(39,47) r(37,44) r(32,78) d(29) d(6) r(39,154) d(38) r(35,56) d(29) d(32) d(37) a(5,91) d(7)
5; 18, 52; d(36) d(29) d(5)
6; 18; r(39,47) r(37,44) r(32,78) d(29) d(6) d(5)
7; 52; d(36) d(29) r(39,154) d(38) r(35,56) d(29) d(32) d(37) a(5,91) d(7)
8; 22; r(39,47) d(32) d(5) r(31,82) a(38,145) d(38) r(29,83)
9; 30; a(29,58) d(5) d(36) a(38,43)
10; 34; a(38,43) r(5,39) r(32,60) r(38,125) d(32) r(36,74) d(39)
11; 26; r(39,47) d(32) a(31,95) d(37) r(31,56) a(29,95) r(36,104) a(6,51)
12; 27; r(39,47) d(32) a(31,95) d(37) r(31,56) a(29,95) r(29,74) a(6,58) d(6) r(39,95) r(7,45) r(31,108) a(32,82) r(35,162) d(32) d(5) a(29,36) r(29,74) a(6,58) d(6) a(5,145) a(36,58)
13; 17; a(29,58) r(37,44) d(31) r(35,162) d(29) d(6) r(36,108)
14; 9; a(29,58) d(29) d(39) a(32,72) r(38,37) d(29) r(39,154) d(38) r(32,40) d(6) a(5,31)
15; 1; a(38,43) r(5,39) r(32,60) r(38,125) r(39,29) a(37,39)
16; 12; r(39,47) r(37,44) r(32,78) d(29) d(6) d(5)
17; 1; a(38,43) r(5,39) r(32,60) r(38,125) r(39,29) a(37,39)
18; 35; r(39,47) d(32) r(35,162) a(31,76) a(7,35)
19; 57; r(39,47) d(32) d(5) r(31,82) a(38,145) d(38) d(36)
20; 13, 45; a(38,43) r(5,39) r(32,60) r(38,125)
21; 13, 45; r(39,47) d(32) a(31,95) d(37) r(31,56) a(29,95) r(29,74) a(6,58) d(6) a(36,39) a(36,101) r(39,29) a(31,154)
22; 13; a(38,43) r(5,39) r(32,60) r(38,125) r(39,29) a(31,154)
23; 45; r(39,47) d(32) a(31,95) d(37) r(31,56) a(29,95) r(29,74) a(6,58) d(6) a(36,39) a(36,101)
24; 24, 28; r(39,47) r(37,44) d(31) r(35,162) a(37,50) d(5) a(31,95) d(37) r(31,56) a(29,95) r(29,74) a(6,58) d(6) a(5,145) r(36,39)
25; 24, 28; r(39,47) d(32) a(29,125)
26; 24; r(39,47) r(37,44) d(31) r(35,162) a(37,50) d(5) a(29,125)
27; 28; r(39,47) d(32) a(31,95) d(37) r(31,56) a(29,95) r(29,74) a(6,58) d(6) a(5,145) r(36,39)
28; 17, 6; a(29,58) r(37,44) d(31) r(35,162) d(29) d(6) r(36,108)
29; 17, 6; a(29,58) d(29) d(39) a(32,72) r(38,37) a(35,162) d(5) d(39) a(32,72) r(38,37) d(29) r(39,154) d(38) r(32,40) d(6) r(37,60)
30; 17; a(29,58) r(37,44) d(31) r(35,162) d(29) d(6) r(36,108)
31; 6; a(29,58) d(29) d(39) a(32,72) r(38,37) a(35,162) d(5) d(39) a(32,72) r(38,37) d(29) r(39,154) d(38) r(32,40) d(6) r(37,60)
32; 0; a(29,58) r(37,44) d(31) r(35,162) d(32) d(5) d(36) d(29)
33; 38; r(39,47) a(36,32) a(38,53) d(38) r(7,47)
34; 13, 48; a(38,43) r(5,39) r(32,60) d(38) d(6) a(37,74) r(37,133)
35; 13, 48; d(29) d(36) a(39,95) a(39,44) r(39,95) r(7,45) r(31,108) a(32,82) r(35,73) r(38,125) r(39,29) a(31,154)
36; 13; a(38,43) r(5,39) r(32,60) r(38,125) r(39,29) a(31,154)
37; 48; d(29) d(36) a(39,95) a(39,44) r(39,95) r(7,45) r(31,108) a(32,82) r(35,73) d(38) d(6) a(37,74) r(37,133)
38; 0; a(29,58) r(37,44) d(31) r(35,162) d(32) d(5) d(36) d(29)
39; 21; a(29,58) d(5) r(31,82) a(38,145) d(38) r(32,95)
40; 45; r(39,47) d(32) a(31,95) d(37) r(31,56) a(29,95) r(29,74) a(6,58) d(6) a(36,39) a(36,101)
41; 53; a(29,58) r(37,44) d(31) r(35,162) d(32) d(5) d(36) d(29)
42; 13; a(38,43) r(5,39) r(32,60) r(38,125) r(39,29) a(31,154)
43; 49; a(29,58) r(37,44) d(31) r(35,162) d(32) d(5) d(36) d(29)
44; 51, 30; a(29,58) d(36) a(38,43)
45; 51, 30; a(29,58) d(5) d(29) d(39) a(32,72) r(38,37) d(32) r(5,35) r(36,50) r(37,90)
46; 51; a(29,58) d(29) d(39) a(32,72) r(38,37) d(32) r(5,35) r(36,50) r(37,90)
47; 30; a(29,58) d(5) d(36) a(38,43)
48; 57, 19; r(39,47) d(32) d(5) r(31,82) a(38,145) d(38) d(36) r(35,162) d(32) d(5) d(36) d(29)
49; 57, 19; a(29,58) r(37,44) d(31)
50; 57; r(39,47) d(32) d(5) r(31,82) a(38,145) d(38) d(36)
51; 19; a(29,58) r(37,44) d(31) r(35,162) d(32) d(5) d(36) d(29)
52; 38; r(39,47) a(36,32) a(38,53) d(38) r(7,47)
53; 38; r(39,47) a(36,32) a(38,53) d(38) r(7,47)
54; 38, 17; r(39,47) r(36,108)
55; 38, 17; a(29,58) r(37,44) d(31) r(35,162) d(29) d(6) a(36,32) a(38,53) d(38) r(7,47)
56; 38; r(39,47) a(36,32) a(38,53) d(38) r(7,47)
57; 17; a(29,58) r(37,44) d(31) r(35,162) d(29) d(6) r(36,108)
--------------------------------------------------------------------------------
Mutation

0; a(29,58) d(29) d(39) a(32,72) r(38,37) r(6,43) d(5) r(35,90)
1; d(29) d(36) a(39,95) d(39) d(32) a(31,95) d(37) a(35,162) d(5) d(36) a(32,38)
2; a(29,58) d(29) d(39) a(32,72) r(38,37) a(35,162) d(5) d(36) a(32,38) d(32)
3; d(29) d(36) a(39,95) d(39) d(32) a(31,95) d(37) r(6,43) d(5)
4; r(39,47) r(37,44) r(32,78) d(29) d(6) r(39,154) d(38) r(35,56) d(29) d(32) d(37) a(5,91) d(7) r(5,145)
5; d(36) d(29) d(5) r(38,93)
6; r(39,47) r(37,44) r(32,78) d(29) d(6) d(5) r(36,133)
7; d(36) d(29) r(39,154) d(38) r(35,56) d(29) d(32) d(37) a(5,91) d(7) r(6,72)
8; r(39,47) d(32) d(5) r(31,82) a(38,145) d(38) r(29,83) a(36,128)
9; a(29,58) d(5) d(36) a(38,43) d(38)
10; a(38,43) r(5,39) r(32,60) r(38,125) d(32) r(36,74) d(39) d(29)
11; r(39,47) d(32) a(31,95) d(37) r(31,56) a(29,95) r(36,104) a(6,51) d(29)
12; r(39,47) d(32) a(31,95) d(37) r(31,56) a(29,95) r(29,74) a(6,58) d(6) r(39,95) r(7,45) r(31,108) a(32,82) r(35,162) d(32) d(5) a(29,36) r(29,74) a(6,58) d(6) a(5,145) a(36,58) a(36,128)
13; a(29,58) r(37,44) d(31) r(35,162) d(29) d(6) r(36,108) r(32,74)
14; a(29,58) d(29) d(39) a(32,72) r(38,37) d(29) r(39,154) d(38) r(32,40) d(6) a(5,31) d(5)
15; a(38,43) r(5,39) r(32,60) r(38,125) r(39,29) a(37,39) r(36,128)
16; r(39,47) r(37,44) r(32,78) d(29) d(6) d(5) a(36,5)
17; a(38,43) r(5,39) r(32,60) r(38,125) r(39,29) a(37,39) d(31)
18; r(39,47) d(32) r(35,162) a(31,76) a(7,35) d(31)
19; r(39,47) d(32) d(5) r(31,82) a(38,145) d(38) d(36) r(29,104)
20; a(38,43) r(5,39) r(32,60) r(38,125) a(39,78)
21; r(39,47) d(32) a(31,95) d(37) r(31,56) a(29,95) r(29,74) a(6,58) d(6) a(36,39) a(36,101) r(39,29) a(31,154) a(36,35)
22; a(38,43) r(5,39) r(32,60) r(38,125) r(39,29) a(31,154) a(36,45)
23; r(39,47) d(32) a(31,95) d(37) r(31,56) a(29,95) r(29,74) a(6,58) d(6) a(36,39) a(36,101) d(36)
24; r(39,47) r(37,44) d(31) r(35,162) a(37,50) d(5) a(31,95) d(37) r(31,56) a(29,95) r(29,74) a(6,58) d(6) a(5,145) r(36,39) r(32,56)
25; r(39,47) d(32) a(29,125) r(29,125)
26; r(39,47) r(37,44) d(31) r(35,162) a(37,50) d(5) a(29,125) a(36,91)
27; r(39,47) d(32) a(31,95) d(37) r(31,56) a(29,95) r(29,74) a(6,58) d(6) a(5,145) r(36,39) a(5,42)
28; a(29,58) r(37,44) d(31) r(35,162) d(29) d(6) r(36,108) a(32,160)
29; a(29,58) d(29) d(39) a(32,72) r(38,37) a(35,162) d(5) d(39) a(32,72) r(38,37) d(29) r(39,154) d(38) r(32,40) d(6) r(37,60) a(36,36)
30; a(29,58) r(37,44) d(31) r(35,162) d(29) d(6) r(36,108) r(32,56)
31; a(29,58) d(29) d(39) a(32,72) r(38,37) a(35,162) d(5) d(39) a(32,72) r(38,37) d(29) r(39,154) d(38) r(32,40) d(6) r(37,60) d(36)
32; a(29,58) r(37,44) d(31) r(35,162) d(32) d(5) d(36) d(29)
33; r(39,47) a(36,32) a(38,53) d(38) r(7,47) a(5,39)
34; a(38,43) r(5,39) r(32,60) d(38) d(6) a(37,74) r(37,133) d(36)
35; d(29) d(36) a(39,95) a(39,44) r(39,95) r(7,45) r(31,108) a(32,82) r(35,73) r(38,125) r(39,29) a(31,154) a(5,104)
36; a(38,43) r(5,39) r(32,60) r(38,125) r(39,29) a(31,154) d(29)
37; d(29) d(36) a(39,95) a(39,44) r(39,95) r(7,45) r(31,108) a(32,82) r(35,73) d(38) d(6) a(37,74) r(37,133) a(5,162)
38; a(29,58) r(37,44) d(31) r(35,162) d(32) d(5) d(36) d(29)
39; a(29,58) d(5) r(31,82) a(38,145) d(38) r(32,95) d(39)
40; r(39,47) d(32) a(31,95) d(37) r(31,56) a(29,95) r(29,74) a(6,58) d(6) a(36,39) a(36,101) r(36,145)
41; a(29,58) r(37,44) d(31) r(35,162) d(32) d(5) d(36) d(29)
42; a(38,43) r(5,39) r(32,60) r(38,125) r(39,29) a(31,154) r(31,160)
43; a(29,58) r(37,44) d(31) r(35,162) d(32) d(5) d(36) d(29)
44; a(29,58) d(36) a(38,43) r(37,128)
45; a(29,58) d(5) d(29) d(39) a(32,72) r(38,37) d(32) r(5,35) r(36,50) r(37,90)
46; a(29,58) d(29) d(39) a(32,72) r(38,37) d(32) r(5,35) r(36,50) r(37,90)
47; a(29,58) d(5) d(36) a(38,43) r(38,160)
48; r(39,47) d(32) d(5) r(31,82) a(38,145) d(38) d(36) r(35,162) d(32) d(5) d(36) d(29) a(37,35)
49; a(29,58) r(37,44) d(31) a(7,90)
50; r(39,47) d(32) d(5) r(31,82) a(38,145) d(38) d(36) a(37,73)
51; a(29,58) r(37,44) d(31) r(35,162) d(32) d(5) d(36) d(29)
52; r(39,47) a(36,32) a(38,53) d(38) r(7,47) a(32,35)
53; r(39,47) a(36,32) a(38,53) d(38) r(7,47) a(6,35)
54; r(39,47) r(36,108) a(38,39)
55; a(29,58) r(37,44) d(31) r(35,162) d(29) d(6) a(36,32) a(38,53) d(38) r(7,47) d(32)
56; r(39,47) a(36,32) a(38,53) d(38) r(7,47) r(36,35)
57; a(29,58) r(37,44) d(31) r(35,162) d(29) d(6) r(36,108) r(5,162)
--------------------------------------------------------------------------------
Evaluation

0; 0.
1; 0.
2; 0.
3; 0.
4; 0.
5; 0.
6; 0.
7; 0.
8; 0.
9; 0.
10; 0.
11; 0.
12; 0.
13; 0.
14; 0.
15; 0.
16; 0.
17; 0.
18; 0.
19; 0.
20; 0.
21; 0.
22; 0.
23; 0.
24; 0.
25; 0.
26; 0.
27; 0.
28; 0.
29; 0.
30; 0.
31; 0.
32; 0.
33; 0.
34; 0.
35; 0.
36; 0.
37; 0.
38; 0.
39; 0.
40; 0.
41; 0.
42; 0.
43; 0.
44; 0.
45; 0.
46; 0.
47; 0.
48; 0.
49; 4.
50; 0.
51; 0.
52; 0.
53; 0.
54; 0.
55; 0.
56; 0.
57; 0.
