================================================================================
Enclosure

1: 0
2: 0
3: 0
4: 0
5: 0
6: 5
7: 6
8: 7
11: 5
12: 11
14: 0
16: 0
18: 0
19: 0
20: 19
21: 19
26: 11
27: 5
28: 5
29: 0
30: 29
31: 29
32: 0
33: 32
34: 32
35: 32
36: 0
37: 0
38: 37
39: 37
40: 37
41: 0
42: 0
43: 0
44: 0
45: 0
46: 45
47: 45
48: 45
49: 48
50: 48
51: 48
52: 51
53: 52
56: 45
57: 45
58: 57
60: 45
61: 45
63: 0
65: 63
66: 0
68: 0
71: 45
72: 0
73: 0
74: 73
75: 73
76: 75
78: 73
79: 73
80: 79
81: 79
82: 73
83: 73
85: 0
86: 0
90: 0
91: 90
92: 90
93: 92
95: 90
96: 90
98: 0
101: 0
102: 0
103: 102
104: 103
106: 102
107: 106
108: 106
109: 102
110: 102
111: 0
112: 111
113: 111
114: 113
115: 113
116: 115
117: 115
118: 113
119: 111
120: 0
121: 0
122: 121
123: 121
124: 123
125: 123
126: 121
128: 126
129: 121
130: 121
131: 121
132: 0
133: 0
134: 0
135: 134
136: 134
137: 134
138: 134
139: 134
140: 139
142: 139
143: 142
145: 142
146: 134
147: 146
148: 146
149: 148
150: 148
151: 148
152: 151
154: 146
155: 134
156: 155
157: 155
158: 157
159: 157
160: 155
161: 134
162: 134
163: 0
================================================================================
Initialisation

0; d(37); 4.
1; a(39,145); 4.
2; d(39); 4.
3; d(6); 0.
4; d(39); 4.
5; d(31); 4.
6; a(38,160); 4.
7; d(31); 4.
8; d(39); 4.
9; d(6); 0.
10; d(38); 4.
11; r(31,101); 12.
12; r(32,104); 0.
13; d(32); 0.
14; d(6); 0.
15; r(39,124); 4.
16; a(38,40); 4.
17; r(39,76); 4.
18; r(29,42); 4.
19; d(39); 4.
20; d(38); 4.
21; r(38,65); 4.
22; d(39); 4.
23; d(39); 4.
24; r(38,36); 4.
25; r(39,124); 4.
26; d(39); 4.
27; r(39,72); 4.
28; d(39); 4.
29; a(39,83); 4.
30; r(32,61); 0.
31; a(29,53); 4.
32; d(5); 4.
33; a(36,36); 4.
34; d(38); 4.
35; a(39,145); 4.
36; d(7); 12.
37; r(38,45); 4.
38; r(39,74); 4.
39; original; 4.
================================================================================
Generation 1

--------------------------------------------------------------------------------
Selection

0; 13
1; 37
2; 9
3; 29
4; 32
5; 28
6; 27
7; 2
8; 10
9; 38
10; 18
11; 32
12; 34
13; 24
14; 0
15; 37
16; 1
17; 3
18; 12
19; 33
20; 28
21; 30
22; 24
23; 26
24; 4
25; 25
26; 12
27; 20
28; 0
29; 23
30; 18
31; 30
32; 36
33; 19
34; 8
35; 37
36; 26
37; 27
38; 3
39; 26
--------------------------------------------------------------------------------
Crossover

0; 27; r(39,72)
1; 8; d(39)
2; 28, 13; d(39)
3; 28, 13; d(32)
4; 28; d(39)
5; 13; d(32)
6; 29; a(39,83)
7; 23; d(39)
8; 38; r(39,74)
9; 2; d(39)
10; 18; r(29,42)
11; 37; r(38,45)
12; 32, 12; d(5)
13; 32, 12; r(32,104)
14; 32; d(5)
15; 12; r(32,104)
16; 37; r(38,45)
17; 26; d(39)
18; 25; r(39,124)
19; 24; r(38,36)
20; 19; d(39)
21; 0; d(37)
22; 30; r(32,61)
23; 27; r(39,72)
24; 26; d(39)
25; 30; r(32,61)
26; 28; d(39)
27; 33; a(36,36)
28; 9, 3; d(6)
29; 9, 3; d(6)
30; 9; d(6)
31; 3; d(6)
32; 0, 37; d(37)
33; 0, 37; r(38,45)
34; 0; d(37)
35; 37; r(38,45)
36; 32, 12; d(5)
37; 32, 12; r(32,104)
38; 32; d(5)
39; 12; r(32,104)
40; 1; a(39,145)
41; 34; d(38)
42; 26, 10; d(39)
43; 26, 10; d(38)
44; 26; d(39)
45; 10; d(38)
46; 36; d(7)
47; 20; d(38)
48; 18; r(29,42)
49; 24; r(38,36)
50; 4, 3; d(39)
51; 4, 3; d(6)
52; 4; d(39)
53; 3; d(6)
--------------------------------------------------------------------------------
Mutation

0; r(39,72) a(38,49)
1; d(39) a(36,160)
2; d(39) a(7,56)
3; d(32) r(5,46)
4; d(39) a(6,47)
5; d(32) a(38,58)
6; a(39,83) a(38,124)
7; d(39) d(38)
8; r(39,74) d(38)
9; d(39) d(36)
10; r(29,42) d(7)
11; r(38,45) d(35)
12; d(5) r(39,61)
13; r(32,104) d(38)
14; d(5) d(38)
15; r(32,104) a(39,35)
16; r(38,45) d(36)
17; d(39) d(32)
18; r(39,124) d(38)
19; r(38,36) a(39,35)
20; d(39) a(6,49)
21; d(37) a(6,41)
22; r(32,61) d(39)
23; r(39,72) a(6,93)
24; d(39) r(38,162)
25; r(32,61) r(29,53)
26; d(39) r(35,60)
27; a(36,36) r(39,37)
28; d(6) a(38,53)
29; d(6) d(36)
30; d(6) a(38,90)
31; d(6) a(39,83)
32; d(37) r(35,74)
33; r(38,45) r(6,96)
34; d(37) d(6)
35; r(38,45) a(37,90)
36; d(5) a(36,93)
37; r(32,104) a(38,29)
38; d(5) a(38,38)
39; r(32,104) a(38,96)
40; a(39,145) a(39,160)
41; d(38) r(39,31)
42; d(39) d(38)
43; d(38) a(35,101)
44; d(39) d(38)
45; d(38) d(39)
46; d(7) r(5,108)
47; d(38) d(39)
48; r(29,42) r(6,75)
49; r(38,36) d(32)
50; d(39) a(35,90)
51; d(6) d(5)
52; d(39) d(38)
53; d(6) a(39,49)
--------------------------------------------------------------------------------
Evaluation

0; 4.
1; 4.
2; 4.
3; 0.
4; 4.
5; 0.
6; 4.
7; 4.
8; 4.
9; 0.
10; 0.
11; 0.
12; 4.
13; 0.
14; 4.
15; 0.
16; 0.
17; 0.
18; 4.
19; 4.
20; 4.
21; 4.
22; 0.
23; 4.
24; 4.
25; 0.
26; 0.
27; 4.
28; 0.
29; 0.
30; 0.
31; 0.
32; 0.
33; 0.
34; 0.
35; 4.
36; 4.
37; 0.
38; 4.
39; 0.
40; 4.
41; 4.
42; 4.
43; 12.
44; 4.
45; 4.
46; 4.
47; 4.
48; 0.
49; 0.
50; 0.
51; 4.
52; 4.
53; 0.
================================================================================
Generation 2

--------------------------------------------------------------------------------
Selection

0; 20
1; 47
2; 27
3; 15
4; 14
5; 42
6; 29
7; 27
8; 41
9; 40
10; 34
11; 42
12; 38
13; 32
14; 16
15; 22
16; 9
17; 34
18; 20
19; 15
20; 39
21; 29
22; 4
23; 48
24; 36
25; 5
26; 9
27; 32
28; 13
29; 7
30; 32
31; 13
32; 52
33; 19
34; 32
35; 32
36; 40
37; 1
38; 11
39; 39
--------------------------------------------------------------------------------
Crossover

0; 13; r(32,104) d(38)
1; 11; r(38,45) d(35)
2; 22, 29; r(32,61) d(39) d(36)
3; 22, 29; d(6)
4; 22; r(32,61) d(39)
5; 29; d(6) d(36)
6; 48, 20; r(29,42) r(6,75) a(6,49)
7; 48, 20; d(39)
8; 48; r(29,42) r(6,75)
9; 20; d(39) a(6,49)
10; 9; d(39) d(36)
11; 32; d(37) r(35,74)
12; 42; d(39) d(38)
13; 14; d(5) d(38)
14; 16, 52; r(38,45) d(36) d(38)
15; 16, 52; d(39)
16; 16; r(38,45) d(36)
17; 52; d(39) d(38)
18; 15, 32; r(32,104) a(39,35) r(35,74)
19; 15, 32; d(37)
20; 15; r(32,104) a(39,35)
21; 32; d(37) r(35,74)
22; 34; d(37) d(6)
23; 19; r(38,36) a(39,35)
24; 27, 9; a(36,36) r(39,37)
25; 27, 9; d(39) d(36)
26; 27; a(36,36) r(39,37)
27; 9; d(39) d(36)
28; 32, 1; d(37) a(36,160)
29; 32, 1; d(39) r(35,74)
30; 32; d(37) r(35,74)
31; 1; d(39) a(36,160)
32; 47; d(38) d(39)
33; 40; a(39,145) a(39,160)
34; 40, 36; a(39,145) a(36,93)
35; 40, 36; d(5) a(39,160)
36; 40; a(39,145) a(39,160)
37; 36; d(5) a(36,93)
38; 5, 29; d(32) a(38,58) d(36)
39; 5, 29; d(6)
40; 5; d(32) a(38,58)
41; 29; d(6) d(36)
42; 39, 27; r(32,104)
43; 39, 27; a(36,36) r(39,37) a(38,96)
44; 39; r(32,104) a(38,96)
45; 27; a(36,36) r(39,37)
46; 7; d(39) d(38)
47; 41; d(38) r(39,31)
48; 32; d(37) r(35,74)
49; 34; d(37) d(6)
50; 15, 39; r(32,104) a(39,35)
51; 15, 39; r(32,104) a(38,96)
52; 15; r(32,104) a(39,35)
53; 39; r(32,104) a(38,96)
54; 4; d(39) a(6,47)
55; 13; r(32,104) d(38)
56; 32, 38; d(37) a(38,38)
57; 32, 38; d(5) r(35,74)
58; 32; d(37) r(35,74)
59; 38; d(5) a(38,38)
60; 42, 20; d(39) d(38)
61; 42, 20; d(39) a(6,49)
62; 42; d(39) d(38)
63; 20; d(39) a(6,49)
--------------------------------------------------------------------------------
Mutation

0; r(32,104) d(38) a(39,56)
1; r(38,45) d(35) r(39,125)
2; r(32,61) d(39) d(36) d(5)
3; d(6) d(39)
4; r(32,61) d(39) a(38,160)
5; d(6) d(36) r(39,124)
6; r(29,42) r(6,75) a(6,49) r(39,53)
7; d(39) r(38,79)
8; r(29,42) r(6,75) a(39,125)
9; d(39) a(6,49) d(38)
10; d(39) d(36) r(5,42)
11; d(37) r(35,74) d(32)
12; d(39) d(38) a(5,83)
13; d(5) d(38) r(29,124)
14; r(38,45) d(36) d(38) r(39,38)
15; d(39) r(35,58)
16; r(38,45) d(36) r(6,42)
17; d(39) d(38) d(36)
18; r(32,104) a(39,35) r(35,74) r(29,58)
19; d(37) a(6,36)
20; r(32,104) a(39,35) r(38,95)
21; d(37) r(35,74) r(32,163)
22; d(37) d(6) r(35,124)
23; r(38,36) a(39,35) a(29,96)
24; a(36,36) r(39,37) r(38,160)
25; d(39) d(36) r(38,93)
26; a(36,36) r(39,37) r(7,83)
27; d(39) d(36) d(38)
28; d(37) a(36,160) a(32,91)
29; d(39) r(35,74) a(6,46)
30; d(37) r(35,74) r(7,29)
31; d(39) a(36,160) d(38)
32; d(38) d(39) a(6,125)
33; a(39,145) a(39,160) r(36,44)
34; a(39,145) a(36,93) r(39,162)
35; d(5) a(39,160) r(38,36)
36; a(39,145) a(39,160) a(39,65)
37; d(5) a(36,93) r(38,72)
38; d(32) a(38,58) d(36) d(7)
39; d(6) d(38)
40; d(32) a(38,58) r(38,83)
41; d(6) d(36) d(38)
42; r(32,104) d(39)
43; a(36,36) r(39,37) a(38,96) a(38,91)
44; r(32,104) a(38,96) a(39,41)
45; a(36,36) r(39,37) a(37,124)
46; d(39) d(38) d(35)
47; d(38) r(39,31) a(37,79)
48; d(37) r(35,74) a(29,43)
49; d(37) d(6) a(29,38)
50; r(32,104) a(39,35) d(5)
51; r(32,104) a(38,96) d(31)
52; r(32,104) a(39,35) r(39,154)
53; r(32,104) a(38,96) a(38,47)
54; d(39) a(6,47) a(38,53)
55; r(32,104) d(38) d(39)
56; d(37) a(38,38) r(5,50)
57; d(5) r(35,74) a(36,43)
58; d(37) r(35,74) r(6,125)
59; d(5) a(38,38) a(38,40)
60; d(39) d(38) d(36)
61; d(39) a(6,49) d(38)
62; d(39) d(38) r(5,43)
63; d(39) a(6,49) a(38,83)
--------------------------------------------------------------------------------
Evaluation

0; 0.
1; 0.
2; 0.
3; 0.
4; 0.
5; 0.
6; 0.
7; 4.
8; 0.
9; 4.
10; 0.
11; 0.
12; 4.
13; 12.
14; 0.
15; 0.
16; 0.
17; 0.
18; 0.
19; 4.
20; 0.
21; 12.
22; 0.
23; 4.
24; 4.
25; 0.
26; 12.
27; 0.
28; 0.
29; 0.
30; 12.
31; 4.
32; 4.
33; 0.
34; 4.
35; 4.
36; 4.
37; 4.
38; 12.
39; 0.
40; 0.
41; 0.
42; 0.
43; 4.
44; 0.
45; 12.
46; 0.
47; 0.
48; 0.
49; 0.
50; 0.
51; 0.
52; 0.
53; 0.
54; 4.
55; 0.
56; 4.
57; 0.
58; 0.
59; 4.
60; 0.
61; 4.
62; 0.
63; 4.
================================================================================
Generation 3

--------------------------------------------------------------------------------
Selection

0; 25
1; 47
2; 63
3; 44
4; 2
5; 47
6; 6
7; 49
8; 48
9; 18
10; 8
11; 49
12; 5
13; 34
14; 15
15; 12
16; 46
17; 11
18; 36
19; 59
20; 1
21; 43
22; 52
23; 14
24; 40
25; 15
26; 33
27; 28
28; 24
29; 37
30; 48
31; 52
32; 58
33; 32
34; 50
35; 29
36; 32
37; 53
38; 6
39; 38
--------------------------------------------------------------------------------
Crossover

0; 49; d(37) d(6) a(29,38)
1; 48; d(37) r(35,74) a(29,43)
2; 15; d(39) r(35,58)
3; 43; a(36,36) r(39,37) a(38,96) a(38,91)
4; 59; d(5) a(38,38) a(38,40)
5; 34; a(39,145) a(36,93) r(39,162)
6; 2, 52; r(32,61) d(39) d(36)
7; 2, 52; r(32,104) a(39,35) r(39,154) d(5)
8; 2; r(32,61) d(39) d(36) d(5)
9; 52; r(32,104) a(39,35) r(39,154)
10; 18, 8; r(32,104) a(39,125)
11; 18, 8; r(29,42) r(6,75) a(39,35) r(35,74) r(29,58)
12; 18; r(32,104) a(39,35) r(35,74) r(29,58)
13; 8; r(29,42) r(6,75) a(39,125)
14; 12; d(39) d(38) a(5,83)
15; 24; a(36,36) r(39,37) r(38,160)
16; 40, 33; d(32) a(39,160) r(36,44)
17; 40, 33; a(39,145) a(38,58) r(38,83)
18; 40; d(32) a(38,58) r(38,83)
19; 33; a(39,145) a(39,160) r(36,44)
20; 32, 46; d(38) d(35)
21; 32, 46; d(39) d(38) d(39) a(6,125)
22; 32; d(38) d(39) a(6,125)
23; 46; d(39) d(38) d(35)
24; 6, 37; r(29,42) r(6,75) a(6,49) r(39,53) a(36,93) r(38,72)
25; 6, 37; d(5)
26; 6; r(29,42) r(6,75) a(6,49) r(39,53)
27; 37; d(5) a(36,93) r(38,72)
28; 28, 58; d(37) a(36,160)
29; 28, 58; d(37) r(35,74) r(6,125) a(32,91)
30; 28; d(37) a(36,160) a(32,91)
31; 58; d(37) r(35,74) r(6,125)
32; 14, 49; r(38,45) d(36) d(38) r(39,38) d(6) a(29,38)
33; 14, 49; d(37)
34; 14; r(38,45) d(36) d(38) r(39,38)
35; 49; d(37) d(6) a(29,38)
36; 47; d(38) r(39,31) a(37,79)
37; 38; d(32) a(38,58) d(36) d(7)
38; 47, 36; d(38) r(39,31)
39; 47, 36; a(39,145) a(39,160) a(39,65) a(37,79)
40; 47; d(38) r(39,31) a(37,79)
41; 36; a(39,145) a(39,160) a(39,65)
42; 5, 52; d(6) d(36) r(39,154)
43; 5, 52; r(32,104) a(39,35) r(39,124)
44; 5; d(6) d(36) r(39,124)
45; 52; r(32,104) a(39,35) r(39,154)
46; 63; d(39) a(6,49) a(38,83)
47; 29; d(39) r(35,74) a(6,46)
48; 11, 1; d(37) r(35,74) r(39,125)
49; 11, 1; r(38,45) d(35) d(32)
50; 11; d(37) r(35,74) d(32)
51; 1; r(38,45) d(35) r(39,125)
52; 48; d(37) r(35,74) a(29,43)
53; 15; d(39) r(35,58)
54; 44, 50; r(32,104) a(38,96) a(39,41)
55; 44, 50; r(32,104) a(39,35) d(5)
56; 44; r(32,104) a(38,96) a(39,41)
57; 50; r(32,104) a(39,35) d(5)
58; 53; r(32,104) a(38,96) a(38,47)
59; 25; d(39) d(36) r(38,93)
60; 32; d(38) d(39) a(6,125)
61; 6; r(29,42) r(6,75) a(6,49) r(39,53)
--------------------------------------------------------------------------------
Mutation

0; d(37) d(6) a(29,38) r(35,72)
1; d(37) r(35,74) a(29,43) a(29,74)
2; d(39) r(35,58) a(38,48)
3; a(36,36) r(39,37) a(38,96) a(38,91) r(31,163)
4; d(5) a(38,38) a(38,40) a(39,48)
5; a(39,145) a(36,93) r(39,162) r(6,72)
6; r(32,61) d(39) d(36) d(38)
7; r(32,104) a(39,35) r(39,154) d(5) a(38,41)
8; r(32,61) d(39) d(36) d(5) a(38,72)
9; r(32,104) a(39,35) r(39,154) d(5)
10; r(32,104) a(39,125) d(38)
11; r(29,42) r(6,75) a(39,35) r(35,74) r(29,58) d(38)
12; r(32,104) a(39,35) r(35,74) r(29,58) d(6)
13; r(29,42) r(6,75) a(39,125) d(39)
14; d(39) d(38) a(5,83) d(32)
15; a(36,36) r(39,37) r(38,160) r(5,91)
16; d(32) a(39,160) r(36,44) a(31,58)
17; a(39,145) a(38,58) r(38,83) a(29,154)
18; d(32) a(38,58) r(38,83) d(39)
19; a(39,145) a(39,160) r(36,44) r(29,60)
20; d(38) d(35) d(39)
21; d(39) d(38) d(39) a(6,125) a(7,65)
22; d(38) d(39) a(6,125) r(32,162)
23; d(39) d(38) d(35) d(6)
24; r(29,42) r(6,75) a(6,49) r(39,53) a(36,93) r(38,72) d(32)
25; d(5) d(39)
26; r(29,42) r(6,75) a(6,49) r(39,53) a(38,133)
27; d(5) a(36,93) r(38,72) a(39,44)
28; d(37) a(36,160) a(6,49)
29; d(37) r(35,74) r(6,125) a(32,91) d(5)
30; d(37) a(36,160) a(32,91) d(36)
31; d(37) r(35,74) r(6,125) a(32,96)
32; r(38,45) d(36) d(38) r(39,38) d(6) a(29,38) r(37,47)
33; d(37) a(36,40)
34; r(38,45) d(36) d(38) r(39,38) r(35,56)
35; d(37) d(6) a(29,38) r(31,32)
36; d(38) r(39,31) a(37,79) a(5,108)
37; d(32) a(38,58) d(36) d(7) a(37,36)
38; d(38) r(39,31) a(31,108)
39; a(39,145) a(39,160) a(39,65) a(37,79) d(5)
40; d(38) r(39,31) a(37,79) r(31,45)
41; a(39,145) a(39,160) a(39,65) a(37,41)
42; d(6) d(36) r(39,154) a(5,125)
43; r(32,104) a(39,35) r(39,124) r(38,93)
44; d(6) d(36) r(39,124) a(38,47)
45; r(32,104) a(39,35) r(39,154) r(6,160)
46; d(39) a(6,49) a(38,83) r(37,79)
47; d(39) r(35,74) a(6,46) a(38,72)
48; d(37) r(35,74) r(39,125) r(5,32)
49; r(38,45) d(35) d(32) d(39)
50; d(37) r(35,74) d(32) a(5,36)
51; r(38,45) d(35) r(39,125) d(36)
52; d(37) r(35,74) a(29,43) a(7,43)
53; d(39) r(35,58) a(31,162)
54; r(32,104) a(38,96) a(39,41) r(37,73)
55; r(32,104) a(39,35) d(5) a(39,56)
56; r(32,104) a(38,96) a(39,41) a(39,45)
57; r(32,104) a(39,35) d(5) a(38,78)
58; r(32,104) a(38,96) a(38,47) d(38)
59; d(39) d(36) r(38,93) a(31,73)
60; d(38) d(39) a(6,125) d(35)
61; r(29,42) r(6,75) a(6,49) r(39,53) d(32)
--------------------------------------------------------------------------------
Evaluation

0; 0.
1; 0.
2; 0.
3; 12.
4; 4.
5; 0.
6; 0.
7; 0.
8; 0.
9; 0.
10; 0.
11; 0.
12; 0.
13; 0.
14; 0.
15; 0.
16; 0.
17; 4.
18; 0.
19; 0.
20; 0.
21; 4.
22; 0.
23; 0.
24; 0.
25; 4.
26; 0.
27; 4.
28; 4.
29; 0.
30; 0.
31; 0.
32; 0.
33; 4.
34; 0.
35; 0.
36; 0.
37; 12.
38; 4.
39; 0.
40; 0.
41; 4.
42; 0.
43; 12.
44; 0.
45; 0.
46; 0.
47; 0.
48; 0.
49; 0.
50; 0.
51; 0.
52; 0.
53; 0.
54; 0.
55; 0.
56; 0.
57; 0.
58; 0.
59; 0.
60; 0.
61; 0.
================================================================================
Generation 4

--------------------------------------------------------------------------------
Selection

0; 16
1; 34
2; 15
3; 1
4; 8
5; 15
6; 14
7; 49
8; 15
9; 47
10; 34
11; 16
12; 54
13; 45
14; 29
15; 14
16; 27
17; 19
18; 58
19; 23
20; 14
21; 45
22; 9
23; 32
24; 46
25; 16
26; 35
27; 15
28; 30
29; 39
30; 18
31; 42
32; 36
33; 50
34; 5
35; 0
36; 1
37; 55
38; 60
39; 8
--------------------------------------------------------------------------------
Crossover

0; 35, 14; d(37) d(6) a(29,38) d(32)
1; 35, 14; d(39) d(38) a(5,83) r(31,32)
2; 35; d(37) d(6) a(29,38) r(31,32)
3; 14; d(39) d(38) a(5,83) d(32)
4; 18, 50; d(32) a(38,58) r(38,83) d(39) d(32) a(5,36)
5; 18, 50; d(37) r(35,74)
6; 18; d(32) a(38,58) r(38,83) d(39)
7; 50; d(37) r(35,74) d(32) a(5,36)
8; 14, 19; d(39) d(38) a(5,83) d(32) r(29,60)
9; 14, 19; a(39,145) a(39,160) r(36,44)
10; 14; d(39) d(38) a(5,83) d(32)
11; 19; a(39,145) a(39,160) r(36,44) r(29,60)
12; 55, 15; r(32,104)
13; 55, 15; a(36,36) r(39,37) r(38,160) r(5,91) a(39,35) d(5) a(39,56)
14; 55; r(32,104) a(39,35) d(5) a(39,56)
15; 15; a(36,36) r(39,37) r(38,160) r(5,91)
16; 8; r(32,61) d(39) d(36) d(5) a(38,72)
17; 54; r(32,104) a(38,96) a(39,41) r(37,73)
18; 16; d(32) a(39,160) r(36,44) a(31,58)
19; 34; r(38,45) d(36) d(38) r(39,38) r(35,56)
20; 42, 27; d(6) d(36) r(39,154) a(39,44)
21; 42, 27; d(5) a(36,93) r(38,72) a(5,125)
22; 42; d(6) d(36) r(39,154) a(5,125)
23; 27; d(5) a(36,93) r(38,72) a(39,44)
24; 9, 16; r(32,104) a(39,35) r(39,154) r(36,44) a(31,58)
25; 9, 16; d(32) a(39,160) d(5)
26; 9; r(32,104) a(39,35) r(39,154) d(5)
27; 16; d(32) a(39,160) r(36,44) a(31,58)
28; 1, 15; d(37) r(35,74) a(29,43) r(39,37) r(38,160) r(5,91)
29; 1, 15; a(36,36) a(29,74)
30; 1; d(37) r(35,74) a(29,43) a(29,74)
31; 15; a(36,36) r(39,37) r(38,160) r(5,91)
32; 15, 34; a(36,36) r(39,37) r(38,160)
33; 15, 34; r(38,45) d(36) d(38) r(39,38) r(35,56) r(5,91)
34; 15; a(36,36) r(39,37) r(38,160) r(5,91)
35; 34; r(38,45) d(36) d(38) r(39,38) r(35,56)
36; 16, 0; d(32) d(6) a(29,38) r(35,72)
37; 16, 0; d(37) a(39,160) r(36,44) a(31,58)
38; 16; d(32) a(39,160) r(36,44) a(31,58)
39; 0; d(37) d(6) a(29,38) r(35,72)
40; 45; r(32,104) a(39,35) r(39,154) r(6,160)
41; 1; d(37) r(35,74) a(29,43) a(29,74)
42; 29, 8; d(37) r(35,74) r(6,125) a(32,91) d(5) d(39) d(36) d(5) a(38,72)
43; 29, 8; r(32,61)
44; 29; d(37) r(35,74) r(6,125) a(32,91) d(5)
45; 8; r(32,61) d(39) d(36) d(5) a(38,72)
46; 23; d(39) d(38) d(35) d(6)
47; 45; r(32,104) a(39,35) r(39,154) r(6,160)
48; 39, 58; a(39,145) a(39,160) a(39,65) a(37,79) d(38)
49; 39, 58; r(32,104) a(38,96) a(38,47) d(5)
50; 39; a(39,145) a(39,160) a(39,65) a(37,79) d(5)
51; 58; r(32,104) a(38,96) a(38,47) d(38)
52; 5; a(39,145) a(36,93) r(39,162) r(6,72)
53; 30; d(37) a(36,160) a(32,91) d(36)
54; 15; a(36,36) r(39,37) r(38,160) r(5,91)
55; 36; d(38) r(39,31) a(37,79) a(5,108)
56; 14, 49; d(39) d(38) d(32) d(39)
57; 14, 49; r(38,45) d(35) a(5,83) d(32)
58; 14; d(39) d(38) a(5,83) d(32)
59; 49; r(38,45) d(35) d(32) d(39)
60; 32; r(38,45) d(36) d(38) r(39,38) d(6) a(29,38) r(37,47)
61; 46; d(39) a(6,49) a(38,83) r(37,79)
62; 60; d(38) d(39) a(6,125) d(35)
63; 47; d(39) r(35,74) a(6,46) a(38,72)
--------------------------------------------------------------------------------
Mutation

0; d(37) d(6) a(29,38) d(32) d(29)
1; d(39) d(38) a(5,83) r(31,32) r(35,104)
2; d(37) d(6) a(29,38) r(31,32) a(35,38)
3; d(39) d(38) a(5,83) d(32) r(36,101)
4; d(32) a(38,58) r(38,83) d(39) d(32) a(5,36) d(5)
5; d(37) r(35,74) d(5)
6; d(32) a(38,58) r(38,83) d(39) d(31)
7; d(37) r(35,74) d(32) a(5,36) r(7,43)
8; d(39) d(38) a(5,83) d(32) r(29,60) d(7)
9; a(39,145) a(39,160) r(36,44) r(38,125)
10; d(39) d(38) a(5,83) d(32) r(6,73)
11; a(39,145) a(39,160) r(36,44) r(29,60) d(38)
12; r(32,104) r(38,95)
13; a(36,36) r(39,37) r(38,160) r(5,91) a(39,35) d(5) a(39,56) r(29,101)
14; r(32,104) a(39,35) d(5) a(39,56) a(39,95)
15; a(36,36) r(39,37) r(38,160) r(5,91) d(31)
16; r(32,61) d(39) d(36) d(5) a(38,72) r(38,83)
17; r(32,104) a(38,96) a(39,41) r(37,73) r(36,82)
18; d(32) a(39,160) r(36,44) a(31,58) d(39)
19; r(38,45) d(36) d(38) r(39,38) r(35,56) r(37,44)
20; d(6) d(36) r(39,154) a(39,44) a(29,29)
21; d(5) a(36,93) r(38,72) a(5,125) r(39,36)
22; d(6) d(36) r(39,154) a(5,125) r(38,74)
23; d(5) a(36,93) r(38,72) a(39,44) r(39,36)
24; r(32,104) a(39,35) r(39,154) r(36,44) a(31,58) d(38)
25; d(32) a(39,160) d(5) r(39,83)
26; r(32,104) a(39,35) r(39,154) d(5) a(38,31)
27; d(32) a(39,160) r(36,44) a(31,58) a(38,80)
28; d(37) r(35,74) a(29,43) r(39,37) r(38,160) r(5,91) r(31,104)
29; a(36,36) a(29,74) d(32)
30; d(37) r(35,74) a(29,43) a(29,74) a(31,47)
31; a(36,36) r(39,37) r(38,160) r(5,91) a(36,43)
32; a(36,36) r(39,37) r(38,160) a(32,101)
33; r(38,45) d(36) d(38) r(39,38) r(35,56) r(5,91) r(29,61)
34; a(36,36) r(39,37) r(38,160) r(5,91) r(36,32)
35; r(38,45) d(36) d(38) r(39,38) r(35,56) a(32,79)
36; d(32) d(6) a(29,38) r(35,72) r(39,95)
37; d(37) a(39,160) r(36,44) a(31,58) d(31)
38; d(32) a(39,160) r(36,44) a(31,58) a(39,154)
39; d(37) d(6) a(29,38) r(35,72) a(5,83)
40; r(32,104) a(39,35) r(39,154) r(6,160) d(37)
41; d(37) r(35,74) a(29,43) a(29,74) a(6,6)
42; d(37) r(35,74) r(6,125) a(32,91) d(5) d(39) d(36) d(5) a(38,72) d(29)
43; r(32,61) r(29,65)
44; d(37) r(35,74) r(6,125) a(32,91) d(5) a(32,128)
45; r(32,61) d(39) d(36) d(5) a(38,72) d(38)
46; d(39) d(38) d(35) d(6) d(36)
47; r(32,104) a(39,35) r(39,154) r(6,160) r(31,48)
48; a(39,145) a(39,160) a(39,65) a(37,79) d(38) d(39)
49; r(32,104) a(38,96) a(38,47) d(5) a(39,35)
50; a(39,145) a(39,160) a(39,65) a(37,79) d(5) d(39)
51; r(32,104) a(38,96) a(38,47) d(38) a(39,74)
52; a(39,145) a(36,93) r(39,162) r(6,72) r(29,124)
53; d(37) a(36,160) a(32,91) d(36) d(35)
54; a(36,36) r(39,37) r(38,160) r(5,91) d(32)
55; d(38) r(39,31) a(37,79) a(5,108) d(7)
56; d(39) d(38) d(32) d(39) r(6,65)
57; r(38,45) d(35) a(5,83) d(32) d(39)
58; d(39) d(38) a(5,83) d(32) a(36,61)
59; r(38,45) d(35) d(32) d(39) a(31,83)
60; r(38,45) d(36) d(38) r(39,38) d(6) a(29,38) r(37,47) d(31)
61; d(39) a(6,49) a(38,83) r(37,79) r(6,75)
62; d(38) d(39) a(6,125) d(35) r(7,73)
63; d(39) r(35,74) a(6,46) a(38,72) a(38,53)
--------------------------------------------------------------------------------
Evaluation

0; 0.
1; 4.
2; 0.
3; 12.
4; 0.
5; 0.
6; 0.
7; 0.
8; 0.
9; 0.
10; 0.
11; 0.
12; 0.
13; 0.
14; 0.
15; 0.
16; 0.
17; 0.
18; 0.
19; 0.
20; 0.
21; 4.
22; 0.
23; 4.
24; 0.
25; 0.
26; 0.
27; 0.
28; 0.
29; 0.
30; 0.
31; 0.
32; 12.
33; 0.
34; 0.
35; 0.
36; 0.
37; 0.
38; 0.
39; 0.
40; 0.
41; 0.
42; 0.
43; 0.
44; 0.
45; 0.
46; 0.
47; 0.
48; 0.
49; 0.
50; 0.
51; 0.
52; 0.
53; 0.
54; 0.
55; 12.
56; 0.
57; 0.
58; 0.
59; 0.
60; 0.
61; 0.
62; 0.
63; 0.
================================================================================
Generation 5

--------------------------------------------------------------------------------
Selection

0; 47
1; 29
2; 24
3; 14
4; 18
5; 61
6; 54
7; 30
8; 44
9; 20
10; 12
11; 29
12; 30
13; 43
14; 30
15; 37
16; 59
17; 12
18; 4
19; 17
20; 62
21; 56
22; 46
23; 8
24; 45
25; 63
26; 58
27; 8
28; 43
29; 7
30; 46
31; 41
32; 26
33; 6
34; 12
35; 12
36; 31
37; 36
38; 57
39; 37
--------------------------------------------------------------------------------
Crossover

0; 43, 8; r(32,61) r(29,65) d(7)
1; 43, 8; d(39) d(38) a(5,83) d(32) r(29,60)
2; 43; r(32,61) r(29,65)
3; 8; d(39) d(38) a(5,83) d(32) r(29,60) d(7)
4; 41, 8; d(37) r(35,74) a(29,43) a(29,74) r(29,60) d(7)
5; 41, 8; d(39) d(38) a(5,83) d(32) a(6,6)
6; 41; d(37) r(35,74) a(29,43) a(29,74) a(6,6)
7; 8; d(39) d(38) a(5,83) d(32) r(29,60) d(7)
8; 30, 31; d(37) r(35,74) a(29,43) a(29,74) a(36,43)
9; 30, 31; a(36,36) r(39,37) r(38,160) r(5,91) a(31,47)
10; 30; d(37) r(35,74) a(29,43) a(29,74) a(31,47)
11; 31; a(36,36) r(39,37) r(38,160) r(5,91) a(36,43)
12; 61; d(39) a(6,49) a(38,83) r(37,79) r(6,75)
13; 20; d(6) d(36) r(39,154) a(39,44) a(29,29)
14; 24, 6; r(32,104) a(39,35) r(39,154) r(36,44) a(31,58) d(31)
15; 24, 6; d(32) a(38,58) r(38,83) d(39) d(38)
16; 24; r(32,104) a(39,35) r(39,154) r(36,44) a(31,58) d(38)
17; 6; d(32) a(38,58) r(38,83) d(39) d(31)
18; 59, 44; r(38,45) d(35) d(32) d(39) a(32,128)
19; 59, 44; d(37) r(35,74) r(6,125) a(32,91) d(5) a(31,83)
20; 59; r(38,45) d(35) d(32) d(39) a(31,83)
21; 44; d(37) r(35,74) r(6,125) a(32,91) d(5) a(32,128)
22; 45, 7; r(32,61) d(39) d(36) d(5) a(38,72) d(38) r(35,74) d(32) a(5,36) r(7,43)
23; 45, 7; d(37)
24; 45; r(32,61) d(39) d(36) d(5) a(38,72) d(38)
25; 7; d(37) r(35,74) d(32) a(5,36) r(7,43)
26; 46; d(39) d(38) d(35) d(6) d(36)
27; 56; d(39) d(38) d(32) d(39) r(6,65)
28; 37; d(37) a(39,160) r(36,44) a(31,58) d(31)
29; 63; d(39) r(35,74) a(6,46) a(38,72) a(38,53)
30; 29; a(36,36) a(29,74) d(32)
31; 54; a(36,36) r(39,37) r(38,160) r(5,91) d(32)
32; 17; r(32,104) a(38,96) a(39,41) r(37,73) r(36,82)
33; 12; r(32,104) r(38,95)
34; 18; d(32) a(39,160) r(36,44) a(31,58) d(39)
35; 12; r(32,104) r(38,95)
36; 36, 57; d(32) d(6) a(29,38) r(35,72) r(39,95)
37; 36, 57; r(38,45) d(35) a(5,83) d(32) d(39)
38; 36; d(32) d(6) a(29,38) r(35,72) r(39,95)
39; 57; r(38,45) d(35) a(5,83) d(32) d(39)
40; 12; r(32,104) r(38,95)
41; 29; a(36,36) a(29,74) d(32)
42; 26, 43; r(32,104) a(39,35) r(39,154) d(5) a(38,31) r(29,65)
43; 26, 43; r(32,61)
44; 26; r(32,104) a(39,35) r(39,154) d(5) a(38,31)
45; 43; r(32,61) r(29,65)
46; 30; d(37) r(35,74) a(29,43) a(29,74) a(31,47)
47; 37; d(37) a(39,160) r(36,44) a(31,58) d(31)
48; 58; d(39) d(38) a(5,83) d(32) a(36,61)
49; 46; d(39) d(38) d(35) d(6) d(36)
50; 12, 14; r(32,104) r(38,95) a(39,35) d(5) a(39,56) a(39,95)
51; 12, 14; r(32,104)
52; 12; r(32,104) r(38,95)
53; 14; r(32,104) a(39,35) d(5) a(39,56) a(39,95)
54; 30, 4; d(37) r(35,74) a(29,43) a(29,74) d(32) a(5,36) d(5)
55; 30, 4; d(32) a(38,58) r(38,83) d(39) a(31,47)
56; 30; d(37) r(35,74) a(29,43) a(29,74) a(31,47)
57; 4; d(32) a(38,58) r(38,83) d(39) d(32) a(5,36) d(5)
58; 62; d(38) d(39) a(6,125) d(35) r(7,73)
59; 47; r(32,104) a(39,35) r(39,154) r(6,160) r(31,48)
--------------------------------------------------------------------------------
Mutation

0; r(32,61) r(29,65) d(7) r(38,31)
1; d(39) d(38) a(5,83) d(32) r(29,60) r(6,160)
2; r(32,61) r(29,65) r(39,31)
3; d(39) d(38) a(5,83) d(32) r(29,60) d(7) d(37)
4; d(37) r(35,74) a(29,43) a(29,74) r(29,60) d(7) d(36)
5; d(39) d(38) a(5,83) d(32) a(6,6) d(29)
6; d(37) r(35,74) a(29,43) a(29,74) a(6,6) a(36,53)
7; d(39) d(38) a(5,83) d(32) r(29,60) d(7) a(5,42)
8; d(37) r(35,74) a(29,43) a(29,74) a(36,43) r(31,145)
9; a(36,36) r(39,37) r(38,160) r(5,91) a(31,47) d(32)
10; d(37) r(35,74) a(29,43) a(29,74) a(31,47) r(7,52)
11; a(36,36) r(39,37) r(38,160) r(5,91) a(36,43) r(36,104)
12; d(39) a(6,49) a(38,83) r(37,79) r(6,75) r(31,47)
13; d(6) d(36) r(39,154) a(39,44) a(29,29) a(38,76)
14; r(32,104) a(39,35) r(39,154) r(36,44) a(31,58) d(31) d(38)
15; d(32) a(38,58) r(38,83) d(39) d(38) r(36,79)
16; r(32,104) a(39,35) r(39,154) r(36,44) a(31,58) d(38) d(7)
17; d(32) a(38,58) r(38,83) d(39) d(31) d(29)
18; r(38,45) d(35) d(32) d(39) a(32,128) d(29)
19; d(37) r(35,74) r(6,125) a(32,91) d(5) a(31,83) r(32,29)
20; r(38,45) d(35) d(32) d(39) a(31,83) a(37,46)
21; d(37) r(35,74) r(6,125) a(32,91) d(5) a(32,128) r(29,93)
22; r(32,61) d(39) d(36) d(5) a(38,72) d(38) r(35,74) d(32) a(5,36) r(7,43) d(29)
23; d(37) d(5)
24; r(32,61) d(39) d(36) d(5) a(38,72) d(38) a(31,53)
25; d(37) r(35,74) d(32) a(5,36) r(7,43) r(31,82)
26; d(39) d(38) d(35) d(6) d(36) r(29,61)
27; d(39) d(38) d(32) d(39) r(6,65) d(31)
28; d(37) a(39,160) r(36,44) a(31,58) d(31) r(7,39)
29; d(39) r(35,74) a(6,46) a(38,72) a(38,53) a(38,43)
30; a(36,36) a(29,74) d(32) r(38,36)
31; a(36,36) r(39,37) r(38,160) r(5,91) d(32) d(29)
32; r(32,104) a(38,96) a(39,41) r(37,73) r(36,82) d(29)
33; r(32,104) r(38,95) d(39)
34; d(32) a(39,160) r(36,44) a(31,58) d(39) r(38,29)
35; r(32,104) r(38,95) r(39,82)
36; d(32) d(6) a(29,38) r(35,72) r(39,95) a(31,39)
37; r(38,45) d(35) a(5,83) d(32) d(39) d(7)
38; d(32) d(6) a(29,38) r(35,72) r(39,95) d(36)
39; r(38,45) d(35) a(5,83) d(32) d(39) a(37,76)
40; r(32,104) r(38,95) a(31,73)
41; a(36,36) a(29,74) d(32) r(38,96)
42; r(32,104) a(39,35) r(39,154) d(5) a(38,31) r(29,65) r(38,160)
43; r(32,61) d(39)
44; r(32,104) a(39,35) r(39,154) d(5) a(38,31) d(38)
45; r(32,61) r(29,65) d(39)
46; d(37) r(35,74) a(29,43) a(29,74) a(31,47) a(29,43)
47; d(37) a(39,160) r(36,44) a(31,58) d(31) r(35,90)
48; d(39) d(38) a(5,83) d(32) a(36,61) a(37,31)
49; d(39) d(38) d(35) d(6) d(36) d(37)
50; r(32,104) r(38,95) a(39,35) d(5) a(39,56) a(39,95) a(39,41)
51; r(32,104) a(38,35)
52; r(32,104) r(38,95) d(39)
53; r(32,104) a(39,35) d(5) a(39,56) a(39,95) d(39)
54; d(37) r(35,74) a(29,43) a(29,74) d(32) a(5,36) d(5) r(29,41)
55; d(32) a(38,58) r(38,83) d(39) a(31,47) a(36,31)
56; d(37) r(35,74) a(29,43) a(29,74) a(31,47) a(36,74)
57; d(32) a(38,58) r(38,83) d(39) d(32) a(5,36) d(5) d(37)
58; d(38) d(39) a(6,125) d(35) r(7,73) d(31)
59; r(32,104) a(39,35) r(39,154) r(6,160) r(31,48) r(29,31)
--------------------------------------------------------------------------------
Evaluation

0; 0.
1; 0.
2; 0.
3; 0.
4; 0.
5; 0.
6; 0.
7; 0.
8; 0.
9; 0.
10; 12.
11; 0.
12; 0.
13; 0.
14; 0.
15; 0.
16; 12.
17; 0.
18; 0.
19; 0.
20; 0.
21; 0.
22; 0.
23; 4.
24; 0.
25; 0.
26; 0.
27; 0.
28; 0.
29; 0.
30; 0.
31; 0.
32; 0.
33; 0.
34; 0.
35; 0.
36; 0.
37; 12.
38; 0.
39; 0.
40; 0.
41; 0.
42; 0.
43; 0.
44; 0.
45; 0.
46; 0.
47; 0.
48; 0.
49; 0.
50; 0.
51; 0.
52; 0.
53; 0.
54; 0.
55; 0.
56; 0.
57; 0.
58; 0.
59; 0.
================================================================================
Generation 6

--------------------------------------------------------------------------------
Selection

0; 34
1; 57
2; 25
3; 38
4; 8
5; 56
6; 38
7; 11
8; 41
9; 21
10; 33
11; 34
12; 0
13; 39
14; 54
15; 21
16; 8
17; 38
18; 54
19; 42
20; 45
21; 30
22; 18
23; 1
24; 54
25; 26
26; 6
27; 21
28; 27
29; 11
30; 13
31; 17
32; 14
33; 49
34; 6
35; 2
36; 31
37; 13
38; 22
39; 28
--------------------------------------------------------------------------------
Crossover

0; 21; d(37) r(35,74) r(6,125) a(32,91) d(5) a(32,128) r(29,93)
1; 33; r(32,104) r(38,95) d(39)
2; 45; r(32,61) r(29,65) d(39)
3; 56; d(37) r(35,74) a(29,43) a(29,74) a(31,47) a(36,74)
4; 38, 49; d(32) d(6) d(37)
5; 38, 49; d(39) d(38) d(35) d(6) d(36) a(29,38) r(35,72) r(39,95) d(36)
6; 38; d(32) d(6) a(29,38) r(35,72) r(39,95) d(36)
7; 49; d(39) d(38) d(35) d(6) d(36) d(37)
8; 6; d(37) r(35,74) a(29,43) a(29,74) a(6,6) a(36,53)
9; 21; d(37) r(35,74) r(6,125) a(32,91) d(5) a(32,128) r(29,93)
10; 31, 25; a(36,36) r(39,37) r(38,160) r(5,91) r(35,74) d(32) a(5,36) r(7,43) r(31,82)
11; 31, 25; d(37) d(32) d(29)
12; 31; a(36,36) r(39,37) r(38,160) r(5,91) d(32) d(29)
13; 25; d(37) r(35,74) d(32) a(5,36) r(7,43) r(31,82)
14; 41, 14; a(36,36) a(29,74) d(31) d(38)
15; 41, 14; r(32,104) a(39,35) r(39,154) r(36,44) a(31,58) d(32) r(38,96)
16; 41; a(36,36) a(29,74) d(32) r(38,96)
17; 14; r(32,104) a(39,35) r(39,154) r(36,44) a(31,58) d(31) d(38)
18; 54; d(37) r(35,74) a(29,43) a(29,74) d(32) a(5,36) d(5) r(29,41)
19; 18; r(38,45) d(35) d(32) d(39) a(32,128) d(29)
20; 39, 1; r(38,45) d(35) a(5,83) d(32) d(39) a(37,76)
21; 39, 1; d(39) d(38) a(5,83) d(32) r(29,60) r(6,160)
22; 39; r(38,45) d(35) a(5,83) d(32) d(39) a(37,76)
23; 1; d(39) d(38) a(5,83) d(32) r(29,60) r(6,160)
24; 34, 11; d(32) a(39,160) r(36,44) r(39,37) r(38,160) r(5,91) a(36,43) r(36,104)
25; 34, 11; a(36,36) a(31,58) d(39) r(38,29)
26; 34; d(32) a(39,160) r(36,44) a(31,58) d(39) r(38,29)
27; 11; a(36,36) r(39,37) r(38,160) r(5,91) a(36,43) r(36,104)
28; 26, 21; d(39) d(38) d(35)
29; 26, 21; d(37) r(35,74) r(6,125) a(32,91) d(5) a(32,128) r(29,93) d(6) d(36) r(29,61)
30; 26; d(39) d(38) d(35) d(6) d(36) r(29,61)
31; 21; d(37) r(35,74) r(6,125) a(32,91) d(5) a(32,128) r(29,93)
32; 8; d(37) r(35,74) a(29,43) a(29,74) a(36,43) r(31,145)
33; 38; d(32) d(6) a(29,38) r(35,72) r(39,95) d(36)
34; 27, 17; d(39) d(31) d(29)
35; 27, 17; d(32) a(38,58) r(38,83) d(39) d(38) d(32) d(39) r(6,65) d(31)
36; 27; d(39) d(38) d(32) d(39) r(6,65) d(31)
37; 17; d(32) a(38,58) r(38,83) d(39) d(31) d(29)
38; 6; d(37) r(35,74) a(29,43) a(29,74) a(6,6) a(36,53)
39; 2; r(32,61) r(29,65) r(39,31)
40; 8, 13; d(37) r(35,74) a(29,43) a(29,74) a(39,44) a(29,29) a(38,76)
41; 8, 13; d(6) d(36) r(39,154) a(36,43) r(31,145)
42; 8; d(37) r(35,74) a(29,43) a(29,74) a(36,43) r(31,145)
43; 13; d(6) d(36) r(39,154) a(39,44) a(29,29) a(38,76)
44; 0; r(32,61) r(29,65) d(7) r(38,31)
45; 57; d(32) a(38,58) r(38,83) d(39) d(32) a(5,36) d(5) d(37)
46; 42; r(32,104) a(39,35) r(39,154) d(5) a(38,31) r(29,65) r(38,160)
47; 28; d(37) a(39,160) r(36,44) a(31,58) d(31) r(7,39)
48; 11; a(36,36) r(39,37) r(38,160) r(5,91) a(36,43) r(36,104)
49; 34; d(32) a(39,160) r(36,44) a(31,58) d(39) r(38,29)
50; 38; d(32) d(6) a(29,38) r(35,72) r(39,95) d(36)
51; 30; a(36,36) a(29,74) d(32) r(38,36)
52; 54; d(37) r(35,74) a(29,43) a(29,74) d(32) a(5,36) d(5) r(29,41)
53; 54; d(37) r(35,74) a(29,43) a(29,74) d(32) a(5,36) d(5) r(29,41)
54; 22; r(32,61) d(39) d(36) d(5) a(38,72) d(38) r(35,74) d(32) a(5,36) r(7,43) d(29)
55; 13; d(6) d(36) r(39,154) a(39,44) a(29,29) a(38,76)
--------------------------------------------------------------------------------
Mutation

0; d(37) r(35,74) r(6,125) a(32,91) d(5) a(32,128) r(29,93) d(32)
1; r(32,104) r(38,95) d(39) r(37,125)
2; r(32,61) r(29,65) d(39) r(38,46)
3; d(37) r(35,74) a(29,43) a(29,74) a(31,47) a(36,74) r(36,104)
4; d(32) d(6) d(37) d(5)
5; d(39) d(38) d(35) d(6) d(36) a(29,38) r(35,72) r(39,95) d(36) r(31,61)
6; d(32) d(6) a(29,38) r(35,72) r(39,95) d(36) d(38)
7; d(39) d(38) d(35) d(6) d(36) d(37) r(5,32)
8; d(37) r(35,74) a(29,43) a(29,74) a(6,6) a(36,53) a(7,92)
9; d(37) r(35,74) r(6,125) a(32,91) d(5) a(32,128) r(29,93) a(36,43)
10; a(36,36) r(39,37) r(38,160) r(5,91) r(35,74) d(32) a(5,36) r(7,43) r(31,82) a(29,42)
11; d(37) d(32) d(29) a(6,82)
12; a(36,36) r(39,37) r(38,160) r(5,91) d(32) d(29) a(37,72)
13; d(37) r(35,74) d(32) a(5,36) r(7,43) r(31,82) d(29)
14; a(36,36) a(29,74) d(31) d(38) a(5,101)
15; r(32,104) a(39,35) r(39,154) r(36,44) a(31,58) d(32) r(38,96) r(6,90)
16; a(36,36) a(29,74) d(32) r(38,96) r(39,82)
17; r(32,104) a(39,35) r(39,154) r(36,44) a(31,58) d(31) d(38) r(37,44)
18; d(37) r(35,74) a(29,43) a(29,74) d(32) a(5,36) d(5) r(29,41) a(36,42)
19; r(38,45) d(35) d(32) d(39) a(32,128) d(29) d(7)
20; r(38,45) d(35) a(5,83) d(32) d(39) a(37,76) r(36,90)
21; d(39) d(38) a(5,83) d(32) r(29,60) r(6,160) d(5)
22; r(38,45) d(35) a(5,83) d(32) d(39) a(37,76) d(6)
23; d(39) d(38) a(5,83) d(32) r(29,60) r(6,160) d(36)
24; d(32) a(39,160) r(36,44) r(39,37) r(38,160) r(5,91) a(36,43) r(36,104) r(29,61)
25; a(36,36) a(31,58) d(39) r(38,29) d(29)
26; d(32) a(39,160) r(36,44) a(31,58) d(39) r(38,29) a(29,5)
27; a(36,36) r(39,37) r(38,160) r(5,91) a(36,43) r(36,104) d(29)
28; d(39) d(38) d(35) r(31,91)
29; d(37) r(35,74) r(6,125) a(32,91) d(5) a(32,128) r(29,93) d(6) d(36) r(29,61) r(32,50)
30; d(39) d(38) d(35) d(6) d(36) r(29,61) a(32,93)
31; d(37) r(35,74) r(6,125) a(32,91) d(5) a(32,128) r(29,93) a(36,160)
32; d(37) r(35,74) a(29,43) a(29,74) a(36,43) r(31,145) a(6,5)
33; d(32) d(6) a(29,38) r(35,72) r(39,95) d(36) r(38,35)
34; d(39) d(31) d(29) r(35,93)
35; d(32) a(38,58) r(38,83) d(39) d(38) d(32) d(39) r(6,65) d(31) a(5,133)
36; d(39) d(38) d(32) d(39) r(6,65) d(31) d(29)
37; d(32) a(38,58) r(38,83) d(39) d(31) d(29) d(36)
38; d(37) r(35,74) a(29,43) a(29,74) a(6,6) a(36,53) d(7)
39; r(32,61) r(29,65) r(39,31) d(5)
40; d(37) r(35,74) a(29,43) a(29,74) a(39,44) a(29,29) a(38,76) r(6,31)
41; d(6) d(36) r(39,154) a(36,43) r(31,145) a(38,53)
42; d(37) r(35,74) a(29,43) a(29,74) a(36,43) r(31,145) d(29)
43; d(6) d(36) r(39,154) a(39,44) a(29,29) a(38,76) d(38)
44; r(32,61) r(29,65) d(7) r(38,31) a(39,43)
45; d(32) a(38,58) r(38,83) d(39) d(32) a(5,36) d(5) d(37) d(31)
46; r(32,104) a(39,35) r(39,154) d(5) a(38,31) r(29,65) r(38,160) a(37,82)
47; d(37) a(39,160) r(36,44) a(31,58) d(31) r(7,39) a(6,41)
48; a(36,36) r(39,37) r(38,160) r(5,91) a(36,43) r(36,104) a(35,29)
49; d(32) a(39,160) r(36,44) a(31,58) d(39) r(38,29) a(5,41)
50; d(32) d(6) a(29,38) r(35,72) r(39,95) d(36) d(38)
51; a(36,36) a(29,74) d(32) r(38,36) a(7,41)
52; d(37) r(35,74) a(29,43) a(29,74) d(32) a(5,36) d(5) r(29,41) a(36,66)
53; d(37) r(35,74) a(29,43) a(29,74) d(32) a(5,36) d(5) r(29,41) a(36,154)
54; r(32,61) d(39) d(36) d(5) a(38,72) d(38) r(35,74) d(32) a(5,36) r(7,43) d(29) d(37)
55; d(6) d(36) r(39,154) a(39,44) a(29,29) a(38,76) a(38,65)
--------------------------------------------------------------------------------
Evaluation

0; 0.
1; 0.
2; 0.
3; 0.
4; 0.
5; 0.
6; 0.
7; 0.
8; 0.
9; 0.
10; 0.
11; 0.
12; 0.
13; 0.
14; 12.
15; 0.
16; 0.
17; 0.
18; 0.
19; 0.
20; 0.
21; 0.
22; 0.
23; 0.
24; 0.
25; 4.
26; 0.
27; 0.
28; 0.
29; 0.
30; 0.
31; 0.
32; 0.
33; 0.
34; 0.
35; 0.
36; 0.
37; 0.
38; 0.
39; 0.
40; 0.
41; 0.
42; 0.
43; 0.
44; 0.
45; 0.
46; 0.
47; 0.
48; 0.
49; 0.
50; 0.
51; 0.
52; 0.
53; 0.
54; 0.
55; 0.
================================================================================
Generation 7

--------------------------------------------------------------------------------
Selection

0; 2
1; 26
2; 32
3; 2
4; 7
5; 34
6; 46
7; 31
8; 17
9; 3
10; 4
11; 9
12; 50
13; 42
14; 41
15; 47
16; 34
17; 9
18; 13
19; 44
20; 54
21; 30
22; 10
23; 50
24; 50
25; 3
26; 18
27; 51
28; 24
29; 34
30; 41
31; 2
32; 47
33; 9
34; 50
35; 41
36; 31
37; 33
38; 27
39; 3
--------------------------------------------------------------------------------
Crossover

0; 47, 10; d(37) a(39,160) r(36,44) a(31,58) d(32) a(5,36) r(7,43) r(31,82) a(29,42)
1; 47, 10; a(36,36) r(39,37) r(38,160) r(5,91) r(35,74) d(31) r(7,39) a(6,41)
2; 47; d(37) a(39,160) r(36,44) a(31,58) d(31) r(7,39) a(6,41)
3; 10; a(36,36) r(39,37) r(38,160) r(5,91) r(35,74) d(32) a(5,36) r(7,43) r(31,82) a(29,42)
4; 34; d(39) d(31) d(29) r(35,93)
5; 34; d(39) d(31) d(29) r(35,93)
6; 32, 9; d(37) r(35,74) a(29,43) a(32,128) r(29,93) a(36,43)
7; 32, 9; d(37) r(35,74) r(6,125) a(32,91) d(5) a(29,74) a(36,43) r(31,145) a(6,5)
8; 32; d(37) r(35,74) a(29,43) a(29,74) a(36,43) r(31,145) a(6,5)
9; 9; d(37) r(35,74) r(6,125) a(32,91) d(5) a(32,128) r(29,93) a(36,43)
10; 33, 46; d(32) d(6) a(29,38) r(38,160) a(37,82)
11; 33, 46; r(32,104) a(39,35) r(39,154) d(5) a(38,31) r(29,65) r(35,72) r(39,95) d(36) r(38,35)
12; 33; d(32) d(6) a(29,38) r(35,72) r(39,95) d(36) r(38,35)
13; 46; r(32,104) a(39,35) r(39,154) d(5) a(38,31) r(29,65) r(38,160) a(37,82)
14; 13; d(37) r(35,74) d(32) a(5,36) r(7,43) r(31,82) d(29)
15; 41; d(6) d(36) r(39,154) a(36,43) r(31,145) a(38,53)
16; 50; d(32) d(6) a(29,38) r(35,72) r(39,95) d(36) d(38)
17; 2; r(32,61) r(29,65) d(39) r(38,46)
18; 44, 30; r(32,61) r(29,65) d(7) r(38,31) a(39,43) a(32,93)
19; 44, 30; d(39) d(38) d(35) d(6) d(36) r(29,61)
20; 44; r(32,61) r(29,65) d(7) r(38,31) a(39,43)
21; 30; d(39) d(38) d(35) d(6) d(36) r(29,61) a(32,93)
22; 7, 9; d(39) d(38) d(35) d(6) a(32,128) r(29,93) a(36,43)
23; 7, 9; d(37) r(35,74) r(6,125) a(32,91) d(5) d(36) d(37) r(5,32)
24; 7; d(39) d(38) d(35) d(6) d(36) d(37) r(5,32)
25; 9; d(37) r(35,74) r(6,125) a(32,91) d(5) a(32,128) r(29,93) a(36,43)
26; 2; r(32,61) r(29,65) d(39) r(38,46)
27; 42; d(37) r(35,74) a(29,43) a(29,74) a(36,43) r(31,145) d(29)
28; 9, 41; d(37) r(35,74) r(6,125) a(32,91) d(5) a(32,128) r(29,93) a(36,43) a(38,53)
29; 9, 41; d(6) d(36) r(39,154) a(36,43) r(31,145)
30; 9; d(37) r(35,74) r(6,125) a(32,91) d(5) a(32,128) r(29,93) a(36,43)
31; 41; d(6) d(36) r(39,154) a(36,43) r(31,145) a(38,53)
32; 50; d(32) d(6) a(29,38) r(35,72) r(39,95) d(36) d(38)
33; 31; d(37) r(35,74) r(6,125) a(32,91) d(5) a(32,128) r(29,93) a(36,160)
34; 47, 27; d(37) a(39,160) r(36,44) a(31,58) d(29)
35; 47, 27; a(36,36) r(39,37) r(38,160) r(5,91) a(36,43) r(36,104) d(31) r(7,39) a(6,41)
36; 47; d(37) a(39,160) r(36,44) a(31,58) d(31) r(7,39) a(6,41)
37; 27; a(36,36) r(39,37) r(38,160) r(5,91) a(36,43) r(36,104) d(29)
38; 26, 4; d(32) a(39,160) r(36,44) a(31,58) d(39) d(5)
39; 26, 4; d(32) d(6) d(37) r(38,29) a(29,5)
40; 26; d(32) a(39,160) r(36,44) a(31,58) d(39) r(38,29) a(29,5)
41; 4; d(32) d(6) d(37) d(5)
42; 50, 24; d(32) d(6) a(29,38) r(35,72) r(39,95) d(36) r(38,160) r(5,91) a(36,43) r(36,104) r(29,61)
43; 50, 24; d(32) a(39,160) r(36,44) r(39,37) d(38)
44; 50; d(32) d(6) a(29,38) r(35,72) r(39,95) d(36) d(38)
45; 24; d(32) a(39,160) r(36,44) r(39,37) r(38,160) r(5,91) a(36,43) r(36,104) r(29,61)
46; 3; d(37) r(35,74) a(29,43) a(29,74) a(31,47) a(36,74) r(36,104)
47; 54; r(32,61) d(39) d(36) d(5) a(38,72) d(38) r(35,74) d(32) a(5,36) r(7,43) d(29) d(37)
48; 18; d(37) r(35,74) a(29,43) a(29,74) d(32) a(5,36) d(5) r(29,41) a(36,42)
49; 3; d(37) r(35,74) a(29,43) a(29,74) a(31,47) a(36,74) r(36,104)
50; 50, 31; d(32) d(6) d(5) a(32,128) r(29,93) a(36,160)
51; 50, 31; d(37) r(35,74) r(6,125) a(32,91) a(29,38) r(35,72) r(39,95) d(36) d(38)
52; 50; d(32) d(6) a(29,38) r(35,72) r(39,95) d(36) d(38)
53; 31; d(37) r(35,74) r(6,125) a(32,91) d(5) a(32,128) r(29,93) a(36,160)
54; 17; r(32,104) a(39,35) r(39,154) r(36,44) a(31,58) d(31) d(38) r(37,44)
55; 3; d(37) r(35,74) a(29,43) a(29,74) a(31,47) a(36,74) r(36,104)
56; 2; r(32,61) r(29,65) d(39) r(38,46)
57; 34; d(39) d(31) d(29) r(35,93)
58; 41; d(6) d(36) r(39,154) a(36,43) r(31,145) a(38,53)
59; 51; a(36,36) a(29,74) d(32) r(38,36) a(7,41)
--------------------------------------------------------------------------------
Mutation

0; d(37) a(39,160) r(36,44) a(31,58) d(32) a(5,36) r(7,43) r(31,82) a(29,42) a(6,44)
1; a(36,36) r(39,37) r(38,160) r(5,91) r(35,74) d(31) r(7,39) a(6,41) r(37,50)
2; d(37) a(39,160) r(36,44) a(31,58) d(31) r(7,39) a(6,41) d(35)
3; a(36,36) r(39,37) r(38,160) r(5,91) r(35,74) d(32) a(5,36) r(7,43) r(31,82) a(29,42) a(29,66)
4; d(39) d(31) d(29) r(35,93) a(38,79)
5; d(39) d(31) d(29) r(35,93) r(38,44)
6; d(37) r(35,74) a(29,43) a(32,128) r(29,93) a(36,43) d(6)
7; d(37) r(35,74) r(6,125) a(32,91) d(5) a(29,74) a(36,43) r(31,145) a(6,5) a(32,32)
8; d(37) r(35,74) a(29,43) a(29,74) a(36,43) r(31,145) a(6,5) a(29,48)
9; d(37) r(35,74) r(6,125) a(32,91) d(5) a(32,128) r(29,93) a(36,43) a(32,96)
10; d(32) d(6) a(29,38) r(38,160) a(37,82) a(39,76)
11; r(32,104) a(39,35) r(39,154) d(5) a(38,31) r(29,65) r(35,72) r(39,95) d(36) r(38,35) r(37,101)
12; d(32) d(6) a(29,38) r(35,72) r(39,95) d(36) r(38,35) a(5,95)
13; r(32,104) a(39,35) r(39,154) d(5) a(38,31) r(29,65) r(38,160) a(37,82) a(36,160)
14; d(37) r(35,74) d(32) a(5,36) r(7,43) r(31,82) d(29) d(5)
15; d(6) d(36) r(39,154) a(36,43) r(31,145) a(38,53) a(38,163)
16; d(32) d(6) a(29,38) r(35,72) r(39,95) d(36) d(38) a(5,41)
17; r(32,61) r(29,65) d(39) r(38,46) a(7,31)
18; r(32,61) r(29,65) d(7) r(38,31) a(39,43) a(32,93) d(39)
19; d(39) d(38) d(35) d(6) d(36) r(29,61) d(37)
20; r(32,61) r(29,65) d(7) r(38,31) a(39,43) r(39,163)
21; d(39) d(38) d(35) d(6) d(36) r(29,61) a(32,93) d(37)
22; d(39) d(38) d(35) d(6) a(32,128) r(29,93) a(36,43) a(36,154)
23; d(37) r(35,74) r(6,125) a(32,91) d(5) d(36) d(37) r(5,32) d(32)
24; d(39) d(38) d(35) d(6) d(36) d(37) r(5,32) a(29,49)
25; d(37) r(35,74) r(6,125) a(32,91) d(5) a(32,128) r(29,93) a(36,43) a(36,96)
26; r(32,61) r(29,65) d(39) r(38,46) a(36,65)
27; d(37) r(35,74) a(29,43) a(29,74) a(36,43) r(31,145) d(29) d(6)
28; d(37) r(35,74) r(6,125) a(32,91) d(5) a(32,128) r(29,93) a(36,43) a(38,53) a(32,39)
29; d(6) d(36) r(39,154) a(36,43) r(31,145) d(37)
30; d(37) r(35,74) r(6,125) a(32,91) d(5) a(32,128) r(29,93) a(36,43) d(36)
31; d(6) d(36) r(39,154) a(36,43) r(31,145) a(38,53) r(38,5)
32; d(32) d(6) a(29,38) r(35,72) r(39,95) d(36) d(38) d(31)
33; d(37) r(35,74) r(6,125) a(32,91) d(5) a(32,128) r(29,93) a(36,160) r(36,95)
34; d(37) a(39,160) r(36,44) a(31,58) d(29) d(32)
35; a(36,36) r(39,37) r(38,160) r(5,91) a(36,43) r(36,104) d(31) r(7,39) a(6,41) r(29,49)
36; d(37) a(39,160) r(36,44) a(31,58) d(31) r(7,39) a(6,41) r(29,73)
37; a(36,36) r(39,37) r(38,160) r(5,91) a(36,43) r(36,104) d(29) a(37,78)
38; d(32) a(39,160) r(36,44) a(31,58) d(39) d(5) d(38)
39; d(32) d(6) d(37) r(38,29) a(29,5) a(5,73)
40; d(32) a(39,160) r(36,44) a(31,58) d(39) r(38,29) a(29,5) r(29,43)
41; d(32) d(6) d(37) d(5) r(36,91)
42; d(32) d(6) a(29,38) r(35,72) r(39,95) d(36) r(38,160) r(5,91) a(36,43) r(36,104) r(29,61) r(37,35)
43; d(32) a(39,160) r(36,44) r(39,37) d(38) d(29)
44; d(32) d(6) a(29,38) r(35,72) r(39,95) d(36) d(38) r(29,38)
45; d(32) a(39,160) r(36,44) r(39,37) r(38,160) r(5,91) a(36,43) r(36,104) r(29,61) d(37)
46; d(37) r(35,74) a(29,43) a(29,74) a(31,47) a(36,74) r(36,104) a(5,47)
47; r(32,61) d(39) d(36) d(5) a(38,72) d(38) r(35,74) d(32) a(5,36) r(7,43) d(29) d(37)
48; d(37) r(35,74) a(29,43) a(29,74) d(32) a(5,36) d(5) r(29,41) a(36,42) a(36,82)
49; d(37) r(35,74) a(29,43) a(29,74) a(31,47) a(36,74) r(36,104) d(7)
50; d(32) d(6) d(5) a(32,128) r(29,93) a(36,160) d(38)
51; d(37) r(35,74) r(6,125) a(32,91) a(29,38) r(35,72) r(39,95) d(36) d(38) a(31,73)
52; d(32) d(6) a(29,38) r(35,72) r(39,95) d(36) d(38) r(31,74)
53; d(37) r(35,74) r(6,125) a(32,91) d(5) a(32,128) r(29,93) a(36,160) a(32,53)
54; r(32,104) a(39,35) r(39,154) r(36,44) a(31,58) d(31) d(38) r(37,44) a(29,76)
55; d(37) r(35,74) a(29,43) a(29,74) a(31,47) a(36,74) r(36,104) a(32,39)
56; r(32,61) r(29,65) d(39) r(38,46) r(6,160)
57; d(39) d(31) d(29) r(35,93) a(38,43)
58; d(6) d(36) r(39,154) a(36,43) r(31,145) a(38,53) a(38,49)
59; a(36,36) a(29,74) d(32) r(38,36) a(7,41) a(29,73)
--------------------------------------------------------------------------------
Evaluation

0; 0.
1; 0.
2; 0.
3; 0.
4; 0.
5; 0.
6; 0.
7; 0.
8; 0.
9; 0.
10; 0.
11; 12.
12; 0.
13; 0.
14; 0.
15; 0.
16; 0.
17; 0.
18; 0.
19; 0.
20; 12.
21; 0.
22; 0.
23; 0.
24; 0.
25; 0.
26; 0.
27; 0.
28; 0.
29; 0.
30; 0.
31; 0.
32; 0.
33; 0.
34; 0.
35; 0.
36; 0.
37; 0.
38; 0.
39; 0.
40; 0.
41; 0.
42; 0.
43; 0.
44; 0.
45; 0.
46; 0.
47; 0.
48; 0.
49; 12.
50; 0.
51; 0.
52; 0.
53; 0.
54; 0.
55; 0.
56; 0.
57; 0.
58; 0.
59; 0.
================================================================================
Generation 8

--------------------------------------------------------------------------------
Selection

0; 53
1; 6
2; 14
3; 35
4; 55
5; 31
6; 59
7; 33
8; 28
9; 55
10; 22
11; 57
12; 22
13; 48
14; 24
15; 56
16; 48
17; 16
18; 36
19; 16
20; 2
21; 23
22; 4
23; 40
24; 29
25; 31
26; 21
27; 43
28; 27
29; 35
30; 52
31; 38
32; 6
33; 29
34; 14
35; 26
36; 30
37; 58
38; 57
39; 44
--------------------------------------------------------------------------------
Crossover

0; 40; d(32) a(39,160) r(36,44) a(31,58) d(39) r(38,29) a(29,5) r(29,43)
1; 29; d(6) d(36) r(39,154) a(36,43) r(31,145) d(37)
2; 14; d(37) r(35,74) d(32) a(5,36) r(7,43) r(31,82) d(29) d(5)
3; 43; d(32) a(39,160) r(36,44) r(39,37) d(38) d(29)
4; 31; d(6) d(36) r(39,154) a(36,43) r(31,145) a(38,53) r(38,5)
5; 56; r(32,61) r(29,65) d(39) r(38,46) r(6,160)
6; 59, 4; a(36,36) a(29,74) d(32) r(38,36) d(29) r(35,93) a(38,79)
7; 59, 4; d(39) d(31) a(7,41) a(29,73)
8; 59; a(36,36) a(29,74) d(32) r(38,36) a(7,41) a(29,73)
9; 4; d(39) d(31) d(29) r(35,93) a(38,79)
10; 53, 14; d(37) r(35,74) r(6,125) a(32,91) d(5) a(32,128) a(5,36) r(7,43) r(31,82) d(29) d(5)
11; 53, 14; d(37) r(35,74) d(32) r(29,93) a(36,160) a(32,53)
12; 53; d(37) r(35,74) r(6,125) a(32,91) d(5) a(32,128) r(29,93) a(36,160) a(32,53)
13; 14; d(37) r(35,74) d(32) a(5,36) r(7,43) r(31,82) d(29) d(5)
14; 16; d(32) d(6) a(29,38) r(35,72) r(39,95) d(36) d(38) a(5,41)
15; 57; d(39) d(31) d(29) r(35,93) a(38,43)
16; 38; d(32) a(39,160) r(36,44) a(31,58) d(39) d(5) d(38)
17; 57; d(39) d(31) d(29) r(35,93) a(38,43)
18; 26; r(32,61) r(29,65) d(39) r(38,46) a(36,65)
19; 2; d(37) a(39,160) r(36,44) a(31,58) d(31) r(7,39) a(6,41) d(35)
20; 58; d(6) d(36) r(39,154) a(36,43) r(31,145) a(38,53) a(38,49)
21; 36; d(37) a(39,160) r(36,44) a(31,58) d(31) r(7,39) a(6,41) r(29,73)
22; 31, 28; d(6) d(36) r(39,154) a(36,43) r(31,145) a(32,128) r(29,93) a(36,43) a(38,53) a(32,39)
23; 31, 28; d(37) r(35,74) r(6,125) a(32,91) d(5) a(38,53) r(38,5)
24; 31; d(6) d(36) r(39,154) a(36,43) r(31,145) a(38,53) r(38,5)
25; 28; d(37) r(35,74) r(6,125) a(32,91) d(5) a(32,128) r(29,93) a(36,43) a(38,53) a(32,39)
26; 21, 22; d(39) d(38) d(35) d(6) d(36) r(29,61) d(38) d(35) d(6) a(32,128) r(29,93) a(36,43) a(36,154)
27; 21, 22; d(39) a(32,93) d(37)
28; 21; d(39) d(38) d(35) d(6) d(36) r(29,61) a(32,93) d(37)
29; 22; d(39) d(38) d(35) d(6) a(32,128) r(29,93) a(36,43) a(36,154)
30; 55; d(37) r(35,74) a(29,43) a(29,74) a(31,47) a(36,74) r(36,104) a(32,39)
31; 48; d(37) r(35,74) a(29,43) a(29,74) d(32) a(5,36) d(5) r(29,41) a(36,42) a(36,82)
32; 6; d(37) r(35,74) a(29,43) a(32,128) r(29,93) a(36,43) d(6)
33; 22; d(39) d(38) d(35) d(6) a(32,128) r(29,93) a(36,43) a(36,154)
34; 23, 52; d(37) r(35,74) r(6,125) d(38) r(31,74)
35; 23, 52; d(32) d(6) a(29,38) r(35,72) r(39,95) d(36) a(32,91) d(5) d(36) d(37) r(5,32) d(32)
36; 23; d(37) r(35,74) r(6,125) a(32,91) d(5) d(36) d(37) r(5,32) d(32)
37; 52; d(32) d(6) a(29,38) r(35,72) r(39,95) d(36) d(38) r(31,74)
38; 16, 48; d(32) d(6) r(35,74) a(29,43) a(29,74) d(32) a(5,36) d(5) r(29,41) a(36,42) a(36,82)
39; 16, 48; d(37) a(29,38) r(35,72) r(39,95) d(36) d(38) a(5,41)
40; 16; d(32) d(6) a(29,38) r(35,72) r(39,95) d(36) d(38) a(5,41)
41; 48; d(37) r(35,74) a(29,43) a(29,74) d(32) a(5,36) d(5) r(29,41) a(36,42) a(36,82)
42; 35; a(36,36) r(39,37) r(38,160) r(5,91) a(36,43) r(36,104) d(31) r(7,39) a(6,41) r(29,49)
43; 6; d(37) r(35,74) a(29,43) a(32,128) r(29,93) a(36,43) d(6)
44; 29, 33; d(6) d(36) r(39,154) a(36,43) r(31,145) r(6,125) a(32,91) d(5) a(32,128) r(29,93) a(36,160) r(36,95)
45; 29, 33; d(37) r(35,74) d(37)
46; 29; d(6) d(36) r(39,154) a(36,43) r(31,145) d(37)
47; 33; d(37) r(35,74) r(6,125) a(32,91) d(5) a(32,128) r(29,93) a(36,160) r(36,95)
48; 55, 44; d(37) r(35,74) a(29,43) a(29,74) a(31,47) r(39,95) d(36) d(38) r(29,38)
49; 55, 44; d(32) d(6) a(29,38) r(35,72) a(36,74) r(36,104) a(32,39)
50; 55; d(37) r(35,74) a(29,43) a(29,74) a(31,47) a(36,74) r(36,104) a(32,39)
51; 44; d(32) d(6) a(29,38) r(35,72) r(39,95) d(36) d(38) r(29,38)
52; 27, 24; d(37) r(35,74) a(29,43) a(29,74) a(36,43) r(31,145) d(35) d(6) d(36) d(37) r(5,32) a(29,49)
53; 27, 24; d(39) d(38) d(29) d(6)
54; 27; d(37) r(35,74) a(29,43) a(29,74) a(36,43) r(31,145) d(29) d(6)
55; 24; d(39) d(38) d(35) d(6) d(36) d(37) r(5,32) a(29,49)
56; 30, 35; d(37) r(38,160) r(5,91) a(36,43) r(36,104) d(31) r(7,39) a(6,41) r(29,49)
57; 30, 35; a(36,36) r(39,37) r(35,74) r(6,125) a(32,91) d(5) a(32,128) r(29,93) a(36,43) d(36)
58; 30; d(37) r(35,74) r(6,125) a(32,91) d(5) a(32,128) r(29,93) a(36,43) d(36)
59; 35; a(36,36) r(39,37) r(38,160) r(5,91) a(36,43) r(36,104) d(31) r(7,39) a(6,41) r(29,49)
--------------------------------------------------------------------------------
Mutation

0; d(32) a(39,160) r(36,44) a(31,58) d(39) r(38,29) a(29,5) r(29,43) d(6)
1; d(6) d(36) r(39,154) a(36,43) r(31,145) d(37) a(29,108)
2; d(37) r(35,74) d(32) a(5,36) r(7,43) r(31,82) d(29) d(5) a(36,128)
3; d(32) a(39,160) r(36,44) r(39,37) d(38) d(29) r(6,73)
4; d(6) d(36) r(39,154) a(36,43) r(31,145) a(38,53) r(38,5) r(37,56)
5; r(32,61) r(29,65) d(39) r(38,46) r(6,160) r(37,47)
6; a(36,36) a(29,74) d(32) r(38,36) d(29) r(35,93) a(38,79) r(39,78)
7; d(39) d(31) a(7,41) a(29,73) d(38)
8; a(36,36) a(29,74) d(32) r(38,36) a(7,41) a(29,73) r(39,40)
9; d(39) d(31) d(29) r(35,93) a(38,79) r(36,128)
10; d(37) r(35,74) r(6,125) a(32,91) d(5) a(32,128) a(5,36) r(7,43) r(31,82) d(29) d(5) r(36,91)
11; d(37) r(35,74) d(32) r(29,93) a(36,160) a(32,53) d(7)
12; d(37) r(35,74) r(6,125) a(32,91) d(5) a(32,128) r(29,93) a(36,160) a(32,53) d(36)
13; d(37) r(35,74) d(32) a(5,36) r(7,43) r(31,82) d(29) d(5) a(36,31)
14; d(32) d(6) a(29,38) r(35,72) r(39,95) d(36) d(38) a(5,41) a(5,80)
15; d(39) d(31) d(29) r(35,93) a(38,43) d(38)
16; d(32) a(39,160) r(36,44) a(31,58) d(39) d(5) d(38) d(37)
17; d(39) d(31) d(29) r(35,93) a(38,43) d(38)
18; r(32,61) r(29,65) d(39) r(38,46) a(36,65) a(5,162)
19; d(37) a(39,160) r(36,44) a(31,58) d(31) r(7,39) a(6,41) d(35) d(29)
20; d(6) d(36) r(39,154) a(36,43) r(31,145) a(38,53) a(38,49) d(38)
21; d(37) a(39,160) r(36,44) a(31,58) d(31) r(7,39) a(6,41) r(29,73) r(32,31)
22; d(6) d(36) r(39,154) a(36,43) r(31,145) a(32,128) r(29,93) a(36,43) a(38,53) a(32,39) d(35)
23; d(37) r(35,74) r(6,125) a(32,91) d(5) a(38,53) r(38,5) r(36,79)
24; d(6) d(36) r(39,154) a(36,43) r(31,145) a(38,53) r(38,5) a(29,133)
25; d(37) r(35,74) r(6,125) a(32,91) d(5) a(32,128) r(29,93) a(36,43) a(38,53) a(32,39) d(36)
26; d(39) d(38) d(35) d(6) d(36) r(29,61) d(38) d(35) d(6) a(32,128) r(29,93) a(36,43) a(36,154) a(5,56)
27; d(39) a(32,93) d(37) a(31,108)
28; d(39) d(38) d(35) d(6) d(36) r(29,61) a(32,93) d(37) r(5,44)
29; d(39) d(38) d(35) d(6) a(32,128) r(29,93) a(36,43) a(36,154) d(32)
30; d(37) r(35,74) a(29,43) a(29,74) a(31,47) a(36,74) r(36,104) a(32,39) a(5,72)
31; d(37) r(35,74) a(29,43) a(29,74) d(32) a(5,36) d(5) r(29,41) a(36,42) a(36,82) a(36,83)
32; d(37) r(35,74) a(29,43) a(32,128) r(29,93) a(36,43) d(6) d(5)
33; d(39) d(38) d(35) d(6) a(32,128) r(29,93) a(36,43) a(36,154) d(32)
34; d(37) r(35,74) r(6,125) d(38) r(31,74) a(32,5)
35; d(32) d(6) a(29,38) r(35,72) r(39,95) d(36) a(32,91) d(5) d(36) d(37) r(5,32) d(32) a(31,90)
36; d(37) r(35,74) r(6,125) a(32,91) d(5) d(36) d(37) r(5,32) d(32) r(31,37)
37; d(32) d(6) a(29,38) r(35,72) r(39,95) d(36) d(38) r(31,74) d(29)
38; d(32) d(6) r(35,74) a(29,43) a(29,74) d(32) a(5,36) d(5) r(29,41) a(36,42) a(36,82) a(39,145)
39; d(37) a(29,38) r(35,72) r(39,95) d(36) d(38) a(5,41) a(6,75)
40; d(32) d(6) a(29,38) r(35,72) r(39,95) d(36) d(38) a(5,41) r(37,160)
41; d(37) r(35,74) a(29,43) a(29,74) d(32) a(5,36) d(5) r(29,41) a(36,42) a(36,82) r(36,104)
42; a(36,36) r(39,37) r(38,160) r(5,91) a(36,43) r(36,104) d(31) r(7,39) a(6,41) r(29,49) d(37)
43; d(37) r(35,74) a(29,43) a(32,128) r(29,93) a(36,43) d(6) r(32,65)
44; d(6) d(36) r(39,154) a(36,43) r(31,145) r(6,125) a(32,91) d(5) a(32,128) r(29,93) a(36,160) r(36,95) a(38,42)
45; d(37) r(35,74) d(37) r(29,32)
46; d(6) d(36) r(39,154) a(36,43) r(31,145) d(37) d(29)
47; d(37) r(35,74) r(6,125) a(32,91) d(5) a(32,128) r(29,93) a(36,160) r(36,95) d(32)
48; d(37) r(35,74) a(29,43) a(29,74) a(31,47) r(39,95) d(36) d(38) r(29,38) a(7,104)
49; d(32) d(6) a(29,38) r(35,72) a(36,74) r(36,104) a(32,39) a(39,160)
50; d(37) r(35,74) a(29,43) a(29,74) a(31,47) a(36,74) r(36,104) a(32,39) r(6,78)
51; d(32) d(6) a(29,38) r(35,72) r(39,95) d(36) d(38) r(29,38) r(37,56)
52; d(37) r(35,74) a(29,43) a(29,74) a(36,43) r(31,145) d(35) d(6) d(36) d(37) r(5,32) a(29,49) d(32)
53; d(39) d(38) d(29) d(6) d(32)
54; d(37) r(35,74) a(29,43) a(29,74) a(36,43) r(31,145) d(29) d(6) r(36,133)
55; d(39) d(38) d(35) d(6) d(36) d(37) r(5,32) a(29,49) r(32,76)
56; d(37) r(38,160) r(5,91) a(36,43) r(36,104) d(31) r(7,39) a(6,41) r(29,49) r(32,41)
57; a(36,36) r(39,37) r(35,74) r(6,125) a(32,91) d(5) a(32,128) r(29,93) a(36,43) d(36) r(38,58)
58; d(37) r(35,74) r(6,125) a(32,91) d(5) a(32,128) r(29,93) a(36,43) d(36) a(32,128)
59; a(36,36) r(39,37) r(38,160) r(5,91) a(36,43) r(36,104) d(31) r(7,39) a(6,41) r(29,49) a(35,40)
--------------------------------------------------------------------------------
Evaluation

0; 0.
1; 0.
2; 0.
3; 0.
4; 0.
5; 0.
6; 0.
7; 0.
8; 0.
9; 0.
10; 0.
11; 0.
12; 0.
13; 0.
14; 0.
15; 0.
16; 0.
17; 0.
18; 0.
19; 0.
20; 0.
21; 0.
22; 0.
23; 0.
24; 0.
25; 0.
26; 0.
27; 4.
28; 0.
29; 0.
30; 0.
31; 0.
32; 0.
33; 0.
34; 0.
35; 0.
36; 0.
37; 0.
38; 0.
39; 0.
40; 0.
41; 0.
42; 0.
43; 0.
44; 0.
45; 0.
46; 0.
47; 0.
48; 0.
49; 0.
50; 0.
51; 0.
52; 0.
53; 0.
54; 0.
55; 0.
56; 0.
57; 0.
58; 0.
59; 0.
================================================================================
Generation 9

--------------------------------------------------------------------------------
Selection

0; 28
1; 10
2; 52
3; 18
4; 30
5; 38
6; 20
7; 24
8; 40
9; 53
10; 32
11; 53
12; 13
13; 51
14; 49
15; 4
16; 29
17; 31
18; 45
19; 26
20; 11
21; 25
22; 57
23; 43
24; 15
25; 18
26; 10
27; 5
28; 30
29; 54
30; 53
31; 44
32; 41
33; 36
34; 16
35; 58
36; 13
37; 15
38; 3
39; 49
--------------------------------------------------------------------------------
Crossover

0; 51; d(32) d(6) a(29,38) r(35,72) r(39,95) d(36) d(38) r(29,38) r(37,56)
1; 26; d(39) d(38) d(35) d(6) d(36) r(29,61) d(38) d(35) d(6) a(32,128) r(29,93) a(36,43) a(36,154) a(5,56)
2; 54, 10; d(37) r(35,74) r(36,91)
3; 54, 10; d(37) r(35,74) r(6,125) a(32,91) d(5) a(32,128) a(5,36) r(7,43) r(31,82) d(29) d(5) a(29,43) a(29,74) a(36,43) r(31,145) d(29) d(6) r(36,133)
4; 54; d(37) r(35,74) a(29,43) a(29,74) a(36,43) r(31,145) d(29) d(6) r(36,133)
5; 10; d(37) r(35,74) r(6,125) a(32,91) d(5) a(32,128) a(5,36) r(7,43) r(31,82) d(29) d(5) r(36,91)
6; 18; r(32,61) r(29,65) d(39) r(38,46) a(36,65) a(5,162)
7; 32; d(37) r(35,74) a(29,43) a(32,128) r(29,93) a(36,43) d(6) d(5)
8; 15, 18; d(39) a(36,65) a(5,162)
9; 15, 18; r(32,61) r(29,65) d(39) r(38,46) d(31) d(29) r(35,93) a(38,43) d(38)
10; 15; d(39) d(31) d(29) r(35,93) a(38,43) d(38)
11; 18; r(32,61) r(29,65) d(39) r(38,46) a(36,65) a(5,162)
12; 31; d(37) r(35,74) a(29,43) a(29,74) d(32) a(5,36) d(5) r(29,41) a(36,42) a(36,82) a(36,83)
13; 45; d(37) r(35,74) d(37) r(29,32)
14; 3, 57; d(32) a(39,160) r(36,44) r(39,37) d(38) d(29) r(6,73) r(39,37) r(35,74) r(6,125) a(32,91) d(5) a(32,128) r(29,93) a(36,43) d(36) r(38,58)
15; 3, 57; a(36,36)
16; 3; d(32) a(39,160) r(36,44) r(39,37) d(38) d(29) r(6,73)
17; 57; a(36,36) r(39,37) r(35,74) r(6,125) a(32,91) d(5) a(32,128) r(29,93) a(36,43) d(36) r(38,58)
18; 36, 25; d(37) r(35,74) r(6,125) a(32,91) d(5) d(36) d(37) r(29,93) a(36,43) a(38,53) a(32,39) d(36)
19; 36, 25; d(37) r(35,74) r(6,125) a(32,91) d(5) a(32,128) r(5,32) d(32) r(31,37)
20; 36; d(37) r(35,74) r(6,125) a(32,91) d(5) d(36) d(37) r(5,32) d(32) r(31,37)
21; 25; d(37) r(35,74) r(6,125) a(32,91) d(5) a(32,128) r(29,93) a(36,43) a(38,53) a(32,39) d(36)
22; 30; d(37) r(35,74) a(29,43) a(29,74) a(31,47) a(36,74) r(36,104) a(32,39) a(5,72)
23; 29; d(39) d(38) d(35) d(6) a(32,128) r(29,93) a(36,43) a(36,154) d(32)
24; 20, 43; d(6) d(36) r(39,154) a(36,43) r(31,145) r(32,65)
25; 20, 43; d(37) r(35,74) a(29,43) a(32,128) r(29,93) a(36,43) d(6) a(38,53) a(38,49) d(38)
26; 20; d(6) d(36) r(39,154) a(36,43) r(31,145) a(38,53) a(38,49) d(38)
27; 43; d(37) r(35,74) a(29,43) a(32,128) r(29,93) a(36,43) d(6) r(32,65)
28; 13, 41; d(37) r(35,74) d(32) a(5,36) a(29,74) d(32) a(5,36) d(5) r(29,41) a(36,42) a(36,82) r(36,104)
29; 13, 41; d(37) r(35,74) a(29,43) r(7,43) r(31,82) d(29) d(5) a(36,31)
30; 13; d(37) r(35,74) d(32) a(5,36) r(7,43) r(31,82) d(29) d(5) a(36,31)
31; 41; d(37) r(35,74) a(29,43) a(29,74) d(32) a(5,36) d(5) r(29,41) a(36,42) a(36,82) r(36,104)
32; 30; d(37) r(35,74) a(29,43) a(29,74) a(31,47) a(36,74) r(36,104) a(32,39) a(5,72)
33; 4; d(6) d(36) r(39,154) a(36,43) r(31,145) a(38,53) r(38,5) r(37,56)
34; 49; d(32) d(6) a(29,38) r(35,72) a(36,74) r(36,104) a(32,39) a(39,160)
35; 44; d(6) d(36) r(39,154) a(36,43) r(31,145) r(6,125) a(32,91) d(5) a(32,128) r(29,93) a(36,160) r(36,95) a(38,42)
36; 5, 11; r(32,61) r(29,65) d(39) r(38,46)
37; 5, 11; d(37) r(35,74) d(32) r(29,93) a(36,160) a(32,53) d(7) r(6,160) r(37,47)
38; 5; r(32,61) r(29,65) d(39) r(38,46) r(6,160) r(37,47)
39; 11; d(37) r(35,74) d(32) r(29,93) a(36,160) a(32,53) d(7)
40; 28, 53; d(39) d(38) d(35) d(6) d(36) r(29,61) d(38) d(29) d(6) d(32)
41; 28, 53; d(39) a(32,93) d(37) r(5,44)
42; 28; d(39) d(38) d(35) d(6) d(36) r(29,61) a(32,93) d(37) r(5,44)
43; 53; d(39) d(38) d(29) d(6) d(32)
44; 24; d(6) d(36) r(39,154) a(36,43) r(31,145) a(38,53) r(38,5) a(29,133)
45; 58; d(37) r(35,74) r(6,125) a(32,91) d(5) a(32,128) r(29,93) a(36,43) d(36) a(32,128)
46; 10; d(37) r(35,74) r(6,125) a(32,91) d(5) a(32,128) a(5,36) r(7,43) r(31,82) d(29) d(5) r(36,91)
47; 13; d(37) r(35,74) d(32) a(5,36) r(7,43) r(31,82) d(29) d(5) a(36,31)
48; 15, 52; d(39) d(31) d(29) a(36,43) r(31,145) d(35) d(6) d(36) d(37) r(5,32) a(29,49) d(32)
49; 15, 52; d(37) r(35,74) a(29,43) a(29,74) r(35,93) a(38,43) d(38)
50; 15; d(39) d(31) d(29) r(35,93) a(38,43) d(38)
51; 52; d(37) r(35,74) a(29,43) a(29,74) a(36,43) r(31,145) d(35) d(6) d(36) d(37) r(5,32) a(29,49) d(32)
52; 38; d(32) d(6) r(35,74) a(29,43) a(29,74) d(32) a(5,36) d(5) r(29,41) a(36,42) a(36,82) a(39,145)
53; 53; d(39) d(38) d(29) d(6) d(32)
54; 53; d(39) d(38) d(29) d(6) d(32)
55; 16; d(32) a(39,160) r(36,44) a(31,58) d(39) d(5) d(38) d(37)
56; 49; d(32) d(6) a(29,38) r(35,72) a(36,74) r(36,104) a(32,39) a(39,160)
57; 40; d(32) d(6) a(29,38) r(35,72) r(39,95) d(36) d(38) a(5,41) r(37,160)
--------------------------------------------------------------------------------
Mutation

0; d(32) d(6) a(29,38) r(35,72) r(39,95) d(36) d(38) r(29,38) r(37,56) a(5,45)
1; d(39) d(38) d(35) d(6) d(36) r(29,61) d(38) d(35) d(6) a(32,128) r(29,93) a(36,43) a(36,154) a(5,56) a(32,5)
2; d(37) r(35,74) r(36,91) r(32,125)
3; d(37) r(35,74) r(6,125) a(32,91) d(5) a(32,128) a(5,36) r(7,43) r(31,82) d(29) d(5) a(29,43) a(29,74) a(36,43) r(31,145) d(29) d(6) r(36,133) a(32,104)
4; d(37) r(35,74) a(29,43) a(29,74) a(36,43) r(31,145) d(29) d(6) r(36,133) r(5,65)
5; d(37) r(35,74) r(6,125) a(32,91) d(5) a(32,128) a(5,36) r(7,43) r(31,82) d(29) d(5) r(36,91) r(32,29)
6; r(32,61) r(29,65) d(39) r(38,46) a(36,65) a(5,162) a(36,82)
7; d(37) r(35,74) a(29,43) a(32,128) r(29,93) a(36,43) d(6) d(5) a(36,72)
8; d(39) a(36,65) a(5,162) r(32,49)
9; r(32,61) r(29,65) d(39) r(38,46) d(31) d(29) r(35,93) a(38,43) d(38) d(7)
10; d(39) d(31) d(29) r(35,93) a(38,43) d(38) a(37,95)
11; r(32,61) r(29,65) d(39) r(38,46) a(36,65) a(5,162) r(5,43)
12; d(37) r(35,74) a(29,43) a(29,74) d(32) a(5,36) d(5) r(29,41) a(36,42) a(36,82) a(36,83) a(36,32)
13; d(37) r(35,74) d(37) r(29,32) a(5,79)
14; d(32) a(39,160) r(36,44) r(39,37) d(38) d(29) r(6,73) r(39,37) r(35,74) r(6,125) a(32,91) d(5) a(32,128) r(29,93) a(36,43) d(36) r(38,58) d(37)
15; a(36,36) d(6)
16; d(32) a(39,160) r(36,44) r(39,37) d(38) d(29) r(6,73) a(5,49)
17; a(36,36) r(39,37) r(35,74) r(6,125) a(32,91) d(5) a(32,128) r(29,93) a(36,43) d(36) r(38,58) r(32,53)
18; d(37) r(35,74) r(6,125) a(32,91) d(5) d(36) d(37) r(29,93) a(36,43) a(38,53) a(32,39) d(36) a(32,60)
19; d(37) r(35,74) r(6,125) a(32,91) d(5) a(32,128) r(5,32) d(32) r(31,37) d(29)
20; d(37) r(35,74) r(6,125) a(32,91) d(5) d(36) d(37) r(5,32) d(32) r(31,37) r(29,40)
21; d(37) r(35,74) r(6,125) a(32,91) d(5) a(32,128) r(29,93) a(36,43) a(38,53) a(32,39) d(36) a(32,37)
22; d(37) r(35,74) a(29,43) a(29,74) a(31,47) a(36,74) r(36,104) a(32,39) a(5,72) r(32,56)
23; d(39) d(38) d(35) d(6) a(32,128) r(29,93) a(36,43) a(36,154) d(32) d(5)
24; d(6) d(36) r(39,154) a(36,43) r(31,145) r(32,65) r(37,72)
25; d(37) r(35,74) a(29,43) a(32,128) r(29,93) a(36,43) d(6) a(38,53) a(38,49) d(38) r(32,125)
26; d(6) d(36) r(39,154) a(36,43) r(31,145) a(38,53) a(38,49) d(38) a(32,32)
27; d(37) r(35,74) a(29,43) a(32,128) r(29,93) a(36,43) d(6) r(32,65) d(5)
28; d(37) r(35,74) d(32) a(5,36) a(29,74) d(32) a(5,36) d(5) r(29,41) a(36,42) a(36,82) r(36,104)
29; d(37) r(35,74) a(29,43) r(7,43) r(31,82) d(29) d(5) a(36,31) r(36,48)
30; d(37) r(35,74) d(32) a(5,36) r(7,43) r(31,82) d(29) d(5) a(36,31) d(36)
31; d(37) r(35,74) a(29,43) a(29,74) d(32) a(5,36) d(5) r(29,41) a(36,42) a(36,82) r(36,104)
32; d(37) r(35,74) a(29,43) a(29,74) a(31,47) a(36,74) r(36,104) a(32,39) a(5,72) r(31,56)
33; d(6) d(36) r(39,154) a(36,43) r(31,145) a(38,53) r(38,5) r(37,56) r(5,91)
34; d(32) d(6) a(29,38) r(35,72) a(36,74) r(36,104) a(32,39) a(39,160) r(37,133)
35; d(6) d(36) r(39,154) a(36,43) r(31,145) r(6,125) a(32,91) d(5) a(32,128) r(29,93) a(36,160) r(36,95) a(38,42) d(38)
36; r(32,61) r(29,65) d(39) r(38,46) r(37,50)
37; d(37) r(35,74) d(32) r(29,93) a(36,160) a(32,53) d(7) r(6,160) r(37,47) a(36,72)
38; r(32,61) r(29,65) d(39) r(38,46) r(6,160) r(37,47) a(5,124)
39; d(37) r(35,74) d(32) r(29,93) a(36,160) a(32,53) d(7) r(6,7)
40; d(39) d(38) d(35) d(6) d(36) r(29,61) d(38) d(29) d(6) d(32) d(37)
41; d(39) a(32,93) d(37) r(5,44) r(29,40)
42; d(39) d(38) d(35) d(6) d(36) r(29,61) a(32,93) d(37) r(5,44) d(32)
43; d(39) d(38) d(29) d(6) d(32) d(5)
44; d(6) d(36) r(39,154) a(36,43) r(31,145) a(38,53) r(38,5) a(29,133) a(37,133)
45; d(37) r(35,74) r(6,125) a(32,91) d(5) a(32,128) r(29,93) a(36,43) d(36) a(32,128) a(32,108)
46; d(37) r(35,74) r(6,125) a(32,91) d(5) a(32,128) a(5,36) r(7,43) r(31,82) d(29) d(5) r(36,91) a(32,124)
47; d(37) r(35,74) d(32) a(5,36) r(7,43) r(31,82) d(29) d(5) a(36,31) a(36,40)
48; d(39) d(31) d(29) a(36,43) r(31,145) d(35) d(6) d(36) d(37) r(5,32) a(29,49) d(32)
49; d(37) r(35,74) a(29,43) a(29,74) r(35,93) a(38,43) d(38) a(32,108)
50; d(39) d(31) d(29) r(35,93) a(38,43) d(38) r(36,104)
51; d(37) r(35,74) a(29,43) a(29,74) a(36,43) r(31,145) d(35) d(6) d(36) d(37) r(5,32) a(29,49) d(32) a(29,90)
52; d(32) d(6) r(35,74) a(29,43) a(29,74) d(32) a(5,36) d(5) r(29,41) a(36,42) a(36,82) a(39,145) a(39,73)
53; d(39) d(38) d(29) d(6) d(32) r(37,128)
54; d(39) d(38) d(29) d(6) d(32) d(5)
55; d(32) a(39,160) r(36,44) a(31,58) d(39) d(5) d(38) d(37) a(31,56)
56; d(32) d(6) a(29,38) r(35,72) a(36,74) r(36,104) a(32,39) a(39,160) d(39)
57; d(32) d(6) a(29,38) r(35,72) r(39,95) d(36) d(38) a(5,41) r(37,160) a(5,56)
--------------------------------------------------------------------------------
Evaluation

0; 0.
1; 0.
2; 0.
3; 0.
4; 0.
5; 0.
6; 0.
7; 0.
8; 0.
9; 0.
10; 0.
11; 0.
12; 0.
13; 0.
14; 0.
15; 0.
16; 0.
17; 0.
18; 0.
19; 0.
20; 0.
21; 0.
22; 0.
23; 0.
24; 0.
25; 0.
26; 0.
27; 0.
28; 0.
29; 0.
30; 0.
31; 0.
32; 0.
33; 0.
34; 0.
35; 0.
36; 0.
37; 0.
38; 0.
39; 0.
40; 0.
41; 0.
42; 0.
43; 0.
44; 0.
45; 0.
46; 0.
47; 0.
48; 0.
49; 0.
50; 0.
51; 0.
52; 0.
53; 0.
54; 0.
55; 0.
56; 0.
57; 0.
================================================================================
Generation 10

--------------------------------------------------------------------------------
Selection

0; 29
1; 13
2; 39
3; 14
4; 32
5; 1
6; 20
7; 52
8; 13
9; 14
10; 26
11; 45
12; 56
13; 12
14; 5
15; 18
16; 35
17; 43
18; 26
19; 17
20; 46
21; 36
22; 28
23; 49
24; 40
25; 28
26; 41
27; 14
28; 18
29; 46
30; 46
31; 4
32; 20
33; 23
34; 50
35; 37
36; 56
37; 41
38; 54
39; 14
--------------------------------------------------------------------------------
Crossover

0; 41; d(39) a(32,93) d(37) r(5,44) r(29,40)
1; 20; d(37) r(35,74) r(6,125) a(32,91) d(5) d(36) d(37) r(5,32) d(32) r(31,37) r(29,40)
2; 20, 13; d(37) r(35,74) a(5,79)
3; 20, 13; d(37) r(35,74) d(37) r(29,32) r(6,125) a(32,91) d(5) d(36) d(37) r(5,32) d(32) r(31,37) r(29,40)
4; 20; d(37) r(35,74) r(6,125) a(32,91) d(5) d(36) d(37) r(5,32) d(32) r(31,37) r(29,40)
5; 13; d(37) r(35,74) d(37) r(29,32) a(5,79)
6; 37; d(37) r(35,74) d(32) r(29,93) a(36,160) a(32,53) d(7) r(6,160) r(37,47) a(36,72)
7; 14; d(32) a(39,160) r(36,44) r(39,37) d(38) d(29) r(6,73) r(39,37) r(35,74) r(6,125) a(32,91) d(5) a(32,128) r(29,93) a(36,43) d(36) r(38,58) d(37)
8; 56; d(32) d(6) a(29,38) r(35,72) a(36,74) r(36,104) a(32,39) a(39,160) d(39)
9; 32; d(37) r(35,74) a(29,43) a(29,74) a(31,47) a(36,74) r(36,104) a(32,39) a(5,72) r(31,56)
10; 46, 56; d(37) r(35,74) r(6,125) a(32,91) d(5) a(32,128) a(5,36) r(7,43) d(6) a(29,38) r(35,72) a(36,74) r(36,104) a(32,39) a(39,160) d(39)
11; 46, 56; d(32) r(31,82) d(29) d(5) r(36,91) a(32,124)
12; 46; d(37) r(35,74) r(6,125) a(32,91) d(5) a(32,128) a(5,36) r(7,43) r(31,82) d(29) d(5) r(36,91) a(32,124)
13; 56; d(32) d(6) a(29,38) r(35,72) a(36,74) r(36,104) a(32,39) a(39,160) d(39)
14; 43, 54; d(39) d(38) d(5)
15; 43, 54; d(39) d(38) d(29) d(6) d(32) d(29) d(6) d(32) d(5)
16; 43; d(39) d(38) d(29) d(6) d(32) d(5)
17; 54; d(39) d(38) d(29) d(6) d(32) d(5)
18; 26, 28; d(6) d(36) r(39,154) a(36,43) r(31,145) a(38,53) a(5,36) d(5) r(29,41) a(36,42) a(36,82) r(36,104)
19; 26, 28; d(37) r(35,74) d(32) a(5,36) a(29,74) d(32) a(38,49) d(38) a(32,32)
20; 26; d(6) d(36) r(39,154) a(36,43) r(31,145) a(38,53) a(38,49) d(38) a(32,32)
21; 28; d(37) r(35,74) d(32) a(5,36) a(29,74) d(32) a(5,36) d(5) r(29,41) a(36,42) a(36,82) r(36,104)
22; 14; d(32) a(39,160) r(36,44) r(39,37) d(38) d(29) r(6,73) r(39,37) r(35,74) r(6,125) a(32,91) d(5) a(32,128) r(29,93) a(36,43) d(36) r(38,58) d(37)
23; 29; d(37) r(35,74) a(29,43) r(7,43) r(31,82) d(29) d(5) a(36,31) r(36,48)
24; 14, 45; d(32) a(39,160) r(36,44) r(39,37) d(38) d(29) r(6,73) r(39,37) r(35,74) r(6,125) a(32,91) a(36,43) d(36) a(32,128) a(32,108)
25; 14, 45; d(37) r(35,74) r(6,125) a(32,91) d(5) a(32,128) r(29,93) d(5) a(32,128) r(29,93) a(36,43) d(36) r(38,58) d(37)
26; 14; d(32) a(39,160) r(36,44) r(39,37) d(38) d(29) r(6,73) r(39,37) r(35,74) r(6,125) a(32,91) d(5) a(32,128) r(29,93) a(36,43) d(36) r(38,58) d(37)
27; 45; d(37) r(35,74) r(6,125) a(32,91) d(5) a(32,128) r(29,93) a(36,43) d(36) a(32,128) a(32,108)
28; 4; d(37) r(35,74) a(29,43) a(29,74) a(36,43) r(31,145) d(29) d(6) r(36,133) r(5,65)
29; 39; d(37) r(35,74) d(32) r(29,93) a(36,160) a(32,53) d(7) r(6,7)
30; 12; d(37) r(35,74) a(29,43) a(29,74) d(32) a(5,36) d(5) r(29,41) a(36,42) a(36,82) a(36,83) a(36,32)
31; 17; a(36,36) r(39,37) r(35,74) r(6,125) a(32,91) d(5) a(32,128) r(29,93) a(36,43) d(36) r(38,58) r(32,53)
32; 28, 14; d(37) r(35,74) d(32) a(5,36) a(29,74) d(32) a(5,36) d(5) r(29,41) a(36,42) a(36,82) d(36) r(38,58) d(37)
33; 28, 14; d(32) a(39,160) r(36,44) r(39,37) d(38) d(29) r(6,73) r(39,37) r(35,74) r(6,125) a(32,91) d(5) a(32,128) r(29,93) a(36,43) r(36,104)
34; 28; d(37) r(35,74) d(32) a(5,36) a(29,74) d(32) a(5,36) d(5) r(29,41) a(36,42) a(36,82) r(36,104)
35; 14; d(32) a(39,160) r(36,44) r(39,37) d(38) d(29) r(6,73) r(39,37) r(35,74) r(6,125) a(32,91) d(5) a(32,128) r(29,93) a(36,43) d(36) r(38,58) d(37)
36; 18; d(37) r(35,74) r(6,125) a(32,91) d(5) d(36) d(37) r(29,93) a(36,43) a(38,53) a(32,39) d(36) a(32,60)
37; 18; d(37) r(35,74) r(6,125) a(32,91) d(5) d(36) d(37) r(29,93) a(36,43) a(38,53) a(32,39) d(36) a(32,60)
38; 49, 46; d(37) r(35,74) a(29,43) a(29,74) r(35,93) a(38,43) d(38) d(29) d(5) r(36,91) a(32,124)
39; 49, 46; d(37) r(35,74) r(6,125) a(32,91) d(5) a(32,128) a(5,36) r(7,43) r(31,82) a(32,108)
40; 49; d(37) r(35,74) a(29,43) a(29,74) r(35,93) a(38,43) d(38) a(32,108)
41; 46; d(37) r(35,74) r(6,125) a(32,91) d(5) a(32,128) a(5,36) r(7,43) r(31,82) d(29) d(5) r(36,91) a(32,124)
42; 36, 41; r(32,61) r(29,65) r(29,40)
43; 36, 41; d(39) a(32,93) d(37) r(5,44) d(39) r(38,46) r(37,50)
44; 36; r(32,61) r(29,65) d(39) r(38,46) r(37,50)
45; 41; d(39) a(32,93) d(37) r(5,44) r(29,40)
46; 40, 26; d(39) d(38) d(35) d(6) d(36) r(29,61) d(38) d(29) a(32,32)
47; 40, 26; d(6) d(36) r(39,154) a(36,43) r(31,145) a(38,53) a(38,49) d(38) d(6) d(32) d(37)
48; 40; d(39) d(38) d(35) d(6) d(36) r(29,61) d(38) d(29) d(6) d(32) d(37)
49; 26; d(6) d(36) r(39,154) a(36,43) r(31,145) a(38,53) a(38,49) d(38) a(32,32)
50; 13, 52; d(37) r(35,74) d(37)
51; 13, 52; d(32) d(6) r(35,74) a(29,43) a(29,74) d(32) a(5,36) d(5) r(29,41) a(36,42) a(36,82) a(39,145) a(39,73) r(29,32) a(5,79)
52; 13; d(37) r(35,74) d(37) r(29,32) a(5,79)
53; 52; d(32) d(6) r(35,74) a(29,43) a(29,74) d(32) a(5,36) d(5) r(29,41) a(36,42) a(36,82) a(39,145) a(39,73)
54; 23; d(39) d(38) d(35) d(6) a(32,128) r(29,93) a(36,43) a(36,154) d(32) d(5)
55; 46; d(37) r(35,74) r(6,125) a(32,91) d(5) a(32,128) a(5,36) r(7,43) r(31,82) d(29) d(5) r(36,91) a(32,124)
56; 5; d(37) r(35,74) r(6,125) a(32,91) d(5) a(32,128) a(5,36) r(7,43) r(31,82) d(29) d(5) r(36,91) r(32,29)
57; 35; d(6) d(36) r(39,154) a(36,43) r(31,145) r(6,125) a(32,91) d(5) a(32,128) r(29,93) a(36,160) r(36,95) a(38,42) d(38)
58; 1; d(39) d(38) d(35) d(6) d(36) r(29,61) d(38) d(35) d(6) a(32,128) r(29,93) a(36,43) a(36,154) a(5,56) a(32,5)
59; 50; d(39) d(31) d(29) r(35,93) a(38,43) d(38) r(36,104)
--------------------------------------------------------------------------------
Mutation

0; d(39) a(32,93) d(37) r(5,44) r(29,40) d(32)
1; d(37) r(35,74) r(6,125) a(32,91) d(5) d(36) d(37) r(5,32) d(32) r(31,37) r(29,40)
2; d(37) r(35,74) a(5,79) r(32,72)
3; d(37) r(35,74) d(37) r(29,32) r(6,125) a(32,91) d(5) d(36) d(37) r(5,32) d(32) r(31,37) r(29,40)
4; d(37) r(35,74) r(6,125) a(32,91) d(5) d(36) d(37) r(5,32) d(32) r(31,37) r(29,40)
5; d(37) r(35,74) d(37) r(29,32) a(5,79) a(7,5)
6; d(37) r(35,74) d(32) r(29,93) a(36,160) a(32,53) d(7) r(6,160) r(37,47) a(36,72) r(36,145)
7; d(32) a(39,160) r(36,44) r(39,37) d(38) d(29) r(6,73) r(39,37) r(35,74) r(6,125) a(32,91) d(5) a(32,128) r(29,93) a(36,43) d(36) r(38,58) d(37)
8; d(32) d(6) a(29,38) r(35,72) a(36,74) r(36,104) a(32,39) a(39,160) d(39) d(38)
9; d(37) r(35,74) a(29,43) a(29,74) a(31,47) a(36,74) r(36,104) a(32,39) a(5,72) r(31,56) r(6,38)
10; d(37) r(35,74) r(6,125) a(32,91) d(5) a(32,128) a(5,36) r(7,43) d(6) a(29,38) r(35,72) a(36,74) r(36,104) a(32,39) a(39,160) d(39) a(29,39)
11; d(32) r(31,82) d(29) d(5) r(36,91) a(32,124) d(39)
12; d(37) r(35,74) r(6,125) a(32,91) d(5) a(32,128) a(5,36) r(7,43) r(31,82) d(29) d(5) r(36,91) a(32,124) r(32,160)
13; d(32) d(6) a(29,38) r(35,72) a(36,74) r(36,104) a(32,39) a(39,160) d(39) d(38)
14; d(39) d(38) d(5) a(31,95)
15; d(39) d(38) d(29) d(6) d(32) d(29) d(6) d(32) d(5) d(37)
16; d(39) d(38) d(29) d(6) d(32) d(5) a(36,37)
17; d(39) d(38) d(29) d(6) d(32) d(5) a(36,93)
18; d(6) d(36) r(39,154) a(36,43) r(31,145) a(38,53) a(5,36) d(5) r(29,41) a(36,42) a(36,82) r(36,104) a(38,49)
19; d(37) r(35,74) d(32) a(5,36) a(29,74) d(32) a(38,49) d(38) a(32,32) d(7)
20; d(6) d(36) r(39,154) a(36,43) r(31,145) a(38,53) a(38,49) d(38) a(32,32) r(37,162)
21; d(37) r(35,74) d(32) a(5,36) a(29,74) d(32) a(5,36) d(5) r(29,41) a(36,42) a(36,82) r(36,104)
22; d(32) a(39,160) r(36,44) r(39,37) d(38) d(29) r(6,73) r(39,37) r(35,74) r(6,125) a(32,91) d(5) a(32,128) r(29,93) a(36,43) d(36) r(38,58) d(37)
23; d(37) r(35,74) a(29,43) r(7,43) r(31,82) d(29) d(5) a(36,31) r(36,48) d(32)
24; d(32) a(39,160) r(36,44) r(39,37) d(38) d(29) r(6,73) r(39,37) r(35,74) r(6,125) a(32,91) a(36,43) d(36) a(32,128) a(32,108) r(37,95)
25; d(37) r(35,74) r(6,125) a(32,91) d(5) a(32,128) r(29,93) d(5) a(32,128) r(29,93) a(36,43) d(36) r(38,58) d(37) r(32,49)
26; d(32) a(39,160) r(36,44) r(39,37) d(38) d(29) r(6,73) r(39,37) r(35,74) r(6,125) a(32,91) d(5) a(32,128) r(29,93) a(36,43) d(36) r(38,58) d(37)
27; d(37) r(35,74) r(6,125) a(32,91) d(5) a(32,128) r(29,93) a(36,43) d(36) a(32,128) a(32,108) d(32)
28; d(37) r(35,74) a(29,43) a(29,74) a(36,43) r(31,145) d(29) d(6) r(36,133) r(5,65) d(32)
29; d(37) r(35,74) d(32) r(29,93) a(36,160) a(32,53) d(7) r(6,7) a(5,39)
30; d(37) r(35,74) a(29,43) a(29,74) d(32) a(5,36) d(5) r(29,41) a(36,42) a(36,82) a(36,83) a(36,32) a(36,154)
31; a(36,36) r(39,37) r(35,74) r(6,125) a(32,91) d(5) a(32,128) r(29,93) a(36,43) d(36) r(38,58) r(32,53) a(37,163)
32; d(37) r(35,74) d(32) a(5,36) a(29,74) d(32) a(5,36) d(5) r(29,41) a(36,42) a(36,82) d(36) r(38,58) d(37)
33; d(32) a(39,160) r(36,44) r(39,37) d(38) d(29) r(6,73) r(39,37) r(35,74) r(6,125) a(32,91) d(5) a(32,128) r(29,93) a(36,43) r(36,104) r(37,76)
34; d(37) r(35,74) d(32) a(5,36) a(29,74) d(32) a(5,36) d(5) r(29,41) a(36,42) a(36,82) r(36,104)
35; d(32) a(39,160) r(36,44) r(39,37) d(38) d(29) r(6,73) r(39,37) r(35,74) r(6,125) a(32,91) d(5) a(32,128) r(29,93) a(36,43) d(36) r(38,58) d(37)
36; d(37) r(35,74) r(6,125) a(32,91) d(5) d(36) d(37) r(29,93) a(36,43) a(38,53) a(32,39) d(36) a(32,60) r(32,80)
37; d(37) r(35,74) r(6,125) a(32,91) d(5) d(36) d(37) r(29,93) a(36,43) a(38,53) a(32,39) d(36) a(32,60) r(32,95)
38; d(37) r(35,74) a(29,43) a(29,74) r(35,93) a(38,43) d(38) d(29) d(5) r(36,91) a(32,124) a(32,96)
39; d(37) r(35,74) r(6,125) a(32,91) d(5) a(32,128) a(5,36) r(7,43) r(31,82) a(32,108) a(32,32)
40; d(37) r(35,74) a(29,43) a(29,74) r(35,93) a(38,43) d(38) a(32,108) d(31)
41; d(37) r(35,74) r(6,125) a(32,91) d(5) a(32,128) a(5,36) r(7,43) r(31,82) d(29) d(5) r(36,91) a(32,124) a(32,35)
42; r(32,61) r(29,65) r(29,40) a(38,65)
43; d(39) a(32,93) d(37) r(5,44) d(39) r(38,46) r(37,50) a(29,53)
44; r(32,61) r(29,65) d(39) r(38,46) r(37,50) d(36)
45; d(39) a(32,93) d(37) r(5,44) r(29,40) r(36,108)
46; d(39) d(38) d(35) d(6) d(36) r(29,61) d(38) d(29) a(32,32) d(5)
47; d(6) d(36) r(39,154) a(36,43) r(31,145) a(38,53) a(38,49) d(38) d(6) d(32) d(37) d(5)
48; d(39) d(38) d(35) d(6) d(36) r(29,61) d(38) d(29) d(6) d(32) d(37) r(5,133)
49; d(6) d(36) r(39,154) a(36,43) r(31,145) a(38,53) a(38,49) d(38) a(32,32) d(29)
50; d(37) r(35,74) d(37) d(6)
51; d(32) d(6) r(35,74) a(29,43) a(29,74) d(32) a(5,36) d(5) r(29,41) a(36,42) a(36,82) a(39,145) a(39,73) r(29,32) a(5,79) d(39)
52; d(37) r(35,74) d(37) r(29,32) a(5,79) a(5,60)
53; d(32) d(6) r(35,74) a(29,43) a(29,74) d(32) a(5,36) d(5) r(29,41) a(36,42) a(36,82) a(39,145) a(39,73) a(38,49)
54; d(39) d(38) d(35) d(6) a(32,128) r(29,93) a(36,43) a(36,154) d(32) d(5) d(36)
55; d(37) r(35,74) r(6,125) a(32,91) d(5) a(32,128) a(5,36) r(7,43) r(31,82) d(29) d(5) r(36,91) a(32,124) d(32)
56; d(37) r(35,74) r(6,125) a(32,91) d(5) a(32,128) a(5,36) r(7,43) r(31,82) d(29) d(5) r(36,91) r(32,29)
57; d(6) d(36) r(39,154) a(36,43) r(31,145) r(6,125) a(32,91) d(5) a(32,128) r(29,93) a(36,160) r(36,95) a(38,42) d(38) a(32,95)
58; d(39) d(38) d(35) d(6) d(36) r(29,61) d(38) d(35) d(6) a(32,128) r(29,93) a(36,43) a(36,154) a(5,56) a(32,5) a(37,58)
59; d(39) d(31) d(29) r(35,93) a(38,43) d(38) r(36,104) a(5,29)
--------------------------------------------------------------------------------
Evaluation

0; 0.
1; 0.
2; 0.
3; 0.
4; 0.
5; 0.
6; 0.
7; 0.
8; 0.
9; 0.
10; 0.
11; 0.
12; 12.
13; 0.
14; 4.
15; 0.
16; 0.
17; 0.
18; 0.
19; 12.
20; 0.
21; 0.
22; 0.
23; 0.
24; 0.
25; 0.
26; 0.
27; 0.
28; 0.
29; 0.
30; 0.
31; 0.
32; 0.
33; 0.
34; 0.
35; 0.
36; 0.
37; 0.
38; 0.
39; 0.
40; 0.
41; 0.
42; 0.
43; 0.
44; 0.
45; 0.
46; 0.
47; 0.
48; 0.
49; 0.
50; 0.
51; 0.
52; 12.
53; 0.
54; 0.
55; 12.
56; 0.
57; 0.
58; 0.
59; 0.
