================================================================================
Enclosure

1: 0
2: 0
3: 0
4: 0
5: 0
6: 5
7: 6
8: 7
11: 5
12: 11
14: 0
16: 0
18: 0
19: 0
20: 19
21: 19
26: 11
27: 5
28: 5
29: 0
30: 29
31: 29
32: 0
33: 32
34: 32
35: 32
36: 0
37: 0
38: 37
39: 37
40: 37
41: 0
42: 0
43: 0
44: 0
45: 0
46: 45
47: 45
48: 45
49: 48
50: 48
51: 48
52: 51
53: 52
56: 45
57: 45
58: 57
60: 45
61: 45
63: 0
65: 63
66: 0
68: 0
71: 45
72: 0
73: 0
74: 73
75: 73
76: 75
78: 73
79: 73
80: 79
81: 79
82: 73
83: 73
85: 0
86: 0
90: 0
91: 90
92: 90
93: 92
95: 90
96: 90
98: 0
101: 0
102: 0
103: 102
104: 103
106: 102
107: 106
108: 106
109: 102
110: 102
111: 0
112: 111
113: 111
114: 113
115: 113
116: 115
117: 115
118: 113
119: 111
120: 0
121: 0
122: 121
123: 121
124: 123
125: 123
126: 121
128: 126
129: 121
130: 121
131: 121
132: 0
133: 0
134: 0
135: 134
136: 134
137: 134
138: 134
139: 134
140: 139
142: 139
143: 142
145: 142
146: 134
147: 146
148: 146
149: 148
150: 148
151: 148
152: 151
154: 146
155: 134
156: 155
157: 155
158: 157
159: 157
160: 155
161: 134
162: 134
163: 0
================================================================================
Initialisation

0; a(38,79); 4.
1; a(31,125); 4.
2; r(39,32); 4.
3; r(39,58); 4.
4; r(39,50); 4.
5; a(38,145); 4.
6; d(31); 4.
7; d(38); 4.
8; a(32,43); 0.
9; r(32,43); 0.
10; d(39); 4.
11; a(5,39); 0.
12; a(35,53); 4.
13; d(37); 4.
14; d(38); 4.
15; d(39); 4.
16; a(39,73); 4.
17; d(39); 4.
18; d(29); 4.
19; a(38,104); 4.
20; r(38,32); 4.
21; d(32); 0.
22; a(38,42); 4.
23; r(38,145); 4.
24; d(38); 4.
25; a(38,104); 4.
26; a(6,93); 4.
27; r(38,41); 4.
28; d(5); 4.
29; r(39,145); 4.
30; a(38,49); 4.
31; d(35); 0.
32; r(38,48); 4.
33; d(32); 0.
34; r(38,124); 4.
35; r(35,145); 0.
36; r(38,78); 4.
37; a(39,79); 4.
38; d(37); 4.
39; original; 4.
================================================================================
Generation 1

--------------------------------------------------------------------------------
Selection

0; 31
1; 1
2; 23
3; 35
4; 4
5; 29
6; 19
7; 14
8; 9
9; 11
10; 18
11; 21
12; 4
13; 34
14; 33
15; 19
16; 9
17; 10
18; 31
19; 36
20; 23
21; 20
22; 11
23; 13
24; 22
25; 14
26; 20
27; 32
28; 8
29; 35
30; 18
31; 31
32; 5
33; 33
34; 37
35; 33
36; 0
37; 11
38; 30
39; 12
--------------------------------------------------------------------------------
Crossover

0; 30, 9; a(38,49)
1; 30, 9; r(32,43)
2; 30; a(38,49)
3; 9; r(32,43)
4; 5; a(38,145)
5; 13; d(37)
6; 18; d(29)
7; 29; r(39,145)
8; 14; d(38)
9; 33; d(32)
10; 4; r(39,50)
11; 32; r(38,48)
12; 11, 35; a(5,39)
13; 11, 35; r(35,145)
14; 11; a(5,39)
15; 35; r(35,145)
16; 36; r(38,78)
17; 20; r(38,32)
18; 12, 10; a(35,53)
19; 12, 10; d(39)
20; 12; a(35,53)
21; 10; d(39)
22; 23, 34; r(38,145)
23; 23, 34; r(38,124)
24; 23; r(38,145)
25; 34; r(38,124)
26; 33; d(32)
27; 31; d(35)
28; 9, 19; r(32,43)
29; 9, 19; a(38,104)
30; 9; r(32,43)
31; 19; a(38,104)
32; 21; d(32)
33; 33; d(32)
34; 14, 19; d(38)
35; 14, 19; a(38,104)
36; 14; d(38)
37; 19; a(38,104)
38; 4; r(39,50)
39; 18; d(29)
40; 11, 22; a(5,39)
41; 11, 22; a(38,42)
42; 11; a(5,39)
43; 22; a(38,42)
44; 8, 20; a(32,43)
45; 8, 20; r(38,32)
46; 8; a(32,43)
47; 20; r(38,32)
48; 0, 1; a(38,79)
49; 0, 1; a(31,125)
50; 0; a(38,79)
51; 1; a(31,125)
52; 35, 31; r(35,145)
53; 35, 31; d(35)
54; 35; r(35,145)
55; 31; d(35)
56; 37, 23; a(39,79)
57; 37, 23; r(38,145)
58; 37; a(39,79)
59; 23; r(38,145)
60; 11; a(5,39)
61; 31; d(35)
--------------------------------------------------------------------------------
Mutation

0; a(38,49) a(38,65)
1; r(32,43) d(39)
2; a(38,49) d(38)
3; r(32,43) r(7,75)
4; a(38,145) r(37,133)
5; d(37) d(6)
6; d(29) a(38,128)
7; r(39,145) a(38,5)
8; d(38) d(36)
9; d(32) r(38,50)
10; r(39,50) r(31,83)
11; r(38,48) a(5,128)
12; a(5,39) a(38,91)
13; r(35,145) a(36,133)
14; a(5,39) a(38,56)
15; r(35,145) r(38,91)
16; r(38,78) d(39)
17; r(38,32) r(5,72)
18; a(35,53) r(31,47)
19; d(39) r(38,96)
20; a(35,53) r(39,160)
21; d(39) a(38,37)
22; r(38,145) d(5)
23; r(38,124) r(37,46)
24; r(38,145) d(35)
25; r(38,124) r(39,47)
26; d(32) d(38)
27; d(35) a(6,82)
28; r(32,43) d(39)
29; a(38,104) d(29)
30; r(32,43) r(38,60)
31; a(38,104) d(38)
32; d(32) d(39)
33; d(32) a(38,95)
34; d(38) r(39,48)
35; a(38,104) a(38,162)
36; d(38) r(39,91)
37; a(38,104) r(38,37)
38; r(39,50) r(36,74)
39; d(29) a(39,61)
40; a(5,39) a(38,145)
41; a(38,42) r(7,90)
42; a(5,39) a(32,145)
43; a(38,42) a(36,104)
44; a(32,43) r(29,37)
45; r(38,32) r(39,43)
46; a(32,43) d(36)
47; r(38,32) a(39,162)
48; a(38,79) a(39,162)
49; a(31,125) a(39,56)
50; a(38,79) a(38,48)
51; a(31,125) r(39,58)
52; r(35,145) d(7)
53; d(35) d(32)
54; r(35,145) d(32)
55; d(35) d(39)
56; a(39,79) r(38,80)
57; r(38,145) a(6,40)
58; a(39,79) d(29)
59; r(38,145) d(6)
60; a(5,39) r(37,65)
61; d(35) a(39,74)
--------------------------------------------------------------------------------
Evaluation

0; 4.
1; 0.
2; 4.
3; 12.
4; 0.
5; 0.
6; 4.
7; 4.
8; 0.
9; 0.
10; 4.
11; 4.
12; 0.
13; 0.
14; 0.
15; 0.
16; 4.
17; 0.
18; 0.
19; 4.
20; 4.
21; 4.
22; 4.
23; 4.
24; 0.
25; 4.
26; 0.
27; 0.
28; 0.
29; 4.
30; 0.
31; 4.
32; 0.
33; 0.
34; 4.
35; 4.
36; 4.
37; 4.
38; 0.
39; 4.
40; 0.
41; 0.
42; 0.
43; 4.
44; 0.
45; 4.
46; 0.
47; 4.
48; 4.
49; 4.
50; 4.
51; 4.
52; 12.
53; 0.
54; 0.
55; 0.
56; 4.
57; 4.
58; 4.
59; 0.
60; 0.
61; 0.
================================================================================
Generation 2

--------------------------------------------------------------------------------
Selection

0; 4
1; 55
2; 0
3; 27
4; 10
5; 55
6; 15
7; 27
8; 30
9; 55
10; 33
11; 24
12; 59
13; 41
14; 18
15; 5
16; 40
17; 8
18; 12
19; 51
20; 53
21; 20
22; 18
23; 13
24; 45
25; 32
26; 38
27; 4
28; 1
29; 17
30; 46
31; 41
32; 4
33; 44
34; 60
35; 12
36; 44
37; 4
38; 8
39; 27
--------------------------------------------------------------------------------
Crossover

0; 12, 27; a(5,39) a(38,91) a(6,82)
1; 12, 27; d(35)
2; 12; a(5,39) a(38,91)
3; 27; d(35) a(6,82)
4; 1, 30; r(32,43) d(39) r(38,60)
5; 1, 30; r(32,43)
6; 1; r(32,43) d(39)
7; 30; r(32,43) r(38,60)
8; 18; a(35,53) r(31,47)
9; 27; d(35) a(6,82)
10; 4; a(38,145) r(37,133)
11; 5; d(37) d(6)
12; 4, 10; a(38,145)
13; 4, 10; r(39,50) r(31,83) r(37,133)
14; 4; a(38,145) r(37,133)
15; 10; r(39,50) r(31,83)
16; 41, 53; a(38,42)
17; 41, 53; d(35) d(32) r(7,90)
18; 41; a(38,42) r(7,90)
19; 53; d(35) d(32)
20; 32, 55; d(32)
21; 32, 55; d(35) d(39) d(39)
22; 32; d(32) d(39)
23; 55; d(35) d(39)
24; 55, 20; d(35) d(39) r(39,160)
25; 55, 20; a(35,53)
26; 55; d(35) d(39)
27; 20; a(35,53) r(39,160)
28; 59; r(38,145) d(6)
29; 8; d(38) d(36)
30; 24, 4; r(38,145) d(35) r(37,133)
31; 24, 4; a(38,145)
32; 24; r(38,145) d(35)
33; 4; a(38,145) r(37,133)
34; 46; a(32,43) d(36)
35; 18; a(35,53) r(31,47)
36; 60; a(5,39) r(37,65)
37; 33; d(32) a(38,95)
38; 45, 8; r(38,32)
39; 45, 8; d(38) d(36) r(39,43)
40; 45; r(38,32) r(39,43)
41; 8; d(38) d(36)
42; 4, 12; a(38,145) r(37,133)
43; 4, 12; a(5,39) a(38,91)
44; 4; a(38,145) r(37,133)
45; 12; a(5,39) a(38,91)
46; 41, 27; a(38,42) r(7,90) a(6,82)
47; 41, 27; d(35)
48; 41; a(38,42) r(7,90)
49; 27; d(35) a(6,82)
50; 17, 44; r(38,32) r(29,37)
51; 17, 44; a(32,43) r(5,72)
52; 17; r(38,32) r(5,72)
53; 44; a(32,43) r(29,37)
54; 15; r(35,145) r(38,91)
55; 0; a(38,49) a(38,65)
56; 38, 13; r(39,50)
57; 38, 13; r(35,145) a(36,133) r(36,74)
58; 38; r(39,50) r(36,74)
59; 13; r(35,145) a(36,133)
60; 44, 51; a(32,43) r(29,37)
61; 44, 51; a(31,125) r(39,58)
62; 44; a(32,43) r(29,37)
63; 51; a(31,125) r(39,58)
64; 55; d(35) d(39)
65; 40; a(5,39) a(38,145)
--------------------------------------------------------------------------------
Mutation

0; a(5,39) a(38,91) a(6,82) r(38,91)
1; d(35) a(38,45)
2; a(5,39) a(38,91) r(38,108)
3; d(35) a(6,82) r(6,154)
4; r(32,43) d(39) r(38,60) a(5,133)
5; r(32,43) a(39,108)
6; r(32,43) d(39) r(7,5)
7; r(32,43) r(38,60) r(39,83)
8; a(35,53) r(31,47) r(38,79)
9; d(35) a(6,82) d(38)
10; a(38,145) r(37,133) r(32,61)
11; d(37) d(6) d(5)
12; a(38,145) a(38,50)
13; r(39,50) r(31,83) r(37,133) d(35)
14; a(38,145) r(37,133) d(32)
15; r(39,50) r(31,83) a(37,43)
16; a(38,42) a(29,66)
17; d(35) d(32) r(7,90) r(36,58)
18; a(38,42) r(7,90) a(39,31)
19; d(35) d(32) r(38,128)
20; d(32) a(39,162)
21; d(35) d(39) d(39) a(29,32)
22; d(32) d(39) a(38,65)
23; d(35) d(39) a(36,60)
24; d(35) d(39) r(39,160) d(37)
25; a(35,53) r(38,125)
26; d(35) d(39) d(38)
27; a(35,53) r(39,160) a(37,37)
28; r(38,145) d(6) r(5,58)
29; d(38) d(36) r(39,78)
30; r(38,145) d(35) r(37,133) d(32)
31; a(38,145) a(36,162)
32; r(38,145) d(35) r(31,124)
33; a(38,145) r(37,133) a(7,36)
34; a(32,43) d(36) r(38,42)
35; a(35,53) r(31,47) r(39,160)
36; a(5,39) r(37,65) r(6,39)
37; d(32) a(38,95) r(39,5)
38; r(38,32) d(39)
39; d(38) d(36) r(39,43) d(7)
40; r(38,32) r(39,43) r(29,50)
41; d(38) d(36) r(39,91)
42; a(38,145) r(37,133) a(31,83)
43; a(5,39) a(38,91) d(5)
44; a(38,145) r(37,133) d(5)
45; a(5,39) a(38,91) r(39,41)
46; a(38,42) r(7,90) a(6,82) d(39)
47; d(35) d(39)
48; a(38,42) r(7,90) r(38,58)
49; d(35) a(6,82) r(39,91)
50; r(38,32) r(29,37) d(39)
51; a(32,43) r(5,72) d(38)
52; r(38,32) r(5,72) r(39,74)
53; a(32,43) r(29,37) d(39)
54; r(35,145) r(38,91) d(39)
55; a(38,49) a(38,65) r(38,37)
56; r(39,50) d(38)
57; r(35,145) a(36,133) r(36,74) r(38,74)
58; r(39,50) r(36,74) r(38,5)
59; r(35,145) a(36,133) d(39)
60; a(32,43) r(29,37) d(39)
61; a(31,125) r(39,58) d(38)
62; a(32,43) r(29,37) d(38)
63; a(31,125) r(39,58) d(38)
64; d(35) d(39) d(38)
65; a(5,39) a(38,145) d(38)
--------------------------------------------------------------------------------
Evaluation

0; 0.
1; 0.
2; 0.
3; 0.
4; 0.
5; 0.
6; 12.
7; 0.
8; 0.
9; 0.
10; 0.
11; 4.
12; 4.
13; 0.
14; 0.
15; 4.
16; 4.
17; 0.
18; 0.
19; 0.
20; 0.
21; 4.
22; 0.
23; 0.
24; 0.
25; 4.
26; 0.
27; 4.
28; 4.
29; 0.
30; 0.
31; 4.
32; 12.
33; 0.
34; 0.
35; 0.
36; 0.
37; 0.
38; 4.
39; 12.
40; 4.
41; 0.
42; 0.
43; 0.
44; 0.
45; 0.
46; 0.
47; 0.
48; 0.
49; 0.
50; 0.
51; 0.
52; 0.
53; 0.
54; 0.
55; 4.
56; 4.
57; 0.
58; 0.
59; 0.
60; 0.
61; 4.
62; 0.
63; 4.
64; 0.
65; 0.
================================================================================
Generation 3

--------------------------------------------------------------------------------
Selection

0; 1
1; 60
2; 1
3; 18
4; 60
5; 64
6; 1
7; 23
8; 17
9; 23
10; 26
11; 5
12; 3
13; 35
14; 43
15; 13
16; 26
17; 33
18; 41
19; 26
20; 7
21; 57
22; 1
23; 65
24; 7
25; 19
26; 0
27; 30
28; 48
29; 19
30; 47
31; 18
32; 9
33; 36
34; 50
35; 18
36; 4
37; 41
38; 2
39; 56
--------------------------------------------------------------------------------
Crossover

0; 17; d(35) d(32) r(7,90) r(36,58)
1; 19; d(35) d(32) r(38,128)
2; 60, 4; a(32,43)
3; 60, 4; r(32,43) d(39) r(38,60) a(5,133) r(29,37) d(39)
4; 60; a(32,43) r(29,37) d(39)
5; 4; r(32,43) d(39) r(38,60) a(5,133)
6; 1, 1; d(35) a(38,45)
7; 1, 1; d(35) a(38,45)
8; 1; d(35) a(38,45)
9; 1; d(35) a(38,45)
10; 18; a(38,42) r(7,90) a(39,31)
11; 41; d(38) d(36) r(39,91)
12; 18; a(38,42) r(7,90) a(39,31)
13; 60; a(32,43) r(29,37) d(39)
14; 9; d(35) a(6,82) d(38)
15; 33; a(38,145) r(37,133) a(7,36)
16; 3; d(35) a(6,82) r(6,154)
17; 47; d(35) d(39)
18; 23, 1; d(35) d(39)
19; 23, 1; d(35) a(38,45) a(36,60)
20; 23; d(35) d(39) a(36,60)
21; 1; d(35) a(38,45)
22; 26, 0; d(35) d(39) a(38,91) a(6,82) r(38,91)
23; 26, 0; a(5,39) d(38)
24; 26; d(35) d(39) d(38)
25; 0; a(5,39) a(38,91) a(6,82) r(38,91)
26; 43, 7; a(5,39) r(39,83)
27; 43, 7; r(32,43) r(38,60) a(38,91) d(5)
28; 43; a(5,39) a(38,91) d(5)
29; 7; r(32,43) r(38,60) r(39,83)
30; 19; d(35) d(32) r(38,128)
31; 26; d(35) d(39) d(38)
32; 36; a(5,39) r(37,65) r(6,39)
33; 65; a(5,39) a(38,145) d(38)
34; 30; r(38,145) d(35) r(37,133) d(32)
35; 18; a(38,42) r(7,90) a(39,31)
36; 13, 64; r(39,50)
37; 13, 64; d(35) d(39) d(38) r(31,83) r(37,133) d(35)
38; 13; r(39,50) r(31,83) r(37,133) d(35)
39; 64; d(35) d(39) d(38)
40; 57, 35; r(35,145) a(36,133) r(36,74) r(38,74) r(31,47) r(39,160)
41; 57, 35; a(35,53)
42; 57; r(35,145) a(36,133) r(36,74) r(38,74)
43; 35; a(35,53) r(31,47) r(39,160)
44; 48, 2; a(38,42)
45; 48, 2; a(5,39) a(38,91) r(38,108) r(7,90) r(38,58)
46; 48; a(38,42) r(7,90) r(38,58)
47; 2; a(5,39) a(38,91) r(38,108)
48; 5; r(32,43) a(39,108)
49; 56; r(39,50) d(38)
50; 1, 50; d(35)
51; 1, 50; r(38,32) r(29,37) d(39) a(38,45)
52; 1; d(35) a(38,45)
53; 50; r(38,32) r(29,37) d(39)
54; 7; r(32,43) r(38,60) r(39,83)
55; 23; d(35) d(39) a(36,60)
56; 26; d(35) d(39) d(38)
57; 41; d(38) d(36) r(39,91)
--------------------------------------------------------------------------------
Mutation

0; d(35) d(32) r(7,90) r(36,58) d(39)
1; d(35) d(32) r(38,128) r(39,41)
2; a(32,43) a(35,49)
3; r(32,43) d(39) r(38,60) a(5,133) r(29,37) d(39) r(37,96)
4; a(32,43) r(29,37) d(39) r(32,96)
5; r(32,43) d(39) r(38,60) a(5,133) a(7,58)
6; d(35) a(38,45) r(38,45)
7; d(35) a(38,45) r(39,45)
8; d(35) a(38,45) r(7,125)
9; d(35) a(38,45) r(37,49)
10; a(38,42) r(7,90) a(39,31) d(39)
11; d(38) d(36) r(39,91) a(37,47)
12; a(38,42) r(7,90) a(39,31) a(29,46)
13; a(32,43) r(29,37) d(39) a(36,39)
14; d(35) a(6,82) d(38) r(39,66)
15; a(38,145) r(37,133) a(7,36) a(31,162)
16; d(35) a(6,82) r(6,154) a(37,43)
17; d(35) d(39) d(38)
18; d(35) d(39) a(38,108)
19; d(35) a(38,45) a(36,60) r(39,35)
20; d(35) d(39) a(36,60) a(38,82)
21; d(35) a(38,45) d(38)
22; d(35) d(39) a(38,91) a(6,82) r(38,91) d(5)
23; a(5,39) d(38) a(39,108)
24; d(35) d(39) d(38) r(29,48)
25; a(5,39) a(38,91) a(6,82) r(38,91) d(36)
26; a(5,39) r(39,83) r(31,53)
27; r(32,43) r(38,60) a(38,91) d(5) a(39,65)
28; a(5,39) a(38,91) d(5) r(32,58)
29; r(32,43) r(38,60) r(39,83) r(29,31)
30; d(35) d(32) r(38,128) a(39,83)
31; d(35) d(39) d(38) d(6)
32; a(5,39) r(37,65) r(6,39) d(5)
33; a(5,39) a(38,145) d(38) a(39,47)
34; r(38,145) d(35) r(37,133) d(32) a(7,93)
35; a(38,42) r(7,90) a(39,31) r(38,31)
36; r(39,50) r(38,82)
37; d(35) d(39) d(38) r(31,83) r(37,133) d(35) r(7,133)
38; r(39,50) r(31,83) r(37,133) d(35) d(5)
39; d(35) d(39) d(38) a(32,5)
40; r(35,145) a(36,133) r(36,74) r(38,74) r(31,47) r(39,160) d(37)
41; a(35,53) d(35)
42; r(35,145) a(36,133) r(36,74) r(38,74) r(39,133)
43; a(35,53) r(31,47) r(39,160) d(38)
44; a(38,42) d(39)
45; a(5,39) a(38,91) r(38,108) r(7,90) r(38,58) a(35,76)
46; a(38,42) r(7,90) r(38,58) a(5,53)
47; a(5,39) a(38,91) r(38,108) r(39,41)
48; r(32,43) a(39,108) d(36)
49; r(39,50) d(38) a(37,95)
50; d(35) d(39)
51; r(38,32) r(29,37) d(39) a(38,45) d(32)
52; d(35) a(38,45) a(38,36)
53; r(38,32) r(29,37) d(39) r(35,60)
54; r(32,43) r(38,60) r(39,83) r(36,39)
55; d(35) d(39) a(36,60) d(29)
56; d(35) d(39) d(38) d(37)
57; d(38) d(36) r(39,91) r(29,160)
--------------------------------------------------------------------------------
Evaluation

0; 0.
1; 0.
2; 0.
3; 0.
4; 0.
5; 0.
6; 0.
7; 0.
8; 12.
9; 0.
10; 0.
11; 0.
12; 0.
13; 0.
14; 0.
15; 0.
16; 0.
17; 0.
18; 0.
19; 0.
20; 0.
21; 0.
22; 0.
23; 0.
24; 0.
25; 0.
26; 0.
27; 0.
28; 0.
29; 0.
30; 0.
31; 0.
32; 0.
33; 0.
34; 0.
35; 0.
36; 4.
37; 0.
38; 0.
39; 0.
40; 0.
41; 0.
42; 0.
43; 0.
44; 4.
45; 0.
46; 0.
47; 0.
48; 0.
49; 4.
50; 0.
51; 0.
52; 0.
53; 0.
54; 0.
55; 0.
56; 0.
57; 0.
================================================================================
Generation 4

--------------------------------------------------------------------------------
Selection

0; 53
1; 24
2; 24
3; 25
4; 38
5; 19
6; 52
7; 15
8; 47
9; 18
10; 33
11; 41
12; 26
13; 10
14; 13
15; 26
16; 35
17; 18
18; 22
19; 16
20; 7
21; 20
22; 53
23; 34
24; 16
25; 41
26; 32
27; 19
28; 30
29; 39
30; 25
31; 55
32; 17
33; 34
34; 7
35; 53
36; 10
37; 13
38; 20
39; 7
--------------------------------------------------------------------------------
Crossover

0; 53; r(38,32) r(29,37) d(39) r(35,60)
1; 10; a(38,42) r(7,90) a(39,31) d(39)
2; 7, 26; d(35) a(38,45)
3; 7, 26; a(5,39) r(39,83) r(31,53) r(39,45)
4; 7; d(35) a(38,45) r(39,45)
5; 26; a(5,39) r(39,83) r(31,53)
6; 19, 13; d(35) a(38,45) a(36,60) r(29,37) d(39) a(36,39)
7; 19, 13; a(32,43) r(39,35)
8; 19; d(35) a(38,45) a(36,60) r(39,35)
9; 13; a(32,43) r(29,37) d(39) a(36,39)
10; 18, 33; d(35) d(38) a(39,47)
11; 18, 33; a(5,39) a(38,145) d(39) a(38,108)
12; 18; d(35) d(39) a(38,108)
13; 33; a(5,39) a(38,145) d(38) a(39,47)
14; 55, 20; d(35) d(39) a(36,60) a(38,82)
15; 55, 20; d(35) d(39) a(36,60) d(29)
16; 55; d(35) d(39) a(36,60) d(29)
17; 20; d(35) d(39) a(36,60) a(38,82)
18; 20, 35; d(35)
19; 20, 35; a(38,42) r(7,90) a(39,31) r(38,31) d(39) a(36,60) a(38,82)
20; 20; d(35) d(39) a(36,60) a(38,82)
21; 35; a(38,42) r(7,90) a(39,31) r(38,31)
22; 34; r(38,145) d(35) r(37,133) d(32) a(7,93)
23; 41; a(35,53) d(35)
24; 16; d(35) a(6,82) r(6,154) a(37,43)
25; 53; r(38,32) r(29,37) d(39) r(35,60)
26; 41; a(35,53) d(35)
27; 32; a(5,39) r(37,65) r(6,39) d(5)
28; 52, 25; d(35) a(38,45) a(38,36) d(36)
29; 52, 25; a(5,39) a(38,91) a(6,82) r(38,91)
30; 52; d(35) a(38,45) a(38,36)
31; 25; a(5,39) a(38,91) a(6,82) r(38,91) d(36)
32; 17; d(35) d(39) d(38)
33; 7; d(35) a(38,45) r(39,45)
34; 38, 7; r(39,50) r(31,83) r(37,133) d(35) d(5) r(39,45)
35; 38, 7; d(35) a(38,45)
36; 38; r(39,50) r(31,83) r(37,133) d(35) d(5)
37; 7; d(35) a(38,45) r(39,45)
38; 26; a(5,39) r(39,83) r(31,53)
39; 22; d(35) d(39) a(38,91) a(6,82) r(38,91) d(5)
40; 19, 30; d(35) d(32) r(38,128) a(39,83)
41; 19, 30; d(35) a(38,45) a(36,60) r(39,35)
42; 19; d(35) a(38,45) a(36,60) r(39,35)
43; 30; d(35) d(32) r(38,128) a(39,83)
44; 24; d(35) d(39) d(38) r(29,48)
45; 24; d(35) d(39) d(38) r(29,48)
46; 15, 25; a(38,145) r(37,133) a(38,91) a(6,82) r(38,91) d(36)
47; 15, 25; a(5,39) a(7,36) a(31,162)
48; 15; a(38,145) r(37,133) a(7,36) a(31,162)
49; 25; a(5,39) a(38,91) a(6,82) r(38,91) d(36)
50; 16; d(35) a(6,82) r(6,154) a(37,43)
51; 13; a(32,43) r(29,37) d(39) a(36,39)
52; 10; a(38,42) r(7,90) a(39,31) d(39)
53; 18; d(35) d(39) a(38,108)
54; 39, 47; d(35) d(39) a(38,91) r(38,108) r(39,41)
55; 39, 47; a(5,39) d(38) a(32,5)
56; 39; d(35) d(39) d(38) a(32,5)
57; 47; a(5,39) a(38,91) r(38,108) r(39,41)
58; 53, 34; r(38,32) r(29,37) d(32) a(7,93)
59; 53, 34; r(38,145) d(35) r(37,133) d(39) r(35,60)
60; 53; r(38,32) r(29,37) d(39) r(35,60)
61; 34; r(38,145) d(35) r(37,133) d(32) a(7,93)
--------------------------------------------------------------------------------
Mutation

0; r(38,32) r(29,37) d(39) r(35,60) d(32)
1; a(38,42) r(7,90) a(39,31) d(39) d(5)
2; d(35) a(38,45) d(38)
3; a(5,39) r(39,83) r(31,53) r(39,45) r(38,78)
4; d(35) a(38,45) r(39,45) r(38,162)
5; a(5,39) r(39,83) r(31,53) r(5,101)
6; d(35) a(38,45) a(36,60) r(29,37) d(39) a(36,39) r(36,44)
7; a(32,43) r(39,35) d(38)
8; d(35) a(38,45) a(36,60) r(39,35) a(38,56)
9; a(32,43) r(29,37) d(39) a(36,39) d(38)
10; d(35) d(38) a(39,47) d(36)
11; a(5,39) a(38,145) d(39) a(38,108) a(38,32)
12; d(35) d(39) a(38,108) r(38,46)
13; a(5,39) a(38,145) d(38) a(39,47) a(39,32)
14; d(35) d(39) a(36,60) a(38,82) a(38,160)
15; d(35) d(39) a(36,60) d(29) d(38)
16; d(35) d(39) a(36,60) d(29) d(38)
17; d(35) d(39) a(36,60) a(38,82) r(38,40)
18; d(35) a(39,46)
19; a(38,42) r(7,90) a(39,31) r(38,31) d(39) a(36,60) a(38,82) d(5)
20; d(35) d(39) a(36,60) a(38,82) r(38,32)
21; a(38,42) r(7,90) a(39,31) r(38,31) r(39,49)
22; r(38,145) d(35) r(37,133) d(32) a(7,93) d(6)
23; a(35,53) d(35) a(36,38)
24; d(35) a(6,82) r(6,154) a(37,43) d(38)
25; r(38,32) r(29,37) d(39) r(35,60) r(6,108)
26; a(35,53) d(35) d(6)
27; a(5,39) r(37,65) r(6,39) d(5) r(36,37)
28; d(35) a(38,45) a(38,36) d(36) r(38,91)
29; a(5,39) a(38,91) a(6,82) r(38,91) r(39,160)
30; d(35) a(38,45) a(38,36) r(39,160)
31; a(5,39) a(38,91) a(6,82) r(38,91) d(36) a(39,79)
32; d(35) d(39) d(38) r(5,66)
33; d(35) a(38,45) r(39,45) a(36,101)
34; r(39,50) r(31,83) r(37,133) d(35) d(5) r(39,45) r(29,41)
35; d(35) a(38,45) a(39,72)
36; r(39,50) r(31,83) r(37,133) d(35) d(5) r(29,36)
37; d(35) a(38,45) r(39,45) d(7)
38; a(5,39) r(39,83) r(31,53) d(38)
39; d(35) d(39) a(38,91) a(6,82) r(38,91) d(5) d(32)
40; d(35) d(32) r(38,128) a(39,83) r(39,76)
41; d(35) a(38,45) a(36,60) r(39,35) a(38,39)
42; d(35) a(38,45) a(36,60) r(39,35) d(38)
43; d(35) d(32) r(38,128) a(39,83) a(39,53)
44; d(35) d(39) d(38) r(29,48) a(6,124)
45; d(35) d(39) d(38) r(29,48) r(32,125)
46; a(38,145) r(37,133) a(38,91) a(6,82) r(38,91) d(36) r(35,79)
47; a(5,39) a(7,36) a(31,162) r(38,45)
48; a(38,145) r(37,133) a(7,36) a(31,162) r(36,95)
49; a(5,39) a(38,91) a(6,82) r(38,91) d(36) a(29,66)
50; d(35) a(6,82) r(6,154) a(37,43) a(38,65)
51; a(32,43) r(29,37) d(39) a(36,39) r(37,90)
52; a(38,42) r(7,90) a(39,31) d(39) a(38,41)
53; d(35) d(39) a(38,108) d(29)
54; d(35) d(39) a(38,91) r(38,108) r(39,41) d(29)
55; a(5,39) d(38) a(32,5) r(39,32)
56; d(35) d(39) d(38) a(32,5) r(36,53)
57; a(5,39) a(38,91) r(38,108) r(39,41) r(37,83)
58; r(38,32) r(29,37) d(32) a(7,93) a(39,56)
59; r(38,145) d(35) r(37,133) d(39) r(35,60) a(36,65)
60; r(38,32) r(29,37) d(39) r(35,60) r(32,47)
61; r(38,145) d(35) r(37,133) d(32) a(7,93) d(7)
--------------------------------------------------------------------------------
Evaluation

0; 0.
1; 4.
2; 0.
3; 0.
4; 0.
5; 12.
6; 0.
7; 0.
8; 0.
9; 0.
10; 0.
11; 0.
12; 0.
13; 0.
14; 0.
15; 0.
16; 0.
17; 0.
18; 0.
19; 4.
20; 0.
21; 0.
22; 0.
23; 0.
24; 0.
25; 0.
26; 0.
27; 0.
28; 0.
29; 0.
30; 0.
31; 0.
32; 0.
33; 12.
34; 0.
35; 0.
36; 0.
37; 12.
38; 0.
39; 0.
40; 0.
41; 0.
42; 0.
43; 0.
44; 0.
45; 0.
46; 0.
47; 0.
48; 0.
49; 0.
50; 0.
51; 0.
52; 0.
53; 0.
54; 0.
55; 0.
56; 0.
57; 0.
58; 0.
59; 0.
60; 0.
61; 12.
================================================================================
Generation 5

--------------------------------------------------------------------------------
Selection

0; 54
1; 26
2; 9
3; 7
4; 23
5; 12
6; 29
7; 9
8; 60
9; 2
10; 42
11; 11
12; 39
13; 30
14; 8
15; 17
16; 40
17; 14
18; 24
19; 4
20; 39
21; 43
22; 32
23; 40
24; 36
25; 42
26; 42
27; 9
28; 54
29; 50
30; 12
31; 39
32; 30
33; 59
34; 2
35; 29
36; 40
37; 2
38; 41
39; 40
--------------------------------------------------------------------------------
Crossover

0; 41, 2; d(35) a(38,45) a(36,60) r(39,35)
1; 41, 2; d(35) a(38,45) d(38) a(38,39)
2; 41; d(35) a(38,45) a(36,60) r(39,35) a(38,39)
3; 2; d(35) a(38,45) d(38)
4; 2, 50; d(35) a(38,45) d(38) a(37,43) a(38,65)
5; 2, 50; d(35) a(6,82) r(6,154)
6; 2; d(35) a(38,45) d(38)
7; 50; d(35) a(6,82) r(6,154) a(37,43) a(38,65)
8; 4, 9; d(35) a(38,45) r(39,45) d(38)
9; 4, 9; a(32,43) r(29,37) d(39) a(36,39) r(38,162)
10; 4; d(35) a(38,45) r(39,45) r(38,162)
11; 9; a(32,43) r(29,37) d(39) a(36,39) d(38)
12; 26; a(35,53) d(35) d(6)
13; 30; d(35) a(38,45) a(38,36) r(39,160)
14; 42, 36; d(35) a(38,45) a(36,60) r(39,35) d(35) d(5) r(29,36)
15; 42, 36; r(39,50) r(31,83) r(37,133) d(38)
16; 42; d(35) a(38,45) a(36,60) r(39,35) d(38)
17; 36; r(39,50) r(31,83) r(37,133) d(35) d(5) r(29,36)
18; 29; a(5,39) a(38,91) a(6,82) r(38,91) r(39,160)
19; 42; d(35) a(38,45) a(36,60) r(39,35) d(38)
20; 40; d(35) d(32) r(38,128) a(39,83) r(39,76)
21; 39; d(35) d(39) a(38,91) a(6,82) r(38,91) d(5) d(32)
22; 24, 40; d(35) a(6,82) a(39,83) r(39,76)
23; 24, 40; d(35) d(32) r(38,128) r(6,154) a(37,43) d(38)
24; 24; d(35) a(6,82) r(6,154) a(37,43) d(38)
25; 40; d(35) d(32) r(38,128) a(39,83) r(39,76)
26; 2; d(35) a(38,45) d(38)
27; 39; d(35) d(39) a(38,91) a(6,82) r(38,91) d(5) d(32)
28; 32; d(35) d(39) d(38) r(5,66)
29; 54; d(35) d(39) a(38,91) r(38,108) r(39,41) d(29)
30; 40, 39; d(35) d(32) r(38,128) a(39,83) r(39,76) r(38,91) d(5) d(32)
31; 40, 39; d(35) d(39) a(38,91) a(6,82)
32; 40; d(35) d(32) r(38,128) a(39,83) r(39,76)
33; 39; d(35) d(39) a(38,91) a(6,82) r(38,91) d(5) d(32)
34; 14; d(35) d(39) a(36,60) a(38,82) a(38,160)
35; 17; d(35) d(39) a(36,60) a(38,82) r(38,40)
36; 9; a(32,43) r(29,37) d(39) a(36,39) d(38)
37; 29; a(5,39) a(38,91) a(6,82) r(38,91) r(39,160)
38; 43, 12; d(35)
39; 43, 12; d(35) d(39) a(38,108) r(38,46) d(32) r(38,128) a(39,83) a(39,53)
40; 43; d(35) d(32) r(38,128) a(39,83) a(39,53)
41; 12; d(35) d(39) a(38,108) r(38,46)
42; 7, 60; a(32,43) r(29,37) d(39) r(35,60) r(32,47)
43; 7, 60; r(38,32) r(39,35) d(38)
44; 7; a(32,43) r(39,35) d(38)
45; 60; r(38,32) r(29,37) d(39) r(35,60) r(32,47)
46; 11; a(5,39) a(38,145) d(39) a(38,108) a(38,32)
47; 54; d(35) d(39) a(38,91) r(38,108) r(39,41) d(29)
48; 23; a(35,53) d(35) a(36,38)
49; 59; r(38,145) d(35) r(37,133) d(39) r(35,60) a(36,65)
50; 8, 40; d(35) a(38,45) d(32) r(38,128) a(39,83) r(39,76)
51; 8, 40; d(35) a(36,60) r(39,35) a(38,56)
52; 8; d(35) a(38,45) a(36,60) r(39,35) a(38,56)
53; 40; d(35) d(32) r(38,128) a(39,83) r(39,76)
54; 12; d(35) d(39) a(38,108) r(38,46)
55; 9; a(32,43) r(29,37) d(39) a(36,39) d(38)
56; 42; d(35) a(38,45) a(36,60) r(39,35) d(38)
57; 30; d(35) a(38,45) a(38,36) r(39,160)
--------------------------------------------------------------------------------
Mutation

0; d(35) a(38,45) a(36,60) r(39,35) r(37,31)
1; d(35) a(38,45) d(38) a(38,39) d(39)
2; d(35) a(38,45) a(36,60) r(39,35) a(38,39) r(38,61)
3; d(35) a(38,45) d(38) d(39)
4; d(35) a(38,45) d(38) a(37,43) a(38,65) r(39,104)
5; d(35) a(6,82) r(6,154) r(39,104)
6; d(35) a(38,45) d(38) r(39,79)
7; d(35) a(6,82) r(6,154) a(37,43) a(38,65) a(38,29)
8; d(35) a(38,45) r(39,45) d(38) r(32,125)
9; a(32,43) r(29,37) d(39) a(36,39) r(38,162) d(35)
10; d(35) a(38,45) r(39,45) r(38,162) d(29)
11; a(32,43) r(29,37) d(39) a(36,39) d(38) d(36)
12; a(35,53) d(35) d(6) d(39)
13; d(35) a(38,45) a(38,36) r(39,160) d(38)
14; d(35) a(38,45) a(36,60) r(39,35) d(35) d(5) r(29,36) a(38,31)
15; r(39,50) r(31,83) r(37,133) d(38) d(5)
16; d(35) a(38,45) a(36,60) r(39,35) d(38) d(5)
17; r(39,50) r(31,83) r(37,133) d(35) d(5) r(29,36) d(36)
18; a(5,39) a(38,91) a(6,82) r(38,91) r(39,160) d(7)
19; d(35) a(38,45) a(36,60) r(39,35) d(38) a(7,133)
20; d(35) d(32) r(38,128) a(39,83) r(39,76) d(6)
21; d(35) d(39) a(38,91) a(6,82) r(38,91) d(5) d(32) d(31)
22; d(35) a(6,82) a(39,83) r(39,76) r(32,96)
23; d(35) d(32) r(38,128) r(6,154) a(37,43) d(38) a(31,154)
24; d(35) a(6,82) r(6,154) a(37,43) d(38) a(39,39)
25; d(35) d(32) r(38,128) a(39,83) r(39,76) r(37,60)
26; d(35) a(38,45) d(38) d(39)
27; d(35) d(39) a(38,91) a(6,82) r(38,91) d(5) d(32) a(36,133)
28; d(35) d(39) d(38) r(5,66) d(37)
29; d(35) d(39) a(38,91) r(38,108) r(39,41) d(29) a(36,76)
30; d(35) d(32) r(38,128) a(39,83) r(39,76) r(38,91) d(5) d(32) r(31,53)
31; d(35) d(39) a(38,91) a(6,82) a(38,96)
32; d(35) d(32) r(38,128) a(39,83) r(39,76) r(7,163)
33; d(35) d(39) a(38,91) a(6,82) r(38,91) d(5) d(32) a(31,73)
34; d(35) d(39) a(36,60) a(38,82) a(38,160) r(38,145)
35; d(35) d(39) a(36,60) a(38,82) r(38,40) d(7)
36; a(32,43) r(29,37) d(39) a(36,39) d(38) a(37,44)
37; a(5,39) a(38,91) a(6,82) r(38,91) r(39,160) d(7)
38; d(35) r(38,125)
39; d(35) d(39) a(38,108) r(38,46) d(32) r(38,128) a(39,83) a(39,53) r(29,58)
40; d(35) d(32) r(38,128) a(39,83) a(39,53) r(39,93)
41; d(35) d(39) a(38,108) r(38,46) a(32,95)
42; a(32,43) r(29,37) d(39) r(35,60) r(32,47) d(38)
43; r(38,32) r(39,35) d(38) d(36)
44; a(32,43) r(39,35) d(38) r(37,5)
45; r(38,32) r(29,37) d(39) r(35,60) r(32,47) d(7)
46; a(5,39) a(38,145) d(39) a(38,108) a(38,32) a(37,65)
47; d(35) d(39) a(38,91) r(38,108) r(39,41) d(29) r(5,31)
48; a(35,53) d(35) a(36,38) d(39)
49; r(38,145) d(35) r(37,133) d(39) r(35,60) a(36,65) a(36,125)
50; d(35) a(38,45) d(32) r(38,128) a(39,83) r(39,76) a(37,32)
51; d(35) a(36,60) r(39,35) a(38,56) a(38,79)
52; d(35) a(38,45) a(36,60) r(39,35) a(38,56) a(38,35)
53; d(35) d(32) r(38,128) a(39,83) r(39,76) d(31)
54; d(35) d(39) a(38,108) r(38,46) a(6,66)
55; a(32,43) r(29,37) d(39) a(36,39) d(38) d(7)
56; d(35) a(38,45) a(36,60) r(39,35) d(38) d(5)
57; d(35) a(38,45) a(38,36) r(39,160) d(38)
--------------------------------------------------------------------------------
Evaluation

0; 0.
1; 0.
2; 0.
3; 0.
4; 0.
5; 0.
6; 0.
7; 0.
8; 0.
9; 0.
10; 0.
11; 0.
12; 0.
13; 0.
14; 0.
15; 0.
16; 0.
17; 0.
18; 0.
19; 0.
20; 0.
21; 0.
22; 0.
23; 0.
24; 0.
25; 0.
26; 0.
27; 0.
28; 0.
29; 0.
30; 0.
31; 0.
32; 12.
33; 0.
34; 0.
35; 12.
36; 0.
37; 0.
38; 0.
39; 0.
40; 0.
41; 0.
42; 0.
43; 0.
44; 0.
45; 0.
46; 0.
47; 0.
48; 0.
49; 0.
50; 0.
51; 0.
52; 0.
53; 0.
54; 0.
55; 0.
56; 0.
57; 0.
================================================================================
Generation 6

--------------------------------------------------------------------------------
Selection

0; 26
1; 11
2; 49
3; 16
4; 55
5; 34
6; 18
7; 13
8; 39
9; 21
10; 4
11; 57
12; 12
13; 27
14; 39
15; 56
16; 9
17; 42
18; 52
19; 51
20; 15
21; 37
22; 37
23; 44
24; 4
25; 53
26; 28
27; 48
28; 21
29; 51
30; 45
31; 56
32; 24
33; 22
34; 27
35; 27
36; 7
37; 6
38; 7
39; 18
--------------------------------------------------------------------------------
Crossover

0; 18; a(5,39) a(38,91) a(6,82) r(38,91) r(39,160) d(7)
1; 56; d(35) a(38,45) a(36,60) r(39,35) d(38) d(5)
2; 16; d(35) a(38,45) a(36,60) r(39,35) d(38) d(5)
3; 4; d(35) a(38,45) d(38) a(37,43) a(38,65) r(39,104)
4; 45, 13; r(38,32) r(29,37) d(38)
5; 45, 13; d(35) a(38,45) a(38,36) r(39,160) d(39) r(35,60) r(32,47) d(7)
6; 45; r(38,32) r(29,37) d(39) r(35,60) r(32,47) d(7)
7; 13; d(35) a(38,45) a(38,36) r(39,160) d(38)
8; 34, 7; d(35) d(39) a(36,60) a(38,82) a(6,82) r(6,154) a(37,43) a(38,65) a(38,29)
9; 34, 7; d(35) a(38,160) r(38,145)
10; 34; d(35) d(39) a(36,60) a(38,82) a(38,160) r(38,145)
11; 7; d(35) a(6,82) r(6,154) a(37,43) a(38,65) a(38,29)
12; 49; r(38,145) d(35) r(37,133) d(39) r(35,60) a(36,65) a(36,125)
13; 53; d(35) d(32) r(38,128) a(39,83) r(39,76) d(31)
14; 9, 56; a(32,43) r(29,37) d(39) a(36,39) a(38,45) a(36,60) r(39,35) d(38) d(5)
15; 9, 56; d(35) r(38,162) d(35)
16; 9; a(32,43) r(29,37) d(39) a(36,39) r(38,162) d(35)
17; 56; d(35) a(38,45) a(36,60) r(39,35) d(38) d(5)
18; 39, 27; d(35) a(38,91) a(6,82) r(38,91) d(5) d(32) a(36,133)
19; 39, 27; d(35) d(39) d(39) a(38,108) r(38,46) d(32) r(38,128) a(39,83) a(39,53) r(29,58)
20; 39; d(35) d(39) a(38,108) r(38,46) d(32) r(38,128) a(39,83) a(39,53) r(29,58)
21; 27; d(35) d(39) a(38,91) a(6,82) r(38,91) d(5) d(32) a(36,133)
22; 21; d(35) d(39) a(38,91) a(6,82) r(38,91) d(5) d(32) d(31)
23; 44; a(32,43) r(39,35) d(38) r(37,5)
24; 39, 48; d(35) d(39) a(38,108)
25; 39, 48; a(35,53) d(35) a(36,38) d(39) r(38,46) d(32) r(38,128) a(39,83) a(39,53) r(29,58)
26; 39; d(35) d(39) a(38,108) r(38,46) d(32) r(38,128) a(39,83) a(39,53) r(29,58)
27; 48; a(35,53) d(35) a(36,38) d(39)
28; 11, 51; a(32,43) r(29,37) d(39) a(36,39) a(36,60) r(39,35) a(38,56) a(38,79)
29; 11, 51; d(35) d(38) d(36)
30; 11; a(32,43) r(29,37) d(39) a(36,39) d(38) d(36)
31; 51; d(35) a(36,60) r(39,35) a(38,56) a(38,79)
32; 12; a(35,53) d(35) d(6) d(39)
33; 24; d(35) a(6,82) r(6,154) a(37,43) d(38) a(39,39)
34; 27; d(35) d(39) a(38,91) a(6,82) r(38,91) d(5) d(32) a(36,133)
35; 21; d(35) d(39) a(38,91) a(6,82) r(38,91) d(5) d(32) d(31)
36; 52, 18; d(35) a(38,45) a(36,60) d(7)
37; 52, 18; a(5,39) a(38,91) a(6,82) r(38,91) r(39,160) r(39,35) a(38,56) a(38,35)
38; 52; d(35) a(38,45) a(36,60) r(39,35) a(38,56) a(38,35)
39; 18; a(5,39) a(38,91) a(6,82) r(38,91) r(39,160) d(7)
40; 4; d(35) a(38,45) d(38) a(37,43) a(38,65) r(39,104)
41; 37; a(5,39) a(38,91) a(6,82) r(38,91) r(39,160) d(7)
42; 27; d(35) d(39) a(38,91) a(6,82) r(38,91) d(5) d(32) a(36,133)
43; 57; d(35) a(38,45) a(38,36) r(39,160) d(38)
44; 51; d(35) a(36,60) r(39,35) a(38,56) a(38,79)
45; 22; d(35) a(6,82) a(39,83) r(39,76) r(32,96)
46; 42, 7; a(32,43) r(29,37) a(37,43) a(38,65) a(38,29)
47; 42, 7; d(35) a(6,82) r(6,154) d(39) r(35,60) r(32,47) d(38)
48; 42; a(32,43) r(29,37) d(39) r(35,60) r(32,47) d(38)
49; 7; d(35) a(6,82) r(6,154) a(37,43) a(38,65) a(38,29)
50; 37, 55; a(5,39) a(38,91)
51; 37, 55; a(32,43) r(29,37) d(39) a(36,39) d(38) d(7) a(6,82) r(38,91) r(39,160) d(7)
52; 37; a(5,39) a(38,91) a(6,82) r(38,91) r(39,160) d(7)
53; 55; a(32,43) r(29,37) d(39) a(36,39) d(38) d(7)
54; 15, 6; r(39,50) r(31,83) r(37,133) d(38) r(39,79)
55; 15, 6; d(35) a(38,45) d(38) d(5)
56; 15; r(39,50) r(31,83) r(37,133) d(38) d(5)
57; 6; d(35) a(38,45) d(38) r(39,79)
58; 26; d(35) a(38,45) d(38) d(39)
59; 28; d(35) d(39) d(38) r(5,66) d(37)
--------------------------------------------------------------------------------
Mutation

0; a(5,39) a(38,91) a(6,82) r(38,91) r(39,160) d(7) r(37,35)
1; d(35) a(38,45) a(36,60) r(39,35) d(38) d(5) a(36,5)
2; d(35) a(38,45) a(36,60) r(39,35) d(38) d(5) d(36)
3; d(35) a(38,45) d(38) a(37,43) a(38,65) r(39,104) a(32,91)
4; r(38,32) r(29,37) d(38) d(39)
5; d(35) a(38,45) a(38,36) r(39,160) d(39) r(35,60) r(32,47) d(7) d(38)
6; r(38,32) r(29,37) d(39) r(35,60) r(32,47) d(7) a(6,38)
7; d(35) a(38,45) a(38,36) r(39,160) d(38) d(29)
8; d(35) d(39) a(36,60) a(38,82) a(6,82) r(6,154) a(37,43) a(38,65) a(38,29) d(38)
9; d(35) a(38,160) r(38,145) d(6)
10; d(35) d(39) a(36,60) a(38,82) a(38,160) r(38,145) d(32)
11; d(35) a(6,82) r(6,154) a(37,43) a(38,65) a(38,29) a(38,83)
12; r(38,145) d(35) r(37,133) d(39) r(35,60) a(36,65) a(36,125) a(36,93)
13; d(35) d(32) r(38,128) a(39,83) r(39,76) d(31) d(36)
14; a(32,43) r(29,37) d(39) a(36,39) a(38,45) a(36,60) r(39,35) d(38) d(5) d(32)
15; d(35) r(38,162) d(35) d(39)
16; a(32,43) r(29,37) d(39) a(36,39) r(38,162) d(35) r(36,74)
17; d(35) a(38,45) a(36,60) r(39,35) d(38) d(5) r(36,80)
18; d(35) a(38,91) a(6,82) r(38,91) d(5) d(32) a(36,133) d(39)
19; d(35) d(39) d(39) a(38,108) r(38,46) d(32) r(38,128) a(39,83) a(39,53) r(29,58) d(7)
20; d(35) d(39) a(38,108) r(38,46) d(32) r(38,128) a(39,83) a(39,53) r(29,58) a(37,31)
21; d(35) d(39) a(38,91) a(6,82) r(38,91) d(5) d(32) a(36,133) r(29,128)
22; d(35) d(39) a(38,91) a(6,82) r(38,91) d(5) d(32) d(31) r(36,133)
23; a(32,43) r(39,35) d(38) r(37,5) d(6)
24; d(35) d(39) a(38,108) r(38,154)
25; a(35,53) d(35) a(36,38) d(39) r(38,46) d(32) r(38,128) a(39,83) a(39,53) r(29,58) r(6,52)
26; d(35) d(39) a(38,108) r(38,46) d(32) r(38,128) a(39,83) a(39,53) r(29,58) r(7,163)
27; a(35,53) d(35) a(36,38) d(39) d(32)
28; a(32,43) r(29,37) d(39) a(36,39) a(36,60) r(39,35) a(38,56) a(38,79) a(38,50)
29; d(35) d(38) d(36) r(39,145)
30; a(32,43) r(29,37) d(39) a(36,39) d(38) d(36) d(35)
31; d(35) a(36,60) r(39,35) a(38,56) a(38,79) r(38,35)
32; a(35,53) d(35) d(6) d(39) a(38,74)
33; d(35) a(6,82) r(6,154) a(37,43) d(38) a(39,39) r(39,78)
34; d(35) d(39) a(38,91) a(6,82) r(38,91) d(5) d(32) a(36,133) d(29)
35; d(35) d(39) a(38,91) a(6,82) r(38,91) d(5) d(32) d(31) d(36)
36; d(35) a(38,45) a(36,60) d(7) d(38)
37; a(5,39) a(38,91) a(6,82) r(38,91) r(39,160) r(39,35) a(38,56) a(38,35) a(36,56)
38; d(35) a(38,45) a(36,60) r(39,35) a(38,56) a(38,35) a(38,83)
39; a(5,39) a(38,91) a(6,82) r(38,91) r(39,160) d(7) r(35,145)
40; d(35) a(38,45) d(38) a(37,43) a(38,65) r(39,104) a(36,56)
41; a(5,39) a(38,91) a(6,82) r(38,91) r(39,160) d(7) a(35,104)
42; d(35) d(39) a(38,91) a(6,82) r(38,91) d(5) d(32) a(36,133) a(37,91)
43; d(35) a(38,45) a(38,36) r(39,160) d(38) d(36)
44; d(35) a(36,60) r(39,35) a(38,56) a(38,79) d(38)
45; d(35) a(6,82) a(39,83) r(39,76) r(32,96) d(7)
46; a(32,43) r(29,37) a(37,43) a(38,65) a(38,29) r(39,60)
47; d(35) a(6,82) r(6,154) d(39) r(35,60) r(32,47) d(38) a(37,50)
48; a(32,43) r(29,37) d(39) r(35,60) r(32,47) d(38) r(36,74)
49; d(35) a(6,82) r(6,154) a(37,43) a(38,65) a(38,29) d(38)
50; a(5,39) a(38,91) r(7,38)
51; a(32,43) r(29,37) d(39) a(36,39) d(38) d(7) a(6,82) r(38,91) r(39,160) d(7) d(35)
52; a(5,39) a(38,91) a(6,82) r(38,91) r(39,160) d(7) d(35)
53; a(32,43) r(29,37) d(39) a(36,39) d(38) d(7) d(5)
54; r(39,50) r(31,83) r(37,133) d(38) r(39,79) a(36,60)
55; d(35) a(38,45) d(38) d(5) r(39,58)
56; r(39,50) r(31,83) r(37,133) d(38) d(5) a(32,104)
57; d(35) a(38,45) d(38) r(39,79) d(7)
58; d(35) a(38,45) d(38) d(39) r(32,49)
59; d(35) d(39) d(38) r(5,66) d(37) a(29,56)
--------------------------------------------------------------------------------
Evaluation

0; 0.
1; 0.
2; 0.
3; 0.
4; 0.
5; 12.
6; 0.
7; 0.
8; 0.
9; 0.
10; 0.
11; 0.
12; 0.
13; 0.
14; 0.
15; 0.
16; 0.
17; 0.
18; 0.
19; 0.
20; 0.
21; 0.
22; 0.
23; 0.
24; 0.
25; 0.
26; 12.
27; 0.
28; 0.
29; 0.
30; 0.
31; 0.
32; 0.
33; 0.
34; 0.
35; 0.
36; 12.
37; 0.
38; 0.
39; 0.
40; 0.
41; 0.
42; 0.
43; 0.
44; 12.
45; 12.
46; 0.
47; 0.
48; 0.
49; 0.
50; 0.
51; 0.
52; 0.
53; 0.
54; 0.
55; 0.
56; 0.
57; 12.
58; 0.
59; 0.
================================================================================
Generation 7

--------------------------------------------------------------------------------
Selection

0; 33
1; 21
2; 9
3; 38
4; 59
5; 15
6; 46
7; 2
8; 1
9; 18
10; 34
11; 1
12; 7
13; 11
14; 17
15; 10
16; 2
17; 53
18; 49
19; 28
20; 38
21; 30
22; 33
23; 34
24; 51
25; 14
26; 41
27; 17
28; 56
29; 28
30; 41
31; 7
32; 22
33; 15
34; 1
35; 40
36; 53
37; 17
38; 2
39; 49
--------------------------------------------------------------------------------
Crossover

0; 38, 7; d(35) a(38,45) a(36,60) r(39,160) d(38) d(29)
1; 38, 7; d(35) a(38,45) a(38,36) r(39,35) a(38,56) a(38,35) a(38,83)
2; 38; d(35) a(38,45) a(36,60) r(39,35) a(38,56) a(38,35) a(38,83)
3; 7; d(35) a(38,45) a(38,36) r(39,160) d(38) d(29)
4; 7; d(35) a(38,45) a(38,36) r(39,160) d(38) d(29)
5; 33; d(35) a(6,82) r(6,154) a(37,43) d(38) a(39,39) r(39,78)
6; 53; a(32,43) r(29,37) d(39) a(36,39) d(38) d(7) d(5)
7; 46; a(32,43) r(29,37) a(37,43) a(38,65) a(38,29) r(39,60)
8; 41; a(5,39) a(38,91) a(6,82) r(38,91) r(39,160) d(7) a(35,104)
9; 10; d(35) d(39) a(36,60) a(38,82) a(38,160) r(38,145) d(32)
10; 56; r(39,50) r(31,83) r(37,133) d(38) d(5) a(32,104)
11; 28; a(32,43) r(29,37) d(39) a(36,39) a(36,60) r(39,35) a(38,56) a(38,79) a(38,50)
12; 2, 9; d(35) a(38,45) a(36,60) r(39,35) d(38) d(5)
13; 2, 9; d(35) a(38,160) r(38,145) d(6) d(36)
14; 2; d(35) a(38,45) a(36,60) r(39,35) d(38) d(5) d(36)
15; 9; d(35) a(38,160) r(38,145) d(6)
16; 38, 18; d(35) a(38,45) a(36,60) d(32) a(36,133) d(39)
17; 38, 18; d(35) a(38,91) a(6,82) r(38,91) d(5) r(39,35) a(38,56) a(38,35) a(38,83)
18; 38; d(35) a(38,45) a(36,60) r(39,35) a(38,56) a(38,35) a(38,83)
19; 18; d(35) a(38,91) a(6,82) r(38,91) d(5) d(32) a(36,133) d(39)
20; 2; d(35) a(38,45) a(36,60) r(39,35) d(38) d(5) d(36)
21; 1; d(35) a(38,45) a(36,60) r(39,35) d(38) d(5) a(36,5)
22; 1, 2; d(35) d(38) d(5) d(36)
23; 1, 2; d(35) a(38,45) a(36,60) r(39,35) a(38,45) a(36,60) r(39,35) d(38) d(5) a(36,5)
24; 1; d(35) a(38,45) a(36,60) r(39,35) d(38) d(5) a(36,5)
25; 2; d(35) a(38,45) a(36,60) r(39,35) d(38) d(5) d(36)
26; 59, 1; d(35) d(39) d(38) r(5,66) a(36,5)
27; 59, 1; d(35) a(38,45) a(36,60) r(39,35) d(38) d(5) d(37) a(29,56)
28; 59; d(35) d(39) d(38) r(5,66) d(37) a(29,56)
29; 1; d(35) a(38,45) a(36,60) r(39,35) d(38) d(5) a(36,5)
30; 34, 33; d(35) d(39) a(38,91) a(6,82) r(6,154) a(37,43) d(38) a(39,39) r(39,78)
31; 34, 33; d(35) a(6,82) r(38,91) d(5) d(32) a(36,133) d(29)
32; 34; d(35) d(39) a(38,91) a(6,82) r(38,91) d(5) d(32) a(36,133) d(29)
33; 33; d(35) a(6,82) r(6,154) a(37,43) d(38) a(39,39) r(39,78)
34; 49, 17; d(35) r(36,80)
35; 49, 17; d(35) a(38,45) a(36,60) r(39,35) d(38) d(5) a(6,82) r(6,154) a(37,43) a(38,65) a(38,29) d(38)
36; 49; d(35) a(6,82) r(6,154) a(37,43) a(38,65) a(38,29) d(38)
37; 17; d(35) a(38,45) a(36,60) r(39,35) d(38) d(5) r(36,80)
38; 14; a(32,43) r(29,37) d(39) a(36,39) a(38,45) a(36,60) r(39,35) d(38) d(5) d(32)
39; 49; d(35) a(6,82) r(6,154) a(37,43) a(38,65) a(38,29) d(38)
40; 11; d(35) a(6,82) r(6,154) a(37,43) a(38,65) a(38,29) a(38,83)
41; 40; d(35) a(38,45) d(38) a(37,43) a(38,65) r(39,104) a(36,56)
42; 15, 15; d(35) r(38,162) d(35) d(35) d(39)
43; 15, 15; d(35) r(38,162) d(39)
44; 15; d(35) r(38,162) d(35) d(39)
45; 15; d(35) r(38,162) d(35) d(39)
46; 30, 34; a(32,43) r(29,37) d(32) a(36,133) d(29)
47; 30, 34; d(35) d(39) a(38,91) a(6,82) r(38,91) d(5) d(39) a(36,39) d(38) d(36) d(35)
48; 30; a(32,43) r(29,37) d(39) a(36,39) d(38) d(36) d(35)
49; 34; d(35) d(39) a(38,91) a(6,82) r(38,91) d(5) d(32) a(36,133) d(29)
50; 53, 22; a(32,43) d(5) d(32) d(31) r(36,133)
51; 53, 22; d(35) d(39) a(38,91) a(6,82) r(38,91) r(29,37) d(39) a(36,39) d(38) d(7) d(5)
52; 53; a(32,43) r(29,37) d(39) a(36,39) d(38) d(7) d(5)
53; 22; d(35) d(39) a(38,91) a(6,82) r(38,91) d(5) d(32) d(31) r(36,133)
54; 21; d(35) d(39) a(38,91) a(6,82) r(38,91) d(5) d(32) a(36,133) r(29,128)
55; 17; d(35) a(38,45) a(36,60) r(39,35) d(38) d(5) r(36,80)
56; 28, 51; a(32,43) d(38) d(7) a(6,82) r(38,91) r(39,160) d(7) d(35)
57; 28, 51; a(32,43) r(29,37) d(39) a(36,39) r(29,37) d(39) a(36,39) a(36,60) r(39,35) a(38,56) a(38,79) a(38,50)
58; 28; a(32,43) r(29,37) d(39) a(36,39) a(36,60) r(39,35) a(38,56) a(38,79) a(38,50)
59; 51; a(32,43) r(29,37) d(39) a(36,39) d(38) d(7) a(6,82) r(38,91) r(39,160) d(7) d(35)
60; 17; d(35) a(38,45) a(36,60) r(39,35) d(38) d(5) r(36,80)
61; 41; a(5,39) a(38,91) a(6,82) r(38,91) r(39,160) d(7) a(35,104)
--------------------------------------------------------------------------------
Mutation

0; d(35) a(38,45) a(36,60) r(39,160) d(38) d(29) r(37,29)
1; d(35) a(38,45) a(38,36) r(39,35) a(38,56) a(38,35) a(38,83) a(7,47)
2; d(35) a(38,45) a(36,60) r(39,35) a(38,56) a(38,35) a(38,83) r(7,133)
3; d(35) a(38,45) a(38,36) r(39,160) d(38) d(29) r(36,83)
4; d(35) a(38,45) a(38,36) r(39,160) d(38) d(29) d(5)
5; d(35) a(6,82) r(6,154) a(37,43) d(38) a(39,39) r(39,78) d(32)
6; a(32,43) r(29,37) d(39) a(36,39) d(38) d(7) d(5) d(36)
7; a(32,43) r(29,37) a(37,43) a(38,65) a(38,29) r(39,60) r(38,124)
8; a(5,39) a(38,91) a(6,82) r(38,91) r(39,160) d(7) a(35,104) d(37)
9; d(35) d(39) a(36,60) a(38,82) a(38,160) r(38,145) d(32) r(31,47)
10; r(39,50) r(31,83) r(37,133) d(38) d(5) a(32,104) r(32,74)
11; a(32,43) r(29,37) d(39) a(36,39) a(36,60) r(39,35) a(38,56) a(38,79) a(38,50) r(38,60)
12; d(35) a(38,45) a(36,60) r(39,35) d(38) d(5) d(37)
13; d(35) a(38,160) r(38,145) d(6) d(36) a(39,79)
14; d(35) a(38,45) a(36,60) r(39,35) d(38) d(5) d(36) a(32,31)
15; d(35) a(38,160) r(38,145) d(6) d(39)
16; d(35) a(38,45) a(36,60) d(32) a(36,133) d(39) a(38,95)
17; d(35) a(38,91) a(6,82) r(38,91) d(5) r(39,35) a(38,56) a(38,35) a(38,83) a(29,65)
18; d(35) a(38,45) a(36,60) r(39,35) a(38,56) a(38,35) a(38,83) r(6,56)
19; d(35) a(38,91) a(6,82) r(38,91) d(5) d(32) a(36,133) d(39) r(36,79)
20; d(35) a(38,45) a(36,60) r(39,35) d(38) d(5) d(36) a(31,60)
21; d(35) a(38,45) a(36,60) r(39,35) d(38) d(5) a(36,5) a(29,80)
22; d(35) d(38) d(5) d(36) a(39,31)
23; d(35) a(38,45) a(36,60) r(39,35) a(38,45) a(36,60) r(39,35) d(38) d(5) a(36,5) d(31)
24; d(35) a(38,45) a(36,60) r(39,35) d(38) d(5) a(36,5) r(29,162)
25; d(35) a(38,45) a(36,60) r(39,35) d(38) d(5) d(36) a(32,32)
26; d(35) d(39) d(38) r(5,66) a(36,5) a(32,95)
27; d(35) a(38,45) a(36,60) r(39,35) d(38) d(5) d(37) a(29,56) d(29)
28; d(35) d(39) d(38) r(5,66) d(37) a(29,56) r(32,38)
29; d(35) a(38,45) a(36,60) r(39,35) d(38) d(5) a(36,5) r(29,73)
30; d(35) d(39) a(38,91) a(6,82) r(6,154) a(37,43) d(38) a(39,39) r(39,78) r(37,41)
31; d(35) a(6,82) r(38,91) d(5) d(32) a(36,133) d(29) r(39,163)
32; d(35) d(39) a(38,91) a(6,82) r(38,91) d(5) d(32) a(36,133) d(29) d(37)
33; d(35) a(6,82) r(6,154) a(37,43) d(38) a(39,39) r(39,78) d(36)
34; d(35) r(36,80) d(38)
35; d(35) a(38,45) a(36,60) r(39,35) d(38) d(5) a(6,82) r(6,154) a(37,43) a(38,65) a(38,29) d(38) d(31)
36; d(35) a(6,82) r(6,154) a(37,43) a(38,65) a(38,29) d(38) d(5)
37; d(35) a(38,45) a(36,60) r(39,35) d(38) d(5) r(36,80) d(29)
38; a(32,43) r(29,37) d(39) a(36,39) a(38,45) a(36,60) r(39,35) d(38) d(5) d(32) d(36)
39; d(35) a(6,82) r(6,154) a(37,43) a(38,65) a(38,29) d(38) d(39)
40; d(35) a(6,82) r(6,154) a(37,43) a(38,65) a(38,29) a(38,83) r(39,32)
41; d(35) a(38,45) d(38) a(37,43) a(38,65) r(39,104) a(36,56) a(36,35)
42; d(35) r(38,162) d(35) d(35) d(39) r(7,5)
43; d(35) r(38,162) d(39) d(29)
44; d(35) r(38,162) d(35) d(39) a(37,80)
45; d(35) r(38,162) d(35) d(39) r(36,45)
46; a(32,43) r(29,37) d(32) a(36,133) d(29) d(38)
47; d(35) d(39) a(38,91) a(6,82) r(38,91) d(5) d(39) a(36,39) d(38) d(36) d(35) r(31,96)
48; a(32,43) r(29,37) d(39) a(36,39) d(38) d(36) d(35) d(5)
49; d(35) d(39) a(38,91) a(6,82) r(38,91) d(5) d(32) a(36,133) d(29) d(37)
50; a(32,43) d(5) d(32) d(31) r(36,133) a(38,46)
51; d(35) d(39) a(38,91) a(6,82) r(38,91) r(29,37) d(39) a(36,39) d(38) d(7) d(5) d(32)
52; a(32,43) r(29,37) d(39) a(36,39) d(38) d(7) d(5) d(35)
53; d(35) d(39) a(38,91) a(6,82) r(38,91) d(5) d(32) d(31) r(36,133) r(29,50)
54; d(35) d(39) a(38,91) a(6,82) r(38,91) d(5) d(32) a(36,133) r(29,128) d(37)
55; d(35) a(38,45) a(36,60) r(39,35) d(38) d(5) r(36,80) a(37,82)
56; a(32,43) d(38) d(7) a(6,82) r(38,91) r(39,160) d(7) d(35) d(32)
57; a(32,43) r(29,37) d(39) a(36,39) r(29,37) d(39) a(36,39) a(36,60) r(39,35) a(38,56) a(38,79) a(38,50) d(7)
58; a(32,43) r(29,37) d(39) a(36,39) a(36,60) r(39,35) a(38,56) a(38,79) a(38,50) r(36,31)
59; a(32,43) r(29,37) d(39) a(36,39) d(38) d(7) a(6,82) r(38,91) r(39,160) d(7) d(35) a(36,31)
60; d(35) a(38,45) a(36,60) r(39,35) d(38) d(5) r(36,80) r(32,90)
61; a(5,39) a(38,91) a(6,82) r(38,91) r(39,160) d(7) a(35,104) r(29,39)
--------------------------------------------------------------------------------
Evaluation

0; 0.
1; 0.
2; 0.
3; 0.
4; 0.
5; 0.
6; 0.
7; 0.
8; 0.
9; 0.
10; 0.
11; 0.
12; 0.
13; 0.
14; 0.
15; 0.
16; 0.
17; 0.
18; 0.
19; 0.
20; 0.
21; 0.
22; 0.
23; 0.
24; 0.
25; 0.
26; 0.
27; 0.
28; 0.
29; 0.
30; 0.
31; 0.
32; 0.
33; 0.
34; 0.
35; 0.
36; 0.
37; 0.
38; 0.
39; 0.
40; 0.
41; 0.
42; 12.
43; 0.
44; 0.
45; 0.
46; 0.
47; 0.
48; 0.
49; 0.
50; 0.
51; 0.
52; 0.
53; 0.
54; 0.
55; 0.
56; 12.
57; 0.
58; 0.
59; 0.
60; 0.
61; 0.
================================================================================
Generation 8

--------------------------------------------------------------------------------
Selection

0; 51
1; 2
2; 53
3; 24
4; 53
5; 1
6; 36
7; 35
8; 52
9; 17
10; 35
11; 60
12; 26
13; 10
14; 50
15; 22
16; 39
17; 54
18; 45
19; 13
20; 59
21; 22
22; 4
23; 35
24; 15
25; 21
26; 13
27; 46
28; 14
29; 16
30; 55
31; 31
32; 29
33; 55
34; 10
35; 2
36; 6
37; 37
38; 43
39; 11
--------------------------------------------------------------------------------
Crossover

0; 6; a(32,43) r(29,37) d(39) a(36,39) d(38) d(7) d(5) d(36)
1; 16; d(35) a(38,45) a(36,60) d(32) a(36,133) d(39) a(38,95)
2; 13; d(35) a(38,160) r(38,145) d(6) d(36) a(39,79)
3; 14; d(35) a(38,45) a(36,60) r(39,35) d(38) d(5) d(36) a(32,31)
4; 43; d(35) r(38,162) d(39) d(29)
5; 55; d(35) a(38,45) a(36,60) r(39,35) d(38) d(5) r(36,80) a(37,82)
6; 53; d(35) d(39) a(38,91) a(6,82) r(38,91) d(5) d(32) d(31) r(36,133) r(29,50)
7; 54; d(35) d(39) a(38,91) a(6,82) r(38,91) d(5) d(32) a(36,133) r(29,128) d(37)
8; 11, 35; a(32,43) r(29,37) d(39) a(36,39) a(36,60) r(39,35) a(38,56) a(38,79) r(6,154) a(37,43) a(38,65) a(38,29) d(38) d(31)
9; 11, 35; d(35) a(38,45) a(36,60) r(39,35) d(38) d(5) a(6,82) a(38,50) r(38,60)
10; 11; a(32,43) r(29,37) d(39) a(36,39) a(36,60) r(39,35) a(38,56) a(38,79) a(38,50) r(38,60)
11; 35; d(35) a(38,45) a(36,60) r(39,35) d(38) d(5) a(6,82) r(6,154) a(37,43) a(38,65) a(38,29) d(38) d(31)
12; 15; d(35) a(38,160) r(38,145) d(6) d(39)
13; 1; d(35) a(38,45) a(38,36) r(39,35) a(38,56) a(38,35) a(38,83) a(7,47)
14; 50, 10; a(32,43)
15; 50, 10; r(39,50) r(31,83) r(37,133) d(38) d(5) a(32,104) r(32,74) d(5) d(32) d(31) r(36,133) a(38,46)
16; 50; a(32,43) d(5) d(32) d(31) r(36,133) a(38,46)
17; 10; r(39,50) r(31,83) r(37,133) d(38) d(5) a(32,104) r(32,74)
18; 31, 22; d(35) a(6,82) r(38,91) d(5) d(32) a(36,133) d(5) d(36) a(39,31)
19; 31, 22; d(35) d(38) d(29) r(39,163)
20; 31; d(35) a(6,82) r(38,91) d(5) d(32) a(36,133) d(29) r(39,163)
21; 22; d(35) d(38) d(5) d(36) a(39,31)
22; 59, 2; a(32,43) r(29,37) r(7,133)
23; 59, 2; d(35) a(38,45) a(36,60) r(39,35) a(38,56) a(38,35) a(38,83) d(39) a(36,39) d(38) d(7) a(6,82) r(38,91) r(39,160) d(7) d(35) a(36,31)
24; 59; a(32,43) r(29,37) d(39) a(36,39) d(38) d(7) a(6,82) r(38,91) r(39,160) d(7) d(35) a(36,31)
25; 2; d(35) a(38,45) a(36,60) r(39,35) a(38,56) a(38,35) a(38,83) r(7,133)
26; 55, 4; d(35) a(38,45) a(36,60) d(5)
27; 55, 4; d(35) a(38,45) a(38,36) r(39,160) d(38) d(29) r(39,35) d(38) d(5) r(36,80) a(37,82)
28; 55; d(35) a(38,45) a(36,60) r(39,35) d(38) d(5) r(36,80) a(37,82)
29; 4; d(35) a(38,45) a(38,36) r(39,160) d(38) d(29) d(5)
30; 26; d(35) d(39) d(38) r(5,66) a(36,5) a(32,95)
31; 45; d(35) r(38,162) d(35) d(39) r(36,45)
32; 2; d(35) a(38,45) a(36,60) r(39,35) a(38,56) a(38,35) a(38,83) r(7,133)
33; 36; d(35) a(6,82) r(6,154) a(37,43) a(38,65) a(38,29) d(38) d(5)
34; 35; d(35) a(38,45) a(36,60) r(39,35) d(38) d(5) a(6,82) r(6,154) a(37,43) a(38,65) a(38,29) d(38) d(31)
35; 60; d(35) a(38,45) a(36,60) r(39,35) d(38) d(5) r(36,80) r(32,90)
36; 21; d(35) a(38,45) a(36,60) r(39,35) d(38) d(5) a(36,5) a(29,80)
37; 53; d(35) d(39) a(38,91) a(6,82) r(38,91) d(5) d(32) d(31) r(36,133) r(29,50)
38; 52, 37; a(32,43) r(29,37) d(39) a(36,39) d(38) d(7) d(5) d(35)
39; 52, 37; d(35) a(38,45) a(36,60) r(39,35) d(38) d(5) r(36,80) d(29)
40; 52; a(32,43) r(29,37) d(39) a(36,39) d(38) d(7) d(5) d(35)
41; 37; d(35) a(38,45) a(36,60) r(39,35) d(38) d(5) r(36,80) d(29)
42; 13, 51; d(35) a(38,160) r(38,145) d(6) d(39) a(36,39) d(38) d(7) d(5) d(32)
43; 13, 51; d(35) d(39) a(38,91) a(6,82) r(38,91) r(29,37) d(36) a(39,79)
44; 13; d(35) a(38,160) r(38,145) d(6) d(36) a(39,79)
45; 51; d(35) d(39) a(38,91) a(6,82) r(38,91) r(29,37) d(39) a(36,39) d(38) d(7) d(5) d(32)
46; 22, 46; d(35) a(36,133) d(29) d(38)
47; 22, 46; a(32,43) r(29,37) d(32) d(38) d(5) d(36) a(39,31)
48; 22; d(35) d(38) d(5) d(36) a(39,31)
49; 46; a(32,43) r(29,37) d(32) a(36,133) d(29) d(38)
50; 29, 10; d(35) a(38,45) a(36,60) d(38) d(5) a(32,104) r(32,74)
51; 29, 10; r(39,50) r(31,83) r(37,133) r(39,35) d(38) d(5) a(36,5) r(29,73)
52; 29; d(35) a(38,45) a(36,60) r(39,35) d(38) d(5) a(36,5) r(29,73)
53; 10; r(39,50) r(31,83) r(37,133) d(38) d(5) a(32,104) r(32,74)
54; 24; d(35) a(38,45) a(36,60) r(39,35) d(38) d(5) a(36,5) r(29,162)
55; 35; d(35) a(38,45) a(36,60) r(39,35) d(38) d(5) a(6,82) r(6,154) a(37,43) a(38,65) a(38,29) d(38) d(31)
56; 39; d(35) a(6,82) r(6,154) a(37,43) a(38,65) a(38,29) d(38) d(39)
57; 17; d(35) a(38,91) a(6,82) r(38,91) d(5) r(39,35) a(38,56) a(38,35) a(38,83) a(29,65)
--------------------------------------------------------------------------------
Mutation

0; a(32,43) r(29,37) d(39) a(36,39) d(38) d(7) d(5) d(36) d(32)
1; d(35) a(38,45) a(36,60) d(32) a(36,133) d(39) a(38,95) d(38)
2; d(35) a(38,160) r(38,145) d(6) d(36) a(39,79) r(39,154)
3; d(35) a(38,45) a(36,60) r(39,35) d(38) d(5) d(36) a(32,31) a(32,46)
4; d(35) r(38,162) d(39) d(29) a(5,76)
5; d(35) a(38,45) a(36,60) r(39,35) d(38) d(5) r(36,80) a(37,82) r(31,133)
6; d(35) d(39) a(38,91) a(6,82) r(38,91) d(5) d(32) d(31) r(36,133) r(29,50) a(37,38)
7; d(35) d(39) a(38,91) a(6,82) r(38,91) d(5) d(32) a(36,133) r(29,128) d(37) d(36)
8; a(32,43) r(29,37) d(39) a(36,39) a(36,60) r(39,35) a(38,56) a(38,79) r(6,154) a(37,43) a(38,65) a(38,29) d(38) d(31) a(35,82)
9; d(35) a(38,45) a(36,60) r(39,35) d(38) d(5) a(6,82) a(38,50) r(38,60) d(32)
10; a(32,43) r(29,37) d(39) a(36,39) a(36,60) r(39,35) a(38,56) a(38,79) a(38,50) r(38,60) r(36,41)
11; d(35) a(38,45) a(36,60) r(39,35) d(38) d(5) a(6,82) r(6,154) a(37,43) a(38,65) a(38,29) d(38) d(31) r(32,163)
12; d(35) a(38,160) r(38,145) d(6) d(39) r(36,31)
13; d(35) a(38,45) a(38,36) r(39,35) a(38,56) a(38,35) a(38,83) a(7,47) d(38)
14; a(32,43) a(31,83)
15; r(39,50) r(31,83) r(37,133) d(38) d(5) a(32,104) r(32,74) d(5) d(32) d(31) r(36,133) a(38,46) r(29,47)
16; a(32,43) d(5) d(32) d(31) r(36,133) a(38,46) d(38)
17; r(39,50) r(31,83) r(37,133) d(38) d(5) a(32,104) r(32,74) a(29,133)
18; d(35) a(6,82) r(38,91) d(5) d(32) a(36,133) d(5) d(36) a(39,31) d(39)
19; d(35) d(38) d(29) r(39,163) a(5,78)
20; d(35) a(6,82) r(38,91) d(5) d(32) a(36,133) d(29) r(39,163) r(37,108)
21; d(35) d(38) d(5) d(36) a(39,31) a(39,32)
22; a(32,43) r(29,37) r(7,133) r(39,32)
23; d(35) a(38,45) a(36,60) r(39,35) a(38,56) a(38,35) a(38,83) d(39) a(36,39) d(38) d(7) a(6,82) r(38,91) r(39,160) d(7) d(35) a(36,31) r(36,96)
24; a(32,43) r(29,37) d(39) a(36,39) d(38) d(7) a(6,82) r(38,91) r(39,160) d(7) d(35) a(36,31) r(6,7)
25; d(35) a(38,45) a(36,60) r(39,35) a(38,56) a(38,35) a(38,83) r(7,133) r(6,47)
26; d(35) a(38,45) a(36,60) d(5) d(39)
27; d(35) a(38,45) a(38,36) r(39,160) d(38) d(29) r(39,35) d(38) d(5) r(36,80) a(37,82) a(32,60)
28; d(35) a(38,45) a(36,60) r(39,35) d(38) d(5) r(36,80) a(37,82) r(29,32)
29; d(35) a(38,45) a(38,36) r(39,160) d(38) d(29) d(5) d(32)
30; d(35) d(39) d(38) r(5,66) a(36,5) a(32,95) d(29)
31; d(35) r(38,162) d(35) d(39) r(36,45) a(6,78)
32; d(35) a(38,45) a(36,60) r(39,35) a(38,56) a(38,35) a(38,83) r(7,133) d(5)
33; d(35) a(6,82) r(6,154) a(37,43) a(38,65) a(38,29) d(38) d(5) d(39)
34; d(35) a(38,45) a(36,60) r(39,35) d(38) d(5) a(6,82) r(6,154) a(37,43) a(38,65) a(38,29) d(38) d(31) d(37)
35; d(35) a(38,45) a(36,60) r(39,35) d(38) d(5) r(36,80) r(32,90) r(29,101)
36; d(35) a(38,45) a(36,60) r(39,35) d(38) d(5) a(36,5) a(29,80) a(31,42)
37; d(35) d(39) a(38,91) a(6,82) r(38,91) d(5) d(32) d(31) r(36,133) r(29,50) a(37,95)
38; a(32,43) r(29,37) d(39) a(36,39) d(38) d(7) d(5) d(35) d(37)
39; d(35) a(38,45) a(36,60) r(39,35) d(38) d(5) r(36,80) d(29) r(37,74)
40; a(32,43) r(29,37) d(39) a(36,39) d(38) d(7) d(5) d(35) r(32,83)
41; d(35) a(38,45) a(36,60) r(39,35) d(38) d(5) r(36,80) d(29) r(32,58)
42; d(35) a(38,160) r(38,145) d(6) d(39) a(36,39) d(38) d(7) d(5) d(32) r(37,39)
43; d(35) d(39) a(38,91) a(6,82) r(38,91) r(29,37) d(36) a(39,79) a(5,83)
44; d(35) a(38,160) r(38,145) d(6) d(36) a(39,79) a(39,162)
45; d(35) d(39) a(38,91) a(6,82) r(38,91) r(29,37) d(39) a(36,39) d(38) d(7) d(5) d(32) r(36,50)
46; d(35) a(36,133) d(29) d(38) r(39,42)
47; a(32,43) r(29,37) d(32) d(38) d(5) d(36) a(39,31) r(39,101)
48; d(35) d(38) d(5) d(36) a(39,31) r(39,66)
49; a(32,43) r(29,37) d(32) a(36,133) d(29) d(38) r(36,83)
50; d(35) a(38,45) a(36,60) d(38) d(5) a(32,104) r(32,74) a(39,65)
51; r(39,50) r(31,83) r(37,133) r(39,35) d(38) d(5) a(36,5) r(29,73) a(35,93)
52; d(35) a(38,45) a(36,60) r(39,35) d(38) d(5) a(36,5) r(29,73) r(37,36)
53; r(39,50) r(31,83) r(37,133) d(38) d(5) a(32,104) r(32,74) r(29,82)
54; d(35) a(38,45) a(36,60) r(39,35) d(38) d(5) a(36,5) r(29,162) r(37,58)
55; d(35) a(38,45) a(36,60) r(39,35) d(38) d(5) a(6,82) r(6,154) a(37,43) a(38,65) a(38,29) d(38) d(31) r(32,90)
56; d(35) a(6,82) r(6,154) a(37,43) a(38,65) a(38,29) d(38) d(39) a(36,93)
57; d(35) a(38,91) a(6,82) r(38,91) d(5) r(39,35) a(38,56) a(38,35) a(38,83) a(29,65) a(36,47)
--------------------------------------------------------------------------------
Evaluation

0; 0.
1; 0.
2; 0.
3; 0.
4; 0.
5; 0.
6; 0.
7; 0.
8; 0.
9; 0.
10; 0.
11; 12.
12; 0.
13; 0.
14; 0.
15; 0.
16; 0.
17; 0.
18; 0.
19; 0.
20; 0.
21; 0.
22; 0.
23; 12.
24; 0.
25; 0.
26; 0.
27; 0.
28; 0.
29; 0.
30; 0.
31; 0.
32; 0.
33; 0.
34; 0.
35; 12.
36; 0.
37; 0.
38; 0.
39; 0.
40; 0.
41; 0.
42; 0.
43; 0.
44; 0.
45; 0.
46; 0.
47; 0.
48; 0.
49; 0.
50; 0.
51; 0.
52; 0.
53; 0.
54; 0.
55; 0.
56; 0.
57; 0.
================================================================================
Generation 9

--------------------------------------------------------------------------------
Selection

0; 37
1; 1
2; 25
3; 16
4; 41
5; 28
6; 40
7; 28
8; 36
9; 46
10; 6
11; 39
12; 3
13; 5
14; 56
15; 10
16; 16
17; 31
18; 25
19; 45
20; 39
21; 10
22; 56
23; 28
24; 28
25; 29
26; 54
27; 13
28; 41
29; 28
30; 17
31; 55
32; 52
33; 15
34; 19
35; 21
36; 33
37; 12
38; 21
39; 39
--------------------------------------------------------------------------------
Crossover

0; 39, 1; d(35) a(38,45) a(36,60) r(39,35) d(38) d(5) r(36,80) d(29) d(32) a(36,133) d(39) a(38,95) d(38)
1; 39, 1; d(35) a(38,45) a(36,60) r(37,74)
2; 39; d(35) a(38,45) a(36,60) r(39,35) d(38) d(5) r(36,80) d(29) r(37,74)
3; 1; d(35) a(38,45) a(36,60) d(32) a(36,133) d(39) a(38,95) d(38)
4; 41, 5; d(35) a(38,45) a(36,60) r(39,35) d(38) d(5) r(36,80) d(29) r(31,133)
5; 41, 5; d(35) a(38,45) a(36,60) r(39,35) d(38) d(5) r(36,80) a(37,82) r(32,58)
6; 41; d(35) a(38,45) a(36,60) r(39,35) d(38) d(5) r(36,80) d(29) r(32,58)
7; 5; d(35) a(38,45) a(36,60) r(39,35) d(38) d(5) r(36,80) a(37,82) r(31,133)
8; 33, 56; d(35) d(39) a(36,93)
9; 33, 56; d(35) a(6,82) r(6,154) a(37,43) a(38,65) a(38,29) d(38) a(6,82) r(6,154) a(37,43) a(38,65) a(38,29) d(38) d(5) d(39)
10; 33; d(35) a(6,82) r(6,154) a(37,43) a(38,65) a(38,29) d(38) d(5) d(39)
11; 56; d(35) a(6,82) r(6,154) a(37,43) a(38,65) a(38,29) d(38) d(39) a(36,93)
12; 10; a(32,43) r(29,37) d(39) a(36,39) a(36,60) r(39,35) a(38,56) a(38,79) a(38,50) r(38,60) r(36,41)
13; 56; d(35) a(6,82) r(6,154) a(37,43) a(38,65) a(38,29) d(38) d(39) a(36,93)
14; 21, 28; d(35) d(38) d(5) a(37,82) r(29,32)
15; 21, 28; d(35) a(38,45) a(36,60) r(39,35) d(38) d(5) r(36,80) d(36) a(39,31) a(39,32)
16; 21; d(35) d(38) d(5) d(36) a(39,31) a(39,32)
17; 28; d(35) a(38,45) a(36,60) r(39,35) d(38) d(5) r(36,80) a(37,82) r(29,32)
18; 10; a(32,43) r(29,37) d(39) a(36,39) a(36,60) r(39,35) a(38,56) a(38,79) a(38,50) r(38,60) r(36,41)
19; 16; a(32,43) d(5) d(32) d(31) r(36,133) a(38,46) d(38)
20; 45; d(35) d(39) a(38,91) a(6,82) r(38,91) r(29,37) d(39) a(36,39) d(38) d(7) d(5) d(32) r(36,50)
21; 36; d(35) a(38,45) a(36,60) r(39,35) d(38) d(5) a(36,5) a(29,80) a(31,42)
22; 39; d(35) a(38,45) a(36,60) r(39,35) d(38) d(5) r(36,80) d(29) r(37,74)
23; 28; d(35) a(38,45) a(36,60) r(39,35) d(38) d(5) r(36,80) a(37,82) r(29,32)
24; 21; d(35) d(38) d(5) d(36) a(39,31) a(39,32)
25; 12; d(35) a(38,160) r(38,145) d(6) d(39) r(36,31)
26; 52, 29; d(35) a(38,45) a(36,60) r(39,35) d(38) d(5) a(36,5) r(29,73) a(38,45) a(38,36) r(39,160) d(38) d(29) d(5) d(32)
27; 52, 29; d(35) r(37,36)
28; 52; d(35) a(38,45) a(36,60) r(39,35) d(38) d(5) a(36,5) r(29,73) r(37,36)
29; 29; d(35) a(38,45) a(38,36) r(39,160) d(38) d(29) d(5) d(32)
30; 3, 17; d(35) a(38,45) a(36,60) r(39,35) d(38) d(5) d(38) d(5) a(32,104) r(32,74) a(29,133)
31; 3, 17; r(39,50) r(31,83) r(37,133) d(36) a(32,31) a(32,46)
32; 3; d(35) a(38,45) a(36,60) r(39,35) d(38) d(5) d(36) a(32,31) a(32,46)
33; 17; r(39,50) r(31,83) r(37,133) d(38) d(5) a(32,104) r(32,74) a(29,133)
34; 46, 25; d(35) a(36,133) d(29) a(36,60) r(39,35) a(38,56) a(38,35) a(38,83) r(7,133) r(6,47)
35; 46, 25; d(35) a(38,45) d(38) r(39,42)
36; 46; d(35) a(36,133) d(29) d(38) r(39,42)
37; 25; d(35) a(38,45) a(36,60) r(39,35) a(38,56) a(38,35) a(38,83) r(7,133) r(6,47)
38; 31; d(35) r(38,162) d(35) d(39) r(36,45) a(6,78)
39; 28; d(35) a(38,45) a(36,60) r(39,35) d(38) d(5) r(36,80) a(37,82) r(29,32)
40; 41; d(35) a(38,45) a(36,60) r(39,35) d(38) d(5) r(36,80) d(29) r(32,58)
41; 6; d(35) d(39) a(38,91) a(6,82) r(38,91) d(5) d(32) d(31) r(36,133) r(29,50) a(37,38)
42; 55; d(35) a(38,45) a(36,60) r(39,35) d(38) d(5) a(6,82) r(6,154) a(37,43) a(38,65) a(38,29) d(38) d(31) r(32,90)
43; 40; a(32,43) r(29,37) d(39) a(36,39) d(38) d(7) d(5) d(35) r(32,83)
44; 54; d(35) a(38,45) a(36,60) r(39,35) d(38) d(5) a(36,5) r(29,162) r(37,58)
45; 25; d(35) a(38,45) a(36,60) r(39,35) a(38,56) a(38,35) a(38,83) r(7,133) r(6,47)
46; 28; d(35) a(38,45) a(36,60) r(39,35) d(38) d(5) r(36,80) a(37,82) r(29,32)
47; 16; a(32,43) d(5) d(32) d(31) r(36,133) a(38,46) d(38)
48; 13, 15; d(35) a(38,45) a(38,36) r(39,35) a(38,56) r(31,83) r(37,133) d(38) d(5) a(32,104) r(32,74) d(5) d(32) d(31) r(36,133) a(38,46) r(29,47)
49; 13, 15; r(39,50) a(38,35) a(38,83) a(7,47) d(38)
50; 13; d(35) a(38,45) a(38,36) r(39,35) a(38,56) a(38,35) a(38,83) a(7,47) d(38)
51; 15; r(39,50) r(31,83) r(37,133) d(38) d(5) a(32,104) r(32,74) d(5) d(32) d(31) r(36,133) a(38,46) r(29,47)
52; 19, 39; d(35) d(38) d(29) r(37,74)
53; 19, 39; d(35) a(38,45) a(36,60) r(39,35) d(38) d(5) r(36,80) d(29) r(39,163) a(5,78)
54; 19; d(35) d(38) d(29) r(39,163) a(5,78)
55; 39; d(35) a(38,45) a(36,60) r(39,35) d(38) d(5) r(36,80) d(29) r(37,74)
56; 28, 37; d(35) a(38,45) a(36,60) r(39,35) d(38) d(5) r(36,80) a(37,82) a(38,91) a(6,82) r(38,91) d(5) d(32) d(31) r(36,133) r(29,50) a(37,95)
57; 28, 37; d(35) d(39) r(29,32)
58; 28; d(35) a(38,45) a(36,60) r(39,35) d(38) d(5) r(36,80) a(37,82) r(29,32)
59; 37; d(35) d(39) a(38,91) a(6,82) r(38,91) d(5) d(32) d(31) r(36,133) r(29,50) a(37,95)
--------------------------------------------------------------------------------
Mutation

0; d(35) a(38,45) a(36,60) r(39,35) d(38) d(5) r(36,80) d(29) d(32) a(36,133) d(39) a(38,95) d(38) a(37,101)
1; d(35) a(38,45) a(36,60) r(37,74) d(7)
2; d(35) a(38,45) a(36,60) r(39,35) d(38) d(5) r(36,80) d(29) r(37,74) r(32,124)
3; d(35) a(38,45) a(36,60) d(32) a(36,133) d(39) a(38,95) d(38) a(37,78)
4; d(35) a(38,45) a(36,60) r(39,35) d(38) d(5) r(36,80) d(29) r(31,133) d(37)
5; d(35) a(38,45) a(36,60) r(39,35) d(38) d(5) r(36,80) a(37,82) r(32,58) r(37,79)
6; d(35) a(38,45) a(36,60) r(39,35) d(38) d(5) r(36,80) d(29) r(32,58) r(37,145)
7; d(35) a(38,45) a(36,60) r(39,35) d(38) d(5) r(36,80) a(37,82) r(31,133) a(32,145)
8; d(35) d(39) a(36,93) a(38,41)
9; d(35) a(6,82) r(6,154) a(37,43) a(38,65) a(38,29) d(38) a(6,82) r(6,154) a(37,43) a(38,65) a(38,29) d(38) d(5) d(39) a(36,36)
10; d(35) a(6,82) r(6,154) a(37,43) a(38,65) a(38,29) d(38) d(5) d(39) a(29,133)
11; d(35) a(6,82) r(6,154) a(37,43) a(38,65) a(38,29) d(38) d(39) a(36,93) r(29,35)
12; a(32,43) r(29,37) d(39) a(36,39) a(36,60) r(39,35) a(38,56) a(38,79) a(38,50) r(38,60) r(36,41) a(32,43)
13; d(35) a(6,82) r(6,154) a(37,43) a(38,65) a(38,29) d(38) d(39) a(36,93) a(37,90)
14; d(35) d(38) d(5) a(37,82) r(29,32) r(39,43)
15; d(35) a(38,45) a(36,60) r(39,35) d(38) d(5) r(36,80) d(36) a(39,31) a(39,32) a(29,82)
16; d(35) d(38) d(5) d(36) a(39,31) a(39,32) a(31,41)
17; d(35) a(38,45) a(36,60) r(39,35) d(38) d(5) r(36,80) a(37,82) r(29,32) r(37,124)
18; a(32,43) r(29,37) d(39) a(36,39) a(36,60) r(39,35) a(38,56) a(38,79) a(38,50) r(38,60) r(36,41) r(5,83)
19; a(32,43) d(5) d(32) d(31) r(36,133) a(38,46) d(38) r(29,48)
20; d(35) d(39) a(38,91) a(6,82) r(38,91) r(29,37) d(39) a(36,39) d(38) d(7) d(5) d(32) r(36,50) a(37,43)
21; d(35) a(38,45) a(36,60) r(39,35) d(38) d(5) a(36,5) a(29,80) a(31,42) r(31,78)
22; d(35) a(38,45) a(36,60) r(39,35) d(38) d(5) r(36,80) d(29) r(37,74) d(32)
23; d(35) a(38,45) a(36,60) r(39,35) d(38) d(5) r(36,80) a(37,82) r(29,32) a(32,65)
24; d(35) d(38) d(5) d(36) a(39,31) a(39,32) d(32)
25; d(35) a(38,160) r(38,145) d(6) d(39) r(36,31) a(32,37)
26; d(35) a(38,45) a(36,60) r(39,35) d(38) d(5) a(36,5) r(29,73) a(38,45) a(38,36) r(39,160) d(38) d(29) d(5) d(32) r(37,5)
27; d(35) r(37,36) r(6,96)
28; d(35) a(38,45) a(36,60) r(39,35) d(38) d(5) a(36,5) r(29,73) r(37,36) r(36,45)
29; d(35) a(38,45) a(38,36) r(39,160) d(38) d(29) d(5) d(32) r(36,104)
30; d(35) a(38,45) a(36,60) r(39,35) d(38) d(5) d(38) d(5) a(32,104) r(32,74) a(29,133) d(37)
31; r(39,50) r(31,83) r(37,133) d(36) a(32,31) a(32,46) r(32,38)
32; d(35) a(38,45) a(36,60) r(39,35) d(38) d(5) d(36) a(32,31) a(32,46) r(32,37)
33; r(39,50) r(31,83) r(37,133) d(38) d(5) a(32,104) r(32,74) a(29,133) d(29)
34; d(35) a(36,133) d(29) a(36,60) r(39,35) a(38,56) a(38,35) a(38,83) r(7,133) r(6,47) a(38,66)
35; d(35) a(38,45) d(38) r(39,42) d(7)
36; d(35) a(36,133) d(29) d(38) r(39,42) d(32)
37; d(35) a(38,45) a(36,60) r(39,35) a(38,56) a(38,35) a(38,83) r(7,133) r(6,47) r(38,160)
38; d(35) r(38,162) d(35) d(39) r(36,45) a(6,78) a(32,128)
39; d(35) a(38,45) a(36,60) r(39,35) d(38) d(5) r(36,80) a(37,82) r(29,32) d(32)
40; d(35) a(38,45) a(36,60) r(39,35) d(38) d(5) r(36,80) d(29) r(32,58) d(37)
41; d(35) d(39) a(38,91) a(6,82) r(38,91) d(5) d(32) d(31) r(36,133) r(29,50) a(37,38) a(37,43)
42; d(35) a(38,45) a(36,60) r(39,35) d(38) d(5) a(6,82) r(6,154) a(37,43) a(38,65) a(38,29) d(38) d(31) r(32,90) a(36,35)
43; a(32,43) r(29,37) d(39) a(36,39) d(38) d(7) d(5) d(35) r(32,83) d(36)
44; d(35) a(38,45) a(36,60) r(39,35) d(38) d(5) a(36,5) r(29,162) r(37,58) a(36,5)
45; d(35) a(38,45) a(36,60) r(39,35) a(38,56) a(38,35) a(38,83) r(7,133) r(6,47) r(38,61)
46; d(35) a(38,45) a(36,60) r(39,35) d(38) d(5) r(36,80) a(37,82) r(29,32) d(32)
47; a(32,43) d(5) d(32) d(31) r(36,133) a(38,46) d(38) d(39)
48; d(35) a(38,45) a(38,36) r(39,35) a(38,56) r(31,83) r(37,133) d(38) d(5) a(32,104) r(32,74) d(5) d(32) d(31) r(36,133) a(38,46) r(29,47)
49; r(39,50) a(38,35) a(38,83) a(7,47) d(38) d(36)
50; d(35) a(38,45) a(38,36) r(39,35) a(38,56) a(38,35) a(38,83) a(7,47) d(38) r(31,162)
51; r(39,50) r(31,83) r(37,133) d(38) d(5) a(32,104) r(32,74) d(5) d(32) d(31) r(36,133) a(38,46) r(29,47)
52; d(35) d(38) d(29) r(37,74) a(32,163)
53; d(35) a(38,45) a(36,60) r(39,35) d(38) d(5) r(36,80) d(29) r(39,163) a(5,78) a(32,93)
54; d(35) d(38) d(29) r(39,163) a(5,78) a(32,45)
55; d(35) a(38,45) a(36,60) r(39,35) d(38) d(5) r(36,80) d(29) r(37,74) a(32,32)
56; d(35) a(38,45) a(36,60) r(39,35) d(38) d(5) r(36,80) a(37,82) a(38,91) a(6,82) r(38,91) d(5) d(32) d(31) r(36,133) r(29,50) a(37,95) r(37,124)
57; d(35) d(39) r(29,32) a(36,35)
58; d(35) a(38,45) a(36,60) r(39,35) d(38) d(5) r(36,80) a(37,82) r(29,32) d(32)
59; d(35) d(39) a(38,91) a(6,82) r(38,91) d(5) d(32) d(31) r(36,133) r(29,50) a(37,95) d(37)
--------------------------------------------------------------------------------
Evaluation

0; 0.
1; 12.
2; 12.
3; 0.
4; 0.
5; 12.
6; 0.
7; 0.
8; 0.
9; 0.
10; 0.
11; 0.
12; 0.
13; 0.
14; 4.
15; 0.
16; 0.
17; 12.
18; 0.
19; 0.
20; 0.
21; 0.
22; 0.
23; 0.
24; 0.
25; 0.
26; 0.
27; 0.
28; 0.
29; 0.
30; 0.
31; 0.
32; 0.
33; 0.
34; 0.
35; 12.
36; 0.
37; 0.
38; 0.
39; 0.
40; 0.
41; 0.
42; 0.
43; 0.
44; 0.
45; 0.
46; 0.
47; 0.
48; 0.
49; 0.
50; 0.
51; 0.
52; 12.
53; 0.
54; 0.
55; 0.
56; 12.
57; 4.
58; 0.
59; 0.
================================================================================
Generation 10

--------------------------------------------------------------------------------
Selection

0; 54
1; 58
2; 45
3; 53
4; 43
5; 11
6; 11
7; 9
8; 31
9; 27
10; 56
11; 22
12; 59
13; 0
14; 14
15; 26
16; 9
17; 41
18; 54
19; 15
20; 38
21; 58
22; 13
23; 24
24; 42
25; 8
26; 25
27; 47
28; 15
29; 22
30; 30
31; 43
32; 24
33; 19
34; 21
35; 45
36; 39
37; 20
38; 21
39; 29
--------------------------------------------------------------------------------
Crossover

0; 43, 31; a(32,43) r(29,37) d(39) a(36,39) d(38) d(7) d(5) d(35) d(36) a(32,31) a(32,46) r(32,38)
1; 43, 31; r(39,50) r(31,83) r(37,133) r(32,83) d(36)
2; 43; a(32,43) r(29,37) d(39) a(36,39) d(38) d(7) d(5) d(35) r(32,83) d(36)
3; 31; r(39,50) r(31,83) r(37,133) d(36) a(32,31) a(32,46) r(32,38)
4; 11, 21; d(35) a(6,82) r(6,154) a(37,43) a(38,65) a(38,29) d(38) d(39) a(36,93) r(29,35) a(38,45) a(36,60) r(39,35) d(38) d(5) a(36,5) a(29,80) a(31,42) r(31,78)
5; 11, 21; d(35)
6; 11; d(35) a(6,82) r(6,154) a(37,43) a(38,65) a(38,29) d(38) d(39) a(36,93) r(29,35)
7; 21; d(35) a(38,45) a(36,60) r(39,35) d(38) d(5) a(36,5) a(29,80) a(31,42) r(31,78)
8; 58; d(35) a(38,45) a(36,60) r(39,35) d(38) d(5) r(36,80) a(37,82) r(29,32) d(32)
9; 58; d(35) a(38,45) a(36,60) r(39,35) d(38) d(5) r(36,80) a(37,82) r(29,32) d(32)
10; 24, 47; d(35) d(38) d(5) d(36) a(39,31) d(38) d(39)
11; 24, 47; a(32,43) d(5) d(32) d(31) r(36,133) a(38,46) a(39,32) d(32)
12; 24; d(35) d(38) d(5) d(36) a(39,31) a(39,32) d(32)
13; 47; a(32,43) d(5) d(32) d(31) r(36,133) a(38,46) d(38) d(39)
14; 53; d(35) a(38,45) a(36,60) r(39,35) d(38) d(5) r(36,80) d(29) r(39,163) a(5,78) a(32,93)
15; 54; d(35) d(38) d(29) r(39,163) a(5,78) a(32,45)
16; 24, 26; d(35) d(38) d(5) d(32) r(37,5)
17; 24, 26; d(35) a(38,45) a(36,60) r(39,35) d(38) d(5) a(36,5) r(29,73) a(38,45) a(38,36) r(39,160) d(38) d(29) d(5) d(36) a(39,31) a(39,32) d(32)
18; 24; d(35) d(38) d(5) d(36) a(39,31) a(39,32) d(32)
19; 26; d(35) a(38,45) a(36,60) r(39,35) d(38) d(5) a(36,5) r(29,73) a(38,45) a(38,36) r(39,160) d(38) d(29) d(5) d(32) r(37,5)
20; 27; d(35) r(37,36) r(6,96)
21; 9; d(35) a(6,82) r(6,154) a(37,43) a(38,65) a(38,29) d(38) a(6,82) r(6,154) a(37,43) a(38,65) a(38,29) d(38) d(5) d(39) a(36,36)
22; 29; d(35) a(38,45) a(38,36) r(39,160) d(38) d(29) d(5) d(32) r(36,104)
23; 0; d(35) a(38,45) a(36,60) r(39,35) d(38) d(5) r(36,80) d(29) d(32) a(36,133) d(39) a(38,95) d(38) a(37,101)
24; 43, 42; a(32,43) r(29,37) d(39) r(32,90) a(36,35)
25; 43, 42; d(35) a(38,45) a(36,60) r(39,35) d(38) d(5) a(6,82) r(6,154) a(37,43) a(38,65) a(38,29) d(38) d(31) a(36,39) d(38) d(7) d(5) d(35) r(32,83) d(36)
26; 43; a(32,43) r(29,37) d(39) a(36,39) d(38) d(7) d(5) d(35) r(32,83) d(36)
27; 42; d(35) a(38,45) a(36,60) r(39,35) d(38) d(5) a(6,82) r(6,154) a(37,43) a(38,65) a(38,29) d(38) d(31) r(32,90) a(36,35)
28; 11, 14; d(35) a(6,82) r(6,154) a(37,43) a(38,65) a(38,29) d(38) d(39) a(36,93) d(5) a(37,82) r(29,32) r(39,43)
29; 11, 14; d(35) d(38) r(29,35)
30; 11; d(35) a(6,82) r(6,154) a(37,43) a(38,65) a(38,29) d(38) d(39) a(36,93) r(29,35)
31; 14; d(35) d(38) d(5) a(37,82) r(29,32) r(39,43)
32; 15; d(35) a(38,45) a(36,60) r(39,35) d(38) d(5) r(36,80) d(36) a(39,31) a(39,32) a(29,82)
33; 22; d(35) a(38,45) a(36,60) r(39,35) d(38) d(5) r(36,80) d(29) r(37,74) d(32)
34; 15, 54; d(35) d(29) r(39,163) a(5,78) a(32,45)
35; 15, 54; d(35) d(38) a(38,45) a(36,60) r(39,35) d(38) d(5) r(36,80) d(36) a(39,31) a(39,32) a(29,82)
36; 15; d(35) a(38,45) a(36,60) r(39,35) d(38) d(5) r(36,80) d(36) a(39,31) a(39,32) a(29,82)
37; 54; d(35) d(38) d(29) r(39,163) a(5,78) a(32,45)
38; 38, 20; d(35) r(38,162) d(35) d(39) r(36,45) r(38,91) r(29,37) d(39) a(36,39) d(38) d(7) d(5) d(32) r(36,50) a(37,43)
39; 38, 20; d(35) d(39) a(38,91) a(6,82) a(6,78) a(32,128)
40; 38; d(35) r(38,162) d(35) d(39) r(36,45) a(6,78) a(32,128)
41; 20; d(35) d(39) a(38,91) a(6,82) r(38,91) r(29,37) d(39) a(36,39) d(38) d(7) d(5) d(32) r(36,50) a(37,43)
42; 39; d(35) a(38,45) a(36,60) r(39,35) d(38) d(5) r(36,80) a(37,82) r(29,32) d(32)
43; 41; d(35) d(39) a(38,91) a(6,82) r(38,91) d(5) d(32) d(31) r(36,133) r(29,50) a(37,38) a(37,43)
44; 19; a(32,43) d(5) d(32) d(31) r(36,133) a(38,46) d(38) r(29,48)
45; 30; d(35) a(38,45) a(36,60) r(39,35) d(38) d(5) d(38) d(5) a(32,104) r(32,74) a(29,133) d(37)
46; 56; d(35) a(38,45) a(36,60) r(39,35) d(38) d(5) r(36,80) a(37,82) a(38,91) a(6,82) r(38,91) d(5) d(32) d(31) r(36,133) r(29,50) a(37,95) r(37,124)
47; 21; d(35) a(38,45) a(36,60) r(39,35) d(38) d(5) a(36,5) a(29,80) a(31,42) r(31,78)
48; 22; d(35) a(38,45) a(36,60) r(39,35) d(38) d(5) r(36,80) d(29) r(37,74) d(32)
49; 45; d(35) a(38,45) a(36,60) r(39,35) a(38,56) a(38,35) a(38,83) r(7,133) r(6,47) r(38,61)
50; 8; d(35) d(39) a(36,93) a(38,41)
51; 25; d(35) a(38,160) r(38,145) d(6) d(39) r(36,31) a(32,37)
52; 9; d(35) a(6,82) r(6,154) a(37,43) a(38,65) a(38,29) d(38) a(6,82) r(6,154) a(37,43) a(38,65) a(38,29) d(38) d(5) d(39) a(36,36)
53; 45; d(35) a(38,45) a(36,60) r(39,35) a(38,56) a(38,35) a(38,83) r(7,133) r(6,47) r(38,61)
54; 13; d(35) a(6,82) r(6,154) a(37,43) a(38,65) a(38,29) d(38) d(39) a(36,93) a(37,90)
55; 59; d(35) d(39) a(38,91) a(6,82) r(38,91) d(5) d(32) d(31) r(36,133) r(29,50) a(37,95) d(37)
--------------------------------------------------------------------------------
Mutation

0; a(32,43) r(29,37) d(39) a(36,39) d(38) d(7) d(5) d(35) d(36) a(32,31) a(32,46) r(32,38) a(37,39)
1; r(39,50) r(31,83) r(37,133) r(32,83) d(36) a(7,108)
2; a(32,43) r(29,37) d(39) a(36,39) d(38) d(7) d(5) d(35) r(32,83) d(36) d(37)
3; r(39,50) r(31,83) r(37,133) d(36) a(32,31) a(32,46) r(32,38) a(29,45)
4; d(35) a(6,82) r(6,154) a(37,43) a(38,65) a(38,29) d(38) d(39) a(36,93) r(29,35) a(38,45) a(36,60) r(39,35) d(38) d(5) a(36,5) a(29,80) a(31,42) r(31,78) d(36)
5; d(35) a(6,101)
6; d(35) a(6,82) r(6,154) a(37,43) a(38,65) a(38,29) d(38) d(39) a(36,93) r(29,35) d(5)
7; d(35) a(38,45) a(36,60) r(39,35) d(38) d(5) a(36,5) a(29,80) a(31,42) r(31,78) r(29,104)
8; d(35) a(38,45) a(36,60) r(39,35) d(38) d(5) r(36,80) a(37,82) r(29,32) d(32) d(37)
9; d(35) a(38,45) a(36,60) r(39,35) d(38) d(5) r(36,80) a(37,82) r(29,32) d(32) d(37)
10; d(35) d(38) d(5) d(36) a(39,31) d(38) d(39) r(37,50)
11; a(32,43) d(5) d(32) d(31) r(36,133) a(38,46) a(39,32) d(32) r(38,48)
12; d(35) d(38) d(5) d(36) a(39,31) a(39,32) d(32) a(39,93)
13; a(32,43) d(5) d(32) d(31) r(36,133) a(38,46) d(38) d(39) a(29,32)
14; d(35) a(38,45) a(36,60) r(39,35) d(38) d(5) r(36,80) d(29) r(39,163) a(5,78) a(32,93) a(32,65)
15; d(35) d(38) d(29) r(39,163) a(5,78) a(32,45) a(5,162)
16; d(35) d(38) d(5) d(32) r(37,5) r(36,35)
17; d(35) a(38,45) a(36,60) r(39,35) d(38) d(5) a(36,5) r(29,73) a(38,45) a(38,36) r(39,160) d(38) d(29) d(5) d(36) a(39,31) a(39,32) d(32) r(37,60)
18; d(35) d(38) d(5) d(36) a(39,31) a(39,32) d(32) r(29,80)
19; d(35) a(38,45) a(36,60) r(39,35) d(38) d(5) a(36,5) r(29,73) a(38,45) a(38,36) r(39,160) d(38) d(29) d(5) d(32) r(37,5) r(36,80)
20; d(35) r(37,36) r(6,96) r(36,40)
21; d(35) a(6,82) r(6,154) a(37,43) a(38,65) a(38,29) d(38) a(6,82) r(6,154) a(37,43) a(38,65) a(38,29) d(38) d(5) d(39) a(36,36) r(31,29)
22; d(35) a(38,45) a(38,36) r(39,160) d(38) d(29) d(5) d(32) r(36,104) a(37,78)
23; d(35) a(38,45) a(36,60) r(39,35) d(38) d(5) r(36,80) d(29) d(32) a(36,133) d(39) a(38,95) d(38) a(37,101) a(37,61)
24; a(32,43) r(29,37) d(39) r(32,90) a(36,35) r(37,44)
25; d(35) a(38,45) a(36,60) r(39,35) d(38) d(5) a(6,82) r(6,154) a(37,43) a(38,65) a(38,29) d(38) d(31) a(36,39) d(38) d(7) d(5) d(35) r(32,83) d(36) d(37)
26; a(32,43) r(29,37) d(39) a(36,39) d(38) d(7) d(5) d(35) r(32,83) d(36) d(37)
27; d(35) a(38,45) a(36,60) r(39,35) d(38) d(5) a(6,82) r(6,154) a(37,43) a(38,65) a(38,29) d(38) d(31) r(32,90) a(36,35) r(37,56)
28; d(35) a(6,82) r(6,154) a(37,43) a(38,65) a(38,29) d(38) d(39) a(36,93) d(5) a(37,82) r(29,32) r(39,43) r(32,162)
29; d(35) d(38) r(29,35) r(36,66)
30; d(35) a(6,82) r(6,154) a(37,43) a(38,65) a(38,29) d(38) d(39) a(36,93) r(29,35) a(32,91)
31; d(35) d(38) d(5) a(37,82) r(29,32) r(39,43) r(37,93)
32; d(35) a(38,45) a(36,60) r(39,35) d(38) d(5) r(36,80) d(36) a(39,31) a(39,32) a(29,82) r(29,40)
33; d(35) a(38,45) a(36,60) r(39,35) d(38) d(5) r(36,80) d(29) r(37,74) d(32)
34; d(35) d(29) r(39,163) a(5,78) a(32,45) r(5,79)
35; d(35) d(38) a(38,45) a(36,60) r(39,35) d(38) d(5) r(36,80) d(36) a(39,31) a(39,32) a(29,82) r(32,74)
36; d(35) a(38,45) a(36,60) r(39,35) d(38) d(5) r(36,80) d(36) a(39,31) a(39,32) a(29,82) r(29,66)
37; d(35) d(38) d(29) r(39,163) a(5,78) a(32,45) a(36,56)
38; d(35) r(38,162) d(35) d(39) r(36,45) r(38,91) r(29,37) d(39) a(36,39) d(38) d(7) d(5) d(32) r(36,50) a(37,43) d(37)
39; d(35) d(39) a(38,91) a(6,82) a(6,78) a(32,128) a(38,39)
40; d(35) r(38,162) d(35) d(39) r(36,45) a(6,78) a(32,128) r(7,82)
41; d(35) d(39) a(38,91) a(6,82) r(38,91) r(29,37) d(39) a(36,39) d(38) d(7) d(5) d(32) r(36,50) a(37,43) r(37,58)
42; d(35) a(38,45) a(36,60) r(39,35) d(38) d(5) r(36,80) a(37,82) r(29,32) d(32) r(37,124)
43; d(35) d(39) a(38,91) a(6,82) r(38,91) d(5) d(32) d(31) r(36,133) r(29,50) a(37,38) a(37,43) a(37,95)
44; a(32,43) d(5) d(32) d(31) r(36,133) a(38,46) d(38) r(29,48) r(39,31)
45; d(35) a(38,45) a(36,60) r(39,35) d(38) d(5) d(38) d(5) a(32,104) r(32,74) a(29,133) d(37) d(36)
46; d(35) a(38,45) a(36,60) r(39,35) d(38) d(5) r(36,80) a(37,82) a(38,91) a(6,82) r(38,91) d(5) d(32) d(31) r(36,133) r(29,50) a(37,95) r(37,124)
47; d(35) a(38,45) a(36,60) r(39,35) d(38) d(5) a(36,5) a(29,80) a(31,42) r(31,78) a(37,101)
48; d(35) a(38,45) a(36,60) r(39,35) d(38) d(5) r(36,80) d(29) r(37,74) d(32)
49; d(35) a(38,45) a(36,60) r(39,35) a(38,56) a(38,35) a(38,83) r(7,133) r(6,47) r(38,61) d(36)
50; d(35) d(39) a(36,93) a(38,41) a(38,91)
51; d(35) a(38,160) r(38,145) d(6) d(39) r(36,31) a(32,37) r(29,61)
52; d(35) a(6,82) r(6,154) a(37,43) a(38,65) a(38,29) d(38) a(6,82) r(6,154) a(37,43) a(38,65) a(38,29) d(38) d(5) d(39) a(36,36) r(37,58)
53; d(35) a(38,45) a(36,60) r(39,35) a(38,56) a(38,35) a(38,83) r(7,133) r(6,47) r(38,61) r(36,154)
54; d(35) a(6,82) r(6,154) a(37,43) a(38,65) a(38,29) d(38) d(39) a(36,93) a(37,90) d(32)
55; d(35) d(39) a(38,91) a(6,82) r(38,91) d(5) d(32) d(31) r(36,133) r(29,50) a(37,95) d(37)
--------------------------------------------------------------------------------
Evaluation

0; 0.
1; 0.
2; 0.
3; 0.
4; 0.
5; 0.
6; 4.
7; 0.
8; 0.
9; 0.
10; 0.
11; 0.
12; 0.
13; 0.
14; 0.
15; 0.
16; 0.
17; 0.
18; 0.
19; 0.
20; 0.
21; 0.
22; 0.
23; 0.
24; 0.
25; 0.
26; 0.
27; 0.
28; 4.
29; 0.
30; 0.
31; 4.
32; 0.
33; 0.
34; 0.
35; 0.
36; 0.
37; 0.
38; 0.
39; 0.
40; 0.
41; 0.
42; 12.
43; 0.
44; 0.
45; 0.
46; 12.
47; 0.
48; 0.
49; 0.
50; 0.
51; 0.
52; 0.
53; 0.
54; 0.
55; 0.
