================================================================================
Enclosure

1: 0
2: 0
3: 0
4: 0
5: 0
6: 5
7: 6
8: 7
11: 5
12: 11
14: 0
16: 0
18: 0
19: 0
20: 19
21: 19
26: 11
27: 5
28: 5
29: 0
30: 29
31: 29
32: 0
33: 32
34: 32
35: 32
36: 0
37: 0
38: 37
39: 37
40: 37
41: 0
42: 0
43: 0
44: 0
45: 0
46: 45
47: 45
48: 45
49: 48
50: 48
51: 48
52: 51
53: 52
56: 45
57: 45
58: 57
60: 45
61: 45
63: 0
65: 63
66: 0
68: 0
71: 45
72: 0
73: 0
74: 73
75: 73
76: 75
78: 73
79: 73
80: 79
81: 79
82: 73
83: 73
85: 0
86: 0
90: 0
91: 90
92: 90
93: 92
95: 90
96: 90
98: 0
101: 0
102: 0
103: 102
104: 103
106: 102
107: 106
108: 106
109: 102
110: 102
111: 0
112: 111
113: 111
114: 113
115: 113
116: 115
117: 115
118: 113
119: 111
120: 0
121: 0
122: 121
123: 121
124: 123
125: 123
126: 121
128: 126
129: 121
130: 121
131: 121
132: 0
133: 0
134: 0
135: 134
136: 134
137: 134
138: 134
139: 134
140: 139
142: 139
143: 142
145: 142
146: 134
147: 146
148: 146
149: 148
150: 148
151: 148
152: 151
154: 146
155: 134
156: 155
157: 155
158: 157
159: 157
160: 155
161: 134
162: 134
163: 0
================================================================================
Initialisation

0; d(39); 4.
1; r(7,163); 12.
2; a(6,48); 4.
3; r(39,32); 4.
4; d(38); 4.
5; d(6); 0.
6; d(38); 4.
7; r(31,35); 4.
8; a(35,39); 0.
9; d(7); 12.
10; r(39,35); 4.
11; a(39,124); 4.
12; d(29); 4.
13; r(39,95); 4.
14; d(7); 12.
15; d(38); 4.
16; d(38); 4.
17; d(38); 4.
18; a(36,60); 4.
19; a(38,29); 4.
20; a(38,43); 4.
21; d(38); 4.
22; a(38,133); 4.
23; d(32); 0.
24; r(39,76); 4.
25; a(35,42); 4.
26; a(32,162); 4.
27; r(39,50); 4.
28; d(39); 4.
29; a(38,104); 4.
30; d(38); 4.
31; d(38); 4.
32; r(6,128); 0.
33; d(38); 4.
34; d(39); 4.
35; a(5,39); 0.
36; a(39,61); 4.
37; d(38); 4.
38; r(38,45); 4.
39; original; 4.
================================================================================
Generation 1

--------------------------------------------------------------------------------
Selection

0; 13
1; 28
2; 26
3; 27
4; 2
5; 33
6; 16
7; 23
8; 5
9; 35
10; 22
11; 36
12; 11
13; 35
14; 27
15; 29
16; 37
17; 22
18; 21
19; 12
20; 10
21; 5
22; 36
23; 39
24; 8
25; 32
26; 21
27; 20
28; 0
29; 34
30; 3
31; 5
32; 22
33; 5
34; 19
35; 33
36; 21
37; 15
38; 3
39; 17
--------------------------------------------------------------------------------
Crossover

0; 36, 32; a(39,61)
1; 36, 32; r(6,128)
2; 36; a(39,61)
3; 32; r(6,128)
4; 11, 21; a(39,124)
5; 11, 21; d(38)
6; 11; a(39,124)
7; 21; d(38)
8; 12, 5; d(29)
9; 12, 5; d(6)
10; 12; d(29)
11; 5; d(6)
12; 13; r(39,95)
13; 22; a(38,133)
14; 21; d(38)
15; 8; a(35,39)
16; 39, 35; original
17; 39, 35; a(5,39)
18; 39; original
19; 35; a(5,39)
20; 29, 22; a(38,104)
21; 29, 22; a(38,133)
22; 29; a(38,104)
23; 22; a(38,133)
24; 27, 19; r(39,50)
25; 27, 19; a(38,29)
26; 27; r(39,50)
27; 19; a(38,29)
28; 0, 10; d(39)
29; 0, 10; r(39,35)
30; 0; d(39)
31; 10; r(39,35)
32; 28; d(39)
33; 26; a(32,162)
34; 21, 20; d(38)
35; 21, 20; a(38,43)
36; 21; d(38)
37; 20; a(38,43)
38; 35, 16; a(5,39)
39; 35, 16; d(38)
40; 35; a(5,39)
41; 16; d(38)
42; 5, 17; d(6)
43; 5, 17; d(38)
44; 5; d(6)
45; 17; d(38)
46; 27, 15; r(39,50)
47; 27, 15; d(38)
48; 27; r(39,50)
49; 15; d(38)
50; 3; r(39,32)
51; 5; d(6)
52; 36, 3; a(39,61)
53; 36, 3; r(39,32)
54; 36; a(39,61)
55; 3; r(39,32)
56; 37, 34; d(38)
57; 37, 34; d(39)
58; 37; d(38)
59; 34; d(39)
60; 5; d(6)
61; 23; d(32)
62; 22; a(38,133)
63; 2; a(6,48)
64; 33; d(38)
65; 33; d(38)
--------------------------------------------------------------------------------
Mutation

0; a(39,61) d(36)
1; r(6,128) d(39)
2; a(39,61) a(37,79)
3; r(6,128) r(38,133)
4; a(39,124) r(38,73)
5; d(38) r(36,66)
6; a(39,124) d(39)
7; d(38) a(39,5)
8; d(29) r(38,83)
9; d(6) r(38,41)
10; d(29) d(38)
11; d(6) d(39)
12; r(39,95) d(31)
13; a(38,133) a(39,38)
14; d(38) a(39,46)
15; a(35,39) d(38)
16; d(39)
17; a(5,39) d(39)
18; r(6,154)
19; a(5,39) d(39)
20; a(38,104) r(39,40)
21; a(38,133) a(39,74)
22; a(38,104) d(39)
23; a(38,133) d(38)
24; r(39,50) r(32,72)
25; a(38,29) r(39,65)
26; r(39,50) d(6)
27; a(38,29) d(38)
28; d(39) r(5,93)
29; r(39,35) d(7)
30; d(39) d(35)
31; r(39,35) a(29,93)
32; d(39) r(32,66)
33; a(32,162) a(38,5)
34; d(38) r(37,38)
35; a(38,43) r(31,108)
36; d(38) r(39,160)
37; a(38,43) d(37)
38; a(5,39) a(6,160)
39; d(38) r(37,65)
40; a(5,39) d(39)
41; d(38) d(37)
42; d(6) d(38)
43; d(38) d(6)
44; d(6) a(39,91)
45; d(38) d(36)
46; r(39,50) r(38,37)
47; d(38) r(39,79)
48; r(39,50) a(38,47)
49; d(38) r(39,38)
50; r(39,32) r(38,80)
51; d(6) d(38)
52; a(39,61) r(38,101)
53; r(39,32) r(37,66)
54; a(39,61) d(31)
55; r(39,32) d(5)
56; d(38) a(39,56)
57; d(39) r(35,95)
58; d(38) d(39)
59; d(39) r(36,145)
60; d(6) r(38,74)
61; d(32) r(31,78)
62; a(38,133) r(29,90)
63; a(6,48) d(38)
64; d(38) a(39,42)
65; d(38) a(7,51)
--------------------------------------------------------------------------------
Evaluation

0; 0.
1; 0.
2; 0.
3; 0.
4; 4.
5; 0.
6; 4.
7; 4.
8; 4.
9; 0.
10; 4.
11; 0.
12; 4.
13; 4.
14; 4.
15; 0.
16; 4.
17; 0.
18; 0.
19; 0.
20; 4.
21; 4.
22; 4.
23; 4.
24; 0.
25; 4.
26; 0.
27; 4.
28; 4.
29; 12.
30; 0.
31; 4.
32; 0.
33; 4.
34; 4.
35; 4.
36; 4.
37; 4.
38; 0.
39; 4.
40; 0.
41; 4.
42; 0.
43; 0.
44; 0.
45; 0.
46; 4.
47; 4.
48; 4.
49; 4.
50; 4.
51; 0.
52; 4.
53; 4.
54; 4.
55; 4.
56; 4.
57; 0.
58; 4.
59; 0.
60; 0.
61; 0.
62; 0.
63; 4.
64; 4.
65; 4.
================================================================================
Generation 2

--------------------------------------------------------------------------------
Selection

0; 40
1; 42
2; 19
3; 47
4; 62
5; 50
6; 1
7; 17
8; 39
9; 48
10; 32
11; 17
12; 11
13; 44
14; 3
15; 2
16; 25
17; 36
18; 18
19; 61
20; 40
21; 18
22; 8
23; 43
24; 12
25; 24
26; 24
27; 41
28; 42
29; 31
30; 3
31; 59
32; 62
33; 47
34; 24
35; 20
36; 62
37; 24
38; 24
39; 32
--------------------------------------------------------------------------------
Crossover

0; 48, 62; r(39,50)
1; 48, 62; a(38,133) r(29,90) a(38,47)
2; 48; r(39,50) a(38,47)
3; 62; a(38,133) r(29,90)
4; 12; r(39,95) d(31)
5; 18; r(6,154)
6; 11, 24; d(6) d(39) r(32,72)
7; 11, 24; r(39,50)
8; 11; d(6) d(39)
9; 24; r(39,50) r(32,72)
10; 39, 32; d(38) r(37,65)
11; 39, 32; d(39) r(32,66)
12; 39; d(38) r(37,65)
13; 32; d(39) r(32,66)
14; 25; a(38,29) r(39,65)
15; 17; a(5,39) d(39)
16; 3; r(6,128) r(38,133)
17; 36; d(38) r(39,160)
18; 43; d(38) d(6)
19; 42; d(6) d(38)
20; 61, 1; d(32)
21; 61, 1; r(6,128) d(39) r(31,78)
22; 61; d(32) r(31,78)
23; 1; r(6,128) d(39)
24; 40, 59; a(5,39) r(36,145)
25; 40, 59; d(39) d(39)
26; 40; a(5,39) d(39)
27; 59; d(39) r(36,145)
28; 62, 24; a(38,133) r(32,72)
29; 62, 24; r(39,50) r(29,90)
30; 62; a(38,133) r(29,90)
31; 24; r(39,50) r(32,72)
32; 50, 18; r(39,32) r(38,80)
33; 50, 18; r(6,154)
34; 50; r(39,32) r(38,80)
35; 18; r(6,154)
36; 40, 24; a(5,39)
37; 40, 24; r(39,50) r(32,72) d(39)
38; 40; a(5,39) d(39)
39; 24; r(39,50) r(32,72)
40; 41, 20; d(38) d(37) r(39,40)
41; 41, 20; a(38,104)
42; 41; d(38) d(37)
43; 20; a(38,104) r(39,40)
44; 8, 47; d(29) r(39,79)
45; 8, 47; d(38) r(38,83)
46; 8; d(29) r(38,83)
47; 47; d(38) r(39,79)
48; 24; r(39,50) r(32,72)
49; 47; d(38) r(39,79)
50; 42; d(6) d(38)
51; 2; a(39,61) a(37,79)
52; 31, 24; r(39,35) a(29,93)
53; 31, 24; r(39,50) r(32,72)
54; 31; r(39,35) a(29,93)
55; 24; r(39,50) r(32,72)
56; 17, 3; a(5,39)
57; 17, 3; r(6,128) r(38,133) d(39)
58; 17; a(5,39) d(39)
59; 3; r(6,128) r(38,133)
60; 19, 32; a(5,39) r(32,66)
61; 19, 32; d(39) d(39)
62; 19; a(5,39) d(39)
63; 32; d(39) r(32,66)
64; 62, 44; a(38,133) r(29,90) a(39,91)
65; 62, 44; d(6)
66; 62; a(38,133) r(29,90)
67; 44; d(6) a(39,91)
--------------------------------------------------------------------------------
Mutation

0; r(39,50) r(6,42)
1; a(38,133) r(29,90) a(38,47) r(38,145)
2; r(39,50) a(38,47) a(35,65)
3; a(38,133) r(29,90) d(32)
4; r(39,95) d(31) r(29,73)
5; r(6,154) r(31,65)
6; d(6) d(39) r(32,72) r(31,36)
7; r(39,50) r(38,29)
8; d(6) d(39) a(38,47)
9; r(39,50) r(32,72) r(36,125)
10; d(38) r(37,65) a(32,80)
11; d(39) r(32,66) d(5)
12; d(38) r(37,65) a(29,101)
13; d(39) r(32,66) r(38,5)
14; a(38,29) r(39,65) r(32,72)
15; a(5,39) d(39) r(38,29)
16; r(6,128) r(38,133) a(39,74)
17; d(38) r(39,160) a(6,7)
18; d(38) d(6) d(39)
19; d(6) d(38) r(39,160)
20; d(32) d(39)
21; r(6,128) d(39) r(31,78) a(37,44)
22; d(32) r(31,78) d(38)
23; r(6,128) d(39) r(32,50)
24; a(5,39) r(36,145) r(7,47)
25; d(39) d(39) d(7)
26; a(5,39) d(39) a(38,91)
27; d(39) r(36,145) r(38,72)
28; a(38,133) r(32,72) d(7)
29; r(39,50) r(29,90) d(38)
30; a(38,133) r(29,90) r(39,96)
31; r(39,50) r(32,72) a(5,124)
32; r(39,32) r(38,80) d(6)
33; r(6,154) d(37)
34; r(39,32) r(38,80) r(35,104)
35; r(6,154) d(39)
36; a(5,39) d(39)
37; r(39,50) r(32,72) d(39) a(29,95)
38; a(5,39) d(39) r(31,72)
39; r(39,50) r(32,72) d(38)
40; d(38) d(37) r(39,40) r(6,90)
41; a(38,104) d(38)
42; d(38) d(37) d(31)
43; a(38,104) r(39,40) a(38,74)
44; d(29) r(39,79) d(38)
45; d(38) r(38,83) a(36,53)
46; d(29) r(38,83) a(5,53)
47; d(38) r(39,79) r(37,32)
48; r(39,50) r(32,72) r(38,95)
49; d(38) r(39,79) a(29,101)
50; d(6) d(38) d(32)
51; a(39,61) a(37,79) d(39)
52; r(39,35) a(29,93) r(32,35)
53; r(39,50) r(32,72) a(38,73)
54; r(39,35) a(29,93) d(38)
55; r(39,50) r(32,72) r(6,58)
56; a(5,39) r(32,90)
57; r(6,128) r(38,133) d(39) a(35,41)
58; a(5,39) d(39) d(38)
59; r(6,128) r(38,133) a(31,43)
60; a(5,39) r(32,66) a(38,35)
61; d(39) d(39) r(38,41)
62; a(5,39) d(39) a(38,29)
63; d(39) r(32,66) d(38)
64; a(38,133) r(29,90) a(39,91) r(38,78)
65; d(6) r(31,44)
66; a(38,133) r(29,90) d(35)
67; d(6) a(39,91) d(39)
--------------------------------------------------------------------------------
Evaluation

0; 0.
1; 0.
2; 4.
3; 0.
4; 0.
5; 0.
6; 0.
7; 4.
8; 0.
9; 0.
10; 4.
11; 0.
12; 12.
13; 0.
14; 0.
15; 0.
16; 0.
17; 4.
18; 0.
19; 0.
20; 0.
21; 0.
22; 0.
23; 0.
24; 0.
25; 12.
26; 0.
27; 0.
28; 12.
29; 0.
30; 0.
31; 12.
32; 0.
33; 0.
34; 0.
35; 0.
36; 0.
37; 0.
38; 0.
39; 0.
40; 0.
41; 4.
42; 4.
43; 4.
44; 4.
45; 4.
46; 4.
47; 4.
48; 0.
49; 12.
50; 0.
51; 0.
52; 4.
53; 0.
54; 4.
55; 0.
56; 0.
57; 0.
58; 0.
59; 0.
60; 0.
61; 4.
62; 0.
63; 0.
64; 0.
65; 0.
66; 0.
67; 0.
================================================================================
Generation 3

--------------------------------------------------------------------------------
Selection

0; 1
1; 19
2; 23
3; 51
4; 20
5; 41
6; 11
7; 23
8; 16
9; 18
10; 20
11; 51
12; 29
13; 9
14; 60
15; 34
16; 24
17; 56
18; 35
19; 54
20; 40
21; 21
22; 27
23; 56
24; 22
25; 19
26; 35
27; 61
28; 14
29; 32
30; 9
31; 55
32; 17
33; 23
34; 0
35; 9
36; 63
37; 27
38; 39
39; 16
--------------------------------------------------------------------------------
Crossover

0; 22, 9; d(32) r(31,78) r(32,72) r(36,125)
1; 22, 9; r(39,50) d(38)
2; 22; d(32) r(31,78) d(38)
3; 9; r(39,50) r(32,72) r(36,125)
4; 21; r(6,128) d(39) r(31,78) a(37,44)
5; 24; a(5,39) r(36,145) r(7,47)
6; 19, 0; d(6) d(38)
7; 19, 0; r(39,50) r(6,42) r(39,160)
8; 19; d(6) d(38) r(39,160)
9; 0; r(39,50) r(6,42)
10; 16, 60; r(6,128) r(38,133) a(39,74) r(32,66) a(38,35)
11; 16, 60; a(5,39)
12; 16; r(6,128) r(38,133) a(39,74)
13; 60; a(5,39) r(32,66) a(38,35)
14; 40, 18; d(38) d(37) r(39,40) d(6) d(39)
15; 40, 18; d(38) r(6,90)
16; 40; d(38) d(37) r(39,40) r(6,90)
17; 18; d(38) d(6) d(39)
18; 20, 20; d(32) d(39)
19; 20, 20; d(32) d(39)
20; 20; d(32) d(39)
21; 20; d(32) d(39)
22; 54, 1; r(39,35) a(29,93)
23; 54, 1; a(38,133) r(29,90) a(38,47) r(38,145) d(38)
24; 54; r(39,35) a(29,93) d(38)
25; 1; a(38,133) r(29,90) a(38,47) r(38,145)
26; 61, 41; d(39) d(38)
27; 61, 41; a(38,104) d(39) r(38,41)
28; 61; d(39) d(39) r(38,41)
29; 41; a(38,104) d(38)
30; 29; r(39,50) r(29,90) d(38)
31; 9; r(39,50) r(32,72) r(36,125)
32; 14, 23; a(38,29) d(39) r(32,50)
33; 14, 23; r(6,128) r(39,65) r(32,72)
34; 14; a(38,29) r(39,65) r(32,72)
35; 23; r(6,128) d(39) r(32,50)
36; 56; a(5,39) r(32,90)
37; 32; r(39,32) r(38,80) d(6)
38; 23; r(6,128) d(39) r(32,50)
39; 51; a(39,61) a(37,79) d(39)
40; 56, 35; a(5,39) r(32,90)
41; 56, 35; r(6,154) d(39)
42; 56; a(5,39) r(32,90)
43; 35; r(6,154) d(39)
44; 55; r(39,50) r(32,72) r(6,58)
45; 11; d(39) r(32,66) d(5)
46; 39; r(39,50) r(32,72) d(38)
47; 17; d(38) r(39,160) a(6,7)
48; 51, 9; a(39,61) a(37,79)
49; 51, 9; r(39,50) r(32,72) r(36,125) d(39)
50; 51; a(39,61) a(37,79) d(39)
51; 9; r(39,50) r(32,72) r(36,125)
52; 35; r(6,154) d(39)
53; 23; r(6,128) d(39) r(32,50)
54; 27, 27; d(39) r(36,145) r(38,72)
55; 27, 27; d(39) r(36,145) r(38,72)
56; 27; d(39) r(36,145) r(38,72)
57; 27; d(39) r(36,145) r(38,72)
58; 16; r(6,128) r(38,133) a(39,74)
59; 63; d(39) r(32,66) d(38)
60; 34, 19; r(39,32) r(38,80) r(35,104) d(38) r(39,160)
61; 34, 19; d(6)
62; 34; r(39,32) r(38,80) r(35,104)
63; 19; d(6) d(38) r(39,160)
--------------------------------------------------------------------------------
Mutation

0; d(32) r(31,78) r(32,72) r(36,125) a(39,38)
1; r(39,50) d(38) a(6,75)
2; d(32) r(31,78) d(38) d(39)
3; r(39,50) r(32,72) r(36,125) r(38,74)
4; r(6,128) d(39) r(31,78) a(37,44) a(38,72)
5; a(5,39) r(36,145) r(7,47) d(38)
6; d(6) d(38) d(37)
7; r(39,50) r(6,42) r(39,160) r(38,35)
8; d(6) d(38) r(39,160) d(36)
9; r(39,50) r(6,42) a(38,72)
10; r(6,128) r(38,133) a(39,74) r(32,66) a(38,35) a(39,46)
11; a(5,39) r(39,125)
12; r(6,128) r(38,133) a(39,74) a(39,90)
13; a(5,39) r(32,66) a(38,35) a(38,74)
14; d(38) d(37) r(39,40) d(6) d(39) d(31)
15; d(38) r(6,90) a(39,82)
16; d(38) d(37) r(39,40) r(6,90) d(32)
17; d(38) d(6) d(39) r(29,83)
18; d(32) d(39) d(37)
19; d(32) d(39) a(38,93)
20; d(32) d(39) r(29,74)
21; d(32) d(39) r(38,35)
22; r(39,35) a(29,93) d(38)
23; a(38,133) r(29,90) a(38,47) r(38,145) d(38) d(6)
24; r(39,35) a(29,93) d(38) r(29,50)
25; a(38,133) r(29,90) a(38,47) r(38,145) r(37,29)
26; d(39) d(38) r(6,90)
27; a(38,104) d(39) r(38,41) a(29,82)
28; d(39) d(39) r(38,41) r(7,104)
29; a(38,104) d(38) r(37,128)
30; r(39,50) r(29,90) d(38) d(5)
31; r(39,50) r(32,72) r(36,125) r(38,41)
32; a(38,29) d(39) r(32,50) d(38)
33; r(6,128) r(39,65) r(32,72) r(38,47)
34; a(38,29) r(39,65) r(32,72) a(5,104)
35; r(6,128) d(39) r(32,50) a(5,108)
36; a(5,39) r(32,90) a(7,31)
37; r(39,32) r(38,80) d(6) r(29,32)
38; r(6,128) d(39) r(32,50) a(29,47)
39; a(39,61) a(37,79) d(39) a(6,47)
40; a(5,39) r(32,90) r(38,93)
41; r(6,154) d(39) a(38,41)
42; a(5,39) r(32,90) d(39)
43; r(6,154) d(39) a(38,91)
44; r(39,50) r(32,72) r(6,58) r(38,46)
45; d(39) r(32,66) d(5) a(38,78)
46; r(39,50) r(32,72) d(38) d(5)
47; d(38) r(39,160) a(6,7) a(31,133)
48; a(39,61) a(37,79) d(7)
49; r(39,50) r(32,72) r(36,125) d(39) a(29,31)
50; a(39,61) a(37,79) d(39) r(7,162)
51; r(39,50) r(32,72) r(36,125) d(7)
52; r(6,154) d(39) a(29,124)
53; r(6,128) d(39) r(32,50) r(38,145)
54; d(39) r(36,145) r(38,72) d(31)
55; d(39) r(36,145) r(38,72) d(6)
56; d(39) r(36,145) r(38,72) d(5)
57; d(39) r(36,145) r(38,72) d(37)
58; r(6,128) r(38,133) a(39,74) r(39,91)
59; d(39) r(32,66) d(38) r(6,160)
60; r(39,32) r(38,80) r(35,104) d(38) r(39,160) d(7)
61; d(6) a(39,38)
62; r(39,32) r(38,80) r(35,104) d(36)
63; d(6) d(38) r(39,160) a(29,125)
--------------------------------------------------------------------------------
Evaluation

0; 0.
1; 4.
2; 0.
3; 0.
4; 0.
5; 0.
6; 0.
7; 0.
8; 0.
9; 0.
10; 0.
11; 0.
12; 0.
13; 0.
14; 0.
15; 0.
16; 0.
17; 0.
18; 0.
19; 0.
20; 0.
21; 0.
22; 4.
23; 0.
24; 4.
25; 0.
26; 0.
27; 4.
28; 12.
29; 4.
30; 0.
31; 0.
32; 0.
33; 0.
34; 0.
35; 0.
36; 0.
37; 0.
38; 0.
39; 0.
40; 0.
41; 0.
42; 0.
43; 0.
44; 0.
45; 0.
46; 0.
47; 0.
48; 12.
49; 0.
50; 12.
51; 12.
52; 0.
53; 0.
54; 0.
55; 0.
56; 0.
57; 0.
58; 0.
59; 0.
60; 12.
61; 0.
62; 0.
63; 0.
================================================================================
Generation 4

--------------------------------------------------------------------------------
Selection

0; 26
1; 48
2; 0
3; 36
4; 36
5; 57
6; 9
7; 0
8; 45
9; 59
10; 24
11; 35
12; 26
13; 21
14; 59
15; 3
16; 52
17; 35
18; 12
19; 4
20; 62
21; 43
22; 55
23; 57
24; 26
25; 21
26; 55
27; 33
28; 18
29; 59
30; 45
31; 61
32; 33
33; 0
34; 39
35; 36
36; 56
37; 19
38; 15
39; 18
--------------------------------------------------------------------------------
Crossover

0; 59; d(39) r(32,66) d(38) r(6,160)
1; 36; a(5,39) r(32,90) a(7,31)
2; 0, 62; d(32) r(31,78) r(32,72) r(36,125) a(39,38)
3; 0, 62; r(39,32) r(38,80) r(35,104) d(36)
4; 0; d(32) r(31,78) r(32,72) r(36,125) a(39,38)
5; 62; r(39,32) r(38,80) r(35,104) d(36)
6; 26; d(39) d(38) r(6,90)
7; 48; a(39,61) a(37,79) d(7)
8; 21; d(32) d(39) r(38,35)
9; 35; r(6,128) d(39) r(32,50) a(5,108)
10; 0, 12; d(32) r(31,78) a(39,90)
11; 0, 12; r(6,128) r(38,133) a(39,74) r(32,72) r(36,125) a(39,38)
12; 0; d(32) r(31,78) r(32,72) r(36,125) a(39,38)
13; 12; r(6,128) r(38,133) a(39,74) a(39,90)
14; 57, 18; d(39) r(36,145) r(38,72) d(37) d(39) d(37)
15; 57, 18; d(32)
16; 57; d(39) r(36,145) r(38,72) d(37)
17; 18; d(32) d(39) d(37)
18; 43; r(6,154) d(39) a(38,91)
19; 35; r(6,128) d(39) r(32,50) a(5,108)
20; 33, 45; r(6,128) r(32,66) d(5) a(38,78)
21; 33, 45; d(39) r(39,65) r(32,72) r(38,47)
22; 33; r(6,128) r(39,65) r(32,72) r(38,47)
23; 45; d(39) r(32,66) d(5) a(38,78)
24; 39, 33; a(39,61) a(37,79) r(39,65) r(32,72) r(38,47)
25; 39, 33; r(6,128) d(39) a(6,47)
26; 39; a(39,61) a(37,79) d(39) a(6,47)
27; 33; r(6,128) r(39,65) r(32,72) r(38,47)
28; 3; r(39,50) r(32,72) r(36,125) r(38,74)
29; 9; r(39,50) r(6,42) a(38,72)
30; 36; a(5,39) r(32,90) a(7,31)
31; 24; r(39,35) a(29,93) d(38) r(29,50)
32; 59, 18; d(39) r(32,66) d(38)
33; 59, 18; d(32) d(39) d(37) r(6,160)
34; 59; d(39) r(32,66) d(38) r(6,160)
35; 18; d(32) d(39) d(37)
36; 26; d(39) d(38) r(6,90)
37; 55; d(39) r(36,145) r(38,72) d(6)
38; 59; d(39) r(32,66) d(38) r(6,160)
39; 19; d(32) d(39) a(38,93)
40; 61, 57; d(6) a(39,38) r(38,72) d(37)
41; 61, 57; d(39) r(36,145)
42; 61; d(6) a(39,38)
43; 57; d(39) r(36,145) r(38,72) d(37)
44; 4; r(6,128) d(39) r(31,78) a(37,44) a(38,72)
45; 55; d(39) r(36,145) r(38,72) d(6)
46; 15, 26; d(38)
47; 15, 26; d(39) d(38) r(6,90) r(6,90) a(39,82)
48; 15; d(38) r(6,90) a(39,82)
49; 26; d(39) d(38) r(6,90)
50; 36; a(5,39) r(32,90) a(7,31)
51; 56; d(39) r(36,145) r(38,72) d(5)
52; 45, 52; d(39) r(32,66) d(5)
53; 45, 52; r(6,154) d(39) a(29,124) a(38,78)
54; 45; d(39) r(32,66) d(5) a(38,78)
55; 52; r(6,154) d(39) a(29,124)
56; 21, 0; d(32) d(39) r(36,125) a(39,38)
57; 21, 0; d(32) r(31,78) r(32,72) r(38,35)
58; 21; d(32) d(39) r(38,35)
59; 0; d(32) r(31,78) r(32,72) r(36,125) a(39,38)
--------------------------------------------------------------------------------
Mutation

0; d(39) r(32,66) d(38) r(6,160) a(37,43)
1; a(5,39) r(32,90) a(7,31) d(38)
2; d(32) r(31,78) r(32,72) r(36,125) a(39,38) r(37,32)
3; r(39,32) r(38,80) r(35,104) d(36) d(32)
4; d(32) r(31,78) r(32,72) r(36,125) a(39,38) r(38,60)
5; r(39,32) r(38,80) r(35,104) d(36) r(32,49)
6; d(39) d(38) r(6,90) r(35,41)
7; a(39,61) a(37,79) d(7) r(5,93)
8; d(32) d(39) r(38,35) r(7,57)
9; r(6,128) d(39) r(32,50) a(5,108) d(38)
10; d(32) r(31,78) a(39,90) r(39,48)
11; r(6,128) r(38,133) a(39,74) r(32,72) r(36,125) a(39,38) a(39,125)
12; d(32) r(31,78) r(32,72) r(36,125) a(39,38) a(38,47)
13; r(6,128) r(38,133) a(39,74) a(39,90) d(31)
14; d(39) r(36,145) r(38,72) d(37) d(39) d(37) d(31)
15; d(32) r(39,160)
16; d(39) r(36,145) r(38,72) d(37) d(32)
17; d(32) d(39) d(37) d(7)
18; r(6,154) d(39) a(38,91) r(29,128)
19; r(6,128) d(39) r(32,50) a(5,108) d(31)
20; r(6,128) r(32,66) d(5) a(38,78) r(38,160)
21; d(39) r(39,65) r(32,72) r(38,47) r(6,90)
22; r(6,128) r(39,65) r(32,72) r(38,47) d(37)
23; d(39) r(32,66) d(5) a(38,78) d(38)
24; a(39,61) a(37,79) r(39,65) r(32,72) r(38,47) r(36,160)
25; r(6,128) d(39) a(6,47) a(38,82)
26; a(39,61) a(37,79) d(39) a(6,47) r(35,31)
27; r(6,128) r(39,65) r(32,72) r(38,47) a(36,79)
28; r(39,50) r(32,72) r(36,125) r(38,74) r(29,154)
29; r(39,50) r(6,42) a(38,72) d(36)
30; a(5,39) r(32,90) a(7,31) a(38,162)
31; r(39,35) a(29,93) d(38) r(29,50) d(6)
32; d(39) r(32,66) d(38) d(31)
33; d(32) d(39) d(37) r(6,160) d(29)
34; d(39) r(32,66) d(38) r(6,160) d(37)
35; d(32) d(39) d(37) d(29)
36; d(39) d(38) r(6,90) a(29,35)
37; d(39) r(36,145) r(38,72) d(6) d(35)
38; d(39) r(32,66) d(38) r(6,160) a(36,79)
39; d(32) d(39) a(38,93) a(37,82)
40; d(6) a(39,38) r(38,72) d(37) a(36,95)
41; d(39) r(36,145) d(6)
42; d(6) a(39,38) d(39)
43; d(39) r(36,145) r(38,72) d(37) r(7,104)
44; r(6,128) d(39) r(31,78) a(37,44) a(38,72) r(38,124)
45; d(39) r(36,145) r(38,72) d(6) a(32,96)
46; d(38) r(37,160)
47; d(39) d(38) r(6,90) r(6,90) a(39,82) r(36,91)
48; d(38) r(6,90) a(39,82) r(39,42)
49; d(39) d(38) r(6,90) r(31,162)
50; a(5,39) r(32,90) a(7,31) a(38,104)
51; d(39) r(36,145) r(38,72) d(5) d(35)
52; d(39) r(32,66) d(5) d(31)
53; r(6,154) d(39) a(29,124) a(38,78) d(5)
54; d(39) r(32,66) d(5) a(38,78) d(38)
55; r(6,154) d(39) a(29,124) r(29,58)
56; d(32) d(39) r(36,125) a(39,38) d(38)
57; d(32) r(31,78) r(32,72) r(38,35) r(39,79)
58; d(32) d(39) r(38,35) d(29)
59; d(32) r(31,78) r(32,72) r(36,125) a(39,38) d(38)
--------------------------------------------------------------------------------
Evaluation

0; 0.
1; 0.
2; 0.
3; 0.
4; 0.
5; 0.
6; 0.
7; 0.
8; 0.
9; 0.
10; 0.
11; 0.
12; 0.
13; 0.
14; 0.
15; 0.
16; 0.
17; 12.
18; 0.
19; 0.
20; 0.
21; 0.
22; 0.
23; 0.
24; 0.
25; 0.
26; 12.
27; 0.
28; 0.
29; 0.
30; 0.
31; 0.
32; 0.
33; 0.
34; 0.
35; 0.
36; 0.
37; 0.
38; 0.
39; 0.
40; 0.
41; 0.
42; 0.
43; 12.
44; 0.
45; 0.
46; 4.
47; 0.
48; 0.
49; 0.
50; 0.
51; 0.
52; 0.
53; 12.
54; 0.
55; 0.
56; 0.
57; 0.
58; 0.
59; 0.
================================================================================
Generation 5

--------------------------------------------------------------------------------
Selection

0; 24
1; 7
2; 22
3; 25
4; 5
5; 14
6; 7
7; 1
8; 29
9; 6
10; 28
11; 55
12; 14
13; 11
14; 34
15; 9
16; 39
17; 27
18; 44
19; 54
20; 14
21; 48
22; 15
23; 40
24; 45
25; 39
26; 19
27; 15
28; 3
29; 0
30; 2
31; 42
32; 39
33; 45
34; 44
35; 18
36; 20
37; 54
38; 44
39; 58
--------------------------------------------------------------------------------
Crossover

0; 3, 6; r(39,32)
1; 3, 6; d(39) d(38) r(6,90) r(35,41) r(38,80) r(35,104) d(36) d(32)
2; 3; r(39,32) r(38,80) r(35,104) d(36) d(32)
3; 6; d(39) d(38) r(6,90) r(35,41)
4; 44, 39; r(6,128) a(37,82)
5; 44, 39; d(32) d(39) a(38,93) d(39) r(31,78) a(37,44) a(38,72) r(38,124)
6; 44; r(6,128) d(39) r(31,78) a(37,44) a(38,72) r(38,124)
7; 39; d(32) d(39) a(38,93) a(37,82)
8; 1, 14; a(5,39) r(32,90) a(7,31) d(38) r(36,145) r(38,72) d(37) d(39) d(37) d(31)
9; 1, 14; d(39)
10; 1; a(5,39) r(32,90) a(7,31) d(38)
11; 14; d(39) r(36,145) r(38,72) d(37) d(39) d(37) d(31)
12; 22; r(6,128) r(39,65) r(32,72) r(38,47) d(37)
13; 19; r(6,128) d(39) r(32,50) a(5,108) d(31)
14; 7; a(39,61) a(37,79) d(7) r(5,93)
15; 7; a(39,61) a(37,79) d(7) r(5,93)
16; 42; d(6) a(39,38) d(39)
17; 15; d(32) r(39,160)
18; 44, 18; r(6,128) d(39) r(31,78) r(29,128)
19; 44, 18; r(6,154) d(39) a(38,91) a(37,44) a(38,72) r(38,124)
20; 44; r(6,128) d(39) r(31,78) a(37,44) a(38,72) r(38,124)
21; 18; r(6,154) d(39) a(38,91) r(29,128)
22; 9, 48; r(6,128) d(39) a(39,82) r(39,42)
23; 9, 48; d(38) r(6,90) r(32,50) a(5,108) d(38)
24; 9; r(6,128) d(39) r(32,50) a(5,108) d(38)
25; 48; d(38) r(6,90) a(39,82) r(39,42)
26; 45, 11; d(39) r(36,145) r(38,72) r(38,133) a(39,74) r(32,72) r(36,125) a(39,38) a(39,125)
27; 45, 11; r(6,128) d(6) a(32,96)
28; 45; d(39) r(36,145) r(38,72) d(6) a(32,96)
29; 11; r(6,128) r(38,133) a(39,74) r(32,72) r(36,125) a(39,38) a(39,125)
30; 20, 15; r(6,128) r(32,66) d(5) a(38,78)
31; 20, 15; d(32) r(39,160) r(38,160)
32; 20; r(6,128) r(32,66) d(5) a(38,78) r(38,160)
33; 15; d(32) r(39,160)
34; 2, 39; d(32) r(31,78) r(32,72) r(36,125) a(39,38) r(37,32) a(38,93) a(37,82)
35; 2, 39; d(32) d(39)
36; 2; d(32) r(31,78) r(32,72) r(36,125) a(39,38) r(37,32)
37; 39; d(32) d(39) a(38,93) a(37,82)
38; 29; r(39,50) r(6,42) a(38,72) d(36)
39; 25; r(6,128) d(39) a(6,47) a(38,82)
40; 39, 24; d(32) r(39,65) r(32,72) r(38,47) r(36,160)
41; 39, 24; a(39,61) a(37,79) d(39) a(38,93) a(37,82)
42; 39; d(32) d(39) a(38,93) a(37,82)
43; 24; a(39,61) a(37,79) r(39,65) r(32,72) r(38,47) r(36,160)
44; 55, 54; r(6,154) d(39) a(29,124) r(29,58) d(38)
45; 55, 54; d(39) r(32,66) d(5) a(38,78)
46; 55; r(6,154) d(39) a(29,124) r(29,58)
47; 54; d(39) r(32,66) d(5) a(38,78) d(38)
48; 44, 5; r(6,128) d(39) r(31,78) a(37,44)
49; 44, 5; r(39,32) r(38,80) r(35,104) d(36) r(32,49) a(38,72) r(38,124)
50; 44; r(6,128) d(39) r(31,78) a(37,44) a(38,72) r(38,124)
51; 5; r(39,32) r(38,80) r(35,104) d(36) r(32,49)
52; 54; d(39) r(32,66) d(5) a(38,78) d(38)
53; 45; d(39) r(36,145) r(38,72) d(6) a(32,96)
54; 14; d(39) r(36,145) r(38,72) d(37) d(39) d(37) d(31)
55; 0; d(39) r(32,66) d(38) r(6,160) a(37,43)
56; 34, 14; d(39) r(32,66) d(38) d(37) d(31)
57; 34, 14; d(39) r(36,145) r(38,72) d(37) d(39) r(6,160) d(37)
58; 34; d(39) r(32,66) d(38) r(6,160) d(37)
59; 14; d(39) r(36,145) r(38,72) d(37) d(39) d(37) d(31)
60; 40; d(6) a(39,38) r(38,72) d(37) a(36,95)
61; 27; r(6,128) r(39,65) r(32,72) r(38,47) a(36,79)
62; 28; r(39,50) r(32,72) r(36,125) r(38,74) r(29,154)
63; 58; d(32) d(39) r(38,35) d(29)
--------------------------------------------------------------------------------
Mutation

0; r(39,32) a(38,46)
1; d(39) d(38) r(6,90) r(35,41) r(38,80) r(35,104) d(36) d(32) d(5)
2; r(39,32) r(38,80) r(35,104) d(36) d(32) d(6)
3; d(39) d(38) r(6,90) r(35,41) r(5,82)
4; r(6,128) a(37,82) d(38)
5; d(32) d(39) a(38,93) d(39) r(31,78) a(37,44) a(38,72) r(38,124) d(5)
6; r(6,128) d(39) r(31,78) a(37,44) a(38,72) r(38,124) r(36,42)
7; d(32) d(39) a(38,93) a(37,82) d(38)
8; a(5,39) r(32,90) a(7,31) d(38) r(36,145) r(38,72) d(37) d(39) d(37) d(31) a(29,29)
9; d(39) d(5)
10; a(5,39) r(32,90) a(7,31) d(38) d(39)
11; d(39) r(36,145) r(38,72) d(37) d(39) d(37) d(31) a(35,91)
12; r(6,128) r(39,65) r(32,72) r(38,47) d(37) r(36,96)
13; r(6,128) d(39) r(32,50) a(5,108) d(31) r(38,95)
14; a(39,61) a(37,79) d(7) r(5,93) d(32)
15; a(39,61) a(37,79) d(7) r(5,93) d(38)
16; d(6) a(39,38) d(39) r(32,76)
17; d(32) r(39,160) d(36)
18; r(6,128) d(39) r(31,78) r(29,128) a(38,80)
19; r(6,154) d(39) a(38,91) a(37,44) a(38,72) r(38,124) r(35,29)
20; r(6,128) d(39) r(31,78) a(37,44) a(38,72) r(38,124) a(35,58)
21; r(6,154) d(39) a(38,91) r(29,128) r(32,56)
22; r(6,128) d(39) a(39,82) r(39,42) r(38,66)
23; d(38) r(6,90) r(32,50) a(5,108) d(38) a(39,49)
24; r(6,128) d(39) r(32,50) a(5,108) d(38) a(36,49)
25; d(38) r(6,90) a(39,82) r(39,42) d(37)
26; d(39) r(36,145) r(38,72) r(38,133) a(39,74) r(32,72) r(36,125) a(39,38) a(39,125) r(37,145)
27; r(6,128) d(6) a(32,96) a(39,82)
28; d(39) r(36,145) r(38,72) d(6) a(32,96) d(32)
29; r(6,128) r(38,133) a(39,74) r(32,72) r(36,125) a(39,38) a(39,125) d(39)
30; r(6,128) r(32,66) d(5) a(38,78) a(39,125)
31; d(32) r(39,160) r(38,160) a(7,37)
32; r(6,128) r(32,66) d(5) a(38,78) r(38,160) r(29,37)
33; d(32) r(39,160) d(7)
34; d(32) r(31,78) r(32,72) r(36,125) a(39,38) r(37,32) a(38,93) a(37,82) d(29)
35; d(32) d(39) a(7,57)
36; d(32) r(31,78) r(32,72) r(36,125) a(39,38) r(37,32) r(29,35)
37; d(32) d(39) a(38,93) a(37,82) a(6,96)
38; r(39,50) r(6,42) a(38,72) d(36) a(38,101)
39; r(6,128) d(39) a(6,47) a(38,82) a(38,35)
40; d(32) r(39,65) r(32,72) r(38,47) r(36,160) r(29,48)
41; a(39,61) a(37,79) d(39) a(38,93) a(37,82) a(31,96)
42; d(32) d(39) a(38,93) a(37,82) d(38)
43; a(39,61) a(37,79) r(39,65) r(32,72) r(38,47) r(36,160) r(7,35)
44; r(6,154) d(39) a(29,124) r(29,58) d(38) r(5,72)
45; d(39) r(32,66) d(5) a(38,78) d(38)
46; r(6,154) d(39) a(29,124) r(29,58) d(38)
47; d(39) r(32,66) d(5) a(38,78) d(38) d(37)
48; r(6,128) d(39) r(31,78) a(37,44) d(38)
49; r(39,32) r(38,80) r(35,104) d(36) r(32,49) a(38,72) r(38,124) r(29,65)
50; r(6,128) d(39) r(31,78) a(37,44) a(38,72) r(38,124) r(5,42)
51; r(39,32) r(38,80) r(35,104) d(36) r(32,49) r(6,91)
52; d(39) r(32,66) d(5) a(38,78) d(38) a(36,46)
53; d(39) r(36,145) r(38,72) d(6) a(32,96) r(32,41)
54; d(39) r(36,145) r(38,72) d(37) d(39) d(37) d(31) d(32)
55; d(39) r(32,66) d(38) r(6,160) a(37,43) d(5)
56; d(39) r(32,66) d(38) d(37) d(31) d(5)
57; d(39) r(36,145) r(38,72) d(37) d(39) r(6,160) d(37) a(5,101)
58; d(39) r(32,66) d(38) r(6,160) d(37) d(36)
59; d(39) r(36,145) r(38,72) d(37) d(39) d(37) d(31) a(5,124)
60; d(6) a(39,38) r(38,72) d(37) a(36,95) r(5,72)
61; r(6,128) r(39,65) r(32,72) r(38,47) a(36,79) r(29,72)
62; r(39,50) r(32,72) r(36,125) r(38,74) r(29,154) r(37,38)
63; d(32) d(39) r(38,35) d(29) a(5,108)
--------------------------------------------------------------------------------
Evaluation

0; 4.
1; 0.
2; 0.
3; 0.
4; 0.
5; 0.
6; 0.
7; 0.
8; 0.
9; 4.
10; 0.
11; 0.
12; 0.
13; 0.
14; 0.
15; 0.
16; 0.
17; 0.
18; 0.
19; 0.
20; 0.
21; 0.
22; 0.
23; 0.
24; 0.
25; 0.
26; 0.
27; 0.
28; 0.
29; 0.
30; 0.
31; 0.
32; 0.
33; 12.
34; 0.
35; 0.
36; 0.
37; 0.
38; 0.
39; 0.
40; 0.
41; 4.
42; 0.
43; 12.
44; 0.
45; 0.
46; 0.
47; 0.
48; 0.
49; 0.
50; 0.
51; 0.
52; 0.
53; 0.
54; 0.
55; 0.
56; 0.
57; 0.
58; 0.
59; 12.
60; 0.
61; 0.
62; 0.
63; 0.
================================================================================
Generation 6

--------------------------------------------------------------------------------
Selection

0; 11
1; 48
2; 20
3; 22
4; 8
5; 3
6; 1
7; 26
8; 32
9; 1
10; 28
11; 56
12; 8
13; 15
14; 11
15; 3
16; 2
17; 3
18; 56
19; 16
20; 58
21; 3
22; 27
23; 38
24; 3
25; 58
26; 22
27; 38
28; 16
29; 61
30; 55
31; 54
32; 15
33; 35
34; 18
35; 8
36; 24
37; 8
38; 37
39; 54
--------------------------------------------------------------------------------
Crossover

0; 54; d(39) r(36,145) r(38,72) d(37) d(39) d(37) d(31) d(32)
1; 54; d(39) r(36,145) r(38,72) d(37) d(39) d(37) d(31) d(32)
2; 8, 38; a(5,39) r(32,90) a(7,31) d(38) r(36,145) r(38,72) d(37) d(39) a(38,72) d(36) a(38,101)
3; 8, 38; r(39,50) r(6,42) d(37) d(31) a(29,29)
4; 8; a(5,39) r(32,90) a(7,31) d(38) r(36,145) r(38,72) d(37) d(39) d(37) d(31) a(29,29)
5; 38; r(39,50) r(6,42) a(38,72) d(36) a(38,101)
6; 32; r(6,128) r(32,66) d(5) a(38,78) r(38,160) r(29,37)
7; 20; r(6,128) d(39) r(31,78) a(37,44) a(38,72) r(38,124) a(35,58)
8; 26; d(39) r(36,145) r(38,72) r(38,133) a(39,74) r(32,72) r(36,125) a(39,38) a(39,125) r(37,145)
9; 11; d(39) r(36,145) r(38,72) d(37) d(39) d(37) d(31) a(35,91)
10; 38; r(39,50) r(6,42) a(38,72) d(36) a(38,101)
11; 1; d(39) d(38) r(6,90) r(35,41) r(38,80) r(35,104) d(36) d(32) d(5)
12; 55; d(39) r(32,66) d(38) r(6,160) a(37,43) d(5)
13; 35; d(32) d(39) a(7,57)
14; 48; r(6,128) d(39) r(31,78) a(37,44) d(38)
15; 27; r(6,128) d(6) a(32,96) a(39,82)
16; 58; d(39) r(32,66) d(38) r(6,160) d(37) d(36)
17; 15; a(39,61) a(37,79) d(7) r(5,93) d(38)
18; 37; d(32) d(39) a(38,93) a(37,82) a(6,96)
19; 16; d(6) a(39,38) d(39) r(32,76)
20; 3; d(39) d(38) r(6,90) r(35,41) r(5,82)
21; 56; d(39) r(32,66) d(38) d(37) d(31) d(5)
22; 24, 1; r(6,128) d(39) r(32,50) a(5,108) d(38) a(36,49) r(38,80) r(35,104) d(36) d(32) d(5)
23; 24, 1; d(39) d(38) r(6,90) r(35,41)
24; 24; r(6,128) d(39) r(32,50) a(5,108) d(38) a(36,49)
25; 1; d(39) d(38) r(6,90) r(35,41) r(38,80) r(35,104) d(36) d(32) d(5)
26; 56, 58; d(39) r(32,66) d(37) d(36)
27; 56, 58; d(39) r(32,66) d(38) r(6,160) d(38) d(37) d(31) d(5)
28; 56; d(39) r(32,66) d(38) d(37) d(31) d(5)
29; 58; d(39) r(32,66) d(38) r(6,160) d(37) d(36)
30; 28, 18; d(39) r(36,145) r(38,72) d(6) r(29,128) a(38,80)
31; 28, 18; r(6,128) d(39) r(31,78) a(32,96) d(32)
32; 28; d(39) r(36,145) r(38,72) d(6) a(32,96) d(32)
33; 18; r(6,128) d(39) r(31,78) r(29,128) a(38,80)
34; 15; a(39,61) a(37,79) d(7) r(5,93) d(38)
35; 8; a(5,39) r(32,90) a(7,31) d(38) r(36,145) r(38,72) d(37) d(39) d(37) d(31) a(29,29)
36; 3; d(39) d(38) r(6,90) r(35,41) r(5,82)
37; 8; a(5,39) r(32,90) a(7,31) d(38) r(36,145) r(38,72) d(37) d(39) d(37) d(31) a(29,29)
38; 3; d(39) d(38) r(6,90) r(35,41) r(5,82)
39; 3; d(39) d(38) r(6,90) r(35,41) r(5,82)
40; 11, 8; d(39) r(36,145) r(38,72) d(37) d(39) d(37) r(36,145) r(38,72) d(37) d(39) d(37) d(31) a(29,29)
41; 11, 8; a(5,39) r(32,90) a(7,31) d(38) d(31) a(35,91)
42; 11; d(39) r(36,145) r(38,72) d(37) d(39) d(37) d(31) a(35,91)
43; 8; a(5,39) r(32,90) a(7,31) d(38) r(36,145) r(38,72) d(37) d(39) d(37) d(31) a(29,29)
44; 61, 22; r(6,128) r(39,65) r(32,72) r(38,47) a(36,79) r(39,42) r(38,66)
45; 61, 22; r(6,128) d(39) a(39,82) r(29,72)
46; 61; r(6,128) r(39,65) r(32,72) r(38,47) a(36,79) r(29,72)
47; 22; r(6,128) d(39) a(39,82) r(39,42) r(38,66)
48; 2; r(39,32) r(38,80) r(35,104) d(36) d(32) d(6)
49; 3; d(39) d(38) r(6,90) r(35,41) r(5,82)
50; 22, 16; r(6,128) d(39) a(39,82)
51; 22, 16; d(6) a(39,38) d(39) r(32,76) r(39,42) r(38,66)
52; 22; r(6,128) d(39) a(39,82) r(39,42) r(38,66)
53; 16; d(6) a(39,38) d(39) r(32,76)
--------------------------------------------------------------------------------
Mutation

0; d(39) r(36,145) r(38,72) d(37) d(39) d(37) d(31) d(32) r(7,46)
1; d(39) r(36,145) r(38,72) d(37) d(39) d(37) d(31) d(32) d(7)
2; a(5,39) r(32,90) a(7,31) d(38) r(36,145) r(38,72) d(37) d(39) a(38,72) d(36) a(38,101) d(31)
3; r(39,50) r(6,42) d(37) d(31) a(29,29) r(35,91)
4; a(5,39) r(32,90) a(7,31) d(38) r(36,145) r(38,72) d(37) d(39) d(37) d(31) a(29,29) r(5,37)
5; r(39,50) r(6,42) a(38,72) d(36) a(38,101) a(35,83)
6; r(6,128) r(32,66) d(5) a(38,78) r(38,160) r(29,37) d(39)
7; r(6,128) d(39) r(31,78) a(37,44) a(38,72) r(38,124) a(35,58) a(36,154)
8; d(39) r(36,145) r(38,72) r(38,133) a(39,74) r(32,72) r(36,125) a(39,38) a(39,125) r(37,145) a(31,133)
9; d(39) r(36,145) r(38,72) d(37) d(39) d(37) d(31) a(35,91) r(35,73)
10; r(39,50) r(6,42) a(38,72) d(36) a(38,101) d(38)
11; d(39) d(38) r(6,90) r(35,41) r(38,80) r(35,104) d(36) d(32) d(5) a(31,35)
12; d(39) r(32,66) d(38) r(6,160) a(37,43) d(5) a(31,80)
13; d(32) d(39) a(7,57) d(37)
14; r(6,128) d(39) r(31,78) a(37,44) d(38) r(37,41)
15; r(6,128) d(6) a(32,96) a(39,82) a(35,104)
16; d(39) r(32,66) d(38) r(6,160) d(37) d(36) d(31)
17; a(39,61) a(37,79) d(7) r(5,93) d(38) d(39)
18; d(32) d(39) a(38,93) a(37,82) a(6,96) d(38)
19; d(6) a(39,38) d(39) r(32,76) r(31,38)
20; d(39) d(38) r(6,90) r(35,41) r(5,82) r(37,96)
21; d(39) r(32,66) d(38) d(37) d(31) d(5) r(29,72)
22; r(6,128) d(39) r(32,50) a(5,108) d(38) a(36,49) r(38,80) r(35,104) d(36) d(32) d(5) a(31,36)
23; d(39) d(38) r(6,90) r(35,41) r(36,66)
24; r(6,128) d(39) r(32,50) a(5,108) d(38) a(36,49) d(29)
25; d(39) d(38) r(6,90) r(35,41) r(38,80) r(35,104) d(36) d(32) d(5) d(29)
26; d(39) r(32,66) d(37) d(36) a(29,60)
27; d(39) r(32,66) d(38) r(6,160) d(38) d(37) d(31) d(5) d(29)
28; d(39) r(32,66) d(38) d(37) d(31) d(5) d(36)
29; d(39) r(32,66) d(38) r(6,160) d(37) d(36) d(5)
30; d(39) r(36,145) r(38,72) d(6) r(29,128) a(38,80) d(37)
31; r(6,128) d(39) r(31,78) a(32,96) d(32) r(38,50)
32; d(39) r(36,145) r(38,72) d(6) a(32,96) d(32) a(37,128)
33; r(6,128) d(39) r(31,78) r(29,128) a(38,80) d(36)
34; a(39,61) a(37,79) d(7) r(5,93) d(38) d(39)
35; a(5,39) r(32,90) a(7,31) d(38) r(36,145) r(38,72) d(37) d(39) d(37) d(31) a(29,29) r(6,90)
36; d(39) d(38) r(6,90) r(35,41) r(5,82) d(36)
37; a(5,39) r(32,90) a(7,31) d(38) r(36,145) r(38,72) d(37) d(39) d(37) d(31) a(29,29) a(29,72)
38; d(39) d(38) r(6,90) r(35,41) r(5,82) r(37,29)
39; d(39) d(38) r(6,90) r(35,41) r(5,82) d(36)
40; d(39) r(36,145) r(38,72) d(37) d(39) d(37) r(36,145) r(38,72) d(37) d(39) d(37) d(31) a(29,29) d(35)
41; a(5,39) r(32,90) a(7,31) d(38) d(31) a(35,91) d(37)
42; d(39) r(36,145) r(38,72) d(37) d(39) d(37) d(31) a(35,91) a(6,75)
43; a(5,39) r(32,90) a(7,31) d(38) r(36,145) r(38,72) d(37) d(39) d(37) d(31) a(29,29) d(7)
44; r(6,128) r(39,65) r(32,72) r(38,47) a(36,79) r(39,42) r(38,66) d(36)
45; r(6,128) d(39) a(39,82) r(29,72) d(38)
46; r(6,128) r(39,65) r(32,72) r(38,47) a(36,79) r(29,72) r(5,124)
47; r(6,128) d(39) a(39,82) r(39,42) r(38,66) a(31,163)
48; r(39,32) r(38,80) r(35,104) d(36) d(32) d(6) a(5,124)
49; d(39) d(38) r(6,90) r(35,41) r(5,82) d(31)
50; r(6,128) d(39) a(39,82) r(38,46)
51; d(6) a(39,38) d(39) r(32,76) r(39,42) r(38,66) r(36,160)
52; r(6,128) d(39) a(39,82) r(39,42) r(38,66) d(35)
53; d(6) a(39,38) d(39) r(32,76) d(38)
--------------------------------------------------------------------------------
Evaluation

0; 12.
1; 12.
2; 0.
3; 0.
4; 0.
5; 0.
6; 0.
7; 0.
8; 0.
9; 0.
10; 0.
11; 0.
12; 0.
13; 0.
14; 0.
15; 0.
16; 0.
17; 0.
18; 0.
19; 0.
20; 0.
21; 0.
22; 0.
23; 0.
24; 0.
25; 0.
26; 0.
27; 0.
28; 0.
29; 0.
30; 0.
31; 0.
32; 0.
33; 0.
34; 0.
35; 0.
36; 0.
37; 0.
38; 0.
39; 0.
40; 0.
41; 0.
42; 0.
43; 0.
44; 0.
45; 0.
46; 12.
47; 0.
48; 0.
49; 0.
50; 0.
51; 0.
52; 0.
53; 0.
================================================================================
Generation 7

--------------------------------------------------------------------------------
Selection

0; 40
1; 8
2; 40
3; 17
4; 23
5; 34
6; 23
7; 36
8; 13
9; 13
10; 28
11; 39
12; 50
13; 20
14; 52
15; 35
16; 8
17; 52
18; 3
19; 22
20; 18
21; 51
22; 27
23; 53
24; 36
25; 37
26; 52
27; 4
28; 41
29; 5
30; 13
31; 26
32; 42
33; 43
34; 45
35; 2
36; 31
37; 8
38; 50
39; 2
--------------------------------------------------------------------------------
Crossover

0; 13; d(32) d(39) a(7,57) d(37)
1; 17; a(39,61) a(37,79) d(7) r(5,93) d(38) d(39)
2; 2; a(5,39) r(32,90) a(7,31) d(38) r(36,145) r(38,72) d(37) d(39) a(38,72) d(36) a(38,101) d(31)
3; 40; d(39) r(36,145) r(38,72) d(37) d(39) d(37) r(36,145) r(38,72) d(37) d(39) d(37) d(31) a(29,29) d(35)
4; 23; d(39) d(38) r(6,90) r(35,41) r(36,66)
5; 52; r(6,128) d(39) a(39,82) r(39,42) r(38,66) d(35)
6; 8, 43; d(39) r(36,145) r(38,72) r(38,133) a(39,74) r(32,72) r(36,125) a(39,38) a(39,125) r(37,145) a(31,133) a(29,29) d(7)
7; 8, 43; a(5,39) r(32,90) a(7,31) d(38) r(36,145) r(38,72) d(37) d(39) d(37) d(31)
8; 8; d(39) r(36,145) r(38,72) r(38,133) a(39,74) r(32,72) r(36,125) a(39,38) a(39,125) r(37,145) a(31,133)
9; 43; a(5,39) r(32,90) a(7,31) d(38) r(36,145) r(38,72) d(37) d(39) d(37) d(31) a(29,29) d(7)
10; 52; r(6,128) d(39) a(39,82) r(39,42) r(38,66) d(35)
11; 22; r(6,128) d(39) r(32,50) a(5,108) d(38) a(36,49) r(38,80) r(35,104) d(36) d(32) d(5) a(31,36)
12; 34; a(39,61) a(37,79) d(7) r(5,93) d(38) d(39)
13; 5; r(39,50) r(6,42) a(38,72) d(36) a(38,101) a(35,83)
14; 52, 23; r(6,128) d(38) r(6,90) r(35,41) r(36,66)
15; 52, 23; d(39) d(39) a(39,82) r(39,42) r(38,66) d(35)
16; 52; r(6,128) d(39) a(39,82) r(39,42) r(38,66) d(35)
17; 23; d(39) d(38) r(6,90) r(35,41) r(36,66)
18; 40, 18; d(39) r(36,145) r(38,72) d(37) d(39) d(37) r(36,145) r(38,72) d(37) d(38)
19; 40, 18; d(32) d(39) a(38,93) a(37,82) a(6,96) d(39) d(37) d(31) a(29,29) d(35)
20; 40; d(39) r(36,145) r(38,72) d(37) d(39) d(37) r(36,145) r(38,72) d(37) d(39) d(37) d(31) a(29,29) d(35)
21; 18; d(32) d(39) a(38,93) a(37,82) a(6,96) d(38)
22; 13, 8; d(32) d(39) a(7,57) d(37) r(37,145) a(31,133)
23; 13, 8; d(39) r(36,145) r(38,72) r(38,133) a(39,74) r(32,72) r(36,125) a(39,38) a(39,125)
24; 13; d(32) d(39) a(7,57) d(37)
25; 8; d(39) r(36,145) r(38,72) r(38,133) a(39,74) r(32,72) r(36,125) a(39,38) a(39,125) r(37,145) a(31,133)
26; 3, 51; r(39,50) r(6,42) d(37) d(39) r(32,76) r(39,42) r(38,66) r(36,160)
27; 3, 51; d(6) a(39,38) d(31) a(29,29) r(35,91)
28; 3; r(39,50) r(6,42) d(37) d(31) a(29,29) r(35,91)
29; 51; d(6) a(39,38) d(39) r(32,76) r(39,42) r(38,66) r(36,160)
30; 35, 50; a(5,39) r(32,90) a(7,31) d(38) r(36,145) r(38,72) d(37) d(39)
31; 35, 50; r(6,128) d(39) a(39,82) r(38,46) d(37) d(31) a(29,29) r(6,90)
32; 35; a(5,39) r(32,90) a(7,31) d(38) r(36,145) r(38,72) d(37) d(39) d(37) d(31) a(29,29) r(6,90)
33; 50; r(6,128) d(39) a(39,82) r(38,46)
34; 36, 4; d(39) d(38) d(37) d(39) d(37) d(31) a(29,29) r(5,37)
35; 36, 4; a(5,39) r(32,90) a(7,31) d(38) r(36,145) r(38,72) r(6,90) r(35,41) r(5,82) d(36)
36; 36; d(39) d(38) r(6,90) r(35,41) r(5,82) d(36)
37; 4; a(5,39) r(32,90) a(7,31) d(38) r(36,145) r(38,72) d(37) d(39) d(37) d(31) a(29,29) r(5,37)
38; 36, 20; d(39) r(6,90) r(35,41) r(5,82) r(37,96)
39; 36, 20; d(39) d(38) d(38) r(6,90) r(35,41) r(5,82) d(36)
40; 36; d(39) d(38) r(6,90) r(35,41) r(5,82) d(36)
41; 20; d(39) d(38) r(6,90) r(35,41) r(5,82) r(37,96)
42; 2, 37; a(5,39) r(32,90) a(7,31) d(38) r(36,145) r(32,90) a(7,31) d(38) r(36,145) r(38,72) d(37) d(39) d(37) d(31) a(29,29) a(29,72)
43; 2, 37; a(5,39) r(38,72) d(37) d(39) a(38,72) d(36) a(38,101) d(31)
44; 2; a(5,39) r(32,90) a(7,31) d(38) r(36,145) r(38,72) d(37) d(39) a(38,72) d(36) a(38,101) d(31)
45; 37; a(5,39) r(32,90) a(7,31) d(38) r(36,145) r(38,72) d(37) d(39) d(37) d(31) a(29,29) a(29,72)
46; 45, 8; r(6,128) d(39) a(39,82) r(38,72) r(38,133) a(39,74) r(32,72) r(36,125) a(39,38) a(39,125) r(37,145) a(31,133)
47; 45, 8; d(39) r(36,145) r(29,72) d(38)
48; 45; r(6,128) d(39) a(39,82) r(29,72) d(38)
49; 8; d(39) r(36,145) r(38,72) r(38,133) a(39,74) r(32,72) r(36,125) a(39,38) a(39,125) r(37,145) a(31,133)
50; 42, 31; d(39) r(36,145) r(38,72) d(37) d(39)
51; 42, 31; r(6,128) d(39) r(31,78) a(32,96) d(32) r(38,50) d(37) d(31) a(35,91) a(6,75)
52; 42; d(39) r(36,145) r(38,72) d(37) d(39) d(37) d(31) a(35,91) a(6,75)
53; 31; r(6,128) d(39) r(31,78) a(32,96) d(32) r(38,50)
54; 53, 41; d(6) a(39,38) d(39) r(32,90) a(7,31) d(38) d(31) a(35,91) d(37)
55; 53, 41; a(5,39) r(32,76) d(38)
56; 53; d(6) a(39,38) d(39) r(32,76) d(38)
57; 41; a(5,39) r(32,90) a(7,31) d(38) d(31) a(35,91) d(37)
58; 13; d(32) d(39) a(7,57) d(37)
59; 50; r(6,128) d(39) a(39,82) r(38,46)
60; 26, 39; d(39) r(32,66) d(37) d(36) a(29,60) r(35,41) r(5,82) d(36)
61; 26, 39; d(39) d(38) r(6,90)
62; 26; d(39) r(32,66) d(37) d(36) a(29,60)
63; 39; d(39) d(38) r(6,90) r(35,41) r(5,82) d(36)
64; 27; d(39) r(32,66) d(38) r(6,160) d(38) d(37) d(31) d(5) d(29)
65; 28; d(39) r(32,66) d(38) d(37) d(31) d(5) d(36)
--------------------------------------------------------------------------------
Mutation

0; d(32) d(39) a(7,57) d(37) r(5,163)
1; a(39,61) a(37,79) d(7) r(5,93) d(38) d(39) d(29)
2; a(5,39) r(32,90) a(7,31) d(38) r(36,145) r(38,72) d(37) d(39) a(38,72) d(36) a(38,101) d(31) a(6,91)
3; d(39) r(36,145) r(38,72) d(37) d(39) d(37) r(36,145) r(38,72) d(37) d(39) d(37) d(31) a(29,29) d(35) r(7,45)
4; d(39) d(38) r(6,90) r(35,41) r(36,66) r(5,40)
5; r(6,128) d(39) a(39,82) r(39,42) r(38,66) d(35) a(36,133)
6; d(39) r(36,145) r(38,72) r(38,133) a(39,74) r(32,72) r(36,125) a(39,38) a(39,125) r(37,145) a(31,133) a(29,29) d(7) d(29)
7; a(5,39) r(32,90) a(7,31) d(38) r(36,145) r(38,72) d(37) d(39) d(37) d(31) r(29,66)
8; d(39) r(36,145) r(38,72) r(38,133) a(39,74) r(32,72) r(36,125) a(39,38) a(39,125) r(37,145) a(31,133) a(7,29)
9; a(5,39) r(32,90) a(7,31) d(38) r(36,145) r(38,72) d(37) d(39) d(37) d(31) a(29,29) d(7) d(29)
10; r(6,128) d(39) a(39,82) r(39,42) r(38,66) d(35) d(5)
11; r(6,128) d(39) r(32,50) a(5,108) d(38) a(36,49) r(38,80) r(35,104) d(36) d(32) d(5) a(31,36) d(31)
12; a(39,61) a(37,79) d(7) r(5,93) d(38) d(39) a(31,93)
13; r(39,50) r(6,42) a(38,72) d(36) a(38,101) a(35,83) r(38,82)
14; r(6,128) d(38) r(6,90) r(35,41) r(36,66) a(39,72)
15; d(39) d(39) a(39,82) r(39,42) r(38,66) d(35) r(37,32)
16; r(6,128) d(39) a(39,82) r(39,42) r(38,66) d(35) d(31)
17; d(39) d(38) r(6,90) r(35,41) r(36,66) d(37)
18; d(39) r(36,145) r(38,72) d(37) d(39) d(37) r(36,145) r(38,72) d(37) d(38) a(5,58)
19; d(32) d(39) a(38,93) a(37,82) a(6,96) d(39) d(37) d(31) a(29,29) d(35) d(29)
20; d(39) r(36,145) r(38,72) d(37) d(39) d(37) r(36,145) r(38,72) d(37) d(39) d(37) d(31) a(29,29) d(35) a(7,6)
21; d(32) d(39) a(38,93) a(37,82) a(6,96) d(38) a(7,58)
22; d(32) d(39) a(7,57) d(37) r(37,145) a(31,133) a(7,145)
23; d(39) r(36,145) r(38,72) r(38,133) a(39,74) r(32,72) r(36,125) a(39,38) a(39,125) a(5,145)
24; d(32) d(39) a(7,57) d(37) a(6,53)
25; d(39) r(36,145) r(38,72) r(38,133) a(39,74) r(32,72) r(36,125) a(39,38) a(39,125) r(37,145) a(31,133) d(29)
26; r(39,50) r(6,42) d(37) d(39) r(32,76) r(39,42) r(38,66) r(36,160) d(5)
27; d(6) a(39,38) d(31) a(29,29) r(35,91) r(39,31)
28; r(39,50) r(6,42) d(37) d(31) a(29,29) r(35,91) d(32)
29; d(6) a(39,38) d(39) r(32,76) r(39,42) r(38,66) r(36,160) d(29)
30; a(5,39) r(32,90) a(7,31) d(38) r(36,145) r(38,72) d(37) d(39) d(7)
31; r(6,128) d(39) a(39,82) r(38,46) d(37) d(31) a(29,29) r(6,90) d(36)
32; a(5,39) r(32,90) a(7,31) d(38) r(36,145) r(38,72) d(37) d(39) d(37) d(31) a(29,29) r(6,90) r(29,93)
33; r(6,128) d(39) a(39,82) r(38,46) d(37)
34; d(39) d(38) d(37) d(39) d(37) d(31) a(29,29) r(5,37) r(29,40)
35; a(5,39) r(32,90) a(7,31) d(38) r(36,145) r(38,72) r(6,90) r(35,41) r(5,82) d(36) r(39,44)
36; d(39) d(38) r(6,90) r(35,41) r(5,82) d(36) r(31,73)
37; a(5,39) r(32,90) a(7,31) d(38) r(36,145) r(38,72) d(37) d(39) d(37) d(31) a(29,29) r(5,37) r(29,133)
38; d(39) r(6,90) r(35,41) r(5,82) r(37,96) a(36,96)
39; d(39) d(38) d(38) r(6,90) r(35,41) r(5,82) d(36) d(32)
40; d(39) d(38) r(6,90) r(35,41) r(5,82) d(36) r(31,91)
41; d(39) d(38) r(6,90) r(35,41) r(5,82) r(37,96) r(36,160)
42; a(5,39) r(32,90) a(7,31) d(38) r(36,145) r(32,90) a(7,31) d(38) r(36,145) r(38,72) d(37) d(39) d(37) d(31) a(29,29) a(29,72) r(6,96)
43; a(5,39) r(38,72) d(37) d(39) a(38,72) d(36) a(38,101) d(31) r(7,31)
44; a(5,39) r(32,90) a(7,31) d(38) r(36,145) r(38,72) d(37) d(39) a(38,72) d(36) a(38,101) d(31) d(29)
45; a(5,39) r(32,90) a(7,31) d(38) r(36,145) r(38,72) d(37) d(39) d(37) d(31) a(29,29) a(29,72) d(7)
46; r(6,128) d(39) a(39,82) r(38,72) r(38,133) a(39,74) r(32,72) r(36,125) a(39,38) a(39,125) r(37,145) a(31,133) a(31,39)
47; d(39) r(36,145) r(29,72) d(38) r(6,42)
48; r(6,128) d(39) a(39,82) r(29,72) d(38) r(32,29)
49; d(39) r(36,145) r(38,72) r(38,133) a(39,74) r(32,72) r(36,125) a(39,38) a(39,125) r(37,145) a(31,133) d(6)
50; d(39) r(36,145) r(38,72) d(37) d(39) a(32,36)
51; r(6,128) d(39) r(31,78) a(32,96) d(32) r(38,50) d(37) d(31) a(35,91) a(6,75) a(36,31)
52; d(39) r(36,145) r(38,72) d(37) d(39) d(37) d(31) a(35,91) a(6,75) d(35)
53; r(6,128) d(39) r(31,78) a(32,96) d(32) r(38,50) d(36)
54; d(6) a(39,38) d(39) r(32,90) a(7,31) d(38) d(31) a(35,91) d(37) r(29,80)
55; a(5,39) r(32,76) d(38) d(7)
56; d(6) a(39,38) d(39) r(32,76) d(38) a(29,96)
57; a(5,39) r(32,90) a(7,31) d(38) d(31) a(35,91) d(37) a(36,41)
58; d(32) d(39) a(7,57) d(37) a(36,46)
59; r(6,128) d(39) a(39,82) r(38,46) r(29,101)
60; d(39) r(32,66) d(37) d(36) a(29,60) r(35,41) r(5,82) d(36) r(29,60)
61; d(39) d(38) r(6,90) d(29)
62; d(39) r(32,66) d(37) d(36) a(29,60) r(31,80)
63; d(39) d(38) r(6,90) r(35,41) r(5,82) d(36) d(31)
64; d(39) r(32,66) d(38) r(6,160) d(38) d(37) d(31) d(5) d(29) a(36,50)
65; d(39) r(32,66) d(38) d(37) d(31) d(5) d(36) r(29,74)
--------------------------------------------------------------------------------
Evaluation

0; 12.
1; 0.
2; 0.
3; 0.
4; 0.
5; 0.
6; 12.
7; 0.
8; 0.
9; 0.
10; 0.
11; 0.
12; 0.
13; 0.
14; 0.
15; 0.
16; 0.
17; 0.
18; 0.
19; 0.
20; 0.
21; 0.
22; 0.
23; 0.
24; 0.
25; 0.
26; 0.
27; 0.
28; 0.
29; 0.
30; 0.
31; 0.
32; 0.
33; 0.
34; 0.
35; 0.
36; 0.
37; 0.
38; 0.
39; 0.
40; 0.
41; 0.
42; 0.
43; 0.
44; 0.
45; 0.
46; 0.
47; 0.
48; 0.
49; 0.
50; 4.
51; 0.
52; 0.
53; 0.
54; 0.
55; 0.
56; 0.
57; 0.
58; 0.
59; 0.
60; 0.
61; 0.
62; 0.
63; 0.
64; 0.
65; 0.
================================================================================
Generation 8

--------------------------------------------------------------------------------
Selection

0; 8
1; 22
2; 38
3; 26
4; 56
5; 10
6; 19
7; 45
8; 5
9; 47
10; 25
11; 54
12; 5
13; 10
14; 17
15; 51
16; 55
17; 43
18; 16
19; 60
20; 42
21; 61
22; 4
23; 31
24; 49
25; 36
26; 9
27; 10
28; 22
29; 8
30; 57
31; 61
32; 18
33; 45
34; 48
35; 43
36; 28
37; 39
38; 17
39; 55
--------------------------------------------------------------------------------
Crossover

0; 10; r(6,128) d(39) a(39,82) r(39,42) r(38,66) d(35) d(5)
1; 55; a(5,39) r(32,76) d(38) d(7)
2; 28, 48; r(39,50) r(6,42) d(37) d(31) a(39,82) r(29,72) d(38) r(32,29)
3; 28, 48; r(6,128) d(39) a(29,29) r(35,91) d(32)
4; 28; r(39,50) r(6,42) d(37) d(31) a(29,29) r(35,91) d(32)
5; 48; r(6,128) d(39) a(39,82) r(29,72) d(38) r(32,29)
6; 42, 55; a(5,39) r(32,90) a(7,31) d(38) r(36,145) r(32,90) a(7,31) d(38) r(36,145) r(38,72) d(37) d(39) d(37) d(31) a(29,29) r(32,76) d(38) d(7)
7; 42, 55; a(5,39) a(29,72) r(6,96)
8; 42; a(5,39) r(32,90) a(7,31) d(38) r(36,145) r(32,90) a(7,31) d(38) r(36,145) r(38,72) d(37) d(39) d(37) d(31) a(29,29) a(29,72) r(6,96)
9; 55; a(5,39) r(32,76) d(38) d(7)
10; 39; d(39) d(38) d(38) r(6,90) r(35,41) r(5,82) d(36) d(32)
11; 45; a(5,39) r(32,90) a(7,31) d(38) r(36,145) r(38,72) d(37) d(39) d(37) d(31) a(29,29) a(29,72) d(7)
12; 18, 10; d(39) r(36,145) r(38,72) d(37) d(39) d(37) r(36,145) a(39,82) r(39,42) r(38,66) d(35) d(5)
13; 18, 10; r(6,128) d(39) r(38,72) d(37) d(38) a(5,58)
14; 18; d(39) r(36,145) r(38,72) d(37) d(39) d(37) r(36,145) r(38,72) d(37) d(38) a(5,58)
15; 10; r(6,128) d(39) a(39,82) r(39,42) r(38,66) d(35) d(5)
16; 4, 51; d(39) d(38) r(6,90) a(32,96) d(32) r(38,50) d(37) d(31) a(35,91) a(6,75) a(36,31)
17; 4, 51; r(6,128) d(39) r(31,78) r(35,41) r(36,66) r(5,40)
18; 4; d(39) d(38) r(6,90) r(35,41) r(36,66) r(5,40)
19; 51; r(6,128) d(39) r(31,78) a(32,96) d(32) r(38,50) d(37) d(31) a(35,91) a(6,75) a(36,31)
20; 56; d(6) a(39,38) d(39) r(32,76) d(38) a(29,96)
21; 22; d(32) d(39) a(7,57) d(37) r(37,145) a(31,133) a(7,145)
22; 54; d(6) a(39,38) d(39) r(32,90) a(7,31) d(38) d(31) a(35,91) d(37) r(29,80)
23; 19; d(32) d(39) a(38,93) a(37,82) a(6,96) d(39) d(37) d(31) a(29,29) d(35) d(29)
24; 8, 36; d(39) r(36,145) r(38,72) r(38,133) d(36) r(31,73)
25; 8, 36; d(39) d(38) r(6,90) r(35,41) r(5,82) a(39,74) r(32,72) r(36,125) a(39,38) a(39,125) r(37,145) a(31,133) a(7,29)
26; 8; d(39) r(36,145) r(38,72) r(38,133) a(39,74) r(32,72) r(36,125) a(39,38) a(39,125) r(37,145) a(31,133) a(7,29)
27; 36; d(39) d(38) r(6,90) r(35,41) r(5,82) d(36) r(31,73)
28; 16, 31; r(6,128) d(39) a(39,82) r(39,42) r(38,66) d(36)
29; 16, 31; r(6,128) d(39) a(39,82) r(38,46) d(37) d(31) a(29,29) r(6,90) d(35) d(31)
30; 16; r(6,128) d(39) a(39,82) r(39,42) r(38,66) d(35) d(31)
31; 31; r(6,128) d(39) a(39,82) r(38,46) d(37) d(31) a(29,29) r(6,90) d(36)
32; 22; d(32) d(39) a(7,57) d(37) r(37,145) a(31,133) a(7,145)
33; 43; a(5,39) r(38,72) d(37) d(39) a(38,72) d(36) a(38,101) d(31) r(7,31)
34; 9, 61; a(5,39) r(32,90) a(7,31) d(38) r(36,145) r(38,72) d(37) d(39) d(37) d(31)
35; 9, 61; d(39) d(38) r(6,90) d(29) a(29,29) d(7) d(29)
36; 9; a(5,39) r(32,90) a(7,31) d(38) r(36,145) r(38,72) d(37) d(39) d(37) d(31) a(29,29) d(7) d(29)
37; 61; d(39) d(38) r(6,90) d(29)
38; 5; r(6,128) d(39) a(39,82) r(39,42) r(38,66) d(35) a(36,133)
39; 49; d(39) r(36,145) r(38,72) r(38,133) a(39,74) r(32,72) r(36,125) a(39,38) a(39,125) r(37,145) a(31,133) d(6)
40; 25, 17; d(39) r(36,145) r(38,72) d(37)
41; 25, 17; d(39) d(38) r(6,90) r(35,41) r(36,66) r(38,133) a(39,74) r(32,72) r(36,125) a(39,38) a(39,125) r(37,145) a(31,133) d(29)
42; 25; d(39) r(36,145) r(38,72) r(38,133) a(39,74) r(32,72) r(36,125) a(39,38) a(39,125) r(37,145) a(31,133) d(29)
43; 17; d(39) d(38) r(6,90) r(35,41) r(36,66) d(37)
44; 60, 43; d(39) r(32,66) d(37)
45; 60, 43; a(5,39) r(38,72) d(37) d(39) a(38,72) d(36) a(38,101) d(31) r(7,31) d(36) a(29,60) r(35,41) r(5,82) d(36) r(29,60)
46; 60; d(39) r(32,66) d(37) d(36) a(29,60) r(35,41) r(5,82) d(36) r(29,60)
47; 43; a(5,39) r(38,72) d(37) d(39) a(38,72) d(36) a(38,101) d(31) r(7,31)
48; 38, 17; d(39) r(6,90) r(35,41) r(5,82) d(37)
49; 38, 17; d(39) d(38) r(6,90) r(35,41) r(36,66) r(37,96) a(36,96)
50; 38; d(39) r(6,90) r(35,41) r(5,82) r(37,96) a(36,96)
51; 17; d(39) d(38) r(6,90) r(35,41) r(36,66) d(37)
52; 10, 5; r(6,128) d(39) a(39,82)
53; 10, 5; r(6,128) d(39) a(39,82) r(39,42) r(38,66) d(35) a(36,133) r(39,42) r(38,66) d(35) d(5)
54; 10; r(6,128) d(39) a(39,82) r(39,42) r(38,66) d(35) d(5)
55; 5; r(6,128) d(39) a(39,82) r(39,42) r(38,66) d(35) a(36,133)
56; 47; d(39) r(36,145) r(29,72) d(38) r(6,42)
57; 45; a(5,39) r(32,90) a(7,31) d(38) r(36,145) r(38,72) d(37) d(39) d(37) d(31) a(29,29) a(29,72) d(7)
58; 8, 57; d(39) r(36,145) r(38,72) r(38,133) a(39,74) r(32,72) r(36,125) d(31) a(35,91) d(37) a(36,41)
59; 8, 57; a(5,39) r(32,90) a(7,31) d(38) a(39,38) a(39,125) r(37,145) a(31,133) a(7,29)
60; 8; d(39) r(36,145) r(38,72) r(38,133) a(39,74) r(32,72) r(36,125) a(39,38) a(39,125) r(37,145) a(31,133) a(7,29)
61; 57; a(5,39) r(32,90) a(7,31) d(38) d(31) a(35,91) d(37) a(36,41)
62; 26, 61; r(39,50) r(6,42)
63; 26, 61; d(39) d(38) r(6,90) d(29) d(37) d(39) r(32,76) r(39,42) r(38,66) r(36,160) d(5)
64; 26; r(39,50) r(6,42) d(37) d(39) r(32,76) r(39,42) r(38,66) r(36,160) d(5)
65; 61; d(39) d(38) r(6,90) d(29)
--------------------------------------------------------------------------------
Mutation

0; r(6,128) d(39) a(39,82) r(39,42) r(38,66) d(35) d(5) a(32,125)
1; a(5,39) r(32,76) d(38) d(7) r(39,32)
2; r(39,50) r(6,42) d(37) d(31) a(39,82) r(29,72) d(38) r(32,29) r(5,95)
3; r(6,128) d(39) a(29,29) r(35,91) d(32) a(31,145)
4; r(39,50) r(6,42) d(37) d(31) a(29,29) r(35,91) d(32) d(36)
5; r(6,128) d(39) a(39,82) r(29,72) d(38) r(32,29) d(37)
6; a(5,39) r(32,90) a(7,31) d(38) r(36,145) r(32,90) a(7,31) d(38) r(36,145) r(38,72) d(37) d(39) d(37) d(31) a(29,29) r(32,76) d(38) d(7) d(29)
7; a(5,39) a(29,72) r(6,96) a(39,78)
8; a(5,39) r(32,90) a(7,31) d(38) r(36,145) r(32,90) a(7,31) d(38) r(36,145) r(38,72) d(37) d(39) d(37) d(31) a(29,29) a(29,72) r(6,96) r(5,72)
9; a(5,39) r(32,76) d(38) d(7) a(39,125)
10; d(39) d(38) d(38) r(6,90) r(35,41) r(5,82) d(36) d(32) d(29)
11; a(5,39) r(32,90) a(7,31) d(38) r(36,145) r(38,72) d(37) d(39) d(37) d(31) a(29,29) a(29,72) d(7) d(5)
12; d(39) r(36,145) r(38,72) d(37) d(39) d(37) r(36,145) a(39,82) r(39,42) r(38,66) d(35) d(5) r(29,83)
13; r(6,128) d(39) r(38,72) d(37) d(38) a(5,58) a(32,162)
14; d(39) r(36,145) r(38,72) d(37) d(39) d(37) r(36,145) r(38,72) d(37) d(38) a(5,58) d(7)
15; r(6,128) d(39) a(39,82) r(39,42) r(38,66) d(35) d(5) r(29,5)
16; d(39) d(38) r(6,90) a(32,96) d(32) r(38,50) d(37) d(31) a(35,91) a(6,75) a(36,31) r(29,101)
17; r(6,128) d(39) r(31,78) r(35,41) r(36,66) r(5,40) d(38)
18; d(39) d(38) r(6,90) r(35,41) r(36,66) r(5,40) a(37,58)
19; r(6,128) d(39) r(31,78) a(32,96) d(32) r(38,50) d(37) d(31) a(35,91) a(6,75) a(36,31) r(5,104)
20; d(6) a(39,38) d(39) r(32,76) d(38) a(29,96) a(5,145)
21; d(32) d(39) a(7,57) d(37) r(37,145) a(31,133) a(7,145) a(36,35)
22; d(6) a(39,38) d(39) r(32,90) a(7,31) d(38) d(31) a(35,91) d(37) r(29,80) r(5,83)
23; d(32) d(39) a(38,93) a(37,82) a(6,96) d(39) d(37) d(31) a(29,29) d(35) d(29) a(5,48)
24; d(39) r(36,145) r(38,72) r(38,133) d(36) r(31,73) a(29,61)
25; d(39) d(38) r(6,90) r(35,41) r(5,82) a(39,74) r(32,72) r(36,125) a(39,38) a(39,125) r(37,145) a(31,133) a(7,29) a(29,145)
26; d(39) r(36,145) r(38,72) r(38,133) a(39,74) r(32,72) r(36,125) a(39,38) a(39,125) r(37,145) a(31,133) a(7,29) r(7,45)
27; d(39) d(38) r(6,90) r(35,41) r(5,82) d(36) r(31,73) a(32,79)
28; r(6,128) d(39) a(39,82) r(39,42) r(38,66) d(36) d(37)
29; r(6,128) d(39) a(39,82) r(38,46) d(37) d(31) a(29,29) r(6,90) d(35) d(31) a(36,91)
30; r(6,128) d(39) a(39,82) r(39,42) r(38,66) d(35) d(31) r(5,133)
31; r(6,128) d(39) a(39,82) r(38,46) d(37) d(31) a(29,29) r(6,90) d(36) a(35,93)
32; d(32) d(39) a(7,57) d(37) r(37,145) a(31,133) a(7,145) d(5)
33; a(5,39) r(38,72) d(37) d(39) a(38,72) d(36) a(38,101) d(31) r(7,31) d(29)
34; a(5,39) r(32,90) a(7,31) d(38) r(36,145) r(38,72) d(37) d(39) d(37) d(31) a(5,79)
35; d(39) d(38) r(6,90) d(29) a(29,29) d(7) d(29) d(35)
36; a(5,39) r(32,90) a(7,31) d(38) r(36,145) r(38,72) d(37) d(39) d(37) d(31) a(29,29) d(7) d(29) d(6)
37; d(39) d(38) r(6,90) d(29) d(37)
38; r(6,128) d(39) a(39,82) r(39,42) r(38,66) d(35) a(36,133) r(31,40)
39; d(39) r(36,145) r(38,72) r(38,133) a(39,74) r(32,72) r(36,125) a(39,38) a(39,125) r(37,145) a(31,133) d(6) a(5,37)
40; d(39) r(36,145) r(38,72) d(37) r(5,42)
41; d(39) d(38) r(6,90) r(35,41) r(36,66) r(38,133) a(39,74) r(32,72) r(36,125) a(39,38) a(39,125) r(37,145) a(31,133) d(29) d(5)
42; d(39) r(36,145) r(38,72) r(38,133) a(39,74) r(32,72) r(36,125) a(39,38) a(39,125) r(37,145) a(31,133) d(29) a(5,60)
43; d(39) d(38) r(6,90) r(35,41) r(36,66) d(37) r(5,40)
44; d(39) r(32,66) d(37) a(5,72)
45; a(5,39) r(38,72) d(37) d(39) a(38,72) d(36) a(38,101) d(31) r(7,31) d(36) a(29,60) r(35,41) r(5,82) d(36) r(29,60) r(32,44)
46; d(39) r(32,66) d(37) d(36) a(29,60) r(35,41) r(5,82) d(36) r(29,60)
47; a(5,39) r(38,72) d(37) d(39) a(38,72) d(36) a(38,101) d(31) r(7,31) d(5)
48; d(39) r(6,90) r(35,41) r(5,82) d(37) d(32)
49; d(39) d(38) r(6,90) r(35,41) r(36,66) r(37,96) a(36,96) a(29,76)
50; d(39) r(6,90) r(35,41) r(5,82) r(37,96) a(36,96) a(31,72)
51; d(39) d(38) r(6,90) r(35,41) r(36,66) d(37) r(31,61)
52; r(6,128) d(39) a(39,82) d(38)
53; r(6,128) d(39) a(39,82) r(39,42) r(38,66) d(35) a(36,133) r(39,42) r(38,66) d(35) d(5) d(32)
54; r(6,128) d(39) a(39,82) r(39,42) r(38,66) d(35) d(5) r(29,48)
55; r(6,128) d(39) a(39,82) r(39,42) r(38,66) d(35) a(36,133) d(31)
56; d(39) r(36,145) r(29,72) d(38) r(6,42) d(35)
57; a(5,39) r(32,90) a(7,31) d(38) r(36,145) r(38,72) d(37) d(39) d(37) d(31) a(29,29) a(29,72) d(7) d(6)
58; d(39) r(36,145) r(38,72) r(38,133) a(39,74) r(32,72) r(36,125) d(31) a(35,91) d(37) a(36,41) a(29,58)
59; a(5,39) r(32,90) a(7,31) d(38) a(39,38) a(39,125) r(37,145) a(31,133) a(7,29) d(7)
60; d(39) r(36,145) r(38,72) r(38,133) a(39,74) r(32,72) r(36,125) a(39,38) a(39,125) r(37,145) a(31,133) a(7,29) r(7,37)
61; a(5,39) r(32,90) a(7,31) d(38) d(31) a(35,91) d(37) a(36,41) a(6,108)
62; r(39,50) r(6,42) d(32)
63; d(39) d(38) r(6,90) d(29) d(37) d(39) r(32,76) r(39,42) r(38,66) r(36,160) d(5)
64; r(39,50) r(6,42) d(37) d(39) r(32,76) r(39,42) r(38,66) r(36,160) d(5) d(31)
65; d(39) d(38) r(6,90) d(29) a(36,48)
--------------------------------------------------------------------------------
Evaluation

0; 0.
1; 0.
2; 0.
3; 0.
4; 0.
5; 0.
6; 0.
7; 0.
8; 0.
9; 0.
10; 0.
11; 0.
12; 0.
13; 0.
14; 12.
15; 0.
16; 0.
17; 0.
18; 0.
19; 0.
20; 0.
21; 0.
22; 0.
23; 0.
24; 0.
25; 0.
26; 0.
27; 0.
28; 0.
29; 0.
30; 0.
31; 0.
32; 0.
33; 0.
34; 0.
35; 0.
36; 0.
37; 0.
38; 0.
39; 0.
40; 0.
41; 0.
42; 0.
43; 0.
44; 0.
45; 0.
46; 0.
47; 0.
48; 0.
49; 0.
50; 0.
51; 0.
52; 0.
53; 0.
54; 0.
55; 0.
56; 0.
57; 0.
58; 0.
59; 0.
60; 0.
61; 0.
62; 0.
63; 0.
64; 0.
65; 0.
================================================================================
Generation 9

--------------------------------------------------------------------------------
Selection

0; 63
1; 61
2; 38
3; 35
4; 56
5; 39
6; 11
7; 11
8; 55
9; 10
10; 63
11; 41
12; 56
13; 31
14; 4
15; 45
16; 42
17; 13
18; 56
19; 58
20; 10
21; 49
22; 40
23; 61
24; 56
25; 11
26; 39
27; 54
28; 22
29; 41
30; 51
31; 0
32; 48
33; 65
34; 65
35; 7
36; 56
37; 21
38; 34
39; 24
--------------------------------------------------------------------------------
Crossover

0; 10; d(39) d(38) d(38) r(6,90) r(35,41) r(5,82) d(36) d(32) d(29)
1; 34; a(5,39) r(32,90) a(7,31) d(38) r(36,145) r(38,72) d(37) d(39) d(37) d(31) a(5,79)
2; 56, 48; d(39) r(36,145) r(29,72) d(38) r(6,42) d(35) d(32)
3; 56, 48; d(39) r(6,90) r(35,41) r(5,82) d(37)
4; 56; d(39) r(36,145) r(29,72) d(38) r(6,42) d(35)
5; 48; d(39) r(6,90) r(35,41) r(5,82) d(37) d(32)
6; 51; d(39) d(38) r(6,90) r(35,41) r(36,66) d(37) r(31,61)
7; 61; a(5,39) r(32,90) a(7,31) d(38) d(31) a(35,91) d(37) a(36,41) a(6,108)
8; 4, 41; r(39,50) r(6,42) d(37) d(31) a(29,29) r(35,91) d(32) d(36) a(31,133) d(29) d(5)
9; 4, 41; d(39) d(38) r(6,90) r(35,41) r(36,66) r(38,133) a(39,74) r(32,72) r(36,125) a(39,38) a(39,125) r(37,145)
10; 4; r(39,50) r(6,42) d(37) d(31) a(29,29) r(35,91) d(32) d(36)
11; 41; d(39) d(38) r(6,90) r(35,41) r(36,66) r(38,133) a(39,74) r(32,72) r(36,125) a(39,38) a(39,125) r(37,145) a(31,133) d(29) d(5)
12; 7, 54; a(5,39) a(29,72) r(6,96) a(39,78) d(35) d(5) r(29,48)
13; 7, 54; r(6,128) d(39) a(39,82) r(39,42) r(38,66)
14; 7; a(5,39) a(29,72) r(6,96) a(39,78)
15; 54; r(6,128) d(39) a(39,82) r(39,42) r(38,66) d(35) d(5) r(29,48)
16; 56, 39; d(39) r(36,145) r(29,72) d(38) r(6,42) d(35) a(31,133) d(6) a(5,37)
17; 56, 39; d(39) r(36,145) r(38,72) r(38,133) a(39,74) r(32,72) r(36,125) a(39,38) a(39,125) r(37,145)
18; 56; d(39) r(36,145) r(29,72) d(38) r(6,42) d(35)
19; 39; d(39) r(36,145) r(38,72) r(38,133) a(39,74) r(32,72) r(36,125) a(39,38) a(39,125) r(37,145) a(31,133) d(6) a(5,37)
20; 0, 11; r(6,128) d(39) a(39,82) r(39,42) r(38,66) d(35) d(5) d(31) a(29,29) a(29,72) d(7) d(5)
21; 0, 11; a(5,39) r(32,90) a(7,31) d(38) r(36,145) r(38,72) d(37) d(39) d(37) a(32,125)
22; 0; r(6,128) d(39) a(39,82) r(39,42) r(38,66) d(35) d(5) a(32,125)
23; 11; a(5,39) r(32,90) a(7,31) d(38) r(36,145) r(38,72) d(37) d(39) d(37) d(31) a(29,29) a(29,72) d(7) d(5)
24; 63, 40; d(39) d(38) r(6,90) d(29) d(37) d(39) r(32,76) r(39,42) r(38,66) r(36,160) d(5)
25; 63, 40; d(39) r(36,145) r(38,72) d(37) r(5,42)
26; 63; d(39) d(38) r(6,90) d(29) d(37) d(39) r(32,76) r(39,42) r(38,66) r(36,160) d(5)
27; 40; d(39) r(36,145) r(38,72) d(37) r(5,42)
28; 13, 56; r(6,128) d(39) r(38,72) d(37) d(35)
29; 13, 56; d(39) r(36,145) r(29,72) d(38) r(6,42) d(38) a(5,58) a(32,162)
30; 13; r(6,128) d(39) r(38,72) d(37) d(38) a(5,58) a(32,162)
31; 56; d(39) r(36,145) r(29,72) d(38) r(6,42) d(35)
32; 45; a(5,39) r(38,72) d(37) d(39) a(38,72) d(36) a(38,101) d(31) r(7,31) d(36) a(29,60) r(35,41) r(5,82) d(36) r(29,60) r(32,44)
33; 56; d(39) r(36,145) r(29,72) d(38) r(6,42) d(35)
34; 56; d(39) r(36,145) r(29,72) d(38) r(6,42) d(35)
35; 22; d(6) a(39,38) d(39) r(32,90) a(7,31) d(38) d(31) a(35,91) d(37) r(29,80) r(5,83)
36; 11; a(5,39) r(32,90) a(7,31) d(38) r(36,145) r(38,72) d(37) d(39) d(37) d(31) a(29,29) a(29,72) d(7) d(5)
37; 42; d(39) r(36,145) r(38,72) r(38,133) a(39,74) r(32,72) r(36,125) a(39,38) a(39,125) r(37,145) a(31,133) d(29) a(5,60)
38; 11, 49; a(5,39) r(32,90) a(7,31) d(38) r(36,145) r(38,72)
39; 11, 49; d(39) d(38) r(6,90) r(35,41) r(36,66) r(37,96) a(36,96) a(29,76) d(37) d(39) d(37) d(31) a(29,29) a(29,72) d(7) d(5)
40; 11; a(5,39) r(32,90) a(7,31) d(38) r(36,145) r(38,72) d(37) d(39) d(37) d(31) a(29,29) a(29,72) d(7) d(5)
41; 49; d(39) d(38) r(6,90) r(35,41) r(36,66) r(37,96) a(36,96) a(29,76)
42; 31, 10; r(6,128) d(39) a(39,82) r(38,46) d(37) d(31) a(29,29) r(6,90) d(36) a(35,93) d(38) d(38) r(6,90) r(35,41) r(5,82) d(36) d(32) d(29)
43; 31, 10; d(39)
44; 31; r(6,128) d(39) a(39,82) r(38,46) d(37) d(31) a(29,29) r(6,90) d(36) a(35,93)
45; 10; d(39) d(38) d(38) r(6,90) r(35,41) r(5,82) d(36) d(32) d(29)
46; 41; d(39) d(38) r(6,90) r(35,41) r(36,66) r(38,133) a(39,74) r(32,72) r(36,125) a(39,38) a(39,125) r(37,145) a(31,133) d(29) d(5)
47; 65; d(39) d(38) r(6,90) d(29) a(36,48)
48; 38; r(6,128) d(39) a(39,82) r(39,42) r(38,66) d(35) a(36,133) r(31,40)
49; 39; d(39) r(36,145) r(38,72) r(38,133) a(39,74) r(32,72) r(36,125) a(39,38) a(39,125) r(37,145) a(31,133) d(6) a(5,37)
50; 65; d(39) d(38) r(6,90) d(29) a(36,48)
51; 55; r(6,128) d(39) a(39,82) r(39,42) r(38,66) d(35) a(36,133) d(31)
52; 61, 21; a(5,39) d(39) a(7,57) d(37) r(37,145) a(31,133) a(7,145) a(36,35)
53; 61, 21; d(32) r(32,90) a(7,31) d(38) d(31) a(35,91) d(37) a(36,41) a(6,108)
54; 61; a(5,39) r(32,90) a(7,31) d(38) d(31) a(35,91) d(37) a(36,41) a(6,108)
55; 21; d(32) d(39) a(7,57) d(37) r(37,145) a(31,133) a(7,145) a(36,35)
56; 58; d(39) r(36,145) r(38,72) r(38,133) a(39,74) r(32,72) r(36,125) d(31) a(35,91) d(37) a(36,41) a(29,58)
57; 24; d(39) r(36,145) r(38,72) r(38,133) d(36) r(31,73) a(29,61)
58; 35; d(39) d(38) r(6,90) d(29) a(29,29) d(7) d(29) d(35)
59; 63; d(39) d(38) r(6,90) d(29) d(37) d(39) r(32,76) r(39,42) r(38,66) r(36,160) d(5)
--------------------------------------------------------------------------------
Mutation

0; d(39) d(38) d(38) r(6,90) r(35,41) r(5,82) d(36) d(32) d(29) a(37,91)
1; a(5,39) r(32,90) a(7,31) d(38) r(36,145) r(38,72) d(37) d(39) d(37) d(31) a(5,79) d(7)
2; d(39) r(36,145) r(29,72) d(38) r(6,42) d(35) d(32) a(37,65)
3; d(39) r(6,90) r(35,41) r(5,82) d(37) r(32,29)
4; d(39) r(36,145) r(29,72) d(38) r(6,42) d(35) a(37,162)
5; d(39) r(6,90) r(35,41) r(5,82) d(37) d(32) r(36,47)
6; d(39) d(38) r(6,90) r(35,41) r(36,66) d(37) r(31,61) a(32,74)
7; a(5,39) r(32,90) a(7,31) d(38) d(31) a(35,91) d(37) a(36,41) a(6,108) d(7)
8; r(39,50) r(6,42) d(37) d(31) a(29,29) r(35,91) d(32) d(36) a(31,133) d(29) d(5)
9; d(39) d(38) r(6,90) r(35,41) r(36,66) r(38,133) a(39,74) r(32,72) r(36,125) a(39,38) a(39,125) r(37,145) r(29,48)
10; r(39,50) r(6,42) d(37) d(31) a(29,29) r(35,91) d(32) d(36) r(5,60)
11; d(39) d(38) r(6,90) r(35,41) r(36,66) r(38,133) a(39,74) r(32,72) r(36,125) a(39,38) a(39,125) r(37,145) a(31,133) d(29) d(5)
12; a(5,39) a(29,72) r(6,96) a(39,78) d(35) d(5) r(29,48) a(38,46)
13; r(6,128) d(39) a(39,82) r(39,42) r(38,66) a(36,36)
14; a(5,39) a(29,72) r(6,96) a(39,78) a(38,41)
15; r(6,128) d(39) a(39,82) r(39,42) r(38,66) d(35) d(5) r(29,48) d(36)
16; d(39) r(36,145) r(29,72) d(38) r(6,42) d(35) a(31,133) d(6) a(5,37) a(32,83)
17; d(39) r(36,145) r(38,72) r(38,133) a(39,74) r(32,72) r(36,125) a(39,38) a(39,125) r(37,145) d(6)
18; d(39) r(36,145) r(29,72) d(38) r(6,42) d(35) r(5,101)
19; d(39) r(36,145) r(38,72) r(38,133) a(39,74) r(32,72) r(36,125) a(39,38) a(39,125) r(37,145) a(31,133) d(6) a(5,37) r(5,72)
20; r(6,128) d(39) a(39,82) r(39,42) r(38,66) d(35) d(5) d(31) a(29,29) a(29,72) d(7) d(5) a(36,35)
21; a(5,39) r(32,90) a(7,31) d(38) r(36,145) r(38,72) d(37) d(39) d(37) a(32,125) a(6,31)
22; r(6,128) d(39) a(39,82) r(39,42) r(38,66) d(35) d(5) a(32,125) r(29,128)
23; a(5,39) r(32,90) a(7,31) d(38) r(36,145) r(38,72) d(37) d(39) d(37) d(31) a(29,29) a(29,72) d(7) d(5) a(29,60)
24; d(39) d(38) r(6,90) d(29) d(37) d(39) r(32,76) r(39,42) r(38,66) r(36,160) d(5)
25; d(39) r(36,145) r(38,72) d(37) r(5,42) a(31,40)
26; d(39) d(38) r(6,90) d(29) d(37) d(39) r(32,76) r(39,42) r(38,66) r(36,160) d(5)
27; d(39) r(36,145) r(38,72) d(37) r(5,42) a(32,108)
28; r(6,128) d(39) r(38,72) d(37) d(35) r(5,49)
29; d(39) r(36,145) r(29,72) d(38) r(6,42) d(38) a(5,58) a(32,162) r(37,49)
30; r(6,128) d(39) r(38,72) d(37) d(38) a(5,58) a(32,162) d(5)
31; d(39) r(36,145) r(29,72) d(38) r(6,42) d(35) d(5)
32; a(5,39) r(38,72) d(37) d(39) a(38,72) d(36) a(38,101) d(31) r(7,31) d(36) a(29,60) r(35,41) r(5,82) d(36) r(29,60) r(32,44)
33; d(39) r(36,145) r(29,72) d(38) r(6,42) d(35) a(32,44)
34; d(39) r(36,145) r(29,72) d(38) r(6,42) d(35) d(37)
35; d(6) a(39,38) d(39) r(32,90) a(7,31) d(38) d(31) a(35,91) d(37) r(29,80) r(5,83) r(36,79)
36; a(5,39) r(32,90) a(7,31) d(38) r(36,145) r(38,72) d(37) d(39) d(37) d(31) a(29,29) a(29,72) d(7) d(5) r(29,43)
37; d(39) r(36,145) r(38,72) r(38,133) a(39,74) r(32,72) r(36,125) a(39,38) a(39,125) r(37,145) a(31,133) d(29) a(5,60) d(7)
38; a(5,39) r(32,90) a(7,31) d(38) r(36,145) r(38,72) a(5,96)
39; d(39) d(38) r(6,90) r(35,41) r(36,66) r(37,96) a(36,96) a(29,76) d(37) d(39) d(37) d(31) a(29,29) a(29,72) d(7) d(5) r(32,95)
40; a(5,39) r(32,90) a(7,31) d(38) r(36,145) r(38,72) d(37) d(39) d(37) d(31) a(29,29) a(29,72) d(7) d(5) d(29)
41; d(39) d(38) r(6,90) r(35,41) r(36,66) r(37,96) a(36,96) a(29,76) a(31,42)
42; r(6,128) d(39) a(39,82) r(38,46) d(37) d(31) a(29,29) r(6,90) d(36) a(35,93) d(38) d(38) r(6,90) r(35,41) r(5,82) d(36) d(32) d(29)
43; d(39) r(38,145)
44; r(6,128) d(39) a(39,82) r(38,46) d(37) d(31) a(29,29) r(6,90) d(36) a(35,93) r(32,49)
45; d(39) d(38) d(38) r(6,90) r(35,41) r(5,82) d(36) d(32) d(29) r(37,42)
46; d(39) d(38) r(6,90) r(35,41) r(36,66) r(38,133) a(39,74) r(32,72) r(36,125) a(39,38) a(39,125) r(37,145) a(31,133) d(29) d(5)
47; d(39) d(38) r(6,90) d(29) a(36,48) r(32,53)
48; r(6,128) d(39) a(39,82) r(39,42) r(38,66) d(35) a(36,133) r(31,40) a(5,162)
49; d(39) r(36,145) r(38,72) r(38,133) a(39,74) r(32,72) r(36,125) a(39,38) a(39,125) r(37,145) a(31,133) d(6) a(5,37) r(31,37)
50; d(39) d(38) r(6,90) d(29) a(36,48) a(35,42)
51; r(6,128) d(39) a(39,82) r(39,42) r(38,66) d(35) a(36,133) d(31) r(5,154)
52; a(5,39) d(39) a(7,57) d(37) r(37,145) a(31,133) a(7,145) a(36,35) a(5,50)
53; d(32) r(32,90) a(7,31) d(38) d(31) a(35,91) d(37) a(36,41) a(6,108) d(7)
54; a(5,39) r(32,90) a(7,31) d(38) d(31) a(35,91) d(37) a(36,41) a(6,108) r(29,38)
55; d(32) d(39) a(7,57) d(37) r(37,145) a(31,133) a(7,145) a(36,35) a(7,43)
56; d(39) r(36,145) r(38,72) r(38,133) a(39,74) r(32,72) r(36,125) d(31) a(35,91) d(37) a(36,41) a(29,58) d(5)
57; d(39) r(36,145) r(38,72) r(38,133) d(36) r(31,73) a(29,61) a(6,80)
58; d(39) d(38) r(6,90) d(29) a(29,29) d(7) d(29) d(35) d(36)
59; d(39) d(38) r(6,90) d(29) d(37) d(39) r(32,76) r(39,42) r(38,66) r(36,160) d(5)
--------------------------------------------------------------------------------
Evaluation

0; 0.
1; 12.
2; 0.
3; 0.
4; 0.
5; 0.
6; 0.
7; 0.
8; 0.
9; 0.
10; 0.
11; 0.
12; 0.
13; 0.
14; 0.
15; 0.
16; 0.
17; 0.
18; 12.
19; 0.
20; 0.
21; 0.
22; 0.
23; 0.
24; 0.
25; 0.
26; 0.
27; 0.
28; 0.
29; 0.
30; 4.
31; 0.
32; 0.
33; 0.
34; 0.
35; 0.
36; 0.
37; 0.
38; 0.
39; 0.
40; 0.
41; 0.
42; 0.
43; 4.
44; 0.
45; 0.
46; 0.
47; 0.
48; 0.
49; 0.
50; 0.
51; 0.
52; 0.
53; 12.
54; 0.
55; 0.
56; 0.
57; 0.
58; 0.
59; 0.
================================================================================
Generation 10

--------------------------------------------------------------------------------
Selection

0; 21
1; 55
2; 35
3; 48
4; 48
5; 39
6; 0
7; 45
8; 11
9; 3
10; 33
11; 51
12; 15
13; 38
14; 21
15; 55
16; 32
17; 37
18; 8
19; 3
20; 38
21; 21
22; 38
23; 29
24; 50
25; 35
26; 31
27; 2
28; 6
29; 10
30; 23
31; 5
32; 46
33; 26
34; 14
35; 0
36; 19
37; 32
38; 8
39; 48
--------------------------------------------------------------------------------
Crossover

0; 0, 35; d(39) d(38) d(38) r(6,90) r(35,41) r(5,82) d(36) d(32) d(29) a(37,91) a(39,38) d(39) r(32,90) a(7,31) d(38) d(31) a(35,91) d(37) r(29,80) r(5,83) r(36,79)
1; 0, 35; d(6)
2; 0; d(39) d(38) d(38) r(6,90) r(35,41) r(5,82) d(36) d(32) d(29) a(37,91)
3; 35; d(6) a(39,38) d(39) r(32,90) a(7,31) d(38) d(31) a(35,91) d(37) r(29,80) r(5,83) r(36,79)
4; 32; a(5,39) r(38,72) d(37) d(39) a(38,72) d(36) a(38,101) d(31) r(7,31) d(36) a(29,60) r(35,41) r(5,82) d(36) r(29,60) r(32,44)
5; 5; d(39) r(6,90) r(35,41) r(5,82) d(37) d(32) r(36,47)
6; 21, 19; a(5,39) r(32,90) a(7,31) d(38) r(36,145) r(38,72) d(37)
7; 21, 19; d(39) r(36,145) r(38,72) r(38,133) a(39,74) r(32,72) r(36,125) a(39,38) a(39,125) r(37,145) a(31,133) d(6) a(5,37) r(5,72) d(39) d(37) a(32,125) a(6,31)
8; 21; a(5,39) r(32,90) a(7,31) d(38) r(36,145) r(38,72) d(37) d(39) d(37) a(32,125) a(6,31)
9; 19; d(39) r(36,145) r(38,72) r(38,133) a(39,74) r(32,72) r(36,125) a(39,38) a(39,125) r(37,145) a(31,133) d(6) a(5,37) r(5,72)
10; 48; r(6,128) d(39) a(39,82) r(39,42) r(38,66) d(35) a(36,133) r(31,40) a(5,162)
11; 39; d(39) d(38) r(6,90) r(35,41) r(36,66) r(37,96) a(36,96) a(29,76) d(37) d(39) d(37) d(31) a(29,29) a(29,72) d(7) d(5) r(32,95)
12; 46, 35; d(39) d(38) r(6,90) r(35,41) r(36,66) a(35,91) d(37) r(29,80) r(5,83) r(36,79)
13; 46, 35; d(6) a(39,38) d(39) r(32,90) a(7,31) d(38) d(31) r(38,133) a(39,74) r(32,72) r(36,125) a(39,38) a(39,125) r(37,145) a(31,133) d(29) d(5)
14; 46; d(39) d(38) r(6,90) r(35,41) r(36,66) r(38,133) a(39,74) r(32,72) r(36,125) a(39,38) a(39,125) r(37,145) a(31,133) d(29) d(5)
15; 35; d(6) a(39,38) d(39) r(32,90) a(7,31) d(38) d(31) a(35,91) d(37) r(29,80) r(5,83) r(36,79)
16; 29, 3; d(39) r(36,145) d(37) r(32,29)
17; 29, 3; d(39) r(6,90) r(35,41) r(5,82) r(29,72) d(38) r(6,42) d(38) a(5,58) a(32,162) r(37,49)
18; 29; d(39) r(36,145) r(29,72) d(38) r(6,42) d(38) a(5,58) a(32,162) r(37,49)
19; 3; d(39) r(6,90) r(35,41) r(5,82) d(37) r(32,29)
20; 8; r(39,50) r(6,42) d(37) d(31) a(29,29) r(35,91) d(32) d(36) a(31,133) d(29) d(5)
21; 14; a(5,39) a(29,72) r(6,96) a(39,78) a(38,41)
22; 15, 32; r(6,128) d(39) a(39,82) r(39,42) r(38,66) a(38,72) d(36) a(38,101) d(31) r(7,31) d(36) a(29,60) r(35,41) r(5,82) d(36) r(29,60) r(32,44)
23; 15, 32; a(5,39) r(38,72) d(37) d(39) d(35) d(5) r(29,48) d(36)
24; 15; r(6,128) d(39) a(39,82) r(39,42) r(38,66) d(35) d(5) r(29,48) d(36)
25; 32; a(5,39) r(38,72) d(37) d(39) a(38,72) d(36) a(38,101) d(31) r(7,31) d(36) a(29,60) r(35,41) r(5,82) d(36) r(29,60) r(32,44)
26; 37; d(39) r(36,145) r(38,72) r(38,133) a(39,74) r(32,72) r(36,125) a(39,38) a(39,125) r(37,145) a(31,133) d(29) a(5,60) d(7)
27; 50; d(39) d(38) r(6,90) d(29) a(36,48) a(35,42)
28; 2, 55; d(39) r(36,145) r(29,72) d(38) a(36,35) a(7,43)
29; 2, 55; d(32) d(39) a(7,57) d(37) r(37,145) a(31,133) a(7,145) r(6,42) d(35) d(32) a(37,65)
30; 2; d(39) r(36,145) r(29,72) d(38) r(6,42) d(35) d(32) a(37,65)
31; 55; d(32) d(39) a(7,57) d(37) r(37,145) a(31,133) a(7,145) a(36,35) a(7,43)
32; 38; a(5,39) r(32,90) a(7,31) d(38) r(36,145) r(38,72) a(5,96)
33; 21; a(5,39) r(32,90) a(7,31) d(38) r(36,145) r(38,72) d(37) d(39) d(37) a(32,125) a(6,31)
34; 11, 48; d(39) d(38) r(6,90) r(35,41) r(36,66) r(38,133) a(39,74) r(32,72) r(36,125) a(39,38) a(39,125) r(37,145) a(31,133) a(5,162)
35; 11, 48; r(6,128) d(39) a(39,82) r(39,42) r(38,66) d(35) a(36,133) r(31,40) d(29) d(5)
36; 11; d(39) d(38) r(6,90) r(35,41) r(36,66) r(38,133) a(39,74) r(32,72) r(36,125) a(39,38) a(39,125) r(37,145) a(31,133) d(29) d(5)
37; 48; r(6,128) d(39) a(39,82) r(39,42) r(38,66) d(35) a(36,133) r(31,40) a(5,162)
38; 0; d(39) d(38) d(38) r(6,90) r(35,41) r(5,82) d(36) d(32) d(29) a(37,91)
39; 23; a(5,39) r(32,90) a(7,31) d(38) r(36,145) r(38,72) d(37) d(39) d(37) d(31) a(29,29) a(29,72) d(7) d(5) a(29,60)
40; 38, 38; a(5,39) a(7,31) d(38) r(36,145) r(38,72) a(5,96)
41; 38, 38; a(5,39) r(32,90) r(32,90) a(7,31) d(38) r(36,145) r(38,72) a(5,96)
42; 38; a(5,39) r(32,90) a(7,31) d(38) r(36,145) r(38,72) a(5,96)
43; 38; a(5,39) r(32,90) a(7,31) d(38) r(36,145) r(38,72) a(5,96)
44; 31; d(39) r(36,145) r(29,72) d(38) r(6,42) d(35) d(5)
45; 10; r(39,50) r(6,42) d(37) d(31) a(29,29) r(35,91) d(32) d(36) r(5,60)
46; 48, 55; r(6,128) d(39) a(39,82) r(39,42) r(38,66)
47; 48, 55; d(32) d(39) a(7,57) d(37) r(37,145) a(31,133) a(7,145) a(36,35) a(7,43) d(35) a(36,133) r(31,40) a(5,162)
48; 48; r(6,128) d(39) a(39,82) r(39,42) r(38,66) d(35) a(36,133) r(31,40) a(5,162)
49; 55; d(32) d(39) a(7,57) d(37) r(37,145) a(31,133) a(7,145) a(36,35) a(7,43)
50; 51, 21; r(6,128) d(39) a(39,82) r(39,42) r(38,66) d(35) a(36,133) d(31) d(37) d(39) d(37) a(32,125) a(6,31)
51; 51, 21; a(5,39) r(32,90) a(7,31) d(38) r(36,145) r(38,72) r(5,154)
52; 51; r(6,128) d(39) a(39,82) r(39,42) r(38,66) d(35) a(36,133) d(31) r(5,154)
53; 21; a(5,39) r(32,90) a(7,31) d(38) r(36,145) r(38,72) d(37) d(39) d(37) a(32,125) a(6,31)
54; 26, 45; d(39) d(38) r(6,90) d(29) d(37) d(39) r(32,76) r(5,82) d(36) d(32) d(29) r(37,42)
55; 26, 45; d(39) d(38) d(38) r(6,90) r(35,41) r(39,42) r(38,66) r(36,160) d(5)
56; 26; d(39) d(38) r(6,90) d(29) d(37) d(39) r(32,76) r(39,42) r(38,66) r(36,160) d(5)
57; 45; d(39) d(38) d(38) r(6,90) r(35,41) r(5,82) d(36) d(32) d(29) r(37,42)
58; 8, 33; r(39,50) r(6,42) d(37) d(31) a(29,29) r(35,91) d(32) d(36)
59; 8, 33; d(39) r(36,145) r(29,72) d(38) r(6,42) d(35) a(32,44) a(31,133) d(29) d(5)
60; 8; r(39,50) r(6,42) d(37) d(31) a(29,29) r(35,91) d(32) d(36) a(31,133) d(29) d(5)
61; 33; d(39) r(36,145) r(29,72) d(38) r(6,42) d(35) a(32,44)
62; 6, 3; d(39) d(38) d(37) r(32,29)
63; 6, 3; d(39) r(6,90) r(35,41) r(5,82) r(6,90) r(35,41) r(36,66) d(37) r(31,61) a(32,74)
64; 6; d(39) d(38) r(6,90) r(35,41) r(36,66) d(37) r(31,61) a(32,74)
65; 3; d(39) r(6,90) r(35,41) r(5,82) d(37) r(32,29)
--------------------------------------------------------------------------------
Mutation

0; d(39) d(38) d(38) r(6,90) r(35,41) r(5,82) d(36) d(32) d(29) a(37,91) a(39,38) d(39) r(32,90) a(7,31) d(38) d(31) a(35,91) d(37) r(29,80) r(5,83) r(36,79)
1; d(6) a(39,104)
2; d(39) d(38) d(38) r(6,90) r(35,41) r(5,82) d(36) d(32) d(29) a(37,91) a(37,36)
3; d(6) a(39,38) d(39) r(32,90) a(7,31) d(38) d(31) a(35,91) d(37) r(29,80) r(5,83) r(36,79)
4; a(5,39) r(38,72) d(37) d(39) a(38,72) d(36) a(38,101) d(31) r(7,31) d(36) a(29,60) r(35,41) r(5,82) d(36) r(29,60) r(32,44)
5; d(39) r(6,90) r(35,41) r(5,82) d(37) d(32) r(36,47) a(29,145)
6; a(5,39) r(32,90) a(7,31) d(38) r(36,145) r(38,72) d(37) r(7,60)
7; d(39) r(36,145) r(38,72) r(38,133) a(39,74) r(32,72) r(36,125) a(39,38) a(39,125) r(37,145) a(31,133) d(6) a(5,37) r(5,72) d(39) d(37) a(32,125) a(6,31) d(29)
8; a(5,39) r(32,90) a(7,31) d(38) r(36,145) r(38,72) d(37) d(39) d(37) a(32,125) a(6,31) d(5)
9; d(39) r(36,145) r(38,72) r(38,133) a(39,74) r(32,72) r(36,125) a(39,38) a(39,125) r(37,145) a(31,133) d(6) a(5,37) r(5,72) r(31,36)
10; r(6,128) d(39) a(39,82) r(39,42) r(38,66) d(35) a(36,133) r(31,40) a(5,162) d(29)
11; d(39) d(38) r(6,90) r(35,41) r(36,66) r(37,96) a(36,96) a(29,76) d(37) d(39) d(37) d(31) a(29,29) a(29,72) d(7) d(5) r(32,95) a(29,53)
12; d(39) d(38) r(6,90) r(35,41) r(36,66) a(35,91) d(37) r(29,80) r(5,83) r(36,79) a(32,32)
13; d(6) a(39,38) d(39) r(32,90) a(7,31) d(38) d(31) r(38,133) a(39,74) r(32,72) r(36,125) a(39,38) a(39,125) r(37,145) a(31,133) d(29) d(5)
14; d(39) d(38) r(6,90) r(35,41) r(36,66) r(38,133) a(39,74) r(32,72) r(36,125) a(39,38) a(39,125) r(37,145) a(31,133) d(29) d(5)
15; d(6) a(39,38) d(39) r(32,90) a(7,31) d(38) d(31) a(35,91) d(37) r(29,80) r(5,83) r(36,79)
16; d(39) r(36,145) d(37) r(32,29) d(6)
17; d(39) r(6,90) r(35,41) r(5,82) r(29,72) d(38) r(6,42) d(38) a(5,58) a(32,162) r(37,49) d(32)
18; d(39) r(36,145) r(29,72) d(38) r(6,42) d(38) a(5,58) a(32,162) r(37,49) a(32,49)
19; d(39) r(6,90) r(35,41) r(5,82) d(37) r(32,29) d(29)
20; r(39,50) r(6,42) d(37) d(31) a(29,29) r(35,91) d(32) d(36) a(31,133) d(29) d(5)
21; a(5,39) a(29,72) r(6,96) a(39,78) a(38,41) d(38)
22; r(6,128) d(39) a(39,82) r(39,42) r(38,66) a(38,72) d(36) a(38,101) d(31) r(7,31) d(36) a(29,60) r(35,41) r(5,82) d(36) r(29,60) r(32,44) a(37,108)
23; a(5,39) r(38,72) d(37) d(39) d(35) d(5) r(29,48) d(36) d(32)
24; r(6,128) d(39) a(39,82) r(39,42) r(38,66) d(35) d(5) r(29,48) d(36) d(37)
25; a(5,39) r(38,72) d(37) d(39) a(38,72) d(36) a(38,101) d(31) r(7,31) d(36) a(29,60) r(35,41) r(5,82) d(36) r(29,60) r(32,44)
26; d(39) r(36,145) r(38,72) r(38,133) a(39,74) r(32,72) r(36,125) a(39,38) a(39,125) r(37,145) a(31,133) d(29) a(5,60) d(7) d(5)
27; d(39) d(38) r(6,90) d(29) a(36,48) a(35,42) d(36)
28; d(39) r(36,145) r(29,72) d(38) a(36,35) a(7,43) r(37,90)
29; d(32) d(39) a(7,57) d(37) r(37,145) a(31,133) a(7,145) r(6,42) d(35) d(32) a(37,65) a(31,65)
30; d(39) r(36,145) r(29,72) d(38) r(6,42) d(35) d(32) a(37,65) d(5)
31; d(32) d(39) a(7,57) d(37) r(37,145) a(31,133) a(7,145) a(36,35) a(7,43) d(36)
32; a(5,39) r(32,90) a(7,31) d(38) r(36,145) r(38,72) a(5,96) r(39,37)
33; a(5,39) r(32,90) a(7,31) d(38) r(36,145) r(38,72) d(37) d(39) d(37) a(32,125) a(6,31) r(5,44)
34; d(39) d(38) r(6,90) r(35,41) r(36,66) r(38,133) a(39,74) r(32,72) r(36,125) a(39,38) a(39,125) r(37,145) a(31,133) a(5,162) r(29,37)
35; r(6,128) d(39) a(39,82) r(39,42) r(38,66) d(35) a(36,133) r(31,40) d(29) d(5) d(36)
36; d(39) d(38) r(6,90) r(35,41) r(36,66) r(38,133) a(39,74) r(32,72) r(36,125) a(39,38) a(39,125) r(37,145) a(31,133) d(29) d(5)
37; r(6,128) d(39) a(39,82) r(39,42) r(38,66) d(35) a(36,133) r(31,40) a(5,162) r(37,44)
38; d(39) d(38) d(38) r(6,90) r(35,41) r(5,82) d(36) d(32) d(29) a(37,91) r(37,163)
39; a(5,39) r(32,90) a(7,31) d(38) r(36,145) r(38,72) d(37) d(39) d(37) d(31) a(29,29) a(29,72) d(7) d(5) a(29,60) r(29,80)
40; a(5,39) a(7,31) d(38) r(36,145) r(38,72) a(5,96) d(39)
41; a(5,39) r(32,90) r(32,90) a(7,31) d(38) r(36,145) r(38,72) a(5,96) d(31)
42; a(5,39) r(32,90) a(7,31) d(38) r(36,145) r(38,72) a(5,96) d(5)
43; a(5,39) r(32,90) a(7,31) d(38) r(36,145) r(38,72) a(5,96) r(7,128)
44; d(39) r(36,145) r(29,72) d(38) r(6,42) d(35) d(5) r(32,48)
45; r(39,50) r(6,42) d(37) d(31) a(29,29) r(35,91) d(32) d(36) r(5,60) d(29)
46; r(6,128) d(39) a(39,82) r(39,42) r(38,66) d(37)
47; d(32) d(39) a(7,57) d(37) r(37,145) a(31,133) a(7,145) a(36,35) a(7,43) d(35) a(36,133) r(31,40) a(5,162) a(36,125)
48; r(6,128) d(39) a(39,82) r(39,42) r(38,66) d(35) a(36,133) r(31,40) a(5,162) a(32,104)
49; d(32) d(39) a(7,57) d(37) r(37,145) a(31,133) a(7,145) a(36,35) a(7,43) r(5,72)
50; r(6,128) d(39) a(39,82) r(39,42) r(38,66) d(35) a(36,133) d(31) d(37) d(39) d(37) a(32,125) a(6,31) d(36)
51; a(5,39) r(32,90) a(7,31) d(38) r(36,145) r(38,72) r(5,154) r(31,101)
52; r(6,128) d(39) a(39,82) r(39,42) r(38,66) d(35) a(36,133) d(31) r(5,154) r(29,42)
53; a(5,39) r(32,90) a(7,31) d(38) r(36,145) r(38,72) d(37) d(39) d(37) a(32,125) a(6,31) a(7,31)
54; d(39) d(38) r(6,90) d(29) d(37) d(39) r(32,76) r(5,82) d(36) d(32) d(29) r(37,42)
55; d(39) d(38) d(38) r(6,90) r(35,41) r(39,42) r(38,66) r(36,160) d(5) a(37,104)
56; d(39) d(38) r(6,90) d(29) d(37) d(39) r(32,76) r(39,42) r(38,66) r(36,160) d(5)
57; d(39) d(38) d(38) r(6,90) r(35,41) r(5,82) d(36) d(32) d(29) r(37,42)
58; r(39,50) r(6,42) d(37) d(31) a(29,29) r(35,91) d(32) d(36) r(5,42)
59; d(39) r(36,145) r(29,72) d(38) r(6,42) d(35) a(32,44) a(31,133) d(29) d(5) r(32,101)
60; r(39,50) r(6,42) d(37) d(31) a(29,29) r(35,91) d(32) d(36) a(31,133) d(29) d(5)
61; d(39) r(36,145) r(29,72) d(38) r(6,42) d(35) a(32,44) a(5,72)
62; d(39) d(38) d(37) r(32,29) d(7)
63; d(39) r(6,90) r(35,41) r(5,82) r(6,90) r(35,41) r(36,66) d(37) r(31,61) a(32,74) a(29,35)
64; d(39) d(38) r(6,90) r(35,41) r(36,66) d(37) r(31,61) a(32,74) a(29,128)
65; d(39) r(6,90) r(35,41) r(5,82) d(37) r(32,29) d(29)
--------------------------------------------------------------------------------
Evaluation

0; 0.
1; 0.
2; 0.
3; 0.
4; 0.
5; 0.
6; 0.
7; 0.
8; 0.
9; 0.
10; 0.
11; 0.
12; 0.
13; 0.
14; 0.
15; 0.
16; 0.
17; 0.
18; 0.
19; 0.
20; 0.
21; 0.
22; 0.
23; 0.
24; 0.
25; 0.
26; 0.
27; 0.
28; 0.
29; 0.
30; 0.
31; 0.
32; 0.
33; 0.
34; 0.
35; 0.
36; 0.
37; 0.
38; 12.
39; 0.
40; 0.
41; 0.
42; 0.
43; 0.
44; 0.
45; 0.
46; 0.
47; 0.
48; 0.
49; 0.
50; 0.
51; 0.
52; 0.
53; 0.
54; 0.
55; 0.
56; 0.
57; 0.
58; 0.
59; 0.
60; 0.
61; 0.
62; 12.
63; 0.
64; 0.
65; 0.
