================================================================================
Enclosure

1: 0
2: 0
3: 0
4: 0
5: 0
6: 5
7: 6
8: 7
11: 5
12: 11
14: 0
16: 0
18: 0
19: 0
20: 19
21: 19
26: 11
27: 5
28: 5
29: 0
30: 29
31: 29
32: 0
33: 32
34: 32
35: 32
36: 0
37: 0
38: 37
39: 37
40: 37
41: 0
42: 0
43: 0
44: 0
45: 0
46: 45
47: 45
48: 45
49: 48
50: 48
51: 48
52: 51
53: 52
56: 45
57: 45
58: 57
60: 45
61: 45
63: 0
65: 63
66: 0
68: 0
71: 45
72: 0
73: 0
74: 73
75: 73
76: 75
78: 73
79: 73
80: 79
81: 79
82: 73
83: 73
85: 0
86: 0
90: 0
91: 90
92: 90
93: 92
95: 90
96: 90
98: 0
101: 0
102: 0
103: 102
104: 103
106: 102
107: 106
108: 106
109: 102
110: 102
111: 0
112: 111
113: 111
114: 113
115: 113
116: 115
117: 115
118: 113
119: 111
120: 0
121: 0
122: 121
123: 121
124: 123
125: 123
126: 121
128: 126
129: 121
130: 121
131: 121
132: 0
133: 0
134: 0
135: 134
136: 134
137: 134
138: 134
139: 134
140: 139
142: 139
143: 142
145: 142
146: 134
147: 146
148: 146
149: 148
150: 148
151: 148
152: 151
154: 146
155: 134
156: 155
157: 155
158: 157
159: 157
160: 155
161: 134
162: 134
163: 0
================================================================================
Initialisation

0; r(29,48); 0.
1; a(38,66); 4.
2; r(37,58); 4.
3; r(32,49); 0.
4; d(38); 4.
5; r(39,93); 4.
6; a(36,65); 4.
7; r(29,133); 0.
8; r(39,95); 4.
9; a(6,60); 4.
10; r(39,38); 4.
11; r(38,45); 4.
12; r(35,145); 0.
13; d(39); 4.
14; d(29); 4.
15; d(38); 4.
16; d(39); 4.
17; d(39); 4.
18; a(5,58); 4.
19; d(31); 4.
20; d(6); 0.
21; d(39); 4.
22; r(36,48); 0.
23; d(38); 4.
24; d(38); 4.
25; r(39,37); 4.
26; d(39); 4.
27; d(39); 4.
28; a(38,38); 4.
29; d(32); 0.
30; r(38,154); 4.
31; a(38,95); 4.
32; d(39); 4.
33; d(38); 4.
34; r(38,43); 4.
35; a(38,93); 4.
36; d(38); 4.
37; r(39,82); 4.
38; d(38); 4.
39; original; 4.
================================================================================
Generation 1

--------------------------------------------------------------------------------
Selection

0; 9
1; 20
2; 10
3; 11
4; 9
5; 5
6; 3
7; 26
8; 32
9; 30
10; 3
11; 3
12; 18
13; 33
14; 3
15; 24
16; 6
17; 16
18; 24
19; 9
20; 36
21; 14
22; 38
23; 38
24; 15
25; 37
26; 12
27; 1
28; 3
29; 3
30; 13
31; 29
32; 24
33; 7
34; 0
35; 18
36; 25
37; 10
38; 27
39; 29
--------------------------------------------------------------------------------
Crossover

0; 33, 9; d(38)
1; 33, 9; a(6,60)
2; 33; d(38)
3; 9; a(6,60)
4; 9; a(6,60)
5; 27; d(39)
6; 20; d(6)
7; 9; a(6,60)
8; 3; r(32,49)
9; 18; a(5,58)
10; 0; r(29,48)
11; 26; d(39)
12; 24, 3; d(38)
13; 24, 3; r(32,49)
14; 24; d(38)
15; 3; r(32,49)
16; 15; d(38)
17; 25; r(39,37)
18; 29; d(32)
19; 12; r(35,145)
20; 16; d(39)
21; 32; d(39)
22; 14; d(29)
23; 5; r(39,93)
24; 10, 3; r(39,38)
25; 10, 3; r(32,49)
26; 10; r(39,38)
27; 3; r(32,49)
28; 13; d(39)
29; 3; r(32,49)
30; 36, 38; d(38)
31; 36, 38; d(38)
32; 36; d(38)
33; 38; d(38)
34; 11, 18; r(38,45)
35; 11, 18; a(5,58)
36; 11; r(38,45)
37; 18; a(5,58)
38; 1; a(38,66)
39; 24; d(38)
40; 3, 24; r(32,49)
41; 3, 24; d(38)
42; 3; r(32,49)
43; 24; d(38)
44; 10, 37; r(39,38)
45; 10, 37; r(39,82)
46; 10; r(39,38)
47; 37; r(39,82)
48; 6; a(36,65)
49; 30; r(38,154)
50; 3, 7; r(32,49)
51; 3, 7; r(29,133)
52; 3; r(32,49)
53; 7; r(29,133)
54; 29, 38; d(32)
55; 29, 38; d(38)
56; 29; d(32)
57; 38; d(38)
--------------------------------------------------------------------------------
Mutation

0; d(38) a(39,38)
1; a(6,60) d(39)
2; d(38) r(39,31)
3; a(6,60) a(38,47)
4; a(6,60) a(38,48)
5; d(39) r(5,49)
6; d(6) d(38)
7; a(6,60) r(39,43)
8; r(32,49) a(38,74)
9; a(5,58) r(38,133)
10; r(29,48) d(7)
11; d(39) a(35,49)
12; d(38) a(39,90)
13; r(32,49) r(5,78)
14; d(38) d(35)
15; r(32,49) a(39,78)
16; d(38) d(35)
17; r(39,37) r(38,163)
18; d(32) r(38,42)
19; r(35,145) r(38,145)
20; d(39) d(32)
21; d(39) r(38,95)
22; d(29) r(5,145)
23; r(39,93) a(32,72)
24; r(39,38) r(5,160)
25; r(32,49) d(39)
26; r(39,38) a(31,38)
27; r(32,49) a(38,162)
28; d(39) d(38)
29; r(32,49) d(7)
30; d(38) d(39)
31; d(38) d(39)
32; d(38) d(39)
33; d(38) a(6,80)
34; r(38,45) d(35)
35; a(5,58) a(35,37)
36; r(38,45) d(39)
37; a(5,58) a(5,50)
38; a(38,66) r(31,42)
39; d(38) d(37)
40; r(32,49) d(39)
41; d(38) d(36)
42; r(32,49) r(38,163)
43; d(38) r(35,60)
44; r(39,38) r(38,45)
45; r(39,82) r(31,61)
46; r(39,38) r(29,128)
47; r(39,82) r(7,90)
48; a(36,65) d(5)
49; r(38,154) d(37)
50; r(32,49) a(38,83)
51; r(29,133) d(39)
52; r(32,49) a(29,38)
53; r(29,133) d(7)
54; d(32) d(39)
55; d(38) a(39,108)
56; d(32) a(39,56)
57; d(38) a(39,5)
--------------------------------------------------------------------------------
Evaluation

0; 4.
1; 4.
2; 4.
3; 4.
4; 4.
5; 0.
6; 0.
7; 4.
8; 0.
9; 4.
10; 0.
11; 0.
12; 4.
13; 0.
14; 0.
15; 0.
16; 0.
17; 4.
18; 0.
19; 0.
20; 0.
21; 4.
22; 4.
23; 0.
24; 4.
25; 0.
26; 4.
27; 0.
28; 4.
29; 12.
30; 4.
31; 4.
32; 4.
33; 4.
34; 0.
35; 0.
36; 4.
37; 4.
38; 4.
39; 4.
40; 0.
41; 0.
42; 0.
43; 0.
44; 4.
45; 4.
46; 4.
47; 0.
48; 4.
49; 4.
50; 0.
51; 0.
52; 0.
53; 0.
54; 0.
55; 4.
56; 0.
57; 4.
================================================================================
Generation 2

--------------------------------------------------------------------------------
Selection

0; 14
1; 43
2; 43
3; 55
4; 57
5; 55
6; 25
7; 27
8; 11
9; 14
10; 5
11; 16
12; 11
13; 18
14; 21
15; 16
16; 10
17; 42
18; 10
19; 53
20; 52
21; 51
22; 51
23; 52
24; 52
25; 38
26; 4
27; 3
28; 10
29; 8
30; 2
31; 27
32; 13
33; 18
34; 7
35; 19
36; 12
37; 33
38; 56
39; 34
--------------------------------------------------------------------------------
Crossover

0; 16, 43; d(38) d(35)
1; 16, 43; d(38) r(35,60)
2; 16; d(38) d(35)
3; 43; d(38) r(35,60)
4; 2; d(38) r(39,31)
5; 52; r(32,49) a(29,38)
6; 11, 33; d(39) a(6,80)
7; 11, 33; d(38) a(35,49)
8; 11; d(39) a(35,49)
9; 33; d(38) a(6,80)
10; 55; d(38) a(39,108)
11; 19; r(35,145) r(38,145)
12; 21, 52; d(39) a(29,38)
13; 21, 52; r(32,49) r(38,95)
14; 21; d(39) r(38,95)
15; 52; r(32,49) a(29,38)
16; 55; d(38) a(39,108)
17; 27; r(32,49) a(38,162)
18; 10, 3; r(29,48) d(7)
19; 10, 3; a(6,60) a(38,47)
20; 10; r(29,48) d(7)
21; 3; a(6,60) a(38,47)
22; 38; a(38,66) r(31,42)
23; 4; a(6,60) a(38,48)
24; 11; d(39) a(35,49)
25; 51; r(29,133) d(39)
26; 56, 27; d(32)
27; 56, 27; r(32,49) a(38,162) a(39,56)
28; 56; d(32) a(39,56)
29; 27; r(32,49) a(38,162)
30; 14, 8; d(38) d(35) a(38,74)
31; 14, 8; r(32,49)
32; 14; d(38) d(35)
33; 8; r(32,49) a(38,74)
34; 18, 43; d(32) r(35,60)
35; 18, 43; d(38) r(38,42)
36; 18; d(32) r(38,42)
37; 43; d(38) r(35,60)
38; 13; r(32,49) r(5,78)
39; 53; r(29,133) d(7)
40; 42; r(32,49) r(38,163)
41; 57; d(38) a(39,5)
42; 16; d(38) d(35)
43; 7; a(6,60) r(39,43)
44; 51; r(29,133) d(39)
45; 52; r(32,49) a(29,38)
46; 25; r(32,49) d(39)
47; 10; r(29,48) d(7)
48; 18, 5; d(32)
49; 18, 5; d(39) r(5,49) r(38,42)
50; 18; d(32) r(38,42)
51; 5; d(39) r(5,49)
52; 14; d(38) d(35)
53; 34; r(38,45) d(35)
54; 12; d(38) a(39,90)
55; 10; r(29,48) d(7)
--------------------------------------------------------------------------------
Mutation

0; d(38) d(35) d(29)
1; d(38) r(35,60) r(6,108)
2; d(38) d(35) r(39,163)
3; d(38) r(35,60) a(39,128)
4; d(38) r(39,31) d(5)
5; r(32,49) a(29,38) a(39,82)
6; d(39) a(6,80) r(38,79)
7; d(38) a(35,49) d(39)
8; d(39) a(35,49) a(38,39)
9; d(38) a(6,80) r(5,66)
10; d(38) a(39,108) d(37)
11; r(35,145) r(38,145) a(39,108)
12; d(39) a(29,38) r(7,39)
13; r(32,49) r(38,95) r(36,73)
14; d(39) r(38,95) a(6,61)
15; r(32,49) a(29,38) a(7,32)
16; d(38) a(39,108) a(37,76)
17; r(32,49) a(38,162) d(39)
18; r(29,48) d(7) d(36)
19; a(6,60) a(38,47) d(29)
20; r(29,48) d(7) d(5)
21; a(6,60) a(38,47) a(39,76)
22; a(38,66) r(31,42) d(38)
23; a(6,60) a(38,48) r(39,5)
24; d(39) a(35,49) d(38)
25; r(29,133) d(39) a(35,60)
26; d(32) a(39,91)
27; r(32,49) a(38,162) a(39,56) r(39,108)
28; d(32) a(39,56) d(39)
29; r(32,49) a(38,162) d(39)
30; d(38) d(35) a(38,74) r(39,104)
31; r(32,49) d(39)
32; d(38) d(35) a(39,49)
33; r(32,49) a(38,74) r(29,40)
34; d(32) r(35,60) a(7,37)
35; d(38) r(38,42) a(39,163)
36; d(32) r(38,42) r(29,65)
37; d(38) r(35,60) a(36,160)
38; r(32,49) r(5,78) a(38,49)
39; r(29,133) d(7) d(38)
40; r(32,49) r(38,163) a(6,29)
41; d(38) a(39,5) a(39,101)
42; d(38) d(35) r(39,47)
43; a(6,60) r(39,43) r(35,82)
44; r(29,133) d(39) d(38)
45; r(32,49) a(29,38) a(39,37)
46; r(32,49) d(39) r(38,37)
47; r(29,48) d(7) d(38)
48; d(32) d(39)
49; d(39) r(5,49) r(38,42) a(35,145)
50; d(32) r(38,42) a(39,36)
51; d(39) r(5,49) r(37,47)
52; d(38) d(35) a(29,83)
53; r(38,45) d(35) r(39,46)
54; d(38) a(39,90) r(39,95)
55; r(29,48) d(7) d(37)
--------------------------------------------------------------------------------
Evaluation

0; 0.
1; 0.
2; 12.
3; 0.
4; 4.
5; 0.
6; 4.
7; 0.
8; 0.
9; 4.
10; 4.
11; 0.
12; 0.
13; 0.
14; 4.
15; 0.
16; 4.
17; 0.
18; 0.
19; 4.
20; 0.
21; 4.
22; 4.
23; 4.
24; 0.
25; 0.
26; 0.
27; 0.
28; 0.
29; 0.
30; 0.
31; 0.
32; 0.
33; 0.
34; 0.
35; 4.
36; 0.
37; 0.
38; 0.
39; 0.
40; 0.
41; 4.
42; 0.
43; 0.
44; 0.
45; 0.
46; 0.
47; 0.
48; 0.
49; 0.
50; 0.
51; 0.
52; 0.
53; 0.
54; 4.
55; 0.
================================================================================
Generation 3

--------------------------------------------------------------------------------
Selection

0; 1
1; 33
2; 43
3; 42
4; 32
5; 10
6; 34
7; 25
8; 34
9; 38
10; 34
11; 35
12; 19
13; 15
14; 7
15; 33
16; 8
17; 1
18; 54
19; 50
20; 40
21; 43
22; 40
23; 27
24; 48
25; 43
26; 8
27; 49
28; 7
29; 23
30; 24
31; 8
32; 18
33; 48
34; 10
35; 37
36; 46
37; 37
38; 0
39; 42
--------------------------------------------------------------------------------
Crossover

0; 1; d(38) r(35,60) r(6,108)
1; 18; r(29,48) d(7) d(36)
2; 1, 33; d(38) r(35,60) r(6,108) r(29,40)
3; 1, 33; r(32,49) a(38,74)
4; 1; d(38) r(35,60) r(6,108)
5; 33; r(32,49) a(38,74) r(29,40)
6; 40; r(32,49) r(38,163) a(6,29)
7; 34; d(32) r(35,60) a(7,37)
8; 37, 34; d(38) r(35,60) a(36,160)
9; 37, 34; d(32) r(35,60) a(7,37)
10; 37; d(38) r(35,60) a(36,160)
11; 34; d(32) r(35,60) a(7,37)
12; 42, 43; d(38) d(35) r(39,47) r(35,82)
13; 42, 43; a(6,60) r(39,43)
14; 42; d(38) d(35) r(39,47)
15; 43; a(6,60) r(39,43) r(35,82)
16; 38, 49; r(32,49) r(5,78) a(35,145)
17; 38, 49; d(39) r(5,49) r(38,42) a(38,49)
18; 38; r(32,49) r(5,78) a(38,49)
19; 49; d(39) r(5,49) r(38,42) a(35,145)
20; 50, 40; d(32) r(38,42) a(39,36) a(6,29)
21; 50, 40; r(32,49) r(38,163)
22; 50; d(32) r(38,42) a(39,36)
23; 40; r(32,49) r(38,163) a(6,29)
24; 15; r(32,49) a(29,38) a(7,32)
25; 43; a(6,60) r(39,43) r(35,82)
26; 10; d(38) a(39,108) d(37)
27; 7; d(38) a(35,49) d(39)
28; 42; d(38) d(35) r(39,47)
29; 8; d(39) a(35,49) a(38,39)
30; 54; d(38) a(39,90) r(39,95)
31; 46; r(32,49) d(39) r(38,37)
32; 0, 43; d(38) r(39,43) r(35,82)
33; 0, 43; a(6,60) d(35) d(29)
34; 0; d(38) d(35) d(29)
35; 43; a(6,60) r(39,43) r(35,82)
36; 34; d(32) r(35,60) a(7,37)
37; 19; a(6,60) a(38,47) d(29)
38; 24; d(39) a(35,49) d(38)
39; 48; d(32) d(39)
40; 37, 35; d(38) r(35,60) a(36,160) a(39,163)
41; 37, 35; d(38) r(38,42)
42; 37; d(38) r(35,60) a(36,160)
43; 35; d(38) r(38,42) a(39,163)
44; 48, 32; d(32) d(39)
45; 48, 32; d(38) d(35) a(39,49)
46; 48; d(32) d(39)
47; 32; d(38) d(35) a(39,49)
48; 8, 27; d(39)
49; 8, 27; r(32,49) a(38,162) a(39,56) r(39,108) a(35,49) a(38,39)
50; 8; d(39) a(35,49) a(38,39)
51; 27; r(32,49) a(38,162) a(39,56) r(39,108)
52; 33, 25; r(32,49) a(38,74) r(29,40)
53; 33, 25; r(29,133) d(39) a(35,60)
54; 33; r(32,49) a(38,74) r(29,40)
55; 25; r(29,133) d(39) a(35,60)
56; 10, 23; d(38) a(38,48) r(39,5)
57; 10, 23; a(6,60) a(39,108) d(37)
58; 10; d(38) a(39,108) d(37)
59; 23; a(6,60) a(38,48) r(39,5)
60; 8, 7; d(39)
61; 8, 7; d(38) a(35,49) d(39) a(35,49) a(38,39)
62; 8; d(39) a(35,49) a(38,39)
63; 7; d(38) a(35,49) d(39)
--------------------------------------------------------------------------------
Mutation

0; d(38) r(35,60) r(6,108) r(39,93)
1; r(29,48) d(7) d(36) r(38,90)
2; d(38) r(35,60) r(6,108) r(29,40) r(39,32)
3; r(32,49) a(38,74) r(39,50)
4; d(38) r(35,60) r(6,108) r(5,104)
5; r(32,49) a(38,74) r(29,40) a(39,50)
6; r(32,49) r(38,163) a(6,29) d(36)
7; d(32) r(35,60) a(7,37) a(39,53)
8; d(38) r(35,60) a(36,160) r(31,41)
9; d(32) r(35,60) a(7,37) d(38)
10; d(38) r(35,60) a(36,160) r(31,90)
11; d(32) r(35,60) a(7,37) d(39)
12; d(38) d(35) r(39,47) r(35,82) d(36)
13; a(6,60) r(39,43) d(38)
14; d(38) d(35) r(39,47) d(5)
15; a(6,60) r(39,43) r(35,82) a(37,74)
16; r(32,49) r(5,78) a(35,145) a(39,128)
17; d(39) r(5,49) r(38,42) a(38,49) d(31)
18; r(32,49) r(5,78) a(38,49) r(39,162)
19; d(39) r(5,49) r(38,42) a(35,145) a(31,82)
20; d(32) r(38,42) a(39,36) a(6,29) a(39,133)
21; r(32,49) r(38,163) r(39,41)
22; d(32) r(38,42) a(39,36) a(39,90)
23; r(32,49) r(38,163) a(6,29) a(29,53)
24; r(32,49) a(29,38) a(7,32) d(38)
25; a(6,60) r(39,43) r(35,82) r(6,61)
26; d(38) a(39,108) d(37) r(32,124)
27; d(38) a(35,49) d(39) r(32,74)
28; d(38) d(35) r(39,47) r(37,39)
29; d(39) a(35,49) a(38,39) r(32,43)
30; d(38) a(39,90) r(39,95) a(31,56)
31; r(32,49) d(39) r(38,37) r(5,74)
32; d(38) r(39,43) r(35,82) d(36)
33; a(6,60) d(35) d(29) r(39,5)
34; d(38) d(35) d(29) d(39)
35; a(6,60) r(39,43) r(35,82) a(5,48)
36; d(32) r(35,60) a(7,37) r(39,74)
37; a(6,60) a(38,47) d(29) a(38,45)
38; d(39) a(35,49) d(38) r(32,72)
39; d(32) d(39) a(38,42)
40; d(38) r(35,60) a(36,160) a(39,163) d(6)
41; d(38) r(38,42) r(7,125)
42; d(38) r(35,60) a(36,160) a(39,125)
43; d(38) r(38,42) a(39,163) r(35,90)
44; d(32) d(39) r(36,91)
45; d(38) d(35) a(39,49) r(7,80)
46; d(32) d(39) r(38,79)
47; d(38) d(35) a(39,49) d(32)
48; d(39) d(6)
49; r(32,49) a(38,162) a(39,56) r(39,108) a(35,49) a(38,39) a(38,104)
50; d(39) a(35,49) a(38,39) r(38,56)
51; r(32,49) a(38,162) a(39,56) r(39,108) a(38,72)
52; r(32,49) a(38,74) r(29,40) a(39,133)
53; r(29,133) d(39) a(35,60) d(36)
54; r(32,49) a(38,74) r(29,40) a(39,160)
55; r(29,133) d(39) a(35,60) a(7,46)
56; d(38) a(38,48) r(39,5) d(37)
57; a(6,60) a(39,108) d(37) a(29,154)
58; d(38) a(39,108) d(37) r(5,128)
59; a(6,60) a(38,48) r(39,5) r(38,128)
60; d(39) r(35,66)
61; d(38) a(35,49) d(39) a(35,49) a(38,39) d(31)
62; d(39) a(35,49) a(38,39) a(38,104)
63; d(38) a(35,49) d(39) r(31,29)
--------------------------------------------------------------------------------
Evaluation

0; 0.
1; 0.
2; 0.
3; 0.
4; 0.
5; 0.
6; 0.
7; 0.
8; 0.
9; 0.
10; 0.
11; 0.
12; 0.
13; 4.
14; 0.
15; 0.
16; 0.
17; 0.
18; 0.
19; 0.
20; 0.
21; 0.
22; 0.
23; 0.
24; 0.
25; 0.
26; 12.
27; 0.
28; 0.
29; 0.
30; 0.
31; 0.
32; 0.
33; 0.
34; 0.
35; 0.
36; 0.
37; 4.
38; 0.
39; 0.
40; 0.
41; 12.
42; 0.
43; 0.
44; 0.
45; 12.
46; 12.
47; 0.
48; 0.
49; 0.
50; 0.
51; 0.
52; 0.
53; 0.
54; 0.
55; 0.
56; 4.
57; 4.
58; 4.
59; 4.
60; 0.
61; 0.
62; 0.
63; 0.
================================================================================
Generation 4

--------------------------------------------------------------------------------
Selection

0; 37
1; 4
2; 12
3; 14
4; 54
5; 0
6; 21
7; 40
8; 47
9; 21
10; 62
11; 15
12; 31
13; 6
14; 35
15; 24
16; 52
17; 12
18; 53
19; 24
20; 30
21; 0
22; 51
23; 16
24; 36
25; 49
26; 44
27; 20
28; 21
29; 44
30; 12
31; 39
32; 33
33; 53
34; 53
35; 3
36; 36
37; 4
38; 37
39; 19
--------------------------------------------------------------------------------
Crossover

0; 40; d(38) r(35,60) a(36,160) a(39,163) d(6)
1; 3; r(32,49) a(38,74) r(39,50)
2; 31, 12; r(32,49) d(36)
3; 31, 12; d(38) d(35) r(39,47) r(35,82) d(39) r(38,37) r(5,74)
4; 31; r(32,49) d(39) r(38,37) r(5,74)
5; 12; d(38) d(35) r(39,47) r(35,82) d(36)
6; 37; a(6,60) a(38,47) d(29) a(38,45)
7; 33; a(6,60) d(35) d(29) r(39,5)
8; 49, 53; r(32,49)
9; 49, 53; r(29,133) d(39) a(35,60) d(36) a(38,162) a(39,56) r(39,108) a(35,49) a(38,39) a(38,104)
10; 49; r(32,49) a(38,162) a(39,56) r(39,108) a(35,49) a(38,39) a(38,104)
11; 53; r(29,133) d(39) a(35,60) d(36)
12; 21, 24; r(32,49)
13; 21, 24; r(32,49) a(29,38) a(7,32) d(38) r(38,163) r(39,41)
14; 21; r(32,49) r(38,163) r(39,41)
15; 24; r(32,49) a(29,38) a(7,32) d(38)
16; 30; d(38) a(39,90) r(39,95) a(31,56)
17; 6; r(32,49) r(38,163) a(6,29) d(36)
18; 36, 4; d(32) r(6,108) r(5,104)
19; 36, 4; d(38) r(35,60) r(35,60) a(7,37) r(39,74)
20; 36; d(32) r(35,60) a(7,37) r(39,74)
21; 4; d(38) r(35,60) r(6,108) r(5,104)
22; 0, 4; d(38) r(35,60)
23; 0, 4; d(38) r(35,60) r(6,108) r(5,104) r(6,108) r(39,93)
24; 0; d(38) r(35,60) r(6,108) r(39,93)
25; 4; d(38) r(35,60) r(6,108) r(5,104)
26; 47, 35; d(38) d(35) r(35,82) a(5,48)
27; 47, 35; a(6,60) r(39,43) a(39,49) d(32)
28; 47; d(38) d(35) a(39,49) d(32)
29; 35; a(6,60) r(39,43) r(35,82) a(5,48)
30; 14; d(38) d(35) r(39,47) d(5)
31; 37; a(6,60) a(38,47) d(29) a(38,45)
32; 16, 24; r(32,49) a(29,38) a(7,32) d(38)
33; 16, 24; r(32,49) r(5,78) a(35,145) a(39,128)
34; 16; r(32,49) r(5,78) a(35,145) a(39,128)
35; 24; r(32,49) a(29,38) a(7,32) d(38)
36; 21; r(32,49) r(38,163) r(39,41)
37; 12; d(38) d(35) r(39,47) r(35,82) d(36)
38; 19, 53; d(39) r(5,49) r(38,42) d(36)
39; 19, 53; r(29,133) d(39) a(35,60) a(35,145) a(31,82)
40; 19; d(39) r(5,49) r(38,42) a(35,145) a(31,82)
41; 53; r(29,133) d(39) a(35,60) d(36)
42; 62; d(39) a(35,49) a(38,39) a(38,104)
43; 44; d(32) d(39) r(36,91)
44; 51, 39; r(32,49) a(38,162) a(39,56) r(39,108) a(38,72) a(38,42)
45; 51, 39; d(32) d(39)
46; 51; r(32,49) a(38,162) a(39,56) r(39,108) a(38,72)
47; 39; d(32) d(39) a(38,42)
48; 36, 12; d(32) r(35,60) a(7,37) r(35,82) d(36)
49; 36, 12; d(38) d(35) r(39,47) r(39,74)
50; 36; d(32) r(35,60) a(7,37) r(39,74)
51; 12; d(38) d(35) r(39,47) r(35,82) d(36)
52; 15; a(6,60) r(39,43) r(35,82) a(37,74)
53; 53; r(29,133) d(39) a(35,60) d(36)
54; 54; r(32,49) a(38,74) r(29,40) a(39,160)
55; 44; d(32) d(39) r(36,91)
56; 0, 52; d(38) r(35,60) a(39,133)
57; 0, 52; r(32,49) a(38,74) r(29,40) r(6,108) r(39,93)
58; 0; d(38) r(35,60) r(6,108) r(39,93)
59; 52; r(32,49) a(38,74) r(29,40) a(39,133)
60; 20, 21; d(32) r(38,42) a(39,36) r(38,163) r(39,41)
61; 20, 21; r(32,49) a(6,29) a(39,133)
62; 20; d(32) r(38,42) a(39,36) a(6,29) a(39,133)
63; 21; r(32,49) r(38,163) r(39,41)
--------------------------------------------------------------------------------
Mutation

0; d(38) r(35,60) a(36,160) a(39,163) d(6) a(39,128)
1; r(32,49) a(38,74) r(39,50) r(6,145)
2; r(32,49) d(36) a(38,76)
3; d(38) d(35) r(39,47) r(35,82) d(39) r(38,37) r(5,74) d(29)
4; r(32,49) d(39) r(38,37) r(5,74) a(29,124)
5; d(38) d(35) r(39,47) r(35,82) d(36) a(6,72)
6; a(6,60) a(38,47) d(29) a(38,45) a(39,93)
7; a(6,60) d(35) d(29) r(39,5) d(38)
8; r(32,49) a(38,35)
9; r(29,133) d(39) a(35,60) d(36) a(38,162) a(39,56) r(39,108) a(35,49) a(38,39) a(38,104) r(38,53)
10; r(32,49) a(38,162) a(39,56) r(39,108) a(35,49) a(38,39) a(38,104) d(7)
11; r(29,133) d(39) a(35,60) d(36) a(7,125)
12; r(32,49) a(39,160)
13; r(32,49) a(29,38) a(7,32) d(38) r(38,163) r(39,41) r(7,53)
14; r(32,49) r(38,163) r(39,41) a(29,154)
15; r(32,49) a(29,38) a(7,32) d(38) a(39,48)
16; d(38) a(39,90) r(39,95) a(31,56) r(5,45)
17; r(32,49) r(38,163) a(6,29) d(36) a(39,160)
18; d(32) r(6,108) r(5,104) a(39,43)
19; d(38) r(35,60) r(35,60) a(7,37) r(39,74) a(36,42)
20; d(32) r(35,60) a(7,37) r(39,74) d(31)
21; d(38) r(35,60) r(6,108) r(5,104) a(39,74)
22; d(38) r(35,60) d(5)
23; d(38) r(35,60) r(6,108) r(5,104) r(6,108) r(39,93) d(29)
24; d(38) r(35,60) r(6,108) r(39,93) r(5,101)
25; d(38) r(35,60) r(6,108) r(5,104) r(39,82)
26; d(38) d(35) r(35,82) a(5,48) r(39,40)
27; a(6,60) r(39,43) a(39,49) d(32) d(5)
28; d(38) d(35) a(39,49) d(32) r(39,83)
29; a(6,60) r(39,43) r(35,82) a(5,48) d(29)
30; d(38) d(35) r(39,47) d(5) a(37,43)
31; a(6,60) a(38,47) d(29) a(38,45) d(6)
32; r(32,49) a(29,38) a(7,32) d(38) d(7)
33; r(32,49) r(5,78) a(35,145) a(39,128) r(39,91)
34; r(32,49) r(5,78) a(35,145) a(39,128) r(38,29)
35; r(32,49) a(29,38) a(7,32) d(38) a(39,73)
36; r(32,49) r(38,163) r(39,41) r(29,37)
37; d(38) d(35) r(39,47) r(35,82) d(36) r(37,124)
38; d(39) r(5,49) r(38,42) d(36) r(29,133)
39; r(29,133) d(39) a(35,60) a(35,145) a(31,82) r(36,128)
40; d(39) r(5,49) r(38,42) a(35,145) a(31,82) a(32,101)
41; r(29,133) d(39) a(35,60) d(36) r(38,47)
42; d(39) a(35,49) a(38,39) a(38,104) a(38,38)
43; d(32) d(39) r(36,91) r(38,74)
44; r(32,49) a(38,162) a(39,56) r(39,108) a(38,72) a(38,42) a(38,91)
45; d(32) d(39) r(6,90)
46; r(32,49) a(38,162) a(39,56) r(39,108) a(38,72) d(38)
47; d(32) d(39) a(38,42) d(31)
48; d(32) r(35,60) a(7,37) r(35,82) d(36) a(7,93)
49; d(38) d(35) r(39,47) r(39,74) d(37)
50; d(32) r(35,60) a(7,37) r(39,74) d(38)
51; d(38) d(35) r(39,47) r(35,82) d(36) d(37)
52; a(6,60) r(39,43) r(35,82) a(37,74) a(38,31)
53; r(29,133) d(39) a(35,60) d(36) a(38,162)
54; r(32,49) a(38,74) r(29,40) a(39,160) d(39)
55; d(32) d(39) r(36,91) r(6,96)
56; d(38) r(35,60) a(39,133) d(32)
57; r(32,49) a(38,74) r(29,40) r(6,108) r(39,93) r(38,83)
58; d(38) r(35,60) r(6,108) r(39,93) r(36,145)
59; r(32,49) a(38,74) r(29,40) a(39,133) d(38)
60; d(32) r(38,42) a(39,36) r(38,163) r(39,41) d(37)
61; r(32,49) a(6,29) a(39,133) r(38,83)
62; d(32) r(38,42) a(39,36) a(6,29) a(39,133) r(39,53)
63; r(32,49) r(38,163) r(39,41) a(29,31)
--------------------------------------------------------------------------------
Evaluation

0; 0.
1; 0.
2; 0.
3; 0.
4; 0.
5; 0.
6; 4.
7; 0.
8; 0.
9; 0.
10; 12.
11; 0.
12; 0.
13; 12.
14; 0.
15; 0.
16; 0.
17; 0.
18; 0.
19; 0.
20; 0.
21; 0.
22; 0.
23; 0.
24; 12.
25; 0.
26; 0.
27; 0.
28; 0.
29; 0.
30; 0.
31; 0.
32; 12.
33; 0.
34; 0.
35; 0.
36; 0.
37; 12.
38; 0.
39; 0.
40; 0.
41; 0.
42; 0.
43; 0.
44; 0.
45; 0.
46; 0.
47; 0.
48; 0.
49; 0.
50; 0.
51; 0.
52; 0.
53; 0.
54; 0.
55; 0.
56; 0.
57; 0.
58; 0.
59; 0.
60; 0.
61; 0.
62; 0.
63; 0.
================================================================================
Generation 5

--------------------------------------------------------------------------------
Selection

0; 45
1; 50
2; 43
3; 20
4; 52
5; 53
6; 3
7; 46
8; 61
9; 14
10; 34
11; 1
12; 54
13; 62
14; 15
15; 1
16; 44
17; 57
18; 35
19; 17
20; 2
21; 35
22; 61
23; 48
24; 41
25; 53
26; 18
27; 44
28; 36
29; 20
30; 9
31; 40
32; 29
33; 28
34; 20
35; 45
36; 36
37; 38
38; 7
39; 45
--------------------------------------------------------------------------------
Crossover

0; 18, 45; d(32) r(6,108) r(5,104) d(39) r(6,90)
1; 18, 45; d(32) a(39,43)
2; 18; d(32) r(6,108) r(5,104) a(39,43)
3; 45; d(32) d(39) r(6,90)
4; 1, 53; r(32,49) a(38,74) r(39,50) a(38,162)
5; 1, 53; r(29,133) d(39) a(35,60) d(36) r(6,145)
6; 1; r(32,49) a(38,74) r(39,50) r(6,145)
7; 53; r(29,133) d(39) a(35,60) d(36) a(38,162)
8; 40; d(39) r(5,49) r(38,42) a(35,145) a(31,82) a(32,101)
9; 9; r(29,133) d(39) a(35,60) d(36) a(38,162) a(39,56) r(39,108) a(35,49) a(38,39) a(38,104) r(38,53)
10; 57; r(32,49) a(38,74) r(29,40) r(6,108) r(39,93) r(38,83)
11; 53; r(29,133) d(39) a(35,60) d(36) a(38,162)
12; 20, 41; d(32) r(35,60) a(7,37) r(39,74) d(31) r(38,47)
13; 20, 41; r(29,133) d(39) a(35,60) d(36)
14; 20; d(32) r(35,60) a(7,37) r(39,74) d(31)
15; 41; r(29,133) d(39) a(35,60) d(36) r(38,47)
16; 17; r(32,49) r(38,163) a(6,29) d(36) a(39,160)
17; 29; a(6,60) r(39,43) r(35,82) a(5,48) d(29)
18; 46; r(32,49) a(38,162) a(39,56) r(39,108) a(38,72) d(38)
19; 50; d(32) r(35,60) a(7,37) r(39,74) d(38)
20; 52, 3; a(6,60) r(35,82) d(39) r(38,37) r(5,74) d(29)
21; 52, 3; d(38) d(35) r(39,47) r(39,43) r(35,82) a(37,74) a(38,31)
22; 52; a(6,60) r(39,43) r(35,82) a(37,74) a(38,31)
23; 3; d(38) d(35) r(39,47) r(35,82) d(39) r(38,37) r(5,74) d(29)
24; 20, 43; d(32) r(35,60) a(7,37)
25; 20, 43; d(32) d(39) r(36,91) r(38,74) r(39,74) d(31)
26; 20; d(32) r(35,60) a(7,37) r(39,74) d(31)
27; 43; d(32) d(39) r(36,91) r(38,74)
28; 44, 1; r(32,49) a(38,162) a(39,56) r(39,108) a(38,72) r(6,145)
29; 44, 1; r(32,49) a(38,74) r(39,50) a(38,42) a(38,91)
30; 44; r(32,49) a(38,162) a(39,56) r(39,108) a(38,72) a(38,42) a(38,91)
31; 1; r(32,49) a(38,74) r(39,50) r(6,145)
32; 36; r(32,49) r(38,163) r(39,41) r(29,37)
33; 61; r(32,49) a(6,29) a(39,133) r(38,83)
34; 62, 54; d(32) r(38,42) a(39,36) a(6,29) a(39,133) a(39,160) d(39)
35; 62, 54; r(32,49) a(38,74) r(29,40) r(39,53)
36; 62; d(32) r(38,42) a(39,36) a(6,29) a(39,133) r(39,53)
37; 54; r(32,49) a(38,74) r(29,40) a(39,160) d(39)
38; 45; d(32) d(39) r(6,90)
39; 36; r(32,49) r(38,163) r(39,41) r(29,37)
40; 14, 44; r(32,49) r(38,163) a(38,162) a(39,56) r(39,108) a(38,72) a(38,42) a(38,91)
41; 14, 44; r(32,49) r(39,41) a(29,154)
42; 14; r(32,49) r(38,163) r(39,41) a(29,154)
43; 44; r(32,49) a(38,162) a(39,56) r(39,108) a(38,72) a(38,42) a(38,91)
44; 2, 35; r(32,49) a(39,73)
45; 2, 35; r(32,49) a(29,38) a(7,32) d(38) d(36) a(38,76)
46; 2; r(32,49) d(36) a(38,76)
47; 35; r(32,49) a(29,38) a(7,32) d(38) a(39,73)
48; 34; r(32,49) r(5,78) a(35,145) a(39,128) r(38,29)
49; 7; a(6,60) d(35) d(29) r(39,5) d(38)
50; 61; r(32,49) a(6,29) a(39,133) r(38,83)
51; 35; r(32,49) a(29,38) a(7,32) d(38) a(39,73)
52; 45; d(32) d(39) r(6,90)
53; 38; d(39) r(5,49) r(38,42) d(36) r(29,133)
54; 15; r(32,49) a(29,38) a(7,32) d(38) a(39,48)
55; 28; d(38) d(35) a(39,49) d(32) r(39,83)
56; 48, 20; d(32) r(35,60) a(7,37) r(35,82) d(36) a(7,93) r(35,60) a(7,37) r(39,74) d(31)
57; 48, 20; d(32)
58; 48; d(32) r(35,60) a(7,37) r(35,82) d(36) a(7,93)
59; 20; d(32) r(35,60) a(7,37) r(39,74) d(31)
--------------------------------------------------------------------------------
Mutation

0; d(32) r(6,108) r(5,104) d(39) r(6,90) d(38)
1; d(32) a(39,43) a(6,82)
2; d(32) r(6,108) r(5,104) a(39,43) r(38,125)
3; d(32) d(39) r(6,90) a(38,61)
4; r(32,49) a(38,74) r(39,50) a(38,162) a(38,154)
5; r(29,133) d(39) a(35,60) d(36) r(6,145) d(32)
6; r(32,49) a(38,74) r(39,50) r(6,145) r(31,74)
7; r(29,133) d(39) a(35,60) d(36) a(38,162) a(38,41)
8; d(39) r(5,49) r(38,42) a(35,145) a(31,82) a(32,101) a(32,36)
9; r(29,133) d(39) a(35,60) d(36) a(38,162) a(39,56) r(39,108) a(35,49) a(38,39) a(38,104) r(38,53) a(37,66)
10; r(32,49) a(38,74) r(29,40) r(6,108) r(39,93) r(38,83) r(36,104)
11; r(29,133) d(39) a(35,60) d(36) a(38,162) r(32,162)
12; d(32) r(35,60) a(7,37) r(39,74) d(31) r(38,47) a(29,160)
13; r(29,133) d(39) a(35,60) d(36) d(38)
14; d(32) r(35,60) a(7,37) r(39,74) d(31) a(38,162)
15; r(29,133) d(39) a(35,60) d(36) r(38,47) a(37,160)
16; r(32,49) r(38,163) a(6,29) d(36) a(39,160) a(39,73)
17; a(6,60) r(39,43) r(35,82) a(5,48) d(29) d(6)
18; r(32,49) a(38,162) a(39,56) r(39,108) a(38,72) d(38) a(5,53)
19; d(32) r(35,60) a(7,37) r(39,74) d(38) d(29)
20; a(6,60) r(35,82) d(39) r(38,37) r(5,74) d(29) a(32,47)
21; d(38) d(35) r(39,47) r(39,43) r(35,82) a(37,74) a(38,31) a(6,91)
22; a(6,60) r(39,43) r(35,82) a(37,74) a(38,31) r(38,76)
23; d(38) d(35) r(39,47) r(35,82) d(39) r(38,37) r(5,74) d(29) d(36)
24; d(32) r(35,60) a(7,37) r(39,56)
25; d(32) d(39) r(36,91) r(38,74) r(39,74) d(31) a(5,160)
26; d(32) r(35,60) a(7,37) r(39,74) d(31) r(38,79)
27; d(32) d(39) r(36,91) r(38,74) r(31,93)
28; r(32,49) a(38,162) a(39,56) r(39,108) a(38,72) r(6,145) d(38)
29; r(32,49) a(38,74) r(39,50) a(38,42) a(38,91) r(31,5)
30; r(32,49) a(38,162) a(39,56) r(39,108) a(38,72) a(38,42) a(38,91) r(38,90)
31; r(32,49) a(38,74) r(39,50) r(6,145) r(36,104)
32; r(32,49) r(38,163) r(39,41) r(29,37) d(6)
33; r(32,49) a(6,29) a(39,133) r(38,83) a(5,36)
34; d(32) r(38,42) a(39,36) a(6,29) a(39,133) a(39,160) d(39) a(31,35)
35; r(32,49) a(38,74) r(29,40) r(39,53) a(38,160)
36; d(32) r(38,42) a(39,36) a(6,29) a(39,133) r(39,53) a(5,108)
37; r(32,49) a(38,74) r(29,40) a(39,160) d(39) d(38)
38; d(32) d(39) r(6,90) d(38)
39; r(32,49) r(38,163) r(39,41) r(29,37) r(7,162)
40; r(32,49) r(38,163) a(38,162) a(39,56) r(39,108) a(38,72) a(38,42) a(38,91) a(7,75)
41; r(32,49) r(39,41) a(29,154) a(38,101)
42; r(32,49) r(38,163) r(39,41) a(29,154) a(29,96)
43; r(32,49) a(38,162) a(39,56) r(39,108) a(38,72) a(38,42) a(38,91) d(36)
44; r(32,49) a(39,73) r(39,78)
45; r(32,49) a(29,38) a(7,32) d(38) d(36) a(38,76) d(29)
46; r(32,49) d(36) a(38,76) d(38)
47; r(32,49) a(29,38) a(7,32) d(38) a(39,73) r(36,73)
48; r(32,49) r(5,78) a(35,145) a(39,128) r(38,29) r(39,96)
49; a(6,60) d(35) d(29) r(39,5) d(38) a(5,61)
50; r(32,49) a(6,29) a(39,133) r(38,83) r(36,162)
51; r(32,49) a(29,38) a(7,32) d(38) a(39,73) r(39,41)
52; d(32) d(39) r(6,90) a(29,91)
53; d(39) r(5,49) r(38,42) d(36) r(29,133) a(35,160)
54; r(32,49) a(29,38) a(7,32) d(38) a(39,48) a(39,91)
55; d(38) d(35) a(39,49) d(32) r(39,83) a(36,49)
56; d(32) r(35,60) a(7,37) r(35,82) d(36) a(7,93) r(35,60) a(7,37) r(39,74) d(31) d(29)
57; d(32) a(38,74)
58; d(32) r(35,60) a(7,37) r(35,82) d(36) a(7,93) a(39,93)
59; d(32) r(35,60) a(7,37) r(39,74) d(31) r(5,46)
--------------------------------------------------------------------------------
Evaluation

0; 0.
1; 0.
2; 0.
3; 0.
4; 0.
5; 0.
6; 0.
7; 0.
8; 0.
9; 0.
10; 0.
11; 0.
12; 0.
13; 0.
14; 0.
15; 0.
16; 0.
17; 0.
18; 0.
19; 0.
20; 0.
21; 0.
22; 0.
23; 0.
24; 0.
25; 0.
26; 12.
27; 0.
28; 0.
29; 0.
30; 0.
31; 0.
32; 0.
33; 0.
34; 4.
35; 0.
36; 0.
37; 0.
38; 0.
39; 0.
40; 0.
41; 0.
42; 0.
43; 0.
44; 0.
45; 0.
46; 0.
47; 0.
48; 0.
49; 0.
50; 0.
51; 0.
52; 0.
53; 0.
54; 0.
55; 0.
56; 0.
57; 0.
58; 0.
59; 0.
================================================================================
Generation 6

--------------------------------------------------------------------------------
Selection

0; 24
1; 22
2; 5
3; 59
4; 1
5; 47
6; 55
7; 29
8; 52
9; 1
10; 4
11; 7
12; 41
13; 45
14; 42
15; 35
16; 17
17; 40
18; 9
19; 30
20; 56
21; 39
22; 43
23; 8
24; 12
25; 11
26; 19
27; 43
28; 58
29; 56
30; 57
31; 7
32; 17
33; 59
34; 15
35; 12
36; 57
37; 59
38; 59
39; 45
--------------------------------------------------------------------------------
Crossover

0; 59, 1; d(32) r(35,60) a(7,37) r(39,74) a(6,82)
1; 59, 1; d(32) a(39,43) d(31) r(5,46)
2; 59; d(32) r(35,60) a(7,37) r(39,74) d(31) r(5,46)
3; 1; d(32) a(39,43) a(6,82)
4; 7; r(29,133) d(39) a(35,60) d(36) a(38,162) a(38,41)
5; 5; r(29,133) d(39) a(35,60) d(36) r(6,145) d(32)
6; 35; r(32,49) a(38,74) r(29,40) r(39,53) a(38,160)
7; 7; r(29,133) d(39) a(35,60) d(36) a(38,162) a(38,41)
8; 59; d(32) r(35,60) a(7,37) r(39,74) d(31) r(5,46)
9; 59; d(32) r(35,60) a(7,37) r(39,74) d(31) r(5,46)
10; 57, 47; d(32) a(29,38) a(7,32) d(38) a(39,73) r(36,73)
11; 57, 47; r(32,49) a(38,74)
12; 57; d(32) a(38,74)
13; 47; r(32,49) a(29,38) a(7,32) d(38) a(39,73) r(36,73)
14; 56, 9; d(32) r(35,60) a(7,37) r(35,82) d(36) a(7,93) r(35,60) a(7,37) r(39,74) d(31) d(29) d(39) a(35,60) d(36) a(38,162) a(39,56) r(39,108) a(35,49) a(38,39) a(38,104) r(38,53) a(37,66)
15; 56, 9; r(29,133)
16; 56; d(32) r(35,60) a(7,37) r(35,82) d(36) a(7,93) r(35,60) a(7,37) r(39,74) d(31) d(29)
17; 9; r(29,133) d(39) a(35,60) d(36) a(38,162) a(39,56) r(39,108) a(35,49) a(38,39) a(38,104) r(38,53) a(37,66)
18; 19; d(32) r(35,60) a(7,37) r(39,74) d(38) d(29)
19; 4; r(32,49) a(38,74) r(39,50) a(38,162) a(38,154)
20; 11; r(29,133) d(39) a(35,60) d(36) a(38,162) r(32,162)
21; 22; a(6,60) r(39,43) r(35,82) a(37,74) a(38,31) r(38,76)
22; 8; d(39) r(5,49) r(38,42) a(35,145) a(31,82) a(32,101) a(32,36)
23; 45; r(32,49) a(29,38) a(7,32) d(38) d(36) a(38,76) d(29)
24; 1; d(32) a(39,43) a(6,82)
25; 17; a(6,60) r(39,43) r(35,82) a(5,48) d(29) d(6)
26; 41, 24; r(32,49) r(39,41) a(29,154) a(38,101)
27; 41, 24; d(32) r(35,60) a(7,37) r(39,56)
28; 41; r(32,49) r(39,41) a(29,154) a(38,101)
29; 24; d(32) r(35,60) a(7,37) r(39,56)
30; 12, 58; d(32) r(35,60) a(7,37) r(39,74) a(7,93) a(39,93)
31; 12, 58; d(32) r(35,60) a(7,37) r(35,82) d(36) d(31) r(38,47) a(29,160)
32; 12; d(32) r(35,60) a(7,37) r(39,74) d(31) r(38,47) a(29,160)
33; 58; d(32) r(35,60) a(7,37) r(35,82) d(36) a(7,93) a(39,93)
34; 43; r(32,49) a(38,162) a(39,56) r(39,108) a(38,72) a(38,42) a(38,91) d(36)
35; 43; r(32,49) a(38,162) a(39,56) r(39,108) a(38,72) a(38,42) a(38,91) d(36)
36; 15; r(29,133) d(39) a(35,60) d(36) r(38,47) a(37,160)
37; 17; a(6,60) r(39,43) r(35,82) a(5,48) d(29) d(6)
38; 30, 39; r(32,49) a(38,162) a(39,56) r(39,108) a(38,72) a(38,42)
39; 30, 39; r(32,49) r(38,163) r(39,41) r(29,37) r(7,162) a(38,91) r(38,90)
40; 30; r(32,49) a(38,162) a(39,56) r(39,108) a(38,72) a(38,42) a(38,91) r(38,90)
41; 39; r(32,49) r(38,163) r(39,41) r(29,37) r(7,162)
42; 45; r(32,49) a(29,38) a(7,32) d(38) d(36) a(38,76) d(29)
43; 42; r(32,49) r(38,163) r(39,41) a(29,154) a(29,96)
44; 59, 55; d(32) r(35,60) a(7,37) d(35) a(39,49) d(32) r(39,83) a(36,49)
45; 59, 55; d(38) r(39,74) d(31) r(5,46)
46; 59; d(32) r(35,60) a(7,37) r(39,74) d(31) r(5,46)
47; 55; d(38) d(35) a(39,49) d(32) r(39,83) a(36,49)
48; 57, 29; d(32) a(38,74) a(38,91) r(31,5)
49; 57, 29; r(32,49) a(38,74) r(39,50) a(38,42)
50; 57; d(32) a(38,74)
51; 29; r(32,49) a(38,74) r(39,50) a(38,42) a(38,91) r(31,5)
52; 52, 56; d(32) d(39) r(6,90) r(39,74) d(31) d(29)
53; 52, 56; d(32) r(35,60) a(7,37) r(35,82) d(36) a(7,93) r(35,60) a(7,37) a(29,91)
54; 52; d(32) d(39) r(6,90) a(29,91)
55; 56; d(32) r(35,60) a(7,37) r(35,82) d(36) a(7,93) r(35,60) a(7,37) r(39,74) d(31) d(29)
56; 12, 40; d(32) r(35,60) a(7,37) r(39,74) r(38,163) a(38,162) a(39,56) r(39,108) a(38,72) a(38,42) a(38,91) a(7,75)
57; 12, 40; r(32,49) d(31) r(38,47) a(29,160)
58; 12; d(32) r(35,60) a(7,37) r(39,74) d(31) r(38,47) a(29,160)
59; 40; r(32,49) r(38,163) a(38,162) a(39,56) r(39,108) a(38,72) a(38,42) a(38,91) a(7,75)
--------------------------------------------------------------------------------
Mutation

0; d(32) r(35,60) a(7,37) r(39,74) a(6,82) r(38,42)
1; d(32) a(39,43) d(31) r(5,46) a(38,46)
2; d(32) r(35,60) a(7,37) r(39,74) d(31) r(5,46) r(38,128)
3; d(32) a(39,43) a(6,82) d(38)
4; r(29,133) d(39) a(35,60) d(36) a(38,162) a(38,41) a(37,53)
5; r(29,133) d(39) a(35,60) d(36) r(6,145) d(32) d(38)
6; r(32,49) a(38,74) r(29,40) r(39,53) a(38,160) r(37,47)
7; r(29,133) d(39) a(35,60) d(36) a(38,162) a(38,41) r(38,42)
8; d(32) r(35,60) a(7,37) r(39,74) d(31) r(5,46) a(37,74)
9; d(32) r(35,60) a(7,37) r(39,74) d(31) r(5,46) r(36,44)
10; d(32) a(29,38) a(7,32) d(38) a(39,73) r(36,73) r(5,128)
11; r(32,49) a(38,74) a(29,133)
12; d(32) a(38,74) r(37,79)
13; r(32,49) a(29,38) a(7,32) d(38) a(39,73) r(36,73) d(6)
14; d(32) r(35,60) a(7,37) r(35,82) d(36) a(7,93) r(35,60) a(7,37) r(39,74) d(31) d(29) d(39) a(35,60) d(36) a(38,162) a(39,56) r(39,108) a(35,49) a(38,39) a(38,104) r(38,53) a(37,66) r(7,96)
15; r(29,133) r(39,163)
16; d(32) r(35,60) a(7,37) r(35,82) d(36) a(7,93) r(35,60) a(7,37) r(39,74) d(31) d(29) a(6,60)
17; r(29,133) d(39) a(35,60) d(36) a(38,162) a(39,56) r(39,108) a(35,49) a(38,39) a(38,104) r(38,53) a(37,66) d(35)
18; d(32) r(35,60) a(7,37) r(39,74) d(38) d(29) r(6,79)
19; r(32,49) a(38,74) r(39,50) a(38,162) a(38,154) a(7,124)
20; r(29,133) d(39) a(35,60) d(36) a(38,162) r(32,162) r(38,5)
21; a(6,60) r(39,43) r(35,82) a(37,74) a(38,31) r(38,76) d(29)
22; d(39) r(5,49) r(38,42) a(35,145) a(31,82) a(32,101) a(32,36) a(31,60)
23; r(32,49) a(29,38) a(7,32) d(38) d(36) a(38,76) d(29) a(6,95)
24; d(32) a(39,43) a(6,82) d(39)
25; a(6,60) r(39,43) r(35,82) a(5,48) d(29) d(6) d(38)
26; r(32,49) r(39,41) a(29,154) a(38,101) d(31)
27; d(32) r(35,60) a(7,37) r(39,56) r(38,90)
28; r(32,49) r(39,41) a(29,154) a(38,101) r(38,65)
29; d(32) r(35,60) a(7,37) r(39,56) a(38,38)
30; d(32) r(35,60) a(7,37) r(39,74) a(7,93) a(39,93) a(37,50)
31; d(32) r(35,60) a(7,37) r(35,82) d(36) d(31) r(38,47) a(29,160) a(39,42)
32; d(32) r(35,60) a(7,37) r(39,74) d(31) r(38,47) a(29,160) r(7,6)
33; d(32) r(35,60) a(7,37) r(35,82) d(36) a(7,93) a(39,93) d(38)
34; r(32,49) a(38,162) a(39,56) r(39,108) a(38,72) a(38,42) a(38,91) d(36) a(38,73)
35; r(32,49) a(38,162) a(39,56) r(39,108) a(38,72) a(38,42) a(38,91) d(36) d(38)
36; r(29,133) d(39) a(35,60) d(36) r(38,47) a(37,160) d(6)
37; a(6,60) r(39,43) r(35,82) a(5,48) d(29) d(6) a(38,95)
38; r(32,49) a(38,162) a(39,56) r(39,108) a(38,72) a(38,42) r(38,128)
39; r(32,49) r(38,163) r(39,41) r(29,37) r(7,162) a(38,91) r(38,90) r(37,48)
40; r(32,49) a(38,162) a(39,56) r(39,108) a(38,72) a(38,42) a(38,91) r(38,90) a(5,83)
41; r(32,49) r(38,163) r(39,41) r(29,37) r(7,162) d(6)
42; r(32,49) a(29,38) a(7,32) d(38) d(36) a(38,76) d(29) r(6,40)
43; r(32,49) r(38,163) r(39,41) a(29,154) a(29,96) a(5,79)
44; d(32) r(35,60) a(7,37) d(35) a(39,49) d(32) r(39,83) a(36,49) r(29,93)
45; d(38) r(39,74) d(31) r(5,46) d(37)
46; d(32) r(35,60) a(7,37) r(39,74) d(31) r(5,46) a(38,108)
47; d(38) d(35) a(39,49) d(32) r(39,83) a(36,49) a(7,36)
48; d(32) a(38,74) a(38,91) r(31,5) d(39)
49; r(32,49) a(38,74) r(39,50) a(38,42) r(29,74)
50; d(32) a(38,74) a(38,125)
51; r(32,49) a(38,74) r(39,50) a(38,42) a(38,91) r(31,5) a(38,91)
52; d(32) d(39) r(6,90) r(39,74) d(31) d(29) a(36,79)
53; d(32) r(35,60) a(7,37) r(35,82) d(36) a(7,93) r(35,60) a(7,37) a(29,91) d(38)
54; d(32) d(39) r(6,90) a(29,91) d(31)
55; d(32) r(35,60) a(7,37) r(35,82) d(36) a(7,93) r(35,60) a(7,37) r(39,74) d(31) d(29) r(38,163)
56; d(32) r(35,60) a(7,37) r(39,74) r(38,163) a(38,162) a(39,56) r(39,108) a(38,72) a(38,42) a(38,91) a(7,75) d(37)
57; r(32,49) d(31) r(38,47) a(29,160) a(39,78)
58; d(32) r(35,60) a(7,37) r(39,74) d(31) r(38,47) a(29,160) r(7,58)
59; r(32,49) r(38,163) a(38,162) a(39,56) r(39,108) a(38,72) a(38,42) a(38,91) a(7,75) d(36)
--------------------------------------------------------------------------------
Evaluation

0; 0.
1; 0.
2; 0.
3; 0.
4; 0.
5; 0.
6; 0.
7; 0.
8; 0.
9; 0.
10; 0.
11; 0.
12; 12.
13; 0.
14; 0.
15; 0.
16; 0.
17; 0.
18; 0.
19; 0.
20; 0.
21; 0.
22; 0.
23; 0.
24; 0.
25; 0.
26; 0.
27; 0.
28; 0.
29; 0.
30; 0.
31; 0.
32; 0.
33; 0.
34; 0.
35; 0.
36; 0.
37; 0.
38; 0.
39; 0.
40; 0.
41; 0.
42; 0.
43; 0.
44; 0.
45; 4.
46; 0.
47; 0.
48; 0.
49; 0.
50; 0.
51; 0.
52; 0.
53; 0.
54; 0.
55; 12.
56; 0.
57; 0.
58; 0.
59; 0.
================================================================================
Generation 7

--------------------------------------------------------------------------------
Selection

0; 3
1; 48
2; 44
3; 44
4; 14
5; 9
6; 5
7; 58
8; 13
9; 52
10; 13
11; 54
12; 59
13; 14
14; 1
15; 38
16; 59
17; 53
18; 19
19; 24
20; 20
21; 8
22; 59
23; 50
24; 20
25; 8
26; 54
27; 18
28; 26
29; 9
30; 16
31; 23
32; 30
33; 37
34; 38
35; 42
36; 29
37; 33
38; 53
39; 0
--------------------------------------------------------------------------------
Crossover

0; 48; d(32) a(38,74) a(38,91) r(31,5) d(39)
1; 54; d(32) d(39) r(6,90) a(29,91) d(31)
2; 37, 3; a(6,60) r(39,43) r(35,82) d(38)
3; 37, 3; d(32) a(39,43) a(6,82) a(5,48) d(29) d(6) a(38,95)
4; 37; a(6,60) r(39,43) r(35,82) a(5,48) d(29) d(6) a(38,95)
5; 3; d(32) a(39,43) a(6,82) d(38)
6; 42, 33; r(32,49) a(29,38) d(36) a(7,93) a(39,93) d(38)
7; 42, 33; d(32) r(35,60) a(7,37) r(35,82) a(7,32) d(38) d(36) a(38,76) d(29) r(6,40)
8; 42; r(32,49) a(29,38) a(7,32) d(38) d(36) a(38,76) d(29) r(6,40)
9; 33; d(32) r(35,60) a(7,37) r(35,82) d(36) a(7,93) a(39,93) d(38)
10; 24; d(32) a(39,43) a(6,82) d(39)
11; 53; d(32) r(35,60) a(7,37) r(35,82) d(36) a(7,93) r(35,60) a(7,37) a(29,91) d(38)
12; 29, 19; d(32) r(35,60) a(7,37) a(38,74) r(39,50) a(38,162) a(38,154) a(7,124)
13; 29, 19; r(32,49) r(39,56) a(38,38)
14; 29; d(32) r(35,60) a(7,37) r(39,56) a(38,38)
15; 19; r(32,49) a(38,74) r(39,50) a(38,162) a(38,154) a(7,124)
16; 8, 5; d(32) r(35,60) a(35,60) d(36) r(6,145) d(32) d(38)
17; 8, 5; r(29,133) d(39) a(7,37) r(39,74) d(31) r(5,46) a(37,74)
18; 8; d(32) r(35,60) a(7,37) r(39,74) d(31) r(5,46) a(37,74)
19; 5; r(29,133) d(39) a(35,60) d(36) r(6,145) d(32) d(38)
20; 9; d(32) r(35,60) a(7,37) r(39,74) d(31) r(5,46) r(36,44)
21; 20; r(29,133) d(39) a(35,60) d(36) a(38,162) r(32,162) r(38,5)
22; 0, 8; d(32) r(35,60) a(7,37) r(39,74) d(31) r(5,46) a(37,74)
23; 0, 8; d(32) r(35,60) a(7,37) r(39,74) a(6,82) r(38,42)
24; 0; d(32) r(35,60) a(7,37) r(39,74) a(6,82) r(38,42)
25; 8; d(32) r(35,60) a(7,37) r(39,74) d(31) r(5,46) a(37,74)
26; 53, 16; d(32) r(35,60) a(7,37) r(35,82) d(36) a(7,93) r(35,82) d(36) a(7,93) r(35,60) a(7,37) r(39,74) d(31) d(29) a(6,60)
27; 53, 16; d(32) r(35,60) a(7,37) r(35,60) a(7,37) a(29,91) d(38)
28; 53; d(32) r(35,60) a(7,37) r(35,82) d(36) a(7,93) r(35,60) a(7,37) a(29,91) d(38)
29; 16; d(32) r(35,60) a(7,37) r(35,82) d(36) a(7,93) r(35,60) a(7,37) r(39,74) d(31) d(29) a(6,60)
30; 59; r(32,49) r(38,163) a(38,162) a(39,56) r(39,108) a(38,72) a(38,42) a(38,91) a(7,75) d(36)
31; 13; r(32,49) a(29,38) a(7,32) d(38) a(39,73) r(36,73) d(6)
32; 23; r(32,49) a(29,38) a(7,32) d(38) d(36) a(38,76) d(29) a(6,95)
33; 38; r(32,49) a(38,162) a(39,56) r(39,108) a(38,72) a(38,42) r(38,128)
34; 20, 30; r(29,133) d(39) a(35,60) a(7,93) a(39,93) a(37,50)
35; 20, 30; d(32) r(35,60) a(7,37) r(39,74) d(36) a(38,162) r(32,162) r(38,5)
36; 20; r(29,133) d(39) a(35,60) d(36) a(38,162) r(32,162) r(38,5)
37; 30; d(32) r(35,60) a(7,37) r(39,74) a(7,93) a(39,93) a(37,50)
38; 38, 59; r(32,49) a(38,162) a(39,56) r(39,108) a(38,72) a(38,42) a(38,91) a(7,75) d(36)
39; 38, 59; r(32,49) r(38,163) a(38,162) a(39,56) r(39,108) a(38,72) a(38,42) r(38,128)
40; 38; r(32,49) a(38,162) a(39,56) r(39,108) a(38,72) a(38,42) r(38,128)
41; 59; r(32,49) r(38,163) a(38,162) a(39,56) r(39,108) a(38,72) a(38,42) a(38,91) a(7,75) d(36)
42; 1, 14; d(32) a(39,43) d(31) r(5,46) a(7,37) r(39,74) d(31) d(29) d(39) a(35,60) d(36) a(38,162) a(39,56) r(39,108) a(35,49) a(38,39) a(38,104) r(38,53) a(37,66) r(7,96)
43; 1, 14; d(32) r(35,60) a(7,37) r(35,82) d(36) a(7,93) r(35,60) a(38,46)
44; 1; d(32) a(39,43) d(31) r(5,46) a(38,46)
45; 14; d(32) r(35,60) a(7,37) r(35,82) d(36) a(7,93) r(35,60) a(7,37) r(39,74) d(31) d(29) d(39) a(35,60) d(36) a(38,162) a(39,56) r(39,108) a(35,49) a(38,39) a(38,104) r(38,53) a(37,66) r(7,96)
46; 54; d(32) d(39) r(6,90) a(29,91) d(31)
47; 26; r(32,49) r(39,41) a(29,154) a(38,101) d(31)
48; 58, 14; d(32) r(35,60) a(7,37) r(39,74) d(31) r(38,47) a(29,160) r(7,58) r(35,82) d(36) a(7,93) r(35,60) a(7,37) r(39,74) d(31) d(29) d(39) a(35,60) d(36) a(38,162) a(39,56) r(39,108) a(35,49) a(38,39) a(38,104) r(38,53) a(37,66) r(7,96)
49; 58, 14; d(32) r(35,60) a(7,37)
50; 58; d(32) r(35,60) a(7,37) r(39,74) d(31) r(38,47) a(29,160) r(7,58)
51; 14; d(32) r(35,60) a(7,37) r(35,82) d(36) a(7,93) r(35,60) a(7,37) r(39,74) d(31) d(29) d(39) a(35,60) d(36) a(38,162) a(39,56) r(39,108) a(35,49) a(38,39) a(38,104) r(38,53) a(37,66) r(7,96)
52; 44; d(32) r(35,60) a(7,37) d(35) a(39,49) d(32) r(39,83) a(36,49) r(29,93)
53; 59; r(32,49) r(38,163) a(38,162) a(39,56) r(39,108) a(38,72) a(38,42) a(38,91) a(7,75) d(36)
54; 13; r(32,49) a(29,38) a(7,32) d(38) a(39,73) r(36,73) d(6)
55; 18; d(32) r(35,60) a(7,37) r(39,74) d(38) d(29) r(6,79)
56; 9; d(32) r(35,60) a(7,37) r(39,74) d(31) r(5,46) r(36,44)
57; 44; d(32) r(35,60) a(7,37) d(35) a(39,49) d(32) r(39,83) a(36,49) r(29,93)
58; 50; d(32) a(38,74) a(38,125)
59; 52; d(32) d(39) r(6,90) r(39,74) d(31) d(29) a(36,79)
--------------------------------------------------------------------------------
Mutation

0; d(32) a(38,74) a(38,91) r(31,5) d(39) d(38)
1; d(32) d(39) r(6,90) a(29,91) d(31) d(38)
2; a(6,60) r(39,43) r(35,82) d(38) a(37,43)
3; d(32) a(39,43) a(6,82) a(5,48) d(29) d(6) a(38,95) d(37)
4; a(6,60) r(39,43) r(35,82) a(5,48) d(29) d(6) a(38,95) d(37)
5; d(32) a(39,43) a(6,82) d(38) r(39,91)
6; r(32,49) a(29,38) d(36) a(7,93) a(39,93) d(38) a(39,91)
7; d(32) r(35,60) a(7,37) r(35,82) a(7,32) d(38) d(36) a(38,76) d(29) r(6,40) a(39,163)
8; r(32,49) a(29,38) a(7,32) d(38) d(36) a(38,76) d(29) r(6,40) a(39,101)
9; d(32) r(35,60) a(7,37) r(35,82) d(36) a(7,93) a(39,93) d(38) r(39,44)
10; d(32) a(39,43) a(6,82) d(39) d(29)
11; d(32) r(35,60) a(7,37) r(35,82) d(36) a(7,93) r(35,60) a(7,37) a(29,91) d(38) r(39,5)
12; d(32) r(35,60) a(7,37) a(38,74) r(39,50) a(38,162) a(38,154) a(7,124) d(36)
13; r(32,49) r(39,56) a(38,38) r(38,163)
14; d(32) r(35,60) a(7,37) r(39,56) a(38,38) r(6,79)
15; r(32,49) a(38,74) r(39,50) a(38,162) a(38,154) a(7,124) r(38,37)
16; d(32) r(35,60) a(35,60) d(36) r(6,145) d(32) d(38) d(39)
17; r(29,133) d(39) a(7,37) r(39,74) d(31) r(5,46) a(37,74) a(37,49)
18; d(32) r(35,60) a(7,37) r(39,74) d(31) r(5,46) a(37,74) r(36,95)
19; r(29,133) d(39) a(35,60) d(36) r(6,145) d(32) d(38) d(5)
20; d(32) r(35,60) a(7,37) r(39,74) d(31) r(5,46) r(36,44) d(38)
21; r(29,133) d(39) a(35,60) d(36) a(38,162) r(32,162) r(38,5) r(7,42)
22; d(32) r(35,60) a(7,37) r(39,74) d(31) r(5,46) a(37,74) d(38)
23; d(32) r(35,60) a(7,37) r(39,74) a(6,82) r(38,42) a(31,96)
24; d(32) r(35,60) a(7,37) r(39,74) a(6,82) r(38,42) r(7,125)
25; d(32) r(35,60) a(7,37) r(39,74) d(31) r(5,46) a(37,74) r(29,42)
26; d(32) r(35,60) a(7,37) r(35,82) d(36) a(7,93) r(35,82) d(36) a(7,93) r(35,60) a(7,37) r(39,74) d(31) d(29) a(6,60) r(5,56)
27; d(32) r(35,60) a(7,37) r(35,60) a(7,37) a(29,91) d(38) d(29)
28; d(32) r(35,60) a(7,37) r(35,82) d(36) a(7,93) r(35,60) a(7,37) a(29,91) d(38) a(39,35)
29; d(32) r(35,60) a(7,37) r(35,82) d(36) a(7,93) r(35,60) a(7,37) r(39,74) d(31) d(29) a(6,60) d(38)
30; r(32,49) r(38,163) a(38,162) a(39,56) r(39,108) a(38,72) a(38,42) a(38,91) a(7,75) d(36) d(37)
31; r(32,49) a(29,38) a(7,32) d(38) a(39,73) r(36,73) d(6) r(39,53)
32; r(32,49) a(29,38) a(7,32) d(38) d(36) a(38,76) d(29) a(6,95) r(39,35)
33; r(32,49) a(38,162) a(39,56) r(39,108) a(38,72) a(38,42) r(38,128) d(36)
34; r(29,133) d(39) a(35,60) a(7,93) a(39,93) a(37,50) d(38)
35; d(32) r(35,60) a(7,37) r(39,74) d(36) a(38,162) r(32,162) r(38,5) a(6,44)
36; r(29,133) d(39) a(35,60) d(36) a(38,162) r(32,162) r(38,5) a(37,61)
37; d(32) r(35,60) a(7,37) r(39,74) a(7,93) a(39,93) a(37,50) d(38)
38; r(32,49) a(38,162) a(39,56) r(39,108) a(38,72) a(38,42) a(38,91) a(7,75) d(36) d(38)
39; r(32,49) r(38,163) a(38,162) a(39,56) r(39,108) a(38,72) a(38,42) r(38,128) d(36)
40; r(32,49) a(38,162) a(39,56) r(39,108) a(38,72) a(38,42) r(38,128) d(7)
41; r(32,49) r(38,163) a(38,162) a(39,56) r(39,108) a(38,72) a(38,42) a(38,91) a(7,75) d(36) d(29)
42; d(32) a(39,43) d(31) r(5,46) a(7,37) r(39,74) d(31) d(29) d(39) a(35,60) d(36) a(38,162) a(39,56) r(39,108) a(35,49) a(38,39) a(38,104) r(38,53) a(37,66) r(7,96) d(37)
43; d(32) r(35,60) a(7,37) r(35,82) d(36) a(7,93) r(35,60) a(38,46) d(39)
44; d(32) a(39,43) d(31) r(5,46) a(38,46) a(38,125)
45; d(32) r(35,60) a(7,37) r(35,82) d(36) a(7,93) r(35,60) a(7,37) r(39,74) d(31) d(29) d(39) a(35,60) d(36) a(38,162) a(39,56) r(39,108) a(35,49) a(38,39) a(38,104) r(38,53) a(37,66) r(7,96) r(37,91)
46; d(32) d(39) r(6,90) a(29,91) d(31) a(29,38)
47; r(32,49) r(39,41) a(29,154) a(38,101) d(31) r(38,104)
48; d(32) r(35,60) a(7,37) r(39,74) d(31) r(38,47) a(29,160) r(7,58) r(35,82) d(36) a(7,93) r(35,60) a(7,37) r(39,74) d(31) d(29) d(39) a(35,60) d(36) a(38,162) a(39,56) r(39,108) a(35,49) a(38,39) a(38,104) r(38,53) a(37,66) r(7,96) d(37)
49; d(32) r(35,60) a(7,37) a(31,80)
50; d(32) r(35,60) a(7,37) r(39,74) d(31) r(38,47) a(29,160) r(7,58) d(37)
51; d(32) r(35,60) a(7,37) r(35,82) d(36) a(7,93) r(35,60) a(7,37) r(39,74) d(31) d(29) d(39) a(35,60) d(36) a(38,162) a(39,56) r(39,108) a(35,49) a(38,39) a(38,104) r(38,53) a(37,66) r(7,96) a(37,93)
52; d(32) r(35,60) a(7,37) d(35) a(39,49) d(32) r(39,83) a(36,49) r(29,93) r(6,60)
53; r(32,49) r(38,163) a(38,162) a(39,56) r(39,108) a(38,72) a(38,42) a(38,91) a(7,75) d(36) a(6,7)
54; r(32,49) a(29,38) a(7,32) d(38) a(39,73) r(36,73) d(6) r(29,36)
55; d(32) r(35,60) a(7,37) r(39,74) d(38) d(29) r(6,79) d(36)
56; d(32) r(35,60) a(7,37) r(39,74) d(31) r(5,46) r(36,44) a(38,49)
57; d(32) r(35,60) a(7,37) d(35) a(39,49) d(32) r(39,83) a(36,49) r(29,93) d(38)
58; d(32) a(38,74) a(38,125) a(39,42)
59; d(32) d(39) r(6,90) r(39,74) d(31) d(29) a(36,79) d(38)
--------------------------------------------------------------------------------
Evaluation

0; 0.
1; 0.
2; 0.
3; 0.
4; 0.
5; 0.
6; 0.
7; 0.
8; 0.
9; 0.
10; 0.
11; 0.
12; 0.
13; 0.
14; 0.
15; 0.
16; 0.
17; 0.
18; 0.
19; 0.
20; 0.
21; 0.
22; 0.
23; 0.
24; 0.
25; 0.
26; 0.
27; 0.
28; 0.
29; 0.
30; 0.
31; 0.
32; 0.
33; 0.
34; 0.
35; 0.
36; 0.
37; 0.
38; 0.
39; 0.
40; 12.
41; 0.
42; 0.
43; 0.
44; 0.
45; 0.
46; 0.
47; 0.
48; 0.
49; 0.
50; 0.
51; 0.
52; 0.
53; 0.
54; 0.
55; 0.
56; 0.
57; 0.
58; 0.
59; 0.
================================================================================
Generation 8

--------------------------------------------------------------------------------
Selection

0; 21
1; 7
2; 45
3; 39
4; 54
5; 36
6; 1
7; 26
8; 18
9; 1
10; 0
11; 4
12; 28
13; 24
14; 49
15; 19
16; 55
17; 33
18; 51
19; 48
20; 48
21; 16
22; 22
23; 51
24; 9
25; 13
26; 36
27; 36
28; 1
29; 41
30; 21
31; 44
32; 53
33; 27
34; 0
35; 28
36; 45
37; 41
38; 5
39; 13
--------------------------------------------------------------------------------
Crossover

0; 28, 27; d(32) r(35,60) a(7,37) r(35,82) d(36) a(7,93) r(35,60) a(7,37) a(29,91) d(38) a(39,35) a(7,37) a(29,91) d(38) d(29)
1; 28, 27; d(32) r(35,60) a(7,37) r(35,60)
2; 28; d(32) r(35,60) a(7,37) r(35,82) d(36) a(7,93) r(35,60) a(7,37) a(29,91) d(38) a(39,35)
3; 27; d(32) r(35,60) a(7,37) r(35,60) a(7,37) a(29,91) d(38) d(29)
4; 48; d(32) r(35,60) a(7,37) r(39,74) d(31) r(38,47) a(29,160) r(7,58) r(35,82) d(36) a(7,93) r(35,60) a(7,37) r(39,74) d(31) d(29) d(39) a(35,60) d(36) a(38,162) a(39,56) r(39,108) a(35,49) a(38,39) a(38,104) r(38,53) a(37,66) r(7,96) d(37)
5; 19; r(29,133) d(39) a(35,60) d(36) r(6,145) d(32) d(38) d(5)
6; 41; r(32,49) r(38,163) a(38,162) a(39,56) r(39,108) a(38,72) a(38,42) a(38,91) a(7,75) d(36) d(29)
7; 26; d(32) r(35,60) a(7,37) r(35,82) d(36) a(7,93) r(35,82) d(36) a(7,93) r(35,60) a(7,37) r(39,74) d(31) d(29) a(6,60) r(5,56)
8; 22, 1; d(32) r(35,60) a(7,37) r(39,74) d(31) r(5,46) a(29,91) d(31) d(38)
9; 22, 1; d(32) d(39) r(6,90) a(37,74) d(38)
10; 22; d(32) r(35,60) a(7,37) r(39,74) d(31) r(5,46) a(37,74) d(38)
11; 1; d(32) d(39) r(6,90) a(29,91) d(31) d(38)
12; 21, 7; r(29,133) d(39) a(35,60) a(7,32) d(38) d(36) a(38,76) d(29) r(6,40) a(39,163)
13; 21, 7; d(32) r(35,60) a(7,37) r(35,82) d(36) a(38,162) r(32,162) r(38,5) r(7,42)
14; 21; r(29,133) d(39) a(35,60) d(36) a(38,162) r(32,162) r(38,5) r(7,42)
15; 7; d(32) r(35,60) a(7,37) r(35,82) a(7,32) d(38) d(36) a(38,76) d(29) r(6,40) a(39,163)
16; 48, 53; d(32) r(35,60) a(7,37) r(39,74) d(31) r(38,47) a(29,160) r(7,58) r(35,82) d(36) a(7,93) r(35,60) a(7,37) r(39,74) d(31) a(39,56) r(39,108) a(38,72) a(38,42) a(38,91) a(7,75) d(36) a(6,7)
17; 48, 53; r(32,49) r(38,163) a(38,162) d(29) d(39) a(35,60) d(36) a(38,162) a(39,56) r(39,108) a(35,49) a(38,39) a(38,104) r(38,53) a(37,66) r(7,96) d(37)
18; 48; d(32) r(35,60) a(7,37) r(39,74) d(31) r(38,47) a(29,160) r(7,58) r(35,82) d(36) a(7,93) r(35,60) a(7,37) r(39,74) d(31) d(29) d(39) a(35,60) d(36) a(38,162) a(39,56) r(39,108) a(35,49) a(38,39) a(38,104) r(38,53) a(37,66) r(7,96) d(37)
19; 53; r(32,49) r(38,163) a(38,162) a(39,56) r(39,108) a(38,72) a(38,42) a(38,91) a(7,75) d(36) a(6,7)
20; 45, 51; d(32) r(35,60) a(7,37) r(35,82) d(36) a(7,93) r(35,60) a(7,37) r(39,74) d(31) d(29) d(39) a(35,60) d(36) a(38,162) r(38,53) a(37,66) r(7,96) a(37,93)
21; 45, 51; d(32) r(35,60) a(7,37) r(35,82) d(36) a(7,93) r(35,60) a(7,37) r(39,74) d(31) d(29) d(39) a(35,60) d(36) a(38,162) a(39,56) r(39,108) a(35,49) a(38,39) a(38,104) a(39,56) r(39,108) a(35,49) a(38,39) a(38,104) r(38,53) a(37,66) r(7,96) r(37,91)
22; 45; d(32) r(35,60) a(7,37) r(35,82) d(36) a(7,93) r(35,60) a(7,37) r(39,74) d(31) d(29) d(39) a(35,60) d(36) a(38,162) a(39,56) r(39,108) a(35,49) a(38,39) a(38,104) r(38,53) a(37,66) r(7,96) r(37,91)
23; 51; d(32) r(35,60) a(7,37) r(35,82) d(36) a(7,93) r(35,60) a(7,37) r(39,74) d(31) d(29) d(39) a(35,60) d(36) a(38,162) a(39,56) r(39,108) a(35,49) a(38,39) a(38,104) r(38,53) a(37,66) r(7,96) a(37,93)
24; 33, 9; r(32,49) a(38,162) a(39,56) r(39,108) a(38,72)
25; 33, 9; d(32) r(35,60) a(7,37) r(35,82) d(36) a(7,93) a(39,93) d(38) r(39,44) a(38,42) r(38,128) d(36)
26; 33; r(32,49) a(38,162) a(39,56) r(39,108) a(38,72) a(38,42) r(38,128) d(36)
27; 9; d(32) r(35,60) a(7,37) r(35,82) d(36) a(7,93) a(39,93) d(38) r(39,44)
28; 28, 1; d(32) r(35,60) a(7,37) r(35,82) d(38)
29; 28, 1; d(32) d(39) r(6,90) a(29,91) d(31) d(36) a(7,93) r(35,60) a(7,37) a(29,91) d(38) a(39,35)
30; 28; d(32) r(35,60) a(7,37) r(35,82) d(36) a(7,93) r(35,60) a(7,37) a(29,91) d(38) a(39,35)
31; 1; d(32) d(39) r(6,90) a(29,91) d(31) d(38)
32; 39, 1; r(32,49) r(6,90) a(29,91) d(31) d(38)
33; 39, 1; d(32) d(39) r(38,163) a(38,162) a(39,56) r(39,108) a(38,72) a(38,42) r(38,128) d(36)
34; 39; r(32,49) r(38,163) a(38,162) a(39,56) r(39,108) a(38,72) a(38,42) r(38,128) d(36)
35; 1; d(32) d(39) r(6,90) a(29,91) d(31) d(38)
36; 5; d(32) a(39,43) a(6,82) d(38) r(39,91)
37; 36; r(29,133) d(39) a(35,60) d(36) a(38,162) r(32,162) r(38,5) a(37,61)
38; 55, 44; d(32) r(35,60) a(39,43) d(31) r(5,46) a(38,46) a(38,125)
39; 55, 44; d(32) a(7,37) r(39,74) d(38) d(29) r(6,79) d(36)
40; 55; d(32) r(35,60) a(7,37) r(39,74) d(38) d(29) r(6,79) d(36)
41; 44; d(32) a(39,43) d(31) r(5,46) a(38,46) a(38,125)
42; 0, 54; d(32) a(38,74) a(38,91) r(31,5) d(38) a(39,73) r(36,73) d(6) r(29,36)
43; 0, 54; r(32,49) a(29,38) a(7,32) d(39) d(38)
44; 0; d(32) a(38,74) a(38,91) r(31,5) d(39) d(38)
45; 54; r(32,49) a(29,38) a(7,32) d(38) a(39,73) r(36,73) d(6) r(29,36)
46; 4; a(6,60) r(39,43) r(35,82) a(5,48) d(29) d(6) a(38,95) d(37)
47; 21; r(29,133) d(39) a(35,60) d(36) a(38,162) r(32,162) r(38,5) r(7,42)
48; 36; r(29,133) d(39) a(35,60) d(36) a(38,162) r(32,162) r(38,5) a(37,61)
49; 45; d(32) r(35,60) a(7,37) r(35,82) d(36) a(7,93) r(35,60) a(7,37) r(39,74) d(31) d(29) d(39) a(35,60) d(36) a(38,162) a(39,56) r(39,108) a(35,49) a(38,39) a(38,104) r(38,53) a(37,66) r(7,96) r(37,91)
50; 41; r(32,49) r(38,163) a(38,162) a(39,56) r(39,108) a(38,72) a(38,42) a(38,91) a(7,75) d(36) d(29)
51; 51; d(32) r(35,60) a(7,37) r(35,82) d(36) a(7,93) r(35,60) a(7,37) r(39,74) d(31) d(29) d(39) a(35,60) d(36) a(38,162) a(39,56) r(39,108) a(35,49) a(38,39) a(38,104) r(38,53) a(37,66) r(7,96) a(37,93)
52; 13, 16; r(32,49) r(39,56) d(39)
53; 13, 16; d(32) r(35,60) a(35,60) d(36) r(6,145) d(32) d(38) a(38,38) r(38,163)
54; 13; r(32,49) r(39,56) a(38,38) r(38,163)
55; 16; d(32) r(35,60) a(35,60) d(36) r(6,145) d(32) d(38) d(39)
56; 0; d(32) a(38,74) a(38,91) r(31,5) d(39) d(38)
57; 18; d(32) r(35,60) a(7,37) r(39,74) d(31) r(5,46) a(37,74) r(36,95)
58; 49, 24; d(32) r(35,60) a(7,37) r(38,42) r(7,125)
59; 49, 24; d(32) r(35,60) a(7,37) r(39,74) a(6,82) a(31,80)
60; 49; d(32) r(35,60) a(7,37) a(31,80)
61; 24; d(32) r(35,60) a(7,37) r(39,74) a(6,82) r(38,42) r(7,125)
62; 13; r(32,49) r(39,56) a(38,38) r(38,163)
63; 36; r(29,133) d(39) a(35,60) d(36) a(38,162) r(32,162) r(38,5) a(37,61)
--------------------------------------------------------------------------------
Mutation

0; d(32) r(35,60) a(7,37) r(35,82) d(36) a(7,93) r(35,60) a(7,37) a(29,91) d(38) a(39,35) a(7,37) a(29,91) d(38) d(29) r(37,42)
1; d(32) r(35,60) a(7,37) r(35,60) a(5,74)
2; d(32) r(35,60) a(7,37) r(35,82) d(36) a(7,93) r(35,60) a(7,37) a(29,91) d(38) a(39,35) r(39,48)
3; d(32) r(35,60) a(7,37) r(35,60) a(7,37) a(29,91) d(38) d(29) d(39)
4; d(32) r(35,60) a(7,37) r(39,74) d(31) r(38,47) a(29,160) r(7,58) r(35,82) d(36) a(7,93) r(35,60) a(7,37) r(39,74) d(31) d(29) d(39) a(35,60) d(36) a(38,162) a(39,56) r(39,108) a(35,49) a(38,39) a(38,104) r(38,53) a(37,66) r(7,96) d(37) a(6,145)
5; r(29,133) d(39) a(35,60) d(36) r(6,145) d(32) d(38) d(5) d(37)
6; r(32,49) r(38,163) a(38,162) a(39,56) r(39,108) a(38,72) a(38,42) a(38,91) a(7,75) d(36) d(29) d(37)
7; d(32) r(35,60) a(7,37) r(35,82) d(36) a(7,93) r(35,82) d(36) a(7,93) r(35,60) a(7,37) r(39,74) d(31) d(29) a(6,60) r(5,56) a(38,95)
8; d(32) r(35,60) a(7,37) r(39,74) d(31) r(5,46) a(29,91) d(31) d(38) r(29,162)
9; d(32) d(39) r(6,90) a(37,74) d(38) r(31,37)
10; d(32) r(35,60) a(7,37) r(39,74) d(31) r(5,46) a(37,74) d(38) d(37)
11; d(32) d(39) r(6,90) a(29,91) d(31) d(38) r(37,42)
12; r(29,133) d(39) a(35,60) a(7,32) d(38) d(36) a(38,76) d(29) r(6,40) a(39,163) r(35,40)
13; d(32) r(35,60) a(7,37) r(35,82) d(36) a(38,162) r(32,162) r(38,5) r(7,42) r(39,93)
14; r(29,133) d(39) a(35,60) d(36) a(38,162) r(32,162) r(38,5) r(7,42) d(6)
15; d(32) r(35,60) a(7,37) r(35,82) a(7,32) d(38) d(36) a(38,76) d(29) r(6,40) a(39,163) a(39,145)
16; d(32) r(35,60) a(7,37) r(39,74) d(31) r(38,47) a(29,160) r(7,58) r(35,82) d(36) a(7,93) r(35,60) a(7,37) r(39,74) d(31) a(39,56) r(39,108) a(38,72) a(38,42) a(38,91) a(7,75) d(36) a(6,7) a(6,7)
17; r(32,49) r(38,163) a(38,162) d(29) d(39) a(35,60) d(36) a(38,162) a(39,56) r(39,108) a(35,49) a(38,39) a(38,104) r(38,53) a(37,66) r(7,96) d(37) a(6,29)
18; d(32) r(35,60) a(7,37) r(39,74) d(31) r(38,47) a(29,160) r(7,58) r(35,82) d(36) a(7,93) r(35,60) a(7,37) r(39,74) d(31) d(29) d(39) a(35,60) d(36) a(38,162) a(39,56) r(39,108) a(35,49) a(38,39) a(38,104) r(38,53) a(37,66) r(7,96) d(37) r(6,72)
19; r(32,49) r(38,163) a(38,162) a(39,56) r(39,108) a(38,72) a(38,42) a(38,91) a(7,75) d(36) a(6,7) d(6)
20; d(32) r(35,60) a(7,37) r(35,82) d(36) a(7,93) r(35,60) a(7,37) r(39,74) d(31) d(29) d(39) a(35,60) d(36) a(38,162) r(38,53) a(37,66) r(7,96) a(37,93) r(37,128)
21; d(32) r(35,60) a(7,37) r(35,82) d(36) a(7,93) r(35,60) a(7,37) r(39,74) d(31) d(29) d(39) a(35,60) d(36) a(38,162) a(39,56) r(39,108) a(35,49) a(38,39) a(38,104) a(39,56) r(39,108) a(35,49) a(38,39) a(38,104) r(38,53) a(37,66) r(7,96) r(37,91) r(5,91)
22; d(32) r(35,60) a(7,37) r(35,82) d(36) a(7,93) r(35,60) a(7,37) r(39,74) d(31) d(29) d(39) a(35,60) d(36) a(38,162) a(39,56) r(39,108) a(35,49) a(38,39) a(38,104) r(38,53) a(37,66) r(7,96) r(37,91) d(6)
23; d(32) r(35,60) a(7,37) r(35,82) d(36) a(7,93) r(35,60) a(7,37) r(39,74) d(31) d(29) d(39) a(35,60) d(36) a(38,162) a(39,56) r(39,108) a(35,49) a(38,39) a(38,104) r(38,53) a(37,66) r(7,96) a(37,93) a(37,74)
24; r(32,49) a(38,162) a(39,56) r(39,108) a(38,72) d(38)
25; d(32) r(35,60) a(7,37) r(35,82) d(36) a(7,93) a(39,93) d(38) r(39,44) a(38,42) r(38,128) d(36) a(5,50)
26; r(32,49) a(38,162) a(39,56) r(39,108) a(38,72) a(38,42) r(38,128) d(36) a(5,40)
27; d(32) r(35,60) a(7,37) r(35,82) d(36) a(7,93) a(39,93) d(38) r(39,44) d(29)
28; d(32) r(35,60) a(7,37) r(35,82) d(38) r(37,154)
29; d(32) d(39) r(6,90) a(29,91) d(31) d(36) a(7,93) r(35,60) a(7,37) a(29,91) d(38) a(39,35) d(37)
30; d(32) r(35,60) a(7,37) r(35,82) d(36) a(7,93) r(35,60) a(7,37) a(29,91) d(38) a(39,35) r(39,49)
31; d(32) d(39) r(6,90) a(29,91) d(31) d(38) d(29)
32; r(32,49) r(6,90) a(29,91) d(31) d(38) a(39,47)
33; d(32) d(39) r(38,163) a(38,162) a(39,56) r(39,108) a(38,72) a(38,42) r(38,128) d(36) d(7)
34; r(32,49) r(38,163) a(38,162) a(39,56) r(39,108) a(38,72) a(38,42) r(38,128) d(36) a(5,42)
35; d(32) d(39) r(6,90) a(29,91) d(31) d(38) d(37)
36; d(32) a(39,43) a(6,82) d(38) r(39,91) r(31,76)
37; r(29,133) d(39) a(35,60) d(36) a(38,162) r(32,162) r(38,5) a(37,61) r(7,82)
38; d(32) r(35,60) a(39,43) d(31) r(5,46) a(38,46) a(38,125) r(29,40)
39; d(32) a(7,37) r(39,74) d(38) d(29) r(6,79) d(36) r(37,66)
40; d(32) r(35,60) a(7,37) r(39,74) d(38) d(29) r(6,79) d(36) d(5)
41; d(32) a(39,43) d(31) r(5,46) a(38,46) a(38,125) a(38,42)
42; d(32) a(38,74) a(38,91) r(31,5) d(38) a(39,73) r(36,73) d(6) r(29,36) d(39)
43; r(32,49) a(29,38) a(7,32) d(39) d(38) r(29,39)
44; d(32) a(38,74) a(38,91) r(31,5) d(39) d(38) d(7)
45; r(32,49) a(29,38) a(7,32) d(38) a(39,73) r(36,73) d(6) r(29,36) a(39,32)
46; a(6,60) r(39,43) r(35,82) a(5,48) d(29) d(6) a(38,95) d(37) a(5,95)
47; r(29,133) d(39) a(35,60) d(36) a(38,162) r(32,162) r(38,5) r(7,42) r(37,79)
48; r(29,133) d(39) a(35,60) d(36) a(38,162) r(32,162) r(38,5) a(37,61) r(6,38)
49; d(32) r(35,60) a(7,37) r(35,82) d(36) a(7,93) r(35,60) a(7,37) r(39,74) d(31) d(29) d(39) a(35,60) d(36) a(38,162) a(39,56) r(39,108) a(35,49) a(38,39) a(38,104) r(38,53) a(37,66) r(7,96) r(37,91) d(5)
50; r(32,49) r(38,163) a(38,162) a(39,56) r(39,108) a(38,72) a(38,42) a(38,91) a(7,75) d(36) d(29) d(37)
51; d(32) r(35,60) a(7,37) r(35,82) d(36) a(7,93) r(35,60) a(7,37) r(39,74) d(31) d(29) d(39) a(35,60) d(36) a(38,162) a(39,56) r(39,108) a(35,49) a(38,39) a(38,104) r(38,53) a(37,66) r(7,96) a(37,93) r(6,46)
52; r(32,49) r(39,56) d(39) d(6)
53; d(32) r(35,60) a(35,60) d(36) r(6,145) d(32) d(38) a(38,38) r(38,163) r(39,79)
54; r(32,49) r(39,56) a(38,38) r(38,163) r(29,61)
55; d(32) r(35,60) a(35,60) d(36) r(6,145) d(32) d(38) d(39) r(29,41)
56; d(32) a(38,74) a(38,91) r(31,5) d(39) d(38) r(37,42)
57; d(32) r(35,60) a(7,37) r(39,74) d(31) r(5,46) a(37,74) r(36,95) d(38)
58; d(32) r(35,60) a(7,37) r(38,42) r(7,125) d(39)
59; d(32) r(35,60) a(7,37) r(39,74) a(6,82) a(31,80) a(5,45)
60; d(32) r(35,60) a(7,37) a(31,80) d(7)
61; d(32) r(35,60) a(7,37) r(39,74) a(6,82) r(38,42) r(7,125) r(31,36)
62; r(32,49) r(39,56) a(38,38) r(38,163) r(37,124)
63; r(29,133) d(39) a(35,60) d(36) a(38,162) r(32,162) r(38,5) a(37,61) d(7)
--------------------------------------------------------------------------------
Evaluation

0; 0.
1; 0.
2; 0.
3; 0.
4; 0.
5; 0.
6; 0.
7; 0.
8; 0.
9; 0.
10; 0.
11; 0.
12; 0.
13; 0.
14; 0.
15; 0.
16; 0.
17; 0.
18; 0.
19; 0.
20; 0.
21; 0.
22; 0.
23; 0.
24; 0.
25; 0.
26; 0.
27; 0.
28; 0.
29; 0.
30; 0.
31; 0.
32; 0.
33; 12.
34; 0.
35; 0.
36; 0.
37; 0.
38; 0.
39; 0.
40; 0.
41; 0.
42; 0.
43; 0.
44; 12.
45; 0.
46; 0.
47; 0.
48; 0.
49; 0.
50; 0.
51; 0.
52; 0.
53; 0.
54; 0.
55; 0.
56; 0.
57; 0.
58; 0.
59; 0.
60; 0.
61; 0.
62; 0.
63; 0.
================================================================================
Generation 9

--------------------------------------------------------------------------------
Selection

0; 15
1; 39
2; 22
3; 40
4; 17
5; 7
6; 13
7; 58
8; 59
9; 38
10; 45
11; 39
12; 59
13; 37
14; 56
15; 50
16; 23
17; 27
18; 50
19; 62
20; 4
21; 51
22; 50
23; 26
24; 30
25; 24
26; 31
27; 36
28; 29
29; 48
30; 38
31; 28
32; 52
33; 7
34; 21
35; 55
36; 7
37; 56
38; 41
39; 48
--------------------------------------------------------------------------------
Crossover

0; 17, 59; r(32,49) r(38,163) a(38,162) d(29) d(39) a(35,60) d(36) a(38,162) a(39,56) r(39,108) r(39,74) a(6,82) a(31,80) a(5,45)
1; 17, 59; d(32) r(35,60) a(7,37) a(35,49) a(38,39) a(38,104) r(38,53) a(37,66) r(7,96) d(37) a(6,29)
2; 17; r(32,49) r(38,163) a(38,162) d(29) d(39) a(35,60) d(36) a(38,162) a(39,56) r(39,108) a(35,49) a(38,39) a(38,104) r(38,53) a(37,66) r(7,96) d(37) a(6,29)
3; 59; d(32) r(35,60) a(7,37) r(39,74) a(6,82) a(31,80) a(5,45)
4; 31, 62; d(32) d(39) r(6,90) a(29,91) r(39,56) a(38,38) r(38,163) r(37,124)
5; 31, 62; r(32,49) d(31) d(38) d(29)
6; 31; d(32) d(39) r(6,90) a(29,91) d(31) d(38) d(29)
7; 62; r(32,49) r(39,56) a(38,38) r(38,163) r(37,124)
8; 23, 48; d(32) r(35,60) a(7,37) r(35,82) d(36) a(7,93) r(35,60) a(7,37) r(39,74) r(32,162) r(38,5) a(37,61) r(6,38)
9; 23, 48; r(29,133) d(39) a(35,60) d(36) a(38,162) d(31) d(29) d(39) a(35,60) d(36) a(38,162) a(39,56) r(39,108) a(35,49) a(38,39) a(38,104) r(38,53) a(37,66) r(7,96) a(37,93) a(37,74)
10; 23; d(32) r(35,60) a(7,37) r(35,82) d(36) a(7,93) r(35,60) a(7,37) r(39,74) d(31) d(29) d(39) a(35,60) d(36) a(38,162) a(39,56) r(39,108) a(35,49) a(38,39) a(38,104) r(38,53) a(37,66) r(7,96) a(37,93) a(37,74)
11; 48; r(29,133) d(39) a(35,60) d(36) a(38,162) r(32,162) r(38,5) a(37,61) r(6,38)
12; 27; d(32) r(35,60) a(7,37) r(35,82) d(36) a(7,93) a(39,93) d(38) r(39,44) d(29)
13; 38; d(32) r(35,60) a(39,43) d(31) r(5,46) a(38,46) a(38,125) r(29,40)
14; 7, 59; d(32) r(35,60) a(7,37) r(35,82) d(36) a(7,93) r(35,82) d(36) a(7,93) r(35,60) a(7,37) a(6,82) a(31,80) a(5,45)
15; 7, 59; d(32) r(35,60) a(7,37) r(39,74) r(39,74) d(31) d(29) a(6,60) r(5,56) a(38,95)
16; 7; d(32) r(35,60) a(7,37) r(35,82) d(36) a(7,93) r(35,82) d(36) a(7,93) r(35,60) a(7,37) r(39,74) d(31) d(29) a(6,60) r(5,56) a(38,95)
17; 59; d(32) r(35,60) a(7,37) r(39,74) a(6,82) a(31,80) a(5,45)
18; 4; d(32) r(35,60) a(7,37) r(39,74) d(31) r(38,47) a(29,160) r(7,58) r(35,82) d(36) a(7,93) r(35,60) a(7,37) r(39,74) d(31) d(29) d(39) a(35,60) d(36) a(38,162) a(39,56) r(39,108) a(35,49) a(38,39) a(38,104) r(38,53) a(37,66) r(7,96) d(37) a(6,145)
19; 48; r(29,133) d(39) a(35,60) d(36) a(38,162) r(32,162) r(38,5) a(37,61) r(6,38)
20; 56, 50; d(32) a(38,74) a(38,91) r(31,5) d(39) d(38) a(38,162) a(39,56) r(39,108) a(38,72) a(38,42) a(38,91) a(7,75) d(36) d(29) d(37)
21; 56, 50; r(32,49) r(38,163) r(37,42)
22; 56; d(32) a(38,74) a(38,91) r(31,5) d(39) d(38) r(37,42)
23; 50; r(32,49) r(38,163) a(38,162) a(39,56) r(39,108) a(38,72) a(38,42) a(38,91) a(7,75) d(36) d(29) d(37)
24; 36, 50; d(32) a(39,43) a(6,82) a(38,42) a(38,91) a(7,75) d(36) d(29) d(37)
25; 36, 50; r(32,49) r(38,163) a(38,162) a(39,56) r(39,108) a(38,72) d(38) r(39,91) r(31,76)
26; 36; d(32) a(39,43) a(6,82) d(38) r(39,91) r(31,76)
27; 50; r(32,49) r(38,163) a(38,162) a(39,56) r(39,108) a(38,72) a(38,42) a(38,91) a(7,75) d(36) d(29) d(37)
28; 26, 51; r(32,49) a(38,162) a(39,56) r(39,108) a(38,72) a(38,42) r(38,128) a(37,66) r(7,96) a(37,93) r(6,46)
29; 26, 51; d(32) r(35,60) a(7,37) r(35,82) d(36) a(7,93) r(35,60) a(7,37) r(39,74) d(31) d(29) d(39) a(35,60) d(36) a(38,162) a(39,56) r(39,108) a(35,49) a(38,39) a(38,104) r(38,53) d(36) a(5,40)
30; 26; r(32,49) a(38,162) a(39,56) r(39,108) a(38,72) a(38,42) r(38,128) d(36) a(5,40)
31; 51; d(32) r(35,60) a(7,37) r(35,82) d(36) a(7,93) r(35,60) a(7,37) r(39,74) d(31) d(29) d(39) a(35,60) d(36) a(38,162) a(39,56) r(39,108) a(35,49) a(38,39) a(38,104) r(38,53) a(37,66) r(7,96) a(37,93) r(6,46)
32; 21, 40; d(32) r(35,60) a(7,37) r(35,82) d(36) a(7,93) r(35,60) a(7,37) r(39,74) d(31) d(29) d(39) a(35,60) d(36) a(38,162) a(39,56) r(39,108) a(35,49) a(38,39) a(38,104) a(39,56) r(39,108) a(35,49) a(38,39) a(38,104) r(38,53) a(37,66) r(7,96) r(37,91) d(38) d(29) r(6,79) d(36) d(5)
33; 21, 40; d(32) r(35,60) a(7,37) r(39,74) r(5,91)
34; 21; d(32) r(35,60) a(7,37) r(35,82) d(36) a(7,93) r(35,60) a(7,37) r(39,74) d(31) d(29) d(39) a(35,60) d(36) a(38,162) a(39,56) r(39,108) a(35,49) a(38,39) a(38,104) a(39,56) r(39,108) a(35,49) a(38,39) a(38,104) r(38,53) a(37,66) r(7,96) r(37,91) r(5,91)
35; 40; d(32) r(35,60) a(7,37) r(39,74) d(38) d(29) r(6,79) d(36) d(5)
36; 28; d(32) r(35,60) a(7,37) r(35,82) d(38) r(37,154)
37; 56; d(32) a(38,74) a(38,91) r(31,5) d(39) d(38) r(37,42)
38; 22, 15; d(32) r(35,60) a(7,37) r(35,82) d(36) a(7,93) r(35,60) a(7,37) r(39,74) d(31) d(29) d(39) a(35,60) d(36) a(38,162) a(39,56) r(39,108) a(35,49) a(38,39) r(35,82) a(7,32) d(38) d(36) a(38,76) d(29) r(6,40) a(39,163) a(39,145)
39; 22, 15; d(32) r(35,60) a(7,37) a(38,104) r(38,53) a(37,66) r(7,96) r(37,91) d(6)
40; 22; d(32) r(35,60) a(7,37) r(35,82) d(36) a(7,93) r(35,60) a(7,37) r(39,74) d(31) d(29) d(39) a(35,60) d(36) a(38,162) a(39,56) r(39,108) a(35,49) a(38,39) a(38,104) r(38,53) a(37,66) r(7,96) r(37,91) d(6)
41; 15; d(32) r(35,60) a(7,37) r(35,82) a(7,32) d(38) d(36) a(38,76) d(29) r(6,40) a(39,163) a(39,145)
42; 50; r(32,49) r(38,163) a(38,162) a(39,56) r(39,108) a(38,72) a(38,42) a(38,91) a(7,75) d(36) d(29) d(37)
43; 41; d(32) a(39,43) d(31) r(5,46) a(38,46) a(38,125) a(38,42)
44; 13; d(32) r(35,60) a(7,37) r(35,82) d(36) a(38,162) r(32,162) r(38,5) r(7,42) r(39,93)
45; 38; d(32) r(35,60) a(39,43) d(31) r(5,46) a(38,46) a(38,125) r(29,40)
46; 39; d(32) a(7,37) r(39,74) d(38) d(29) r(6,79) d(36) r(37,66)
47; 37; r(29,133) d(39) a(35,60) d(36) a(38,162) r(32,162) r(38,5) a(37,61) r(7,82)
48; 30; d(32) r(35,60) a(7,37) r(35,82) d(36) a(7,93) r(35,60) a(7,37) a(29,91) d(38) a(39,35) r(39,49)
49; 55; d(32) r(35,60) a(35,60) d(36) r(6,145) d(32) d(38) d(39) r(29,41)
50; 39; d(32) a(7,37) r(39,74) d(38) d(29) r(6,79) d(36) r(37,66)
51; 45; r(32,49) a(29,38) a(7,32) d(38) a(39,73) r(36,73) d(6) r(29,36) a(39,32)
52; 7, 29; d(32) r(35,60) a(7,37) r(35,82) d(36) a(7,93) r(35,82) d(36) a(7,93) r(35,60) a(7,37) r(39,74) d(31) d(29) a(6,60) a(29,91) d(38) a(39,35) d(37)
53; 7, 29; d(32) d(39) r(6,90) a(29,91) d(31) d(36) a(7,93) r(35,60) a(7,37) r(5,56) a(38,95)
54; 7; d(32) r(35,60) a(7,37) r(35,82) d(36) a(7,93) r(35,82) d(36) a(7,93) r(35,60) a(7,37) r(39,74) d(31) d(29) a(6,60) r(5,56) a(38,95)
55; 29; d(32) d(39) r(6,90) a(29,91) d(31) d(36) a(7,93) r(35,60) a(7,37) a(29,91) d(38) a(39,35) d(37)
56; 52, 24; r(32,49) r(39,56) d(39) d(6)
57; 52, 24; r(32,49) a(38,162) a(39,56) r(39,108) a(38,72) d(38)
58; 52; r(32,49) r(39,56) d(39) d(6)
59; 24; r(32,49) a(38,162) a(39,56) r(39,108) a(38,72) d(38)
60; 7, 58; d(32) r(35,60) a(7,37) r(35,82) d(36) a(7,93) r(35,82) d(36) a(7,93) r(35,60) a(7,37) r(39,74) d(31) d(29) a(7,37) r(38,42) r(7,125) d(39)
61; 7, 58; d(32) r(35,60) a(6,60) r(5,56) a(38,95)
62; 7; d(32) r(35,60) a(7,37) r(35,82) d(36) a(7,93) r(35,82) d(36) a(7,93) r(35,60) a(7,37) r(39,74) d(31) d(29) a(6,60) r(5,56) a(38,95)
63; 58; d(32) r(35,60) a(7,37) r(38,42) r(7,125) d(39)
--------------------------------------------------------------------------------
Mutation

0; r(32,49) r(38,163) a(38,162) d(29) d(39) a(35,60) d(36) a(38,162) a(39,56) r(39,108) r(39,74) a(6,82) a(31,80) a(5,45) r(37,128)
1; d(32) r(35,60) a(7,37) a(35,49) a(38,39) a(38,104) r(38,53) a(37,66) r(7,96) d(37) a(6,29) a(5,95)
2; r(32,49) r(38,163) a(38,162) d(29) d(39) a(35,60) d(36) a(38,162) a(39,56) r(39,108) a(35,49) a(38,39) a(38,104) r(38,53) a(37,66) r(7,96) d(37) a(6,29) r(6,78)
3; d(32) r(35,60) a(7,37) r(39,74) a(6,82) a(31,80) a(5,45) a(38,74)
4; d(32) d(39) r(6,90) a(29,91) r(39,56) a(38,38) r(38,163) r(37,124) r(31,76)
5; r(32,49) d(31) d(38) d(29) r(39,40)
6; d(32) d(39) r(6,90) a(29,91) d(31) d(38) d(29) r(36,43)
7; r(32,49) r(39,56) a(38,38) r(38,163) r(37,124) a(7,91)
8; d(32) r(35,60) a(7,37) r(35,82) d(36) a(7,93) r(35,60) a(7,37) r(39,74) r(32,162) r(38,5) a(37,61) r(6,38) d(37)
9; r(29,133) d(39) a(35,60) d(36) a(38,162) d(31) d(29) d(39) a(35,60) d(36) a(38,162) a(39,56) r(39,108) a(35,49) a(38,39) a(38,104) r(38,53) a(37,66) r(7,96) a(37,93) a(37,74) d(5)
10; d(32) r(35,60) a(7,37) r(35,82) d(36) a(7,93) r(35,60) a(7,37) r(39,74) d(31) d(29) d(39) a(35,60) d(36) a(38,162) a(39,56) r(39,108) a(35,49) a(38,39) a(38,104) r(38,53) a(37,66) r(7,96) a(37,93) a(37,74) d(37)
11; r(29,133) d(39) a(35,60) d(36) a(38,162) r(32,162) r(38,5) a(37,61) r(6,38) a(37,90)
12; d(32) r(35,60) a(7,37) r(35,82) d(36) a(7,93) a(39,93) d(38) r(39,44) d(29) r(7,38)
13; d(32) r(35,60) a(39,43) d(31) r(5,46) a(38,46) a(38,125) r(29,40) d(39)
14; d(32) r(35,60) a(7,37) r(35,82) d(36) a(7,93) r(35,82) d(36) a(7,93) r(35,60) a(7,37) a(6,82) a(31,80) a(5,45) a(38,42)
15; d(32) r(35,60) a(7,37) r(39,74) r(39,74) d(31) d(29) a(6,60) r(5,56) a(38,95) d(38)
16; d(32) r(35,60) a(7,37) r(35,82) d(36) a(7,93) r(35,82) d(36) a(7,93) r(35,60) a(7,37) r(39,74) d(31) d(29) a(6,60) r(5,56) a(38,95) a(38,96)
17; d(32) r(35,60) a(7,37) r(39,74) a(6,82) a(31,80) a(5,45) a(38,66)
18; d(32) r(35,60) a(7,37) r(39,74) d(31) r(38,47) a(29,160) r(7,58) r(35,82) d(36) a(7,93) r(35,60) a(7,37) r(39,74) d(31) d(29) d(39) a(35,60) d(36) a(38,162) a(39,56) r(39,108) a(35,49) a(38,39) a(38,104) r(38,53) a(37,66) r(7,96) d(37) a(6,145) d(6)
19; r(29,133) d(39) a(35,60) d(36) a(38,162) r(32,162) r(38,5) a(37,61) r(6,38) a(37,39)
20; d(32) a(38,74) a(38,91) r(31,5) d(39) d(38) a(38,162) a(39,56) r(39,108) a(38,72) a(38,42) a(38,91) a(7,75) d(36) d(29) d(37) r(6,43)
21; r(32,49) r(38,163) r(37,42) d(7)
22; d(32) a(38,74) a(38,91) r(31,5) d(39) d(38) r(37,42) d(7)
23; r(32,49) r(38,163) a(38,162) a(39,56) r(39,108) a(38,72) a(38,42) a(38,91) a(7,75) d(36) d(29) d(37) a(7,32)
24; d(32) a(39,43) a(6,82) a(38,42) a(38,91) a(7,75) d(36) d(29) d(37) a(6,65)
25; r(32,49) r(38,163) a(38,162) a(39,56) r(39,108) a(38,72) d(38) r(39,91) r(31,76) d(7)
26; d(32) a(39,43) a(6,82) d(38) r(39,91) r(31,76) r(29,66)
27; r(32,49) r(38,163) a(38,162) a(39,56) r(39,108) a(38,72) a(38,42) a(38,91) a(7,75) d(36) d(29) d(37) a(5,49)
28; r(32,49) a(38,162) a(39,56) r(39,108) a(38,72) a(38,42) r(38,128) a(37,66) r(7,96) a(37,93) r(6,46) d(29)
29; d(32) r(35,60) a(7,37) r(35,82) d(36) a(7,93) r(35,60) a(7,37) r(39,74) d(31) d(29) d(39) a(35,60) d(36) a(38,162) a(39,56) r(39,108) a(35,49) a(38,39) a(38,104) r(38,53) d(36) a(5,40) d(7)
30; r(32,49) a(38,162) a(39,56) r(39,108) a(38,72) a(38,42) r(38,128) d(36) a(5,40) a(5,38)
31; d(32) r(35,60) a(7,37) r(35,82) d(36) a(7,93) r(35,60) a(7,37) r(39,74) d(31) d(29) d(39) a(35,60) d(36) a(38,162) a(39,56) r(39,108) a(35,49) a(38,39) a(38,104) r(38,53) a(37,66) r(7,96) a(37,93) r(6,46) r(37,96)
32; d(32) r(35,60) a(7,37) r(35,82) d(36) a(7,93) r(35,60) a(7,37) r(39,74) d(31) d(29) d(39) a(35,60) d(36) a(38,162) a(39,56) r(39,108) a(35,49) a(38,39) a(38,104) a(39,56) r(39,108) a(35,49) a(38,39) a(38,104) r(38,53) a(37,66) r(7,96) r(37,91) d(38) d(29) r(6,79) d(36) d(5)
33; d(32) r(35,60) a(7,37) r(39,74) r(5,91) r(37,36)
34; d(32) r(35,60) a(7,37) r(35,82) d(36) a(7,93) r(35,60) a(7,37) r(39,74) d(31) d(29) d(39) a(35,60) d(36) a(38,162) a(39,56) r(39,108) a(35,49) a(38,39) a(38,104) a(39,56) r(39,108) a(35,49) a(38,39) a(38,104) r(38,53) a(37,66) r(7,96) r(37,91) r(5,91)
35; d(32) r(35,60) a(7,37) r(39,74) d(38) d(29) r(6,79) d(36) d(5) r(37,124)
36; d(32) r(35,60) a(7,37) r(35,82) d(38) r(37,154) r(7,50)
37; d(32) a(38,74) a(38,91) r(31,5) d(39) d(38) r(37,42) d(5)
38; d(32) r(35,60) a(7,37) r(35,82) d(36) a(7,93) r(35,60) a(7,37) r(39,74) d(31) d(29) d(39) a(35,60) d(36) a(38,162) a(39,56) r(39,108) a(35,49) a(38,39) r(35,82) a(7,32) d(38) d(36) a(38,76) d(29) r(6,40) a(39,163) a(39,145) d(5)
39; d(32) r(35,60) a(7,37) a(38,104) r(38,53) a(37,66) r(7,96) r(37,91) d(6) r(5,80)
40; d(32) r(35,60) a(7,37) r(35,82) d(36) a(7,93) r(35,60) a(7,37) r(39,74) d(31) d(29) d(39) a(35,60) d(36) a(38,162) a(39,56) r(39,108) a(35,49) a(38,39) a(38,104) r(38,53) a(37,66) r(7,96) r(37,91) d(6) d(5)
41; d(32) r(35,60) a(7,37) r(35,82) a(7,32) d(38) d(36) a(38,76) d(29) r(6,40) a(39,163) a(39,145) a(39,49)
42; r(32,49) r(38,163) a(38,162) a(39,56) r(39,108) a(38,72) a(38,42) a(38,91) a(7,75) d(36) d(29) d(37) a(6,163)
43; d(32) a(39,43) d(31) r(5,46) a(38,46) a(38,125) a(38,42) d(39)
44; d(32) r(35,60) a(7,37) r(35,82) d(36) a(38,162) r(32,162) r(38,5) r(7,42) r(39,93) a(29,96)
45; d(32) r(35,60) a(39,43) d(31) r(5,46) a(38,46) a(38,125) r(29,40) r(38,124)
46; d(32) a(7,37) r(39,74) d(38) d(29) r(6,79) d(36) r(37,66) r(5,95)
47; r(29,133) d(39) a(35,60) d(36) a(38,162) r(32,162) r(38,5) a(37,61) r(7,82) d(6)
48; d(32) r(35,60) a(7,37) r(35,82) d(36) a(7,93) r(35,60) a(7,37) a(29,91) d(38) a(39,35) r(39,49) a(6,31)
49; d(32) r(35,60) a(35,60) d(36) r(6,145) d(32) d(38) d(39) r(29,41) a(37,45)
50; d(32) a(7,37) r(39,74) d(38) d(29) r(6,79) d(36) r(37,66) r(5,124)
51; r(32,49) a(29,38) a(7,32) d(38) a(39,73) r(36,73) d(6) r(29,36) a(39,32) a(39,72)
52; d(32) r(35,60) a(7,37) r(35,82) d(36) a(7,93) r(35,82) d(36) a(7,93) r(35,60) a(7,37) r(39,74) d(31) d(29) a(6,60) a(29,91) d(38) a(39,35) d(37) d(6)
53; d(32) d(39) r(6,90) a(29,91) d(31) d(36) a(7,93) r(35,60) a(7,37) r(5,56) a(38,95) r(38,128)
54; d(32) r(35,60) a(7,37) r(35,82) d(36) a(7,93) r(35,82) d(36) a(7,93) r(35,60) a(7,37) r(39,74) d(31) d(29) a(6,60) r(5,56) a(38,95) d(38)
55; d(32) d(39) r(6,90) a(29,91) d(31) d(36) a(7,93) r(35,60) a(7,37) a(29,91) d(38) a(39,35) d(37) r(5,160)
56; r(32,49) r(39,56) d(39) d(6) a(36,29)
57; r(32,49) a(38,162) a(39,56) r(39,108) a(38,72) d(38) a(31,124)
58; r(32,49) r(39,56) d(39) d(6) a(38,31)
59; r(32,49) a(38,162) a(39,56) r(39,108) a(38,72) d(38) r(37,44)
60; d(32) r(35,60) a(7,37) r(35,82) d(36) a(7,93) r(35,82) d(36) a(7,93) r(35,60) a(7,37) r(39,74) d(31) d(29) a(7,37) r(38,42) r(7,125) d(39) r(37,108)
61; d(32) r(35,60) a(6,60) r(5,56) a(38,95) d(39)
62; d(32) r(35,60) a(7,37) r(35,82) d(36) a(7,93) r(35,82) d(36) a(7,93) r(35,60) a(7,37) r(39,74) d(31) d(29) a(6,60) r(5,56) a(38,95) a(38,39)
63; d(32) r(35,60) a(7,37) r(38,42) r(7,125) d(39) r(29,154)
--------------------------------------------------------------------------------
Evaluation

0; 0.
1; 0.
2; 0.
3; 0.
4; 0.
5; 0.
6; 0.
7; 0.
8; 0.
9; 0.
10; 0.
11; 0.
12; 0.
13; 0.
14; 0.
15; 0.
16; 0.
17; 0.
18; 0.
19; 0.
20; 0.
21; 12.
22; 12.
23; 0.
24; 0.
25; 12.
26; 0.
27; 0.
28; 0.
29; 0.
30; 0.
31; 0.
32; 0.
33; 0.
34; 0.
35; 12.
36; 0.
37; 0.
38; 0.
39; 0.
40; 0.
41; 0.
42; 0.
43; 0.
44; 0.
45; 12.
46; 0.
47; 0.
48; 0.
49; 0.
50; 12.
51; 0.
52; 0.
53; 0.
54; 0.
55; 0.
56; 0.
57; 12.
58; 0.
59; 0.
60; 0.
61; 0.
62; 0.
63; 0.
================================================================================
Generation 10

--------------------------------------------------------------------------------
Selection

0; 55
1; 10
2; 52
3; 46
4; 51
5; 16
6; 60
7; 39
8; 7
9; 15
10; 38
11; 34
12; 61
13; 33
14; 12
15; 41
16; 10
17; 37
18; 47
19; 50
20; 61
21; 28
22; 34
23; 55
24; 4
25; 19
26; 56
27; 19
28; 26
29; 18
30; 61
31; 53
32; 63
33; 19
34; 38
35; 17
36; 37
37; 9
38; 61
39; 9
--------------------------------------------------------------------------------
Crossover

0; 34; d(32) r(35,60) a(7,37) r(35,82) d(36) a(7,93) r(35,60) a(7,37) r(39,74) d(31) d(29) d(39) a(35,60) d(36) a(38,162) a(39,56) r(39,108) a(35,49) a(38,39) a(38,104) a(39,56) r(39,108) a(35,49) a(38,39) a(38,104) r(38,53) a(37,66) r(7,96) r(37,91) r(5,91)
1; 10; d(32) r(35,60) a(7,37) r(35,82) d(36) a(7,93) r(35,60) a(7,37) r(39,74) d(31) d(29) d(39) a(35,60) d(36) a(38,162) a(39,56) r(39,108) a(35,49) a(38,39) a(38,104) r(38,53) a(37,66) r(7,96) a(37,93) a(37,74) d(37)
2; 28, 38; r(32,49) a(38,162) a(39,56) r(39,108) a(38,72) d(36) a(38,162) a(39,56) r(39,108) a(35,49) a(38,39) r(35,82) a(7,32) d(38) d(36) a(38,76) d(29) r(6,40) a(39,163) a(39,145) d(5)
3; 28, 38; d(32) r(35,60) a(7,37) r(35,82) d(36) a(7,93) r(35,60) a(7,37) r(39,74) d(31) d(29) d(39) a(35,60) a(38,42) r(38,128) a(37,66) r(7,96) a(37,93) r(6,46) d(29)
4; 28; r(32,49) a(38,162) a(39,56) r(39,108) a(38,72) a(38,42) r(38,128) a(37,66) r(7,96) a(37,93) r(6,46) d(29)
5; 38; d(32) r(35,60) a(7,37) r(35,82) d(36) a(7,93) r(35,60) a(7,37) r(39,74) d(31) d(29) d(39) a(35,60) d(36) a(38,162) a(39,56) r(39,108) a(35,49) a(38,39) r(35,82) a(7,32) d(38) d(36) a(38,76) d(29) r(6,40) a(39,163) a(39,145) d(5)
6; 4; d(32) d(39) r(6,90) a(29,91) r(39,56) a(38,38) r(38,163) r(37,124) r(31,76)
7; 63; d(32) r(35,60) a(7,37) r(38,42) r(7,125) d(39) r(29,154)
8; 61; d(32) r(35,60) a(6,60) r(5,56) a(38,95) d(39)
9; 26; d(32) a(39,43) a(6,82) d(38) r(39,91) r(31,76) r(29,66)
10; 37; d(32) a(38,74) a(38,91) r(31,5) d(39) d(38) r(37,42) d(5)
11; 38; d(32) r(35,60) a(7,37) r(35,82) d(36) a(7,93) r(35,60) a(7,37) r(39,74) d(31) d(29) d(39) a(35,60) d(36) a(38,162) a(39,56) r(39,108) a(35,49) a(38,39) r(35,82) a(7,32) d(38) d(36) a(38,76) d(29) r(6,40) a(39,163) a(39,145) d(5)
12; 47, 55; r(29,133) d(39) a(35,60) d(31) d(36) a(7,93) r(35,60) a(7,37) a(29,91) d(38) a(39,35) d(37) r(5,160)
13; 47, 55; d(32) d(39) r(6,90) a(29,91) d(36) a(38,162) r(32,162) r(38,5) a(37,61) r(7,82) d(6)
14; 47; r(29,133) d(39) a(35,60) d(36) a(38,162) r(32,162) r(38,5) a(37,61) r(7,82) d(6)
15; 55; d(32) d(39) r(6,90) a(29,91) d(31) d(36) a(7,93) r(35,60) a(7,37) a(29,91) d(38) a(39,35) d(37) r(5,160)
16; 9, 39; r(29,133) d(39) a(35,60) d(36) a(38,162) d(31) d(29) d(39) a(35,60) d(36) a(38,162) a(39,56) r(39,108) a(35,49) r(35,60) a(7,37) a(38,104) r(38,53) a(37,66) r(7,96) r(37,91) d(6) r(5,80)
17; 9, 39; d(32) a(38,39) a(38,104) r(38,53) a(37,66) r(7,96) a(37,93) a(37,74) d(5)
18; 9; r(29,133) d(39) a(35,60) d(36) a(38,162) d(31) d(29) d(39) a(35,60) d(36) a(38,162) a(39,56) r(39,108) a(35,49) a(38,39) a(38,104) r(38,53) a(37,66) r(7,96) a(37,93) a(37,74) d(5)
19; 39; d(32) r(35,60) a(7,37) a(38,104) r(38,53) a(37,66) r(7,96) r(37,91) d(6) r(5,80)
20; 56; r(32,49) r(39,56) d(39) d(6) a(36,29)
21; 34; d(32) r(35,60) a(7,37) r(35,82) d(36) a(7,93) r(35,60) a(7,37) r(39,74) d(31) d(29) d(39) a(35,60) d(36) a(38,162) a(39,56) r(39,108) a(35,49) a(38,39) a(38,104) a(39,56) r(39,108) a(35,49) a(38,39) a(38,104) r(38,53) a(37,66) r(7,96) r(37,91) r(5,91)
22; 46; d(32) a(7,37) r(39,74) d(38) d(29) r(6,79) d(36) r(37,66) r(5,95)
23; 7; r(32,49) r(39,56) a(38,38) r(38,163) r(37,124) a(7,91)
24; 61; d(32) r(35,60) a(6,60) r(5,56) a(38,95) d(39)
25; 53; d(32) d(39) r(6,90) a(29,91) d(31) d(36) a(7,93) r(35,60) a(7,37) r(5,56) a(38,95) r(38,128)
26; 15, 33; d(32)
27; 15, 33; d(32) r(35,60) a(7,37) r(39,74) r(5,91) r(37,36) r(35,60) a(7,37) r(39,74) r(39,74) d(31) d(29) a(6,60) r(5,56) a(38,95) d(38)
28; 15; d(32) r(35,60) a(7,37) r(39,74) r(39,74) d(31) d(29) a(6,60) r(5,56) a(38,95) d(38)
29; 33; d(32) r(35,60) a(7,37) r(39,74) r(5,91) r(37,36)
30; 19, 60; r(29,133) d(39) a(35,60) a(7,93) r(35,60) a(7,37) r(39,74) d(31) d(29) a(7,37) r(38,42) r(7,125) d(39) r(37,108)
31; 19, 60; d(32) r(35,60) a(7,37) r(35,82) d(36) a(7,93) r(35,82) d(36) d(36) a(38,162) r(32,162) r(38,5) a(37,61) r(6,38) a(37,39)
32; 19; r(29,133) d(39) a(35,60) d(36) a(38,162) r(32,162) r(38,5) a(37,61) r(6,38) a(37,39)
33; 60; d(32) r(35,60) a(7,37) r(35,82) d(36) a(7,93) r(35,82) d(36) a(7,93) r(35,60) a(7,37) r(39,74) d(31) d(29) a(7,37) r(38,42) r(7,125) d(39) r(37,108)
34; 10, 12; d(32) r(35,60) a(7,37) r(35,82) d(36) a(7,93) r(35,60) a(7,37) r(7,38)
35; 10, 12; d(32) r(35,60) a(7,37) r(35,82) d(36) a(7,93) a(39,93) d(38) r(39,44) d(29) r(39,74) d(31) d(29) d(39) a(35,60) d(36) a(38,162) a(39,56) r(39,108) a(35,49) a(38,39) a(38,104) r(38,53) a(37,66) r(7,96) a(37,93) a(37,74) d(37)
36; 10; d(32) r(35,60) a(7,37) r(35,82) d(36) a(7,93) r(35,60) a(7,37) r(39,74) d(31) d(29) d(39) a(35,60) d(36) a(38,162) a(39,56) r(39,108) a(35,49) a(38,39) a(38,104) r(38,53) a(37,66) r(7,96) a(37,93) a(37,74) d(37)
37; 12; d(32) r(35,60) a(7,37) r(35,82) d(36) a(7,93) a(39,93) d(38) r(39,44) d(29) r(7,38)
38; 61, 51; d(32) r(35,60) a(6,60) r(5,56) a(38,95) a(39,32) a(39,72)
39; 61, 51; r(32,49) a(29,38) a(7,32) d(38) a(39,73) r(36,73) d(6) r(29,36) d(39)
40; 61; d(32) r(35,60) a(6,60) r(5,56) a(38,95) d(39)
41; 51; r(32,49) a(29,38) a(7,32) d(38) a(39,73) r(36,73) d(6) r(29,36) a(39,32) a(39,72)
42; 19, 19; r(29,133) d(39) a(35,60) d(36) r(38,5) a(37,61) r(6,38) a(37,39)
43; 19, 19; r(29,133) d(39) a(35,60) d(36) a(38,162) r(32,162) a(38,162) r(32,162) r(38,5) a(37,61) r(6,38) a(37,39)
44; 19; r(29,133) d(39) a(35,60) d(36) a(38,162) r(32,162) r(38,5) a(37,61) r(6,38) a(37,39)
45; 19; r(29,133) d(39) a(35,60) d(36) a(38,162) r(32,162) r(38,5) a(37,61) r(6,38) a(37,39)
46; 16; d(32) r(35,60) a(7,37) r(35,82) d(36) a(7,93) r(35,82) d(36) a(7,93) r(35,60) a(7,37) r(39,74) d(31) d(29) a(6,60) r(5,56) a(38,95) a(38,96)
47; 41; d(32) r(35,60) a(7,37) r(35,82) a(7,32) d(38) d(36) a(38,76) d(29) r(6,40) a(39,163) a(39,145) a(39,49)
48; 52; d(32) r(35,60) a(7,37) r(35,82) d(36) a(7,93) r(35,82) d(36) a(7,93) r(35,60) a(7,37) r(39,74) d(31) d(29) a(6,60) a(29,91) d(38) a(39,35) d(37) d(6)
49; 17; d(32) r(35,60) a(7,37) r(39,74) a(6,82) a(31,80) a(5,45) a(38,66)
50; 9; r(29,133) d(39) a(35,60) d(36) a(38,162) d(31) d(29) d(39) a(35,60) d(36) a(38,162) a(39,56) r(39,108) a(35,49) a(38,39) a(38,104) r(38,53) a(37,66) r(7,96) a(37,93) a(37,74) d(5)
51; 37; d(32) a(38,74) a(38,91) r(31,5) d(39) d(38) r(37,42) d(5)
52; 55; d(32) d(39) r(6,90) a(29,91) d(31) d(36) a(7,93) r(35,60) a(7,37) a(29,91) d(38) a(39,35) d(37) r(5,160)
53; 18; d(32) r(35,60) a(7,37) r(39,74) d(31) r(38,47) a(29,160) r(7,58) r(35,82) d(36) a(7,93) r(35,60) a(7,37) r(39,74) d(31) d(29) d(39) a(35,60) d(36) a(38,162) a(39,56) r(39,108) a(35,49) a(38,39) a(38,104) r(38,53) a(37,66) r(7,96) d(37) a(6,145) d(6)
54; 50, 61; d(32) a(7,37) r(39,74) d(38) d(29) r(6,79) d(36) r(5,56) a(38,95) d(39)
55; 50, 61; d(32) r(35,60) a(6,60) r(37,66) r(5,124)
56; 50; d(32) a(7,37) r(39,74) d(38) d(29) r(6,79) d(36) r(37,66) r(5,124)
57; 61; d(32) r(35,60) a(6,60) r(5,56) a(38,95) d(39)
--------------------------------------------------------------------------------
Mutation

0; d(32) r(35,60) a(7,37) r(35,82) d(36) a(7,93) r(35,60) a(7,37) r(39,74) d(31) d(29) d(39) a(35,60) d(36) a(38,162) a(39,56) r(39,108) a(35,49) a(38,39) a(38,104) a(39,56) r(39,108) a(35,49) a(38,39) a(38,104) r(38,53) a(37,66) r(7,96) r(37,91) r(5,91)
1; d(32) r(35,60) a(7,37) r(35,82) d(36) a(7,93) r(35,60) a(7,37) r(39,74) d(31) d(29) d(39) a(35,60) d(36) a(38,162) a(39,56) r(39,108) a(35,49) a(38,39) a(38,104) r(38,53) a(37,66) r(7,96) a(37,93) a(37,74) d(37) a(5,35)
2; r(32,49) a(38,162) a(39,56) r(39,108) a(38,72) d(36) a(38,162) a(39,56) r(39,108) a(35,49) a(38,39) r(35,82) a(7,32) d(38) d(36) a(38,76) d(29) r(6,40) a(39,163) a(39,145) d(5) d(37)
3; d(32) r(35,60) a(7,37) r(35,82) d(36) a(7,93) r(35,60) a(7,37) r(39,74) d(31) d(29) d(39) a(35,60) a(38,42) r(38,128) a(37,66) r(7,96) a(37,93) r(6,46) d(29) r(37,79)
4; r(32,49) a(38,162) a(39,56) r(39,108) a(38,72) a(38,42) r(38,128) a(37,66) r(7,96) a(37,93) r(6,46) d(29) a(36,40)
5; d(32) r(35,60) a(7,37) r(35,82) d(36) a(7,93) r(35,60) a(7,37) r(39,74) d(31) d(29) d(39) a(35,60) d(36) a(38,162) a(39,56) r(39,108) a(35,49) a(38,39) r(35,82) a(7,32) d(38) d(36) a(38,76) d(29) r(6,40) a(39,163) a(39,145) d(5) d(37)
6; d(32) d(39) r(6,90) a(29,91) r(39,56) a(38,38) r(38,163) r(37,124) r(31,76) a(36,41)
7; d(32) r(35,60) a(7,37) r(38,42) r(7,125) d(39) r(29,154) a(5,74)
8; d(32) r(35,60) a(6,60) r(5,56) a(38,95) d(39) a(38,91)
9; d(32) a(39,43) a(6,82) d(38) r(39,91) r(31,76) r(29,66) a(36,125)
10; d(32) a(38,74) a(38,91) r(31,5) d(39) d(38) r(37,42) d(5) d(29)
11; d(32) r(35,60) a(7,37) r(35,82) d(36) a(7,93) r(35,60) a(7,37) r(39,74) d(31) d(29) d(39) a(35,60) d(36) a(38,162) a(39,56) r(39,108) a(35,49) a(38,39) r(35,82) a(7,32) d(38) d(36) a(38,76) d(29) r(6,40) a(39,163) a(39,145) d(5) a(37,47)
12; r(29,133) d(39) a(35,60) d(31) d(36) a(7,93) r(35,60) a(7,37) a(29,91) d(38) a(39,35) d(37) r(5,160) d(32)
13; d(32) d(39) r(6,90) a(29,91) d(36) a(38,162) r(32,162) r(38,5) a(37,61) r(7,82) d(6) d(5)
14; r(29,133) d(39) a(35,60) d(36) a(38,162) r(32,162) r(38,5) a(37,61) r(7,82) d(6) a(5,128)
15; d(32) d(39) r(6,90) a(29,91) d(31) d(36) a(7,93) r(35,60) a(7,37) a(29,91) d(38) a(39,35) d(37) r(5,160) d(29)
16; r(29,133) d(39) a(35,60) d(36) a(38,162) d(31) d(29) d(39) a(35,60) d(36) a(38,162) a(39,56) r(39,108) a(35,49) r(35,60) a(7,37) a(38,104) r(38,53) a(37,66) r(7,96) r(37,91) d(6) r(5,80) r(32,74)
17; d(32) a(38,39) a(38,104) r(38,53) a(37,66) r(7,96) a(37,93) a(37,74) d(5) d(39)
18; r(29,133) d(39) a(35,60) d(36) a(38,162) d(31) d(29) d(39) a(35,60) d(36) a(38,162) a(39,56) r(39,108) a(35,49) a(38,39) a(38,104) r(38,53) a(37,66) r(7,96) a(37,93) a(37,74) d(5) r(37,36)
19; d(32) r(35,60) a(7,37) a(38,104) r(38,53) a(37,66) r(7,96) r(37,91) d(6) r(5,80) a(36,163)
20; r(32,49) r(39,56) d(39) d(6) a(36,29) d(31)
21; d(32) r(35,60) a(7,37) r(35,82) d(36) a(7,93) r(35,60) a(7,37) r(39,74) d(31) d(29) d(39) a(35,60) d(36) a(38,162) a(39,56) r(39,108) a(35,49) a(38,39) a(38,104) a(39,56) r(39,108) a(35,49) a(38,39) a(38,104) r(38,53) a(37,66) r(7,96) r(37,91) r(5,91)
22; d(32) a(7,37) r(39,74) d(38) d(29) r(6,79) d(36) r(37,66) r(5,95)
23; r(32,49) r(39,56) a(38,38) r(38,163) r(37,124) a(7,91) a(31,80)
24; d(32) r(35,60) a(6,60) r(5,56) a(38,95) d(39) a(38,95)
25; d(32) d(39) r(6,90) a(29,91) d(31) d(36) a(7,93) r(35,60) a(7,37) r(5,56) a(38,95) r(38,128) d(37)
26; d(32) a(31,154)
27; d(32) r(35,60) a(7,37) r(39,74) r(5,91) r(37,36) r(35,60) a(7,37) r(39,74) r(39,74) d(31) d(29) a(6,60) r(5,56) a(38,95) d(38) r(36,42)
28; d(32) r(35,60) a(7,37) r(39,74) r(39,74) d(31) d(29) a(6,60) r(5,56) a(38,95) d(38) a(37,82)
29; d(32) r(35,60) a(7,37) r(39,74) r(5,91) r(37,36) r(36,124)
30; r(29,133) d(39) a(35,60) a(7,93) r(35,60) a(7,37) r(39,74) d(31) d(29) a(7,37) r(38,42) r(7,125) d(39) r(37,108) r(36,91)
31; d(32) r(35,60) a(7,37) r(35,82) d(36) a(7,93) r(35,82) d(36) d(36) a(38,162) r(32,162) r(38,5) a(37,61) r(6,38) a(37,39) a(5,46)
32; r(29,133) d(39) a(35,60) d(36) a(38,162) r(32,162) r(38,5) a(37,61) r(6,38) a(37,39) r(5,65)
33; d(32) r(35,60) a(7,37) r(35,82) d(36) a(7,93) r(35,82) d(36) a(7,93) r(35,60) a(7,37) r(39,74) d(31) d(29) a(7,37) r(38,42) r(7,125) d(39) r(37,108) r(6,128)
34; d(32) r(35,60) a(7,37) r(35,82) d(36) a(7,93) r(35,60) a(7,37) r(7,38) a(39,90)
35; d(32) r(35,60) a(7,37) r(35,82) d(36) a(7,93) a(39,93) d(38) r(39,44) d(29) r(39,74) d(31) d(29) d(39) a(35,60) d(36) a(38,162) a(39,56) r(39,108) a(35,49) a(38,39) a(38,104) r(38,53) a(37,66) r(7,96) a(37,93) a(37,74) d(37) r(5,47)
36; d(32) r(35,60) a(7,37) r(35,82) d(36) a(7,93) r(35,60) a(7,37) r(39,74) d(31) d(29) d(39) a(35,60) d(36) a(38,162) a(39,56) r(39,108) a(35,49) a(38,39) a(38,104) r(38,53) a(37,66) r(7,96) a(37,93) a(37,74) d(37) r(5,47)
37; d(32) r(35,60) a(7,37) r(35,82) d(36) a(7,93) a(39,93) d(38) r(39,44) d(29) r(7,38) d(37)
38; d(32) r(35,60) a(6,60) r(5,56) a(38,95) a(39,32) a(39,72) r(38,83)
39; r(32,49) a(29,38) a(7,32) d(38) a(39,73) r(36,73) d(6) r(29,36) d(39) a(37,39)
40; d(32) r(35,60) a(6,60) r(5,56) a(38,95) d(39) a(38,133)
41; r(32,49) a(29,38) a(7,32) d(38) a(39,73) r(36,73) d(6) r(29,36) a(39,32) a(39,72) r(39,74)
42; r(29,133) d(39) a(35,60) d(36) r(38,5) a(37,61) r(6,38) a(37,39) a(32,160)
43; r(29,133) d(39) a(35,60) d(36) a(38,162) r(32,162) a(38,162) r(32,162) r(38,5) a(37,61) r(6,38) a(37,39) r(5,108)
44; r(29,133) d(39) a(35,60) d(36) a(38,162) r(32,162) r(38,5) a(37,61) r(6,38) a(37,39) d(37)
45; r(29,133) d(39) a(35,60) d(36) a(38,162) r(32,162) r(38,5) a(37,61) r(6,38) a(37,39) r(5,45)
46; d(32) r(35,60) a(7,37) r(35,82) d(36) a(7,93) r(35,82) d(36) a(7,93) r(35,60) a(7,37) r(39,74) d(31) d(29) a(6,60) r(5,56) a(38,95) a(38,96) r(38,125)
47; d(32) r(35,60) a(7,37) r(35,82) a(7,32) d(38) d(36) a(38,76) d(29) r(6,40) a(39,163) a(39,145) a(39,49) d(5)
48; d(32) r(35,60) a(7,37) r(35,82) d(36) a(7,93) r(35,82) d(36) a(7,93) r(35,60) a(7,37) r(39,74) d(31) d(29) a(6,60) a(29,91) d(38) a(39,35) d(37) d(6) a(5,125)
49; d(32) r(35,60) a(7,37) r(39,74) a(6,82) a(31,80) a(5,45) a(38,66) r(31,36)
50; r(29,133) d(39) a(35,60) d(36) a(38,162) d(31) d(29) d(39) a(35,60) d(36) a(38,162) a(39,56) r(39,108) a(35,49) a(38,39) a(38,104) r(38,53) a(37,66) r(7,96) a(37,93) a(37,74) d(5) r(32,35)
51; d(32) a(38,74) a(38,91) r(31,5) d(39) d(38) r(37,42) d(5) d(29)
52; d(32) d(39) r(6,90) a(29,91) d(31) d(36) a(7,93) r(35,60) a(7,37) a(29,91) d(38) a(39,35) d(37) r(5,160) a(29,90)
53; d(32) r(35,60) a(7,37) r(39,74) d(31) r(38,47) a(29,160) r(7,58) r(35,82) d(36) a(7,93) r(35,60) a(7,37) r(39,74) d(31) d(29) d(39) a(35,60) d(36) a(38,162) a(39,56) r(39,108) a(35,49) a(38,39) a(38,104) r(38,53) a(37,66) r(7,96) d(37) a(6,145) d(6) d(5)
54; d(32) a(7,37) r(39,74) d(38) d(29) r(6,79) d(36) r(5,56) a(38,95) d(39) r(37,31)
55; d(32) r(35,60) a(6,60) r(37,66) r(5,124) a(31,96)
56; d(32) a(7,37) r(39,74) d(38) d(29) r(6,79) d(36) r(37,66) r(5,124)
57; d(32) r(35,60) a(6,60) r(5,56) a(38,95) d(39) r(29,32)
--------------------------------------------------------------------------------
Evaluation

0; 0.
1; 0.
2; 0.
3; 0.
4; 0.
5; 0.
6; 0.
7; 0.
8; 0.
9; 0.
10; 0.
11; 0.
12; 0.
13; 0.
14; 0.
15; 0.
16; 0.
17; 0.
18; 0.
19; 12.
20; 0.
21; 0.
22; 0.
23; 0.
24; 0.
25; 0.
26; 0.
27; 0.
28; 0.
29; 0.
30; 0.
31; 0.
32; 0.
33; 0.
34; 0.
35; 0.
36; 0.
37; 0.
38; 0.
39; 0.
40; 0.
41; 0.
42; 0.
43; 0.
44; 0.
45; 0.
46; 0.
47; 0.
48; 0.
49; 0.
50; 0.
51; 0.
52; 0.
53; 0.
54; 0.
55; 12.
56; 12.
57; 0.
