================================================================================
Enclosure

1: 0
2: 0
3: 0
4: 0
5: 0
6: 5
7: 6
8: 7
11: 5
12: 11
14: 0
16: 0
18: 0
19: 0
20: 19
21: 19
26: 11
27: 5
28: 5
29: 0
30: 29
31: 29
32: 0
33: 32
34: 32
35: 32
36: 0
37: 0
38: 37
39: 37
40: 37
41: 0
42: 0
43: 0
44: 0
45: 0
46: 45
47: 45
48: 45
49: 48
50: 48
51: 48
52: 51
53: 52
56: 45
57: 45
58: 57
60: 45
61: 45
63: 0
65: 63
66: 0
68: 0
71: 45
72: 0
73: 0
74: 73
75: 73
76: 75
78: 73
79: 73
80: 79
81: 79
82: 73
83: 73
85: 0
86: 0
90: 0
91: 90
92: 90
93: 92
95: 90
96: 90
98: 0
101: 0
102: 0
103: 102
104: 103
106: 102
107: 106
108: 106
109: 102
110: 102
111: 0
112: 111
113: 111
114: 113
115: 113
116: 115
117: 115
118: 113
119: 111
120: 0
121: 0
122: 121
123: 121
124: 123
125: 123
126: 121
128: 126
129: 121
130: 121
131: 121
132: 0
133: 0
134: 0
135: 134
136: 134
137: 134
138: 134
139: 134
140: 139
142: 139
143: 142
145: 142
146: 134
147: 146
148: 146
149: 148
150: 148
151: 148
152: 151
154: 146
155: 134
156: 155
157: 155
158: 157
159: 157
160: 155
161: 134
162: 134
163: 0
================================================================================
Initialisation

0; r(39,72); 4.
1; r(7,49); 0.
2; r(38,125); 4.
3; r(38,90); 4.
4; a(39,90); 4.
5; r(39,61); 4.
6; r(39,79); 4.
7; d(38); 4.
8; d(39); 4.
9; r(39,31); 4.
10; r(39,74); 4.
11; a(39,154); 4.
12; r(37,163); 12.
13; r(38,32); 4.
14; d(39); 4.
15; r(39,43); 4.
16; r(38,66); 4.
17; r(39,65); 4.
18; r(38,5); 4.
19; r(38,29); 4.
20; r(7,160); 12.
21; d(5); 4.
22; r(38,101); 4.
23; d(39); 4.
24; r(38,29); 4.
25; r(39,101); 4.
26; r(6,160); 0.
27; a(39,160); 4.
28; a(39,43); 4.
29; a(35,96); 4.
30; a(38,29); 4.
31; r(38,73); 4.
32; r(38,35); 4.
33; r(39,35); 4.
34; a(38,91); 4.
35; a(29,78); 0.
36; a(38,83); 4.
37; d(31); 4.
38; r(39,73); 4.
39; original; 4.
================================================================================
Generation 1

--------------------------------------------------------------------------------
Selection

0; 7
1; 35
2; 25
3; 22
4; 30
5; 5
6; 30
7; 38
8; 15
9; 31
10; 38
11; 33
12; 7
13; 11
14; 23
15; 26
16; 5
17; 33
18; 6
19; 36
20; 26
21; 35
22; 3
23; 23
24; 1
25; 17
26; 14
27; 36
28; 35
29; 9
30; 15
31; 36
32; 4
33; 19
34; 36
35; 29
36; 2
37; 35
38; 27
39; 16
--------------------------------------------------------------------------------
Crossover

0; 35; a(29,78)
1; 36; a(38,83)
2; 38; r(39,73)
3; 36; a(38,83)
4; 14, 2; d(39)
5; 14, 2; r(38,125)
6; 14; d(39)
7; 2; r(38,125)
8; 6; r(39,79)
9; 5; r(39,61)
10; 7, 5; d(38)
11; 7, 5; r(39,61)
12; 7; d(38)
13; 5; r(39,61)
14; 19; r(38,29)
15; 11; a(39,154)
16; 36; a(38,83)
17; 23; d(39)
18; 22, 15; r(38,101)
19; 22, 15; r(39,43)
20; 22; r(38,101)
21; 15; r(39,43)
22; 26, 16; r(6,160)
23; 26, 16; r(38,66)
24; 26; r(6,160)
25; 16; r(38,66)
26; 38; r(39,73)
27; 33; r(39,35)
28; 17, 1; r(39,65)
29; 17, 1; r(7,49)
30; 17; r(39,65)
31; 1; r(7,49)
32; 36; a(38,83)
33; 25; r(39,101)
34; 29; a(35,96)
35; 30; a(38,29)
36; 33, 23; r(39,35)
37; 33, 23; d(39)
38; 33; r(39,35)
39; 23; d(39)
40; 7; d(38)
41; 26; r(6,160)
42; 15; r(39,43)
43; 35; a(29,78)
44; 9; r(39,31)
45; 31; r(38,73)
46; 30, 35; a(38,29)
47; 30, 35; a(29,78)
48; 30; a(38,29)
49; 35; a(29,78)
50; 27; a(39,160)
51; 35; a(29,78)
52; 4, 3; a(39,90)
53; 4, 3; r(38,90)
54; 4; a(39,90)
55; 3; r(38,90)
--------------------------------------------------------------------------------
Mutation

0; a(29,78) r(39,162)
1; a(38,83) d(39)
2; r(39,73) a(38,41)
3; a(38,83) r(31,128)
4; d(39) r(38,5)
5; r(38,125) r(36,41)
6; d(39) a(5,154)
7; r(38,125) a(5,91)
8; r(39,79) a(38,40)
9; r(39,61) d(38)
10; d(38) d(39)
11; r(39,61) a(37,50)
12; d(38) r(39,79)
13; r(39,61) a(38,78)
14; r(38,29) r(35,66)
15; a(39,154) r(38,29)
16; a(38,83) r(5,31)
17; d(39) r(36,78)
18; r(38,101) a(29,38)
19; r(39,43) r(31,38)
20; r(38,101) a(32,50)
21; r(39,43) r(38,73)
22; r(6,160) r(39,162)
23; r(38,66) r(39,79)
24; r(6,160) d(35)
25; r(38,66) d(39)
26; r(39,73) a(38,83)
27; r(39,35) a(38,61)
28; r(39,65) a(32,43)
29; r(7,49) d(39)
30; r(39,65) d(36)
31; r(7,49) r(38,104)
32; a(38,83) d(37)
33; r(39,101) d(35)
34; a(35,96) r(38,108)
35; a(38,29) d(38)
36; r(39,35) a(36,37)
37; d(39) a(5,32)
38; r(39,35) d(38)
39; d(39) r(38,43)
40; d(38) d(39)
41; r(6,160) d(38)
42; r(39,43) d(32)
43; a(29,78) a(38,37)
44; r(39,31) r(5,53)
45; r(38,73) d(37)
46; a(38,29) d(38)
47; a(29,78) d(38)
48; a(38,29) a(38,90)
49; a(29,78) r(38,31)
50; a(39,160) d(7)
51; a(29,78) a(38,42)
52; a(39,90) d(39)
53; r(38,90) a(39,66)
54; a(39,90) r(38,82)
55; r(38,90) a(39,74)
--------------------------------------------------------------------------------
Evaluation

0; 0.
1; 4.
2; 12.
3; 4.
4; 4.
5; 0.
6; 4.
7; 0.
8; 4.
9; 4.
10; 4.
11; 4.
12; 4.
13; 4.
14; 0.
15; 4.
16; 4.
17; 0.
18; 4.
19; 4.
20; 4.
21; 4.
22; 0.
23; 4.
24; 0.
25; 4.
26; 4.
27; 4.
28; 0.
29; 0.
30; 0.
31; 0.
32; 4.
33; 12.
34; 4.
35; 4.
36; 4.
37; 4.
38; 4.
39; 4.
40; 4.
41; 0.
42; 0.
43; 0.
44; 4.
45; 4.
46; 4.
47; 0.
48; 4.
49; 0.
50; 12.
51; 0.
52; 4.
53; 4.
54; 4.
55; 4.
================================================================================
Generation 2

--------------------------------------------------------------------------------
Selection

0; 45
1; 20
2; 14
3; 4
4; 32
5; 12
6; 14
7; 22
8; 27
9; 9
10; 17
11; 30
12; 27
13; 42
14; 12
15; 42
16; 35
17; 9
18; 48
19; 4
20; 55
21; 19
22; 42
23; 41
24; 53
25; 31
26; 32
27; 36
28; 7
29; 5
30; 28
31; 13
32; 36
33; 9
34; 7
35; 43
36; 6
37; 36
38; 17
39; 51
--------------------------------------------------------------------------------
Crossover

0; 14; r(38,29) r(35,66)
1; 28; r(39,65) a(32,43)
2; 53, 5; r(38,90) r(36,41)
3; 53, 5; r(38,125) a(39,66)
4; 53; r(38,90) a(39,66)
5; 5; r(38,125) r(36,41)
6; 12; d(38) r(39,79)
7; 4; d(39) r(38,5)
8; 42, 17; r(39,43) r(36,78)
9; 42, 17; d(39) d(32)
10; 42; r(39,43) d(32)
11; 17; d(39) r(36,78)
12; 9, 32; r(39,61) d(37)
13; 9, 32; a(38,83) d(38)
14; 9; r(39,61) d(38)
15; 32; a(38,83) d(37)
16; 45, 51; r(38,73) d(37) a(38,42)
17; 45, 51; a(29,78)
18; 45; r(38,73) d(37)
19; 51; a(29,78) a(38,42)
20; 36; r(39,35) a(36,37)
21; 36; r(39,35) a(36,37)
22; 27; r(39,35) a(38,61)
23; 30; r(39,65) d(36)
24; 4, 42; d(39) r(38,5) d(32)
25; 4, 42; r(39,43)
26; 4; d(39) r(38,5)
27; 42; r(39,43) d(32)
28; 31, 9; r(7,49) r(38,104) d(38)
29; 31, 9; r(39,61)
30; 31; r(7,49) r(38,104)
31; 9; r(39,61) d(38)
32; 55; r(38,90) a(39,74)
33; 32; a(38,83) d(37)
34; 41; r(6,160) d(38)
35; 9; r(39,61) d(38)
36; 20; r(38,101) a(32,50)
37; 6; d(39) a(5,154)
38; 35; a(38,29) d(38)
39; 19; r(39,43) r(31,38)
40; 14, 7; r(38,29) r(35,66)
41; 14, 7; r(38,125) a(5,91)
42; 14; r(38,29) r(35,66)
43; 7; r(38,125) a(5,91)
44; 36, 22; r(39,35) a(36,37)
45; 36, 22; r(6,160) r(39,162)
46; 36; r(39,35) a(36,37)
47; 22; r(6,160) r(39,162)
48; 27; r(39,35) a(38,61)
49; 13; r(39,61) a(38,78)
50; 12, 43; d(38) a(38,37)
51; 12, 43; a(29,78) r(39,79)
52; 12; d(38) r(39,79)
53; 43; a(29,78) a(38,37)
54; 17, 7; d(39) r(36,78) a(5,91)
55; 17, 7; r(38,125)
56; 17; d(39) r(36,78)
57; 7; r(38,125) a(5,91)
58; 42, 48; r(39,43) a(38,90)
59; 42, 48; a(38,29) d(32)
60; 42; r(39,43) d(32)
61; 48; a(38,29) a(38,90)
--------------------------------------------------------------------------------
Mutation

0; r(38,29) r(35,66) a(39,35)
1; r(39,65) a(32,43) d(32)
2; r(38,90) r(36,41) r(39,5)
3; r(38,125) a(39,66) d(39)
4; r(38,90) a(39,66) a(39,29)
5; r(38,125) r(36,41) d(37)
6; d(38) r(39,79) r(29,61)
7; d(39) r(38,5) a(36,163)
8; r(39,43) r(36,78) r(38,124)
9; d(39) d(32) a(5,91)
10; r(39,43) d(32) r(36,41)
11; d(39) r(36,78) a(35,56)
12; r(39,61) d(37) a(31,35)
13; a(38,83) d(38) r(37,65)
14; r(39,61) d(38) a(37,80)
15; a(38,83) d(37) r(36,128)
16; r(38,73) d(37) a(38,42) a(35,29)
17; a(29,78) d(5)
18; r(38,73) d(37) d(32)
19; a(29,78) a(38,42) r(39,163)
20; r(39,35) a(36,37) a(38,73)
21; r(39,35) a(36,37) r(36,31)
22; r(39,35) a(38,61) r(38,79)
23; r(39,65) d(36) r(5,61)
24; d(39) r(38,5) d(32) a(31,36)
25; r(39,43) d(38)
26; d(39) r(38,5) a(35,58)
27; r(39,43) d(32) r(29,79)
28; r(7,49) r(38,104) d(38) r(39,42)
29; r(39,61) d(38)
30; r(7,49) r(38,104) a(39,93)
31; r(39,61) d(38) a(32,58)
32; r(38,90) a(39,74) a(39,60)
33; a(38,83) d(37) d(36)
34; r(6,160) d(38) d(36)
35; r(39,61) d(38) a(32,79)
36; r(38,101) a(32,50) d(39)
37; d(39) a(5,154) d(37)
38; a(38,29) d(38) r(39,95)
39; r(39,43) r(31,38) r(35,43)
40; r(38,29) r(35,66) d(6)
41; r(38,125) a(5,91) r(39,66)
42; r(38,29) r(35,66) d(39)
43; r(38,125) a(5,91) d(39)
44; r(39,35) a(36,37) a(29,48)
45; r(6,160) r(39,162) r(31,29)
46; r(39,35) a(36,37) d(31)
47; r(6,160) r(39,162) r(32,56)
48; r(39,35) a(38,61) a(37,50)
49; r(39,61) a(38,78) d(37)
50; d(38) a(38,37) a(39,32)
51; a(29,78) r(39,79) d(38)
52; d(38) r(39,79) d(36)
53; a(29,78) a(38,37) a(38,29)
54; d(39) r(36,78) a(5,91) a(29,49)
55; r(38,125) r(29,133)
56; d(39) r(36,78) a(6,7)
57; r(38,125) a(5,91) r(36,43)
58; r(39,43) a(38,90) r(37,74)
59; a(38,29) d(32) r(39,73)
60; r(39,43) d(32) d(36)
61; a(38,29) a(38,90) a(7,91)
--------------------------------------------------------------------------------
Evaluation

0; 0.
1; 0.
2; 0.
3; 4.
4; 4.
5; 0.
6; 4.
7; 12.
8; 0.
9; 0.
10; 0.
11; 0.
12; 4.
13; 4.
14; 4.
15; 0.
16; 4.
17; 0.
18; 0.
19; 0.
20; 4.
21; 0.
22; 4.
23; 0.
24; 0.
25; 4.
26; 4.
27; 0.
28; 0.
29; 4.
30; 0.
31; 4.
32; 4.
33; 0.
34; 0.
35; 0.
36; 4.
37; 4.
38; 4.
39; 0.
40; 0.
41; 0.
42; 0.
43; 0.
44; 0.
45; 0.
46; 4.
47; 0.
48; 4.
49; 4.
50; 4.
51; 0.
52; 12.
53; 0.
54; 0.
55; 0.
56; 0.
57; 0.
58; 4.
59; 0.
60; 0.
61; 4.
================================================================================
Generation 3

--------------------------------------------------------------------------------
Selection

0; 26
1; 53
2; 0
3; 59
4; 1
5; 33
6; 60
7; 24
8; 56
9; 5
10; 11
11; 46
12; 42
13; 45
14; 27
15; 47
16; 61
17; 31
18; 57
19; 21
20; 51
21; 59
22; 51
23; 17
24; 10
25; 39
26; 27
27; 40
28; 1
29; 17
30; 17
31; 12
32; 56
33; 22
34; 34
35; 10
36; 30
37; 36
38; 45
39; 59
--------------------------------------------------------------------------------
Crossover

0; 59; a(38,29) d(32) r(39,73)
1; 36; r(38,101) a(32,50) d(39)
2; 39; r(39,43) r(31,38) r(35,43)
3; 45; r(6,160) r(39,162) r(31,29)
4; 24; d(39) r(38,5) d(32) a(31,36)
5; 40; r(38,29) r(35,66) d(6)
6; 53; a(29,78) a(38,37) a(38,29)
7; 17; a(29,78) d(5)
8; 56, 59; d(39)
9; 56, 59; a(38,29) d(32) r(39,73) r(36,78) a(6,7)
10; 56; d(39) r(36,78) a(6,7)
11; 59; a(38,29) d(32) r(39,73)
12; 57; r(38,125) a(5,91) r(36,43)
13; 10; r(39,43) d(32) r(36,41)
14; 10; r(39,43) d(32) r(36,41)
15; 11; d(39) r(36,78) a(35,56)
16; 51, 27; a(29,78) r(29,79)
17; 51, 27; r(39,43) d(32) r(39,79) d(38)
18; 51; a(29,78) r(39,79) d(38)
19; 27; r(39,43) d(32) r(29,79)
20; 33, 51; a(38,83) d(37) d(36) r(39,79) d(38)
21; 33, 51; a(29,78)
22; 33; a(38,83) d(37) d(36)
23; 51; a(29,78) r(39,79) d(38)
24; 45; r(6,160) r(39,162) r(31,29)
25; 61; a(38,29) a(38,90) a(7,91)
26; 27; r(39,43) d(32) r(29,79)
27; 56; d(39) r(36,78) a(6,7)
28; 26; d(39) r(38,5) a(35,58)
29; 1; r(39,65) a(32,43) d(32)
30; 30, 60; r(7,49) r(38,104) a(39,93) d(32) d(36)
31; 30, 60; r(39,43)
32; 30; r(7,49) r(38,104) a(39,93)
33; 60; r(39,43) d(32) d(36)
34; 17, 1; a(29,78) d(32)
35; 17, 1; r(39,65) a(32,43) d(5)
36; 17; a(29,78) d(5)
37; 1; r(39,65) a(32,43) d(32)
38; 21; r(39,35) a(36,37) r(36,31)
39; 31; r(39,61) d(38) a(32,58)
40; 12; r(39,61) d(37) a(31,35)
41; 59; a(38,29) d(32) r(39,73)
42; 0, 5; r(38,29) r(35,66) a(39,35)
43; 0, 5; r(38,125) r(36,41) d(37)
44; 0; r(38,29) r(35,66) a(39,35)
45; 5; r(38,125) r(36,41) d(37)
46; 42, 17; r(38,29) r(35,66) d(39) d(5)
47; 42, 17; a(29,78)
48; 42; r(38,29) r(35,66) d(39)
49; 17; a(29,78) d(5)
50; 22; r(39,35) a(38,61) r(38,79)
51; 47; r(6,160) r(39,162) r(32,56)
52; 34, 46; r(6,160)
53; 34, 46; r(39,35) a(36,37) d(31) d(38) d(36)
54; 34; r(6,160) d(38) d(36)
55; 46; r(39,35) a(36,37) d(31)
--------------------------------------------------------------------------------
Mutation

0; a(38,29) d(32) r(39,73) a(38,73)
1; r(38,101) a(32,50) d(39) r(36,154)
2; r(39,43) r(31,38) r(35,43) d(38)
3; r(6,160) r(39,162) r(31,29) r(38,163)
4; d(39) r(38,5) d(32) a(31,36) r(7,46)
5; r(38,29) r(35,66) d(6) d(29)
6; a(29,78) a(38,37) a(38,29) d(35)
7; a(29,78) d(5) r(38,42)
8; d(39) r(38,96)
9; a(38,29) d(32) r(39,73) r(36,78) a(6,7) r(38,154)
10; d(39) r(36,78) a(6,7) r(31,128)
11; a(38,29) d(32) r(39,73) r(38,46)
12; r(38,125) a(5,91) r(36,43) d(32)
13; r(39,43) d(32) r(36,41) a(31,45)
14; r(39,43) d(32) r(36,41) a(38,125)
15; d(39) r(36,78) a(35,56) d(38)
16; a(29,78) r(29,79) a(32,124)
17; r(39,43) d(32) r(39,79) d(38) a(37,96)
18; a(29,78) r(39,79) d(38) r(36,76)
19; r(39,43) d(32) r(29,79) d(38)
20; a(38,83) d(37) d(36) r(39,79) d(38) r(7,32)
21; a(29,78) r(39,160)
22; a(38,83) d(37) d(36) a(29,124)
23; a(29,78) r(39,79) d(38) a(37,38)
24; r(6,160) r(39,162) r(31,29) a(35,74)
25; a(38,29) a(38,90) a(7,91) a(39,37)
26; r(39,43) d(32) r(29,79) a(7,6)
27; d(39) r(36,78) a(6,7) a(38,95)
28; d(39) r(38,5) a(35,58) r(31,39)
29; r(39,65) a(32,43) d(32) d(38)
30; r(7,49) r(38,104) a(39,93) d(32) d(36) d(39)
31; r(39,43) r(38,35)
32; r(7,49) r(38,104) a(39,93) a(29,48)
33; r(39,43) d(32) d(36) r(7,48)
34; a(29,78) d(32) r(38,79)
35; r(39,65) a(32,43) d(5) r(38,46)
36; a(29,78) d(5) d(39)
37; r(39,65) a(32,43) d(32) a(38,154)
38; r(39,35) a(36,37) r(36,31) d(6)
39; r(39,61) d(38) a(32,58) d(32)
40; r(39,61) d(37) a(31,35) d(29)
41; a(38,29) d(32) r(39,73) r(38,29)
42; r(38,29) r(35,66) a(39,35) r(5,49)
43; r(38,125) r(36,41) d(37) r(35,73)
44; r(38,29) r(35,66) a(39,35) r(7,125)
45; r(38,125) r(36,41) d(37) r(5,82)
46; r(38,29) r(35,66) d(39) d(5) a(37,78)
47; a(29,78) d(39)
48; r(38,29) r(35,66) d(39) r(36,128)
49; a(29,78) d(5) r(38,31)
50; r(39,35) a(38,61) r(38,79) a(35,83)
51; r(6,160) r(39,162) r(32,56) a(38,128)
52; r(6,160) a(39,76)
53; r(39,35) a(36,37) d(31) d(38) d(36) d(6)
54; r(6,160) d(38) d(36) a(37,49)
55; r(39,35) a(36,37) d(31) r(37,133)
--------------------------------------------------------------------------------
Evaluation

0; 0.
1; 12.
2; 0.
3; 0.
4; 12.
5; 0.
6; 0.
7; 0.
8; 4.
9; 0.
10; 0.
11; 0.
12; 0.
13; 0.
14; 0.
15; 0.
16; 0.
17; 0.
18; 0.
19; 0.
20; 12.
21; 0.
22; 12.
23; 0.
24; 0.
25; 4.
26; 0.
27; 0.
28; 0.
29; 0.
30; 0.
31; 4.
32; 0.
33; 0.
34; 0.
35; 0.
36; 0.
37; 0.
38; 0.
39; 0.
40; 4.
41; 0.
42; 0.
43; 0.
44; 12.
45; 0.
46; 0.
47; 0.
48; 0.
49; 0.
50; 4.
51; 0.
52; 0.
53; 0.
54; 0.
55; 0.
================================================================================
Generation 4

--------------------------------------------------------------------------------
Selection

0; 18
1; 7
2; 42
3; 53
4; 25
5; 55
6; 20
7; 52
8; 7
9; 38
10; 30
11; 10
12; 55
13; 49
14; 37
15; 19
16; 52
17; 17
18; 29
19; 10
20; 26
21; 13
22; 9
23; 7
24; 37
25; 30
26; 19
27; 38
28; 0
29; 2
30; 46
31; 6
32; 43
33; 3
34; 32
35; 9
36; 43
37; 15
38; 10
39; 6
--------------------------------------------------------------------------------
Crossover

0; 15, 18; d(39)
1; 15, 18; a(29,78) r(39,79) d(38) r(36,76) r(36,78) a(35,56) d(38)
2; 15; d(39) r(36,78) a(35,56) d(38)
3; 18; a(29,78) r(39,79) d(38) r(36,76)
4; 20, 46; a(38,83)
5; 20, 46; r(38,29) r(35,66) d(39) d(5) a(37,78) d(37) d(36) r(39,79) d(38) r(7,32)
6; 20; a(38,83) d(37) d(36) r(39,79) d(38) r(7,32)
7; 46; r(38,29) r(35,66) d(39) d(5) a(37,78)
8; 42, 17; r(38,29) r(35,66) a(39,35)
9; 42, 17; r(39,43) d(32) r(39,79) d(38) a(37,96) r(5,49)
10; 42; r(38,29) r(35,66) a(39,35) r(5,49)
11; 17; r(39,43) d(32) r(39,79) d(38) a(37,96)
12; 13, 10; r(39,43) d(32) a(6,7) r(31,128)
13; 13, 10; d(39) r(36,78) r(36,41) a(31,45)
14; 13; r(39,43) d(32) r(36,41) a(31,45)
15; 10; d(39) r(36,78) a(6,7) r(31,128)
16; 6, 19; a(29,78) a(38,37) a(38,29) d(35) d(38)
17; 6, 19; r(39,43) d(32) r(29,79)
18; 6; a(29,78) a(38,37) a(38,29) d(35)
19; 19; r(39,43) d(32) r(29,79) d(38)
20; 0, 52; a(38,29) d(32) r(39,73) a(39,76)
21; 0, 52; r(6,160) a(38,73)
22; 0; a(38,29) d(32) r(39,73) a(38,73)
23; 52; r(6,160) a(39,76)
24; 37, 25; r(39,65) a(32,43) d(32) a(38,154) a(7,91) a(39,37)
25; 37, 25; a(38,29) a(38,90)
26; 37; r(39,65) a(32,43) d(32) a(38,154)
27; 25; a(38,29) a(38,90) a(7,91) a(39,37)
28; 53; r(39,35) a(36,37) d(31) d(38) d(36) d(6)
29; 37; r(39,65) a(32,43) d(32) a(38,154)
30; 29, 9; r(39,65) a(32,43) d(32)
31; 29, 9; a(38,29) d(32) r(39,73) r(36,78) a(6,7) r(38,154) d(38)
32; 29; r(39,65) a(32,43) d(32) d(38)
33; 9; a(38,29) d(32) r(39,73) r(36,78) a(6,7) r(38,154)
34; 30; r(7,49) r(38,104) a(39,93) d(32) d(36) d(39)
35; 38; r(39,35) a(36,37) r(36,31) d(6)
36; 7, 10; a(29,78)
37; 7, 10; d(39) r(36,78) a(6,7) r(31,128) d(5) r(38,42)
38; 7; a(29,78) d(5) r(38,42)
39; 10; d(39) r(36,78) a(6,7) r(31,128)
40; 55; r(39,35) a(36,37) d(31) r(37,133)
41; 55; r(39,35) a(36,37) d(31) r(37,133)
42; 52; r(6,160) a(39,76)
43; 2; r(39,43) r(31,38) r(35,43) d(38)
44; 26, 19; r(39,43) d(32) r(29,79) d(38)
45; 26, 19; r(39,43) d(32) r(29,79) a(7,6)
46; 26; r(39,43) d(32) r(29,79) a(7,6)
47; 19; r(39,43) d(32) r(29,79) d(38)
48; 7; a(29,78) d(5) r(38,42)
49; 9; a(38,29) d(32) r(39,73) r(36,78) a(6,7) r(38,154)
50; 7, 32; a(29,78) r(38,104) a(39,93) a(29,48)
51; 7, 32; r(7,49) d(5) r(38,42)
52; 7; a(29,78) d(5) r(38,42)
53; 32; r(7,49) r(38,104) a(39,93) a(29,48)
54; 43; r(38,125) r(36,41) d(37) r(35,73)
55; 38; r(39,35) a(36,37) r(36,31) d(6)
56; 49; a(29,78) d(5) r(38,31)
57; 30; r(7,49) r(38,104) a(39,93) d(32) d(36) d(39)
58; 10, 43; d(39) r(36,78) r(36,41) d(37) r(35,73)
59; 10, 43; r(38,125) a(6,7) r(31,128)
60; 10; d(39) r(36,78) a(6,7) r(31,128)
61; 43; r(38,125) r(36,41) d(37) r(35,73)
62; 3, 6; r(6,160) r(39,162) r(31,29) r(38,163) a(38,29) d(35)
63; 3, 6; a(29,78) a(38,37)
64; 3; r(6,160) r(39,162) r(31,29) r(38,163)
65; 6; a(29,78) a(38,37) a(38,29) d(35)
--------------------------------------------------------------------------------
Mutation

0; d(39) a(5,37)
1; a(29,78) r(39,79) d(38) r(36,76) r(36,78) a(35,56) d(38) a(5,49)
2; d(39) r(36,78) a(35,56) d(38) r(37,80)
3; a(29,78) r(39,79) d(38) r(36,76) d(32)
4; a(38,83) r(6,125)
5; r(38,29) r(35,66) d(39) d(5) a(37,78) d(37) d(36) r(39,79) d(38) r(7,32) r(31,5)
6; a(38,83) d(37) d(36) r(39,79) d(38) r(7,32) d(5)
7; r(38,29) r(35,66) d(39) d(5) a(37,78) r(36,128)
8; r(38,29) r(35,66) a(39,35) d(39)
9; r(39,43) d(32) r(39,79) d(38) a(37,96) r(5,49) r(36,41)
10; r(38,29) r(35,66) a(39,35) r(5,49) a(39,74)
11; r(39,43) d(32) r(39,79) d(38) a(37,96) a(6,104)
12; r(39,43) d(32) a(6,7) r(31,128) r(38,5)
13; d(39) r(36,78) r(36,41) a(31,45) r(32,108)
14; r(39,43) d(32) r(36,41) a(31,45) a(7,36)
15; d(39) r(36,78) a(6,7) r(31,128) d(38)
16; a(29,78) a(38,37) a(38,29) d(35) d(38) d(39)
17; r(39,43) d(32) r(29,79) r(36,60)
18; a(29,78) a(38,37) a(38,29) d(35) a(32,65)
19; r(39,43) d(32) r(29,79) d(38) r(37,38)
20; a(38,29) d(32) r(39,73) a(39,76) a(38,74)
21; r(6,160) a(38,73) d(38)
22; a(38,29) d(32) r(39,73) a(38,73) r(38,91)
23; r(6,160) a(39,76) r(5,162)
24; r(39,65) a(32,43) d(32) a(38,154) a(7,91) a(39,37) d(6)
25; a(38,29) a(38,90) d(39)
26; r(39,65) a(32,43) d(32) a(38,154) r(31,58)
27; a(38,29) a(38,90) a(7,91) a(39,37) r(38,65)
28; r(39,35) a(36,37) d(31) d(38) d(36) d(6) d(37)
29; r(39,65) a(32,43) d(32) a(38,154) r(7,80)
30; r(39,65) a(32,43) d(32) a(38,162)
31; a(38,29) d(32) r(39,73) r(36,78) a(6,7) r(38,154) d(38) a(7,31)
32; r(39,65) a(32,43) d(32) d(38) r(31,108)
33; a(38,29) d(32) r(39,73) r(36,78) a(6,7) r(38,154) a(7,43)
34; r(7,49) r(38,104) a(39,93) d(32) d(36) d(39) a(6,52)
35; r(39,35) a(36,37) r(36,31) d(6) a(38,145)
36; a(29,78) r(39,36)
37; d(39) r(36,78) a(6,7) r(31,128) d(5) r(38,42) r(35,133)
38; a(29,78) d(5) r(38,42) r(39,48)
39; d(39) r(36,78) a(6,7) r(31,128) d(38)
40; r(39,35) a(36,37) d(31) r(37,133) a(29,41)
41; r(39,35) a(36,37) d(31) r(37,133) a(7,124)
42; r(6,160) a(39,76) d(29)
43; r(39,43) r(31,38) r(35,43) d(38) a(6,92)
44; r(39,43) d(32) r(29,79) d(38) r(37,163)
45; r(39,43) d(32) r(29,79) a(7,6) d(36)
46; r(39,43) d(32) r(29,79) a(7,6) d(7)
47; r(39,43) d(32) r(29,79) d(38) d(7)
48; a(29,78) d(5) r(38,42) d(39)
49; a(38,29) d(32) r(39,73) r(36,78) a(6,7) r(38,154) d(7)
50; a(29,78) r(38,104) a(39,93) a(29,48) d(31)
51; r(7,49) d(5) r(38,42) a(35,49)
52; a(29,78) d(5) r(38,42) r(39,162)
53; r(7,49) r(38,104) a(39,93) a(29,48) a(39,50)
54; r(38,125) r(36,41) d(37) r(35,73) d(6)
55; r(39,35) a(36,37) r(36,31) d(6) a(32,104)
56; a(29,78) d(5) r(38,31) d(39)
57; r(7,49) r(38,104) a(39,93) d(32) d(36) d(39) a(5,93)
58; d(39) r(36,78) r(36,41) d(37) r(35,73) a(5,83)
59; r(38,125) a(6,7) r(31,128) r(39,65)
60; d(39) r(36,78) a(6,7) r(31,128) d(38)
61; r(38,125) r(36,41) d(37) r(35,73) d(7)
62; r(6,160) r(39,162) r(31,29) r(38,163) a(38,29) d(35) r(29,56)
63; a(29,78) a(38,37) d(39)
64; r(6,160) r(39,162) r(31,29) r(38,163) a(32,29)
65; a(29,78) a(38,37) a(38,29) d(35) r(6,125)
--------------------------------------------------------------------------------
Evaluation

0; 0.
1; 0.
2; 0.
3; 0.
4; 0.
5; 0.
6; 0.
7; 0.
8; 0.
9; 0.
10; 0.
11; 0.
12; 0.
13; 0.
14; 0.
15; 0.
16; 0.
17; 0.
18; 0.
19; 0.
20; 0.
21; 0.
22; 0.
23; 4.
24; 0.
25; 4.
26; 0.
27; 4.
28; 0.
29; 12.
30; 0.
31; 0.
32; 0.
33; 0.
34; 0.
35; 0.
36; 0.
37; 0.
38; 0.
39; 0.
40; 0.
41; 0.
42; 0.
43; 0.
44; 0.
45; 0.
46; 0.
47; 12.
48; 0.
49; 0.
50; 0.
51; 0.
52; 0.
53; 0.
54; 0.
55; 0.
56; 0.
57; 0.
58; 0.
59; 4.
60; 0.
61; 12.
62; 0.
63; 0.
64; 0.
65; 0.
================================================================================
Generation 5

--------------------------------------------------------------------------------
Selection

0; 19
1; 4
2; 4
3; 0
4; 55
5; 36
6; 14
7; 58
8; 63
9; 14
10; 5
11; 56
12; 6
13; 65
14; 13
15; 50
16; 46
17; 30
18; 12
19; 5
20; 11
21; 4
22; 3
23; 40
24; 2
25; 37
26; 32
27; 44
28; 51
29; 62
30; 13
31; 8
32; 54
33; 4
34; 36
35; 38
36; 13
37; 31
38; 46
39; 60
--------------------------------------------------------------------------------
Crossover

0; 32, 62; r(39,65) a(32,43) d(32) r(31,29) r(38,163) a(38,29) d(35) r(29,56)
1; 32, 62; r(6,160) r(39,162) d(38) r(31,108)
2; 32; r(39,65) a(32,43) d(32) d(38) r(31,108)
3; 62; r(6,160) r(39,162) r(31,29) r(38,163) a(38,29) d(35) r(29,56)
4; 44, 63; r(39,43) a(38,37) d(39)
5; 44, 63; a(29,78) d(32) r(29,79) d(38) r(37,163)
6; 44; r(39,43) d(32) r(29,79) d(38) r(37,163)
7; 63; a(29,78) a(38,37) d(39)
8; 4; a(38,83) r(6,125)
9; 13; d(39) r(36,78) r(36,41) a(31,45) r(32,108)
10; 6, 31; a(38,83) d(37) d(36) r(39,79) d(38) r(7,32) r(36,78) a(6,7) r(38,154) d(38) a(7,31)
11; 6, 31; a(38,29) d(32) r(39,73) d(5)
12; 6; a(38,83) d(37) d(36) r(39,79) d(38) r(7,32) d(5)
13; 31; a(38,29) d(32) r(39,73) r(36,78) a(6,7) r(38,154) d(38) a(7,31)
14; 14; r(39,43) d(32) r(36,41) a(31,45) a(7,36)
15; 12; r(39,43) d(32) a(6,7) r(31,128) r(38,5)
16; 2; d(39) r(36,78) a(35,56) d(38) r(37,80)
17; 58; d(39) r(36,78) r(36,41) d(37) r(35,73) a(5,83)
18; 13; d(39) r(36,78) r(36,41) a(31,45) r(32,108)
19; 40; r(39,35) a(36,37) d(31) r(37,133) a(29,41)
20; 5; r(38,29) r(35,66) d(39) d(5) a(37,78) d(37) d(36) r(39,79) d(38) r(7,32) r(31,5)
21; 37; d(39) r(36,78) a(6,7) r(31,128) d(5) r(38,42) r(35,133)
22; 8, 54; r(38,29) r(35,66) a(39,35) d(39)
23; 8, 54; r(38,125) r(36,41) d(37) r(35,73) d(6)
24; 8; r(38,29) r(35,66) a(39,35) d(39)
25; 54; r(38,125) r(36,41) d(37) r(35,73) d(6)
26; 14; r(39,43) d(32) r(36,41) a(31,45) a(7,36)
27; 30; r(39,65) a(32,43) d(32) a(38,162)
28; 65; a(29,78) a(38,37) a(38,29) d(35) r(6,125)
29; 60; d(39) r(36,78) a(6,7) r(31,128) d(38)
30; 36, 5; a(29,78) d(38) r(7,32) r(31,5)
31; 36, 5; r(38,29) r(35,66) d(39) d(5) a(37,78) d(37) d(36) r(39,79) r(39,36)
32; 36; a(29,78) r(39,36)
33; 5; r(38,29) r(35,66) d(39) d(5) a(37,78) d(37) d(36) r(39,79) d(38) r(7,32) r(31,5)
34; 46; r(39,43) d(32) r(29,79) a(7,6) d(7)
35; 51; r(7,49) d(5) r(38,42) a(35,49)
36; 36; a(29,78) r(39,36)
37; 50; a(29,78) r(38,104) a(39,93) a(29,48) d(31)
38; 19; r(39,43) d(32) r(29,79) d(38) r(37,38)
39; 3; a(29,78) r(39,79) d(38) r(36,76) d(32)
40; 46, 4; r(39,43) d(32) r(6,125)
41; 46, 4; a(38,83) r(29,79) a(7,6) d(7)
42; 46; r(39,43) d(32) r(29,79) a(7,6) d(7)
43; 4; a(38,83) r(6,125)
44; 56, 13; a(29,78) d(5) r(36,41) a(31,45) r(32,108)
45; 56, 13; d(39) r(36,78) r(38,31) d(39)
46; 56; a(29,78) d(5) r(38,31) d(39)
47; 13; d(39) r(36,78) r(36,41) a(31,45) r(32,108)
48; 38, 4; a(29,78) r(6,125)
49; 38, 4; a(38,83) d(5) r(38,42) r(39,48)
50; 38; a(29,78) d(5) r(38,42) r(39,48)
51; 4; a(38,83) r(6,125)
52; 11; r(39,43) d(32) r(39,79) d(38) a(37,96) a(6,104)
53; 0; d(39) a(5,37)
54; 4; a(38,83) r(6,125)
55; 55; r(39,35) a(36,37) r(36,31) d(6) a(32,104)
--------------------------------------------------------------------------------
Mutation

0; r(39,65) a(32,43) d(32) r(31,29) r(38,163) a(38,29) d(35) r(29,56) a(36,96)
1; r(6,160) r(39,162) d(38) r(31,108) r(36,108)
2; r(39,65) a(32,43) d(32) d(38) r(31,108) d(37)
3; r(6,160) r(39,162) r(31,29) r(38,163) a(38,29) d(35) r(29,56) d(36)
4; r(39,43) a(38,37) d(39) r(38,160)
5; a(29,78) d(32) r(29,79) d(38) r(37,163) a(5,108)
6; r(39,43) d(32) r(29,79) d(38) r(37,163) a(7,78)
7; a(29,78) a(38,37) d(39) a(38,76)
8; a(38,83) r(6,125) r(38,104)
9; d(39) r(36,78) r(36,41) a(31,45) r(32,108) r(38,35)
10; a(38,83) d(37) d(36) r(39,79) d(38) r(7,32) r(36,78) a(6,7) r(38,154) d(38) a(7,31) a(31,76)
11; a(38,29) d(32) r(39,73) d(5) a(38,29)
12; a(38,83) d(37) d(36) r(39,79) d(38) r(7,32) d(5) a(35,38)
13; a(38,29) d(32) r(39,73) r(36,78) a(6,7) r(38,154) d(38) a(7,31) r(31,76)
14; r(39,43) d(32) r(36,41) a(31,45) a(7,36) r(38,95)
15; r(39,43) d(32) a(6,7) r(31,128) r(38,5) a(7,96)
16; d(39) r(36,78) a(35,56) d(38) r(37,80) r(31,53)
17; d(39) r(36,78) r(36,41) d(37) r(35,73) a(5,83) d(29)
18; d(39) r(36,78) r(36,41) a(31,45) r(32,108) d(38)
19; r(39,35) a(36,37) d(31) r(37,133) a(29,41) d(32)
20; r(38,29) r(35,66) d(39) d(5) a(37,78) d(37) d(36) r(39,79) d(38) r(7,32) r(31,5) d(32)
21; d(39) r(36,78) a(6,7) r(31,128) d(5) r(38,42) r(35,133) a(29,79)
22; r(38,29) r(35,66) a(39,35) d(39) d(32)
23; r(38,125) r(36,41) d(37) r(35,73) d(6) r(31,163)
24; r(38,29) r(35,66) a(39,35) d(39) a(5,73)
25; r(38,125) r(36,41) d(37) r(35,73) d(6) d(32)
26; r(39,43) d(32) r(36,41) a(31,45) a(7,36) a(38,133)
27; r(39,65) a(32,43) d(32) a(38,162) d(38)
28; a(29,78) a(38,37) a(38,29) d(35) r(6,125) a(32,133)
29; d(39) r(36,78) a(6,7) r(31,128) d(38) r(35,43)
30; a(29,78) d(38) r(7,32) r(31,5) r(39,61)
31; r(38,29) r(35,66) d(39) d(5) a(37,78) d(37) d(36) r(39,79) r(39,36) r(29,162)
32; a(29,78) r(39,36) a(6,104)
33; r(38,29) r(35,66) d(39) d(5) a(37,78) d(37) d(36) r(39,79) d(38) r(7,32) r(31,5) d(29)
34; r(39,43) d(32) r(29,79) a(7,6) d(7) r(38,101)
35; r(7,49) d(5) r(38,42) a(35,49) r(36,82)
36; a(29,78) r(39,36) d(38)
37; a(29,78) r(38,104) a(39,93) a(29,48) d(31) a(36,82)
38; r(39,43) d(32) r(29,79) d(38) r(37,38) d(5)
39; a(29,78) r(39,79) d(38) r(36,76) d(32) r(37,128)
40; r(39,43) d(32) r(6,125) r(38,5)
41; a(38,83) r(29,79) a(7,6) d(7) d(38)
42; r(39,43) d(32) r(29,79) a(7,6) d(7) d(38)
43; a(38,83) r(6,125) a(29,72)
44; a(29,78) d(5) r(36,41) a(31,45) r(32,108) d(37)
45; d(39) r(36,78) r(38,31) d(39) r(37,42)
46; a(29,78) d(5) r(38,31) d(39) r(29,43)
47; d(39) r(36,78) r(36,41) a(31,45) r(32,108) d(37)
48; a(29,78) r(6,125) d(35)
49; a(38,83) d(5) r(38,42) r(39,48) a(36,93)
50; a(29,78) d(5) r(38,42) r(39,48) a(35,31)
51; a(38,83) r(6,125) a(39,124)
52; r(39,43) d(32) r(39,79) d(38) a(37,96) a(6,104) r(5,108)
53; d(39) a(5,37) a(7,44)
54; a(38,83) r(6,125) r(39,41)
55; r(39,35) a(36,37) r(36,31) d(6) a(32,104) r(38,49)
--------------------------------------------------------------------------------
Evaluation

0; 0.
1; 0.
2; 0.
3; 0.
4; 4.
5; 0.
6; 0.
7; 0.
8; 0.
9; 0.
10; 0.
11; 0.
12; 0.
13; 0.
14; 0.
15; 0.
16; 0.
17; 0.
18; 0.
19; 0.
20; 0.
21; 0.
22; 0.
23; 0.
24; 0.
25; 0.
26; 0.
27; 0.
28; 0.
29; 0.
30; 12.
31; 0.
32; 0.
33; 0.
34; 0.
35; 0.
36; 0.
37; 0.
38; 0.
39; 0.
40; 0.
41; 0.
42; 0.
43; 0.
44; 0.
45; 0.
46; 0.
47; 0.
48; 0.
49; 4.
50; 0.
51; 0.
52; 0.
53; 0.
54; 0.
55; 0.
================================================================================
Generation 6

--------------------------------------------------------------------------------
Selection

0; 13
1; 2
2; 24
3; 25
4; 17
5; 26
6; 36
7; 39
8; 43
9; 13
10; 48
11; 5
12; 11
13; 19
14; 53
15; 33
16; 18
17; 7
18; 19
19; 55
20; 20
21; 42
22; 42
23; 33
24; 50
25; 33
26; 21
27; 16
28; 40
29; 50
30; 48
31; 46
32; 28
33; 50
34; 39
35; 21
36; 23
37; 32
38; 45
39; 6
--------------------------------------------------------------------------------
Crossover

0; 42, 6; r(39,43) d(32) r(29,79) a(7,6) d(7)
1; 42, 6; r(39,43) d(32) r(29,79) d(38) r(37,163) a(7,78) d(38)
2; 42; r(39,43) d(32) r(29,79) a(7,6) d(7) d(38)
3; 6; r(39,43) d(32) r(29,79) d(38) r(37,163) a(7,78)
4; 26, 5; r(39,43) d(32) r(36,41) a(31,45) a(7,36) r(37,163) a(5,108)
5; 26, 5; a(29,78) d(32) r(29,79) d(38) a(38,133)
6; 26; r(39,43) d(32) r(36,41) a(31,45) a(7,36) a(38,133)
7; 5; a(29,78) d(32) r(29,79) d(38) r(37,163) a(5,108)
8; 2, 32; r(39,65) a(32,43) d(32) d(38) r(39,36) a(6,104)
9; 2, 32; a(29,78) r(31,108) d(37)
10; 2; r(39,65) a(32,43) d(32) d(38) r(31,108) d(37)
11; 32; a(29,78) r(39,36) a(6,104)
12; 18, 33; d(39) r(36,78) r(39,79) d(38) r(7,32) r(31,5) d(29)
13; 18, 33; r(38,29) r(35,66) d(39) d(5) a(37,78) d(37) d(36) r(36,41) a(31,45) r(32,108) d(38)
14; 18; d(39) r(36,78) r(36,41) a(31,45) r(32,108) d(38)
15; 33; r(38,29) r(35,66) d(39) d(5) a(37,78) d(37) d(36) r(39,79) d(38) r(7,32) r(31,5) d(29)
16; 50, 25; a(29,78) d(5) r(38,42) r(39,48) a(35,31)
17; 50, 25; r(38,125) r(36,41) d(37) r(35,73) d(6) d(32)
18; 50; a(29,78) d(5) r(38,42) r(39,48) a(35,31)
19; 25; r(38,125) r(36,41) d(37) r(35,73) d(6) d(32)
20; 21, 39; d(39) r(36,78) a(6,7) r(31,128) d(5) r(38,42) r(39,79) d(38) r(36,76) d(32) r(37,128)
21; 21, 39; a(29,78) r(35,133) a(29,79)
22; 21; d(39) r(36,78) a(6,7) r(31,128) d(5) r(38,42) r(35,133) a(29,79)
23; 39; a(29,78) r(39,79) d(38) r(36,76) d(32) r(37,128)
24; 17; d(39) r(36,78) r(36,41) d(37) r(35,73) a(5,83) d(29)
25; 33; r(38,29) r(35,66) d(39) d(5) a(37,78) d(37) d(36) r(39,79) d(38) r(7,32) r(31,5) d(29)
26; 53; d(39) a(5,37) a(7,44)
27; 50; a(29,78) d(5) r(38,42) r(39,48) a(35,31)
28; 42; r(39,43) d(32) r(29,79) a(7,6) d(7) d(38)
29; 39; a(29,78) r(39,79) d(38) r(36,76) d(32) r(37,128)
30; 48, 36; a(29,78) r(39,36) d(38)
31; 48, 36; a(29,78) r(6,125) d(35)
32; 48; a(29,78) r(6,125) d(35)
33; 36; a(29,78) r(39,36) d(38)
34; 43; a(38,83) r(6,125) a(29,72)
35; 13; a(38,29) d(32) r(39,73) r(36,78) a(6,7) r(38,154) d(38) a(7,31) r(31,76)
36; 40, 28; r(39,43) d(32) a(38,29) d(35) r(6,125) a(32,133)
37; 40, 28; a(29,78) a(38,37) r(6,125) r(38,5)
38; 40; r(39,43) d(32) r(6,125) r(38,5)
39; 28; a(29,78) a(38,37) a(38,29) d(35) r(6,125) a(32,133)
40; 11; a(38,29) d(32) r(39,73) d(5) a(38,29)
41; 19; r(39,35) a(36,37) d(31) r(37,133) a(29,41) d(32)
42; 20; r(38,29) r(35,66) d(39) d(5) a(37,78) d(37) d(36) r(39,79) d(38) r(7,32) r(31,5) d(32)
43; 48; a(29,78) r(6,125) d(35)
44; 45; d(39) r(36,78) r(38,31) d(39) r(37,42)
45; 13; a(38,29) d(32) r(39,73) r(36,78) a(6,7) r(38,154) d(38) a(7,31) r(31,76)
46; 33; r(38,29) r(35,66) d(39) d(5) a(37,78) d(37) d(36) r(39,79) d(38) r(7,32) r(31,5) d(29)
47; 55; r(39,35) a(36,37) r(36,31) d(6) a(32,104) r(38,49)
48; 21; d(39) r(36,78) a(6,7) r(31,128) d(5) r(38,42) r(35,133) a(29,79)
49; 16; d(39) r(36,78) a(35,56) d(38) r(37,80) r(31,53)
50; 7, 19; a(29,78) r(37,133) a(29,41) d(32)
51; 7, 19; r(39,35) a(36,37) d(31) a(38,37) d(39) a(38,76)
52; 7; a(29,78) a(38,37) d(39) a(38,76)
53; 19; r(39,35) a(36,37) d(31) r(37,133) a(29,41) d(32)
54; 24, 46; r(38,29) r(35,66) a(39,35) r(38,31) d(39) r(29,43)
55; 24, 46; a(29,78) d(5) d(39) a(5,73)
56; 24; r(38,29) r(35,66) a(39,35) d(39) a(5,73)
57; 46; a(29,78) d(5) r(38,31) d(39) r(29,43)
58; 23, 50; r(38,125) r(36,41) d(37) r(35,73) d(6) r(31,163) r(38,42) r(39,48) a(35,31)
59; 23, 50; a(29,78) d(5)
60; 23; r(38,125) r(36,41) d(37) r(35,73) d(6) r(31,163)
61; 50; a(29,78) d(5) r(38,42) r(39,48) a(35,31)
--------------------------------------------------------------------------------
Mutation

0; r(39,43) d(32) r(29,79) a(7,6) d(7) a(38,39)
1; r(39,43) d(32) r(29,79) d(38) r(37,163) a(7,78) d(38) d(6)
2; r(39,43) d(32) r(29,79) a(7,6) d(7) d(38) r(5,160)
3; r(39,43) d(32) r(29,79) d(38) r(37,163) a(7,78) d(36)
4; r(39,43) d(32) r(36,41) a(31,45) a(7,36) r(37,163) a(5,108) a(31,101)
5; a(29,78) d(32) r(29,79) d(38) a(38,133) a(39,73)
6; r(39,43) d(32) r(36,41) a(31,45) a(7,36) a(38,133) a(38,125)
7; a(29,78) d(32) r(29,79) d(38) r(37,163) a(5,108) d(5)
8; r(39,65) a(32,43) d(32) d(38) r(39,36) a(6,104) d(5)
9; a(29,78) r(31,108) d(37) d(36)
10; r(39,65) a(32,43) d(32) d(38) r(31,108) d(37) a(36,39)
11; a(29,78) r(39,36) a(6,104) r(38,163)
12; d(39) r(36,78) r(39,79) d(38) r(7,32) r(31,5) d(29) d(5)
13; r(38,29) r(35,66) d(39) d(5) a(37,78) d(37) d(36) r(36,41) a(31,45) r(32,108) d(38) d(29)
14; d(39) r(36,78) r(36,41) a(31,45) r(32,108) d(38) d(29)
15; r(38,29) r(35,66) d(39) d(5) a(37,78) d(37) d(36) r(39,79) d(38) r(7,32) r(31,5) d(29) d(32)
16; a(29,78) d(5) r(38,42) r(39,48) a(35,31) a(29,48)
17; r(38,125) r(36,41) d(37) r(35,73) d(6) d(32) d(5)
18; a(29,78) d(5) r(38,42) r(39,48) a(35,31) r(31,48)
19; r(38,125) r(36,41) d(37) r(35,73) d(6) d(32) r(31,90)
20; d(39) r(36,78) a(6,7) r(31,128) d(5) r(38,42) r(39,79) d(38) r(36,76) d(32) r(37,128) r(29,163)
21; a(29,78) r(35,133) a(29,79) a(38,40)
22; d(39) r(36,78) a(6,7) r(31,128) d(5) r(38,42) r(35,133) a(29,79) a(29,35)
23; a(29,78) r(39,79) d(38) r(36,76) d(32) r(37,128) a(6,61)
24; d(39) r(36,78) r(36,41) d(37) r(35,73) a(5,83) d(29) d(32)
25; r(38,29) r(35,66) d(39) d(5) a(37,78) d(37) d(36) r(39,79) d(38) r(7,32) r(31,5) d(29) a(32,101)
26; d(39) a(5,37) a(7,44) d(38)
27; a(29,78) d(5) r(38,42) r(39,48) a(35,31) d(32)
28; r(39,43) d(32) r(29,79) a(7,6) d(7) d(38) d(5)
29; a(29,78) r(39,79) d(38) r(36,76) d(32) r(37,128) r(31,125)
30; a(29,78) r(39,36) d(38) d(35)
31; a(29,78) r(6,125) d(35) a(38,37)
32; a(29,78) r(6,125) d(35) d(37)
33; a(29,78) r(39,36) d(38) d(36)
34; a(38,83) r(6,125) a(29,72) d(32)
35; a(38,29) d(32) r(39,73) r(36,78) a(6,7) r(38,154) d(38) a(7,31) r(31,76) a(6,80)
36; r(39,43) d(32) a(38,29) d(35) r(6,125) a(32,133) d(31)
37; a(29,78) a(38,37) r(6,125) r(38,5) a(39,58)
38; r(39,43) d(32) r(6,125) r(38,5) d(37)
39; a(29,78) a(38,37) a(38,29) d(35) r(6,125) a(32,133) a(39,163)
40; a(38,29) d(32) r(39,73) d(5) a(38,29) d(38)
41; r(39,35) a(36,37) d(31) r(37,133) a(29,41) d(32) r(29,74)
42; r(38,29) r(35,66) d(39) d(5) a(37,78) d(37) d(36) r(39,79) d(38) r(7,32) r(31,5) d(32) r(29,73)
43; a(29,78) r(6,125) d(35) d(32)
44; d(39) r(36,78) r(38,31) d(39) r(37,42) r(6,36)
45; a(38,29) d(32) r(39,73) r(36,78) a(6,7) r(38,154) d(38) a(7,31) r(31,76) d(5)
46; r(38,29) r(35,66) d(39) d(5) a(37,78) d(37) d(36) r(39,79) d(38) r(7,32) r(31,5) d(29) r(32,128)
47; r(39,35) a(36,37) r(36,31) d(6) a(32,104) r(38,49) d(32)
48; d(39) r(36,78) a(6,7) r(31,128) d(5) r(38,42) r(35,133) a(29,79) d(37)
49; d(39) r(36,78) a(35,56) d(38) r(37,80) r(31,53) a(5,42)
50; a(29,78) r(37,133) a(29,41) d(32) r(29,40)
51; r(39,35) a(36,37) d(31) a(38,37) d(39) a(38,76) d(38)
52; a(29,78) a(38,37) d(39) a(38,76) d(38)
53; r(39,35) a(36,37) d(31) r(37,133) a(29,41) d(32) r(6,76)
54; r(38,29) r(35,66) a(39,35) r(38,31) d(39) r(29,43) a(5,48)
55; a(29,78) d(5) d(39) a(5,73) r(38,39)
56; r(38,29) r(35,66) a(39,35) d(39) a(5,73) d(6)
57; a(29,78) d(5) r(38,31) d(39) r(29,43) r(32,78)
58; r(38,125) r(36,41) d(37) r(35,73) d(6) r(31,163) r(38,42) r(39,48) a(35,31) r(32,37)
59; a(29,78) d(5) d(38)
60; r(38,125) r(36,41) d(37) r(35,73) d(6) r(31,163) r(5,50)
61; a(29,78) d(5) r(38,42) r(39,48) a(35,31) r(35,29)
--------------------------------------------------------------------------------
Evaluation

0; 0.
1; 0.
2; 0.
3; 0.
4; 12.
5; 0.
6; 0.
7; 0.
8; 0.
9; 0.
10; 0.
11; 0.
12; 0.
13; 0.
14; 0.
15; 0.
16; 0.
17; 0.
18; 0.
19; 0.
20; 12.
21; 0.
22; 0.
23; 0.
24; 0.
25; 12.
26; 0.
27; 0.
28; 0.
29; 0.
30; 0.
31; 0.
32; 0.
33; 0.
34; 0.
35; 0.
36; 0.
37; 0.
38; 0.
39; 0.
40; 0.
41; 0.
42; 0.
43; 0.
44; 0.
45; 0.
46; 0.
47; 0.
48; 0.
49; 0.
50; 0.
51; 4.
52; 0.
53; 0.
54; 0.
55; 0.
56; 0.
57; 0.
58; 0.
59; 0.
60; 12.
61; 0.
================================================================================
Generation 7

--------------------------------------------------------------------------------
Selection

0; 38
1; 61
2; 53
3; 23
4; 61
5; 53
6; 43
7; 38
8; 22
9; 2
10; 0
11; 31
12; 32
13; 50
14; 46
15; 38
16; 41
17; 9
18; 57
19; 34
20; 17
21; 33
22; 0
23; 29
24; 6
25; 38
26; 46
27; 26
28; 33
29; 39
30; 38
31; 7
32; 18
33; 17
34; 27
35; 12
36; 24
37; 29
38; 8
39; 45
--------------------------------------------------------------------------------
Crossover

0; 33; a(29,78) r(39,36) d(38) d(36)
1; 50; a(29,78) r(37,133) a(29,41) d(32) r(29,40)
2; 17; r(38,125) r(36,41) d(37) r(35,73) d(6) d(32) d(5)
3; 27; a(29,78) d(5) r(38,42) r(39,48) a(35,31) d(32)
4; 38, 0; r(39,43) r(29,79) a(7,6) d(7) a(38,39)
5; 38, 0; r(39,43) d(32) d(32) r(6,125) r(38,5) d(37)
6; 38; r(39,43) d(32) r(6,125) r(38,5) d(37)
7; 0; r(39,43) d(32) r(29,79) a(7,6) d(7) a(38,39)
8; 33; a(29,78) r(39,36) d(38) d(36)
9; 8; r(39,65) a(32,43) d(32) d(38) r(39,36) a(6,104) d(5)
10; 38; r(39,43) d(32) r(6,125) r(38,5) d(37)
11; 61; a(29,78) d(5) r(38,42) r(39,48) a(35,31) r(35,29)
12; 61; a(29,78) d(5) r(38,42) r(39,48) a(35,31) r(35,29)
13; 46; r(38,29) r(35,66) d(39) d(5) a(37,78) d(37) d(36) r(39,79) d(38) r(7,32) r(31,5) d(29) r(32,128)
14; 2; r(39,43) d(32) r(29,79) a(7,6) d(7) d(38) r(5,160)
15; 53; r(39,35) a(36,37) d(31) r(37,133) a(29,41) d(32) r(6,76)
16; 43; a(29,78) r(6,125) d(35) d(32)
17; 12; d(39) r(36,78) r(39,79) d(38) r(7,32) r(31,5) d(29) d(5)
18; 22; d(39) r(36,78) a(6,7) r(31,128) d(5) r(38,42) r(35,133) a(29,79) a(29,35)
19; 26; d(39) a(5,37) a(7,44) d(38)
20; 23; a(29,78) r(39,79) d(38) r(36,76) d(32) r(37,128) a(6,61)
21; 57; a(29,78) d(5) r(38,31) d(39) r(29,43) r(32,78)
22; 45, 0; a(38,29) d(32) r(29,79) a(7,6) d(7) a(38,39)
23; 45, 0; r(39,43) d(32) r(39,73) r(36,78) a(6,7) r(38,154) d(38) a(7,31) r(31,76) d(5)
24; 45; a(38,29) d(32) r(39,73) r(36,78) a(6,7) r(38,154) d(38) a(7,31) r(31,76) d(5)
25; 0; r(39,43) d(32) r(29,79) a(7,6) d(7) a(38,39)
26; 31, 29; a(29,78) r(6,125) d(35) a(38,37) r(36,76) d(32) r(37,128) r(31,125)
27; 31, 29; a(29,78) r(39,79) d(38)
28; 31; a(29,78) r(6,125) d(35) a(38,37)
29; 29; a(29,78) r(39,79) d(38) r(36,76) d(32) r(37,128) r(31,125)
30; 32; a(29,78) r(6,125) d(35) d(37)
31; 29; a(29,78) r(39,79) d(38) r(36,76) d(32) r(37,128) r(31,125)
32; 17, 6; r(38,125) a(38,133) a(38,125)
33; 17, 6; r(39,43) d(32) r(36,41) a(31,45) a(7,36) r(36,41) d(37) r(35,73) d(6) d(32) d(5)
34; 17; r(38,125) r(36,41) d(37) r(35,73) d(6) d(32) d(5)
35; 6; r(39,43) d(32) r(36,41) a(31,45) a(7,36) a(38,133) a(38,125)
36; 41, 38; r(39,35) a(36,37) d(31) r(6,125) r(38,5) d(37)
37; 41, 38; r(39,43) d(32) r(37,133) a(29,41) d(32) r(29,74)
38; 41; r(39,35) a(36,37) d(31) r(37,133) a(29,41) d(32) r(29,74)
39; 38; r(39,43) d(32) r(6,125) r(38,5) d(37)
40; 34; a(38,83) r(6,125) a(29,72) d(32)
41; 18; a(29,78) d(5) r(38,42) r(39,48) a(35,31) r(31,48)
42; 53, 7; r(39,35) a(36,37) d(31) r(37,133) d(5)
43; 53, 7; a(29,78) d(32) r(29,79) d(38) r(37,163) a(5,108) a(29,41) d(32) r(6,76)
44; 53; r(39,35) a(36,37) d(31) r(37,133) a(29,41) d(32) r(6,76)
45; 7; a(29,78) d(32) r(29,79) d(38) r(37,163) a(5,108) d(5)
46; 38, 46; r(39,43) d(32) r(6,125) r(38,5) d(36) r(39,79) d(38) r(7,32) r(31,5) d(29) r(32,128)
47; 38, 46; r(38,29) r(35,66) d(39) d(5) a(37,78) d(37) d(37)
48; 38; r(39,43) d(32) r(6,125) r(38,5) d(37)
49; 46; r(38,29) r(35,66) d(39) d(5) a(37,78) d(37) d(36) r(39,79) d(38) r(7,32) r(31,5) d(29) r(32,128)
50; 38, 9; r(39,43) d(32) d(36)
51; 38, 9; a(29,78) r(31,108) d(37) r(6,125) r(38,5) d(37)
52; 38; r(39,43) d(32) r(6,125) r(38,5) d(37)
53; 9; a(29,78) r(31,108) d(37) d(36)
54; 24; d(39) r(36,78) r(36,41) d(37) r(35,73) a(5,83) d(29) d(32)
55; 39; a(29,78) a(38,37) a(38,29) d(35) r(6,125) a(32,133) a(39,163)
--------------------------------------------------------------------------------
Mutation

0; a(29,78) r(39,36) d(38) d(36) r(29,91)
1; a(29,78) r(37,133) a(29,41) d(32) r(29,40) a(7,124)
2; r(38,125) r(36,41) d(37) r(35,73) d(6) d(32) d(5) r(31,72)
3; a(29,78) d(5) r(38,42) r(39,48) a(35,31) d(32) d(29)
4; r(39,43) r(29,79) a(7,6) d(7) a(38,39) a(38,145)
5; r(39,43) d(32) d(32) r(6,125) r(38,5) d(37) d(29)
6; r(39,43) d(32) r(6,125) r(38,5) d(37) r(29,32)
7; r(39,43) d(32) r(29,79) a(7,6) d(7) a(38,39) r(38,40)
8; a(29,78) r(39,36) d(38) d(36) a(29,60)
9; r(39,65) a(32,43) d(32) d(38) r(39,36) a(6,104) d(5) r(29,40)
10; r(39,43) d(32) r(6,125) r(38,5) d(37) a(36,31)
11; a(29,78) d(5) r(38,42) r(39,48) a(35,31) r(35,29) d(31)
12; a(29,78) d(5) r(38,42) r(39,48) a(35,31) r(35,29) r(31,65)
13; r(38,29) r(35,66) d(39) d(5) a(37,78) d(37) d(36) r(39,79) d(38) r(7,32) r(31,5) d(29) r(32,128)
14; r(39,43) d(32) r(29,79) a(7,6) d(7) d(38) r(5,160) a(37,31)
15; r(39,35) a(36,37) d(31) r(37,133) a(29,41) d(32) r(6,76) a(5,48)
16; a(29,78) r(6,125) d(35) d(32) a(37,32)
17; d(39) r(36,78) r(39,79) d(38) r(7,32) r(31,5) d(29) d(5) a(37,96)
18; d(39) r(36,78) a(6,7) r(31,128) d(5) r(38,42) r(35,133) a(29,79) a(29,35) d(29)
19; d(39) a(5,37) a(7,44) d(38) a(36,73)
20; a(29,78) r(39,79) d(38) r(36,76) d(32) r(37,128) a(6,61) a(29,44)
21; a(29,78) d(5) r(38,31) d(39) r(29,43) r(32,78) a(36,32)
22; a(38,29) d(32) r(29,79) a(7,6) d(7) a(38,39) r(5,53)
23; r(39,43) d(32) r(39,73) r(36,78) a(6,7) r(38,154) d(38) a(7,31) r(31,76) d(5) d(29)
24; a(38,29) d(32) r(39,73) r(36,78) a(6,7) r(38,154) d(38) a(7,31) r(31,76) d(5) a(29,61)
25; r(39,43) d(32) r(29,79) a(7,6) d(7) a(38,39) a(38,29)
26; a(29,78) r(6,125) d(35) a(38,37) r(36,76) d(32) r(37,128) r(31,125) r(29,42)
27; a(29,78) r(39,79) d(38) r(5,41)
28; a(29,78) r(6,125) d(35) a(38,37) d(39)
29; a(29,78) r(39,79) d(38) r(36,76) d(32) r(37,128) r(31,125) d(6)
30; a(29,78) r(6,125) d(35) d(37) a(29,125)
31; a(29,78) r(39,79) d(38) r(36,76) d(32) r(37,128) r(31,125) d(5)
32; r(38,125) a(38,133) a(38,125) r(39,79)
33; r(39,43) d(32) r(36,41) a(31,45) a(7,36) r(36,41) d(37) r(35,73) d(6) d(32) d(5) r(31,49)
34; r(38,125) r(36,41) d(37) r(35,73) d(6) d(32) d(5) a(29,49)
35; r(39,43) d(32) r(36,41) a(31,45) a(7,36) a(38,133) a(38,125) r(38,5)
36; r(39,35) a(36,37) d(31) r(6,125) r(38,5) d(37) r(29,76)
37; r(39,43) d(32) r(37,133) a(29,41) d(32) r(29,74) a(36,5)
38; r(39,35) a(36,37) d(31) r(37,133) a(29,41) d(32) r(29,74) d(5)
39; r(39,43) d(32) r(6,125) r(38,5) d(37) r(36,58)
40; a(38,83) r(6,125) a(29,72) d(32) r(38,72)
41; a(29,78) d(5) r(38,42) r(39,48) a(35,31) r(31,48) a(37,93)
42; r(39,35) a(36,37) d(31) r(37,133) d(5) a(29,41)
43; a(29,78) d(32) r(29,79) d(38) r(37,163) a(5,108) a(29,41) d(32) r(6,76) d(5)
44; r(39,35) a(36,37) d(31) r(37,133) a(29,41) d(32) r(6,76) r(29,125)
45; a(29,78) d(32) r(29,79) d(38) r(37,163) a(5,108) d(5) a(36,60)
46; r(39,43) d(32) r(6,125) r(38,5) d(36) r(39,79) d(38) r(7,32) r(31,5) d(29) r(32,128) d(37)
47; r(38,29) r(35,66) d(39) d(5) a(37,78) d(37) d(37) a(32,90)
48; r(39,43) d(32) r(6,125) r(38,5) d(37) r(31,76)
49; r(38,29) r(35,66) d(39) d(5) a(37,78) d(37) d(36) r(39,79) d(38) r(7,32) r(31,5) d(29) r(32,128)
50; r(39,43) d(32) d(36) a(38,96)
51; a(29,78) r(31,108) d(37) r(6,125) r(38,5) d(37) d(29)
52; r(39,43) d(32) r(6,125) r(38,5) d(37) d(29)
53; a(29,78) r(31,108) d(37) d(36) d(32)
54; d(39) r(36,78) r(36,41) d(37) r(35,73) a(5,83) d(29) d(32) a(7,162)
55; a(29,78) a(38,37) a(38,29) d(35) r(6,125) a(32,133) a(39,163) a(39,66)
--------------------------------------------------------------------------------
Evaluation

0; 0.
1; 0.
2; 0.
3; 0.
4; 0.
5; 0.
6; 0.
7; 0.
8; 0.
9; 0.
10; 0.
11; 0.
12; 0.
13; 0.
14; 0.
15; 0.
16; 0.
17; 0.
18; 0.
19; 0.
20; 0.
21; 0.
22; 0.
23; 0.
24; 0.
25; 0.
26; 0.
27; 0.
28; 0.
29; 0.
30; 0.
31; 0.
32; 4.
33; 0.
34; 0.
35; 0.
36; 0.
37; 0.
38; 0.
39; 0.
40; 0.
41; 0.
42; 0.
43; 0.
44; 0.
45; 0.
46; 0.
47; 0.
48; 0.
49; 0.
50; 0.
51; 0.
52; 0.
53; 0.
54; 0.
55; 0.
================================================================================
Generation 8

--------------------------------------------------------------------------------
Selection

0; 30
1; 54
2; 7
3; 42
4; 13
5; 6
6; 19
7; 11
8; 22
9; 54
10; 20
11; 9
12; 12
13; 1
14; 37
15; 34
16; 13
17; 51
18; 27
19; 9
20; 39
21; 11
22; 47
23; 41
24; 23
25; 52
26; 35
27; 54
28; 38
29; 31
30; 55
31; 11
32; 31
33; 6
34; 24
35; 19
36; 11
37; 8
38; 6
39; 41
--------------------------------------------------------------------------------
Crossover

0; 31; a(29,78) r(39,79) d(38) r(36,76) d(32) r(37,128) r(31,125) d(5)
1; 39; r(39,43) d(32) r(6,125) r(38,5) d(37) r(36,58)
2; 23; r(39,43) d(32) r(39,73) r(36,78) a(6,7) r(38,154) d(38) a(7,31) r(31,76) d(5) d(29)
3; 7; r(39,43) d(32) r(29,79) a(7,6) d(7) a(38,39) r(38,40)
4; 19; d(39) a(5,37) a(7,44) d(38) a(36,73)
5; 41; a(29,78) d(5) r(38,42) r(39,48) a(35,31) r(31,48) a(37,93)
6; 6; r(39,43) d(32) r(6,125) r(38,5) d(37) r(29,32)
7; 37; r(39,43) d(32) r(37,133) a(29,41) d(32) r(29,74) a(36,5)
8; 11; a(29,78) d(5) r(38,42) r(39,48) a(35,31) r(35,29) d(31)
9; 9; r(39,65) a(32,43) d(32) d(38) r(39,36) a(6,104) d(5) r(29,40)
10; 54, 13; d(39) r(36,78) r(36,41) d(37) r(35,73) a(5,83) d(29) d(32) r(39,79) d(38) r(7,32) r(31,5) d(29) r(32,128)
11; 54, 13; r(38,29) r(35,66) d(39) d(5) a(37,78) d(37) d(36) a(7,162)
12; 54; d(39) r(36,78) r(36,41) d(37) r(35,73) a(5,83) d(29) d(32) a(7,162)
13; 13; r(38,29) r(35,66) d(39) d(5) a(37,78) d(37) d(36) r(39,79) d(38) r(7,32) r(31,5) d(29) r(32,128)
14; 42, 1; r(39,35) a(36,37) d(31) r(37,133) d(5) a(29,41) r(29,40) a(7,124)
15; 42, 1; a(29,78) r(37,133) a(29,41) d(32)
16; 42; r(39,35) a(36,37) d(31) r(37,133) d(5) a(29,41)
17; 1; a(29,78) r(37,133) a(29,41) d(32) r(29,40) a(7,124)
18; 35, 11; r(39,43) d(32) d(5) r(38,42) r(39,48) a(35,31) r(35,29) d(31)
19; 35, 11; a(29,78) r(36,41) a(31,45) a(7,36) a(38,133) a(38,125) r(38,5)
20; 35; r(39,43) d(32) r(36,41) a(31,45) a(7,36) a(38,133) a(38,125) r(38,5)
21; 11; a(29,78) d(5) r(38,42) r(39,48) a(35,31) r(35,29) d(31)
22; 54, 34; d(39) r(36,78) r(36,41) d(37) r(35,73) a(5,83) d(37) r(35,73) d(6) d(32) d(5) a(29,49)
23; 54, 34; r(38,125) r(36,41) d(29) d(32) a(7,162)
24; 54; d(39) r(36,78) r(36,41) d(37) r(35,73) a(5,83) d(29) d(32) a(7,162)
25; 34; r(38,125) r(36,41) d(37) r(35,73) d(6) d(32) d(5) a(29,49)
26; 27; a(29,78) r(39,79) d(38) r(5,41)
27; 13; r(38,29) r(35,66) d(39) d(5) a(37,78) d(37) d(36) r(39,79) d(38) r(7,32) r(31,5) d(29) r(32,128)
28; 11; a(29,78) d(5) r(38,42) r(39,48) a(35,31) r(35,29) d(31)
29; 6; r(39,43) d(32) r(6,125) r(38,5) d(37) r(29,32)
30; 31, 24; a(29,78) r(39,79) d(38) d(32) r(39,73) r(36,78) a(6,7) r(38,154) d(38) a(7,31) r(31,76) d(5) a(29,61)
31; 31, 24; a(38,29) r(36,76) d(32) r(37,128) r(31,125) d(5)
32; 31; a(29,78) r(39,79) d(38) r(36,76) d(32) r(37,128) r(31,125) d(5)
33; 24; a(38,29) d(32) r(39,73) r(36,78) a(6,7) r(38,154) d(38) a(7,31) r(31,76) d(5) a(29,61)
34; 9; r(39,65) a(32,43) d(32) d(38) r(39,36) a(6,104) d(5) r(29,40)
35; 30; a(29,78) r(6,125) d(35) d(37) a(29,125)
36; 47, 22; r(38,29) r(35,66) d(39) a(7,6) d(7) a(38,39) r(5,53)
37; 47, 22; a(38,29) d(32) r(29,79) d(5) a(37,78) d(37) d(37) a(32,90)
38; 47; r(38,29) r(35,66) d(39) d(5) a(37,78) d(37) d(37) a(32,90)
39; 22; a(38,29) d(32) r(29,79) a(7,6) d(7) a(38,39) r(5,53)
40; 20; a(29,78) r(39,79) d(38) r(36,76) d(32) r(37,128) a(6,61) a(29,44)
41; 51; a(29,78) r(31,108) d(37) r(6,125) r(38,5) d(37) d(29)
42; 54; d(39) r(36,78) r(36,41) d(37) r(35,73) a(5,83) d(29) d(32) a(7,162)
43; 52; r(39,43) d(32) r(6,125) r(38,5) d(37) d(29)
44; 11, 19; a(29,78) d(5) a(5,37) a(7,44) d(38) a(36,73)
45; 11, 19; d(39) r(38,42) r(39,48) a(35,31) r(35,29) d(31)
46; 11; a(29,78) d(5) r(38,42) r(39,48) a(35,31) r(35,29) d(31)
47; 19; d(39) a(5,37) a(7,44) d(38) a(36,73)
48; 8; a(29,78) r(39,36) d(38) d(36) a(29,60)
49; 55; a(29,78) a(38,37) a(38,29) d(35) r(6,125) a(32,133) a(39,163) a(39,66)
50; 6, 38; r(39,43) d(32) r(6,125) r(38,5) d(37) d(31) r(37,133) a(29,41) d(32) r(29,74) d(5)
51; 6, 38; r(39,35) a(36,37) r(29,32)
52; 6; r(39,43) d(32) r(6,125) r(38,5) d(37) r(29,32)
53; 38; r(39,35) a(36,37) d(31) r(37,133) a(29,41) d(32) r(29,74) d(5)
54; 41; a(29,78) d(5) r(38,42) r(39,48) a(35,31) r(31,48) a(37,93)
55; 12; a(29,78) d(5) r(38,42) r(39,48) a(35,31) r(35,29) r(31,65)
--------------------------------------------------------------------------------
Mutation

0; a(29,78) r(39,79) d(38) r(36,76) d(32) r(37,128) r(31,125) d(5) r(29,154)
1; r(39,43) d(32) r(6,125) r(38,5) d(37) r(36,58) r(31,128)
2; r(39,43) d(32) r(39,73) r(36,78) a(6,7) r(38,154) d(38) a(7,31) r(31,76) d(5) d(29) a(37,38)
3; r(39,43) d(32) r(29,79) a(7,6) d(7) a(38,39) r(38,40) a(37,41)
4; d(39) a(5,37) a(7,44) d(38) a(36,73) d(7)
5; a(29,78) d(5) r(38,42) r(39,48) a(35,31) r(31,48) a(37,93) a(37,91)
6; r(39,43) d(32) r(6,125) r(38,5) d(37) r(29,32) d(5)
7; r(39,43) d(32) r(37,133) a(29,41) d(32) r(29,74) a(36,5) d(36)
8; a(29,78) d(5) r(38,42) r(39,48) a(35,31) r(35,29) d(31) a(29,76)
9; r(39,65) a(32,43) d(32) d(38) r(39,36) a(6,104) d(5) r(29,40) r(37,65)
10; d(39) r(36,78) r(36,41) d(37) r(35,73) a(5,83) d(29) d(32) r(39,79) d(38) r(7,32) r(31,5) d(29) r(32,128) d(6)
11; r(38,29) r(35,66) d(39) d(5) a(37,78) d(37) d(36) a(7,162) a(32,49)
12; d(39) r(36,78) r(36,41) d(37) r(35,73) a(5,83) d(29) d(32) a(7,162) d(7)
13; r(38,29) r(35,66) d(39) d(5) a(37,78) d(37) d(36) r(39,79) d(38) r(7,32) r(31,5) d(29) r(32,128)
14; r(39,35) a(36,37) d(31) r(37,133) d(5) a(29,41) r(29,40) a(7,124) d(36)
15; a(29,78) r(37,133) a(29,41) d(32) a(36,43)
16; r(39,35) a(36,37) d(31) r(37,133) d(5) a(29,41) a(36,76)
17; a(29,78) r(37,133) a(29,41) d(32) r(29,40) a(7,124) a(5,46)
18; r(39,43) d(32) d(5) r(38,42) r(39,48) a(35,31) r(35,29) d(31) a(36,45)
19; a(29,78) r(36,41) a(31,45) a(7,36) a(38,133) a(38,125) r(38,5) a(39,50)
20; r(39,43) d(32) r(36,41) a(31,45) a(7,36) a(38,133) a(38,125) r(38,5) r(31,38)
21; a(29,78) d(5) r(38,42) r(39,48) a(35,31) r(35,29) d(31) d(37)
22; d(39) r(36,78) r(36,41) d(37) r(35,73) a(5,83) d(37) r(35,73) d(6) d(32) d(5) a(29,49) r(31,53)
23; r(38,125) r(36,41) d(29) d(32) a(7,162) d(7)
24; d(39) r(36,78) r(36,41) d(37) r(35,73) a(5,83) d(29) d(32) a(7,162) r(6,38)
25; r(38,125) r(36,41) d(37) r(35,73) d(6) d(32) d(5) a(29,49) a(29,44)
26; a(29,78) r(39,79) d(38) r(5,41) r(29,82)
27; r(38,29) r(35,66) d(39) d(5) a(37,78) d(37) d(36) r(39,79) d(38) r(7,32) r(31,5) d(29) r(32,128)
28; a(29,78) d(5) r(38,42) r(39,48) a(35,31) r(35,29) d(31) a(36,95)
29; r(39,43) d(32) r(6,125) r(38,5) d(37) r(29,32) r(5,43)
30; a(29,78) r(39,79) d(38) d(32) r(39,73) r(36,78) a(6,7) r(38,154) d(38) a(7,31) r(31,76) d(5) a(29,61) r(37,128)
31; a(38,29) r(36,76) d(32) r(37,128) r(31,125) d(5) a(29,124)
32; a(29,78) r(39,79) d(38) r(36,76) d(32) r(37,128) r(31,125) d(5) r(29,95)
33; a(38,29) d(32) r(39,73) r(36,78) a(6,7) r(38,154) d(38) a(7,31) r(31,76) d(5) a(29,61) r(29,48)
34; r(39,65) a(32,43) d(32) d(38) r(39,36) a(6,104) d(5) r(29,40) d(36)
35; a(29,78) r(6,125) d(35) d(37) a(29,125) r(5,32)
36; r(38,29) r(35,66) d(39) a(7,6) d(7) a(38,39) r(5,53) r(37,66)
37; a(38,29) d(32) r(29,79) d(5) a(37,78) d(37) d(37) a(32,90) r(36,46)
38; r(38,29) r(35,66) d(39) d(5) a(37,78) d(37) d(37) a(32,90) r(36,76)
39; a(38,29) d(32) r(29,79) a(7,6) d(7) a(38,39) r(5,53) r(36,145)
40; a(29,78) r(39,79) d(38) r(36,76) d(32) r(37,128) a(6,61) a(29,44) d(29)
41; a(29,78) r(31,108) d(37) r(6,125) r(38,5) d(37) d(29) r(5,44)
42; d(39) r(36,78) r(36,41) d(37) r(35,73) a(5,83) d(29) d(32) a(7,162) r(7,61)
43; r(39,43) d(32) r(6,125) r(38,5) d(37) d(29) r(5,35)
44; a(29,78) d(5) a(5,37) a(7,44) d(38) a(36,73) r(31,163)
45; d(39) r(38,42) r(39,48) a(35,31) r(35,29) d(31) a(36,66)
46; a(29,78) d(5) r(38,42) r(39,48) a(35,31) r(35,29) d(31) a(32,35)
47; d(39) a(5,37) a(7,44) d(38) a(36,73) r(32,48)
48; a(29,78) r(39,36) d(38) d(36) a(29,60) d(32)
49; a(29,78) a(38,37) a(38,29) d(35) r(6,125) a(32,133) a(39,163) a(39,66) r(38,46)
50; r(39,43) d(32) r(6,125) r(38,5) d(37) d(31) r(37,133) a(29,41) d(32) r(29,74) d(5) a(36,91)
51; r(39,35) a(36,37) r(29,32) r(36,82)
52; r(39,43) d(32) r(6,125) r(38,5) d(37) r(29,32) r(36,35)
53; r(39,35) a(36,37) d(31) r(37,133) a(29,41) d(32) r(29,74) d(5) d(36)
54; a(29,78) d(5) r(38,42) r(39,48) a(35,31) r(31,48) a(37,93) r(29,31)
55; a(29,78) d(5) r(38,42) r(39,48) a(35,31) r(35,29) r(31,65) d(29)
--------------------------------------------------------------------------------
Evaluation

0; 0.
1; 0.
2; 0.
3; 0.
4; 0.
5; 0.
6; 4.
7; 0.
8; 0.
9; 0.
10; 0.
11; 0.
12; 0.
13; 0.
14; 0.
15; 0.
16; 0.
17; 0.
18; 0.
19; 0.
20; 0.
21; 0.
22; 0.
23; 0.
24; 0.
25; 0.
26; 0.
27; 0.
28; 0.
29; 0.
30; 0.
31; 12.
32; 0.
33; 0.
34; 0.
35; 0.
36; 0.
37; 0.
38; 0.
39; 0.
40; 0.
41; 0.
42; 0.
43; 4.
44; 12.
45; 0.
46; 0.
47; 0.
48; 0.
49; 0.
50; 0.
51; 0.
52; 0.
53; 0.
54; 0.
55; 0.
================================================================================
Generation 9

--------------------------------------------------------------------------------
Selection

0; 30
1; 9
2; 2
3; 4
4; 12
5; 1
6; 49
7; 47
8; 29
9; 54
10; 54
11; 14
12; 15
13; 22
14; 3
15; 25
16; 20
17; 19
18; 7
19; 34
20; 12
21; 30
22; 11
23; 33
24; 42
25; 18
26; 29
27; 23
28; 36
29; 16
30; 55
31; 22
32; 20
33; 34
34; 28
35; 50
36; 21
37; 35
38; 9
39; 28
--------------------------------------------------------------------------------
Crossover

0; 34; r(39,65) a(32,43) d(32) d(38) r(39,36) a(6,104) d(5) r(29,40) d(36)
1; 28; a(29,78) d(5) r(38,42) r(39,48) a(35,31) r(35,29) d(31) a(36,95)
2; 19; a(29,78) r(36,41) a(31,45) a(7,36) a(38,133) a(38,125) r(38,5) a(39,50)
3; 2; r(39,43) d(32) r(39,73) r(36,78) a(6,7) r(38,154) d(38) a(7,31) r(31,76) d(5) d(29) a(37,38)
4; 33; a(38,29) d(32) r(39,73) r(36,78) a(6,7) r(38,154) d(38) a(7,31) r(31,76) d(5) a(29,61) r(29,48)
5; 12; d(39) r(36,78) r(36,41) d(37) r(35,73) a(5,83) d(29) d(32) a(7,162) d(7)
6; 42; d(39) r(36,78) r(36,41) d(37) r(35,73) a(5,83) d(29) d(32) a(7,162) r(7,61)
7; 3; r(39,43) d(32) r(29,79) a(7,6) d(7) a(38,39) r(38,40) a(37,41)
8; 9; r(39,65) a(32,43) d(32) d(38) r(39,36) a(6,104) d(5) r(29,40) r(37,65)
9; 29; r(39,43) d(32) r(6,125) r(38,5) d(37) r(29,32) r(5,43)
10; 7; r(39,43) d(32) r(37,133) a(29,41) d(32) r(29,74) a(36,5) d(36)
11; 15; a(29,78) r(37,133) a(29,41) d(32) a(36,43)
12; 29; r(39,43) d(32) r(6,125) r(38,5) d(37) r(29,32) r(5,43)
13; 12; d(39) r(36,78) r(36,41) d(37) r(35,73) a(5,83) d(29) d(32) a(7,162) d(7)
14; 20; r(39,43) d(32) r(36,41) a(31,45) a(7,36) a(38,133) a(38,125) r(38,5) r(31,38)
15; 47; d(39) a(5,37) a(7,44) d(38) a(36,73) r(32,48)
16; 11, 50; r(38,29) r(35,66) d(39) d(5) a(37,78) d(37) d(36) a(7,162) a(32,49) d(31) r(37,133) a(29,41) d(32) r(29,74) d(5) a(36,91)
17; 11, 50; r(39,43) d(32) r(6,125) r(38,5) d(37)
18; 11; r(38,29) r(35,66) d(39) d(5) a(37,78) d(37) d(36) a(7,162) a(32,49)
19; 50; r(39,43) d(32) r(6,125) r(38,5) d(37) d(31) r(37,133) a(29,41) d(32) r(29,74) d(5) a(36,91)
20; 22, 49; d(39) r(36,78) r(36,41) d(37) r(35,73) a(5,83) d(37) r(35,73) d(6) a(38,29) d(35) r(6,125) a(32,133) a(39,163) a(39,66) r(38,46)
21; 22, 49; a(29,78) a(38,37) d(32) d(5) a(29,49) r(31,53)
22; 22; d(39) r(36,78) r(36,41) d(37) r(35,73) a(5,83) d(37) r(35,73) d(6) d(32) d(5) a(29,49) r(31,53)
23; 49; a(29,78) a(38,37) a(38,29) d(35) r(6,125) a(32,133) a(39,163) a(39,66) r(38,46)
24; 4, 30; d(39) d(38) d(32) r(39,73) r(36,78) a(6,7) r(38,154) d(38) a(7,31) r(31,76) d(5) a(29,61) r(37,128)
25; 4, 30; a(29,78) r(39,79) a(5,37) a(7,44) d(38) a(36,73) d(7)
26; 4; d(39) a(5,37) a(7,44) d(38) a(36,73) d(7)
27; 30; a(29,78) r(39,79) d(38) d(32) r(39,73) r(36,78) a(6,7) r(38,154) d(38) a(7,31) r(31,76) d(5) a(29,61) r(37,128)
28; 23, 36; r(38,125) r(36,41) d(29) a(38,39) r(5,53) r(37,66)
29; 23, 36; r(38,29) r(35,66) d(39) a(7,6) d(7) d(32) a(7,162) d(7)
30; 23; r(38,125) r(36,41) d(29) d(32) a(7,162) d(7)
31; 36; r(38,29) r(35,66) d(39) a(7,6) d(7) a(38,39) r(5,53) r(37,66)
32; 18, 28; r(39,43) d(32) d(5) r(38,42) r(39,48) a(35,31) r(35,29) d(31) a(36,45) r(35,29) d(31) a(36,95)
33; 18, 28; a(29,78) d(5) r(38,42) r(39,48) a(35,31)
34; 18; r(39,43) d(32) d(5) r(38,42) r(39,48) a(35,31) r(35,29) d(31) a(36,45)
35; 28; a(29,78) d(5) r(38,42) r(39,48) a(35,31) r(35,29) d(31) a(36,95)
36; 20, 30; r(39,43) d(32) r(36,41) a(31,45) a(7,36) a(38,133) d(5) a(29,61) r(37,128)
37; 20, 30; a(29,78) r(39,79) d(38) d(32) r(39,73) r(36,78) a(6,7) r(38,154) d(38) a(7,31) r(31,76) a(38,125) r(38,5) r(31,38)
38; 20; r(39,43) d(32) r(36,41) a(31,45) a(7,36) a(38,133) a(38,125) r(38,5) r(31,38)
39; 30; a(29,78) r(39,79) d(38) d(32) r(39,73) r(36,78) a(6,7) r(38,154) d(38) a(7,31) r(31,76) d(5) a(29,61) r(37,128)
40; 35; a(29,78) r(6,125) d(35) d(37) a(29,125) r(5,32)
41; 25; r(38,125) r(36,41) d(37) r(35,73) d(6) d(32) d(5) a(29,49) a(29,44)
42; 1, 16; r(39,43) d(32) d(5) a(29,41) a(36,76)
43; 1, 16; r(39,35) a(36,37) d(31) r(37,133) r(6,125) r(38,5) d(37) r(36,58) r(31,128)
44; 1; r(39,43) d(32) r(6,125) r(38,5) d(37) r(36,58) r(31,128)
45; 16; r(39,35) a(36,37) d(31) r(37,133) d(5) a(29,41) a(36,76)
46; 14; r(39,35) a(36,37) d(31) r(37,133) d(5) a(29,41) r(29,40) a(7,124) d(36)
47; 34; r(39,65) a(32,43) d(32) d(38) r(39,36) a(6,104) d(5) r(29,40) d(36)
48; 9; r(39,65) a(32,43) d(32) d(38) r(39,36) a(6,104) d(5) r(29,40) r(37,65)
49; 22; d(39) r(36,78) r(36,41) d(37) r(35,73) a(5,83) d(37) r(35,73) d(6) d(32) d(5) a(29,49) r(31,53)
50; 21; a(29,78) d(5) r(38,42) r(39,48) a(35,31) r(35,29) d(31) d(37)
51; 55; a(29,78) d(5) r(38,42) r(39,48) a(35,31) r(35,29) r(31,65) d(29)
52; 54, 54; a(29,78) a(37,93) r(29,31)
53; 54, 54; a(29,78) d(5) r(38,42) r(39,48) a(35,31) r(31,48) d(5) r(38,42) r(39,48) a(35,31) r(31,48) a(37,93) r(29,31)
54; 54; a(29,78) d(5) r(38,42) r(39,48) a(35,31) r(31,48) a(37,93) r(29,31)
55; 54; a(29,78) d(5) r(38,42) r(39,48) a(35,31) r(31,48) a(37,93) r(29,31)
--------------------------------------------------------------------------------
Mutation

0; r(39,65) a(32,43) d(32) d(38) r(39,36) a(6,104) d(5) r(29,40) d(36) d(37)
1; a(29,78) d(5) r(38,42) r(39,48) a(35,31) r(35,29) d(31) a(36,95) r(36,160)
2; a(29,78) r(36,41) a(31,45) a(7,36) a(38,133) a(38,125) r(38,5) a(39,50) a(31,125)
3; r(39,43) d(32) r(39,73) r(36,78) a(6,7) r(38,154) d(38) a(7,31) r(31,76) d(5) d(29) a(37,38) a(37,83)
4; a(38,29) d(32) r(39,73) r(36,78) a(6,7) r(38,154) d(38) a(7,31) r(31,76) d(5) a(29,61) r(29,48) d(37)
5; d(39) r(36,78) r(36,41) d(37) r(35,73) a(5,83) d(29) d(32) a(7,162) d(7) d(5)
6; d(39) r(36,78) r(36,41) d(37) r(35,73) a(5,83) d(29) d(32) a(7,162) r(7,61) d(5)
7; r(39,43) d(32) r(29,79) a(7,6) d(7) a(38,39) r(38,40) a(37,41) d(6)
8; r(39,65) a(32,43) d(32) d(38) r(39,36) a(6,104) d(5) r(29,40) r(37,65) d(36)
9; r(39,43) d(32) r(6,125) r(38,5) d(37) r(29,32) r(5,43) r(36,96)
10; r(39,43) d(32) r(37,133) a(29,41) d(32) r(29,74) a(36,5) d(36) a(5,145)
11; a(29,78) r(37,133) a(29,41) d(32) a(36,43) a(36,50)
12; r(39,43) d(32) r(6,125) r(38,5) d(37) r(29,32) r(5,43) d(36)
13; d(39) r(36,78) r(36,41) d(37) r(35,73) a(5,83) d(29) d(32) a(7,162) d(7) a(6,52)
14; r(39,43) d(32) r(36,41) a(31,45) a(7,36) a(38,133) a(38,125) r(38,5) r(31,38) d(6)
15; d(39) a(5,37) a(7,44) d(38) a(36,73) r(32,48) a(31,48)
16; r(38,29) r(35,66) d(39) d(5) a(37,78) d(37) d(36) a(7,162) a(32,49) d(31) r(37,133) a(29,41) d(32) r(29,74) d(5) a(36,91)
17; r(39,43) d(32) r(6,125) r(38,5) d(37) r(5,79)
18; r(38,29) r(35,66) d(39) d(5) a(37,78) d(37) d(36) a(7,162) a(32,49) a(32,96)
19; r(39,43) d(32) r(6,125) r(38,5) d(37) d(31) r(37,133) a(29,41) d(32) r(29,74) d(5) a(36,91) r(36,49)
20; d(39) r(36,78) r(36,41) d(37) r(35,73) a(5,83) d(37) r(35,73) d(6) a(38,29) d(35) r(6,125) a(32,133) a(39,163) a(39,66) r(38,46) a(29,42)
21; a(29,78) a(38,37) d(32) d(5) a(29,49) r(31,53) r(29,124)
22; d(39) r(36,78) r(36,41) d(37) r(35,73) a(5,83) d(37) r(35,73) d(6) d(32) d(5) a(29,49) r(31,53) d(29)
23; a(29,78) a(38,37) a(38,29) d(35) r(6,125) a(32,133) a(39,163) a(39,66) r(38,46) r(32,154)
24; d(39) d(38) d(32) r(39,73) r(36,78) a(6,7) r(38,154) d(38) a(7,31) r(31,76) d(5) a(29,61) r(37,128) a(29,37)
25; a(29,78) r(39,79) a(5,37) a(7,44) d(38) a(36,73) d(7) r(6,96)
26; d(39) a(5,37) a(7,44) d(38) a(36,73) d(7) a(35,145)
27; a(29,78) r(39,79) d(38) d(32) r(39,73) r(36,78) a(6,7) r(38,154) d(38) a(7,31) r(31,76) d(5) a(29,61) r(37,128) r(29,46)
28; r(38,125) r(36,41) d(29) a(38,39) r(5,53) r(37,66) r(32,76)
29; r(38,29) r(35,66) d(39) a(7,6) d(7) d(32) a(7,162) d(7) r(6,91)
30; r(38,125) r(36,41) d(29) d(32) a(7,162) d(7) r(39,128)
31; r(38,29) r(35,66) d(39) a(7,6) d(7) a(38,39) r(5,53) r(37,66) r(31,128)
32; r(39,43) d(32) d(5) r(38,42) r(39,48) a(35,31) r(35,29) d(31) a(36,45) r(35,29) d(31) a(36,95) a(36,43)
33; a(29,78) d(5) r(38,42) r(39,48) a(35,31) a(32,48)
34; r(39,43) d(32) d(5) r(38,42) r(39,48) a(35,31) r(35,29) d(31) a(36,45) d(37)
35; a(29,78) d(5) r(38,42) r(39,48) a(35,31) r(35,29) d(31) a(36,95) d(29)
36; r(39,43) d(32) r(36,41) a(31,45) a(7,36) a(38,133) d(5) a(29,61) r(37,128) d(31)
37; a(29,78) r(39,79) d(38) d(32) r(39,73) r(36,78) a(6,7) r(38,154) d(38) a(7,31) r(31,76) a(38,125) r(38,5) r(31,38) d(6)
38; r(39,43) d(32) r(36,41) a(31,45) a(7,36) a(38,133) a(38,125) r(38,5) r(31,38) d(7)
39; a(29,78) r(39,79) d(38) d(32) r(39,73) r(36,78) a(6,7) r(38,154) d(38) a(7,31) r(31,76) d(5) a(29,61) r(37,128) r(29,41)
40; a(29,78) r(6,125) d(35) d(37) a(29,125) r(5,32) d(31)
41; r(38,125) r(36,41) d(37) r(35,73) d(6) d(32) d(5) a(29,49) a(29,44) d(31)
42; r(39,43) d(32) d(5) a(29,41) a(36,76) r(36,58)
43; r(39,35) a(36,37) d(31) r(37,133) r(6,125) r(38,5) d(37) r(36,58) r(31,128) d(29)
44; r(39,43) d(32) r(6,125) r(38,5) d(37) r(36,58) r(31,128) r(5,76)
45; r(39,35) a(36,37) d(31) r(37,133) d(5) a(29,41) a(36,76) d(36)
46; r(39,35) a(36,37) d(31) r(37,133) d(5) a(29,41) r(29,40) a(7,124) d(36) r(32,40)
47; r(39,65) a(32,43) d(32) d(38) r(39,36) a(6,104) d(5) r(29,40) d(36) a(37,56)
48; r(39,65) a(32,43) d(32) d(38) r(39,36) a(6,104) d(5) r(29,40) r(37,65) d(36)
49; d(39) r(36,78) r(36,41) d(37) r(35,73) a(5,83) d(37) r(35,73) d(6) d(32) d(5) a(29,49) r(31,53) d(29)
50; a(29,78) d(5) r(38,42) r(39,48) a(35,31) r(35,29) d(31) d(37) r(29,49)
51; a(29,78) d(5) r(38,42) r(39,48) a(35,31) r(35,29) r(31,65) d(29) d(37)
52; a(29,78) a(37,93) r(29,31) r(37,29)
53; a(29,78) d(5) r(38,42) r(39,48) a(35,31) r(31,48) d(5) r(38,42) r(39,48) a(35,31) r(31,48) a(37,93) r(29,31) a(37,82)
54; a(29,78) d(5) r(38,42) r(39,48) a(35,31) r(31,48) a(37,93) r(29,31) d(37)
55; a(29,78) d(5) r(38,42) r(39,48) a(35,31) r(31,48) a(37,93) r(29,31) a(36,32)
--------------------------------------------------------------------------------
Evaluation

0; 0.
1; 0.
2; 0.
3; 0.
4; 0.
5; 0.
6; 0.
7; 0.
8; 0.
9; 0.
10; 0.
11; 0.
12; 0.
13; 0.
14; 0.
15; 0.
16; 0.
17; 0.
18; 0.
19; 0.
20; 0.
21; 12.
22; 0.
23; 0.
24; 0.
25; 0.
26; 0.
27; 0.
28; 0.
29; 0.
30; 0.
31; 0.
32; 0.
33; 0.
34; 0.
35; 0.
36; 0.
37; 0.
38; 12.
39; 0.
40; 0.
41; 0.
42; 0.
43; 0.
44; 0.
45; 0.
46; 0.
47; 0.
48; 0.
49; 0.
50; 0.
51; 0.
52; 0.
53; 0.
54; 0.
55; 0.
================================================================================
Generation 10

--------------------------------------------------------------------------------
Selection

0; 55
1; 35
2; 8
3; 40
4; 42
5; 9
6; 4
7; 46
8; 31
9; 47
10; 35
11; 7
12; 0
13; 49
14; 18
15; 26
16; 23
17; 39
18; 8
19; 43
20; 48
21; 7
22; 5
23; 15
24; 27
25; 13
26; 26
27; 15
28; 20
29; 16
30; 27
31; 50
32; 4
33; 39
34; 34
35; 7
36; 42
37; 20
38; 55
39; 17
--------------------------------------------------------------------------------
Crossover

0; 20; d(39) r(36,78) r(36,41) d(37) r(35,73) a(5,83) d(37) r(35,73) d(6) a(38,29) d(35) r(6,125) a(32,133) a(39,163) a(39,66) r(38,46) a(29,42)
1; 7; r(39,43) d(32) r(29,79) a(7,6) d(7) a(38,39) r(38,40) a(37,41) d(6)
2; 17; r(39,43) d(32) r(6,125) r(38,5) d(37) r(5,79)
3; 26; d(39) a(5,37) a(7,44) d(38) a(36,73) d(7) a(35,145)
4; 48; r(39,65) a(32,43) d(32) d(38) r(39,36) a(6,104) d(5) r(29,40) r(37,65) d(36)
5; 8; r(39,65) a(32,43) d(32) d(38) r(39,36) a(6,104) d(5) r(29,40) r(37,65) d(36)
6; 4; a(38,29) d(32) r(39,73) r(36,78) a(6,7) r(38,154) d(38) a(7,31) r(31,76) d(5) a(29,61) r(29,48) d(37)
7; 15; d(39) a(5,37) a(7,44) d(38) a(36,73) r(32,48) a(31,48)
8; 40; a(29,78) r(6,125) d(35) d(37) a(29,125) r(5,32) d(31)
9; 46; r(39,35) a(36,37) d(31) r(37,133) d(5) a(29,41) r(29,40) a(7,124) d(36) r(32,40)
10; 16, 7; r(38,29) r(35,66) d(39) d(5) a(37,78) d(37) d(36) a(7,162) r(29,79) a(7,6) d(7) a(38,39) r(38,40) a(37,41) d(6)
11; 16, 7; r(39,43) d(32) a(32,49) d(31) r(37,133) a(29,41) d(32) r(29,74) d(5) a(36,91)
12; 16; r(38,29) r(35,66) d(39) d(5) a(37,78) d(37) d(36) a(7,162) a(32,49) d(31) r(37,133) a(29,41) d(32) r(29,74) d(5) a(36,91)
13; 7; r(39,43) d(32) r(29,79) a(7,6) d(7) a(38,39) r(38,40) a(37,41) d(6)
14; 9; r(39,43) d(32) r(6,125) r(38,5) d(37) r(29,32) r(5,43) r(36,96)
15; 15; d(39) a(5,37) a(7,44) d(38) a(36,73) r(32,48) a(31,48)
16; 18; r(38,29) r(35,66) d(39) d(5) a(37,78) d(37) d(36) a(7,162) a(32,49) a(32,96)
17; 43; r(39,35) a(36,37) d(31) r(37,133) r(6,125) r(38,5) d(37) r(36,58) r(31,128) d(29)
18; 8, 49; r(39,65) a(32,43) d(32) d(38) r(39,36) a(6,104) d(5) r(29,40) r(36,41) d(37) r(35,73) a(5,83) d(37) r(35,73) d(6) d(32) d(5) a(29,49) r(31,53) d(29)
19; 8, 49; d(39) r(36,78) r(37,65) d(36)
20; 8; r(39,65) a(32,43) d(32) d(38) r(39,36) a(6,104) d(5) r(29,40) r(37,65) d(36)
21; 49; d(39) r(36,78) r(36,41) d(37) r(35,73) a(5,83) d(37) r(35,73) d(6) d(32) d(5) a(29,49) r(31,53) d(29)
22; 55; a(29,78) d(5) r(38,42) r(39,48) a(35,31) r(31,48) a(37,93) r(29,31) a(36,32)
23; 27; a(29,78) r(39,79) d(38) d(32) r(39,73) r(36,78) a(6,7) r(38,154) d(38) a(7,31) r(31,76) d(5) a(29,61) r(37,128) r(29,46)
24; 4; a(38,29) d(32) r(39,73) r(36,78) a(6,7) r(38,154) d(38) a(7,31) r(31,76) d(5) a(29,61) r(29,48) d(37)
25; 13; d(39) r(36,78) r(36,41) d(37) r(35,73) a(5,83) d(29) d(32) a(7,162) d(7) a(6,52)
26; 35, 42; a(29,78) d(5) r(36,58)
27; 35, 42; r(39,43) d(32) d(5) a(29,41) a(36,76) r(38,42) r(39,48) a(35,31) r(35,29) d(31) a(36,95) d(29)
28; 35; a(29,78) d(5) r(38,42) r(39,48) a(35,31) r(35,29) d(31) a(36,95) d(29)
29; 42; r(39,43) d(32) d(5) a(29,41) a(36,76) r(36,58)
30; 27; a(29,78) r(39,79) d(38) d(32) r(39,73) r(36,78) a(6,7) r(38,154) d(38) a(7,31) r(31,76) d(5) a(29,61) r(37,128) r(29,46)
31; 31; r(38,29) r(35,66) d(39) a(7,6) d(7) a(38,39) r(5,53) r(37,66) r(31,128)
32; 5, 50; d(39) r(36,78) r(36,41) d(37) r(35,73) a(5,83) d(29) d(32) d(37) r(29,49)
33; 5, 50; a(29,78) d(5) r(38,42) r(39,48) a(35,31) r(35,29) d(31) a(7,162) d(7) d(5)
34; 5; d(39) r(36,78) r(36,41) d(37) r(35,73) a(5,83) d(29) d(32) a(7,162) d(7) d(5)
35; 50; a(29,78) d(5) r(38,42) r(39,48) a(35,31) r(35,29) d(31) d(37) r(29,49)
36; 55, 47; a(29,78) d(5) r(38,42) r(39,48) a(35,31) r(31,48) a(37,93) r(29,31) a(36,32) d(32) d(38) r(39,36) a(6,104) d(5) r(29,40) d(36) a(37,56)
37; 55, 47; r(39,65) a(32,43)
38; 55; a(29,78) d(5) r(38,42) r(39,48) a(35,31) r(31,48) a(37,93) r(29,31) a(36,32)
39; 47; r(39,65) a(32,43) d(32) d(38) r(39,36) a(6,104) d(5) r(29,40) d(36) a(37,56)
40; 20, 0; d(39) r(36,78) r(36,41) d(37) r(35,73) a(5,83) d(37) r(35,73) d(6) a(38,29) d(35)
41; 20, 0; r(39,65) a(32,43) d(32) d(38) r(39,36) a(6,104) d(5) r(29,40) d(36) d(37) r(6,125) a(32,133) a(39,163) a(39,66) r(38,46) a(29,42)
42; 20; d(39) r(36,78) r(36,41) d(37) r(35,73) a(5,83) d(37) r(35,73) d(6) a(38,29) d(35) r(6,125) a(32,133) a(39,163) a(39,66) r(38,46) a(29,42)
43; 0; r(39,65) a(32,43) d(32) d(38) r(39,36) a(6,104) d(5) r(29,40) d(36) d(37)
44; 26, 39; d(39) a(5,37) a(7,44) d(38)
45; 26, 39; a(29,78) r(39,79) d(38) d(32) r(39,73) r(36,78) a(6,7) r(38,154) d(38) a(7,31) r(31,76) d(5) a(29,61) r(37,128) r(29,41) a(36,73) d(7) a(35,145)
46; 26; d(39) a(5,37) a(7,44) d(38) a(36,73) d(7) a(35,145)
47; 39; a(29,78) r(39,79) d(38) d(32) r(39,73) r(36,78) a(6,7) r(38,154) d(38) a(7,31) r(31,76) d(5) a(29,61) r(37,128) r(29,41)
48; 7, 34; r(39,43) d(32) r(29,79) a(7,6) d(7) d(37)
49; 7, 34; r(39,43) d(32) d(5) r(38,42) r(39,48) a(35,31) r(35,29) d(31) a(36,45) a(38,39) r(38,40) a(37,41) d(6)
50; 7; r(39,43) d(32) r(29,79) a(7,6) d(7) a(38,39) r(38,40) a(37,41) d(6)
51; 34; r(39,43) d(32) d(5) r(38,42) r(39,48) a(35,31) r(35,29) d(31) a(36,45) d(37)
52; 23, 42; a(29,78) a(38,37) a(38,29) d(35) r(6,125) a(32,133) a(39,163) a(39,66) r(38,46) r(32,154)
53; 23, 42; r(39,43) d(32) d(5) a(29,41) a(36,76) r(36,58)
54; 23; a(29,78) a(38,37) a(38,29) d(35) r(6,125) a(32,133) a(39,163) a(39,66) r(38,46) r(32,154)
55; 42; r(39,43) d(32) d(5) a(29,41) a(36,76) r(36,58)
56; 39, 35; a(29,78) r(39,79) d(38) d(32) r(39,73) r(36,78) a(6,7) r(38,154) d(38) a(7,31) r(31,76) d(5) a(29,61) r(38,42) r(39,48) a(35,31) r(35,29) d(31) a(36,95) d(29)
57; 39, 35; a(29,78) d(5) r(37,128) r(29,41)
58; 39; a(29,78) r(39,79) d(38) d(32) r(39,73) r(36,78) a(6,7) r(38,154) d(38) a(7,31) r(31,76) d(5) a(29,61) r(37,128) r(29,41)
59; 35; a(29,78) d(5) r(38,42) r(39,48) a(35,31) r(35,29) d(31) a(36,95) d(29)
--------------------------------------------------------------------------------
Mutation

0; d(39) r(36,78) r(36,41) d(37) r(35,73) a(5,83) d(37) r(35,73) d(6) a(38,29) d(35) r(6,125) a(32,133) a(39,163) a(39,66) r(38,46) a(29,42) r(31,50)
1; r(39,43) d(32) r(29,79) a(7,6) d(7) a(38,39) r(38,40) a(37,41) d(6) r(5,43)
2; r(39,43) d(32) r(6,125) r(38,5) d(37) r(5,79) a(36,95)
3; d(39) a(5,37) a(7,44) d(38) a(36,73) d(7) a(35,145) a(31,133)
4; r(39,65) a(32,43) d(32) d(38) r(39,36) a(6,104) d(5) r(29,40) r(37,65) d(36)
5; r(39,65) a(32,43) d(32) d(38) r(39,36) a(6,104) d(5) r(29,40) r(37,65) d(36)
6; a(38,29) d(32) r(39,73) r(36,78) a(6,7) r(38,154) d(38) a(7,31) r(31,76) d(5) a(29,61) r(29,48) d(37)
7; d(39) a(5,37) a(7,44) d(38) a(36,73) r(32,48) a(31,48) d(37)
8; a(29,78) r(6,125) d(35) d(37) a(29,125) r(5,32) d(31) a(36,93)
9; r(39,35) a(36,37) d(31) r(37,133) d(5) a(29,41) r(29,40) a(7,124) d(36) r(32,40)
10; r(38,29) r(35,66) d(39) d(5) a(37,78) d(37) d(36) a(7,162) r(29,79) a(7,6) d(7) a(38,39) r(38,40) a(37,41) d(6) r(32,49)
11; r(39,43) d(32) a(32,49) d(31) r(37,133) a(29,41) d(32) r(29,74) d(5) a(36,91) d(36)
12; r(38,29) r(35,66) d(39) d(5) a(37,78) d(37) d(36) a(7,162) a(32,49) d(31) r(37,133) a(29,41) d(32) r(29,74) d(5) a(36,91)
13; r(39,43) d(32) r(29,79) a(7,6) d(7) a(38,39) r(38,40) a(37,41) d(6) a(36,90)
14; r(39,43) d(32) r(6,125) r(38,5) d(37) r(29,32) r(5,43) r(36,96)
15; d(39) a(5,37) a(7,44) d(38) a(36,73) r(32,48) a(31,48) r(6,48)
16; r(38,29) r(35,66) d(39) d(5) a(37,78) d(37) d(36) a(7,162) a(32,49) a(32,96) a(32,160)
17; r(39,35) a(36,37) d(31) r(37,133) r(6,125) r(38,5) d(37) r(36,58) r(31,128) d(29) d(32)
18; r(39,65) a(32,43) d(32) d(38) r(39,36) a(6,104) d(5) r(29,40) r(36,41) d(37) r(35,73) a(5,83) d(37) r(35,73) d(6) d(32) d(5) a(29,49) r(31,53) d(29)
19; d(39) r(36,78) r(37,65) d(36) d(7)
20; r(39,65) a(32,43) d(32) d(38) r(39,36) a(6,104) d(5) r(29,40) r(37,65) d(36)
21; d(39) r(36,78) r(36,41) d(37) r(35,73) a(5,83) d(37) r(35,73) d(6) d(32) d(5) a(29,49) r(31,53) d(29)
22; a(29,78) d(5) r(38,42) r(39,48) a(35,31) r(31,48) a(37,93) r(29,31) a(36,32) r(37,39)
23; a(29,78) r(39,79) d(38) d(32) r(39,73) r(36,78) a(6,7) r(38,154) d(38) a(7,31) r(31,76) d(5) a(29,61) r(37,128) r(29,46)
24; a(38,29) d(32) r(39,73) r(36,78) a(6,7) r(38,154) d(38) a(7,31) r(31,76) d(5) a(29,61) r(29,48) d(37)
25; d(39) r(36,78) r(36,41) d(37) r(35,73) a(5,83) d(29) d(32) a(7,162) d(7) a(6,52) a(6,145)
26; a(29,78) d(5) r(36,58) d(35)
27; r(39,43) d(32) d(5) a(29,41) a(36,76) r(38,42) r(39,48) a(35,31) r(35,29) d(31) a(36,95) d(29) a(36,50)
28; a(29,78) d(5) r(38,42) r(39,48) a(35,31) r(35,29) d(31) a(36,95) d(29) r(37,154)
29; r(39,43) d(32) d(5) a(29,41) a(36,76) r(36,58) a(38,45)
30; a(29,78) r(39,79) d(38) d(32) r(39,73) r(36,78) a(6,7) r(38,154) d(38) a(7,31) r(31,76) d(5) a(29,61) r(37,128) r(29,46)
31; r(38,29) r(35,66) d(39) a(7,6) d(7) a(38,39) r(5,53) r(37,66) r(31,128) d(29)
32; d(39) r(36,78) r(36,41) d(37) r(35,73) a(5,83) d(29) d(32) d(37) r(29,49) r(5,46)
33; a(29,78) d(5) r(38,42) r(39,48) a(35,31) r(35,29) d(31) a(7,162) d(7) d(5) d(36)
34; d(39) r(36,78) r(36,41) d(37) r(35,73) a(5,83) d(29) d(32) a(7,162) d(7) d(5)
35; a(29,78) d(5) r(38,42) r(39,48) a(35,31) r(35,29) d(31) d(37) r(29,49) r(32,65)
36; a(29,78) d(5) r(38,42) r(39,48) a(35,31) r(31,48) a(37,93) r(29,31) a(36,32) d(32) d(38) r(39,36) a(6,104) d(5) r(29,40) d(36) a(37,56) r(37,90)
37; r(39,65) a(32,43) d(38)
38; a(29,78) d(5) r(38,42) r(39,48) a(35,31) r(31,48) a(37,93) r(29,31) a(36,32) d(32)
39; r(39,65) a(32,43) d(32) d(38) r(39,36) a(6,104) d(5) r(29,40) d(36) a(37,56) d(37)
40; d(39) r(36,78) r(36,41) d(37) r(35,73) a(5,83) d(37) r(35,73) d(6) a(38,29) d(35) a(5,160)
41; r(39,65) a(32,43) d(32) d(38) r(39,36) a(6,104) d(5) r(29,40) d(36) d(37) r(6,125) a(32,133) a(39,163) a(39,66) r(38,46) a(29,42)
42; d(39) r(36,78) r(36,41) d(37) r(35,73) a(5,83) d(37) r(35,73) d(6) a(38,29) d(35) r(6,125) a(32,133) a(39,163) a(39,66) r(38,46) a(29,42) a(31,65)
43; r(39,65) a(32,43) d(32) d(38) r(39,36) a(6,104) d(5) r(29,40) d(36) d(37)
44; d(39) a(5,37) a(7,44) d(38) r(29,46)
45; a(29,78) r(39,79) d(38) d(32) r(39,73) r(36,78) a(6,7) r(38,154) d(38) a(7,31) r(31,76) d(5) a(29,61) r(37,128) r(29,41) a(36,73) d(7) a(35,145)
46; d(39) a(5,37) a(7,44) d(38) a(36,73) d(7) a(35,145) r(36,66)
47; a(29,78) r(39,79) d(38) d(32) r(39,73) r(36,78) a(6,7) r(38,154) d(38) a(7,31) r(31,76) d(5) a(29,61) r(37,128) r(29,41)
48; r(39,43) d(32) r(29,79) a(7,6) d(7) d(37) r(5,43)
49; r(39,43) d(32) d(5) r(38,42) r(39,48) a(35,31) r(35,29) d(31) a(36,45) a(38,39) r(38,40) a(37,41) d(6) r(36,38)
50; r(39,43) d(32) r(29,79) a(7,6) d(7) a(38,39) r(38,40) a(37,41) d(6) d(5)
51; r(39,43) d(32) d(5) r(38,42) r(39,48) a(35,31) r(35,29) d(31) a(36,45) d(37) r(29,37)
52; a(29,78) a(38,37) a(38,29) d(35) r(6,125) a(32,133) a(39,163) a(39,66) r(38,46) r(32,154) d(39)
53; r(39,43) d(32) d(5) a(29,41) a(36,76) r(36,58) a(31,95)
54; a(29,78) a(38,37) a(38,29) d(35) r(6,125) a(32,133) a(39,163) a(39,66) r(38,46) r(32,154) d(37)
55; r(39,43) d(32) d(5) a(29,41) a(36,76) r(36,58) r(29,38)
56; a(29,78) r(39,79) d(38) d(32) r(39,73) r(36,78) a(6,7) r(38,154) d(38) a(7,31) r(31,76) d(5) a(29,61) r(38,42) r(39,48) a(35,31) r(35,29) d(31) a(36,95) d(29) r(37,29)
57; a(29,78) d(5) r(37,128) r(29,41) r(36,66)
58; a(29,78) r(39,79) d(38) d(32) r(39,73) r(36,78) a(6,7) r(38,154) d(38) a(7,31) r(31,76) d(5) a(29,61) r(37,128) r(29,41)
59; a(29,78) d(5) r(38,42) r(39,48) a(35,31) r(35,29) d(31) a(36,95) d(29) a(37,66)
--------------------------------------------------------------------------------
Evaluation

0; 0.
1; 0.
2; 0.
3; 0.
4; 0.
5; 0.
6; 0.
7; 0.
8; 0.
9; 0.
10; 0.
11; 0.
12; 0.
13; 0.
14; 0.
15; 0.
16; 0.
17; 0.
18; 0.
19; 12.
20; 0.
21; 0.
22; 0.
23; 0.
24; 0.
25; 0.
26; 0.
27; 0.
28; 0.
29; 0.
30; 0.
31; 0.
32; 0.
33; 0.
34; 0.
35; 0.
36; 0.
37; 0.
38; 0.
39; 0.
40; 0.
41; 0.
42; 0.
43; 0.
44; 0.
45; 0.
46; 0.
47; 0.
48; 0.
49; 0.
50; 0.
51; 0.
52; 0.
53; 0.
54; 0.
55; 0.
56; 0.
57; 0.
58; 0.
59; 0.
