================================================================================
Enclosure

1: 0
2: 0
3: 0
4: 3
5: 4
6: 4
7: 4
8: 4
9: 3
10: 0
11: 0
12: 11
13: 11
14: 0
15: 0
16: 15
17: 15
18: 15
19: 15
20: 0
21: 0
22: 0
23: 0
24: 0
25: 0
26: 0
28: 26
29: 0
31: 29
32: 0
33: 0
34: 0
35: 0
37: 35
38: 0
39: 0
40: 39
41: 40
43: 39
45: 43
46: 39
47: 0
48: 0
50: 48
52: 50
53: 0
54: 0
56: 0
58: 56
59: 0
60: 0
61: 0
62: 0
64: 0
65: 0
67: 0
68: 0
69: 0
70: 0
71: 0
72: 71
73: 72
75: 71
76: 71
77: 71
78: 0
79: 78
80: 78
81: 78
82: 78
83: 82
84: 83
86: 82
87: 82
88: 82
89: 78
90: 0
91: 0
92: 0
93: 92
94: 93
95: 93
96: 92
97: 96
98: 96
99: 96
100: 92
101: 100
102: 100
103: 92
104: 92
105: 0
106: 105
107: 105
108: 0
109: 0
110: 0
111: 0
112: 111
113: 112
115: 111
116: 111
117: 0
118: 0
119: 118
120: 118
121: 0
122: 0
123: 0
124: 0
126: 0
127: 126
128: 126
129: 126
130: 126
131: 126
132: 126
133: 126
134: 0
135: 134
136: 134
137: 0
138: 137
139: 137
141: 0
142: 0
143: 0
145: 0
146: 0
147: 0
148: 0
149: 148
150: 149
151: 149
152: 149
153: 152
154: 153
156: 152
157: 152
158: 149
159: 149
160: 149
161: 160
162: 161
164: 160
165: 160
166: 148
167: 166
168: 167
170: 167
171: 166
172: 148
173: 148
174: 0
175: 0
176: 175
177: 175
178: 177
180: 175
181: 175
182: 181
183: 181
184: 181
185: 184
187: 181
188: 181
189: 181
190: 189
192: 189
193: 175
194: 193
195: 193
197: 193
198: 175
199: 0
200: 0
201: 200
202: 201
204: 200
205: 0
206: 205
207: 205
208: 207
210: 207
211: 205
212: 0
213: 0
214: 0
215: 0
216: 0
217: 0
218: 217
219: 217
220: 217
221: 220
223: 217
224: 217
225: 217
226: 225
227: 225
228: 0
229: 0
230: 0
231: 0
232: 231
233: 232
235: 231
236: 231
237: 231
238: 231
239: 231
240: 231
241: 231
242: 231
243: 231
244: 231
245: 231
246: 231
247: 231
248: 231
249: 231
250: 231
251: 231
252: 231
253: 0
254: 0
255: 0
256: 0
257: 0
258: 257
259: 258
260: 258
261: 258
262: 258
263: 262
264: 263
266: 262
268: 266
269: 262
270: 262
271: 262
272: 258
273: 257
274: 257
275: 257
276: 257
277: 0
278: 277
279: 278
280: 279
281: 280
284: 278
286: 277
287: 0
289: 287
290: 0
291: 0
292: 291
293: 292
294: 293
297: 291
298: 291
299: 291
300: 291
301: 291
303: 301
304: 291
305: 304
306: 304
307: 304
308: 304
309: 304
311: 309
312: 304
313: 304
314: 304
315: 304
316: 315
317: 316
319: 315
320: 315
321: 304
323: 304
324: 0
325: 0
326: 0
327: 0
328: 0
330: 328
331: 0
332: 0
333: 0
334: 0
335: 0
337: 335
338: 0
339: 0
340: 339
341: 340
343: 339
344: 339
346: 344
347: 346
349: 347
350: 346
351: 339
352: 351
353: 352
355: 353
356: 352
357: 352
358: 351
359: 339
360: 0
361: 360
362: 360
364: 0
365: 0
367: 0
368: 0
369: 0
370: 369
371: 369
372: 371
373: 371
374: 373
376: 0
377: 376
378: 377
379: 377
380: 379
381: 379
382: 377
384: 377
385: 376
386: 0
387: 386
388: 386
390: 386
391: 0
392: 391
393: 391
394: 0
396: 394
397: 396
398: 396
399: 398
400: 398
401: 396
402: 396
403: 396
404: 403
405: 404
406: 405
409: 403
410: 403
411: 396
412: 411
413: 411
414: 396
415: 396
416: 0
417: 0
418: 0
419: 418
420: 418
421: 0
422: 421
423: 421
424: 421
425: 424
427: 421
428: 0
429: 428
430: 428
431: 0
432: 431
433: 431
434: 431
435: 0
436: 0
437: 0
438: 0
439: 438
440: 438
441: 438
442: 0
443: 0
444: 443
445: 444
446: 444
447: 444
448: 443
449: 443
450: 0
451: 0
452: 0
453: 0
454: 453
455: 454
457: 453
458: 453
459: 453
460: 0
461: 460
462: 460
463: 0
464: 0
465: 0
466: 465
467: 465
468: 0
469: 0
470: 469
471: 469
472: 0
473: 0
474: 473
475: 473
477: 0
478: 0
479: 0
================================================================================
Initialisation

0; r(223,446); 10.
1; a(475,393); 5.
2; d(442); 0.
3; a(135,286); 5.
4; r(356,247); 5.
5; r(213,158); 5.
6; d(240); 0.
7; d(24); 0.
8; a(419,29); 0.
9; a(297,229); 0.
10; d(464); 0.
11; r(242,344); 0.
12; a(216,228); 0.
13; a(327,284); 0.
14; a(213,13); 5.
15; a(387,377); 0.
16; a(393,368); 5.
17; d(213); 5.
18; d(416); 0.
19; r(326,248); 5.
20; a(457,415); 5.
21; d(346); 5.
22; d(146); 0.
23; d(253); 0.
24; d(429); 5.
25; a(111,275); 0.
26; d(425); 5.
27; a(228,455); 5.
28; d(399); 5.
29; d(210); 5.
30; a(418,441); 5.
31; d(213); 5.
32; d(214); 5.
33; r(460,272); 5.
34; r(380,419); 3.
35; a(246,425); 5.
36; a(213,393); 5.
37; d(115); 0.
38; r(469,276); 0.
39; original; 5.
================================================================================
Generation 1

--------------------------------------------------------------------------------
Selection

0; 15
1; 12
2; 6
3; 37
4; 17
5; 6
6; 8
7; 20
8; 19
9; 17
10; 35
11; 13
12; 6
13; 29
14; 11
15; 12
16; 33
17; 23
18; 17
19; 37
20; 2
21; 8
22; 26
23; 18
24; 3
25; 17
26; 31
27; 18
28; 32
29; 15
30; 36
31; 6
32; 6
33; 25
34; 12
35; 18
36; 25
37; 7
38; 18
39; 20
--------------------------------------------------------------------------------
Crossover

0; 26, 6; d(425)
1; 26, 6; d(240)
2; 26; d(425)
3; 6; d(240)
4; 19, 17; r(326,248)
5; 19, 17; d(213)
6; 19; r(326,248)
7; 17; d(213)
8; 25; a(111,275)
9; 25; a(111,275)
10; 18, 13; d(416)
11; 18, 13; a(327,284)
12; 18; d(416)
13; 13; a(327,284)
14; 29; d(210)
15; 3; a(135,286)
16; 35; a(246,425)
17; 36; a(213,393)
18; 15, 6; a(387,377)
19; 15, 6; d(240)
20; 15; a(387,377)
21; 6; d(240)
22; 20; a(457,415)
23; 33; r(460,272)
24; 6, 7; d(240)
25; 6, 7; d(24)
26; 6; d(240)
27; 7; d(24)
28; 12, 8; a(216,228)
29; 12, 8; a(419,29)
30; 12; a(216,228)
31; 8; a(419,29)
32; 18, 37; d(416)
33; 18, 37; d(115)
34; 18; d(416)
35; 37; d(115)
36; 6, 12; d(240)
37; 6, 12; a(216,228)
38; 6; d(240)
39; 12; a(216,228)
40; 6; d(240)
41; 15; a(387,377)
42; 11, 18; r(242,344)
43; 11, 18; d(416)
44; 11; r(242,344)
45; 18; d(416)
46; 32, 12; d(214)
47; 32, 12; a(216,228)
48; 32; d(214)
49; 12; a(216,228)
50; 23; d(253)
51; 20; a(457,415)
52; 18, 37; d(416)
53; 18, 37; d(115)
54; 18; d(416)
55; 37; d(115)
56; 31, 17; d(213)
57; 31, 17; d(213)
58; 31; d(213)
59; 17; d(213)
60; 17; d(213)
61; 17; d(213)
62; 8, 2; a(419,29)
63; 8, 2; d(442)
64; 8; a(419,29)
65; 2; d(442)
--------------------------------------------------------------------------------
Mutation

0; d(425) a(333,251)
1; d(240) r(115,118)
2; d(425) a(242,229)
3; d(240) a(420,431)
4; r(326,248) r(220,228)
5; d(213) d(11)
6; r(326,248) r(250,340)
7; d(213) r(210,178)
8; a(111,275) a(294,229)
9; a(111,275) d(286)
10; d(416) r(406,294)
11; a(327,284) d(378)
12; d(416) a(251,19)
13; a(327,284) r(397,435)
14; d(210) r(471,202)
15; a(135,286) d(223)
16; a(246,425) d(360)
17; a(213,393) r(215,185)
18; a(387,377) r(373,462)
19; d(240) r(149,425)
20; a(387,377) a(135,197)
21; d(240) a(416,173)
22; a(457,415) d(465)
23; r(460,272) r(357,192)
24; d(240) a(473,173)
25; d(24) a(417,409)
26; d(240) r(338,31)
27; d(24) a(10,192)
28; a(216,228) a(227,227)
29; a(419,29) a(156,133)
30; a(216,228) d(393)
31; a(419,29) a(122,390)
32; d(416) a(13,24)
33; d(115) r(194,210)
34; d(416) d(397)
35; d(115) r(109,52)
36; d(240) a(402,422)
37; a(216,228) a(463,289)
38; d(240) a(247,45)
39; a(216,228) r(206,200)
40; d(240) a(368,2)
41; a(387,377) a(461,470)
42; r(242,344) d(290)
43; d(416) d(174)
44; r(242,344) a(208,200)
45; d(416) r(397,420)
46; d(214) d(458)
47; a(216,228) r(397,399)
48; d(214) r(212,29)
49; a(216,228) d(471)
50; d(253) a(241,178)
51; a(457,415) r(294,120)
52; d(416) d(275)
53; d(115) r(297,52)
54; d(416) r(410,289)
55; d(115) d(406)
56; d(213) d(14)
57; d(213) r(214,425)
58; d(213) r(352,384)
59; d(213) d(233)
60; d(213) r(1,357)
61; d(213) a(454,470)
62; a(419,29) d(387)
63; d(442) r(10,446)
64; a(419,29) a(352,239)
65; d(442) d(213)
--------------------------------------------------------------------------------
Evaluation

0; 0.
1; 0.
2; 0.
3; 0.
4; 0.
5; 5.
6; 0.
7; 5.
8; 0.
9; 0.
10; 0.
11; 0.
12; 0.
13; 0.
14; 5.
15; 0.
16; 5.
17; 0.
18; 0.
19; 0.
20; 0.
21; 0.
22; 0.
23; 5.
24; 0.
25; 0.
26; 0.
27; 0.
28; 0.
29; 0.
30; 0.
31; 0.
32; 0.
33; 0.
34; 0.
35; 0.
36; 0.
37; 0.
38; 0.
39; 0.
40; 0.
41; 0.
42; 0.
43; 0.
44; 0.
45; 0.
46; 0.
47; 0.
48; 0.
49; 0.
50; 0.
51; 5.
52; 0.
53; 0.
54; 0.
55; 0.
56; 0.
57; 5.
58; 5.
59; 5.
60; 5.
61; 0.
62; 0.
63; 10.
64; 0.
65; 0.
================================================================================
Generation 2

--------------------------------------------------------------------------------
Selection

0; 3
1; 13
2; 9
3; 18
4; 0
5; 37
6; 30
7; 22
8; 57
9; 4
10; 24
11; 22
12; 34
13; 65
14; 49
15; 20
16; 13
17; 56
18; 35
19; 45
20; 33
21; 13
22; 47
23; 27
24; 25
25; 31
26; 35
27; 8
28; 15
29; 49
30; 8
31; 19
32; 6
33; 44
34; 15
35; 44
36; 54
37; 49
38; 33
39; 25
--------------------------------------------------------------------------------
Crossover

0; 18; a(387,377) r(373,462)
1; 34; d(416) d(397)
2; 33, 30; d(115) r(194,210) d(393)
3; 33, 30; a(216,228)
4; 33; d(115) r(194,210)
5; 30; a(216,228) d(393)
6; 44; r(242,344) a(208,200)
7; 8; a(111,275) a(294,229)
8; 3; d(240) a(420,431)
9; 25; d(24) a(417,409)
10; 33, 6; d(115) r(194,210) r(250,340)
11; 33, 6; r(326,248)
12; 33; d(115) r(194,210)
13; 6; r(326,248) r(250,340)
14; 13, 15; a(327,284) r(397,435)
15; 13, 15; a(135,286) d(223)
16; 13; a(327,284) r(397,435)
17; 15; a(135,286) d(223)
18; 49; a(216,228) d(471)
19; 35; d(115) r(109,52)
20; 13; a(327,284) r(397,435)
21; 47; a(216,228) r(397,399)
22; 4, 31; r(326,248)
23; 4, 31; a(419,29) a(122,390) r(220,228)
24; 4; r(326,248) r(220,228)
25; 31; a(419,29) a(122,390)
26; 8, 44; a(111,275)
27; 8, 44; r(242,344) a(208,200) a(294,229)
28; 8; a(111,275) a(294,229)
29; 44; r(242,344) a(208,200)
30; 22, 49; a(457,415)
31; 22, 49; a(216,228) d(471) d(465)
32; 22; a(457,415) d(465)
33; 49; a(216,228) d(471)
34; 35; d(115) r(109,52)
35; 25; d(24) a(417,409)
36; 22; a(457,415) d(465)
37; 37; a(216,228) a(463,289)
38; 24; d(240) a(473,173)
39; 27; d(24) a(10,192)
40; 15; a(135,286) d(223)
41; 56; d(213) d(14)
42; 45; d(416) r(397,420)
43; 65; d(442) d(213)
44; 0, 49; d(425)
45; 0, 49; a(216,228) d(471) a(333,251)
46; 0; d(425) a(333,251)
47; 49; a(216,228) d(471)
48; 9; a(111,275) d(286)
49; 57; d(213) r(214,425)
50; 19, 54; d(240) r(149,425) r(410,289)
51; 19, 54; d(416)
52; 19; d(240) r(149,425)
53; 54; d(416) r(410,289)
54; 13, 20; a(327,284) r(397,435)
55; 13, 20; a(387,377) a(135,197)
56; 13; a(327,284) r(397,435)
57; 20; a(387,377) a(135,197)
--------------------------------------------------------------------------------
Mutation

0; a(387,377) r(373,462) a(198,146)
1; d(416) d(397) r(141,455)
2; d(115) r(194,210) d(393) d(109)
3; a(216,228) d(229)
4; d(115) r(194,210) a(210,149)
5; a(216,228) d(393) r(200,213)
6; r(242,344) a(208,200) a(188,441)
7; a(111,275) a(294,229) a(248,441)
8; d(240) a(420,431) a(210,445)
9; d(24) a(417,409) r(437,275)
10; d(115) r(194,210) r(250,340) r(15,358)
11; r(326,248) a(277,226)
12; d(115) r(194,210) a(195,150)
13; r(326,248) r(250,340) r(417,275)
14; a(327,284) r(397,435) a(390,391)
15; a(135,286) d(223) d(272)
16; a(327,284) r(397,435) a(243,258)
17; a(135,286) d(223) a(162,445)
18; a(216,228) d(471) r(280,340)
19; d(115) r(109,52) a(143,357)
20; a(327,284) r(397,435) d(21)
21; a(216,228) r(397,399) d(23)
22; r(326,248) a(385,445)
23; a(419,29) a(122,390) r(220,228) a(231,136)
24; r(326,248) r(220,228) a(440,358)
25; a(419,29) a(122,390) d(350)
26; a(111,275) a(112,124)
27; r(242,344) a(208,200) a(294,229) r(274,360)
28; a(111,275) a(294,229) a(401,387)
29; r(242,344) a(208,200) r(401,400)
30; a(457,415) r(214,168)
31; a(216,228) d(471) d(465) a(397,385)
32; a(457,415) d(465) a(167,228)
33; a(216,228) d(471) r(112,214)
34; d(115) r(109,52) a(323,245)
35; d(24) a(417,409) a(247,251)
36; a(457,415) d(465) a(251,45)
37; a(216,228) a(463,289) a(118,9)
38; d(240) a(473,173) d(459)
39; d(24) a(10,192) d(273)
40; a(135,286) d(223) a(15,50)
41; d(213) d(14) r(356,360)
42; d(416) r(397,420) r(273,226)
43; d(442) d(213) a(373,192)
44; d(425) a(210,185)
45; a(216,228) d(471) a(333,251) r(330,52)
46; d(425) a(333,251) d(359)
47; a(216,228) d(471) r(213,187)
48; a(111,275) d(286) a(390,214)
49; d(213) r(214,425) a(325,37)
50; d(240) r(149,425) r(410,289) d(204)
51; d(416) d(151)
52; d(240) r(149,425) d(355)
53; d(416) r(410,289) a(274,337)
54; a(327,284) r(397,435) d(280)
55; a(387,377) a(135,197) a(355,19)
56; a(327,284) r(397,435) r(328,441)
57; a(387,377) a(135,197) d(391)
--------------------------------------------------------------------------------
Evaluation

0; 0.
1; 0.
2; 0.
3; 0.
4; 0.
5; 0.
6; 0.
7; 0.
8; 0.
9; 0.
10; 0.
11; 0.
12; 0.
13; 0.
14; 0.
15; 0.
16; 0.
17; 0.
18; 0.
19; 0.
20; 0.
21; 0.
22; 0.
23; 0.
24; 0.
25; 0.
26; 0.
27; 0.
28; 0.
29; 0.
30; 5.
31; 0.
32; 0.
33; 0.
34; 0.
35; 0.
36; 0.
37; 0.
38; 0.
39; 0.
40; 0.
41; 0.
42; 0.
43; 0.
44; 5.
45; 0.
46; 0.
47; 0.
48; 0.
49; 5.
50; 0.
51; 0.
52; 0.
53; 0.
54; 0.
55; 0.
56; 0.
57; 0.
================================================================================
Generation 3

--------------------------------------------------------------------------------
Selection

0; 13
1; 14
2; 10
3; 15
4; 11
5; 56
6; 53
7; 1
8; 52
9; 32
10; 4
11; 49
12; 27
13; 15
14; 33
15; 24
16; 32
17; 29
18; 45
19; 19
20; 43
21; 22
22; 9
23; 52
24; 35
25; 8
26; 3
27; 16
28; 4
29; 42
30; 42
31; 40
32; 45
33; 12
34; 17
35; 46
36; 55
37; 31
38; 10
39; 30
--------------------------------------------------------------------------------
Crossover

0; 40, 1; a(135,286)
1; 40, 1; d(416) d(397) r(141,455) d(223) a(15,50)
2; 40; a(135,286) d(223) a(15,50)
3; 1; d(416) d(397) r(141,455)
4; 8; d(240) a(420,431) a(210,445)
5; 32; a(457,415) d(465) a(167,228)
6; 24; r(326,248) r(220,228) a(440,358)
7; 12; d(115) r(194,210) a(195,150)
8; 53; d(416) r(410,289) a(274,337)
9; 9; d(24) a(417,409) r(437,275)
10; 3, 22; a(216,228) a(385,445)
11; 3, 22; r(326,248) d(229)
12; 3; a(216,228) d(229)
13; 22; r(326,248) a(385,445)
14; 32; a(457,415) d(465) a(167,228)
15; 42; d(416) r(397,420) r(273,226)
16; 4, 15; d(115) r(194,210) a(210,149)
17; 4, 15; a(135,286) d(223) d(272)
18; 4; d(115) r(194,210) a(210,149)
19; 15; a(135,286) d(223) d(272)
20; 4; d(115) r(194,210) a(210,149)
21; 45; a(216,228) d(471) a(333,251) r(330,52)
22; 15; a(135,286) d(223) d(272)
23; 42; d(416) r(397,420) r(273,226)
24; 33, 52; a(216,228) d(471) r(112,214) d(355)
25; 33, 52; d(240) r(149,425)
26; 33; a(216,228) d(471) r(112,214)
27; 52; d(240) r(149,425) d(355)
28; 16; a(327,284) r(397,435) a(243,258)
29; 10; d(115) r(194,210) r(250,340) r(15,358)
30; 14, 52; a(327,284) r(397,435) r(149,425) d(355)
31; 14, 52; d(240) a(390,391)
32; 14; a(327,284) r(397,435) a(390,391)
33; 52; d(240) r(149,425) d(355)
34; 55, 13; a(387,377) a(135,197) r(250,340) r(417,275)
35; 55, 13; r(326,248) a(355,19)
36; 55; a(387,377) a(135,197) a(355,19)
37; 13; r(326,248) r(250,340) r(417,275)
38; 43; d(442) d(213) a(373,192)
39; 30; a(457,415) r(214,168)
40; 11; r(326,248) a(277,226)
41; 17; a(135,286) d(223) a(162,445)
42; 19; d(115) r(109,52) a(143,357)
43; 49; d(213) r(214,425) a(325,37)
44; 45, 31; a(216,228)
45; 45, 31; a(216,228) d(471) d(465) a(397,385) d(471) a(333,251) r(330,52)
46; 45; a(216,228) d(471) a(333,251) r(330,52)
47; 31; a(216,228) d(471) d(465) a(397,385)
48; 27; r(242,344) a(208,200) a(294,229) r(274,360)
49; 10; d(115) r(194,210) r(250,340) r(15,358)
50; 56; a(327,284) r(397,435) r(328,441)
51; 29; r(242,344) a(208,200) r(401,400)
52; 46, 35; d(425) a(333,251) d(359) a(247,251)
53; 46, 35; d(24) a(417,409)
54; 46; d(425) a(333,251) d(359)
55; 35; d(24) a(417,409) a(247,251)
--------------------------------------------------------------------------------
Mutation

0; a(135,286) a(134,127)
1; d(416) d(397) r(141,455) d(223) a(15,50) a(357,420)
2; a(135,286) d(223) a(15,50) a(194,165)
3; d(416) d(397) r(141,455) r(328,247)
4; d(240) a(420,431) a(210,445) a(243,178)
5; a(457,415) d(465) a(167,228) r(448,139)
6; r(326,248) r(220,228) a(440,358) a(244,1)
7; d(115) r(194,210) a(195,150) a(172,139)
8; d(416) r(410,289) a(274,337) d(253)
9; d(24) a(417,409) r(437,275) d(184)
10; a(216,228) a(385,445) r(213,31)
11; r(326,248) d(229) d(382)
12; a(216,228) d(229) d(157)
13; r(326,248) a(385,445) a(184,154)
14; a(457,415) d(465) a(167,228) a(279,136)
15; d(416) r(397,420) r(273,226) r(369,423)
16; d(115) r(194,210) a(210,149) d(396)
17; a(135,286) d(223) d(272) a(230,275)
18; d(115) r(194,210) a(210,149) r(331,236)
19; a(135,286) d(223) d(272) d(473)
20; d(115) r(194,210) a(210,149) a(461,154)
21; a(216,228) d(471) a(333,251) r(330,52) d(216)
22; a(135,286) d(223) d(272) a(236,425)
23; d(416) r(397,420) r(273,226) a(214,206)
24; a(216,228) d(471) r(112,214) d(355) d(223)
25; d(240) r(149,425) r(243,362)
26; a(216,228) d(471) r(112,214) a(120,192)
27; d(240) r(149,425) d(355) d(443)
28; a(327,284) r(397,435) a(243,258) a(11,32)
29; d(115) r(194,210) r(250,340) r(15,358) d(143)
30; a(327,284) r(397,435) r(149,425) d(355) r(328,361)
31; d(240) a(390,391) d(284)
32; a(327,284) r(397,435) a(390,391) r(297,255)
33; d(240) r(149,425) d(355) a(213,445)
34; a(387,377) a(135,197) r(250,340) r(417,275) r(351,172)
35; r(326,248) a(355,19) r(217,139)
36; a(387,377) a(135,197) a(355,19) a(410,446)
37; r(326,248) r(250,340) r(417,275) r(237,1)
38; d(442) d(213) a(373,192) d(214)
39; a(457,415) r(214,168) d(425)
40; r(326,248) a(277,226) d(15)
41; a(135,286) d(223) a(162,445) r(362,341)
42; d(115) r(109,52) a(143,357) a(458,171)
43; d(213) r(214,425) a(325,37) r(130,357)
44; a(216,228) d(409)
45; a(216,228) d(471) d(465) a(397,385) d(471) a(333,251) r(330,52) a(213,381)
46; a(216,228) d(471) a(333,251) r(330,52) a(198,148)
47; a(216,228) d(471) d(465) a(397,385) d(430)
48; r(242,344) a(208,200) a(294,229) r(274,360) a(471,413)
49; d(115) r(194,210) r(250,340) r(15,358) d(214)
50; a(327,284) r(397,435) r(328,441) d(470)
51; r(242,344) a(208,200) r(401,400) r(3,52)
52; d(425) a(333,251) d(359) a(247,251) r(398,294)
53; d(24) a(417,409) d(240)
54; d(425) a(333,251) d(359) a(357,246)
55; d(24) a(417,409) a(247,251) a(213,13)
--------------------------------------------------------------------------------
Evaluation

0; 5.
1; 0.
2; 0.
3; 0.
4; 0.
5; 0.
6; 0.
7; 0.
8; 0.
9; 0.
10; 0.
11; 0.
12; 0.
13; 0.
14; 0.
15; 0.
16; 0.
17; 0.
18; 0.
19; 0.
20; 0.
21; 0.
22; 0.
23; 0.
24; 0.
25; 0.
26; 0.
27; 0.
28; 0.
29; 0.
30; 0.
31; 0.
32; 0.
33; 0.
34; 0.
35; 0.
36; 0.
37; 0.
38; 0.
39; 5.
40; 0.
41; 0.
42; 0.
43; 0.
44; 0.
45; 0.
46; 0.
47; 0.
48; 0.
49; 0.
50; 0.
51; 0.
52; 0.
53; 0.
54; 0.
55; 0.
================================================================================
Generation 4

--------------------------------------------------------------------------------
Selection

0; 51
1; 1
2; 31
3; 38
4; 11
5; 50
6; 38
7; 26
8; 24
9; 54
10; 14
11; 16
12; 12
13; 11
14; 51
15; 33
16; 7
17; 22
18; 54
19; 29
20; 37
21; 13
22; 8
23; 8
24; 43
25; 38
26; 5
27; 29
28; 31
29; 55
30; 34
31; 41
32; 40
33; 3
34; 22
35; 11
36; 50
37; 22
38; 21
39; 13
--------------------------------------------------------------------------------
Crossover

0; 29, 14; d(115) r(194,210) r(250,340) d(465) a(167,228) a(279,136)
1; 29, 14; a(457,415) r(15,358) d(143)
2; 29; d(115) r(194,210) r(250,340) r(15,358) d(143)
3; 14; a(457,415) d(465) a(167,228) a(279,136)
4; 24; a(216,228) d(471) r(112,214) d(355) d(223)
5; 22; a(135,286) d(223) d(272) a(236,425)
6; 22, 37; a(135,286) d(223) d(272) a(236,425) r(250,340) r(417,275) r(237,1)
7; 22, 37; r(326,248)
8; 22; a(135,286) d(223) d(272) a(236,425)
9; 37; r(326,248) r(250,340) r(417,275) r(237,1)
10; 7; d(115) r(194,210) a(195,150) a(172,139)
11; 55; d(24) a(417,409) a(247,251) a(213,13)
12; 1, 43; d(416) d(397) r(130,357)
13; 1, 43; d(213) r(214,425) a(325,37) r(141,455) d(223) a(15,50) a(357,420)
14; 1; d(416) d(397) r(141,455) d(223) a(15,50) a(357,420)
15; 43; d(213) r(214,425) a(325,37) r(130,357)
16; 11; r(326,248) d(229) d(382)
17; 29; d(115) r(194,210) r(250,340) r(15,358) d(143)
18; 38; d(442) d(213) a(373,192) d(214)
19; 33; d(240) r(149,425) d(355) a(213,445)
20; 12, 50; a(216,228) d(229) d(157) r(328,441) d(470)
21; 12, 50; a(327,284) r(397,435)
22; 12; a(216,228) d(229) d(157)
23; 50; a(327,284) r(397,435) r(328,441) d(470)
24; 11; r(326,248) d(229) d(382)
25; 34; a(387,377) a(135,197) r(250,340) r(417,275) r(351,172)
26; 51, 26; r(242,344) a(208,200) r(401,400) r(3,52) r(112,214) a(120,192)
27; 51, 26; a(216,228) d(471)
28; 51; r(242,344) a(208,200) r(401,400) r(3,52)
29; 26; a(216,228) d(471) r(112,214) a(120,192)
30; 54, 13; d(425) a(333,251) a(385,445) a(184,154)
31; 54, 13; r(326,248) d(359) a(357,246)
32; 54; d(425) a(333,251) d(359) a(357,246)
33; 13; r(326,248) a(385,445) a(184,154)
34; 31, 11; d(240) a(390,391) d(284) d(229) d(382)
35; 31, 11; r(326,248)
36; 31; d(240) a(390,391) d(284)
37; 11; r(326,248) d(229) d(382)
38; 8; d(416) r(410,289) a(274,337) d(253)
39; 31; d(240) a(390,391) d(284)
40; 40, 50; r(326,248) a(277,226) d(15)
41; 40, 50; a(327,284) r(397,435) r(328,441) d(470)
42; 40; r(326,248) a(277,226) d(15)
43; 50; a(327,284) r(397,435) r(328,441) d(470)
44; 41, 21; a(135,286) d(223) a(162,445) a(333,251) r(330,52) d(216)
45; 41, 21; a(216,228) d(471) r(362,341)
46; 41; a(135,286) d(223) a(162,445) r(362,341)
47; 21; a(216,228) d(471) a(333,251) r(330,52) d(216)
48; 8; d(416) r(410,289) a(274,337) d(253)
49; 3; d(416) d(397) r(141,455) r(328,247)
50; 38, 54; d(442) d(213) a(373,192) a(333,251) d(359) a(357,246)
51; 38, 54; d(425) d(214)
52; 38; d(442) d(213) a(373,192) d(214)
53; 54; d(425) a(333,251) d(359) a(357,246)
54; 5, 13; a(457,415)
55; 5, 13; r(326,248) a(385,445) a(184,154) d(465) a(167,228) r(448,139)
56; 5; a(457,415) d(465) a(167,228) r(448,139)
57; 13; r(326,248) a(385,445) a(184,154)
58; 51, 16; r(242,344) a(208,200) r(194,210) a(210,149) d(396)
59; 51, 16; d(115) r(401,400) r(3,52)
60; 51; r(242,344) a(208,200) r(401,400) r(3,52)
61; 16; d(115) r(194,210) a(210,149) d(396)
62; 38; d(442) d(213) a(373,192) d(214)
63; 22; a(135,286) d(223) d(272) a(236,425)
--------------------------------------------------------------------------------
Mutation

0; d(115) r(194,210) r(250,340) d(465) a(167,228) a(279,136) a(165,178)
1; a(457,415) r(15,358) d(143) r(244,246)
2; d(115) r(194,210) r(250,340) r(15,358) d(143) d(398)
3; a(457,415) d(465) a(167,228) a(279,136) r(165,29)
4; a(216,228) d(471) r(112,214) d(355) d(223) r(353,294)
5; a(135,286) d(223) d(272) a(236,425) d(187)
6; a(135,286) d(223) d(272) a(236,425) r(250,340) r(417,275) r(237,1) a(142,439)
7; r(326,248) r(248,139)
8; a(135,286) d(223) d(272) a(236,425) r(334,22)
9; r(326,248) r(250,340) r(417,275) r(237,1) r(159,195)
10; d(115) r(194,210) a(195,150) a(172,139) d(442)
11; d(24) a(417,409) a(247,251) a(213,13) a(223,374)
12; d(416) d(397) r(130,357) d(237)
13; d(213) r(214,425) a(325,37) r(141,455) d(223) a(15,50) a(357,420) d(212)
14; d(416) d(397) r(141,455) d(223) a(15,50) a(357,420) d(350)
15; d(213) r(214,425) a(325,37) r(130,357) d(22)
16; r(326,248) d(229) d(382) d(187)
17; d(115) r(194,210) r(250,340) r(15,358) d(143) d(210)
18; d(442) d(213) a(373,192) d(214) d(116)
19; d(240) r(149,425) d(355) a(213,445) a(368,471)
20; a(216,228) d(229) d(157) r(328,441) d(470) d(390)
21; a(327,284) r(397,435) a(174,159)
22; a(216,228) d(229) d(157) r(382,133)
23; a(327,284) r(397,435) r(328,441) d(470) a(212,337)
24; r(326,248) d(229) d(382) r(207,146)
25; a(387,377) a(135,197) r(250,340) r(417,275) r(351,172) d(195)
26; r(242,344) a(208,200) r(401,400) r(3,52) r(112,214) a(120,192) r(210,159)
27; a(216,228) d(471) d(121)
28; r(242,344) a(208,200) r(401,400) r(3,52) d(444)
29; a(216,228) d(471) r(112,214) a(120,192) r(325,228)
30; d(425) a(333,251) a(385,445) a(184,154) d(396)
31; r(326,248) d(359) a(357,246) r(450,221)
32; d(425) a(333,251) d(359) a(357,246) a(212,475)
33; r(326,248) a(385,445) a(184,154) a(359,13)
34; d(240) a(390,391) d(284) d(229) d(382) d(428)
35; r(326,248) d(213)
36; d(240) a(390,391) d(284) d(298)
37; r(326,248) d(229) d(382) a(428,379)
38; d(416) r(410,289) a(274,337) d(253) d(451)
39; d(240) a(390,391) d(284) a(115,52)
40; r(326,248) a(277,226) d(15) d(351)
41; a(327,284) r(397,435) r(328,441) d(470) d(110)
42; r(326,248) a(277,226) d(15) d(258)
43; a(327,284) r(397,435) r(328,441) d(470) r(159,276)
44; a(135,286) d(223) a(162,445) a(333,251) r(330,52) d(216) d(386)
45; a(216,228) d(471) r(362,341) d(223)
46; a(135,286) d(223) a(162,445) r(362,341) d(235)
47; a(216,228) d(471) a(333,251) r(330,52) d(216) a(377,471)
48; d(416) r(410,289) a(274,337) d(253) a(250,2)
49; d(416) d(397) r(141,455) r(328,247) r(469,449)
50; d(442) d(213) a(373,192) a(333,251) d(359) a(357,246) a(132,2)
51; d(425) d(214) a(210,13)
52; d(442) d(213) a(373,192) d(214) r(328,406)
53; d(425) a(333,251) d(359) a(357,246) d(173)
54; a(457,415) d(330)
55; r(326,248) a(385,445) a(184,154) d(465) a(167,228) r(448,139) r(23,381)
56; a(457,415) d(465) a(167,228) r(448,139) r(189,182)
57; r(326,248) a(385,445) a(184,154) r(150,157)
58; r(242,344) a(208,200) r(194,210) a(210,149) d(396) r(423,384)
59; d(115) r(401,400) r(3,52) a(15,374)
60; r(242,344) a(208,200) r(401,400) r(3,52) a(367,367)
61; d(115) r(194,210) a(210,149) d(396) r(281,340)
62; d(442) d(213) a(373,192) d(214) a(441,133)
63; a(135,286) d(223) d(272) a(236,425) d(19)
--------------------------------------------------------------------------------
Evaluation

0; 0.
1; 0.
2; 0.
3; 0.
4; 0.
5; 0.
6; 0.
7; 0.
8; 0.
9; 0.
10; 0.
11; 0.
12; 0.
13; 0.
14; 0.
15; 0.
16; 0.
17; 0.
18; 0.
19; 0.
20; 0.
21; 0.
22; 0.
23; 0.
24; 0.
25; 0.
26; 0.
27; 0.
28; 0.
29; 0.
30; 0.
31; 0.
32; 0.
33; 0.
34; 0.
35; 5.
36; 0.
37; 0.
38; 0.
39; 0.
40; 0.
41; 0.
42; 0.
43; 0.
44; 0.
45; 0.
46; 0.
47; 0.
48; 0.
49; 0.
50; 0.
51; 5.
52; 0.
53; 0.
54; 5.
55; 0.
56; 0.
57; 0.
58; 0.
59; 0.
60; 0.
61; 0.
62; 0.
63; 0.
================================================================================
Generation 5

--------------------------------------------------------------------------------
Selection

0; 22
1; 58
2; 60
3; 9
4; 38
5; 41
6; 44
7; 4
8; 13
9; 60
10; 16
11; 41
12; 23
13; 15
14; 18
15; 15
16; 23
17; 42
18; 62
19; 3
20; 26
21; 10
22; 36
23; 30
24; 17
25; 47
26; 15
27; 29
28; 16
29; 41
30; 29
31; 17
32; 24
33; 31
34; 48
35; 41
36; 0
37; 1
38; 24
39; 57
--------------------------------------------------------------------------------
Crossover

0; 23; a(327,284) r(397,435) r(328,441) d(470) a(212,337)
1; 22; a(216,228) d(229) d(157) r(382,133)
2; 16, 62; r(326,248) d(229) d(382) d(187) d(213) a(373,192) d(214) a(441,133)
3; 16, 62; d(442)
4; 16; r(326,248) d(229) d(382) d(187)
5; 62; d(442) d(213) a(373,192) d(214) a(441,133)
6; 41; a(327,284) r(397,435) r(328,441) d(470) d(110)
7; 57; r(326,248) a(385,445) a(184,154) r(150,157)
8; 47, 17; a(216,228) r(194,210) r(250,340) r(15,358) d(143) d(210)
9; 47, 17; d(115) d(471) a(333,251) r(330,52) d(216) a(377,471)
10; 47; a(216,228) d(471) a(333,251) r(330,52) d(216) a(377,471)
11; 17; d(115) r(194,210) r(250,340) r(15,358) d(143) d(210)
12; 15; d(213) r(214,425) a(325,37) r(130,357) d(22)
13; 38; d(416) r(410,289) a(274,337) d(253) d(451)
14; 30, 15; d(425) a(333,251) a(385,445) a(184,154) d(396) r(130,357) d(22)
15; 30, 15; d(213) r(214,425) a(325,37)
16; 30; d(425) a(333,251) a(385,445) a(184,154) d(396)
17; 15; d(213) r(214,425) a(325,37) r(130,357) d(22)
18; 9, 31; r(326,248) r(250,340) r(450,221)
19; 9, 31; r(326,248) d(359) a(357,246) r(417,275) r(237,1) r(159,195)
20; 9; r(326,248) r(250,340) r(417,275) r(237,1) r(159,195)
21; 31; r(326,248) d(359) a(357,246) r(450,221)
22; 44; a(135,286) d(223) a(162,445) a(333,251) r(330,52) d(216) d(386)
23; 4; a(216,228) d(471) r(112,214) d(355) d(223) r(353,294)
24; 41, 13; a(327,284) r(397,435) r(328,441)
25; 41, 13; d(213) r(214,425) a(325,37) r(141,455) d(223) a(15,50) a(357,420) d(212) d(470) d(110)
26; 41; a(327,284) r(397,435) r(328,441) d(470) d(110)
27; 13; d(213) r(214,425) a(325,37) r(141,455) d(223) a(15,50) a(357,420) d(212)
28; 17, 0; d(115) r(194,210) r(194,210) r(250,340) d(465) a(167,228) a(279,136) a(165,178)
29; 17, 0; d(115) r(250,340) r(15,358) d(143) d(210)
30; 17; d(115) r(194,210) r(250,340) r(15,358) d(143) d(210)
31; 0; d(115) r(194,210) r(250,340) d(465) a(167,228) a(279,136) a(165,178)
32; 41; a(327,284) r(397,435) r(328,441) d(470) d(110)
33; 41; a(327,284) r(397,435) r(328,441) d(470) d(110)
34; 18; d(442) d(213) a(373,192) d(214) d(116)
35; 24; r(326,248) d(229) d(382) r(207,146)
36; 23, 10; a(327,284)
37; 23, 10; d(115) r(194,210) a(195,150) a(172,139) d(442) r(397,435) r(328,441) d(470) a(212,337)
38; 23; a(327,284) r(397,435) r(328,441) d(470) a(212,337)
39; 10; d(115) r(194,210) a(195,150) a(172,139) d(442)
40; 29; a(216,228) d(471) r(112,214) a(120,192) r(325,228)
41; 36; d(240) a(390,391) d(284) d(298)
42; 60, 3; r(242,344) a(208,200) r(401,400)
43; 60, 3; a(457,415) d(465) a(167,228) a(279,136) r(165,29) r(3,52) a(367,367)
44; 60; r(242,344) a(208,200) r(401,400) r(3,52) a(367,367)
45; 3; a(457,415) d(465) a(167,228) a(279,136) r(165,29)
46; 48, 29; d(416)
47; 48, 29; a(216,228) d(471) r(112,214) a(120,192) r(325,228) r(410,289) a(274,337) d(253) a(250,2)
48; 48; d(416) r(410,289) a(274,337) d(253) a(250,2)
49; 29; a(216,228) d(471) r(112,214) a(120,192) r(325,228)
50; 58, 26; r(242,344) a(208,200) a(208,200) r(401,400) r(3,52) r(112,214) a(120,192) r(210,159)
51; 58, 26; r(242,344) r(194,210) a(210,149) d(396) r(423,384)
52; 58; r(242,344) a(208,200) r(194,210) a(210,149) d(396) r(423,384)
53; 26; r(242,344) a(208,200) r(401,400) r(3,52) r(112,214) a(120,192) r(210,159)
54; 42, 60; r(326,248) a(277,226) d(15) d(258) r(3,52) a(367,367)
55; 42, 60; r(242,344) a(208,200) r(401,400)
56; 42; r(326,248) a(277,226) d(15) d(258)
57; 60; r(242,344) a(208,200) r(401,400) r(3,52) a(367,367)
58; 24, 1; r(326,248) r(15,358) d(143) r(244,246)
59; 24, 1; a(457,415) d(229) d(382) r(207,146)
60; 24; r(326,248) d(229) d(382) r(207,146)
61; 1; a(457,415) r(15,358) d(143) r(244,246)
62; 16; r(326,248) d(229) d(382) d(187)
63; 15; d(213) r(214,425) a(325,37) r(130,357) d(22)
--------------------------------------------------------------------------------
Mutation

0; a(327,284) r(397,435) r(328,441) d(470) a(212,337) r(193,446)
1; a(216,228) d(229) d(157) r(382,133) d(248)
2; r(326,248) d(229) d(382) d(187) d(213) a(373,192) d(214) a(441,133) d(210)
3; d(442) d(448)
4; r(326,248) d(229) d(382) d(187) a(188,281)
5; d(442) d(213) a(373,192) d(214) a(441,133) r(228,441)
6; a(327,284) r(397,435) r(328,441) d(470) d(110) a(206,303)
7; r(326,248) a(385,445) a(184,154) r(150,157) d(232)
8; a(216,228) r(194,210) r(250,340) r(15,358) d(143) d(210) r(362,346)
9; d(115) d(471) a(333,251) r(330,52) d(216) a(377,471) a(25,178)
10; a(216,228) d(471) a(333,251) r(330,52) d(216) a(377,471) r(199,165)
11; d(115) r(194,210) r(250,340) r(15,358) d(143) d(210) r(297,289)
12; d(213) r(214,425) a(325,37) r(130,357) d(22) a(325,413)
13; d(416) r(410,289) a(274,337) d(253) d(451) r(212,355)
14; d(425) a(333,251) a(385,445) a(184,154) d(396) r(130,357) d(22) d(378)
15; d(213) r(214,425) a(325,37) d(113)
16; d(425) a(333,251) a(385,445) a(184,154) d(396) r(239,292)
17; d(213) r(214,425) a(325,37) r(130,357) d(22) a(210,29)
18; r(326,248) r(250,340) r(450,221) d(241)
19; r(326,248) d(359) a(357,246) r(417,275) r(237,1) r(159,195) d(388)
20; r(326,248) r(250,340) r(417,275) r(237,1) r(159,195) r(212,180)
21; r(326,248) d(359) a(357,246) r(450,221) a(174,226)
22; a(135,286) d(223) a(162,445) a(333,251) r(330,52) d(216) d(386) a(127,455)
23; a(216,228) d(471) r(112,214) d(355) d(223) r(353,294) r(225,303)
24; a(327,284) r(397,435) r(328,441) d(458)
25; d(213) r(214,425) a(325,37) r(141,455) d(223) a(15,50) a(357,420) d(212) d(470) d(110) d(245)
26; a(327,284) r(397,435) r(328,441) d(470) d(110) r(212,205)
27; d(213) r(214,425) a(325,37) r(141,455) d(223) a(15,50) a(357,420) d(212) a(430,113)
28; d(115) r(194,210) r(194,210) r(250,340) d(465) a(167,228) a(279,136) a(165,178) r(168,183)
29; d(115) r(250,340) r(15,358) d(143) d(210) a(195,20)
30; d(115) r(194,210) r(250,340) r(15,358) d(143) d(210) d(382)
31; d(115) r(194,210) r(250,340) d(465) a(167,228) a(279,136) a(165,178) r(409,221)
32; a(327,284) r(397,435) r(328,441) d(470) d(110) d(174)
33; a(327,284) r(397,435) r(328,441) d(470) d(110) a(451,461)
34; d(442) d(213) a(373,192) d(214) d(116) a(455,210)
35; r(326,248) d(229) d(382) r(207,146) r(214,303)
36; a(327,284) a(213,212)
37; d(115) r(194,210) a(195,150) a(172,139) d(442) r(397,435) r(328,441) d(470) a(212,337) r(210,29)
38; a(327,284) r(397,435) r(328,441) d(470) a(212,337) r(281,258)
39; d(115) r(194,210) a(195,150) a(172,139) d(442) r(213,228)
40; a(216,228) d(471) r(112,214) a(120,192) r(325,228) d(347)
41; d(240) a(390,391) d(284) d(298) r(436,384)
42; r(242,344) a(208,200) r(401,400) r(334,337)
43; a(457,415) d(465) a(167,228) a(279,136) r(165,29) r(3,52) a(367,367) a(432,19)
44; r(242,344) a(208,200) r(401,400) r(3,52) a(367,367) r(167,133)
45; a(457,415) d(465) a(167,228) a(279,136) r(165,29) a(475,468)
46; d(416) a(396,192)
47; a(216,228) d(471) r(112,214) a(120,192) r(325,228) r(410,289) a(274,337) d(253) a(250,2) r(225,22)
48; d(416) r(410,289) a(274,337) d(253) a(250,2) d(213)
49; a(216,228) d(471) r(112,214) a(120,192) r(325,228) a(188,303)
50; r(242,344) a(208,200) a(208,200) r(401,400) r(3,52) r(112,214) a(120,192) r(210,159) d(157)
51; r(242,344) r(194,210) a(210,149) d(396) r(423,384) a(164,139)
52; r(242,344) a(208,200) r(194,210) a(210,149) d(396) r(423,384) r(250,300)
53; r(242,344) a(208,200) r(401,400) r(3,52) r(112,214) a(120,192) r(210,159) r(236,381)
54; r(326,248) a(277,226) d(15) d(258) r(3,52) a(367,367) a(232,226)
55; r(242,344) a(208,200) r(401,400) r(466,461)
56; r(326,248) a(277,226) d(15) d(258) a(463,2)
57; r(242,344) a(208,200) r(401,400) r(3,52) a(367,367) a(357,284)
58; r(326,248) r(15,358) d(143) r(244,246) a(432,31)
59; a(457,415) d(229) d(382) r(207,146) a(304,231)
60; r(326,248) d(229) d(382) r(207,146) r(455,385)
61; a(457,415) r(15,358) d(143) r(244,246) r(214,120)
62; r(326,248) d(229) d(382) d(187) d(441)
63; d(213) r(214,425) a(325,37) r(130,357) d(22) r(121,136)
--------------------------------------------------------------------------------
Evaluation

0; 10.
1; 0.
2; 0.
3; 0.
4; 0.
5; 0.
6; 0.
7; 0.
8; 0.
9; 0.
10; 0.
11; 0.
12; 0.
13; 0.
14; 0.
15; 5.
16; 0.
17; 0.
18; 0.
19; 0.
20; 0.
21; 0.
22; 0.
23; 0.
24; 0.
25; 0.
26; 0.
27; 0.
28; 0.
29; 0.
30; 0.
31; 0.
32; 0.
33; 0.
34; 0.
35; 0.
36; 0.
37; 0.
38; 0.
39; 0.
40; 0.
41; 0.
42; 0.
43; 0.
44; 0.
45; 0.
46; 0.
47; 0.
48; 0.
49; 0.
50; 0.
51; 0.
52; 0.
53; 0.
54; 0.
55; 0.
56; 0.
57; 0.
58; 0.
59; 0.
60; 0.
61; 0.
62; 0.
63; 0.
================================================================================
Generation 6

--------------------------------------------------------------------------------
Selection

0; 36
1; 42
2; 8
3; 46
4; 61
5; 1
6; 63
7; 45
8; 17
9; 29
10; 49
11; 58
12; 63
13; 10
14; 43
15; 30
16; 2
17; 55
18; 11
19; 38
20; 33
21; 22
22; 61
23; 33
24; 62
25; 57
26; 36
27; 32
28; 4
29; 32
30; 29
31; 50
32; 32
33; 55
34; 3
35; 49
36; 31
37; 14
38; 50
39; 10
--------------------------------------------------------------------------------
Crossover

0; 55, 3; r(242,344) a(208,200) d(448)
1; 55, 3; d(442) r(401,400) r(466,461)
2; 55; r(242,344) a(208,200) r(401,400) r(466,461)
3; 3; d(442) d(448)
4; 49, 50; a(216,228) d(471) r(112,214) a(120,192) r(210,159) d(157)
5; 49, 50; r(242,344) a(208,200) a(208,200) r(401,400) r(3,52) r(112,214) a(120,192) r(325,228) a(188,303)
6; 49; a(216,228) d(471) r(112,214) a(120,192) r(325,228) a(188,303)
7; 50; r(242,344) a(208,200) a(208,200) r(401,400) r(3,52) r(112,214) a(120,192) r(210,159) d(157)
8; 1; a(216,228) d(229) d(157) r(382,133) d(248)
9; 10; a(216,228) d(471) a(333,251) r(330,52) d(216) a(377,471) r(199,165)
10; 62; r(326,248) d(229) d(382) d(187) d(441)
11; 61; a(457,415) r(15,358) d(143) r(244,246) r(214,120)
12; 2, 32; r(326,248) d(229) d(382) d(187) d(213) r(397,435) r(328,441) d(470) d(110) d(174)
13; 2, 32; a(327,284) a(373,192) d(214) a(441,133) d(210)
14; 2; r(326,248) d(229) d(382) d(187) d(213) a(373,192) d(214) a(441,133) d(210)
15; 32; a(327,284) r(397,435) r(328,441) d(470) d(110) d(174)
16; 36; a(327,284) a(213,212)
17; 30; d(115) r(194,210) r(250,340) r(15,358) d(143) d(210) d(382)
18; 11, 38; d(115) r(194,210) r(250,340) r(15,358) d(143)
19; 11, 38; a(327,284) r(397,435) r(328,441) d(470) a(212,337) r(281,258) d(210) r(297,289)
20; 11; d(115) r(194,210) r(250,340) r(15,358) d(143) d(210) r(297,289)
21; 38; a(327,284) r(397,435) r(328,441) d(470) a(212,337) r(281,258)
22; 29, 8; d(115) r(250,340) r(15,358) d(143) d(210) r(250,340) r(15,358) d(143) d(210) r(362,346)
23; 29, 8; a(216,228) r(194,210) a(195,20)
24; 29; d(115) r(250,340) r(15,358) d(143) d(210) a(195,20)
25; 8; a(216,228) r(194,210) r(250,340) r(15,358) d(143) d(210) r(362,346)
26; 33; a(327,284) r(397,435) r(328,441) d(470) d(110) a(451,461)
27; 49; a(216,228) d(471) r(112,214) a(120,192) r(325,228) a(188,303)
28; 33, 31; a(327,284) a(279,136) a(165,178) r(409,221)
29; 33, 31; d(115) r(194,210) r(250,340) d(465) a(167,228) r(397,435) r(328,441) d(470) d(110) a(451,461)
30; 33; a(327,284) r(397,435) r(328,441) d(470) d(110) a(451,461)
31; 31; d(115) r(194,210) r(250,340) d(465) a(167,228) a(279,136) a(165,178) r(409,221)
32; 61; a(457,415) r(15,358) d(143) r(244,246) r(214,120)
33; 4; r(326,248) d(229) d(382) d(187) a(188,281)
34; 57; r(242,344) a(208,200) r(401,400) r(3,52) a(367,367) a(357,284)
35; 63; d(213) r(214,425) a(325,37) r(130,357) d(22) r(121,136)
36; 10; a(216,228) d(471) a(333,251) r(330,52) d(216) a(377,471) r(199,165)
37; 46; d(416) a(396,192)
38; 14; d(425) a(333,251) a(385,445) a(184,154) d(396) r(130,357) d(22) d(378)
39; 55; r(242,344) a(208,200) r(401,400) r(466,461)
40; 58; r(326,248) r(15,358) d(143) r(244,246) a(432,31)
41; 22; a(135,286) d(223) a(162,445) a(333,251) r(330,52) d(216) d(386) a(127,455)
42; 36, 32; a(327,284) a(213,212) d(470) d(110) d(174)
43; 36, 32; a(327,284) r(397,435) r(328,441)
44; 36; a(327,284) a(213,212)
45; 32; a(327,284) r(397,435) r(328,441) d(470) d(110) d(174)
46; 42; r(242,344) a(208,200) r(401,400) r(334,337)
47; 17; d(213) r(214,425) a(325,37) r(130,357) d(22) a(210,29)
48; 50; r(242,344) a(208,200) a(208,200) r(401,400) r(3,52) r(112,214) a(120,192) r(210,159) d(157)
49; 29; d(115) r(250,340) r(15,358) d(143) d(210) a(195,20)
50; 45, 43; a(457,415) d(465) a(167,228) a(279,136) r(165,29) r(3,52) a(367,367) a(432,19)
51; 45, 43; a(457,415) d(465) a(167,228) a(279,136) r(165,29) a(475,468)
52; 45; a(457,415) d(465) a(167,228) a(279,136) r(165,29) a(475,468)
53; 43; a(457,415) d(465) a(167,228) a(279,136) r(165,29) r(3,52) a(367,367) a(432,19)
54; 32, 63; a(327,284) r(397,435) r(130,357) d(22) r(121,136)
55; 32, 63; d(213) r(214,425) a(325,37) r(328,441) d(470) d(110) d(174)
56; 32; a(327,284) r(397,435) r(328,441) d(470) d(110) d(174)
57; 63; d(213) r(214,425) a(325,37) r(130,357) d(22) r(121,136)
--------------------------------------------------------------------------------
Mutation

0; r(242,344) a(208,200) d(448) r(137,21)
1; d(442) r(401,400) r(466,461) d(121)
2; r(242,344) a(208,200) r(401,400) r(466,461) d(230)
3; d(442) d(448) a(405,273)
4; a(216,228) d(471) r(112,214) a(120,192) r(210,159) d(157) r(150,471)
5; r(242,344) a(208,200) a(208,200) r(401,400) r(3,52) r(112,214) a(120,192) r(325,228) a(188,303) a(231,441)
6; a(216,228) d(471) r(112,214) a(120,192) r(325,228) a(188,303) d(359)
7; r(242,344) a(208,200) a(208,200) r(401,400) r(3,52) r(112,214) a(120,192) r(210,159) d(157) a(380,387)
8; a(216,228) d(229) d(157) r(382,133) d(248) r(243,133)
9; a(216,228) d(471) a(333,251) r(330,52) d(216) a(377,471) r(199,165) d(213)
10; r(326,248) d(229) d(382) d(187) d(441) a(423,471)
11; a(457,415) r(15,358) d(143) r(244,246) r(214,120) r(290,185)
12; r(326,248) d(229) d(382) d(187) d(213) r(397,435) r(328,441) d(470) d(110) d(174) r(212,174)
13; a(327,284) a(373,192) d(214) a(441,133) d(210) r(463,29)
14; r(326,248) d(229) d(382) d(187) d(213) a(373,192) d(214) a(441,133) d(210) d(165)
15; a(327,284) r(397,435) r(328,441) d(470) d(110) d(174) d(165)
16; a(327,284) a(213,212) r(121,9)
17; d(115) r(194,210) r(250,340) r(15,358) d(143) d(210) d(382) a(214,150)
18; d(115) r(194,210) r(250,340) r(15,358) d(143) a(326,113)
19; a(327,284) r(397,435) r(328,441) d(470) a(212,337) r(281,258) d(210) r(297,289) a(117,330)
20; d(115) r(194,210) r(250,340) r(15,358) d(143) d(210) r(297,289) a(373,421)
21; a(327,284) r(397,435) r(328,441) d(470) a(212,337) r(281,258) a(463,451)
22; d(115) r(250,340) r(15,358) d(143) d(210) r(250,340) r(15,358) d(143) d(210) r(362,346) r(454,350)
23; a(216,228) r(194,210) a(195,20) d(213)
24; d(115) r(250,340) r(15,358) d(143) d(210) a(195,20) r(112,1)
25; a(216,228) r(194,210) r(250,340) r(15,358) d(143) d(210) r(362,346) d(238)
26; a(327,284) r(397,435) r(328,441) d(470) d(110) a(451,461) d(133)
27; a(216,228) d(471) r(112,214) a(120,192) r(325,228) a(188,303) a(210,150)
28; a(327,284) a(279,136) a(165,178) r(409,221) a(401,398)
29; d(115) r(194,210) r(250,340) d(465) a(167,228) r(397,435) r(328,441) d(470) d(110) a(451,461) r(172,192)
30; a(327,284) r(397,435) r(328,441) d(470) d(110) a(451,461) r(286,113)
31; d(115) r(194,210) r(250,340) d(465) a(167,228) a(279,136) a(165,178) r(409,221) r(178,159)
32; a(457,415) r(15,358) d(143) r(244,246) r(214,120) a(275,19)
33; r(326,248) d(229) d(382) d(187) a(188,281) a(441,226)
34; r(242,344) a(208,200) r(401,400) r(3,52) a(367,367) a(357,284) d(138)
35; d(213) r(214,425) a(325,37) r(130,357) d(22) r(121,136) r(323,406)
36; a(216,228) d(471) a(333,251) r(330,52) d(216) a(377,471) r(199,165) a(470,226)
37; d(416) a(396,192) d(134)
38; d(425) a(333,251) a(385,445) a(184,154) d(396) r(130,357) d(22) d(378) r(174,146)
39; r(242,344) a(208,200) r(401,400) r(466,461) d(2)
40; r(326,248) r(15,358) d(143) r(244,246) a(432,31) r(194,177)
41; a(135,286) d(223) a(162,445) a(333,251) r(330,52) d(216) d(386) a(127,455) r(466,350)
42; a(327,284) a(213,212) d(470) d(110) d(174) d(392)
43; a(327,284) r(397,435) r(328,441) d(394)
44; a(327,284) a(213,212) a(202,149)
45; a(327,284) r(397,435) r(328,441) d(470) d(110) d(174) r(198,173)
46; r(242,344) a(208,200) r(401,400) r(334,337) r(210,113)
47; d(213) r(214,425) a(325,37) r(130,357) d(22) a(210,29) d(338)
48; r(242,344) a(208,200) a(208,200) r(401,400) r(3,52) r(112,214) a(120,192) r(210,159) d(157) r(187,31)
49; d(115) r(250,340) r(15,358) d(143) d(210) a(195,20) r(20,447)
50; a(457,415) d(465) a(167,228) a(279,136) r(165,29) r(3,52) a(367,367) a(432,19) a(422,448)
51; a(457,415) d(465) a(167,228) a(279,136) r(165,29) a(475,468) a(414,448)
52; a(457,415) d(465) a(167,228) a(279,136) r(165,29) a(475,468) d(397)
53; a(457,415) d(465) a(167,228) a(279,136) r(165,29) r(3,52) a(367,367) a(432,19) r(272,374)
54; a(327,284) r(397,435) r(130,357) d(22) r(121,136) a(447,37)
55; d(213) r(214,425) a(325,37) r(328,441) d(470) d(110) d(174) d(455)
56; a(327,284) r(397,435) r(328,441) d(470) d(110) d(174) r(284,274)
57; d(213) r(214,425) a(325,37) r(130,357) d(22) r(121,136) d(212)
--------------------------------------------------------------------------------
Evaluation

0; 0.
1; 0.
2; 0.
3; 0.
4; 0.
5; 0.
6; 0.
7; 0.
8; 0.
9; 0.
10; 0.
11; 0.
12; 0.
13; 0.
14; 0.
15; 0.
16; 0.
17; 0.
18; 0.
19; 0.
20; 0.
21; 0.
22; 0.
23; 0.
24; 0.
25; 0.
26; 0.
27; 0.
28; 0.
29; 0.
30; 0.
31; 0.
32; 0.
33; 0.
34; 0.
35; 0.
36; 0.
37; 0.
38; 0.
39; 0.
40; 0.
41; 0.
42; 0.
43; 0.
44; 0.
45; 0.
46; 0.
47; 0.
48; 0.
49; 0.
50; 0.
51; 0.
52; 0.
53; 0.
54; 0.
55; 0.
56; 0.
57; 0.
================================================================================
Generation 7

--------------------------------------------------------------------------------
Selection

0; 50
1; 8
2; 46
3; 50
4; 51
5; 13
6; 17
7; 8
8; 28
9; 41
10; 39
11; 8
12; 16
13; 19
14; 7
15; 31
16; 10
17; 23
18; 14
19; 45
20; 25
21; 6
22; 8
23; 36
24; 33
25; 13
26; 49
27; 11
28; 56
29; 2
30; 17
31; 22
32; 47
33; 18
34; 17
35; 45
36; 14
37; 2
38; 29
39; 53
--------------------------------------------------------------------------------
Crossover

0; 14; r(326,248) d(229) d(382) d(187) d(213) a(373,192) d(214) a(441,133) d(210) d(165)
1; 8; a(216,228) d(229) d(157) r(382,133) d(248) r(243,133)
2; 10; r(326,248) d(229) d(382) d(187) d(441) a(423,471)
3; 22; d(115) r(250,340) r(15,358) d(143) d(210) r(250,340) r(15,358) d(143) d(210) r(362,346) r(454,350)
4; 17; d(115) r(194,210) r(250,340) r(15,358) d(143) d(210) d(382) a(214,150)
5; 46; r(242,344) a(208,200) r(401,400) r(334,337) r(210,113)
6; 19, 33; a(327,284) r(397,435) r(328,441) d(382) d(187) a(188,281) a(441,226)
7; 19, 33; r(326,248) d(229) d(470) a(212,337) r(281,258) d(210) r(297,289) a(117,330)
8; 19; a(327,284) r(397,435) r(328,441) d(470) a(212,337) r(281,258) d(210) r(297,289) a(117,330)
9; 33; r(326,248) d(229) d(382) d(187) a(188,281) a(441,226)
10; 17; d(115) r(194,210) r(250,340) r(15,358) d(143) d(210) d(382) a(214,150)
11; 2; r(242,344) a(208,200) r(401,400) r(466,461) d(230)
12; 11, 7; a(457,415) r(15,358)
13; 11, 7; r(242,344) a(208,200) a(208,200) r(401,400) r(3,52) r(112,214) a(120,192) r(210,159) d(157) a(380,387) d(143) r(244,246) r(214,120) r(290,185)
14; 11; a(457,415) r(15,358) d(143) r(244,246) r(214,120) r(290,185)
15; 7; r(242,344) a(208,200) a(208,200) r(401,400) r(3,52) r(112,214) a(120,192) r(210,159) d(157) a(380,387)
16; 28, 14; a(327,284) a(279,136) a(165,178) d(382) d(187) d(213) a(373,192) d(214) a(441,133) d(210) d(165)
17; 28, 14; r(326,248) d(229) r(409,221) a(401,398)
18; 28; a(327,284) a(279,136) a(165,178) r(409,221) a(401,398)
19; 14; r(326,248) d(229) d(382) d(187) d(213) a(373,192) d(214) a(441,133) d(210) d(165)
20; 6, 49; a(216,228) d(471) r(112,214) r(20,447)
21; 6, 49; d(115) r(250,340) r(15,358) d(143) d(210) a(195,20) a(120,192) r(325,228) a(188,303) d(359)
22; 6; a(216,228) d(471) r(112,214) a(120,192) r(325,228) a(188,303) d(359)
23; 49; d(115) r(250,340) r(15,358) d(143) d(210) a(195,20) r(20,447)
24; 56; a(327,284) r(397,435) r(328,441) d(470) d(110) d(174) r(284,274)
25; 2; r(242,344) a(208,200) r(401,400) r(466,461) d(230)
26; 41, 29; a(135,286) d(223) a(162,445) a(333,251) d(465) a(167,228) r(397,435) r(328,441) d(470) d(110) a(451,461) r(172,192)
27; 41, 29; d(115) r(194,210) r(250,340) r(330,52) d(216) d(386) a(127,455) r(466,350)
28; 41; a(135,286) d(223) a(162,445) a(333,251) r(330,52) d(216) d(386) a(127,455) r(466,350)
29; 29; d(115) r(194,210) r(250,340) d(465) a(167,228) r(397,435) r(328,441) d(470) d(110) a(451,461) r(172,192)
30; 8; a(216,228) d(229) d(157) r(382,133) d(248) r(243,133)
31; 50; a(457,415) d(465) a(167,228) a(279,136) r(165,29) r(3,52) a(367,367) a(432,19) a(422,448)
32; 16, 13; a(327,284) a(441,133) d(210) r(463,29)
33; 16, 13; a(327,284) a(373,192) d(214) a(213,212) r(121,9)
34; 16; a(327,284) a(213,212) r(121,9)
35; 13; a(327,284) a(373,192) d(214) a(441,133) d(210) r(463,29)
36; 51; a(457,415) d(465) a(167,228) a(279,136) r(165,29) a(475,468) a(414,448)
37; 25; a(216,228) r(194,210) r(250,340) r(15,358) d(143) d(210) r(362,346) d(238)
38; 50; a(457,415) d(465) a(167,228) a(279,136) r(165,29) r(3,52) a(367,367) a(432,19) a(422,448)
39; 8; a(216,228) d(229) d(157) r(382,133) d(248) r(243,133)
40; 45, 53; a(327,284) r(397,435) r(328,441) d(470) d(110) d(174) r(198,173) r(272,374)
41; 45, 53; a(457,415) d(465) a(167,228) a(279,136) r(165,29) r(3,52) a(367,367) a(432,19)
42; 45; a(327,284) r(397,435) r(328,441) d(470) d(110) d(174) r(198,173)
43; 53; a(457,415) d(465) a(167,228) a(279,136) r(165,29) r(3,52) a(367,367) a(432,19) r(272,374)
44; 17, 47; d(115) r(194,210) r(250,340) r(15,358) d(143) d(210) d(382) r(130,357) d(22) a(210,29) d(338)
45; 17, 47; d(213) r(214,425) a(325,37) a(214,150)
46; 17; d(115) r(194,210) r(250,340) r(15,358) d(143) d(210) d(382) a(214,150)
47; 47; d(213) r(214,425) a(325,37) r(130,357) d(22) a(210,29) d(338)
48; 45, 23; a(327,284) r(397,435) r(328,441) d(470) d(110) d(174) r(198,173)
49; 45, 23; a(216,228) r(194,210) a(195,20) d(213)
50; 45; a(327,284) r(397,435) r(328,441) d(470) d(110) d(174) r(198,173)
51; 23; a(216,228) r(194,210) a(195,20) d(213)
52; 18, 39; d(115) r(194,210) r(401,400) r(466,461) d(2)
53; 18, 39; r(242,344) a(208,200) r(250,340) r(15,358) d(143) a(326,113)
54; 18; d(115) r(194,210) r(250,340) r(15,358) d(143) a(326,113)
55; 39; r(242,344) a(208,200) r(401,400) r(466,461) d(2)
56; 13, 8; a(327,284) a(373,192) d(214) r(382,133) d(248) r(243,133)
57; 13, 8; a(216,228) d(229) d(157) a(441,133) d(210) r(463,29)
58; 13; a(327,284) a(373,192) d(214) a(441,133) d(210) r(463,29)
59; 8; a(216,228) d(229) d(157) r(382,133) d(248) r(243,133)
60; 31; d(115) r(194,210) r(250,340) d(465) a(167,228) a(279,136) a(165,178) r(409,221) r(178,159)
61; 36; a(216,228) d(471) a(333,251) r(330,52) d(216) a(377,471) r(199,165) a(470,226)
--------------------------------------------------------------------------------
Mutation

0; r(326,248) d(229) d(382) d(187) d(213) a(373,192) d(214) a(441,133) d(210) d(165) r(341,274)
1; a(216,228) d(229) d(157) r(382,133) d(248) r(243,133) a(214,150)
2; r(326,248) d(229) d(382) d(187) d(441) a(423,471) d(195)
3; d(115) r(250,340) r(15,358) d(143) d(210) r(250,340) r(15,358) d(143) d(210) r(362,346) r(454,350) r(415,52)
4; d(115) r(194,210) r(250,340) r(15,358) d(143) d(210) d(382) a(214,150) d(367)
5; r(242,344) a(208,200) r(401,400) r(334,337) r(210,113) a(214,150)
6; a(327,284) r(397,435) r(328,441) d(382) d(187) a(188,281) a(441,226) d(428)
7; r(326,248) d(229) d(470) a(212,337) r(281,258) d(210) r(297,289) a(117,330) r(280,400)
8; a(327,284) r(397,435) r(328,441) d(470) a(212,337) r(281,258) d(210) r(297,289) a(117,330) d(371)
9; r(326,248) d(229) d(382) d(187) a(188,281) a(441,226) r(199,274)
10; d(115) r(194,210) r(250,340) r(15,358) d(143) d(210) d(382) a(214,150) r(113,154)
11; r(242,344) a(208,200) r(401,400) r(466,461) d(230) r(253,291)
12; a(457,415) r(15,358) a(210,212)
13; r(242,344) a(208,200) a(208,200) r(401,400) r(3,52) r(112,214) a(120,192) r(210,159) d(157) a(380,387) d(143) r(244,246) r(214,120) r(290,185) a(212,303)
14; a(457,415) r(15,358) d(143) r(244,246) r(214,120) r(290,185) r(463,294)
15; r(242,344) a(208,200) a(208,200) r(401,400) r(3,52) r(112,214) a(120,192) r(210,159) d(157) a(380,387) d(387)
16; a(327,284) a(279,136) a(165,178) d(382) d(187) d(213) a(373,192) d(214) a(441,133) d(210) d(165) d(24)
17; r(326,248) d(229) r(409,221) a(401,398) r(433,435)
18; a(327,284) a(279,136) a(165,178) r(409,221) a(401,398) r(210,208)
19; r(326,248) d(229) d(382) d(187) d(213) a(373,192) d(214) a(441,133) d(210) d(165) r(25,462)
20; a(216,228) d(471) r(112,214) r(20,447) d(230)
21; d(115) r(250,340) r(15,358) d(143) d(210) a(195,20) a(120,192) r(325,228) a(188,303) d(359) a(213,281)
22; a(216,228) d(471) r(112,214) a(120,192) r(325,228) a(188,303) d(359) r(132,446)
23; d(115) r(250,340) r(15,358) d(143) d(210) a(195,20) r(20,447) r(251,243)
24; a(327,284) r(397,435) r(328,441) d(470) d(110) d(174) r(284,274) a(299,352)
25; r(242,344) a(208,200) r(401,400) r(466,461) d(230) a(406,214)
26; a(135,286) d(223) a(162,445) a(333,251) d(465) a(167,228) r(397,435) r(328,441) d(470) d(110) a(451,461) r(172,192) d(435)
27; d(115) r(194,210) r(250,340) r(330,52) d(216) d(386) a(127,455) r(466,350) a(193,200)
28; a(135,286) d(223) a(162,445) a(333,251) r(330,52) d(216) d(386) a(127,455) r(466,350) r(162,447)
29; d(115) r(194,210) r(250,340) d(465) a(167,228) r(397,435) r(328,441) d(470) d(110) a(451,461) r(172,192) r(390,214)
30; a(216,228) d(229) d(157) r(382,133) d(248) r(243,133) r(184,357)
31; a(457,415) d(465) a(167,228) a(279,136) r(165,29) r(3,52) a(367,367) a(432,19) a(422,448) d(247)
32; a(327,284) a(441,133) d(210) r(463,29) r(418,402)
33; a(327,284) a(373,192) d(214) a(213,212) r(121,9) a(136,20)
34; a(327,284) a(213,212) r(121,9) r(148,164)
35; a(327,284) a(373,192) d(214) a(441,133) d(210) r(463,29) a(447,447)
36; a(457,415) d(465) a(167,228) a(279,136) r(165,29) a(475,468) a(414,448) r(158,434)
37; a(216,228) r(194,210) r(250,340) r(15,358) d(143) d(210) r(362,346) d(238) a(193,165)
38; a(457,415) d(465) a(167,228) a(279,136) r(165,29) r(3,52) a(367,367) a(432,19) a(422,448) d(138)
39; a(216,228) d(229) d(157) r(382,133) d(248) r(243,133) a(301,448)
40; a(327,284) r(397,435) r(328,441) d(470) d(110) d(174) r(198,173) r(272,374) d(257)
41; a(457,415) d(465) a(167,228) a(279,136) r(165,29) r(3,52) a(367,367) a(432,19) d(436)
42; a(327,284) r(397,435) r(328,441) d(470) d(110) d(174) r(198,173) a(344,276)
43; a(457,415) d(465) a(167,228) a(279,136) r(165,29) r(3,52) a(367,367) a(432,19) r(272,374) d(416)
44; d(115) r(194,210) r(250,340) r(15,358) d(143) d(210) d(382) r(130,357) d(22) a(210,29) d(338) r(221,219)
45; d(213) r(214,425) a(325,37) a(214,150) d(455)
46; d(115) r(194,210) r(250,340) r(15,358) d(143) d(210) d(382) a(214,150) r(462,2)
47; d(213) r(214,425) a(325,37) r(130,357) d(22) a(210,29) d(338) a(448,273)
48; a(327,284) r(397,435) r(328,441) d(470) d(110) d(174) r(198,173) a(327,330)
49; a(216,228) r(194,210) a(195,20) d(213) a(1,38)
50; a(327,284) r(397,435) r(328,441) d(470) d(110) d(174) r(198,173) d(149)
51; a(216,228) r(194,210) a(195,20) d(213) d(469)
52; d(115) r(194,210) r(401,400) r(466,461) d(2) r(212,120)
53; r(242,344) a(208,200) r(250,340) r(15,358) d(143) a(326,113) d(188)
54; d(115) r(194,210) r(250,340) r(15,358) d(143) a(326,113) a(150,158)
55; r(242,344) a(208,200) r(401,400) r(466,461) d(2) r(213,172)
56; a(327,284) a(373,192) d(214) r(382,133) d(248) r(243,133) d(153)
57; a(216,228) d(229) d(157) a(441,133) d(210) r(463,29) d(460)
58; a(327,284) a(373,192) d(214) a(441,133) d(210) r(463,29) d(24)
59; a(216,228) d(229) d(157) r(382,133) d(248) r(243,133) r(213,152)
60; d(115) r(194,210) r(250,340) d(465) a(167,228) a(279,136) a(165,178) r(409,221) r(178,159) d(2)
61; a(216,228) d(471) a(333,251) r(330,52) d(216) a(377,471) r(199,165) a(470,226) d(24)
--------------------------------------------------------------------------------
Evaluation

0; 0.
1; 0.
2; 0.
3; 0.
4; 0.
5; 0.
6; 0.
7; 0.
8; 0.
9; 0.
10; 0.
11; 0.
12; 5.
13; 0.
14; 0.
15; 0.
16; 0.
17; 0.
18; 0.
19; 0.
20; 0.
21; 0.
22; 0.
23; 0.
24; 0.
25; 0.
26; 0.
27; 0.
28; 0.
29; 0.
30; 0.
31; 0.
32; 0.
33; 0.
34; 0.
35; 0.
36; 0.
37; 0.
38; 0.
39; 0.
40; 0.
41; 0.
42; 0.
43; 0.
44; 0.
45; 5.
46; 0.
47; 0.
48; 0.
49; 0.
50; 0.
51; 0.
52; 0.
53; 0.
54; 0.
55; 0.
56; 0.
57; 0.
58; 0.
59; 0.
60; 0.
61; 0.
================================================================================
Generation 8

--------------------------------------------------------------------------------
Selection

0; 17
1; 14
2; 30
3; 42
4; 58
5; 18
6; 32
7; 42
8; 52
9; 50
10; 18
11; 55
12; 22
13; 42
14; 33
15; 16
16; 57
17; 36
18; 50
19; 24
20; 13
21; 29
22; 54
23; 0
24; 5
25; 32
26; 22
27; 58
28; 4
29; 56
30; 20
31; 55
32; 38
33; 59
34; 40
35; 38
36; 47
37; 31
38; 54
39; 22
--------------------------------------------------------------------------------
Crossover

0; 16, 57; a(327,284) a(279,136) a(165,178) d(382) d(187) d(229) d(157) a(441,133) d(210) r(463,29) d(460)
1; 16, 57; a(216,228) d(213) a(373,192) d(214) a(441,133) d(210) d(165) d(24)
2; 16; a(327,284) a(279,136) a(165,178) d(382) d(187) d(213) a(373,192) d(214) a(441,133) d(210) d(165) d(24)
3; 57; a(216,228) d(229) d(157) a(441,133) d(210) r(463,29) d(460)
4; 22; a(216,228) d(471) r(112,214) a(120,192) r(325,228) a(188,303) d(359) r(132,446)
5; 24; a(327,284) r(397,435) r(328,441) d(470) d(110) d(174) r(284,274) a(299,352)
6; 36, 17; a(457,415) d(465)
7; 36, 17; r(326,248) d(229) r(409,221) a(401,398) r(433,435) a(167,228) a(279,136) r(165,29) a(475,468) a(414,448) r(158,434)
8; 36; a(457,415) d(465) a(167,228) a(279,136) r(165,29) a(475,468) a(414,448) r(158,434)
9; 17; r(326,248) d(229) r(409,221) a(401,398) r(433,435)
10; 18; a(327,284) a(279,136) a(165,178) r(409,221) a(401,398) r(210,208)
11; 47; d(213) r(214,425) a(325,37) r(130,357) d(22) a(210,29) d(338) a(448,273)
12; 59; a(216,228) d(229) d(157) r(382,133) d(248) r(243,133) r(213,152)
13; 5; r(242,344) a(208,200) r(401,400) r(334,337) r(210,113) a(214,150)
14; 55, 18; r(242,344) a(208,200) r(401,400) r(466,461)
15; 55, 18; a(327,284) a(279,136) a(165,178) r(409,221) a(401,398) r(210,208) d(2) r(213,172)
16; 55; r(242,344) a(208,200) r(401,400) r(466,461) d(2) r(213,172)
17; 18; a(327,284) a(279,136) a(165,178) r(409,221) a(401,398) r(210,208)
18; 22; a(216,228) d(471) r(112,214) a(120,192) r(325,228) a(188,303) d(359) r(132,446)
19; 55; r(242,344) a(208,200) r(401,400) r(466,461) d(2) r(213,172)
20; 4; d(115) r(194,210) r(250,340) r(15,358) d(143) d(210) d(382) a(214,150) d(367)
21; 14; a(457,415) r(15,358) d(143) r(244,246) r(214,120) r(290,185) r(463,294)
22; 29, 58; d(115) r(194,210) r(250,340) d(24)
23; 29, 58; a(327,284) a(373,192) d(214) a(441,133) d(210) r(463,29) d(465) a(167,228) r(397,435) r(328,441) d(470) d(110) a(451,461) r(172,192) r(390,214)
24; 29; d(115) r(194,210) r(250,340) d(465) a(167,228) r(397,435) r(328,441) d(470) d(110) a(451,461) r(172,192) r(390,214)
25; 58; a(327,284) a(373,192) d(214) a(441,133) d(210) r(463,29) d(24)
26; 50, 40; a(327,284) r(397,435) r(397,435) r(328,441) d(470) d(110) d(174) r(198,173) r(272,374) d(257)
27; 50, 40; a(327,284) r(328,441) d(470) d(110) d(174) r(198,173) d(149)
28; 50; a(327,284) r(397,435) r(328,441) d(470) d(110) d(174) r(198,173) d(149)
29; 40; a(327,284) r(397,435) r(328,441) d(470) d(110) d(174) r(198,173) r(272,374) d(257)
30; 32, 13; a(327,284) a(441,133) d(210) a(208,200) r(401,400) r(3,52) r(112,214) a(120,192) r(210,159) d(157) a(380,387) d(143) r(244,246) r(214,120) r(290,185) a(212,303)
31; 32, 13; r(242,344) a(208,200) r(463,29) r(418,402)
32; 32; a(327,284) a(441,133) d(210) r(463,29) r(418,402)
33; 13; r(242,344) a(208,200) a(208,200) r(401,400) r(3,52) r(112,214) a(120,192) r(210,159) d(157) a(380,387) d(143) r(244,246) r(214,120) r(290,185) a(212,303)
34; 30, 42; a(216,228) r(198,173) a(344,276)
35; 30, 42; a(327,284) r(397,435) r(328,441) d(470) d(110) d(174) d(229) d(157) r(382,133) d(248) r(243,133) r(184,357)
36; 30; a(216,228) d(229) d(157) r(382,133) d(248) r(243,133) r(184,357)
37; 42; a(327,284) r(397,435) r(328,441) d(470) d(110) d(174) r(198,173) a(344,276)
38; 22; a(216,228) d(471) r(112,214) a(120,192) r(325,228) a(188,303) d(359) r(132,446)
39; 38; a(457,415) d(465) a(167,228) a(279,136) r(165,29) r(3,52) a(367,367) a(432,19) a(422,448) d(138)
40; 42, 31; a(327,284) r(397,435) r(328,441) a(167,228) a(279,136) r(165,29) r(3,52) a(367,367) a(432,19) a(422,448) d(247)
41; 42, 31; a(457,415) d(465) d(470) d(110) d(174) r(198,173) a(344,276)
42; 42; a(327,284) r(397,435) r(328,441) d(470) d(110) d(174) r(198,173) a(344,276)
43; 31; a(457,415) d(465) a(167,228) a(279,136) r(165,29) r(3,52) a(367,367) a(432,19) a(422,448) d(247)
44; 20; a(216,228) d(471) r(112,214) r(20,447) d(230)
45; 56; a(327,284) a(373,192) d(214) r(382,133) d(248) r(243,133) d(153)
46; 33; a(327,284) a(373,192) d(214) a(213,212) r(121,9) a(136,20)
47; 42; a(327,284) r(397,435) r(328,441) d(470) d(110) d(174) r(198,173) a(344,276)
48; 38, 50; a(457,415) d(465) a(167,228) a(279,136) r(198,173) d(149)
49; 38, 50; a(327,284) r(397,435) r(328,441) d(470) d(110) d(174) r(165,29) r(3,52) a(367,367) a(432,19) a(422,448) d(138)
50; 38; a(457,415) d(465) a(167,228) a(279,136) r(165,29) r(3,52) a(367,367) a(432,19) a(422,448) d(138)
51; 50; a(327,284) r(397,435) r(328,441) d(470) d(110) d(174) r(198,173) d(149)
52; 0; r(326,248) d(229) d(382) d(187) d(213) a(373,192) d(214) a(441,133) d(210) d(165) r(341,274)
53; 54; d(115) r(194,210) r(250,340) r(15,358) d(143) a(326,113) a(150,158)
54; 52; d(115) r(194,210) r(401,400) r(466,461) d(2) r(212,120)
55; 32; a(327,284) a(441,133) d(210) r(463,29) r(418,402)
56; 54; d(115) r(194,210) r(250,340) r(15,358) d(143) a(326,113) a(150,158)
57; 58; a(327,284) a(373,192) d(214) a(441,133) d(210) r(463,29) d(24)
--------------------------------------------------------------------------------
Mutation

0; a(327,284) a(279,136) a(165,178) d(382) d(187) d(229) d(157) a(441,133) d(210) r(463,29) d(460) d(335)
1; a(216,228) d(213) a(373,192) d(214) a(441,133) d(210) d(165) d(24) a(368,21)
2; a(327,284) a(279,136) a(165,178) d(382) d(187) d(213) a(373,192) d(214) a(441,133) d(210) d(165) d(24) d(127)
3; a(216,228) d(229) d(157) a(441,133) d(210) r(463,29) d(460) a(214,207)
4; a(216,228) d(471) r(112,214) a(120,192) r(325,228) a(188,303) d(359) r(132,446) d(414)
5; a(327,284) r(397,435) r(328,441) d(470) d(110) d(174) r(284,274) a(299,352) a(412,330)
6; a(457,415) d(465) d(333)
7; r(326,248) d(229) r(409,221) a(401,398) r(433,435) a(167,228) a(279,136) r(165,29) a(475,468) a(414,448) r(158,434) r(188,174)
8; a(457,415) d(465) a(167,228) a(279,136) r(165,29) a(475,468) a(414,448) r(158,434) a(136,21)
9; r(326,248) d(229) r(409,221) a(401,398) r(433,435) r(367,330)
10; a(327,284) a(279,136) a(165,178) r(409,221) a(401,398) r(210,208) a(442,202)
11; d(213) r(214,425) a(325,37) r(130,357) d(22) a(210,29) d(338) a(448,273) d(194)
12; a(216,228) d(229) d(157) r(382,133) d(248) r(243,133) r(213,152) r(118,323)
13; r(242,344) a(208,200) r(401,400) r(334,337) r(210,113) a(214,150) d(214)
14; r(242,344) a(208,200) r(401,400) r(466,461) d(212)
15; a(327,284) a(279,136) a(165,178) r(409,221) a(401,398) r(210,208) d(2) r(213,172) d(198)
16; r(242,344) a(208,200) r(401,400) r(466,461) d(2) r(213,172) a(171,393)
17; a(327,284) a(279,136) a(165,178) r(409,221) a(401,398) r(210,208) a(356,331)
18; a(216,228) d(471) r(112,214) a(120,192) r(325,228) a(188,303) d(359) r(132,446) r(385,379)
19; r(242,344) a(208,200) r(401,400) r(466,461) d(2) r(213,172) a(326,356)
20; d(115) r(194,210) r(250,340) r(15,358) d(143) d(210) d(382) a(214,150) d(367) a(187,1)
21; a(457,415) r(15,358) d(143) r(244,246) r(214,120) r(290,185) r(463,294) a(175,192)
22; d(115) r(194,210) r(250,340) d(24) a(215,185)
23; a(327,284) a(373,192) d(214) a(441,133) d(210) r(463,29) d(465) a(167,228) r(397,435) r(328,441) d(470) d(110) a(451,461) r(172,192) r(390,214) d(403)
24; d(115) r(194,210) r(250,340) d(465) a(167,228) r(397,435) r(328,441) d(470) d(110) a(451,461) r(172,192) r(390,214) d(13)
25; a(327,284) a(373,192) d(214) a(441,133) d(210) r(463,29) d(24) a(220,172)
26; a(327,284) r(397,435) r(397,435) r(328,441) d(470) d(110) d(174) r(198,173) r(272,374) d(257) a(355,227)
27; a(327,284) r(328,441) d(470) d(110) d(174) r(198,173) d(149) r(131,303)
28; a(327,284) r(397,435) r(328,441) d(470) d(110) d(174) r(198,173) d(149) r(214,183)
29; a(327,284) r(397,435) r(328,441) d(470) d(110) d(174) r(198,173) r(272,374) d(257) a(117,37)
30; a(327,284) a(441,133) d(210) a(208,200) r(401,400) r(3,52) r(112,214) a(120,192) r(210,159) d(157) a(380,387) d(143) r(244,246) r(214,120) r(290,185) a(212,303) a(386,178)
31; r(242,344) a(208,200) r(463,29) r(418,402) d(343)
32; a(327,284) a(441,133) d(210) r(463,29) r(418,402) a(279,455)
33; r(242,344) a(208,200) a(208,200) r(401,400) r(3,52) r(112,214) a(120,192) r(210,159) d(157) a(380,387) d(143) r(244,246) r(214,120) r(290,185) a(212,303) d(379)
34; a(216,228) r(198,173) a(344,276) a(404,2)
35; a(327,284) r(397,435) r(328,441) d(470) d(110) d(174) d(229) d(157) r(382,133) d(248) r(243,133) r(184,357) a(304,331)
36; a(216,228) d(229) d(157) r(382,133) d(248) r(243,133) r(184,357) d(224)
37; a(327,284) r(397,435) r(328,441) d(470) d(110) d(174) r(198,173) a(344,276) d(221)
38; a(216,228) d(471) r(112,214) a(120,192) r(325,228) a(188,303) d(359) r(132,446) d(232)
39; a(457,415) d(465) a(167,228) a(279,136) r(165,29) r(3,52) a(367,367) a(432,19) a(422,448) d(138) a(207,171)
40; a(327,284) r(397,435) r(328,441) a(167,228) a(279,136) r(165,29) r(3,52) a(367,367) a(432,19) a(422,448) d(247) r(148,415)
41; a(457,415) d(465) d(470) d(110) d(174) r(198,173) a(344,276) a(214,148)
42; a(327,284) r(397,435) r(328,441) d(470) d(110) d(174) r(198,173) a(344,276) r(127,289)
43; a(457,415) d(465) a(167,228) a(279,136) r(165,29) r(3,52) a(367,367) a(432,19) a(422,448) d(247) a(400,303)
44; a(216,228) d(471) r(112,214) r(20,447) d(230) r(165,228)
45; a(327,284) a(373,192) d(214) r(382,133) d(248) r(243,133) d(153) a(289,245)
46; a(327,284) a(373,192) d(214) a(213,212) r(121,9) a(136,20) r(355,154)
47; a(327,284) r(397,435) r(328,441) d(470) d(110) d(174) r(198,173) a(344,276) d(388)
48; a(457,415) d(465) a(167,228) a(279,136) r(198,173) d(149) r(401,19)
49; a(327,284) r(397,435) r(328,441) d(470) d(110) d(174) r(165,29) r(3,52) a(367,367) a(432,19) a(422,448) d(138) d(441)
50; a(457,415) d(465) a(167,228) a(279,136) r(165,29) r(3,52) a(367,367) a(432,19) a(422,448) d(138) d(195)
51; a(327,284) r(397,435) r(328,441) d(470) d(110) d(174) r(198,173) d(149) a(147,188)
52; r(326,248) d(229) d(382) d(187) d(213) a(373,192) d(214) a(441,133) d(210) d(165) r(341,274) r(466,226)
53; d(115) r(194,210) r(250,340) r(15,358) d(143) a(326,113) a(150,158) r(174,182)
54; d(115) r(194,210) r(401,400) r(466,461) d(2) r(212,120) d(228)
55; a(327,284) a(441,133) d(210) r(463,29) r(418,402) d(394)
56; d(115) r(194,210) r(250,340) r(15,358) d(143) a(326,113) a(150,158) r(249,300)
57; a(327,284) a(373,192) d(214) a(441,133) d(210) r(463,29) d(24) d(280)
--------------------------------------------------------------------------------
Evaluation

0; 0.
1; 0.
2; 0.
3; 0.
4; 0.
5; 0.
6; 0.
7; 0.
8; 0.
9; 0.
10; 0.
11; 0.
12; 0.
13; 0.
14; 0.
15; 0.
16; 0.
17; 0.
18; 0.
19; 0.
20; 0.
21; 0.
22; 0.
23; 0.
24; 0.
25; 0.
26; 0.
27; 0.
28; 0.
29; 0.
30; 0.
31; 0.
32; 0.
33; 0.
34; 0.
35; 0.
36; 0.
37; 0.
38; 0.
39; 0.
40; 0.
41; 0.
42; 0.
43; 0.
44; 0.
45; 0.
46; 0.
47; 0.
48; 0.
49; 0.
50; 0.
51; 0.
52; 0.
53; 0.
54; 0.
55; 0.
56; 0.
57; 0.
================================================================================
Generation 9

--------------------------------------------------------------------------------
Selection

0; 26
1; 16
2; 52
3; 56
4; 33
5; 28
6; 5
7; 3
8; 46
9; 47
10; 43
11; 46
12; 48
13; 48
14; 32
15; 34
16; 9
17; 26
18; 11
19; 46
20; 40
21; 19
22; 30
23; 12
24; 20
25; 11
26; 23
27; 7
28; 36
29; 35
30; 25
31; 55
32; 37
33; 28
34; 50
35; 31
36; 36
37; 53
38; 52
39; 2
--------------------------------------------------------------------------------
Crossover

0; 9; r(326,248) d(229) r(409,221) a(401,398) r(433,435) r(367,330)
1; 46; a(327,284) a(373,192) d(214) a(213,212) r(121,9) a(136,20) r(355,154)
2; 50, 16; a(457,415) d(465) a(208,200) r(401,400) r(466,461) d(2) r(213,172) a(171,393)
3; 50, 16; r(242,344) a(167,228) a(279,136) r(165,29) r(3,52) a(367,367) a(432,19) a(422,448) d(138) d(195)
4; 50; a(457,415) d(465) a(167,228) a(279,136) r(165,29) r(3,52) a(367,367) a(432,19) a(422,448) d(138) d(195)
5; 16; r(242,344) a(208,200) r(401,400) r(466,461) d(2) r(213,172) a(171,393)
6; 7, 35; r(326,248) d(229) r(409,221) a(401,398) r(328,441) d(470) d(110) d(174) d(229) d(157) r(382,133) d(248) r(243,133) r(184,357) a(304,331)
7; 7, 35; a(327,284) r(397,435) r(433,435) a(167,228) a(279,136) r(165,29) a(475,468) a(414,448) r(158,434) r(188,174)
8; 7; r(326,248) d(229) r(409,221) a(401,398) r(433,435) a(167,228) a(279,136) r(165,29) a(475,468) a(414,448) r(158,434) r(188,174)
9; 35; a(327,284) r(397,435) r(328,441) d(470) d(110) d(174) d(229) d(157) r(382,133) d(248) r(243,133) r(184,357) a(304,331)
10; 52, 36; r(326,248) d(229) d(382) d(187) d(213) a(373,192) d(214) a(441,133) d(210) d(165) r(341,274) r(382,133) d(248) r(243,133) r(184,357) d(224)
11; 52, 36; a(216,228) d(229) d(157) r(466,226)
12; 52; r(326,248) d(229) d(382) d(187) d(213) a(373,192) d(214) a(441,133) d(210) d(165) r(341,274) r(466,226)
13; 36; a(216,228) d(229) d(157) r(382,133) d(248) r(243,133) r(184,357) d(224)
14; 33, 28; r(242,344) a(208,200) a(208,200) r(401,400) r(3,52) r(328,441) d(470) d(110) d(174) r(198,173) d(149) r(214,183)
15; 33, 28; a(327,284) r(397,435) r(112,214) a(120,192) r(210,159) d(157) a(380,387) d(143) r(244,246) r(214,120) r(290,185) a(212,303) d(379)
16; 33; r(242,344) a(208,200) a(208,200) r(401,400) r(3,52) r(112,214) a(120,192) r(210,159) d(157) a(380,387) d(143) r(244,246) r(214,120) r(290,185) a(212,303) d(379)
17; 28; a(327,284) r(397,435) r(328,441) d(470) d(110) d(174) r(198,173) d(149) r(214,183)
18; 25; a(327,284) a(373,192) d(214) a(441,133) d(210) r(463,29) d(24) a(220,172)
19; 11; d(213) r(214,425) a(325,37) r(130,357) d(22) a(210,29) d(338) a(448,273) d(194)
20; 3; a(216,228) d(229) d(157) a(441,133) d(210) r(463,29) d(460) a(214,207)
21; 26; a(327,284) r(397,435) r(397,435) r(328,441) d(470) d(110) d(174) r(198,173) r(272,374) d(257) a(355,227)
22; 47; a(327,284) r(397,435) r(328,441) d(470) d(110) d(174) r(198,173) a(344,276) d(388)
23; 2; a(327,284) a(279,136) a(165,178) d(382) d(187) d(213) a(373,192) d(214) a(441,133) d(210) d(165) d(24) d(127)
24; 36, 31; a(216,228) d(229) d(157) r(382,133) d(248) r(463,29) r(418,402) d(343)
25; 36, 31; r(242,344) a(208,200) r(243,133) r(184,357) d(224)
26; 36; a(216,228) d(229) d(157) r(382,133) d(248) r(243,133) r(184,357) d(224)
27; 31; r(242,344) a(208,200) r(463,29) r(418,402) d(343)
28; 52; r(326,248) d(229) d(382) d(187) d(213) a(373,192) d(214) a(441,133) d(210) d(165) r(341,274) r(466,226)
29; 23; a(327,284) a(373,192) d(214) a(441,133) d(210) r(463,29) d(465) a(167,228) r(397,435) r(328,441) d(470) d(110) a(451,461) r(172,192) r(390,214) d(403)
30; 53, 40; d(115) r(194,210) r(250,340) r(15,358) d(143) a(326,113) a(150,158) a(367,367) a(432,19) a(422,448) d(247) r(148,415)
31; 53, 40; a(327,284) r(397,435) r(328,441) a(167,228) a(279,136) r(165,29) r(3,52) r(174,182)
32; 53; d(115) r(194,210) r(250,340) r(15,358) d(143) a(326,113) a(150,158) r(174,182)
33; 40; a(327,284) r(397,435) r(328,441) a(167,228) a(279,136) r(165,29) r(3,52) a(367,367) a(432,19) a(422,448) d(247) r(148,415)
34; 30, 43; a(327,284) a(441,133) d(210) a(208,200) r(3,52) a(367,367) a(432,19) a(422,448) d(247) a(400,303)
35; 30, 43; a(457,415) d(465) a(167,228) a(279,136) r(165,29) r(401,400) r(3,52) r(112,214) a(120,192) r(210,159) d(157) a(380,387) d(143) r(244,246) r(214,120) r(290,185) a(212,303) a(386,178)
36; 30; a(327,284) a(441,133) d(210) a(208,200) r(401,400) r(3,52) r(112,214) a(120,192) r(210,159) d(157) a(380,387) d(143) r(244,246) r(214,120) r(290,185) a(212,303) a(386,178)
37; 43; a(457,415) d(465) a(167,228) a(279,136) r(165,29) r(3,52) a(367,367) a(432,19) a(422,448) d(247) a(400,303)
38; 19, 32; r(242,344) a(208,200) a(279,455)
39; 19, 32; a(327,284) a(441,133) d(210) r(463,29) r(418,402) r(401,400) r(466,461) d(2) r(213,172) a(326,356)
40; 19; r(242,344) a(208,200) r(401,400) r(466,461) d(2) r(213,172) a(326,356)
41; 32; a(327,284) a(441,133) d(210) r(463,29) r(418,402) a(279,455)
42; 48; a(457,415) d(465) a(167,228) a(279,136) r(198,173) d(149) r(401,19)
43; 20; d(115) r(194,210) r(250,340) r(15,358) d(143) d(210) d(382) a(214,150) d(367) a(187,1)
44; 26; a(327,284) r(397,435) r(397,435) r(328,441) d(470) d(110) d(174) r(198,173) r(272,374) d(257) a(355,227)
45; 55; a(327,284) a(441,133) d(210) r(463,29) r(418,402) d(394)
46; 11; d(213) r(214,425) a(325,37) r(130,357) d(22) a(210,29) d(338) a(448,273) d(194)
47; 46; a(327,284) a(373,192) d(214) a(213,212) r(121,9) a(136,20) r(355,154)
48; 34, 48; a(216,228) r(198,173) a(344,276)
49; 34, 48; a(457,415) d(465) a(167,228) a(279,136) r(198,173) d(149) r(401,19) a(404,2)
50; 34; a(216,228) r(198,173) a(344,276) a(404,2)
51; 48; a(457,415) d(465) a(167,228) a(279,136) r(198,173) d(149) r(401,19)
52; 12, 56; a(216,228) d(229) d(157) r(382,133) a(150,158) r(249,300)
53; 12, 56; d(115) r(194,210) r(250,340) r(15,358) d(143) a(326,113) d(248) r(243,133) r(213,152) r(118,323)
54; 12; a(216,228) d(229) d(157) r(382,133) d(248) r(243,133) r(213,152) r(118,323)
55; 56; d(115) r(194,210) r(250,340) r(15,358) d(143) a(326,113) a(150,158) r(249,300)
56; 46, 5; a(327,284) a(373,192) r(284,274) a(299,352) a(412,330)
57; 46, 5; a(327,284) r(397,435) r(328,441) d(470) d(110) d(174) d(214) a(213,212) r(121,9) a(136,20) r(355,154)
58; 46; a(327,284) a(373,192) d(214) a(213,212) r(121,9) a(136,20) r(355,154)
59; 5; a(327,284) r(397,435) r(328,441) d(470) d(110) d(174) r(284,274) a(299,352) a(412,330)
60; 37, 28; a(327,284) r(397,435) r(328,441) d(470)
61; 37, 28; a(327,284) r(397,435) r(328,441) d(470) d(110) d(174) r(198,173) d(149) r(214,183) d(110) d(174) r(198,173) a(344,276) d(221)
62; 37; a(327,284) r(397,435) r(328,441) d(470) d(110) d(174) r(198,173) a(344,276) d(221)
63; 28; a(327,284) r(397,435) r(328,441) d(470) d(110) d(174) r(198,173) d(149) r(214,183)
--------------------------------------------------------------------------------
Mutation

0; r(326,248) d(229) r(409,221) a(401,398) r(433,435) r(367,330) a(398,417)
1; a(327,284) a(373,192) d(214) a(213,212) r(121,9) a(136,20) r(355,154) r(115,444)
2; a(457,415) d(465) a(208,200) r(401,400) r(466,461) d(2) r(213,172) a(171,393) a(462,136)
3; r(242,344) a(167,228) a(279,136) r(165,29) r(3,52) a(367,367) a(432,19) a(422,448) d(138) d(195) a(326,244)
4; a(457,415) d(465) a(167,228) a(279,136) r(165,29) r(3,52) a(367,367) a(432,19) a(422,448) d(138) d(195) r(128,303)
5; r(242,344) a(208,200) r(401,400) r(466,461) d(2) r(213,172) a(171,393) d(344)
6; r(326,248) d(229) r(409,221) a(401,398) r(328,441) d(470) d(110) d(174) d(229) d(157) r(382,133) d(248) r(243,133) r(184,357) a(304,331) d(23)
7; a(327,284) r(397,435) r(433,435) a(167,228) a(279,136) r(165,29) a(475,468) a(414,448) r(158,434) r(188,174) a(24,439)
8; r(326,248) d(229) r(409,221) a(401,398) r(433,435) a(167,228) a(279,136) r(165,29) a(475,468) a(414,448) r(158,434) r(188,174) r(385,414)
9; a(327,284) r(397,435) r(328,441) d(470) d(110) d(174) d(229) d(157) r(382,133) d(248) r(243,133) r(184,357) a(304,331) d(213)
10; r(326,248) d(229) d(382) d(187) d(213) a(373,192) d(214) a(441,133) d(210) d(165) r(341,274) r(382,133) d(248) r(243,133) r(184,357) d(224) a(439,1)
11; a(216,228) d(229) d(157) r(466,226) d(214)
12; r(326,248) d(229) d(382) d(187) d(213) a(373,192) d(214) a(441,133) d(210) d(165) r(341,274) r(466,226) r(199,357)
13; a(216,228) d(229) d(157) r(382,133) d(248) r(243,133) r(184,357) d(224) r(430,28)
14; r(242,344) a(208,200) a(208,200) r(401,400) r(3,52) r(328,441) d(470) d(110) d(174) r(198,173) d(149) r(214,183) a(300,393)
15; a(327,284) r(397,435) r(112,214) a(120,192) r(210,159) d(157) a(380,387) d(143) r(244,246) r(214,120) r(290,185) a(212,303) d(379) a(352,324)
16; r(242,344) a(208,200) a(208,200) r(401,400) r(3,52) r(112,214) a(120,192) r(210,159) d(157) a(380,387) d(143) r(244,246) r(214,120) r(290,185) a(212,303) d(379) a(132,289)
17; a(327,284) r(397,435) r(328,441) d(470) d(110) d(174) r(198,173) d(149) r(214,183) r(361,255)
18; a(327,284) a(373,192) d(214) a(441,133) d(210) r(463,29) d(24) a(220,172) d(143)
19; d(213) r(214,425) a(325,37) r(130,357) d(22) a(210,29) d(338) a(448,273) d(194) d(136)
20; a(216,228) d(229) d(157) a(441,133) d(210) r(463,29) d(460) a(214,207) a(277,281)
21; a(327,284) r(397,435) r(397,435) r(328,441) d(470) d(110) d(174) r(198,173) r(272,374) d(257) a(355,227) d(355)
22; a(327,284) r(397,435) r(328,441) d(470) d(110) d(174) r(198,173) a(344,276) d(388) a(349,325)
23; a(327,284) a(279,136) a(165,178) d(382) d(187) d(213) a(373,192) d(214) a(441,133) d(210) d(165) d(24) d(127) a(462,400)
24; a(216,228) d(229) d(157) r(382,133) d(248) r(463,29) r(418,402) d(343) a(344,9)
25; r(242,344) a(208,200) r(243,133) r(184,357) d(224) a(376,382)
26; a(216,228) d(229) d(157) r(382,133) d(248) r(243,133) r(184,357) d(224) r(151,413)
27; r(242,344) a(208,200) r(463,29) r(418,402) d(343) d(412)
28; r(326,248) d(229) d(382) d(187) d(213) a(373,192) d(214) a(441,133) d(210) d(165) r(341,274) r(466,226) a(465,475)
29; a(327,284) a(373,192) d(214) a(441,133) d(210) r(463,29) d(465) a(167,228) r(397,435) r(328,441) d(470) d(110) a(451,461) r(172,192) r(390,214) d(403) a(213,273)
30; d(115) r(194,210) r(250,340) r(15,358) d(143) a(326,113) a(150,158) a(367,367) a(432,19) a(422,448) d(247) r(148,415) a(219,439)
31; a(327,284) r(397,435) r(328,441) a(167,228) a(279,136) r(165,29) r(3,52) r(174,182) a(341,230)
32; d(115) r(194,210) r(250,340) r(15,358) d(143) a(326,113) a(150,158) r(174,182) a(119,21)
33; a(327,284) r(397,435) r(328,441) a(167,228) a(279,136) r(165,29) r(3,52) a(367,367) a(432,19) a(422,448) d(247) r(148,415) a(386,420)
34; a(327,284) a(441,133) d(210) a(208,200) r(3,52) a(367,367) a(432,19) a(422,448) d(247) a(400,303) r(353,238)
35; a(457,415) d(465) a(167,228) a(279,136) r(165,29) r(401,400) r(3,52) r(112,214) a(120,192) r(210,159) d(157) a(380,387) d(143) r(244,246) r(214,120) r(290,185) a(212,303) a(386,178) r(398,392)
36; a(327,284) a(441,133) d(210) a(208,200) r(401,400) r(3,52) r(112,214) a(120,192) r(210,159) d(157) a(380,387) d(143) r(244,246) r(214,120) r(290,185) a(212,303) a(386,178) r(118,272)
37; a(457,415) d(465) a(167,228) a(279,136) r(165,29) r(3,52) a(367,367) a(432,19) a(422,448) d(247) a(400,303) a(423,330)
38; r(242,344) a(208,200) a(279,455) a(276,254)
39; a(327,284) a(441,133) d(210) r(463,29) r(418,402) r(401,400) r(466,461) d(2) r(213,172) a(326,356) a(233,327)
40; r(242,344) a(208,200) r(401,400) r(466,461) d(2) r(213,172) a(326,356) r(406,133)
41; a(327,284) a(441,133) d(210) r(463,29) r(418,402) a(279,455) d(185)
42; a(457,415) d(465) a(167,228) a(279,136) r(198,173) d(149) r(401,19) a(473,374)
43; d(115) r(194,210) r(250,340) r(15,358) d(143) d(210) d(382) a(214,150) d(367) a(187,1) a(402,432)
44; a(327,284) r(397,435) r(397,435) r(328,441) d(470) d(110) d(174) r(198,173) r(272,374) d(257) a(355,227) d(112)
45; a(327,284) a(441,133) d(210) r(463,29) r(418,402) d(394) a(358,246)
46; d(213) r(214,425) a(325,37) r(130,357) d(22) a(210,29) d(338) a(448,273) d(194) a(159,2)
47; a(327,284) a(373,192) d(214) a(213,212) r(121,9) a(136,20) r(355,154) a(168,22)
48; a(216,228) r(198,173) a(344,276) r(20,21)
49; a(457,415) d(465) a(167,228) a(279,136) r(198,173) d(149) r(401,19) a(404,2) a(245,172)
50; a(216,228) r(198,173) a(344,276) a(404,2) r(213,455)
51; a(457,415) d(465) a(167,228) a(279,136) r(198,173) d(149) r(401,19) d(337)
52; a(216,228) d(229) d(157) r(382,133) a(150,158) r(249,300) r(146,214)
53; d(115) r(194,210) r(250,340) r(15,358) d(143) a(326,113) d(248) r(243,133) r(213,152) r(118,323) r(472,294)
54; a(216,228) d(229) d(157) r(382,133) d(248) r(243,133) r(213,152) r(118,323) a(240,173)
55; d(115) r(194,210) r(250,340) r(15,358) d(143) a(326,113) a(150,158) r(249,300) r(324,52)
56; a(327,284) a(373,192) r(284,274) a(299,352) a(412,330) a(137,444)
57; a(327,284) r(397,435) r(328,441) d(470) d(110) d(174) d(214) a(213,212) r(121,9) a(136,20) r(355,154) a(177,413)
58; a(327,284) a(373,192) d(214) a(213,212) r(121,9) a(136,20) r(355,154) r(392,420)
59; a(327,284) r(397,435) r(328,441) d(470) d(110) d(174) r(284,274) a(299,352) a(412,330) d(434)
60; a(327,284) r(397,435) r(328,441) d(470) a(403,1)
61; a(327,284) r(397,435) r(328,441) d(470) d(110) d(174) r(198,173) d(149) r(214,183) d(110) d(174) r(198,173) a(344,276) d(221) r(240,284)
62; a(327,284) r(397,435) r(328,441) d(470) d(110) d(174) r(198,173) a(344,276) d(221) d(166)
63; a(327,284) r(397,435) r(328,441) d(470) d(110) d(174) r(198,173) d(149) r(214,183) d(197)
--------------------------------------------------------------------------------
Evaluation

0; 0.
1; 10.
2; 0.
3; 0.
4; 0.
5; 0.
6; 0.
7; 0.
8; 0.
9; 0.
10; 0.
11; 0.
12; 0.
13; 0.
14; 0.
15; 0.
16; 0.
17; 0.
18; 0.
19; 0.
20; 0.
21; 0.
22; 0.
23; 0.
24; 0.
25; 0.
26; 0.
27; 0.
28; 0.
29; 0.
30; 0.
31; 0.
32; 0.
33; 0.
34; 0.
35; 0.
36; 0.
37; 0.
38; 0.
39; 0.
40; 0.
41; 0.
42; 0.
43; 0.
44; 0.
45; 0.
46; 0.
47; 0.
48; 0.
49; 0.
50; 0.
51; 0.
52; 0.
53; 0.
54; 0.
55; 0.
56; 0.
57; 0.
58; 0.
59; 0.
60; 0.
61; 0.
62; 0.
63; 0.
================================================================================
Generation 10

--------------------------------------------------------------------------------
Selection

0; 59
1; 32
2; 43
3; 52
4; 54
5; 19
6; 32
7; 12
8; 57
9; 23
10; 26
11; 24
12; 8
13; 6
14; 28
15; 18
16; 27
17; 37
18; 53
19; 44
20; 51
21; 10
22; 62
23; 62
24; 42
25; 32
26; 18
27; 22
28; 21
29; 11
30; 22
31; 62
32; 59
33; 57
34; 22
35; 47
36; 62
37; 11
38; 37
39; 33
--------------------------------------------------------------------------------
Crossover

0; 21; a(327,284) r(397,435) r(397,435) r(328,441) d(470) d(110) d(174) r(198,173) r(272,374) d(257) a(355,227) d(355)
1; 62; a(327,284) r(397,435) r(328,441) d(470) d(110) d(174) r(198,173) a(344,276) d(221) d(166)
2; 47, 12; a(327,284) a(373,192) d(214) a(213,212) r(121,9) a(136,20)
3; 47, 12; r(326,248) d(229) d(382) d(187) d(213) a(373,192) d(214) a(441,133) d(210) d(165) r(341,274) r(466,226) r(199,357) r(355,154) a(168,22)
4; 47; a(327,284) a(373,192) d(214) a(213,212) r(121,9) a(136,20) r(355,154) a(168,22)
5; 12; r(326,248) d(229) d(382) d(187) d(213) a(373,192) d(214) a(441,133) d(210) d(165) r(341,274) r(466,226) r(199,357)
6; 19; d(213) r(214,425) a(325,37) r(130,357) d(22) a(210,29) d(338) a(448,273) d(194) d(136)
7; 28; r(326,248) d(229) d(382) d(187) d(213) a(373,192) d(214) a(441,133) d(210) d(165) r(341,274) r(466,226) a(465,475)
8; 62, 18; a(327,284) r(397,435) r(328,441) d(470) d(210) r(463,29) d(24) a(220,172) d(143)
9; 62, 18; a(327,284) a(373,192) d(214) a(441,133) d(110) d(174) r(198,173) a(344,276) d(221) d(166)
10; 62; a(327,284) r(397,435) r(328,441) d(470) d(110) d(174) r(198,173) a(344,276) d(221) d(166)
11; 18; a(327,284) a(373,192) d(214) a(441,133) d(210) r(463,29) d(24) a(220,172) d(143)
12; 53, 43; d(115) r(194,210) a(402,432)
13; 53, 43; d(115) r(194,210) r(250,340) r(15,358) d(143) d(210) d(382) a(214,150) d(367) a(187,1) r(250,340) r(15,358) d(143) a(326,113) d(248) r(243,133) r(213,152) r(118,323) r(472,294)
14; 53; d(115) r(194,210) r(250,340) r(15,358) d(143) a(326,113) d(248) r(243,133) r(213,152) r(118,323) r(472,294)
15; 43; d(115) r(194,210) r(250,340) r(15,358) d(143) d(210) d(382) a(214,150) d(367) a(187,1) a(402,432)
16; 54; a(216,228) d(229) d(157) r(382,133) d(248) r(243,133) r(213,152) r(118,323) a(240,173)
17; 52; a(216,228) d(229) d(157) r(382,133) a(150,158) r(249,300) r(146,214)
18; 26, 8; a(216,228) d(229) d(157) r(382,133) d(248) r(243,133) r(184,357) d(224) a(475,468) a(414,448) r(158,434) r(188,174) r(385,414)
19; 26, 8; r(326,248) d(229) r(409,221) a(401,398) r(433,435) a(167,228) a(279,136) r(165,29) r(151,413)
20; 26; a(216,228) d(229) d(157) r(382,133) d(248) r(243,133) r(184,357) d(224) r(151,413)
21; 8; r(326,248) d(229) r(409,221) a(401,398) r(433,435) a(167,228) a(279,136) r(165,29) a(475,468) a(414,448) r(158,434) r(188,174) r(385,414)
22; 37; a(457,415) d(465) a(167,228) a(279,136) r(165,29) r(3,52) a(367,367) a(432,19) a(422,448) d(247) a(400,303) a(423,330)
23; 18; a(327,284) a(373,192) d(214) a(441,133) d(210) r(463,29) d(24) a(220,172) d(143)
24; 22, 32; a(327,284) r(397,435) r(328,441) r(250,340) r(15,358) d(143) a(326,113) a(150,158) r(174,182) a(119,21)
25; 22, 32; d(115) r(194,210) d(470) d(110) d(174) r(198,173) a(344,276) d(388) a(349,325)
26; 22; a(327,284) r(397,435) r(328,441) d(470) d(110) d(174) r(198,173) a(344,276) d(388) a(349,325)
27; 32; d(115) r(194,210) r(250,340) r(15,358) d(143) a(326,113) a(150,158) r(174,182) a(119,21)
28; 33, 37; a(327,284) r(165,29) r(3,52) a(367,367) a(432,19) a(422,448) d(247) a(400,303) a(423,330)
29; 33, 37; a(457,415) d(465) a(167,228) a(279,136) r(397,435) r(328,441) a(167,228) a(279,136) r(165,29) r(3,52) a(367,367) a(432,19) a(422,448) d(247) r(148,415) a(386,420)
30; 33; a(327,284) r(397,435) r(328,441) a(167,228) a(279,136) r(165,29) r(3,52) a(367,367) a(432,19) a(422,448) d(247) r(148,415) a(386,420)
31; 37; a(457,415) d(465) a(167,228) a(279,136) r(165,29) r(3,52) a(367,367) a(432,19) a(422,448) d(247) a(400,303) a(423,330)
32; 6; r(326,248) d(229) r(409,221) a(401,398) r(328,441) d(470) d(110) d(174) d(229) d(157) r(382,133) d(248) r(243,133) r(184,357) a(304,331) d(23)
33; 57; a(327,284) r(397,435) r(328,441) d(470) d(110) d(174) d(214) a(213,212) r(121,9) a(136,20) r(355,154) a(177,413)
34; 62; a(327,284) r(397,435) r(328,441) d(470) d(110) d(174) r(198,173) a(344,276) d(221) d(166)
35; 32; d(115) r(194,210) r(250,340) r(15,358) d(143) a(326,113) a(150,158) r(174,182) a(119,21)
36; 11; a(216,228) d(229) d(157) r(466,226) d(214)
37; 11; a(216,228) d(229) d(157) r(466,226) d(214)
38; 44, 59; a(327,284) r(397,435) r(397,435) r(328,441) d(470) d(110) d(174) r(198,173) d(434)
39; 44, 59; a(327,284) r(397,435) r(328,441) d(470) d(110) d(174) r(284,274) a(299,352) a(412,330) r(272,374) d(257) a(355,227) d(112)
40; 44; a(327,284) r(397,435) r(397,435) r(328,441) d(470) d(110) d(174) r(198,173) r(272,374) d(257) a(355,227) d(112)
41; 59; a(327,284) r(397,435) r(328,441) d(470) d(110) d(174) r(284,274) a(299,352) a(412,330) d(434)
42; 24, 27; a(216,228) d(229) d(157) r(382,133) d(248) r(463,29) r(418,402) d(343) a(344,9) a(208,200) r(463,29) r(418,402) d(343) d(412)
43; 24, 27; r(242,344)
44; 24; a(216,228) d(229) d(157) r(382,133) d(248) r(463,29) r(418,402) d(343) a(344,9)
45; 27; r(242,344) a(208,200) r(463,29) r(418,402) d(343) d(412)
46; 10, 32; r(326,248) d(229) d(382) d(187) d(213) a(373,192) d(214) a(441,133) d(210) d(165) r(194,210) r(250,340) r(15,358) d(143) a(326,113) a(150,158) r(174,182) a(119,21)
47; 10, 32; d(115) r(341,274) r(382,133) d(248) r(243,133) r(184,357) d(224) a(439,1)
48; 10; r(326,248) d(229) d(382) d(187) d(213) a(373,192) d(214) a(441,133) d(210) d(165) r(341,274) r(382,133) d(248) r(243,133) r(184,357) d(224) a(439,1)
49; 32; d(115) r(194,210) r(250,340) r(15,358) d(143) a(326,113) a(150,158) r(174,182) a(119,21)
50; 62; a(327,284) r(397,435) r(328,441) d(470) d(110) d(174) r(198,173) a(344,276) d(221) d(166)
51; 59; a(327,284) r(397,435) r(328,441) d(470) d(110) d(174) r(284,274) a(299,352) a(412,330) d(434)
52; 57; a(327,284) r(397,435) r(328,441) d(470) d(110) d(174) d(214) a(213,212) r(121,9) a(136,20) r(355,154) a(177,413)
53; 22; a(327,284) r(397,435) r(328,441) d(470) d(110) d(174) r(198,173) a(344,276) d(388) a(349,325)
54; 42; a(457,415) d(465) a(167,228) a(279,136) r(198,173) d(149) r(401,19) a(473,374)
55; 22; a(327,284) r(397,435) r(328,441) d(470) d(110) d(174) r(198,173) a(344,276) d(388) a(349,325)
56; 51, 23; a(457,415) d(465) a(167,228) a(279,136) r(198,173) d(149) r(401,19) d(187) d(213) a(373,192) d(214) a(441,133) d(210) d(165) d(24) d(127) a(462,400)
57; 51, 23; a(327,284) a(279,136) a(165,178) d(382) d(337)
58; 51; a(457,415) d(465) a(167,228) a(279,136) r(198,173) d(149) r(401,19) d(337)
59; 23; a(327,284) a(279,136) a(165,178) d(382) d(187) d(213) a(373,192) d(214) a(441,133) d(210) d(165) d(24) d(127) a(462,400)
--------------------------------------------------------------------------------
Mutation

0; a(327,284) r(397,435) r(397,435) r(328,441) d(470) d(110) d(174) r(198,173) r(272,374) d(257) a(355,227) d(355) r(277,291)
1; a(327,284) r(397,435) r(328,441) d(470) d(110) d(174) r(198,173) a(344,276) d(221) d(166) a(212,400)
2; a(327,284) a(373,192) d(214) a(213,212) r(121,9) a(136,20) r(457,441)
3; r(326,248) d(229) d(382) d(187) d(213) a(373,192) d(214) a(441,133) d(210) d(165) r(341,274) r(466,226) r(199,357) r(355,154) a(168,22) a(340,251)
4; a(327,284) a(373,192) d(214) a(213,212) r(121,9) a(136,20) r(355,154) a(168,22) d(113)
5; r(326,248) d(229) d(382) d(187) d(213) a(373,192) d(214) a(441,133) d(210) d(165) r(341,274) r(466,226) r(199,357) d(280)
6; d(213) r(214,425) a(325,37) r(130,357) d(22) a(210,29) d(338) a(448,273) d(194) d(136) a(251,449)
7; r(326,248) d(229) d(382) d(187) d(213) a(373,192) d(214) a(441,133) d(210) d(165) r(341,274) r(466,226) a(465,475) r(15,475)
8; a(327,284) r(397,435) r(328,441) d(470) d(210) r(463,29) d(24) a(220,172) d(143) a(241,252)
9; a(327,284) a(373,192) d(214) a(441,133) d(110) d(174) r(198,173) a(344,276) d(221) d(166) a(353,255)
10; a(327,284) r(397,435) r(328,441) d(470) d(110) d(174) r(198,173) a(344,276) d(221) d(166) a(398,274)
11; a(327,284) a(373,192) d(214) a(441,133) d(210) r(463,29) d(24) a(220,172) d(143) r(299,279)
12; d(115) r(194,210) a(402,432) a(405,349)
13; d(115) r(194,210) r(250,340) r(15,358) d(143) d(210) d(382) a(214,150) d(367) a(187,1) r(250,340) r(15,358) d(143) a(326,113) d(248) r(243,133) r(213,152) r(118,323) r(472,294) r(451,2)
14; d(115) r(194,210) r(250,340) r(15,358) d(143) a(326,113) d(248) r(243,133) r(213,152) r(118,323) r(472,294) r(418,420)
15; d(115) r(194,210) r(250,340) r(15,358) d(143) d(210) d(382) a(214,150) d(367) a(187,1) a(402,432) r(158,22)
16; a(216,228) d(229) d(157) r(382,133) d(248) r(243,133) r(213,152) r(118,323) a(240,173) a(156,175)
17; a(216,228) d(229) d(157) r(382,133) a(150,158) r(249,300) r(146,214) a(178,162)
18; a(216,228) d(229) d(157) r(382,133) d(248) r(243,133) r(184,357) d(224) a(475,468) a(414,448) r(158,434) r(188,174) r(385,414) d(411)
19; r(326,248) d(229) r(409,221) a(401,398) r(433,435) a(167,228) a(279,136) r(165,29) r(151,413) r(214,41)
20; a(216,228) d(229) d(157) r(382,133) d(248) r(243,133) r(184,357) d(224) r(151,413) r(212,113)
21; r(326,248) d(229) r(409,221) a(401,398) r(433,435) a(167,228) a(279,136) r(165,29) a(475,468) a(414,448) r(158,434) r(188,174) r(385,414) r(472,286)
22; a(457,415) d(465) a(167,228) a(279,136) r(165,29) r(3,52) a(367,367) a(432,19) a(422,448) d(247) a(400,303) a(423,330) d(469)
23; a(327,284) a(373,192) d(214) a(441,133) d(210) r(463,29) d(24) a(220,172) d(143) d(223)
24; a(327,284) r(397,435) r(328,441) r(250,340) r(15,358) d(143) a(326,113) a(150,158) r(174,182) a(119,21) r(301,197)
25; d(115) r(194,210) d(470) d(110) d(174) r(198,173) a(344,276) d(388) a(349,325) r(433,467)
26; a(327,284) r(397,435) r(328,441) d(470) d(110) d(174) r(198,173) a(344,276) d(388) a(349,325) r(19,445)
27; d(115) r(194,210) r(250,340) r(15,358) d(143) a(326,113) a(150,158) r(174,182) a(119,21) d(427)
28; a(327,284) r(165,29) r(3,52) a(367,367) a(432,19) a(422,448) d(247) a(400,303) a(423,330) d(425)
29; a(457,415) d(465) a(167,228) a(279,136) r(397,435) r(328,441) a(167,228) a(279,136) r(165,29) r(3,52) a(367,367) a(432,19) a(422,448) d(247) r(148,415) a(386,420) a(462,214)
30; a(327,284) r(397,435) r(328,441) a(167,228) a(279,136) r(165,29) r(3,52) a(367,367) a(432,19) a(422,448) d(247) r(148,415) a(386,420) a(335,400)
31; a(457,415) d(465) a(167,228) a(279,136) r(165,29) r(3,52) a(367,367) a(432,19) a(422,448) d(247) a(400,303) a(423,330) r(200,167)
32; r(326,248) d(229) r(409,221) a(401,398) r(328,441) d(470) d(110) d(174) d(229) d(157) r(382,133) d(248) r(243,133) r(184,357) a(304,331) d(23) d(332)
33; a(327,284) r(397,435) r(328,441) d(470) d(110) d(174) d(214) a(213,212) r(121,9) a(136,20) r(355,154) a(177,413) d(251)
34; a(327,284) r(397,435) r(328,441) d(470) d(110) d(174) r(198,173) a(344,276) d(221) d(166) d(210)
35; d(115) r(194,210) r(250,340) r(15,358) d(143) a(326,113) a(150,158) r(174,182) a(119,21) r(427,37)
36; a(216,228) d(229) d(157) r(466,226) d(214) a(124,286)
37; a(216,228) d(229) d(157) r(466,226) d(214) r(146,462)
38; a(327,284) r(397,435) r(397,435) r(328,441) d(470) d(110) d(174) r(198,173) d(434) r(298,28)
39; a(327,284) r(397,435) r(328,441) d(470) d(110) d(174) r(284,274) a(299,352) a(412,330) r(272,374) d(257) a(355,227) d(112) a(362,228)
40; a(327,284) r(397,435) r(397,435) r(328,441) d(470) d(110) d(174) r(198,173) r(272,374) d(257) a(355,227) d(112) r(213,303)
41; a(327,284) r(397,435) r(328,441) d(470) d(110) d(174) r(284,274) a(299,352) a(412,330) d(434) a(400,397)
42; a(216,228) d(229) d(157) r(382,133) d(248) r(463,29) r(418,402) d(343) a(344,9) a(208,200) r(463,29) r(418,402) d(343) d(412) d(386)
43; r(242,344) r(324,335)
44; a(216,228) d(229) d(157) r(382,133) d(248) r(463,29) r(418,402) d(343) a(344,9) a(454,197)
45; r(242,344) a(208,200) r(463,29) r(418,402) d(343) d(412) r(230,333)
46; r(326,248) d(229) d(382) d(187) d(213) a(373,192) d(214) a(441,133) d(210) d(165) r(194,210) r(250,340) r(15,358) d(143) a(326,113) a(150,158) r(174,182) a(119,21) r(159,420)
47; d(115) r(341,274) r(382,133) d(248) r(243,133) r(184,357) d(224) a(439,1) r(439,406)
48; r(326,248) d(229) d(382) d(187) d(213) a(373,192) d(214) a(441,133) d(210) d(165) r(341,274) r(382,133) d(248) r(243,133) r(184,357) d(224) a(439,1) r(454,441)
49; d(115) r(194,210) r(250,340) r(15,358) d(143) a(326,113) a(150,158) r(174,182) a(119,21) d(399)
50; a(327,284) r(397,435) r(328,441) d(470) d(110) d(174) r(198,173) a(344,276) d(221) d(166) r(158,148)
51; a(327,284) r(397,435) r(328,441) d(470) d(110) d(174) r(284,274) a(299,352) a(412,330) d(434) r(402,400)
52; a(327,284) r(397,435) r(328,441) d(470) d(110) d(174) d(214) a(213,212) r(121,9) a(136,20) r(355,154) a(177,413) d(212)
53; a(327,284) r(397,435) r(328,441) d(470) d(110) d(174) r(198,173) a(344,276) d(388) a(349,325) r(377,272)
54; a(457,415) d(465) a(167,228) a(279,136) r(198,173) d(149) r(401,19) a(473,374) r(458,172)
55; a(327,284) r(397,435) r(328,441) d(470) d(110) d(174) r(198,173) a(344,276) d(388) a(349,325) r(236,324)
56; a(457,415) d(465) a(167,228) a(279,136) r(198,173) d(149) r(401,19) d(187) d(213) a(373,192) d(214) a(441,133) d(210) d(165) d(24) d(127) a(462,400) d(327)
57; a(327,284) a(279,136) a(165,178) d(382) d(337) a(212,1)
58; a(457,415) d(465) a(167,228) a(279,136) r(198,173) d(149) r(401,19) d(337) d(373)
59; a(327,284) a(279,136) a(165,178) d(382) d(187) d(213) a(373,192) d(214) a(441,133) d(210) d(165) d(24) d(127) a(462,400) d(390)
--------------------------------------------------------------------------------
Evaluation

0; 0.
1; 0.
2; 0.
3; 0.
4; 0.
5; 0.
6; 0.
7; 0.
8; 0.
9; 0.
10; 0.
11; 0.
12; 0.
13; 0.
14; 0.
15; 0.
16; 0.
17; 0.
18; 0.
19; 0.
20; 0.
21; 0.
22; 0.
23; 0.
24; 0.
25; 0.
26; 0.
27; 0.
28; 0.
29; 0.
30; 0.
31; 0.
32; 0.
33; 0.
34; 0.
35; 0.
36; 0.
37; 0.
38; 0.
39; 0.
40; 0.
41; 0.
42; 0.
43; 0.
44; 0.
45; 0.
46; 0.
47; 0.
48; 0.
49; 0.
50; 0.
51; 0.
52; 0.
53; 0.
54; 0.
55; 0.
56; 0.
57; 0.
58; 0.
59; 0.
