================================================================================
Enclosure

1: 0
2: 0
3: 0
4: 3
5: 4
6: 4
7: 4
8: 4
9: 3
10: 0
11: 0
12: 11
13: 11
14: 0
15: 0
16: 15
17: 15
18: 15
19: 15
20: 0
21: 0
22: 0
23: 0
24: 0
25: 0
26: 0
28: 26
29: 0
31: 29
32: 0
33: 0
34: 0
35: 0
37: 35
38: 0
39: 0
40: 39
41: 40
43: 39
45: 43
46: 39
47: 0
48: 0
50: 48
52: 50
53: 0
54: 0
56: 0
58: 56
59: 0
60: 0
61: 0
62: 0
64: 0
65: 0
67: 0
68: 0
69: 0
70: 0
71: 0
72: 71
73: 72
75: 71
76: 71
77: 71
78: 0
79: 78
80: 78
81: 78
82: 78
83: 82
84: 83
86: 82
87: 82
88: 82
89: 78
90: 0
91: 0
92: 0
93: 92
94: 93
95: 93
96: 92
97: 96
98: 96
99: 96
100: 92
101: 100
102: 100
103: 92
104: 92
105: 0
106: 105
107: 105
108: 0
109: 0
110: 0
111: 0
112: 111
113: 112
115: 111
116: 111
117: 0
118: 0
119: 118
120: 118
121: 0
122: 0
123: 0
124: 0
126: 0
127: 126
128: 126
129: 126
130: 126
131: 126
132: 126
133: 126
134: 0
135: 134
136: 134
137: 0
138: 137
139: 137
141: 0
142: 0
143: 0
145: 0
146: 0
147: 0
148: 0
149: 148
150: 149
151: 149
152: 149
153: 152
154: 153
156: 152
157: 152
158: 149
159: 149
160: 149
161: 160
162: 161
164: 160
165: 160
166: 148
167: 166
168: 167
170: 167
171: 166
172: 148
173: 148
174: 0
175: 0
176: 175
177: 175
178: 177
180: 175
181: 175
182: 181
183: 181
184: 181
185: 184
187: 181
188: 181
189: 181
190: 189
192: 189
193: 175
194: 193
195: 193
197: 193
198: 175
199: 0
200: 0
201: 200
202: 201
204: 200
205: 0
206: 205
207: 205
208: 207
210: 207
211: 205
212: 0
213: 0
214: 0
215: 0
216: 0
217: 0
218: 217
219: 217
220: 217
221: 220
223: 217
224: 217
225: 217
226: 225
227: 225
228: 0
229: 0
230: 0
231: 0
232: 231
233: 232
235: 231
236: 231
237: 231
238: 231
239: 231
240: 231
241: 231
242: 231
243: 231
244: 231
245: 231
246: 231
247: 231
248: 231
249: 231
250: 231
251: 231
252: 231
253: 0
254: 0
255: 0
256: 0
257: 0
258: 257
259: 258
260: 258
261: 258
262: 258
263: 262
264: 263
266: 262
268: 266
269: 262
270: 262
271: 262
272: 258
273: 257
274: 257
275: 257
276: 257
277: 0
278: 277
279: 278
280: 279
281: 280
284: 278
286: 277
287: 0
289: 287
290: 0
291: 0
292: 291
293: 292
294: 293
297: 291
298: 291
299: 291
300: 291
301: 291
303: 301
304: 291
305: 304
306: 304
307: 304
308: 304
309: 304
311: 309
312: 304
313: 304
314: 304
315: 304
316: 315
317: 316
319: 315
320: 315
321: 304
323: 304
324: 0
325: 0
326: 0
327: 0
328: 0
330: 328
331: 0
332: 0
333: 0
334: 0
335: 0
337: 335
338: 0
339: 0
340: 339
341: 340
343: 339
344: 339
346: 344
347: 346
349: 347
350: 346
351: 339
352: 351
353: 352
355: 353
356: 352
357: 352
358: 351
359: 339
360: 0
361: 360
362: 360
364: 0
365: 0
367: 0
368: 0
369: 0
370: 369
371: 369
372: 371
373: 371
374: 373
376: 0
377: 376
378: 377
379: 377
380: 379
381: 379
382: 377
384: 377
385: 376
386: 0
387: 386
388: 386
390: 386
391: 0
392: 391
393: 391
394: 0
396: 394
397: 396
398: 396
399: 398
400: 398
401: 396
402: 396
403: 396
404: 403
405: 404
406: 405
409: 403
410: 403
411: 396
412: 411
413: 411
414: 396
415: 396
416: 0
417: 0
418: 0
419: 418
420: 418
421: 0
422: 421
423: 421
424: 421
425: 424
427: 421
428: 0
429: 428
430: 428
431: 0
432: 431
433: 431
434: 431
435: 0
436: 0
437: 0
438: 0
439: 438
440: 438
441: 438
442: 0
443: 0
444: 443
445: 444
446: 444
447: 444
448: 443
449: 443
450: 0
451: 0
452: 0
453: 0
454: 453
455: 454
457: 453
458: 453
459: 453
460: 0
461: 460
462: 460
463: 0
464: 0
465: 0
466: 465
467: 465
468: 0
469: 0
470: 469
471: 469
472: 0
473: 0
474: 473
475: 473
477: 0
478: 0
479: 0
================================================================================
Initialisation

0; d(294); 5.
1; a(205,444); 15.
2; r(240,449); 0.
3; r(429,210); 5.
4; a(214,21); 5.
5; d(381); 5.
6; r(214,355); 5.
7; r(438,214); 0.
8; a(231,20); 5.
9; r(304,243); 0.
10; a(428,162); 5.
11; a(442,136); 5.
12; d(150); 2.
13; a(327,2); 5.
14; r(349,286); 5.
15; r(206,41); 0.
16; r(200,303); 0.
17; r(398,471); 5.
18; d(277); 0.
19; r(337,246); 5.
20; a(242,173); 5.
21; d(256); 0.
22; d(344); 5.
23; a(182,159); 0.
24; a(330,384); 5.
25; r(145,175); 0.
26; r(414,275); 5.
27; d(431); 0.
28; r(123,141); 0.
29; r(367,274); 0.
30; r(128,120); 5.
31; r(245,2); 5.
32; a(201,462); 5.
33; a(237,52); 5.
34; d(418); 0.
35; r(109,173); 0.
36; a(381,422); 5.
37; d(360); 5.
38; r(213,425); 5.
39; original; 5.
================================================================================
Generation 1

--------------------------------------------------------------------------------
Selection

0; 18
1; 35
2; 24
3; 29
4; 18
5; 21
6; 22
7; 17
8; 25
9; 11
10; 39
11; 38
12; 26
13; 23
14; 16
15; 14
16; 10
17; 25
18; 26
19; 23
20; 35
21; 39
22; 34
23; 2
24; 12
25; 7
26; 21
27; 22
28; 3
29; 32
30; 28
31; 12
32; 2
33; 32
34; 27
35; 20
36; 3
37; 28
38; 9
39; 27
--------------------------------------------------------------------------------
Crossover

0; 35; r(109,173)
1; 2; r(240,449)
2; 18; d(277)
3; 39; original
4; 14; r(349,286)
5; 34; d(418)
6; 27, 29; d(431)
7; 27, 29; r(367,274)
8; 27; d(431)
9; 29; r(367,274)
10; 38; r(213,425)
11; 12; d(150)
12; 35; r(109,173)
13; 10; a(428,162)
14; 11, 39; a(442,136)
15; 11, 39; original
16; 11; a(442,136)
17; 39; original
18; 16, 22; r(200,303)
19; 16, 22; d(344)
20; 16; r(200,303)
21; 22; d(344)
22; 21; d(256)
23; 23; a(182,159)
24; 25; r(145,175)
25; 23; a(182,159)
26; 7; r(438,214)
27; 25; r(145,175)
28; 22, 28; d(344)
29; 22, 28; r(123,141)
30; 22; d(344)
31; 28; r(123,141)
32; 3; r(429,210)
33; 32; a(201,462)
34; 26, 3; r(414,275)
35; 26, 3; r(429,210)
36; 26; r(414,275)
37; 3; r(429,210)
38; 28; r(123,141)
39; 9; r(304,243)
40; 17, 2; r(398,471)
41; 17, 2; r(240,449)
42; 17; r(398,471)
43; 2; r(240,449)
44; 21, 24; d(256)
45; 21, 24; a(330,384)
46; 21; d(256)
47; 24; a(330,384)
48; 12, 26; d(150)
49; 12, 26; r(414,275)
50; 12; d(150)
51; 26; r(414,275)
52; 18; d(277)
53; 20; a(242,173)
54; 27, 32; d(431)
55; 27, 32; a(201,462)
56; 27; d(431)
57; 32; a(201,462)
--------------------------------------------------------------------------------
Mutation

0; r(109,173) a(475,472)
1; r(240,449) d(467)
2; d(277) a(461,467)
3; d(213)
4; r(349,286) a(24,228)
5; d(418) r(21,52)
6; d(431) d(200)
7; r(367,274) d(178)
8; d(431) d(146)
9; r(367,274) a(213,1)
10; r(213,425) a(110,171)
11; d(150) a(111,135)
12; r(109,173) d(21)
13; a(428,162) a(237,274)
14; a(442,136) d(471)
15; r(9,349)
16; a(442,136) a(472,233)
17; d(425)
18; r(200,303) r(159,187)
19; d(344) d(127)
20; r(200,303) d(123)
21; d(344) a(212,197)
22; d(256) a(253,352)
23; a(182,159) a(183,471)
24; r(145,175) r(367,433)
25; a(182,159) r(181,173)
26; r(438,214) d(417)
27; r(145,175) d(210)
28; d(344) a(232,475)
29; r(123,141) r(386,289)
30; d(344) r(192,462)
31; r(123,141) r(139,136)
32; r(429,210) a(248,221)
33; a(201,462) d(188)
34; r(414,275) r(284,286)
35; r(429,210) r(304,340)
36; r(414,275) a(276,242)
37; r(429,210) r(450,415)
38; r(123,141) a(371,358)
39; r(304,243) r(402,303)
40; r(398,471) a(419,455)
41; r(240,449) r(369,429)
42; r(398,471) a(200,181)
43; r(240,449) a(418,9)
44; d(256) r(235,246)
45; a(330,384) d(177)
46; d(256) r(217,133)
47; a(330,384) a(385,431)
48; d(150) a(277,29)
49; r(414,275) r(172,362)
50; d(150) d(135)
51; r(414,275) a(274,290)
52; d(277) r(11,162)
53; a(242,173) d(340)
54; d(431) r(393,358)
55; a(201,462) a(473,420)
56; d(431) d(358)
57; a(201,462) d(469)
--------------------------------------------------------------------------------
Evaluation

0; 0.
1; 0.
2; 0.
3; 5.
4; 10.
5; 0.
6; 0.
7; 0.
8; 0.
9; 0.
10; 5.
11; 2.
12; 0.
13; 0.
14; 5.
15; 5.
16; 5.
17; 5.
18; 0.
19; 0.
20; 0.
21; 5.
22; 0.
23; 0.
24; 0.
25; 0.
26; 0.
27; 0.
28; 5.
29; 0.
30; 5.
31; 0.
32; 5.
33; 0.
34; 0.
35; 0.
36; 5.
37; 5.
38; 0.
39; 0.
40; 5.
41; 0.
42; 5.
43; 0.
44; 0.
45; 0.
46; 0.
47; 5.
48; 0.
49; 0.
50; 2.
51; 5.
52; 0.
53; 5.
54; 0.
55; 5.
56; 0.
57; 0.
================================================================================
Generation 2

--------------------------------------------------------------------------------
Selection

0; 28
1; 52
2; 24
3; 1
4; 49
5; 42
6; 43
7; 18
8; 43
9; 24
10; 7
11; 18
12; 45
13; 45
14; 54
15; 23
16; 29
17; 44
18; 12
19; 10
20; 49
21; 57
22; 13
23; 48
24; 21
25; 41
26; 9
27; 10
28; 35
29; 32
30; 19
31; 13
32; 39
33; 21
34; 41
35; 14
36; 24
37; 24
38; 45
39; 8
--------------------------------------------------------------------------------
Crossover

0; 41, 8; r(240,449) r(369,429)
1; 41, 8; d(431) d(146)
2; 41; r(240,449) r(369,429)
3; 8; d(431) d(146)
4; 10; r(213,425) a(110,171)
5; 13; a(428,162) a(237,274)
6; 44, 52; d(256) r(11,162)
7; 44, 52; d(277) r(235,246)
8; 44; d(256) r(235,246)
9; 52; d(277) r(11,162)
10; 1, 18; r(240,449) d(467)
11; 1, 18; r(200,303) r(159,187)
12; 1; r(240,449) d(467)
13; 18; r(200,303) r(159,187)
14; 21, 57; d(344)
15; 21, 57; a(201,462) d(469) a(212,197)
16; 21; d(344) a(212,197)
17; 57; a(201,462) d(469)
18; 43; r(240,449) a(418,9)
19; 28; d(344) a(232,475)
20; 49; r(414,275) r(172,362)
21; 35; r(429,210) r(304,340)
22; 10, 42; r(213,425) a(110,171)
23; 10, 42; r(398,471) a(200,181)
24; 10; r(213,425) a(110,171)
25; 42; r(398,471) a(200,181)
26; 21; d(344) a(212,197)
27; 32; r(429,210) a(248,221)
28; 24, 9; r(145,175) r(367,433)
29; 24, 9; r(367,274) a(213,1)
30; 24; r(145,175) r(367,433)
31; 9; r(367,274) a(213,1)
32; 48; d(150) a(277,29)
33; 24; r(145,175) r(367,433)
34; 24, 18; r(145,175) r(367,433) r(159,187)
35; 24, 18; r(200,303)
36; 24; r(145,175) r(367,433)
37; 18; r(200,303) r(159,187)
38; 39, 7; r(304,243) d(178)
39; 39, 7; r(367,274) r(402,303)
40; 39; r(304,243) r(402,303)
41; 7; r(367,274) d(178)
42; 43, 49; r(240,449)
43; 43, 49; r(414,275) r(172,362) a(418,9)
44; 43; r(240,449) a(418,9)
45; 49; r(414,275) r(172,362)
46; 54, 45; d(431) d(177)
47; 54, 45; a(330,384) r(393,358)
48; 54; d(431) r(393,358)
49; 45; a(330,384) d(177)
50; 45; a(330,384) d(177)
51; 13; a(428,162) a(237,274)
52; 45, 14; a(330,384) d(177)
53; 45, 14; a(442,136) d(471)
54; 45; a(330,384) d(177)
55; 14; a(442,136) d(471)
56; 41; r(240,449) r(369,429)
57; 12; r(109,173) d(21)
58; 23, 19; a(182,159) a(183,471) d(127)
59; 23, 19; d(344)
60; 23; a(182,159) a(183,471)
61; 19; d(344) d(127)
62; 29; r(123,141) r(386,289)
63; 24; r(145,175) r(367,433)
--------------------------------------------------------------------------------
Mutation

0; r(240,449) r(369,429) r(301,359)
1; d(431) d(146) r(368,435)
2; r(240,449) r(369,429) a(141,129)
3; d(431) d(146) r(423,272)
4; r(213,425) a(110,171) d(405)
5; a(428,162) a(237,274) a(193,164)
6; d(256) r(11,162) a(273,359)
7; d(277) r(235,246) a(346,332)
8; d(256) r(235,246) a(249,323)
9; d(277) r(11,162) r(205,467)
10; r(240,449) d(467) a(409,415)
11; r(200,303) r(159,187) d(230)
12; r(240,449) d(467) d(237)
13; r(200,303) r(159,187) d(213)
14; d(344) d(25)
15; a(201,462) d(469) a(212,197) r(459,173)
16; d(344) a(212,197) a(241,162)
17; a(201,462) d(469) r(208,323)
18; r(240,449) a(418,9) r(212,385)
19; d(344) a(232,475) a(284,360)
20; r(414,275) r(172,362) d(214)
21; r(429,210) r(304,340) a(414,136)
22; r(213,425) a(110,171) a(470,303)
23; r(398,471) a(200,181) a(124,447)
24; r(213,425) a(110,171) r(212,188)
25; r(398,471) a(200,181) a(276,275)
26; d(344) a(212,197) r(188,471)
27; r(429,210) a(248,221) r(160,227)
28; r(145,175) r(367,433) r(187,199)
29; r(367,274) a(213,1) a(148,357)
30; r(145,175) r(367,433) d(157)
31; r(367,274) a(213,1) d(438)
32; d(150) a(277,29) d(244)
33; r(145,175) r(367,433) a(433,399)
34; r(145,175) r(367,433) r(159,187) r(385,447)
35; r(200,303) a(451,136)
36; r(145,175) r(367,433) r(220,350)
37; r(200,303) r(159,187) d(213)
38; r(304,243) d(178) d(436)
39; r(367,274) r(402,303) r(257,273)
40; r(304,243) r(402,303) a(334,455)
41; r(367,274) d(178) d(397)
42; r(240,449) r(430,394)
43; r(414,275) r(172,362) a(418,9) r(171,447)
44; r(240,449) a(418,9) a(213,162)
45; r(414,275) r(172,362) a(183,194)
46; d(431) d(177) r(213,28)
47; a(330,384) r(393,358) d(452)
48; d(431) r(393,358) a(189,337)
49; a(330,384) d(177) a(460,449)
50; a(330,384) d(177) a(391,381)
51; a(428,162) a(237,274) a(443,323)
52; a(330,384) d(177) r(438,415)
53; a(442,136) d(471) a(115,467)
54; a(330,384) d(177) d(341)
55; a(442,136) d(471) r(162,174)
56; r(240,449) r(369,429) a(338,381)
57; r(109,173) d(21) a(344,385)
58; a(182,159) a(183,471) d(127) r(399,294)
59; d(344) d(431)
60; a(182,159) a(183,471) d(243)
61; d(344) d(127) d(281)
62; r(123,141) r(386,289) a(251,300)
63; r(145,175) r(367,433) d(369)
--------------------------------------------------------------------------------
Evaluation

0; 0.
1; 0.
2; 0.
3; 0.
4; 5.
5; 0.
6; 0.
7; 0.
8; 0.
9; 0.
10; 0.
11; 0.
12; 0.
13; 2.
14; 0.
15; 0.
16; 5.
17; 0.
18; 5.
19; 5.
20; 0.
21; 0.
22; 5.
23; 5.
24; 5.
25; 0.
26; 0.
27; 5.
28; 0.
29; 0.
30; 0.
31; 0.
32; 0.
33; 0.
34; 0.
35; 0.
36; 0.
37; 2.
38; 0.
39; 0.
40; 0.
41; 0.
42; 0.
43; 0.
44; 0.
45; 0.
46; 0.
47; 0.
48; 0.
49; 0.
50; 0.
51; 0.
52; 0.
53; 5.
54; 0.
55; 0.
56; 0.
57; 0.
58; 0.
59; 0.
60; 0.
61; 0.
62; 0.
63; 0.
================================================================================
Generation 3

--------------------------------------------------------------------------------
Selection

0; 31
1; 2
2; 35
3; 41
4; 26
5; 1
6; 41
7; 44
8; 5
9; 60
10; 63
11; 0
12; 0
13; 54
14; 20
15; 43
16; 2
17; 39
18; 10
19; 9
20; 55
21; 0
22; 21
23; 12
24; 43
25; 8
26; 14
27; 3
28; 9
29; 61
30; 54
31; 35
32; 34
33; 49
34; 11
35; 15
36; 40
37; 44
38; 38
39; 3
--------------------------------------------------------------------------------
Crossover

0; 43, 41; r(414,275) r(172,362)
1; 43, 41; r(367,274) d(178) d(397) a(418,9) r(171,447)
2; 43; r(414,275) r(172,362) a(418,9) r(171,447)
3; 41; r(367,274) d(178) d(397)
4; 20, 15; r(414,275) r(172,362) d(469) a(212,197) r(459,173)
5; 20, 15; a(201,462) d(214)
6; 20; r(414,275) r(172,362) d(214)
7; 15; a(201,462) d(469) a(212,197) r(459,173)
8; 39; r(367,274) r(402,303) r(257,273)
9; 3; d(431) d(146) r(423,272)
10; 2; r(240,449) r(369,429) a(141,129)
11; 2; r(240,449) r(369,429) a(141,129)
12; 35, 44; r(200,303) a(451,136) a(418,9) a(213,162)
13; 35, 44; r(240,449)
14; 35; r(200,303) a(451,136)
15; 44; r(240,449) a(418,9) a(213,162)
16; 34; r(145,175) r(367,433) r(159,187) r(385,447)
17; 12; r(240,449) d(467) d(237)
18; 38, 0; r(304,243)
19; 38, 0; r(240,449) r(369,429) r(301,359) d(178) d(436)
20; 38; r(304,243) d(178) d(436)
21; 0; r(240,449) r(369,429) r(301,359)
22; 54; a(330,384) d(177) d(341)
23; 5; a(428,162) a(237,274) a(193,164)
24; 35, 43; r(200,303) r(171,447)
25; 35, 43; r(414,275) r(172,362) a(418,9) a(451,136)
26; 35; r(200,303) a(451,136)
27; 43; r(414,275) r(172,362) a(418,9) r(171,447)
28; 10, 60; r(240,449) d(467) a(409,415) a(183,471) d(243)
29; 10, 60; a(182,159)
30; 10; r(240,449) d(467) a(409,415)
31; 60; a(182,159) a(183,471) d(243)
32; 0; r(240,449) r(369,429) r(301,359)
33; 3; d(431) d(146) r(423,272)
34; 11, 21; r(200,303) r(304,340) a(414,136)
35; 11, 21; r(429,210) r(159,187) d(230)
36; 11; r(200,303) r(159,187) d(230)
37; 21; r(429,210) r(304,340) a(414,136)
38; 44, 1; r(240,449) a(418,9) a(213,162)
39; 44, 1; d(431) d(146) r(368,435)
40; 44; r(240,449) a(418,9) a(213,162)
41; 1; d(431) d(146) r(368,435)
42; 0, 31; r(240,449) r(369,429) d(438)
43; 0, 31; r(367,274) a(213,1) r(301,359)
44; 0; r(240,449) r(369,429) r(301,359)
45; 31; r(367,274) a(213,1) d(438)
46; 41; r(367,274) d(178) d(397)
47; 9; d(277) r(11,162) r(205,467)
48; 40, 63; r(304,243) r(402,303) a(334,455) d(369)
49; 40, 63; r(145,175) r(367,433)
50; 40; r(304,243) r(402,303) a(334,455)
51; 63; r(145,175) r(367,433) d(369)
52; 49; a(330,384) d(177) a(460,449)
53; 9; d(277) r(11,162) r(205,467)
54; 54, 14; a(330,384) d(177)
55; 54, 14; d(344) d(25) d(341)
56; 54; a(330,384) d(177) d(341)
57; 14; d(344) d(25)
58; 26; d(344) a(212,197) r(188,471)
59; 61; d(344) d(127) d(281)
60; 8, 55; d(256) r(162,174)
61; 8, 55; a(442,136) d(471) r(235,246) a(249,323)
62; 8; d(256) r(235,246) a(249,323)
63; 55; a(442,136) d(471) r(162,174)
--------------------------------------------------------------------------------
Mutation

0; r(414,275) r(172,362) a(323,325)
1; r(367,274) d(178) d(397) a(418,9) r(171,447) a(130,9)
2; r(414,275) r(172,362) a(418,9) r(171,447) a(245,400)
3; r(367,274) d(178) d(397) r(3,185)
4; r(414,275) r(172,362) d(469) a(212,197) r(459,173) a(368,448)
5; a(201,462) d(214) d(157)
6; r(414,275) r(172,362) d(214) r(241,298)
7; a(201,462) d(469) a(212,197) r(459,173) r(281,351)
8; r(367,274) r(402,303) r(257,273) a(115,286)
9; d(431) d(146) r(423,272) d(189)
10; r(240,449) r(369,429) a(141,129) a(409,423)
11; r(240,449) r(369,429) a(141,129) r(419,355)
12; r(200,303) a(451,136) a(418,9) a(213,162) a(450,185)
13; r(240,449) a(214,207)
14; r(200,303) a(451,136) a(153,357)
15; r(240,449) a(418,9) a(213,162) a(406,418)
16; r(145,175) r(367,433) r(159,187) r(385,447) a(213,337)
17; r(240,449) d(467) d(237) d(394)
18; r(304,243) d(195)
19; r(240,449) r(369,429) r(301,359) d(178) d(436) a(212,233)
20; r(304,243) d(178) d(436) r(441,227)
21; r(240,449) r(369,429) r(301,359) r(346,280)
22; a(330,384) d(177) d(341) d(138)
23; a(428,162) a(237,274) a(193,164) d(212)
24; r(200,303) r(171,447) a(403,449)
25; r(414,275) r(172,362) a(418,9) a(451,136) r(204,181)
26; r(200,303) a(451,136) a(161,201)
27; r(414,275) r(172,362) a(418,9) r(171,447) d(119)
28; r(240,449) d(467) a(409,415) a(183,471) d(243) a(374,136)
29; a(182,159) a(300,280)
30; r(240,449) d(467) a(409,415) d(21)
31; a(182,159) a(183,471) d(243) r(419,410)
32; r(240,449) r(369,429) r(301,359) r(323,299)
33; d(431) d(146) r(423,272) d(226)
34; r(200,303) r(304,340) a(414,136) d(417)
35; r(429,210) r(159,187) d(230) a(237,300)
36; r(200,303) r(159,187) d(230) r(136,22)
37; r(429,210) r(304,340) a(414,136) a(198,449)
38; r(240,449) a(418,9) a(213,162) a(326,444)
39; d(431) d(146) r(368,435) d(109)
40; r(240,449) a(418,9) a(213,162) r(157,233)
41; d(431) d(146) r(368,435) d(351)
42; r(240,449) r(369,429) d(438) a(255,291)
43; r(367,274) a(213,1) r(301,359) d(213)
44; r(240,449) r(369,429) r(301,359) a(206,214)
45; r(367,274) a(213,1) d(438) r(413,185)
46; r(367,274) d(178) d(397) d(165)
47; d(277) r(11,162) r(205,467) d(212)
48; r(304,243) r(402,303) a(334,455) d(369) d(131)
49; r(145,175) r(367,433) a(214,462)
50; r(304,243) r(402,303) a(334,455) d(281)
51; r(145,175) r(367,433) d(369) r(471,448)
52; a(330,384) d(177) a(460,449) d(294)
53; d(277) r(11,162) r(205,467) d(404)
54; a(330,384) d(177) d(294)
55; d(344) d(25) d(341) r(181,185)
56; a(330,384) d(177) d(341) a(377,429)
57; d(344) d(25) r(244,192)
58; d(344) a(212,197) r(188,471) a(248,361)
59; d(344) d(127) d(281) r(176,175)
60; d(256) r(162,174) r(128,274)
61; a(442,136) d(471) r(235,246) a(249,323) a(228,215)
62; d(256) r(235,246) a(249,323) r(421,413)
63; a(442,136) d(471) r(162,174) a(393,221)
--------------------------------------------------------------------------------
Evaluation

0; 0.
1; 0.
2; 0.
3; 0.
4; 0.
5; 0.
6; 0.
7; 0.
8; 0.
9; 0.
10; 0.
11; 0.
12; 0.
13; 0.
14; 0.
15; 0.
16; 0.
17; 0.
18; 0.
19; 0.
20; 0.
21; 0.
22; 0.
23; 0.
24; 0.
25; 0.
26; 0.
27; 0.
28; 0.
29; 0.
30; 0.
31; 0.
32; 0.
33; 0.
34; 0.
35; 0.
36; 0.
37; 0.
38; 0.
39; 0.
40; 0.
41; 0.
42; 0.
43; 0.
44; 0.
45; 0.
46; 0.
47; 0.
48; 0.
49; 0.
50; 0.
51; 0.
52; 0.
53; 0.
54; 0.
55; 0.
56; 0.
57; 0.
58; 0.
59; 0.
60; 0.
61; 0.
62; 0.
63; 0.
================================================================================
Generation 4

--------------------------------------------------------------------------------
Selection

0; 45
1; 57
2; 25
3; 4
4; 39
5; 33
6; 16
7; 11
8; 61
9; 30
10; 12
11; 55
12; 30
13; 41
14; 53
15; 36
16; 23
17; 17
18; 53
19; 48
20; 23
21; 37
22; 45
23; 16
24; 55
25; 13
26; 52
27; 18
28; 52
29; 23
30; 61
31; 27
32; 54
33; 6
34; 42
35; 22
36; 27
37; 39
38; 49
39; 14
--------------------------------------------------------------------------------
Crossover

0; 14; r(200,303) a(451,136) a(153,357)
1; 18; r(304,243) d(195)
2; 41, 52; d(431) d(146) r(368,435) d(177) a(460,449) d(294)
3; 41, 52; a(330,384) d(351)
4; 41; d(431) d(146) r(368,435) d(351)
5; 52; a(330,384) d(177) a(460,449) d(294)
6; 48; r(304,243) r(402,303) a(334,455) d(369) d(131)
7; 12; r(200,303) a(451,136) a(418,9) a(213,162) a(450,185)
8; 49, 30; r(145,175) r(367,433) a(214,462) d(21)
9; 49, 30; r(240,449) d(467) a(409,415)
10; 49; r(145,175) r(367,433) a(214,462)
11; 30; r(240,449) d(467) a(409,415) d(21)
12; 39, 45; d(431) d(146) r(368,435) d(109)
13; 39, 45; r(367,274) a(213,1) d(438) r(413,185)
14; 39; d(431) d(146) r(368,435) d(109)
15; 45; r(367,274) a(213,1) d(438) r(413,185)
16; 23; a(428,162) a(237,274) a(193,164) d(212)
17; 52; a(330,384) d(177) a(460,449) d(294)
18; 61; a(442,136) d(471) r(235,246) a(249,323) a(228,215)
19; 27; r(414,275) r(172,362) a(418,9) r(171,447) d(119)
20; 30, 42; r(240,449) d(467) a(409,415)
21; 30, 42; r(240,449) r(369,429) d(438) a(255,291) d(21)
22; 30; r(240,449) d(467) a(409,415) d(21)
23; 42; r(240,449) r(369,429) d(438) a(255,291)
24; 11, 22; r(240,449) r(369,429) a(141,129)
25; 11, 22; a(330,384) d(177) d(341) d(138) r(419,355)
26; 11; r(240,449) r(369,429) a(141,129) r(419,355)
27; 22; a(330,384) d(177) d(341) d(138)
28; 23, 25; a(428,162) r(172,362) a(418,9) a(451,136) r(204,181)
29; 23, 25; r(414,275) a(237,274) a(193,164) d(212)
30; 23; a(428,162) a(237,274) a(193,164) d(212)
31; 25; r(414,275) r(172,362) a(418,9) a(451,136) r(204,181)
32; 6; r(414,275) r(172,362) d(214) r(241,298)
33; 45; r(367,274) a(213,1) d(438) r(413,185)
34; 23; a(428,162) a(237,274) a(193,164) d(212)
35; 4; r(414,275) r(172,362) d(469) a(212,197) r(459,173) a(368,448)
36; 61; a(442,136) d(471) r(235,246) a(249,323) a(228,215)
37; 16; r(145,175) r(367,433) r(159,187) r(385,447) a(213,337)
38; 54, 53; a(330,384) d(177) r(205,467) d(404)
39; 54, 53; d(277) r(11,162) d(294)
40; 54; a(330,384) d(177) d(294)
41; 53; d(277) r(11,162) r(205,467) d(404)
42; 17; r(240,449) d(467) d(237) d(394)
43; 55; d(344) d(25) d(341) r(181,185)
44; 27, 16; r(414,275) r(172,362) a(418,9) r(171,447) r(367,433) r(159,187) r(385,447) a(213,337)
45; 27, 16; r(145,175) d(119)
46; 27; r(414,275) r(172,362) a(418,9) r(171,447) d(119)
47; 16; r(145,175) r(367,433) r(159,187) r(385,447) a(213,337)
48; 37, 13; r(429,210) r(304,340) a(414,136) a(214,207)
49; 37, 13; r(240,449) a(198,449)
50; 37; r(429,210) r(304,340) a(414,136) a(198,449)
51; 13; r(240,449) a(214,207)
52; 33; d(431) d(146) r(423,272) d(226)
53; 53; d(277) r(11,162) r(205,467) d(404)
54; 57, 36; d(344) d(230) r(136,22)
55; 57, 36; r(200,303) r(159,187) d(25) r(244,192)
56; 57; d(344) d(25) r(244,192)
57; 36; r(200,303) r(159,187) d(230) r(136,22)
58; 39; d(431) d(146) r(368,435) d(109)
59; 55; d(344) d(25) d(341) r(181,185)
--------------------------------------------------------------------------------
Mutation

0; r(200,303) a(451,136) a(153,357) r(161,136)
1; r(304,243) d(195) r(339,41)
2; d(431) d(146) r(368,435) d(177) a(460,449) d(294) a(158,214)
3; a(330,384) d(351) d(328)
4; d(431) d(146) r(368,435) d(351) d(167)
5; a(330,384) d(177) a(460,449) d(294) d(182)
6; r(304,243) r(402,303) a(334,455) d(369) d(131) r(300,347)
7; r(200,303) a(451,136) a(418,9) a(213,162) a(450,185) a(471,451)
8; r(145,175) r(367,433) a(214,462) d(21) d(112)
9; r(240,449) d(467) a(409,415) d(214)
10; r(145,175) r(367,433) a(214,462) r(249,332)
11; r(240,449) d(467) a(409,415) d(21) r(224,385)
12; d(431) d(146) r(368,435) d(109) r(462,441)
13; r(367,274) a(213,1) d(438) r(413,185) r(131,135)
14; d(431) d(146) r(368,435) d(109) d(464)
15; r(367,274) a(213,1) d(438) r(413,185) a(284,230)
16; a(428,162) a(237,274) a(193,164) d(212) r(213,448)
17; a(330,384) d(177) a(460,449) d(294) d(473)
18; a(442,136) d(471) r(235,246) a(249,323) a(228,215) a(212,204)
19; r(414,275) r(172,362) a(418,9) r(171,447) d(119) a(475,463)
20; r(240,449) d(467) a(409,415) r(350,173)
21; r(240,449) r(369,429) d(438) a(255,291) d(21) a(279,335)
22; r(240,449) d(467) a(409,415) d(21) r(204,146)
23; r(240,449) r(369,429) d(438) a(255,291) a(431,273)
24; r(240,449) r(369,429) a(141,129) a(25,294)
25; a(330,384) d(177) d(341) d(138) r(419,355) r(145,31)
26; r(240,449) r(369,429) a(141,129) r(419,355) r(279,445)
27; a(330,384) d(177) d(341) d(138) d(367)
28; a(428,162) r(172,362) a(418,9) a(451,136) r(204,181) d(416)
29; r(414,275) a(237,274) a(193,164) d(212) a(207,444)
30; a(428,162) a(237,274) a(193,164) d(212) a(158,406)
31; r(414,275) r(172,362) a(418,9) a(451,136) r(204,181) a(192,358)
32; r(414,275) r(172,362) d(214) r(241,298) a(112,2)
33; r(367,274) a(213,1) d(438) r(413,185) r(185,357)
34; a(428,162) a(237,274) a(193,164) d(212) a(358,332)
35; r(414,275) r(172,362) d(469) a(212,197) r(459,173) a(368,448) r(121,221)
36; a(442,136) d(471) r(235,246) a(249,323) a(228,215) d(214)
37; r(145,175) r(367,433) r(159,187) r(385,447) a(213,337) r(343,290)
38; a(330,384) d(177) r(205,467) d(404) r(455,28)
39; d(277) r(11,162) d(294) a(466,202)
40; a(330,384) d(177) d(294) r(212,289)
41; d(277) r(11,162) r(205,467) d(404) d(242)
42; r(240,449) d(467) d(237) d(394) a(438,227)
43; d(344) d(25) d(341) r(181,185) r(210,227)
44; r(414,275) r(172,362) a(418,9) r(171,447) r(367,433) r(159,187) r(385,447) a(213,337) d(146)
45; r(145,175) d(119) r(324,360)
46; r(414,275) r(172,362) a(418,9) r(171,447) d(119) d(21)
47; r(145,175) r(367,433) r(159,187) r(385,447) a(213,337) r(240,362)
48; r(429,210) r(304,340) a(414,136) a(214,207) a(390,415)
49; r(240,449) a(198,449) d(127)
50; r(429,210) r(304,340) a(414,136) a(198,449) d(441)
51; r(240,449) a(214,207) d(164)
52; d(431) d(146) r(423,272) d(226) d(460)
53; d(277) r(11,162) r(205,467) d(404) r(471,390)
54; d(344) d(230) r(136,22) d(124)
55; r(200,303) r(159,187) d(25) r(244,192) d(419)
56; d(344) d(25) r(244,192) a(230,406)
57; r(200,303) r(159,187) d(230) r(136,22) r(416,275)
58; d(431) d(146) r(368,435) d(109) a(347,221)
59; d(344) d(25) d(341) r(181,185) a(161,286)
--------------------------------------------------------------------------------
Evaluation

0; 0.
1; 0.
2; 0.
3; 5.
4; 0.
5; 0.
6; 0.
7; 0.
8; 0.
9; 0.
10; 0.
11; 0.
12; 0.
13; 0.
14; 0.
15; 0.
16; 0.
17; 0.
18; 0.
19; 0.
20; 0.
21; 0.
22; 0.
23; 0.
24; 0.
25; 0.
26; 0.
27; 0.
28; 0.
29; 10.
30; 0.
31; 0.
32; 0.
33; 0.
34; 0.
35; 0.
36; 0.
37; 0.
38; 0.
39; 0.
40; 0.
41; 0.
42; 0.
43; 0.
44; 0.
45; 0.
46; 0.
47; 0.
48; 0.
49; 0.
50; 0.
51; 0.
52; 0.
53; 0.
54; 0.
55; 0.
56; 0.
57; 0.
58; 0.
59; 0.
================================================================================
Generation 5

--------------------------------------------------------------------------------
Selection

0; 58
1; 2
2; 16
3; 33
4; 7
5; 42
6; 16
7; 48
8; 8
9; 42
10; 52
11; 44
12; 46
13; 49
14; 46
15; 59
16; 23
17; 1
18; 54
19; 17
20; 28
21; 1
22; 40
23; 46
24; 30
25; 59
26; 16
27; 35
28; 12
29; 49
30; 42
31; 59
32; 53
33; 53
34; 4
35; 42
36; 49
37; 8
38; 55
39; 46
--------------------------------------------------------------------------------
Crossover

0; 4, 59; d(431) d(146) r(368,435) d(351) r(181,185) a(161,286)
1; 4, 59; d(344) d(25) d(341) d(167)
2; 4; d(431) d(146) r(368,435) d(351) d(167)
3; 59; d(344) d(25) d(341) r(181,185) a(161,286)
4; 33, 44; r(367,274) a(213,1)
5; 33, 44; r(414,275) r(172,362) a(418,9) r(171,447) r(367,433) r(159,187) r(385,447) a(213,337) d(146) d(438) r(413,185) r(185,357)
6; 33; r(367,274) a(213,1) d(438) r(413,185) r(185,357)
7; 44; r(414,275) r(172,362) a(418,9) r(171,447) r(367,433) r(159,187) r(385,447) a(213,337) d(146)
8; 48; r(429,210) r(304,340) a(414,136) a(214,207) a(390,415)
9; 42; r(240,449) d(467) d(237) d(394) a(438,227)
10; 46; r(414,275) r(172,362) a(418,9) r(171,447) d(119) d(21)
11; 8; r(145,175) r(367,433) a(214,462) d(21) d(112)
12; 58; d(431) d(146) r(368,435) d(109) a(347,221)
13; 46; r(414,275) r(172,362) a(418,9) r(171,447) d(119) d(21)
14; 1; r(304,243) d(195) r(339,41)
15; 17; a(330,384) d(177) a(460,449) d(294) d(473)
16; 53, 23; d(277) a(431,273)
17; 53, 23; r(240,449) r(369,429) d(438) a(255,291) r(11,162) r(205,467) d(404) r(471,390)
18; 53; d(277) r(11,162) r(205,467) d(404) r(471,390)
19; 23; r(240,449) r(369,429) d(438) a(255,291) a(431,273)
20; 54; d(344) d(230) r(136,22) d(124)
21; 7; r(200,303) a(451,136) a(418,9) a(213,162) a(450,185) a(471,451)
22; 30, 42; a(428,162) a(237,274) a(193,164) d(212)
23; 30, 42; r(240,449) d(467) d(237) d(394) a(438,227) a(158,406)
24; 30; a(428,162) a(237,274) a(193,164) d(212) a(158,406)
25; 42; r(240,449) d(467) d(237) d(394) a(438,227)
26; 35; r(414,275) r(172,362) d(469) a(212,197) r(459,173) a(368,448) r(121,221)
27; 46; r(414,275) r(172,362) a(418,9) r(171,447) d(119) d(21)
28; 16, 16; a(428,162) a(237,274) a(193,164) d(212)
29; 16, 16; a(428,162) a(237,274) a(193,164) d(212) r(213,448) r(213,448)
30; 16; a(428,162) a(237,274) a(193,164) d(212) r(213,448)
31; 16; a(428,162) a(237,274) a(193,164) d(212) r(213,448)
32; 1, 42; r(304,243) d(195) d(394) a(438,227)
33; 1, 42; r(240,449) d(467) d(237) r(339,41)
34; 1; r(304,243) d(195) r(339,41)
35; 42; r(240,449) d(467) d(237) d(394) a(438,227)
36; 59, 59; d(344) d(25) d(341) a(161,286)
37; 59, 59; d(344) d(25) d(341) r(181,185) r(181,185) a(161,286)
38; 59; d(344) d(25) d(341) r(181,185) a(161,286)
39; 59; d(344) d(25) d(341) r(181,185) a(161,286)
40; 46, 16; r(414,275) r(172,362) a(193,164) d(212) r(213,448)
41; 46, 16; a(428,162) a(237,274) a(418,9) r(171,447) d(119) d(21)
42; 46; r(414,275) r(172,362) a(418,9) r(171,447) d(119) d(21)
43; 16; a(428,162) a(237,274) a(193,164) d(212) r(213,448)
44; 49; r(240,449) a(198,449) d(127)
45; 42; r(240,449) d(467) d(237) d(394) a(438,227)
46; 49, 52; r(240,449) a(198,449) d(226) d(460)
47; 49, 52; d(431) d(146) r(423,272) d(127)
48; 49; r(240,449) a(198,449) d(127)
49; 52; d(431) d(146) r(423,272) d(226) d(460)
50; 2, 28; d(431) d(146) a(418,9) a(451,136) r(204,181) d(416)
51; 2, 28; a(428,162) r(172,362) r(368,435) d(177) a(460,449) d(294) a(158,214)
52; 2; d(431) d(146) r(368,435) d(177) a(460,449) d(294) a(158,214)
53; 28; a(428,162) r(172,362) a(418,9) a(451,136) r(204,181) d(416)
54; 53; d(277) r(11,162) r(205,467) d(404) r(471,390)
55; 12; d(431) d(146) r(368,435) d(109) r(462,441)
56; 40; a(330,384) d(177) d(294) r(212,289)
57; 55; r(200,303) r(159,187) d(25) r(244,192) d(419)
58; 49, 8; r(240,449) d(112)
59; 49, 8; r(145,175) r(367,433) a(214,462) d(21) a(198,449) d(127)
60; 49; r(240,449) a(198,449) d(127)
61; 8; r(145,175) r(367,433) a(214,462) d(21) d(112)
--------------------------------------------------------------------------------
Mutation

0; d(431) d(146) r(368,435) d(351) r(181,185) a(161,286) a(139,109)
1; d(344) d(25) d(341) d(167) r(159,154)
2; d(431) d(146) r(368,435) d(351) d(167) d(447)
3; d(344) d(25) d(341) r(181,185) a(161,286) r(210,113)
4; r(367,274) a(213,1) d(467)
5; r(414,275) r(172,362) a(418,9) r(171,447) r(367,433) r(159,187) r(385,447) a(213,337) d(146) d(438) r(413,185) r(185,357) r(303,467)
6; r(367,274) a(213,1) d(438) r(413,185) r(185,357) r(210,182)
7; r(414,275) r(172,362) a(418,9) r(171,447) r(367,433) r(159,187) r(385,447) a(213,337) d(146) a(361,287)
8; r(429,210) r(304,340) a(414,136) a(214,207) a(390,415) r(243,253)
9; r(240,449) d(467) d(237) d(394) a(438,227) d(367)
10; r(414,275) r(172,362) a(418,9) r(171,447) d(119) d(21) d(386)
11; r(145,175) r(367,433) a(214,462) d(21) d(112) r(160,362)
12; d(431) d(146) r(368,435) d(109) a(347,221) a(240,362)
13; r(414,275) r(172,362) a(418,9) r(171,447) d(119) d(21) r(215,52)
14; r(304,243) d(195) r(339,41) r(208,188)
15; a(330,384) d(177) a(460,449) d(294) d(473) a(278,172)
16; d(277) a(431,273) d(300)
17; r(240,449) r(369,429) d(438) a(255,291) r(11,162) r(205,467) d(404) r(471,390) d(159)
18; d(277) r(11,162) r(205,467) d(404) r(471,390) a(129,415)
19; r(240,449) r(369,429) d(438) a(255,291) a(431,273) d(380)
20; d(344) d(230) r(136,22) d(124) d(151)
21; r(200,303) a(451,136) a(418,9) a(213,162) a(450,185) a(471,451) d(379)
22; a(428,162) a(237,274) a(193,164) d(212) r(325,133)
23; r(240,449) d(467) d(237) d(394) a(438,227) a(158,406) d(213)
24; a(428,162) a(237,274) a(193,164) d(212) a(158,406) a(273,455)
25; r(240,449) d(467) d(237) d(394) a(438,227) d(352)
26; r(414,275) r(172,362) d(469) a(212,197) r(459,173) a(368,448) r(121,221) a(1,337)
27; r(414,275) r(172,362) a(418,9) r(171,447) d(119) d(21) a(212,212)
28; a(428,162) a(237,274) a(193,164) d(212) r(442,446)
29; a(428,162) a(237,274) a(193,164) d(212) r(213,448) r(213,448) a(275,447)
30; a(428,162) a(237,274) a(193,164) d(212) r(213,448) a(343,13)
31; a(428,162) a(237,274) a(193,164) d(212) r(213,448) a(464,192)
32; r(304,243) d(195) d(394) a(438,227) a(386,337)
33; r(240,449) d(467) d(237) r(339,41) a(146,337)
34; r(304,243) d(195) r(339,41) r(273,447)
35; r(240,449) d(467) d(237) d(394) a(438,227) r(276,197)
36; d(344) d(25) d(341) a(161,286) a(217,420)
37; d(344) d(25) d(341) r(181,185) r(181,185) a(161,286) d(120)
38; d(344) d(25) d(341) r(181,185) a(161,286) r(212,384)
39; d(344) d(25) d(341) r(181,185) a(161,286) d(390)
40; r(414,275) r(172,362) a(193,164) d(212) r(213,448) a(246,343)
41; a(428,162) a(237,274) a(418,9) r(171,447) d(119) d(21) a(284,241)
42; r(414,275) r(172,362) a(418,9) r(171,447) d(119) d(21) r(187,19)
43; a(428,162) a(237,274) a(193,164) d(212) r(213,448) r(248,287)
44; r(240,449) a(198,449) d(127) a(350,475)
45; r(240,449) d(467) d(237) d(394) a(438,227) r(210,281)
46; r(240,449) a(198,449) d(226) d(460) r(248,406)
47; d(431) d(146) r(423,272) d(127) a(113,162)
48; r(240,449) a(198,449) d(127) d(276)
49; d(431) d(146) r(423,272) d(226) d(460) a(152,289)
50; d(431) d(146) a(418,9) a(451,136) r(204,181) d(416) r(425,400)
51; a(428,162) r(172,362) r(368,435) d(177) a(460,449) d(294) a(158,214) d(437)
52; d(431) d(146) r(368,435) d(177) a(460,449) d(294) a(158,214) d(214)
53; a(428,162) r(172,362) a(418,9) a(451,136) r(204,181) d(416) d(303)
54; d(277) r(11,162) r(205,467) d(404) r(471,390) a(256,197)
55; d(431) d(146) r(368,435) d(109) r(462,441) a(212,233)
56; a(330,384) d(177) d(294) r(212,289) a(458,20)
57; r(200,303) r(159,187) d(25) r(244,192) d(419) a(300,250)
58; r(240,449) d(112) r(427,197)
59; r(145,175) r(367,433) a(214,462) d(21) a(198,449) d(127) d(401)
60; r(240,449) a(198,449) d(127) a(455,350)
61; r(145,175) r(367,433) a(214,462) d(21) d(112) r(371,21)
--------------------------------------------------------------------------------
Evaluation

0; 0.
1; 0.
2; 0.
3; 0.
4; 0.
5; 0.
6; 0.
7; 0.
8; 0.
9; 0.
10; 0.
11; 0.
12; 0.
13; 0.
14; 0.
15; 0.
16; 0.
17; 0.
18; 0.
19; 0.
20; 0.
21; 0.
22; 0.
23; 5.
24; 0.
25; 0.
26; 0.
27; 0.
28; 10.
29; 0.
30; 0.
31; 0.
32; 0.
33; 0.
34; 0.
35; 0.
36; 0.
37; 0.
38; 0.
39; 0.
40; 0.
41; 0.
42; 0.
43; 0.
44; 0.
45; 0.
46; 0.
47; 0.
48; 0.
49; 0.
50; 0.
51; 0.
52; 0.
53; 0.
54; 0.
55; 0.
56; 0.
57; 0.
58; 0.
59; 0.
60; 0.
61; 0.
================================================================================
Generation 6

--------------------------------------------------------------------------------
Selection

0; 11
1; 35
2; 3
3; 13
4; 30
5; 17
6; 32
7; 20
8; 48
9; 52
10; 27
11; 14
12; 57
13; 24
14; 20
15; 50
16; 21
17; 33
18; 27
19; 45
20; 30
21; 59
22; 47
23; 6
24; 1
25; 37
26; 50
27; 0
28; 3
29; 24
30; 34
31; 24
32; 42
33; 1
34; 4
35; 58
36; 53
37; 14
38; 13
39; 56
--------------------------------------------------------------------------------
Crossover

0; 30; a(428,162) a(237,274) a(193,164) d(212) r(213,448) a(343,13)
1; 45; r(240,449) d(467) d(237) d(394) a(438,227) r(210,281)
2; 3, 11; d(344) d(25) d(341) r(181,185) a(161,286) r(210,113) d(112) r(160,362)
3; 3, 11; r(145,175) r(367,433) a(214,462) d(21)
4; 3; d(344) d(25) d(341) r(181,185) a(161,286) r(210,113)
5; 11; r(145,175) r(367,433) a(214,462) d(21) d(112) r(160,362)
6; 24, 50; a(428,162) a(237,274) d(146) a(418,9) a(451,136) r(204,181) d(416) r(425,400)
7; 24, 50; d(431) a(193,164) d(212) a(158,406) a(273,455)
8; 24; a(428,162) a(237,274) a(193,164) d(212) a(158,406) a(273,455)
9; 50; d(431) d(146) a(418,9) a(451,136) r(204,181) d(416) r(425,400)
10; 34, 0; r(304,243) d(195) a(161,286) a(139,109)
11; 34, 0; d(431) d(146) r(368,435) d(351) r(181,185) r(339,41) r(273,447)
12; 34; r(304,243) d(195) r(339,41) r(273,447)
13; 0; d(431) d(146) r(368,435) d(351) r(181,185) a(161,286) a(139,109)
14; 42, 24; r(414,275) r(172,362) a(418,9) a(237,274) a(193,164) d(212) a(158,406) a(273,455)
15; 42, 24; a(428,162) r(171,447) d(119) d(21) r(187,19)
16; 42; r(414,275) r(172,362) a(418,9) r(171,447) d(119) d(21) r(187,19)
17; 24; a(428,162) a(237,274) a(193,164) d(212) a(158,406) a(273,455)
18; 56, 27; a(330,384) d(177) d(294) r(212,289) a(212,212)
19; 56, 27; r(414,275) r(172,362) a(418,9) r(171,447) d(119) d(21) a(458,20)
20; 56; a(330,384) d(177) d(294) r(212,289) a(458,20)
21; 27; r(414,275) r(172,362) a(418,9) r(171,447) d(119) d(21) a(212,212)
22; 33, 20; r(240,449) d(467) d(124) d(151)
23; 33, 20; d(344) d(230) r(136,22) d(237) r(339,41) a(146,337)
24; 33; r(240,449) d(467) d(237) r(339,41) a(146,337)
25; 20; d(344) d(230) r(136,22) d(124) d(151)
26; 3; d(344) d(25) d(341) r(181,185) a(161,286) r(210,113)
27; 13; r(414,275) r(172,362) a(418,9) r(171,447) d(119) d(21) r(215,52)
28; 53, 32; a(428,162)
29; 53, 32; r(304,243) d(195) d(394) a(438,227) a(386,337) r(172,362) a(418,9) a(451,136) r(204,181) d(416) d(303)
30; 53; a(428,162) r(172,362) a(418,9) a(451,136) r(204,181) d(416) d(303)
31; 32; r(304,243) d(195) d(394) a(438,227) a(386,337)
32; 50; d(431) d(146) a(418,9) a(451,136) r(204,181) d(416) r(425,400)
33; 30; a(428,162) a(237,274) a(193,164) d(212) r(213,448) a(343,13)
34; 14, 13; r(304,243) d(195) r(339,41) r(208,188) a(418,9) r(171,447) d(119) d(21) r(215,52)
35; 14, 13; r(414,275) r(172,362)
36; 14; r(304,243) d(195) r(339,41) r(208,188)
37; 13; r(414,275) r(172,362) a(418,9) r(171,447) d(119) d(21) r(215,52)
38; 17; r(240,449) r(369,429) d(438) a(255,291) r(11,162) r(205,467) d(404) r(471,390) d(159)
39; 20; d(344) d(230) r(136,22) d(124) d(151)
40; 1; d(344) d(25) d(341) d(167) r(159,154)
41; 59; r(145,175) r(367,433) a(214,462) d(21) a(198,449) d(127) d(401)
42; 35; r(240,449) d(467) d(237) d(394) a(438,227) r(276,197)
43; 4; r(367,274) a(213,1) d(467)
44; 1, 24; d(344) a(193,164) d(212) a(158,406) a(273,455)
45; 1, 24; a(428,162) a(237,274) d(25) d(341) d(167) r(159,154)
46; 1; d(344) d(25) d(341) d(167) r(159,154)
47; 24; a(428,162) a(237,274) a(193,164) d(212) a(158,406) a(273,455)
48; 14, 47; r(304,243) d(195) r(339,41) d(127) a(113,162)
49; 14, 47; d(431) d(146) r(423,272) r(208,188)
50; 14; r(304,243) d(195) r(339,41) r(208,188)
51; 47; d(431) d(146) r(423,272) d(127) a(113,162)
52; 37, 52; d(344) d(25) d(341) r(181,185) r(181,185) a(161,286) d(120) d(294) a(158,214) d(214)
53; 37, 52; d(431) d(146) r(368,435) d(177) a(460,449)
54; 37; d(344) d(25) d(341) r(181,185) r(181,185) a(161,286) d(120)
55; 52; d(431) d(146) r(368,435) d(177) a(460,449) d(294) a(158,214) d(214)
56; 6, 58; r(367,274) a(213,1) d(438) r(413,185) r(185,357) r(427,197)
57; 6, 58; r(240,449) d(112) r(210,182)
58; 6; r(367,274) a(213,1) d(438) r(413,185) r(185,357) r(210,182)
59; 58; r(240,449) d(112) r(427,197)
60; 57; r(200,303) r(159,187) d(25) r(244,192) d(419) a(300,250)
61; 48; r(240,449) a(198,449) d(127) d(276)
62; 21; r(200,303) a(451,136) a(418,9) a(213,162) a(450,185) a(471,451) d(379)
63; 27; r(414,275) r(172,362) a(418,9) r(171,447) d(119) d(21) a(212,212)
--------------------------------------------------------------------------------
Mutation

0; a(428,162) a(237,274) a(193,164) d(212) r(213,448) a(343,13) d(381)
1; r(240,449) d(467) d(237) d(394) a(438,227) r(210,281) d(254)
2; d(344) d(25) d(341) r(181,185) a(161,286) r(210,113) d(112) r(160,362) d(420)
3; r(145,175) r(367,433) a(214,462) d(21) r(413,425)
4; d(344) d(25) d(341) r(181,185) a(161,286) r(210,113) a(2,33)
5; r(145,175) r(367,433) a(214,462) d(21) d(112) r(160,362) d(399)
6; a(428,162) a(237,274) d(146) a(418,9) a(451,136) r(204,181) d(416) r(425,400) r(212,455)
7; d(431) a(193,164) d(212) a(158,406) a(273,455) r(123,406)
8; a(428,162) a(237,274) a(193,164) d(212) a(158,406) a(273,455) a(406,434)
9; d(431) d(146) a(418,9) a(451,136) r(204,181) d(416) r(425,400) d(391)
10; r(304,243) d(195) a(161,286) a(139,109) r(430,233)
11; d(431) d(146) r(368,435) d(351) r(181,185) r(339,41) r(273,447) d(424)
12; r(304,243) d(195) r(339,41) r(273,447) r(159,2)
13; d(431) d(146) r(368,435) d(351) r(181,185) a(161,286) a(139,109) d(458)
14; r(414,275) r(172,362) a(418,9) a(237,274) a(193,164) d(212) a(158,406) a(273,455) d(230)
15; a(428,162) r(171,447) d(119) d(21) r(187,19) d(230)
16; r(414,275) r(172,362) a(418,9) r(171,447) d(119) d(21) r(187,19) a(127,113)
17; a(428,162) a(237,274) a(193,164) d(212) a(158,406) a(273,455) a(175,13)
18; a(330,384) d(177) d(294) r(212,289) a(212,212) r(123,445)
19; r(414,275) r(172,362) a(418,9) r(171,447) d(119) d(21) a(458,20) a(409,192)
20; a(330,384) d(177) d(294) r(212,289) a(458,20) d(356)
21; r(414,275) r(172,362) a(418,9) r(171,447) d(119) d(21) a(212,212) r(117,130)
22; r(240,449) d(467) d(124) d(151) a(138,19)
23; d(344) d(230) r(136,22) d(237) r(339,41) a(146,337) a(159,120)
24; r(240,449) d(467) d(237) r(339,41) a(146,337) r(210,20)
25; d(344) d(230) r(136,22) d(124) d(151) r(22,337)
26; d(344) d(25) d(341) r(181,185) a(161,286) r(210,113) d(246)
27; r(414,275) r(172,362) a(418,9) r(171,447) d(119) d(21) r(215,52) a(386,369)
28; a(428,162) d(212)
29; r(304,243) d(195) d(394) a(438,227) a(386,337) r(172,362) a(418,9) a(451,136) r(204,181) d(416) d(303) r(452,28)
30; a(428,162) r(172,362) a(418,9) a(451,136) r(204,181) d(416) d(303) r(361,471)
31; r(304,243) d(195) d(394) a(438,227) a(386,337) d(392)
32; d(431) d(146) a(418,9) a(451,136) r(204,181) d(416) r(425,400) d(251)
33; a(428,162) a(237,274) a(193,164) d(212) r(213,448) a(343,13) d(353)
34; r(304,243) d(195) r(339,41) r(208,188) a(418,9) r(171,447) d(119) d(21) r(215,52) d(453)
35; r(414,275) r(172,362) r(433,323)
36; r(304,243) d(195) r(339,41) r(208,188) r(214,52)
37; r(414,275) r(172,362) a(418,9) r(171,447) d(119) d(21) r(215,52) d(434)
38; r(240,449) r(369,429) d(438) a(255,291) r(11,162) r(205,467) d(404) r(471,390) d(159) r(470,357)
39; d(344) d(230) r(136,22) d(124) d(151) a(24,381)
40; d(344) d(25) d(341) d(167) r(159,154) r(286,171)
41; r(145,175) r(367,433) a(214,462) d(21) a(198,449) d(127) d(401) r(139,173)
42; r(240,449) d(467) d(237) d(394) a(438,227) r(276,197) r(251,338)
43; r(367,274) a(213,1) d(467) a(433,388)
44; d(344) a(193,164) d(212) a(158,406) a(273,455) a(181,37)
45; a(428,162) a(237,274) d(25) d(341) d(167) r(159,154) d(117)
46; d(344) d(25) d(341) d(167) r(159,154) a(441,294)
47; a(428,162) a(237,274) a(193,164) d(212) a(158,406) a(273,455) d(159)
48; r(304,243) d(195) r(339,41) d(127) a(113,162) r(141,385)
49; d(431) d(146) r(423,272) r(208,188) a(388,362)
50; r(304,243) d(195) r(339,41) r(208,188) d(160)
51; d(431) d(146) r(423,272) d(127) a(113,162) d(118)
52; d(344) d(25) d(341) r(181,185) r(181,185) a(161,286) d(120) d(294) a(158,214) d(214) r(381,428)
53; d(431) d(146) r(368,435) d(177) a(460,449) a(1,337)
54; d(344) d(25) d(341) r(181,185) r(181,185) a(161,286) d(120) a(280,360)
55; d(431) d(146) r(368,435) d(177) a(460,449) d(294) a(158,214) d(214) a(436,439)
56; r(367,274) a(213,1) d(438) r(413,185) r(185,357) r(427,197) a(198,337)
57; r(240,449) d(112) r(210,182) r(119,185)
58; r(367,274) a(213,1) d(438) r(413,185) r(185,357) r(210,182) d(414)
59; r(240,449) d(112) r(427,197) d(148)
60; r(200,303) r(159,187) d(25) r(244,192) d(419) a(300,250) a(378,273)
61; r(240,449) a(198,449) d(127) d(276) d(116)
62; r(200,303) a(451,136) a(418,9) a(213,162) a(450,185) a(471,451) d(379) d(258)
63; r(414,275) r(172,362) a(418,9) r(171,447) d(119) d(21) a(212,212) r(133,117)
--------------------------------------------------------------------------------
Evaluation

0; 0.
1; 0.
2; 0.
3; 0.
4; 0.
5; 0.
6; 0.
7; 0.
8; 0.
9; 0.
10; 0.
11; 0.
12; 0.
13; 0.
14; 0.
15; 0.
16; 0.
17; 0.
18; 0.
19; 0.
20; 0.
21; 0.
22; 0.
23; 0.
24; 0.
25; 0.
26; 0.
27; 0.
28; 5.
29; 0.
30; 0.
31; 0.
32; 0.
33; 0.
34; 0.
35; 0.
36; 0.
37; 0.
38; 0.
39; 0.
40; 0.
41; 0.
42; 0.
43; 0.
44; 5.
45; 0.
46; 0.
47; 0.
48; 0.
49; 0.
50; 0.
51; 0.
52; 0.
53; 0.
54; 0.
55; 0.
56; 0.
57; 0.
58; 0.
59; 0.
60; 0.
61; 0.
62; 0.
63; 0.
================================================================================
Generation 7

--------------------------------------------------------------------------------
Selection

0; 51
1; 31
2; 1
3; 8
4; 58
5; 50
6; 41
7; 7
8; 61
9; 41
10; 2
11; 57
12; 57
13; 21
14; 47
15; 18
16; 54
17; 18
18; 63
19; 52
20; 0
21; 20
22; 15
23; 1
24; 19
25; 41
26; 63
27; 51
28; 37
29; 9
30; 50
31; 61
32; 7
33; 17
34; 19
35; 3
36; 41
37; 21
38; 25
39; 32
--------------------------------------------------------------------------------
Crossover

0; 18, 47; a(330,384) d(177) d(294) r(212,289) a(212,212) a(193,164) d(212) a(158,406) a(273,455) d(159)
1; 18, 47; a(428,162) a(237,274) r(123,445)
2; 18; a(330,384) d(177) d(294) r(212,289) a(212,212) r(123,445)
3; 47; a(428,162) a(237,274) a(193,164) d(212) a(158,406) a(273,455) d(159)
4; 41, 32; r(145,175) r(367,433) r(425,400) d(251)
5; 41, 32; d(431) d(146) a(418,9) a(451,136) r(204,181) d(416) a(214,462) d(21) a(198,449) d(127) d(401) r(139,173)
6; 41; r(145,175) r(367,433) a(214,462) d(21) a(198,449) d(127) d(401) r(139,173)
7; 32; d(431) d(146) a(418,9) a(451,136) r(204,181) d(416) r(425,400) d(251)
8; 41, 0; r(145,175) r(367,433) a(214,462) d(212) r(213,448) a(343,13) d(381)
9; 41, 0; a(428,162) a(237,274) a(193,164) d(21) a(198,449) d(127) d(401) r(139,173)
10; 41; r(145,175) r(367,433) a(214,462) d(21) a(198,449) d(127) d(401) r(139,173)
11; 0; a(428,162) a(237,274) a(193,164) d(212) r(213,448) a(343,13) d(381)
12; 31; r(304,243) d(195) d(394) a(438,227) a(386,337) d(392)
13; 50; r(304,243) d(195) r(339,41) r(208,188) d(160)
14; 21; r(414,275) r(172,362) a(418,9) r(171,447) d(119) d(21) a(212,212) r(117,130)
15; 1; r(240,449) d(467) d(237) d(394) a(438,227) r(210,281) d(254)
16; 61; r(240,449) a(198,449) d(127) d(276) d(116)
17; 8; a(428,162) a(237,274) a(193,164) d(212) a(158,406) a(273,455) a(406,434)
18; 2, 7; d(344) d(25) d(341) r(181,185) d(212) a(158,406) a(273,455) r(123,406)
19; 2, 7; d(431) a(193,164) a(161,286) r(210,113) d(112) r(160,362) d(420)
20; 2; d(344) d(25) d(341) r(181,185) a(161,286) r(210,113) d(112) r(160,362) d(420)
21; 7; d(431) a(193,164) d(212) a(158,406) a(273,455) r(123,406)
22; 61; r(240,449) a(198,449) d(127) d(276) d(116)
23; 9; d(431) d(146) a(418,9) a(451,136) r(204,181) d(416) r(425,400) d(391)
24; 37; r(414,275) r(172,362) a(418,9) r(171,447) d(119) d(21) r(215,52) d(434)
25; 57; r(240,449) d(112) r(210,182) r(119,185)
26; 52; d(344) d(25) d(341) r(181,185) r(181,185) a(161,286) d(120) d(294) a(158,214) d(214) r(381,428)
27; 58; r(367,274) a(213,1) d(438) r(413,185) r(185,357) r(210,182) d(414)
28; 15; a(428,162) r(171,447) d(119) d(21) r(187,19) d(230)
29; 25; d(344) d(230) r(136,22) d(124) d(151) r(22,337)
30; 63; r(414,275) r(172,362) a(418,9) r(171,447) d(119) d(21) a(212,212) r(133,117)
31; 50; r(304,243) d(195) r(339,41) r(208,188) d(160)
32; 21, 41; r(414,275) r(172,362) a(418,9) r(171,447) d(21) a(198,449) d(127) d(401) r(139,173)
33; 21, 41; r(145,175) r(367,433) a(214,462) d(119) d(21) a(212,212) r(117,130)
34; 21; r(414,275) r(172,362) a(418,9) r(171,447) d(119) d(21) a(212,212) r(117,130)
35; 41; r(145,175) r(367,433) a(214,462) d(21) a(198,449) d(127) d(401) r(139,173)
36; 63, 54; r(414,275) r(172,362) a(418,9) r(171,447) d(119) d(21) a(212,212) r(133,117)
37; 63, 54; d(344) d(25) d(341) r(181,185) r(181,185) a(161,286) d(120) a(280,360)
38; 63; r(414,275) r(172,362) a(418,9) r(171,447) d(119) d(21) a(212,212) r(133,117)
39; 54; d(344) d(25) d(341) r(181,185) r(181,185) a(161,286) d(120) a(280,360)
40; 18; a(330,384) d(177) d(294) r(212,289) a(212,212) r(123,445)
41; 51; d(431) d(146) r(423,272) d(127) a(113,162) d(118)
42; 57; r(240,449) d(112) r(210,182) r(119,185)
43; 1; r(240,449) d(467) d(237) d(394) a(438,227) r(210,281) d(254)
44; 3, 51; r(145,175) r(367,433) a(214,462) d(21) r(423,272) d(127) a(113,162) d(118)
45; 3, 51; d(431) d(146) r(413,425)
46; 3; r(145,175) r(367,433) a(214,462) d(21) r(413,425)
47; 51; d(431) d(146) r(423,272) d(127) a(113,162) d(118)
48; 20; a(330,384) d(177) d(294) r(212,289) a(458,20) d(356)
49; 19; r(414,275) r(172,362) a(418,9) r(171,447) d(119) d(21) a(458,20) a(409,192)
50; 19; r(414,275) r(172,362) a(418,9) r(171,447) d(119) d(21) a(458,20) a(409,192)
51; 17; a(428,162) a(237,274) a(193,164) d(212) a(158,406) a(273,455) a(175,13)
52; 41, 7; r(145,175) d(212) a(158,406) a(273,455) r(123,406)
53; 41, 7; d(431) a(193,164) r(367,433) a(214,462) d(21) a(198,449) d(127) d(401) r(139,173)
54; 41; r(145,175) r(367,433) a(214,462) d(21) a(198,449) d(127) d(401) r(139,173)
55; 7; d(431) a(193,164) d(212) a(158,406) a(273,455) r(123,406)
--------------------------------------------------------------------------------
Mutation

0; a(330,384) d(177) d(294) r(212,289) a(212,212) a(193,164) d(212) a(158,406) a(273,455) d(159) r(435,398)
1; a(428,162) a(237,274) r(123,445) a(19,425)
2; a(330,384) d(177) d(294) r(212,289) a(212,212) r(123,445) r(245,52)
3; a(428,162) a(237,274) a(193,164) d(212) a(158,406) a(273,455) d(159) d(238)
4; r(145,175) r(367,433) r(425,400) d(251) r(223,172)
5; d(431) d(146) a(418,9) a(451,136) r(204,181) d(416) a(214,462) d(21) a(198,449) d(127) d(401) r(139,173) d(243)
6; r(145,175) r(367,433) a(214,462) d(21) a(198,449) d(127) d(401) r(139,173) a(324,52)
7; d(431) d(146) a(418,9) a(451,136) r(204,181) d(416) r(425,400) d(251) r(110,275)
8; r(145,175) r(367,433) a(214,462) d(212) r(213,448) a(343,13) d(381) r(303,475)
9; a(428,162) a(237,274) a(193,164) d(21) a(198,449) d(127) d(401) r(139,173) r(351,249)
10; r(145,175) r(367,433) a(214,462) d(21) a(198,449) d(127) d(401) r(139,173) a(157,13)
11; a(428,162) a(237,274) a(193,164) d(212) r(213,448) a(343,13) d(381) a(301,28)
12; r(304,243) d(195) d(394) a(438,227) a(386,337) d(392) a(471,52)
13; r(304,243) d(195) r(339,41) r(208,188) d(160) r(174,349)
14; r(414,275) r(172,362) a(418,9) r(171,447) d(119) d(21) a(212,212) r(117,130) r(204,273)
15; r(240,449) d(467) d(237) d(394) a(438,227) r(210,281) d(254) d(284)
16; r(240,449) a(198,449) d(127) d(276) d(116) r(470,461)
17; a(428,162) a(237,274) a(193,164) d(212) a(158,406) a(273,455) a(406,434) d(418)
18; d(344) d(25) d(341) r(181,185) d(212) a(158,406) a(273,455) r(123,406) r(440,286)
19; d(431) a(193,164) a(161,286) r(210,113) d(112) r(160,362) d(420) a(413,362)
20; d(344) d(25) d(341) r(181,185) a(161,286) r(210,113) d(112) r(160,362) d(420) r(325,299)
21; d(431) a(193,164) d(212) a(158,406) a(273,455) r(123,406) d(442)
22; r(240,449) a(198,449) d(127) d(276) d(116) a(212,444)
23; d(431) d(146) a(418,9) a(451,136) r(204,181) d(416) r(425,400) d(391) r(180,195)
24; r(414,275) r(172,362) a(418,9) r(171,447) d(119) d(21) r(215,52) d(434) a(338,361)
25; r(240,449) d(112) r(210,182) r(119,185) a(423,1)
26; d(344) d(25) d(341) r(181,185) r(181,185) a(161,286) d(120) d(294) a(158,214) d(214) r(381,428) a(212,350)
27; r(367,274) a(213,1) d(438) r(413,185) r(185,357) r(210,182) d(414) d(331)
28; a(428,162) r(171,447) d(119) d(21) r(187,19) d(230) r(447,273)
29; d(344) d(230) r(136,22) d(124) d(151) r(22,337) a(133,2)
30; r(414,275) r(172,362) a(418,9) r(171,447) d(119) d(21) a(212,212) r(133,117) d(404)
31; r(304,243) d(195) r(339,41) r(208,188) d(160) r(251,303)
32; r(414,275) r(172,362) a(418,9) r(171,447) d(21) a(198,449) d(127) d(401) r(139,173) r(24,281)
33; r(145,175) r(367,433) a(214,462) d(119) d(21) a(212,212) r(117,130) a(440,455)
34; r(414,275) r(172,362) a(418,9) r(171,447) d(119) d(21) a(212,212) r(117,130) d(228)
35; r(145,175) r(367,433) a(214,462) d(21) a(198,449) d(127) d(401) r(139,173) d(201)
36; r(414,275) r(172,362) a(418,9) r(171,447) d(119) d(21) a(212,212) r(133,117) d(447)
37; d(344) d(25) d(341) r(181,185) r(181,185) a(161,286) d(120) a(280,360) a(238,162)
38; r(414,275) r(172,362) a(418,9) r(171,447) d(119) d(21) a(212,212) r(133,117) d(188)
39; d(344) d(25) d(341) r(181,185) r(181,185) a(161,286) d(120) a(280,360) r(392,423)
40; a(330,384) d(177) d(294) r(212,289) a(212,212) r(123,445) d(219)
41; d(431) d(146) r(423,272) d(127) a(113,162) d(118) a(325,384)
42; r(240,449) d(112) r(210,182) r(119,185) r(2,214)
43; r(240,449) d(467) d(237) d(394) a(438,227) r(210,281) d(254) d(225)
44; r(145,175) r(367,433) a(214,462) d(21) r(423,272) d(127) a(113,162) d(118) a(457,171)
45; d(431) d(146) r(413,425) a(188,172)
46; r(145,175) r(367,433) a(214,462) d(21) r(413,425) d(229)
47; d(431) d(146) r(423,272) d(127) a(113,162) d(118) d(362)
48; a(330,384) d(177) d(294) r(212,289) a(458,20) d(356) d(438)
49; r(414,275) r(172,362) a(418,9) r(171,447) d(119) d(21) a(458,20) a(409,192) a(439,413)
50; r(414,275) r(172,362) a(418,9) r(171,447) d(119) d(21) a(458,20) a(409,192) r(24,303)
51; a(428,162) a(237,274) a(193,164) d(212) a(158,406) a(273,455) a(175,13) d(128)
52; r(145,175) d(212) a(158,406) a(273,455) r(123,406) a(458,330)
53; d(431) a(193,164) r(367,433) a(214,462) d(21) a(198,449) d(127) d(401) r(139,173) a(352,228)
54; r(145,175) r(367,433) a(214,462) d(21) a(198,449) d(127) d(401) r(139,173) r(233,406)
55; d(431) a(193,164) d(212) a(158,406) a(273,455) r(123,406) r(176,28)
--------------------------------------------------------------------------------
Evaluation

0; 0.
1; 0.
2; 0.
3; 0.
4; 0.
5; 0.
6; 0.
7; 0.
8; 0.
9; 0.
10; 0.
11; 0.
12; 0.
13; 0.
14; 0.
15; 0.
16; 0.
17; 0.
18; 0.
19; 0.
20; 0.
21; 0.
22; 0.
23; 0.
24; 0.
25; 0.
26; 0.
27; 0.
28; 0.
29; 0.
30; 0.
31; 0.
32; 0.
33; 0.
34; 0.
35; 0.
36; 0.
37; 0.
38; 0.
39; 0.
40; 0.
41; 0.
42; 0.
43; 0.
44; 0.
45; 0.
46; 0.
47; 0.
48; 0.
49; 0.
50; 0.
51; 0.
52; 0.
53; 0.
54; 0.
55; 0.
================================================================================
Generation 8

--------------------------------------------------------------------------------
Selection

0; 36
1; 7
2; 27
3; 15
4; 49
5; 6
6; 20
7; 5
8; 40
9; 38
10; 52
11; 16
12; 54
13; 49
14; 4
15; 44
16; 36
17; 39
18; 27
19; 51
20; 49
21; 10
22; 45
23; 23
24; 5
25; 17
26; 55
27; 25
28; 42
29; 19
30; 42
31; 38
32; 29
33; 46
34; 13
35; 44
36; 55
37; 0
38; 16
39; 45
--------------------------------------------------------------------------------
Crossover

0; 36, 54; r(414,275) d(127) d(401) r(139,173) r(233,406)
1; 36, 54; r(145,175) r(367,433) a(214,462) d(21) a(198,449) r(172,362) a(418,9) r(171,447) d(119) d(21) a(212,212) r(133,117) d(447)
2; 36; r(414,275) r(172,362) a(418,9) r(171,447) d(119) d(21) a(212,212) r(133,117) d(447)
3; 54; r(145,175) r(367,433) a(214,462) d(21) a(198,449) d(127) d(401) r(139,173) r(233,406)
4; 27, 38; r(367,274) a(213,1) d(438) r(413,185) a(418,9) r(171,447) d(119) d(21) a(212,212) r(133,117) d(188)
5; 27, 38; r(414,275) r(172,362) r(185,357) r(210,182) d(414) d(331)
6; 27; r(367,274) a(213,1) d(438) r(413,185) r(185,357) r(210,182) d(414) d(331)
7; 38; r(414,275) r(172,362) a(418,9) r(171,447) d(119) d(21) a(212,212) r(133,117) d(188)
8; 20; d(344) d(25) d(341) r(181,185) a(161,286) r(210,113) d(112) r(160,362) d(420) r(325,299)
9; 17; a(428,162) a(237,274) a(193,164) d(212) a(158,406) a(273,455) a(406,434) d(418)
10; 16, 5; r(240,449) d(401) r(139,173) d(243)
11; 16, 5; d(431) d(146) a(418,9) a(451,136) r(204,181) d(416) a(214,462) d(21) a(198,449) d(127) a(198,449) d(127) d(276) d(116) r(470,461)
12; 16; r(240,449) a(198,449) d(127) d(276) d(116) r(470,461)
13; 5; d(431) d(146) a(418,9) a(451,136) r(204,181) d(416) a(214,462) d(21) a(198,449) d(127) d(401) r(139,173) d(243)
14; 52, 13; r(145,175) d(160) r(174,349)
15; 52, 13; r(304,243) d(195) r(339,41) r(208,188) d(212) a(158,406) a(273,455) r(123,406) a(458,330)
16; 52; r(145,175) d(212) a(158,406) a(273,455) r(123,406) a(458,330)
17; 13; r(304,243) d(195) r(339,41) r(208,188) d(160) r(174,349)
18; 49; r(414,275) r(172,362) a(418,9) r(171,447) d(119) d(21) a(458,20) a(409,192) a(439,413)
19; 42; r(240,449) d(112) r(210,182) r(119,185) r(2,214)
20; 55; d(431) a(193,164) d(212) a(158,406) a(273,455) r(123,406) r(176,28)
21; 40; a(330,384) d(177) d(294) r(212,289) a(212,212) r(123,445) d(219)
22; 36; r(414,275) r(172,362) a(418,9) r(171,447) d(119) d(21) a(212,212) r(133,117) d(447)
23; 15; r(240,449) d(467) d(237) d(394) a(438,227) r(210,281) d(254) d(284)
24; 44, 49; r(145,175) r(367,433) a(214,462) d(21) r(423,272) d(127) a(113,162) r(172,362) a(418,9) r(171,447) d(119) d(21) a(458,20) a(409,192) a(439,413)
25; 44, 49; r(414,275) d(118) a(457,171)
26; 44; r(145,175) r(367,433) a(214,462) d(21) r(423,272) d(127) a(113,162) d(118) a(457,171)
27; 49; r(414,275) r(172,362) a(418,9) r(171,447) d(119) d(21) a(458,20) a(409,192) a(439,413)
28; 4; r(145,175) r(367,433) r(425,400) d(251) r(223,172)
29; 49; r(414,275) r(172,362) a(418,9) r(171,447) d(119) d(21) a(458,20) a(409,192) a(439,413)
30; 6; r(145,175) r(367,433) a(214,462) d(21) a(198,449) d(127) d(401) r(139,173) a(324,52)
31; 46; r(145,175) r(367,433) a(214,462) d(21) r(413,425) d(229)
32; 0, 51; a(330,384) d(177) d(128)
33; 0, 51; a(428,162) a(237,274) a(193,164) d(212) a(158,406) a(273,455) a(175,13) d(294) r(212,289) a(212,212) a(193,164) d(212) a(158,406) a(273,455) d(159) r(435,398)
34; 0; a(330,384) d(177) d(294) r(212,289) a(212,212) a(193,164) d(212) a(158,406) a(273,455) d(159) r(435,398)
35; 51; a(428,162) a(237,274) a(193,164) d(212) a(158,406) a(273,455) a(175,13) d(128)
36; 39, 42; d(344) d(25) r(2,214)
37; 39, 42; r(240,449) d(112) r(210,182) r(119,185) d(341) r(181,185) r(181,185) a(161,286) d(120) a(280,360) r(392,423)
38; 39; d(344) d(25) d(341) r(181,185) r(181,185) a(161,286) d(120) a(280,360) r(392,423)
39; 42; r(240,449) d(112) r(210,182) r(119,185) r(2,214)
40; 25, 10; r(240,449) d(112) r(210,182) r(119,185) a(423,1) d(127) d(401) r(139,173) a(157,13)
41; 25, 10; r(145,175) r(367,433) a(214,462) d(21) a(198,449)
42; 25; r(240,449) d(112) r(210,182) r(119,185) a(423,1)
43; 10; r(145,175) r(367,433) a(214,462) d(21) a(198,449) d(127) d(401) r(139,173) a(157,13)
44; 16, 5; r(240,449) a(198,449) d(127) d(276) d(116) r(470,461) d(146) a(418,9) a(451,136) r(204,181) d(416) a(214,462) d(21) a(198,449) d(127) d(401) r(139,173) d(243)
45; 16, 5; d(431)
46; 16; r(240,449) a(198,449) d(127) d(276) d(116) r(470,461)
47; 5; d(431) d(146) a(418,9) a(451,136) r(204,181) d(416) a(214,462) d(21) a(198,449) d(127) d(401) r(139,173) d(243)
48; 45; d(431) d(146) r(413,425) a(188,172)
49; 29; d(344) d(230) r(136,22) d(124) d(151) r(22,337) a(133,2)
50; 38, 27; r(414,275) r(172,362) a(418,9) r(171,447) d(119) d(21) a(212,212) r(133,117) a(213,1) d(438) r(413,185) r(185,357) r(210,182) d(414) d(331)
51; 38, 27; r(367,274) d(188)
52; 38; r(414,275) r(172,362) a(418,9) r(171,447) d(119) d(21) a(212,212) r(133,117) d(188)
53; 27; r(367,274) a(213,1) d(438) r(413,185) r(185,357) r(210,182) d(414) d(331)
54; 45; d(431) d(146) r(413,425) a(188,172)
55; 23; d(431) d(146) a(418,9) a(451,136) r(204,181) d(416) r(425,400) d(391) r(180,195)
56; 19, 55; d(431) a(193,164)
57; 19, 55; d(431) a(193,164) d(212) a(158,406) a(273,455) r(123,406) r(176,28) a(161,286) r(210,113) d(112) r(160,362) d(420) a(413,362)
58; 19; d(431) a(193,164) a(161,286) r(210,113) d(112) r(160,362) d(420) a(413,362)
59; 55; d(431) a(193,164) d(212) a(158,406) a(273,455) r(123,406) r(176,28)
60; 44; r(145,175) r(367,433) a(214,462) d(21) r(423,272) d(127) a(113,162) d(118) a(457,171)
61; 7; d(431) d(146) a(418,9) a(451,136) r(204,181) d(416) r(425,400) d(251) r(110,275)
--------------------------------------------------------------------------------
Mutation

0; r(414,275) d(127) d(401) r(139,173) r(233,406) a(434,431)
1; r(145,175) r(367,433) a(214,462) d(21) a(198,449) r(172,362) a(418,9) r(171,447) d(119) d(21) a(212,212) r(133,117) d(447) d(421)
2; r(414,275) r(172,362) a(418,9) r(171,447) d(119) d(21) a(212,212) r(133,117) d(447) a(303,287)
3; r(145,175) r(367,433) a(214,462) d(21) a(198,449) d(127) d(401) r(139,173) r(233,406) a(297,229)
4; r(367,274) a(213,1) d(438) r(413,185) a(418,9) r(171,447) d(119) d(21) a(212,212) r(133,117) d(188) r(212,181)
5; r(414,275) r(172,362) r(185,357) r(210,182) d(414) d(331) d(277)
6; r(367,274) a(213,1) d(438) r(413,185) r(185,357) r(210,182) d(414) d(331) d(334)
7; r(414,275) r(172,362) a(418,9) r(171,447) d(119) d(21) a(212,212) r(133,117) d(188) d(357)
8; d(344) d(25) d(341) r(181,185) a(161,286) r(210,113) d(112) r(160,362) d(420) r(325,299) r(148,212)
9; a(428,162) a(237,274) a(193,164) d(212) a(158,406) a(273,455) a(406,434) d(418) r(468,458)
10; r(240,449) d(401) r(139,173) d(243) d(164)
11; d(431) d(146) a(418,9) a(451,136) r(204,181) d(416) a(214,462) d(21) a(198,449) d(127) a(198,449) d(127) d(276) d(116) r(470,461) a(281,22)
12; r(240,449) a(198,449) d(127) d(276) d(116) r(470,461) d(410)
13; d(431) d(146) a(418,9) a(451,136) r(204,181) d(416) a(214,462) d(21) a(198,449) d(127) d(401) r(139,173) d(243) a(249,290)
14; r(145,175) d(160) r(174,349) r(135,330)
15; r(304,243) d(195) r(339,41) r(208,188) d(212) a(158,406) a(273,455) r(123,406) a(458,330) d(225)
16; r(145,175) d(212) a(158,406) a(273,455) r(123,406) a(458,330) d(174)
17; r(304,243) d(195) r(339,41) r(208,188) d(160) r(174,349) d(151)
18; r(414,275) r(172,362) a(418,9) r(171,447) d(119) d(21) a(458,20) a(409,192) a(439,413) r(294,242)
19; r(240,449) d(112) r(210,182) r(119,185) r(2,214) r(470,113)
20; d(431) a(193,164) d(212) a(158,406) a(273,455) r(123,406) r(176,28) d(189)
21; a(330,384) d(177) d(294) r(212,289) a(212,212) r(123,445) d(219) a(199,357)
22; r(414,275) r(172,362) a(418,9) r(171,447) d(119) d(21) a(212,212) r(133,117) d(447) d(242)
23; r(240,449) d(467) d(237) d(394) a(438,227) r(210,281) d(254) d(284) d(252)
24; r(145,175) r(367,433) a(214,462) d(21) r(423,272) d(127) a(113,162) r(172,362) a(418,9) r(171,447) d(119) d(21) a(458,20) a(409,192) a(439,413) d(223)
25; r(414,275) d(118) a(457,171) d(147)
26; r(145,175) r(367,433) a(214,462) d(21) r(423,272) d(127) a(113,162) d(118) a(457,171) d(290)
27; r(414,275) r(172,362) a(418,9) r(171,447) d(119) d(21) a(458,20) a(409,192) a(439,413) r(404,210)
28; r(145,175) r(367,433) r(425,400) d(251) r(223,172) r(148,467)
29; r(414,275) r(172,362) a(418,9) r(171,447) d(119) d(21) a(458,20) a(409,192) a(439,413) r(248,356)
30; r(145,175) r(367,433) a(214,462) d(21) a(198,449) d(127) d(401) r(139,173) a(324,52) r(141,390)
31; r(145,175) r(367,433) a(214,462) d(21) r(413,425) d(229) a(244,359)
32; a(330,384) d(177) d(128) r(252,31)
33; a(428,162) a(237,274) a(193,164) d(212) a(158,406) a(273,455) a(175,13) d(294) r(212,289) a(212,212) a(193,164) d(212) a(158,406) a(273,455) d(159) r(435,398) r(1,50)
34; a(330,384) d(177) d(294) r(212,289) a(212,212) a(193,164) d(212) a(158,406) a(273,455) d(159) r(435,398) d(213)
35; a(428,162) a(237,274) a(193,164) d(212) a(158,406) a(273,455) a(175,13) d(128) a(333,13)
36; d(344) d(25) r(2,214) r(299,325)
37; r(240,449) d(112) r(210,182) r(119,185) d(341) r(181,185) r(181,185) a(161,286) d(120) a(280,360) r(392,423) a(136,355)
38; d(344) d(25) d(341) r(181,185) r(181,185) a(161,286) d(120) a(280,360) r(392,423) r(277,358)
39; r(240,449) d(112) r(210,182) r(119,185) r(2,214) r(213,158)
40; r(240,449) d(112) r(210,182) r(119,185) a(423,1) d(127) d(401) r(139,173) a(157,13) d(157)
41; r(145,175) r(367,433) a(214,462) d(21) a(198,449) r(115,439)
42; r(240,449) d(112) r(210,182) r(119,185) a(423,1) a(254,226)
43; r(145,175) r(367,433) a(214,462) d(21) a(198,449) d(127) d(401) r(139,173) a(157,13) a(290,324)
44; r(240,449) a(198,449) d(127) d(276) d(116) r(470,461) d(146) a(418,9) a(451,136) r(204,181) d(416) a(214,462) d(21) a(198,449) d(127) d(401) r(139,173) d(243) a(174,294)
45; d(431) d(210)
46; r(240,449) a(198,449) d(127) d(276) d(116) r(470,461) d(414)
47; d(431) d(146) a(418,9) a(451,136) r(204,181) d(416) a(214,462) d(21) a(198,449) d(127) d(401) r(139,173) d(243) a(423,337)
48; d(431) d(146) r(413,425) a(188,172) a(210,113)
49; d(344) d(230) r(136,22) d(124) d(151) r(22,337) a(133,2) d(174)
50; r(414,275) r(172,362) a(418,9) r(171,447) d(119) d(21) a(212,212) r(133,117) a(213,1) d(438) r(413,185) r(185,357) r(210,182) d(414) d(331) d(300)
51; r(367,274) d(188) r(216,219)
52; r(414,275) r(172,362) a(418,9) r(171,447) d(119) d(21) a(212,212) r(133,117) d(188) r(392,349)
53; r(367,274) a(213,1) d(438) r(413,185) r(185,357) r(210,182) d(414) d(331) r(417,391)
54; d(431) d(146) r(413,425) a(188,172) a(358,249)
55; d(431) d(146) a(418,9) a(451,136) r(204,181) d(416) r(425,400) d(391) r(180,195) r(448,355)
56; d(431) a(193,164) r(361,304)
57; d(431) a(193,164) d(212) a(158,406) a(273,455) r(123,406) r(176,28) a(161,286) r(210,113) d(112) r(160,362) d(420) a(413,362) d(109)
58; d(431) a(193,164) a(161,286) r(210,113) d(112) r(160,362) d(420) a(413,362) d(274)
59; d(431) a(193,164) d(212) a(158,406) a(273,455) r(123,406) r(176,28) a(251,467)
60; r(145,175) r(367,433) a(214,462) d(21) r(423,272) d(127) a(113,162) d(118) a(457,171) d(210)
61; d(431) d(146) a(418,9) a(451,136) r(204,181) d(416) r(425,400) d(251) r(110,275) r(424,370)
--------------------------------------------------------------------------------
Evaluation

0; 0.
1; 0.
2; 0.
3; 0.
4; 0.
5; 0.
6; 0.
7; 0.
8; 0.
9; 0.
10; 0.
11; 0.
12; 0.
13; 0.
14; 0.
15; 0.
16; 0.
17; 0.
18; 0.
19; 0.
20; 0.
21; 0.
22; 0.
23; 0.
24; 0.
25; 0.
26; 0.
27; 0.
28; 0.
29; 0.
30; 0.
31; 0.
32; 0.
33; 0.
34; 0.
35; 0.
36; 0.
37; 0.
38; 0.
39; 0.
40; 0.
41; 0.
42; 0.
43; 0.
44; 0.
45; 0.
46; 0.
47; 0.
48; 0.
49; 0.
50; 0.
51; 0.
52; 0.
53; 0.
54; 0.
55; 0.
56; 0.
57; 0.
58; 0.
59; 0.
60; 0.
61; 0.
================================================================================
Generation 9

--------------------------------------------------------------------------------
Selection

0; 0
1; 39
2; 0
3; 43
4; 4
5; 57
6; 49
7; 44
8; 25
9; 23
10; 16
11; 8
12; 12
13; 43
14; 40
15; 8
16; 34
17; 8
18; 18
19; 9
20; 13
21; 32
22; 51
23; 52
24; 23
25; 28
26; 24
27; 56
28; 3
29; 26
30; 37
31; 39
32; 23
33; 28
34; 25
35; 52
36; 34
37; 6
38; 42
39; 19
--------------------------------------------------------------------------------
Crossover

0; 40, 52; r(240,449) d(112) r(210,182) r(119,185)
1; 40, 52; r(414,275) r(172,362) a(418,9) r(171,447) d(119) d(21) a(212,212) r(133,117) d(188) r(392,349) a(423,1) d(127) d(401) r(139,173) a(157,13) d(157)
2; 40; r(240,449) d(112) r(210,182) r(119,185) a(423,1) d(127) d(401) r(139,173) a(157,13) d(157)
3; 52; r(414,275) r(172,362) a(418,9) r(171,447) d(119) d(21) a(212,212) r(133,117) d(188) r(392,349)
4; 19; r(240,449) d(112) r(210,182) r(119,185) r(2,214) r(470,113)
5; 57; d(431) a(193,164) d(212) a(158,406) a(273,455) r(123,406) r(176,28) a(161,286) r(210,113) d(112) r(160,362) d(420) a(413,362) d(109)
6; 28; r(145,175) r(367,433) r(425,400) d(251) r(223,172) r(148,467)
7; 25; r(414,275) d(118) a(457,171) d(147)
8; 9; a(428,162) a(237,274) a(193,164) d(212) a(158,406) a(273,455) a(406,434) d(418) r(468,458)
9; 12; r(240,449) a(198,449) d(127) d(276) d(116) r(470,461) d(410)
10; 23; r(240,449) d(467) d(237) d(394) a(438,227) r(210,281) d(254) d(284) d(252)
11; 23; r(240,449) d(467) d(237) d(394) a(438,227) r(210,281) d(254) d(284) d(252)
12; 16, 44; r(145,175) d(212) a(158,406) a(273,455) r(123,406) a(458,330) d(174) r(139,173) d(243) a(174,294)
13; 16, 44; r(240,449) a(198,449) d(127) d(276) d(116) r(470,461) d(146) a(418,9) a(451,136) r(204,181) d(416) a(214,462) d(21) a(198,449) d(127) d(401)
14; 16; r(145,175) d(212) a(158,406) a(273,455) r(123,406) a(458,330) d(174)
15; 44; r(240,449) a(198,449) d(127) d(276) d(116) r(470,461) d(146) a(418,9) a(451,136) r(204,181) d(416) a(214,462) d(21) a(198,449) d(127) d(401) r(139,173) d(243) a(174,294)
16; 4, 39; r(367,274) a(213,1) d(438) r(413,185) a(418,9) r(171,447) d(119) d(21) r(119,185) r(2,214) r(213,158)
17; 4, 39; r(240,449) d(112) r(210,182) a(212,212) r(133,117) d(188) r(212,181)
18; 4; r(367,274) a(213,1) d(438) r(413,185) a(418,9) r(171,447) d(119) d(21) a(212,212) r(133,117) d(188) r(212,181)
19; 39; r(240,449) d(112) r(210,182) r(119,185) r(2,214) r(213,158)
20; 26; r(145,175) r(367,433) a(214,462) d(21) r(423,272) d(127) a(113,162) d(118) a(457,171) d(290)
21; 32; a(330,384) d(177) d(128) r(252,31)
22; 0; r(414,275) d(127) d(401) r(139,173) r(233,406) a(434,431)
23; 25; r(414,275) d(118) a(457,171) d(147)
24; 42; r(240,449) d(112) r(210,182) r(119,185) a(423,1) a(254,226)
25; 6; r(367,274) a(213,1) d(438) r(413,185) r(185,357) r(210,182) d(414) d(331) d(334)
26; 49; d(344) d(230) r(136,22) d(124) d(151) r(22,337) a(133,2) d(174)
27; 3; r(145,175) r(367,433) a(214,462) d(21) a(198,449) d(127) d(401) r(139,173) r(233,406) a(297,229)
28; 34; a(330,384) d(177) d(294) r(212,289) a(212,212) a(193,164) d(212) a(158,406) a(273,455) d(159) r(435,398) d(213)
29; 56; d(431) a(193,164) r(361,304)
30; 52; r(414,275) r(172,362) a(418,9) r(171,447) d(119) d(21) a(212,212) r(133,117) d(188) r(392,349)
31; 43; r(145,175) r(367,433) a(214,462) d(21) a(198,449) d(127) d(401) r(139,173) a(157,13) a(290,324)
32; 8, 13; d(344) r(204,181) d(416) a(214,462) d(21) a(198,449) d(127) d(401) r(139,173) d(243) a(249,290)
33; 8, 13; d(431) d(146) a(418,9) a(451,136) d(25) d(341) r(181,185) a(161,286) r(210,113) d(112) r(160,362) d(420) r(325,299) r(148,212)
34; 8; d(344) d(25) d(341) r(181,185) a(161,286) r(210,113) d(112) r(160,362) d(420) r(325,299) r(148,212)
35; 13; d(431) d(146) a(418,9) a(451,136) r(204,181) d(416) a(214,462) d(21) a(198,449) d(127) d(401) r(139,173) d(243) a(249,290)
36; 8; d(344) d(25) d(341) r(181,185) a(161,286) r(210,113) d(112) r(160,362) d(420) r(325,299) r(148,212)
37; 34; a(330,384) d(177) d(294) r(212,289) a(212,212) a(193,164) d(212) a(158,406) a(273,455) d(159) r(435,398) d(213)
38; 23, 43; r(240,449) d(467) d(237) d(394)
39; 23, 43; r(145,175) r(367,433) a(214,462) d(21) a(198,449) d(127) d(401) r(139,173) a(157,13) a(290,324) a(438,227) r(210,281) d(254) d(284) d(252)
40; 23; r(240,449) d(467) d(237) d(394) a(438,227) r(210,281) d(254) d(284) d(252)
41; 43; r(145,175) r(367,433) a(214,462) d(21) a(198,449) d(127) d(401) r(139,173) a(157,13) a(290,324)
42; 18; r(414,275) r(172,362) a(418,9) r(171,447) d(119) d(21) a(458,20) a(409,192) a(439,413) r(294,242)
43; 28; r(145,175) r(367,433) r(425,400) d(251) r(223,172) r(148,467)
44; 39; r(240,449) d(112) r(210,182) r(119,185) r(2,214) r(213,158)
45; 51; r(367,274) d(188) r(216,219)
46; 24, 8; r(145,175) r(367,433) d(341) r(181,185) a(161,286) r(210,113) d(112) r(160,362) d(420) r(325,299) r(148,212)
47; 24, 8; d(344) d(25) a(214,462) d(21) r(423,272) d(127) a(113,162) r(172,362) a(418,9) r(171,447) d(119) d(21) a(458,20) a(409,192) a(439,413) d(223)
48; 24; r(145,175) r(367,433) a(214,462) d(21) r(423,272) d(127) a(113,162) r(172,362) a(418,9) r(171,447) d(119) d(21) a(458,20) a(409,192) a(439,413) d(223)
49; 8; d(344) d(25) d(341) r(181,185) a(161,286) r(210,113) d(112) r(160,362) d(420) r(325,299) r(148,212)
50; 0; r(414,275) d(127) d(401) r(139,173) r(233,406) a(434,431)
51; 37; r(240,449) d(112) r(210,182) r(119,185) d(341) r(181,185) r(181,185) a(161,286) d(120) a(280,360) r(392,423) a(136,355)
--------------------------------------------------------------------------------
Mutation

0; r(240,449) d(112) r(210,182) r(119,185) a(214,337)
1; r(414,275) r(172,362) a(418,9) r(171,447) d(119) d(21) a(212,212) r(133,117) d(188) r(392,349) a(423,1) d(127) d(401) r(139,173) a(157,13) d(157) d(131)
2; r(240,449) d(112) r(210,182) r(119,185) a(423,1) d(127) d(401) r(139,173) a(157,13) d(157) r(145,393)
3; r(414,275) r(172,362) a(418,9) r(171,447) d(119) d(21) a(212,212) r(133,117) d(188) r(392,349) a(20,136)
4; r(240,449) d(112) r(210,182) r(119,185) r(2,214) r(470,113) r(291,178)
5; d(431) a(193,164) d(212) a(158,406) a(273,455) r(123,406) r(176,28) a(161,286) r(210,113) d(112) r(160,362) d(420) a(413,362) d(109) a(185,185)
6; r(145,175) r(367,433) r(425,400) d(251) r(223,172) r(148,467) d(388)
7; r(414,275) d(118) a(457,171) d(147) a(391,374)
8; a(428,162) a(237,274) a(193,164) d(212) a(158,406) a(273,455) a(406,434) d(418) r(468,458) d(397)
9; r(240,449) a(198,449) d(127) d(276) d(116) r(470,461) d(410) a(351,256)
10; r(240,449) d(467) d(237) d(394) a(438,227) r(210,281) d(254) d(284) d(252) a(239,226)
11; r(240,449) d(467) d(237) d(394) a(438,227) r(210,281) d(254) d(284) d(252) d(289)
12; r(145,175) d(212) a(158,406) a(273,455) r(123,406) a(458,330) d(174) r(139,173) d(243) a(174,294) d(403)
13; r(240,449) a(198,449) d(127) d(276) d(116) r(470,461) d(146) a(418,9) a(451,136) r(204,181) d(416) a(214,462) d(21) a(198,449) d(127) d(401) d(213)
14; r(145,175) d(212) a(158,406) a(273,455) r(123,406) a(458,330) d(174) a(275,136)
15; r(240,449) a(198,449) d(127) d(276) d(116) r(470,461) d(146) a(418,9) a(451,136) r(204,181) d(416) a(214,462) d(21) a(198,449) d(127) d(401) r(139,173) d(243) a(174,294) d(230)
16; r(367,274) a(213,1) d(438) r(413,185) a(418,9) r(171,447) d(119) d(21) r(119,185) r(2,214) r(213,158) a(353,444)
17; r(240,449) d(112) r(210,182) a(212,212) r(133,117) d(188) r(212,181) r(362,298)
18; r(367,274) a(213,1) d(438) r(413,185) a(418,9) r(171,447) d(119) d(21) a(212,212) r(133,117) d(188) r(212,181) a(241,290)
19; r(240,449) d(112) r(210,182) r(119,185) r(2,214) r(213,158) d(207)
20; r(145,175) r(367,433) a(214,462) d(21) r(423,272) d(127) a(113,162) d(118) a(457,171) d(290) r(280,324)
21; a(330,384) d(177) d(128) r(252,31) a(257,475)
22; r(414,275) d(127) d(401) r(139,173) r(233,406) a(434,431) a(406,120)
23; r(414,275) d(118) a(457,171) d(147) r(210,212)
24; r(240,449) d(112) r(210,182) r(119,185) a(423,1) a(254,226) r(373,388)
25; r(367,274) a(213,1) d(438) r(413,185) r(185,357) r(210,182) d(414) d(331) d(334) d(475)
26; d(344) d(230) r(136,22) d(124) d(151) r(22,337) a(133,2) d(174) a(192,212)
27; r(145,175) r(367,433) a(214,462) d(21) a(198,449) d(127) d(401) r(139,173) r(233,406) a(297,229) a(435,388)
28; a(330,384) d(177) d(294) r(212,289) a(212,212) a(193,164) d(212) a(158,406) a(273,455) d(159) r(435,398) d(213) r(154,381)
29; d(431) a(193,164) r(361,304) d(213)
30; r(414,275) r(172,362) a(418,9) r(171,447) d(119) d(21) a(212,212) r(133,117) d(188) r(392,349) r(164,136)
31; r(145,175) r(367,433) a(214,462) d(21) a(198,449) d(127) d(401) r(139,173) a(157,13) a(290,324) a(304,245)
32; d(344) r(204,181) d(416) a(214,462) d(21) a(198,449) d(127) d(401) r(139,173) d(243) a(249,290) r(256,236)
33; d(431) d(146) a(418,9) a(451,136) d(25) d(341) r(181,185) a(161,286) r(210,113) d(112) r(160,362) d(420) r(325,299) r(148,212) r(421,431)
34; d(344) d(25) d(341) r(181,185) a(161,286) r(210,113) d(112) r(160,362) d(420) r(325,299) r(148,212) r(429,393)
35; d(431) d(146) a(418,9) a(451,136) r(204,181) d(416) a(214,462) d(21) a(198,449) d(127) d(401) r(139,173) d(243) a(249,290) a(367,406)
36; d(344) d(25) d(341) r(181,185) a(161,286) r(210,113) d(112) r(160,362) d(420) r(325,299) r(148,212) a(458,197)
37; a(330,384) d(177) d(294) r(212,289) a(212,212) a(193,164) d(212) a(158,406) a(273,455) d(159) r(435,398) d(213) r(129,393)
38; r(240,449) d(467) d(237) d(394) r(429,29)
39; r(145,175) r(367,433) a(214,462) d(21) a(198,449) d(127) d(401) r(139,173) a(157,13) a(290,324) a(438,227) r(210,281) d(254) d(284) d(252) a(359,344)
40; r(240,449) d(467) d(237) d(394) a(438,227) r(210,281) d(254) d(284) d(252) r(229,202)
41; r(145,175) r(367,433) a(214,462) d(21) a(198,449) d(127) d(401) r(139,173) a(157,13) a(290,324) a(110,447)
42; r(414,275) r(172,362) a(418,9) r(171,447) d(119) d(21) a(458,20) a(409,192) a(439,413) r(294,242) d(442)
43; r(145,175) r(367,433) r(425,400) d(251) r(223,172) r(148,467) r(373,393)
44; r(240,449) d(112) r(210,182) r(119,185) r(2,214) r(213,158) a(185,420)
45; r(367,274) d(188) r(216,219) d(150)
46; r(145,175) r(367,433) d(341) r(181,185) a(161,286) r(210,113) d(112) r(160,362) d(420) r(325,299) r(148,212) r(244,229)
47; d(344) d(25) a(214,462) d(21) r(423,272) d(127) a(113,162) r(172,362) a(418,9) r(171,447) d(119) d(21) a(458,20) a(409,192) a(439,413) d(223) r(436,22)
48; r(145,175) r(367,433) a(214,462) d(21) r(423,272) d(127) a(113,162) r(172,362) a(418,9) r(171,447) d(119) d(21) a(458,20) a(409,192) a(439,413) d(223) a(330,425)
49; d(344) d(25) d(341) r(181,185) a(161,286) r(210,113) d(112) r(160,362) d(420) r(325,299) r(148,212) r(24,273)
50; r(414,275) d(127) d(401) r(139,173) r(233,406) a(434,431) r(157,180)
51; r(240,449) d(112) r(210,182) r(119,185) d(341) r(181,185) r(181,185) a(161,286) d(120) a(280,360) r(392,423) a(136,355) d(427)
--------------------------------------------------------------------------------
Evaluation

0; 0.
1; 0.
2; 0.
3; 0.
4; 0.
5; 0.
6; 0.
7; 0.
8; 0.
9; 0.
10; 0.
11; 0.
12; 0.
13; 0.
14; 0.
15; 0.
16; 0.
17; 0.
18; 0.
19; 0.
20; 0.
21; 0.
22; 0.
23; 0.
24; 0.
25; 0.
26; 0.
27; 0.
28; 0.
29; 0.
30; 0.
31; 0.
32; 0.
33; 0.
34; 0.
35; 0.
36; 0.
37; 0.
38; 0.
39; 0.
40; 0.
41; 0.
42; 0.
43; 0.
44; 0.
45; 0.
46; 0.
47; 0.
48; 0.
49; 0.
50; 0.
51; 0.
================================================================================
Generation 10

--------------------------------------------------------------------------------
Selection

0; 1
1; 33
2; 4
3; 35
4; 36
5; 20
6; 48
7; 36
8; 36
9; 15
10; 7
11; 41
12; 39
13; 43
14; 38
15; 48
16; 28
17; 42
18; 49
19; 30
20; 48
21; 7
22; 5
23; 44
24; 2
25; 18
26; 45
27; 18
28; 29
29; 0
30; 30
31; 24
32; 5
33; 45
34; 17
35; 43
36; 47
37; 31
38; 14
39; 18
--------------------------------------------------------------------------------
Crossover

0; 33; d(431) d(146) a(418,9) a(451,136) d(25) d(341) r(181,185) a(161,286) r(210,113) d(112) r(160,362) d(420) r(325,299) r(148,212) r(421,431)
1; 0; r(240,449) d(112) r(210,182) r(119,185) a(214,337)
2; 20, 2; r(145,175) r(367,433) a(214,462) d(21) r(423,272) d(127) a(113,162) r(139,173) a(157,13) d(157) r(145,393)
3; 20, 2; r(240,449) d(112) r(210,182) r(119,185) a(423,1) d(127) d(401) d(118) a(457,171) d(290) r(280,324)
4; 20; r(145,175) r(367,433) a(214,462) d(21) r(423,272) d(127) a(113,162) d(118) a(457,171) d(290) r(280,324)
5; 2; r(240,449) d(112) r(210,182) r(119,185) a(423,1) d(127) d(401) r(139,173) a(157,13) d(157) r(145,393)
6; 29, 31; d(431) a(193,164) r(361,304) d(213)
7; 29, 31; r(145,175) r(367,433) a(214,462) d(21) a(198,449) d(127) d(401) r(139,173) a(157,13) a(290,324) a(304,245)
8; 29; d(431) a(193,164) r(361,304) d(213)
9; 31; r(145,175) r(367,433) a(214,462) d(21) a(198,449) d(127) d(401) r(139,173) a(157,13) a(290,324) a(304,245)
10; 7, 7; r(414,275) a(457,171) d(147) a(391,374)
11; 7, 7; r(414,275) d(118) d(118) a(457,171) d(147) a(391,374)
12; 7; r(414,275) d(118) a(457,171) d(147) a(391,374)
13; 7; r(414,275) d(118) a(457,171) d(147) a(391,374)
14; 48; r(145,175) r(367,433) a(214,462) d(21) r(423,272) d(127) a(113,162) r(172,362) a(418,9) r(171,447) d(119) d(21) a(458,20) a(409,192) a(439,413) d(223) a(330,425)
15; 28; a(330,384) d(177) d(294) r(212,289) a(212,212) a(193,164) d(212) a(158,406) a(273,455) d(159) r(435,398) d(213) r(154,381)
16; 47, 24; d(344) d(25) a(214,462) d(21) r(423,272) d(127) a(113,162) r(172,362) a(418,9) r(171,447) d(119) d(21) a(458,20) a(409,192) a(439,413) d(223) r(436,22) a(254,226) r(373,388)
17; 47, 24; r(240,449) d(112) r(210,182) r(119,185) a(423,1)
18; 47; d(344) d(25) a(214,462) d(21) r(423,272) d(127) a(113,162) r(172,362) a(418,9) r(171,447) d(119) d(21) a(458,20) a(409,192) a(439,413) d(223) r(436,22)
19; 24; r(240,449) d(112) r(210,182) r(119,185) a(423,1) a(254,226) r(373,388)
20; 5; d(431) a(193,164) d(212) a(158,406) a(273,455) r(123,406) r(176,28) a(161,286) r(210,113) d(112) r(160,362) d(420) a(413,362) d(109) a(185,185)
21; 45; r(367,274) d(188) r(216,219) d(150)
22; 49, 14; d(344) d(25) d(341) r(181,185) a(161,286) r(210,113) d(112) r(160,362) d(420) r(325,299) r(148,212) a(275,136)
23; 49, 14; r(145,175) d(212) a(158,406) a(273,455) r(123,406) a(458,330) d(174) r(24,273)
24; 49; d(344) d(25) d(341) r(181,185) a(161,286) r(210,113) d(112) r(160,362) d(420) r(325,299) r(148,212) r(24,273)
25; 14; r(145,175) d(212) a(158,406) a(273,455) r(123,406) a(458,330) d(174) a(275,136)
26; 44, 43; r(240,449) d(112) r(210,182) r(119,185) r(223,172) r(148,467) r(373,393)
27; 44, 43; r(145,175) r(367,433) r(425,400) d(251) r(2,214) r(213,158) a(185,420)
28; 44; r(240,449) d(112) r(210,182) r(119,185) r(2,214) r(213,158) a(185,420)
29; 43; r(145,175) r(367,433) r(425,400) d(251) r(223,172) r(148,467) r(373,393)
30; 4; r(240,449) d(112) r(210,182) r(119,185) r(2,214) r(470,113) r(291,178)
31; 18; r(367,274) a(213,1) d(438) r(413,185) a(418,9) r(171,447) d(119) d(21) a(212,212) r(133,117) d(188) r(212,181) a(241,290)
32; 15, 36; r(240,449) a(198,449) d(127) d(276) d(116) r(470,461) d(146) a(418,9) a(451,136) r(204,181) d(416) d(112) r(160,362) d(420) r(325,299) r(148,212) a(458,197)
33; 15, 36; d(344) d(25) d(341) r(181,185) a(161,286) r(210,113) a(214,462) d(21) a(198,449) d(127) d(401) r(139,173) d(243) a(174,294) d(230)
34; 15; r(240,449) a(198,449) d(127) d(276) d(116) r(470,461) d(146) a(418,9) a(451,136) r(204,181) d(416) a(214,462) d(21) a(198,449) d(127) d(401) r(139,173) d(243) a(174,294) d(230)
35; 36; d(344) d(25) d(341) r(181,185) a(161,286) r(210,113) d(112) r(160,362) d(420) r(325,299) r(148,212) a(458,197)
36; 41; r(145,175) r(367,433) a(214,462) d(21) a(198,449) d(127) d(401) r(139,173) a(157,13) a(290,324) a(110,447)
37; 42; r(414,275) r(172,362) a(418,9) r(171,447) d(119) d(21) a(458,20) a(409,192) a(439,413) r(294,242) d(442)
38; 45, 36; r(367,274) d(188) r(216,219) d(150) r(325,299) r(148,212) a(458,197)
39; 45, 36; d(344) d(25) d(341) r(181,185) a(161,286) r(210,113) d(112) r(160,362) d(420)
40; 45; r(367,274) d(188) r(216,219) d(150)
41; 36; d(344) d(25) d(341) r(181,185) a(161,286) r(210,113) d(112) r(160,362) d(420) r(325,299) r(148,212) a(458,197)
42; 48, 5; r(145,175) r(367,433) a(214,462) d(21) r(423,272) d(127) a(113,162) r(172,362) a(418,9) r(171,447) d(112) r(160,362) d(420) a(413,362) d(109) a(185,185)
43; 48, 5; d(431) a(193,164) d(212) a(158,406) a(273,455) r(123,406) r(176,28) a(161,286) r(210,113) d(119) d(21) a(458,20) a(409,192) a(439,413) d(223) a(330,425)
44; 48; r(145,175) r(367,433) a(214,462) d(21) r(423,272) d(127) a(113,162) r(172,362) a(418,9) r(171,447) d(119) d(21) a(458,20) a(409,192) a(439,413) d(223) a(330,425)
45; 5; d(431) a(193,164) d(212) a(158,406) a(273,455) r(123,406) r(176,28) a(161,286) r(210,113) d(112) r(160,362) d(420) a(413,362) d(109) a(185,185)
46; 30; r(414,275) r(172,362) a(418,9) r(171,447) d(119) d(21) a(212,212) r(133,117) d(188) r(392,349) r(164,136)
47; 43; r(145,175) r(367,433) r(425,400) d(251) r(223,172) r(148,467) r(373,393)
48; 1; r(414,275) r(172,362) a(418,9) r(171,447) d(119) d(21) a(212,212) r(133,117) d(188) r(392,349) a(423,1) d(127) d(401) r(139,173) a(157,13) d(157) d(131)
49; 36; d(344) d(25) d(341) r(181,185) a(161,286) r(210,113) d(112) r(160,362) d(420) r(325,299) r(148,212) a(458,197)
50; 18; r(367,274) a(213,1) d(438) r(413,185) a(418,9) r(171,447) d(119) d(21) a(212,212) r(133,117) d(188) r(212,181) a(241,290)
51; 39; r(145,175) r(367,433) a(214,462) d(21) a(198,449) d(127) d(401) r(139,173) a(157,13) a(290,324) a(438,227) r(210,281) d(254) d(284) d(252) a(359,344)
52; 17, 18; r(240,449) d(188) r(212,181) a(241,290)
53; 17, 18; r(367,274) a(213,1) d(438) r(413,185) a(418,9) r(171,447) d(119) d(21) a(212,212) r(133,117) d(112) r(210,182) a(212,212) r(133,117) d(188) r(212,181) r(362,298)
54; 17; r(240,449) d(112) r(210,182) a(212,212) r(133,117) d(188) r(212,181) r(362,298)
55; 18; r(367,274) a(213,1) d(438) r(413,185) a(418,9) r(171,447) d(119) d(21) a(212,212) r(133,117) d(188) r(212,181) a(241,290)
56; 30, 35; r(414,275) d(401) r(139,173) d(243) a(249,290) a(367,406)
57; 30, 35; d(431) d(146) a(418,9) a(451,136) r(204,181) d(416) a(214,462) d(21) a(198,449) d(127) r(172,362) a(418,9) r(171,447) d(119) d(21) a(212,212) r(133,117) d(188) r(392,349) r(164,136)
58; 30; r(414,275) r(172,362) a(418,9) r(171,447) d(119) d(21) a(212,212) r(133,117) d(188) r(392,349) r(164,136)
59; 35; d(431) d(146) a(418,9) a(451,136) r(204,181) d(416) a(214,462) d(21) a(198,449) d(127) d(401) r(139,173) d(243) a(249,290) a(367,406)
60; 48, 38; r(145,175) r(367,433) a(214,462) d(21) r(423,272) d(127) a(113,162) r(172,362) a(418,9) r(171,447) d(119) d(21) a(458,20) a(409,192) d(467) d(237) d(394) r(429,29)
61; 48, 38; r(240,449) a(439,413) d(223) a(330,425)
62; 48; r(145,175) r(367,433) a(214,462) d(21) r(423,272) d(127) a(113,162) r(172,362) a(418,9) r(171,447) d(119) d(21) a(458,20) a(409,192) a(439,413) d(223) a(330,425)
63; 38; r(240,449) d(467) d(237) d(394) r(429,29)
--------------------------------------------------------------------------------
Mutation

0; d(431) d(146) a(418,9) a(451,136) d(25) d(341) r(181,185) a(161,286) r(210,113) d(112) r(160,362) d(420) r(325,299) r(148,212) r(421,431) r(368,420)
1; r(240,449) d(112) r(210,182) r(119,185) a(214,337) a(324,448)
2; r(145,175) r(367,433) a(214,462) d(21) r(423,272) d(127) a(113,162) r(139,173) a(157,13) d(157) r(145,393) r(385,434)
3; r(240,449) d(112) r(210,182) r(119,185) a(423,1) d(127) d(401) d(118) a(457,171) d(290) r(280,324) d(351)
4; r(145,175) r(367,433) a(214,462) d(21) r(423,272) d(127) a(113,162) d(118) a(457,171) d(290) r(280,324) a(377,37)
5; r(240,449) d(112) r(210,182) r(119,185) a(423,1) d(127) d(401) r(139,173) a(157,13) d(157) r(145,393) r(198,189)
6; d(431) a(193,164) r(361,304) d(213) d(272)
7; r(145,175) r(367,433) a(214,462) d(21) a(198,449) d(127) d(401) r(139,173) a(157,13) a(290,324) a(304,245) a(214,120)
8; d(431) a(193,164) r(361,304) d(213) d(162)
9; r(145,175) r(367,433) a(214,462) d(21) a(198,449) d(127) d(401) r(139,173) a(157,13) a(290,324) a(304,245) d(447)
10; r(414,275) a(457,171) d(147) a(391,374) r(213,233)
11; r(414,275) d(118) d(118) a(457,171) d(147) a(391,374) d(130)
12; r(414,275) d(118) a(457,171) d(147) a(391,374) a(417,276)
13; r(414,275) d(118) a(457,171) d(147) a(391,374) d(353)
14; r(145,175) r(367,433) a(214,462) d(21) r(423,272) d(127) a(113,162) r(172,362) a(418,9) r(171,447) d(119) d(21) a(458,20) a(409,192) a(439,413) d(223) a(330,425) a(433,20)
15; a(330,384) d(177) d(294) r(212,289) a(212,212) a(193,164) d(212) a(158,406) a(273,455) d(159) r(435,398) d(213) r(154,381) r(214,159)
16; d(344) d(25) a(214,462) d(21) r(423,272) d(127) a(113,162) r(172,362) a(418,9) r(171,447) d(119) d(21) a(458,20) a(409,192) a(439,413) d(223) r(436,22) a(254,226) r(373,388) r(218,425)
17; r(240,449) d(112) r(210,182) r(119,185) a(423,1) d(356)
18; d(344) d(25) a(214,462) d(21) r(423,272) d(127) a(113,162) r(172,362) a(418,9) r(171,447) d(119) d(21) a(458,20) a(409,192) a(439,413) d(223) r(436,22) r(387,379)
19; r(240,449) d(112) r(210,182) r(119,185) a(423,1) a(254,226) r(373,388) d(421)
20; d(431) a(193,164) d(212) a(158,406) a(273,455) r(123,406) r(176,28) a(161,286) r(210,113) d(112) r(160,362) d(420) a(413,362) d(109) a(185,185) r(417,402)
21; r(367,274) d(188) r(216,219) d(150) d(136)
22; d(344) d(25) d(341) r(181,185) a(161,286) r(210,113) d(112) r(160,362) d(420) r(325,299) r(148,212) a(275,136) d(194)
23; r(145,175) d(212) a(158,406) a(273,455) r(123,406) a(458,330) d(174) r(24,273) a(346,241)
24; d(344) d(25) d(341) r(181,185) a(161,286) r(210,113) d(112) r(160,362) d(420) r(325,299) r(148,212) r(24,273) a(257,173)
25; r(145,175) d(212) a(158,406) a(273,455) r(123,406) a(458,330) d(174) a(275,136) d(360)
26; r(240,449) d(112) r(210,182) r(119,185) r(223,172) r(148,467) r(373,393) a(304,393)
27; r(145,175) r(367,433) r(425,400) d(251) r(2,214) r(213,158) a(185,420) r(111,28)
28; r(240,449) d(112) r(210,182) r(119,185) r(2,214) r(213,158) a(185,420) r(165,289)
29; r(145,175) r(367,433) r(425,400) d(251) r(223,172) r(148,467) r(373,393) r(214,180)
30; r(240,449) d(112) r(210,182) r(119,185) r(2,214) r(470,113) r(291,178) r(123,358)
31; r(367,274) a(213,1) d(438) r(413,185) a(418,9) r(171,447) d(119) d(21) a(212,212) r(133,117) d(188) r(212,181) a(241,290) a(237,45)
32; r(240,449) a(198,449) d(127) d(276) d(116) r(470,461) d(146) a(418,9) a(451,136) r(204,181) d(416) d(112) r(160,362) d(420) r(325,299) r(148,212) a(458,197) a(459,337)
33; d(344) d(25) d(341) r(181,185) a(161,286) r(210,113) a(214,462) d(21) a(198,449) d(127) d(401) r(139,173) d(243) a(174,294) d(230) a(240,52)
34; r(240,449) a(198,449) d(127) d(276) d(116) r(470,461) d(146) a(418,9) a(451,136) r(204,181) d(416) a(214,462) d(21) a(198,449) d(127) d(401) r(139,173) d(243) a(174,294) d(230) a(284,22)
35; d(344) d(25) d(341) r(181,185) a(161,286) r(210,113) d(112) r(160,362) d(420) r(325,299) r(148,212) a(458,197) r(392,397)
36; r(145,175) r(367,433) a(214,462) d(21) a(198,449) d(127) d(401) r(139,173) a(157,13) a(290,324) a(110,447) r(208,221)
37; r(414,275) r(172,362) a(418,9) r(171,447) d(119) d(21) a(458,20) a(409,192) a(439,413) r(294,242) d(442) a(205,446)
38; r(367,274) d(188) r(216,219) d(150) r(325,299) r(148,212) a(458,197) d(146)
39; d(344) d(25) d(341) r(181,185) a(161,286) r(210,113) d(112) r(160,362) d(420) d(245)
40; r(367,274) d(188) r(216,219) d(150) d(149)
41; d(344) d(25) d(341) r(181,185) a(161,286) r(210,113) d(112) r(160,362) d(420) r(325,299) r(148,212) a(458,197) a(293,253)
42; r(145,175) r(367,433) a(214,462) d(21) r(423,272) d(127) a(113,162) r(172,362) a(418,9) r(171,447) d(112) r(160,362) d(420) a(413,362) d(109) a(185,185) r(236,13)
43; d(431) a(193,164) d(212) a(158,406) a(273,455) r(123,406) r(176,28) a(161,286) r(210,113) d(119) d(21) a(458,20) a(409,192) a(439,413) d(223) a(330,425) r(356,277)
44; r(145,175) r(367,433) a(214,462) d(21) r(423,272) d(127) a(113,162) r(172,362) a(418,9) r(171,447) d(119) d(21) a(458,20) a(409,192) a(439,413) d(223) a(330,425) d(149)
45; d(431) a(193,164) d(212) a(158,406) a(273,455) r(123,406) r(176,28) a(161,286) r(210,113) d(112) r(160,362) d(420) a(413,362) d(109) a(185,185) a(150,226)
46; r(414,275) r(172,362) a(418,9) r(171,447) d(119) d(21) a(212,212) r(133,117) d(188) r(392,349) r(164,136) d(475)
47; r(145,175) r(367,433) r(425,400) d(251) r(223,172) r(148,467) r(373,393) r(224,31)
48; r(414,275) r(172,362) a(418,9) r(171,447) d(119) d(21) a(212,212) r(133,117) d(188) r(392,349) a(423,1) d(127) d(401) r(139,173) a(157,13) d(157) d(131) d(210)
49; d(344) d(25) d(341) r(181,185) a(161,286) r(210,113) d(112) r(160,362) d(420) r(325,299) r(148,212) a(458,197) d(441)
50; r(367,274) a(213,1) d(438) r(413,185) a(418,9) r(171,447) d(119) d(21) a(212,212) r(133,117) d(188) r(212,181) a(241,290) a(449,420)
51; r(145,175) r(367,433) a(214,462) d(21) a(198,449) d(127) d(401) r(139,173) a(157,13) a(290,324) a(438,227) r(210,281) d(254) d(284) d(252) a(359,344) r(11,415)
52; r(240,449) d(188) r(212,181) a(241,290) d(455)
53; r(367,274) a(213,1) d(438) r(413,185) a(418,9) r(171,447) d(119) d(21) a(212,212) r(133,117) d(112) r(210,182) a(212,212) r(133,117) d(188) r(212,181) r(362,298) r(111,29)
54; r(240,449) d(112) r(210,182) a(212,212) r(133,117) d(188) r(212,181) r(362,298) d(298)
55; r(367,274) a(213,1) d(438) r(413,185) a(418,9) r(171,447) d(119) d(21) a(212,212) r(133,117) d(188) r(212,181) a(241,290) r(472,447)
56; r(414,275) d(401) r(139,173) d(243) a(249,290) a(367,406) r(210,425)
57; d(431) d(146) a(418,9) a(451,136) r(204,181) d(416) a(214,462) d(21) a(198,449) d(127) r(172,362) a(418,9) r(171,447) d(119) d(21) a(212,212) r(133,117) d(188) r(392,349) r(164,136) a(11,23)
58; r(414,275) r(172,362) a(418,9) r(171,447) d(119) d(21) a(212,212) r(133,117) d(188) r(392,349) r(164,136) a(231,29)
59; d(431) d(146) a(418,9) a(451,136) r(204,181) d(416) a(214,462) d(21) a(198,449) d(127) d(401) r(139,173) d(243) a(249,290) a(367,406) a(214,192)
60; r(145,175) r(367,433) a(214,462) d(21) r(423,272) d(127) a(113,162) r(172,362) a(418,9) r(171,447) d(119) d(21) a(458,20) a(409,192) d(467) d(237) d(394) r(429,29) r(202,337)
61; r(240,449) a(439,413) d(223) a(330,425) a(442,341)
62; r(145,175) r(367,433) a(214,462) d(21) r(423,272) d(127) a(113,162) r(172,362) a(418,9) r(171,447) d(119) d(21) a(458,20) a(409,192) a(439,413) d(223) a(330,425) r(218,445)
63; r(240,449) d(467) d(237) d(394) r(429,29) r(356,52)
--------------------------------------------------------------------------------
Evaluation

0; 0.
1; 0.
2; 0.
3; 0.
4; 0.
5; 0.
6; 0.
7; 0.
8; 0.
9; 0.
10; 0.
11; 0.
12; 0.
13; 0.
14; 0.
15; 0.
16; 0.
17; 0.
18; 0.
19; 0.
20; 0.
21; 0.
22; 0.
23; 0.
24; 0.
25; 0.
26; 0.
27; 0.
28; 0.
29; 0.
30; 0.
31; 0.
32; 0.
33; 0.
34; 0.
35; 0.
36; 0.
37; 0.
38; 0.
39; 0.
40; 0.
41; 0.
42; 0.
43; 0.
44; 0.
45; 0.
46; 0.
47; 0.
48; 0.
49; 0.
50; 0.
51; 0.
52; 5.
53; 0.
54; 0.
55; 0.
56; 0.
57; 0.
58; 0.
59; 0.
60; 0.
61; 0.
62; 0.
63; 0.
