================================================================================
Enclosure

1: 0
2: 0
3: 0
4: 3
5: 4
6: 4
7: 4
8: 4
9: 3
10: 0
11: 0
12: 11
13: 11
14: 0
15: 0
16: 15
17: 15
18: 15
19: 15
20: 0
21: 0
22: 0
23: 0
24: 0
25: 0
26: 0
28: 26
29: 0
31: 29
32: 0
33: 0
34: 0
35: 0
37: 35
38: 0
39: 0
40: 39
41: 40
43: 39
45: 43
46: 39
47: 0
48: 0
50: 48
52: 50
53: 0
54: 0
56: 0
58: 56
59: 0
60: 0
61: 0
62: 0
64: 0
65: 0
67: 0
68: 0
69: 0
70: 0
71: 0
72: 71
73: 72
75: 71
76: 71
77: 71
78: 0
79: 78
80: 78
81: 78
82: 78
83: 82
84: 83
86: 82
87: 82
88: 82
89: 78
90: 0
91: 0
92: 0
93: 92
94: 93
95: 93
96: 92
97: 96
98: 96
99: 96
100: 92
101: 100
102: 100
103: 92
104: 92
105: 0
106: 105
107: 105
108: 0
109: 0
110: 0
111: 0
112: 111
113: 112
115: 111
116: 111
117: 0
118: 0
119: 118
120: 118
121: 0
122: 0
123: 0
124: 0
126: 0
127: 126
128: 126
129: 126
130: 126
131: 126
132: 126
133: 126
134: 0
135: 134
136: 134
137: 0
138: 137
139: 137
141: 0
142: 0
143: 0
145: 0
146: 0
147: 0
148: 0
149: 148
150: 149
151: 149
152: 149
153: 152
154: 153
156: 152
157: 152
158: 149
159: 149
160: 149
161: 160
162: 161
164: 160
165: 160
166: 148
167: 166
168: 167
170: 167
171: 166
172: 148
173: 148
174: 0
175: 0
176: 175
177: 175
178: 177
180: 175
181: 175
182: 181
183: 181
184: 181
185: 184
187: 181
188: 181
189: 181
190: 189
192: 189
193: 175
194: 193
195: 193
197: 193
198: 175
199: 0
200: 0
201: 200
202: 201
204: 200
205: 0
206: 205
207: 205
208: 207
210: 207
211: 205
212: 0
213: 0
214: 0
215: 0
216: 0
217: 0
218: 217
219: 217
220: 217
221: 220
223: 217
224: 217
225: 217
226: 225
227: 225
228: 0
229: 0
230: 0
231: 0
232: 231
233: 232
235: 231
236: 231
237: 231
238: 231
239: 231
240: 231
241: 231
242: 231
243: 231
244: 231
245: 231
246: 231
247: 231
248: 231
249: 231
250: 231
251: 231
252: 231
253: 0
254: 0
255: 0
256: 0
257: 0
258: 257
259: 258
260: 258
261: 258
262: 258
263: 262
264: 263
266: 262
268: 266
269: 262
270: 262
271: 262
272: 258
273: 257
274: 257
275: 257
276: 257
277: 0
278: 277
279: 278
280: 279
281: 280
284: 278
286: 277
287: 0
289: 287
290: 0
291: 0
292: 291
293: 292
294: 293
297: 291
298: 291
299: 291
300: 291
301: 291
303: 301
304: 291
305: 304
306: 304
307: 304
308: 304
309: 304
311: 309
312: 304
313: 304
314: 304
315: 304
316: 315
317: 316
319: 315
320: 315
321: 304
323: 304
324: 0
325: 0
326: 0
327: 0
328: 0
330: 328
331: 0
332: 0
333: 0
334: 0
335: 0
337: 335
338: 0
339: 0
340: 339
341: 340
343: 339
344: 339
346: 344
347: 346
349: 347
350: 346
351: 339
352: 351
353: 352
355: 353
356: 352
357: 352
358: 351
359: 339
360: 0
361: 360
362: 360
364: 0
365: 0
367: 0
368: 0
369: 0
370: 369
371: 369
372: 371
373: 371
374: 373
376: 0
377: 376
378: 377
379: 377
380: 379
381: 379
382: 377
384: 377
385: 376
386: 0
387: 386
388: 386
390: 386
391: 0
392: 391
393: 391
394: 0
396: 394
397: 396
398: 396
399: 398
400: 398
401: 396
402: 396
403: 396
404: 403
405: 404
406: 405
409: 403
410: 403
411: 396
412: 411
413: 411
414: 396
415: 396
416: 0
417: 0
418: 0
419: 418
420: 418
421: 0
422: 421
423: 421
424: 421
425: 424
427: 421
428: 0
429: 428
430: 428
431: 0
432: 431
433: 431
434: 431
435: 0
436: 0
437: 0
438: 0
439: 438
440: 438
441: 438
442: 0
443: 0
444: 443
445: 444
446: 444
447: 444
448: 443
449: 443
450: 0
451: 0
452: 0
453: 0
454: 453
455: 454
457: 453
458: 453
459: 453
460: 0
461: 460
462: 460
463: 0
464: 0
465: 0
466: 465
467: 465
468: 0
469: 0
470: 469
471: 469
472: 0
473: 0
474: 473
475: 473
477: 0
478: 0
479: 0
================================================================================
Initialisation

0; r(124,400); 0.
1; a(386,429); 2.
2; a(433,381); 5.
3; r(475,400); 5.
4; r(212,294); 5.
5; r(214,150); 5.
6; r(214,133); 5.
7; a(201,272); 5.
8; d(115); 0.
9; r(202,176); 0.
10; d(212); 5.
11; d(273); 5.
12; r(422,425); 0.
13; r(382,273); 0.
14; d(447); 5.
15; a(396,439); 5.
16; d(238); 0.
17; a(128,171); 5.
18; r(423,162); 0.
19; a(253,359); 5.
20; d(249); 0.
21; r(335,332); 5.
22; d(328); 5.
23; r(9,23); 5.
24; a(419,357); 5.
25; a(240,448); 0.
26; d(188); 0.
27; r(399,1); 5.
28; d(404); 0.
29; a(464,286); 5.
30; a(254,2); 5.
31; r(118,294); 0.
32; a(377,425); 5.
33; a(352,136); 5.
34; r(325,244); 0.
35; a(226,171); 5.
36; a(223,286); 5.
37; d(410); 0.
38; a(340,359); 5.
39; original; 5.
================================================================================
Generation 1

--------------------------------------------------------------------------------
Selection

0; 29
1; 22
2; 37
3; 26
4; 22
5; 18
6; 0
7; 28
8; 0
9; 22
10; 12
11; 10
12; 20
13; 32
14; 9
15; 15
16; 8
17; 18
18; 8
19; 31
20; 0
21; 34
22; 3
23; 30
24; 15
25; 26
26; 34
27; 26
28; 18
29; 11
30; 26
31; 15
32; 35
33; 18
34; 13
35; 25
36; 13
37; 34
38; 20
39; 4
--------------------------------------------------------------------------------
Crossover

0; 8, 3; d(115)
1; 8, 3; r(475,400)
2; 8; d(115)
3; 3; r(475,400)
4; 31; r(118,294)
5; 26; d(188)
6; 13; r(382,273)
7; 0; r(124,400)
8; 18, 25; r(423,162)
9; 18, 25; a(240,448)
10; 18; r(423,162)
11; 25; a(240,448)
12; 35, 18; a(226,171)
13; 35, 18; r(423,162)
14; 35; a(226,171)
15; 18; r(423,162)
16; 15; a(396,439)
17; 32; a(377,425)
18; 20; d(249)
19; 26; d(188)
20; 34, 29; r(325,244)
21; 34, 29; a(464,286)
22; 34; r(325,244)
23; 29; a(464,286)
24; 28; d(404)
25; 30; a(254,2)
26; 26; d(188)
27; 12; r(422,425)
28; 26; d(188)
29; 0; r(124,400)
30; 10; d(212)
31; 4; r(212,294)
32; 8, 22; d(115)
33; 8, 22; d(328)
34; 8; d(115)
35; 22; d(328)
36; 37; d(410)
37; 34; r(325,244)
38; 22, 11; d(328)
39; 22, 11; d(273)
40; 22; d(328)
41; 11; d(273)
42; 20, 18; d(249)
43; 20, 18; r(423,162)
44; 20; d(249)
45; 18; r(423,162)
46; 9; r(202,176)
47; 15; a(396,439)
48; 34; r(325,244)
49; 22; d(328)
50; 18; r(423,162)
51; 0; r(124,400)
52; 15, 13; a(396,439)
53; 15, 13; r(382,273)
54; 15; a(396,439)
55; 13; r(382,273)
--------------------------------------------------------------------------------
Mutation

0; d(115) d(460)
1; r(475,400) d(214)
2; d(115) a(214,471)
3; r(475,400) d(212)
4; r(118,294) r(274,362)
5; d(188) r(235,351)
6; r(382,273) r(146,221)
7; r(124,400) a(134,28)
8; r(423,162) r(177,206)
9; a(240,448) r(243,462)
10; r(423,162) r(362,235)
11; a(240,448) r(201,189)
12; a(226,171) a(214,19)
13; r(423,162) a(210,178)
14; a(226,171) a(421,396)
15; r(423,162) d(434)
16; a(396,439) r(213,212)
17; a(377,425) d(250)
18; d(249) r(231,241)
19; d(188) d(396)
20; r(325,244) d(202)
21; a(464,286) d(291)
22; r(325,244) a(168,166)
23; a(464,286) r(371,433)
24; d(404) r(453,439)
25; a(254,2) d(453)
26; d(188) a(138,406)
27; r(422,425) r(22,341)
28; d(188) r(206,162)
29; r(124,400) d(298)
30; d(212) r(131,135)
31; r(212,294) r(466,434)
32; d(115) a(393,384)
33; d(328) a(358,352)
34; d(115) a(421,427)
35; d(328) a(409,387)
36; d(410) a(210,384)
37; r(325,244) d(452)
38; d(328) d(444)
39; d(273) d(238)
40; d(328) a(181,445)
41; d(273) a(219,439)
42; d(249) d(175)
43; r(423,162) a(242,381)
44; d(249) a(180,385)
45; r(423,162) d(403)
46; r(202,176) d(135)
47; a(396,439) r(423,113)
48; r(325,244) r(400,367)
49; d(328) r(358,45)
50; r(423,162) r(298,400)
51; r(124,400) r(330,291)
52; a(396,439) a(208,358)
53; r(382,273) a(257,357)
54; a(396,439) d(162)
55; r(382,273) a(335,471)
--------------------------------------------------------------------------------
Evaluation

0; 0.
1; 5.
2; 0.
3; 5.
4; 0.
5; 0.
6; 0.
7; 0.
8; 0.
9; 0.
10; 0.
11; 0.
12; 5.
13; 0.
14; 5.
15; 0.
16; 5.
17; 0.
18; 0.
19; 0.
20; 0.
21; 0.
22; 0.
23; 0.
24; 0.
25; 5.
26; 0.
27; 0.
28; 0.
29; 0.
30; 0.
31; 0.
32; 0.
33; 0.
34; 0.
35; 5.
36; 0.
37; 0.
38; 0.
39; 0.
40; 0.
41; 5.
42; 0.
43; 0.
44; 0.
45; 0.
46; 0.
47; 0.
48; 0.
49; 5.
50; 0.
51; 0.
52; 5.
53; 0.
54; 5.
55; 0.
================================================================================
Generation 2

--------------------------------------------------------------------------------
Selection

0; 11
1; 24
2; 44
3; 22
4; 47
5; 55
6; 44
7; 2
8; 13
9; 7
10; 45
11; 48
12; 40
13; 48
14; 21
15; 33
16; 31
17; 28
18; 6
19; 18
20; 2
21; 15
22; 18
23; 7
24; 13
25; 51
26; 28
27; 51
28; 22
29; 11
30; 30
31; 53
32; 28
33; 33
34; 34
35; 47
36; 10
37; 48
38; 48
39; 11
--------------------------------------------------------------------------------
Crossover

0; 48, 44; r(325,244)
1; 48, 44; d(249) a(180,385) r(400,367)
2; 48; r(325,244) r(400,367)
3; 44; d(249) a(180,385)
4; 22, 48; r(325,244)
5; 22, 48; r(325,244) r(400,367) a(168,166)
6; 22; r(325,244) a(168,166)
7; 48; r(325,244) r(400,367)
8; 13, 45; r(423,162) a(210,178)
9; 13, 45; r(423,162) d(403)
10; 13; r(423,162) a(210,178)
11; 45; r(423,162) d(403)
12; 11, 13; a(240,448) r(201,189) a(210,178)
13; 11, 13; r(423,162)
14; 11; a(240,448) r(201,189)
15; 13; r(423,162) a(210,178)
16; 44, 47; d(249) a(180,385)
17; 44, 47; a(396,439) r(423,113)
18; 44; d(249) a(180,385)
19; 47; a(396,439) r(423,113)
20; 22; r(325,244) a(168,166)
21; 51; r(124,400) r(330,291)
22; 28, 18; d(188) r(206,162) r(231,241)
23; 28, 18; d(249)
24; 28; d(188) r(206,162)
25; 18; d(249) r(231,241)
26; 10, 21; r(423,162) d(291)
27; 10, 21; a(464,286) r(362,235)
28; 10; r(423,162) r(362,235)
29; 21; a(464,286) d(291)
30; 28; d(188) r(206,162)
31; 53; r(382,273) a(257,357)
32; 6; r(382,273) r(146,221)
33; 51; r(124,400) r(330,291)
34; 18; d(249) r(231,241)
35; 34; d(115) a(421,427)
36; 31, 2; r(212,294) a(214,471)
37; 31, 2; d(115) r(466,434)
38; 31; r(212,294) r(466,434)
39; 2; d(115) a(214,471)
40; 48, 7; r(325,244) r(400,367) a(134,28)
41; 48, 7; r(124,400)
42; 48; r(325,244) r(400,367)
43; 7; r(124,400) a(134,28)
44; 24, 33; d(404) r(453,439) a(358,352)
45; 24, 33; d(328)
46; 24; d(404) r(453,439)
47; 33; d(328) a(358,352)
48; 30, 48; d(212) r(400,367)
49; 30, 48; r(325,244) r(131,135)
50; 30; d(212) r(131,135)
51; 48; r(325,244) r(400,367)
52; 7, 15; r(124,400) a(134,28)
53; 7, 15; r(423,162) d(434)
54; 7; r(124,400) a(134,28)
55; 15; r(423,162) d(434)
56; 40; d(328) a(181,445)
57; 47; a(396,439) r(423,113)
58; 11, 28; a(240,448) r(206,162)
59; 11, 28; d(188) r(201,189)
60; 11; a(240,448) r(201,189)
61; 28; d(188) r(206,162)
62; 55, 33; r(382,273) a(358,352)
63; 55, 33; d(328) a(335,471)
64; 55; r(382,273) a(335,471)
65; 33; d(328) a(358,352)
66; 2, 11; d(115) a(214,471) r(201,189)
67; 2, 11; a(240,448)
68; 2; d(115) a(214,471)
69; 11; a(240,448) r(201,189)
--------------------------------------------------------------------------------
Mutation

0; r(325,244) a(454,281)
1; d(249) a(180,385) r(400,367) a(213,182)
2; r(325,244) r(400,367) r(210,303)
3; d(249) a(180,385) d(20)
4; r(325,244) d(173)
5; r(325,244) r(400,367) a(168,166) r(212,178)
6; r(325,244) a(168,166) a(333,52)
7; r(325,244) r(400,367) d(462)
8; r(423,162) a(210,178) a(276,20)
9; r(423,162) d(403) r(229,303)
10; r(423,162) a(210,178) r(425,428)
11; r(423,162) d(403) a(242,303)
12; a(240,448) r(201,189) a(210,178) d(124)
13; r(423,162) a(182,146)
14; a(240,448) r(201,189) d(212)
15; r(423,162) a(210,178) d(463)
16; d(249) a(180,385) d(223)
17; a(396,439) r(423,113) d(156)
18; d(249) a(180,385) a(443,273)
19; a(396,439) r(423,113) d(153)
20; r(325,244) a(168,166) r(324,362)
21; r(124,400) r(330,291) a(272,350)
22; d(188) r(206,162) r(231,241) d(391)
23; d(249) a(227,374)
24; d(188) r(206,162) a(292,330)
25; d(249) r(231,241) d(324)
26; r(423,162) d(291) d(213)
27; a(464,286) r(362,235) d(174)
28; r(423,162) r(362,235) a(324,255)
29; a(464,286) d(291) d(398)
30; d(188) r(206,162) r(324,287)
31; r(382,273) a(257,357) d(385)
32; r(382,273) r(146,221) a(249,287)
33; r(124,400) r(330,291) d(132)
34; d(249) r(231,241) d(422)
35; d(115) a(421,427) d(351)
36; r(212,294) a(214,471) d(122)
37; d(115) r(466,434) r(278,362)
38; r(212,294) r(466,434) a(232,420)
39; d(115) a(214,471) a(448,274)
40; r(325,244) r(400,367) a(134,28) d(451)
41; r(124,400) d(132)
42; r(325,244) r(400,367) d(230)
43; r(124,400) a(134,28) a(378,289)
44; d(404) r(453,439) a(358,352) a(340,441)
45; d(328) r(178,192)
46; d(404) r(453,439) a(210,145)
47; d(328) a(358,352) d(287)
48; d(212) r(400,367) r(423,396)
49; r(325,244) r(131,135) d(118)
50; d(212) r(131,135) r(444,439)
51; r(325,244) r(400,367) a(175,206)
52; r(124,400) a(134,28) r(332,445)
53; r(423,162) d(434) r(145,160)
54; r(124,400) a(134,28) d(294)
55; r(423,162) d(434) a(236,278)
56; d(328) a(181,445) r(171,29)
57; a(396,439) r(423,113) r(454,451)
58; a(240,448) r(206,162) d(298)
59; d(188) r(201,189) a(403,330)
60; a(240,448) r(201,189) a(174,178)
61; d(188) r(206,162) a(287,247)
62; r(382,273) a(358,352) r(475,139)
63; d(328) a(335,471) a(136,124)
64; r(382,273) a(335,471) d(202)
65; d(328) a(358,352) d(435)
66; d(115) a(214,471) r(201,189) d(11)
67; a(240,448) d(286)
68; d(115) a(214,471) r(116,337)
69; a(240,448) r(201,189) r(212,152)
--------------------------------------------------------------------------------
Evaluation

0; 0.
1; 0.
2; 0.
3; 0.
4; 0.
5; 0.
6; 0.
7; 0.
8; 0.
9; 0.
10; 0.
11; 0.
12; 0.
13; 0.
14; 0.
15; 0.
16; 0.
17; 0.
18; 0.
19; 0.
20; 0.
21; 0.
22; 0.
23; 0.
24; 0.
25; 0.
26; 0.
27; 0.
28; 0.
29; 0.
30; 0.
31; 0.
32; 0.
33; 0.
34; 0.
35; 0.
36; 0.
37; 0.
38; 0.
39; 0.
40; 0.
41; 0.
42; 0.
43; 0.
44; 0.
45; 5.
46; 0.
47; 0.
48; 0.
49; 0.
50; 0.
51; 0.
52; 0.
53; 0.
54; 0.
55; 0.
56; 0.
57; 0.
58; 0.
59; 0.
60; 0.
61; 0.
62; 0.
63; 0.
64; 0.
65; 0.
66; 0.
67; 0.
68; 0.
69; 0.
================================================================================
Generation 3

--------------------------------------------------------------------------------
Selection

0; 16
1; 10
2; 44
3; 28
4; 27
5; 56
6; 57
7; 65
8; 56
9; 4
10; 7
11; 29
12; 31
13; 27
14; 28
15; 22
16; 69
17; 59
18; 23
19; 32
20; 34
21; 2
22; 24
23; 20
24; 69
25; 47
26; 50
27; 59
28; 27
29; 37
30; 62
31; 44
32; 23
33; 34
34; 66
35; 43
36; 44
37; 11
38; 16
39; 25
--------------------------------------------------------------------------------
Crossover

0; 27; a(464,286) r(362,235) d(174)
1; 37; d(115) r(466,434) r(278,362)
2; 44; d(404) r(453,439) a(358,352) a(340,441)
3; 34; d(249) r(231,241) d(422)
4; 20; r(325,244) a(168,166) r(324,362)
5; 27; a(464,286) r(362,235) d(174)
6; 24, 69; d(188) r(206,162) a(292,330) r(201,189) r(212,152)
7; 24, 69; a(240,448)
8; 24; d(188) r(206,162) a(292,330)
9; 69; a(240,448) r(201,189) r(212,152)
10; 22; d(188) r(206,162) r(231,241) d(391)
11; 28; r(423,162) r(362,235) a(324,255)
12; 25, 16; d(249) r(231,241)
13; 25, 16; d(249) a(180,385) d(223) d(324)
14; 25; d(249) r(231,241) d(324)
15; 16; d(249) a(180,385) d(223)
16; 10, 44; r(423,162) a(210,178) r(425,428) r(453,439) a(358,352) a(340,441)
17; 10, 44; d(404)
18; 10; r(423,162) a(210,178) r(425,428)
19; 44; d(404) r(453,439) a(358,352) a(340,441)
20; 59; d(188) r(201,189) a(403,330)
21; 11; r(423,162) d(403) a(242,303)
22; 7, 27; r(325,244) r(400,367) d(462)
23; 7, 27; a(464,286) r(362,235) d(174)
24; 7; r(325,244) r(400,367) d(462)
25; 27; a(464,286) r(362,235) d(174)
26; 59, 23; d(188) r(201,189)
27; 59, 23; d(249) a(227,374) a(403,330)
28; 59; d(188) r(201,189) a(403,330)
29; 23; d(249) a(227,374)
30; 2; r(325,244) r(400,367) r(210,303)
31; 16; d(249) a(180,385) d(223)
32; 56, 62; d(328) a(181,445)
33; 56, 62; r(382,273) a(358,352) r(475,139) r(171,29)
34; 56; d(328) a(181,445) r(171,29)
35; 62; r(382,273) a(358,352) r(475,139)
36; 57; a(396,439) r(423,113) r(454,451)
37; 4; r(325,244) d(173)
38; 47, 66; d(328) a(358,352) d(11)
39; 47, 66; d(115) a(214,471) r(201,189) d(287)
40; 47; d(328) a(358,352) d(287)
41; 66; d(115) a(214,471) r(201,189) d(11)
42; 34; d(249) r(231,241) d(422)
43; 43; r(124,400) a(134,28) a(378,289)
44; 29; a(464,286) d(291) d(398)
45; 44; d(404) r(453,439) a(358,352) a(340,441)
46; 32, 31; r(382,273) r(146,221) d(385)
47; 32, 31; r(382,273) a(257,357) a(249,287)
48; 32; r(382,273) r(146,221) a(249,287)
49; 31; r(382,273) a(257,357) d(385)
50; 50; d(212) r(131,135) r(444,439)
51; 23; d(249) a(227,374)
52; 28; r(423,162) r(362,235) a(324,255)
53; 56; d(328) a(181,445) r(171,29)
54; 65; d(328) a(358,352) d(435)
55; 69; a(240,448) r(201,189) r(212,152)
--------------------------------------------------------------------------------
Mutation

0; a(464,286) r(362,235) d(174) r(11,202)
1; d(115) r(466,434) r(278,362) d(290)
2; d(404) r(453,439) a(358,352) a(340,441) d(212)
3; d(249) r(231,241) d(422) a(338,256)
4; r(325,244) a(168,166) r(324,362) d(415)
5; a(464,286) r(362,235) d(174) d(368)
6; d(188) r(206,162) a(292,330) r(201,189) r(212,152) r(281,227)
7; a(240,448) d(216)
8; d(188) r(206,162) a(292,330) a(416,2)
9; a(240,448) r(201,189) r(212,152) r(129,448)
10; d(188) r(206,162) r(231,241) d(391) r(213,445)
11; r(423,162) r(362,235) a(324,255) r(403,136)
12; d(249) r(231,241) d(213)
13; d(249) a(180,385) d(223) d(324) d(212)
14; d(249) r(231,241) d(324) a(162,400)
15; d(249) a(180,385) d(223) d(131)
16; r(423,162) a(210,178) r(425,428) r(453,439) a(358,352) a(340,441) a(122,441)
17; d(404) d(14)
18; r(423,162) a(210,178) r(425,428) r(374,373)
19; d(404) r(453,439) a(358,352) a(340,441) d(214)
20; d(188) r(201,189) a(403,330) d(206)
21; r(423,162) d(403) a(242,303) a(412,382)
22; r(325,244) r(400,367) d(462) r(235,294)
23; a(464,286) r(362,235) d(174) r(19,276)
24; r(325,244) r(400,367) d(462) r(452,289)
25; a(464,286) r(362,235) d(174) d(405)
26; d(188) r(201,189) d(427)
27; d(249) a(227,374) a(403,330) a(394,185)
28; d(188) r(201,189) a(403,330) d(214)
29; d(249) a(227,374) a(449,385)
30; r(325,244) r(400,367) r(210,303) a(134,447)
31; d(249) a(180,385) d(223) r(185,289)
32; d(328) a(181,445) d(205)
33; r(382,273) a(358,352) r(475,139) r(171,29) a(160,406)
34; d(328) a(181,445) r(171,29) d(13)
35; r(382,273) a(358,352) r(475,139) d(168)
36; a(396,439) r(423,113) r(454,451) d(214)
37; r(325,244) d(173) a(184,187)
38; d(328) a(358,352) d(11) r(398,275)
39; d(115) a(214,471) r(201,189) d(287) d(416)
40; d(328) a(358,352) d(287) d(449)
41; d(115) a(214,471) r(201,189) d(11) a(213,52)
42; d(249) r(231,241) d(422) a(150,171)
43; r(124,400) a(134,28) a(378,289) a(358,293)
44; a(464,286) d(291) d(398) d(214)
45; d(404) r(453,439) a(358,352) a(340,441) d(380)
46; r(382,273) r(146,221) d(385) a(440,197)
47; r(382,273) a(257,357) a(249,287) a(9,120)
48; r(382,273) r(146,221) a(249,287) a(24,13)
49; r(382,273) a(257,357) d(385) a(368,378)
50; d(212) r(131,135) r(444,439) d(116)
51; d(249) a(227,374) a(199,462)
52; r(423,162) r(362,235) a(324,255) r(427,419)
53; d(328) a(181,445) r(171,29) a(462,9)
54; d(328) a(358,352) d(435) a(201,151)
55; a(240,448) r(201,189) r(212,152) a(442,434)
--------------------------------------------------------------------------------
Evaluation

0; 0.
1; 0.
2; 0.
3; 0.
4; 0.
5; 0.
6; 0.
7; 0.
8; 0.
9; 0.
10; 0.
11; 0.
12; 0.
13; 0.
14; 0.
15; 0.
16; 0.
17; 0.
18; 0.
19; 0.
20; 0.
21; 0.
22; 0.
23; 0.
24; 0.
25; 0.
26; 0.
27; 0.
28; 0.
29; 0.
30; 0.
31; 0.
32; 0.
33; 0.
34; 0.
35; 0.
36; 0.
37; 0.
38; 0.
39; 0.
40; 0.
41; 0.
42; 0.
43; 0.
44; 0.
45; 0.
46; 0.
47; 0.
48; 0.
49; 0.
50; 0.
51; 0.
52; 0.
53; 0.
54; 0.
55; 0.
================================================================================
Generation 4

--------------------------------------------------------------------------------
Selection

0; 51
1; 38
2; 28
3; 47
4; 5
5; 13
6; 6
7; 24
8; 0
9; 36
10; 31
11; 46
12; 45
13; 30
14; 7
15; 2
16; 19
17; 4
18; 0
19; 28
20; 32
21; 36
22; 38
23; 16
24; 18
25; 29
26; 5
27; 0
28; 19
29; 31
30; 50
31; 52
32; 38
33; 39
34; 24
35; 26
36; 54
37; 2
38; 5
39; 53
--------------------------------------------------------------------------------
Crossover

0; 2; d(404) r(453,439) a(358,352) a(340,441) d(212)
1; 47; r(382,273) a(257,357) a(249,287) a(9,120)
2; 28, 32; d(188) r(201,189) a(403,330) d(214)
3; 28, 32; d(328) a(181,445) d(205)
4; 28; d(188) r(201,189) a(403,330) d(214)
5; 32; d(328) a(181,445) d(205)
6; 38, 16; d(328) a(358,352) a(210,178) r(425,428) r(453,439) a(358,352) a(340,441) a(122,441)
7; 38, 16; r(423,162) d(11) r(398,275)
8; 38; d(328) a(358,352) d(11) r(398,275)
9; 16; r(423,162) a(210,178) r(425,428) r(453,439) a(358,352) a(340,441) a(122,441)
10; 26, 45; d(188) r(201,189) a(358,352) a(340,441) d(380)
11; 26, 45; d(404) r(453,439) d(427)
12; 26; d(188) r(201,189) d(427)
13; 45; d(404) r(453,439) a(358,352) a(340,441) d(380)
14; 4, 31; r(325,244)
15; 4, 31; d(249) a(180,385) d(223) r(185,289) a(168,166) r(324,362) d(415)
16; 4; r(325,244) a(168,166) r(324,362) d(415)
17; 31; d(249) a(180,385) d(223) r(185,289)
18; 7, 0; a(240,448) r(362,235) d(174) r(11,202)
19; 7, 0; a(464,286) d(216)
20; 7; a(240,448) d(216)
21; 0; a(464,286) r(362,235) d(174) r(11,202)
22; 5; a(464,286) r(362,235) d(174) d(368)
23; 36; a(396,439) r(423,113) r(454,451) d(214)
24; 24, 0; r(325,244) r(400,367) d(462) r(452,289)
25; 24, 0; a(464,286) r(362,235) d(174) r(11,202)
26; 24; r(325,244) r(400,367) d(462) r(452,289)
27; 0; a(464,286) r(362,235) d(174) r(11,202)
28; 38; d(328) a(358,352) d(11) r(398,275)
29; 51; d(249) a(227,374) a(199,462)
30; 13, 19; d(249) a(180,385) d(223) r(453,439) a(358,352) a(340,441) d(214)
31; 13, 19; d(404) d(324) d(212)
32; 13; d(249) a(180,385) d(223) d(324) d(212)
33; 19; d(404) r(453,439) a(358,352) a(340,441) d(214)
34; 30, 2; r(325,244) r(400,367) r(210,303) a(134,447) r(453,439) a(358,352) a(340,441) d(212)
35; 30, 2; d(404)
36; 30; r(325,244) r(400,367) r(210,303) a(134,447)
37; 2; d(404) r(453,439) a(358,352) a(340,441) d(212)
38; 53, 18; d(328) a(181,445) r(171,29) r(425,428) r(374,373)
39; 53, 18; r(423,162) a(210,178) a(462,9)
40; 53; d(328) a(181,445) r(171,29) a(462,9)
41; 18; r(423,162) a(210,178) r(425,428) r(374,373)
42; 29; d(249) a(227,374) a(449,385)
43; 28; d(188) r(201,189) a(403,330) d(214)
44; 52, 31; r(423,162) d(223) r(185,289)
45; 52, 31; d(249) a(180,385) r(362,235) a(324,255) r(427,419)
46; 52; r(423,162) r(362,235) a(324,255) r(427,419)
47; 31; d(249) a(180,385) d(223) r(185,289)
48; 0; a(464,286) r(362,235) d(174) r(11,202)
49; 54; d(328) a(358,352) d(435) a(201,151)
50; 46; r(382,273) r(146,221) d(385) a(440,197)
51; 6; d(188) r(206,162) a(292,330) r(201,189) r(212,152) r(281,227)
52; 36, 5; a(396,439) r(423,113) r(454,451) r(362,235) d(174) d(368)
53; 36, 5; a(464,286) d(214)
54; 36; a(396,439) r(423,113) r(454,451) d(214)
55; 5; a(464,286) r(362,235) d(174) d(368)
56; 5; a(464,286) r(362,235) d(174) d(368)
57; 24; r(325,244) r(400,367) d(462) r(452,289)
58; 38, 19; d(328) a(358,352) d(11) r(398,275) a(358,352) a(340,441) d(214)
59; 38, 19; d(404) r(453,439)
60; 38; d(328) a(358,352) d(11) r(398,275)
61; 19; d(404) r(453,439) a(358,352) a(340,441) d(214)
62; 50; d(212) r(131,135) r(444,439) d(116)
63; 39; d(115) a(214,471) r(201,189) d(287) d(416)
--------------------------------------------------------------------------------
Mutation

0; d(404) r(453,439) a(358,352) a(340,441) d(212) a(368,401)
1; r(382,273) a(257,357) a(249,287) a(9,120) a(468,133)
2; d(188) r(201,189) a(403,330) d(214) d(147)
3; d(328) a(181,445) d(205) d(291)
4; d(188) r(201,189) a(403,330) d(214) r(238,360)
5; d(328) a(181,445) d(205) a(272,462)
6; d(328) a(358,352) a(210,178) r(425,428) r(453,439) a(358,352) a(340,441) a(122,441) r(22,37)
7; r(423,162) d(11) r(398,275) a(197,272)
8; d(328) a(358,352) d(11) r(398,275) a(428,273)
9; r(423,162) a(210,178) r(425,428) r(453,439) a(358,352) a(340,441) a(122,441) d(146)
10; d(188) r(201,189) a(358,352) a(340,441) d(380) a(14,50)
11; d(404) r(453,439) d(427) a(332,235)
12; d(188) r(201,189) d(427) r(164,21)
13; d(404) r(453,439) a(358,352) a(340,441) d(380) a(213,154)
14; r(325,244) a(421,139)
15; d(249) a(180,385) d(223) r(185,289) a(168,166) r(324,362) d(415) r(204,413)
16; r(325,244) a(168,166) r(324,362) d(415) r(398,409)
17; d(249) a(180,385) d(223) r(185,289) a(464,400)
18; a(240,448) r(362,235) d(174) r(11,202) d(238)
19; a(464,286) d(216) a(213,374)
20; a(240,448) d(216) d(274)
21; a(464,286) r(362,235) d(174) r(11,202) d(158)
22; a(464,286) r(362,235) d(174) d(368) d(276)
23; a(396,439) r(423,113) r(454,451) d(214) a(118,138)
24; r(325,244) r(400,367) d(462) r(452,289) r(14,349)
25; a(464,286) r(362,235) d(174) r(11,202) a(437,275)
26; r(325,244) r(400,367) d(462) r(452,289) d(188)
27; a(464,286) r(362,235) d(174) r(11,202) d(463)
28; d(328) a(358,352) d(11) r(398,275) a(410,358)
29; d(249) a(227,374) a(199,462) r(390,402)
30; d(249) a(180,385) d(223) r(453,439) a(358,352) a(340,441) d(214) a(253,286)
31; d(404) d(324) d(212) a(221,41)
32; d(249) a(180,385) d(223) d(324) d(212) d(279)
33; d(404) r(453,439) a(358,352) a(340,441) d(214) d(208)
34; r(325,244) r(400,367) r(210,303) a(134,447) r(453,439) a(358,352) a(340,441) d(212) a(214,41)
35; d(404) r(303,172)
36; r(325,244) r(400,367) r(210,303) a(134,447) r(371,398)
37; d(404) r(453,439) a(358,352) a(340,441) d(212) r(139,37)
38; d(328) a(181,445) r(171,29) r(425,428) r(374,373) a(214,357)
39; r(423,162) a(210,178) a(462,9) d(430)
40; d(328) a(181,445) r(171,29) a(462,9) r(162,349)
41; r(423,162) a(210,178) r(425,428) r(374,373) d(368)
42; d(249) a(227,374) a(449,385) r(187,233)
43; d(188) r(201,189) a(403,330) d(214) d(227)
44; r(423,162) d(223) r(185,289) a(460,272)
45; d(249) a(180,385) r(362,235) a(324,255) r(427,419) d(237)
46; r(423,162) r(362,235) a(324,255) r(427,419) a(294,178)
47; d(249) a(180,385) d(223) r(185,289) d(13)
48; a(464,286) r(362,235) d(174) r(11,202) r(214,289)
49; d(328) a(358,352) d(435) a(201,151) a(213,37)
50; r(382,273) r(146,221) d(385) a(440,197) d(467)
51; d(188) r(206,162) a(292,330) r(201,189) r(212,152) r(281,227) a(242,292)
52; a(396,439) r(423,113) r(454,451) r(362,235) d(174) d(368) d(124)
53; a(464,286) d(214) a(233,251)
54; a(396,439) r(423,113) r(454,451) d(214) r(353,332)
55; a(464,286) r(362,235) d(174) d(368) a(213,274)
56; a(464,286) r(362,235) d(174) d(368) a(213,159)
57; r(325,244) r(400,367) d(462) r(452,289) d(330)
58; d(328) a(358,352) d(11) r(398,275) a(358,352) a(340,441) d(214) a(10,434)
59; d(404) r(453,439) a(216,276)
60; d(328) a(358,352) d(11) r(398,275) a(465,471)
61; d(404) r(453,439) a(358,352) a(340,441) d(214) r(136,455)
62; d(212) r(131,135) r(444,439) d(116) d(183)
63; d(115) a(214,471) r(201,189) d(287) d(416) r(472,227)
--------------------------------------------------------------------------------
Evaluation

0; 0.
1; 0.
2; 0.
3; 0.
4; 0.
5; 0.
6; 0.
7; 0.
8; 0.
9; 0.
10; 0.
11; 0.
12; 0.
13; 0.
14; 0.
15; 0.
16; 0.
17; 0.
18; 0.
19; 0.
20; 0.
21; 0.
22; 0.
23; 0.
24; 0.
25; 0.
26; 0.
27; 0.
28; 0.
29; 0.
30; 0.
31; 0.
32; 0.
33; 0.
34; 0.
35; 0.
36; 0.
37; 0.
38; 0.
39; 0.
40; 0.
41; 0.
42; 0.
43; 0.
44; 0.
45; 0.
46; 0.
47; 0.
48; 0.
49; 0.
50; 0.
51; 0.
52; 0.
53; 0.
54; 0.
55; 0.
56; 0.
57; 0.
58; 0.
59; 0.
60; 0.
61; 0.
62; 0.
63; 0.
================================================================================
Generation 5

--------------------------------------------------------------------------------
Selection

0; 19
1; 49
2; 29
3; 4
4; 25
5; 53
6; 47
7; 34
8; 33
9; 19
10; 49
11; 36
12; 29
13; 63
14; 18
15; 19
16; 14
17; 49
18; 47
19; 24
20; 16
21; 33
22; 63
23; 28
24; 14
25; 62
26; 40
27; 17
28; 33
29; 27
30; 32
31; 4
32; 27
33; 52
34; 22
35; 0
36; 32
37; 31
38; 21
39; 23
--------------------------------------------------------------------------------
Crossover

0; 27; a(464,286) r(362,235) d(174) r(11,202) d(463)
1; 25; a(464,286) r(362,235) d(174) r(11,202) a(437,275)
2; 27; a(464,286) r(362,235) d(174) r(11,202) d(463)
3; 19; a(464,286) d(216) a(213,374)
4; 17; d(249) a(180,385) d(223) r(185,289) a(464,400)
5; 14; r(325,244) a(421,139)
6; 32, 36; d(249) a(180,385) d(223) d(324) d(212)
7; 32, 36; r(325,244) r(400,367) r(210,303) a(134,447) r(371,398) d(279)
8; 32; d(249) a(180,385) d(223) d(324) d(212) d(279)
9; 36; r(325,244) r(400,367) r(210,303) a(134,447) r(371,398)
10; 29; d(249) a(227,374) a(199,462) r(390,402)
11; 29; d(249) a(227,374) a(199,462) r(390,402)
12; 18; a(240,448) r(362,235) d(174) r(11,202) d(238)
13; 4; d(188) r(201,189) a(403,330) d(214) r(238,360)
14; 21; a(464,286) r(362,235) d(174) r(11,202) d(158)
15; 0; d(404) r(453,439) a(358,352) a(340,441) d(212) a(368,401)
16; 23; a(396,439) r(423,113) r(454,451) d(214) a(118,138)
17; 47; d(249) a(180,385) d(223) r(185,289) d(13)
18; 22, 34; a(464,286) r(362,235) d(174)
19; 22, 34; r(325,244) r(400,367) r(210,303) a(134,447) r(453,439) a(358,352) a(340,441) d(212) a(214,41) d(368) d(276)
20; 22; a(464,286) r(362,235) d(174) d(368) d(276)
21; 34; r(325,244) r(400,367) r(210,303) a(134,447) r(453,439) a(358,352) a(340,441) d(212) a(214,41)
22; 33; d(404) r(453,439) a(358,352) a(340,441) d(214) d(208)
23; 53; a(464,286) d(214) a(233,251)
24; 33, 49; d(404) r(453,439) a(358,352) a(340,441) d(214) d(208) d(435) a(201,151) a(213,37)
25; 33, 49; d(328) a(358,352)
26; 33; d(404) r(453,439) a(358,352) a(340,441) d(214) d(208)
27; 49; d(328) a(358,352) d(435) a(201,151) a(213,37)
28; 63, 19; d(115) d(216) a(213,374)
29; 63, 19; a(464,286) a(214,471) r(201,189) d(287) d(416) r(472,227)
30; 63; d(115) a(214,471) r(201,189) d(287) d(416) r(472,227)
31; 19; a(464,286) d(216) a(213,374)
32; 62, 16; d(212)
33; 62, 16; r(325,244) a(168,166) r(324,362) d(415) r(398,409) r(131,135) r(444,439) d(116) d(183)
34; 62; d(212) r(131,135) r(444,439) d(116) d(183)
35; 16; r(325,244) a(168,166) r(324,362) d(415) r(398,409)
36; 63, 49; d(115) a(213,37)
37; 63, 49; d(328) a(358,352) d(435) a(201,151) a(214,471) r(201,189) d(287) d(416) r(472,227)
38; 63; d(115) a(214,471) r(201,189) d(287) d(416) r(472,227)
39; 49; d(328) a(358,352) d(435) a(201,151) a(213,37)
40; 28, 19; d(328) a(358,352)
41; 28, 19; a(464,286) d(216) a(213,374) d(11) r(398,275) a(410,358)
42; 28; d(328) a(358,352) d(11) r(398,275) a(410,358)
43; 19; a(464,286) d(216) a(213,374)
44; 52, 4; a(396,439) d(214) r(238,360)
45; 52, 4; d(188) r(201,189) a(403,330) r(423,113) r(454,451) r(362,235) d(174) d(368) d(124)
46; 52; a(396,439) r(423,113) r(454,451) r(362,235) d(174) d(368) d(124)
47; 4; d(188) r(201,189) a(403,330) d(214) r(238,360)
48; 47, 31; d(249) a(180,385) d(223)
49; 47, 31; d(404) d(324) d(212) a(221,41) r(185,289) d(13)
50; 47; d(249) a(180,385) d(223) r(185,289) d(13)
51; 31; d(404) d(324) d(212) a(221,41)
52; 49; d(328) a(358,352) d(435) a(201,151) a(213,37)
53; 24; r(325,244) r(400,367) d(462) r(452,289) r(14,349)
54; 40; d(328) a(181,445) r(171,29) a(462,9) r(162,349)
55; 33; d(404) r(453,439) a(358,352) a(340,441) d(214) d(208)
56; 14; r(325,244) a(421,139)
57; 32; d(249) a(180,385) d(223) d(324) d(212) d(279)
--------------------------------------------------------------------------------
Mutation

0; a(464,286) r(362,235) d(174) r(11,202) d(463) d(287)
1; a(464,286) r(362,235) d(174) r(11,202) a(437,275) d(223)
2; a(464,286) r(362,235) d(174) r(11,202) d(463) a(216,45)
3; a(464,286) d(216) a(213,374) d(448)
4; d(249) a(180,385) d(223) r(185,289) a(464,400) a(13,185)
5; r(325,244) a(421,139) a(212,221)
6; d(249) a(180,385) d(223) d(324) d(212) r(120,323)
7; r(325,244) r(400,367) r(210,303) a(134,447) r(371,398) d(279) d(254)
8; d(249) a(180,385) d(223) d(324) d(212) d(279) d(202)
9; r(325,244) r(400,367) r(210,303) a(134,447) r(371,398) a(344,245)
10; d(249) a(227,374) a(199,462) r(390,402) r(337,239)
11; d(249) a(227,374) a(199,462) r(390,402) r(212,357)
12; a(240,448) r(362,235) d(174) r(11,202) d(238) d(396)
13; d(188) r(201,189) a(403,330) d(214) r(238,360) a(465,330)
14; a(464,286) r(362,235) d(174) r(11,202) d(158) a(392,402)
15; d(404) r(453,439) a(358,352) a(340,441) d(212) a(368,401) d(403)
16; a(396,439) r(423,113) r(454,451) d(214) a(118,138) a(212,393)
17; d(249) a(180,385) d(223) r(185,289) d(13) d(141)
18; a(464,286) r(362,235) d(174) r(358,1)
19; r(325,244) r(400,367) r(210,303) a(134,447) r(453,439) a(358,352) a(340,441) d(212) a(214,41) d(368) d(276) r(214,202)
20; a(464,286) r(362,235) d(174) d(368) d(276) r(414,403)
21; r(325,244) r(400,367) r(210,303) a(134,447) r(453,439) a(358,352) a(340,441) d(212) a(214,41) r(171,29)
22; d(404) r(453,439) a(358,352) a(340,441) d(214) d(208) a(120,420)
23; a(464,286) d(214) a(233,251) r(216,467)
24; d(404) r(453,439) a(358,352) a(340,441) d(214) d(208) d(435) a(201,151) a(213,37) a(346,360)
25; d(328) a(358,352) r(150,28)
26; d(404) r(453,439) a(358,352) a(340,441) d(214) d(208) r(185,467)
27; d(328) a(358,352) d(435) a(201,151) a(213,37) a(425,380)
28; d(115) d(216) a(213,374) r(425,202)
29; a(464,286) a(214,471) r(201,189) d(287) d(416) r(472,227) d(444)
30; d(115) a(214,471) r(201,189) d(287) d(416) r(472,227) r(276,286)
31; a(464,286) d(216) a(213,374) r(384,475)
32; d(212) a(447,273)
33; r(325,244) a(168,166) r(324,362) d(415) r(398,409) r(131,135) r(444,439) d(116) d(183) r(213,188)
34; d(212) r(131,135) r(444,439) d(116) d(183) r(205,139)
35; r(325,244) a(168,166) r(324,362) d(415) r(398,409) a(199,166)
36; d(115) a(213,37) d(172)
37; d(328) a(358,352) d(435) a(201,151) a(214,471) r(201,189) d(287) d(416) r(472,227) d(434)
38; d(115) a(214,471) r(201,189) d(287) d(416) r(472,227) a(173,358)
39; d(328) a(358,352) d(435) a(201,151) a(213,37) d(464)
40; d(328) a(358,352) d(376)
41; a(464,286) d(216) a(213,374) d(11) r(398,275) a(410,358) d(467)
42; d(328) a(358,352) d(11) r(398,275) a(410,358) d(229)
43; a(464,286) d(216) a(213,374) d(292)
44; a(396,439) d(214) r(238,360) a(350,41)
45; d(188) r(201,189) a(403,330) r(423,113) r(454,451) r(362,235) d(174) d(368) d(124) d(112)
46; a(396,439) r(423,113) r(454,451) r(362,235) d(174) d(368) d(124) a(215,22)
47; d(188) r(201,189) a(403,330) d(214) r(238,360) d(254)
48; d(249) a(180,385) d(223) r(130,381)
49; d(404) d(324) d(212) a(221,41) r(185,289) d(13) a(387,417)
50; d(249) a(180,385) d(223) r(185,289) d(13) a(425,420)
51; d(404) d(324) d(212) a(221,41) a(20,357)
52; d(328) a(358,352) d(435) a(201,151) a(213,37) a(420,357)
53; r(325,244) r(400,367) d(462) r(452,289) r(14,349) a(455,45)
54; d(328) a(181,445) r(171,29) a(462,9) r(162,349) r(221,415)
55; d(404) r(453,439) a(358,352) a(340,441) d(214) d(208) r(178,19)
56; r(325,244) a(421,139) a(468,29)
57; d(249) a(180,385) d(223) d(324) d(212) d(279) a(145,202)
--------------------------------------------------------------------------------
Evaluation

0; 0.
1; 0.
2; 0.
3; 0.
4; 0.
5; 0.
6; 0.
7; 0.
8; 0.
9; 0.
10; 0.
11; 0.
12; 0.
13; 0.
14; 0.
15; 0.
16; 0.
17; 0.
18; 0.
19; 0.
20; 0.
21; 0.
22; 0.
23; 0.
24; 0.
25; 0.
26; 0.
27; 0.
28; 0.
29; 0.
30; 0.
31; 0.
32; 0.
33; 0.
34; 0.
35; 0.
36; 0.
37; 0.
38; 0.
39; 0.
40; 0.
41; 0.
42; 0.
43; 0.
44; 0.
45; 0.
46; 0.
47; 0.
48; 0.
49; 0.
50; 0.
51; 0.
52; 0.
53; 0.
54; 0.
55; 0.
56; 0.
57; 0.
================================================================================
Generation 6

--------------------------------------------------------------------------------
Selection

0; 51
1; 2
2; 47
3; 5
4; 19
5; 11
6; 22
7; 51
8; 43
9; 28
10; 3
11; 36
12; 22
13; 27
14; 20
15; 10
16; 29
17; 18
18; 23
19; 39
20; 29
21; 30
22; 15
23; 45
24; 38
25; 38
26; 29
27; 26
28; 24
29; 32
30; 7
31; 36
32; 26
33; 15
34; 42
35; 13
36; 30
37; 48
38; 41
39; 32
--------------------------------------------------------------------------------
Crossover

0; 26, 36; d(404) r(453,439) a(358,352) a(340,441) d(214) d(208) r(185,467) a(213,37) d(172)
1; 26, 36; d(115)
2; 26; d(404) r(453,439) a(358,352) a(340,441) d(214) d(208) r(185,467)
3; 36; d(115) a(213,37) d(172)
4; 19, 32; r(325,244) r(400,367)
5; 19, 32; d(212) a(447,273) r(210,303) a(134,447) r(453,439) a(358,352) a(340,441) d(212) a(214,41) d(368) d(276) r(214,202)
6; 19; r(325,244) r(400,367) r(210,303) a(134,447) r(453,439) a(358,352) a(340,441) d(212) a(214,41) d(368) d(276) r(214,202)
7; 32; d(212) a(447,273)
8; 30; d(115) a(214,471) r(201,189) d(287) d(416) r(472,227) r(276,286)
9; 15; d(404) r(453,439) a(358,352) a(340,441) d(212) a(368,401) d(403)
10; 26; d(404) r(453,439) a(358,352) a(340,441) d(214) d(208) r(185,467)
11; 43; a(464,286) d(216) a(213,374) d(292)
12; 42, 38; d(328) a(358,352) d(11) r(398,275) a(410,358) a(173,358)
13; 42, 38; d(115) a(214,471) r(201,189) d(287) d(416) r(472,227) d(229)
14; 42; d(328) a(358,352) d(11) r(398,275) a(410,358) d(229)
15; 38; d(115) a(214,471) r(201,189) d(287) d(416) r(472,227) a(173,358)
16; 22; d(404) r(453,439) a(358,352) a(340,441) d(214) d(208) a(120,420)
17; 24; d(404) r(453,439) a(358,352) a(340,441) d(214) d(208) d(435) a(201,151) a(213,37) a(346,360)
18; 41; a(464,286) d(216) a(213,374) d(11) r(398,275) a(410,358) d(467)
19; 3; a(464,286) d(216) a(213,374) d(448)
20; 51; d(404) d(324) d(212) a(221,41) a(20,357)
21; 29; a(464,286) a(214,471) r(201,189) d(287) d(416) r(472,227) d(444)
22; 45, 11; d(188) r(201,189) a(403,330) r(423,113) r(454,451) r(362,235) r(390,402) r(212,357)
23; 45, 11; d(249) a(227,374) a(199,462) d(174) d(368) d(124) d(112)
24; 45; d(188) r(201,189) a(403,330) r(423,113) r(454,451) r(362,235) d(174) d(368) d(124) d(112)
25; 11; d(249) a(227,374) a(199,462) r(390,402) r(212,357)
26; 32; d(212) a(447,273)
27; 10; d(249) a(227,374) a(199,462) r(390,402) r(337,239)
28; 13; d(188) r(201,189) a(403,330) d(214) r(238,360) a(465,330)
29; 38; d(115) a(214,471) r(201,189) d(287) d(416) r(472,227) a(173,358)
30; 18; a(464,286) r(362,235) d(174) r(358,1)
31; 51; d(404) d(324) d(212) a(221,41) a(20,357)
32; 22, 5; d(404) r(453,439) a(358,352) a(340,441) d(214) a(421,139) a(212,221)
33; 22, 5; r(325,244) d(208) a(120,420)
34; 22; d(404) r(453,439) a(358,352) a(340,441) d(214) d(208) a(120,420)
35; 5; r(325,244) a(421,139) a(212,221)
36; 20; a(464,286) r(362,235) d(174) d(368) d(276) r(414,403)
37; 15; d(404) r(453,439) a(358,352) a(340,441) d(212) a(368,401) d(403)
38; 28; d(115) d(216) a(213,374) r(425,202)
39; 29; a(464,286) a(214,471) r(201,189) d(287) d(416) r(472,227) d(444)
40; 7; r(325,244) r(400,367) r(210,303) a(134,447) r(371,398) d(279) d(254)
41; 48; d(249) a(180,385) d(223) r(130,381)
42; 29, 27; a(464,286) a(214,471) r(201,189) d(287) d(416) r(472,227) d(444) a(358,352) d(435) a(201,151) a(213,37) a(425,380)
43; 29, 27; d(328)
44; 29; a(464,286) a(214,471) r(201,189) d(287) d(416) r(472,227) d(444)
45; 27; d(328) a(358,352) d(435) a(201,151) a(213,37) a(425,380)
46; 36, 47; d(115) a(213,37) d(172)
47; 36, 47; d(188) r(201,189) a(403,330) d(214) r(238,360) d(254)
48; 36; d(115) a(213,37) d(172)
49; 47; d(188) r(201,189) a(403,330) d(214) r(238,360) d(254)
50; 30; d(115) a(214,471) r(201,189) d(287) d(416) r(472,227) r(276,286)
51; 39; d(328) a(358,352) d(435) a(201,151) a(213,37) d(464)
52; 23; a(464,286) d(214) a(233,251) r(216,467)
53; 2; a(464,286) r(362,235) d(174) r(11,202) d(463) a(216,45)
--------------------------------------------------------------------------------
Mutation

0; d(404) r(453,439) a(358,352) a(340,441) d(214) d(208) r(185,467) a(213,37) d(172) a(434,397)
1; d(115) r(10,48)
2; d(404) r(453,439) a(358,352) a(340,441) d(214) d(208) r(185,467) a(212,146)
3; d(115) a(213,37) d(172) d(230)
4; r(325,244) r(400,367) d(272)
5; d(212) a(447,273) r(210,303) a(134,447) r(453,439) a(358,352) a(340,441) d(212) a(214,41) d(368) d(276) r(214,202) r(15,226)
6; r(325,244) r(400,367) r(210,303) a(134,447) r(453,439) a(358,352) a(340,441) d(212) a(214,41) d(368) d(276) r(214,202) a(429,226)
7; d(212) a(447,273) r(419,22)
8; d(115) a(214,471) r(201,189) d(287) d(416) r(472,227) r(276,286) a(453,172)
9; d(404) r(453,439) a(358,352) a(340,441) d(212) a(368,401) d(403) r(465,415)
10; d(404) r(453,439) a(358,352) a(340,441) d(214) d(208) r(185,467) d(413)
11; a(464,286) d(216) a(213,374) d(292) a(214,139)
12; d(328) a(358,352) d(11) r(398,275) a(410,358) a(173,358) r(331,242)
13; d(115) a(214,471) r(201,189) d(287) d(416) r(472,227) d(229) r(343,52)
14; d(328) a(358,352) d(11) r(398,275) a(410,358) d(229) d(158)
15; d(115) a(214,471) r(201,189) d(287) d(416) r(472,227) a(173,358) r(208,167)
16; d(404) r(453,439) a(358,352) a(340,441) d(214) d(208) a(120,420) d(417)
17; d(404) r(453,439) a(358,352) a(340,441) d(214) d(208) d(435) a(201,151) a(213,37) a(346,360) a(213,330)
18; a(464,286) d(216) a(213,374) d(11) r(398,275) a(410,358) d(467) r(25,233)
19; a(464,286) d(216) a(213,374) d(448) d(394)
20; d(404) d(324) d(212) a(221,41) a(20,357) d(378)
21; a(464,286) a(214,471) r(201,189) d(287) d(416) r(472,227) d(444) a(118,29)
22; d(188) r(201,189) a(403,330) r(423,113) r(454,451) r(362,235) r(390,402) r(212,357) r(161,228)
23; d(249) a(227,374) a(199,462) d(174) d(368) d(124) d(112) d(281)
24; d(188) r(201,189) a(403,330) r(423,113) r(454,451) r(362,235) d(174) d(368) d(124) d(112) r(151,29)
25; d(249) a(227,374) a(199,462) r(390,402) r(212,357) d(300)
26; d(212) a(447,273) a(390,173)
27; d(249) a(227,374) a(199,462) r(390,402) r(337,239) d(291)
28; d(188) r(201,189) a(403,330) d(214) r(238,360) a(465,330) a(351,232)
29; d(115) a(214,471) r(201,189) d(287) d(416) r(472,227) a(173,358) d(452)
30; a(464,286) r(362,235) d(174) r(358,1) r(403,425)
31; d(404) d(324) d(212) a(221,41) a(20,357) r(398,31)
32; d(404) r(453,439) a(358,352) a(340,441) d(214) a(421,139) a(212,221) d(286)
33; r(325,244) d(208) a(120,420) d(214)
34; d(404) r(453,439) a(358,352) a(340,441) d(214) d(208) a(120,420) d(146)
35; r(325,244) a(421,139) a(212,221) d(24)
36; a(464,286) r(362,235) d(174) d(368) d(276) r(414,403) d(253)
37; d(404) r(453,439) a(358,352) a(340,441) d(212) a(368,401) d(403) r(112,275)
38; d(115) d(216) a(213,374) r(425,202) d(128)
39; a(464,286) a(214,471) r(201,189) d(287) d(416) r(472,227) d(444) a(422,445)
40; r(325,244) r(400,367) r(210,303) a(134,447) r(371,398) d(279) d(254) r(467,31)
41; d(249) a(180,385) d(223) r(130,381) a(1,9)
42; a(464,286) a(214,471) r(201,189) d(287) d(416) r(472,227) d(444) a(358,352) d(435) a(201,151) a(213,37) a(425,380) a(247,351)
43; d(328) r(137,202)
44; a(464,286) a(214,471) r(201,189) d(287) d(416) r(472,227) d(444) d(400)
45; d(328) a(358,352) d(435) a(201,151) a(213,37) a(425,380) d(225)
46; d(115) a(213,37) d(172) a(394,475)
47; d(188) r(201,189) a(403,330) d(214) r(238,360) d(254) a(388,425)
48; d(115) a(213,37) d(172) a(230,253)
49; d(188) r(201,189) a(403,330) d(214) r(238,360) d(254) r(377,388)
50; d(115) a(214,471) r(201,189) d(287) d(416) r(472,227) r(276,286) r(421,384)
51; d(328) a(358,352) d(435) a(201,151) a(213,37) d(464) d(19)
52; a(464,286) d(214) a(233,251) r(216,467) a(327,247)
53; a(464,286) r(362,235) d(174) r(11,202) d(463) a(216,45) a(214,2)
--------------------------------------------------------------------------------
Evaluation

0; 0.
1; 0.
2; 0.
3; 0.
4; 0.
5; 0.
6; 0.
7; 0.
8; 0.
9; 0.
10; 0.
11; 0.
12; 0.
13; 0.
14; 0.
15; 0.
16; 0.
17; 0.
18; 0.
19; 0.
20; 0.
21; 0.
22; 0.
23; 0.
24; 0.
25; 0.
26; 0.
27; 0.
28; 0.
29; 0.
30; 0.
31; 0.
32; 0.
33; 0.
34; 0.
35; 0.
36; 0.
37; 0.
38; 0.
39; 0.
40; 0.
41; 0.
42; 0.
43; 0.
44; 0.
45; 0.
46; 0.
47; 0.
48; 0.
49; 0.
50; 0.
51; 0.
52; 0.
53; 0.
================================================================================
Generation 7

--------------------------------------------------------------------------------
Selection

0; 26
1; 2
2; 33
3; 10
4; 20
5; 13
6; 41
7; 36
8; 16
9; 38
10; 47
11; 37
12; 3
13; 44
14; 3
15; 15
16; 39
17; 5
18; 43
19; 36
20; 49
21; 46
22; 34
23; 48
24; 14
25; 41
26; 35
27; 41
28; 18
29; 41
30; 7
31; 4
32; 5
33; 14
34; 42
35; 33
36; 6
37; 37
38; 20
39; 32
--------------------------------------------------------------------------------
Crossover

0; 41, 46; d(249) a(394,475)
1; 41, 46; d(115) a(213,37) d(172) a(180,385) d(223) r(130,381) a(1,9)
2; 41; d(249) a(180,385) d(223) r(130,381) a(1,9)
3; 46; d(115) a(213,37) d(172) a(394,475)
4; 37, 42; d(404) r(453,439) a(358,352) a(340,441) d(212) a(201,151) a(213,37) a(425,380) a(247,351)
5; 37, 42; a(464,286) a(214,471) r(201,189) d(287) d(416) r(472,227) d(444) a(358,352) d(435) a(368,401) d(403) r(112,275)
6; 37; d(404) r(453,439) a(358,352) a(340,441) d(212) a(368,401) d(403) r(112,275)
7; 42; a(464,286) a(214,471) r(201,189) d(287) d(416) r(472,227) d(444) a(358,352) d(435) a(201,151) a(213,37) a(425,380) a(247,351)
8; 34; d(404) r(453,439) a(358,352) a(340,441) d(214) d(208) a(120,420) d(146)
9; 14; d(328) a(358,352) d(11) r(398,275) a(410,358) d(229) d(158)
10; 32, 38; d(404) r(453,439) a(358,352) a(340,441) d(214) a(421,139) a(212,221) d(286) d(216) a(213,374) r(425,202) d(128)
11; 32, 38; d(115)
12; 32; d(404) r(453,439) a(358,352) a(340,441) d(214) a(421,139) a(212,221) d(286)
13; 38; d(115) d(216) a(213,374) r(425,202) d(128)
14; 47, 5; d(188) r(201,189) a(403,330) d(214) r(238,360) d(254) a(388,425) d(368) d(276) r(214,202) r(15,226)
15; 47, 5; d(212) a(447,273) r(210,303) a(134,447) r(453,439) a(358,352) a(340,441) d(212) a(214,41)
16; 47; d(188) r(201,189) a(403,330) d(214) r(238,360) d(254) a(388,425)
17; 5; d(212) a(447,273) r(210,303) a(134,447) r(453,439) a(358,352) a(340,441) d(212) a(214,41) d(368) d(276) r(214,202) r(15,226)
18; 3, 33; d(115) a(120,420) d(214)
19; 3, 33; r(325,244) d(208) a(213,37) d(172) d(230)
20; 3; d(115) a(213,37) d(172) d(230)
21; 33; r(325,244) d(208) a(120,420) d(214)
22; 16, 35; d(404) r(453,439) a(358,352) a(340,441) d(214) d(208)
23; 16, 35; r(325,244) a(421,139) a(212,221) d(24) a(120,420) d(417)
24; 16; d(404) r(453,439) a(358,352) a(340,441) d(214) d(208) a(120,420) d(417)
25; 35; r(325,244) a(421,139) a(212,221) d(24)
26; 18, 15; a(464,286) d(416) r(472,227) a(173,358) r(208,167)
27; 18, 15; d(115) a(214,471) r(201,189) d(287) d(216) a(213,374) d(11) r(398,275) a(410,358) d(467) r(25,233)
28; 18; a(464,286) d(216) a(213,374) d(11) r(398,275) a(410,358) d(467) r(25,233)
29; 15; d(115) a(214,471) r(201,189) d(287) d(416) r(472,227) a(173,358) r(208,167)
30; 33, 41; r(325,244) r(130,381) a(1,9)
31; 33, 41; d(249) a(180,385) d(223) d(208) a(120,420) d(214)
32; 33; r(325,244) d(208) a(120,420) d(214)
33; 41; d(249) a(180,385) d(223) r(130,381) a(1,9)
34; 36; a(464,286) r(362,235) d(174) d(368) d(276) r(414,403) d(253)
35; 4; r(325,244) r(400,367) d(272)
36; 44; a(464,286) a(214,471) r(201,189) d(287) d(416) r(472,227) d(444) d(400)
37; 2; d(404) r(453,439) a(358,352) a(340,441) d(214) d(208) r(185,467) a(212,146)
38; 37, 41; d(404) r(453,439) a(1,9)
39; 37, 41; d(249) a(180,385) d(223) r(130,381) a(358,352) a(340,441) d(212) a(368,401) d(403) r(112,275)
40; 37; d(404) r(453,439) a(358,352) a(340,441) d(212) a(368,401) d(403) r(112,275)
41; 41; d(249) a(180,385) d(223) r(130,381) a(1,9)
42; 43, 14; d(328) a(358,352) d(11) r(398,275) a(410,358) d(229) d(158)
43; 43, 14; d(328) r(137,202)
44; 43; d(328) r(137,202)
45; 14; d(328) a(358,352) d(11) r(398,275) a(410,358) d(229) d(158)
46; 39, 20; a(464,286) a(214,471) r(201,189) d(287) d(416) d(378)
47; 39, 20; d(404) d(324) d(212) a(221,41) a(20,357) r(472,227) d(444) a(422,445)
48; 39; a(464,286) a(214,471) r(201,189) d(287) d(416) r(472,227) d(444) a(422,445)
49; 20; d(404) d(324) d(212) a(221,41) a(20,357) d(378)
50; 10; d(404) r(453,439) a(358,352) a(340,441) d(214) d(208) r(185,467) d(413)
51; 13; d(115) a(214,471) r(201,189) d(287) d(416) r(472,227) d(229) r(343,52)
52; 5, 3; d(212) a(447,273) r(210,303) a(134,447) r(453,439) a(358,352) a(340,441) d(212) a(214,41) d(368) d(276) r(214,202) r(15,226)
53; 5, 3; d(115) a(213,37) d(172) d(230)
54; 5; d(212) a(447,273) r(210,303) a(134,447) r(453,439) a(358,352) a(340,441) d(212) a(214,41) d(368) d(276) r(214,202) r(15,226)
55; 3; d(115) a(213,37) d(172) d(230)
56; 6, 7; r(325,244) r(400,367) r(210,303) a(134,447) r(453,439) a(358,352) a(340,441) d(212) a(214,41) d(368) d(276) r(214,202)
57; 6, 7; d(212) a(447,273) r(419,22) a(429,226)
58; 6; r(325,244) r(400,367) r(210,303) a(134,447) r(453,439) a(358,352) a(340,441) d(212) a(214,41) d(368) d(276) r(214,202) a(429,226)
59; 7; d(212) a(447,273) r(419,22)
60; 20; d(404) d(324) d(212) a(221,41) a(20,357) d(378)
61; 41; d(249) a(180,385) d(223) r(130,381) a(1,9)
62; 49, 26; d(188) r(201,189) a(403,330) d(214) r(238,360) a(447,273) a(390,173)
63; 49, 26; d(212) d(254) r(377,388)
64; 49; d(188) r(201,189) a(403,330) d(214) r(238,360) d(254) r(377,388)
65; 26; d(212) a(447,273) a(390,173)
66; 48; d(115) a(213,37) d(172) a(230,253)
67; 36; a(464,286) r(362,235) d(174) d(368) d(276) r(414,403) d(253)
--------------------------------------------------------------------------------
Mutation

0; d(249) a(394,475) d(213)
1; d(115) a(213,37) d(172) a(180,385) d(223) r(130,381) a(1,9) r(384,133)
2; d(249) a(180,385) d(223) r(130,381) a(1,9) a(202,120)
3; d(115) a(213,37) d(172) a(394,475) a(399,416)
4; d(404) r(453,439) a(358,352) a(340,441) d(212) a(201,151) a(213,37) a(425,380) a(247,351) a(277,400)
5; a(464,286) a(214,471) r(201,189) d(287) d(416) r(472,227) d(444) a(358,352) d(435) a(368,401) d(403) r(112,275) a(248,341)
6; d(404) r(453,439) a(358,352) a(340,441) d(212) a(368,401) d(403) r(112,275) r(293,254)
7; a(464,286) a(214,471) r(201,189) d(287) d(416) r(472,227) d(444) a(358,352) d(435) a(201,151) a(213,37) a(425,380) a(247,351) r(448,381)
8; d(404) r(453,439) a(358,352) a(340,441) d(214) d(208) a(120,420) d(146) a(390,202)
9; d(328) a(358,352) d(11) r(398,275) a(410,358) d(229) d(158) r(176,153)
10; d(404) r(453,439) a(358,352) a(340,441) d(214) a(421,139) a(212,221) d(286) d(216) a(213,374) r(425,202) d(128) d(119)
11; d(115) d(210)
12; d(404) r(453,439) a(358,352) a(340,441) d(214) a(421,139) a(212,221) d(286) a(184,28)
13; d(115) d(216) a(213,374) r(425,202) d(128) a(462,434)
14; d(188) r(201,189) a(403,330) d(214) r(238,360) d(254) a(388,425) d(368) d(276) r(214,202) r(15,226) d(374)
15; d(212) a(447,273) r(210,303) a(134,447) r(453,439) a(358,352) a(340,441) d(212) a(214,41) r(326,400)
16; d(188) r(201,189) a(403,330) d(214) r(238,360) d(254) a(388,425) a(390,341)
17; d(212) a(447,273) r(210,303) a(134,447) r(453,439) a(358,352) a(340,441) d(212) a(214,41) d(368) d(276) r(214,202) r(15,226) d(339)
18; d(115) a(120,420) d(214) r(447,323)
19; r(325,244) d(208) a(213,37) d(172) d(230) r(210,187)
20; d(115) a(213,37) d(172) d(230) a(275,235)
21; r(325,244) d(208) a(120,420) d(214) d(274)
22; d(404) r(453,439) a(358,352) a(340,441) d(214) d(208) d(330)
23; r(325,244) a(421,139) a(212,221) d(24) a(120,420) d(417) r(172,420)
24; d(404) r(453,439) a(358,352) a(340,441) d(214) d(208) a(120,420) d(417) d(127)
25; r(325,244) a(421,139) a(212,221) d(24) d(454)
26; a(464,286) d(416) r(472,227) a(173,358) r(208,167) r(287,462)
27; d(115) a(214,471) r(201,189) d(287) d(216) a(213,374) d(11) r(398,275) a(410,358) d(467) r(25,233) d(411)
28; a(464,286) d(216) a(213,374) d(11) r(398,275) a(410,358) d(467) r(25,233) a(435,358)
29; d(115) a(214,471) r(201,189) d(287) d(416) r(472,227) a(173,358) r(208,167) r(439,406)
30; r(325,244) r(130,381) a(1,9) a(9,228)
31; d(249) a(180,385) d(223) d(208) a(120,420) d(214) r(287,250)
32; r(325,244) d(208) a(120,420) d(214) d(385)
33; d(249) a(180,385) d(223) r(130,381) a(1,9) d(273)
34; a(464,286) r(362,235) d(174) d(368) d(276) r(414,403) d(253) d(346)
35; r(325,244) r(400,367) d(272) r(3,23)
36; a(464,286) a(214,471) r(201,189) d(287) d(416) r(472,227) d(444) d(400) a(181,467)
37; d(404) r(453,439) a(358,352) a(340,441) d(214) d(208) r(185,467) a(212,146) r(374,421)
38; d(404) r(453,439) a(1,9) r(471,286)
39; d(249) a(180,385) d(223) r(130,381) a(358,352) a(340,441) d(212) a(368,401) d(403) r(112,275) d(304)
40; d(404) r(453,439) a(358,352) a(340,441) d(212) a(368,401) d(403) r(112,275) r(237,381)
41; d(249) a(180,385) d(223) r(130,381) a(1,9) d(420)
42; d(328) a(358,352) d(11) r(398,275) a(410,358) d(229) d(158) a(134,273)
43; d(328) r(137,202) a(463,185)
44; d(328) r(137,202) r(424,154)
45; d(328) a(358,352) d(11) r(398,275) a(410,358) d(229) d(158) r(405,388)
46; a(464,286) a(214,471) r(201,189) d(287) d(416) d(378) d(141)
47; d(404) d(324) d(212) a(221,41) a(20,357) r(472,227) d(444) a(422,445) r(14,462)
48; a(464,286) a(214,471) r(201,189) d(287) d(416) r(472,227) d(444) a(422,445) r(230,221)
49; d(404) d(324) d(212) a(221,41) a(20,357) d(378) r(162,385)
50; d(404) r(453,439) a(358,352) a(340,441) d(214) d(208) r(185,467) d(413) a(14,226)
51; d(115) a(214,471) r(201,189) d(287) d(416) r(472,227) d(229) r(343,52) a(334,289)
52; d(212) a(447,273) r(210,303) a(134,447) r(453,439) a(358,352) a(340,441) d(212) a(214,41) d(368) d(276) r(214,202) r(15,226) d(119)
53; d(115) a(213,37) d(172) d(230) a(451,31)
54; d(212) a(447,273) r(210,303) a(134,447) r(453,439) a(358,352) a(340,441) d(212) a(214,41) d(368) d(276) r(214,202) r(15,226) d(230)
55; d(115) a(213,37) d(172) d(230) d(15)
56; r(325,244) r(400,367) r(210,303) a(134,447) r(453,439) a(358,352) a(340,441) d(212) a(214,41) d(368) d(276) r(214,202) a(249,252)
57; d(212) a(447,273) r(419,22) a(429,226) r(304,240)
58; r(325,244) r(400,367) r(210,303) a(134,447) r(453,439) a(358,352) a(340,441) d(212) a(214,41) d(368) d(276) r(214,202) a(429,226) a(213,205)
59; d(212) a(447,273) r(419,22) d(290)
60; d(404) d(324) d(212) a(221,41) a(20,357) d(378) a(435,471)
61; d(249) a(180,385) d(223) r(130,381) a(1,9) d(175)
62; d(188) r(201,189) a(403,330) d(214) r(238,360) a(447,273) a(390,173) d(192)
63; d(212) d(254) r(377,388) r(370,13)
64; d(188) r(201,189) a(403,330) d(214) r(238,360) d(254) r(377,388) a(167,183)
65; d(212) a(447,273) a(390,173) a(153,462)
66; d(115) a(213,37) d(172) a(230,253) r(3,133)
67; a(464,286) r(362,235) d(174) d(368) d(276) r(414,403) d(253) d(212)
--------------------------------------------------------------------------------
Evaluation

0; 5.
1; 0.
2; 0.
3; 0.
4; 0.
5; 0.
6; 0.
7; 0.
8; 0.
9; 0.
10; 0.
11; 0.
12; 0.
13; 0.
14; 0.
15; 0.
16; 0.
17; 0.
18; 0.
19; 0.
20; 0.
21; 0.
22; 0.
23; 0.
24; 0.
25; 0.
26; 0.
27; 0.
28; 0.
29; 0.
30; 10.
31; 0.
32; 0.
33; 0.
34; 0.
35; 0.
36; 0.
37; 0.
38; 0.
39; 0.
40; 0.
41; 0.
42; 0.
43; 0.
44; 0.
45; 0.
46; 0.
47; 0.
48; 0.
49; 0.
50; 0.
51; 0.
52; 0.
53; 0.
54; 0.
55; 0.
56; 0.
57; 0.
58; 0.
59; 0.
60; 0.
61; 0.
62; 0.
63; 0.
64; 0.
65; 0.
66; 0.
67; 0.
================================================================================
Generation 8

--------------------------------------------------------------------------------
Selection

0; 43
1; 16
2; 65
3; 62
4; 20
5; 51
6; 45
7; 51
8; 48
9; 19
10; 19
11; 64
12; 35
13; 37
14; 11
15; 22
16; 57
17; 59
18; 57
19; 53
20; 41
21; 32
22; 47
23; 13
24; 47
25; 6
26; 22
27; 22
28; 66
29; 29
30; 5
31; 42
32; 59
33; 44
34; 40
35; 59
36; 2
37; 43
38; 38
39; 25
--------------------------------------------------------------------------------
Crossover

0; 59, 47; d(212) a(447,273) r(419,22) r(472,227) d(444) a(422,445) r(14,462)
1; 59, 47; d(404) d(324) d(212) a(221,41) a(20,357) d(290)
2; 59; d(212) a(447,273) r(419,22) d(290)
3; 47; d(404) d(324) d(212) a(221,41) a(20,357) r(472,227) d(444) a(422,445) r(14,462)
4; 13; d(115) d(216) a(213,374) r(425,202) d(128) a(462,434)
5; 53; d(115) a(213,37) d(172) d(230) a(451,31)
6; 19, 47; r(325,244) d(208) a(213,37) d(172) d(230) r(210,187) a(422,445) r(14,462)
7; 19, 47; d(404) d(324) d(212) a(221,41) a(20,357) r(472,227) d(444)
8; 19; r(325,244) d(208) a(213,37) d(172) d(230) r(210,187)
9; 47; d(404) d(324) d(212) a(221,41) a(20,357) r(472,227) d(444) a(422,445) r(14,462)
10; 37, 2; d(404) r(453,439) a(358,352) a(340,441) d(214) d(208)
11; 37, 2; d(249) a(180,385) d(223) r(130,381) a(1,9) a(202,120) r(185,467) a(212,146) r(374,421)
12; 37; d(404) r(453,439) a(358,352) a(340,441) d(214) d(208) r(185,467) a(212,146) r(374,421)
13; 2; d(249) a(180,385) d(223) r(130,381) a(1,9) a(202,120)
14; 20; d(115) a(213,37) d(172) d(230) a(275,235)
15; 59; d(212) a(447,273) r(419,22) d(290)
16; 32; r(325,244) d(208) a(120,420) d(214) d(385)
17; 44; d(328) r(137,202) r(424,154)
18; 62, 38; d(188) r(201,189) a(403,330) d(214) r(238,360) a(447,273) r(453,439) a(1,9) r(471,286)
19; 62, 38; d(404) a(390,173) d(192)
20; 62; d(188) r(201,189) a(403,330) d(214) r(238,360) a(447,273) a(390,173) d(192)
21; 38; d(404) r(453,439) a(1,9) r(471,286)
22; 65; d(212) a(447,273) a(390,173) a(153,462)
23; 29; d(115) a(214,471) r(201,189) d(287) d(416) r(472,227) a(173,358) r(208,167) r(439,406)
24; 22, 41; d(404) r(453,439) a(358,352) a(1,9) d(420)
25; 22, 41; d(249) a(180,385) d(223) r(130,381) a(340,441) d(214) d(208) d(330)
26; 22; d(404) r(453,439) a(358,352) a(340,441) d(214) d(208) d(330)
27; 41; d(249) a(180,385) d(223) r(130,381) a(1,9) d(420)
28; 59, 6; d(212) r(293,254)
29; 59, 6; d(404) r(453,439) a(358,352) a(340,441) d(212) a(368,401) d(403) r(112,275) a(447,273) r(419,22) d(290)
30; 59; d(212) a(447,273) r(419,22) d(290)
31; 6; d(404) r(453,439) a(358,352) a(340,441) d(212) a(368,401) d(403) r(112,275) r(293,254)
32; 51, 57; d(115) a(214,471) r(201,189) d(287) a(429,226) r(304,240)
33; 51, 57; d(212) a(447,273) r(419,22) d(416) r(472,227) d(229) r(343,52) a(334,289)
34; 51; d(115) a(214,471) r(201,189) d(287) d(416) r(472,227) d(229) r(343,52) a(334,289)
35; 57; d(212) a(447,273) r(419,22) a(429,226) r(304,240)
36; 35, 22; r(325,244) r(400,367) d(272) d(208) d(330)
37; 35, 22; d(404) r(453,439) a(358,352) a(340,441) d(214) r(3,23)
38; 35; r(325,244) r(400,367) d(272) r(3,23)
39; 22; d(404) r(453,439) a(358,352) a(340,441) d(214) d(208) d(330)
40; 40; d(404) r(453,439) a(358,352) a(340,441) d(212) a(368,401) d(403) r(112,275) r(237,381)
41; 66; d(115) a(213,37) d(172) a(230,253) r(3,133)
42; 11, 48; d(115) d(416) r(472,227) d(444) a(422,445) r(230,221)
43; 11, 48; a(464,286) a(214,471) r(201,189) d(287) d(210)
44; 11; d(115) d(210)
45; 48; a(464,286) a(214,471) r(201,189) d(287) d(416) r(472,227) d(444) a(422,445) r(230,221)
46; 45, 43; d(328) a(358,352) d(11) a(463,185)
47; 45, 43; d(328) r(137,202) r(398,275) a(410,358) d(229) d(158) r(405,388)
48; 45; d(328) a(358,352) d(11) r(398,275) a(410,358) d(229) d(158) r(405,388)
49; 43; d(328) r(137,202) a(463,185)
50; 5; a(464,286) a(214,471) r(201,189) d(287) d(416) r(472,227) d(444) a(358,352) d(435) a(368,401) d(403) r(112,275) a(248,341)
51; 51; d(115) a(214,471) r(201,189) d(287) d(416) r(472,227) d(229) r(343,52) a(334,289)
52; 22, 42; d(404) r(453,439) d(11) r(398,275) a(410,358) d(229) d(158) a(134,273)
53; 22, 42; d(328) a(358,352) a(358,352) a(340,441) d(214) d(208) d(330)
54; 22; d(404) r(453,439) a(358,352) a(340,441) d(214) d(208) d(330)
55; 42; d(328) a(358,352) d(11) r(398,275) a(410,358) d(229) d(158) a(134,273)
56; 57; d(212) a(447,273) r(419,22) a(429,226) r(304,240)
57; 19; r(325,244) d(208) a(213,37) d(172) d(230) r(210,187)
58; 64, 43; d(188) r(201,189) a(403,330) d(214) r(238,360) d(254) r(137,202) a(463,185)
59; 64, 43; d(328) r(377,388) a(167,183)
60; 64; d(188) r(201,189) a(403,330) d(214) r(238,360) d(254) r(377,388) a(167,183)
61; 43; d(328) r(137,202) a(463,185)
62; 16, 25; d(188) r(201,189) a(403,330) d(214) r(238,360) a(421,139) a(212,221) d(24) d(454)
63; 16, 25; r(325,244) d(254) a(388,425) a(390,341)
64; 16; d(188) r(201,189) a(403,330) d(214) r(238,360) d(254) a(388,425) a(390,341)
65; 25; r(325,244) a(421,139) a(212,221) d(24) d(454)
--------------------------------------------------------------------------------
Mutation

0; d(212) a(447,273) r(419,22) r(472,227) d(444) a(422,445) r(14,462) a(415,415)
1; d(404) d(324) d(212) a(221,41) a(20,357) d(290) a(167,323)
2; d(212) a(447,273) r(419,22) d(290) d(274)
3; d(404) d(324) d(212) a(221,41) a(20,357) r(472,227) d(444) a(422,445) r(14,462) d(328)
4; d(115) d(216) a(213,374) r(425,202) d(128) a(462,434) a(150,274)
5; d(115) a(213,37) d(172) d(230) a(451,31) r(284,231)
6; r(325,244) d(208) a(213,37) d(172) d(230) r(210,187) a(422,445) r(14,462) d(299)
7; d(404) d(324) d(212) a(221,41) a(20,357) r(472,227) d(444) d(210)
8; r(325,244) d(208) a(213,37) d(172) d(230) r(210,187) a(137,227)
9; d(404) d(324) d(212) a(221,41) a(20,357) r(472,227) d(444) a(422,445) r(14,462) r(237,330)
10; d(404) r(453,439) a(358,352) a(340,441) d(214) d(208) a(210,439)
11; d(249) a(180,385) d(223) r(130,381) a(1,9) a(202,120) r(185,467) a(212,146) r(374,421) r(425,31)
12; d(404) r(453,439) a(358,352) a(340,441) d(214) d(208) r(185,467) a(212,146) r(374,421) d(188)
13; d(249) a(180,385) d(223) r(130,381) a(1,9) a(202,120) a(286,330)
14; d(115) a(213,37) d(172) d(230) a(275,235) d(460)
15; d(212) a(447,273) r(419,22) d(290) d(204)
16; r(325,244) d(208) a(120,420) d(214) d(385) r(455,330)
17; d(328) r(137,202) r(424,154) r(182,1)
18; d(188) r(201,189) a(403,330) d(214) r(238,360) a(447,273) r(453,439) a(1,9) r(471,286) d(328)
19; d(404) a(390,173) d(192) a(238,291)
20; d(188) r(201,189) a(403,330) d(214) r(238,360) a(447,273) a(390,173) d(192) r(274,247)
21; d(404) r(453,439) a(1,9) r(471,286) a(473,475)
22; d(212) a(447,273) a(390,173) a(153,462) r(459,467)
23; d(115) a(214,471) r(201,189) d(287) d(416) r(472,227) a(173,358) r(208,167) r(439,406) a(2,22)
24; d(404) r(453,439) a(358,352) a(1,9) d(420) r(199,178)
25; d(249) a(180,385) d(223) r(130,381) a(340,441) d(214) d(208) d(330) r(213,45)
26; d(404) r(453,439) a(358,352) a(340,441) d(214) d(208) d(330) a(411,136)
27; d(249) a(180,385) d(223) r(130,381) a(1,9) d(420) r(434,358)
28; d(212) r(293,254) r(416,294)
29; d(404) r(453,439) a(358,352) a(340,441) d(212) a(368,401) d(403) r(112,275) a(447,273) r(419,22) d(290) a(435,136)
30; d(212) a(447,273) r(419,22) d(290) d(252)
31; d(404) r(453,439) a(358,352) a(340,441) d(212) a(368,401) d(403) r(112,275) r(293,254) a(164,165)
32; d(115) a(214,471) r(201,189) d(287) a(429,226) r(304,240) a(109,330)
33; d(212) a(447,273) r(419,22) d(416) r(472,227) d(229) r(343,52) a(334,289) a(415,386)
34; d(115) a(214,471) r(201,189) d(287) d(416) r(472,227) d(229) r(343,52) a(334,289) a(382,416)
35; d(212) a(447,273) r(419,22) a(429,226) r(304,240) d(115)
36; r(325,244) r(400,367) d(272) d(208) d(330) r(3,303)
37; d(404) r(453,439) a(358,352) a(340,441) d(214) r(3,23) r(188,45)
38; r(325,244) r(400,367) d(272) r(3,23) d(220)
39; d(404) r(453,439) a(358,352) a(340,441) d(214) d(208) d(330) d(216)
40; d(404) r(453,439) a(358,352) a(340,441) d(212) a(368,401) d(403) r(112,275) r(237,381) a(292,251)
41; d(115) a(213,37) d(172) a(230,253) r(3,133) a(116,110)
42; d(115) d(416) r(472,227) d(444) a(422,445) r(230,221) d(341)
43; a(464,286) a(214,471) r(201,189) d(287) d(210) r(293,444)
44; d(115) d(210) r(337,455)
45; a(464,286) a(214,471) r(201,189) d(287) d(416) r(472,227) d(444) a(422,445) r(230,221) r(367,385)
46; d(328) a(358,352) d(11) a(463,185) a(331,247)
47; d(328) r(137,202) r(398,275) a(410,358) d(229) d(158) r(405,388) d(210)
48; d(328) a(358,352) d(11) r(398,275) a(410,358) d(229) d(158) r(405,388) r(423,380)
49; d(328) r(137,202) a(463,185) a(204,194)
50; a(464,286) a(214,471) r(201,189) d(287) d(416) r(472,227) d(444) a(358,352) d(435) a(368,401) d(403) r(112,275) a(248,341) r(120,129)
51; d(115) a(214,471) r(201,189) d(287) d(416) r(472,227) d(229) r(343,52) a(334,289) d(397)
52; d(404) r(453,439) d(11) r(398,275) a(410,358) d(229) d(158) a(134,273) r(194,455)
53; d(328) a(358,352) a(358,352) a(340,441) d(214) d(208) d(330) a(352,250)
54; d(404) r(453,439) a(358,352) a(340,441) d(214) d(208) d(330) r(415,411)
55; d(328) a(358,352) d(11) r(398,275) a(410,358) d(229) d(158) a(134,273) a(210,406)
56; d(212) a(447,273) r(419,22) a(429,226) r(304,240) d(411)
57; r(325,244) d(208) a(213,37) d(172) d(230) r(210,187) r(213,181)
58; d(188) r(201,189) a(403,330) d(214) r(238,360) d(254) r(137,202) a(463,185) r(247,185)
59; d(328) r(377,388) a(167,183) d(277)
60; d(188) r(201,189) a(403,330) d(214) r(238,360) d(254) r(377,388) a(167,183) r(166,303)
61; d(328) r(137,202) a(463,185) a(470,228)
62; d(188) r(201,189) a(403,330) d(214) r(238,360) a(421,139) a(212,221) d(24) d(454) d(137)
63; r(325,244) d(254) a(388,425) a(390,341) r(242,338)
64; d(188) r(201,189) a(403,330) d(214) r(238,360) d(254) a(388,425) a(390,341) a(422,227)
65; r(325,244) a(421,139) a(212,221) d(24) d(454) d(475)
--------------------------------------------------------------------------------
Evaluation

0; 0.
1; 0.
2; 0.
3; 0.
4; 0.
5; 0.
6; 0.
7; 0.
8; 0.
9; 0.
10; 0.
11; 0.
12; 0.
13; 0.
14; 0.
15; 0.
16; 0.
17; 0.
18; 0.
19; 0.
20; 0.
21; 0.
22; 0.
23; 0.
24; 0.
25; 0.
26; 0.
27; 0.
28; 0.
29; 0.
30; 0.
31; 0.
32; 0.
33; 0.
34; 0.
35; 0.
36; 0.
37; 0.
38; 0.
39; 0.
40; 0.
41; 0.
42; 0.
43; 0.
44; 0.
45; 0.
46; 0.
47; 0.
48; 0.
49; 0.
50; 0.
51; 0.
52; 0.
53; 0.
54; 0.
55; 0.
56; 0.
57; 0.
58; 0.
59; 0.
60; 0.
61; 0.
62; 0.
63; 0.
64; 0.
65; 0.
================================================================================
Generation 9

--------------------------------------------------------------------------------
Selection

0; 63
1; 28
2; 15
3; 18
4; 43
5; 22
6; 56
7; 25
8; 24
9; 25
10; 57
11; 41
12; 7
13; 28
14; 26
15; 64
16; 53
17; 61
18; 46
19; 57
20; 55
21; 26
22; 3
23; 45
24; 28
25; 11
26; 48
27; 4
28; 57
29; 29
30; 49
31; 44
32; 39
33; 55
34; 36
35; 37
36; 56
37; 20
38; 1
39; 18
--------------------------------------------------------------------------------
Crossover

0; 49; d(328) r(137,202) a(463,185) a(204,194)
1; 55; d(328) a(358,352) d(11) r(398,275) a(410,358) d(229) d(158) a(134,273) a(210,406)
2; 1, 25; d(404) d(324) d(212) a(221,41) a(20,357) d(330) r(213,45)
3; 1, 25; d(249) a(180,385) d(223) r(130,381) a(340,441) d(214) d(208) d(290) a(167,323)
4; 1; d(404) d(324) d(212) a(221,41) a(20,357) d(290) a(167,323)
5; 25; d(249) a(180,385) d(223) r(130,381) a(340,441) d(214) d(208) d(330) r(213,45)
6; 25; d(249) a(180,385) d(223) r(130,381) a(340,441) d(214) d(208) d(330) r(213,45)
7; 15; d(212) a(447,273) r(419,22) d(290) d(204)
8; 26, 64; d(404) a(422,227)
9; 26, 64; d(188) r(201,189) a(403,330) d(214) r(238,360) d(254) a(388,425) a(390,341) r(453,439) a(358,352) a(340,441) d(214) d(208) d(330) a(411,136)
10; 26; d(404) r(453,439) a(358,352) a(340,441) d(214) d(208) d(330) a(411,136)
11; 64; d(188) r(201,189) a(403,330) d(214) r(238,360) d(254) a(388,425) a(390,341) a(422,227)
12; 57, 48; r(325,244)
13; 57, 48; d(328) a(358,352) d(11) r(398,275) a(410,358) d(229) d(158) r(405,388) r(423,380) d(208) a(213,37) d(172) d(230) r(210,187) r(213,181)
14; 57; r(325,244) d(208) a(213,37) d(172) d(230) r(210,187) r(213,181)
15; 48; d(328) a(358,352) d(11) r(398,275) a(410,358) d(229) d(158) r(405,388) r(423,380)
16; 4, 28; d(115) d(216) r(293,254) r(416,294)
17; 4, 28; d(212) a(213,374) r(425,202) d(128) a(462,434) a(150,274)
18; 4; d(115) d(216) a(213,374) r(425,202) d(128) a(462,434) a(150,274)
19; 28; d(212) r(293,254) r(416,294)
20; 39; d(404) r(453,439) a(358,352) a(340,441) d(214) d(208) d(330) d(216)
21; 28; d(212) r(293,254) r(416,294)
22; 24, 11; d(404) r(185,467) a(212,146) r(374,421) r(425,31)
23; 24, 11; d(249) a(180,385) d(223) r(130,381) a(1,9) a(202,120) r(453,439) a(358,352) a(1,9) d(420) r(199,178)
24; 24; d(404) r(453,439) a(358,352) a(1,9) d(420) r(199,178)
25; 11; d(249) a(180,385) d(223) r(130,381) a(1,9) a(202,120) r(185,467) a(212,146) r(374,421) r(425,31)
26; 45, 18; a(464,286) a(214,471) r(201,189) d(287) d(416) r(472,227) d(444) a(422,445) r(230,221) r(201,189) a(403,330) d(214) r(238,360) a(447,273) r(453,439) a(1,9) r(471,286) d(328)
27; 45, 18; d(188) r(367,385)
28; 45; a(464,286) a(214,471) r(201,189) d(287) d(416) r(472,227) d(444) a(422,445) r(230,221) r(367,385)
29; 18; d(188) r(201,189) a(403,330) d(214) r(238,360) a(447,273) r(453,439) a(1,9) r(471,286) d(328)
30; 53; d(328) a(358,352) a(358,352) a(340,441) d(214) d(208) d(330) a(352,250)
31; 57; r(325,244) d(208) a(213,37) d(172) d(230) r(210,187) r(213,181)
32; 36; r(325,244) r(400,367) d(272) d(208) d(330) r(3,303)
33; 37; d(404) r(453,439) a(358,352) a(340,441) d(214) r(3,23) r(188,45)
34; 55, 3; d(328) a(358,352) d(11) r(398,275) d(212) a(221,41) a(20,357) r(472,227) d(444) a(422,445) r(14,462) d(328)
35; 55, 3; d(404) d(324) a(410,358) d(229) d(158) a(134,273) a(210,406)
36; 55; d(328) a(358,352) d(11) r(398,275) a(410,358) d(229) d(158) a(134,273) a(210,406)
37; 3; d(404) d(324) d(212) a(221,41) a(20,357) r(472,227) d(444) a(422,445) r(14,462) d(328)
38; 7, 26; d(404) d(324) d(212) a(221,41) a(20,357) d(208) d(330) a(411,136)
39; 7, 26; d(404) r(453,439) a(358,352) a(340,441) d(214) r(472,227) d(444) d(210)
40; 7; d(404) d(324) d(212) a(221,41) a(20,357) r(472,227) d(444) d(210)
41; 26; d(404) r(453,439) a(358,352) a(340,441) d(214) d(208) d(330) a(411,136)
42; 56, 18; d(212) a(447,273) d(328)
43; 56, 18; d(188) r(201,189) a(403,330) d(214) r(238,360) a(447,273) r(453,439) a(1,9) r(471,286) r(419,22) a(429,226) r(304,240) d(411)
44; 56; d(212) a(447,273) r(419,22) a(429,226) r(304,240) d(411)
45; 18; d(188) r(201,189) a(403,330) d(214) r(238,360) a(447,273) r(453,439) a(1,9) r(471,286) d(328)
46; 28, 22; d(212) r(293,254) a(153,462) r(459,467)
47; 28, 22; d(212) a(447,273) a(390,173) r(416,294)
48; 28; d(212) r(293,254) r(416,294)
49; 22; d(212) a(447,273) a(390,173) a(153,462) r(459,467)
50; 44; d(115) d(210) r(337,455)
51; 29; d(404) r(453,439) a(358,352) a(340,441) d(212) a(368,401) d(403) r(112,275) a(447,273) r(419,22) d(290) a(435,136)
52; 20; d(188) r(201,189) a(403,330) d(214) r(238,360) a(447,273) a(390,173) d(192) r(274,247)
53; 63; r(325,244) d(254) a(388,425) a(390,341) r(242,338)
54; 61, 41; d(328) r(137,202) d(172) a(230,253) r(3,133) a(116,110)
55; 61, 41; d(115) a(213,37) a(463,185) a(470,228)
56; 61; d(328) r(137,202) a(463,185) a(470,228)
57; 41; d(115) a(213,37) d(172) a(230,253) r(3,133) a(116,110)
58; 46; d(328) a(358,352) d(11) a(463,185) a(331,247)
59; 56; d(212) a(447,273) r(419,22) a(429,226) r(304,240) d(411)
60; 43, 57; a(464,286) a(214,471) r(201,189) d(287) d(210)
61; 43, 57; r(325,244) d(208) a(213,37) d(172) d(230) r(210,187) r(213,181) r(293,444)
62; 43; a(464,286) a(214,471) r(201,189) d(287) d(210) r(293,444)
63; 57; r(325,244) d(208) a(213,37) d(172) d(230) r(210,187) r(213,181)
--------------------------------------------------------------------------------
Mutation

0; d(328) r(137,202) a(463,185) a(204,194) d(297)
1; d(328) a(358,352) d(11) r(398,275) a(410,358) d(229) d(158) a(134,273) a(210,406) a(143,434)
2; d(404) d(324) d(212) a(221,41) a(20,357) d(330) r(213,45) a(167,151)
3; d(249) a(180,385) d(223) r(130,381) a(340,441) d(214) d(208) d(290) a(167,323) r(423,178)
4; d(404) d(324) d(212) a(221,41) a(20,357) d(290) a(167,323) r(173,475)
5; d(249) a(180,385) d(223) r(130,381) a(340,441) d(214) d(208) d(330) r(213,45) a(210,357)
6; d(249) a(180,385) d(223) r(130,381) a(340,441) d(214) d(208) d(330) r(213,45) r(428,447)
7; d(212) a(447,273) r(419,22) d(290) d(204) r(202,171)
8; d(404) a(422,227) d(387)
9; d(188) r(201,189) a(403,330) d(214) r(238,360) d(254) a(388,425) a(390,341) r(453,439) a(358,352) a(340,441) d(214) d(208) d(330) a(411,136) r(277,276)
10; d(404) r(453,439) a(358,352) a(340,441) d(214) d(208) d(330) a(411,136) a(369,413)
11; d(188) r(201,189) a(403,330) d(214) r(238,360) d(254) a(388,425) a(390,341) a(422,227) d(204)
12; r(325,244) r(368,413)
13; d(328) a(358,352) d(11) r(398,275) a(410,358) d(229) d(158) r(405,388) r(423,380) d(208) a(213,37) d(172) d(230) r(210,187) r(213,181) a(397,13)
14; r(325,244) d(208) a(213,37) d(172) d(230) r(210,187) r(213,181) r(409,162)
15; d(328) a(358,352) d(11) r(398,275) a(410,358) d(229) d(158) r(405,388) r(423,380) r(212,172)
16; d(115) d(216) r(293,254) r(416,294) d(161)
17; d(212) a(213,374) r(425,202) d(128) a(462,434) a(150,274) d(193)
18; d(115) d(216) a(213,374) r(425,202) d(128) a(462,434) a(150,274) r(340,237)
19; d(212) r(293,254) r(416,294) r(450,28)
20; d(404) r(453,439) a(358,352) a(340,441) d(214) d(208) d(330) d(216) a(166,193)
21; d(212) r(293,254) r(416,294) d(213)
22; d(404) r(185,467) a(212,146) r(374,421) r(425,31) d(439)
23; d(249) a(180,385) d(223) r(130,381) a(1,9) a(202,120) r(453,439) a(358,352) a(1,9) d(420) r(199,178) r(142,420)
24; d(404) r(453,439) a(358,352) a(1,9) d(420) r(199,178) d(243)
25; d(249) a(180,385) d(223) r(130,381) a(1,9) a(202,120) r(185,467) a(212,146) r(374,421) r(425,31) d(194)
26; a(464,286) a(214,471) r(201,189) d(287) d(416) r(472,227) d(444) a(422,445) r(230,221) r(201,189) a(403,330) d(214) r(238,360) a(447,273) r(453,439) a(1,9) r(471,286) d(328) d(298)
27; d(188) r(367,385) d(112)
28; a(464,286) a(214,471) r(201,189) d(287) d(416) r(472,227) d(444) a(422,445) r(230,221) r(367,385) a(411,20)
29; d(188) r(201,189) a(403,330) d(214) r(238,360) a(447,273) r(453,439) a(1,9) r(471,286) d(328) d(213)
30; d(328) a(358,352) a(358,352) a(340,441) d(214) d(208) d(330) a(352,250) r(242,338)
31; r(325,244) d(208) a(213,37) d(172) d(230) r(210,187) r(213,181) a(195,13)
32; r(325,244) r(400,367) d(272) d(208) d(330) r(3,303) d(423)
33; d(404) r(453,439) a(358,352) a(340,441) d(214) r(3,23) r(188,45) a(390,202)
34; d(328) a(358,352) d(11) r(398,275) d(212) a(221,41) a(20,357) r(472,227) d(444) a(422,445) r(14,462) d(328) d(248)
35; d(404) d(324) a(410,358) d(229) d(158) a(134,273) a(210,406) a(189,204)
36; d(328) a(358,352) d(11) r(398,275) a(410,358) d(229) d(158) a(134,273) a(210,406) d(346)
37; d(404) d(324) d(212) a(221,41) a(20,357) r(472,227) d(444) a(422,445) r(14,462) d(328) r(214,449)
38; d(404) d(324) d(212) a(221,41) a(20,357) d(208) d(330) a(411,136) r(205,199)
39; d(404) r(453,439) a(358,352) a(340,441) d(214) r(472,227) d(444) d(210) d(162)
40; d(404) d(324) d(212) a(221,41) a(20,357) r(472,227) d(444) d(210) d(459)
41; d(404) r(453,439) a(358,352) a(340,441) d(214) d(208) d(330) a(411,136) a(387,20)
42; d(212) a(447,273) d(328) r(333,113)
43; d(188) r(201,189) a(403,330) d(214) r(238,360) a(447,273) r(453,439) a(1,9) r(471,286) r(419,22) a(429,226) r(304,240) d(411) r(241,287)
44; d(212) a(447,273) r(419,22) a(429,226) r(304,240) d(411) r(171,136)
45; d(188) r(201,189) a(403,330) d(214) r(238,360) a(447,273) r(453,439) a(1,9) r(471,286) d(328) a(20,20)
46; d(212) r(293,254) a(153,462) r(459,467) a(156,475)
47; d(212) a(447,273) a(390,173) r(416,294) r(388,392)
48; d(212) r(293,254) r(416,294) a(213,358)
49; d(212) a(447,273) a(390,173) a(153,462) r(459,467) r(436,274)
50; d(115) d(210) r(337,455) d(417)
51; d(404) r(453,439) a(358,352) a(340,441) d(212) a(368,401) d(403) r(112,275) a(447,273) r(419,22) d(290) a(435,136) d(358)
52; d(188) r(201,189) a(403,330) d(214) r(238,360) a(447,273) a(390,173) d(192) r(274,247) d(116)
53; r(325,244) d(254) a(388,425) a(390,341) r(242,338) a(214,390)
54; d(328) r(137,202) d(172) a(230,253) r(3,133) a(116,110) d(257)
55; d(115) a(213,37) a(463,185) a(470,228) r(386,13)
56; d(328) r(137,202) a(463,185) a(470,228) a(412,432)
57; d(115) a(213,37) d(172) a(230,253) r(3,133) a(116,110) r(379,422)
58; d(328) a(358,352) d(11) a(463,185) a(331,247) r(226,219)
59; d(212) a(447,273) r(419,22) a(429,226) r(304,240) d(411) a(221,357)
60; a(464,286) a(214,471) r(201,189) d(287) d(210) a(352,28)
61; r(325,244) d(208) a(213,37) d(172) d(230) r(210,187) r(213,181) r(293,444) a(142,138)
62; a(464,286) a(214,471) r(201,189) d(287) d(210) r(293,444) r(301,324)
63; r(325,244) d(208) a(213,37) d(172) d(230) r(210,187) r(213,181) d(299)
--------------------------------------------------------------------------------
Evaluation

0; 0.
1; 0.
2; 0.
3; 0.
4; 0.
5; 0.
6; 0.
7; 0.
8; 0.
9; 0.
10; 0.
11; 0.
12; 0.
13; 0.
14; 0.
15; 0.
16; 0.
17; 0.
18; 0.
19; 0.
20; 0.
21; 0.
22; 0.
23; 0.
24; 0.
25; 0.
26; 0.
27; 0.
28; 0.
29; 0.
30; 0.
31; 0.
32; 0.
33; 0.
34; 0.
35; 0.
36; 0.
37; 0.
38; 0.
39; 0.
40; 0.
41; 0.
42; 0.
43; 0.
44; 0.
45; 0.
46; 0.
47; 0.
48; 0.
49; 0.
50; 0.
51; 0.
52; 0.
53; 0.
54; 0.
55; 0.
56; 0.
57; 0.
58; 0.
59; 0.
60; 0.
61; 0.
62; 0.
63; 0.
================================================================================
Generation 10

--------------------------------------------------------------------------------
Selection

0; 6
1; 29
2; 18
3; 17
4; 1
5; 37
6; 43
7; 47
8; 0
9; 34
10; 22
11; 41
12; 13
13; 52
14; 45
15; 22
16; 57
17; 2
18; 44
19; 58
20; 27
21; 35
22; 34
23; 33
24; 46
25; 18
26; 41
27; 47
28; 21
29; 10
30; 13
31; 20
32; 40
33; 46
34; 34
35; 47
36; 52
37; 19
38; 38
39; 5
--------------------------------------------------------------------------------
Crossover

0; 38; d(404) d(324) d(212) a(221,41) a(20,357) d(208) d(330) a(411,136) r(205,199)
1; 22; d(404) r(185,467) a(212,146) r(374,421) r(425,31) d(439)
2; 58; d(328) a(358,352) d(11) a(463,185) a(331,247) r(226,219)
3; 1; d(328) a(358,352) d(11) r(398,275) a(410,358) d(229) d(158) a(134,273) a(210,406) a(143,434)
4; 18; d(115) d(216) a(213,374) r(425,202) d(128) a(462,434) a(150,274) r(340,237)
5; 46; d(212) r(293,254) a(153,462) r(459,467) a(156,475)
6; 2, 37; d(404) d(324) d(212) a(221,41) a(20,357) d(330) r(213,45) a(422,445) r(14,462) d(328) r(214,449)
7; 2, 37; d(404) d(324) d(212) a(221,41) a(20,357) r(472,227) d(444) a(167,151)
8; 2; d(404) d(324) d(212) a(221,41) a(20,357) d(330) r(213,45) a(167,151)
9; 37; d(404) d(324) d(212) a(221,41) a(20,357) r(472,227) d(444) a(422,445) r(14,462) d(328) r(214,449)
10; 20; d(404) r(453,439) a(358,352) a(340,441) d(214) d(208) d(330) d(216) a(166,193)
11; 45; d(188) r(201,189) a(403,330) d(214) r(238,360) a(447,273) r(453,439) a(1,9) r(471,286) d(328) a(20,20)
12; 21, 22; d(212) r(293,254) r(416,294) r(374,421) r(425,31) d(439)
13; 21, 22; d(404) r(185,467) a(212,146) d(213)
14; 21; d(212) r(293,254) r(416,294) d(213)
15; 22; d(404) r(185,467) a(212,146) r(374,421) r(425,31) d(439)
16; 19; d(212) r(293,254) r(416,294) r(450,28)
17; 34; d(328) a(358,352) d(11) r(398,275) d(212) a(221,41) a(20,357) r(472,227) d(444) a(422,445) r(14,462) d(328) d(248)
18; 34; d(328) a(358,352) d(11) r(398,275) d(212) a(221,41) a(20,357) r(472,227) d(444) a(422,445) r(14,462) d(328) d(248)
19; 52; d(188) r(201,189) a(403,330) d(214) r(238,360) a(447,273) a(390,173) d(192) r(274,247) d(116)
20; 0; d(328) r(137,202) a(463,185) a(204,194) d(297)
21; 41; d(404) r(453,439) a(358,352) a(340,441) d(214) d(208) d(330) a(411,136) a(387,20)
22; 43, 13; d(188) r(201,189) a(403,330) d(214) r(238,360) a(447,273) r(453,439) a(1,9) r(471,286) r(419,22) a(429,226) r(304,240) d(411)
23; 43, 13; d(328) a(358,352) d(11) r(398,275) a(410,358) d(229) d(158) r(405,388) r(423,380) d(208) a(213,37) d(172) d(230) r(210,187) r(213,181) a(397,13) r(241,287)
24; 43; d(188) r(201,189) a(403,330) d(214) r(238,360) a(447,273) r(453,439) a(1,9) r(471,286) r(419,22) a(429,226) r(304,240) d(411) r(241,287)
25; 13; d(328) a(358,352) d(11) r(398,275) a(410,358) d(229) d(158) r(405,388) r(423,380) d(208) a(213,37) d(172) d(230) r(210,187) r(213,181) a(397,13)
26; 10, 35; d(404) r(453,439) a(358,352) a(340,441) d(214) d(229) d(158) a(134,273) a(210,406) a(189,204)
27; 10, 35; d(404) d(324) a(410,358) d(208) d(330) a(411,136) a(369,413)
28; 10; d(404) r(453,439) a(358,352) a(340,441) d(214) d(208) d(330) a(411,136) a(369,413)
29; 35; d(404) d(324) a(410,358) d(229) d(158) a(134,273) a(210,406) a(189,204)
30; 47, 47; d(212) a(447,273) a(390,173) r(416,294) r(416,294) r(388,392)
31; 47, 47; d(212) a(447,273) a(390,173) r(388,392)
32; 47; d(212) a(447,273) a(390,173) r(416,294) r(388,392)
33; 47; d(212) a(447,273) a(390,173) r(416,294) r(388,392)
34; 52; d(188) r(201,189) a(403,330) d(214) r(238,360) a(447,273) a(390,173) d(192) r(274,247) d(116)
35; 40; d(404) d(324) d(212) a(221,41) a(20,357) r(472,227) d(444) d(210) d(459)
36; 57; d(115) a(213,37) d(172) a(230,253) r(3,133) a(116,110) r(379,422)
37; 5; d(249) a(180,385) d(223) r(130,381) a(340,441) d(214) d(208) d(330) r(213,45) a(210,357)
38; 27, 6; d(188) r(367,385) a(340,441) d(214) d(208) d(330) r(213,45) r(428,447)
39; 27, 6; d(249) a(180,385) d(223) r(130,381) d(112)
40; 27; d(188) r(367,385) d(112)
41; 6; d(249) a(180,385) d(223) r(130,381) a(340,441) d(214) d(208) d(330) r(213,45) r(428,447)
42; 44, 34; d(212) a(447,273) r(419,22) r(398,275) d(212) a(221,41) a(20,357) r(472,227) d(444) a(422,445) r(14,462) d(328) d(248)
43; 44, 34; d(328) a(358,352) d(11) a(429,226) r(304,240) d(411) r(171,136)
44; 44; d(212) a(447,273) r(419,22) a(429,226) r(304,240) d(411) r(171,136)
45; 34; d(328) a(358,352) d(11) r(398,275) d(212) a(221,41) a(20,357) r(472,227) d(444) a(422,445) r(14,462) d(328) d(248)
46; 41, 17; d(404) r(453,439) a(358,352) a(340,441) d(214) d(208) d(330) a(411,136) a(387,20) d(193)
47; 41, 17; d(212) a(213,374) r(425,202) d(128) a(462,434) a(150,274)
48; 41; d(404) r(453,439) a(358,352) a(340,441) d(214) d(208) d(330) a(411,136) a(387,20)
49; 17; d(212) a(213,374) r(425,202) d(128) a(462,434) a(150,274) d(193)
50; 47, 33; d(212) a(447,273) a(390,173) a(340,441) d(214) r(3,23) r(188,45) a(390,202)
51; 47, 33; d(404) r(453,439) a(358,352) r(416,294) r(388,392)
52; 47; d(212) a(447,273) a(390,173) r(416,294) r(388,392)
53; 33; d(404) r(453,439) a(358,352) a(340,441) d(214) r(3,23) r(188,45) a(390,202)
54; 46; d(212) r(293,254) a(153,462) r(459,467) a(156,475)
55; 18; d(115) d(216) a(213,374) r(425,202) d(128) a(462,434) a(150,274) r(340,237)
56; 29; d(188) r(201,189) a(403,330) d(214) r(238,360) a(447,273) r(453,439) a(1,9) r(471,286) d(328) d(213)
57; 13; d(328) a(358,352) d(11) r(398,275) a(410,358) d(229) d(158) r(405,388) r(423,380) d(208) a(213,37) d(172) d(230) r(210,187) r(213,181) a(397,13)
--------------------------------------------------------------------------------
Mutation

0; d(404) d(324) d(212) a(221,41) a(20,357) d(208) d(330) a(411,136) r(205,199) d(214)
1; d(404) r(185,467) a(212,146) r(374,421) r(425,31) d(439) a(146,147)
2; d(328) a(358,352) d(11) a(463,185) a(331,247) r(226,219) r(247,338)
3; d(328) a(358,352) d(11) r(398,275) a(410,358) d(229) d(158) a(134,273) a(210,406) a(143,434) r(232,173)
4; d(115) d(216) a(213,374) r(425,202) d(128) a(462,434) a(150,274) r(340,237) r(124,131)
5; d(212) r(293,254) a(153,462) r(459,467) a(156,475) r(300,20)
6; d(404) d(324) d(212) a(221,41) a(20,357) d(330) r(213,45) a(422,445) r(14,462) d(328) r(214,449) a(148,202)
7; d(404) d(324) d(212) a(221,41) a(20,357) r(472,227) d(444) a(167,151) d(172)
8; d(404) d(324) d(212) a(221,41) a(20,357) d(330) r(213,45) a(167,151) d(298)
9; d(404) d(324) d(212) a(221,41) a(20,357) r(472,227) d(444) a(422,445) r(14,462) d(328) r(214,449) a(200,165)
10; d(404) r(453,439) a(358,352) a(340,441) d(214) d(208) d(330) d(216) a(166,193) r(473,464)
11; d(188) r(201,189) a(403,330) d(214) r(238,360) a(447,273) r(453,439) a(1,9) r(471,286) d(328) a(20,20) r(143,439)
12; d(212) r(293,254) r(416,294) r(374,421) r(425,31) d(439) a(161,199)
13; d(404) r(185,467) a(212,146) d(213) r(115,294)
14; d(212) r(293,254) r(416,294) d(213) d(223)
15; d(404) r(185,467) a(212,146) r(374,421) r(425,31) d(439) r(398,1)
16; d(212) r(293,254) r(416,294) r(450,28) a(300,272)
17; d(328) a(358,352) d(11) r(398,275) d(212) a(221,41) a(20,357) r(472,227) d(444) a(422,445) r(14,462) d(328) d(248) a(349,446)
18; d(328) a(358,352) d(11) r(398,275) d(212) a(221,41) a(20,357) r(472,227) d(444) a(422,445) r(14,462) d(328) d(248) r(15,139)
19; d(188) r(201,189) a(403,330) d(214) r(238,360) a(447,273) a(390,173) d(192) r(274,247) d(116) a(459,214)
20; d(328) r(137,202) a(463,185) a(204,194) d(297) r(10,471)
21; d(404) r(453,439) a(358,352) a(340,441) d(214) d(208) d(330) a(411,136) a(387,20) a(212,120)
22; d(188) r(201,189) a(403,330) d(214) r(238,360) a(447,273) r(453,439) a(1,9) r(471,286) r(419,22) a(429,226) r(304,240) d(411) r(212,156)
23; d(328) a(358,352) d(11) r(398,275) a(410,358) d(229) d(158) r(405,388) r(423,380) d(208) a(213,37) d(172) d(230) r(210,187) r(213,181) a(397,13) r(241,287) a(143,228)
24; d(188) r(201,189) a(403,330) d(214) r(238,360) a(447,273) r(453,439) a(1,9) r(471,286) r(419,22) a(429,226) r(304,240) d(411) r(241,287) d(444)
25; d(328) a(358,352) d(11) r(398,275) a(410,358) d(229) d(158) r(405,388) r(423,380) d(208) a(213,37) d(172) d(230) r(210,187) r(213,181) a(397,13) d(138)
26; d(404) r(453,439) a(358,352) a(340,441) d(214) d(229) d(158) a(134,273) a(210,406) a(189,204) a(212,330)
27; d(404) d(324) a(410,358) d(208) d(330) a(411,136) a(369,413) d(134)
28; d(404) r(453,439) a(358,352) a(340,441) d(214) d(208) d(330) a(411,136) a(369,413) a(202,153)
29; d(404) d(324) a(410,358) d(229) d(158) a(134,273) a(210,406) a(189,204) a(443,13)
30; d(212) a(447,273) a(390,173) r(416,294) r(416,294) r(388,392) r(251,154)
31; d(212) a(447,273) a(390,173) r(388,392) d(228)
32; d(212) a(447,273) a(390,173) r(416,294) r(388,392) r(157,337)
33; d(212) a(447,273) a(390,173) r(416,294) r(388,392) d(217)
34; d(188) r(201,189) a(403,330) d(214) r(238,360) a(447,273) a(390,173) d(192) r(274,247) d(116) a(357,28)
35; d(404) d(324) d(212) a(221,41) a(20,357) r(472,227) d(444) d(210) d(459) d(214)
36; d(115) a(213,37) d(172) a(230,253) r(3,133) a(116,110) r(379,422) d(212)
37; d(249) a(180,385) d(223) r(130,381) a(340,441) d(214) d(208) d(330) r(213,45) a(210,357) r(115,127)
38; d(188) r(367,385) a(340,441) d(214) d(208) d(330) r(213,45) r(428,447) r(210,374)
39; d(249) a(180,385) d(223) r(130,381) d(112) d(218)
40; d(188) r(367,385) d(112) d(162)
41; d(249) a(180,385) d(223) r(130,381) a(340,441) d(214) d(208) d(330) r(213,45) r(428,447) d(437)
42; d(212) a(447,273) r(419,22) r(398,275) d(212) a(221,41) a(20,357) r(472,227) d(444) a(422,445) r(14,462) d(328) d(248) r(326,214)
43; d(328) a(358,352) d(11) a(429,226) r(304,240) d(411) r(171,136) r(438,374)
44; d(212) a(447,273) r(419,22) a(429,226) r(304,240) d(411) r(171,136) d(255)
45; d(328) a(358,352) d(11) r(398,275) d(212) a(221,41) a(20,357) r(472,227) d(444) a(422,445) r(14,462) d(328) d(248) r(461,31)
46; d(404) r(453,439) a(358,352) a(340,441) d(214) d(208) d(330) a(411,136) a(387,20) d(193) d(449)
47; d(212) a(213,374) r(425,202) d(128) a(462,434) a(150,274) a(351,281)
48; d(404) r(453,439) a(358,352) a(340,441) d(214) d(208) d(330) a(411,136) a(387,20) r(340,361)
49; d(212) a(213,374) r(425,202) d(128) a(462,434) a(150,274) d(193) d(3)
50; d(212) a(447,273) a(390,173) a(340,441) d(214) r(3,23) r(188,45) a(390,202) a(253,113)
51; d(404) r(453,439) a(358,352) r(416,294) r(388,392) r(434,455)
52; d(212) a(447,273) a(390,173) r(416,294) r(388,392) r(172,200)
53; d(404) r(453,439) a(358,352) a(340,441) d(214) r(3,23) r(188,45) a(390,202) r(344,340)
54; d(212) r(293,254) a(153,462) r(459,467) a(156,475) r(213,210)
55; d(115) d(216) a(213,374) r(425,202) d(128) a(462,434) a(150,274) r(340,237) r(400,467)
56; d(188) r(201,189) a(403,330) d(214) r(238,360) a(447,273) r(453,439) a(1,9) r(471,286) d(328) d(213) r(145,173)
57; d(328) a(358,352) d(11) r(398,275) a(410,358) d(229) d(158) r(405,388) r(423,380) d(208) a(213,37) d(172) d(230) r(210,187) r(213,181) a(397,13) d(212)
--------------------------------------------------------------------------------
Evaluation

0; 0.
1; 0.
2; 0.
3; 0.
4; 0.
5; 0.
6; 0.
7; 0.
8; 0.
9; 0.
10; 0.
11; 0.
12; 0.
13; 0.
14; 0.
15; 0.
16; 0.
17; 0.
18; 0.
19; 0.
20; 0.
21; 0.
22; 0.
23; 0.
24; 0.
25; 0.
26; 0.
27; 0.
28; 0.
29; 0.
30; 0.
31; 0.
32; 0.
33; 0.
34; 0.
35; 0.
36; 0.
37; 0.
38; 0.
39; 0.
40; 0.
41; 0.
42; 0.
43; 0.
44; 0.
45; 0.
46; 0.
47; 0.
48; 0.
49; 0.
50; 0.
51; 0.
52; 0.
53; 0.
54; 0.
55; 0.
56; 0.
57; 0.
