================================================================================
Enclosure

1: 0
2: 0
3: 0
4: 3
5: 4
6: 4
7: 4
8: 4
9: 3
10: 0
11: 0
12: 11
13: 11
14: 0
15: 0
16: 15
17: 15
18: 15
19: 15
20: 0
21: 0
22: 0
23: 0
24: 0
25: 0
26: 0
28: 26
29: 0
31: 29
32: 0
33: 0
34: 0
35: 0
37: 35
38: 0
39: 0
40: 39
41: 40
43: 39
45: 43
46: 39
47: 0
48: 0
50: 48
52: 50
53: 0
54: 0
56: 0
58: 56
59: 0
60: 0
61: 0
62: 0
64: 0
65: 0
67: 0
68: 0
69: 0
70: 0
71: 0
72: 71
73: 72
75: 71
76: 71
77: 71
78: 0
79: 78
80: 78
81: 78
82: 78
83: 82
84: 83
86: 82
87: 82
88: 82
89: 78
90: 0
91: 0
92: 0
93: 92
94: 93
95: 93
96: 92
97: 96
98: 96
99: 96
100: 92
101: 100
102: 100
103: 92
104: 92
105: 0
106: 105
107: 105
108: 0
109: 0
110: 0
111: 0
112: 111
113: 112
115: 111
116: 111
117: 0
118: 0
119: 118
120: 118
121: 0
122: 0
123: 0
124: 0
126: 0
127: 126
128: 126
129: 126
130: 126
131: 126
132: 126
133: 126
134: 0
135: 134
136: 134
137: 0
138: 137
139: 137
141: 0
142: 0
143: 0
145: 0
146: 0
147: 0
148: 0
149: 148
150: 149
151: 149
152: 149
153: 152
154: 153
156: 152
157: 152
158: 149
159: 149
160: 149
161: 160
162: 161
164: 160
165: 160
166: 148
167: 166
168: 167
170: 167
171: 166
172: 148
173: 148
174: 0
175: 0
176: 175
177: 175
178: 177
180: 175
181: 175
182: 181
183: 181
184: 181
185: 184
187: 181
188: 181
189: 181
190: 189
192: 189
193: 175
194: 193
195: 193
197: 193
198: 175
199: 0
200: 0
201: 200
202: 201
204: 200
205: 0
206: 205
207: 205
208: 207
210: 207
211: 205
212: 0
213: 0
214: 0
215: 0
216: 0
217: 0
218: 217
219: 217
220: 217
221: 220
223: 217
224: 217
225: 217
226: 225
227: 225
228: 0
229: 0
230: 0
231: 0
232: 231
233: 232
235: 231
236: 231
237: 231
238: 231
239: 231
240: 231
241: 231
242: 231
243: 231
244: 231
245: 231
246: 231
247: 231
248: 231
249: 231
250: 231
251: 231
252: 231
253: 0
254: 0
255: 0
256: 0
257: 0
258: 257
259: 258
260: 258
261: 258
262: 258
263: 262
264: 263
266: 262
268: 266
269: 262
270: 262
271: 262
272: 258
273: 257
274: 257
275: 257
276: 257
277: 0
278: 277
279: 278
280: 279
281: 280
284: 278
286: 277
287: 0
289: 287
290: 0
291: 0
292: 291
293: 292
294: 293
297: 291
298: 291
299: 291
300: 291
301: 291
303: 301
304: 291
305: 304
306: 304
307: 304
308: 304
309: 304
311: 309
312: 304
313: 304
314: 304
315: 304
316: 315
317: 316
319: 315
320: 315
321: 304
323: 304
324: 0
325: 0
326: 0
327: 0
328: 0
330: 328
331: 0
332: 0
333: 0
334: 0
335: 0
337: 335
338: 0
339: 0
340: 339
341: 340
343: 339
344: 339
346: 344
347: 346
349: 347
350: 346
351: 339
352: 351
353: 352
355: 353
356: 352
357: 352
358: 351
359: 339
360: 0
361: 360
362: 360
364: 0
365: 0
367: 0
368: 0
369: 0
370: 369
371: 369
372: 371
373: 371
374: 373
376: 0
377: 376
378: 377
379: 377
380: 379
381: 379
382: 377
384: 377
385: 376
386: 0
387: 386
388: 386
390: 386
391: 0
392: 391
393: 391
394: 0
396: 394
397: 396
398: 396
399: 398
400: 398
401: 396
402: 396
403: 396
404: 403
405: 404
406: 405
409: 403
410: 403
411: 396
412: 411
413: 411
414: 396
415: 396
416: 0
417: 0
418: 0
419: 418
420: 418
421: 0
422: 421
423: 421
424: 421
425: 424
427: 421
428: 0
429: 428
430: 428
431: 0
432: 431
433: 431
434: 431
435: 0
436: 0
437: 0
438: 0
439: 438
440: 438
441: 438
442: 0
443: 0
444: 443
445: 444
446: 444
447: 444
448: 443
449: 443
450: 0
451: 0
452: 0
453: 0
454: 453
455: 454
457: 453
458: 453
459: 453
460: 0
461: 460
462: 460
463: 0
464: 0
465: 0
466: 465
467: 465
468: 0
469: 0
470: 469
471: 469
472: 0
473: 0
474: 473
475: 473
477: 0
478: 0
479: 0
================================================================================
Initialisation

0; a(172,355); 5.
1; a(369,37); 5.
2; a(187,194); 1.
3; r(117,384); 0.
4; r(151,439); 5.
5; d(414); 5.
6; d(210); 5.
7; a(325,462); 5.
8; r(228,467); 0.
9; a(247,236); 5.
10; d(444); 0.
11; d(212); 5.
12; r(453,467); 5.
13; a(357,113); 5.
14; r(148,183); 0.
15; d(166); 4.
16; d(149); 0.
17; d(25); 0.
18; a(468,233); 5.
19; d(355); 5.
20; d(127); 0.
21; d(410); 0.
22; r(174,52); 0.
23; a(438,221); 5.
24; d(159); 5.
25; d(210); 5.
26; a(361,360); 5.
27; r(323,171); 5.
28; r(202,198); 5.
29; a(404,385); 5.
30; d(351); 5.
31; r(214,212); 5.
32; a(202,172); 2.
33; a(187,188); 0.
34; d(220); 0.
35; d(359); 0.
36; r(297,441); 0.
37; r(461,45); 5.
38; a(162,183); 5.
39; original; 5.
================================================================================
Generation 1

--------------------------------------------------------------------------------
Selection

0; 19
1; 37
2; 32
3; 7
4; 10
5; 33
6; 8
7; 14
8; 0
9; 33
10; 3
11; 10
12; 9
13; 15
14; 24
15; 6
16; 15
17; 19
18; 31
19; 29
20; 26
21; 20
22; 14
23; 23
24; 15
25; 3
26; 3
27; 16
28; 8
29; 8
30; 26
31; 10
32; 20
33; 20
34; 7
35; 2
36; 32
37; 29
38; 10
39; 35
--------------------------------------------------------------------------------
Crossover

0; 2; a(187,194)
1; 14; r(148,183)
2; 32; a(202,172)
3; 3; r(117,384)
4; 20; d(127)
5; 26; a(361,360)
6; 32, 10; a(202,172)
7; 32, 10; d(444)
8; 32; a(202,172)
9; 10; d(444)
10; 29, 33; a(404,385)
11; 29, 33; a(187,188)
12; 29; a(404,385)
13; 33; a(187,188)
14; 14; r(148,183)
15; 7; a(325,462)
16; 24, 37; d(159)
17; 24, 37; r(461,45)
18; 24; d(159)
19; 37; r(461,45)
20; 8, 3; r(228,467)
21; 8, 3; r(117,384)
22; 8; r(228,467)
23; 3; r(117,384)
24; 10, 20; d(444)
25; 10, 20; d(127)
26; 10; d(444)
27; 20; d(127)
28; 7; a(325,462)
29; 15; d(166)
30; 31; r(214,212)
31; 15; d(166)
32; 0; a(172,355)
33; 10; d(444)
34; 23, 35; a(438,221)
35; 23, 35; d(359)
36; 23; a(438,221)
37; 35; d(359)
38; 10; d(444)
39; 6; d(210)
40; 19, 8; d(355)
41; 19, 8; r(228,467)
42; 19; d(355)
43; 8; r(228,467)
44; 20, 19; d(127)
45; 20, 19; d(355)
46; 20; d(127)
47; 19; d(355)
48; 33; a(187,188)
49; 15; d(166)
50; 16, 8; d(149)
51; 16, 8; r(228,467)
52; 16; d(149)
53; 8; r(228,467)
54; 29; a(404,385)
55; 9; a(247,236)
56; 26; a(361,360)
57; 3; r(117,384)
--------------------------------------------------------------------------------
Mutation

0; a(187,194) a(134,119)
1; r(148,183) a(292,113)
2; a(202,172) d(162)
3; r(117,384) d(410)
4; d(127) a(214,185)
5; a(361,360) d(293)
6; a(202,172) a(406,406)
7; d(444) d(139)
8; a(202,172) r(361,393)
9; d(444) a(465,439)
10; a(404,385) r(331,455)
11; a(187,188) d(332)
12; a(404,385) d(139)
13; a(187,188) a(373,172)
14; r(148,183) d(391)
15; a(325,462) r(298,214)
16; d(159) a(436,368)
17; r(461,45) r(206,28)
18; d(159) r(139,446)
19; r(461,45) a(162,165)
20; r(228,467) a(212,198)
21; r(117,384) a(224,173)
22; r(228,467) d(166)
23; r(117,384) d(303)
24; d(444) a(218,216)
25; d(127) r(367,178)
26; d(444) a(380,113)
27; d(127) d(254)
28; a(325,462) d(213)
29; d(166) a(382,376)
30; r(214,212) a(356,250)
31; d(166) r(152,212)
32; a(172,355) d(174)
33; d(444) a(180,226)
34; a(438,221) d(213)
35; d(359) a(210,188)
36; a(438,221) a(466,384)
37; d(359) a(276,22)
38; d(444) a(384,429)
39; d(210) r(233,323)
40; d(355) r(258,420)
41; r(228,467) r(415,172)
42; d(355) r(257,385)
43; r(228,467) d(245)
44; d(127) a(236,292)
45; d(355) r(173,455)
46; d(127) r(248,228)
47; d(355) d(246)
48; a(187,188) r(217,197)
49; d(166) r(117,31)
50; d(149) a(10,14)
51; r(228,467) r(13,197)
52; d(149) d(210)
53; r(228,467) d(214)
54; a(404,385) a(219,154)
55; a(247,236) a(398,376)
56; a(361,360) a(205,323)
57; r(117,384) d(249)
--------------------------------------------------------------------------------
Evaluation

0; 0.
1; 0.
2; 2.
3; 0.
4; 0.
5; 0.
6; 2.
7; 0.
8; 2.
9; 0.
10; 0.
11; 0.
12; 5.
13; 0.
14; 0.
15; 0.
16; 5.
17; 0.
18; 10.
19; 5.
20; 0.
21; 0.
22; 0.
23; 0.
24; 0.
25; 0.
26; 0.
27; 0.
28; 5.
29; 4.
30; 5.
31; 4.
32; 0.
33; 0.
34; 5.
35; 0.
36; 5.
37; 0.
38; 0.
39; 5.
40; 5.
41; 0.
42; 0.
43; 0.
44; 0.
45; 5.
46; 0.
47; 0.
48; 0.
49; 0.
50; 0.
51; 0.
52; 0.
53; 0.
54; 5.
55; 5.
56; 5.
57; 0.
================================================================================
Generation 2

--------------------------------------------------------------------------------
Selection

0; 22
1; 44
2; 13
3; 26
4; 51
5; 32
6; 1
7; 20
8; 49
9; 37
10; 51
11; 7
12; 25
13; 14
14; 21
15; 38
16; 43
17; 42
18; 7
19; 47
20; 23
21; 5
22; 10
23; 1
24; 47
25; 30
26; 37
27; 33
28; 43
29; 3
30; 42
31; 41
32; 38
33; 1
34; 35
35; 33
36; 13
37; 38
38; 21
39; 14
--------------------------------------------------------------------------------
Crossover

0; 30, 47; r(214,212) d(246)
1; 30, 47; d(355) a(356,250)
2; 30; r(214,212) a(356,250)
3; 47; d(355) d(246)
4; 22, 41; r(228,467)
5; 22, 41; r(228,467) r(415,172) d(166)
6; 22; r(228,467) d(166)
7; 41; r(228,467) r(415,172)
8; 49; d(166) r(117,31)
9; 21; r(117,384) a(224,173)
10; 20; r(228,467) a(212,198)
11; 38; d(444) a(384,429)
12; 5; a(361,360) d(293)
13; 1; r(148,183) a(292,113)
14; 42; d(355) r(257,385)
15; 10; a(404,385) r(331,455)
16; 35; d(359) a(210,188)
17; 23; r(117,384) d(303)
18; 14, 44; r(148,183) d(391) a(236,292)
19; 14, 44; d(127)
20; 14; r(148,183) d(391)
21; 44; d(127) a(236,292)
22; 51, 13; r(228,467) r(13,197) a(373,172)
23; 51, 13; a(187,188)
24; 51; r(228,467) r(13,197)
25; 13; a(187,188) a(373,172)
26; 1; r(148,183) a(292,113)
27; 3; r(117,384) d(410)
28; 1, 25; r(148,183) a(292,113) r(367,178)
29; 1, 25; d(127)
30; 1; r(148,183) a(292,113)
31; 25; d(127) r(367,178)
32; 32; a(172,355) d(174)
33; 43; r(228,467) d(245)
34; 37; d(359) a(276,22)
35; 47; d(355) d(246)
36; 33, 14; d(444) d(391)
37; 33, 14; r(148,183) a(180,226)
38; 33; d(444) a(180,226)
39; 14; r(148,183) d(391)
40; 38; d(444) a(384,429)
41; 37; d(359) a(276,22)
42; 51, 43; r(228,467) d(245)
43; 51, 43; r(228,467) r(13,197)
44; 51; r(228,467) r(13,197)
45; 43; r(228,467) d(245)
46; 7; d(444) d(139)
47; 13; a(187,188) a(373,172)
48; 33, 7; d(444) d(139)
49; 33, 7; d(444) a(180,226)
50; 33; d(444) a(180,226)
51; 7; d(444) d(139)
52; 26; d(444) a(380,113)
53; 38; d(444) a(384,429)
54; 42, 21; d(355) r(257,385) a(224,173)
55; 42, 21; r(117,384)
56; 42; d(355) r(257,385)
57; 21; r(117,384) a(224,173)
--------------------------------------------------------------------------------
Mutation

0; r(214,212) d(246) d(370)
1; d(355) a(356,250) a(180,357)
2; r(214,212) a(356,250) a(324,475)
3; d(355) d(246) a(160,227)
4; r(228,467) d(460)
5; r(228,467) r(415,172) d(166) r(444,221)
6; r(228,467) d(166) a(176,22)
7; r(228,467) r(415,172) d(410)
8; d(166) r(117,31) d(331)
9; r(117,384) a(224,173) r(168,455)
10; r(228,467) a(212,198) d(213)
11; d(444) a(384,429) r(414,422)
12; a(361,360) d(293) d(226)
13; r(148,183) a(292,113) r(435,397)
14; d(355) r(257,385) d(360)
15; a(404,385) r(331,455) a(11,173)
16; d(359) a(210,188) r(145,390)
17; r(117,384) d(303) d(239)
18; r(148,183) d(391) a(236,292) r(251,349)
19; d(127) r(134,132)
20; r(148,183) d(391) r(433,427)
21; d(127) a(236,292) d(287)
22; r(228,467) r(13,197) a(373,172) r(127,122)
23; a(187,188) r(19,384)
24; r(228,467) r(13,197) a(175,212)
25; a(187,188) a(373,172) a(152,178)
26; r(148,183) a(292,113) a(402,228)
27; r(117,384) d(410) d(202)
28; r(148,183) a(292,113) r(367,178) d(418)
29; d(127) d(251)
30; r(148,183) a(292,113) d(205)
31; d(127) r(367,178) a(117,123)
32; a(172,355) d(174) r(444,45)
33; r(228,467) d(245) a(181,475)
34; d(359) a(276,22) d(247)
35; d(355) d(246) r(448,9)
36; d(444) d(391) a(210,341)
37; r(148,183) a(180,226) d(210)
38; d(444) a(180,226) r(200,303)
39; r(148,183) d(391) a(227,358)
40; d(444) a(384,429) a(297,247)
41; d(359) a(276,22) d(214)
42; r(228,467) d(245) r(238,275)
43; r(228,467) r(13,197) d(370)
44; r(228,467) r(13,197) a(349,256)
45; r(228,467) d(245) a(433,233)
46; d(444) d(139) a(337,332)
47; a(187,188) a(373,172) a(145,406)
48; d(444) d(139) r(115,273)
49; d(444) a(180,226) d(438)
50; d(444) a(180,226) a(238,420)
51; d(444) d(139) r(428,386)
52; d(444) a(380,113) a(135,390)
53; d(444) a(384,429) r(335,19)
54; d(355) r(257,385) a(224,173) r(465,406)
55; r(117,384) a(341,45)
56; d(355) r(257,385) a(419,210)
57; r(117,384) a(224,173) r(353,284)
--------------------------------------------------------------------------------
Evaluation

0; 0.
1; 5.
2; 5.
3; 0.
4; 0.
5; 0.
6; 0.
7; 0.
8; 0.
9; 0.
10; 0.
11; 0.
12; 0.
13; 0.
14; 0.
15; 0.
16; 0.
17; 0.
18; 0.
19; 0.
20; 0.
21; 0.
22; 0.
23; 0.
24; 0.
25; 0.
26; 0.
27; 0.
28; 0.
29; 0.
30; 0.
31; 0.
32; 0.
33; 0.
34; 0.
35; 0.
36; 0.
37; 0.
38; 0.
39; 0.
40; 0.
41; 0.
42; 0.
43; 0.
44; 0.
45; 0.
46; 0.
47; 0.
48; 0.
49; 0.
50; 0.
51; 0.
52; 0.
53; 0.
54; 0.
55; 0.
56; 0.
57; 0.
================================================================================
Generation 3

--------------------------------------------------------------------------------
Selection

0; 15
1; 15
2; 14
3; 54
4; 28
5; 19
6; 16
7; 21
8; 19
9; 46
10; 46
11; 33
12; 28
13; 47
14; 17
15; 3
16; 23
17; 36
18; 34
19; 20
20; 25
21; 31
22; 13
23; 25
24; 20
25; 31
26; 0
27; 7
28; 54
29; 7
30; 25
31; 57
32; 22
33; 54
34; 33
35; 22
36; 18
37; 54
38; 40
39; 16
--------------------------------------------------------------------------------
Crossover

0; 19, 15; d(127) r(134,132) r(331,455) a(11,173)
1; 19, 15; a(404,385)
2; 19; d(127) r(134,132)
3; 15; a(404,385) r(331,455) a(11,173)
4; 40; d(444) a(384,429) a(297,247)
5; 22; r(228,467) r(13,197) a(373,172) r(127,122)
6; 7; r(228,467) r(415,172) d(410)
7; 16; d(359) a(210,188) r(145,390)
8; 28; r(148,183) a(292,113) r(367,178) d(418)
9; 57; r(117,384) a(224,173) r(353,284)
10; 28, 46; r(148,183) a(292,113)
11; 28, 46; d(444) d(139) a(337,332) r(367,178) d(418)
12; 28; r(148,183) a(292,113) r(367,178) d(418)
13; 46; d(444) d(139) a(337,332)
14; 19, 23; d(127) r(134,132) r(19,384)
15; 19, 23; a(187,188)
16; 19; d(127) r(134,132)
17; 23; a(187,188) r(19,384)
18; 13, 14; r(148,183) r(257,385) d(360)
19; 13, 14; d(355) a(292,113) r(435,397)
20; 13; r(148,183) a(292,113) r(435,397)
21; 14; d(355) r(257,385) d(360)
22; 21; d(127) a(236,292) d(287)
23; 25; a(187,188) a(373,172) a(152,178)
24; 54, 34; d(355) r(257,385) a(224,173)
25; 54, 34; d(359) a(276,22) d(247) r(465,406)
26; 54; d(355) r(257,385) a(224,173) r(465,406)
27; 34; d(359) a(276,22) d(247)
28; 25; a(187,188) a(373,172) a(152,178)
29; 17; r(117,384) d(303) d(239)
30; 20; r(148,183) d(391) r(433,427)
31; 33; r(228,467) d(245) a(181,475)
32; 46; d(444) d(139) a(337,332)
33; 54; d(355) r(257,385) a(224,173) r(465,406)
34; 18; r(148,183) d(391) a(236,292) r(251,349)
35; 31; d(127) r(367,178) a(117,123)
36; 25, 20; a(187,188) a(373,172) r(433,427)
37; 25, 20; r(148,183) d(391) a(152,178)
38; 25; a(187,188) a(373,172) a(152,178)
39; 20; r(148,183) d(391) r(433,427)
40; 16; d(359) a(210,188) r(145,390)
41; 22; r(228,467) r(13,197) a(373,172) r(127,122)
42; 36, 47; d(444) d(391) a(210,341) a(373,172) a(145,406)
43; 36, 47; a(187,188)
44; 36; d(444) d(391) a(210,341)
45; 47; a(187,188) a(373,172) a(145,406)
46; 33, 15; r(228,467) d(245)
47; 33, 15; a(404,385) r(331,455) a(11,173) a(181,475)
48; 33; r(228,467) d(245) a(181,475)
49; 15; a(404,385) r(331,455) a(11,173)
50; 3, 54; d(355) d(246) a(224,173) r(465,406)
51; 3, 54; d(355) r(257,385) a(160,227)
52; 3; d(355) d(246) a(160,227)
53; 54; d(355) r(257,385) a(224,173) r(465,406)
54; 7; r(228,467) r(415,172) d(410)
55; 54; d(355) r(257,385) a(224,173) r(465,406)
56; 0, 31; r(214,212) d(246) d(370) a(117,123)
57; 0, 31; d(127) r(367,178)
58; 0; r(214,212) d(246) d(370)
59; 31; d(127) r(367,178) a(117,123)
--------------------------------------------------------------------------------
Mutation

0; d(127) r(134,132) r(331,455) a(11,173) a(210,449)
1; a(404,385) a(165,189)
2; d(127) r(134,132) d(386)
3; a(404,385) r(331,455) a(11,173) a(214,384)
4; d(444) a(384,429) a(297,247) d(377)
5; r(228,467) r(13,197) a(373,172) r(127,122) r(200,41)
6; r(228,467) r(415,172) d(410) r(113,385)
7; d(359) a(210,188) r(145,390) a(393,436)
8; r(148,183) a(292,113) r(367,178) d(418) r(300,257)
9; r(117,384) a(224,173) r(353,284) r(420,387)
10; r(148,183) a(292,113) r(138,9)
11; d(444) d(139) a(337,332) r(367,178) d(418) a(427,341)
12; r(148,183) a(292,113) r(367,178) d(418) r(473,452)
13; d(444) d(139) a(337,332) d(127)
14; d(127) r(134,132) r(19,384) r(378,350)
15; a(187,188) a(470,393)
16; d(127) r(134,132) r(352,332)
17; a(187,188) r(19,384) a(110,462)
18; r(148,183) r(257,385) d(360) a(384,341)
19; d(355) a(292,113) r(435,397) r(213,202)
20; r(148,183) a(292,113) r(435,397) d(117)
21; d(355) r(257,385) d(360) d(13)
22; d(127) a(236,292) d(287) d(200)
23; a(187,188) a(373,172) a(152,178) a(436,22)
24; d(355) r(257,385) a(224,173) r(334,231)
25; d(359) a(276,22) d(247) r(465,406) a(185,176)
26; d(355) r(257,385) a(224,173) r(465,406) a(22,162)
27; d(359) a(276,22) d(247) d(177)
28; a(187,188) a(373,172) a(152,178) d(178)
29; r(117,384) d(303) d(239) d(325)
30; r(148,183) d(391) r(433,427) r(467,136)
31; r(228,467) d(245) a(181,475) a(138,109)
32; d(444) d(139) a(337,332) d(251)
33; d(355) r(257,385) a(224,173) r(465,406) d(113)
34; r(148,183) d(391) a(236,292) r(251,349) r(243,192)
35; d(127) r(367,178) a(117,123) d(202)
36; a(187,188) a(373,172) r(433,427) a(147,9)
37; r(148,183) d(391) a(152,178) d(469)
38; a(187,188) a(373,172) a(152,178) r(3,178)
39; r(148,183) d(391) r(433,427) a(472,330)
40; d(359) a(210,188) r(145,390) d(117)
41; r(228,467) r(13,197) a(373,172) r(127,122) d(213)
42; d(444) d(391) a(210,341) a(373,172) a(145,406) r(156,136)
43; a(187,188) r(157,182)
44; d(444) d(391) a(210,341) r(346,351)
45; a(187,188) a(373,172) a(145,406) r(212,193)
46; r(228,467) d(245) a(236,445)
47; a(404,385) r(331,455) a(11,173) a(181,475) r(166,272)
48; r(228,467) d(245) a(181,475) r(333,192)
49; a(404,385) r(331,455) a(11,173) r(212,176)
50; d(355) d(246) a(224,173) r(465,406) d(437)
51; d(355) r(257,385) a(160,227) a(122,45)
52; d(355) d(246) a(160,227) d(468)
53; d(355) r(257,385) a(224,173) r(465,406) d(212)
54; r(228,467) r(415,172) d(410) d(128)
55; d(355) r(257,385) a(224,173) r(465,406) a(174,52)
56; r(214,212) d(246) d(370) a(117,123) a(382,434)
57; d(127) r(367,178) r(430,154)
58; r(214,212) d(246) d(370) d(220)
59; d(127) r(367,178) a(117,123) a(167,188)
--------------------------------------------------------------------------------
Evaluation

0; 0.
1; 0.
2; 0.
3; 0.
4; 0.
5; 0.
6; 0.
7; 0.
8; 0.
9; 0.
10; 0.
11; 0.
12; 0.
13; 0.
14; 0.
15; 0.
16; 0.
17; 0.
18; 0.
19; 0.
20; 0.
21; 0.
22; 0.
23; 0.
24; 0.
25; 0.
26; 0.
27; 0.
28; 0.
29; 0.
30; 0.
31; 0.
32; 0.
33; 0.
34; 0.
35; 0.
36; 0.
37; 0.
38; 0.
39; 0.
40; 0.
41; 0.
42; 0.
43; 0.
44; 0.
45; 0.
46; 0.
47; 0.
48; 0.
49; 0.
50; 0.
51; 0.
52; 0.
53; 0.
54; 0.
55; 0.
56; 0.
57; 0.
58; 0.
59; 0.
================================================================================
Generation 4

--------------------------------------------------------------------------------
Selection

0; 13
1; 52
2; 51
3; 50
4; 57
5; 22
6; 4
7; 33
8; 59
9; 13
10; 38
11; 24
12; 4
13; 43
14; 37
15; 22
16; 52
17; 12
18; 52
19; 31
20; 23
21; 10
22; 21
23; 58
24; 15
25; 17
26; 43
27; 46
28; 59
29; 45
30; 56
31; 27
32; 2
33; 9
34; 7
35; 27
36; 3
37; 5
38; 51
39; 27
--------------------------------------------------------------------------------
Crossover

0; 22; d(127) a(236,292) d(287) d(200)
1; 21; d(355) r(257,385) d(360) d(13)
2; 56, 46; r(214,212) d(246) d(370) a(117,123)
3; 56, 46; r(228,467) d(245) a(236,445) a(382,434)
4; 56; r(214,212) d(246) d(370) a(117,123) a(382,434)
5; 46; r(228,467) d(245) a(236,445)
6; 59; d(127) r(367,178) a(117,123) a(167,188)
7; 27; d(359) a(276,22) d(247) d(177)
8; 38; a(187,188) a(373,172) a(152,178) r(3,178)
9; 9; r(117,384) a(224,173) r(353,284) r(420,387)
10; 3; a(404,385) r(331,455) a(11,173) a(214,384)
11; 31; r(228,467) d(245) a(181,475) a(138,109)
12; 4, 59; d(444) a(384,429) a(297,247) d(377) a(117,123) a(167,188)
13; 4, 59; d(127) r(367,178)
14; 4; d(444) a(384,429) a(297,247) d(377)
15; 59; d(127) r(367,178) a(117,123) a(167,188)
16; 17, 13; a(187,188) r(19,384) a(110,462) d(139) a(337,332) d(127)
17; 17, 13; d(444)
18; 17; a(187,188) r(19,384) a(110,462)
19; 13; d(444) d(139) a(337,332) d(127)
20; 5, 58; r(228,467) r(13,197) a(373,172) d(246) d(370) d(220)
21; 5, 58; r(214,212) r(127,122) r(200,41)
22; 5; r(228,467) r(13,197) a(373,172) r(127,122) r(200,41)
23; 58; r(214,212) d(246) d(370) d(220)
24; 12, 43; r(148,183)
25; 12, 43; a(187,188) r(157,182) a(292,113) r(367,178) d(418) r(473,452)
26; 12; r(148,183) a(292,113) r(367,178) d(418) r(473,452)
27; 43; a(187,188) r(157,182)
28; 24, 37; d(355) a(152,178) d(469)
29; 24, 37; r(148,183) d(391) r(257,385) a(224,173) r(334,231)
30; 24; d(355) r(257,385) a(224,173) r(334,231)
31; 37; r(148,183) d(391) a(152,178) d(469)
32; 7, 15; d(359) a(470,393)
33; 7, 15; a(187,188) a(210,188) r(145,390) a(393,436)
34; 7; d(359) a(210,188) r(145,390) a(393,436)
35; 15; a(187,188) a(470,393)
36; 50, 22; d(355) d(200)
37; 50, 22; d(127) a(236,292) d(287) d(246) a(224,173) r(465,406) d(437)
38; 50; d(355) d(246) a(224,173) r(465,406) d(437)
39; 22; d(127) a(236,292) d(287) d(200)
40; 13; d(444) d(139) a(337,332) d(127)
41; 52; d(355) d(246) a(160,227) d(468)
42; 43, 45; a(187,188) r(157,182) a(373,172) a(145,406) r(212,193)
43; 43, 45; a(187,188)
44; 43; a(187,188) r(157,182)
45; 45; a(187,188) a(373,172) a(145,406) r(212,193)
46; 33, 27; d(355) r(257,385) a(224,173) r(465,406) d(113) d(177)
47; 33, 27; d(359) a(276,22) d(247)
48; 33; d(355) r(257,385) a(224,173) r(465,406) d(113)
49; 27; d(359) a(276,22) d(247) d(177)
50; 23; a(187,188) a(373,172) a(152,178) a(436,22)
51; 2; d(127) r(134,132) d(386)
52; 52, 51; d(355) d(246) a(160,227) a(122,45)
53; 52, 51; d(355) r(257,385) a(160,227) d(468)
54; 52; d(355) d(246) a(160,227) d(468)
55; 51; d(355) r(257,385) a(160,227) a(122,45)
56; 27, 57; d(359) a(276,22) r(367,178) r(430,154)
57; 27, 57; d(127) d(247) d(177)
58; 27; d(359) a(276,22) d(247) d(177)
59; 57; d(127) r(367,178) r(430,154)
60; 51, 10; d(355) r(257,385) a(160,227) a(122,45) r(138,9)
61; 51, 10; r(148,183) a(292,113)
62; 51; d(355) r(257,385) a(160,227) a(122,45)
63; 10; r(148,183) a(292,113) r(138,9)
64; 4; d(444) a(384,429) a(297,247) d(377)
65; 52; d(355) d(246) a(160,227) d(468)
--------------------------------------------------------------------------------
Mutation

0; d(127) a(236,292) d(287) d(200) d(213)
1; d(355) r(257,385) d(360) d(13) r(356,304)
2; r(214,212) d(246) d(370) a(117,123) r(224,29)
3; r(228,467) d(245) a(236,445) a(382,434) a(448,233)
4; r(214,212) d(246) d(370) a(117,123) a(382,434) d(228)
5; r(228,467) d(245) a(236,445) a(145,206)
6; d(127) r(367,178) a(117,123) a(167,188) a(212,434)
7; d(359) a(276,22) d(247) d(177) d(390)
8; a(187,188) a(373,172) a(152,178) r(3,178) r(130,374)
9; r(117,384) a(224,173) r(353,284) r(420,387) r(132,20)
10; a(404,385) r(331,455) a(11,173) a(214,384) r(220,28)
11; r(228,467) d(245) a(181,475) a(138,109) d(468)
12; d(444) a(384,429) a(297,247) d(377) a(117,123) a(167,188) d(356)
13; d(127) r(367,178) r(133,289)
14; d(444) a(384,429) a(297,247) d(377) a(201,148)
15; d(127) r(367,178) a(117,123) a(167,188) r(327,236)
16; a(187,188) r(19,384) a(110,462) d(139) a(337,332) d(127) d(210)
17; d(444) a(437,447)
18; a(187,188) r(19,384) a(110,462) a(453,449)
19; d(444) d(139) a(337,332) d(127) a(241,281)
20; r(228,467) r(13,197) a(373,172) d(246) d(370) d(220) r(398,448)
21; r(214,212) r(127,122) r(200,41) a(466,385)
22; r(228,467) r(13,197) a(373,172) r(127,122) r(200,41) a(124,273)
23; r(214,212) d(246) d(370) d(220) a(397,403)
24; r(148,183) a(194,181)
25; a(187,188) r(157,182) a(292,113) r(367,178) d(418) r(473,452) r(167,385)
26; r(148,183) a(292,113) r(367,178) d(418) r(473,452) r(450,178)
27; a(187,188) r(157,182) r(173,2)
28; d(355) a(152,178) d(469) r(207,355)
29; r(148,183) d(391) r(257,385) a(224,173) r(334,231) d(326)
30; d(355) r(257,385) a(224,173) r(334,231) r(184,52)
31; r(148,183) d(391) a(152,178) d(469) a(328,291)
32; d(359) a(470,393) r(394,185)
33; a(187,188) a(210,188) r(145,390) a(393,436) a(391,380)
34; d(359) a(210,188) r(145,390) a(393,436) d(189)
35; a(187,188) a(470,393) a(386,162)
36; d(355) d(200) r(213,198)
37; d(127) a(236,292) d(287) d(246) a(224,173) r(465,406) d(437) a(213,136)
38; d(355) d(246) a(224,173) r(465,406) d(437) a(334,113)
39; d(127) a(236,292) d(287) d(200) d(387)
40; d(444) d(139) a(337,332) d(127) d(392)
41; d(355) d(246) a(160,227) d(468) r(418,19)
42; a(187,188) r(157,182) a(373,172) a(145,406) r(212,193) r(127,281)
43; a(187,188) r(404,133)
44; a(187,188) r(157,182) d(369)
45; a(187,188) a(373,172) a(145,406) r(212,193) r(334,210)
46; d(355) r(257,385) a(224,173) r(465,406) d(113) d(177) a(148,174)
47; d(359) a(276,22) d(247) a(284,298)
48; d(355) r(257,385) a(224,173) r(465,406) d(113) a(214,173)
49; d(359) a(276,22) d(247) d(177) r(325,351)
50; a(187,188) a(373,172) a(152,178) a(436,22) r(245,162)
51; d(127) r(134,132) d(386) a(245,356)
52; d(355) d(246) a(160,227) a(122,45) r(275,344)
53; d(355) r(257,385) a(160,227) d(468) r(277,415)
54; d(355) d(246) a(160,227) d(468) r(427,20)
55; d(355) r(257,385) a(160,227) a(122,45) r(214,212)
56; d(359) a(276,22) r(367,178) r(430,154) r(182,185)
57; d(127) d(247) d(177) a(379,418)
58; d(359) a(276,22) d(247) d(177) a(473,475)
59; d(127) r(367,178) r(430,154) r(112,415)
60; d(355) r(257,385) a(160,227) a(122,45) r(138,9) d(1)
61; r(148,183) a(292,113) d(434)
62; d(355) r(257,385) a(160,227) a(122,45) a(19,53)
63; r(148,183) a(292,113) r(138,9) d(206)
64; d(444) a(384,429) a(297,247) d(377) a(368,448)
65; d(355) d(246) a(160,227) d(468) d(172)
--------------------------------------------------------------------------------
Evaluation

0; 0.
1; 0.
2; 0.
3; 0.
4; 0.
5; 0.
6; 0.
7; 0.
8; 0.
9; 0.
10; 0.
11; 0.
12; 0.
13; 0.
14; 0.
15; 0.
16; 0.
17; 0.
18; 0.
19; 0.
20; 0.
21; 0.
22; 0.
23; 0.
24; 0.
25; 0.
26; 0.
27; 0.
28; 0.
29; 0.
30; 0.
31; 0.
32; 0.
33; 0.
34; 0.
35; 0.
36; 2.
37; 0.
38; 0.
39; 0.
40; 0.
41; 0.
42; 0.
43; 0.
44; 0.
45; 0.
46; 0.
47; 0.
48; 0.
49; 0.
50; 0.
51; 0.
52; 0.
53; 0.
54; 0.
55; 0.
56; 0.
57; 0.
58; 0.
59; 0.
60; 0.
61; 0.
62; 0.
63; 0.
64; 0.
65; 0.
================================================================================
Generation 5

--------------------------------------------------------------------------------
Selection

0; 42
1; 0
2; 59
3; 34
4; 54
5; 10
6; 64
7; 52
8; 7
9; 29
10; 58
11; 57
12; 11
13; 23
14; 35
15; 25
16; 14
17; 54
18; 42
19; 41
20; 40
21; 11
22; 27
23; 29
24; 42
25; 14
26; 2
27; 37
28; 47
29; 62
30; 52
31; 14
32; 27
33; 5
34; 8
35; 5
36; 56
37; 62
38; 54
39; 59
--------------------------------------------------------------------------------
Crossover

0; 14; d(444) a(384,429) a(297,247) d(377) a(201,148)
1; 62; d(355) r(257,385) a(160,227) a(122,45) a(19,53)
2; 42; a(187,188) r(157,182) a(373,172) a(145,406) r(212,193) r(127,281)
3; 8; a(187,188) a(373,172) a(152,178) r(3,178) r(130,374)
4; 11, 54; r(228,467) d(245) r(427,20)
5; 11, 54; d(355) d(246) a(160,227) d(468) a(181,475) a(138,109) d(468)
6; 11; r(228,467) d(245) a(181,475) a(138,109) d(468)
7; 54; d(355) d(246) a(160,227) d(468) r(427,20)
8; 23, 27; r(214,212) d(246) d(370) d(220) a(397,403)
9; 23, 27; a(187,188) r(157,182) r(173,2)
10; 23; r(214,212) d(246) d(370) d(220) a(397,403)
11; 27; a(187,188) r(157,182) r(173,2)
12; 57; d(127) d(247) d(177) a(379,418)
13; 40; d(444) d(139) a(337,332) d(127) d(392)
14; 34; d(359) a(210,188) r(145,390) a(393,436) d(189)
15; 27; a(187,188) r(157,182) r(173,2)
16; 56, 11; d(359) a(138,109) d(468)
17; 56, 11; r(228,467) d(245) a(181,475) a(276,22) r(367,178) r(430,154) r(182,185)
18; 56; d(359) a(276,22) r(367,178) r(430,154) r(182,185)
19; 11; r(228,467) d(245) a(181,475) a(138,109) d(468)
20; 14, 29; d(444)
21; 14, 29; r(148,183) d(391) r(257,385) a(224,173) r(334,231) d(326) a(384,429) a(297,247) d(377) a(201,148)
22; 14; d(444) a(384,429) a(297,247) d(377) a(201,148)
23; 29; r(148,183) d(391) r(257,385) a(224,173) r(334,231) d(326)
24; 7, 25; d(359) r(167,385)
25; 7, 25; a(187,188) r(157,182) a(292,113) r(367,178) d(418) r(473,452) a(276,22) d(247) d(177) d(390)
26; 7; d(359) a(276,22) d(247) d(177) d(390)
27; 25; a(187,188) r(157,182) a(292,113) r(367,178) d(418) r(473,452) r(167,385)
28; 35, 10; a(187,188) a(470,393) a(386,162) a(11,173) a(214,384) r(220,28)
29; 35, 10; a(404,385) r(331,455)
30; 35; a(187,188) a(470,393) a(386,162)
31; 10; a(404,385) r(331,455) a(11,173) a(214,384) r(220,28)
32; 47, 5; d(359) a(276,22) d(247) a(284,298)
33; 47, 5; r(228,467) d(245) a(236,445) a(145,206)
34; 47; d(359) a(276,22) d(247) a(284,298)
35; 5; r(228,467) d(245) a(236,445) a(145,206)
36; 52, 58; d(355) a(473,475)
37; 52, 58; d(359) a(276,22) d(247) d(177) d(246) a(160,227) a(122,45) r(275,344)
38; 52; d(355) d(246) a(160,227) a(122,45) r(275,344)
39; 58; d(359) a(276,22) d(247) d(177) a(473,475)
40; 0, 2; d(127) r(224,29)
41; 0, 2; r(214,212) d(246) d(370) a(117,123) a(236,292) d(287) d(200) d(213)
42; 0; d(127) a(236,292) d(287) d(200) d(213)
43; 2; r(214,212) d(246) d(370) a(117,123) r(224,29)
44; 41, 37; d(355) d(246) a(160,227) d(287) d(246) a(224,173) r(465,406) d(437) a(213,136)
45; 41, 37; d(127) a(236,292) d(468) r(418,19)
46; 41; d(355) d(246) a(160,227) d(468) r(418,19)
47; 37; d(127) a(236,292) d(287) d(246) a(224,173) r(465,406) d(437) a(213,136)
48; 29, 42; r(148,183) d(391) r(257,385) a(224,173) r(334,231) a(145,406) r(212,193) r(127,281)
49; 29, 42; a(187,188) r(157,182) a(373,172) d(326)
50; 29; r(148,183) d(391) r(257,385) a(224,173) r(334,231) d(326)
51; 42; a(187,188) r(157,182) a(373,172) a(145,406) r(212,193) r(127,281)
52; 54; d(355) d(246) a(160,227) d(468) r(427,20)
53; 14; d(444) a(384,429) a(297,247) d(377) a(201,148)
54; 52, 59; d(355) r(112,415)
55; 52, 59; d(127) r(367,178) r(430,154) d(246) a(160,227) a(122,45) r(275,344)
56; 52; d(355) d(246) a(160,227) a(122,45) r(275,344)
57; 59; d(127) r(367,178) r(430,154) r(112,415)
58; 54, 62; d(355) a(160,227) a(122,45) a(19,53)
59; 54, 62; d(355) r(257,385) d(246) a(160,227) d(468) r(427,20)
60; 54; d(355) d(246) a(160,227) d(468) r(427,20)
61; 62; d(355) r(257,385) a(160,227) a(122,45) a(19,53)
62; 64, 5; d(444) a(384,429) a(297,247) a(145,206)
63; 64, 5; r(228,467) d(245) a(236,445) d(377) a(368,448)
64; 64; d(444) a(384,429) a(297,247) d(377) a(368,448)
65; 5; r(228,467) d(245) a(236,445) a(145,206)
66; 42, 59; a(187,188) r(157,182) a(373,172) r(367,178) r(430,154) r(112,415)
67; 42, 59; d(127) a(145,406) r(212,193) r(127,281)
68; 42; a(187,188) r(157,182) a(373,172) a(145,406) r(212,193) r(127,281)
69; 59; d(127) r(367,178) r(430,154) r(112,415)
--------------------------------------------------------------------------------
Mutation

0; d(444) a(384,429) a(297,247) d(377) a(201,148) a(388,416)
1; d(355) r(257,385) a(160,227) a(122,45) a(19,53) r(174,374)
2; a(187,188) r(157,182) a(373,172) a(145,406) r(212,193) r(127,281) a(159,286)
3; a(187,188) a(373,172) a(152,178) r(3,178) r(130,374) d(210)
4; r(228,467) d(245) r(427,20) a(381,382)
5; d(355) d(246) a(160,227) d(468) a(181,475) a(138,109) d(468) a(425,388)
6; r(228,467) d(245) a(181,475) a(138,109) d(468) d(182)
7; d(355) d(246) a(160,227) d(468) r(427,20) r(142,113)
8; r(214,212) d(246) d(370) d(220) a(397,403) d(173)
9; a(187,188) r(157,182) r(173,2) r(158,151)
10; r(214,212) d(246) d(370) d(220) a(397,403) a(465,470)
11; a(187,188) r(157,182) r(173,2) r(430,447)
12; d(127) d(247) d(177) a(379,418) a(134,400)
13; d(444) d(139) a(337,332) d(127) d(392) a(3,202)
14; d(359) a(210,188) r(145,390) a(393,436) d(189) d(212)
15; a(187,188) r(157,182) r(173,2) r(214,349)
16; d(359) a(138,109) d(468) d(212)
17; r(228,467) d(245) a(181,475) a(276,22) r(367,178) r(430,154) r(182,185) a(214,160)
18; d(359) a(276,22) r(367,178) r(430,154) r(182,185) a(21,14)
19; r(228,467) d(245) a(181,475) a(138,109) d(468) d(341)
20; d(444) a(338,390)
21; r(148,183) d(391) r(257,385) a(224,173) r(334,231) d(326) a(384,429) a(297,247) d(377) a(201,148) a(429,192)
22; d(444) a(384,429) a(297,247) d(377) a(201,148) d(418)
23; r(148,183) d(391) r(257,385) a(224,173) r(334,231) d(326) d(356)
24; d(359) r(167,385) d(443)
25; a(187,188) r(157,182) a(292,113) r(367,178) d(418) r(473,452) a(276,22) d(247) d(177) d(390) d(214)
26; d(359) a(276,22) d(247) d(177) d(390) d(475)
27; a(187,188) r(157,182) a(292,113) r(367,178) d(418) r(473,452) r(167,385) a(210,385)
28; a(187,188) a(470,393) a(386,162) a(11,173) a(214,384) r(220,28) a(213,133)
29; a(404,385) r(331,455) a(252,136)
30; a(187,188) a(470,393) a(386,162) a(201,147)
31; a(404,385) r(331,455) a(11,173) a(214,384) r(220,28) a(356,400)
32; d(359) a(276,22) d(247) a(284,298) a(433,414)
33; r(228,467) d(245) a(236,445) a(145,206) r(147,393)
34; d(359) a(276,22) d(247) a(284,298) d(146)
35; r(228,467) d(245) a(236,445) a(145,206) r(422,197)
36; d(355) a(473,475) a(291,242)
37; d(359) a(276,22) d(247) d(177) d(246) a(160,227) a(122,45) r(275,344) a(443,349)
38; d(355) d(246) a(160,227) a(122,45) r(275,344) r(412,394)
39; d(359) a(276,22) d(247) d(177) a(473,475) a(212,180)
40; d(127) r(224,29) r(143,172)
41; r(214,212) d(246) d(370) a(117,123) a(236,292) d(287) d(200) d(213) a(174,444)
42; d(127) a(236,292) d(287) d(200) d(213) d(187)
43; r(214,212) d(246) d(370) a(117,123) r(224,29) a(197,178)
44; d(355) d(246) a(160,227) d(287) d(246) a(224,173) r(465,406) d(437) a(213,136) d(128)
45; d(127) a(236,292) d(468) r(418,19) r(386,435)
46; d(355) d(246) a(160,227) d(468) r(418,19) d(207)
47; d(127) a(236,292) d(287) d(246) a(224,173) r(465,406) d(437) a(213,136) d(242)
48; r(148,183) d(391) r(257,385) a(224,173) r(334,231) a(145,406) r(212,193) r(127,281) r(200,434)
49; a(187,188) r(157,182) a(373,172) d(326) r(231,21)
50; r(148,183) d(391) r(257,385) a(224,173) r(334,231) d(326) a(450,374)
51; a(187,188) r(157,182) a(373,172) a(145,406) r(212,193) r(127,281) a(213,185)
52; d(355) d(246) a(160,227) d(468) r(427,20) a(213,205)
53; d(444) a(384,429) a(297,247) d(377) a(201,148) r(289,272)
54; d(355) r(112,415) d(279)
55; d(127) r(367,178) r(430,154) d(246) a(160,227) a(122,45) r(275,344) r(327,258)
56; d(355) d(246) a(160,227) a(122,45) r(275,344) r(143,162)
57; d(127) r(367,178) r(430,154) r(112,415) a(110,415)
58; d(355) a(160,227) a(122,45) a(19,53) d(377)
59; d(355) r(257,385) d(246) a(160,227) d(468) r(427,20) a(462,13)
60; d(355) d(246) a(160,227) d(468) r(427,20) d(394)
61; d(355) r(257,385) a(160,227) a(122,45) a(19,53) r(129,390)
62; d(444) a(384,429) a(297,247) a(145,206) a(238,289)
63; r(228,467) d(245) a(236,445) d(377) a(368,448) a(272,332)
64; d(444) a(384,429) a(297,247) d(377) a(368,448) d(129)
65; r(228,467) d(245) a(236,445) a(145,206) d(367)
66; a(187,188) r(157,182) a(373,172) r(367,178) r(430,154) r(112,415) r(131,22)
67; d(127) a(145,406) r(212,193) r(127,281) d(9)
68; a(187,188) r(157,182) a(373,172) a(145,406) r(212,193) r(127,281) d(175)
69; d(127) r(367,178) r(430,154) r(112,415) d(377)
--------------------------------------------------------------------------------
Evaluation

0; 0.
1; 0.
2; 0.
3; 0.
4; 0.
5; 0.
6; 0.
7; 10.
8; 0.
9; 0.
10; 0.
11; 0.
12; 0.
13; 0.
14; 0.
15; 0.
16; 0.
17; 0.
18; 0.
19; 0.
20; 0.
21; 0.
22; 0.
23; 0.
24; 0.
25; 0.
26; 0.
27; 0.
28; 0.
29; 0.
30; 0.
31; 0.
32; 0.
33; 0.
34; 0.
35; 0.
36; 5.
37; 0.
38; 0.
39; 0.
40; 0.
41; 10.
42; 0.
43; 0.
44; 0.
45; 0.
46; 0.
47; 0.
48; 0.
49; 0.
50; 0.
51; 0.
52; 0.
53; 0.
54; 0.
55; 0.
56; 0.
57; 0.
58; 0.
59; 0.
60; 0.
61; 0.
62; 0.
63; 0.
64; 0.
65; 0.
66; 0.
67; 0.
68; 0.
69; 0.
================================================================================
Generation 6

--------------------------------------------------------------------------------
Selection

0; 37
1; 22
2; 50
3; 54
4; 20
5; 59
6; 53
7; 64
8; 62
9; 11
10; 33
11; 42
12; 5
13; 2
14; 47
15; 37
16; 48
17; 27
18; 12
19; 10
20; 9
21; 44
22; 34
23; 27
24; 65
25; 26
26; 69
27; 67
28; 46
29; 52
30; 14
31; 52
32; 18
33; 21
34; 31
35; 33
36; 19
37; 27
38; 23
39; 13
--------------------------------------------------------------------------------
Crossover

0; 37; d(359) a(276,22) d(247) d(177) d(246) a(160,227) a(122,45) r(275,344) a(443,349)
1; 26; d(359) a(276,22) d(247) d(177) d(390) d(475)
2; 64; d(444) a(384,429) a(297,247) d(377) a(368,448) d(129)
3; 62; d(444) a(384,429) a(297,247) a(145,206) a(238,289)
4; 50; r(148,183) d(391) r(257,385) a(224,173) r(334,231) d(326) a(450,374)
5; 23; r(148,183) d(391) r(257,385) a(224,173) r(334,231) d(326) d(356)
6; 13, 44; d(444) d(128)
7; 13, 44; d(355) d(246) a(160,227) d(287) d(246) a(224,173) r(465,406) d(437) a(213,136) d(139) a(337,332) d(127) d(392) a(3,202)
8; 13; d(444) d(139) a(337,332) d(127) d(392) a(3,202)
9; 44; d(355) d(246) a(160,227) d(287) d(246) a(224,173) r(465,406) d(437) a(213,136) d(128)
10; 54; d(355) r(112,415) d(279)
11; 53; d(444) a(384,429) a(297,247) d(377) a(201,148) r(289,272)
12; 33, 46; r(228,467) d(245) a(236,445) a(145,206) r(147,393) a(160,227) d(468) r(418,19) d(207)
13; 33, 46; d(355) d(246)
14; 33; r(228,467) d(245) a(236,445) a(145,206) r(147,393)
15; 46; d(355) d(246) a(160,227) d(468) r(418,19) d(207)
16; 5; d(355) d(246) a(160,227) d(468) a(181,475) a(138,109) d(468) a(425,388)
17; 27; a(187,188) r(157,182) a(292,113) r(367,178) d(418) r(473,452) r(167,385) a(210,385)
18; 19, 67; r(228,467) d(245) a(181,475) a(138,109) d(468) d(341)
19; 19, 67; d(127) a(145,406) r(212,193) r(127,281) d(9)
20; 19; r(228,467) d(245) a(181,475) a(138,109) d(468) d(341)
21; 67; d(127) a(145,406) r(212,193) r(127,281) d(9)
22; 48, 42; r(148,183) d(391) r(257,385) a(224,173) r(334,231) a(236,292) d(287) d(200) d(213) d(187)
23; 48, 42; d(127) a(145,406) r(212,193) r(127,281) r(200,434)
24; 48; r(148,183) d(391) r(257,385) a(224,173) r(334,231) a(145,406) r(212,193) r(127,281) r(200,434)
25; 42; d(127) a(236,292) d(287) d(200) d(213) d(187)
26; 12; d(127) d(247) d(177) a(379,418) a(134,400)
27; 21; r(148,183) d(391) r(257,385) a(224,173) r(334,231) d(326) a(384,429) a(297,247) d(377) a(201,148) a(429,192)
28; 18, 31; d(359) a(276,22) r(367,178) r(430,154) a(11,173) a(214,384) r(220,28) a(356,400)
29; 18, 31; a(404,385) r(331,455) r(182,185) a(21,14)
30; 18; d(359) a(276,22) r(367,178) r(430,154) r(182,185) a(21,14)
31; 31; a(404,385) r(331,455) a(11,173) a(214,384) r(220,28) a(356,400)
32; 34, 27; d(359) a(276,22) d(247)
33; 34, 27; a(187,188) r(157,182) a(292,113) r(367,178) d(418) r(473,452) r(167,385) a(210,385) a(284,298) d(146)
34; 34; d(359) a(276,22) d(247) a(284,298) d(146)
35; 27; a(187,188) r(157,182) a(292,113) r(367,178) d(418) r(473,452) r(167,385) a(210,385)
36; 52; d(355) d(246) a(160,227) d(468) r(427,20) a(213,205)
37; 33; r(228,467) d(245) a(236,445) a(145,206) r(147,393)
38; 20; d(444) a(338,390)
39; 69; d(127) r(367,178) r(430,154) r(112,415) d(377)
40; 65; r(228,467) d(245) a(236,445) a(145,206) d(367)
41; 37; d(359) a(276,22) d(247) d(177) d(246) a(160,227) a(122,45) r(275,344) a(443,349)
42; 2, 22; a(187,188) r(157,182) a(373,172) a(145,406) a(384,429) a(297,247) d(377) a(201,148) d(418)
43; 2, 22; d(444) r(212,193) r(127,281) a(159,286)
44; 2; a(187,188) r(157,182) a(373,172) a(145,406) r(212,193) r(127,281) a(159,286)
45; 22; d(444) a(384,429) a(297,247) d(377) a(201,148) d(418)
46; 59; d(355) r(257,385) d(246) a(160,227) d(468) r(427,20) a(462,13)
47; 27; a(187,188) r(157,182) a(292,113) r(367,178) d(418) r(473,452) r(167,385) a(210,385)
48; 11; a(187,188) r(157,182) r(173,2) r(430,447)
49; 10; r(214,212) d(246) d(370) d(220) a(397,403) a(465,470)
50; 52, 47; d(355) d(246) a(160,227) d(468) d(437) a(213,136) d(242)
51; 52, 47; d(127) a(236,292) d(287) d(246) a(224,173) r(465,406) r(427,20) a(213,205)
52; 52; d(355) d(246) a(160,227) d(468) r(427,20) a(213,205)
53; 47; d(127) a(236,292) d(287) d(246) a(224,173) r(465,406) d(437) a(213,136) d(242)
54; 9, 14; a(187,188) d(212)
55; 9, 14; d(359) a(210,188) r(145,390) a(393,436) d(189) r(157,182) r(173,2) r(158,151)
56; 9; a(187,188) r(157,182) r(173,2) r(158,151)
57; 14; d(359) a(210,188) r(145,390) a(393,436) d(189) d(212)
--------------------------------------------------------------------------------
Mutation

0; d(359) a(276,22) d(247) d(177) d(246) a(160,227) a(122,45) r(275,344) a(443,349) a(224,227)
1; d(359) a(276,22) d(247) d(177) d(390) d(475) d(180)
2; d(444) a(384,429) a(297,247) d(377) a(368,448) d(129) a(210,174)
3; d(444) a(384,429) a(297,247) a(145,206) a(238,289) d(392)
4; r(148,183) d(391) r(257,385) a(224,173) r(334,231) d(326) a(450,374) r(188,185)
5; r(148,183) d(391) r(257,385) a(224,173) r(334,231) d(326) d(356) r(197,174)
6; d(444) d(128) r(213,227)
7; d(355) d(246) a(160,227) d(287) d(246) a(224,173) r(465,406) d(437) a(213,136) d(139) a(337,332) d(127) d(392) a(3,202) d(278)
8; d(444) d(139) a(337,332) d(127) d(392) a(3,202) a(405,294)
9; d(355) d(246) a(160,227) d(287) d(246) a(224,173) r(465,406) d(437) a(213,136) d(128) r(301,230)
10; d(355) r(112,415) d(279) d(453)
11; d(444) a(384,429) a(297,247) d(377) a(201,148) r(289,272) d(210)
12; r(228,467) d(245) a(236,445) a(145,206) r(147,393) a(160,227) d(468) r(418,19) d(207) d(409)
13; d(355) d(246) r(276,250)
14; r(228,467) d(245) a(236,445) a(145,206) r(147,393) d(388)
15; d(355) d(246) a(160,227) d(468) r(418,19) d(207) a(436,273)
16; d(355) d(246) a(160,227) d(468) a(181,475) a(138,109) d(468) a(425,388) r(362,331)
17; a(187,188) r(157,182) a(292,113) r(367,178) d(418) r(473,452) r(167,385) a(210,385) d(449)
18; r(228,467) d(245) a(181,475) a(138,109) d(468) d(341) d(205)
19; d(127) a(145,406) r(212,193) r(127,281) d(9) a(19,350)
20; r(228,467) d(245) a(181,475) a(138,109) d(468) d(341) d(323)
21; d(127) a(145,406) r(212,193) r(127,281) d(9) a(458,453)
22; r(148,183) d(391) r(257,385) a(224,173) r(334,231) a(236,292) d(287) d(200) d(213) d(187) r(215,471)
23; d(127) a(145,406) r(212,193) r(127,281) r(200,434) r(149,355)
24; r(148,183) d(391) r(257,385) a(224,173) r(334,231) a(145,406) r(212,193) r(127,281) r(200,434) a(247,162)
25; d(127) a(236,292) d(287) d(200) d(213) d(187) d(235)
26; d(127) d(247) d(177) a(379,418) a(134,400) d(358)
27; r(148,183) d(391) r(257,385) a(224,173) r(334,231) d(326) a(384,429) a(297,247) d(377) a(201,148) a(429,192) r(434,275)
28; d(359) a(276,22) r(367,178) r(430,154) a(11,173) a(214,384) r(220,28) a(356,400) r(353,241)
29; a(404,385) r(331,455) r(182,185) a(21,14) r(381,275)
30; d(359) a(276,22) r(367,178) r(430,154) r(182,185) a(21,14) r(2,54)
31; a(404,385) r(331,455) a(11,173) a(214,384) r(220,28) a(356,400) d(272)
32; d(359) a(276,22) d(247) r(255,323)
33; a(187,188) r(157,182) a(292,113) r(367,178) d(418) r(473,452) r(167,385) a(210,385) a(284,298) d(146) d(159)
34; d(359) a(276,22) d(247) a(284,298) d(146) a(197,150)
35; a(187,188) r(157,182) a(292,113) r(367,178) d(418) r(473,452) r(167,385) a(210,385) a(423,185)
36; d(355) d(246) a(160,227) d(468) r(427,20) a(213,205) d(370)
37; r(228,467) d(245) a(236,445) a(145,206) r(147,393) a(435,202)
38; d(444) a(338,390) r(340,324)
39; d(127) r(367,178) r(430,154) r(112,415) d(377) d(286)
40; r(228,467) d(245) a(236,445) a(145,206) d(367) r(214,151)
41; d(359) a(276,22) d(247) d(177) d(246) a(160,227) a(122,45) r(275,344) a(443,349) d(173)
42; a(187,188) r(157,182) a(373,172) a(145,406) a(384,429) a(297,247) d(377) a(201,148) d(418) r(286,235)
43; d(444) r(212,193) r(127,281) a(159,286) d(255)
44; a(187,188) r(157,182) a(373,172) a(145,406) r(212,193) r(127,281) a(159,286) a(436,376)
45; d(444) a(384,429) a(297,247) d(377) a(201,148) d(418) d(213)
46; d(355) r(257,385) d(246) a(160,227) d(468) r(427,20) a(462,13) r(335,52)
47; a(187,188) r(157,182) a(292,113) r(367,178) d(418) r(473,452) r(167,385) a(210,385) r(241,255)
48; a(187,188) r(157,182) r(173,2) r(430,447) r(353,256)
49; r(214,212) d(246) d(370) d(220) a(397,403) a(465,470) r(136,447)
50; d(355) d(246) a(160,227) d(468) d(437) a(213,136) d(242) a(19,41)
51; d(127) a(236,292) d(287) d(246) a(224,173) r(465,406) r(427,20) a(213,205) r(247,275)
52; d(355) d(246) a(160,227) d(468) r(427,20) a(213,205) d(303)
53; d(127) a(236,292) d(287) d(246) a(224,173) r(465,406) d(437) a(213,136) d(242) r(132,41)
54; a(187,188) d(212) a(394,377)
55; d(359) a(210,188) r(145,390) a(393,436) d(189) r(157,182) r(173,2) r(158,151) r(457,425)
56; a(187,188) r(157,182) r(173,2) r(158,151) a(226,323)
57; d(359) a(210,188) r(145,390) a(393,436) d(189) d(212) r(156,475)
--------------------------------------------------------------------------------
Evaluation

0; 0.
1; 0.
2; 0.
3; 0.
4; 0.
5; 0.
6; 0.
7; 0.
8; 0.
9; 0.
10; 0.
11; 0.
12; 0.
13; 0.
14; 0.
15; 0.
16; 0.
17; 0.
18; 0.
19; 0.
20; 0.
21; 0.
22; 0.
23; 0.
24; 0.
25; 0.
26; 0.
27; 0.
28; 0.
29; 0.
30; 0.
31; 0.
32; 0.
33; 0.
34; 0.
35; 0.
36; 0.
37; 0.
38; 0.
39; 0.
40; 0.
41; 0.
42; 0.
43; 0.
44; 0.
45; 0.
46; 0.
47; 0.
48; 0.
49; 0.
50; 0.
51; 0.
52; 0.
53; 0.
54; 0.
55; 0.
56; 0.
57; 0.
================================================================================
Generation 7

--------------------------------------------------------------------------------
Selection

0; 25
1; 54
2; 37
3; 8
4; 16
5; 32
6; 52
7; 27
8; 34
9; 30
10; 21
11; 15
12; 21
13; 49
14; 42
15; 27
16; 20
17; 38
18; 9
19; 43
20; 57
21; 2
22; 30
23; 35
24; 39
25; 53
26; 48
27; 50
28; 15
29; 38
30; 29
31; 1
32; 55
33; 8
34; 44
35; 52
36; 35
37; 35
38; 17
39; 49
--------------------------------------------------------------------------------
Crossover

0; 49, 54; r(214,212) d(246) d(370) d(220) a(397,403)
1; 49, 54; a(187,188) d(212) a(394,377) a(465,470) r(136,447)
2; 49; r(214,212) d(246) d(370) d(220) a(397,403) a(465,470) r(136,447)
3; 54; a(187,188) d(212) a(394,377)
4; 50, 9; d(355) d(246) a(160,227) d(468) d(437) a(213,136)
5; 50, 9; d(355) d(246) a(160,227) d(287) d(246) a(224,173) r(465,406) d(437) a(213,136) d(128) r(301,230) d(242) a(19,41)
6; 50; d(355) d(246) a(160,227) d(468) d(437) a(213,136) d(242) a(19,41)
7; 9; d(355) d(246) a(160,227) d(287) d(246) a(224,173) r(465,406) d(437) a(213,136) d(128) r(301,230)
8; 30; d(359) a(276,22) r(367,178) r(430,154) r(182,185) a(21,14) r(2,54)
9; 35; a(187,188) r(157,182) a(292,113) r(367,178) d(418) r(473,452) r(167,385) a(210,385) a(423,185)
10; 42, 52; a(187,188) r(157,182) a(373,172) a(145,406) a(384,429) a(297,247) d(377) a(201,148) d(418) r(286,235) a(213,205) d(303)
11; 42, 52; d(355) d(246) a(160,227) d(468) r(427,20)
12; 42; a(187,188) r(157,182) a(373,172) a(145,406) a(384,429) a(297,247) d(377) a(201,148) d(418) r(286,235)
13; 52; d(355) d(246) a(160,227) d(468) r(427,20) a(213,205) d(303)
14; 49; r(214,212) d(246) d(370) d(220) a(397,403) a(465,470) r(136,447)
15; 27; r(148,183) d(391) r(257,385) a(224,173) r(334,231) d(326) a(384,429) a(297,247) d(377) a(201,148) a(429,192) r(434,275)
16; 8, 32; d(444) d(139) a(337,332) d(127) d(392) a(3,202) a(405,294) d(247) r(255,323)
17; 8, 32; d(359) a(276,22)
18; 8; d(444) d(139) a(337,332) d(127) d(392) a(3,202) a(405,294)
19; 32; d(359) a(276,22) d(247) r(255,323)
20; 2; d(444) a(384,429) a(297,247) d(377) a(368,448) d(129) a(210,174)
21; 48; a(187,188) r(157,182) r(173,2) r(430,447) r(353,256)
22; 37; r(228,467) d(245) a(236,445) a(145,206) r(147,393) a(435,202)
23; 35; a(187,188) r(157,182) a(292,113) r(367,178) d(418) r(473,452) r(167,385) a(210,385) a(423,185)
24; 57; d(359) a(210,188) r(145,390) a(393,436) d(189) d(212) r(156,475)
25; 52; d(355) d(246) a(160,227) d(468) r(427,20) a(213,205) d(303)
26; 27; r(148,183) d(391) r(257,385) a(224,173) r(334,231) d(326) a(384,429) a(297,247) d(377) a(201,148) a(429,192) r(434,275)
27; 34; d(359) a(276,22) d(247) a(284,298) d(146) a(197,150)
28; 15, 21; d(355) d(246) a(145,406) r(212,193) r(127,281) d(9) a(458,453)
29; 15, 21; d(127) a(160,227) d(468) r(418,19) d(207) a(436,273)
30; 15; d(355) d(246) a(160,227) d(468) r(418,19) d(207) a(436,273)
31; 21; d(127) a(145,406) r(212,193) r(127,281) d(9) a(458,453)
32; 35, 16; a(187,188) r(157,182) a(292,113) r(367,178) d(418) r(473,452) r(167,385) d(468) a(181,475) a(138,109) d(468) a(425,388) r(362,331)
33; 35, 16; d(355) d(246) a(160,227) a(210,385) a(423,185)
34; 35; a(187,188) r(157,182) a(292,113) r(367,178) d(418) r(473,452) r(167,385) a(210,385) a(423,185)
35; 16; d(355) d(246) a(160,227) d(468) a(181,475) a(138,109) d(468) a(425,388) r(362,331)
36; 55, 30; d(359) a(210,188) r(145,390) a(393,436) d(189) r(430,154) r(182,185) a(21,14) r(2,54)
37; 55, 30; d(359) a(276,22) r(367,178) r(157,182) r(173,2) r(158,151) r(457,425)
38; 55; d(359) a(210,188) r(145,390) a(393,436) d(189) r(157,182) r(173,2) r(158,151) r(457,425)
39; 30; d(359) a(276,22) r(367,178) r(430,154) r(182,185) a(21,14) r(2,54)
40; 29, 38; a(404,385) r(331,455) r(182,185) a(21,14)
41; 29, 38; d(444) a(338,390) r(340,324) r(381,275)
42; 29; a(404,385) r(331,455) r(182,185) a(21,14) r(381,275)
43; 38; d(444) a(338,390) r(340,324)
44; 1; d(359) a(276,22) d(247) d(177) d(390) d(475) d(180)
45; 39; d(127) r(367,178) r(430,154) r(112,415) d(377) d(286)
46; 53; d(127) a(236,292) d(287) d(246) a(224,173) r(465,406) d(437) a(213,136) d(242) r(132,41)
47; 44; a(187,188) r(157,182) a(373,172) a(145,406) r(212,193) r(127,281) a(159,286) a(436,376)
48; 43; d(444) r(212,193) r(127,281) a(159,286) d(255)
49; 17; a(187,188) r(157,182) a(292,113) r(367,178) d(418) r(473,452) r(167,385) a(210,385) d(449)
50; 38, 15; d(444) a(338,390) r(340,324) a(436,273)
51; 38, 15; d(355) d(246) a(160,227) d(468) r(418,19) d(207)
52; 38; d(444) a(338,390) r(340,324)
53; 15; d(355) d(246) a(160,227) d(468) r(418,19) d(207) a(436,273)
54; 8; d(444) d(139) a(337,332) d(127) d(392) a(3,202) a(405,294)
55; 21; d(127) a(145,406) r(212,193) r(127,281) d(9) a(458,453)
56; 25, 20; d(127) a(236,292) d(287) d(200) d(323)
57; 25, 20; r(228,467) d(245) a(181,475) a(138,109) d(468) d(341) d(213) d(187) d(235)
58; 25; d(127) a(236,292) d(287) d(200) d(213) d(187) d(235)
59; 20; r(228,467) d(245) a(181,475) a(138,109) d(468) d(341) d(323)
--------------------------------------------------------------------------------
Mutation

0; r(214,212) d(246) d(370) d(220) a(397,403) r(180,187)
1; a(187,188) d(212) a(394,377) a(465,470) r(136,447) d(183)
2; r(214,212) d(246) d(370) d(220) a(397,403) a(465,470) r(136,447) a(393,445)
3; a(187,188) d(212) a(394,377) d(213)
4; d(355) d(246) a(160,227) d(468) d(437) a(213,136) d(178)
5; d(355) d(246) a(160,227) d(287) d(246) a(224,173) r(465,406) d(437) a(213,136) d(128) r(301,230) d(242) a(19,41) r(131,124)
6; d(355) d(246) a(160,227) d(468) d(437) a(213,136) d(242) a(19,41) a(157,185)
7; d(355) d(246) a(160,227) d(287) d(246) a(224,173) r(465,406) d(437) a(213,136) d(128) r(301,230) a(393,376)
8; d(359) a(276,22) r(367,178) r(430,154) r(182,185) a(21,14) r(2,54) r(181,471)
9; a(187,188) r(157,182) a(292,113) r(367,178) d(418) r(473,452) r(167,385) a(210,385) a(423,185) r(227,425)
10; a(187,188) r(157,182) a(373,172) a(145,406) a(384,429) a(297,247) d(377) a(201,148) d(418) r(286,235) a(213,205) d(303) d(251)
11; d(355) d(246) a(160,227) d(468) r(427,20) d(135)
12; a(187,188) r(157,182) a(373,172) a(145,406) a(384,429) a(297,247) d(377) a(201,148) d(418) r(286,235) d(139)
13; d(355) d(246) a(160,227) d(468) r(427,20) a(213,205) d(303) d(392)
14; r(214,212) d(246) d(370) d(220) a(397,403) a(465,470) r(136,447) r(226,444)
15; r(148,183) d(391) r(257,385) a(224,173) r(334,231) d(326) a(384,429) a(297,247) d(377) a(201,148) a(429,192) r(434,275) r(462,350)
16; d(444) d(139) a(337,332) d(127) d(392) a(3,202) a(405,294) d(247) r(255,323) r(210,471)
17; d(359) a(276,22) r(166,390)
18; d(444) d(139) a(337,332) d(127) d(392) a(3,202) a(405,294) r(464,45)
19; d(359) a(276,22) d(247) r(255,323) r(189,199)
20; d(444) a(384,429) a(297,247) d(377) a(368,448) d(129) a(210,174) d(146)
21; a(187,188) r(157,182) r(173,2) r(430,447) r(353,256) r(149,289)
22; r(228,467) d(245) a(236,445) a(145,206) r(147,393) a(435,202) r(22,413)
23; a(187,188) r(157,182) a(292,113) r(367,178) d(418) r(473,452) r(167,385) a(210,385) a(423,185) r(217,441)
24; d(359) a(210,188) r(145,390) a(393,436) d(189) d(212) r(156,475) d(403)
25; d(355) d(246) a(160,227) d(468) r(427,20) a(213,205) d(303) r(183,289)
26; r(148,183) d(391) r(257,385) a(224,173) r(334,231) d(326) a(384,429) a(297,247) d(377) a(201,148) a(429,192) r(434,275) r(470,289)
27; d(359) a(276,22) d(247) a(284,298) d(146) a(197,150) d(274)
28; d(355) d(246) a(145,406) r(212,193) r(127,281) d(9) a(458,453) a(353,31)
29; d(127) a(160,227) d(468) r(418,19) d(207) a(436,273) r(304,279)
30; d(355) d(246) a(160,227) d(468) r(418,19) d(207) a(436,273) a(394,41)
31; d(127) a(145,406) r(212,193) r(127,281) d(9) a(458,453) a(291,120)
32; a(187,188) r(157,182) a(292,113) r(367,178) d(418) r(473,452) r(167,385) d(468) a(181,475) a(138,109) d(468) a(425,388) r(362,331) a(121,139)
33; d(355) d(246) a(160,227) a(210,385) a(423,185) a(451,464)
34; a(187,188) r(157,182) a(292,113) r(367,178) d(418) r(473,452) r(167,385) a(210,385) a(423,185) a(210,183)
35; d(355) d(246) a(160,227) d(468) a(181,475) a(138,109) d(468) a(425,388) r(362,331) d(13)
36; d(359) a(210,188) r(145,390) a(393,436) d(189) r(430,154) r(182,185) a(21,14) r(2,54) d(374)
37; d(359) a(276,22) r(367,178) r(157,182) r(173,2) r(158,151) r(457,425) a(299,29)
38; d(359) a(210,188) r(145,390) a(393,436) d(189) r(157,182) r(173,2) r(158,151) r(457,425) r(256,250)
39; d(359) a(276,22) r(367,178) r(430,154) r(182,185) a(21,14) r(2,54) a(323,346)
40; a(404,385) r(331,455) r(182,185) a(21,14) r(214,2)
41; d(444) a(338,390) r(340,324) r(381,275) r(213,149)
42; a(404,385) r(331,455) r(182,185) a(21,14) r(381,275) a(257,326)
43; d(444) a(338,390) r(340,324) d(239)
44; d(359) a(276,22) d(247) d(177) d(390) d(475) d(180) a(373,120)
45; d(127) r(367,178) r(430,154) r(112,415) d(377) d(286) d(424)
46; d(127) a(236,292) d(287) d(246) a(224,173) r(465,406) d(437) a(213,136) d(242) r(132,41) r(210,455)
47; a(187,188) r(157,182) a(373,172) a(145,406) r(212,193) r(127,281) a(159,286) a(436,376) d(274)
48; d(444) r(212,193) r(127,281) a(159,286) d(255) d(400)
49; a(187,188) r(157,182) a(292,113) r(367,178) d(418) r(473,452) r(167,385) a(210,385) d(449) r(394,382)
50; d(444) a(338,390) r(340,324) a(436,273) d(212)
51; d(355) d(246) a(160,227) d(468) r(418,19) d(207) d(382)
52; d(444) a(338,390) r(340,324) d(167)
53; d(355) d(246) a(160,227) d(468) r(418,19) d(207) a(436,273) d(442)
54; d(444) d(139) a(337,332) d(127) d(392) a(3,202) a(405,294) r(409,462)
55; d(127) a(145,406) r(212,193) r(127,281) d(9) a(458,453) r(338,221)
56; d(127) a(236,292) d(287) d(200) d(323) r(362,241)
57; r(228,467) d(245) a(181,475) a(138,109) d(468) d(341) d(213) d(187) d(235) r(161,413)
58; d(127) a(236,292) d(287) d(200) d(213) d(187) d(235) d(214)
59; r(228,467) d(245) a(181,475) a(138,109) d(468) d(341) d(323) d(220)
--------------------------------------------------------------------------------
Evaluation

0; 0.
1; 0.
2; 0.
3; 0.
4; 0.
5; 0.
6; 0.
7; 0.
8; 0.
9; 0.
10; 0.
11; 0.
12; 0.
13; 0.
14; 0.
15; 0.
16; 0.
17; 0.
18; 0.
19; 0.
20; 0.
21; 0.
22; 0.
23; 0.
24; 0.
25; 0.
26; 0.
27; 0.
28; 0.
29; 0.
30; 0.
31; 0.
32; 0.
33; 0.
34; 0.
35; 0.
36; 0.
37; 0.
38; 0.
39; 0.
40; 0.
41; 0.
42; 0.
43; 0.
44; 0.
45; 0.
46; 0.
47; 0.
48; 0.
49; 0.
50; 0.
51; 0.
52; 0.
53; 0.
54; 0.
55; 0.
56; 0.
57; 0.
58; 0.
59; 0.
================================================================================
Generation 8

--------------------------------------------------------------------------------
Selection

0; 13
1; 13
2; 47
3; 27
4; 36
5; 0
6; 5
7; 12
8; 1
9; 26
10; 23
11; 44
12; 20
13; 34
14; 2
15; 51
16; 48
17; 20
18; 49
19; 52
20; 48
21; 47
22; 50
23; 57
24; 6
25; 6
26; 9
27; 7
28; 35
29; 40
30; 17
31; 5
32; 45
33; 54
34; 11
35; 21
36; 12
37; 9
38; 50
39; 56
--------------------------------------------------------------------------------
Crossover

0; 13; d(355) d(246) a(160,227) d(468) r(427,20) a(213,205) d(303) d(392)
1; 56; d(127) a(236,292) d(287) d(200) d(323) r(362,241)
2; 17, 48; d(359) a(276,22) r(166,390) a(159,286) d(255) d(400)
3; 17, 48; d(444) r(212,193) r(127,281)
4; 17; d(359) a(276,22) r(166,390)
5; 48; d(444) r(212,193) r(127,281) a(159,286) d(255) d(400)
6; 1, 23; a(187,188) d(212) a(394,377) a(465,470) a(423,185) r(217,441)
7; 1, 23; a(187,188) r(157,182) a(292,113) r(367,178) d(418) r(473,452) r(167,385) a(210,385) r(136,447) d(183)
8; 1; a(187,188) d(212) a(394,377) a(465,470) r(136,447) d(183)
9; 23; a(187,188) r(157,182) a(292,113) r(367,178) d(418) r(473,452) r(167,385) a(210,385) a(423,185) r(217,441)
10; 34, 47; a(187,188) a(159,286) a(436,376) d(274)
11; 34, 47; a(187,188) r(157,182) a(373,172) a(145,406) r(212,193) r(127,281) r(157,182) a(292,113) r(367,178) d(418) r(473,452) r(167,385) a(210,385) a(423,185) a(210,183)
12; 34; a(187,188) r(157,182) a(292,113) r(367,178) d(418) r(473,452) r(167,385) a(210,385) a(423,185) a(210,183)
13; 47; a(187,188) r(157,182) a(373,172) a(145,406) r(212,193) r(127,281) a(159,286) a(436,376) d(274)
14; 27; d(359) a(276,22) d(247) a(284,298) d(146) a(197,150) d(274)
15; 57; r(228,467) d(245) a(181,475) a(138,109) d(468) d(341) d(213) d(187) d(235) r(161,413)
16; 47; a(187,188) r(157,182) a(373,172) a(145,406) r(212,193) r(127,281) a(159,286) a(436,376) d(274)
17; 26; r(148,183) d(391) r(257,385) a(224,173) r(334,231) d(326) a(384,429) a(297,247) d(377) a(201,148) a(429,192) r(434,275) r(470,289)
18; 7; d(355) d(246) a(160,227) d(287) d(246) a(224,173) r(465,406) d(437) a(213,136) d(128) r(301,230) a(393,376)
19; 40; a(404,385) r(331,455) r(182,185) a(21,14) r(214,2)
20; 50, 0; d(444) a(338,390) d(246) d(370) d(220) a(397,403) r(180,187)
21; 50, 0; r(214,212) r(340,324) a(436,273) d(212)
22; 50; d(444) a(338,390) r(340,324) a(436,273) d(212)
23; 0; r(214,212) d(246) d(370) d(220) a(397,403) r(180,187)
24; 54, 21; d(444) d(139) r(353,256) r(149,289)
25; 54, 21; a(187,188) r(157,182) r(173,2) r(430,447) a(337,332) d(127) d(392) a(3,202) a(405,294) r(409,462)
26; 54; d(444) d(139) a(337,332) d(127) d(392) a(3,202) a(405,294) r(409,462)
27; 21; a(187,188) r(157,182) r(173,2) r(430,447) r(353,256) r(149,289)
28; 6, 50; d(355) d(246) a(160,227) d(468) d(437) a(213,136) d(242) a(19,41)
29; 6, 50; d(444) a(338,390) r(340,324) a(436,273) d(212) a(157,185)
30; 6; d(355) d(246) a(160,227) d(468) d(437) a(213,136) d(242) a(19,41) a(157,185)
31; 50; d(444) a(338,390) r(340,324) a(436,273) d(212)
32; 49, 12; a(187,188) r(157,182) a(292,113) r(367,178) a(145,406) a(384,429) a(297,247) d(377) a(201,148) d(418) r(286,235) d(139)
33; 49, 12; a(187,188) r(157,182) a(373,172) d(418) r(473,452) r(167,385) a(210,385) d(449) r(394,382)
34; 49; a(187,188) r(157,182) a(292,113) r(367,178) d(418) r(473,452) r(167,385) a(210,385) d(449) r(394,382)
35; 12; a(187,188) r(157,182) a(373,172) a(145,406) a(384,429) a(297,247) d(377) a(201,148) d(418) r(286,235) d(139)
36; 20; d(444) a(384,429) a(297,247) d(377) a(368,448) d(129) a(210,174) d(146)
37; 6; d(355) d(246) a(160,227) d(468) d(437) a(213,136) d(242) a(19,41) a(157,185)
38; 9; a(187,188) r(157,182) a(292,113) r(367,178) d(418) r(473,452) r(167,385) a(210,385) a(423,185) r(227,425)
39; 12; a(187,188) r(157,182) a(373,172) a(145,406) a(384,429) a(297,247) d(377) a(201,148) d(418) r(286,235) d(139)
40; 5; d(355) d(246) a(160,227) d(287) d(246) a(224,173) r(465,406) d(437) a(213,136) d(128) r(301,230) d(242) a(19,41) r(131,124)
41; 51; d(355) d(246) a(160,227) d(468) r(418,19) d(207) d(382)
42; 44; d(359) a(276,22) d(247) d(177) d(390) d(475) d(180) a(373,120)
43; 11; d(355) d(246) a(160,227) d(468) r(427,20) d(135)
44; 9; a(187,188) r(157,182) a(292,113) r(367,178) d(418) r(473,452) r(167,385) a(210,385) a(423,185) r(227,425)
45; 36; d(359) a(210,188) r(145,390) a(393,436) d(189) r(430,154) r(182,185) a(21,14) r(2,54) d(374)
46; 52; d(444) a(338,390) r(340,324) d(167)
47; 20; d(444) a(384,429) a(297,247) d(377) a(368,448) d(129) a(210,174) d(146)
48; 45; d(127) r(367,178) r(430,154) r(112,415) d(377) d(286) d(424)
49; 2; r(214,212) d(246) d(370) d(220) a(397,403) a(465,470) r(136,447) a(393,445)
50; 48, 13; d(444) r(212,193) r(127,281) a(159,286) d(255) d(400) d(468) r(427,20) a(213,205) d(303) d(392)
51; 48, 13; d(355) d(246) a(160,227)
52; 48; d(444) r(212,193) r(127,281) a(159,286) d(255) d(400)
53; 13; d(355) d(246) a(160,227) d(468) r(427,20) a(213,205) d(303) d(392)
54; 35, 5; d(355) d(246) a(160,227) d(468) a(181,475) r(301,230) d(242) a(19,41) r(131,124)
55; 35, 5; d(355) d(246) a(160,227) d(287) d(246) a(224,173) r(465,406) d(437) a(213,136) d(128) a(138,109) d(468) a(425,388) r(362,331) d(13)
56; 35; d(355) d(246) a(160,227) d(468) a(181,475) a(138,109) d(468) a(425,388) r(362,331) d(13)
57; 5; d(355) d(246) a(160,227) d(287) d(246) a(224,173) r(465,406) d(437) a(213,136) d(128) r(301,230) d(242) a(19,41) r(131,124)
--------------------------------------------------------------------------------
Mutation

0; d(355) d(246) a(160,227) d(468) r(427,20) a(213,205) d(303) d(392) r(414,294)
1; d(127) a(236,292) d(287) d(200) d(323) r(362,241) r(458,475)
2; d(359) a(276,22) r(166,390) a(159,286) d(255) d(400) a(454,461)
3; d(444) r(212,193) r(127,281) r(22,357)
4; d(359) a(276,22) r(166,390) a(238,277)
5; d(444) r(212,193) r(127,281) a(159,286) d(255) d(400) d(468)
6; a(187,188) d(212) a(394,377) a(465,470) a(423,185) r(217,441) d(188)
7; a(187,188) r(157,182) a(292,113) r(367,178) d(418) r(473,452) r(167,385) a(210,385) r(136,447) d(183) a(213,289)
8; a(187,188) d(212) a(394,377) a(465,470) r(136,447) d(183) r(460,349)
9; a(187,188) r(157,182) a(292,113) r(367,178) d(418) r(473,452) r(167,385) a(210,385) a(423,185) r(217,441) r(25,385)
10; a(187,188) a(159,286) a(436,376) d(274) a(228,154)
11; a(187,188) r(157,182) a(373,172) a(145,406) r(212,193) r(127,281) r(157,182) a(292,113) r(367,178) d(418) r(473,452) r(167,385) a(210,385) a(423,185) a(210,183) d(246)
12; a(187,188) r(157,182) a(292,113) r(367,178) d(418) r(473,452) r(167,385) a(210,385) a(423,185) a(210,183) a(403,37)
13; a(187,188) r(157,182) a(373,172) a(145,406) r(212,193) r(127,281) a(159,286) a(436,376) d(274) a(391,21)
14; d(359) a(276,22) d(247) a(284,298) d(146) a(197,150) d(274) a(206,166)
15; r(228,467) d(245) a(181,475) a(138,109) d(468) d(341) d(213) d(187) d(235) r(161,413) a(237,333)
16; a(187,188) r(157,182) a(373,172) a(145,406) r(212,193) r(127,281) a(159,286) a(436,376) d(274) r(130,29)
17; r(148,183) d(391) r(257,385) a(224,173) r(334,231) d(326) a(384,429) a(297,247) d(377) a(201,148) a(429,192) r(434,275) r(470,289) a(213,205)
18; d(355) d(246) a(160,227) d(287) d(246) a(224,173) r(465,406) d(437) a(213,136) d(128) r(301,230) a(393,376) d(249)
19; a(404,385) r(331,455) r(182,185) a(21,14) r(214,2) a(398,276)
20; d(444) a(338,390) d(246) d(370) d(220) a(397,403) r(180,187) r(214,233)
21; r(214,212) r(340,324) a(436,273) d(212) d(215)
22; d(444) a(338,390) r(340,324) a(436,273) d(212) a(421,434)
23; r(214,212) d(246) d(370) d(220) a(397,403) r(180,187) r(137,434)
24; d(444) d(139) r(353,256) r(149,289) d(358)
25; a(187,188) r(157,182) r(173,2) r(430,447) a(337,332) d(127) d(392) a(3,202) a(405,294) r(409,462) r(210,374)
26; d(444) d(139) a(337,332) d(127) d(392) a(3,202) a(405,294) r(409,462) d(149)
27; a(187,188) r(157,182) r(173,2) r(430,447) r(353,256) r(149,289) d(118)
28; d(355) d(246) a(160,227) d(468) d(437) a(213,136) d(242) a(19,41) d(403)
29; d(444) a(338,390) r(340,324) a(436,273) d(212) a(157,185) r(324,154)
30; d(355) d(246) a(160,227) d(468) d(437) a(213,136) d(242) a(19,41) a(157,185) a(112,341)
31; d(444) a(338,390) r(340,324) a(436,273) d(212) r(378,120)
32; a(187,188) r(157,182) a(292,113) r(367,178) a(145,406) a(384,429) a(297,247) d(377) a(201,148) d(418) r(286,235) d(139) r(392,427)
33; a(187,188) r(157,182) a(373,172) d(418) r(473,452) r(167,385) a(210,385) d(449) r(394,382) a(393,162)
34; a(187,188) r(157,182) a(292,113) r(367,178) d(418) r(473,452) r(167,385) a(210,385) d(449) r(394,382) a(469,29)
35; a(187,188) r(157,182) a(373,172) a(145,406) a(384,429) a(297,247) d(377) a(201,148) d(418) r(286,235) d(139) d(2)
36; d(444) a(384,429) a(297,247) d(377) a(368,448) d(129) a(210,174) d(146) r(289,384)
37; d(355) d(246) a(160,227) d(468) d(437) a(213,136) d(242) a(19,41) a(157,185) d(384)
38; a(187,188) r(157,182) a(292,113) r(367,178) d(418) r(473,452) r(167,385) a(210,385) a(423,185) r(227,425) r(219,350)
39; a(187,188) r(157,182) a(373,172) a(145,406) a(384,429) a(297,247) d(377) a(201,148) d(418) r(286,235) d(139) a(457,469)
40; d(355) d(246) a(160,227) d(287) d(246) a(224,173) r(465,406) d(437) a(213,136) d(128) r(301,230) d(242) a(19,41) r(131,124) r(447,467)
41; d(355) d(246) a(160,227) d(468) r(418,19) d(207) d(382) d(292)
42; d(359) a(276,22) d(247) d(177) d(390) d(475) d(180) a(373,120) d(166)
43; d(355) d(246) a(160,227) d(468) r(427,20) d(135) d(15)
44; a(187,188) r(157,182) a(292,113) r(367,178) d(418) r(473,452) r(167,385) a(210,385) a(423,185) r(227,425) a(200,154)
45; d(359) a(210,188) r(145,390) a(393,436) d(189) r(430,154) r(182,185) a(21,14) r(2,54) d(374) a(25,20)
46; d(444) a(338,390) r(340,324) d(167) r(299,355)
47; d(444) a(384,429) a(297,247) d(377) a(368,448) d(129) a(210,174) d(146) a(440,349)
48; d(127) r(367,178) r(430,154) r(112,415) d(377) d(286) d(424) a(13,178)
49; r(214,212) d(246) d(370) d(220) a(397,403) a(465,470) r(136,447) a(393,445) a(198,193)
50; d(444) r(212,193) r(127,281) a(159,286) d(255) d(400) d(468) r(427,20) a(213,205) d(303) d(392) a(152,194)
51; d(355) d(246) a(160,227) a(231,226)
52; d(444) r(212,193) r(127,281) a(159,286) d(255) d(400) r(393,396)
53; d(355) d(246) a(160,227) d(468) r(427,20) a(213,205) d(303) d(392) a(380,414)
54; d(355) d(246) a(160,227) d(468) a(181,475) r(301,230) d(242) a(19,41) r(131,124) a(111,115)
55; d(355) d(246) a(160,227) d(287) d(246) a(224,173) r(465,406) d(437) a(213,136) d(128) a(138,109) d(468) a(425,388) r(362,331) d(13) r(429,173)
56; d(355) d(246) a(160,227) d(468) a(181,475) a(138,109) d(468) a(425,388) r(362,331) d(13) a(279,445)
57; d(355) d(246) a(160,227) d(287) d(246) a(224,173) r(465,406) d(437) a(213,136) d(128) r(301,230) d(242) a(19,41) r(131,124) r(217,358)
--------------------------------------------------------------------------------
Evaluation

0; 0.
1; 0.
2; 0.
3; 0.
4; 0.
5; 0.
6; 0.
7; 0.
8; 0.
9; 0.
10; 0.
11; 0.
12; 0.
13; 0.
14; 0.
15; 0.
16; 0.
17; 0.
18; 0.
19; 0.
20; 0.
21; 0.
22; 0.
23; 0.
24; 0.
25; 0.
26; 0.
27; 0.
28; 0.
29; 0.
30; 0.
31; 0.
32; 0.
33; 0.
34; 0.
35; 0.
36; 0.
37; 0.
38; 0.
39; 0.
40; 0.
41; 0.
42; 0.
43; 0.
44; 0.
45; 0.
46; 0.
47; 0.
48; 0.
49; 0.
50; 0.
51; 0.
52; 0.
53; 0.
54; 0.
55; 0.
56; 0.
57; 0.
================================================================================
Generation 9

--------------------------------------------------------------------------------
Selection

0; 17
1; 27
2; 52
3; 44
4; 38
5; 4
6; 24
7; 7
8; 42
9; 12
10; 51
11; 17
12; 28
13; 49
14; 54
15; 28
16; 35
17; 9
18; 56
19; 49
20; 4
21; 55
22; 28
23; 0
24; 50
25; 2
26; 12
27; 7
28; 15
29; 9
30; 28
31; 31
32; 49
33; 35
34; 16
35; 32
36; 54
37; 47
38; 35
39; 37
--------------------------------------------------------------------------------
Crossover

0; 35, 31; a(187,188) r(157,182) a(373,172) r(378,120)
1; 35, 31; d(444) a(338,390) r(340,324) a(436,273) d(212) a(145,406) a(384,429) a(297,247) d(377) a(201,148) d(418) r(286,235) d(139) d(2)
2; 35; a(187,188) r(157,182) a(373,172) a(145,406) a(384,429) a(297,247) d(377) a(201,148) d(418) r(286,235) d(139) d(2)
3; 31; d(444) a(338,390) r(340,324) a(436,273) d(212) r(378,120)
4; 56; d(355) d(246) a(160,227) d(468) a(181,475) a(138,109) d(468) a(425,388) r(362,331) d(13) a(279,445)
5; 35; a(187,188) r(157,182) a(373,172) a(145,406) a(384,429) a(297,247) d(377) a(201,148) d(418) r(286,235) d(139) d(2)
6; 9; a(187,188) r(157,182) a(292,113) r(367,178) d(418) r(473,452) r(167,385) a(210,385) a(423,185) r(217,441) r(25,385)
7; 2; d(359) a(276,22) r(166,390) a(159,286) d(255) d(400) a(454,461)
8; 28; d(355) d(246) a(160,227) d(468) d(437) a(213,136) d(242) a(19,41) d(403)
9; 52; d(444) r(212,193) r(127,281) a(159,286) d(255) d(400) r(393,396)
10; 44; a(187,188) r(157,182) a(292,113) r(367,178) d(418) r(473,452) r(167,385) a(210,385) a(423,185) r(227,425) a(200,154)
11; 7; a(187,188) r(157,182) a(292,113) r(367,178) d(418) r(473,452) r(167,385) a(210,385) r(136,447) d(183) a(213,289)
12; 38, 12; a(187,188) r(157,182) a(292,113) r(367,178) d(418) r(473,452) r(167,385) a(210,385) a(423,185) r(227,425) r(219,350) a(292,113) r(367,178) d(418) r(473,452) r(167,385) a(210,385) a(423,185) a(210,183) a(403,37)
13; 38, 12; a(187,188) r(157,182)
14; 38; a(187,188) r(157,182) a(292,113) r(367,178) d(418) r(473,452) r(167,385) a(210,385) a(423,185) r(227,425) r(219,350)
15; 12; a(187,188) r(157,182) a(292,113) r(367,178) d(418) r(473,452) r(167,385) a(210,385) a(423,185) a(210,183) a(403,37)
16; 28, 7; d(355) d(246) a(160,227) d(468) r(136,447) d(183) a(213,289)
17; 28, 7; a(187,188) r(157,182) a(292,113) r(367,178) d(418) r(473,452) r(167,385) a(210,385) d(437) a(213,136) d(242) a(19,41) d(403)
18; 28; d(355) d(246) a(160,227) d(468) d(437) a(213,136) d(242) a(19,41) d(403)
19; 7; a(187,188) r(157,182) a(292,113) r(367,178) d(418) r(473,452) r(167,385) a(210,385) r(136,447) d(183) a(213,289)
20; 54, 49; d(355) d(246)
21; 54, 49; r(214,212) d(246) d(370) d(220) a(397,403) a(465,470) r(136,447) a(393,445) a(198,193) a(160,227) d(468) a(181,475) r(301,230) d(242) a(19,41) r(131,124) a(111,115)
22; 54; d(355) d(246) a(160,227) d(468) a(181,475) r(301,230) d(242) a(19,41) r(131,124) a(111,115)
23; 49; r(214,212) d(246) d(370) d(220) a(397,403) a(465,470) r(136,447) a(393,445) a(198,193)
24; 17; r(148,183) d(391) r(257,385) a(224,173) r(334,231) d(326) a(384,429) a(297,247) d(377) a(201,148) a(429,192) r(434,275) r(470,289) a(213,205)
25; 47; d(444) a(384,429) a(297,247) d(377) a(368,448) d(129) a(210,174) d(146) a(440,349)
26; 35; a(187,188) r(157,182) a(373,172) a(145,406) a(384,429) a(297,247) d(377) a(201,148) d(418) r(286,235) d(139) d(2)
27; 51; d(355) d(246) a(160,227) a(231,226)
28; 0, 32; d(355) d(246) a(160,227) d(468) r(427,20) a(213,205) d(303) d(392) r(414,294) d(377) a(201,148) d(418) r(286,235) d(139) r(392,427)
29; 0, 32; a(187,188) r(157,182) a(292,113) r(367,178) a(145,406) a(384,429) a(297,247)
30; 0; d(355) d(246) a(160,227) d(468) r(427,20) a(213,205) d(303) d(392) r(414,294)
31; 32; a(187,188) r(157,182) a(292,113) r(367,178) a(145,406) a(384,429) a(297,247) d(377) a(201,148) d(418) r(286,235) d(139) r(392,427)
32; 42, 37; d(359) a(276,22) d(247) d(177) d(437) a(213,136) d(242) a(19,41) a(157,185) d(384)
33; 42, 37; d(355) d(246) a(160,227) d(468) d(390) d(475) d(180) a(373,120) d(166)
34; 42; d(359) a(276,22) d(247) d(177) d(390) d(475) d(180) a(373,120) d(166)
35; 37; d(355) d(246) a(160,227) d(468) d(437) a(213,136) d(242) a(19,41) a(157,185) d(384)
36; 49, 27; r(214,212) d(246) d(370) d(118)
37; 49, 27; a(187,188) r(157,182) r(173,2) r(430,447) r(353,256) r(149,289) d(220) a(397,403) a(465,470) r(136,447) a(393,445) a(198,193)
38; 49; r(214,212) d(246) d(370) d(220) a(397,403) a(465,470) r(136,447) a(393,445) a(198,193)
39; 27; a(187,188) r(157,182) r(173,2) r(430,447) r(353,256) r(149,289) d(118)
40; 24, 55; d(444) d(139) d(468) a(425,388) r(362,331) d(13) r(429,173)
41; 24, 55; d(355) d(246) a(160,227) d(287) d(246) a(224,173) r(465,406) d(437) a(213,136) d(128) a(138,109) r(353,256) r(149,289) d(358)
42; 24; d(444) d(139) r(353,256) r(149,289) d(358)
43; 55; d(355) d(246) a(160,227) d(287) d(246) a(224,173) r(465,406) d(437) a(213,136) d(128) a(138,109) d(468) a(425,388) r(362,331) d(13) r(429,173)
44; 15; r(228,467) d(245) a(181,475) a(138,109) d(468) d(341) d(213) d(187) d(235) r(161,413) a(237,333)
45; 28; d(355) d(246) a(160,227) d(468) d(437) a(213,136) d(242) a(19,41) d(403)
46; 49; r(214,212) d(246) d(370) d(220) a(397,403) a(465,470) r(136,447) a(393,445) a(198,193)
47; 4; d(359) a(276,22) r(166,390) a(238,277)
48; 4; d(359) a(276,22) r(166,390) a(238,277)
49; 9; a(187,188) r(157,182) a(292,113) r(367,178) d(418) r(473,452) r(167,385) a(210,385) a(423,185) r(217,441) r(25,385)
50; 28; d(355) d(246) a(160,227) d(468) d(437) a(213,136) d(242) a(19,41) d(403)
51; 17; r(148,183) d(391) r(257,385) a(224,173) r(334,231) d(326) a(384,429) a(297,247) d(377) a(201,148) a(429,192) r(434,275) r(470,289) a(213,205)
52; 50, 12; d(444) r(212,193) a(210,183) a(403,37)
53; 50, 12; a(187,188) r(157,182) a(292,113) r(367,178) d(418) r(473,452) r(167,385) a(210,385) a(423,185) r(127,281) a(159,286) d(255) d(400) d(468) r(427,20) a(213,205) d(303) d(392) a(152,194)
54; 50; d(444) r(212,193) r(127,281) a(159,286) d(255) d(400) d(468) r(427,20) a(213,205) d(303) d(392) a(152,194)
55; 12; a(187,188) r(157,182) a(292,113) r(367,178) d(418) r(473,452) r(167,385) a(210,385) a(423,185) a(210,183) a(403,37)
56; 16; a(187,188) r(157,182) a(373,172) a(145,406) r(212,193) r(127,281) a(159,286) a(436,376) d(274) r(130,29)
57; 54; d(355) d(246) a(160,227) d(468) a(181,475) r(301,230) d(242) a(19,41) r(131,124) a(111,115)
--------------------------------------------------------------------------------
Mutation

0; a(187,188) r(157,182) a(373,172) r(378,120) a(110,134)
1; d(444) a(338,390) r(340,324) a(436,273) d(212) a(145,406) a(384,429) a(297,247) d(377) a(201,148) d(418) r(286,235) d(139) d(2) r(14,233)
2; a(187,188) r(157,182) a(373,172) a(145,406) a(384,429) a(297,247) d(377) a(201,148) d(418) r(286,235) d(139) d(2) a(373,446)
3; d(444) a(338,390) r(340,324) a(436,273) d(212) r(378,120) r(131,221)
4; d(355) d(246) a(160,227) d(468) a(181,475) a(138,109) d(468) a(425,388) r(362,331) d(13) a(279,445) a(149,475)
5; a(187,188) r(157,182) a(373,172) a(145,406) a(384,429) a(297,247) d(377) a(201,148) d(418) r(286,235) d(139) d(2) d(256)
6; a(187,188) r(157,182) a(292,113) r(367,178) d(418) r(473,452) r(167,385) a(210,385) a(423,185) r(217,441) r(25,385) r(212,21)
7; d(359) a(276,22) r(166,390) a(159,286) d(255) d(400) a(454,461) d(431)
8; d(355) d(246) a(160,227) d(468) d(437) a(213,136) d(242) a(19,41) d(403) d(215)
9; d(444) r(212,193) r(127,281) a(159,286) d(255) d(400) r(393,396) r(340,333)
10; a(187,188) r(157,182) a(292,113) r(367,178) d(418) r(473,452) r(167,385) a(210,385) a(423,185) r(227,425) a(200,154) r(423,387)
11; a(187,188) r(157,182) a(292,113) r(367,178) d(418) r(473,452) r(167,385) a(210,385) r(136,447) d(183) a(213,289) a(326,362)
12; a(187,188) r(157,182) a(292,113) r(367,178) d(418) r(473,452) r(167,385) a(210,385) a(423,185) r(227,425) r(219,350) a(292,113) r(367,178) d(418) r(473,452) r(167,385) a(210,385) a(423,185) a(210,183) a(403,37) r(123,31)
13; a(187,188) r(157,182) a(423,432)
14; a(187,188) r(157,182) a(292,113) r(367,178) d(418) r(473,452) r(167,385) a(210,385) a(423,185) r(227,425) r(219,350) a(206,165)
15; a(187,188) r(157,182) a(292,113) r(367,178) d(418) r(473,452) r(167,385) a(210,385) a(423,185) a(210,183) a(403,37) r(437,294)
16; d(355) d(246) a(160,227) d(468) r(136,447) d(183) a(213,289) r(219,455)
17; a(187,188) r(157,182) a(292,113) r(367,178) d(418) r(473,452) r(167,385) a(210,385) d(437) a(213,136) d(242) a(19,41) d(403) d(219)
18; d(355) d(246) a(160,227) d(468) d(437) a(213,136) d(242) a(19,41) d(403) a(323,275)
19; a(187,188) r(157,182) a(292,113) r(367,178) d(418) r(473,452) r(167,385) a(210,385) r(136,447) d(183) a(213,289) d(229)
20; d(355) d(246) a(113,381)
21; r(214,212) d(246) d(370) d(220) a(397,403) a(465,470) r(136,447) a(393,445) a(198,193) a(160,227) d(468) a(181,475) r(301,230) d(242) a(19,41) r(131,124) a(111,115) r(343,439)
22; d(355) d(246) a(160,227) d(468) a(181,475) r(301,230) d(242) a(19,41) r(131,124) a(111,115) d(218)
23; r(214,212) d(246) d(370) d(220) a(397,403) a(465,470) r(136,447) a(393,445) a(198,193) a(232,246)
24; r(148,183) d(391) r(257,385) a(224,173) r(334,231) d(326) a(384,429) a(297,247) d(377) a(201,148) a(429,192) r(434,275) r(470,289) a(213,205) d(344)
25; d(444) a(384,429) a(297,247) d(377) a(368,448) d(129) a(210,174) d(146) a(440,349) d(143)
26; a(187,188) r(157,182) a(373,172) a(145,406) a(384,429) a(297,247) d(377) a(201,148) d(418) r(286,235) d(139) d(2) r(238,52)
27; d(355) d(246) a(160,227) a(231,226) r(249,178)
28; d(355) d(246) a(160,227) d(468) r(427,20) a(213,205) d(303) d(392) r(414,294) d(377) a(201,148) d(418) r(286,235) d(139) r(392,427) a(338,286)
29; a(187,188) r(157,182) a(292,113) r(367,178) a(145,406) a(384,429) a(297,247) a(110,20)
30; d(355) d(246) a(160,227) d(468) r(427,20) a(213,205) d(303) d(392) r(414,294) d(390)
31; a(187,188) r(157,182) a(292,113) r(367,178) a(145,406) a(384,429) a(297,247) d(377) a(201,148) d(418) r(286,235) d(139) r(392,427) a(124,162)
32; d(359) a(276,22) d(247) d(177) d(437) a(213,136) d(242) a(19,41) a(157,185) d(384) r(150,29)
33; d(355) d(246) a(160,227) d(468) d(390) d(475) d(180) a(373,120) d(166) d(159)
34; d(359) a(276,22) d(247) d(177) d(390) d(475) d(180) a(373,120) d(166) r(132,393)
35; d(355) d(246) a(160,227) d(468) d(437) a(213,136) d(242) a(19,41) a(157,185) d(384) r(184,165)
36; r(214,212) d(246) d(370) d(118) r(411,446)
37; a(187,188) r(157,182) r(173,2) r(430,447) r(353,256) r(149,289) d(220) a(397,403) a(465,470) r(136,447) a(393,445) a(198,193) d(397)
38; r(214,212) d(246) d(370) d(220) a(397,403) a(465,470) r(136,447) a(393,445) a(198,193) a(339,240)
39; a(187,188) r(157,182) r(173,2) r(430,447) r(353,256) r(149,289) d(118) d(110)
40; d(444) d(139) d(468) a(425,388) r(362,331) d(13) r(429,173) r(157,207)
41; d(355) d(246) a(160,227) d(287) d(246) a(224,173) r(465,406) d(437) a(213,136) d(128) a(138,109) r(353,256) r(149,289) d(358) r(405,444)
42; d(444) d(139) r(353,256) r(149,289) d(358) d(379)
43; d(355) d(246) a(160,227) d(287) d(246) a(224,173) r(465,406) d(437) a(213,136) d(128) a(138,109) d(468) a(425,388) r(362,331) d(13) r(429,173) r(443,221)
44; r(228,467) d(245) a(181,475) a(138,109) d(468) d(341) d(213) d(187) d(235) r(161,413) a(237,333) r(359,197)
45; d(355) d(246) a(160,227) d(468) d(437) a(213,136) d(242) a(19,41) d(403) a(458,233)
46; r(214,212) d(246) d(370) d(220) a(397,403) a(465,470) r(136,447) a(393,445) a(198,193) d(443)
47; d(359) a(276,22) r(166,390) a(238,277) d(24)
48; d(359) a(276,22) r(166,390) a(238,277) a(214,323)
49; a(187,188) r(157,182) a(292,113) r(367,178) d(418) r(473,452) r(167,385) a(210,385) a(423,185) r(217,441) r(25,385) d(289)
50; d(355) d(246) a(160,227) d(468) d(437) a(213,136) d(242) a(19,41) d(403) r(142,272)
51; r(148,183) d(391) r(257,385) a(224,173) r(334,231) d(326) a(384,429) a(297,247) d(377) a(201,148) a(429,192) r(434,275) r(470,289) a(213,205) a(180,272)
52; d(444) r(212,193) a(210,183) a(403,37) r(205,178)
53; a(187,188) r(157,182) a(292,113) r(367,178) d(418) r(473,452) r(167,385) a(210,385) a(423,185) r(127,281) a(159,286) d(255) d(400) d(468) r(427,20) a(213,205) d(303) d(392) a(152,194) d(176)
54; d(444) r(212,193) r(127,281) a(159,286) d(255) d(400) d(468) r(427,20) a(213,205) d(303) d(392) a(152,194) a(178,289)
55; a(187,188) r(157,182) a(292,113) r(367,178) d(418) r(473,452) r(167,385) a(210,385) a(423,185) a(210,183) a(403,37) d(447)
56; a(187,188) r(157,182) a(373,172) a(145,406) r(212,193) r(127,281) a(159,286) a(436,376) d(274) r(130,29) d(115)
57; d(355) d(246) a(160,227) d(468) a(181,475) r(301,230) d(242) a(19,41) r(131,124) a(111,115) r(391,411)
--------------------------------------------------------------------------------
Evaluation

0; 0.
1; 0.
2; 10.
3; 0.
4; 0.
5; 0.
6; 0.
7; 0.
8; 0.
9; 0.
10; 0.
11; 0.
12; 0.
13; 0.
14; 0.
15; 0.
16; 0.
17; 0.
18; 0.
19; 0.
20; 0.
21; 0.
22; 0.
23; 0.
24; 0.
25; 0.
26; 0.
27; 0.
28; 0.
29; 0.
30; 0.
31; 0.
32; 0.
33; 0.
34; 0.
35; 0.
36; 0.
37; 0.
38; 0.
39; 0.
40; 0.
41; 0.
42; 0.
43; 0.
44; 0.
45; 0.
46; 0.
47; 0.
48; 0.
49; 0.
50; 0.
51; 0.
52; 0.
53; 0.
54; 0.
55; 0.
56; 0.
57; 0.
================================================================================
Generation 10

--------------------------------------------------------------------------------
Selection

0; 33
1; 11
2; 48
3; 47
4; 39
5; 3
6; 26
7; 30
8; 40
9; 4
10; 11
11; 6
12; 1
13; 10
14; 17
15; 44
16; 0
17; 1
18; 49
19; 9
20; 41
21; 16
22; 8
23; 54
24; 6
25; 21
26; 51
27; 36
28; 14
29; 28
30; 45
31; 33
32; 43
33; 49
34; 22
35; 6
36; 14
37; 11
38; 5
39; 18
--------------------------------------------------------------------------------
Crossover

0; 33, 6; d(355) d(246) a(160,227) d(468) d(390) d(475) d(180) a(373,120) d(166) d(159) d(418) r(473,452) r(167,385) a(210,385) a(423,185) r(217,441) r(25,385) r(212,21)
1; 33, 6; a(187,188) r(157,182) a(292,113) r(367,178)
2; 33; d(355) d(246) a(160,227) d(468) d(390) d(475) d(180) a(373,120) d(166) d(159)
3; 6; a(187,188) r(157,182) a(292,113) r(367,178) d(418) r(473,452) r(167,385) a(210,385) a(423,185) r(217,441) r(25,385) r(212,21)
4; 47; d(359) a(276,22) r(166,390) a(238,277) d(24)
5; 49; a(187,188) r(157,182) a(292,113) r(367,178) d(418) r(473,452) r(167,385) a(210,385) a(423,185) r(217,441) r(25,385) d(289)
6; 3, 41; d(444)
7; 3, 41; d(355) d(246) a(160,227) d(287) d(246) a(224,173) r(465,406) d(437) a(213,136) d(128) a(138,109) r(353,256) r(149,289) d(358) r(405,444) a(338,390) r(340,324) a(436,273) d(212) r(378,120) r(131,221)
8; 3; d(444) a(338,390) r(340,324) a(436,273) d(212) r(378,120) r(131,221)
9; 41; d(355) d(246) a(160,227) d(287) d(246) a(224,173) r(465,406) d(437) a(213,136) d(128) a(138,109) r(353,256) r(149,289) d(358) r(405,444)
10; 45, 51; d(355) d(246) a(160,227) d(468) d(437) a(213,136) r(334,231) d(326) a(384,429) a(297,247) d(377) a(201,148) a(429,192) r(434,275) r(470,289) a(213,205) a(180,272)
11; 45, 51; r(148,183) d(391) r(257,385) a(224,173) d(242) a(19,41) d(403) a(458,233)
12; 45; d(355) d(246) a(160,227) d(468) d(437) a(213,136) d(242) a(19,41) d(403) a(458,233)
13; 51; r(148,183) d(391) r(257,385) a(224,173) r(334,231) d(326) a(384,429) a(297,247) d(377) a(201,148) a(429,192) r(434,275) r(470,289) a(213,205) a(180,272)
14; 30, 10; d(355) d(246) a(160,227) d(468) r(427,20) a(213,205) d(303) d(392) r(414,294) d(418) r(473,452) r(167,385) a(210,385) a(423,185) r(227,425) a(200,154) r(423,387)
15; 30, 10; a(187,188) r(157,182) a(292,113) r(367,178) d(390)
16; 30; d(355) d(246) a(160,227) d(468) r(427,20) a(213,205) d(303) d(392) r(414,294) d(390)
17; 10; a(187,188) r(157,182) a(292,113) r(367,178) d(418) r(473,452) r(167,385) a(210,385) a(423,185) r(227,425) a(200,154) r(423,387)
18; 43, 9; d(355) d(246) a(160,227) d(287) d(246) a(224,173) r(465,406) d(437) a(213,136) d(128) a(138,109) d(468) a(425,388) r(362,331) d(13) r(429,173) r(340,333)
19; 43, 9; d(444) r(212,193) r(127,281) a(159,286) d(255) d(400) r(393,396) r(443,221)
20; 43; d(355) d(246) a(160,227) d(287) d(246) a(224,173) r(465,406) d(437) a(213,136) d(128) a(138,109) d(468) a(425,388) r(362,331) d(13) r(429,173) r(443,221)
21; 9; d(444) r(212,193) r(127,281) a(159,286) d(255) d(400) r(393,396) r(340,333)
22; 49, 6; a(187,188) r(157,182) r(167,385) a(210,385) a(423,185) r(217,441) r(25,385) r(212,21)
23; 49, 6; a(187,188) r(157,182) a(292,113) r(367,178) d(418) r(473,452) a(292,113) r(367,178) d(418) r(473,452) r(167,385) a(210,385) a(423,185) r(217,441) r(25,385) d(289)
24; 49; a(187,188) r(157,182) a(292,113) r(367,178) d(418) r(473,452) r(167,385) a(210,385) a(423,185) r(217,441) r(25,385) d(289)
25; 6; a(187,188) r(157,182) a(292,113) r(367,178) d(418) r(473,452) r(167,385) a(210,385) a(423,185) r(217,441) r(25,385) r(212,21)
26; 11, 26; a(187,188) r(157,182) a(292,113) r(367,178) d(418) r(473,452) r(167,385) a(210,385) r(136,447) d(183) a(213,289) a(201,148) d(418) r(286,235) d(139) d(2) r(238,52)
27; 11, 26; a(187,188) r(157,182) a(373,172) a(145,406) a(384,429) a(297,247) d(377) a(326,362)
28; 11; a(187,188) r(157,182) a(292,113) r(367,178) d(418) r(473,452) r(167,385) a(210,385) r(136,447) d(183) a(213,289) a(326,362)
29; 26; a(187,188) r(157,182) a(373,172) a(145,406) a(384,429) a(297,247) d(377) a(201,148) d(418) r(286,235) d(139) d(2) r(238,52)
30; 16, 6; d(355) d(246) a(160,227) d(468) r(212,21)
31; 16, 6; a(187,188) r(157,182) a(292,113) r(367,178) d(418) r(473,452) r(167,385) a(210,385) a(423,185) r(217,441) r(25,385) r(136,447) d(183) a(213,289) r(219,455)
32; 16; d(355) d(246) a(160,227) d(468) r(136,447) d(183) a(213,289) r(219,455)
33; 6; a(187,188) r(157,182) a(292,113) r(367,178) d(418) r(473,452) r(167,385) a(210,385) a(423,185) r(217,441) r(25,385) r(212,21)
34; 44, 22; r(228,467) d(245) a(181,475) a(138,109) d(468) d(341) d(213) d(187) d(235) r(161,413)
35; 44, 22; d(355) d(246) a(160,227) d(468) a(181,475) r(301,230) d(242) a(19,41) r(131,124) a(111,115) d(218) a(237,333) r(359,197)
36; 44; r(228,467) d(245) a(181,475) a(138,109) d(468) d(341) d(213) d(187) d(235) r(161,413) a(237,333) r(359,197)
37; 22; d(355) d(246) a(160,227) d(468) a(181,475) r(301,230) d(242) a(19,41) r(131,124) a(111,115) d(218)
38; 36, 14; r(214,212) d(246)
39; 36, 14; a(187,188) r(157,182) a(292,113) r(367,178) d(418) r(473,452) r(167,385) a(210,385) a(423,185) r(227,425) r(219,350) a(206,165) d(370) d(118) r(411,446)
40; 36; r(214,212) d(246) d(370) d(118) r(411,446)
41; 14; a(187,188) r(157,182) a(292,113) r(367,178) d(418) r(473,452) r(167,385) a(210,385) a(423,185) r(227,425) r(219,350) a(206,165)
42; 39; a(187,188) r(157,182) r(173,2) r(430,447) r(353,256) r(149,289) d(118) d(110)
43; 8; d(355) d(246) a(160,227) d(468) d(437) a(213,136) d(242) a(19,41) d(403) d(215)
44; 18, 54; d(355) d(246) a(160,227) d(468) d(437) a(213,136) a(213,205) d(303) d(392) a(152,194) a(178,289)
45; 18, 54; d(444) r(212,193) r(127,281) a(159,286) d(255) d(400) d(468) r(427,20) d(242) a(19,41) d(403) a(323,275)
46; 18; d(355) d(246) a(160,227) d(468) d(437) a(213,136) d(242) a(19,41) d(403) a(323,275)
47; 54; d(444) r(212,193) r(127,281) a(159,286) d(255) d(400) d(468) r(427,20) a(213,205) d(303) d(392) a(152,194) a(178,289)
48; 11; a(187,188) r(157,182) a(292,113) r(367,178) d(418) r(473,452) r(167,385) a(210,385) r(136,447) d(183) a(213,289) a(326,362)
49; 11; a(187,188) r(157,182) a(292,113) r(367,178) d(418) r(473,452) r(167,385) a(210,385) r(136,447) d(183) a(213,289) a(326,362)
50; 14, 4; a(187,188) a(149,475)
51; 14, 4; d(355) d(246) a(160,227) d(468) a(181,475) a(138,109) d(468) a(425,388) r(362,331) d(13) a(279,445) r(157,182) a(292,113) r(367,178) d(418) r(473,452) r(167,385) a(210,385) a(423,185) r(227,425) r(219,350) a(206,165)
52; 14; a(187,188) r(157,182) a(292,113) r(367,178) d(418) r(473,452) r(167,385) a(210,385) a(423,185) r(227,425) r(219,350) a(206,165)
53; 4; d(355) d(246) a(160,227) d(468) a(181,475) a(138,109) d(468) a(425,388) r(362,331) d(13) a(279,445) a(149,475)
54; 1; d(444) a(338,390) r(340,324) a(436,273) d(212) a(145,406) a(384,429) a(297,247) d(377) a(201,148) d(418) r(286,235) d(139) d(2) r(14,233)
55; 40; d(444) d(139) d(468) a(425,388) r(362,331) d(13) r(429,173) r(157,207)
56; 28; d(355) d(246) a(160,227) d(468) r(427,20) a(213,205) d(303) d(392) r(414,294) d(377) a(201,148) d(418) r(286,235) d(139) r(392,427) a(338,286)
57; 33; d(355) d(246) a(160,227) d(468) d(390) d(475) d(180) a(373,120) d(166) d(159)
58; 17; a(187,188) r(157,182) a(292,113) r(367,178) d(418) r(473,452) r(167,385) a(210,385) d(437) a(213,136) d(242) a(19,41) d(403) d(219)
59; 48; d(359) a(276,22) r(166,390) a(238,277) a(214,323)
60; 21, 1; r(214,212) d(246) d(370) d(220) a(397,403) a(465,470) r(136,447) a(393,445) a(198,193) a(160,227) d(468) a(181,475) r(301,230) d(242) a(19,41) r(131,124) a(111,115) a(145,406) a(384,429) a(297,247) d(377) a(201,148) d(418) r(286,235) d(139) d(2) r(14,233)
61; 21, 1; d(444) a(338,390) r(340,324) a(436,273) d(212) r(343,439)
62; 21; r(214,212) d(246) d(370) d(220) a(397,403) a(465,470) r(136,447) a(393,445) a(198,193) a(160,227) d(468) a(181,475) r(301,230) d(242) a(19,41) r(131,124) a(111,115) r(343,439)
63; 1; d(444) a(338,390) r(340,324) a(436,273) d(212) a(145,406) a(384,429) a(297,247) d(377) a(201,148) d(418) r(286,235) d(139) d(2) r(14,233)
64; 0; a(187,188) r(157,182) a(373,172) r(378,120) a(110,134)
65; 5; a(187,188) r(157,182) a(373,172) a(145,406) a(384,429) a(297,247) d(377) a(201,148) d(418) r(286,235) d(139) d(2) d(256)
--------------------------------------------------------------------------------
Mutation

0; d(355) d(246) a(160,227) d(468) d(390) d(475) d(180) a(373,120) d(166) d(159) d(418) r(473,452) r(167,385) a(210,385) a(423,185) r(217,441) r(25,385) r(212,21) a(15,289)
1; a(187,188) r(157,182) a(292,113) r(367,178) a(224,471)
2; d(355) d(246) a(160,227) d(468) d(390) d(475) d(180) a(373,120) d(166) d(159) d(145)
3; a(187,188) r(157,182) a(292,113) r(367,178) d(418) r(473,452) r(167,385) a(210,385) a(423,185) r(217,441) r(25,385) r(212,21) d(115)
4; d(359) a(276,22) r(166,390) a(238,277) d(24) r(417,21)
5; a(187,188) r(157,182) a(292,113) r(367,178) d(418) r(473,452) r(167,385) a(210,385) a(423,185) r(217,441) r(25,385) d(289) r(392,221)
6; d(444) d(256)
7; d(355) d(246) a(160,227) d(287) d(246) a(224,173) r(465,406) d(437) a(213,136) d(128) a(138,109) r(353,256) r(149,289) d(358) r(405,444) a(338,390) r(340,324) a(436,273) d(212) r(378,120) r(131,221) d(215)
8; d(444) a(338,390) r(340,324) a(436,273) d(212) r(378,120) r(131,221) a(146,120)
9; d(355) d(246) a(160,227) d(287) d(246) a(224,173) r(465,406) d(437) a(213,136) d(128) a(138,109) r(353,256) r(149,289) d(358) r(405,444) r(188,195)
10; d(355) d(246) a(160,227) d(468) d(437) a(213,136) r(334,231) d(326) a(384,429) a(297,247) d(377) a(201,148) a(429,192) r(434,275) r(470,289) a(213,205) a(180,272) r(118,349)
11; r(148,183) d(391) r(257,385) a(224,173) d(242) a(19,41) d(403) a(458,233) d(253)
12; d(355) d(246) a(160,227) d(468) d(437) a(213,136) d(242) a(19,41) d(403) a(458,233) r(162,381)
13; r(148,183) d(391) r(257,385) a(224,173) r(334,231) d(326) a(384,429) a(297,247) d(377) a(201,148) a(429,192) r(434,275) r(470,289) a(213,205) a(180,272) r(251,357)
14; d(355) d(246) a(160,227) d(468) r(427,20) a(213,205) d(303) d(392) r(414,294) d(418) r(473,452) r(167,385) a(210,385) a(423,185) r(227,425) a(200,154) r(423,387) a(150,2)
15; a(187,188) r(157,182) a(292,113) r(367,178) d(390) r(247,343)
16; d(355) d(246) a(160,227) d(468) r(427,20) a(213,205) d(303) d(392) r(414,294) d(390) a(398,368)
17; a(187,188) r(157,182) a(292,113) r(367,178) d(418) r(473,452) r(167,385) a(210,385) a(423,185) r(227,425) a(200,154) r(423,387) d(208)
18; d(355) d(246) a(160,227) d(287) d(246) a(224,173) r(465,406) d(437) a(213,136) d(128) a(138,109) d(468) a(425,388) r(362,331) d(13) r(429,173) r(340,333) a(134,178)
19; d(444) r(212,193) r(127,281) a(159,286) d(255) d(400) r(393,396) r(443,221) d(468)
20; d(355) d(246) a(160,227) d(287) d(246) a(224,173) r(465,406) d(437) a(213,136) d(128) a(138,109) d(468) a(425,388) r(362,331) d(13) r(429,173) r(443,221) a(213,449)
21; d(444) r(212,193) r(127,281) a(159,286) d(255) d(400) r(393,396) r(340,333) a(210,199)
22; a(187,188) r(157,182) r(167,385) a(210,385) a(423,185) r(217,441) r(25,385) r(212,21) a(192,445)
23; a(187,188) r(157,182) a(292,113) r(367,178) d(418) r(473,452) a(292,113) r(367,178) d(418) r(473,452) r(167,385) a(210,385) a(423,185) r(217,441) r(25,385) d(289) a(378,428)
24; a(187,188) r(157,182) a(292,113) r(367,178) d(418) r(473,452) r(167,385) a(210,385) a(423,185) r(217,441) r(25,385) d(289) a(301,253)
25; a(187,188) r(157,182) a(292,113) r(367,178) d(418) r(473,452) r(167,385) a(210,385) a(423,185) r(217,441) r(25,385) r(212,21) r(380,210)
26; a(187,188) r(157,182) a(292,113) r(367,178) d(418) r(473,452) r(167,385) a(210,385) r(136,447) d(183) a(213,289) a(201,148) d(418) r(286,235) d(139) d(2) r(238,52) a(239,304)
27; a(187,188) r(157,182) a(373,172) a(145,406) a(384,429) a(297,247) d(377) a(326,362) d(254)
28; a(187,188) r(157,182) a(292,113) r(367,178) d(418) r(473,452) r(167,385) a(210,385) r(136,447) d(183) a(213,289) a(326,362) a(180,415)
29; a(187,188) r(157,182) a(373,172) a(145,406) a(384,429) a(297,247) d(377) a(201,148) d(418) r(286,235) d(139) d(2) r(238,52) r(137,357)
30; d(355) d(246) a(160,227) d(468) r(212,21) a(193,151)
31; a(187,188) r(157,182) a(292,113) r(367,178) d(418) r(473,452) r(167,385) a(210,385) a(423,185) r(217,441) r(25,385) r(136,447) d(183) a(213,289) r(219,455) r(396,368)
32; d(355) d(246) a(160,227) d(468) r(136,447) d(183) a(213,289) r(219,455) r(197,153)
33; a(187,188) r(157,182) a(292,113) r(367,178) d(418) r(473,452) r(167,385) a(210,385) a(423,185) r(217,441) r(25,385) r(212,21) r(184,425)
34; r(228,467) d(245) a(181,475) a(138,109) d(468) d(341) d(213) d(187) d(235) r(161,413) r(454,459)
35; d(355) d(246) a(160,227) d(468) a(181,475) r(301,230) d(242) a(19,41) r(131,124) a(111,115) d(218) a(237,333) r(359,197) d(429)
36; r(228,467) d(245) a(181,475) a(138,109) d(468) d(341) d(213) d(187) d(235) r(161,413) a(237,333) r(359,197) r(416,221)
37; d(355) d(246) a(160,227) d(468) a(181,475) r(301,230) d(242) a(19,41) r(131,124) a(111,115) d(218) d(368)
38; r(214,212) d(246) r(377,411)
39; a(187,188) r(157,182) a(292,113) r(367,178) d(418) r(473,452) r(167,385) a(210,385) a(423,185) r(227,425) r(219,350) a(206,165) d(370) d(118) r(411,446) r(258,439)
40; r(214,212) d(246) d(370) d(118) r(411,446) d(224)
41; a(187,188) r(157,182) a(292,113) r(367,178) d(418) r(473,452) r(167,385) a(210,385) a(423,185) r(227,425) r(219,350) a(206,165) r(378,367)
42; a(187,188) r(157,182) r(173,2) r(430,447) r(353,256) r(149,289) d(118) d(110) d(247)
43; d(355) d(246) a(160,227) d(468) d(437) a(213,136) d(242) a(19,41) d(403) d(215) r(286,154)
44; d(355) d(246) a(160,227) d(468) d(437) a(213,136) a(213,205) d(303) d(392) a(152,194) a(178,289) d(213)
45; d(444) r(212,193) r(127,281) a(159,286) d(255) d(400) d(468) r(427,20) d(242) a(19,41) d(403) a(323,275) a(213,208)
46; d(355) d(246) a(160,227) d(468) d(437) a(213,136) d(242) a(19,41) d(403) a(323,275) a(212,178)
47; d(444) r(212,193) r(127,281) a(159,286) d(255) d(400) d(468) r(427,20) a(213,205) d(303) d(392) a(152,194) a(178,289) d(401)
48; a(187,188) r(157,182) a(292,113) r(367,178) d(418) r(473,452) r(167,385) a(210,385) r(136,447) d(183) a(213,289) a(326,362) r(212,172)
49; a(187,188) r(157,182) a(292,113) r(367,178) d(418) r(473,452) r(167,385) a(210,385) r(136,447) d(183) a(213,289) a(326,362) d(350)
50; a(187,188) a(149,475) r(473,29)
51; d(355) d(246) a(160,227) d(468) a(181,475) a(138,109) d(468) a(425,388) r(362,331) d(13) a(279,445) r(157,182) a(292,113) r(367,178) d(418) r(473,452) r(167,385) a(210,385) a(423,185) r(227,425) r(219,350) a(206,165) a(215,45)
52; a(187,188) r(157,182) a(292,113) r(367,178) d(418) r(473,452) r(167,385) a(210,385) a(423,185) r(227,425) r(219,350) a(206,165) r(276,374)
53; d(355) d(246) a(160,227) d(468) a(181,475) a(138,109) d(468) a(425,388) r(362,331) d(13) a(279,445) a(149,475) a(359,280)
54; d(444) a(338,390) r(340,324) a(436,273) d(212) a(145,406) a(384,429) a(297,247) d(377) a(201,148) d(418) r(286,235) d(139) d(2) r(14,233) r(214,227)
55; d(444) d(139) d(468) a(425,388) r(362,331) d(13) r(429,173) r(157,207) d(415)
56; d(355) d(246) a(160,227) d(468) r(427,20) a(213,205) d(303) d(392) r(414,294) d(377) a(201,148) d(418) r(286,235) d(139) r(392,427) a(338,286) a(157,198)
57; d(355) d(246) a(160,227) d(468) d(390) d(475) d(180) a(373,120) d(166) d(159) a(465,384)
58; a(187,188) r(157,182) a(292,113) r(367,178) d(418) r(473,452) r(167,385) a(210,385) d(437) a(213,136) d(242) a(19,41) d(403) d(219) d(384)
59; d(359) a(276,22) r(166,390) a(238,277) a(214,323) r(411,13)
60; r(214,212) d(246) d(370) d(220) a(397,403) a(465,470) r(136,447) a(393,445) a(198,193) a(160,227) d(468) a(181,475) r(301,230) d(242) a(19,41) r(131,124) a(111,115) a(145,406) a(384,429) a(297,247) d(377) a(201,148) d(418) r(286,235) d(139) d(2) r(14,233) d(178)
61; d(444) a(338,390) r(340,324) a(436,273) d(212) r(343,439) r(355,31)
62; r(214,212) d(246) d(370) d(220) a(397,403) a(465,470) r(136,447) a(393,445) a(198,193) a(160,227) d(468) a(181,475) r(301,230) d(242) a(19,41) r(131,124) a(111,115) r(343,439) d(294)
63; d(444) a(338,390) r(340,324) a(436,273) d(212) a(145,406) a(384,429) a(297,247) d(377) a(201,148) d(418) r(286,235) d(139) d(2) r(14,233) d(143)
64; a(187,188) r(157,182) a(373,172) r(378,120) a(110,134) r(385,417)
65; a(187,188) r(157,182) a(373,172) a(145,406) a(384,429) a(297,247) d(377) a(201,148) d(418) r(286,235) d(139) d(2) d(256) a(171,28)
--------------------------------------------------------------------------------
Evaluation

0; 0.
1; 0.
2; 0.
3; 0.
4; 0.
5; 0.
6; 0.
7; 0.
8; 0.
9; 0.
10; 0.
11; 0.
12; 0.
13; 0.
14; 0.
15; 0.
16; 0.
17; 0.
18; 0.
19; 0.
20; 0.
21; 0.
22; 0.
23; 0.
24; 0.
25; 0.
26; 0.
27; 0.
28; 0.
29; 0.
30; 0.
31; 0.
32; 0.
33; 0.
34; 0.
35; 0.
36; 0.
37; 0.
38; 0.
39; 0.
40; 0.
41; 0.
42; 0.
43; 0.
44; 0.
45; 0.
46; 0.
47; 0.
48; 0.
49; 0.
50; 0.
51; 0.
52; 0.
53; 0.
54; 0.
55; 0.
56; 0.
57; 0.
58; 0.
59; 0.
60; 0.
61; 0.
62; 0.
63; 0.
64; 0.
65; 0.
