================================================================================
Enclosure

1: 0
2: 0
3: 0
4: 3
5: 4
6: 4
7: 4
8: 4
9: 3
10: 0
11: 0
12: 11
13: 11
14: 0
15: 0
16: 15
17: 15
18: 15
19: 15
20: 0
21: 0
22: 0
23: 0
24: 0
25: 0
26: 0
28: 26
29: 0
31: 29
32: 0
33: 0
34: 0
35: 0
37: 35
38: 0
39: 0
40: 39
41: 40
43: 39
45: 43
46: 39
47: 0
48: 0
50: 48
52: 50
53: 0
54: 0
56: 0
58: 56
59: 0
60: 0
61: 0
62: 0
64: 0
65: 0
67: 0
68: 0
69: 0
70: 0
71: 0
72: 71
73: 72
75: 71
76: 71
77: 71
78: 0
79: 78
80: 78
81: 78
82: 78
83: 82
84: 83
86: 82
87: 82
88: 82
89: 78
90: 0
91: 0
92: 0
93: 92
94: 93
95: 93
96: 92
97: 96
98: 96
99: 96
100: 92
101: 100
102: 100
103: 92
104: 92
105: 0
106: 105
107: 105
108: 0
109: 0
110: 0
111: 0
112: 111
113: 112
115: 111
116: 111
117: 0
118: 0
119: 118
120: 118
121: 0
122: 0
123: 0
124: 0
126: 0
127: 126
128: 126
129: 126
130: 126
131: 126
132: 126
133: 126
134: 0
135: 134
136: 134
137: 0
138: 137
139: 137
141: 0
142: 0
143: 0
145: 0
146: 0
147: 0
148: 0
149: 148
150: 149
151: 149
152: 149
153: 152
154: 153
156: 152
157: 152
158: 149
159: 149
160: 149
161: 160
162: 161
164: 160
165: 160
166: 148
167: 166
168: 167
170: 167
171: 166
172: 148
173: 148
174: 0
175: 0
176: 175
177: 175
178: 177
180: 175
181: 175
182: 181
183: 181
184: 181
185: 184
187: 181
188: 181
189: 181
190: 189
192: 189
193: 175
194: 193
195: 193
197: 193
198: 175
199: 0
200: 0
201: 200
202: 201
204: 200
205: 0
206: 205
207: 205
208: 207
210: 207
211: 205
212: 0
213: 0
214: 0
215: 0
216: 0
217: 0
218: 217
219: 217
220: 217
221: 220
223: 217
224: 217
225: 217
226: 225
227: 225
228: 0
229: 0
230: 0
231: 0
232: 231
233: 232
235: 231
236: 231
237: 231
238: 231
239: 231
240: 231
241: 231
242: 231
243: 231
244: 231
245: 231
246: 231
247: 231
248: 231
249: 231
250: 231
251: 231
252: 231
253: 0
254: 0
255: 0
256: 0
257: 0
258: 257
259: 258
260: 258
261: 258
262: 258
263: 262
264: 263
266: 262
268: 266
269: 262
270: 262
271: 262
272: 258
273: 257
274: 257
275: 257
276: 257
277: 0
278: 277
279: 278
280: 279
281: 280
284: 278
286: 277
287: 0
289: 287
290: 0
291: 0
292: 291
293: 292
294: 293
297: 291
298: 291
299: 291
300: 291
301: 291
303: 301
304: 291
305: 304
306: 304
307: 304
308: 304
309: 304
311: 309
312: 304
313: 304
314: 304
315: 304
316: 315
317: 316
319: 315
320: 315
321: 304
323: 304
324: 0
325: 0
326: 0
327: 0
328: 0
330: 328
331: 0
332: 0
333: 0
334: 0
335: 0
337: 335
338: 0
339: 0
340: 339
341: 340
343: 339
344: 339
346: 344
347: 346
349: 347
350: 346
351: 339
352: 351
353: 352
355: 353
356: 352
357: 352
358: 351
359: 339
360: 0
361: 360
362: 360
364: 0
365: 0
367: 0
368: 0
369: 0
370: 369
371: 369
372: 371
373: 371
374: 373
376: 0
377: 376
378: 377
379: 377
380: 379
381: 379
382: 377
384: 377
385: 376
386: 0
387: 386
388: 386
390: 386
391: 0
392: 391
393: 391
394: 0
396: 394
397: 396
398: 396
399: 398
400: 398
401: 396
402: 396
403: 396
404: 403
405: 404
406: 405
409: 403
410: 403
411: 396
412: 411
413: 411
414: 396
415: 396
416: 0
417: 0
418: 0
419: 418
420: 418
421: 0
422: 421
423: 421
424: 421
425: 424
427: 421
428: 0
429: 428
430: 428
431: 0
432: 431
433: 431
434: 431
435: 0
436: 0
437: 0
438: 0
439: 438
440: 438
441: 438
442: 0
443: 0
444: 443
445: 444
446: 444
447: 444
448: 443
449: 443
450: 0
451: 0
452: 0
453: 0
454: 453
455: 454
457: 453
458: 453
459: 453
460: 0
461: 460
462: 460
463: 0
464: 0
465: 0
466: 465
467: 465
468: 0
469: 0
470: 469
471: 469
472: 0
473: 0
474: 473
475: 473
477: 0
478: 0
479: 0
================================================================================
Initialisation

0; r(128,197); 5.
1; d(299); 0.
2; d(328); 5.
3; r(121,471); 0.
4; d(210); 5.
5; d(213); 5.
6; a(465,28); 5.
7; a(439,449); 5.
8; d(323); 5.
9; a(368,430); 0.
10; d(398); 5.
11; d(384); 5.
12; r(400,448); 0.
13; a(458,136); 5.
14; a(119,289); 5.
15; d(461); 5.
16; d(346); 5.
17; r(433,410); 4.
18; d(390); 5.
19; r(226,45); 0.
20; a(350,29); 0.
21; r(237,2); 0.
22; d(397); 5.
23; r(193,19); 0.
24; d(390); 5.
25; r(20,19); 5.
26; a(212,180); 5.
27; d(324); 0.
28; r(447,202); 5.
29; a(413,133); 5.
30; a(384,414); 0.
31; a(214,357); 5.
32; d(210); 5.
33; d(19); 5.
34; d(195); 0.
35; r(280,444); 5.
36; r(113,406); 5.
37; a(184,420); 5.
38; d(458); 0.
39; original; 5.
================================================================================
Generation 1

--------------------------------------------------------------------------------
Selection

0; 33
1; 22
2; 31
3; 32
4; 9
5; 21
6; 38
7; 8
8; 30
9; 16
10; 39
11; 9
12; 37
13; 38
14; 34
15; 21
16; 21
17; 11
18; 26
19; 9
20; 3
21; 26
22; 21
23; 19
24; 14
25; 38
26; 21
27; 34
28; 2
29; 18
30; 20
31; 18
32; 30
33; 20
34; 9
35; 38
36; 17
37; 6
38; 36
39; 20
--------------------------------------------------------------------------------
Crossover

0; 22; d(397)
1; 21; r(237,2)
2; 26, 9; a(212,180)
3; 26, 9; a(368,430)
4; 26; a(212,180)
5; 9; a(368,430)
6; 21, 20; r(237,2)
7; 21, 20; a(350,29)
8; 21; r(237,2)
9; 20; a(350,29)
10; 2; d(328)
11; 38; d(458)
12; 17, 9; r(433,410)
13; 17, 9; a(368,430)
14; 17; r(433,410)
15; 9; a(368,430)
16; 21, 36; r(237,2)
17; 21, 36; r(113,406)
18; 21; r(237,2)
19; 36; r(113,406)
20; 38; d(458)
21; 8; d(323)
22; 33; d(19)
23; 30; a(384,414)
24; 9, 11; a(368,430)
25; 9, 11; d(384)
26; 9; a(368,430)
27; 11; d(384)
28; 26; a(212,180)
29; 31; a(214,357)
30; 14, 6; a(119,289)
31; 14, 6; a(465,28)
32; 14; a(119,289)
33; 6; a(465,28)
34; 21, 9; r(237,2)
35; 21, 9; a(368,430)
36; 21; r(237,2)
37; 9; a(368,430)
38; 30, 38; a(384,414)
39; 30, 38; d(458)
40; 30; a(384,414)
41; 38; d(458)
42; 37, 19; a(184,420)
43; 37, 19; r(226,45)
44; 37; a(184,420)
45; 19; r(226,45)
46; 20, 34; a(350,29)
47; 20, 34; d(195)
48; 20; a(350,29)
49; 34; d(195)
50; 39; original
51; 34; d(195)
52; 18, 32; d(390)
53; 18, 32; d(210)
54; 18; d(390)
55; 32; d(210)
56; 3, 16; r(121,471)
57; 3, 16; d(346)
58; 3; r(121,471)
59; 16; d(346)
60; 38, 20; d(458)
61; 38, 20; a(350,29)
62; 38; d(458)
63; 20; a(350,29)
64; 18; d(390)
65; 21; r(237,2)
--------------------------------------------------------------------------------
Mutation

0; d(397) d(137)
1; r(237,2) r(417,471)
2; a(212,180) d(181)
3; a(368,430) a(392,172)
4; a(212,180) d(121)
5; a(368,430) r(334,347)
6; r(237,2) r(198,286)
7; a(350,29) a(122,119)
8; r(237,2) r(189,204)
9; a(350,29) d(135)
10; d(328) a(369,415)
11; d(458) d(428)
12; r(433,410) d(214)
13; a(368,430) r(210,145)
14; r(433,410) d(212)
15; a(368,430) a(280,28)
16; r(237,2) a(202,19)
17; r(113,406) r(299,327)
18; r(237,2) a(397,414)
19; r(113,406) r(254,286)
20; d(458) r(213,52)
21; d(323) d(162)
22; d(19) d(338)
23; a(384,414) a(13,281)
24; a(368,430) r(180,393)
25; d(384) d(173)
26; a(368,430) d(185)
27; d(384) r(323,139)
28; a(212,180) d(128)
29; a(214,357) r(214,357)
30; a(119,289) r(382,475)
31; a(465,28) d(214)
32; a(119,289) a(197,136)
33; a(465,28) a(160,227)
34; r(237,2) r(276,253)
35; a(368,430) r(441,272)
36; r(237,2) a(212,208)
37; a(368,430) a(213,286)
38; a(384,414) r(151,187)
39; d(458) r(457,465)
40; a(384,414) a(424,154)
41; d(458) d(236)
42; a(184,420) d(142)
43; r(226,45) r(250,475)
44; a(184,420) a(214,149)
45; r(226,45) a(423,355)
46; a(350,29) r(301,52)
47; d(195) r(358,22)
48; a(350,29) r(390,192)
49; d(195) d(343)
50; a(174,19)
51; d(195) a(466,468)
52; d(390) r(435,382)
53; d(210) d(463)
54; d(390) d(341)
55; d(210) a(369,178)
56; r(121,471) d(230)
57; d(346) r(228,215)
58; r(121,471) d(301)
59; d(346) r(371,381)
60; d(458) a(9,385)
61; a(350,29) a(175,425)
62; d(458) a(15,37)
63; a(350,29) a(415,358)
64; d(390) d(251)
65; r(237,2) d(25)
--------------------------------------------------------------------------------
Evaluation

0; 0.
1; 0.
2; 0.
3; 0.
4; 0.
5; 0.
6; 0.
7; 0.
8; 0.
9; 0.
10; 5.
11; 0.
12; 4.
13; 0.
14; 4.
15; 0.
16; 0.
17; 0.
18; 0.
19; 5.
20; 0.
21; 5.
22; 5.
23; 0.
24; 0.
25; 5.
26; 0.
27; 5.
28; 5.
29; 5.
30; 0.
31; 5.
32; 5.
33; 5.
34; 0.
35; 0.
36; 0.
37; 0.
38; 0.
39; 0.
40; 0.
41; 0.
42; 10.
43; 0.
44; 5.
45; 0.
46; 0.
47; 0.
48; 0.
49; 0.
50; 5.
51; 0.
52; 0.
53; 0.
54; 5.
55; 5.
56; 0.
57; 0.
58; 0.
59; 0.
60; 0.
61; 0.
62; 0.
63; 0.
64; 5.
65; 0.
================================================================================
Generation 2

--------------------------------------------------------------------------------
Selection

0; 39
1; 30
2; 40
3; 7
4; 6
5; 38
6; 51
7; 54
8; 61
9; 38
10; 26
11; 26
12; 62
13; 23
14; 4
15; 5
16; 7
17; 35
18; 39
19; 53
20; 18
21; 59
22; 55
23; 19
24; 47
25; 58
26; 26
27; 31
28; 59
29; 24
30; 49
31; 26
32; 2
33; 1
34; 2
35; 26
36; 3
37; 30
38; 1
39; 46
--------------------------------------------------------------------------------
Crossover

0; 26; a(368,430) d(185)
1; 53; d(210) d(463)
2; 24, 58; a(368,430) d(301)
3; 24, 58; r(121,471) r(180,393)
4; 24; a(368,430) r(180,393)
5; 58; r(121,471) d(301)
6; 26; a(368,430) d(185)
7; 19; r(113,406) r(254,286)
8; 26; a(368,430) d(185)
9; 59; d(346) r(371,381)
10; 39; d(458) r(457,465)
11; 30; a(119,289) r(382,475)
12; 18, 38; r(237,2) a(397,414) r(151,187)
13; 18, 38; a(384,414)
14; 18; r(237,2) a(397,414)
15; 38; a(384,414) r(151,187)
16; 2; a(212,180) d(181)
17; 4; a(212,180) d(121)
18; 61, 35; a(350,29) a(175,425)
19; 61, 35; a(368,430) r(441,272)
20; 61; a(350,29) a(175,425)
21; 35; a(368,430) r(441,272)
22; 7; a(350,29) a(122,119)
23; 55; d(210) a(369,178)
24; 31; a(465,28) d(214)
25; 7; a(350,29) a(122,119)
26; 26, 3; a(368,430)
27; 26, 3; a(368,430) a(392,172) d(185)
28; 26; a(368,430) d(185)
29; 3; a(368,430) a(392,172)
30; 1, 62; r(237,2)
31; 1, 62; d(458) a(15,37) r(417,471)
32; 1; r(237,2) r(417,471)
33; 62; d(458) a(15,37)
34; 46; a(350,29) r(301,52)
35; 30; a(119,289) r(382,475)
36; 40, 5; a(384,414) r(334,347)
37; 40, 5; a(368,430) a(424,154)
38; 40; a(384,414) a(424,154)
39; 5; a(368,430) r(334,347)
40; 6; r(237,2) r(198,286)
41; 47; d(195) r(358,22)
42; 2; a(212,180) d(181)
43; 54; d(390) d(341)
44; 49, 59; d(195)
45; 49, 59; d(346) r(371,381) d(343)
46; 49; d(195) d(343)
47; 59; d(346) r(371,381)
48; 26; a(368,430) d(185)
49; 38; a(384,414) r(151,187)
50; 39, 51; d(458)
51; 39, 51; d(195) a(466,468) r(457,465)
52; 39; d(458) r(457,465)
53; 51; d(195) a(466,468)
54; 23; a(384,414) a(13,281)
55; 1; r(237,2) r(417,471)
--------------------------------------------------------------------------------
Mutation

0; a(368,430) d(185) r(303,247)
1; d(210) d(463) r(257,298)
2; a(368,430) d(301) a(373,374)
3; r(121,471) r(180,393) r(275,254)
4; a(368,430) r(180,393) r(412,357)
5; r(121,471) d(301) r(390,350)
6; a(368,430) d(185) d(212)
7; r(113,406) r(254,286) a(235,374)
8; a(368,430) d(185) r(442,192)
9; d(346) r(371,381) r(183,201)
10; d(458) r(457,465) d(122)
11; a(119,289) r(382,475) a(123,420)
12; r(237,2) a(397,414) r(151,187) a(284,467)
13; a(384,414) d(214)
14; r(237,2) a(397,414) a(300,162)
15; a(384,414) r(151,187) r(341,303)
16; a(212,180) d(181) a(341,202)
17; a(212,180) d(121) d(450)
18; a(350,29) a(175,425) a(10,10)
19; a(368,430) r(441,272) a(202,156)
20; a(350,29) a(175,425) r(158,180)
21; a(368,430) r(441,272) a(444,9)
22; a(350,29) a(122,119) a(213,150)
23; d(210) a(369,178) a(239,239)
24; a(465,28) d(214) a(213,148)
25; a(350,29) a(122,119) r(210,175)
26; a(368,430) r(294,355)
27; a(368,430) a(392,172) d(185) a(401,423)
28; a(368,430) d(185) d(254)
29; a(368,430) a(392,172) r(396,390)
30; r(237,2) r(14,139)
31; d(458) a(15,37) r(417,471) a(200,187)
32; r(237,2) r(417,471) r(110,303)
33; d(458) a(15,37) d(15)
34; a(350,29) r(301,52) r(176,358)
35; a(119,289) r(382,475) r(423,424)
36; a(384,414) r(334,347) r(214,357)
37; a(368,430) a(424,154) a(3,228)
38; a(384,414) a(424,154) d(164)
39; a(368,430) r(334,347) r(210,136)
40; r(237,2) r(198,286) r(238,291)
41; d(195) r(358,22) r(161,349)
42; a(212,180) d(181) d(257)
43; d(390) d(341) a(459,21)
44; d(195) r(250,172)
45; d(346) r(371,381) d(343) d(210)
46; d(195) d(343) a(210,475)
47; d(346) r(371,381) r(212,227)
48; a(368,430) d(185) a(21,462)
49; a(384,414) r(151,187) r(386,387)
50; d(458) r(214,173)
51; d(195) a(466,468) r(457,465) a(153,9)
52; d(458) r(457,465) d(421)
53; d(195) a(466,468) r(448,22)
54; a(384,414) a(13,281) r(242,390)
55; r(237,2) r(417,471) a(341,325)
--------------------------------------------------------------------------------
Evaluation

0; 0.
1; 0.
2; 0.
3; 0.
4; 0.
5; 0.
6; 0.
7; 5.
8; 0.
9; 0.
10; 0.
11; 0.
12; 0.
13; 0.
14; 0.
15; 0.
16; 0.
17; 0.
18; 0.
19; 0.
20; 0.
21; 0.
22; 0.
23; 5.
24; 5.
25; 0.
26; 0.
27; 0.
28; 0.
29; 0.
30; 0.
31; 0.
32; 0.
33; 0.
34; 0.
35; 0.
36; 0.
37; 10.
38; 0.
39; 0.
40; 0.
41; 0.
42; 0.
43; 0.
44; 0.
45; 0.
46; 0.
47; 0.
48; 0.
49; 0.
50; 0.
51; 0.
52; 0.
53; 0.
54; 0.
55; 0.
================================================================================
Generation 3

--------------------------------------------------------------------------------
Selection

0; 36
1; 33
2; 42
3; 31
4; 51
5; 12
6; 6
7; 40
8; 1
9; 21
10; 28
11; 50
12; 26
13; 15
14; 45
15; 18
16; 21
17; 41
18; 13
19; 34
20; 14
21; 3
22; 1
23; 10
24; 42
25; 45
26; 2
27; 7
28; 30
29; 18
30; 27
31; 19
32; 29
33; 30
34; 45
35; 6
36; 4
37; 53
38; 17
39; 51
--------------------------------------------------------------------------------
Crossover

0; 45, 29; d(346) r(371,381) d(343) a(392,172) r(396,390)
1; 45, 29; a(368,430) d(210)
2; 45; d(346) r(371,381) d(343) d(210)
3; 29; a(368,430) a(392,172) r(396,390)
4; 1, 28; d(210) d(463) d(185) d(254)
5; 1, 28; a(368,430) r(257,298)
6; 1; d(210) d(463) r(257,298)
7; 28; a(368,430) d(185) d(254)
8; 3, 53; r(121,471) a(466,468) r(448,22)
9; 3, 53; d(195) r(180,393) r(275,254)
10; 3; r(121,471) r(180,393) r(275,254)
11; 53; d(195) a(466,468) r(448,22)
12; 50; d(458) r(214,173)
13; 36; a(384,414) r(334,347) r(214,357)
14; 30; r(237,2) r(14,139)
15; 42; a(212,180) d(181) d(257)
16; 4, 2; a(368,430) d(301) a(373,374)
17; 4, 2; a(368,430) r(180,393) r(412,357)
18; 4; a(368,430) r(180,393) r(412,357)
19; 2; a(368,430) d(301) a(373,374)
20; 45, 12; d(346) r(371,381) d(343) d(210)
21; 45, 12; r(237,2) a(397,414) r(151,187) a(284,467)
22; 45; d(346) r(371,381) d(343) d(210)
23; 12; r(237,2) a(397,414) r(151,187) a(284,467)
24; 45, 33; d(346) d(15)
25; 45, 33; d(458) a(15,37) r(371,381) d(343) d(210)
26; 45; d(346) r(371,381) d(343) d(210)
27; 33; d(458) a(15,37) d(15)
28; 17; a(212,180) d(121) d(450)
29; 7; r(113,406) r(254,286) a(235,374)
30; 26, 27; a(368,430) r(294,355) d(185) a(401,423)
31; 26, 27; a(368,430) a(392,172)
32; 26; a(368,430) r(294,355)
33; 27; a(368,430) a(392,172) d(185) a(401,423)
34; 21, 34; a(368,430) r(441,272)
35; 21, 34; a(350,29) r(301,52) r(176,358) a(444,9)
36; 21; a(368,430) r(441,272) a(444,9)
37; 34; a(350,29) r(301,52) r(176,358)
38; 1; d(210) d(463) r(257,298)
39; 41; d(195) r(358,22) r(161,349)
40; 51; d(195) a(466,468) r(457,465) a(153,9)
41; 13; a(384,414) d(214)
42; 6, 10; a(368,430) d(122)
43; 6, 10; d(458) r(457,465) d(185) d(212)
44; 6; a(368,430) d(185) d(212)
45; 10; d(458) r(457,465) d(122)
46; 6; a(368,430) d(185) d(212)
47; 51; d(195) a(466,468) r(457,465) a(153,9)
48; 18; a(350,29) a(175,425) a(10,10)
49; 30; r(237,2) r(14,139)
50; 42, 21; a(212,180) d(181) d(257) a(444,9)
51; 42, 21; a(368,430) r(441,272)
52; 42; a(212,180) d(181) d(257)
53; 21; a(368,430) r(441,272) a(444,9)
54; 40; r(237,2) r(198,286) r(238,291)
55; 14; r(237,2) a(397,414) a(300,162)
56; 15, 31; a(384,414)
57; 15, 31; d(458) a(15,37) r(417,471) a(200,187) r(151,187) r(341,303)
58; 15; a(384,414) r(151,187) r(341,303)
59; 31; d(458) a(15,37) r(417,471) a(200,187)
60; 19, 18; a(368,430) r(441,272) a(175,425) a(10,10)
61; 19, 18; a(350,29) a(202,156)
62; 19; a(368,430) r(441,272) a(202,156)
63; 18; a(350,29) a(175,425) a(10,10)
--------------------------------------------------------------------------------
Mutation

0; d(346) r(371,381) d(343) a(392,172) r(396,390) r(214,358)
1; a(368,430) d(210) d(208)
2; d(346) r(371,381) d(343) d(210) d(258)
3; a(368,430) a(392,172) r(396,390) a(119,455)
4; d(210) d(463) d(185) d(254) r(110,138)
5; a(368,430) r(257,298) d(303)
6; d(210) d(463) r(257,298) a(448,31)
7; a(368,430) d(185) d(254) d(214)
8; r(121,471) a(466,468) r(448,22) d(332)
9; d(195) r(180,393) r(275,254) a(216,202)
10; r(121,471) r(180,393) r(275,254) a(465,173)
11; d(195) a(466,468) r(448,22) d(469)
12; d(458) r(214,173) a(369,52)
13; a(384,414) r(334,347) r(214,357) r(414,274)
14; r(237,2) r(14,139) r(3,449)
15; a(212,180) d(181) d(257) d(300)
16; a(368,430) d(301) a(373,374) a(214,357)
17; a(368,430) r(180,393) r(412,357) r(15,355)
18; a(368,430) r(180,393) r(412,357) r(175,20)
19; a(368,430) d(301) a(373,374) r(135,154)
20; d(346) r(371,381) d(343) d(210) a(213,168)
21; r(237,2) a(397,414) r(151,187) a(284,467) a(220,2)
22; d(346) r(371,381) d(343) d(210) r(413,29)
23; r(237,2) a(397,414) r(151,187) a(284,467) r(2,425)
24; d(346) d(15) r(213,400)
25; d(458) a(15,37) r(371,381) d(343) d(210) r(461,434)
26; d(346) r(371,381) d(343) d(210) d(409)
27; d(458) a(15,37) d(15) r(148,178)
28; a(212,180) d(121) d(450) d(425)
29; r(113,406) r(254,286) a(235,374) a(229,351)
30; a(368,430) r(294,355) d(185) a(401,423) d(236)
31; a(368,430) a(392,172) a(194,21)
32; a(368,430) r(294,355) d(442)
33; a(368,430) a(392,172) d(185) a(401,423) r(111,19)
34; a(368,430) r(441,272) a(333,21)
35; a(350,29) r(301,52) r(176,358) a(444,9) d(135)
36; a(368,430) r(441,272) a(444,9) d(128)
37; a(350,29) r(301,52) r(176,358) a(147,37)
38; d(210) d(463) r(257,298) r(458,413)
39; d(195) r(358,22) r(161,349) d(210)
40; d(195) a(466,468) r(457,465) a(153,9) r(120,444)
41; a(384,414) d(214) d(232)
42; a(368,430) d(122) a(438,29)
43; d(458) r(457,465) d(185) d(212) a(223,29)
44; a(368,430) d(185) d(212) a(23,21)
45; d(458) r(457,465) d(122) d(441)
46; a(368,430) d(185) d(212) r(358,323)
47; d(195) a(466,468) r(457,465) a(153,9) d(467)
48; a(350,29) a(175,425) a(10,10) d(255)
49; r(237,2) r(14,139) r(300,136)
50; a(212,180) d(181) d(257) a(444,9) r(123,142)
51; a(368,430) r(441,272) a(304,226)
52; a(212,180) d(181) d(257) r(176,173)
53; a(368,430) r(441,272) a(444,9) r(228,400)
54; r(237,2) r(198,286) r(238,291) r(204,177)
55; r(237,2) a(397,414) a(300,162) a(358,230)
56; a(384,414) a(276,192)
57; d(458) a(15,37) r(417,471) a(200,187) r(151,187) r(341,303) r(274,248)
58; a(384,414) r(151,187) r(341,303) d(294)
59; d(458) a(15,37) r(417,471) a(200,187) r(248,244)
60; a(368,430) r(441,272) a(175,425) a(10,10) d(199)
61; a(350,29) a(202,156) r(243,420)
62; a(368,430) r(441,272) a(202,156) d(258)
63; a(350,29) a(175,425) a(10,10) r(384,380)
--------------------------------------------------------------------------------
Evaluation

0; 0.
1; 0.
2; 0.
3; 0.
4; 0.
5; 0.
6; 0.
7; 0.
8; 0.
9; 0.
10; 0.
11; 0.
12; 0.
13; 0.
14; 0.
15; 0.
16; 0.
17; 0.
18; 0.
19; 0.
20; 0.
21; 0.
22; 0.
23; 0.
24; 5.
25; 0.
26; 0.
27; 0.
28; 0.
29; 0.
30; 0.
31; 0.
32; 0.
33; 0.
34; 0.
35; 0.
36; 0.
37; 0.
38; 0.
39; 0.
40; 0.
41; 0.
42; 0.
43; 0.
44; 0.
45; 0.
46; 0.
47; 0.
48; 0.
49; 0.
50; 0.
51; 0.
52; 0.
53; 0.
54; 0.
55; 0.
56; 0.
57; 0.
58; 0.
59; 0.
60; 0.
61; 0.
62; 0.
63; 0.
================================================================================
Generation 4

--------------------------------------------------------------------------------
Selection

0; 8
1; 15
2; 34
3; 43
4; 6
5; 49
6; 45
7; 1
8; 34
9; 12
10; 2
11; 59
12; 53
13; 8
14; 34
15; 13
16; 27
17; 25
18; 26
19; 56
20; 50
21; 53
22; 57
23; 36
24; 3
25; 48
26; 49
27; 35
28; 21
29; 22
30; 62
31; 29
32; 31
33; 47
34; 13
35; 9
36; 18
37; 7
38; 13
39; 2
--------------------------------------------------------------------------------
Crossover

0; 62; a(368,430) r(441,272) a(202,156) d(258)
1; 36; a(368,430) r(441,272) a(444,9) d(128)
2; 57; d(458) a(15,37) r(417,471) a(200,187) r(151,187) r(341,303) r(274,248)
3; 1; a(368,430) d(210) d(208)
4; 31; a(368,430) a(392,172) a(194,21)
5; 8; r(121,471) a(466,468) r(448,22) d(332)
6; 56; a(384,414) a(276,192)
7; 53; a(368,430) r(441,272) a(444,9) r(228,400)
8; 47; d(195) a(466,468) r(457,465) a(153,9) d(467)
9; 13; a(384,414) r(334,347) r(214,357) r(414,274)
10; 21; r(237,2) a(397,414) r(151,187) a(284,467) a(220,2)
11; 27; d(458) a(15,37) d(15) r(148,178)
12; 13; a(384,414) r(334,347) r(214,357) r(414,274)
13; 25; d(458) a(15,37) r(371,381) d(343) d(210) r(461,434)
14; 29, 53; r(113,406) r(254,286)
15; 29, 53; a(368,430) r(441,272) a(444,9) r(228,400) a(235,374) a(229,351)
16; 29; r(113,406) r(254,286) a(235,374) a(229,351)
17; 53; a(368,430) r(441,272) a(444,9) r(228,400)
18; 49; r(237,2) r(14,139) r(300,136)
19; 3; a(368,430) a(392,172) r(396,390) a(119,455)
20; 13, 48; a(384,414) a(175,425) a(10,10) d(255)
21; 13, 48; a(350,29) r(334,347) r(214,357) r(414,274)
22; 13; a(384,414) r(334,347) r(214,357) r(414,274)
23; 48; a(350,29) a(175,425) a(10,10) d(255)
24; 35; a(350,29) r(301,52) r(176,358) a(444,9) d(135)
25; 6; d(210) d(463) r(257,298) a(448,31)
26; 22; d(346) r(371,381) d(343) d(210) r(413,29)
27; 49; r(237,2) r(14,139) r(300,136)
28; 2; d(346) r(371,381) d(343) d(210) d(258)
29; 2; d(346) r(371,381) d(343) d(210) d(258)
30; 45; d(458) r(457,465) d(122) d(441)
31; 34; a(368,430) r(441,272) a(333,21)
32; 34; a(368,430) r(441,272) a(333,21)
33; 12; d(458) r(214,173) a(369,52)
34; 9; d(195) r(180,393) r(275,254) a(216,202)
35; 43; d(458) r(457,465) d(185) d(212) a(223,29)
36; 59, 26; d(458) a(15,37) r(417,471) d(343) d(210) d(409)
37; 59, 26; d(346) r(371,381) a(200,187) r(248,244)
38; 59; d(458) a(15,37) r(417,471) a(200,187) r(248,244)
39; 26; d(346) r(371,381) d(343) d(210) d(409)
40; 7; a(368,430) d(185) d(254) d(214)
41; 34; a(368,430) r(441,272) a(333,21)
42; 50; a(212,180) d(181) d(257) a(444,9) r(123,142)
43; 18; a(368,430) r(180,393) r(412,357) r(175,20)
44; 15; a(212,180) d(181) d(257) d(300)
45; 8; r(121,471) a(466,468) r(448,22) d(332)
--------------------------------------------------------------------------------
Mutation

0; a(368,430) r(441,272) a(202,156) d(258) r(435,399)
1; a(368,430) r(441,272) a(444,9) d(128) d(475)
2; d(458) a(15,37) r(417,471) a(200,187) r(151,187) r(341,303) r(274,248) d(300)
3; a(368,430) d(210) d(208) r(21,355)
4; a(368,430) a(392,172) a(194,21) a(361,277)
5; r(121,471) a(466,468) r(448,22) d(332) d(406)
6; a(384,414) a(276,192) a(212,303)
7; a(368,430) r(441,272) a(444,9) r(228,400) a(214,175)
8; d(195) a(466,468) r(457,465) a(153,9) d(467) d(212)
9; a(384,414) r(334,347) r(214,357) r(414,274) a(157,159)
10; r(237,2) a(397,414) r(151,187) a(284,467) a(220,2) r(417,276)
11; d(458) a(15,37) d(15) r(148,178) r(11,45)
12; a(384,414) r(334,347) r(214,357) r(414,274) r(24,330)
13; d(458) a(15,37) r(371,381) d(343) d(210) r(461,434) d(213)
14; r(113,406) r(254,286) a(450,221)
15; a(368,430) r(441,272) a(444,9) r(228,400) a(235,374) a(229,351) r(212,150)
16; r(113,406) r(254,286) a(235,374) a(229,351) a(121,233)
17; a(368,430) r(441,272) a(444,9) r(228,400) a(461,197)
18; r(237,2) r(14,139) r(300,136) d(299)
19; a(368,430) a(392,172) r(396,390) a(119,455) r(181,449)
20; a(384,414) a(175,425) a(10,10) d(255) d(402)
21; a(350,29) r(334,347) r(214,357) r(414,274) r(370,9)
22; a(384,414) r(334,347) r(214,357) r(414,274) r(434,226)
23; a(350,29) a(175,425) a(10,10) d(255) r(242,239)
24; a(350,29) r(301,52) r(176,358) a(444,9) d(135) d(146)
25; d(210) d(463) r(257,298) a(448,31) a(182,22)
26; d(346) r(371,381) d(343) d(210) r(413,29) d(135)
27; r(237,2) r(14,139) r(300,136) a(435,275)
28; d(346) r(371,381) d(343) d(210) d(258) a(421,415)
29; d(346) r(371,381) d(343) d(210) d(258) r(3,420)
30; d(458) r(457,465) d(122) d(441) r(212,151)
31; a(368,430) r(441,272) a(333,21) d(3)
32; a(368,430) r(441,272) a(333,21) r(138,446)
33; d(458) r(214,173) a(369,52) r(136,449)
34; d(195) r(180,393) r(275,254) a(216,202) r(416,41)
35; d(458) r(457,465) d(185) d(212) a(223,29) a(255,425)
36; d(458) a(15,37) r(417,471) d(343) d(210) d(409) r(422,420)
37; d(346) r(371,381) a(200,187) r(248,244) d(280)
38; d(458) a(15,37) r(417,471) a(200,187) r(248,244) d(228)
39; d(346) r(371,381) d(343) d(210) d(409) r(24,26)
40; a(368,430) d(185) d(254) d(214) d(218)
41; a(368,430) r(441,272) a(333,21) r(399,171)
42; a(212,180) d(181) d(257) a(444,9) r(123,142) a(279,331)
43; a(368,430) r(180,393) r(412,357) r(175,20) d(237)
44; a(212,180) d(181) d(257) d(300) r(210,202)
45; r(121,471) a(466,468) r(448,22) d(332) a(217,2)
--------------------------------------------------------------------------------
Evaluation

0; 0.
1; 0.
2; 0.
3; 0.
4; 0.
5; 0.
6; 0.
7; 0.
8; 0.
9; 0.
10; 0.
11; 0.
12; 0.
13; 0.
14; 5.
15; 0.
16; 0.
17; 0.
18; 0.
19; 0.
20; 0.
21; 0.
22; 0.
23; 0.
24; 0.
25; 0.
26; 0.
27; 0.
28; 0.
29; 0.
30; 0.
31; 0.
32; 10.
33; 0.
34; 0.
35; 0.
36; 0.
37; 0.
38; 0.
39; 0.
40; 0.
41; 0.
42; 0.
43; 0.
44; 0.
45; 0.
================================================================================
Generation 5

--------------------------------------------------------------------------------
Selection

0; 25
1; 38
2; 23
3; 9
4; 34
5; 9
6; 10
7; 44
8; 30
9; 38
10; 21
11; 20
12; 35
13; 20
14; 8
15; 7
16; 13
17; 38
18; 36
19; 28
20; 9
21; 17
22; 22
23; 40
24; 25
25; 7
26; 26
27; 44
28; 9
29; 8
30; 10
31; 18
32; 9
33; 43
34; 19
35; 40
36; 18
37; 9
38; 44
39; 39
--------------------------------------------------------------------------------
Crossover

0; 36, 10; d(458) a(15,37) r(417,471) d(343) d(210)
1; 36, 10; r(237,2) a(397,414) r(151,187) a(284,467) a(220,2) r(417,276) d(409) r(422,420)
2; 36; d(458) a(15,37) r(417,471) d(343) d(210) d(409) r(422,420)
3; 10; r(237,2) a(397,414) r(151,187) a(284,467) a(220,2) r(417,276)
4; 9; a(384,414) r(334,347) r(214,357) r(414,274) a(157,159)
5; 17; a(368,430) r(441,272) a(444,9) r(228,400) a(461,197)
6; 44; a(212,180) d(181) d(257) d(300) r(210,202)
7; 44; a(212,180) d(181) d(257) d(300) r(210,202)
8; 13; d(458) a(15,37) r(371,381) d(343) d(210) r(461,434) d(213)
9; 25; d(210) d(463) r(257,298) a(448,31) a(182,22)
10; 38, 9; d(458) r(334,347) r(214,357) r(414,274) a(157,159)
11; 38, 9; a(384,414) a(15,37) r(417,471) a(200,187) r(248,244) d(228)
12; 38; d(458) a(15,37) r(417,471) a(200,187) r(248,244) d(228)
13; 9; a(384,414) r(334,347) r(214,357) r(414,274) a(157,159)
14; 7; a(368,430) r(441,272) a(444,9) r(228,400) a(214,175)
15; 20; a(384,414) a(175,425) a(10,10) d(255) d(402)
16; 40; a(368,430) d(185) d(254) d(214) d(218)
17; 9; a(384,414) r(334,347) r(214,357) r(414,274) a(157,159)
18; 9; a(384,414) r(334,347) r(214,357) r(414,274) a(157,159)
19; 39; d(346) r(371,381) d(343) d(210) d(409) r(24,26)
20; 40, 7; a(368,430) d(185) r(228,400) a(214,175)
21; 40, 7; a(368,430) r(441,272) a(444,9) d(254) d(214) d(218)
22; 40; a(368,430) d(185) d(254) d(214) d(218)
23; 7; a(368,430) r(441,272) a(444,9) r(228,400) a(214,175)
24; 9; a(384,414) r(334,347) r(214,357) r(414,274) a(157,159)
25; 9; a(384,414) r(334,347) r(214,357) r(414,274) a(157,159)
26; 43, 30; a(368,430) r(180,393) r(412,357) r(175,20) d(441) r(212,151)
27; 43, 30; d(458) r(457,465) d(122) d(237)
28; 43; a(368,430) r(180,393) r(412,357) r(175,20) d(237)
29; 30; d(458) r(457,465) d(122) d(441) r(212,151)
30; 8; d(195) a(466,468) r(457,465) a(153,9) d(467) d(212)
31; 23; a(350,29) a(175,425) a(10,10) d(255) r(242,239)
32; 34; d(195) r(180,393) r(275,254) a(216,202) r(416,41)
33; 18; r(237,2) r(14,139) r(300,136) d(299)
34; 38; d(458) a(15,37) r(417,471) a(200,187) r(248,244) d(228)
35; 28; d(346) r(371,381) d(343) d(210) d(258) a(421,415)
36; 25, 38; d(210) d(463) r(257,298) a(200,187) r(248,244) d(228)
37; 25, 38; d(458) a(15,37) r(417,471) a(448,31) a(182,22)
38; 25; d(210) d(463) r(257,298) a(448,31) a(182,22)
39; 38; d(458) a(15,37) r(417,471) a(200,187) r(248,244) d(228)
40; 21, 22; a(350,29) r(334,347) r(214,357) r(434,226)
41; 21, 22; a(384,414) r(334,347) r(214,357) r(414,274) r(414,274) r(370,9)
42; 21; a(350,29) r(334,347) r(214,357) r(414,274) r(370,9)
43; 22; a(384,414) r(334,347) r(214,357) r(414,274) r(434,226)
44; 20, 10; a(384,414) a(175,425) a(10,10)
45; 20, 10; r(237,2) a(397,414) r(151,187) a(284,467) a(220,2) r(417,276) d(255) d(402)
46; 20; a(384,414) a(175,425) a(10,10) d(255) d(402)
47; 10; r(237,2) a(397,414) r(151,187) a(284,467) a(220,2) r(417,276)
48; 44; a(212,180) d(181) d(257) d(300) r(210,202)
49; 18; r(237,2) r(14,139) r(300,136) d(299)
50; 26, 8; d(346) r(371,381) d(343) d(212)
51; 26, 8; d(195) a(466,468) r(457,465) a(153,9) d(467) d(210) r(413,29) d(135)
52; 26; d(346) r(371,381) d(343) d(210) r(413,29) d(135)
53; 8; d(195) a(466,468) r(457,465) a(153,9) d(467) d(212)
54; 19; a(368,430) a(392,172) r(396,390) a(119,455) r(181,449)
55; 35; d(458) r(457,465) d(185) d(212) a(223,29) a(255,425)
--------------------------------------------------------------------------------
Mutation

0; d(458) a(15,37) r(417,471) d(343) d(210) a(357,337)
1; r(237,2) a(397,414) r(151,187) a(284,467) a(220,2) r(417,276) d(409) r(422,420) d(390)
2; d(458) a(15,37) r(417,471) d(343) d(210) d(409) r(422,420) d(130)
3; r(237,2) a(397,414) r(151,187) a(284,467) a(220,2) r(417,276) a(412,20)
4; a(384,414) r(334,347) r(214,357) r(414,274) a(157,159) r(429,185)
5; a(368,430) r(441,272) a(444,9) r(228,400) a(461,197) a(256,327)
6; a(212,180) d(181) d(257) d(300) r(210,202) a(25,444)
7; a(212,180) d(181) d(257) d(300) r(210,202) a(212,168)
8; d(458) a(15,37) r(371,381) d(343) d(210) r(461,434) d(213) r(229,28)
9; d(210) d(463) r(257,298) a(448,31) a(182,22) a(214,415)
10; d(458) r(334,347) r(214,357) r(414,274) a(157,159) r(439,406)
11; a(384,414) a(15,37) r(417,471) a(200,187) r(248,244) d(228) r(193,226)
12; d(458) a(15,37) r(417,471) a(200,187) r(248,244) d(228) a(240,154)
13; a(384,414) r(334,347) r(214,357) r(414,274) a(157,159) d(159)
14; a(368,430) r(441,272) a(444,9) r(228,400) a(214,175) a(337,229)
15; a(384,414) a(175,425) a(10,10) d(255) d(402) a(215,171)
16; a(368,430) d(185) d(254) d(214) d(218) r(210,183)
17; a(384,414) r(334,347) r(214,357) r(414,274) a(157,159) a(427,425)
18; a(384,414) r(334,347) r(214,357) r(414,274) a(157,159) d(433)
19; d(346) r(371,381) d(343) d(210) d(409) r(24,26) r(214,20)
20; a(368,430) d(185) r(228,400) a(214,175) r(212,192)
21; a(368,430) r(441,272) a(444,9) d(254) d(214) d(218) r(360,21)
22; a(368,430) d(185) d(254) d(214) d(218) d(422)
23; a(368,430) r(441,272) a(444,9) r(228,400) a(214,175) r(15,23)
24; a(384,414) r(334,347) r(214,357) r(414,274) a(157,159) r(250,287)
25; a(384,414) r(334,347) r(214,357) r(414,274) a(157,159) d(386)
26; a(368,430) r(180,393) r(412,357) r(175,20) d(441) r(212,151) a(166,120)
27; d(458) r(457,465) d(122) d(237) a(428,276)
28; a(368,430) r(180,393) r(412,357) r(175,20) d(237) d(214)
29; d(458) r(457,465) d(122) d(441) r(212,151) a(369,275)
30; d(195) a(466,468) r(457,465) a(153,9) d(467) d(212) d(1)
31; a(350,29) a(175,425) a(10,10) d(255) r(242,239) d(172)
32; d(195) r(180,393) r(275,254) a(216,202) r(416,41) a(400,398)
33; r(237,2) r(14,139) r(300,136) d(299) r(112,141)
34; d(458) a(15,37) r(417,471) a(200,187) r(248,244) d(228) d(422)
35; d(346) r(371,381) d(343) d(210) d(258) a(421,415) d(424)
36; d(210) d(463) r(257,298) a(200,187) r(248,244) d(228) r(287,274)
37; d(458) a(15,37) r(417,471) a(448,31) a(182,22) d(168)
38; d(210) d(463) r(257,298) a(448,31) a(182,22) d(178)
39; d(458) a(15,37) r(417,471) a(200,187) r(248,244) d(228) r(252,475)
40; a(350,29) r(334,347) r(214,357) r(434,226) a(449,413)
41; a(384,414) r(334,347) r(214,357) r(414,274) r(414,274) r(370,9) r(381,113)
42; a(350,29) r(334,347) r(214,357) r(414,274) r(370,9) r(384,420)
43; a(384,414) r(334,347) r(214,357) r(414,274) r(434,226) d(157)
44; a(384,414) a(175,425) a(10,10) r(359,334)
45; r(237,2) a(397,414) r(151,187) a(284,467) a(220,2) r(417,276) d(255) d(402) d(207)
46; a(384,414) a(175,425) a(10,10) d(255) d(402) r(248,246)
47; r(237,2) a(397,414) r(151,187) a(284,467) a(220,2) r(417,276) r(210,149)
48; a(212,180) d(181) d(257) d(300) r(210,202) r(15,275)
49; r(237,2) r(14,139) r(300,136) d(299) r(145,156)
50; d(346) r(371,381) d(343) d(212) d(157)
51; d(195) a(466,468) r(457,465) a(153,9) d(467) d(210) r(413,29) d(135) d(152)
52; d(346) r(371,381) d(343) d(210) r(413,29) d(135) r(25,14)
53; d(195) a(466,468) r(457,465) a(153,9) d(467) d(212) r(286,439)
54; a(368,430) a(392,172) r(396,390) a(119,455) r(181,449) a(218,273)
55; d(458) r(457,465) d(185) d(212) a(223,29) a(255,425) d(224)
--------------------------------------------------------------------------------
Evaluation

0; 0.
1; 0.
2; 0.
3; 0.
4; 0.
5; 0.
6; 0.
7; 0.
8; 0.
9; 0.
10; 0.
11; 0.
12; 0.
13; 0.
14; 0.
15; 0.
16; 0.
17; 0.
18; 0.
19; 0.
20; 0.
21; 0.
22; 0.
23; 0.
24; 0.
25; 0.
26; 5.
27; 0.
28; 0.
29; 0.
30; 0.
31; 0.
32; 0.
33; 0.
34; 0.
35; 0.
36; 0.
37; 0.
38; 0.
39; 0.
40; 0.
41; 0.
42; 0.
43; 0.
44; 0.
45; 0.
46; 0.
47; 0.
48; 10.
49; 0.
50; 0.
51; 0.
52; 0.
53; 0.
54; 0.
55; 0.
================================================================================
Generation 6

--------------------------------------------------------------------------------
Selection

0; 32
1; 44
2; 8
3; 14
4; 55
5; 46
6; 1
7; 17
8; 28
9; 35
10; 43
11; 31
12; 42
13; 28
14; 51
15; 45
16; 14
17; 51
18; 6
19; 55
20; 41
21; 45
22; 0
23; 51
24; 38
25; 36
26; 1
27; 32
28; 2
29; 23
30; 22
31; 4
32; 35
33; 37
34; 19
35; 42
36; 18
37; 38
38; 50
39; 36
--------------------------------------------------------------------------------
Crossover

0; 14, 45; a(368,430) d(255) d(402) d(207)
1; 14, 45; r(237,2) a(397,414) r(151,187) a(284,467) a(220,2) r(417,276) r(441,272) a(444,9) r(228,400) a(214,175) a(337,229)
2; 14; a(368,430) r(441,272) a(444,9) r(228,400) a(214,175) a(337,229)
3; 45; r(237,2) a(397,414) r(151,187) a(284,467) a(220,2) r(417,276) d(255) d(402) d(207)
4; 6; a(212,180) d(181) d(257) d(300) r(210,202) a(25,444)
5; 50; d(346) r(371,381) d(343) d(212) d(157)
6; 46, 19; a(384,414) a(175,425) a(10,10) d(255) d(402) r(248,246)
7; 46, 19; d(346) r(371,381) d(343) d(210) d(409) r(24,26) r(214,20)
8; 46; a(384,414) a(175,425) a(10,10) d(255) d(402) r(248,246)
9; 19; d(346) r(371,381) d(343) d(210) d(409) r(24,26) r(214,20)
10; 32; d(195) r(180,393) r(275,254) a(216,202) r(416,41) a(400,398)
11; 51; d(195) a(466,468) r(457,465) a(153,9) d(467) d(210) r(413,29) d(135) d(152)
12; 35, 38; d(346) r(371,381) a(182,22) d(178)
13; 35, 38; d(210) d(463) r(257,298) a(448,31) d(343) d(210) d(258) a(421,415) d(424)
14; 35; d(346) r(371,381) d(343) d(210) d(258) a(421,415) d(424)
15; 38; d(210) d(463) r(257,298) a(448,31) a(182,22) d(178)
16; 28, 44; a(368,430) r(180,393) a(175,425) a(10,10) r(359,334)
17; 28, 44; a(384,414) r(412,357) r(175,20) d(237) d(214)
18; 28; a(368,430) r(180,393) r(412,357) r(175,20) d(237) d(214)
19; 44; a(384,414) a(175,425) a(10,10) r(359,334)
20; 35; d(346) r(371,381) d(343) d(210) d(258) a(421,415) d(424)
21; 8; d(458) a(15,37) r(371,381) d(343) d(210) r(461,434) d(213) r(229,28)
22; 36, 55; d(210) d(463) r(257,298) a(200,187) r(248,244) d(228) r(287,274) a(223,29) a(255,425) d(224)
23; 36, 55; d(458) r(457,465) d(185) d(212)
24; 36; d(210) d(463) r(257,298) a(200,187) r(248,244) d(228) r(287,274)
25; 55; d(458) r(457,465) d(185) d(212) a(223,29) a(255,425) d(224)
26; 28, 41; a(368,430) r(180,393) r(412,357) r(175,20) d(237) d(214) r(381,113)
27; 28, 41; a(384,414) r(334,347) r(214,357) r(414,274) r(414,274) r(370,9)
28; 28; a(368,430) r(180,393) r(412,357) r(175,20) d(237) d(214)
29; 41; a(384,414) r(334,347) r(214,357) r(414,274) r(414,274) r(370,9) r(381,113)
30; 38; d(210) d(463) r(257,298) a(448,31) a(182,22) d(178)
31; 14; a(368,430) r(441,272) a(444,9) r(228,400) a(214,175) a(337,229)
32; 42, 42; a(350,29) r(334,347) r(214,357) r(414,274) r(334,347) r(214,357) r(414,274) r(370,9) r(384,420)
33; 42, 42; a(350,29) r(370,9) r(384,420)
34; 42; a(350,29) r(334,347) r(214,357) r(414,274) r(370,9) r(384,420)
35; 42; a(350,29) r(334,347) r(214,357) r(414,274) r(370,9) r(384,420)
36; 37, 1; d(458)
37; 37, 1; r(237,2) a(397,414) r(151,187) a(284,467) a(220,2) r(417,276) d(409) r(422,420) d(390) a(15,37) r(417,471) a(448,31) a(182,22) d(168)
38; 37; d(458) a(15,37) r(417,471) a(448,31) a(182,22) d(168)
39; 1; r(237,2) a(397,414) r(151,187) a(284,467) a(220,2) r(417,276) d(409) r(422,420) d(390)
40; 32, 18; d(195) r(180,393) r(275,254) a(157,159) d(433)
41; 32, 18; a(384,414) r(334,347) r(214,357) r(414,274) a(216,202) r(416,41) a(400,398)
42; 32; d(195) r(180,393) r(275,254) a(216,202) r(416,41) a(400,398)
43; 18; a(384,414) r(334,347) r(214,357) r(414,274) a(157,159) d(433)
44; 45; r(237,2) a(397,414) r(151,187) a(284,467) a(220,2) r(417,276) d(255) d(402) d(207)
45; 51; d(195) a(466,468) r(457,465) a(153,9) d(467) d(210) r(413,29) d(135) d(152)
46; 23; a(368,430) r(441,272) a(444,9) r(228,400) a(214,175) r(15,23)
47; 51; d(195) a(466,468) r(457,465) a(153,9) d(467) d(210) r(413,29) d(135) d(152)
48; 36, 2; d(210) d(463) r(257,298) a(200,187) r(248,244) d(228) r(422,420) d(130)
49; 36, 2; d(458) a(15,37) r(417,471) d(343) d(210) d(409) r(287,274)
50; 36; d(210) d(463) r(257,298) a(200,187) r(248,244) d(228) r(287,274)
51; 2; d(458) a(15,37) r(417,471) d(343) d(210) d(409) r(422,420) d(130)
52; 0, 17; d(458) a(15,37) r(417,471) d(343) d(210) r(334,347) r(214,357) r(414,274) a(157,159) a(427,425)
53; 0, 17; a(384,414) a(357,337)
54; 0; d(458) a(15,37) r(417,471) d(343) d(210) a(357,337)
55; 17; a(384,414) r(334,347) r(214,357) r(414,274) a(157,159) a(427,425)
56; 4, 1; a(384,414) r(334,347) r(214,357)
57; 4, 1; r(237,2) a(397,414) r(151,187) a(284,467) a(220,2) r(417,276) d(409) r(422,420) d(390) r(414,274) a(157,159) r(429,185)
58; 4; a(384,414) r(334,347) r(214,357) r(414,274) a(157,159) r(429,185)
59; 1; r(237,2) a(397,414) r(151,187) a(284,467) a(220,2) r(417,276) d(409) r(422,420) d(390)
60; 31; a(350,29) a(175,425) a(10,10) d(255) r(242,239) d(172)
61; 43; a(384,414) r(334,347) r(214,357) r(414,274) r(434,226) d(157)
62; 22, 55; a(368,430) d(185) d(254) d(214) d(218) d(422) d(224)
63; 22, 55; d(458) r(457,465) d(185) d(212) a(223,29) a(255,425)
64; 22; a(368,430) d(185) d(254) d(214) d(218) d(422)
65; 55; d(458) r(457,465) d(185) d(212) a(223,29) a(255,425) d(224)
--------------------------------------------------------------------------------
Mutation

0; a(368,430) d(255) d(402) d(207) a(447,133)
1; r(237,2) a(397,414) r(151,187) a(284,467) a(220,2) r(417,276) r(441,272) a(444,9) r(228,400) a(214,175) a(337,229) r(219,178)
2; a(368,430) r(441,272) a(444,9) r(228,400) a(214,175) a(337,229) a(177,182)
3; r(237,2) a(397,414) r(151,187) a(284,467) a(220,2) r(417,276) d(255) d(402) d(207) d(213)
4; a(212,180) d(181) d(257) d(300) r(210,202) a(25,444) d(418)
5; d(346) r(371,381) d(343) d(212) d(157) d(181)
6; a(384,414) a(175,425) a(10,10) d(255) d(402) r(248,246) r(227,385)
7; d(346) r(371,381) d(343) d(210) d(409) r(24,26) r(214,20) a(213,349)
8; a(384,414) a(175,425) a(10,10) d(255) d(402) r(248,246) d(225)
9; d(346) r(371,381) d(343) d(210) d(409) r(24,26) r(214,20) d(454)
10; d(195) r(180,393) r(275,254) a(216,202) r(416,41) a(400,398) d(467)
11; d(195) a(466,468) r(457,465) a(153,9) d(467) d(210) r(413,29) d(135) d(152) r(214,349)
12; d(346) r(371,381) a(182,22) d(178) r(333,352)
13; d(210) d(463) r(257,298) a(448,31) d(343) d(210) d(258) a(421,415) d(424) d(441)
14; d(346) r(371,381) d(343) d(210) d(258) a(421,415) d(424) a(212,462)
15; d(210) d(463) r(257,298) a(448,31) a(182,22) d(178) d(402)
16; a(368,430) r(180,393) a(175,425) a(10,10) r(359,334) d(213)
17; a(384,414) r(412,357) r(175,20) d(237) d(214) r(368,429)
18; a(368,430) r(180,393) r(412,357) r(175,20) d(237) d(214) r(199,323)
19; a(384,414) a(175,425) a(10,10) r(359,334) a(214,145)
20; d(346) r(371,381) d(343) d(210) d(258) a(421,415) d(424) r(128,129)
21; d(458) a(15,37) r(371,381) d(343) d(210) r(461,434) d(213) r(229,28) r(405,418)
22; d(210) d(463) r(257,298) a(200,187) r(248,244) d(228) r(287,274) a(223,29) a(255,425) d(224) r(127,136)
23; d(458) r(457,465) d(185) d(212) a(133,274)
24; d(210) d(463) r(257,298) a(200,187) r(248,244) d(228) r(287,274) a(13,274)
25; d(458) r(457,465) d(185) d(212) a(223,29) a(255,425) d(224) r(187,113)
26; a(368,430) r(180,393) r(412,357) r(175,20) d(237) d(214) r(381,113) a(293,231)
27; a(384,414) r(334,347) r(214,357) r(414,274) r(414,274) r(370,9) d(460)
28; a(368,430) r(180,393) r(412,357) r(175,20) d(237) d(214) d(217)
29; a(384,414) r(334,347) r(214,357) r(414,274) r(414,274) r(370,9) r(381,113) d(404)
30; d(210) d(463) r(257,298) a(448,31) a(182,22) d(178) a(290,413)
31; a(368,430) r(441,272) a(444,9) r(228,400) a(214,175) a(337,229) a(133,137)
32; a(350,29) r(334,347) r(214,357) r(414,274) r(334,347) r(214,357) r(414,274) r(370,9) r(384,420) d(252)
33; a(350,29) r(370,9) r(384,420) d(304)
34; a(350,29) r(334,347) r(214,357) r(414,274) r(370,9) r(384,420) r(218,355)
35; a(350,29) r(334,347) r(214,357) r(414,274) r(370,9) r(384,420) a(409,120)
36; d(458) d(381)
37; r(237,2) a(397,414) r(151,187) a(284,467) a(220,2) r(417,276) d(409) r(422,420) d(390) a(15,37) r(417,471) a(448,31) a(182,22) d(168) r(243,298)
38; d(458) a(15,37) r(417,471) a(448,31) a(182,22) d(168) d(206)
39; r(237,2) a(397,414) r(151,187) a(284,467) a(220,2) r(417,276) d(409) r(422,420) d(390) r(291,415)
40; d(195) r(180,393) r(275,254) a(157,159) d(433) a(233,192)
41; a(384,414) r(334,347) r(214,357) r(414,274) a(216,202) r(416,41) a(400,398) d(210)
42; d(195) r(180,393) r(275,254) a(216,202) r(416,41) a(400,398) r(188,210)
43; a(384,414) r(334,347) r(214,357) r(414,274) a(157,159) d(433) a(462,139)
44; r(237,2) a(397,414) r(151,187) a(284,467) a(220,2) r(417,276) d(255) d(402) d(207) a(272,171)
45; d(195) a(466,468) r(457,465) a(153,9) d(467) d(210) r(413,29) d(135) d(152) d(438)
46; a(368,430) r(441,272) a(444,9) r(228,400) a(214,175) r(15,23) d(166)
47; d(195) a(466,468) r(457,465) a(153,9) d(467) d(210) r(413,29) d(135) d(152) r(112,337)
48; d(210) d(463) r(257,298) a(200,187) r(248,244) d(228) r(422,420) d(130) d(213)
49; d(458) a(15,37) r(417,471) d(343) d(210) d(409) r(287,274) a(284,462)
50; d(210) d(463) r(257,298) a(200,187) r(248,244) d(228) r(287,274) r(109,154)
51; d(458) a(15,37) r(417,471) d(343) d(210) d(409) r(422,420) d(130) a(380,398)
52; d(458) a(15,37) r(417,471) d(343) d(210) r(334,347) r(214,357) r(414,274) a(157,159) a(427,425) r(135,294)
53; a(384,414) a(357,337) a(195,341)
54; d(458) a(15,37) r(417,471) d(343) d(210) a(357,337) r(346,139)
55; a(384,414) r(334,347) r(214,357) r(414,274) a(157,159) a(427,425) d(442)
56; a(384,414) r(334,347) r(214,357) d(195)
57; r(237,2) a(397,414) r(151,187) a(284,467) a(220,2) r(417,276) d(409) r(422,420) d(390) r(414,274) a(157,159) r(429,185) d(324)
58; a(384,414) r(334,347) r(214,357) r(414,274) a(157,159) r(429,185) d(471)
59; r(237,2) a(397,414) r(151,187) a(284,467) a(220,2) r(417,276) d(409) r(422,420) d(390) d(24)
60; a(350,29) a(175,425) a(10,10) d(255) r(242,239) d(172) r(112,129)
61; a(384,414) r(334,347) r(214,357) r(414,274) r(434,226) d(157) d(391)
62; a(368,430) d(185) d(254) d(214) d(218) d(422) d(224) r(213,37)
63; d(458) r(457,465) d(185) d(212) a(223,29) a(255,425) a(276,333)
64; a(368,430) d(185) d(254) d(214) d(218) d(422) r(131,37)
65; d(458) r(457,465) d(185) d(212) a(223,29) a(255,425) d(224) r(272,445)
--------------------------------------------------------------------------------
Evaluation

0; 0.
1; 0.
2; 0.
3; 0.
4; 0.
5; 0.
6; 0.
7; 0.
8; 0.
9; 0.
10; 0.
11; 0.
12; 0.
13; 0.
14; 0.
15; 0.
16; 0.
17; 0.
18; 0.
19; 0.
20; 0.
21; 0.
22; 0.
23; 0.
24; 0.
25; 0.
26; 0.
27; 0.
28; 0.
29; 0.
30; 0.
31; 0.
32; 0.
33; 0.
34; 0.
35; 0.
36; 0.
37; 0.
38; 0.
39; 0.
40; 0.
41; 0.
42; 0.
43; 0.
44; 0.
45; 0.
46; 0.
47; 0.
48; 0.
49; 0.
50; 0.
51; 0.
52; 0.
53; 0.
54; 0.
55; 0.
56; 0.
57; 0.
58; 0.
59; 0.
60; 0.
61; 0.
62; 0.
63; 0.
64; 0.
65; 0.
================================================================================
Generation 7

--------------------------------------------------------------------------------
Selection

0; 46
1; 21
2; 63
3; 6
4; 6
5; 7
6; 37
7; 35
8; 65
9; 57
10; 35
11; 57
12; 8
13; 6
14; 21
15; 39
16; 33
17; 16
18; 28
19; 33
20; 13
21; 43
22; 6
23; 56
24; 35
25; 27
26; 29
27; 12
28; 17
29; 62
30; 2
31; 61
32; 3
33; 59
34; 11
35; 39
36; 8
37; 20
38; 19
39; 0
--------------------------------------------------------------------------------
Crossover

0; 33; a(350,29) r(370,9) r(384,420) d(304)
1; 62; a(368,430) d(185) d(254) d(214) d(218) d(422) d(224) r(213,37)
2; 6; a(384,414) a(175,425) a(10,10) d(255) d(402) r(248,246) r(227,385)
3; 19; a(384,414) a(175,425) a(10,10) r(359,334) a(214,145)
4; 65, 39; d(458) r(457,465) d(185) r(422,420) d(390) r(291,415)
5; 65, 39; r(237,2) a(397,414) r(151,187) a(284,467) a(220,2) r(417,276) d(409) d(212) a(223,29) a(255,425) d(224) r(272,445)
6; 65; d(458) r(457,465) d(185) d(212) a(223,29) a(255,425) d(224) r(272,445)
7; 39; r(237,2) a(397,414) r(151,187) a(284,467) a(220,2) r(417,276) d(409) r(422,420) d(390) r(291,415)
8; 8; a(384,414) a(175,425) a(10,10) d(255) d(402) r(248,246) d(225)
9; 57; r(237,2) a(397,414) r(151,187) a(284,467) a(220,2) r(417,276) d(409) r(422,420) d(390) r(414,274) a(157,159) r(429,185) d(324)
10; 37; r(237,2) a(397,414) r(151,187) a(284,467) a(220,2) r(417,276) d(409) r(422,420) d(390) a(15,37) r(417,471) a(448,31) a(182,22) d(168) r(243,298)
11; 35; a(350,29) r(334,347) r(214,357) r(414,274) r(370,9) r(384,420) a(409,120)
12; 0, 6; a(368,430) d(255) d(402) d(255) d(402) r(248,246) r(227,385)
13; 0, 6; a(384,414) a(175,425) a(10,10) d(207) a(447,133)
14; 0; a(368,430) d(255) d(402) d(207) a(447,133)
15; 6; a(384,414) a(175,425) a(10,10) d(255) d(402) r(248,246) r(227,385)
16; 7; d(346) r(371,381) d(343) d(210) d(409) r(24,26) r(214,20) a(213,349)
17; 43; a(384,414) r(334,347) r(214,357) r(414,274) a(157,159) d(433) a(462,139)
18; 20; d(346) r(371,381) d(343) d(210) d(258) a(421,415) d(424) r(128,129)
19; 6; a(384,414) a(175,425) a(10,10) d(255) d(402) r(248,246) r(227,385)
20; 11, 29; d(195) a(466,468) r(457,465) a(153,9) d(467) r(381,113) d(404)
21; 11, 29; a(384,414) r(334,347) r(214,357) r(414,274) r(414,274) r(370,9) d(210) r(413,29) d(135) d(152) r(214,349)
22; 11; d(195) a(466,468) r(457,465) a(153,9) d(467) d(210) r(413,29) d(135) d(152) r(214,349)
23; 29; a(384,414) r(334,347) r(214,357) r(414,274) r(414,274) r(370,9) r(381,113) d(404)
24; 17; a(384,414) r(412,357) r(175,20) d(237) d(214) r(368,429)
25; 61; a(384,414) r(334,347) r(214,357) r(414,274) r(434,226) d(157) d(391)
26; 28; a(368,430) r(180,393) r(412,357) r(175,20) d(237) d(214) d(217)
27; 12; d(346) r(371,381) a(182,22) d(178) r(333,352)
28; 13; d(210) d(463) r(257,298) a(448,31) d(343) d(210) d(258) a(421,415) d(424) d(441)
29; 27; a(384,414) r(334,347) r(214,357) r(414,274) r(414,274) r(370,9) d(460)
30; 21; d(458) a(15,37) r(371,381) d(343) d(210) r(461,434) d(213) r(229,28) r(405,418)
31; 6; a(384,414) a(175,425) a(10,10) d(255) d(402) r(248,246) r(227,385)
32; 46; a(368,430) r(441,272) a(444,9) r(228,400) a(214,175) r(15,23) d(166)
33; 16; a(368,430) r(180,393) a(175,425) a(10,10) r(359,334) d(213)
34; 39, 63; r(237,2) a(223,29) a(255,425) a(276,333)
35; 39, 63; d(458) r(457,465) d(185) d(212) a(397,414) r(151,187) a(284,467) a(220,2) r(417,276) d(409) r(422,420) d(390) r(291,415)
36; 39; r(237,2) a(397,414) r(151,187) a(284,467) a(220,2) r(417,276) d(409) r(422,420) d(390) r(291,415)
37; 63; d(458) r(457,465) d(185) d(212) a(223,29) a(255,425) a(276,333)
38; 56, 21; a(384,414) a(15,37) r(371,381) d(343) d(210) r(461,434) d(213) r(229,28) r(405,418)
39; 56, 21; d(458) r(334,347) r(214,357) d(195)
40; 56; a(384,414) r(334,347) r(214,357) d(195)
41; 21; d(458) a(15,37) r(371,381) d(343) d(210) r(461,434) d(213) r(229,28) r(405,418)
42; 33; a(350,29) r(370,9) r(384,420) d(304)
43; 8; a(384,414) a(175,425) a(10,10) d(255) d(402) r(248,246) d(225)
44; 3, 35; r(237,2) a(397,414) r(151,187) a(284,467) a(220,2) r(417,276) d(255) d(402) r(414,274) r(370,9) r(384,420) a(409,120)
45; 3, 35; a(350,29) r(334,347) r(214,357) d(207) d(213)
46; 3; r(237,2) a(397,414) r(151,187) a(284,467) a(220,2) r(417,276) d(255) d(402) d(207) d(213)
47; 35; a(350,29) r(334,347) r(214,357) r(414,274) r(370,9) r(384,420) a(409,120)
48; 59; r(237,2) a(397,414) r(151,187) a(284,467) a(220,2) r(417,276) d(409) r(422,420) d(390) d(24)
49; 2; a(368,430) r(441,272) a(444,9) r(228,400) a(214,175) a(337,229) a(177,182)
50; 35, 57; a(350,29) r(429,185) d(324)
51; 35, 57; r(237,2) a(397,414) r(151,187) a(284,467) a(220,2) r(417,276) d(409) r(422,420) d(390) r(414,274) a(157,159) r(334,347) r(214,357) r(414,274) r(370,9) r(384,420) a(409,120)
52; 35; a(350,29) r(334,347) r(214,357) r(414,274) r(370,9) r(384,420) a(409,120)
53; 57; r(237,2) a(397,414) r(151,187) a(284,467) a(220,2) r(417,276) d(409) r(422,420) d(390) r(414,274) a(157,159) r(429,185) d(324)
--------------------------------------------------------------------------------
Mutation

0; a(350,29) r(370,9) r(384,420) d(304) d(297)
1; a(368,430) d(185) d(254) d(214) d(218) d(422) d(224) r(213,37) a(284,413)
2; a(384,414) a(175,425) a(10,10) d(255) d(402) r(248,246) r(227,385) r(121,122)
3; a(384,414) a(175,425) a(10,10) r(359,334) a(214,145) a(172,197)
4; d(458) r(457,465) d(185) r(422,420) d(390) r(291,415) r(455,413)
5; r(237,2) a(397,414) r(151,187) a(284,467) a(220,2) r(417,276) d(409) d(212) a(223,29) a(255,425) d(224) r(272,445) r(168,173)
6; d(458) r(457,465) d(185) d(212) a(223,29) a(255,425) d(224) r(272,445) a(429,434)
7; r(237,2) a(397,414) r(151,187) a(284,467) a(220,2) r(417,276) d(409) r(422,420) d(390) r(291,415) a(121,130)
8; a(384,414) a(175,425) a(10,10) d(255) d(402) r(248,246) d(225) d(132)
9; r(237,2) a(397,414) r(151,187) a(284,467) a(220,2) r(417,276) d(409) r(422,420) d(390) r(414,274) a(157,159) r(429,185) d(324) a(246,304)
10; r(237,2) a(397,414) r(151,187) a(284,467) a(220,2) r(417,276) d(409) r(422,420) d(390) a(15,37) r(417,471) a(448,31) a(182,22) d(168) r(243,298) a(212,323)
11; a(350,29) r(334,347) r(214,357) r(414,274) r(370,9) r(384,420) a(409,120) a(123,116)
12; a(368,430) d(255) d(402) d(255) d(402) r(248,246) r(227,385) d(420)
13; a(384,414) a(175,425) a(10,10) d(207) a(447,133) a(214,148)
14; a(368,430) d(255) d(402) d(207) a(447,133) d(212)
15; a(384,414) a(175,425) a(10,10) d(255) d(402) r(248,246) r(227,385) a(416,29)
16; d(346) r(371,381) d(343) d(210) d(409) r(24,26) r(214,20) a(213,349) d(453)
17; a(384,414) r(334,347) r(214,357) r(414,274) a(157,159) d(433) a(462,139) d(157)
18; d(346) r(371,381) d(343) d(210) d(258) a(421,415) d(424) r(128,129) a(338,358)
19; a(384,414) a(175,425) a(10,10) d(255) d(402) r(248,246) r(227,385) a(412,1)
20; d(195) a(466,468) r(457,465) a(153,9) d(467) r(381,113) d(404) a(419,444)
21; a(384,414) r(334,347) r(214,357) r(414,274) r(414,274) r(370,9) d(210) r(413,29) d(135) d(152) r(214,349) d(212)
22; d(195) a(466,468) r(457,465) a(153,9) d(467) d(210) r(413,29) d(135) d(152) r(214,349) r(148,145)
23; a(384,414) r(334,347) r(214,357) r(414,274) r(414,274) r(370,9) r(381,113) d(404) d(202)
24; a(384,414) r(412,357) r(175,20) d(237) d(214) r(368,429) r(417,397)
25; a(384,414) r(334,347) r(214,357) r(414,274) r(434,226) d(157) d(391) a(161,455)
26; a(368,430) r(180,393) r(412,357) r(175,20) d(237) d(214) d(217) r(165,22)
27; d(346) r(371,381) a(182,22) d(178) r(333,352) a(142,154)
28; d(210) d(463) r(257,298) a(448,31) d(343) d(210) d(258) a(421,415) d(424) d(441) r(287,29)
29; a(384,414) r(334,347) r(214,357) r(414,274) r(414,274) r(370,9) d(460) r(473,221)
30; d(458) a(15,37) r(371,381) d(343) d(210) r(461,434) d(213) r(229,28) r(405,418) r(378,447)
31; a(384,414) a(175,425) a(10,10) d(255) d(402) r(248,246) r(227,385) r(149,475)
32; a(368,430) r(441,272) a(444,9) r(228,400) a(214,175) r(15,23) d(166) a(213,415)
33; a(368,430) r(180,393) a(175,425) a(10,10) r(359,334) d(213) d(452)
34; r(237,2) a(223,29) a(255,425) a(276,333) r(470,2)
35; d(458) r(457,465) d(185) d(212) a(397,414) r(151,187) a(284,467) a(220,2) r(417,276) d(409) r(422,420) d(390) r(291,415) a(123,136)
36; r(237,2) a(397,414) r(151,187) a(284,467) a(220,2) r(417,276) d(409) r(422,420) d(390) r(291,415) r(166,181)
37; d(458) r(457,465) d(185) d(212) a(223,29) a(255,425) a(276,333) r(177,201)
38; a(384,414) a(15,37) r(371,381) d(343) d(210) r(461,434) d(213) r(229,28) r(405,418) r(183,212)
39; d(458) r(334,347) r(214,357) d(195) d(225)
40; a(384,414) r(334,347) r(214,357) d(195) d(117)
41; d(458) a(15,37) r(371,381) d(343) d(210) r(461,434) d(213) r(229,28) r(405,418) d(465)
42; a(350,29) r(370,9) r(384,420) d(304) d(330)
43; a(384,414) a(175,425) a(10,10) d(255) d(402) r(248,246) d(225) d(351)
44; r(237,2) a(397,414) r(151,187) a(284,467) a(220,2) r(417,276) d(255) d(402) r(414,274) r(370,9) r(384,420) a(409,120) r(178,281)
45; a(350,29) r(334,347) r(214,357) d(207) d(213) d(206)
46; r(237,2) a(397,414) r(151,187) a(284,467) a(220,2) r(417,276) d(255) d(402) d(207) d(213) d(386)
47; a(350,29) r(334,347) r(214,357) r(414,274) r(370,9) r(384,420) a(409,120) a(21,52)
48; r(237,2) a(397,414) r(151,187) a(284,467) a(220,2) r(417,276) d(409) r(422,420) d(390) d(24) r(11,192)
49; a(368,430) r(441,272) a(444,9) r(228,400) a(214,175) a(337,229) a(177,182) a(25,13)
50; a(350,29) r(429,185) d(324) a(289,235)
51; r(237,2) a(397,414) r(151,187) a(284,467) a(220,2) r(417,276) d(409) r(422,420) d(390) r(414,274) a(157,159) r(334,347) r(214,357) r(414,274) r(370,9) r(384,420) a(409,120) r(392,133)
52; a(350,29) r(334,347) r(214,357) r(414,274) r(370,9) r(384,420) a(409,120) r(199,207)
53; r(237,2) a(397,414) r(151,187) a(284,467) a(220,2) r(417,276) d(409) r(422,420) d(390) r(414,274) a(157,159) r(429,185) d(324) d(241)
--------------------------------------------------------------------------------
Evaluation

0; 0.
1; 0.
2; 0.
3; 0.
4; 0.
5; 0.
6; 0.
7; 0.
8; 0.
9; 0.
10; 0.
11; 0.
12; 0.
13; 0.
14; 2.
15; 0.
16; 0.
17; 0.
18; 0.
19; 0.
20; 0.
21; 0.
22; 0.
23; 0.
24; 0.
25; 0.
26; 0.
27; 0.
28; 0.
29; 0.
30; 0.
31; 0.
32; 0.
33; 0.
34; 0.
35; 0.
36; 0.
37; 0.
38; 0.
39; 0.
40; 0.
41; 0.
42; 0.
43; 0.
44; 0.
45; 0.
46; 0.
47; 0.
48; 0.
49; 0.
50; 0.
51; 0.
52; 0.
53; 0.
================================================================================
Generation 8

--------------------------------------------------------------------------------
Selection

0; 25
1; 7
2; 35
3; 12
4; 36
5; 6
6; 36
7; 0
8; 42
9; 31
10; 35
11; 3
12; 2
13; 42
14; 13
15; 51
16; 31
17; 19
18; 48
19; 49
20; 46
21; 28
22; 50
23; 37
24; 34
25; 37
26; 23
27; 39
28; 16
29; 45
30; 15
31; 47
32; 11
33; 48
34; 24
35; 25
36; 43
37; 28
38; 46
39; 34
--------------------------------------------------------------------------------
Crossover

0; 31, 28; a(384,414) a(175,425) r(287,29)
1; 31, 28; d(210) d(463) r(257,298) a(448,31) d(343) d(210) d(258) a(421,415) d(424) d(441) a(10,10) d(255) d(402) r(248,246) r(227,385) r(149,475)
2; 31; a(384,414) a(175,425) a(10,10) d(255) d(402) r(248,246) r(227,385) r(149,475)
3; 28; d(210) d(463) r(257,298) a(448,31) d(343) d(210) d(258) a(421,415) d(424) d(441) r(287,29)
4; 12, 42; a(368,430) d(255) r(370,9) r(384,420) d(304) d(330)
5; 12, 42; a(350,29) d(402) d(255) d(402) r(248,246) r(227,385) d(420)
6; 12; a(368,430) d(255) d(402) d(255) d(402) r(248,246) r(227,385) d(420)
7; 42; a(350,29) r(370,9) r(384,420) d(304) d(330)
8; 48, 42; r(237,2) a(397,414) r(151,187) a(284,467) a(220,2) r(417,276) d(330)
9; 48, 42; a(350,29) r(370,9) r(384,420) d(304) d(409) r(422,420) d(390) d(24) r(11,192)
10; 48; r(237,2) a(397,414) r(151,187) a(284,467) a(220,2) r(417,276) d(409) r(422,420) d(390) d(24) r(11,192)
11; 42; a(350,29) r(370,9) r(384,420) d(304) d(330)
12; 11, 13; a(350,29) r(334,347) r(214,357) r(414,274) r(370,9) r(384,420) a(447,133) a(214,148)
13; 11, 13; a(384,414) a(175,425) a(10,10) d(207) a(409,120) a(123,116)
14; 11; a(350,29) r(334,347) r(214,357) r(414,274) r(370,9) r(384,420) a(409,120) a(123,116)
15; 13; a(384,414) a(175,425) a(10,10) d(207) a(447,133) a(214,148)
16; 37, 35; d(458) r(422,420) d(390) r(291,415) a(123,136)
17; 37, 35; d(458) r(457,465) d(185) d(212) a(397,414) r(151,187) a(284,467) a(220,2) r(417,276) d(409) r(457,465) d(185) d(212) a(223,29) a(255,425) a(276,333) r(177,201)
18; 37; d(458) r(457,465) d(185) d(212) a(223,29) a(255,425) a(276,333) r(177,201)
19; 35; d(458) r(457,465) d(185) d(212) a(397,414) r(151,187) a(284,467) a(220,2) r(417,276) d(409) r(422,420) d(390) r(291,415) a(123,136)
20; 34; r(237,2) a(223,29) a(255,425) a(276,333) r(470,2)
21; 15; a(384,414) a(175,425) a(10,10) d(255) d(402) r(248,246) r(227,385) a(416,29)
22; 48; r(237,2) a(397,414) r(151,187) a(284,467) a(220,2) r(417,276) d(409) r(422,420) d(390) d(24) r(11,192)
23; 2; a(384,414) a(175,425) a(10,10) d(255) d(402) r(248,246) r(227,385) r(121,122)
24; 51, 50; r(237,2) a(397,414) r(151,187) a(284,467) a(220,2) r(417,276) d(409) r(422,420) d(390) r(414,274) a(157,159) r(334,347) r(214,357) r(429,185) d(324) a(289,235)
25; 51, 50; a(350,29) r(414,274) r(370,9) r(384,420) a(409,120) r(392,133)
26; 51; r(237,2) a(397,414) r(151,187) a(284,467) a(220,2) r(417,276) d(409) r(422,420) d(390) r(414,274) a(157,159) r(334,347) r(214,357) r(414,274) r(370,9) r(384,420) a(409,120) r(392,133)
27; 50; a(350,29) r(429,185) d(324) a(289,235)
28; 35; d(458) r(457,465) d(185) d(212) a(397,414) r(151,187) a(284,467) a(220,2) r(417,276) d(409) r(422,420) d(390) r(291,415) a(123,136)
29; 46; r(237,2) a(397,414) r(151,187) a(284,467) a(220,2) r(417,276) d(255) d(402) d(207) d(213) d(386)
30; 36, 45; r(237,2) a(397,414) r(151,187) a(284,467) a(220,2)
31; 36, 45; a(350,29) r(334,347) r(214,357) d(207) d(213) d(206) r(417,276) d(409) r(422,420) d(390) r(291,415) r(166,181)
32; 36; r(237,2) a(397,414) r(151,187) a(284,467) a(220,2) r(417,276) d(409) r(422,420) d(390) r(291,415) r(166,181)
33; 45; a(350,29) r(334,347) r(214,357) d(207) d(213) d(206)
34; 34, 3; r(237,2) a(223,29) a(255,425) a(10,10) r(359,334) a(214,145) a(172,197)
35; 34, 3; a(384,414) a(175,425) a(276,333) r(470,2)
36; 34; r(237,2) a(223,29) a(255,425) a(276,333) r(470,2)
37; 3; a(384,414) a(175,425) a(10,10) r(359,334) a(214,145) a(172,197)
38; 16; d(346) r(371,381) d(343) d(210) d(409) r(24,26) r(214,20) a(213,349) d(453)
39; 36; r(237,2) a(397,414) r(151,187) a(284,467) a(220,2) r(417,276) d(409) r(422,420) d(390) r(291,415) r(166,181)
40; 43; a(384,414) a(175,425) a(10,10) d(255) d(402) r(248,246) d(225) d(351)
41; 0; a(350,29) r(370,9) r(384,420) d(304) d(297)
42; 31, 23; a(384,414) a(175,425) d(404) d(202)
43; 31, 23; a(384,414) r(334,347) r(214,357) r(414,274) r(414,274) r(370,9) r(381,113) a(10,10) d(255) d(402) r(248,246) r(227,385) r(149,475)
44; 31; a(384,414) a(175,425) a(10,10) d(255) d(402) r(248,246) r(227,385) r(149,475)
45; 23; a(384,414) r(334,347) r(214,357) r(414,274) r(414,274) r(370,9) r(381,113) d(404) d(202)
46; 28, 39; d(210) d(463) r(257,298) a(448,31) d(343) d(210) d(258) a(421,415) d(424) d(441) r(287,29)
47; 28, 39; d(458) r(334,347) r(214,357) d(195) d(225)
48; 28; d(210) d(463) r(257,298) a(448,31) d(343) d(210) d(258) a(421,415) d(424) d(441) r(287,29)
49; 39; d(458) r(334,347) r(214,357) d(195) d(225)
50; 49, 25; a(368,430) r(441,272) a(444,9) r(228,400) a(214,175) a(337,229) d(157) d(391) a(161,455)
51; 49, 25; a(384,414) r(334,347) r(214,357) r(414,274) r(434,226) a(177,182) a(25,13)
52; 49; a(368,430) r(441,272) a(444,9) r(228,400) a(214,175) a(337,229) a(177,182) a(25,13)
53; 25; a(384,414) r(334,347) r(214,357) r(414,274) r(434,226) d(157) d(391) a(161,455)
54; 25, 46; a(384,414) r(334,347) r(214,357) r(414,274) r(434,226) a(284,467) a(220,2) r(417,276) d(255) d(402) d(207) d(213) d(386)
55; 25, 46; r(237,2) a(397,414) r(151,187) d(157) d(391) a(161,455)
56; 25; a(384,414) r(334,347) r(214,357) r(414,274) r(434,226) d(157) d(391) a(161,455)
57; 46; r(237,2) a(397,414) r(151,187) a(284,467) a(220,2) r(417,276) d(255) d(402) d(207) d(213) d(386)
58; 19; a(384,414) a(175,425) a(10,10) d(255) d(402) r(248,246) r(227,385) a(412,1)
59; 37; d(458) r(457,465) d(185) d(212) a(223,29) a(255,425) a(276,333) r(177,201)
60; 7, 47; r(237,2) a(397,414) r(151,187) a(284,467) a(220,2) r(417,276) d(409) r(422,420) d(390) r(291,415) a(121,130) r(414,274) r(370,9) r(384,420) a(409,120) a(21,52)
61; 7, 47; a(350,29) r(334,347) r(214,357)
62; 7; r(237,2) a(397,414) r(151,187) a(284,467) a(220,2) r(417,276) d(409) r(422,420) d(390) r(291,415) a(121,130)
63; 47; a(350,29) r(334,347) r(214,357) r(414,274) r(370,9) r(384,420) a(409,120) a(21,52)
64; 6, 24; d(458) r(457,465) d(185) d(237) d(214) r(368,429) r(417,397)
65; 6, 24; a(384,414) r(412,357) r(175,20) d(212) a(223,29) a(255,425) d(224) r(272,445) a(429,434)
66; 6; d(458) r(457,465) d(185) d(212) a(223,29) a(255,425) d(224) r(272,445) a(429,434)
67; 24; a(384,414) r(412,357) r(175,20) d(237) d(214) r(368,429) r(417,397)
--------------------------------------------------------------------------------
Mutation

0; a(384,414) a(175,425) r(287,29) a(253,2)
1; d(210) d(463) r(257,298) a(448,31) d(343) d(210) d(258) a(421,415) d(424) d(441) a(10,10) d(255) d(402) r(248,246) r(227,385) r(149,475) a(138,467)
2; a(384,414) a(175,425) a(10,10) d(255) d(402) r(248,246) r(227,385) r(149,475) d(442)
3; d(210) d(463) r(257,298) a(448,31) d(343) d(210) d(258) a(421,415) d(424) d(441) r(287,29) a(440,133)
4; a(368,430) d(255) r(370,9) r(384,420) d(304) d(330) r(416,403)
5; a(350,29) d(402) d(255) d(402) r(248,246) r(227,385) d(420) d(166)
6; a(368,430) d(255) d(402) d(255) d(402) r(248,246) r(227,385) d(420) r(334,406)
7; a(350,29) r(370,9) r(384,420) d(304) d(330) a(2,47)
8; r(237,2) a(397,414) r(151,187) a(284,467) a(220,2) r(417,276) d(330) a(129,274)
9; a(350,29) r(370,9) r(384,420) d(304) d(409) r(422,420) d(390) d(24) r(11,192) a(442,393)
10; r(237,2) a(397,414) r(151,187) a(284,467) a(220,2) r(417,276) d(409) r(422,420) d(390) d(24) r(11,192) r(337,37)
11; a(350,29) r(370,9) r(384,420) d(304) d(330) a(360,162)
12; a(350,29) r(334,347) r(214,357) r(414,274) r(370,9) r(384,420) a(447,133) a(214,148) d(401)
13; a(384,414) a(175,425) a(10,10) d(207) a(409,120) a(123,116) d(399)
14; a(350,29) r(334,347) r(214,357) r(414,274) r(370,9) r(384,420) a(409,120) a(123,116) r(230,246)
15; a(384,414) a(175,425) a(10,10) d(207) a(447,133) a(214,148) d(213)
16; d(458) r(422,420) d(390) r(291,415) a(123,136) d(213)
17; d(458) r(457,465) d(185) d(212) a(397,414) r(151,187) a(284,467) a(220,2) r(417,276) d(409) r(457,465) d(185) d(212) a(223,29) a(255,425) a(276,333) r(177,201) r(3,274)
18; d(458) r(457,465) d(185) d(212) a(223,29) a(255,425) a(276,333) r(177,201) a(224,294)
19; d(458) r(457,465) d(185) d(212) a(397,414) r(151,187) a(284,467) a(220,2) r(417,276) d(409) r(422,420) d(390) r(291,415) a(123,136) r(385,368)
20; r(237,2) a(223,29) a(255,425) a(276,333) r(470,2) r(423,19)
21; a(384,414) a(175,425) a(10,10) d(255) d(402) r(248,246) r(227,385) a(416,29) d(275)
22; r(237,2) a(397,414) r(151,187) a(284,467) a(220,2) r(417,276) d(409) r(422,420) d(390) d(24) r(11,192) a(347,249)
23; a(384,414) a(175,425) a(10,10) d(255) d(402) r(248,246) r(227,385) r(121,122) r(391,406)
24; r(237,2) a(397,414) r(151,187) a(284,467) a(220,2) r(417,276) d(409) r(422,420) d(390) r(414,274) a(157,159) r(334,347) r(214,357) r(429,185) d(324) a(289,235) a(210,226)
25; a(350,29) r(414,274) r(370,9) r(384,420) a(409,120) r(392,133) r(213,185)
26; r(237,2) a(397,414) r(151,187) a(284,467) a(220,2) r(417,276) d(409) r(422,420) d(390) r(414,274) a(157,159) r(334,347) r(214,357) r(414,274) r(370,9) r(384,420) a(409,120) r(392,133) a(20,448)
27; a(350,29) r(429,185) d(324) a(289,235) r(118,406)
28; d(458) r(457,465) d(185) d(212) a(397,414) r(151,187) a(284,467) a(220,2) r(417,276) d(409) r(422,420) d(390) r(291,415) a(123,136) d(233)
29; r(237,2) a(397,414) r(151,187) a(284,467) a(220,2) r(417,276) d(255) d(402) d(207) d(213) d(386) r(436,162)
30; r(237,2) a(397,414) r(151,187) a(284,467) a(220,2) r(214,120)
31; a(350,29) r(334,347) r(214,357) d(207) d(213) d(206) r(417,276) d(409) r(422,420) d(390) r(291,415) r(166,181) d(212)
32; r(237,2) a(397,414) r(151,187) a(284,467) a(220,2) r(417,276) d(409) r(422,420) d(390) r(291,415) r(166,181) d(183)
33; a(350,29) r(334,347) r(214,357) d(207) d(213) d(206) a(394,173)
34; r(237,2) a(223,29) a(255,425) a(10,10) r(359,334) a(214,145) a(172,197) d(396)
35; a(384,414) a(175,425) a(276,333) r(470,2) d(393)
36; r(237,2) a(223,29) a(255,425) a(276,333) r(470,2) r(172,337)
37; a(384,414) a(175,425) a(10,10) r(359,334) a(214,145) a(172,197) d(136)
38; d(346) r(371,381) d(343) d(210) d(409) r(24,26) r(214,20) a(213,349) d(453) r(327,210)
39; r(237,2) a(397,414) r(151,187) a(284,467) a(220,2) r(417,276) d(409) r(422,420) d(390) r(291,415) r(166,181) r(439,221)
40; a(384,414) a(175,425) a(10,10) d(255) d(402) r(248,246) d(225) d(351) d(258)
41; a(350,29) r(370,9) r(384,420) d(304) d(297) a(430,430)
42; a(384,414) a(175,425) d(404) d(202) r(214,350)
43; a(384,414) r(334,347) r(214,357) r(414,274) r(414,274) r(370,9) r(381,113) a(10,10) d(255) d(402) r(248,246) r(227,385) r(149,475) a(10,133)
44; a(384,414) a(175,425) a(10,10) d(255) d(402) r(248,246) r(227,385) r(149,475) d(14)
45; a(384,414) r(334,347) r(214,357) r(414,274) r(414,274) r(370,9) r(381,113) d(404) d(202) a(25,32)
46; d(210) d(463) r(257,298) a(448,31) d(343) d(210) d(258) a(421,415) d(424) d(441) r(287,29) a(369,447)
47; d(458) r(334,347) r(214,357) d(195) d(225) r(410,381)
48; d(210) d(463) r(257,298) a(448,31) d(343) d(210) d(258) a(421,415) d(424) d(441) r(287,29) d(337)
49; d(458) r(334,347) r(214,357) d(195) d(225) a(360,434)
50; a(368,430) r(441,272) a(444,9) r(228,400) a(214,175) a(337,229) d(157) d(391) a(161,455) d(447)
51; a(384,414) r(334,347) r(214,357) r(414,274) r(434,226) a(177,182) a(25,13) r(139,281)
52; a(368,430) r(441,272) a(444,9) r(228,400) a(214,175) a(337,229) a(177,182) a(25,13) d(422)
53; a(384,414) r(334,347) r(214,357) r(414,274) r(434,226) d(157) d(391) a(161,455) d(412)
54; a(384,414) r(334,347) r(214,357) r(414,274) r(434,226) a(284,467) a(220,2) r(417,276) d(255) d(402) d(207) d(213) d(386) d(468)
55; r(237,2) a(397,414) r(151,187) d(157) d(391) a(161,455) d(430)
56; a(384,414) r(334,347) r(214,357) r(414,274) r(434,226) d(157) d(391) a(161,455) r(123,131)
57; r(237,2) a(397,414) r(151,187) a(284,467) a(220,2) r(417,276) d(255) d(402) d(207) d(213) d(386) a(346,400)
58; a(384,414) a(175,425) a(10,10) d(255) d(402) r(248,246) r(227,385) a(412,1) d(212)
59; d(458) r(457,465) d(185) d(212) a(223,29) a(255,425) a(276,333) r(177,201) d(414)
60; r(237,2) a(397,414) r(151,187) a(284,467) a(220,2) r(417,276) d(409) r(422,420) d(390) r(291,415) a(121,130) r(414,274) r(370,9) r(384,420) a(409,120) a(21,52) a(330,41)
61; a(350,29) r(334,347) r(214,357) r(205,28)
62; r(237,2) a(397,414) r(151,187) a(284,467) a(220,2) r(417,276) d(409) r(422,420) d(390) r(291,415) a(121,130) d(245)
63; a(350,29) r(334,347) r(214,357) r(414,274) r(370,9) r(384,420) a(409,120) a(21,52) a(113,143)
64; d(458) r(457,465) d(185) d(237) d(214) r(368,429) r(417,397) a(346,328)
65; a(384,414) r(412,357) r(175,20) d(212) a(223,29) a(255,425) d(224) r(272,445) a(429,434) d(390)
66; d(458) r(457,465) d(185) d(212) a(223,29) a(255,425) d(224) r(272,445) a(429,434) r(210,168)
67; a(384,414) r(412,357) r(175,20) d(237) d(214) r(368,429) r(417,397) d(387)
--------------------------------------------------------------------------------
Evaluation

0; 0.
1; 0.
2; 0.
3; 0.
4; 0.
5; 0.
6; 0.
7; 0.
8; 0.
9; 0.
10; 0.
11; 0.
12; 0.
13; 0.
14; 0.
15; 0.
16; 0.
17; 0.
18; 0.
19; 0.
20; 0.
21; 0.
22; 0.
23; 0.
24; 0.
25; 0.
26; 0.
27; 0.
28; 0.
29; 0.
30; 0.
31; 0.
32; 0.
33; 0.
34; 0.
35; 0.
36; 0.
37; 0.
38; 0.
39; 0.
40; 0.
41; 0.
42; 0.
43; 0.
44; 0.
45; 0.
46; 0.
47; 0.
48; 0.
49; 0.
50; 0.
51; 0.
52; 0.
53; 0.
54; 0.
55; 0.
56; 0.
57; 0.
58; 0.
59; 0.
60; 0.
61; 0.
62; 0.
63; 0.
64; 0.
65; 0.
66; 0.
67; 0.
================================================================================
Generation 9

--------------------------------------------------------------------------------
Selection

0; 37
1; 15
2; 10
3; 62
4; 5
5; 20
6; 45
7; 27
8; 56
9; 22
10; 39
11; 67
12; 33
13; 27
14; 45
15; 41
16; 49
17; 29
18; 32
19; 35
20; 17
21; 3
22; 31
23; 1
24; 45
25; 60
26; 54
27; 21
28; 52
29; 10
30; 4
31; 55
32; 55
33; 63
34; 8
35; 15
36; 3
37; 60
38; 11
39; 50
--------------------------------------------------------------------------------
Crossover

0; 17; d(458) r(457,465) d(185) d(212) a(397,414) r(151,187) a(284,467) a(220,2) r(417,276) d(409) r(457,465) d(185) d(212) a(223,29) a(255,425) a(276,333) r(177,201) r(3,274)
1; 56; a(384,414) r(334,347) r(214,357) r(414,274) r(434,226) d(157) d(391) a(161,455) r(123,131)
2; 55, 21; r(237,2) a(10,10) d(255) d(402) r(248,246) r(227,385) a(416,29) d(275)
3; 55, 21; a(384,414) a(175,425) a(397,414) r(151,187) d(157) d(391) a(161,455) d(430)
4; 55; r(237,2) a(397,414) r(151,187) d(157) d(391) a(161,455) d(430)
5; 21; a(384,414) a(175,425) a(10,10) d(255) d(402) r(248,246) r(227,385) a(416,29) d(275)
6; 3, 31; d(210) d(463) r(257,298) a(448,31) d(343) d(210) d(258) a(421,415) d(424) d(441) r(287,29) a(440,133) d(206) r(417,276) d(409) r(422,420) d(390) r(291,415) r(166,181) d(212)
7; 3, 31; a(350,29) r(334,347) r(214,357) d(207) d(213)
8; 3; d(210) d(463) r(257,298) a(448,31) d(343) d(210) d(258) a(421,415) d(424) d(441) r(287,29) a(440,133)
9; 31; a(350,29) r(334,347) r(214,357) d(207) d(213) d(206) r(417,276) d(409) r(422,420) d(390) r(291,415) r(166,181) d(212)
10; 10; r(237,2) a(397,414) r(151,187) a(284,467) a(220,2) r(417,276) d(409) r(422,420) d(390) d(24) r(11,192) r(337,37)
11; 45; a(384,414) r(334,347) r(214,357) r(414,274) r(414,274) r(370,9) r(381,113) d(404) d(202) a(25,32)
12; 54; a(384,414) r(334,347) r(214,357) r(414,274) r(434,226) a(284,467) a(220,2) r(417,276) d(255) d(402) d(207) d(213) d(386) d(468)
13; 10; r(237,2) a(397,414) r(151,187) a(284,467) a(220,2) r(417,276) d(409) r(422,420) d(390) d(24) r(11,192) r(337,37)
14; 39; r(237,2) a(397,414) r(151,187) a(284,467) a(220,2) r(417,276) d(409) r(422,420) d(390) r(291,415) r(166,181) r(439,221)
15; 60; r(237,2) a(397,414) r(151,187) a(284,467) a(220,2) r(417,276) d(409) r(422,420) d(390) r(291,415) a(121,130) r(414,274) r(370,9) r(384,420) a(409,120) a(21,52) a(330,41)
16; 4, 52; a(368,430) a(444,9) r(228,400) a(214,175) a(337,229) a(177,182) a(25,13) d(422)
17; 4, 52; a(368,430) r(441,272) d(255) r(370,9) r(384,420) d(304) d(330) r(416,403)
18; 4; a(368,430) d(255) r(370,9) r(384,420) d(304) d(330) r(416,403)
19; 52; a(368,430) r(441,272) a(444,9) r(228,400) a(214,175) a(337,229) a(177,182) a(25,13) d(422)
20; 1, 67; d(210) d(463) r(257,298) r(368,429) r(417,397) d(387)
21; 1, 67; a(384,414) r(412,357) r(175,20) d(237) d(214) a(448,31) d(343) d(210) d(258) a(421,415) d(424) d(441) a(10,10) d(255) d(402) r(248,246) r(227,385) r(149,475) a(138,467)
22; 1; d(210) d(463) r(257,298) a(448,31) d(343) d(210) d(258) a(421,415) d(424) d(441) a(10,10) d(255) d(402) r(248,246) r(227,385) r(149,475) a(138,467)
23; 67; a(384,414) r(412,357) r(175,20) d(237) d(214) r(368,429) r(417,397) d(387)
24; 5; a(350,29) d(402) d(255) d(402) r(248,246) r(227,385) d(420) d(166)
25; 15; a(384,414) a(175,425) a(10,10) d(207) a(447,133) a(214,148) d(213)
26; 35; a(384,414) a(175,425) a(276,333) r(470,2) d(393)
27; 15; a(384,414) a(175,425) a(10,10) d(207) a(447,133) a(214,148) d(213)
28; 8, 32; r(237,2) a(397,414) r(151,187) a(284,467) a(220,2)
29; 8, 32; r(237,2) a(397,414) r(151,187) a(284,467) a(220,2) r(417,276) d(409) r(422,420) d(390) r(291,415) r(166,181) d(183) r(417,276) d(330) a(129,274)
30; 8; r(237,2) a(397,414) r(151,187) a(284,467) a(220,2) r(417,276) d(330) a(129,274)
31; 32; r(237,2) a(397,414) r(151,187) a(284,467) a(220,2) r(417,276) d(409) r(422,420) d(390) r(291,415) r(166,181) d(183)
32; 22, 60; r(237,2) a(397,414) r(151,187) a(284,467) a(220,2) r(417,276) d(409) r(151,187) a(284,467) a(220,2) r(417,276) d(409) r(422,420) d(390) r(291,415) a(121,130) r(414,274) r(370,9) r(384,420) a(409,120) a(21,52) a(330,41)
33; 22, 60; r(237,2) a(397,414) r(422,420) d(390) d(24) r(11,192) a(347,249)
34; 22; r(237,2) a(397,414) r(151,187) a(284,467) a(220,2) r(417,276) d(409) r(422,420) d(390) d(24) r(11,192) a(347,249)
35; 60; r(237,2) a(397,414) r(151,187) a(284,467) a(220,2) r(417,276) d(409) r(422,420) d(390) r(291,415) a(121,130) r(414,274) r(370,9) r(384,420) a(409,120) a(21,52) a(330,41)
36; 45, 41; a(384,414) r(334,347) r(214,357) d(297) a(430,430)
37; 45, 41; a(350,29) r(370,9) r(384,420) d(304) r(414,274) r(414,274) r(370,9) r(381,113) d(404) d(202) a(25,32)
38; 45; a(384,414) r(334,347) r(214,357) r(414,274) r(414,274) r(370,9) r(381,113) d(404) d(202) a(25,32)
39; 41; a(350,29) r(370,9) r(384,420) d(304) d(297) a(430,430)
40; 20; r(237,2) a(223,29) a(255,425) a(276,333) r(470,2) r(423,19)
41; 29; r(237,2) a(397,414) r(151,187) a(284,467) a(220,2) r(417,276) d(255) d(402) d(207) d(213) d(386) r(436,162)
42; 11; a(350,29) r(370,9) r(384,420) d(304) d(330) a(360,162)
43; 49; d(458) r(334,347) r(214,357) d(195) d(225) a(360,434)
44; 27, 33; a(350,29) d(207) d(213) d(206) a(394,173)
45; 27, 33; a(350,29) r(334,347) r(214,357) r(429,185) d(324) a(289,235) r(118,406)
46; 27; a(350,29) r(429,185) d(324) a(289,235) r(118,406)
47; 33; a(350,29) r(334,347) r(214,357) d(207) d(213) d(206) a(394,173)
48; 3, 37; d(210) d(463) r(257,298) a(448,31) d(343) d(210) d(258) a(421,415) r(359,334) a(214,145) a(172,197) d(136)
49; 3, 37; a(384,414) a(175,425) a(10,10) d(424) d(441) r(287,29) a(440,133)
50; 3; d(210) d(463) r(257,298) a(448,31) d(343) d(210) d(258) a(421,415) d(424) d(441) r(287,29) a(440,133)
51; 37; a(384,414) a(175,425) a(10,10) r(359,334) a(214,145) a(172,197) d(136)
52; 63, 50; a(350,29) r(334,347) r(214,357) r(414,274) r(370,9) a(161,455) d(447)
53; 63, 50; a(368,430) r(441,272) a(444,9) r(228,400) a(214,175) a(337,229) d(157) d(391) r(384,420) a(409,120) a(21,52) a(113,143)
54; 63; a(350,29) r(334,347) r(214,357) r(414,274) r(370,9) r(384,420) a(409,120) a(21,52) a(113,143)
55; 50; a(368,430) r(441,272) a(444,9) r(228,400) a(214,175) a(337,229) d(157) d(391) a(161,455) d(447)
56; 62; r(237,2) a(397,414) r(151,187) a(284,467) a(220,2) r(417,276) d(409) r(422,420) d(390) r(291,415) a(121,130) d(245)
57; 45; a(384,414) r(334,347) r(214,357) r(414,274) r(414,274) r(370,9) r(381,113) d(404) d(202) a(25,32)
58; 27; a(350,29) r(429,185) d(324) a(289,235) r(118,406)
59; 55; r(237,2) a(397,414) r(151,187) d(157) d(391) a(161,455) d(430)
--------------------------------------------------------------------------------
Mutation

0; d(458) r(457,465) d(185) d(212) a(397,414) r(151,187) a(284,467) a(220,2) r(417,276) d(409) r(457,465) d(185) d(212) a(223,29) a(255,425) a(276,333) r(177,201) r(3,274) a(278,229)
1; a(384,414) r(334,347) r(214,357) r(414,274) r(434,226) d(157) d(391) a(161,455) r(123,131) d(463)
2; r(237,2) a(10,10) d(255) d(402) r(248,246) r(227,385) a(416,29) d(275) a(212,420)
3; a(384,414) a(175,425) a(397,414) r(151,187) d(157) d(391) a(161,455) d(430) r(299,277)
4; r(237,2) a(397,414) r(151,187) d(157) d(391) a(161,455) d(430) d(231)
5; a(384,414) a(175,425) a(10,10) d(255) d(402) r(248,246) r(227,385) a(416,29) d(275) a(132,350)
6; d(210) d(463) r(257,298) a(448,31) d(343) d(210) d(258) a(421,415) d(424) d(441) r(287,29) a(440,133) d(206) r(417,276) d(409) r(422,420) d(390) r(291,415) r(166,181) d(212) a(404,276)
7; a(350,29) r(334,347) r(214,357) d(207) d(213) a(332,381)
8; d(210) d(463) r(257,298) a(448,31) d(343) d(210) d(258) a(421,415) d(424) d(441) r(287,29) a(440,133) r(137,381)
9; a(350,29) r(334,347) r(214,357) d(207) d(213) d(206) r(417,276) d(409) r(422,420) d(390) r(291,415) r(166,181) d(212) r(21,10)
10; r(237,2) a(397,414) r(151,187) a(284,467) a(220,2) r(417,276) d(409) r(422,420) d(390) d(24) r(11,192) r(337,37) r(219,447)
11; a(384,414) r(334,347) r(214,357) r(414,274) r(414,274) r(370,9) r(381,113) d(404) d(202) a(25,32) a(242,278)
12; a(384,414) r(334,347) r(214,357) r(414,274) r(434,226) a(284,467) a(220,2) r(417,276) d(255) d(402) d(207) d(213) d(386) d(468) d(245)
13; r(237,2) a(397,414) r(151,187) a(284,467) a(220,2) r(417,276) d(409) r(422,420) d(390) d(24) r(11,192) r(337,37) d(242)
14; r(237,2) a(397,414) r(151,187) a(284,467) a(220,2) r(417,276) d(409) r(422,420) d(390) r(291,415) r(166,181) r(439,221) d(20)
15; r(237,2) a(397,414) r(151,187) a(284,467) a(220,2) r(417,276) d(409) r(422,420) d(390) r(291,415) a(121,130) r(414,274) r(370,9) r(384,420) a(409,120) a(21,52) a(330,41) d(181)
16; a(368,430) a(444,9) r(228,400) a(214,175) a(337,229) a(177,182) a(25,13) d(422) d(257)
17; a(368,430) r(441,272) d(255) r(370,9) r(384,420) d(304) d(330) r(416,403) r(154,381)
18; a(368,430) d(255) r(370,9) r(384,420) d(304) d(330) r(416,403) d(457)
19; a(368,430) r(441,272) a(444,9) r(228,400) a(214,175) a(337,229) a(177,182) a(25,13) d(422) d(431)
20; d(210) d(463) r(257,298) r(368,429) r(417,397) d(387) a(175,330)
21; a(384,414) r(412,357) r(175,20) d(237) d(214) a(448,31) d(343) d(210) d(258) a(421,415) d(424) d(441) a(10,10) d(255) d(402) r(248,246) r(227,385) r(149,475) a(138,467) r(253,21)
22; d(210) d(463) r(257,298) a(448,31) d(343) d(210) d(258) a(421,415) d(424) d(441) a(10,10) d(255) d(402) r(248,246) r(227,385) r(149,475) a(138,467) d(440)
23; a(384,414) r(412,357) r(175,20) d(237) d(214) r(368,429) r(417,397) d(387) d(13)
24; a(350,29) d(402) d(255) d(402) r(248,246) r(227,385) d(420) d(166) r(374,227)
25; a(384,414) a(175,425) a(10,10) d(207) a(447,133) a(214,148) d(213) r(173,139)
26; a(384,414) a(175,425) a(276,333) r(470,2) d(393) r(214,171)
27; a(384,414) a(175,425) a(10,10) d(207) a(447,133) a(214,148) d(213) r(113,116)
28; r(237,2) a(397,414) r(151,187) a(284,467) a(220,2) a(469,21)
29; r(237,2) a(397,414) r(151,187) a(284,467) a(220,2) r(417,276) d(409) r(422,420) d(390) r(291,415) r(166,181) d(183) r(417,276) d(330) a(129,274) a(202,133)
30; r(237,2) a(397,414) r(151,187) a(284,467) a(220,2) r(417,276) d(330) a(129,274) a(413,173)
31; r(237,2) a(397,414) r(151,187) a(284,467) a(220,2) r(417,276) d(409) r(422,420) d(390) r(291,415) r(166,181) d(183) a(13,15)
32; r(237,2) a(397,414) r(151,187) a(284,467) a(220,2) r(417,276) d(409) r(151,187) a(284,467) a(220,2) r(417,276) d(409) r(422,420) d(390) r(291,415) a(121,130) r(414,274) r(370,9) r(384,420) a(409,120) a(21,52) a(330,41) a(213,213)
33; r(237,2) a(397,414) r(422,420) d(390) d(24) r(11,192) a(347,249) d(291)
34; r(237,2) a(397,414) r(151,187) a(284,467) a(220,2) r(417,276) d(409) r(422,420) d(390) d(24) r(11,192) a(347,249) a(131,121)
35; r(237,2) a(397,414) r(151,187) a(284,467) a(220,2) r(417,276) d(409) r(422,420) d(390) r(291,415) a(121,130) r(414,274) r(370,9) r(384,420) a(409,120) a(21,52) a(330,41) d(166)
36; a(384,414) r(334,347) r(214,357) d(297) a(430,430) a(301,28)
37; a(350,29) r(370,9) r(384,420) d(304) r(414,274) r(414,274) r(370,9) r(381,113) d(404) d(202) a(25,32) a(206,159)
38; a(384,414) r(334,347) r(214,357) r(414,274) r(414,274) r(370,9) r(381,113) d(404) d(202) a(25,32) d(418)
39; a(350,29) r(370,9) r(384,420) d(304) d(297) a(430,430) a(246,221)
40; r(237,2) a(223,29) a(255,425) a(276,333) r(470,2) r(423,19) r(153,213)
41; r(237,2) a(397,414) r(151,187) a(284,467) a(220,2) r(417,276) d(255) d(402) d(207) d(213) d(386) r(436,162) r(272,250)
42; a(350,29) r(370,9) r(384,420) d(304) d(330) a(360,162) r(325,352)
43; d(458) r(334,347) r(214,357) d(195) d(225) a(360,434) a(388,323)
44; a(350,29) d(207) d(213) d(206) a(394,173) r(325,393)
45; a(350,29) r(334,347) r(214,357) r(429,185) d(324) a(289,235) r(118,406) r(13,294)
46; a(350,29) r(429,185) d(324) a(289,235) r(118,406) a(281,20)
47; a(350,29) r(334,347) r(214,357) d(207) d(213) d(206) a(394,173) r(215,20)
48; d(210) d(463) r(257,298) a(448,31) d(343) d(210) d(258) a(421,415) r(359,334) a(214,145) a(172,197) d(136) a(378,386)
49; a(384,414) a(175,425) a(10,10) d(424) d(441) r(287,29) a(440,133) a(219,445)
50; d(210) d(463) r(257,298) a(448,31) d(343) d(210) d(258) a(421,415) d(424) d(441) r(287,29) a(440,133) d(221)
51; a(384,414) a(175,425) a(10,10) r(359,334) a(214,145) a(172,197) d(136) d(210)
52; a(350,29) r(334,347) r(214,357) r(414,274) r(370,9) a(161,455) d(447) d(212)
53; a(368,430) r(441,272) a(444,9) r(228,400) a(214,175) a(337,229) d(157) d(391) r(384,420) a(409,120) a(21,52) a(113,143) r(399,394)
54; a(350,29) r(334,347) r(214,357) r(414,274) r(370,9) r(384,420) a(409,120) a(21,52) a(113,143) d(355)
55; a(368,430) r(441,272) a(444,9) r(228,400) a(214,175) a(337,229) d(157) d(391) a(161,455) d(447) d(109)
56; r(237,2) a(397,414) r(151,187) a(284,467) a(220,2) r(417,276) d(409) r(422,420) d(390) r(291,415) a(121,130) d(245) d(340)
57; a(384,414) r(334,347) r(214,357) r(414,274) r(414,274) r(370,9) r(381,113) d(404) d(202) a(25,32) d(379)
58; a(350,29) r(429,185) d(324) a(289,235) r(118,406) a(201,213)
59; r(237,2) a(397,414) r(151,187) d(157) d(391) a(161,455) d(430) d(471)
--------------------------------------------------------------------------------
Evaluation

0; 0.
1; 0.
2; 0.
3; 0.
4; 0.
5; 0.
6; 0.
7; 0.
8; 0.
9; 0.
10; 0.
11; 0.
12; 0.
13; 0.
14; 0.
15; 0.
16; 0.
17; 0.
18; 0.
19; 0.
20; 0.
21; 0.
22; 0.
23; 0.
24; 0.
25; 0.
26; 0.
27; 0.
28; 0.
29; 0.
30; 0.
31; 0.
32; 0.
33; 0.
34; 0.
35; 0.
36; 0.
37; 0.
38; 0.
39; 0.
40; 0.
41; 0.
42; 0.
43; 0.
44; 0.
45; 0.
46; 0.
47; 0.
48; 0.
49; 0.
50; 0.
51; 0.
52; 0.
53; 0.
54; 0.
55; 0.
56; 0.
57; 0.
58; 0.
59; 0.
================================================================================
Generation 10

--------------------------------------------------------------------------------
Selection

0; 16
1; 57
2; 47
3; 50
4; 27
5; 56
6; 10
7; 41
8; 23
9; 20
10; 51
11; 36
12; 7
13; 48
14; 9
15; 46
16; 15
17; 39
18; 2
19; 32
20; 22
21; 42
22; 18
23; 30
24; 29
25; 46
26; 14
27; 1
28; 58
29; 50
30; 33
31; 28
32; 5
33; 44
34; 11
35; 42
36; 10
37; 56
38; 15
39; 38
--------------------------------------------------------------------------------
Crossover

0; 36, 38; a(384,414) r(334,347) r(214,357) d(297) r(381,113) d(404) d(202) a(25,32) d(418)
1; 36, 38; a(384,414) r(334,347) r(214,357) r(414,274) r(414,274) r(370,9) a(430,430) a(301,28)
2; 36; a(384,414) r(334,347) r(214,357) d(297) a(430,430) a(301,28)
3; 38; a(384,414) r(334,347) r(214,357) r(414,274) r(414,274) r(370,9) r(381,113) d(404) d(202) a(25,32) d(418)
4; 50; d(210) d(463) r(257,298) a(448,31) d(343) d(210) d(258) a(421,415) d(424) d(441) r(287,29) a(440,133) d(221)
5; 23; a(384,414) r(412,357) r(175,20) d(237) d(214) r(368,429) r(417,397) d(387) d(13)
6; 39, 46; a(350,29) r(370,9) r(384,420) r(429,185) d(324) a(289,235) r(118,406) a(281,20)
7; 39, 46; a(350,29) d(304) d(297) a(430,430) a(246,221)
8; 39; a(350,29) r(370,9) r(384,420) d(304) d(297) a(430,430) a(246,221)
9; 46; a(350,29) r(429,185) d(324) a(289,235) r(118,406) a(281,20)
10; 57, 42; a(384,414) r(334,347) r(214,357) r(414,274) r(414,274) r(370,9) r(381,113) d(404) d(202) a(25,32) d(379) d(330) a(360,162) r(325,352)
11; 57, 42; a(350,29) r(370,9) r(384,420) d(304)
12; 57; a(384,414) r(334,347) r(214,357) r(414,274) r(414,274) r(370,9) r(381,113) d(404) d(202) a(25,32) d(379)
13; 42; a(350,29) r(370,9) r(384,420) d(304) d(330) a(360,162) r(325,352)
14; 28, 9; r(237,2) a(397,414) r(151,187) r(417,276) d(409) r(422,420) d(390) r(291,415) r(166,181) d(212) r(21,10)
15; 28, 9; a(350,29) r(334,347) r(214,357) d(207) d(213) d(206) a(284,467) a(220,2) a(469,21)
16; 28; r(237,2) a(397,414) r(151,187) a(284,467) a(220,2) a(469,21)
17; 9; a(350,29) r(334,347) r(214,357) d(207) d(213) d(206) r(417,276) d(409) r(422,420) d(390) r(291,415) r(166,181) d(212) r(21,10)
18; 11, 48; a(384,414) r(334,347) a(172,197) d(136) a(378,386)
19; 11, 48; d(210) d(463) r(257,298) a(448,31) d(343) d(210) d(258) a(421,415) r(359,334) a(214,145) r(214,357) r(414,274) r(414,274) r(370,9) r(381,113) d(404) d(202) a(25,32) a(242,278)
20; 11; a(384,414) r(334,347) r(214,357) r(414,274) r(414,274) r(370,9) r(381,113) d(404) d(202) a(25,32) a(242,278)
21; 48; d(210) d(463) r(257,298) a(448,31) d(343) d(210) d(258) a(421,415) r(359,334) a(214,145) a(172,197) d(136) a(378,386)
22; 51; a(384,414) a(175,425) a(10,10) r(359,334) a(214,145) a(172,197) d(136) d(210)
23; 10; r(237,2) a(397,414) r(151,187) a(284,467) a(220,2) r(417,276) d(409) r(422,420) d(390) d(24) r(11,192) r(337,37) r(219,447)
24; 27, 7; a(384,414) d(213) a(332,381)
25; 27, 7; a(350,29) r(334,347) r(214,357) d(207) a(175,425) a(10,10) d(207) a(447,133) a(214,148) d(213) r(113,116)
26; 27; a(384,414) a(175,425) a(10,10) d(207) a(447,133) a(214,148) d(213) r(113,116)
27; 7; a(350,29) r(334,347) r(214,357) d(207) d(213) a(332,381)
28; 56, 50; r(237,2) a(397,414) r(151,187) a(284,467) a(220,2) r(417,276) d(210) d(258) a(421,415) d(424) d(441) r(287,29) a(440,133) d(221)
29; 56, 50; d(210) d(463) r(257,298) a(448,31) d(343) d(409) r(422,420) d(390) r(291,415) a(121,130) d(245) d(340)
30; 56; r(237,2) a(397,414) r(151,187) a(284,467) a(220,2) r(417,276) d(409) r(422,420) d(390) r(291,415) a(121,130) d(245) d(340)
31; 50; d(210) d(463) r(257,298) a(448,31) d(343) d(210) d(258) a(421,415) d(424) d(441) r(287,29) a(440,133) d(221)
32; 2; r(237,2) a(10,10) d(255) d(402) r(248,246) r(227,385) a(416,29) d(275) a(212,420)
33; 20; d(210) d(463) r(257,298) r(368,429) r(417,397) d(387) a(175,330)
34; 47, 33; a(350,29) r(334,347) r(214,357) d(207) d(213) r(422,420) d(390) d(24) r(11,192) a(347,249) d(291)
35; 47, 33; r(237,2) a(397,414) d(206) a(394,173) r(215,20)
36; 47; a(350,29) r(334,347) r(214,357) d(207) d(213) d(206) a(394,173) r(215,20)
37; 33; r(237,2) a(397,414) r(422,420) d(390) d(24) r(11,192) a(347,249) d(291)
38; 32, 5; r(237,2) a(397,414) r(151,187) a(284,467) a(220,2) r(417,276) d(409) r(151,187) a(284,467) a(220,2) r(417,276) d(409) r(422,420) d(390) r(291,415) a(121,130) r(414,274) r(370,9) r(384,420) a(409,120) a(10,10) d(255) d(402) r(248,246) r(227,385) a(416,29) d(275) a(132,350)
39; 32, 5; a(384,414) a(175,425) a(21,52) a(330,41) a(213,213)
40; 32; r(237,2) a(397,414) r(151,187) a(284,467) a(220,2) r(417,276) d(409) r(151,187) a(284,467) a(220,2) r(417,276) d(409) r(422,420) d(390) r(291,415) a(121,130) r(414,274) r(370,9) r(384,420) a(409,120) a(21,52) a(330,41) a(213,213)
41; 5; a(384,414) a(175,425) a(10,10) d(255) d(402) r(248,246) r(227,385) a(416,29) d(275) a(132,350)
42; 1; a(384,414) r(334,347) r(214,357) r(414,274) r(434,226) d(157) d(391) a(161,455) r(123,131) d(463)
43; 22; d(210) d(463) r(257,298) a(448,31) d(343) d(210) d(258) a(421,415) d(424) d(441) a(10,10) d(255) d(402) r(248,246) r(227,385) r(149,475) a(138,467) d(440)
44; 44; a(350,29) d(207) d(213) d(206) a(394,173) r(325,393)
45; 18; a(368,430) d(255) r(370,9) r(384,420) d(304) d(330) r(416,403) d(457)
46; 14, 58; r(237,2) a(397,414) a(201,213)
47; 14, 58; a(350,29) r(429,185) d(324) a(289,235) r(118,406) r(151,187) a(284,467) a(220,2) r(417,276) d(409) r(422,420) d(390) r(291,415) r(166,181) r(439,221) d(20)
48; 14; r(237,2) a(397,414) r(151,187) a(284,467) a(220,2) r(417,276) d(409) r(422,420) d(390) r(291,415) r(166,181) r(439,221) d(20)
49; 58; a(350,29) r(429,185) d(324) a(289,235) r(118,406) a(201,213)
50; 29; r(237,2) a(397,414) r(151,187) a(284,467) a(220,2) r(417,276) d(409) r(422,420) d(390) r(291,415) r(166,181) d(183) r(417,276) d(330) a(129,274) a(202,133)
51; 46; a(350,29) r(429,185) d(324) a(289,235) r(118,406) a(281,20)
52; 15; r(237,2) a(397,414) r(151,187) a(284,467) a(220,2) r(417,276) d(409) r(422,420) d(390) r(291,415) a(121,130) r(414,274) r(370,9) r(384,420) a(409,120) a(21,52) a(330,41) d(181)
53; 30; r(237,2) a(397,414) r(151,187) a(284,467) a(220,2) r(417,276) d(330) a(129,274) a(413,173)
54; 41; r(237,2) a(397,414) r(151,187) a(284,467) a(220,2) r(417,276) d(255) d(402) d(207) d(213) d(386) r(436,162) r(272,250)
55; 10; r(237,2) a(397,414) r(151,187) a(284,467) a(220,2) r(417,276) d(409) r(422,420) d(390) d(24) r(11,192) r(337,37) r(219,447)
56; 56; r(237,2) a(397,414) r(151,187) a(284,467) a(220,2) r(417,276) d(409) r(422,420) d(390) r(291,415) a(121,130) d(245) d(340)
57; 16; a(368,430) a(444,9) r(228,400) a(214,175) a(337,229) a(177,182) a(25,13) d(422) d(257)
58; 42, 15; a(350,29) r(370,9) r(384,420) d(304) d(330) a(360,162) r(325,352) a(397,414) r(151,187) a(284,467) a(220,2) r(417,276) d(409) r(422,420) d(390) r(291,415) a(121,130) r(414,274) r(370,9) r(384,420) a(409,120) a(21,52) a(330,41) d(181)
59; 42, 15; r(237,2)
60; 42; a(350,29) r(370,9) r(384,420) d(304) d(330) a(360,162) r(325,352)
61; 15; r(237,2) a(397,414) r(151,187) a(284,467) a(220,2) r(417,276) d(409) r(422,420) d(390) r(291,415) a(121,130) r(414,274) r(370,9) r(384,420) a(409,120) a(21,52) a(330,41) d(181)
--------------------------------------------------------------------------------
Mutation

0; a(384,414) r(334,347) r(214,357) d(297) r(381,113) d(404) d(202) a(25,32) d(418) d(253)
1; a(384,414) r(334,347) r(214,357) r(414,274) r(414,274) r(370,9) a(430,430) a(301,28) a(286,276)
2; a(384,414) r(334,347) r(214,357) d(297) a(430,430) a(301,28) a(455,467)
3; a(384,414) r(334,347) r(214,357) r(414,274) r(414,274) r(370,9) r(381,113) d(404) d(202) a(25,32) d(418) a(337,301)
4; d(210) d(463) r(257,298) a(448,31) d(343) d(210) d(258) a(421,415) d(424) d(441) r(287,29) a(440,133) d(221) a(146,467)
5; a(384,414) r(412,357) r(175,20) d(237) d(214) r(368,429) r(417,397) d(387) d(13) d(439)
6; a(350,29) r(370,9) r(384,420) r(429,185) d(324) a(289,235) r(118,406) a(281,20) r(228,202)
7; a(350,29) d(304) d(297) a(430,430) a(246,221) r(235,351)
8; a(350,29) r(370,9) r(384,420) d(304) d(297) a(430,430) a(246,221) d(337)
9; a(350,29) r(429,185) d(324) a(289,235) r(118,406) a(281,20) r(449,381)
10; a(384,414) r(334,347) r(214,357) r(414,274) r(414,274) r(370,9) r(381,113) d(404) d(202) a(25,32) d(379) d(330) a(360,162) r(325,352) d(350)
11; a(350,29) r(370,9) r(384,420) d(304) d(284)
12; a(384,414) r(334,347) r(214,357) r(414,274) r(414,274) r(370,9) r(381,113) d(404) d(202) a(25,32) d(379) r(166,199)
13; a(350,29) r(370,9) r(384,420) d(304) d(330) a(360,162) r(325,352) a(459,425)
14; r(237,2) a(397,414) r(151,187) r(417,276) d(409) r(422,420) d(390) r(291,415) r(166,181) d(212) r(21,10) a(471,286)
15; a(350,29) r(334,347) r(214,357) d(207) d(213) d(206) a(284,467) a(220,2) a(469,21) a(20,384)
16; r(237,2) a(397,414) r(151,187) a(284,467) a(220,2) a(469,21) a(117,9)
17; a(350,29) r(334,347) r(214,357) d(207) d(213) d(206) r(417,276) d(409) r(422,420) d(390) r(291,415) r(166,181) d(212) r(21,10) d(387)
18; a(384,414) r(334,347) a(172,197) d(136) a(378,386) d(200)
19; d(210) d(463) r(257,298) a(448,31) d(343) d(210) d(258) a(421,415) r(359,334) a(214,145) r(214,357) r(414,274) r(414,274) r(370,9) r(381,113) d(404) d(202) a(25,32) a(242,278) r(161,286)
20; a(384,414) r(334,347) r(214,357) r(414,274) r(414,274) r(370,9) r(381,113) d(404) d(202) a(25,32) a(242,278) r(113,2)
21; d(210) d(463) r(257,298) a(448,31) d(343) d(210) d(258) a(421,415) r(359,334) a(214,145) a(172,197) d(136) a(378,386) d(216)
22; a(384,414) a(175,425) a(10,10) r(359,334) a(214,145) a(172,197) d(136) d(210) a(449,449)
23; r(237,2) a(397,414) r(151,187) a(284,467) a(220,2) r(417,276) d(409) r(422,420) d(390) d(24) r(11,192) r(337,37) r(219,447) r(210,41)
24; a(384,414) d(213) a(332,381) a(232,349)
25; a(350,29) r(334,347) r(214,357) d(207) a(175,425) a(10,10) d(207) a(447,133) a(214,148) d(213) r(113,116) d(415)
26; a(384,414) a(175,425) a(10,10) d(207) a(447,133) a(214,148) d(213) r(113,116) a(472,393)
27; a(350,29) r(334,347) r(214,357) d(207) d(213) a(332,381) d(111)
28; r(237,2) a(397,414) r(151,187) a(284,467) a(220,2) r(417,276) d(210) d(258) a(421,415) d(424) d(441) r(287,29) a(440,133) d(221) d(284)
29; d(210) d(463) r(257,298) a(448,31) d(343) d(409) r(422,420) d(390) r(291,415) a(121,130) d(245) d(340) r(418,52)
30; r(237,2) a(397,414) r(151,187) a(284,467) a(220,2) r(417,276) d(409) r(422,420) d(390) r(291,415) a(121,130) d(245) d(340) a(204,9)
31; d(210) d(463) r(257,298) a(448,31) d(343) d(210) d(258) a(421,415) d(424) d(441) r(287,29) a(440,133) d(221) a(299,52)
32; r(237,2) a(10,10) d(255) d(402) r(248,246) r(227,385) a(416,29) d(275) a(212,420) r(224,355)
33; d(210) d(463) r(257,298) r(368,429) r(417,397) d(387) a(175,330) d(176)
34; a(350,29) r(334,347) r(214,357) d(207) d(213) r(422,420) d(390) d(24) r(11,192) a(347,249) d(291) a(241,287)
35; r(237,2) a(397,414) d(206) a(394,173) r(215,20) d(213)
36; a(350,29) r(334,347) r(214,357) d(207) d(213) d(206) a(394,173) r(215,20) r(149,192)
37; r(237,2) a(397,414) r(422,420) d(390) d(24) r(11,192) a(347,249) d(291) r(153,221)
38; r(237,2) a(397,414) r(151,187) a(284,467) a(220,2) r(417,276) d(409) r(151,187) a(284,467) a(220,2) r(417,276) d(409) r(422,420) d(390) r(291,415) a(121,130) r(414,274) r(370,9) r(384,420) a(409,120) a(10,10) d(255) d(402) r(248,246) r(227,385) a(416,29) d(275) a(132,350) d(158)
39; a(384,414) a(175,425) a(21,52) a(330,41) a(213,213) d(212)
40; r(237,2) a(397,414) r(151,187) a(284,467) a(220,2) r(417,276) d(409) r(151,187) a(284,467) a(220,2) r(417,276) d(409) r(422,420) d(390) r(291,415) a(121,130) r(414,274) r(370,9) r(384,420) a(409,120) a(21,52) a(330,41) a(213,213) d(218)
41; a(384,414) a(175,425) a(10,10) d(255) d(402) r(248,246) r(227,385) a(416,29) d(275) a(132,350) d(177)
42; a(384,414) r(334,347) r(214,357) r(414,274) r(434,226) d(157) d(391) a(161,455) r(123,131) d(463) a(378,406)
43; d(210) d(463) r(257,298) a(448,31) d(343) d(210) d(258) a(421,415) d(424) d(441) a(10,10) d(255) d(402) r(248,246) r(227,385) r(149,475) a(138,467) d(440) d(11)
44; a(350,29) d(207) d(213) d(206) a(394,173) r(325,393) a(120,273)
45; a(368,430) d(255) r(370,9) r(384,420) d(304) d(330) r(416,403) d(457) r(432,410)
46; r(237,2) a(397,414) a(201,213) d(368)
47; a(350,29) r(429,185) d(324) a(289,235) r(118,406) r(151,187) a(284,467) a(220,2) r(417,276) d(409) r(422,420) d(390) r(291,415) r(166,181) r(439,221) d(20) a(396,355)
48; r(237,2) a(397,414) r(151,187) a(284,467) a(220,2) r(417,276) d(409) r(422,420) d(390) r(291,415) r(166,181) r(439,221) d(20) a(183,350)
49; a(350,29) r(429,185) d(324) a(289,235) r(118,406) a(201,213) a(435,419)
50; r(237,2) a(397,414) r(151,187) a(284,467) a(220,2) r(417,276) d(409) r(422,420) d(390) r(291,415) r(166,181) d(183) r(417,276) d(330) a(129,274) a(202,133) a(443,29)
51; a(350,29) r(429,185) d(324) a(289,235) r(118,406) a(281,20) d(149)
52; r(237,2) a(397,414) r(151,187) a(284,467) a(220,2) r(417,276) d(409) r(422,420) d(390) r(291,415) a(121,130) r(414,274) r(370,9) r(384,420) a(409,120) a(21,52) a(330,41) d(181) d(236)
53; r(237,2) a(397,414) r(151,187) a(284,467) a(220,2) r(417,276) d(330) a(129,274) a(413,173) d(470)
54; r(237,2) a(397,414) r(151,187) a(284,467) a(220,2) r(417,276) d(255) d(402) d(207) d(213) d(386) r(436,162) r(272,250) d(10)
55; r(237,2) a(397,414) r(151,187) a(284,467) a(220,2) r(417,276) d(409) r(422,420) d(390) d(24) r(11,192) r(337,37) r(219,447) r(250,374)
56; r(237,2) a(397,414) r(151,187) a(284,467) a(220,2) r(417,276) d(409) r(422,420) d(390) r(291,415) a(121,130) d(245) d(340) r(328,467)
57; a(368,430) a(444,9) r(228,400) a(214,175) a(337,229) a(177,182) a(25,13) d(422) d(257) r(328,420)
58; a(350,29) r(370,9) r(384,420) d(304) d(330) a(360,162) r(325,352) a(397,414) r(151,187) a(284,467) a(220,2) r(417,276) d(409) r(422,420) d(390) r(291,415) a(121,130) r(414,274) r(370,9) r(384,420) a(409,120) a(21,52) a(330,41) d(181) d(174)
59; r(237,2) a(257,328)
60; a(350,29) r(370,9) r(384,420) d(304) d(330) a(360,162) r(325,352) r(412,377)
61; r(237,2) a(397,414) r(151,187) a(284,467) a(220,2) r(417,276) d(409) r(422,420) d(390) r(291,415) a(121,130) r(414,274) r(370,9) r(384,420) a(409,120) a(21,52) a(330,41) d(181) r(238,290)
--------------------------------------------------------------------------------
Evaluation

0; 0.
1; 0.
2; 0.
3; 0.
4; 0.
5; 0.
6; 0.
7; 0.
8; 0.
9; 0.
10; 0.
11; 0.
12; 0.
13; 0.
14; 0.
15; 0.
16; 0.
17; 0.
18; 0.
19; 0.
20; 0.
21; 0.
22; 0.
23; 0.
24; 0.
25; 0.
26; 0.
27; 0.
28; 0.
29; 0.
30; 0.
31; 0.
32; 0.
33; 0.
34; 0.
35; 0.
36; 0.
37; 0.
38; 0.
39; 0.
40; 0.
41; 0.
42; 0.
43; 0.
44; 0.
45; 0.
46; 0.
47; 0.
48; 0.
49; 0.
50; 0.
51; 0.
52; 0.
53; 0.
54; 0.
55; 0.
56; 0.
57; 0.
58; 0.
59; 0.
60; 0.
61; 0.
