================================================================================
Enclosure

1: 0
2: 0
3: 0
4: 3
5: 4
6: 4
7: 4
8: 4
9: 3
10: 0
11: 0
12: 11
13: 11
14: 0
15: 0
16: 15
17: 15
18: 15
19: 15
20: 0
21: 0
22: 0
23: 0
24: 0
25: 0
26: 0
28: 26
29: 0
31: 29
32: 0
33: 0
34: 0
35: 0
37: 35
38: 0
39: 0
40: 39
41: 40
43: 39
45: 43
46: 39
47: 0
48: 0
50: 48
52: 50
53: 0
54: 0
56: 0
58: 56
59: 0
60: 0
61: 0
62: 0
64: 0
65: 0
67: 0
68: 0
69: 0
70: 0
71: 0
72: 71
73: 72
75: 71
76: 71
77: 71
78: 0
79: 78
80: 78
81: 78
82: 78
83: 82
84: 83
86: 82
87: 82
88: 82
89: 78
90: 0
91: 0
92: 0
93: 92
94: 93
95: 93
96: 92
97: 96
98: 96
99: 96
100: 92
101: 100
102: 100
103: 92
104: 92
105: 0
106: 105
107: 105
108: 0
109: 0
110: 0
111: 0
112: 111
113: 112
115: 111
116: 111
117: 0
118: 0
119: 118
120: 118
121: 0
122: 0
123: 0
124: 0
126: 0
127: 126
128: 126
129: 126
130: 126
131: 126
132: 126
133: 126
134: 0
135: 134
136: 134
137: 0
138: 137
139: 137
141: 0
142: 0
143: 0
145: 0
146: 0
147: 0
148: 0
149: 148
150: 149
151: 149
152: 149
153: 152
154: 153
156: 152
157: 152
158: 149
159: 149
160: 149
161: 160
162: 161
164: 160
165: 160
166: 148
167: 166
168: 167
170: 167
171: 166
172: 148
173: 148
174: 0
175: 0
176: 175
177: 175
178: 177
180: 175
181: 175
182: 181
183: 181
184: 181
185: 184
187: 181
188: 181
189: 181
190: 189
192: 189
193: 175
194: 193
195: 193
197: 193
198: 175
199: 0
200: 0
201: 200
202: 201
204: 200
205: 0
206: 205
207: 205
208: 207
210: 207
211: 205
212: 0
213: 0
214: 0
215: 0
216: 0
217: 0
218: 217
219: 217
220: 217
221: 220
223: 217
224: 217
225: 217
226: 225
227: 225
228: 0
229: 0
230: 0
231: 0
232: 231
233: 232
235: 231
236: 231
237: 231
238: 231
239: 231
240: 231
241: 231
242: 231
243: 231
244: 231
245: 231
246: 231
247: 231
248: 231
249: 231
250: 231
251: 231
252: 231
253: 0
254: 0
255: 0
256: 0
257: 0
258: 257
259: 258
260: 258
261: 258
262: 258
263: 262
264: 263
266: 262
268: 266
269: 262
270: 262
271: 262
272: 258
273: 257
274: 257
275: 257
276: 257
277: 0
278: 277
279: 278
280: 279
281: 280
284: 278
286: 277
287: 0
289: 287
290: 0
291: 0
292: 291
293: 292
294: 293
297: 291
298: 291
299: 291
300: 291
301: 291
303: 301
304: 291
305: 304
306: 304
307: 304
308: 304
309: 304
311: 309
312: 304
313: 304
314: 304
315: 304
316: 315
317: 316
319: 315
320: 315
321: 304
323: 304
324: 0
325: 0
326: 0
327: 0
328: 0
330: 328
331: 0
332: 0
333: 0
334: 0
335: 0
337: 335
338: 0
339: 0
340: 339
341: 340
343: 339
344: 339
346: 344
347: 346
349: 347
350: 346
351: 339
352: 351
353: 352
355: 353
356: 352
357: 352
358: 351
359: 339
360: 0
361: 360
362: 360
364: 0
365: 0
367: 0
368: 0
369: 0
370: 369
371: 369
372: 371
373: 371
374: 373
376: 0
377: 376
378: 377
379: 377
380: 379
381: 379
382: 377
384: 377
385: 376
386: 0
387: 386
388: 386
390: 386
391: 0
392: 391
393: 391
394: 0
396: 394
397: 396
398: 396
399: 398
400: 398
401: 396
402: 396
403: 396
404: 403
405: 404
406: 405
409: 403
410: 403
411: 396
412: 411
413: 411
414: 396
415: 396
416: 0
417: 0
418: 0
419: 418
420: 418
421: 0
422: 421
423: 421
424: 421
425: 424
427: 421
428: 0
429: 428
430: 428
431: 0
432: 431
433: 431
434: 431
435: 0
436: 0
437: 0
438: 0
439: 438
440: 438
441: 438
442: 0
443: 0
444: 443
445: 444
446: 444
447: 444
448: 443
449: 443
450: 0
451: 0
452: 0
453: 0
454: 453
455: 454
457: 453
458: 453
459: 453
460: 0
461: 460
462: 460
463: 0
464: 0
465: 0
466: 465
467: 465
468: 0
469: 0
470: 469
471: 469
472: 0
473: 0
474: 473
475: 473
477: 0
478: 0
479: 0
================================================================================
Initialisation

0; r(135,185); 2.
1; d(299); 0.
2; d(213); 5.
3; a(210,274); 5.
4; a(25,434); 5.
5; a(463,400); 5.
6; r(438,390); 0.
7; r(459,460); 5.
8; r(448,22); 0.
9; a(350,290); 5.
10; d(253); 0.
11; r(162,448); 4.
12; d(274); 0.
13; a(141,233); 5.
14; r(210,447); 5.
15; a(119,134); 5.
16; r(401,323); 0.
17; r(424,380); 0.
18; r(181,145); 0.
19; a(279,248); 5.
20; r(133,444); 12.
21; r(229,172); 0.
22; r(217,439); 0.
23; a(332,471); 5.
24; a(350,385); 5.
25; a(213,160); 5.
26; a(219,19); 5.
27; a(208,449); 5.
28; r(242,227); 0.
29; d(284); 0.
30; a(246,346); 0.
31; d(388); 0.
32; d(184); 1.
33; d(343); 5.
34; a(442,1); 5.
35; d(133); 5.
36; r(117,141); 0.
37; r(463,185); 0.
38; r(465,455); 0.
39; original; 5.
================================================================================
Generation 1

--------------------------------------------------------------------------------
Selection

0; 12
1; 13
2; 39
3; 6
4; 32
5; 30
6; 33
7; 10
8; 8
9; 30
10; 17
11; 24
12; 37
13; 0
14; 19
15; 25
16; 27
17; 31
18; 28
19; 6
20; 27
21; 22
22; 21
23; 16
24; 24
25; 11
26; 7
27; 10
28; 8
29; 18
30; 12
31; 27
32; 2
33; 25
34; 31
35; 30
36; 38
37; 6
38; 18
39; 39
--------------------------------------------------------------------------------
Crossover

0; 8; r(448,22)
1; 6; r(438,390)
2; 27, 31; a(208,449)
3; 27, 31; d(388)
4; 27; a(208,449)
5; 31; d(388)
6; 38, 27; r(465,455)
7; 38, 27; a(208,449)
8; 38; r(465,455)
9; 27; a(208,449)
10; 31; d(388)
11; 24; a(350,385)
12; 19; a(279,248)
13; 39; original
14; 12; d(274)
15; 7; r(459,460)
16; 6; r(438,390)
17; 0; r(135,185)
18; 32; d(184)
19; 18; r(181,145)
20; 25, 22; a(213,160)
21; 25, 22; r(217,439)
22; 25; a(213,160)
23; 22; r(217,439)
24; 21, 18; r(229,172)
25; 21, 18; r(181,145)
26; 21; r(229,172)
27; 18; r(181,145)
28; 10; d(253)
29; 6; r(438,390)
30; 16, 28; r(401,323)
31; 16, 28; r(242,227)
32; 16; r(401,323)
33; 28; r(242,227)
34; 8, 17; r(448,22)
35; 8, 17; r(424,380)
36; 8; r(448,22)
37; 17; r(424,380)
38; 13, 24; a(141,233)
39; 13, 24; a(350,385)
40; 13; a(141,233)
41; 24; a(350,385)
42; 30; a(246,346)
43; 30; a(246,346)
44; 2, 27; d(213)
45; 2, 27; a(208,449)
46; 2; d(213)
47; 27; a(208,449)
48; 11; r(162,448)
49; 39; original
50; 12, 33; d(274)
51; 12, 33; d(343)
52; 12; d(274)
53; 33; d(343)
54; 37; r(463,185)
55; 10; d(253)
56; 25, 30; a(213,160)
57; 25, 30; a(246,346)
58; 25; a(213,160)
59; 30; a(246,346)
--------------------------------------------------------------------------------
Mutation

0; r(448,22) r(249,9)
1; r(438,390) r(350,381)
2; a(208,449) d(409)
3; d(388) r(368,379)
4; a(208,449) a(193,208)
5; d(388) d(394)
6; r(465,455) r(177,164)
7; a(208,449) a(332,324)
8; r(465,455) a(368,471)
9; a(208,449) d(139)
10; d(388) d(243)
11; a(350,385) r(229,276)
12; a(279,248) d(424)
13; d(244)
14; d(274) r(110,20)
15; r(459,460) d(431)
16; r(438,390) r(384,154)
17; r(135,185) a(225,341)
18; d(184) d(356)
19; r(181,145) d(355)
20; a(213,160) d(220)
21; r(217,439) a(214,157)
22; a(213,160) d(220)
23; r(217,439) d(387)
24; r(229,172) d(249)
25; r(181,145) d(134)
26; r(229,172) d(440)
27; r(181,145) r(356,258)
28; d(253) r(225,406)
29; r(438,390) a(158,198)
30; r(401,323) r(210,390)
31; r(242,227) a(213,228)
32; r(401,323) r(373,410)
33; r(242,227) d(331)
34; r(448,22) d(326)
35; r(424,380) r(210,154)
36; r(448,22) r(117,173)
37; r(424,380) d(387)
38; a(141,233) r(252,286)
39; a(350,385) d(382)
40; a(141,233) d(437)
41; a(350,385) d(404)
42; a(246,346) r(406,20)
43; a(246,346) a(334,406)
44; d(213) d(152)
45; a(208,449) d(212)
46; d(213) r(334,192)
47; a(208,449) r(171,420)
48; r(162,448) r(381,415)
49; a(422,226)
50; d(274) a(167,381)
51; d(343) r(213,150)
52; d(274) d(464)
53; d(343) d(429)
54; r(463,185) d(325)
55; d(253) r(439,171)
56; a(213,160) d(229)
57; a(246,346) r(225,446)
58; a(213,160) r(459,464)
59; a(246,346) a(220,341)
--------------------------------------------------------------------------------
Evaluation

0; 0.
1; 0.
2; 5.
3; 0.
4; 0.
5; 0.
6; 0.
7; 5.
8; 0.
9; 5.
10; 0.
11; 0.
12; 0.
13; 0.
14; 0.
15; 0.
16; 0.
17; 2.
18; 1.
19; 0.
20; 0.
21; 0.
22; 0.
23; 0.
24; 0.
25; 0.
26; 0.
27; 0.
28; 0.
29; 0.
30; 0.
31; 0.
32; 0.
33; 0.
34; 0.
35; 0.
36; 0.
37; 0.
38; 0.
39; 0.
40; 0.
41; 0.
42; 0.
43; 0.
44; 5.
45; 5.
46; 5.
47; 5.
48; 4.
49; 0.
50; 0.
51; 5.
52; 0.
53; 5.
54; 0.
55; 0.
56; 0.
57; 0.
58; 5.
59; 0.
================================================================================
Generation 2

--------------------------------------------------------------------------------
Selection

0; 47
1; 28
2; 13
3; 38
4; 35
5; 4
6; 16
7; 25
8; 34
9; 8
10; 37
11; 47
12; 19
13; 49
14; 16
15; 38
16; 22
17; 31
18; 55
19; 29
20; 57
21; 26
22; 29
23; 22
24; 33
25; 16
26; 4
27; 20
28; 36
29; 6
30; 34
31; 1
32; 19
33; 21
34; 56
35; 1
36; 3
37; 49
38; 50
39; 52
--------------------------------------------------------------------------------
Crossover

0; 4, 8; a(208,449)
1; 4, 8; r(465,455) a(368,471) a(193,208)
2; 4; a(208,449) a(193,208)
3; 8; r(465,455) a(368,471)
4; 16; r(438,390) r(384,154)
5; 35; r(424,380) r(210,154)
6; 47; a(208,449) r(171,420)
7; 26; r(229,172) d(440)
8; 47; a(208,449) r(171,420)
9; 1; r(438,390) r(350,381)
10; 34; r(448,22) d(326)
11; 56; a(213,160) d(229)
12; 25; r(181,145) d(134)
13; 38; a(141,233) r(252,286)
14; 22, 19; a(213,160)
15; 22, 19; r(181,145) d(355) d(220)
16; 22; a(213,160) d(220)
17; 19; r(181,145) d(355)
18; 34, 29; r(448,22) d(326) a(158,198)
19; 34, 29; r(438,390)
20; 34; r(448,22) d(326)
21; 29; r(438,390) a(158,198)
22; 6; r(465,455) r(177,164)
23; 22; a(213,160) d(220)
24; 50, 16; d(274) a(167,381)
25; 50, 16; r(438,390) r(384,154)
26; 50; d(274) a(167,381)
27; 16; r(438,390) r(384,154)
28; 31, 49; r(242,227)
29; 31, 49; a(422,226) a(213,228)
30; 31; r(242,227) a(213,228)
31; 49; a(422,226)
32; 49; a(422,226)
33; 16; r(438,390) r(384,154)
34; 1, 29; r(438,390)
35; 1, 29; r(438,390) a(158,198) r(350,381)
36; 1; r(438,390) r(350,381)
37; 29; r(438,390) a(158,198)
38; 55, 57; d(253) r(439,171) r(225,446)
39; 55, 57; a(246,346)
40; 55; d(253) r(439,171)
41; 57; a(246,346) r(225,446)
42; 36, 4; r(448,22) r(117,173)
43; 36, 4; a(208,449) a(193,208)
44; 36; r(448,22) r(117,173)
45; 4; a(208,449) a(193,208)
46; 33, 38; r(242,227) r(252,286)
47; 33, 38; a(141,233) d(331)
48; 33; r(242,227) d(331)
49; 38; a(141,233) r(252,286)
50; 20; a(213,160) d(220)
51; 37; r(424,380) d(387)
52; 13, 3; d(244)
53; 13, 3; d(388) r(368,379)
54; 13; d(244)
55; 3; d(388) r(368,379)
56; 19, 21; r(181,145) a(214,157)
57; 19, 21; r(217,439) d(355)
58; 19; r(181,145) d(355)
59; 21; r(217,439) a(214,157)
60; 28; d(253) r(225,406)
61; 52; d(274) d(464)
--------------------------------------------------------------------------------
Mutation

0; a(208,449) r(182,349)
1; r(465,455) a(368,471) a(193,208) a(210,154)
2; a(208,449) a(193,208) a(250,344)
3; r(465,455) a(368,471) d(286)
4; r(438,390) r(384,154) a(210,274)
5; r(424,380) r(210,154) a(212,204)
6; a(208,449) r(171,420) d(360)
7; r(229,172) d(440) a(410,28)
8; a(208,449) r(171,420) a(23,349)
9; r(438,390) r(350,381) a(248,385)
10; r(448,22) d(326) r(424,402)
11; a(213,160) d(229) a(19,441)
12; r(181,145) d(134) r(274,240)
13; a(141,233) r(252,286) d(123)
14; a(213,160) d(291)
15; r(181,145) d(355) d(220) a(326,241)
16; a(213,160) d(220) d(178)
17; r(181,145) d(355) r(240,238)
18; r(448,22) d(326) a(158,198) r(425,393)
19; r(438,390) d(293)
20; r(448,22) d(326) r(415,397)
21; r(438,390) a(158,198) a(23,341)
22; r(465,455) r(177,164) a(281,359)
23; a(213,160) d(220) d(469)
24; d(274) a(167,381) r(339,227)
25; r(438,390) r(384,154) r(213,178)
26; d(274) a(167,381) r(463,45)
27; r(438,390) r(384,154) a(252,351)
28; r(242,227) a(2,323)
29; a(422,226) a(213,228) a(214,349)
30; r(242,227) a(213,228) r(273,385)
31; a(422,226) r(226,355)
32; a(422,226) d(139)
33; r(438,390) r(384,154) d(430)
34; r(438,390) r(214,160)
35; r(438,390) a(158,198) r(350,381) a(214,420)
36; r(438,390) r(350,381) d(210)
37; r(438,390) a(158,198) d(137)
38; d(253) r(439,171) r(225,446) a(154,475)
39; a(246,346) d(131)
40; d(253) r(439,171) d(385)
41; a(246,346) r(225,446) r(168,221)
42; r(448,22) r(117,173) a(180,341)
43; a(208,449) a(193,208) d(141)
44; r(448,22) r(117,173) d(246)
45; a(208,449) a(193,208) d(394)
46; r(242,227) r(252,286) a(429,210)
47; a(141,233) d(331) r(243,332)
48; r(242,227) d(331) r(410,462)
49; a(141,233) r(252,286) r(214,28)
50; a(213,160) d(220) d(9)
51; r(424,380) d(387) d(468)
52; d(244) a(212,195)
53; d(388) r(368,379) d(252)
54; d(244) a(290,286)
55; d(388) r(368,379) d(341)
56; r(181,145) a(214,157) a(351,21)
57; r(217,439) d(355) d(138)
58; r(181,145) d(355) a(152,208)
59; r(217,439) a(214,157) d(23)
60; d(253) r(225,406) r(123,272)
61; d(274) d(464) r(143,137)
--------------------------------------------------------------------------------
Evaluation

0; 0.
1; 0.
2; 0.
3; 0.
4; 0.
5; 0.
6; 5.
7; 0.
8; 5.
9; 0.
10; 0.
11; 0.
12; 0.
13; 0.
14; 0.
15; 0.
16; 0.
17; 0.
18; 0.
19; 0.
20; 0.
21; 0.
22; 0.
23; 0.
24; 0.
25; 0.
26; 0.
27; 0.
28; 0.
29; 0.
30; 0.
31; 0.
32; 0.
33; 0.
34; 0.
35; 0.
36; 0.
37; 0.
38; 0.
39; 0.
40; 0.
41; 0.
42; 0.
43; 0.
44; 0.
45; 0.
46; 0.
47; 0.
48; 0.
49; 0.
50; 0.
51; 0.
52; 0.
53; 0.
54; 0.
55; 0.
56; 0.
57; 0.
58; 0.
59; 0.
60; 0.
61; 0.
================================================================================
Generation 3

--------------------------------------------------------------------------------
Selection

0; 7
1; 51
2; 23
3; 7
4; 20
5; 35
6; 37
7; 47
8; 14
9; 42
10; 18
11; 42
12; 48
13; 5
14; 48
15; 18
16; 2
17; 27
18; 5
19; 19
20; 1
21; 49
22; 12
23; 42
24; 4
25; 18
26; 2
27; 18
28; 31
29; 17
30; 51
31; 38
32; 42
33; 13
34; 22
35; 23
36; 33
37; 58
38; 30
39; 20
--------------------------------------------------------------------------------
Crossover

0; 2; a(208,449) a(193,208) a(250,344)
1; 5; r(424,380) r(210,154) a(212,204)
2; 18; r(448,22) d(326) a(158,198) r(425,393)
3; 37; r(438,390) a(158,198) d(137)
4; 35; r(438,390) a(158,198) r(350,381) a(214,420)
5; 17; r(181,145) d(355) r(240,238)
6; 51; r(424,380) d(387) d(468)
7; 5; r(424,380) r(210,154) a(212,204)
8; 20; r(448,22) d(326) r(415,397)
9; 42; r(448,22) r(117,173) a(180,341)
10; 42; r(448,22) r(117,173) a(180,341)
11; 51; r(424,380) d(387) d(468)
12; 48; r(242,227) d(331) r(410,462)
13; 18; r(448,22) d(326) a(158,198) r(425,393)
14; 49, 42; a(141,233) r(252,286)
15; 49, 42; r(448,22) r(117,173) a(180,341) r(214,28)
16; 49; a(141,233) r(252,286) r(214,28)
17; 42; r(448,22) r(117,173) a(180,341)
18; 12; r(181,145) d(134) r(274,240)
19; 27; r(438,390) r(384,154) a(252,351)
20; 23, 30; a(213,160) a(213,228) r(273,385)
21; 23, 30; r(242,227) d(220) d(469)
22; 23; a(213,160) d(220) d(469)
23; 30; r(242,227) a(213,228) r(273,385)
24; 23; a(213,160) d(220) d(469)
25; 38; d(253) r(439,171) r(225,446) a(154,475)
26; 14; a(213,160) d(291)
27; 2; a(208,449) a(193,208) a(250,344)
28; 1, 58; r(465,455) a(368,471) a(152,208)
29; 1, 58; r(181,145) d(355) a(193,208) a(210,154)
30; 1; r(465,455) a(368,471) a(193,208) a(210,154)
31; 58; r(181,145) d(355) a(152,208)
32; 19; r(438,390) d(293)
33; 22; r(465,455) r(177,164) a(281,359)
34; 4, 13; r(438,390) r(252,286) d(123)
35; 4, 13; a(141,233) r(384,154) a(210,274)
36; 4; r(438,390) r(384,154) a(210,274)
37; 13; a(141,233) r(252,286) d(123)
38; 31, 48; a(422,226)
39; 31, 48; r(242,227) d(331) r(410,462) r(226,355)
40; 31; a(422,226) r(226,355)
41; 48; r(242,227) d(331) r(410,462)
42; 42, 20; r(448,22) r(117,173) r(415,397)
43; 42, 20; r(448,22) d(326) a(180,341)
44; 42; r(448,22) r(117,173) a(180,341)
45; 20; r(448,22) d(326) r(415,397)
46; 47; a(141,233) d(331) r(243,332)
47; 18; r(448,22) d(326) a(158,198) r(425,393)
48; 7; r(229,172) d(440) a(410,28)
49; 33; r(438,390) r(384,154) d(430)
50; 18; r(448,22) d(326) a(158,198) r(425,393)
51; 7; r(229,172) d(440) a(410,28)
--------------------------------------------------------------------------------
Mutation

0; a(208,449) a(193,208) a(250,344) d(216)
1; r(424,380) r(210,154) a(212,204) r(139,171)
2; r(448,22) d(326) a(158,198) r(425,393) r(212,385)
3; r(438,390) a(158,198) d(137) a(181,374)
4; r(438,390) a(158,198) r(350,381) a(214,420) r(405,274)
5; r(181,145) d(355) r(240,238) a(454,233)
6; r(424,380) d(387) d(468) a(21,393)
7; r(424,380) r(210,154) a(212,204) r(343,420)
8; r(448,22) d(326) r(415,397) r(167,205)
9; r(448,22) r(117,173) a(180,341) r(177,145)
10; r(448,22) r(117,173) a(180,341) a(213,400)
11; r(424,380) d(387) d(468) a(421,419)
12; r(242,227) d(331) r(410,462) d(212)
13; r(448,22) d(326) a(158,198) r(425,393) a(221,19)
14; a(141,233) r(252,286) d(214)
15; r(448,22) r(117,173) a(180,341) r(214,28) d(235)
16; a(141,233) r(252,286) r(214,28) d(387)
17; r(448,22) r(117,173) a(180,341) r(133,117)
18; r(181,145) d(134) r(274,240) d(146)
19; r(438,390) r(384,154) a(252,351) a(382,419)
20; a(213,160) a(213,228) r(273,385) r(183,330)
21; r(242,227) d(220) d(469) r(289,406)
22; a(213,160) d(220) d(469) r(150,9)
23; r(242,227) a(213,228) r(273,385) r(434,154)
24; a(213,160) d(220) d(469) r(246,136)
25; d(253) r(439,171) r(225,446) a(154,475) d(214)
26; a(213,160) d(291) d(230)
27; a(208,449) a(193,208) a(250,344) d(284)
28; r(465,455) a(368,471) a(152,208) r(224,139)
29; r(181,145) d(355) a(193,208) a(210,154) a(157,52)
30; r(465,455) a(368,471) a(193,208) a(210,154) a(198,194)
31; r(181,145) d(355) a(152,208) d(353)
32; r(438,390) d(293) r(152,31)
33; r(465,455) r(177,164) a(281,359) d(228)
34; r(438,390) r(252,286) d(123) d(281)
35; a(141,233) r(384,154) a(210,274) d(2)
36; r(438,390) r(384,154) a(210,274) a(223,154)
37; a(141,233) r(252,286) d(123) d(401)
38; a(422,226) d(461)
39; r(242,227) d(331) r(410,462) r(226,355) r(177,1)
40; a(422,226) r(226,355) r(167,145)
41; r(242,227) d(331) r(410,462) a(356,447)
42; r(448,22) r(117,173) r(415,397) r(147,172)
43; r(448,22) d(326) a(180,341) d(210)
44; r(448,22) r(117,173) a(180,341) a(115,171)
45; r(448,22) d(326) r(415,397) a(147,178)
46; a(141,233) d(331) r(243,332) d(290)
47; r(448,22) d(326) a(158,198) r(425,393) r(280,286)
48; r(229,172) d(440) a(410,28) r(473,281)
49; r(438,390) r(384,154) d(430) a(227,358)
50; r(448,22) d(326) a(158,198) r(425,393) a(157,415)
51; r(229,172) d(440) a(410,28) r(368,31)
--------------------------------------------------------------------------------
Evaluation

0; 0.
1; 0.
2; 0.
3; 0.
4; 0.
5; 0.
6; 0.
7; 0.
8; 0.
9; 0.
10; 0.
11; 0.
12; 0.
13; 0.
14; 0.
15; 0.
16; 0.
17; 0.
18; 0.
19; 0.
20; 0.
21; 0.
22; 0.
23; 0.
24; 0.
25; 0.
26; 0.
27; 0.
28; 0.
29; 0.
30; 0.
31; 0.
32; 0.
33; 0.
34; 0.
35; 5.
36; 0.
37; 0.
38; 0.
39; 0.
40; 0.
41; 0.
42; 0.
43; 0.
44; 0.
45; 0.
46; 0.
47; 0.
48; 0.
49; 0.
50; 0.
51; 0.
================================================================================
Generation 4

--------------------------------------------------------------------------------
Selection

0; 22
1; 31
2; 26
3; 17
4; 21
5; 10
6; 11
7; 29
8; 39
9; 22
10; 22
11; 41
12; 1
13; 25
14; 6
15; 49
16; 44
17; 46
18; 17
19; 16
20; 11
21; 26
22; 48
23; 34
24; 4
25; 11
26; 25
27; 5
28; 38
29; 15
30; 1
31; 17
32; 26
33; 43
34; 42
35; 33
36; 38
37; 2
38; 25
39; 22
--------------------------------------------------------------------------------
Crossover

0; 31, 42; r(181,145) d(355) a(152,208) d(353) r(147,172)
1; 31, 42; r(448,22) r(117,173) r(415,397)
2; 31; r(181,145) d(355) a(152,208) d(353)
3; 42; r(448,22) r(117,173) r(415,397) r(147,172)
4; 22; a(213,160) d(220) d(469) r(150,9)
5; 11; r(424,380) d(387) d(468) a(421,419)
6; 26, 11; a(213,160) d(291) d(468) a(421,419)
7; 26, 11; r(424,380) d(387) d(230)
8; 26; a(213,160) d(291) d(230)
9; 11; r(424,380) d(387) d(468) a(421,419)
10; 44; r(448,22) r(117,173) a(180,341) a(115,171)
11; 17; r(448,22) r(117,173) a(180,341) r(133,117)
12; 22, 49; a(213,160) d(220) d(469)
13; 22, 49; r(438,390) r(384,154) d(430) a(227,358) r(150,9)
14; 22; a(213,160) d(220) d(469) r(150,9)
15; 49; r(438,390) r(384,154) d(430) a(227,358)
16; 25; d(253) r(439,171) r(225,446) a(154,475) d(214)
17; 38; a(422,226) d(461)
18; 1; r(424,380) r(210,154) a(212,204) r(139,171)
19; 48; r(229,172) d(440) a(410,28) r(473,281)
20; 1, 38; r(424,380) r(210,154) a(212,204)
21; 1, 38; a(422,226) d(461) r(139,171)
22; 1; r(424,380) r(210,154) a(212,204) r(139,171)
23; 38; a(422,226) d(461)
24; 22; a(213,160) d(220) d(469) r(150,9)
25; 5; r(181,145) d(355) r(240,238) a(454,233)
26; 43; r(448,22) d(326) a(180,341) d(210)
27; 22; a(213,160) d(220) d(469) r(150,9)
28; 29, 26; r(181,145) d(355) a(193,208) d(291) d(230)
29; 29, 26; a(213,160) a(210,154) a(157,52)
30; 29; r(181,145) d(355) a(193,208) a(210,154) a(157,52)
31; 26; a(213,160) d(291) d(230)
32; 26; a(213,160) d(291) d(230)
33; 46; a(141,233) d(331) r(243,332) d(290)
34; 17; r(448,22) r(117,173) a(180,341) r(133,117)
35; 4; r(438,390) a(158,198) r(350,381) a(214,420) r(405,274)
36; 17; r(448,22) r(117,173) a(180,341) r(133,117)
37; 25; d(253) r(439,171) r(225,446) a(154,475) d(214)
38; 10, 11; r(448,22) r(117,173) a(421,419)
39; 10, 11; r(424,380) d(387) d(468) a(180,341) a(213,400)
40; 10; r(448,22) r(117,173) a(180,341) a(213,400)
41; 11; r(424,380) d(387) d(468) a(421,419)
42; 41, 15; r(242,227) d(331) r(410,462) a(356,447) r(214,28) d(235)
43; 41, 15; r(448,22) r(117,173) a(180,341)
44; 41; r(242,227) d(331) r(410,462) a(356,447)
45; 15; r(448,22) r(117,173) a(180,341) r(214,28) d(235)
46; 25, 39; d(253) r(439,171) r(225,446) r(177,1)
47; 25, 39; r(242,227) d(331) r(410,462) r(226,355) a(154,475) d(214)
48; 25; d(253) r(439,171) r(225,446) a(154,475) d(214)
49; 39; r(242,227) d(331) r(410,462) r(226,355) r(177,1)
50; 21; r(242,227) d(220) d(469) r(289,406)
51; 33; r(465,455) r(177,164) a(281,359) d(228)
52; 34, 16; r(438,390) d(387)
53; 34, 16; a(141,233) r(252,286) r(214,28) r(252,286) d(123) d(281)
54; 34; r(438,390) r(252,286) d(123) d(281)
55; 16; a(141,233) r(252,286) r(214,28) d(387)
56; 2, 6; r(448,22) d(326) a(158,198) d(468) a(21,393)
57; 2, 6; r(424,380) d(387) r(425,393) r(212,385)
58; 2; r(448,22) d(326) a(158,198) r(425,393) r(212,385)
59; 6; r(424,380) d(387) d(468) a(21,393)
--------------------------------------------------------------------------------
Mutation

0; r(181,145) d(355) a(152,208) d(353) r(147,172) d(217)
1; r(448,22) r(117,173) r(415,397) r(153,181)
2; r(181,145) d(355) a(152,208) d(353) r(466,393)
3; r(448,22) r(117,173) r(415,397) r(147,172) d(251)
4; a(213,160) d(220) d(469) r(150,9) a(333,441)
5; r(424,380) d(387) d(468) a(421,419) d(245)
6; a(213,160) d(291) d(468) a(421,419) a(257,171)
7; r(424,380) d(387) d(230) r(187,355)
8; a(213,160) d(291) d(230) a(463,357)
9; r(424,380) d(387) d(468) a(421,419) r(214,164)
10; r(448,22) r(117,173) a(180,341) a(115,171) r(272,136)
11; r(448,22) r(117,173) a(180,341) r(133,117) a(292,237)
12; a(213,160) d(220) d(469) d(167)
13; r(438,390) r(384,154) d(430) a(227,358) r(150,9) r(159,154)
14; a(213,160) d(220) d(469) r(150,9) a(424,362)
15; r(438,390) r(384,154) d(430) a(227,358) a(393,415)
16; d(253) r(439,171) r(225,446) a(154,475) d(214) r(23,415)
17; a(422,226) d(461) a(242,323)
18; r(424,380) r(210,154) a(212,204) r(139,171) a(124,467)
19; r(229,172) d(440) a(410,28) r(473,281) r(149,445)
20; r(424,380) r(210,154) a(212,204) d(326)
21; a(422,226) d(461) r(139,171) r(300,349)
22; r(424,380) r(210,154) a(212,204) r(139,171) a(183,330)
23; a(422,226) d(461) a(224,19)
24; a(213,160) d(220) d(469) r(150,9) r(473,452)
25; r(181,145) d(355) r(240,238) a(454,233) a(279,294)
26; r(448,22) d(326) a(180,341) d(210) r(212,9)
27; a(213,160) d(220) d(469) r(150,9) r(333,434)
28; r(181,145) d(355) a(193,208) d(291) d(230) d(110)
29; a(213,160) a(210,154) a(157,52) a(415,21)
30; r(181,145) d(355) a(193,208) a(210,154) a(157,52) d(213)
31; a(213,160) d(291) d(230) a(400,21)
32; a(213,160) d(291) d(230) d(334)
33; a(141,233) d(331) r(243,332) d(290) d(333)
34; r(448,22) r(117,173) a(180,341) r(133,117) r(158,441)
35; r(438,390) a(158,198) r(350,381) a(214,420) r(405,274) a(213,133)
36; r(448,22) r(117,173) a(180,341) r(133,117) a(224,225)
37; d(253) r(439,171) r(225,446) a(154,475) d(214) d(212)
38; r(448,22) r(117,173) a(421,419) d(200)
39; r(424,380) d(387) d(468) a(180,341) a(213,400) r(382,388)
40; r(448,22) r(117,173) a(180,341) a(213,400) d(132)
41; r(424,380) d(387) d(468) a(421,419) a(151,200)
42; r(242,227) d(331) r(410,462) a(356,447) r(214,28) d(235) d(161)
43; r(448,22) r(117,173) a(180,341) a(437,439)
44; r(242,227) d(331) r(410,462) a(356,447) r(185,41)
45; r(448,22) r(117,173) a(180,341) r(214,28) d(235) r(115,448)
46; d(253) r(439,171) r(225,446) r(177,1) a(109,210)
47; r(242,227) d(331) r(410,462) r(226,355) a(154,475) d(214) a(184,385)
48; d(253) r(439,171) r(225,446) a(154,475) d(214) a(467,341)
49; r(242,227) d(331) r(410,462) r(226,355) r(177,1) r(461,154)
50; r(242,227) d(220) d(469) r(289,406) r(376,421)
51; r(465,455) r(177,164) a(281,359) d(228) d(146)
52; r(438,390) d(387) d(193)
53; a(141,233) r(252,286) r(214,28) r(252,286) d(123) d(281) r(202,19)
54; r(438,390) r(252,286) d(123) d(281) r(143,139)
55; a(141,233) r(252,286) r(214,28) d(387) d(405)
56; r(448,22) d(326) a(158,198) d(468) a(21,393) d(229)
57; r(424,380) d(387) r(425,393) r(212,385) a(436,401)
58; r(448,22) d(326) a(158,198) r(425,393) r(212,385) r(213,162)
59; r(424,380) d(387) d(468) a(21,393) d(277)
--------------------------------------------------------------------------------
Evaluation

0; 0.
1; 0.
2; 0.
3; 0.
4; 0.
5; 0.
6; 0.
7; 0.
8; 0.
9; 0.
10; 0.
11; 0.
12; 0.
13; 0.
14; 0.
15; 0.
16; 0.
17; 0.
18; 0.
19; 0.
20; 0.
21; 0.
22; 0.
23; 0.
24; 0.
25; 0.
26; 0.
27; 0.
28; 0.
29; 0.
30; 0.
31; 0.
32; 0.
33; 0.
34; 0.
35; 0.
36; 0.
37; 0.
38; 0.
39; 0.
40; 0.
41; 0.
42; 0.
43; 0.
44; 0.
45; 0.
46; 0.
47; 0.
48; 0.
49; 0.
50; 0.
51; 0.
52; 0.
53; 0.
54; 0.
55; 0.
56; 0.
57; 0.
58; 0.
59; 0.
================================================================================
Generation 5

--------------------------------------------------------------------------------
Selection

0; 13
1; 19
2; 10
3; 38
4; 7
5; 45
6; 16
7; 36
8; 11
9; 6
10; 17
11; 49
12; 46
13; 47
14; 28
15; 24
16; 3
17; 24
18; 6
19; 59
20; 23
21; 31
22; 1
23; 3
24; 56
25; 52
26; 7
27; 22
28; 15
29; 36
30; 0
31; 30
32; 18
33; 19
34; 33
35; 34
36; 3
37; 5
38; 19
39; 9
--------------------------------------------------------------------------------
Crossover

0; 47, 9; r(242,227) d(331) r(410,462) r(226,355) a(154,475) d(468) a(421,419) r(214,164)
1; 47, 9; r(424,380) d(387) d(214) a(184,385)
2; 47; r(242,227) d(331) r(410,462) r(226,355) a(154,475) d(214) a(184,385)
3; 9; r(424,380) d(387) d(468) a(421,419) r(214,164)
4; 6; a(213,160) d(291) d(468) a(421,419) a(257,171)
5; 52; r(438,390) d(387) d(193)
6; 46; d(253) r(439,171) r(225,446) r(177,1) a(109,210)
7; 0; r(181,145) d(355) a(152,208) d(353) r(147,172) d(217)
8; 24; a(213,160) d(220) d(469) r(150,9) r(473,452)
9; 33; a(141,233) d(331) r(243,332) d(290) d(333)
10; 3; r(448,22) r(117,173) r(415,397) r(147,172) d(251)
11; 19; r(229,172) d(440) a(410,28) r(473,281) r(149,445)
12; 19, 16; r(229,172) d(440)
13; 19, 16; d(253) r(439,171) r(225,446) a(154,475) d(214) r(23,415) a(410,28) r(473,281) r(149,445)
14; 19; r(229,172) d(440) a(410,28) r(473,281) r(149,445)
15; 16; d(253) r(439,171) r(225,446) a(154,475) d(214) r(23,415)
16; 34, 15; r(448,22) r(117,173) a(180,341) r(133,117) r(158,441) d(430) a(227,358) a(393,415)
17; 34, 15; r(438,390) r(384,154)
18; 34; r(448,22) r(117,173) a(180,341) r(133,117) r(158,441)
19; 15; r(438,390) r(384,154) d(430) a(227,358) a(393,415)
20; 30; r(181,145) d(355) a(193,208) a(210,154) a(157,52) d(213)
21; 36; r(448,22) r(117,173) a(180,341) r(133,117) a(224,225)
22; 59; r(424,380) d(387) d(468) a(21,393) d(277)
23; 11; r(448,22) r(117,173) a(180,341) r(133,117) a(292,237)
24; 22, 19; r(424,380) r(210,154) a(212,204)
25; 22, 19; r(229,172) d(440) a(410,28) r(473,281) r(149,445) r(139,171) a(183,330)
26; 22; r(424,380) r(210,154) a(212,204) r(139,171) a(183,330)
27; 19; r(229,172) d(440) a(410,28) r(473,281) r(149,445)
28; 3, 38; r(448,22)
29; 3, 38; r(448,22) r(117,173) a(421,419) d(200) r(117,173) r(415,397) r(147,172) d(251)
30; 3; r(448,22) r(117,173) r(415,397) r(147,172) d(251)
31; 38; r(448,22) r(117,173) a(421,419) d(200)
32; 5, 36; r(424,380) d(387) a(224,225)
33; 5, 36; r(448,22) r(117,173) a(180,341) r(133,117) d(468) a(421,419) d(245)
34; 5; r(424,380) d(387) d(468) a(421,419) d(245)
35; 36; r(448,22) r(117,173) a(180,341) r(133,117) a(224,225)
36; 13; r(438,390) r(384,154) d(430) a(227,358) r(150,9) r(159,154)
37; 10; r(448,22) r(117,173) a(180,341) a(115,171) r(272,136)
38; 45, 1; r(448,22) r(117,173) a(180,341) r(214,28) r(415,397) r(153,181)
39; 45, 1; r(448,22) r(117,173) d(235) r(115,448)
40; 45; r(448,22) r(117,173) a(180,341) r(214,28) d(235) r(115,448)
41; 1; r(448,22) r(117,173) r(415,397) r(153,181)
42; 7, 18; r(424,380) d(387) a(212,204) r(139,171) a(124,467)
43; 7, 18; r(424,380) r(210,154) d(230) r(187,355)
44; 7; r(424,380) d(387) d(230) r(187,355)
45; 18; r(424,380) r(210,154) a(212,204) r(139,171) a(124,467)
46; 23; a(422,226) d(461) a(224,19)
47; 3; r(448,22) r(117,173) r(415,397) r(147,172) d(251)
48; 6; a(213,160) d(291) d(468) a(421,419) a(257,171)
49; 28; r(181,145) d(355) a(193,208) d(291) d(230) d(110)
50; 7, 24; r(424,380) d(387)
51; 7, 24; a(213,160) d(220) d(469) r(150,9) r(473,452) d(230) r(187,355)
52; 7; r(424,380) d(387) d(230) r(187,355)
53; 24; a(213,160) d(220) d(469) r(150,9) r(473,452)
54; 31, 49; a(213,160) d(291) d(230) r(226,355) r(177,1) r(461,154)
55; 31, 49; r(242,227) d(331) r(410,462) a(400,21)
56; 31; a(213,160) d(291) d(230) a(400,21)
57; 49; r(242,227) d(331) r(410,462) r(226,355) r(177,1) r(461,154)
58; 17; a(422,226) d(461) a(242,323)
59; 56; r(448,22) d(326) a(158,198) d(468) a(21,393) d(229)
--------------------------------------------------------------------------------
Mutation

0; r(242,227) d(331) r(410,462) r(226,355) a(154,475) d(468) a(421,419) r(214,164) a(391,419)
1; r(424,380) d(387) d(214) a(184,385) r(168,183)
2; r(242,227) d(331) r(410,462) r(226,355) a(154,475) d(214) a(184,385) r(213,208)
3; r(424,380) d(387) d(468) a(421,419) r(214,164) a(371,357)
4; a(213,160) d(291) d(468) a(421,419) a(257,171) d(208)
5; r(438,390) d(387) d(193) d(424)
6; d(253) r(439,171) r(225,446) r(177,1) a(109,210) a(213,445)
7; r(181,145) d(355) a(152,208) d(353) r(147,172) d(217) r(212,228)
8; a(213,160) d(220) d(469) r(150,9) r(473,452) r(388,411)
9; a(141,233) d(331) r(243,332) d(290) d(333) r(212,1)
10; r(448,22) r(117,173) r(415,397) r(147,172) d(251) d(458)
11; r(229,172) d(440) a(410,28) r(473,281) r(149,445) a(417,403)
12; r(229,172) d(440) a(328,136)
13; d(253) r(439,171) r(225,446) a(154,475) d(214) r(23,415) a(410,28) r(473,281) r(149,445) a(212,31)
14; r(229,172) d(440) a(410,28) r(473,281) r(149,445) d(404)
15; d(253) r(439,171) r(225,446) a(154,475) d(214) r(23,415) d(327)
16; r(448,22) r(117,173) a(180,341) r(133,117) r(158,441) d(430) a(227,358) a(393,415) a(21,475)
17; r(438,390) r(384,154) d(210)
18; r(448,22) r(117,173) a(180,341) r(133,117) r(158,441) d(210)
19; r(438,390) r(384,154) d(430) a(227,358) a(393,415) a(11,172)
20; r(181,145) d(355) a(193,208) a(210,154) a(157,52) d(213) r(335,439)
21; r(448,22) r(117,173) a(180,341) r(133,117) a(224,225) d(214)
22; r(424,380) d(387) d(468) a(21,393) d(277) d(440)
23; r(448,22) r(117,173) a(180,341) r(133,117) a(292,237) d(469)
24; r(424,380) r(210,154) a(212,204) r(212,167)
25; r(229,172) d(440) a(410,28) r(473,281) r(149,445) r(139,171) a(183,330) r(405,226)
26; r(424,380) r(210,154) a(212,204) r(139,171) a(183,330) d(362)
27; r(229,172) d(440) a(410,28) r(473,281) r(149,445) r(454,445)
28; r(448,22) r(247,251)
29; r(448,22) r(117,173) a(421,419) d(200) r(117,173) r(415,397) r(147,172) d(251) a(300,273)
30; r(448,22) r(117,173) r(415,397) r(147,172) d(251) a(418,420)
31; r(448,22) r(117,173) a(421,419) d(200) d(435)
32; r(424,380) d(387) a(224,225) d(400)
33; r(448,22) r(117,173) a(180,341) r(133,117) d(468) a(421,419) d(245) a(274,385)
34; r(424,380) d(387) d(468) a(421,419) d(245) r(330,231)
35; r(448,22) r(117,173) a(180,341) r(133,117) a(224,225) a(110,122)
36; r(438,390) r(384,154) d(430) a(227,358) r(150,9) r(159,154) d(436)
37; r(448,22) r(117,173) a(180,341) a(115,171) r(272,136) r(116,357)
38; r(448,22) r(117,173) a(180,341) r(214,28) r(415,397) r(153,181) a(113,447)
39; r(448,22) r(117,173) d(235) r(115,448) a(341,276)
40; r(448,22) r(117,173) a(180,341) r(214,28) d(235) r(115,448) a(208,420)
41; r(448,22) r(117,173) r(415,397) r(153,181) r(257,247)
42; r(424,380) d(387) a(212,204) r(139,171) a(124,467) d(277)
43; r(424,380) r(210,154) d(230) r(187,355) r(214,133)
44; r(424,380) d(387) d(230) r(187,355) a(214,400)
45; r(424,380) r(210,154) a(212,204) r(139,171) a(124,467) d(214)
46; a(422,226) d(461) a(224,19) r(1,39)
47; r(448,22) r(117,173) r(415,397) r(147,172) d(251) d(176)
48; a(213,160) d(291) d(468) a(421,419) a(257,171) a(392,171)
49; r(181,145) d(355) a(193,208) d(291) d(230) d(110) d(361)
50; r(424,380) d(387) d(393)
51; a(213,160) d(220) d(469) r(150,9) r(473,452) d(230) r(187,355) a(224,286)
52; r(424,380) d(387) d(230) r(187,355) d(401)
53; a(213,160) d(220) d(469) r(150,9) r(473,452) a(214,151)
54; a(213,160) d(291) d(230) r(226,355) r(177,1) r(461,154) a(326,333)
55; r(242,227) d(331) r(410,462) a(400,21) r(147,166)
56; a(213,160) d(291) d(230) a(400,21) r(240,113)
57; r(242,227) d(331) r(410,462) r(226,355) r(177,1) r(461,154) r(391,380)
58; a(422,226) d(461) a(242,323) a(352,257)
59; r(448,22) d(326) a(158,198) d(468) a(21,393) d(229) d(453)
--------------------------------------------------------------------------------
Evaluation

0; 0.
1; 0.
2; 0.
3; 0.
4; 0.
5; 0.
6; 0.
7; 0.
8; 0.
9; 0.
10; 0.
11; 0.
12; 0.
13; 0.
14; 0.
15; 10.
16; 0.
17; 0.
18; 0.
19; 10.
20; 0.
21; 0.
22; 0.
23; 0.
24; 0.
25; 0.
26; 0.
27; 0.
28; 0.
29; 0.
30; 0.
31; 0.
32; 0.
33; 0.
34; 0.
35; 0.
36; 0.
37; 0.
38; 0.
39; 0.
40; 0.
41; 0.
42; 0.
43; 0.
44; 0.
45; 0.
46; 0.
47; 0.
48; 0.
49; 0.
50; 0.
51; 0.
52; 0.
53; 0.
54; 0.
55; 0.
56; 0.
57; 0.
58; 0.
59; 0.
================================================================================
Generation 6

--------------------------------------------------------------------------------
Selection

0; 55
1; 58
2; 56
3; 34
4; 49
5; 31
6; 44
7; 59
8; 26
9; 27
10; 25
11; 42
12; 23
13; 20
14; 23
15; 47
16; 42
17; 21
18; 58
19; 39
20; 29
21; 22
22; 29
23; 55
24; 40
25; 59
26; 6
27; 7
28; 14
29; 16
30; 7
31; 1
32; 0
33; 5
34; 44
35; 38
36; 49
37; 16
38; 31
39; 55
--------------------------------------------------------------------------------
Crossover

0; 6, 55; d(253) r(439,171) r(147,166)
1; 6, 55; r(242,227) d(331) r(410,462) a(400,21) r(225,446) r(177,1) a(109,210) a(213,445)
2; 6; d(253) r(439,171) r(225,446) r(177,1) a(109,210) a(213,445)
3; 55; r(242,227) d(331) r(410,462) a(400,21) r(147,166)
4; 44; r(424,380) d(387) d(230) r(187,355) a(214,400)
5; 22; r(424,380) d(387) d(468) a(21,393) d(277) d(440)
6; 59, 59; r(448,22) d(326) d(229) d(453)
7; 59, 59; r(448,22) d(326) a(158,198) d(468) a(21,393) a(158,198) d(468) a(21,393) d(229) d(453)
8; 59; r(448,22) d(326) a(158,198) d(468) a(21,393) d(229) d(453)
9; 59; r(448,22) d(326) a(158,198) d(468) a(21,393) d(229) d(453)
10; 20; r(181,145) d(355) a(193,208) a(210,154) a(157,52) d(213) r(335,439)
11; 47; r(448,22) r(117,173) r(415,397) r(147,172) d(251) d(176)
12; 7, 29; r(181,145) d(355) a(152,208) d(353) r(147,172) d(217) r(212,228)
13; 7, 29; r(448,22) r(117,173) a(421,419) d(200) r(117,173) r(415,397) r(147,172) d(251) a(300,273)
14; 7; r(181,145) d(355) a(152,208) d(353) r(147,172) d(217) r(212,228)
15; 29; r(448,22) r(117,173) a(421,419) d(200) r(117,173) r(415,397) r(147,172) d(251) a(300,273)
16; 0, 5; r(242,227) d(331) d(387) d(193) d(424)
17; 0, 5; r(438,390) r(410,462) r(226,355) a(154,475) d(468) a(421,419) r(214,164) a(391,419)
18; 0; r(242,227) d(331) r(410,462) r(226,355) a(154,475) d(468) a(421,419) r(214,164) a(391,419)
19; 5; r(438,390) d(387) d(193) d(424)
20; 31; r(448,22) r(117,173) a(421,419) d(200) d(435)
21; 23; r(448,22) r(117,173) a(180,341) r(133,117) a(292,237) d(469)
22; 49; r(181,145) d(355) a(193,208) d(291) d(230) d(110) d(361)
23; 58; a(422,226) d(461) a(242,323) a(352,257)
24; 49; r(181,145) d(355) a(193,208) d(291) d(230) d(110) d(361)
25; 7; r(181,145) d(355) a(152,208) d(353) r(147,172) d(217) r(212,228)
26; 29, 16; r(448,22) r(117,173) a(421,419) d(200) r(117,173) r(415,397) r(147,172) d(251) r(133,117) r(158,441) d(430) a(227,358) a(393,415) a(21,475)
27; 29, 16; r(448,22) r(117,173) a(180,341) a(300,273)
28; 29; r(448,22) r(117,173) a(421,419) d(200) r(117,173) r(415,397) r(147,172) d(251) a(300,273)
29; 16; r(448,22) r(117,173) a(180,341) r(133,117) r(158,441) d(430) a(227,358) a(393,415) a(21,475)
30; 38; r(448,22) r(117,173) a(180,341) r(214,28) r(415,397) r(153,181) a(113,447)
31; 25; r(229,172) d(440) a(410,28) r(473,281) r(149,445) r(139,171) a(183,330) r(405,226)
32; 31; r(448,22) r(117,173) a(421,419) d(200) d(435)
33; 42; r(424,380) d(387) a(212,204) r(139,171) a(124,467) d(277)
34; 23; r(448,22) r(117,173) a(180,341) r(133,117) a(292,237) d(469)
35; 44; r(424,380) d(387) d(230) r(187,355) a(214,400)
36; 1, 40; r(424,380) d(387) a(208,420)
37; 1, 40; r(448,22) r(117,173) a(180,341) r(214,28) d(235) r(115,448) d(214) a(184,385) r(168,183)
38; 1; r(424,380) d(387) d(214) a(184,385) r(168,183)
39; 40; r(448,22) r(117,173) a(180,341) r(214,28) d(235) r(115,448) a(208,420)
40; 55, 55; r(242,227) d(331) r(410,462) a(400,21) r(147,166)
41; 55, 55; r(242,227) d(331) r(410,462) a(400,21) r(147,166)
42; 55; r(242,227) d(331) r(410,462) a(400,21) r(147,166)
43; 55; r(242,227) d(331) r(410,462) a(400,21) r(147,166)
44; 26, 56; r(424,380) r(210,154) a(212,204) d(230) a(400,21) r(240,113)
45; 26, 56; a(213,160) d(291) r(139,171) a(183,330) d(362)
46; 26; r(424,380) r(210,154) a(212,204) r(139,171) a(183,330) d(362)
47; 56; a(213,160) d(291) d(230) a(400,21) r(240,113)
48; 21; r(448,22) r(117,173) a(180,341) r(133,117) a(224,225) d(214)
49; 42; r(424,380) d(387) a(212,204) r(139,171) a(124,467) d(277)
50; 16, 34; r(448,22) r(117,173) a(180,341) r(133,117) r(158,441) d(430) a(227,358) d(245) r(330,231)
51; 16, 34; r(424,380) d(387) d(468) a(421,419) a(393,415) a(21,475)
52; 16; r(448,22) r(117,173) a(180,341) r(133,117) r(158,441) d(430) a(227,358) a(393,415) a(21,475)
53; 34; r(424,380) d(387) d(468) a(421,419) d(245) r(330,231)
54; 39; r(448,22) r(117,173) d(235) r(115,448) a(341,276)
55; 14; r(229,172) d(440) a(410,28) r(473,281) r(149,445) d(404)
56; 58; a(422,226) d(461) a(242,323) a(352,257)
57; 27; r(229,172) d(440) a(410,28) r(473,281) r(149,445) r(454,445)
--------------------------------------------------------------------------------
Mutation

0; d(253) r(439,171) r(147,166) a(111,28)
1; r(242,227) d(331) r(410,462) a(400,21) r(225,446) r(177,1) a(109,210) a(213,445) a(165,150)
2; d(253) r(439,171) r(225,446) r(177,1) a(109,210) a(213,445) a(1,226)
3; r(242,227) d(331) r(410,462) a(400,21) r(147,166) r(210,52)
4; r(424,380) d(387) d(230) r(187,355) a(214,400) a(281,330)
5; r(424,380) d(387) d(468) a(21,393) d(277) d(440) d(331)
6; r(448,22) d(326) d(229) d(453) a(380,409)
7; r(448,22) d(326) a(158,198) d(468) a(21,393) a(158,198) d(468) a(21,393) d(229) d(453) d(202)
8; r(448,22) d(326) a(158,198) d(468) a(21,393) d(229) d(453) r(210,471)
9; r(448,22) d(326) a(158,198) d(468) a(21,393) d(229) d(453) a(277,360)
10; r(181,145) d(355) a(193,208) a(210,154) a(157,52) d(213) r(335,439) a(274,20)
11; r(448,22) r(117,173) r(415,397) r(147,172) d(251) d(176) d(450)
12; r(181,145) d(355) a(152,208) d(353) r(147,172) d(217) r(212,228) a(381,341)
13; r(448,22) r(117,173) a(421,419) d(200) r(117,173) r(415,397) r(147,172) d(251) a(300,273) r(124,118)
14; r(181,145) d(355) a(152,208) d(353) r(147,172) d(217) r(212,228) d(462)
15; r(448,22) r(117,173) a(421,419) d(200) r(117,173) r(415,397) r(147,172) d(251) a(300,273) r(344,352)
16; r(242,227) d(331) d(387) d(193) d(424) a(431,378)
17; r(438,390) r(410,462) r(226,355) a(154,475) d(468) a(421,419) r(214,164) a(391,419) r(232,228)
18; r(242,227) d(331) r(410,462) r(226,355) a(154,475) d(468) a(421,419) r(214,164) a(391,419) r(167,286)
19; r(438,390) d(387) d(193) d(424) r(122,132)
20; r(448,22) r(117,173) a(421,419) d(200) d(435) r(376,303)
21; r(448,22) r(117,173) a(180,341) r(133,117) a(292,237) d(469) a(136,227)
22; r(181,145) d(355) a(193,208) d(291) d(230) d(110) d(361) a(204,202)
23; a(422,226) d(461) a(242,323) a(352,257) d(192)
24; r(181,145) d(355) a(193,208) d(291) d(230) d(110) d(361) d(174)
25; r(181,145) d(355) a(152,208) d(353) r(147,172) d(217) r(212,228) r(466,274)
26; r(448,22) r(117,173) a(421,419) d(200) r(117,173) r(415,397) r(147,172) d(251) r(133,117) r(158,441) d(430) a(227,358) a(393,415) a(21,475) r(280,250)
27; r(448,22) r(117,173) a(180,341) a(300,273) a(223,337)
28; r(448,22) r(117,173) a(421,419) d(200) r(117,173) r(415,397) r(147,172) d(251) a(300,273) d(180)
29; r(448,22) r(117,173) a(180,341) r(133,117) r(158,441) d(430) a(227,358) a(393,415) a(21,475) r(391,362)
30; r(448,22) r(117,173) a(180,341) r(214,28) r(415,397) r(153,181) a(113,447) d(112)
31; r(229,172) d(440) a(410,28) r(473,281) r(149,445) r(139,171) a(183,330) r(405,226) a(423,385)
32; r(448,22) r(117,173) a(421,419) d(200) d(435) r(331,197)
33; r(424,380) d(387) a(212,204) r(139,171) a(124,467) d(277) r(390,202)
34; r(448,22) r(117,173) a(180,341) r(133,117) a(292,237) d(469) a(233,292)
35; r(424,380) d(387) d(230) r(187,355) a(214,400) r(435,358)
36; r(424,380) d(387) a(208,420) a(427,369)
37; r(448,22) r(117,173) a(180,341) r(214,28) d(235) r(115,448) d(214) a(184,385) r(168,183) a(183,148)
38; r(424,380) d(387) d(214) a(184,385) r(168,183) r(149,166)
39; r(448,22) r(117,173) a(180,341) r(214,28) d(235) r(115,448) a(208,420) a(238,304)
40; r(242,227) d(331) r(410,462) a(400,21) r(147,166) d(452)
41; r(242,227) d(331) r(410,462) a(400,21) r(147,166) a(412,154)
42; r(242,227) d(331) r(410,462) a(400,21) r(147,166) a(381,400)
43; r(242,227) d(331) r(410,462) a(400,21) r(147,166) r(427,441)
44; r(424,380) r(210,154) a(212,204) d(230) a(400,21) r(240,113) a(422,210)
45; a(213,160) d(291) r(139,171) a(183,330) d(362) a(387,228)
46; r(424,380) r(210,154) a(212,204) r(139,171) a(183,330) d(362) a(330,335)
47; a(213,160) d(291) d(230) a(400,21) r(240,113) a(200,149)
48; r(448,22) r(117,173) a(180,341) r(133,117) a(224,225) d(214) r(385,45)
49; r(424,380) d(387) a(212,204) r(139,171) a(124,467) d(277) d(250)
50; r(448,22) r(117,173) a(180,341) r(133,117) r(158,441) d(430) a(227,358) d(245) r(330,231) r(212,151)
51; r(424,380) d(387) d(468) a(421,419) a(393,415) a(21,475) a(431,429)
52; r(448,22) r(117,173) a(180,341) r(133,117) r(158,441) d(430) a(227,358) a(393,415) a(21,475) d(227)
53; r(424,380) d(387) d(468) a(421,419) d(245) r(330,231) r(178,355)
54; r(448,22) r(117,173) d(235) r(115,448) a(341,276) a(454,413)
55; r(229,172) d(440) a(410,28) r(473,281) r(149,445) d(404) d(175)
56; a(422,226) d(461) a(242,323) a(352,257) d(469)
57; r(229,172) d(440) a(410,28) r(473,281) r(149,445) r(454,445) r(380,398)
--------------------------------------------------------------------------------
Evaluation

0; 0.
1; 0.
2; 0.
3; 0.
4; 0.
5; 0.
6; 0.
7; 0.
8; 0.
9; 0.
10; 0.
11; 0.
12; 0.
13; 0.
14; 0.
15; 0.
16; 0.
17; 0.
18; 0.
19; 0.
20; 0.
21; 0.
22; 0.
23; 0.
24; 0.
25; 0.
26; 0.
27; 0.
28; 0.
29; 0.
30; 0.
31; 0.
32; 0.
33; 0.
34; 0.
35; 0.
36; 0.
37; 0.
38; 0.
39; 0.
40; 0.
41; 0.
42; 0.
43; 0.
44; 0.
45; 0.
46; 0.
47; 0.
48; 0.
49; 0.
50; 0.
51; 0.
52; 0.
53; 0.
54; 0.
55; 0.
56; 0.
57; 0.
================================================================================
Generation 7

--------------------------------------------------------------------------------
Selection

0; 22
1; 28
2; 36
3; 8
4; 43
5; 18
6; 49
7; 12
8; 45
9; 30
10; 0
11; 33
12; 13
13; 55
14; 44
15; 35
16; 35
17; 6
18; 50
19; 4
20; 37
21; 4
22; 43
23; 12
24; 14
25; 1
26; 54
27; 52
28; 20
29; 48
30; 6
31; 22
32; 42
33; 13
34; 5
35; 37
36; 52
37; 7
38; 48
39; 23
--------------------------------------------------------------------------------
Crossover

0; 37, 44; r(448,22) r(117,173) a(180,341) r(214,28)
1; 37, 44; r(424,380) r(210,154) a(212,204) d(230) a(400,21) r(240,113) a(422,210) d(235) r(115,448) d(214) a(184,385) r(168,183) a(183,148)
2; 37; r(448,22) r(117,173) a(180,341) r(214,28) d(235) r(115,448) d(214) a(184,385) r(168,183) a(183,148)
3; 44; r(424,380) r(210,154) a(212,204) d(230) a(400,21) r(240,113) a(422,210)
4; 6, 36; r(448,22) d(326) d(387) a(208,420) a(427,369)
5; 6, 36; r(424,380) d(229) d(453) a(380,409)
6; 6; r(448,22) d(326) d(229) d(453) a(380,409)
7; 36; r(424,380) d(387) a(208,420) a(427,369)
8; 50, 18; r(448,22) r(117,173) a(180,341) r(133,117) r(158,441) r(410,462) r(226,355) a(154,475) d(468) a(421,419) r(214,164) a(391,419) r(167,286)
9; 50, 18; r(242,227) d(331) d(430) a(227,358) d(245) r(330,231) r(212,151)
10; 50; r(448,22) r(117,173) a(180,341) r(133,117) r(158,441) d(430) a(227,358) d(245) r(330,231) r(212,151)
11; 18; r(242,227) d(331) r(410,462) r(226,355) a(154,475) d(468) a(421,419) r(214,164) a(391,419) r(167,286)
12; 55; r(229,172) d(440) a(410,28) r(473,281) r(149,445) d(404) d(175)
13; 12; r(181,145) d(355) a(152,208) d(353) r(147,172) d(217) r(212,228) a(381,341)
14; 7; r(448,22) d(326) a(158,198) d(468) a(21,393) a(158,198) d(468) a(21,393) d(229) d(453) d(202)
15; 35; r(424,380) d(387) d(230) r(187,355) a(214,400) r(435,358)
16; 45, 33; a(213,160) d(291)
17; 45, 33; r(424,380) d(387) a(212,204) r(139,171) a(124,467) d(277) r(390,202) r(139,171) a(183,330) d(362) a(387,228)
18; 45; a(213,160) d(291) r(139,171) a(183,330) d(362) a(387,228)
19; 33; r(424,380) d(387) a(212,204) r(139,171) a(124,467) d(277) r(390,202)
20; 20; r(448,22) r(117,173) a(421,419) d(200) d(435) r(376,303)
21; 30; r(448,22) r(117,173) a(180,341) r(214,28) r(415,397) r(153,181) a(113,447) d(112)
22; 12; r(181,145) d(355) a(152,208) d(353) r(147,172) d(217) r(212,228) a(381,341)
23; 0; d(253) r(439,171) r(147,166) a(111,28)
24; 13; r(448,22) r(117,173) a(421,419) d(200) r(117,173) r(415,397) r(147,172) d(251) a(300,273) r(124,118)
25; 4; r(424,380) d(387) d(230) r(187,355) a(214,400) a(281,330)
26; 52, 48; r(448,22) r(117,173) a(180,341) r(133,117) r(158,441) d(430) a(227,358) r(385,45)
27; 52, 48; r(448,22) r(117,173) a(180,341) r(133,117) a(224,225) d(214) a(393,415) a(21,475) d(227)
28; 52; r(448,22) r(117,173) a(180,341) r(133,117) r(158,441) d(430) a(227,358) a(393,415) a(21,475) d(227)
29; 48; r(448,22) r(117,173) a(180,341) r(133,117) a(224,225) d(214) r(385,45)
30; 28, 52; r(448,22) r(117,173) a(421,419) r(158,441) d(430) a(227,358) a(393,415) a(21,475) d(227)
31; 28, 52; r(448,22) r(117,173) a(180,341) r(133,117) d(200) r(117,173) r(415,397) r(147,172) d(251) a(300,273) d(180)
32; 28; r(448,22) r(117,173) a(421,419) d(200) r(117,173) r(415,397) r(147,172) d(251) a(300,273) d(180)
33; 52; r(448,22) r(117,173) a(180,341) r(133,117) r(158,441) d(430) a(227,358) a(393,415) a(21,475) d(227)
34; 23; a(422,226) d(461) a(242,323) a(352,257) d(192)
35; 22; r(181,145) d(355) a(193,208) d(291) d(230) d(110) d(361) a(204,202)
36; 14; r(181,145) d(355) a(152,208) d(353) r(147,172) d(217) r(212,228) d(462)
37; 35; r(424,380) d(387) d(230) r(187,355) a(214,400) r(435,358)
38; 1; r(242,227) d(331) r(410,462) a(400,21) r(225,446) r(177,1) a(109,210) a(213,445) a(165,150)
39; 49; r(424,380) d(387) a(212,204) r(139,171) a(124,467) d(277) d(250)
40; 8, 37; r(448,22) d(326) a(158,198) d(468) a(21,393) d(229) d(453) a(183,148)
41; 8, 37; r(448,22) r(117,173) a(180,341) r(214,28) d(235) r(115,448) d(214) a(184,385) r(168,183) r(210,471)
42; 8; r(448,22) d(326) a(158,198) d(468) a(21,393) d(229) d(453) r(210,471)
43; 37; r(448,22) r(117,173) a(180,341) r(214,28) d(235) r(115,448) d(214) a(184,385) r(168,183) a(183,148)
44; 48, 13; r(448,22) r(117,173) a(180,341) r(133,117) a(224,225) d(214) r(124,118)
45; 48, 13; r(448,22) r(117,173) a(421,419) d(200) r(117,173) r(415,397) r(147,172) d(251) a(300,273) r(385,45)
46; 48; r(448,22) r(117,173) a(180,341) r(133,117) a(224,225) d(214) r(385,45)
47; 13; r(448,22) r(117,173) a(421,419) d(200) r(117,173) r(415,397) r(147,172) d(251) a(300,273) r(124,118)
48; 22; r(181,145) d(355) a(193,208) d(291) d(230) d(110) d(361) a(204,202)
49; 43; r(242,227) d(331) r(410,462) a(400,21) r(147,166) r(427,441)
50; 42; r(242,227) d(331) r(410,462) a(400,21) r(147,166) a(381,400)
51; 5; r(424,380) d(387) d(468) a(21,393) d(277) d(440) d(331)
52; 43, 54; r(242,227) d(331) r(410,462) r(115,448) a(341,276) a(454,413)
53; 43, 54; r(448,22) r(117,173) d(235) a(400,21) r(147,166) r(427,441)
54; 43; r(242,227) d(331) r(410,462) a(400,21) r(147,166) r(427,441)
55; 54; r(448,22) r(117,173) d(235) r(115,448) a(341,276) a(454,413)
56; 6; r(448,22) d(326) d(229) d(453) a(380,409)
57; 4; r(424,380) d(387) d(230) r(187,355) a(214,400) a(281,330)
--------------------------------------------------------------------------------
Mutation

0; r(448,22) r(117,173) a(180,341) r(214,28) r(406,377)
1; r(424,380) r(210,154) a(212,204) d(230) a(400,21) r(240,113) a(422,210) d(235) r(115,448) d(214) a(184,385) r(168,183) a(183,148) a(360,325)
2; r(448,22) r(117,173) a(180,341) r(214,28) d(235) r(115,448) d(214) a(184,385) r(168,183) a(183,148) d(331)
3; r(424,380) r(210,154) a(212,204) d(230) a(400,21) r(240,113) a(422,210) d(204)
4; r(448,22) d(326) d(387) a(208,420) a(427,369) d(214)
5; r(424,380) d(229) d(453) a(380,409) r(214,446)
6; r(448,22) d(326) d(229) d(453) a(380,409) r(430,197)
7; r(424,380) d(387) a(208,420) a(427,369) a(212,355)
8; r(448,22) r(117,173) a(180,341) r(133,117) r(158,441) r(410,462) r(226,355) a(154,475) d(468) a(421,419) r(214,164) a(391,419) r(167,286) a(455,385)
9; r(242,227) d(331) d(430) a(227,358) d(245) r(330,231) r(212,151) r(391,436)
10; r(448,22) r(117,173) a(180,341) r(133,117) r(158,441) d(430) a(227,358) d(245) r(330,231) r(212,151) a(149,444)
11; r(242,227) d(331) r(410,462) r(226,355) a(154,475) d(468) a(421,419) r(214,164) a(391,419) r(167,286) a(367,429)
12; r(229,172) d(440) a(410,28) r(473,281) r(149,445) d(404) d(175) d(213)
13; r(181,145) d(355) a(152,208) d(353) r(147,172) d(217) r(212,228) a(381,341) a(210,139)
14; r(448,22) d(326) a(158,198) d(468) a(21,393) a(158,198) d(468) a(21,393) d(229) d(453) d(202) r(177,446)
15; r(424,380) d(387) d(230) r(187,355) a(214,400) r(435,358) r(214,446)
16; a(213,160) d(291) d(475)
17; r(424,380) d(387) a(212,204) r(139,171) a(124,467) d(277) r(390,202) r(139,171) a(183,330) d(362) a(387,228) a(349,221)
18; a(213,160) d(291) r(139,171) a(183,330) d(362) a(387,228) a(381,387)
19; r(424,380) d(387) a(212,204) r(139,171) a(124,467) d(277) r(390,202) d(466)
20; r(448,22) r(117,173) a(421,419) d(200) d(435) r(376,303) r(246,197)
21; r(448,22) r(117,173) a(180,341) r(214,28) r(415,397) r(153,181) a(113,447) d(112) a(161,289)
22; r(181,145) d(355) a(152,208) d(353) r(147,172) d(217) r(212,228) a(381,341) d(150)
23; d(253) r(439,171) r(147,166) a(111,28) a(153,289)
24; r(448,22) r(117,173) a(421,419) d(200) r(117,173) r(415,397) r(147,172) d(251) a(300,273) r(124,118) d(440)
25; r(424,380) d(387) d(230) r(187,355) a(214,400) a(281,330) a(182,413)
26; r(448,22) r(117,173) a(180,341) r(133,117) r(158,441) d(430) a(227,358) r(385,45) r(148,207)
27; r(448,22) r(117,173) a(180,341) r(133,117) a(224,225) d(214) a(393,415) a(21,475) d(227) r(206,444)
28; r(448,22) r(117,173) a(180,341) r(133,117) r(158,441) d(430) a(227,358) a(393,415) a(21,475) d(227) d(210)
29; r(448,22) r(117,173) a(180,341) r(133,117) a(224,225) d(214) r(385,45) a(149,212)
30; r(448,22) r(117,173) a(421,419) r(158,441) d(430) a(227,358) a(393,415) a(21,475) d(227) a(286,236)
31; r(448,22) r(117,173) a(180,341) r(133,117) d(200) r(117,173) r(415,397) r(147,172) d(251) a(300,273) d(180) d(463)
32; r(448,22) r(117,173) a(421,419) d(200) r(117,173) r(415,397) r(147,172) d(251) a(300,273) d(180) r(257,278)
33; r(448,22) r(117,173) a(180,341) r(133,117) r(158,441) d(430) a(227,358) a(393,415) a(21,475) d(227) d(293)
34; a(422,226) d(461) a(242,323) a(352,257) d(192) a(341,185)
35; r(181,145) d(355) a(193,208) d(291) d(230) d(110) d(361) a(204,202) a(214,136)
36; r(181,145) d(355) a(152,208) d(353) r(147,172) d(217) r(212,228) d(462) r(177,161)
37; r(424,380) d(387) d(230) r(187,355) a(214,400) r(435,358) a(21,446)
38; r(242,227) d(331) r(410,462) a(400,21) r(225,446) r(177,1) a(109,210) a(213,445) a(165,150) r(297,449)
39; r(424,380) d(387) a(212,204) r(139,171) a(124,467) d(277) d(250) d(227)
40; r(448,22) d(326) a(158,198) d(468) a(21,393) d(229) d(453) a(183,148) r(277,240)
41; r(448,22) r(117,173) a(180,341) r(214,28) d(235) r(115,448) d(214) a(184,385) r(168,183) r(210,471) a(9,2)
42; r(448,22) d(326) a(158,198) d(468) a(21,393) d(229) d(453) r(210,471) d(349)
43; r(448,22) r(117,173) a(180,341) r(214,28) d(235) r(115,448) d(214) a(184,385) r(168,183) a(183,148) d(378)
44; r(448,22) r(117,173) a(180,341) r(133,117) a(224,225) d(214) r(124,118) d(390)
45; r(448,22) r(117,173) a(421,419) d(200) r(117,173) r(415,397) r(147,172) d(251) a(300,273) r(385,45) d(141)
46; r(448,22) r(117,173) a(180,341) r(133,117) a(224,225) d(214) r(385,45) d(127)
47; r(448,22) r(117,173) a(421,419) d(200) r(117,173) r(415,397) r(147,172) d(251) a(300,273) r(124,118) r(331,13)
48; r(181,145) d(355) a(193,208) d(291) d(230) d(110) d(361) a(204,202) r(122,434)
49; r(242,227) d(331) r(410,462) a(400,21) r(147,166) r(427,441) a(258,41)
50; r(242,227) d(331) r(410,462) a(400,21) r(147,166) a(381,400) d(238)
51; r(424,380) d(387) d(468) a(21,393) d(277) d(440) d(331) d(143)
52; r(242,227) d(331) r(410,462) r(115,448) a(341,276) a(454,413) d(111)
53; r(448,22) r(117,173) d(235) a(400,21) r(147,166) r(427,441) d(337)
54; r(242,227) d(331) r(410,462) a(400,21) r(147,166) r(427,441) r(241,226)
55; r(448,22) r(117,173) d(235) r(115,448) a(341,276) a(454,413) a(334,346)
56; r(448,22) d(326) d(229) d(453) a(380,409) a(388,173)
57; r(424,380) d(387) d(230) r(187,355) a(214,400) a(281,330) a(324,230)
--------------------------------------------------------------------------------
Evaluation

0; 0.
1; 0.
2; 0.
3; 0.
4; 0.
5; 0.
6; 0.
7; 0.
8; 0.
9; 0.
10; 0.
11; 0.
12; 0.
13; 0.
14; 0.
15; 0.
16; 0.
17; 0.
18; 0.
19; 0.
20; 0.
21; 0.
22; 0.
23; 0.
24; 0.
25; 0.
26; 0.
27; 0.
28; 0.
29; 0.
30; 0.
31; 0.
32; 0.
33; 0.
34; 0.
35; 0.
36; 0.
37; 0.
38; 0.
39; 0.
40; 0.
41; 0.
42; 0.
43; 0.
44; 0.
45; 0.
46; 0.
47; 0.
48; 0.
49; 0.
50; 0.
51; 0.
52; 0.
53; 0.
54; 0.
55; 0.
56; 0.
57; 0.
================================================================================
Generation 8

--------------------------------------------------------------------------------
Selection

0; 52
1; 5
2; 20
3; 23
4; 12
5; 57
6; 18
7; 57
8; 28
9; 12
10; 39
11; 28
12; 5
13; 57
14; 52
15; 45
16; 27
17; 36
18; 16
19; 36
20; 55
21; 47
22; 50
23; 4
24; 52
25; 17
26; 22
27; 50
28; 41
29; 39
30; 39
31; 8
32; 34
33; 28
34; 0
35; 51
36; 51
37; 4
38; 25
39; 2
--------------------------------------------------------------------------------
Crossover

0; 22; r(181,145) d(355) a(152,208) d(353) r(147,172) d(217) r(212,228) a(381,341) d(150)
1; 50; r(242,227) d(331) r(410,462) a(400,21) r(147,166) a(381,400) d(238)
2; 20, 36; r(448,22) r(147,172) d(217) r(212,228) d(462) r(177,161)
3; 20, 36; r(181,145) d(355) a(152,208) d(353) r(117,173) a(421,419) d(200) d(435) r(376,303) r(246,197)
4; 20; r(448,22) r(117,173) a(421,419) d(200) d(435) r(376,303) r(246,197)
5; 36; r(181,145) d(355) a(152,208) d(353) r(147,172) d(217) r(212,228) d(462) r(177,161)
6; 12, 2; r(229,172) d(440) a(410,28) r(473,281) r(149,445) d(331)
7; 12, 2; r(448,22) r(117,173) a(180,341) r(214,28) d(235) r(115,448) d(214) a(184,385) r(168,183) a(183,148) d(404) d(175) d(213)
8; 12; r(229,172) d(440) a(410,28) r(473,281) r(149,445) d(404) d(175) d(213)
9; 2; r(448,22) r(117,173) a(180,341) r(214,28) d(235) r(115,448) d(214) a(184,385) r(168,183) a(183,148) d(331)
10; 57, 5; r(424,380) d(387) d(230) r(187,355) d(229) d(453) a(380,409) r(214,446)
11; 57, 5; r(424,380) a(214,400) a(281,330) a(324,230)
12; 57; r(424,380) d(387) d(230) r(187,355) a(214,400) a(281,330) a(324,230)
13; 5; r(424,380) d(229) d(453) a(380,409) r(214,446)
14; 28, 5; r(448,22) r(117,173) a(180,341) d(229) d(453) a(380,409) r(214,446)
15; 28, 5; r(424,380) r(133,117) r(158,441) d(430) a(227,358) a(393,415) a(21,475) d(227) d(210)
16; 28; r(448,22) r(117,173) a(180,341) r(133,117) r(158,441) d(430) a(227,358) a(393,415) a(21,475) d(227) d(210)
17; 5; r(424,380) d(229) d(453) a(380,409) r(214,446)
18; 39, 52; r(424,380) d(387) a(212,204) d(331) r(410,462) r(115,448) a(341,276) a(454,413) d(111)
19; 39, 52; r(242,227) r(139,171) a(124,467) d(277) d(250) d(227)
20; 39; r(424,380) d(387) a(212,204) r(139,171) a(124,467) d(277) d(250) d(227)
21; 52; r(242,227) d(331) r(410,462) r(115,448) a(341,276) a(454,413) d(111)
22; 16, 0; a(213,160) d(291) d(475) a(180,341) r(214,28) r(406,377)
23; 16, 0; r(448,22) r(117,173)
24; 16; a(213,160) d(291) d(475)
25; 0; r(448,22) r(117,173) a(180,341) r(214,28) r(406,377)
26; 18, 8; a(213,160) d(291) r(139,171) a(183,330) d(468) a(421,419) r(214,164) a(391,419) r(167,286) a(455,385)
27; 18, 8; r(448,22) r(117,173) a(180,341) r(133,117) r(158,441) r(410,462) r(226,355) a(154,475) d(362) a(387,228) a(381,387)
28; 18; a(213,160) d(291) r(139,171) a(183,330) d(362) a(387,228) a(381,387)
29; 8; r(448,22) r(117,173) a(180,341) r(133,117) r(158,441) r(410,462) r(226,355) a(154,475) d(468) a(421,419) r(214,164) a(391,419) r(167,286) a(455,385)
30; 55, 36; r(448,22) r(117,173) d(235) r(115,448) d(355) a(152,208) d(353) r(147,172) d(217) r(212,228) d(462) r(177,161)
31; 55, 36; r(181,145) a(341,276) a(454,413) a(334,346)
32; 55; r(448,22) r(117,173) d(235) r(115,448) a(341,276) a(454,413) a(334,346)
33; 36; r(181,145) d(355) a(152,208) d(353) r(147,172) d(217) r(212,228) d(462) r(177,161)
34; 17, 4; r(424,380) d(387) d(214)
35; 17, 4; r(448,22) d(326) d(387) a(208,420) a(427,369) a(212,204) r(139,171) a(124,467) d(277) r(390,202) r(139,171) a(183,330) d(362) a(387,228) a(349,221)
36; 17; r(424,380) d(387) a(212,204) r(139,171) a(124,467) d(277) r(390,202) r(139,171) a(183,330) d(362) a(387,228) a(349,221)
37; 4; r(448,22) d(326) d(387) a(208,420) a(427,369) d(214)
38; 52; r(242,227) d(331) r(410,462) r(115,448) a(341,276) a(454,413) d(111)
39; 28; r(448,22) r(117,173) a(180,341) r(133,117) r(158,441) d(430) a(227,358) a(393,415) a(21,475) d(227) d(210)
40; 51, 23; r(424,380) r(439,171) r(147,166) a(111,28) a(153,289)
41; 51, 23; d(253) d(387) d(468) a(21,393) d(277) d(440) d(331) d(143)
42; 51; r(424,380) d(387) d(468) a(21,393) d(277) d(440) d(331) d(143)
43; 23; d(253) r(439,171) r(147,166) a(111,28) a(153,289)
44; 12; r(229,172) d(440) a(410,28) r(473,281) r(149,445) d(404) d(175) d(213)
45; 41; r(448,22) r(117,173) a(180,341) r(214,28) d(235) r(115,448) d(214) a(184,385) r(168,183) r(210,471) a(9,2)
46; 45; r(448,22) r(117,173) a(421,419) d(200) r(117,173) r(415,397) r(147,172) d(251) a(300,273) r(385,45) d(141)
47; 50; r(242,227) d(331) r(410,462) a(400,21) r(147,166) a(381,400) d(238)
48; 4; r(448,22) d(326) d(387) a(208,420) a(427,369) d(214)
49; 39; r(424,380) d(387) a(212,204) r(139,171) a(124,467) d(277) d(250) d(227)
50; 27, 57; r(448,22) r(117,173) a(281,330) a(324,230)
51; 27, 57; r(424,380) d(387) d(230) r(187,355) a(214,400) a(180,341) r(133,117) a(224,225) d(214) a(393,415) a(21,475) d(227) r(206,444)
52; 27; r(448,22) r(117,173) a(180,341) r(133,117) a(224,225) d(214) a(393,415) a(21,475) d(227) r(206,444)
53; 57; r(424,380) d(387) d(230) r(187,355) a(214,400) a(281,330) a(324,230)
54; 39, 57; r(424,380) d(387) a(212,204) a(324,230)
55; 39, 57; r(424,380) d(387) d(230) r(187,355) a(214,400) a(281,330) r(139,171) a(124,467) d(277) d(250) d(227)
56; 39; r(424,380) d(387) a(212,204) r(139,171) a(124,467) d(277) d(250) d(227)
57; 57; r(424,380) d(387) d(230) r(187,355) a(214,400) a(281,330) a(324,230)
58; 52; r(242,227) d(331) r(410,462) r(115,448) a(341,276) a(454,413) d(111)
59; 47; r(448,22) r(117,173) a(421,419) d(200) r(117,173) r(415,397) r(147,172) d(251) a(300,273) r(124,118) r(331,13)
60; 34, 25; a(422,226) d(461) a(242,323) a(352,257) a(182,413)
61; 34, 25; r(424,380) d(387) d(230) r(187,355) a(214,400) a(281,330) d(192) a(341,185)
62; 34; a(422,226) d(461) a(242,323) a(352,257) d(192) a(341,185)
63; 25; r(424,380) d(387) d(230) r(187,355) a(214,400) a(281,330) a(182,413)
64; 28; r(448,22) r(117,173) a(180,341) r(133,117) r(158,441) d(430) a(227,358) a(393,415) a(21,475) d(227) d(210)
65; 51; r(424,380) d(387) d(468) a(21,393) d(277) d(440) d(331) d(143)
--------------------------------------------------------------------------------
Mutation

0; r(181,145) d(355) a(152,208) d(353) r(147,172) d(217) r(212,228) a(381,341) d(150) r(112,221)
1; r(242,227) d(331) r(410,462) a(400,21) r(147,166) a(381,400) d(238) a(398,420)
2; r(448,22) r(147,172) d(217) r(212,228) d(462) r(177,161) r(210,445)
3; r(181,145) d(355) a(152,208) d(353) r(117,173) a(421,419) d(200) d(435) r(376,303) r(246,197) a(275,471)
4; r(448,22) r(117,173) a(421,419) d(200) d(435) r(376,303) r(246,197) a(206,13)
5; r(181,145) d(355) a(152,208) d(353) r(147,172) d(217) r(212,228) d(462) r(177,161) r(300,233)
6; r(229,172) d(440) a(410,28) r(473,281) r(149,445) d(331) d(214)
7; r(448,22) r(117,173) a(180,341) r(214,28) d(235) r(115,448) d(214) a(184,385) r(168,183) a(183,148) d(404) d(175) d(213) a(362,9)
8; r(229,172) d(440) a(410,28) r(473,281) r(149,445) d(404) d(175) d(213) a(231,298)
9; r(448,22) r(117,173) a(180,341) r(214,28) d(235) r(115,448) d(214) a(184,385) r(168,183) a(183,148) d(331) r(257,255)
10; r(424,380) d(387) d(230) r(187,355) d(229) d(453) a(380,409) r(214,446) r(212,281)
11; r(424,380) a(214,400) a(281,330) a(324,230) a(442,406)
12; r(424,380) d(387) d(230) r(187,355) a(214,400) a(281,330) a(324,230) d(177)
13; r(424,380) d(229) d(453) a(380,409) r(214,446) r(414,393)
14; r(448,22) r(117,173) a(180,341) d(229) d(453) a(380,409) r(214,446) r(149,174)
15; r(424,380) r(133,117) r(158,441) d(430) a(227,358) a(393,415) a(21,475) d(227) d(210) r(187,178)
16; r(448,22) r(117,173) a(180,341) r(133,117) r(158,441) d(430) a(227,358) a(393,415) a(21,475) d(227) d(210) a(289,374)
17; r(424,380) d(229) d(453) a(380,409) r(214,446) d(414)
18; r(424,380) d(387) a(212,204) d(331) r(410,462) r(115,448) a(341,276) a(454,413) d(111) a(150,350)
19; r(242,227) r(139,171) a(124,467) d(277) d(250) d(227) a(330,331)
20; r(424,380) d(387) a(212,204) r(139,171) a(124,467) d(277) d(250) d(227) d(14)
21; r(242,227) d(331) r(410,462) r(115,448) a(341,276) a(454,413) d(111) d(127)
22; a(213,160) d(291) d(475) a(180,341) r(214,28) r(406,377) a(463,202)
23; r(448,22) r(117,173) d(391)
24; a(213,160) d(291) d(475) d(424)
25; r(448,22) r(117,173) a(180,341) r(214,28) r(406,377) d(327)
26; a(213,160) d(291) r(139,171) a(183,330) d(468) a(421,419) r(214,164) a(391,419) r(167,286) a(455,385) r(131,117)
27; r(448,22) r(117,173) a(180,341) r(133,117) r(158,441) r(410,462) r(226,355) a(154,475) d(362) a(387,228) a(381,387) r(406,275)
28; a(213,160) d(291) r(139,171) a(183,330) d(362) a(387,228) a(381,387) r(277,384)
29; r(448,22) r(117,173) a(180,341) r(133,117) r(158,441) r(410,462) r(226,355) a(154,475) d(468) a(421,419) r(214,164) a(391,419) r(167,286) a(455,385) a(208,467)
30; r(448,22) r(117,173) d(235) r(115,448) d(355) a(152,208) d(353) r(147,172) d(217) r(212,228) d(462) r(177,161) d(334)
31; r(181,145) a(341,276) a(454,413) a(334,346) d(159)
32; r(448,22) r(117,173) d(235) r(115,448) a(341,276) a(454,413) a(334,346) a(127,467)
33; r(181,145) d(355) a(152,208) d(353) r(147,172) d(217) r(212,228) d(462) r(177,161) a(461,202)
34; r(424,380) d(387) d(214) a(210,289)
35; r(448,22) d(326) d(387) a(208,420) a(427,369) a(212,204) r(139,171) a(124,467) d(277) r(390,202) r(139,171) a(183,330) d(362) a(387,228) a(349,221) r(289,362)
36; r(424,380) d(387) a(212,204) r(139,171) a(124,467) d(277) r(390,202) r(139,171) a(183,330) d(362) a(387,228) a(349,221) d(449)
37; r(448,22) d(326) d(387) a(208,420) a(427,369) d(214) a(328,444)
38; r(242,227) d(331) r(410,462) r(115,448) a(341,276) a(454,413) d(111) a(214,420)
39; r(448,22) r(117,173) a(180,341) r(133,117) r(158,441) d(430) a(227,358) a(393,415) a(21,475) d(227) d(210) a(434,399)
40; r(424,380) r(439,171) r(147,166) a(111,28) a(153,289) a(233,2)
41; d(253) d(387) d(468) a(21,393) d(277) d(440) d(331) d(143) a(212,37)
42; r(424,380) d(387) d(468) a(21,393) d(277) d(440) d(331) d(143) r(419,357)
43; d(253) r(439,171) r(147,166) a(111,28) a(153,289) r(331,37)
44; r(229,172) d(440) a(410,28) r(473,281) r(149,445) d(404) d(175) d(213) d(398)
45; r(448,22) r(117,173) a(180,341) r(214,28) d(235) r(115,448) d(214) a(184,385) r(168,183) r(210,471) a(9,2) d(158)
46; r(448,22) r(117,173) a(421,419) d(200) r(117,173) r(415,397) r(147,172) d(251) a(300,273) r(385,45) d(141) a(278,297)
47; r(242,227) d(331) r(410,462) a(400,21) r(147,166) a(381,400) d(238) d(237)
48; r(448,22) d(326) d(387) a(208,420) a(427,369) d(214) r(355,293)
49; r(424,380) d(387) a(212,204) r(139,171) a(124,467) d(277) d(250) d(227) d(210)
50; r(448,22) r(117,173) a(281,330) a(324,230) a(378,367)
51; r(424,380) d(387) d(230) r(187,355) a(214,400) a(180,341) r(133,117) a(224,225) d(214) a(393,415) a(21,475) d(227) r(206,444) a(414,374)
52; r(448,22) r(117,173) a(180,341) r(133,117) a(224,225) d(214) a(393,415) a(21,475) d(227) r(206,444) a(252,28)
53; r(424,380) d(387) d(230) r(187,355) a(214,400) a(281,330) a(324,230) r(212,19)
54; r(424,380) d(387) a(212,204) a(324,230) a(213,415)
55; r(424,380) d(387) d(230) r(187,355) a(214,400) a(281,330) r(139,171) a(124,467) d(277) d(250) d(227) a(274,231)
56; r(424,380) d(387) a(212,204) r(139,171) a(124,467) d(277) d(250) d(227) d(151)
57; r(424,380) d(387) d(230) r(187,355) a(214,400) a(281,330) a(324,230) a(422,228)
58; r(242,227) d(331) r(410,462) r(115,448) a(341,276) a(454,413) d(111) d(387)
59; r(448,22) r(117,173) a(421,419) d(200) r(117,173) r(415,397) r(147,172) d(251) a(300,273) r(124,118) r(331,13) d(253)
60; a(422,226) d(461) a(242,323) a(352,257) a(182,413) r(223,274)
61; r(424,380) d(387) d(230) r(187,355) a(214,400) a(281,330) d(192) a(341,185) a(178,151)
62; a(422,226) d(461) a(242,323) a(352,257) d(192) a(341,185) r(227,413)
63; r(424,380) d(387) d(230) r(187,355) a(214,400) a(281,330) a(182,413) r(158,175)
64; r(448,22) r(117,173) a(180,341) r(133,117) r(158,441) d(430) a(227,358) a(393,415) a(21,475) d(227) d(210) a(192,188)
65; r(424,380) d(387) d(468) a(21,393) d(277) d(440) d(331) d(143) d(428)
--------------------------------------------------------------------------------
Evaluation

0; 0.
1; 0.
2; 0.
3; 0.
4; 0.
5; 0.
6; 0.
7; 0.
8; 0.
9; 0.
10; 0.
11; 0.
12; 0.
13; 0.
14; 0.
15; 0.
16; 0.
17; 0.
18; 0.
19; 0.
20; 0.
21; 0.
22; 0.
23; 0.
24; 0.
25; 0.
26; 0.
27; 0.
28; 0.
29; 0.
30; 0.
31; 0.
32; 0.
33; 0.
34; 0.
35; 0.
36; 0.
37; 0.
38; 0.
39; 0.
40; 0.
41; 0.
42; 0.
43; 0.
44; 0.
45; 0.
46; 0.
47; 0.
48; 0.
49; 0.
50; 0.
51; 0.
52; 0.
53; 0.
54; 0.
55; 0.
56; 0.
57; 0.
58; 0.
59; 0.
60; 0.
61; 0.
62; 0.
63; 0.
64; 0.
65; 0.
================================================================================
Generation 9

--------------------------------------------------------------------------------
Selection

0; 54
1; 25
2; 2
3; 8
4; 36
5; 19
6; 60
7; 53
8; 1
9; 25
10; 62
11; 32
12; 7
13; 43
14; 19
15; 7
16; 42
17; 20
18; 53
19; 22
20; 25
21; 24
22; 63
23; 28
24; 11
25; 8
26; 5
27; 58
28; 38
29; 31
30; 41
31; 13
32; 48
33; 47
34; 26
35; 50
36; 40
37; 18
38; 4
39; 26
--------------------------------------------------------------------------------
Crossover

0; 11; r(424,380) a(214,400) a(281,330) a(324,230) a(442,406)
1; 8; r(229,172) d(440) a(410,28) r(473,281) r(149,445) d(404) d(175) d(213) a(231,298)
2; 41, 54; d(253) d(387) d(468) a(21,393) d(277) d(440) d(331) d(143)
3; 41, 54; r(424,380) d(387) a(212,204) a(324,230) a(213,415) a(212,37)
4; 41; d(253) d(387) d(468) a(21,393) d(277) d(440) d(331) d(143) a(212,37)
5; 54; r(424,380) d(387) a(212,204) a(324,230) a(213,415)
6; 62, 63; a(422,226) d(461) a(242,323) a(352,257) d(192) a(341,185) r(227,413)
7; 62, 63; r(424,380) d(387) d(230) r(187,355) a(214,400) a(281,330) a(182,413) r(158,175)
8; 62; a(422,226) d(461) a(242,323) a(352,257) d(192) a(341,185) r(227,413)
9; 63; r(424,380) d(387) d(230) r(187,355) a(214,400) a(281,330) a(182,413) r(158,175)
10; 60, 22; a(422,226) d(461) a(242,323) a(352,257) a(182,413) r(223,274) a(463,202)
11; 60, 22; a(213,160) d(291) d(475) a(180,341) r(214,28) r(406,377)
12; 60; a(422,226) d(461) a(242,323) a(352,257) a(182,413) r(223,274)
13; 22; a(213,160) d(291) d(475) a(180,341) r(214,28) r(406,377) a(463,202)
14; 47, 24; r(242,227) d(331) r(410,462) a(400,21) r(147,166) a(381,400) d(238)
15; 47, 24; a(213,160) d(291) d(475) d(424) d(237)
16; 47; r(242,227) d(331) r(410,462) a(400,21) r(147,166) a(381,400) d(238) d(237)
17; 24; a(213,160) d(291) d(475) d(424)
18; 8; r(229,172) d(440) a(410,28) r(473,281) r(149,445) d(404) d(175) d(213) a(231,298)
19; 5; r(181,145) d(355) a(152,208) d(353) r(147,172) d(217) r(212,228) d(462) r(177,161) r(300,233)
20; 7, 53; r(448,22) r(117,173) a(180,341) r(214,28) d(235) r(115,448) d(214) a(184,385) r(168,183) d(230) r(187,355) a(214,400) a(281,330) a(324,230) r(212,19)
21; 7, 53; r(424,380) d(387) a(183,148) d(404) d(175) d(213) a(362,9)
22; 7; r(448,22) r(117,173) a(180,341) r(214,28) d(235) r(115,448) d(214) a(184,385) r(168,183) a(183,148) d(404) d(175) d(213) a(362,9)
23; 53; r(424,380) d(387) d(230) r(187,355) a(214,400) a(281,330) a(324,230) r(212,19)
24; 28, 26; a(213,160) r(131,117)
25; 28, 26; a(213,160) d(291) r(139,171) a(183,330) d(468) a(421,419) r(214,164) a(391,419) r(167,286) a(455,385) d(291) r(139,171) a(183,330) d(362) a(387,228) a(381,387) r(277,384)
26; 28; a(213,160) d(291) r(139,171) a(183,330) d(362) a(387,228) a(381,387) r(277,384)
27; 26; a(213,160) d(291) r(139,171) a(183,330) d(468) a(421,419) r(214,164) a(391,419) r(167,286) a(455,385) r(131,117)
28; 25, 19; r(448,22) r(117,173) a(180,341)
29; 25, 19; r(242,227) r(139,171) a(124,467) d(277) d(250) d(227) a(330,331) r(214,28) r(406,377) d(327)
30; 25; r(448,22) r(117,173) a(180,341) r(214,28) r(406,377) d(327)
31; 19; r(242,227) r(139,171) a(124,467) d(277) d(250) d(227) a(330,331)
32; 18, 13; r(424,380) d(387) a(212,204) d(331) a(380,409) r(214,446) r(414,393)
33; 18, 13; r(424,380) d(229) d(453) r(410,462) r(115,448) a(341,276) a(454,413) d(111) a(150,350)
34; 18; r(424,380) d(387) a(212,204) d(331) r(410,462) r(115,448) a(341,276) a(454,413) d(111) a(150,350)
35; 13; r(424,380) d(229) d(453) a(380,409) r(214,446) r(414,393)
36; 19, 38; r(242,227) r(139,171) a(124,467) d(277) d(250) d(227) a(330,331)
37; 19, 38; r(242,227) d(331) r(410,462) r(115,448) a(341,276) a(454,413) d(111) a(214,420)
38; 19; r(242,227) r(139,171) a(124,467) d(277) d(250) d(227) a(330,331)
39; 38; r(242,227) d(331) r(410,462) r(115,448) a(341,276) a(454,413) d(111) a(214,420)
40; 58, 2; r(242,227) d(331) r(410,462) r(115,448) d(462) r(177,161) r(210,445)
41; 58, 2; r(448,22) r(147,172) d(217) r(212,228) a(341,276) a(454,413) d(111) d(387)
42; 58; r(242,227) d(331) r(410,462) r(115,448) a(341,276) a(454,413) d(111) d(387)
43; 2; r(448,22) r(147,172) d(217) r(212,228) d(462) r(177,161) r(210,445)
44; 50; r(448,22) r(117,173) a(281,330) a(324,230) a(378,367)
45; 4; r(448,22) r(117,173) a(421,419) d(200) d(435) r(376,303) r(246,197) a(206,13)
46; 31; r(181,145) a(341,276) a(454,413) a(334,346) d(159)
47; 7; r(448,22) r(117,173) a(180,341) r(214,28) d(235) r(115,448) d(214) a(184,385) r(168,183) a(183,148) d(404) d(175) d(213) a(362,9)
48; 36; r(424,380) d(387) a(212,204) r(139,171) a(124,467) d(277) r(390,202) r(139,171) a(183,330) d(362) a(387,228) a(349,221) d(449)
49; 32; r(448,22) r(117,173) d(235) r(115,448) a(341,276) a(454,413) a(334,346) a(127,467)
50; 25; r(448,22) r(117,173) a(180,341) r(214,28) r(406,377) d(327)
51; 26; a(213,160) d(291) r(139,171) a(183,330) d(468) a(421,419) r(214,164) a(391,419) r(167,286) a(455,385) r(131,117)
52; 48, 53; r(448,22) d(326) d(387) a(208,420) a(427,369) d(214) r(355,293) r(187,355) a(214,400) a(281,330) a(324,230) r(212,19)
53; 48, 53; r(424,380) d(387) d(230)
54; 48; r(448,22) d(326) d(387) a(208,420) a(427,369) d(214) r(355,293)
55; 53; r(424,380) d(387) d(230) r(187,355) a(214,400) a(281,330) a(324,230) r(212,19)
56; 42; r(424,380) d(387) d(468) a(21,393) d(277) d(440) d(331) d(143) r(419,357)
57; 25; r(448,22) r(117,173) a(180,341) r(214,28) r(406,377) d(327)
58; 40; r(424,380) r(439,171) r(147,166) a(111,28) a(153,289) a(233,2)
59; 43; d(253) r(439,171) r(147,166) a(111,28) a(153,289) r(331,37)
60; 20; r(424,380) d(387) a(212,204) r(139,171) a(124,467) d(277) d(250) d(227) d(14)
61; 1; r(242,227) d(331) r(410,462) a(400,21) r(147,166) a(381,400) d(238) a(398,420)
--------------------------------------------------------------------------------
Mutation

0; r(424,380) a(214,400) a(281,330) a(324,230) a(442,406) d(452)
1; r(229,172) d(440) a(410,28) r(473,281) r(149,445) d(404) d(175) d(213) a(231,298) r(147,400)
2; d(253) d(387) d(468) a(21,393) d(277) d(440) d(331) d(143) a(15,330)
3; r(424,380) d(387) a(212,204) a(324,230) a(213,415) a(212,37) d(188)
4; d(253) d(387) d(468) a(21,393) d(277) d(440) d(331) d(143) a(212,37) d(298)
5; r(424,380) d(387) a(212,204) a(324,230) a(213,415) r(338,235)
6; a(422,226) d(461) a(242,323) a(352,257) d(192) a(341,185) r(227,413) d(347)
7; r(424,380) d(387) d(230) r(187,355) a(214,400) a(281,330) a(182,413) r(158,175) r(181,168)
8; a(422,226) d(461) a(242,323) a(352,257) d(192) a(341,185) r(227,413) d(212)
9; r(424,380) d(387) d(230) r(187,355) a(214,400) a(281,330) a(182,413) r(158,175) a(19,341)
10; a(422,226) d(461) a(242,323) a(352,257) a(182,413) r(223,274) a(463,202) r(171,289)
11; a(213,160) d(291) d(475) a(180,341) r(214,28) r(406,377) a(361,228)
12; a(422,226) d(461) a(242,323) a(352,257) a(182,413) r(223,274) d(199)
13; a(213,160) d(291) d(475) a(180,341) r(214,28) r(406,377) a(463,202) a(238,28)
14; r(242,227) d(331) r(410,462) a(400,21) r(147,166) a(381,400) d(238) a(452,1)
15; a(213,160) d(291) d(475) d(424) d(237) r(137,233)
16; r(242,227) d(331) r(410,462) a(400,21) r(147,166) a(381,400) d(238) d(237) d(21)
17; a(213,160) d(291) d(475) d(424) d(277)
18; r(229,172) d(440) a(410,28) r(473,281) r(149,445) d(404) d(175) d(213) a(231,298) r(369,393)
19; r(181,145) d(355) a(152,208) d(353) r(147,172) d(217) r(212,228) d(462) r(177,161) r(300,233) d(152)
20; r(448,22) r(117,173) a(180,341) r(214,28) d(235) r(115,448) d(214) a(184,385) r(168,183) d(230) r(187,355) a(214,400) a(281,330) a(324,230) r(212,19) a(472,289)
21; r(424,380) d(387) a(183,148) d(404) d(175) d(213) a(362,9) d(232)
22; r(448,22) r(117,173) a(180,341) r(214,28) d(235) r(115,448) d(214) a(184,385) r(168,183) a(183,148) d(404) d(175) d(213) a(362,9) a(113,1)
23; r(424,380) d(387) d(230) r(187,355) a(214,400) a(281,330) a(324,230) r(212,19) d(404)
24; a(213,160) r(131,117) a(298,304)
25; a(213,160) d(291) r(139,171) a(183,330) d(468) a(421,419) r(214,164) a(391,419) r(167,286) a(455,385) d(291) r(139,171) a(183,330) d(362) a(387,228) a(381,387) r(277,384) a(347,326)
26; a(213,160) d(291) r(139,171) a(183,330) d(362) a(387,228) a(381,387) r(277,384) d(276)
27; a(213,160) d(291) r(139,171) a(183,330) d(468) a(421,419) r(214,164) a(391,419) r(167,286) a(455,385) r(131,117) d(175)
28; r(448,22) r(117,173) a(180,341) r(214,289)
29; r(242,227) r(139,171) a(124,467) d(277) d(250) d(227) a(330,331) r(214,28) r(406,377) d(327) d(352)
30; r(448,22) r(117,173) a(180,341) r(214,28) r(406,377) d(327) r(229,2)
31; r(242,227) r(139,171) a(124,467) d(277) d(250) d(227) a(330,331) d(168)
32; r(424,380) d(387) a(212,204) d(331) a(380,409) r(214,446) r(414,393) r(210,37)
33; r(424,380) d(229) d(453) r(410,462) r(115,448) a(341,276) a(454,413) d(111) a(150,350) d(291)
34; r(424,380) d(387) a(212,204) d(331) r(410,462) r(115,448) a(341,276) a(454,413) d(111) a(150,350) d(427)
35; r(424,380) d(229) d(453) a(380,409) r(214,446) r(414,393) d(399)
36; r(242,227) r(139,171) a(124,467) d(277) d(250) d(227) a(330,331) a(199,286)
37; r(242,227) d(331) r(410,462) r(115,448) a(341,276) a(454,413) d(111) a(214,420) r(390,467)
38; r(242,227) r(139,171) a(124,467) d(277) d(250) d(227) a(330,331) d(241)
39; r(242,227) d(331) r(410,462) r(115,448) a(341,276) a(454,413) d(111) a(214,420) a(273,351)
40; r(242,227) d(331) r(410,462) r(115,448) d(462) r(177,161) r(210,445) a(416,416)
41; r(448,22) r(147,172) d(217) r(212,228) a(341,276) a(454,413) d(111) d(387) a(214,206)
42; r(242,227) d(331) r(410,462) r(115,448) a(341,276) a(454,413) d(111) d(387) a(390,272)
43; r(448,22) r(147,172) d(217) r(212,228) d(462) r(177,161) r(210,445) r(413,286)
44; r(448,22) r(117,173) a(281,330) a(324,230) a(378,367) a(255,455)
45; r(448,22) r(117,173) a(421,419) d(200) d(435) r(376,303) r(246,197) a(206,13) a(124,135)
46; r(181,145) a(341,276) a(454,413) a(334,346) d(159) a(457,294)
47; r(448,22) r(117,173) a(180,341) r(214,28) d(235) r(115,448) d(214) a(184,385) r(168,183) a(183,148) d(404) d(175) d(213) a(362,9) d(207)
48; r(424,380) d(387) a(212,204) r(139,171) a(124,467) d(277) r(390,202) r(139,171) a(183,330) d(362) a(387,228) a(349,221) d(449) r(213,200)
49; r(448,22) r(117,173) d(235) r(115,448) a(341,276) a(454,413) a(334,346) a(127,467) a(292,331)
50; r(448,22) r(117,173) a(180,341) r(214,28) r(406,377) d(327) r(150,195)
51; a(213,160) d(291) r(139,171) a(183,330) d(468) a(421,419) r(214,164) a(391,419) r(167,286) a(455,385) r(131,117) d(429)
52; r(448,22) d(326) d(387) a(208,420) a(427,369) d(214) r(355,293) r(187,355) a(214,400) a(281,330) a(324,230) r(212,19) d(166)
53; r(424,380) d(387) d(230) r(228,210)
54; r(448,22) d(326) d(387) a(208,420) a(427,369) d(214) r(355,293) d(176)
55; r(424,380) d(387) d(230) r(187,355) a(214,400) a(281,330) a(324,230) r(212,19) a(110,381)
56; r(424,380) d(387) d(468) a(21,393) d(277) d(440) d(331) d(143) r(419,357) r(472,289)
57; r(448,22) r(117,173) a(180,341) r(214,28) r(406,377) d(327) r(444,440)
58; r(424,380) r(439,171) r(147,166) a(111,28) a(153,289) a(233,2) a(128,446)
59; d(253) r(439,171) r(147,166) a(111,28) a(153,289) r(331,37) r(212,406)
60; r(424,380) d(387) a(212,204) r(139,171) a(124,467) d(277) d(250) d(227) d(14) d(146)
61; r(242,227) d(331) r(410,462) a(400,21) r(147,166) a(381,400) d(238) a(398,420) a(214,162)
--------------------------------------------------------------------------------
Evaluation

0; 0.
1; 0.
2; 0.
3; 0.
4; 0.
5; 0.
6; 0.
7; 0.
8; 0.
9; 0.
10; 0.
11; 0.
12; 0.
13; 0.
14; 0.
15; 0.
16; 0.
17; 0.
18; 0.
19; 0.
20; 0.
21; 0.
22; 0.
23; 0.
24; 0.
25; 0.
26; 0.
27; 0.
28; 0.
29; 0.
30; 0.
31; 0.
32; 0.
33; 0.
34; 0.
35; 0.
36; 0.
37; 0.
38; 0.
39; 0.
40; 0.
41; 0.
42; 0.
43; 0.
44; 0.
45; 0.
46; 0.
47; 0.
48; 0.
49; 0.
50; 0.
51; 0.
52; 0.
53; 0.
54; 0.
55; 0.
56; 0.
57; 0.
58; 0.
59; 0.
60; 0.
61; 0.
================================================================================
Generation 10

--------------------------------------------------------------------------------
Selection

0; 41
1; 23
2; 39
3; 27
4; 4
5; 40
6; 0
7; 29
8; 24
9; 27
10; 12
11; 12
12; 13
13; 33
14; 49
15; 51
16; 12
17; 55
18; 21
19; 47
20; 48
21; 26
22; 45
23; 19
24; 46
25; 23
26; 27
27; 47
28; 42
29; 51
30; 44
31; 14
32; 14
33; 57
34; 24
35; 32
36; 4
37; 40
38; 12
39; 5
--------------------------------------------------------------------------------
Crossover

0; 4; d(253) d(387) d(468) a(21,393) d(277) d(440) d(331) d(143) a(212,37) d(298)
1; 0; r(424,380) a(214,400) a(281,330) a(324,230) a(442,406) d(452)
2; 23; r(424,380) d(387) d(230) r(187,355) a(214,400) a(281,330) a(324,230) r(212,19) d(404)
3; 32; r(424,380) d(387) a(212,204) d(331) a(380,409) r(214,446) r(414,393) r(210,37)
4; 46; r(181,145) a(341,276) a(454,413) a(334,346) d(159) a(457,294)
5; 14; r(242,227) d(331) r(410,462) a(400,21) r(147,166) a(381,400) d(238) a(452,1)
6; 24; a(213,160) r(131,117) a(298,304)
7; 27; a(213,160) d(291) r(139,171) a(183,330) d(468) a(421,419) r(214,164) a(391,419) r(167,286) a(455,385) r(131,117) d(175)
8; 40, 26; r(242,227) d(331) r(410,462) r(115,448) d(462) a(381,387) r(277,384) d(276)
9; 40, 26; a(213,160) d(291) r(139,171) a(183,330) d(362) a(387,228) r(177,161) r(210,445) a(416,416)
10; 40; r(242,227) d(331) r(410,462) r(115,448) d(462) r(177,161) r(210,445) a(416,416)
11; 26; a(213,160) d(291) r(139,171) a(183,330) d(362) a(387,228) a(381,387) r(277,384) d(276)
12; 24; a(213,160) r(131,117) a(298,304)
13; 40; r(242,227) d(331) r(410,462) r(115,448) d(462) r(177,161) r(210,445) a(416,416)
14; 51, 47; a(213,160) d(291) r(139,171) a(183,330) d(468) a(421,419) r(214,164) a(391,419) r(167,286) a(455,385) r(131,117) r(117,173) a(180,341) r(214,28) d(235) r(115,448) d(214) a(184,385) r(168,183) a(183,148) d(404) d(175) d(213) a(362,9) d(207)
15; 51, 47; r(448,22) d(429)
16; 51; a(213,160) d(291) r(139,171) a(183,330) d(468) a(421,419) r(214,164) a(391,419) r(167,286) a(455,385) r(131,117) d(429)
17; 47; r(448,22) r(117,173) a(180,341) r(214,28) d(235) r(115,448) d(214) a(184,385) r(168,183) a(183,148) d(404) d(175) d(213) a(362,9) d(207)
18; 57, 33; r(448,22) r(117,173) a(180,341) r(115,448) a(341,276) a(454,413) d(111) a(150,350) d(291)
19; 57, 33; r(424,380) d(229) d(453) r(410,462) r(214,28) r(406,377) d(327) r(444,440)
20; 57; r(448,22) r(117,173) a(180,341) r(214,28) r(406,377) d(327) r(444,440)
21; 33; r(424,380) d(229) d(453) r(410,462) r(115,448) a(341,276) a(454,413) d(111) a(150,350) d(291)
22; 27, 13; a(213,160) d(291) r(139,171) a(183,330) a(463,202) a(238,28)
23; 27, 13; a(213,160) d(291) d(475) a(180,341) r(214,28) r(406,377) d(468) a(421,419) r(214,164) a(391,419) r(167,286) a(455,385) r(131,117) d(175)
24; 27; a(213,160) d(291) r(139,171) a(183,330) d(468) a(421,419) r(214,164) a(391,419) r(167,286) a(455,385) r(131,117) d(175)
25; 13; a(213,160) d(291) d(475) a(180,341) r(214,28) r(406,377) a(463,202) a(238,28)
26; 19, 23; r(181,145) d(355) a(152,208) d(353) r(147,172) d(217) d(230) r(187,355) a(214,400) a(281,330) a(324,230) r(212,19) d(404)
27; 19, 23; r(424,380) d(387) r(212,228) d(462) r(177,161) r(300,233) d(152)
28; 19; r(181,145) d(355) a(152,208) d(353) r(147,172) d(217) r(212,228) d(462) r(177,161) r(300,233) d(152)
29; 23; r(424,380) d(387) d(230) r(187,355) a(214,400) a(281,330) a(324,230) r(212,19) d(404)
30; 12; a(422,226) d(461) a(242,323) a(352,257) a(182,413) r(223,274) d(199)
31; 12; a(422,226) d(461) a(242,323) a(352,257) a(182,413) r(223,274) d(199)
32; 42, 12; r(242,227) d(331) r(410,462) r(115,448) a(341,276) a(454,413) d(111) d(387) a(390,272) a(182,413) r(223,274) d(199)
33; 42, 12; a(422,226) d(461) a(242,323) a(352,257)
34; 42; r(242,227) d(331) r(410,462) r(115,448) a(341,276) a(454,413) d(111) d(387) a(390,272)
35; 12; a(422,226) d(461) a(242,323) a(352,257) a(182,413) r(223,274) d(199)
36; 47; r(448,22) r(117,173) a(180,341) r(214,28) d(235) r(115,448) d(214) a(184,385) r(168,183) a(183,148) d(404) d(175) d(213) a(362,9) d(207)
37; 45; r(448,22) r(117,173) a(421,419) d(200) d(435) r(376,303) r(246,197) a(206,13) a(124,135)
38; 48, 49; r(424,380) d(387) a(212,204) r(139,171)
39; 48, 49; r(448,22) r(117,173) d(235) r(115,448) a(341,276) a(454,413) a(334,346) a(127,467) a(292,331) a(124,467) d(277) r(390,202) r(139,171) a(183,330) d(362) a(387,228) a(349,221) d(449) r(213,200)
40; 48; r(424,380) d(387) a(212,204) r(139,171) a(124,467) d(277) r(390,202) r(139,171) a(183,330) d(362) a(387,228) a(349,221) d(449) r(213,200)
41; 49; r(448,22) r(117,173) d(235) r(115,448) a(341,276) a(454,413) a(334,346) a(127,467) a(292,331)
42; 12; a(422,226) d(461) a(242,323) a(352,257) a(182,413) r(223,274) d(199)
43; 14; r(242,227) d(331) r(410,462) a(400,21) r(147,166) a(381,400) d(238) a(452,1)
44; 4; d(253) d(387) d(468) a(21,393) d(277) d(440) d(331) d(143) a(212,37) d(298)
45; 5; r(424,380) d(387) a(212,204) a(324,230) a(213,415) r(338,235)
46; 41, 39; r(448,22) r(147,172) d(217) r(212,228) a(341,276) r(410,462) r(115,448) a(341,276) a(454,413) d(111) a(214,420) a(273,351)
47; 41, 39; r(242,227) d(331) a(454,413) d(111) d(387) a(214,206)
48; 41; r(448,22) r(147,172) d(217) r(212,228) a(341,276) a(454,413) d(111) d(387) a(214,206)
49; 39; r(242,227) d(331) r(410,462) r(115,448) a(341,276) a(454,413) d(111) a(214,420) a(273,351)
50; 27, 44; a(213,160) d(291) r(139,171) a(183,330) d(468) a(421,419) r(214,164) a(391,419) r(117,173) a(281,330) a(324,230) a(378,367) a(255,455)
51; 27, 44; r(448,22) r(167,286) a(455,385) r(131,117) d(175)
52; 27; a(213,160) d(291) r(139,171) a(183,330) d(468) a(421,419) r(214,164) a(391,419) r(167,286) a(455,385) r(131,117) d(175)
53; 44; r(448,22) r(117,173) a(281,330) a(324,230) a(378,367) a(255,455)
54; 51, 21; a(213,160) d(213) a(362,9) d(232)
55; 51, 21; r(424,380) d(387) a(183,148) d(404) d(175) d(291) r(139,171) a(183,330) d(468) a(421,419) r(214,164) a(391,419) r(167,286) a(455,385) r(131,117) d(429)
56; 51; a(213,160) d(291) r(139,171) a(183,330) d(468) a(421,419) r(214,164) a(391,419) r(167,286) a(455,385) r(131,117) d(429)
57; 21; r(424,380) d(387) a(183,148) d(404) d(175) d(213) a(362,9) d(232)
58; 29; r(242,227) r(139,171) a(124,467) d(277) d(250) d(227) a(330,331) r(214,28) r(406,377) d(327) d(352)
59; 55; r(424,380) d(387) d(230) r(187,355) a(214,400) a(281,330) a(324,230) r(212,19) a(110,381)
--------------------------------------------------------------------------------
Mutation

0; d(253) d(387) d(468) a(21,393) d(277) d(440) d(331) d(143) a(212,37) d(298) d(396)
1; r(424,380) a(214,400) a(281,330) a(324,230) a(442,406) d(452) r(369,396)
2; r(424,380) d(387) d(230) r(187,355) a(214,400) a(281,330) a(324,230) r(212,19) d(404) a(362,19)
3; r(424,380) d(387) a(212,204) d(331) a(380,409) r(214,446) r(414,393) r(210,37) a(236,245)
4; r(181,145) a(341,276) a(454,413) a(334,346) d(159) a(457,294) a(199,13)
5; r(242,227) d(331) r(410,462) a(400,21) r(147,166) a(381,400) d(238) a(452,1) r(172,19)
6; a(213,160) r(131,117) a(298,304) r(223,225)
7; a(213,160) d(291) r(139,171) a(183,330) d(468) a(421,419) r(214,164) a(391,419) r(167,286) a(455,385) r(131,117) d(175) a(460,457)
8; r(242,227) d(331) r(410,462) r(115,448) d(462) a(381,387) r(277,384) d(276) a(475,52)
9; a(213,160) d(291) r(139,171) a(183,330) d(362) a(387,228) r(177,161) r(210,445) a(416,416) a(471,406)
10; r(242,227) d(331) r(410,462) r(115,448) d(462) r(177,161) r(210,445) a(416,416) d(123)
11; a(213,160) d(291) r(139,171) a(183,330) d(362) a(387,228) a(381,387) r(277,384) d(276) d(212)
12; a(213,160) r(131,117) a(298,304) r(293,445)
13; r(242,227) d(331) r(410,462) r(115,448) d(462) r(177,161) r(210,445) a(416,416) a(216,272)
14; a(213,160) d(291) r(139,171) a(183,330) d(468) a(421,419) r(214,164) a(391,419) r(167,286) a(455,385) r(131,117) r(117,173) a(180,341) r(214,28) d(235) r(115,448) d(214) a(184,385) r(168,183) a(183,148) d(404) d(175) d(213) a(362,9) d(207) d(204)
15; r(448,22) d(429) d(335)
16; a(213,160) d(291) r(139,171) a(183,330) d(468) a(421,419) r(214,164) a(391,419) r(167,286) a(455,385) r(131,117) d(429) d(391)
17; r(448,22) r(117,173) a(180,341) r(214,28) d(235) r(115,448) d(214) a(184,385) r(168,183) a(183,148) d(404) d(175) d(213) a(362,9) d(207) a(255,192)
18; r(448,22) r(117,173) a(180,341) r(115,448) a(341,276) a(454,413) d(111) a(150,350) d(291) r(210,393)
19; r(424,380) d(229) d(453) r(410,462) r(214,28) r(406,377) d(327) r(444,440) d(404)
20; r(448,22) r(117,173) a(180,341) r(214,28) r(406,377) d(327) r(444,440) a(434,367)
21; r(424,380) d(229) d(453) r(410,462) r(115,448) a(341,276) a(454,413) d(111) a(150,350) d(291) a(470,453)
22; a(213,160) d(291) r(139,171) a(183,330) a(463,202) a(238,28) d(192)
23; a(213,160) d(291) d(475) a(180,341) r(214,28) r(406,377) d(468) a(421,419) r(214,164) a(391,419) r(167,286) a(455,385) r(131,117) d(175) r(327,251)
24; a(213,160) d(291) r(139,171) a(183,330) d(468) a(421,419) r(214,164) a(391,419) r(167,286) a(455,385) r(131,117) d(175) a(213,156)
25; a(213,160) d(291) d(475) a(180,341) r(214,28) r(406,377) a(463,202) a(238,28) r(393,394)
26; r(181,145) d(355) a(152,208) d(353) r(147,172) d(217) d(230) r(187,355) a(214,400) a(281,330) a(324,230) r(212,19) d(404) r(444,406)
27; r(424,380) d(387) r(212,228) d(462) r(177,161) r(300,233) d(152) r(164,197)
28; r(181,145) d(355) a(152,208) d(353) r(147,172) d(217) r(212,228) d(462) r(177,161) r(300,233) d(152) a(325,301)
29; r(424,380) d(387) d(230) r(187,355) a(214,400) a(281,330) a(324,230) r(212,19) d(404) a(247,462)
30; a(422,226) d(461) a(242,323) a(352,257) a(182,413) r(223,274) d(199) r(233,299)
31; a(422,226) d(461) a(242,323) a(352,257) a(182,413) r(223,274) d(199) r(455,393)
32; r(242,227) d(331) r(410,462) r(115,448) a(341,276) a(454,413) d(111) d(387) a(390,272) a(182,413) r(223,274) d(199) d(213)
33; a(422,226) d(461) a(242,323) a(352,257) a(409,415)
34; r(242,227) d(331) r(410,462) r(115,448) a(341,276) a(454,413) d(111) d(387) a(390,272) a(374,411)
35; a(422,226) d(461) a(242,323) a(352,257) a(182,413) r(223,274) d(199) r(337,52)
36; r(448,22) r(117,173) a(180,341) r(214,28) d(235) r(115,448) d(214) a(184,385) r(168,183) a(183,148) d(404) d(175) d(213) a(362,9) d(207) a(159,147)
37; r(448,22) r(117,173) a(421,419) d(200) d(435) r(376,303) r(246,197) a(206,13) a(124,135) a(434,423)
38; r(424,380) d(387) a(212,204) r(139,171) r(253,439)
39; r(448,22) r(117,173) d(235) r(115,448) a(341,276) a(454,413) a(334,346) a(127,467) a(292,331) a(124,467) d(277) r(390,202) r(139,171) a(183,330) d(362) a(387,228) a(349,221) d(449) r(213,200) a(358,287)
40; r(424,380) d(387) a(212,204) r(139,171) a(124,467) d(277) r(390,202) r(139,171) a(183,330) d(362) a(387,228) a(349,221) d(449) r(213,200) r(19,28)
41; r(448,22) r(117,173) d(235) r(115,448) a(341,276) a(454,413) a(334,346) a(127,467) a(292,331) r(274,304)
42; a(422,226) d(461) a(242,323) a(352,257) a(182,413) r(223,274) d(199) d(326)
43; r(242,227) d(331) r(410,462) a(400,21) r(147,166) a(381,400) d(238) a(452,1) a(206,160)
44; d(253) d(387) d(468) a(21,393) d(277) d(440) d(331) d(143) a(212,37) d(298) d(130)
45; r(424,380) d(387) a(212,204) a(324,230) a(213,415) r(338,235) a(235,344)
46; r(448,22) r(147,172) d(217) r(212,228) a(341,276) r(410,462) r(115,448) a(341,276) a(454,413) d(111) a(214,420) a(273,351) r(229,420)
47; r(242,227) d(331) a(454,413) d(111) d(387) a(214,206) d(398)
48; r(448,22) r(147,172) d(217) r(212,228) a(341,276) a(454,413) d(111) d(387) a(214,206) r(323,31)
49; r(242,227) d(331) r(410,462) r(115,448) a(341,276) a(454,413) d(111) a(214,420) a(273,351) a(9,455)
50; a(213,160) d(291) r(139,171) a(183,330) d(468) a(421,419) r(214,164) a(391,419) r(117,173) a(281,330) a(324,230) a(378,367) a(255,455) d(339)
51; r(448,22) r(167,286) a(455,385) r(131,117) d(175) r(294,236)
52; a(213,160) d(291) r(139,171) a(183,330) d(468) a(421,419) r(214,164) a(391,419) r(167,286) a(455,385) r(131,117) d(175) a(449,120)
53; r(448,22) r(117,173) a(281,330) a(324,230) a(378,367) a(255,455) a(333,227)
54; a(213,160) d(213) a(362,9) d(232) d(175)
55; r(424,380) d(387) a(183,148) d(404) d(175) d(291) r(139,171) a(183,330) d(468) a(421,419) r(214,164) a(391,419) r(167,286) a(455,385) r(131,117) d(429) d(416)
56; a(213,160) d(291) r(139,171) a(183,330) d(468) a(421,419) r(214,164) a(391,419) r(167,286) a(455,385) r(131,117) d(429) a(210,199)
57; r(424,380) d(387) a(183,148) d(404) d(175) d(213) a(362,9) d(232) r(212,420)
58; r(242,227) r(139,171) a(124,467) d(277) d(250) d(227) a(330,331) r(214,28) r(406,377) d(327) d(352) r(338,230)
59; r(424,380) d(387) d(230) r(187,355) a(214,400) a(281,330) a(324,230) r(212,19) a(110,381) r(326,278)
--------------------------------------------------------------------------------
Evaluation

0; 0.
1; 0.
2; 0.
3; 0.
4; 0.
5; 0.
6; 0.
7; 0.
8; 0.
9; 0.
10; 0.
11; 0.
12; 0.
13; 0.
14; 0.
15; 0.
16; 0.
17; 0.
18; 0.
19; 0.
20; 0.
21; 0.
22; 0.
23; 0.
24; 0.
25; 0.
26; 0.
27; 0.
28; 0.
29; 0.
30; 0.
31; 0.
32; 0.
33; 0.
34; 0.
35; 0.
36; 0.
37; 0.
38; 0.
39; 0.
40; 0.
41; 0.
42; 0.
43; 0.
44; 0.
45; 0.
46; 0.
47; 0.
48; 0.
49; 0.
50; 0.
51; 0.
52; 0.
53; 0.
54; 0.
55; 0.
56; 0.
57; 0.
58; 0.
59; 0.
