================================================================================
Enclosure

1: 0
2: 0
3: 0
4: 3
5: 4
6: 4
7: 4
8: 4
9: 3
10: 0
11: 0
12: 11
13: 11
14: 0
15: 0
16: 15
17: 15
18: 15
19: 15
20: 0
21: 0
22: 0
23: 0
24: 0
25: 0
26: 0
28: 26
29: 0
31: 29
32: 0
33: 0
34: 0
35: 0
37: 35
38: 0
39: 0
40: 39
41: 40
43: 39
45: 43
46: 39
47: 0
48: 0
50: 48
52: 50
53: 0
54: 0
56: 0
58: 56
59: 0
60: 0
61: 0
62: 0
64: 0
65: 0
67: 0
68: 0
69: 0
70: 0
71: 0
72: 71
73: 72
75: 71
76: 71
77: 71
78: 0
79: 78
80: 78
81: 78
82: 78
83: 82
84: 83
86: 82
87: 82
88: 82
89: 78
90: 0
91: 0
92: 0
93: 92
94: 93
95: 93
96: 92
97: 96
98: 96
99: 96
100: 92
101: 100
102: 100
103: 92
104: 92
105: 0
106: 105
107: 105
108: 0
109: 0
110: 0
111: 0
112: 111
113: 112
115: 111
116: 111
117: 0
118: 0
119: 118
120: 118
121: 0
122: 0
123: 0
124: 0
126: 0
127: 126
128: 126
129: 126
130: 126
131: 126
132: 126
133: 126
134: 0
135: 134
136: 134
137: 0
138: 137
139: 137
141: 0
142: 0
143: 0
145: 0
146: 0
147: 0
148: 0
149: 148
150: 149
151: 149
152: 149
153: 152
154: 153
156: 152
157: 152
158: 149
159: 149
160: 149
161: 160
162: 161
164: 160
165: 160
166: 148
167: 166
168: 167
170: 167
171: 166
172: 148
173: 148
174: 0
175: 0
176: 175
177: 175
178: 177
180: 175
181: 175
182: 181
183: 181
184: 181
185: 184
187: 181
188: 181
189: 181
190: 189
192: 189
193: 175
194: 193
195: 193
197: 193
198: 175
199: 0
200: 0
201: 200
202: 201
204: 200
205: 0
206: 205
207: 205
208: 207
210: 207
211: 205
212: 0
213: 0
214: 0
215: 0
216: 0
217: 0
218: 217
219: 217
220: 217
221: 220
223: 217
224: 217
225: 217
226: 225
227: 225
228: 0
229: 0
230: 0
231: 0
232: 231
233: 232
235: 231
236: 231
237: 231
238: 231
239: 231
240: 231
241: 231
242: 231
243: 231
244: 231
245: 231
246: 231
247: 231
248: 231
249: 231
250: 231
251: 231
252: 231
253: 0
254: 0
255: 0
256: 0
257: 0
258: 257
259: 258
260: 258
261: 258
262: 258
263: 262
264: 263
266: 262
268: 266
269: 262
270: 262
271: 262
272: 258
273: 257
274: 257
275: 257
276: 257
277: 0
278: 277
279: 278
280: 279
281: 280
284: 278
286: 277
287: 0
289: 287
290: 0
291: 0
292: 291
293: 292
294: 293
297: 291
298: 291
299: 291
300: 291
301: 291
303: 301
304: 291
305: 304
306: 304
307: 304
308: 304
309: 304
311: 309
312: 304
313: 304
314: 304
315: 304
316: 315
317: 316
319: 315
320: 315
321: 304
323: 304
324: 0
325: 0
326: 0
327: 0
328: 0
330: 328
331: 0
332: 0
333: 0
334: 0
335: 0
337: 335
338: 0
339: 0
340: 339
341: 340
343: 339
344: 339
346: 344
347: 346
349: 347
350: 346
351: 339
352: 351
353: 352
355: 353
356: 352
357: 352
358: 351
359: 339
360: 0
361: 360
362: 360
364: 0
365: 0
367: 0
368: 0
369: 0
370: 369
371: 369
372: 371
373: 371
374: 373
376: 0
377: 376
378: 377
379: 377
380: 379
381: 379
382: 377
384: 377
385: 376
386: 0
387: 386
388: 386
390: 386
391: 0
392: 391
393: 391
394: 0
396: 394
397: 396
398: 396
399: 398
400: 398
401: 396
402: 396
403: 396
404: 403
405: 404
406: 405
409: 403
410: 403
411: 396
412: 411
413: 411
414: 396
415: 396
416: 0
417: 0
418: 0
419: 418
420: 418
421: 0
422: 421
423: 421
424: 421
425: 424
427: 421
428: 0
429: 428
430: 428
431: 0
432: 431
433: 431
434: 431
435: 0
436: 0
437: 0
438: 0
439: 438
440: 438
441: 438
442: 0
443: 0
444: 443
445: 444
446: 444
447: 444
448: 443
449: 443
450: 0
451: 0
452: 0
453: 0
454: 453
455: 454
457: 453
458: 453
459: 453
460: 0
461: 460
462: 460
463: 0
464: 0
465: 0
466: 465
467: 465
468: 0
469: 0
470: 469
471: 469
472: 0
473: 0
474: 473
475: 473
477: 0
478: 0
479: 0
================================================================================
Initialisation

0; r(239,304); 0.
1; a(237,243); 0.
2; a(401,323); 5.
3; r(214,154); 5.
4; a(127,143); 0.
5; a(447,162); 5.
6; a(208,37); 5.
7; r(166,446); 10.
8; a(377,358); 5.
9; a(2,136); 5.
10; d(201); 0.
11; r(435,388); 0.
12; r(141,390); 0.
13; d(223); 0.
14; r(291,303); 0.
15; a(173,393); 5.
16; d(304); 5.
17; r(14,214); 0.
18; d(468); 0.
19; a(185,390); 5.
20; r(352,381); 5.
21; d(396); 0.
22; d(433); 0.
23; d(210); 5.
24; a(214,113); 5.
25; a(19,20); 5.
26; d(343); 5.
27; d(214); 5.
28; r(188,205); 0.
29; a(374,406); 5.
30; a(462,274); 0.
31; d(325); 0.
32; d(238); 0.
33; r(360,338); 5.
34; r(146,323); 0.
35; r(206,113); 0.
36; d(173); 5.
37; d(136); 5.
38; r(168,415); 0.
39; original; 5.
================================================================================
Generation 1

--------------------------------------------------------------------------------
Selection

0; 21
1; 38
2; 38
3; 38
4; 12
5; 5
6; 17
7; 21
8; 21
9; 30
10; 12
11; 29
12; 9
13; 35
14; 9
15; 0
16; 32
17; 33
18; 17
19; 18
20; 35
21; 0
22; 5
23; 21
24; 11
25; 1
26; 20
27; 2
28; 10
29; 24
30; 32
31; 24
32; 18
33; 18
34; 32
35; 17
36; 5
37; 34
38; 23
39; 18
--------------------------------------------------------------------------------
Crossover

0; 11; r(435,388)
1; 0; r(239,304)
2; 17, 12; r(14,214)
3; 17, 12; r(141,390)
4; 17; r(14,214)
5; 12; r(141,390)
6; 35, 34; r(206,113)
7; 35, 34; r(146,323)
8; 35; r(206,113)
9; 34; r(146,323)
10; 5, 23; a(447,162)
11; 5, 23; d(210)
12; 5; a(447,162)
13; 23; d(210)
14; 0, 35; r(239,304)
15; 0, 35; r(206,113)
16; 0; r(239,304)
17; 35; r(206,113)
18; 2, 32; a(401,323)
19; 2, 32; d(238)
20; 2; a(401,323)
21; 32; d(238)
22; 32, 18; d(238)
23; 32, 18; d(468)
24; 32; d(238)
25; 18; d(468)
26; 18; d(468)
27; 17; r(14,214)
28; 38, 21; r(168,415)
29; 38, 21; d(396)
30; 38; r(168,415)
31; 21; d(396)
32; 24; a(214,113)
33; 33; r(360,338)
34; 30, 21; a(462,274)
35; 30, 21; d(396)
36; 30; a(462,274)
37; 21; d(396)
38; 24; a(214,113)
39; 29; a(374,406)
40; 18, 32; d(468)
41; 18, 32; d(238)
42; 18; d(468)
43; 32; d(238)
44; 10; d(201)
45; 21; d(396)
46; 5; a(447,162)
47; 5; a(447,162)
48; 21; d(396)
49; 1; a(237,243)
50; 9, 12; a(2,136)
51; 9, 12; r(141,390)
52; 9; a(2,136)
53; 12; r(141,390)
54; 18; d(468)
55; 20; r(352,381)
56; 38, 17; r(168,415)
57; 38, 17; r(14,214)
58; 38; r(168,415)
59; 17; r(14,214)
60; 38, 9; r(168,415)
61; 38, 9; a(2,136)
62; 38; r(168,415)
63; 9; a(2,136)
--------------------------------------------------------------------------------
Mutation

0; r(435,388) a(255,467)
1; r(239,304) d(213)
2; r(14,214) r(183,204)
3; r(141,390) d(231)
4; r(14,214) a(274,248)
5; r(141,390) a(25,35)
6; r(206,113) r(256,253)
7; r(146,323) a(413,226)
8; r(206,113) d(131)
9; r(146,323) a(255,331)
10; a(447,162) r(330,352)
11; d(210) d(156)
12; a(447,162) d(206)
13; d(210) d(463)
14; r(239,304) a(189,226)
15; r(206,113) d(465)
16; r(239,304) d(132)
17; r(206,113) d(192)
18; a(401,323) r(229,244)
19; d(238) r(374,471)
20; a(401,323) d(212)
21; d(238) a(214,462)
22; d(238) d(461)
23; d(468) d(327)
24; d(238) r(448,28)
25; d(468) r(116,120)
26; d(468) d(110)
27; r(14,214) a(371,273)
28; r(168,415) d(284)
29; d(396) d(246)
30; r(168,415) r(235,291)
31; d(396) d(153)
32; a(214,113) d(118)
33; r(360,338) a(159,471)
34; a(462,274) d(421)
35; d(396) a(230,226)
36; a(462,274) a(13,136)
37; d(396) a(131,173)
38; a(214,113) d(212)
39; a(374,406) r(14,471)
40; d(468) d(210)
41; d(238) r(112,449)
42; d(468) d(434)
43; d(238) a(353,229)
44; d(201) d(300)
45; d(396) d(300)
46; a(447,162) r(455,20)
47; a(447,162) r(399,430)
48; d(396) r(280,346)
49; a(237,243) a(210,1)
50; a(2,136) a(210,413)
51; r(141,390) a(139,131)
52; a(2,136) a(447,275)
53; r(141,390) a(287,343)
54; d(468) d(210)
55; r(352,381) r(472,275)
56; r(168,415) r(215,1)
57; r(14,214) a(370,368)
58; r(168,415) a(214,227)
59; r(14,214) r(304,173)
60; r(168,415) d(414)
61; a(2,136) r(248,337)
62; r(168,415) a(326,341)
63; a(2,136) d(223)
--------------------------------------------------------------------------------
Evaluation

0; 0.
1; 0.
2; 0.
3; 0.
4; 0.
5; 0.
6; 0.
7; 0.
8; 0.
9; 0.
10; 0.
11; 5.
12; 0.
13; 0.
14; 0.
15; 0.
16; 0.
17; 0.
18; 0.
19; 0.
20; 5.
21; 0.
22; 0.
23; 0.
24; 0.
25; 0.
26; 0.
27; 0.
28; 0.
29; 0.
30; 0.
31; 0.
32; 0.
33; 5.
34; 0.
35; 0.
36; 0.
37; 0.
38; 5.
39; 0.
40; 0.
41; 0.
42; 0.
43; 0.
44; 0.
45; 0.
46; 5.
47; 5.
48; 0.
49; 0.
50; 5.
51; 0.
52; 0.
53; 0.
54; 0.
55; 0.
56; 0.
57; 0.
58; 0.
59; 0.
60; 0.
61; 0.
62; 0.
63; 0.
================================================================================
Generation 2

--------------------------------------------------------------------------------
Selection

0; 55
1; 6
2; 37
3; 61
4; 21
5; 62
6; 4
7; 29
8; 34
9; 3
10; 43
11; 38
12; 56
13; 5
14; 53
15; 46
16; 62
17; 0
18; 28
19; 55
20; 57
21; 23
22; 44
23; 1
24; 7
25; 56
26; 43
27; 27
28; 53
29; 62
30; 59
31; 39
32; 24
33; 28
34; 6
35; 51
36; 48
37; 31
38; 24
39; 23
--------------------------------------------------------------------------------
Crossover

0; 28; r(168,415) d(284)
1; 51; r(141,390) a(139,131)
2; 61; a(2,136) r(248,337)
3; 37; d(396) a(131,173)
4; 59; r(14,214) r(304,173)
5; 29; d(396) d(246)
6; 56; r(168,415) r(215,1)
7; 53; r(141,390) a(287,343)
8; 5, 48; r(141,390) r(280,346)
9; 5, 48; d(396) a(25,35)
10; 5; r(141,390) a(25,35)
11; 48; d(396) r(280,346)
12; 7; r(146,323) a(413,226)
13; 6; r(206,113) r(256,253)
14; 46; a(447,162) r(455,20)
15; 43; d(238) a(353,229)
16; 23, 44; d(468) d(300)
17; 23, 44; d(201) d(327)
18; 23; d(468) d(327)
19; 44; d(201) d(300)
20; 6, 62; r(206,113)
21; 6, 62; r(168,415) a(326,341) r(256,253)
22; 6; r(206,113) r(256,253)
23; 62; r(168,415) a(326,341)
24; 21; d(238) a(214,462)
25; 4; r(14,214) a(274,248)
26; 1; r(239,304) d(213)
27; 27; r(14,214) a(371,273)
28; 55, 62; r(352,381) a(326,341)
29; 55, 62; r(168,415) r(472,275)
30; 55; r(352,381) r(472,275)
31; 62; r(168,415) a(326,341)
32; 55; r(352,381) r(472,275)
33; 31; d(396) d(153)
34; 3; r(141,390) d(231)
35; 43; d(238) a(353,229)
36; 62, 24; r(168,415)
37; 62, 24; d(238) r(448,28) a(326,341)
38; 62; r(168,415) a(326,341)
39; 24; d(238) r(448,28)
40; 53; r(141,390) a(287,343)
41; 38; a(214,113) d(212)
42; 57, 24; r(14,214) r(448,28)
43; 57, 24; d(238) a(370,368)
44; 57; r(14,214) a(370,368)
45; 24; d(238) r(448,28)
46; 56; r(168,415) r(215,1)
47; 0; r(435,388) a(255,467)
48; 28, 39; r(168,415) d(284)
49; 28, 39; a(374,406) r(14,471)
50; 28; r(168,415) d(284)
51; 39; a(374,406) r(14,471)
52; 34, 23; a(462,274)
53; 34, 23; d(468) d(327) d(421)
54; 34; a(462,274) d(421)
55; 23; d(468) d(327)
--------------------------------------------------------------------------------
Mutation

0; r(168,415) d(284) d(286)
1; r(141,390) a(139,131) a(109,406)
2; a(2,136) r(248,337) r(394,275)
3; d(396) a(131,173) d(450)
4; r(14,214) r(304,173) a(143,9)
5; d(396) d(246) d(358)
6; r(168,415) r(215,1) r(370,402)
7; r(141,390) a(287,343) d(120)
8; r(141,390) r(280,346) d(221)
9; d(396) a(25,35) a(472,469)
10; r(141,390) a(25,35) d(381)
11; d(396) r(280,346) r(229,192)
12; r(146,323) a(413,226) a(214,384)
13; r(206,113) r(256,253) a(239,390)
14; a(447,162) r(455,20) d(189)
15; d(238) a(353,229) d(159)
16; d(468) d(300) r(213,37)
17; d(201) d(327) r(459,475)
18; d(468) d(327) d(277)
19; d(201) d(300) r(20,415)
20; r(206,113) r(156,160)
21; r(168,415) a(326,341) r(256,253) d(299)
22; r(206,113) r(256,253) a(373,387)
23; r(168,415) a(326,341) d(396)
24; d(238) a(214,462) d(161)
25; r(14,214) a(274,248) r(213,194)
26; r(239,304) d(213) a(189,350)
27; r(14,214) a(371,273) d(238)
28; r(352,381) a(326,341) a(360,251)
29; r(168,415) r(472,275) r(202,177)
30; r(352,381) r(472,275) r(242,245)
31; r(168,415) a(326,341) r(290,172)
32; r(352,381) r(472,275) d(387)
33; d(396) d(153) r(245,334)
34; r(141,390) d(231) a(388,401)
35; d(238) a(353,229) d(382)
36; r(168,415) a(183,120)
37; d(238) r(448,28) a(326,341) a(473,172)
38; r(168,415) a(326,341) r(250,37)
39; d(238) r(448,28) a(460,466)
40; r(141,390) a(287,343) r(210,159)
41; a(214,113) d(212) d(219)
42; r(14,214) r(448,28) r(226,173)
43; d(238) a(370,368) r(258,413)
44; r(14,214) a(370,368) r(213,199)
45; d(238) r(448,28) a(367,417)
46; r(168,415) r(215,1) a(356,467)
47; r(435,388) a(255,467) d(162)
48; r(168,415) d(284) d(431)
49; a(374,406) r(14,471) a(414,370)
50; r(168,415) d(284) d(355)
51; a(374,406) r(14,471) d(442)
52; a(462,274) r(344,333)
53; d(468) d(327) d(421) r(433,431)
54; a(462,274) d(421) d(210)
55; d(468) d(327) r(207,113)
--------------------------------------------------------------------------------
Evaluation

0; 0.
1; 0.
2; 0.
3; 0.
4; 0.
5; 0.
6; 0.
7; 0.
8; 0.
9; 0.
10; 0.
11; 0.
12; 0.
13; 0.
14; 5.
15; 0.
16; 0.
17; 0.
18; 0.
19; 0.
20; 0.
21; 0.
22; 0.
23; 0.
24; 0.
25; 0.
26; 0.
27; 0.
28; 0.
29; 0.
30; 0.
31; 0.
32; 0.
33; 0.
34; 0.
35; 0.
36; 0.
37; 0.
38; 0.
39; 0.
40; 0.
41; 0.
42; 0.
43; 0.
44; 0.
45; 0.
46; 0.
47; 0.
48; 0.
49; 0.
50; 0.
51; 0.
52; 0.
53; 0.
54; 0.
55; 0.
================================================================================
Generation 3

--------------------------------------------------------------------------------
Selection

0; 40
1; 50
2; 32
3; 38
4; 48
5; 55
6; 22
7; 7
8; 12
9; 30
10; 35
11; 44
12; 21
13; 7
14; 40
15; 17
16; 31
17; 29
18; 24
19; 45
20; 26
21; 29
22; 5
23; 52
24; 13
25; 45
26; 54
27; 27
28; 37
29; 44
30; 12
31; 34
32; 9
33; 39
34; 25
35; 24
36; 49
37; 28
38; 27
39; 54
--------------------------------------------------------------------------------
Crossover

0; 44, 32; r(14,214) r(472,275) d(387)
1; 44, 32; r(352,381) a(370,368) r(213,199)
2; 44; r(14,214) a(370,368) r(213,199)
3; 32; r(352,381) r(472,275) d(387)
4; 30; r(352,381) r(472,275) r(242,245)
5; 28; r(352,381) a(326,341) a(360,251)
6; 50; r(168,415) d(284) d(355)
7; 22; r(206,113) r(256,253) a(373,387)
8; 55; d(468) d(327) r(207,113)
9; 5; d(396) d(246) d(358)
10; 40; r(141,390) a(287,343) r(210,159)
11; 49; a(374,406) r(14,471) a(414,370)
12; 54; a(462,274) d(421) d(210)
13; 9; d(396) a(25,35) a(472,469)
14; 24; d(238) a(214,462) d(161)
15; 37; d(238) r(448,28) a(326,341) a(473,172)
16; 27, 45; r(14,214) a(371,273) a(367,417)
17; 27, 45; d(238) r(448,28) d(238)
18; 27; r(14,214) a(371,273) d(238)
19; 45; d(238) r(448,28) a(367,417)
20; 27, 7; r(14,214) a(287,343) d(120)
21; 27, 7; r(141,390) a(371,273) d(238)
22; 27; r(14,214) a(371,273) d(238)
23; 7; r(141,390) a(287,343) d(120)
24; 7, 38; r(141,390) a(287,343)
25; 7, 38; r(168,415) a(326,341) r(250,37) d(120)
26; 7; r(141,390) a(287,343) d(120)
27; 38; r(168,415) a(326,341) r(250,37)
28; 48, 12; r(168,415) d(284) a(214,384)
29; 48, 12; r(146,323) a(413,226) d(431)
30; 48; r(168,415) d(284) d(431)
31; 12; r(146,323) a(413,226) a(214,384)
32; 29, 29; r(168,415) r(472,275) r(202,177) r(472,275) r(202,177)
33; 29, 29; r(168,415)
34; 29; r(168,415) r(472,275) r(202,177)
35; 29; r(168,415) r(472,275) r(202,177)
36; 24; d(238) a(214,462) d(161)
37; 34; r(141,390) d(231) a(388,401)
38; 54; a(462,274) d(421) d(210)
39; 13; r(206,113) r(256,253) a(239,390)
40; 44; r(14,214) a(370,368) r(213,199)
41; 21; r(168,415) a(326,341) r(256,253) d(299)
42; 39, 45; d(238) r(448,28) a(460,466)
43; 39, 45; d(238) r(448,28) a(367,417)
44; 39; d(238) r(448,28) a(460,466)
45; 45; d(238) r(448,28) a(367,417)
46; 52; a(462,274) r(344,333)
47; 31; r(168,415) a(326,341) r(290,172)
48; 35, 17; d(238) d(327) r(459,475)
49; 35, 17; d(201) a(353,229) d(382)
50; 35; d(238) a(353,229) d(382)
51; 17; d(201) d(327) r(459,475)
52; 40, 25; r(141,390)
53; 40, 25; r(14,214) a(274,248) r(213,194) a(287,343) r(210,159)
54; 40; r(141,390) a(287,343) r(210,159)
55; 25; r(14,214) a(274,248) r(213,194)
56; 12, 26; r(146,323) a(413,226) a(214,384) a(189,350)
57; 12, 26; r(239,304) d(213)
58; 12; r(146,323) a(413,226) a(214,384)
59; 26; r(239,304) d(213) a(189,350)
--------------------------------------------------------------------------------
Mutation

0; r(14,214) r(472,275) d(387) r(139,434)
1; r(352,381) a(370,368) r(213,199) a(183,178)
2; r(14,214) a(370,368) r(213,199) a(165,178)
3; r(352,381) r(472,275) d(387) d(453)
4; r(352,381) r(472,275) r(242,245) d(214)
5; r(352,381) a(326,341) a(360,251) r(210,425)
6; r(168,415) d(284) d(355) d(201)
7; r(206,113) r(256,253) a(373,387) d(212)
8; d(468) d(327) r(207,113) r(449,437)
9; d(396) d(246) d(358) d(379)
10; r(141,390) a(287,343) r(210,159) r(212,146)
11; a(374,406) r(14,471) a(414,370) a(448,442)
12; a(462,274) d(421) d(210) a(161,415)
13; d(396) a(25,35) a(472,469) a(24,281)
14; d(238) a(214,462) d(161) a(20,14)
15; d(238) r(448,28) a(326,341) a(473,172) r(164,467)
16; r(14,214) a(371,273) a(367,417) r(250,441)
17; d(238) r(448,28) d(238) r(165,193)
18; r(14,214) a(371,273) d(238) a(338,439)
19; d(238) r(448,28) a(367,417) r(174,467)
20; r(14,214) a(287,343) d(120) a(213,272)
21; r(141,390) a(371,273) d(238) a(387,447)
22; r(14,214) a(371,273) d(238) a(405,19)
23; r(141,390) a(287,343) d(120) a(459,464)
24; r(141,390) a(287,343) r(337,420)
25; r(168,415) a(326,341) r(250,37) d(120) r(124,9)
26; r(141,390) a(287,343) d(120) r(463,464)
27; r(168,415) a(326,341) r(250,37) r(371,362)
28; r(168,415) d(284) a(214,384) r(447,233)
29; r(146,323) a(413,226) d(431) r(278,361)
30; r(168,415) d(284) d(431) r(294,325)
31; r(146,323) a(413,226) a(214,384) r(350,31)
32; r(168,415) r(472,275) r(202,177) r(472,275) r(202,177) r(242,353)
33; r(168,415) a(409,197)
34; r(168,415) r(472,275) r(202,177) d(303)
35; r(168,415) r(472,275) r(202,177) a(247,233)
36; d(238) a(214,462) d(161) r(213,148)
37; r(141,390) d(231) a(388,401) a(465,461)
38; a(462,274) d(421) d(210) d(458)
39; r(206,113) r(256,253) a(239,390) a(224,45)
40; r(14,214) a(370,368) r(213,199) a(177,393)
41; r(168,415) a(326,341) r(256,253) d(299) d(396)
42; d(238) r(448,28) a(460,466) a(339,229)
43; d(238) r(448,28) a(367,417) a(213,227)
44; d(238) r(448,28) a(460,466) r(133,41)
45; d(238) r(448,28) a(367,417) a(123,22)
46; a(462,274) r(344,333) r(233,333)
47; r(168,415) a(326,341) r(290,172) r(113,116)
48; d(238) d(327) r(459,475) d(398)
49; d(201) a(353,229) d(382) d(217)
50; d(238) a(353,229) d(382) r(431,403)
51; d(201) d(327) r(459,475) d(437)
52; r(141,390) a(278,52)
53; r(14,214) a(274,248) r(213,194) a(287,343) r(210,159) a(212,149)
54; r(141,390) a(287,343) r(210,159) a(152,195)
55; r(14,214) a(274,248) r(213,194) d(13)
56; r(146,323) a(413,226) a(214,384) a(189,350) r(428,409)
57; r(239,304) d(213) r(220,276)
58; r(146,323) a(413,226) a(214,384) d(193)
59; r(239,304) d(213) a(189,350) a(449,303)
--------------------------------------------------------------------------------
Evaluation

0; 0.
1; 5.
2; 0.
3; 0.
4; 0.
5; 0.
6; 0.
7; 0.
8; 10.
9; 0.
10; 0.
11; 0.
12; 0.
13; 0.
14; 0.
15; 0.
16; 0.
17; 0.
18; 0.
19; 0.
20; 0.
21; 0.
22; 0.
23; 0.
24; 0.
25; 0.
26; 0.
27; 0.
28; 0.
29; 0.
30; 0.
31; 0.
32; 0.
33; 0.
34; 0.
35; 0.
36; 0.
37; 0.
38; 0.
39; 0.
40; 0.
41; 0.
42; 0.
43; 0.
44; 0.
45; 0.
46; 0.
47; 0.
48; 0.
49; 0.
50; 0.
51; 0.
52; 0.
53; 0.
54; 0.
55; 0.
56; 0.
57; 0.
58; 0.
59; 0.
================================================================================
Generation 4

--------------------------------------------------------------------------------
Selection

0; 26
1; 13
2; 33
3; 37
4; 21
5; 15
6; 39
7; 27
8; 28
9; 20
10; 5
11; 38
12; 11
13; 26
14; 35
15; 56
16; 28
17; 35
18; 29
19; 36
20; 10
21; 58
22; 22
23; 58
24; 33
25; 14
26; 20
27; 39
28; 39
29; 31
30; 43
31; 35
32; 2
33; 27
34; 5
35; 16
36; 12
37; 43
38; 11
39; 32
--------------------------------------------------------------------------------
Crossover

0; 5, 38; r(352,381) a(326,341) a(360,251) r(210,425) d(458)
1; 5, 38; a(462,274) d(421) d(210)
2; 5; r(352,381) a(326,341) a(360,251) r(210,425)
3; 38; a(462,274) d(421) d(210) d(458)
4; 39, 27; r(206,113) r(250,37) r(371,362)
5; 39, 27; r(168,415) a(326,341) r(256,253) a(239,390) a(224,45)
6; 39; r(206,113) r(256,253) a(239,390) a(224,45)
7; 27; r(168,415) a(326,341) r(250,37) r(371,362)
8; 13; d(396) a(25,35) a(472,469) a(24,281)
9; 28; r(168,415) d(284) a(214,384) r(447,233)
10; 35, 10; r(168,415) a(287,343) r(210,159) r(212,146)
11; 35, 10; r(141,390) r(472,275) r(202,177) a(247,233)
12; 35; r(168,415) r(472,275) r(202,177) a(247,233)
13; 10; r(141,390) a(287,343) r(210,159) r(212,146)
14; 43; d(238) r(448,28) a(367,417) a(213,227)
15; 22; r(14,214) a(371,273) d(238) a(405,19)
16; 26, 56; r(141,390) a(287,343) a(413,226) a(214,384) a(189,350) r(428,409)
17; 26, 56; r(146,323) d(120) r(463,464)
18; 26; r(141,390) a(287,343) d(120) r(463,464)
19; 56; r(146,323) a(413,226) a(214,384) a(189,350) r(428,409)
20; 32; r(168,415) r(472,275) r(202,177) r(472,275) r(202,177) r(242,353)
21; 28; r(168,415) d(284) a(214,384) r(447,233)
22; 33, 11; r(168,415) a(409,197)
23; 33, 11; a(374,406) r(14,471) a(414,370) a(448,442)
24; 33; r(168,415) a(409,197)
25; 11; a(374,406) r(14,471) a(414,370) a(448,442)
26; 39; r(206,113) r(256,253) a(239,390) a(224,45)
27; 20; r(14,214) a(287,343) d(120) a(213,272)
28; 16; r(14,214) a(371,273) a(367,417) r(250,441)
29; 35; r(168,415) r(472,275) r(202,177) a(247,233)
30; 11, 15; a(374,406) r(14,471) a(414,370) a(448,442) a(326,341) a(473,172) r(164,467)
31; 11, 15; d(238) r(448,28)
32; 11; a(374,406) r(14,471) a(414,370) a(448,442)
33; 15; d(238) r(448,28) a(326,341) a(473,172) r(164,467)
34; 27; r(168,415) a(326,341) r(250,37) r(371,362)
35; 36; d(238) a(214,462) d(161) r(213,148)
36; 20, 2; r(14,214) a(287,343) d(120)
37; 20, 2; r(14,214) a(370,368) r(213,199) a(165,178) a(213,272)
38; 20; r(14,214) a(287,343) d(120) a(213,272)
39; 2; r(14,214) a(370,368) r(213,199) a(165,178)
40; 43; d(238) r(448,28) a(367,417) a(213,227)
41; 5; r(352,381) a(326,341) a(360,251) r(210,425)
42; 21; r(141,390) a(371,273) d(238) a(387,447)
43; 39; r(206,113) r(256,253) a(239,390) a(224,45)
44; 58, 35; r(146,323) a(413,226)
45; 58, 35; r(168,415) r(472,275) r(202,177) a(247,233) a(214,384) d(193)
46; 58; r(146,323) a(413,226) a(214,384) d(193)
47; 35; r(168,415) r(472,275) r(202,177) a(247,233)
48; 37; r(141,390) d(231) a(388,401) a(465,461)
49; 31; r(146,323) a(413,226) a(214,384) r(350,31)
50; 58, 14; r(146,323) a(413,226) d(161) a(20,14)
51; 58, 14; d(238) a(214,462) a(214,384) d(193)
52; 58; r(146,323) a(413,226) a(214,384) d(193)
53; 14; d(238) a(214,462) d(161) a(20,14)
54; 29, 26; r(146,323) a(413,226) r(463,464)
55; 29, 26; r(141,390) a(287,343) d(120) d(431) r(278,361)
56; 29; r(146,323) a(413,226) d(431) r(278,361)
57; 26; r(141,390) a(287,343) d(120) r(463,464)
58; 33; r(168,415) a(409,197)
59; 12; a(462,274) d(421) d(210) a(161,415)
--------------------------------------------------------------------------------
Mutation

0; r(352,381) a(326,341) a(360,251) r(210,425) d(458) r(441,355)
1; a(462,274) d(421) d(210) r(248,133)
2; r(352,381) a(326,341) a(360,251) r(210,425) a(200,31)
3; a(462,274) d(421) d(210) d(458) a(325,393)
4; r(206,113) r(250,37) r(371,362) a(133,21)
5; r(168,415) a(326,341) r(256,253) a(239,390) a(224,45) a(385,416)
6; r(206,113) r(256,253) a(239,390) a(224,45) r(463,172)
7; r(168,415) a(326,341) r(250,37) r(371,362) a(22,471)
8; d(396) a(25,35) a(472,469) a(24,281) a(350,221)
9; r(168,415) d(284) a(214,384) r(447,233) r(210,455)
10; r(168,415) a(287,343) r(210,159) r(212,146) a(381,434)
11; r(141,390) r(472,275) r(202,177) a(247,233) a(367,429)
12; r(168,415) r(472,275) r(202,177) a(247,233) a(276,301)
13; r(141,390) a(287,343) r(210,159) r(212,146) a(143,121)
14; d(238) r(448,28) a(367,417) a(213,227) d(447)
15; r(14,214) a(371,273) d(238) a(405,19) d(332)
16; r(141,390) a(287,343) a(413,226) a(214,384) a(189,350) r(428,409) r(251,349)
17; r(146,323) d(120) r(463,464) a(393,286)
18; r(141,390) a(287,343) d(120) r(463,464) r(224,154)
19; r(146,323) a(413,226) a(214,384) a(189,350) r(428,409) r(294,361)
20; r(168,415) r(472,275) r(202,177) r(472,275) r(202,177) r(242,353) a(139,13)
21; r(168,415) d(284) a(214,384) r(447,233) r(453,281)
22; r(168,415) a(409,197) a(218,449)
23; a(374,406) r(14,471) a(414,370) a(448,442) r(379,139)
24; r(168,415) a(409,197) a(472,136)
25; a(374,406) r(14,471) a(414,370) a(448,442) a(413,392)
26; r(206,113) r(256,253) a(239,390) a(224,45) d(210)
27; r(14,214) a(287,343) d(120) a(213,272) d(353)
28; r(14,214) a(371,273) a(367,417) r(250,441) d(396)
29; r(168,415) r(472,275) r(202,177) a(247,233) a(403,455)
30; a(374,406) r(14,471) a(414,370) a(448,442) a(326,341) a(473,172) r(164,467) d(468)
31; d(238) r(448,28) a(343,331)
32; a(374,406) r(14,471) a(414,370) a(448,442) r(134,52)
33; d(238) r(448,28) a(326,341) a(473,172) r(164,467) r(110,448)
34; r(168,415) a(326,341) r(250,37) r(371,362) d(237)
35; d(238) a(214,462) d(161) r(213,148) d(371)
36; r(14,214) a(287,343) d(120) d(212)
37; r(14,214) a(370,368) r(213,199) a(165,178) a(213,272) d(361)
38; r(14,214) a(287,343) d(120) a(213,272) d(212)
39; r(14,214) a(370,368) r(213,199) a(165,178) a(393,289)
40; d(238) r(448,28) a(367,417) a(213,227) a(463,41)
41; r(352,381) a(326,341) a(360,251) r(210,425) d(149)
42; r(141,390) a(371,273) d(238) a(387,447) a(339,447)
43; r(206,113) r(256,253) a(239,390) a(224,45) r(416,162)
44; r(146,323) a(413,226) a(257,415)
45; r(168,415) r(472,275) r(202,177) a(247,233) a(214,384) d(193) r(214,2)
46; r(146,323) a(413,226) a(214,384) d(193) a(403,368)
47; r(168,415) r(472,275) r(202,177) a(247,233) r(3,10)
48; r(141,390) d(231) a(388,401) a(465,461) a(379,214)
49; r(146,323) a(413,226) a(214,384) r(350,31) a(185,208)
50; r(146,323) a(413,226) d(161) a(20,14) d(324)
51; d(238) a(214,462) a(214,384) d(193) a(177,2)
52; r(146,323) a(413,226) a(214,384) d(193) r(292,359)
53; d(238) a(214,462) d(161) a(20,14) a(228,9)
54; r(146,323) a(413,226) r(463,464) a(116,393)
55; r(141,390) a(287,343) d(120) d(431) r(278,361) a(210,350)
56; r(146,323) a(413,226) d(431) r(278,361) r(339,13)
57; r(141,390) a(287,343) d(120) r(463,464) a(109,413)
58; r(168,415) a(409,197) d(369)
59; a(462,274) d(421) d(210) a(161,415) r(118,226)
--------------------------------------------------------------------------------
Evaluation

0; 0.
1; 0.
2; 0.
3; 0.
4; 0.
5; 0.
6; 0.
7; 0.
8; 0.
9; 0.
10; 0.
11; 0.
12; 0.
13; 0.
14; 0.
15; 0.
16; 0.
17; 0.
18; 0.
19; 0.
20; 0.
21; 0.
22; 0.
23; 0.
24; 0.
25; 0.
26; 0.
27; 0.
28; 0.
29; 0.
30; 0.
31; 0.
32; 0.
33; 0.
34; 0.
35; 0.
36; 0.
37; 0.
38; 0.
39; 0.
40; 0.
41; 0.
42; 0.
43; 0.
44; 0.
45; 0.
46; 0.
47; 0.
48; 0.
49; 0.
50; 0.
51; 0.
52; 0.
53; 0.
54; 0.
55; 0.
56; 0.
57; 0.
58; 0.
59; 10.
================================================================================
Generation 5

--------------------------------------------------------------------------------
Selection

0; 10
1; 29
2; 25
3; 40
4; 9
5; 16
6; 55
7; 1
8; 23
9; 41
10; 43
11; 23
12; 28
13; 0
14; 2
15; 2
16; 22
17; 56
18; 10
19; 33
20; 42
21; 52
22; 46
23; 22
24; 51
25; 23
26; 53
27; 19
28; 39
29; 15
30; 16
31; 43
32; 26
33; 32
34; 45
35; 49
36; 19
37; 52
38; 50
39; 28
--------------------------------------------------------------------------------
Crossover

0; 56, 50; r(146,323) a(413,226) d(431) r(278,361) r(339,13) d(161) a(20,14) d(324)
1; 56, 50; r(146,323) a(413,226)
2; 56; r(146,323) a(413,226) d(431) r(278,361) r(339,13)
3; 50; r(146,323) a(413,226) d(161) a(20,14) d(324)
4; 28, 16; r(14,214) a(371,273) a(367,417) r(250,441)
5; 28, 16; r(141,390) a(287,343) a(413,226) a(214,384) a(189,350) r(428,409) r(251,349) d(396)
6; 28; r(14,214) a(371,273) a(367,417) r(250,441) d(396)
7; 16; r(141,390) a(287,343) a(413,226) a(214,384) a(189,350) r(428,409) r(251,349)
8; 43, 42; r(206,113) d(238) a(387,447) a(339,447)
9; 43, 42; r(141,390) a(371,273) r(256,253) a(239,390) a(224,45) r(416,162)
10; 43; r(206,113) r(256,253) a(239,390) a(224,45) r(416,162)
11; 42; r(141,390) a(371,273) d(238) a(387,447) a(339,447)
12; 22; r(168,415) a(409,197) a(218,449)
13; 22; r(168,415) a(409,197) a(218,449)
14; 52, 46; r(146,323) a(413,226) a(214,384) d(193)
15; 52, 46; r(146,323) a(413,226) a(214,384) d(193) a(403,368) r(292,359)
16; 52; r(146,323) a(413,226) a(214,384) d(193) r(292,359)
17; 46; r(146,323) a(413,226) a(214,384) d(193) a(403,368)
18; 28, 15; r(14,214) a(371,273) a(367,417) a(405,19) d(332)
19; 28, 15; r(14,214) a(371,273) d(238) r(250,441) d(396)
20; 28; r(14,214) a(371,273) a(367,417) r(250,441) d(396)
21; 15; r(14,214) a(371,273) d(238) a(405,19) d(332)
22; 43, 25; r(206,113) r(14,471) a(414,370) a(448,442) a(413,392)
23; 43, 25; a(374,406) r(256,253) a(239,390) a(224,45) r(416,162)
24; 43; r(206,113) r(256,253) a(239,390) a(224,45) r(416,162)
25; 25; a(374,406) r(14,471) a(414,370) a(448,442) a(413,392)
26; 16; r(141,390) a(287,343) a(413,226) a(214,384) a(189,350) r(428,409) r(251,349)
27; 19; r(146,323) a(413,226) a(214,384) a(189,350) r(428,409) r(294,361)
28; 39, 9; r(14,214) a(370,368) r(213,199) a(165,178)
29; 39, 9; r(168,415) d(284) a(214,384) r(447,233) r(210,455) a(393,289)
30; 39; r(14,214) a(370,368) r(213,199) a(165,178) a(393,289)
31; 9; r(168,415) d(284) a(214,384) r(447,233) r(210,455)
32; 41; r(352,381) a(326,341) a(360,251) r(210,425) d(149)
33; 19; r(146,323) a(413,226) a(214,384) a(189,350) r(428,409) r(294,361)
34; 2; r(352,381) a(326,341) a(360,251) r(210,425) a(200,31)
35; 52; r(146,323) a(413,226) a(214,384) d(193) r(292,359)
36; 10; r(168,415) a(287,343) r(210,159) r(212,146) a(381,434)
37; 55; r(141,390) a(287,343) d(120) d(431) r(278,361) a(210,350)
38; 23, 32; a(374,406) r(14,471) a(414,370) a(448,442) r(14,471) a(414,370) a(448,442) r(134,52)
39; 23, 32; a(374,406) r(379,139)
40; 23; a(374,406) r(14,471) a(414,370) a(448,442) r(379,139)
41; 32; a(374,406) r(14,471) a(414,370) a(448,442) r(134,52)
42; 29; r(168,415) r(472,275) r(202,177) a(247,233) a(403,455)
43; 23; a(374,406) r(14,471) a(414,370) a(448,442) r(379,139)
44; 40; d(238) r(448,28) a(367,417) a(213,227) a(463,41)
45; 2; r(352,381) a(326,341) a(360,251) r(210,425) a(200,31)
46; 26, 45; r(206,113) r(256,253) a(239,390) a(224,45) d(210) a(214,384) d(193) r(214,2)
47; 26, 45; r(168,415) r(472,275) r(202,177) a(247,233)
48; 26; r(206,113) r(256,253) a(239,390) a(224,45) d(210)
49; 45; r(168,415) r(472,275) r(202,177) a(247,233) a(214,384) d(193) r(214,2)
50; 0, 1; r(352,381) a(326,341) a(360,251) r(210,425) d(458) r(441,355)
51; 0, 1; a(462,274) d(421) d(210) r(248,133)
52; 0; r(352,381) a(326,341) a(360,251) r(210,425) d(458) r(441,355)
53; 1; a(462,274) d(421) d(210) r(248,133)
54; 51, 53; d(238) d(161) a(20,14) a(228,9)
55; 51, 53; d(238) a(214,462) a(214,462) a(214,384) d(193) a(177,2)
56; 51; d(238) a(214,462) a(214,384) d(193) a(177,2)
57; 53; d(238) a(214,462) d(161) a(20,14) a(228,9)
58; 33, 23; d(238) r(448,28) a(326,341) a(473,172)
59; 33, 23; a(374,406) r(14,471) a(414,370) a(448,442) r(379,139) r(164,467) r(110,448)
60; 33; d(238) r(448,28) a(326,341) a(473,172) r(164,467) r(110,448)
61; 23; a(374,406) r(14,471) a(414,370) a(448,442) r(379,139)
62; 49, 10; r(146,323) a(413,226) a(381,434)
63; 49, 10; r(168,415) a(287,343) r(210,159) r(212,146) a(214,384) r(350,31) a(185,208)
64; 49; r(146,323) a(413,226) a(214,384) r(350,31) a(185,208)
65; 10; r(168,415) a(287,343) r(210,159) r(212,146) a(381,434)
--------------------------------------------------------------------------------
Mutation

0; r(146,323) a(413,226) d(431) r(278,361) r(339,13) d(161) a(20,14) d(324) a(418,377)
1; r(146,323) a(413,226) a(448,385)
2; r(146,323) a(413,226) d(431) r(278,361) r(339,13) r(212,420)
3; r(146,323) a(413,226) d(161) a(20,14) d(324) d(25)
4; r(14,214) a(371,273) a(367,417) r(250,441) a(212,187)
5; r(141,390) a(287,343) a(413,226) a(214,384) a(189,350) r(428,409) r(251,349) d(396) r(358,356)
6; r(14,214) a(371,273) a(367,417) r(250,441) d(396) a(357,274)
7; r(141,390) a(287,343) a(413,226) a(214,384) a(189,350) r(428,409) r(251,349) d(410)
8; r(206,113) d(238) a(387,447) a(339,447) r(212,160)
9; r(141,390) a(371,273) r(256,253) a(239,390) a(224,45) r(416,162) d(13)
10; r(206,113) r(256,253) a(239,390) a(224,45) r(416,162) a(239,120)
11; r(141,390) a(371,273) d(238) a(387,447) a(339,447) d(436)
12; r(168,415) a(409,197) a(218,449) r(210,212)
13; r(168,415) a(409,197) a(218,449) a(281,240)
14; r(146,323) a(413,226) a(214,384) d(193) d(212)
15; r(146,323) a(413,226) a(214,384) d(193) a(403,368) r(292,359) a(152,303)
16; r(146,323) a(413,226) a(214,384) d(193) r(292,359) r(344,467)
17; r(146,323) a(413,226) a(214,384) d(193) a(403,368) d(397)
18; r(14,214) a(371,273) a(367,417) a(405,19) d(332) a(128,420)
19; r(14,214) a(371,273) d(238) r(250,441) d(396) r(449,303)
20; r(14,214) a(371,273) a(367,417) r(250,441) d(396) r(453,457)
21; r(14,214) a(371,273) d(238) a(405,19) d(332) r(2,434)
22; r(206,113) r(14,471) a(414,370) a(448,442) a(413,392) a(10,406)
23; a(374,406) r(256,253) a(239,390) a(224,45) r(416,162) a(423,52)
24; r(206,113) r(256,253) a(239,390) a(224,45) r(416,162) r(252,297)
25; a(374,406) r(14,471) a(414,370) a(448,442) a(413,392) a(341,358)
26; r(141,390) a(287,343) a(413,226) a(214,384) a(189,350) r(428,409) r(251,349) r(210,21)
27; r(146,323) a(413,226) a(214,384) a(189,350) r(428,409) r(294,361) r(251,393)
28; r(14,214) a(370,368) r(213,199) a(165,178) d(350)
29; r(168,415) d(284) a(214,384) r(447,233) r(210,455) a(393,289) d(123)
30; r(14,214) a(370,368) r(213,199) a(165,178) a(393,289) r(236,290)
31; r(168,415) d(284) a(214,384) r(447,233) r(210,455) d(227)
32; r(352,381) a(326,341) a(360,251) r(210,425) d(149) d(128)
33; r(146,323) a(413,226) a(214,384) a(189,350) r(428,409) r(294,361) r(438,29)
34; r(352,381) a(326,341) a(360,251) r(210,425) a(200,31) a(381,226)
35; r(146,323) a(413,226) a(214,384) d(193) r(292,359) d(158)
36; r(168,415) a(287,343) r(210,159) r(212,146) a(381,434) r(115,355)
37; r(141,390) a(287,343) d(120) d(431) r(278,361) a(210,350) d(470)
38; a(374,406) r(14,471) a(414,370) a(448,442) r(14,471) a(414,370) a(448,442) r(134,52) d(223)
39; a(374,406) r(379,139) r(452,393)
40; a(374,406) r(14,471) a(414,370) a(448,442) r(379,139) d(300)
41; a(374,406) r(14,471) a(414,370) a(448,442) r(134,52) a(284,246)
42; r(168,415) r(472,275) r(202,177) a(247,233) a(403,455) d(119)
43; a(374,406) r(14,471) a(414,370) a(448,442) r(379,139) d(231)
44; d(238) r(448,28) a(367,417) a(213,227) a(463,41) a(212,185)
45; r(352,381) a(326,341) a(360,251) r(210,425) a(200,31) r(272,400)
46; r(206,113) r(256,253) a(239,390) a(224,45) d(210) a(214,384) d(193) r(214,2) d(132)
47; r(168,415) r(472,275) r(202,177) a(247,233) d(351)
48; r(206,113) r(256,253) a(239,390) a(224,45) d(210) d(156)
49; r(168,415) r(472,275) r(202,177) a(247,233) a(214,384) d(193) r(214,2) r(23,26)
50; r(352,381) a(326,341) a(360,251) r(210,425) d(458) r(441,355) a(304,361)
51; a(462,274) d(421) d(210) r(248,133) a(447,2)
52; r(352,381) a(326,341) a(360,251) r(210,425) d(458) r(441,355) a(467,455)
53; a(462,274) d(421) d(210) r(248,133) r(287,361)
54; d(238) d(161) a(20,14) a(228,9) a(425,396)
55; d(238) a(214,462) a(214,462) a(214,384) d(193) a(177,2) a(213,198)
56; d(238) a(214,462) a(214,384) d(193) a(177,2) a(429,421)
57; d(238) a(214,462) d(161) a(20,14) a(228,9) d(333)
58; d(238) r(448,28) a(326,341) a(473,172) a(335,162)
59; a(374,406) r(14,471) a(414,370) a(448,442) r(379,139) r(164,467) r(110,448) a(109,129)
60; d(238) r(448,28) a(326,341) a(473,172) r(164,467) r(110,448) a(438,420)
61; a(374,406) r(14,471) a(414,370) a(448,442) r(379,139) d(279)
62; r(146,323) a(413,226) a(381,434) d(346)
63; r(168,415) a(287,343) r(210,159) r(212,146) a(214,384) r(350,31) a(185,208) a(436,275)
64; r(146,323) a(413,226) a(214,384) r(350,31) a(185,208) r(228,357)
65; r(168,415) a(287,343) r(210,159) r(212,146) a(381,434) d(134)
--------------------------------------------------------------------------------
Evaluation

0; 0.
1; 0.
2; 0.
3; 0.
4; 0.
5; 0.
6; 0.
7; 0.
8; 2.
9; 0.
10; 0.
11; 0.
12; 0.
13; 0.
14; 0.
15; 0.
16; 0.
17; 0.
18; 0.
19; 0.
20; 0.
21; 0.
22; 0.
23; 0.
24; 0.
25; 0.
26; 0.
27; 0.
28; 0.
29; 0.
30; 0.
31; 0.
32; 0.
33; 0.
34; 0.
35; 0.
36; 0.
37; 0.
38; 0.
39; 0.
40; 0.
41; 0.
42; 0.
43; 0.
44; 0.
45; 0.
46; 0.
47; 0.
48; 0.
49; 0.
50; 0.
51; 0.
52; 0.
53; 0.
54; 0.
55; 0.
56; 0.
57; 0.
58; 0.
59; 0.
60; 0.
61; 0.
62; 0.
63; 0.
64; 0.
65; 0.
================================================================================
Generation 6

--------------------------------------------------------------------------------
Selection

0; 24
1; 39
2; 20
3; 13
4; 12
5; 60
6; 3
7; 65
8; 53
9; 65
10; 10
11; 20
12; 29
13; 0
14; 48
15; 34
16; 53
17; 52
18; 14
19; 45
20; 15
21; 36
22; 36
23; 36
24; 28
25; 43
26; 58
27; 65
28; 37
29; 21
30; 4
31; 34
32; 51
33; 57
34; 23
35; 15
36; 36
37; 29
38; 32
39; 39
--------------------------------------------------------------------------------
Crossover

0; 36; r(168,415) a(287,343) r(210,159) r(212,146) a(381,434) r(115,355)
1; 20; r(14,214) a(371,273) a(367,417) r(250,441) d(396) r(453,457)
2; 60, 37; d(238) r(448,28) a(326,341) a(473,172) r(164,467) r(278,361) a(210,350) d(470)
3; 60, 37; r(141,390) a(287,343) d(120) d(431) r(110,448) a(438,420)
4; 60; d(238) r(448,28) a(326,341) a(473,172) r(164,467) r(110,448) a(438,420)
5; 37; r(141,390) a(287,343) d(120) d(431) r(278,361) a(210,350) d(470)
6; 34; r(352,381) a(326,341) a(360,251) r(210,425) a(200,31) a(381,226)
7; 65; r(168,415) a(287,343) r(210,159) r(212,146) a(381,434) d(134)
8; 20, 29; r(14,214) a(371,273) a(367,417) r(250,441) a(393,289) d(123)
9; 20, 29; r(168,415) d(284) a(214,384) r(447,233) r(210,455) d(396) r(453,457)
10; 20; r(14,214) a(371,273) a(367,417) r(250,441) d(396) r(453,457)
11; 29; r(168,415) d(284) a(214,384) r(447,233) r(210,455) a(393,289) d(123)
12; 58, 36; d(238) r(448,28) a(326,341) a(473,172) a(287,343) r(210,159) r(212,146) a(381,434) r(115,355)
13; 58, 36; r(168,415) a(335,162)
14; 58; d(238) r(448,28) a(326,341) a(473,172) a(335,162)
15; 36; r(168,415) a(287,343) r(210,159) r(212,146) a(381,434) r(115,355)
16; 65, 51; r(168,415) a(287,343) a(447,2)
17; 65, 51; a(462,274) d(421) d(210) r(248,133) r(210,159) r(212,146) a(381,434) d(134)
18; 65; r(168,415) a(287,343) r(210,159) r(212,146) a(381,434) d(134)
19; 51; a(462,274) d(421) d(210) r(248,133) a(447,2)
20; 36, 43; r(168,415) a(287,343) r(210,159) r(212,146)
21; 36, 43; a(374,406) r(14,471) a(414,370) a(448,442) r(379,139) d(231) a(381,434) r(115,355)
22; 36; r(168,415) a(287,343) r(210,159) r(212,146) a(381,434) r(115,355)
23; 43; a(374,406) r(14,471) a(414,370) a(448,442) r(379,139) d(231)
24; 21; r(14,214) a(371,273) d(238) a(405,19) d(332) r(2,434)
25; 39; a(374,406) r(379,139) r(452,393)
26; 23; a(374,406) r(256,253) a(239,390) a(224,45) r(416,162) a(423,52)
27; 65; r(168,415) a(287,343) r(210,159) r(212,146) a(381,434) d(134)
28; 28; r(14,214) a(370,368) r(213,199) a(165,178) d(350)
29; 15; r(146,323) a(413,226) a(214,384) d(193) a(403,368) r(292,359) a(152,303)
30; 34; r(352,381) a(326,341) a(360,251) r(210,425) a(200,31) a(381,226)
31; 24; r(206,113) r(256,253) a(239,390) a(224,45) r(416,162) r(252,297)
32; 57, 53; d(238) a(214,462)
33; 57, 53; a(462,274) d(421) d(210) r(248,133) r(287,361) d(161) a(20,14) a(228,9) d(333)
34; 57; d(238) a(214,462) d(161) a(20,14) a(228,9) d(333)
35; 53; a(462,274) d(421) d(210) r(248,133) r(287,361)
36; 10, 53; r(206,113) r(256,253) a(239,390) a(224,45) d(421) d(210) r(248,133) r(287,361)
37; 10, 53; a(462,274) r(416,162) a(239,120)
38; 10; r(206,113) r(256,253) a(239,390) a(224,45) r(416,162) a(239,120)
39; 53; a(462,274) d(421) d(210) r(248,133) r(287,361)
40; 52, 32; r(352,381) a(326,341) a(360,251) d(149) d(128)
41; 52, 32; r(352,381) a(326,341) a(360,251) r(210,425) r(210,425) d(458) r(441,355) a(467,455)
42; 52; r(352,381) a(326,341) a(360,251) r(210,425) d(458) r(441,355) a(467,455)
43; 32; r(352,381) a(326,341) a(360,251) r(210,425) d(149) d(128)
44; 29; r(168,415) d(284) a(214,384) r(447,233) r(210,455) a(393,289) d(123)
45; 13; r(168,415) a(409,197) a(218,449) a(281,240)
46; 15; r(146,323) a(413,226) a(214,384) d(193) a(403,368) r(292,359) a(152,303)
47; 39; a(374,406) r(379,139) r(452,393)
48; 4; r(14,214) a(371,273) a(367,417) r(250,441) a(212,187)
49; 12; r(168,415) a(409,197) a(218,449) r(210,212)
50; 14, 3; r(146,323) a(413,226) a(214,384) d(193) d(212) d(25)
51; 14, 3; r(146,323) a(413,226) d(161) a(20,14) d(324)
52; 14; r(146,323) a(413,226) a(214,384) d(193) d(212)
53; 3; r(146,323) a(413,226) d(161) a(20,14) d(324) d(25)
54; 36, 48; r(168,415) a(287,343) r(210,159) r(212,146) a(381,434) d(210) d(156)
55; 36, 48; r(206,113) r(256,253) a(239,390) a(224,45) r(115,355)
56; 36; r(168,415) a(287,343) r(210,159) r(212,146) a(381,434) r(115,355)
57; 48; r(206,113) r(256,253) a(239,390) a(224,45) d(210) d(156)
58; 0; r(146,323) a(413,226) d(431) r(278,361) r(339,13) d(161) a(20,14) d(324) a(418,377)
59; 45; r(352,381) a(326,341) a(360,251) r(210,425) a(200,31) r(272,400)
--------------------------------------------------------------------------------
Mutation

0; r(168,415) a(287,343) r(210,159) r(212,146) a(381,434) r(115,355) a(350,236)
1; r(14,214) a(371,273) a(367,417) r(250,441) d(396) r(453,457) r(301,275)
2; d(238) r(448,28) a(326,341) a(473,172) r(164,467) r(278,361) a(210,350) d(470) r(151,289)
3; r(141,390) a(287,343) d(120) d(431) r(110,448) a(438,420) d(248)
4; d(238) r(448,28) a(326,341) a(473,172) r(164,467) r(110,448) a(438,420) d(225)
5; r(141,390) a(287,343) d(120) d(431) r(278,361) a(210,350) d(470) r(414,276)
6; r(352,381) a(326,341) a(360,251) r(210,425) a(200,31) a(381,226) r(393,396)
7; r(168,415) a(287,343) r(210,159) r(212,146) a(381,434) d(134) d(464)
8; r(14,214) a(371,273) a(367,417) r(250,441) a(393,289) d(123) a(246,162)
9; r(168,415) d(284) a(214,384) r(447,233) r(210,455) d(396) r(453,457) r(352,333)
10; r(14,214) a(371,273) a(367,417) r(250,441) d(396) r(453,457) r(473,276)
11; r(168,415) d(284) a(214,384) r(447,233) r(210,455) a(393,289) d(123) d(450)
12; d(238) r(448,28) a(326,341) a(473,172) a(287,343) r(210,159) r(212,146) a(381,434) r(115,355) a(287,425)
13; r(168,415) a(335,162) r(206,455)
14; d(238) r(448,28) a(326,341) a(473,172) a(335,162) d(122)
15; r(168,415) a(287,343) r(210,159) r(212,146) a(381,434) r(115,355) d(379)
16; r(168,415) a(287,343) a(447,2) r(112,129)
17; a(462,274) d(421) d(210) r(248,133) r(210,159) r(212,146) a(381,434) d(134) a(386,448)
18; r(168,415) a(287,343) r(210,159) r(212,146) a(381,434) d(134) d(193)
19; a(462,274) d(421) d(210) r(248,133) a(447,2) r(214,157)
20; r(168,415) a(287,343) r(210,159) r(212,146) r(232,133)
21; a(374,406) r(14,471) a(414,370) a(448,442) r(379,139) d(231) a(381,434) r(115,355) d(257)
22; r(168,415) a(287,343) r(210,159) r(212,146) a(381,434) r(115,355) r(213,448)
23; a(374,406) r(14,471) a(414,370) a(448,442) r(379,139) d(231) d(347)
24; r(14,214) a(371,273) d(238) a(405,19) d(332) r(2,434) a(181,156)
25; a(374,406) r(379,139) r(452,393) a(297,393)
26; a(374,406) r(256,253) a(239,390) a(224,45) r(416,162) a(423,52) r(447,154)
27; r(168,415) a(287,343) r(210,159) r(212,146) a(381,434) d(134) a(419,447)
28; r(14,214) a(370,368) r(213,199) a(165,178) d(350) a(132,122)
29; r(146,323) a(413,226) a(214,384) d(193) a(403,368) r(292,359) a(152,303) a(252,339)
30; r(352,381) a(326,341) a(360,251) r(210,425) a(200,31) a(381,226) a(156,181)
31; r(206,113) r(256,253) a(239,390) a(224,45) r(416,162) r(252,297) d(223)
32; d(238) a(214,462) a(176,167)
33; a(462,274) d(421) d(210) r(248,133) r(287,361) d(161) a(20,14) a(228,9) d(333) a(463,420)
34; d(238) a(214,462) d(161) a(20,14) a(228,9) d(333) d(228)
35; a(462,274) d(421) d(210) r(248,133) r(287,361) a(236,226)
36; r(206,113) r(256,253) a(239,390) a(224,45) d(421) d(210) r(248,133) r(287,361) r(290,286)
37; a(462,274) r(416,162) a(239,120) a(358,361)
38; r(206,113) r(256,253) a(239,390) a(224,45) r(416,162) a(239,120) a(304,362)
39; a(462,274) d(421) d(210) r(248,133) r(287,361) a(241,337)
40; r(352,381) a(326,341) a(360,251) d(149) d(128) a(118,129)
41; r(352,381) a(326,341) a(360,251) r(210,425) r(210,425) d(458) r(441,355) a(467,455) d(233)
42; r(352,381) a(326,341) a(360,251) r(210,425) d(458) r(441,355) a(467,455) d(115)
43; r(352,381) a(326,341) a(360,251) r(210,425) d(149) d(128) d(378)
44; r(168,415) d(284) a(214,384) r(447,233) r(210,455) a(393,289) d(123) d(278)
45; r(168,415) a(409,197) a(218,449) a(281,240) d(112)
46; r(146,323) a(413,226) a(214,384) d(193) a(403,368) r(292,359) a(152,303) d(350)
47; a(374,406) r(379,139) r(452,393) d(146)
48; r(14,214) a(371,273) a(367,417) r(250,441) a(212,187) d(352)
49; r(168,415) a(409,197) a(218,449) r(210,212) d(215)
50; r(146,323) a(413,226) a(214,384) d(193) d(212) d(25) r(251,210)
51; r(146,323) a(413,226) d(161) a(20,14) d(324) a(224,1)
52; r(146,323) a(413,226) a(214,384) d(193) d(212) r(162,199)
53; r(146,323) a(413,226) d(161) a(20,14) d(324) d(25) a(442,274)
54; r(168,415) a(287,343) r(210,159) r(212,146) a(381,434) d(210) d(156) a(441,37)
55; r(206,113) r(256,253) a(239,390) a(224,45) r(115,355) r(410,447)
56; r(168,415) a(287,343) r(210,159) r(212,146) a(381,434) r(115,355) r(138,113)
57; r(206,113) r(256,253) a(239,390) a(224,45) d(210) d(156) d(175)
58; r(146,323) a(413,226) d(431) r(278,361) r(339,13) d(161) a(20,14) d(324) a(418,377) a(303,227)
59; r(352,381) a(326,341) a(360,251) r(210,425) a(200,31) r(272,400) a(330,197)
--------------------------------------------------------------------------------
Evaluation

0; 0.
1; 0.
2; 0.
3; 0.
4; 0.
5; 0.
6; 0.
7; 0.
8; 0.
9; 0.
10; 0.
11; 0.
12; 0.
13; 0.
14; 0.
15; 0.
16; 0.
17; 0.
18; 0.
19; 0.
20; 0.
21; 0.
22; 0.
23; 0.
24; 0.
25; 0.
26; 0.
27; 0.
28; 0.
29; 0.
30; 0.
31; 0.
32; 0.
33; 0.
34; 0.
35; 0.
36; 0.
37; 0.
38; 0.
39; 0.
40; 0.
41; 0.
42; 0.
43; 0.
44; 0.
45; 0.
46; 0.
47; 0.
48; 0.
49; 0.
50; 0.
51; 0.
52; 0.
53; 0.
54; 0.
55; 0.
56; 0.
57; 0.
58; 0.
59; 0.
================================================================================
Generation 7

--------------------------------------------------------------------------------
Selection

0; 48
1; 6
2; 29
3; 53
4; 6
5; 8
6; 1
7; 22
8; 5
9; 1
10; 32
11; 1
12; 3
13; 42
14; 30
15; 5
16; 45
17; 20
18; 14
19; 7
20; 0
21; 41
22; 12
23; 58
24; 30
25; 51
26; 17
27; 17
28; 31
29; 10
30; 34
31; 8
32; 37
33; 41
34; 20
35; 29
36; 19
37; 47
38; 24
39; 5
--------------------------------------------------------------------------------
Crossover

0; 17; a(462,274) d(421) d(210) r(248,133) r(210,159) r(212,146) a(381,434) d(134) a(386,448)
1; 30; r(352,381) a(326,341) a(360,251) r(210,425) a(200,31) a(381,226) a(156,181)
2; 53; r(146,323) a(413,226) d(161) a(20,14) d(324) d(25) a(442,274)
3; 10; r(14,214) a(371,273) a(367,417) r(250,441) d(396) r(453,457) r(473,276)
4; 20, 14; r(168,415) a(287,343) r(210,159) r(212,146) r(448,28) a(326,341) a(473,172) a(335,162) d(122)
5; 20, 14; d(238) r(232,133)
6; 20; r(168,415) a(287,343) r(210,159) r(212,146) r(232,133)
7; 14; d(238) r(448,28) a(326,341) a(473,172) a(335,162) d(122)
8; 6, 47; r(352,381) a(326,341) a(360,251) r(210,425) a(200,31) a(381,226) r(393,396) r(452,393) d(146)
9; 6, 47; a(374,406) r(379,139)
10; 6; r(352,381) a(326,341) a(360,251) r(210,425) a(200,31) a(381,226) r(393,396)
11; 47; a(374,406) r(379,139) r(452,393) d(146)
12; 1, 31; r(14,214) a(371,273) a(367,417) r(250,441) d(396) r(256,253) a(239,390) a(224,45) r(416,162) r(252,297) d(223)
13; 1, 31; r(206,113) r(453,457) r(301,275)
14; 1; r(14,214) a(371,273) a(367,417) r(250,441) d(396) r(453,457) r(301,275)
15; 31; r(206,113) r(256,253) a(239,390) a(224,45) r(416,162) r(252,297) d(223)
16; 0, 29; r(168,415) a(287,343) r(210,159) r(292,359) a(152,303) a(252,339)
17; 0, 29; r(146,323) a(413,226) a(214,384) d(193) a(403,368) r(212,146) a(381,434) r(115,355) a(350,236)
18; 0; r(168,415) a(287,343) r(210,159) r(212,146) a(381,434) r(115,355) a(350,236)
19; 29; r(146,323) a(413,226) a(214,384) d(193) a(403,368) r(292,359) a(152,303) a(252,339)
20; 41; r(352,381) a(326,341) a(360,251) r(210,425) r(210,425) d(458) r(441,355) a(467,455) d(233)
21; 8; r(14,214) a(371,273) a(367,417) r(250,441) a(393,289) d(123) a(246,162)
22; 8, 3; r(14,214) a(371,273) d(431) r(110,448) a(438,420) d(248)
23; 8, 3; r(141,390) a(287,343) d(120) a(367,417) r(250,441) a(393,289) d(123) a(246,162)
24; 8; r(14,214) a(371,273) a(367,417) r(250,441) a(393,289) d(123) a(246,162)
25; 3; r(141,390) a(287,343) d(120) d(431) r(110,448) a(438,420) d(248)
26; 17, 1; a(462,274) d(421) d(210) r(248,133) r(210,159) r(453,457) r(301,275)
27; 17, 1; r(14,214) a(371,273) a(367,417) r(250,441) d(396) r(212,146) a(381,434) d(134) a(386,448)
28; 17; a(462,274) d(421) d(210) r(248,133) r(210,159) r(212,146) a(381,434) d(134) a(386,448)
29; 1; r(14,214) a(371,273) a(367,417) r(250,441) d(396) r(453,457) r(301,275)
30; 34, 51; d(238) a(214,462) d(161) a(20,14) a(228,9) d(333) d(228) a(413,226) d(161) a(20,14) d(324) a(224,1)
31; 34, 51; r(146,323)
32; 34; d(238) a(214,462) d(161) a(20,14) a(228,9) d(333) d(228)
33; 51; r(146,323) a(413,226) d(161) a(20,14) d(324) a(224,1)
34; 5; r(141,390) a(287,343) d(120) d(431) r(278,361) a(210,350) d(470) r(414,276)
35; 1; r(14,214) a(371,273) a(367,417) r(250,441) d(396) r(453,457) r(301,275)
36; 42, 58; r(352,381) d(161) a(20,14) d(324) a(418,377) a(303,227)
37; 42, 58; r(146,323) a(413,226) d(431) r(278,361) r(339,13) a(326,341) a(360,251) r(210,425) d(458) r(441,355) a(467,455) d(115)
38; 42; r(352,381) a(326,341) a(360,251) r(210,425) d(458) r(441,355) a(467,455) d(115)
39; 58; r(146,323) a(413,226) d(431) r(278,361) r(339,13) d(161) a(20,14) d(324) a(418,377) a(303,227)
40; 45, 30; r(168,415) a(409,197) a(218,449) r(210,425) a(200,31) a(381,226) a(156,181)
41; 45, 30; r(352,381) a(326,341) a(360,251) a(281,240) d(112)
42; 45; r(168,415) a(409,197) a(218,449) a(281,240) d(112)
43; 30; r(352,381) a(326,341) a(360,251) r(210,425) a(200,31) a(381,226) a(156,181)
44; 12; d(238) r(448,28) a(326,341) a(473,172) a(287,343) r(210,159) r(212,146) a(381,434) r(115,355) a(287,425)
45; 41; r(352,381) a(326,341) a(360,251) r(210,425) r(210,425) d(458) r(441,355) a(467,455) d(233)
46; 6, 22; r(352,381) r(213,448)
47; 6, 22; r(168,415) a(287,343) r(210,159) r(212,146) a(381,434) r(115,355) a(326,341) a(360,251) r(210,425) a(200,31) a(381,226) r(393,396)
48; 6; r(352,381) a(326,341) a(360,251) r(210,425) a(200,31) a(381,226) r(393,396)
49; 22; r(168,415) a(287,343) r(210,159) r(212,146) a(381,434) r(115,355) r(213,448)
50; 5, 24; r(141,390) a(287,343) d(120) d(431) r(278,361) r(2,434) a(181,156)
51; 5, 24; r(14,214) a(371,273) d(238) a(405,19) d(332) a(210,350) d(470) r(414,276)
52; 5; r(141,390) a(287,343) d(120) d(431) r(278,361) a(210,350) d(470) r(414,276)
53; 24; r(14,214) a(371,273) d(238) a(405,19) d(332) r(2,434) a(181,156)
54; 20, 5; r(168,415) a(287,343) r(210,159) a(210,350) d(470) r(414,276)
55; 20, 5; r(141,390) a(287,343) d(120) d(431) r(278,361) r(212,146) r(232,133)
56; 20; r(168,415) a(287,343) r(210,159) r(212,146) r(232,133)
57; 5; r(141,390) a(287,343) d(120) d(431) r(278,361) a(210,350) d(470) r(414,276)
58; 7; r(168,415) a(287,343) r(210,159) r(212,146) a(381,434) d(134) d(464)
59; 19; a(462,274) d(421) d(210) r(248,133) a(447,2) r(214,157)
60; 48, 32; r(14,214) a(214,462) a(176,167)
61; 48, 32; d(238) a(371,273) a(367,417) r(250,441) a(212,187) d(352)
62; 48; r(14,214) a(371,273) a(367,417) r(250,441) a(212,187) d(352)
63; 32; d(238) a(214,462) a(176,167)
64; 29, 37; r(146,323) a(413,226)
65; 29, 37; a(462,274) r(416,162) a(239,120) a(358,361) a(214,384) d(193) a(403,368) r(292,359) a(152,303) a(252,339)
66; 29; r(146,323) a(413,226) a(214,384) d(193) a(403,368) r(292,359) a(152,303) a(252,339)
67; 37; a(462,274) r(416,162) a(239,120) a(358,361)
--------------------------------------------------------------------------------
Mutation

0; a(462,274) d(421) d(210) r(248,133) r(210,159) r(212,146) a(381,434) d(134) a(386,448) r(379,391)
1; r(352,381) a(326,341) a(360,251) r(210,425) a(200,31) a(381,226) a(156,181) d(421)
2; r(146,323) a(413,226) d(161) a(20,14) d(324) d(25) a(442,274) r(421,139)
3; r(14,214) a(371,273) a(367,417) r(250,441) d(396) r(453,457) r(473,276) r(236,185)
4; r(168,415) a(287,343) r(210,159) r(212,146) r(448,28) a(326,341) a(473,172) a(335,162) d(122) r(216,228)
5; d(238) r(232,133) d(462)
6; r(168,415) a(287,343) r(210,159) r(212,146) r(232,133) d(227)
7; d(238) r(448,28) a(326,341) a(473,172) a(335,162) d(122) r(3,19)
8; r(352,381) a(326,341) a(360,251) r(210,425) a(200,31) a(381,226) r(393,396) r(452,393) d(146) r(297,359)
9; a(374,406) r(379,139) d(202)
10; r(352,381) a(326,341) a(360,251) r(210,425) a(200,31) a(381,226) r(393,396) r(182,434)
11; a(374,406) r(379,139) r(452,393) d(146) d(385)
12; r(14,214) a(371,273) a(367,417) r(250,441) d(396) r(256,253) a(239,390) a(224,45) r(416,162) r(252,297) d(223) d(386)
13; r(206,113) r(453,457) r(301,275) d(328)
14; r(14,214) a(371,273) a(367,417) r(250,441) d(396) r(453,457) r(301,275) r(361,434)
15; r(206,113) r(256,253) a(239,390) a(224,45) r(416,162) r(252,297) d(223) d(410)
16; r(168,415) a(287,343) r(210,159) r(292,359) a(152,303) a(252,339) r(212,13)
17; r(146,323) a(413,226) a(214,384) d(193) a(403,368) r(212,146) a(381,434) r(115,355) a(350,236) r(253,434)
18; r(168,415) a(287,343) r(210,159) r(212,146) a(381,434) r(115,355) a(350,236) r(238,284)
19; r(146,323) a(413,226) a(214,384) d(193) a(403,368) r(292,359) a(152,303) a(252,339) r(360,172)
20; r(352,381) a(326,341) a(360,251) r(210,425) r(210,425) d(458) r(441,355) a(467,455) d(233) d(275)
21; r(14,214) a(371,273) a(367,417) r(250,441) a(393,289) d(123) a(246,162) a(402,178)
22; r(14,214) a(371,273) d(431) r(110,448) a(438,420) d(248) a(339,341)
23; r(141,390) a(287,343) d(120) a(367,417) r(250,441) a(393,289) d(123) a(246,162) d(324)
24; r(14,214) a(371,273) a(367,417) r(250,441) a(393,289) d(123) a(246,162) d(350)
25; r(141,390) a(287,343) d(120) d(431) r(110,448) a(438,420) d(248) d(450)
26; a(462,274) d(421) d(210) r(248,133) r(210,159) r(453,457) r(301,275) a(473,385)
27; r(14,214) a(371,273) a(367,417) r(250,441) d(396) r(212,146) a(381,434) d(134) a(386,448) d(123)
28; a(462,274) d(421) d(210) r(248,133) r(210,159) r(212,146) a(381,434) d(134) a(386,448) r(251,330)
29; r(14,214) a(371,273) a(367,417) r(250,441) d(396) r(453,457) r(301,275) d(118)
30; d(238) a(214,462) d(161) a(20,14) a(228,9) d(333) d(228) a(413,226) d(161) a(20,14) d(324) a(224,1) r(212,199)
31; r(146,323) a(276,441)
32; d(238) a(214,462) d(161) a(20,14) a(228,9) d(333) d(228) r(324,235)
33; r(146,323) a(413,226) d(161) a(20,14) d(324) a(224,1) a(225,281)
34; r(141,390) a(287,343) d(120) d(431) r(278,361) a(210,350) d(470) r(414,276) r(358,385)
35; r(14,214) a(371,273) a(367,417) r(250,441) d(396) r(453,457) r(301,275) a(257,325)
36; r(352,381) d(161) a(20,14) d(324) a(418,377) a(303,227) r(438,37)
37; r(146,323) a(413,226) d(431) r(278,361) r(339,13) a(326,341) a(360,251) r(210,425) d(458) r(441,355) a(467,455) d(115) d(154)
38; r(352,381) a(326,341) a(360,251) r(210,425) d(458) r(441,355) a(467,455) d(115) d(292)
39; r(146,323) a(413,226) d(431) r(278,361) r(339,13) d(161) a(20,14) d(324) a(418,377) a(303,227) a(337,120)
40; r(168,415) a(409,197) a(218,449) r(210,425) a(200,31) a(381,226) a(156,181) d(398)
41; r(352,381) a(326,341) a(360,251) a(281,240) d(112) d(227)
42; r(168,415) a(409,197) a(218,449) a(281,240) d(112) a(326,37)
43; r(352,381) a(326,341) a(360,251) r(210,425) a(200,31) a(381,226) a(156,181) a(401,52)
44; d(238) r(448,28) a(326,341) a(473,172) a(287,343) r(210,159) r(212,146) a(381,434) r(115,355) a(287,425) r(415,178)
45; r(352,381) a(326,341) a(360,251) r(210,425) r(210,425) d(458) r(441,355) a(467,455) d(233) d(453)
46; r(352,381) r(213,448) r(362,227)
47; r(168,415) a(287,343) r(210,159) r(212,146) a(381,434) r(115,355) a(326,341) a(360,251) r(210,425) a(200,31) a(381,226) r(393,396) r(197,357)
48; r(352,381) a(326,341) a(360,251) r(210,425) a(200,31) a(381,226) r(393,396) a(130,390)
49; r(168,415) a(287,343) r(210,159) r(212,146) a(381,434) r(115,355) r(213,448) a(2,192)
50; r(141,390) a(287,343) d(120) d(431) r(278,361) r(2,434) a(181,156) d(332)
51; r(14,214) a(371,273) d(238) a(405,19) d(332) a(210,350) d(470) r(414,276) r(359,21)
52; r(141,390) a(287,343) d(120) d(431) r(278,361) a(210,350) d(470) r(414,276) a(213,439)
53; r(14,214) a(371,273) d(238) a(405,19) d(332) r(2,434) a(181,156) d(138)
54; r(168,415) a(287,343) r(210,159) a(210,350) d(470) r(414,276) r(437,21)
55; r(141,390) a(287,343) d(120) d(431) r(278,361) r(212,146) r(232,133) r(323,231)
56; r(168,415) a(287,343) r(210,159) r(212,146) r(232,133) r(247,254)
57; r(141,390) a(287,343) d(120) d(431) r(278,361) a(210,350) d(470) r(414,276) r(394,31)
58; r(168,415) a(287,343) r(210,159) r(212,146) a(381,434) d(134) d(464) r(371,139)
59; a(462,274) d(421) d(210) r(248,133) a(447,2) r(214,157) d(245)
60; r(14,214) a(214,462) a(176,167) a(13,228)
61; d(238) a(371,273) a(367,417) r(250,441) a(212,187) d(352) r(431,337)
62; r(14,214) a(371,273) a(367,417) r(250,441) a(212,187) d(352) d(381)
63; d(238) a(214,462) a(176,167) r(443,393)
64; r(146,323) a(413,226) r(184,160)
65; a(462,274) r(416,162) a(239,120) a(358,361) a(214,384) d(193) a(403,368) r(292,359) a(152,303) a(252,339) a(168,289)
66; r(146,323) a(413,226) a(214,384) d(193) a(403,368) r(292,359) a(152,303) a(252,339) d(415)
67; a(462,274) r(416,162) a(239,120) a(358,361) r(244,323)
--------------------------------------------------------------------------------
Evaluation

0; 0.
1; 0.
2; 0.
3; 0.
4; 0.
5; 0.
6; 0.
7; 0.
8; 0.
9; 3.
10; 0.
11; 0.
12; 0.
13; 0.
14; 0.
15; 0.
16; 0.
17; 0.
18; 0.
19; 0.
20; 0.
21; 0.
22; 0.
23; 0.
24; 0.
25; 0.
26; 0.
27; 0.
28; 0.
29; 0.
30; 0.
31; 0.
32; 0.
33; 0.
34; 0.
35; 0.
36; 0.
37; 0.
38; 0.
39; 0.
40; 0.
41; 0.
42; 0.
43; 0.
44; 0.
45; 0.
46; 5.
47; 0.
48; 0.
49; 0.
50; 0.
51; 0.
52; 0.
53; 0.
54; 0.
55; 0.
56; 0.
57; 0.
58; 0.
59; 0.
60; 0.
61; 0.
62; 0.
63; 0.
64; 0.
65; 0.
66; 0.
67; 0.
================================================================================
Generation 8

--------------------------------------------------------------------------------
Selection

0; 47
1; 7
2; 65
3; 4
4; 67
5; 2
6; 67
7; 57
8; 18
9; 40
10; 18
11; 31
12; 20
13; 41
14; 23
15; 18
16; 14
17; 62
18; 23
19; 23
20; 54
21; 57
22; 50
23; 42
24; 4
25; 48
26; 16
27; 48
28; 33
29; 39
30; 63
31; 66
32; 59
33; 55
34; 41
35; 1
36; 14
37; 5
38; 36
39; 40
--------------------------------------------------------------------------------
Crossover

0; 57; r(141,390) a(287,343) d(120) d(431) r(278,361) a(210,350) d(470) r(414,276) r(394,31)
1; 67; a(462,274) r(416,162) a(239,120) a(358,361) r(244,323)
2; 55; r(141,390) a(287,343) d(120) d(431) r(278,361) r(212,146) r(232,133) r(323,231)
3; 41; r(352,381) a(326,341) a(360,251) a(281,240) d(112) d(227)
4; 23; r(141,390) a(287,343) d(120) a(367,417) r(250,441) a(393,289) d(123) a(246,162) d(324)
5; 2; r(146,323) a(413,226) d(161) a(20,14) d(324) d(25) a(442,274) r(421,139)
6; 23; r(141,390) a(287,343) d(120) a(367,417) r(250,441) a(393,289) d(123) a(246,162) d(324)
7; 57; r(141,390) a(287,343) d(120) d(431) r(278,361) a(210,350) d(470) r(414,276) r(394,31)
8; 5; d(238) r(232,133) d(462)
9; 40; r(168,415) a(409,197) a(218,449) r(210,425) a(200,31) a(381,226) a(156,181) d(398)
10; 62, 20; r(14,214) a(371,273) a(326,341) a(360,251) r(210,425) r(210,425) d(458) r(441,355) a(467,455) d(233) d(275)
11; 62, 20; r(352,381) a(367,417) r(250,441) a(212,187) d(352) d(381)
12; 62; r(14,214) a(371,273) a(367,417) r(250,441) a(212,187) d(352) d(381)
13; 20; r(352,381) a(326,341) a(360,251) r(210,425) r(210,425) d(458) r(441,355) a(467,455) d(233) d(275)
14; 41; r(352,381) a(326,341) a(360,251) a(281,240) d(112) d(227)
15; 4; r(168,415) a(287,343) r(210,159) r(212,146) r(448,28) a(326,341) a(473,172) a(335,162) d(122) r(216,228)
16; 4; r(168,415) a(287,343) r(210,159) r(212,146) r(448,28) a(326,341) a(473,172) a(335,162) d(122) r(216,228)
17; 42; r(168,415) a(409,197) a(218,449) a(281,240) d(112) a(326,37)
18; 40; r(168,415) a(409,197) a(218,449) r(210,425) a(200,31) a(381,226) a(156,181) d(398)
19; 67; a(462,274) r(416,162) a(239,120) a(358,361) r(244,323)
20; 50; r(141,390) a(287,343) d(120) d(431) r(278,361) r(2,434) a(181,156) d(332)
21; 7; d(238) r(448,28) a(326,341) a(473,172) a(335,162) d(122) r(3,19)
22; 66, 1; r(146,323) a(413,226) a(214,384) d(193) a(403,368)
23; 66, 1; r(352,381) a(326,341) a(360,251) r(210,425) a(200,31) a(381,226) a(156,181) d(421) r(292,359) a(152,303) a(252,339) d(415)
24; 66; r(146,323) a(413,226) a(214,384) d(193) a(403,368) r(292,359) a(152,303) a(252,339) d(415)
25; 1; r(352,381) a(326,341) a(360,251) r(210,425) a(200,31) a(381,226) a(156,181) d(421)
26; 65, 31; a(462,274) r(416,162) a(239,120) a(358,361) a(214,384) a(276,441)
27; 65, 31; r(146,323) d(193) a(403,368) r(292,359) a(152,303) a(252,339) a(168,289)
28; 65; a(462,274) r(416,162) a(239,120) a(358,361) a(214,384) d(193) a(403,368) r(292,359) a(152,303) a(252,339) a(168,289)
29; 31; r(146,323) a(276,441)
30; 33, 14; r(146,323) a(413,226) r(250,441) d(396) r(453,457) r(301,275) r(361,434)
31; 33, 14; r(14,214) a(371,273) a(367,417) d(161) a(20,14) d(324) a(224,1) a(225,281)
32; 33; r(146,323) a(413,226) d(161) a(20,14) d(324) a(224,1) a(225,281)
33; 14; r(14,214) a(371,273) a(367,417) r(250,441) d(396) r(453,457) r(301,275) r(361,434)
34; 63, 23; d(238) a(214,462) a(393,289) d(123) a(246,162) d(324)
35; 63, 23; r(141,390) a(287,343) d(120) a(367,417) r(250,441) a(176,167) r(443,393)
36; 63; d(238) a(214,462) a(176,167) r(443,393)
37; 23; r(141,390) a(287,343) d(120) a(367,417) r(250,441) a(393,289) d(123) a(246,162) d(324)
38; 18; r(168,415) a(287,343) r(210,159) r(212,146) a(381,434) r(115,355) a(350,236) r(238,284)
39; 14; r(14,214) a(371,273) a(367,417) r(250,441) d(396) r(453,457) r(301,275) r(361,434)
40; 48; r(352,381) a(326,341) a(360,251) r(210,425) a(200,31) a(381,226) r(393,396) a(130,390)
41; 36; r(352,381) d(161) a(20,14) d(324) a(418,377) a(303,227) r(438,37)
42; 54, 39; r(168,415) r(278,361) r(339,13) d(161) a(20,14) d(324) a(418,377) a(303,227) a(337,120)
43; 54, 39; r(146,323) a(413,226) d(431) a(287,343) r(210,159) a(210,350) d(470) r(414,276) r(437,21)
44; 54; r(168,415) a(287,343) r(210,159) a(210,350) d(470) r(414,276) r(437,21)
45; 39; r(146,323) a(413,226) d(431) r(278,361) r(339,13) d(161) a(20,14) d(324) a(418,377) a(303,227) a(337,120)
46; 47; r(168,415) a(287,343) r(210,159) r(212,146) a(381,434) r(115,355) a(326,341) a(360,251) r(210,425) a(200,31) a(381,226) r(393,396) r(197,357)
47; 16; r(168,415) a(287,343) r(210,159) r(292,359) a(152,303) a(252,339) r(212,13)
48; 18, 48; r(168,415) a(287,343) r(210,425) a(200,31) a(381,226) r(393,396) a(130,390)
49; 18, 48; r(352,381) a(326,341) a(360,251) r(210,159) r(212,146) a(381,434) r(115,355) a(350,236) r(238,284)
50; 18; r(168,415) a(287,343) r(210,159) r(212,146) a(381,434) r(115,355) a(350,236) r(238,284)
51; 48; r(352,381) a(326,341) a(360,251) r(210,425) a(200,31) a(381,226) r(393,396) a(130,390)
52; 18, 59; r(168,415) a(287,343) r(210,159) r(212,146) a(381,434) r(115,355) a(350,236) d(245)
53; 18, 59; a(462,274) d(421) d(210) r(248,133) a(447,2) r(214,157) r(238,284)
54; 18; r(168,415) a(287,343) r(210,159) r(212,146) a(381,434) r(115,355) a(350,236) r(238,284)
55; 59; a(462,274) d(421) d(210) r(248,133) a(447,2) r(214,157) d(245)
--------------------------------------------------------------------------------
Mutation

0; r(141,390) a(287,343) d(120) d(431) r(278,361) a(210,350) d(470) r(414,276) r(394,31) d(471)
1; a(462,274) r(416,162) a(239,120) a(358,361) r(244,323) d(419)
2; r(141,390) a(287,343) d(120) d(431) r(278,361) r(212,146) r(232,133) r(323,231) a(326,253)
3; r(352,381) a(326,341) a(360,251) a(281,240) d(112) d(227) d(197)
4; r(141,390) a(287,343) d(120) a(367,417) r(250,441) a(393,289) d(123) a(246,162) d(324) a(451,462)
5; r(146,323) a(413,226) d(161) a(20,14) d(324) d(25) a(442,274) r(421,139) d(429)
6; r(141,390) a(287,343) d(120) a(367,417) r(250,441) a(393,289) d(123) a(246,162) d(324) a(212,157)
7; r(141,390) a(287,343) d(120) d(431) r(278,361) a(210,350) d(470) r(414,276) r(394,31) r(338,228)
8; d(238) r(232,133) d(462) r(448,281)
9; r(168,415) a(409,197) a(218,449) r(210,425) a(200,31) a(381,226) a(156,181) d(398) a(14,228)
10; r(14,214) a(371,273) a(326,341) a(360,251) r(210,425) r(210,425) d(458) r(441,355) a(467,455) d(233) d(275) r(199,188)
11; r(352,381) a(367,417) r(250,441) a(212,187) d(352) d(381) r(210,145)
12; r(14,214) a(371,273) a(367,417) r(250,441) a(212,187) d(352) d(381) a(246,331)
13; r(352,381) a(326,341) a(360,251) r(210,425) r(210,425) d(458) r(441,355) a(467,455) d(233) d(275) r(3,444)
14; r(352,381) a(326,341) a(360,251) a(281,240) d(112) d(227) d(441)
15; r(168,415) a(287,343) r(210,159) r(212,146) r(448,28) a(326,341) a(473,172) a(335,162) d(122) r(216,228) d(185)
16; r(168,415) a(287,343) r(210,159) r(212,146) r(448,28) a(326,341) a(473,172) a(335,162) d(122) r(216,228) d(352)
17; r(168,415) a(409,197) a(218,449) a(281,240) d(112) a(326,37) d(176)
18; r(168,415) a(409,197) a(218,449) r(210,425) a(200,31) a(381,226) a(156,181) d(398) r(214,441)
19; a(462,274) r(416,162) a(239,120) a(358,361) r(244,323) r(394,392)
20; r(141,390) a(287,343) d(120) d(431) r(278,361) r(2,434) a(181,156) d(332) d(197)
21; d(238) r(448,28) a(326,341) a(473,172) a(335,162) d(122) r(3,19) r(412,37)
22; r(146,323) a(413,226) a(214,384) d(193) a(403,368) r(210,152)
23; r(352,381) a(326,341) a(360,251) r(210,425) a(200,31) a(381,226) a(156,181) d(421) r(292,359) a(152,303) a(252,339) d(415) r(243,301)
24; r(146,323) a(413,226) a(214,384) d(193) a(403,368) r(292,359) a(152,303) a(252,339) d(415) r(369,136)
25; r(352,381) a(326,341) a(360,251) r(210,425) a(200,31) a(381,226) a(156,181) d(421) d(213)
26; a(462,274) r(416,162) a(239,120) a(358,361) a(214,384) a(276,441) r(323,330)
27; r(146,323) d(193) a(403,368) r(292,359) a(152,303) a(252,339) a(168,289) r(11,439)
28; a(462,274) r(416,162) a(239,120) a(358,361) a(214,384) d(193) a(403,368) r(292,359) a(152,303) a(252,339) a(168,289) a(212,21)
29; r(146,323) a(276,441) a(444,381)
30; r(146,323) a(413,226) r(250,441) d(396) r(453,457) r(301,275) r(361,434) r(236,279)
31; r(14,214) a(371,273) a(367,417) d(161) a(20,14) d(324) a(224,1) a(225,281) d(411)
32; r(146,323) a(413,226) d(161) a(20,14) d(324) a(224,1) a(225,281) r(396,455)
33; r(14,214) a(371,273) a(367,417) r(250,441) d(396) r(453,457) r(301,275) r(361,434) d(210)
34; d(238) a(214,462) a(393,289) d(123) a(246,162) d(324) a(457,362)
35; r(141,390) a(287,343) d(120) a(367,417) r(250,441) a(176,167) r(443,393) r(131,202)
36; d(238) a(214,462) a(176,167) r(443,393) a(284,448)
37; r(141,390) a(287,343) d(120) a(367,417) r(250,441) a(393,289) d(123) a(246,162) d(324) r(21,272)
38; r(168,415) a(287,343) r(210,159) r(212,146) a(381,434) r(115,355) a(350,236) r(238,284) a(141,9)
39; r(14,214) a(371,273) a(367,417) r(250,441) d(396) r(453,457) r(301,275) r(361,434) d(252)
40; r(352,381) a(326,341) a(360,251) r(210,425) a(200,31) a(381,226) r(393,396) a(130,390) d(379)
41; r(352,381) d(161) a(20,14) d(324) a(418,377) a(303,227) r(438,37) d(213)
42; r(168,415) r(278,361) r(339,13) d(161) a(20,14) d(324) a(418,377) a(303,227) a(337,120) d(1)
43; r(146,323) a(413,226) d(431) a(287,343) r(210,159) a(210,350) d(470) r(414,276) r(437,21) d(367)
44; r(168,415) a(287,343) r(210,159) a(210,350) d(470) r(414,276) r(437,21) r(240,41)
45; r(146,323) a(413,226) d(431) r(278,361) r(339,13) d(161) a(20,14) d(324) a(418,377) a(303,227) a(337,120) r(334,228)
46; r(168,415) a(287,343) r(210,159) r(212,146) a(381,434) r(115,355) a(326,341) a(360,251) r(210,425) a(200,31) a(381,226) r(393,396) r(197,357) d(297)
47; r(168,415) a(287,343) r(210,159) r(292,359) a(152,303) a(252,339) r(212,13) a(449,294)
48; r(168,415) a(287,343) r(210,425) a(200,31) a(381,226) r(393,396) a(130,390) a(212,227)
49; r(352,381) a(326,341) a(360,251) r(210,159) r(212,146) a(381,434) r(115,355) a(350,236) r(238,284) d(412)
50; r(168,415) a(287,343) r(210,159) r(212,146) a(381,434) r(115,355) a(350,236) r(238,284) d(215)
51; r(352,381) a(326,341) a(360,251) r(210,425) a(200,31) a(381,226) r(393,396) a(130,390) r(422,210)
52; r(168,415) a(287,343) r(210,159) r(212,146) a(381,434) r(115,355) a(350,236) d(245) r(192,467)
53; a(462,274) d(421) d(210) r(248,133) a(447,2) r(214,157) r(238,284) d(134)
54; r(168,415) a(287,343) r(210,159) r(212,146) a(381,434) r(115,355) a(350,236) r(238,284) a(442,178)
55; a(462,274) d(421) d(210) r(248,133) a(447,2) r(214,157) d(245) r(201,355)
--------------------------------------------------------------------------------
Evaluation

0; 0.
1; 0.
2; 0.
3; 0.
4; 0.
5; 0.
6; 0.
7; 0.
8; 0.
9; 10.
10; 0.
11; 0.
12; 0.
13; 0.
14; 0.
15; 0.
16; 0.
17; 0.
18; 0.
19; 0.
20; 0.
21; 0.
22; 0.
23; 0.
24; 0.
25; 0.
26; 0.
27; 0.
28; 0.
29; 0.
30; 0.
31; 0.
32; 0.
33; 0.
34; 0.
35; 0.
36; 0.
37; 0.
38; 0.
39; 0.
40; 0.
41; 0.
42; 0.
43; 0.
44; 0.
45; 0.
46; 0.
47; 0.
48; 0.
49; 0.
50; 0.
51; 0.
52; 0.
53; 0.
54; 0.
55; 0.
================================================================================
Generation 9

--------------------------------------------------------------------------------
Selection

0; 13
1; 20
2; 22
3; 28
4; 34
5; 14
6; 49
7; 8
8; 21
9; 49
10; 22
11; 26
12; 55
13; 7
14; 31
15; 50
16; 32
17; 0
18; 2
19; 28
20; 46
21; 18
22; 29
23; 5
24; 35
25; 5
26; 20
27; 34
28; 12
29; 50
30; 52
31; 2
32; 30
33; 22
34; 17
35; 38
36; 31
37; 25
38; 27
39; 36
--------------------------------------------------------------------------------
Crossover

0; 36, 28; d(238) a(214,462) a(176,167)
1; 36, 28; a(462,274) r(416,162) a(239,120) a(358,361) a(214,384) d(193) a(403,368) r(292,359) a(152,303) a(252,339) a(168,289) a(212,21) r(443,393) a(284,448)
2; 36; d(238) a(214,462) a(176,167) r(443,393) a(284,448)
3; 28; a(462,274) r(416,162) a(239,120) a(358,361) a(214,384) d(193) a(403,368) r(292,359) a(152,303) a(252,339) a(168,289) a(212,21)
4; 25; r(352,381) a(326,341) a(360,251) r(210,425) a(200,31) a(381,226) a(156,181) d(421) d(213)
5; 55; a(462,274) d(421) d(210) r(248,133) a(447,2) r(214,157) d(245) r(201,355)
6; 28, 30; a(462,274) r(416,162) a(239,120) a(358,361)
7; 28, 30; r(146,323) a(413,226) r(250,441) d(396) r(453,457) r(301,275) r(361,434) r(236,279) a(214,384) d(193) a(403,368) r(292,359) a(152,303) a(252,339) a(168,289) a(212,21)
8; 28; a(462,274) r(416,162) a(239,120) a(358,361) a(214,384) d(193) a(403,368) r(292,359) a(152,303) a(252,339) a(168,289) a(212,21)
9; 30; r(146,323) a(413,226) r(250,441) d(396) r(453,457) r(301,275) r(361,434) r(236,279)
10; 32, 46; r(146,323) a(413,226) d(161) a(20,14) r(197,357) d(297)
11; 32, 46; r(168,415) a(287,343) r(210,159) r(212,146) a(381,434) r(115,355) a(326,341) a(360,251) r(210,425) a(200,31) a(381,226) r(393,396) d(324) a(224,1) a(225,281) r(396,455)
12; 32; r(146,323) a(413,226) d(161) a(20,14) d(324) a(224,1) a(225,281) r(396,455)
13; 46; r(168,415) a(287,343) r(210,159) r(212,146) a(381,434) r(115,355) a(326,341) a(360,251) r(210,425) a(200,31) a(381,226) r(393,396) r(197,357) d(297)
14; 34, 5; d(238) a(214,462) a(393,289) d(123) a(246,162) d(324) a(20,14) d(324) d(25) a(442,274) r(421,139) d(429)
15; 34, 5; r(146,323) a(413,226) d(161) a(457,362)
16; 34; d(238) a(214,462) a(393,289) d(123) a(246,162) d(324) a(457,362)
17; 5; r(146,323) a(413,226) d(161) a(20,14) d(324) d(25) a(442,274) r(421,139) d(429)
18; 2, 14; r(141,390) a(287,343) d(120) d(431) r(278,361) r(212,146) a(281,240) d(112) d(227) d(441)
19; 2, 14; r(352,381) a(326,341) a(360,251) r(232,133) r(323,231) a(326,253)
20; 2; r(141,390) a(287,343) d(120) d(431) r(278,361) r(212,146) r(232,133) r(323,231) a(326,253)
21; 14; r(352,381) a(326,341) a(360,251) a(281,240) d(112) d(227) d(441)
22; 8, 0; d(238) r(232,133) d(462) d(120) d(431) r(278,361) a(210,350) d(470) r(414,276) r(394,31) d(471)
23; 8, 0; r(141,390) a(287,343) r(448,281)
24; 8; d(238) r(232,133) d(462) r(448,281)
25; 0; r(141,390) a(287,343) d(120) d(431) r(278,361) a(210,350) d(470) r(414,276) r(394,31) d(471)
26; 34; d(238) a(214,462) a(393,289) d(123) a(246,162) d(324) a(457,362)
27; 22; r(146,323) a(413,226) a(214,384) d(193) a(403,368) r(210,152)
28; 17; r(168,415) a(409,197) a(218,449) a(281,240) d(112) a(326,37) d(176)
29; 5; r(146,323) a(413,226) d(161) a(20,14) d(324) d(25) a(442,274) r(421,139) d(429)
30; 52, 31; r(168,415) a(287,343) r(210,159) r(212,146) a(381,434) r(115,355) a(350,236) d(245) d(411)
31; 52, 31; r(14,214) a(371,273) a(367,417) d(161) a(20,14) d(324) a(224,1) a(225,281) r(192,467)
32; 52; r(168,415) a(287,343) r(210,159) r(212,146) a(381,434) r(115,355) a(350,236) d(245) r(192,467)
33; 31; r(14,214) a(371,273) a(367,417) d(161) a(20,14) d(324) a(224,1) a(225,281) d(411)
34; 49; r(352,381) a(326,341) a(360,251) r(210,159) r(212,146) a(381,434) r(115,355) a(350,236) r(238,284) d(412)
35; 29; r(146,323) a(276,441) a(444,381)
36; 20, 2; r(141,390) r(323,231) a(326,253)
37; 20, 2; r(141,390) a(287,343) d(120) d(431) r(278,361) r(212,146) r(232,133) a(287,343) d(120) d(431) r(278,361) r(2,434) a(181,156) d(332) d(197)
38; 20; r(141,390) a(287,343) d(120) d(431) r(278,361) r(2,434) a(181,156) d(332) d(197)
39; 2; r(141,390) a(287,343) d(120) d(431) r(278,361) r(212,146) r(232,133) r(323,231) a(326,253)
40; 31, 20; r(14,214) a(371,273) a(367,417) d(197)
41; 31, 20; r(141,390) a(287,343) d(120) d(431) r(278,361) r(2,434) a(181,156) d(332) d(161) a(20,14) d(324) a(224,1) a(225,281) d(411)
42; 31; r(14,214) a(371,273) a(367,417) d(161) a(20,14) d(324) a(224,1) a(225,281) d(411)
43; 20; r(141,390) a(287,343) d(120) d(431) r(278,361) r(2,434) a(181,156) d(332) d(197)
44; 49, 38; r(352,381) a(326,341) r(210,159) r(212,146) a(381,434) r(115,355) a(350,236) r(238,284) a(141,9)
45; 49, 38; r(168,415) a(287,343) a(360,251) r(210,159) r(212,146) a(381,434) r(115,355) a(350,236) r(238,284) d(412)
46; 49; r(352,381) a(326,341) a(360,251) r(210,159) r(212,146) a(381,434) r(115,355) a(350,236) r(238,284) d(412)
47; 38; r(168,415) a(287,343) r(210,159) r(212,146) a(381,434) r(115,355) a(350,236) r(238,284) a(141,9)
48; 21; d(238) r(448,28) a(326,341) a(473,172) a(335,162) d(122) r(3,19) r(412,37)
49; 27; r(146,323) d(193) a(403,368) r(292,359) a(152,303) a(252,339) a(168,289) r(11,439)
50; 50, 22; r(168,415) a(287,343) r(210,159) r(212,146) a(381,434) r(115,355) a(350,236) r(238,284)
51; 50, 22; r(146,323) a(413,226) a(214,384) d(193) a(403,368) r(210,152) d(215)
52; 50; r(168,415) a(287,343) r(210,159) r(212,146) a(381,434) r(115,355) a(350,236) r(238,284) d(215)
53; 22; r(146,323) a(413,226) a(214,384) d(193) a(403,368) r(210,152)
54; 13; r(352,381) a(326,341) a(360,251) r(210,425) r(210,425) d(458) r(441,355) a(467,455) d(233) d(275) r(3,444)
55; 26; a(462,274) r(416,162) a(239,120) a(358,361) a(214,384) a(276,441) r(323,330)
56; 50; r(168,415) a(287,343) r(210,159) r(212,146) a(381,434) r(115,355) a(350,236) r(238,284) d(215)
57; 7; r(141,390) a(287,343) d(120) d(431) r(278,361) a(210,350) d(470) r(414,276) r(394,31) r(338,228)
58; 22; r(146,323) a(413,226) a(214,384) d(193) a(403,368) r(210,152)
59; 18; r(168,415) a(409,197) a(218,449) r(210,425) a(200,31) a(381,226) a(156,181) d(398) r(214,441)
60; 35, 12; r(141,390) a(371,273) a(367,417) r(250,441) a(212,187) d(352) d(381) a(246,331)
61; 35, 12; r(14,214) a(287,343) d(120) a(367,417) r(250,441) a(176,167) r(443,393) r(131,202)
62; 35; r(141,390) a(287,343) d(120) a(367,417) r(250,441) a(176,167) r(443,393) r(131,202)
63; 12; r(14,214) a(371,273) a(367,417) r(250,441) a(212,187) d(352) d(381) a(246,331)
--------------------------------------------------------------------------------
Mutation

0; d(238) a(214,462) a(176,167) a(214,286)
1; a(462,274) r(416,162) a(239,120) a(358,361) a(214,384) d(193) a(403,368) r(292,359) a(152,303) a(252,339) a(168,289) a(212,21) r(443,393) a(284,448) d(214)
2; d(238) a(214,462) a(176,167) r(443,393) a(284,448) r(276,393)
3; a(462,274) r(416,162) a(239,120) a(358,361) a(214,384) d(193) a(403,368) r(292,359) a(152,303) a(252,339) a(168,289) a(212,21) d(411)
4; r(352,381) a(326,341) a(360,251) r(210,425) a(200,31) a(381,226) a(156,181) d(421) d(213) r(468,448)
5; a(462,274) d(421) d(210) r(248,133) a(447,2) r(214,157) d(245) r(201,355) r(120,110)
6; a(462,274) r(416,162) a(239,120) a(358,361) r(212,207)
7; r(146,323) a(413,226) r(250,441) d(396) r(453,457) r(301,275) r(361,434) r(236,279) a(214,384) d(193) a(403,368) r(292,359) a(152,303) a(252,339) a(168,289) a(212,21) d(347)
8; a(462,274) r(416,162) a(239,120) a(358,361) a(214,384) d(193) a(403,368) r(292,359) a(152,303) a(252,339) a(168,289) a(212,21) r(229,242)
9; r(146,323) a(413,226) r(250,441) d(396) r(453,457) r(301,275) r(361,434) r(236,279) a(447,139)
10; r(146,323) a(413,226) d(161) a(20,14) r(197,357) d(297) a(109,162)
11; r(168,415) a(287,343) r(210,159) r(212,146) a(381,434) r(115,355) a(326,341) a(360,251) r(210,425) a(200,31) a(381,226) r(393,396) d(324) a(224,1) a(225,281) r(396,455) a(326,202)
12; r(146,323) a(413,226) d(161) a(20,14) d(324) a(224,1) a(225,281) r(396,455) d(347)
13; r(168,415) a(287,343) r(210,159) r(212,146) a(381,434) r(115,355) a(326,341) a(360,251) r(210,425) a(200,31) a(381,226) r(393,396) r(197,357) d(297) d(471)
14; d(238) a(214,462) a(393,289) d(123) a(246,162) d(324) a(20,14) d(324) d(25) a(442,274) r(421,139) d(429) r(177,197)
15; r(146,323) a(413,226) d(161) a(457,362) r(116,227)
16; d(238) a(214,462) a(393,289) d(123) a(246,162) d(324) a(457,362) r(210,172)
17; r(146,323) a(413,226) d(161) a(20,14) d(324) d(25) a(442,274) r(421,139) d(429) a(152,172)
18; r(141,390) a(287,343) d(120) d(431) r(278,361) r(212,146) a(281,240) d(112) d(227) d(441) a(173,192)
19; r(352,381) a(326,341) a(360,251) r(232,133) r(323,231) a(326,253) r(298,252)
20; r(141,390) a(287,343) d(120) d(431) r(278,361) r(212,146) r(232,133) r(323,231) a(326,253) a(208,173)
21; r(352,381) a(326,341) a(360,251) a(281,240) d(112) d(227) d(441) r(188,153)
22; d(238) r(232,133) d(462) d(120) d(431) r(278,361) a(210,350) d(470) r(414,276) r(394,31) d(471) r(208,384)
23; r(141,390) a(287,343) r(448,281) d(212)
24; d(238) r(232,133) d(462) r(448,281) a(240,359)
25; r(141,390) a(287,343) d(120) d(431) r(278,361) a(210,350) d(470) r(414,276) r(394,31) d(471) a(232,133)
26; d(238) a(214,462) a(393,289) d(123) a(246,162) d(324) a(457,362) d(20)
27; r(146,323) a(413,226) a(214,384) d(193) a(403,368) r(210,152) a(326,475)
28; r(168,415) a(409,197) a(218,449) a(281,240) d(112) a(326,37) d(176) d(214)
29; r(146,323) a(413,226) d(161) a(20,14) d(324) d(25) a(442,274) r(421,139) d(429) d(381)
30; r(168,415) a(287,343) r(210,159) r(212,146) a(381,434) r(115,355) a(350,236) d(245) d(411) a(299,275)
31; r(14,214) a(371,273) a(367,417) d(161) a(20,14) d(324) a(224,1) a(225,281) r(192,467) a(177,281)
32; r(168,415) a(287,343) r(210,159) r(212,146) a(381,434) r(115,355) a(350,236) d(245) r(192,467) a(229,467)
33; r(14,214) a(371,273) a(367,417) d(161) a(20,14) d(324) a(224,1) a(225,281) d(411) a(406,275)
34; r(352,381) a(326,341) a(360,251) r(210,159) r(212,146) a(381,434) r(115,355) a(350,236) r(238,284) d(412) r(400,31)
35; r(146,323) a(276,441) a(444,381) d(152)
36; r(141,390) r(323,231) a(326,253) d(214)
37; r(141,390) a(287,343) d(120) d(431) r(278,361) r(212,146) r(232,133) a(287,343) d(120) d(431) r(278,361) r(2,434) a(181,156) d(332) d(197) d(152)
38; r(141,390) a(287,343) d(120) d(431) r(278,361) r(2,434) a(181,156) d(332) d(197) r(333,236)
39; r(141,390) a(287,343) d(120) d(431) r(278,361) r(212,146) r(232,133) r(323,231) a(326,253) a(390,337)
40; r(14,214) a(371,273) a(367,417) d(197) d(385)
41; r(141,390) a(287,343) d(120) d(431) r(278,361) r(2,434) a(181,156) d(332) d(161) a(20,14) d(324) a(224,1) a(225,281) d(411) r(367,275)
42; r(14,214) a(371,273) a(367,417) d(161) a(20,14) d(324) a(224,1) a(225,281) d(411) r(20,273)
43; r(141,390) a(287,343) d(120) d(431) r(278,361) r(2,434) a(181,156) d(332) d(197) r(454,467)
44; r(352,381) a(326,341) r(210,159) r(212,146) a(381,434) r(115,355) a(350,236) r(238,284) a(141,9) a(187,150)
45; r(168,415) a(287,343) a(360,251) r(210,159) r(212,146) a(381,434) r(115,355) a(350,236) r(238,284) d(412) r(328,2)
46; r(352,381) a(326,341) a(360,251) r(210,159) r(212,146) a(381,434) r(115,355) a(350,236) r(238,284) d(412) d(401)
47; r(168,415) a(287,343) r(210,159) r(212,146) a(381,434) r(115,355) a(350,236) r(238,284) a(141,9) d(349)
48; d(238) r(448,28) a(326,341) a(473,172) a(335,162) d(122) r(3,19) r(412,37) a(472,445)
49; r(146,323) d(193) a(403,368) r(292,359) a(152,303) a(252,339) a(168,289) r(11,439) a(152,188)
50; r(168,415) a(287,343) r(210,159) r(212,146) a(381,434) r(115,355) a(350,236) r(238,284) r(413,462)
51; r(146,323) a(413,226) a(214,384) d(193) a(403,368) r(210,152) d(215) d(13)
52; r(168,415) a(287,343) r(210,159) r(212,146) a(381,434) r(115,355) a(350,236) r(238,284) d(215) a(214,136)
53; r(146,323) a(413,226) a(214,384) d(193) a(403,368) r(210,152) a(118,275)
54; r(352,381) a(326,341) a(360,251) r(210,425) r(210,425) d(458) r(441,355) a(467,455) d(233) d(275) r(3,444) a(361,415)
55; a(462,274) r(416,162) a(239,120) a(358,361) a(214,384) a(276,441) r(323,330) d(430)
56; r(168,415) a(287,343) r(210,159) r(212,146) a(381,434) r(115,355) a(350,236) r(238,284) d(215) a(201,168)
57; r(141,390) a(287,343) d(120) d(431) r(278,361) a(210,350) d(470) r(414,276) r(394,31) r(338,228) d(168)
58; r(146,323) a(413,226) a(214,384) d(193) a(403,368) r(210,152) r(324,258)
59; r(168,415) a(409,197) a(218,449) r(210,425) a(200,31) a(381,226) a(156,181) d(398) r(214,441) r(148,165)
60; r(141,390) a(371,273) a(367,417) r(250,441) a(212,187) d(352) d(381) a(246,331) d(449)
61; r(14,214) a(287,343) d(120) a(367,417) r(250,441) a(176,167) r(443,393) r(131,202) a(142,233)
62; r(141,390) a(287,343) d(120) a(367,417) r(250,441) a(176,167) r(443,393) r(131,202) a(423,419)
63; r(14,214) a(371,273) a(367,417) r(250,441) a(212,187) d(352) d(381) a(246,331) a(216,420)
--------------------------------------------------------------------------------
Evaluation

0; 0.
1; 0.
2; 0.
3; 0.
4; 0.
5; 0.
6; 0.
7; 0.
8; 0.
9; 0.
10; 0.
11; 0.
12; 0.
13; 0.
14; 0.
15; 0.
16; 0.
17; 0.
18; 0.
19; 0.
20; 0.
21; 0.
22; 0.
23; 0.
24; 0.
25; 0.
26; 0.
27; 0.
28; 0.
29; 0.
30; 0.
31; 0.
32; 0.
33; 0.
34; 0.
35; 0.
36; 0.
37; 0.
38; 0.
39; 0.
40; 0.
41; 0.
42; 0.
43; 0.
44; 0.
45; 0.
46; 0.
47; 0.
48; 0.
49; 0.
50; 0.
51; 0.
52; 0.
53; 0.
54; 0.
55; 0.
56; 0.
57; 0.
58; 0.
59; 0.
60; 0.
61; 0.
62; 0.
63; 0.
================================================================================
Generation 10

--------------------------------------------------------------------------------
Selection

0; 61
1; 36
2; 33
3; 40
4; 44
5; 38
6; 35
7; 34
8; 19
9; 12
10; 38
11; 55
12; 30
13; 29
14; 55
15; 12
16; 62
17; 4
18; 22
19; 43
20; 56
21; 56
22; 13
23; 41
24; 62
25; 11
26; 27
27; 6
28; 41
29; 50
30; 53
31; 53
32; 11
33; 14
34; 32
35; 61
36; 29
37; 52
38; 62
39; 49
--------------------------------------------------------------------------------
Crossover

0; 38, 44; r(141,390) a(287,343) d(120) a(326,341) r(210,159) r(212,146) a(381,434) r(115,355) a(350,236) r(238,284) a(141,9) a(187,150)
1; 38, 44; r(352,381) d(431) r(278,361) r(2,434) a(181,156) d(332) d(197) r(333,236)
2; 38; r(141,390) a(287,343) d(120) d(431) r(278,361) r(2,434) a(181,156) d(332) d(197) r(333,236)
3; 44; r(352,381) a(326,341) r(210,159) r(212,146) a(381,434) r(115,355) a(350,236) r(238,284) a(141,9) a(187,150)
4; 50, 62; r(168,415) a(287,343) r(210,159) r(212,146) a(381,434) r(115,355) a(350,236) r(238,284) a(423,419)
5; 50, 62; r(141,390) a(287,343) d(120) a(367,417) r(250,441) a(176,167) r(443,393) r(131,202) r(413,462)
6; 50; r(168,415) a(287,343) r(210,159) r(212,146) a(381,434) r(115,355) a(350,236) r(238,284) r(413,462)
7; 62; r(141,390) a(287,343) d(120) a(367,417) r(250,441) a(176,167) r(443,393) r(131,202) a(423,419)
8; 11, 55; r(168,415) a(287,343) r(210,159) r(212,146) a(381,434) r(115,355) a(326,341) a(360,251) r(210,425) a(200,31) a(381,226) r(393,396) d(324) a(224,1) a(225,281) a(239,120) a(358,361) a(214,384) a(276,441) r(323,330) d(430)
9; 11, 55; a(462,274) r(416,162) r(396,455) a(326,202)
10; 11; r(168,415) a(287,343) r(210,159) r(212,146) a(381,434) r(115,355) a(326,341) a(360,251) r(210,425) a(200,31) a(381,226) r(393,396) d(324) a(224,1) a(225,281) r(396,455) a(326,202)
11; 55; a(462,274) r(416,162) a(239,120) a(358,361) a(214,384) a(276,441) r(323,330) d(430)
12; 41; r(141,390) a(287,343) d(120) d(431) r(278,361) r(2,434) a(181,156) d(332) d(161) a(20,14) d(324) a(224,1) a(225,281) d(411) r(367,275)
13; 19; r(352,381) a(326,341) a(360,251) r(232,133) r(323,231) a(326,253) r(298,252)
14; 61; r(14,214) a(287,343) d(120) a(367,417) r(250,441) a(176,167) r(443,393) r(131,202) a(142,233)
15; 12; r(146,323) a(413,226) d(161) a(20,14) d(324) a(224,1) a(225,281) r(396,455) d(347)
16; 14; d(238) a(214,462) a(393,289) d(123) a(246,162) d(324) a(20,14) d(324) d(25) a(442,274) r(421,139) d(429) r(177,197)
17; 29; r(146,323) a(413,226) d(161) a(20,14) d(324) d(25) a(442,274) r(421,139) d(429) d(381)
18; 4, 53; r(352,381) a(326,341) r(210,152) a(118,275)
19; 4, 53; r(146,323) a(413,226) a(214,384) d(193) a(403,368) a(360,251) r(210,425) a(200,31) a(381,226) a(156,181) d(421) d(213) r(468,448)
20; 4; r(352,381) a(326,341) a(360,251) r(210,425) a(200,31) a(381,226) a(156,181) d(421) d(213) r(468,448)
21; 53; r(146,323) a(413,226) a(214,384) d(193) a(403,368) r(210,152) a(118,275)
22; 55; a(462,274) r(416,162) a(239,120) a(358,361) a(214,384) a(276,441) r(323,330) d(430)
23; 56; r(168,415) a(287,343) r(210,159) r(212,146) a(381,434) r(115,355) a(350,236) r(238,284) d(215) a(201,168)
24; 11, 34; r(168,415) a(287,343) r(210,159) r(212,146) a(381,434) r(115,355) a(326,341) a(360,251) r(210,425) a(200,31) a(381,226)
25; 11, 34; r(352,381) a(326,341) a(360,251) r(210,159) r(212,146) a(381,434) r(115,355) a(350,236) r(238,284) d(412) r(400,31) r(393,396) d(324) a(224,1) a(225,281) r(396,455) a(326,202)
26; 11; r(168,415) a(287,343) r(210,159) r(212,146) a(381,434) r(115,355) a(326,341) a(360,251) r(210,425) a(200,31) a(381,226) r(393,396) d(324) a(224,1) a(225,281) r(396,455) a(326,202)
27; 34; r(352,381) a(326,341) a(360,251) r(210,159) r(212,146) a(381,434) r(115,355) a(350,236) r(238,284) d(412) r(400,31)
28; 36, 53; r(141,390) r(323,231) a(326,253) a(118,275)
29; 36, 53; r(146,323) a(413,226) a(214,384) d(193) a(403,368) r(210,152) d(214)
30; 36; r(141,390) r(323,231) a(326,253) d(214)
31; 53; r(146,323) a(413,226) a(214,384) d(193) a(403,368) r(210,152) a(118,275)
32; 56; r(168,415) a(287,343) r(210,159) r(212,146) a(381,434) r(115,355) a(350,236) r(238,284) d(215) a(201,168)
33; 22; d(238) r(232,133) d(462) d(120) d(431) r(278,361) a(210,350) d(470) r(414,276) r(394,31) d(471) r(208,384)
34; 33; r(14,214) a(371,273) a(367,417) d(161) a(20,14) d(324) a(224,1) a(225,281) d(411) a(406,275)
35; 62; r(141,390) a(287,343) d(120) a(367,417) r(250,441) a(176,167) r(443,393) r(131,202) a(423,419)
36; 52; r(168,415) a(287,343) r(210,159) r(212,146) a(381,434) r(115,355) a(350,236) r(238,284) d(215) a(214,136)
37; 12; r(146,323) a(413,226) d(161) a(20,14) d(324) a(224,1) a(225,281) r(396,455) d(347)
38; 43; r(141,390) a(287,343) d(120) d(431) r(278,361) r(2,434) a(181,156) d(332) d(197) r(454,467)
39; 40; r(14,214) a(371,273) a(367,417) d(197) d(385)
40; 41, 49; r(141,390) a(287,343) d(120) d(431) r(278,361) r(2,434) a(181,156) d(332) d(161) a(20,14) d(324) a(224,1) a(225,281) a(403,368) r(292,359) a(152,303) a(252,339) a(168,289) r(11,439) a(152,188)
41; 41, 49; r(146,323) d(193) d(411) r(367,275)
42; 41; r(141,390) a(287,343) d(120) d(431) r(278,361) r(2,434) a(181,156) d(332) d(161) a(20,14) d(324) a(224,1) a(225,281) d(411) r(367,275)
43; 49; r(146,323) d(193) a(403,368) r(292,359) a(152,303) a(252,339) a(168,289) r(11,439) a(152,188)
44; 13; r(168,415) a(287,343) r(210,159) r(212,146) a(381,434) r(115,355) a(326,341) a(360,251) r(210,425) a(200,31) a(381,226) r(393,396) r(197,357) d(297) d(471)
45; 30; r(168,415) a(287,343) r(210,159) r(212,146) a(381,434) r(115,355) a(350,236) d(245) d(411) a(299,275)
46; 32; r(168,415) a(287,343) r(210,159) r(212,146) a(381,434) r(115,355) a(350,236) d(245) r(192,467) a(229,467)
47; 27; r(146,323) a(413,226) a(214,384) d(193) a(403,368) r(210,152) a(326,475)
48; 38; r(141,390) a(287,343) d(120) d(431) r(278,361) r(2,434) a(181,156) d(332) d(197) r(333,236)
49; 61; r(14,214) a(287,343) d(120) a(367,417) r(250,441) a(176,167) r(443,393) r(131,202) a(142,233)
50; 62; r(141,390) a(287,343) d(120) a(367,417) r(250,441) a(176,167) r(443,393) r(131,202) a(423,419)
51; 6; a(462,274) r(416,162) a(239,120) a(358,361) r(212,207)
52; 35, 29; r(146,323) a(276,441) a(413,226) d(161) a(20,14) d(324) d(25) a(442,274) r(421,139) d(429) d(381)
53; 35, 29; r(146,323) a(444,381) d(152)
54; 35; r(146,323) a(276,441) a(444,381) d(152)
55; 29; r(146,323) a(413,226) d(161) a(20,14) d(324) d(25) a(442,274) r(421,139) d(429) d(381)
--------------------------------------------------------------------------------
Mutation

0; r(141,390) a(287,343) d(120) a(326,341) r(210,159) r(212,146) a(381,434) r(115,355) a(350,236) r(238,284) a(141,9) a(187,150) r(350,192)
1; r(352,381) d(431) r(278,361) r(2,434) a(181,156) d(332) d(197) r(333,236) r(349,229)
2; r(141,390) a(287,343) d(120) d(431) r(278,361) r(2,434) a(181,156) d(332) d(197) r(333,236) r(214,349)
3; r(352,381) a(326,341) r(210,159) r(212,146) a(381,434) r(115,355) a(350,236) r(238,284) a(141,9) a(187,150) r(333,374)
4; r(168,415) a(287,343) r(210,159) r(212,146) a(381,434) r(115,355) a(350,236) r(238,284) a(423,419) d(23)
5; r(141,390) a(287,343) d(120) a(367,417) r(250,441) a(176,167) r(443,393) r(131,202) r(413,462) r(461,471)
6; r(168,415) a(287,343) r(210,159) r(212,146) a(381,434) r(115,355) a(350,236) r(238,284) r(413,462) a(121,274)
7; r(141,390) a(287,343) d(120) a(367,417) r(250,441) a(176,167) r(443,393) r(131,202) a(423,419) d(123)
8; r(168,415) a(287,343) r(210,159) r(212,146) a(381,434) r(115,355) a(326,341) a(360,251) r(210,425) a(200,31) a(381,226) r(393,396) d(324) a(224,1) a(225,281) a(239,120) a(358,361) a(214,384) a(276,441) r(323,330) d(430) a(471,349)
9; a(462,274) r(416,162) r(396,455) a(326,202) r(247,323)
10; r(168,415) a(287,343) r(210,159) r(212,146) a(381,434) r(115,355) a(326,341) a(360,251) r(210,425) a(200,31) a(381,226) r(393,396) d(324) a(224,1) a(225,281) r(396,455) a(326,202) d(421)
11; a(462,274) r(416,162) a(239,120) a(358,361) a(214,384) a(276,441) r(323,330) d(430) r(412,419)
12; r(141,390) a(287,343) d(120) d(431) r(278,361) r(2,434) a(181,156) d(332) d(161) a(20,14) d(324) a(224,1) a(225,281) d(411) r(367,275) a(212,159)
13; r(352,381) a(326,341) a(360,251) r(232,133) r(323,231) a(326,253) r(298,252) d(398)
14; r(14,214) a(287,343) d(120) a(367,417) r(250,441) a(176,167) r(443,393) r(131,202) a(142,233) d(210)
15; r(146,323) a(413,226) d(161) a(20,14) d(324) a(224,1) a(225,281) r(396,455) d(347) a(1,446)
16; d(238) a(214,462) a(393,289) d(123) a(246,162) d(324) a(20,14) d(324) d(25) a(442,274) r(421,139) d(429) r(177,197) d(156)
17; r(146,323) a(413,226) d(161) a(20,14) d(324) d(25) a(442,274) r(421,139) d(429) d(381) r(460,202)
18; r(352,381) a(326,341) r(210,152) a(118,275) a(245,139)
19; r(146,323) a(413,226) a(214,384) d(193) a(403,368) a(360,251) r(210,425) a(200,31) a(381,226) a(156,181) d(421) d(213) r(468,448) r(242,238)
20; r(352,381) a(326,341) a(360,251) r(210,425) a(200,31) a(381,226) a(156,181) d(421) d(213) r(468,448) r(146,29)
21; r(146,323) a(413,226) a(214,384) d(193) a(403,368) r(210,152) a(118,275) a(385,368)
22; a(462,274) r(416,162) a(239,120) a(358,361) a(214,384) a(276,441) r(323,330) d(430) d(455)
23; r(168,415) a(287,343) r(210,159) r(212,146) a(381,434) r(115,355) a(350,236) r(238,284) d(215) a(201,168) d(242)
24; r(168,415) a(287,343) r(210,159) r(212,146) a(381,434) r(115,355) a(326,341) a(360,251) r(210,425) a(200,31) a(381,226) r(435,227)
25; r(352,381) a(326,341) a(360,251) r(210,159) r(212,146) a(381,434) r(115,355) a(350,236) r(238,284) d(412) r(400,31) r(393,396) d(324) a(224,1) a(225,281) r(396,455) a(326,202) r(326,238)
26; r(168,415) a(287,343) r(210,159) r(212,146) a(381,434) r(115,355) a(326,341) a(360,251) r(210,425) a(200,31) a(381,226) r(393,396) d(324) a(224,1) a(225,281) r(396,455) a(326,202) d(161)
27; r(352,381) a(326,341) a(360,251) r(210,159) r(212,146) a(381,434) r(115,355) a(350,236) r(238,284) d(412) r(400,31) r(250,331)
28; r(141,390) r(323,231) a(326,253) a(118,275) d(213)
29; r(146,323) a(413,226) a(214,384) d(193) a(403,368) r(210,152) d(214) d(362)
30; r(141,390) r(323,231) a(326,253) d(214) r(122,138)
31; r(146,323) a(413,226) a(214,384) d(193) a(403,368) r(210,152) a(118,275) r(207,228)
32; r(168,415) a(287,343) r(210,159) r(212,146) a(381,434) r(115,355) a(350,236) r(238,284) d(215) a(201,168) a(378,192)
33; d(238) r(232,133) d(462) d(120) d(431) r(278,361) a(210,350) d(470) r(414,276) r(394,31) d(471) r(208,384) r(213,147)
34; r(14,214) a(371,273) a(367,417) d(161) a(20,14) d(324) a(224,1) a(225,281) d(411) a(406,275) d(374)
35; r(141,390) a(287,343) d(120) a(367,417) r(250,441) a(176,167) r(443,393) r(131,202) a(423,419) d(22)
36; r(168,415) a(287,343) r(210,159) r(212,146) a(381,434) r(115,355) a(350,236) r(238,284) d(215) a(214,136) a(214,195)
37; r(146,323) a(413,226) d(161) a(20,14) d(324) a(224,1) a(225,281) r(396,455) d(347) d(326)
38; r(141,390) a(287,343) d(120) d(431) r(278,361) r(2,434) a(181,156) d(332) d(197) r(454,467) a(213,145)
39; r(14,214) a(371,273) a(367,417) d(197) d(385) a(376,376)
40; r(141,390) a(287,343) d(120) d(431) r(278,361) r(2,434) a(181,156) d(332) d(161) a(20,14) d(324) a(224,1) a(225,281) a(403,368) r(292,359) a(152,303) a(252,339) a(168,289) r(11,439) a(152,188) r(391,417)
41; r(146,323) d(193) d(411) r(367,275) a(251,447)
42; r(141,390) a(287,343) d(120) d(431) r(278,361) r(2,434) a(181,156) d(332) d(161) a(20,14) d(324) a(224,1) a(225,281) d(411) r(367,275) a(232,467)
43; r(146,323) d(193) a(403,368) r(292,359) a(152,303) a(252,339) a(168,289) r(11,439) a(152,188) a(325,226)
44; r(168,415) a(287,343) r(210,159) r(212,146) a(381,434) r(115,355) a(326,341) a(360,251) r(210,425) a(200,31) a(381,226) r(393,396) r(197,357) d(297) d(471) d(391)
45; r(168,415) a(287,343) r(210,159) r(212,146) a(381,434) r(115,355) a(350,236) d(245) d(411) a(299,275) a(228,413)
46; r(168,415) a(287,343) r(210,159) r(212,146) a(381,434) r(115,355) a(350,236) d(245) r(192,467) a(229,467) a(397,400)
47; r(146,323) a(413,226) a(214,384) d(193) a(403,368) r(210,152) a(326,475) r(257,233)
48; r(141,390) a(287,343) d(120) d(431) r(278,361) r(2,434) a(181,156) d(332) d(197) r(333,236) a(229,281)
49; r(14,214) a(287,343) d(120) a(367,417) r(250,441) a(176,167) r(443,393) r(131,202) a(142,233) d(239)
50; r(141,390) a(287,343) d(120) a(367,417) r(250,441) a(176,167) r(443,393) r(131,202) a(423,419) d(213)
51; a(462,274) r(416,162) a(239,120) a(358,361) r(212,207) a(228,349)
52; r(146,323) a(276,441) a(413,226) d(161) a(20,14) d(324) d(25) a(442,274) r(421,139) d(429) d(381) d(212)
53; r(146,323) a(444,381) d(152) d(241)
54; r(146,323) a(276,441) a(444,381) d(152) d(200)
55; r(146,323) a(413,226) d(161) a(20,14) d(324) d(25) a(442,274) r(421,139) d(429) d(381) a(168,337)
--------------------------------------------------------------------------------
Evaluation

0; 0.
1; 0.
2; 0.
3; 0.
4; 0.
5; 0.
6; 0.
7; 0.
8; 0.
9; 0.
10; 0.
11; 0.
12; 0.
13; 0.
14; 0.
15; 10.
16; 0.
17; 0.
18; 0.
19; 0.
20; 0.
21; 0.
22; 0.
23; 0.
24; 0.
25; 0.
26; 0.
27; 0.
28; 0.
29; 0.
30; 0.
31; 0.
32; 0.
33; 0.
34; 0.
35; 0.
36; 0.
37; 0.
38; 0.
39; 0.
40; 0.
41; 0.
42; 0.
43; 0.
44; 0.
45; 0.
46; 0.
47; 0.
48; 0.
49; 0.
50; 0.
51; 0.
52; 0.
53; 0.
54; 0.
55; 0.
