================================================================================
Enclosure

1: 0
2: 0
3: 0
4: 3
5: 4
6: 4
7: 4
8: 4
9: 3
10: 0
11: 0
12: 11
13: 11
14: 0
15: 0
16: 15
17: 15
18: 15
19: 15
20: 0
21: 0
22: 0
23: 0
24: 0
25: 0
26: 0
28: 26
29: 0
31: 29
32: 0
33: 0
34: 0
35: 0
37: 35
38: 0
39: 0
40: 39
41: 40
43: 39
45: 43
46: 39
47: 0
48: 0
50: 48
52: 50
53: 0
54: 0
56: 0
58: 56
59: 0
60: 0
61: 0
62: 0
64: 0
65: 0
67: 0
68: 0
69: 0
70: 0
71: 0
72: 71
73: 72
75: 71
76: 71
77: 71
78: 0
79: 78
80: 78
81: 78
82: 78
83: 82
84: 83
86: 82
87: 82
88: 82
89: 78
90: 0
91: 0
92: 0
93: 92
94: 93
95: 93
96: 92
97: 96
98: 96
99: 96
100: 92
101: 100
102: 100
103: 92
104: 92
105: 0
106: 105
107: 105
108: 0
109: 0
110: 0
111: 0
112: 111
113: 112
115: 111
116: 111
117: 0
118: 0
119: 118
120: 118
121: 0
122: 0
123: 0
124: 0
126: 0
127: 126
128: 126
129: 126
130: 126
131: 126
132: 126
133: 126
134: 0
135: 134
136: 134
137: 0
138: 137
139: 137
141: 0
142: 0
143: 0
145: 0
146: 0
147: 0
148: 0
149: 148
150: 149
151: 149
152: 149
153: 152
154: 153
156: 152
157: 152
158: 149
159: 149
160: 149
161: 160
162: 161
164: 160
165: 160
166: 148
167: 166
168: 167
170: 167
171: 166
172: 148
173: 148
174: 0
175: 0
176: 175
177: 175
178: 177
180: 175
181: 175
182: 181
183: 181
184: 181
185: 184
187: 181
188: 181
189: 181
190: 189
192: 189
193: 175
194: 193
195: 193
197: 193
198: 175
199: 0
200: 0
201: 200
202: 201
204: 200
205: 0
206: 205
207: 205
208: 207
210: 207
211: 205
212: 0
213: 0
214: 0
215: 0
216: 0
217: 0
218: 217
219: 217
220: 217
221: 220
223: 217
224: 217
225: 217
226: 225
227: 225
228: 0
229: 0
230: 0
231: 0
232: 231
233: 232
235: 231
236: 231
237: 231
238: 231
239: 231
240: 231
241: 231
242: 231
243: 231
244: 231
245: 231
246: 231
247: 231
248: 231
249: 231
250: 231
251: 231
252: 231
253: 0
254: 0
255: 0
256: 0
257: 0
258: 257
259: 258
260: 258
261: 258
262: 258
263: 262
264: 263
266: 262
268: 266
269: 262
270: 262
271: 262
272: 258
273: 257
274: 257
275: 257
276: 257
277: 0
278: 277
279: 278
280: 279
281: 280
284: 278
286: 277
287: 0
289: 287
290: 0
291: 0
292: 291
293: 292
294: 293
297: 291
298: 291
299: 291
300: 291
301: 291
303: 301
304: 291
305: 304
306: 304
307: 304
308: 304
309: 304
311: 309
312: 304
313: 304
314: 304
315: 304
316: 315
317: 316
319: 315
320: 315
321: 304
323: 304
324: 0
325: 0
326: 0
327: 0
328: 0
330: 328
331: 0
332: 0
333: 0
334: 0
335: 0
337: 335
338: 0
339: 0
340: 339
341: 340
343: 339
344: 339
346: 344
347: 346
349: 347
350: 346
351: 339
352: 351
353: 352
355: 353
356: 352
357: 352
358: 351
359: 339
360: 0
361: 360
362: 360
364: 0
365: 0
367: 0
368: 0
369: 0
370: 369
371: 369
372: 371
373: 371
374: 373
376: 0
377: 376
378: 377
379: 377
380: 379
381: 379
382: 377
384: 377
385: 376
386: 0
387: 386
388: 386
390: 386
391: 0
392: 391
393: 391
394: 0
396: 394
397: 396
398: 396
399: 398
400: 398
401: 396
402: 396
403: 396
404: 403
405: 404
406: 405
409: 403
410: 403
411: 396
412: 411
413: 411
414: 396
415: 396
416: 0
417: 0
418: 0
419: 418
420: 418
421: 0
422: 421
423: 421
424: 421
425: 424
427: 421
428: 0
429: 428
430: 428
431: 0
432: 431
433: 431
434: 431
435: 0
436: 0
437: 0
438: 0
439: 438
440: 438
441: 438
442: 0
443: 0
444: 443
445: 444
446: 444
447: 444
448: 443
449: 443
450: 0
451: 0
452: 0
453: 0
454: 453
455: 454
457: 453
458: 453
459: 453
460: 0
461: 460
462: 460
463: 0
464: 0
465: 0
466: 465
467: 465
468: 0
469: 0
470: 469
471: 469
472: 0
473: 0
474: 473
475: 473
477: 0
478: 0
479: 0
================================================================================
Initialisation

0; d(154); 5.
1; d(136); 5.
2; r(424,113); 0.
3; a(212,289); 5.
4; a(143,281); 5.
5; r(340,446); 10.
6; d(428); 3.
7; d(239); 0.
8; r(449,274); 0.
9; a(162,113); 5.
10; d(360); 5.
11; a(121,393); 5.
12; r(210,185); 5.
13; a(171,28); 5.
14; d(463); 0.
15; a(221,224); 0.
16; d(429); 5.
17; a(3,330); 5.
18; a(284,280); 5.
19; d(252); 0.
20; a(279,303); 5.
21; d(239); 0.
22; r(200,337); 0.
23; d(159); 5.
24; r(111,281); 0.
25; a(210,192); 5.
26; d(146); 0.
27; d(442); 0.
28; d(335); 5.
29; r(3,449); 5.
30; a(121,132); 0.
31; r(2,447); 5.
32; d(147); 0.
33; d(212); 5.
34; r(141,134); 0.
35; d(289); 5.
36; r(184,197); 1.
37; r(328,245); 5.
38; a(112,29); 0.
39; original; 5.
================================================================================
Generation 1

--------------------------------------------------------------------------------
Selection

0; 29
1; 24
2; 36
3; 27
4; 39
5; 32
6; 26
7; 10
8; 38
9; 7
10; 24
11; 17
12; 13
13; 32
14; 8
15; 27
16; 19
17; 19
18; 38
19; 22
20; 32
21; 32
22; 0
23; 34
24; 27
25; 28
26; 19
27; 21
28; 7
29; 6
30; 32
31; 11
32; 31
33; 6
34; 26
35; 24
36; 26
37; 24
38; 20
39; 21
--------------------------------------------------------------------------------
Crossover

0; 19, 6; d(252)
1; 19, 6; d(428)
2; 19; d(252)
3; 6; d(428)
4; 27; d(442)
5; 19; d(252)
6; 27, 26; d(442)
7; 27, 26; d(146)
8; 27; d(442)
9; 26; d(146)
10; 32, 27; d(147)
11; 32, 27; d(442)
12; 32; d(147)
13; 27; d(442)
14; 26, 20; d(146)
15; 26, 20; a(279,303)
16; 26; d(146)
17; 20; a(279,303)
18; 11; a(121,393)
19; 10; d(360)
20; 28, 24; d(335)
21; 28, 24; r(111,281)
22; 28; d(335)
23; 24; r(111,281)
24; 32, 7; d(147)
25; 32, 7; d(239)
26; 32; d(147)
27; 7; d(239)
28; 7; d(239)
29; 22; r(200,337)
30; 31, 39; r(2,447)
31; 31, 39; original
32; 31; r(2,447)
33; 39; original
34; 21, 38; d(239)
35; 21, 38; a(112,29)
36; 21; d(239)
37; 38; a(112,29)
38; 29, 8; r(3,449)
39; 29, 8; r(449,274)
40; 29; r(3,449)
41; 8; r(449,274)
42; 26, 34; d(146)
43; 26, 34; r(141,134)
44; 26; d(146)
45; 34; r(141,134)
46; 32, 21; d(147)
47; 32, 21; d(239)
48; 32; d(147)
49; 21; d(239)
50; 17, 24; a(3,330)
51; 17, 24; r(111,281)
52; 17; a(3,330)
53; 24; r(111,281)
54; 32; d(147)
55; 0; d(154)
56; 13, 36; a(171,28)
57; 13, 36; r(184,197)
58; 13; a(171,28)
59; 36; r(184,197)
60; 32; d(147)
61; 24; r(111,281)
62; 19, 6; d(252)
63; 19, 6; d(428)
64; 19; d(252)
65; 6; d(428)
66; 24; r(111,281)
67; 38; a(112,29)
--------------------------------------------------------------------------------
Mutation

0; d(252) d(213)
1; d(428) d(205)
2; d(252) r(390,448)
3; d(428) r(273,1)
4; d(442) d(201)
5; d(252) a(242,393)
6; d(442) a(447,442)
7; d(146) a(2,275)
8; d(442) r(373,22)
9; d(146) r(193,323)
10; d(147) a(377,370)
11; d(442) r(213,29)
12; d(147) a(231,425)
13; d(442) a(210,449)
14; d(146) d(128)
15; a(279,303) d(419)
16; d(146) d(23)
17; a(279,303) a(115,374)
18; a(121,393) r(119,413)
19; d(360) d(325)
20; d(335) r(441,374)
21; r(111,281) d(138)
22; d(335) a(215,425)
23; r(111,281) a(434,286)
24; d(147) d(351)
25; d(239) r(124,133)
26; d(147) d(212)
27; d(239) r(460,471)
28; d(239) r(405,273)
29; r(200,337) r(2,178)
30; r(2,447) r(175,212)
31; r(438,281)
32; r(2,447) a(272,361)
33; r(127,350)
34; d(239) d(355)
35; a(112,29) d(152)
36; d(239) d(357)
37; a(112,29) d(162)
38; r(3,449) d(120)
39; r(449,274) d(243)
40; r(3,449) a(145,323)
41; r(449,274) a(240,287)
42; d(146) r(335,441)
43; r(141,134) a(420,233)
44; d(146) r(355,29)
45; r(141,134) d(166)
46; d(147) a(213,180)
47; d(239) d(159)
48; d(147) r(133,110)
49; d(239) d(223)
50; a(3,330) d(386)
51; r(111,281) r(184,13)
52; a(3,330) a(182,198)
53; r(111,281) d(167)
54; d(147) a(198,400)
55; d(154) r(187,113)
56; a(171,28) a(177,393)
57; r(184,197) d(357)
58; a(171,28) d(475)
59; r(184,197) r(304,172)
60; d(147) r(460,385)
61; r(111,281) a(213,52)
62; d(252) r(130,128)
63; d(428) r(180,445)
64; d(252) d(433)
65; d(428) r(231,29)
66; r(111,281) a(463,415)
67; a(112,29) r(438,355)
--------------------------------------------------------------------------------
Evaluation

0; 0.
1; 0.
2; 0.
3; 3.
4; 0.
5; 0.
6; 0.
7; 0.
8; 0.
9; 0.
10; 0.
11; 0.
12; 0.
13; 0.
14; 0.
15; 0.
16; 0.
17; 5.
18; 0.
19; 0.
20; 5.
21; 0.
22; 5.
23; 0.
24; 0.
25; 0.
26; 0.
27; 0.
28; 0.
29; 0.
30; 0.
31; 0.
32; 5.
33; 0.
34; 0.
35; 0.
36; 0.
37; 0.
38; 5.
39; 0.
40; 5.
41; 0.
42; 0.
43; 0.
44; 0.
45; 0.
46; 0.
47; 0.
48; 0.
49; 0.
50; 0.
51; 0.
52; 0.
53; 0.
54; 0.
55; 0.
56; 5.
57; 1.
58; 5.
59; 0.
60; 0.
61; 0.
62; 0.
63; 0.
64; 0.
65; 0.
66; 0.
67; 0.
================================================================================
Generation 2

--------------------------------------------------------------------------------
Selection

0; 33
1; 12
2; 24
3; 24
4; 67
5; 33
6; 52
7; 45
8; 34
9; 66
10; 51
11; 34
12; 18
13; 10
14; 11
15; 15
16; 25
17; 51
18; 24
19; 29
20; 18
21; 4
22; 36
23; 44
24; 41
25; 12
26; 64
27; 30
28; 9
29; 65
30; 41
31; 26
32; 16
33; 51
34; 0
35; 52
36; 25
37; 41
38; 12
39; 6
--------------------------------------------------------------------------------
Crossover

0; 0; d(252) d(213)
1; 12; d(147) a(231,425)
2; 10, 11; d(147)
3; 10, 11; d(442) r(213,29) a(377,370)
4; 10; d(147) a(377,370)
5; 11; d(442) r(213,29)
6; 15, 25; a(279,303) r(124,133)
7; 15, 25; d(239) d(419)
8; 15; a(279,303) d(419)
9; 25; d(239) r(124,133)
10; 16, 34; d(146) d(23)
11; 16, 34; d(239) d(355)
12; 16; d(146) d(23)
13; 34; d(239) d(355)
14; 24; d(147) d(351)
15; 41; r(449,274) a(240,287)
16; 44, 18; d(146)
17; 44, 18; a(121,393) r(119,413) r(355,29)
18; 44; d(146) r(355,29)
19; 18; a(121,393) r(119,413)
20; 51; r(111,281) r(184,13)
21; 65; d(428) r(231,29)
22; 52; a(3,330) a(182,198)
23; 30; r(2,447) r(175,212)
24; 34, 41; d(239)
25; 34, 41; r(449,274) a(240,287) d(355)
26; 34; d(239) d(355)
27; 41; r(449,274) a(240,287)
28; 36; d(239) d(357)
29; 4; d(442) d(201)
30; 26; d(147) d(212)
31; 24; d(147) d(351)
32; 52, 51; a(3,330)
33; 52, 51; r(111,281) r(184,13) a(182,198)
34; 52; a(3,330) a(182,198)
35; 51; r(111,281) r(184,13)
36; 45; r(141,134) d(166)
37; 33; r(127,350)
38; 66, 51; r(111,281) a(463,415) r(184,13)
39; 66, 51; r(111,281)
40; 66; r(111,281) a(463,415)
41; 51; r(111,281) r(184,13)
42; 29, 12; r(200,337) r(2,178) a(231,425)
43; 29, 12; d(147)
44; 29; r(200,337) r(2,178)
45; 12; d(147) a(231,425)
46; 67, 18; a(112,29) r(438,355)
47; 67, 18; a(121,393) r(119,413)
48; 67; a(112,29) r(438,355)
49; 18; a(121,393) r(119,413)
50; 24; d(147) d(351)
51; 25; d(239) r(124,133)
52; 6, 33; d(442) a(447,442)
53; 6, 33; r(127,350)
54; 6; d(442) a(447,442)
55; 33; r(127,350)
56; 41, 64; r(449,274) a(240,287)
57; 41, 64; d(252) d(433)
58; 41; r(449,274) a(240,287)
59; 64; d(252) d(433)
60; 9, 12; d(146) r(193,323)
61; 9, 12; d(147) a(231,425)
62; 9; d(146) r(193,323)
63; 12; d(147) a(231,425)
--------------------------------------------------------------------------------
Mutation

0; d(252) d(213) r(449,171)
1; d(147) a(231,425) a(214,447)
2; d(147) r(400,398)
3; d(442) r(213,29) a(377,370) d(148)
4; d(147) a(377,370) r(214,180)
5; d(442) r(213,29) a(293,255)
6; a(279,303) r(124,133) d(386)
7; d(239) d(419) r(464,400)
8; a(279,303) d(419) d(367)
9; d(239) r(124,133) a(214,303)
10; d(146) d(23) a(356,425)
11; d(239) d(355) a(121,341)
12; d(146) d(23) d(215)
13; d(239) d(355) r(214,176)
14; d(147) d(351) r(213,210)
15; r(449,274) a(240,287) d(330)
16; d(146) r(470,29)
17; a(121,393) r(119,413) r(355,29) d(273)
18; d(146) r(355,29) r(204,350)
19; a(121,393) r(119,413) a(286,255)
20; r(111,281) r(184,13) r(132,143)
21; d(428) r(231,29) a(398,20)
22; a(3,330) a(182,198) r(146,120)
23; r(2,447) r(175,212) r(434,393)
24; d(239) a(464,355)
25; r(449,274) a(240,287) d(355) d(393)
26; d(239) d(355) d(245)
27; r(449,274) a(240,287) a(217,113)
28; d(239) d(357) r(133,21)
29; d(442) d(201) r(280,300)
30; d(147) d(212) r(441,415)
31; d(147) d(351) d(214)
32; a(3,330) a(113,420)
33; r(111,281) r(184,13) a(182,198) r(121,439)
34; a(3,330) a(182,198) r(248,390)
35; r(111,281) r(184,13) r(299,28)
36; r(141,134) d(166) d(248)
37; r(127,350) r(200,385)
38; r(111,281) a(463,415) r(184,13) r(120,13)
39; r(111,281) r(292,293)
40; r(111,281) a(463,415) r(241,362)
41; r(111,281) r(184,13) d(327)
42; r(200,337) r(2,178) a(231,425) a(227,13)
43; d(147) r(386,462)
44; r(200,337) r(2,178) r(291,221)
45; d(147) a(231,425) r(184,189)
46; a(112,29) r(438,355) r(152,194)
47; a(121,393) r(119,413) d(248)
48; a(112,29) r(438,355) a(468,323)
49; a(121,393) r(119,413) r(377,386)
50; d(147) d(351) a(127,128)
51; d(239) r(124,133) d(286)
52; d(442) a(447,442) r(138,374)
53; r(127,350) a(214,154)
54; d(442) a(447,442) d(110)
55; r(127,350) d(214)
56; r(449,274) a(240,287) d(154)
57; d(252) d(433) d(370)
58; r(449,274) a(240,287) d(326)
59; d(252) d(433) d(243)
60; d(146) r(193,323) a(210,467)
61; d(147) a(231,425) a(399,357)
62; d(146) r(193,323) r(292,420)
63; d(147) a(231,425) r(13,323)
--------------------------------------------------------------------------------
Evaluation

0; 0.
1; 0.
2; 0.
3; 0.
4; 0.
5; 0.
6; 0.
7; 0.
8; 0.
9; 0.
10; 0.
11; 0.
12; 0.
13; 0.
14; 0.
15; 0.
16; 0.
17; 0.
18; 0.
19; 0.
20; 0.
21; 0.
22; 0.
23; 0.
24; 0.
25; 0.
26; 0.
27; 0.
28; 0.
29; 0.
30; 0.
31; 0.
32; 5.
33; 0.
34; 0.
35; 0.
36; 0.
37; 0.
38; 0.
39; 0.
40; 0.
41; 0.
42; 0.
43; 0.
44; 0.
45; 0.
46; 0.
47; 0.
48; 0.
49; 0.
50; 0.
51; 0.
52; 0.
53; 0.
54; 0.
55; 0.
56; 0.
57; 0.
58; 0.
59; 0.
60; 0.
61; 0.
62; 0.
63; 0.
================================================================================
Generation 3

--------------------------------------------------------------------------------
Selection

0; 61
1; 59
2; 15
3; 0
4; 8
5; 31
6; 42
7; 59
8; 58
9; 52
10; 23
11; 48
12; 49
13; 13
14; 33
15; 27
16; 21
17; 21
18; 7
19; 55
20; 26
21; 16
22; 0
23; 57
24; 5
25; 25
26; 13
27; 20
28; 12
29; 2
30; 33
31; 37
32; 28
33; 31
34; 27
35; 56
36; 56
37; 57
38; 60
39; 43
--------------------------------------------------------------------------------
Crossover

0; 13; d(239) d(355) r(214,176)
1; 21; d(428) r(231,29) a(398,20)
2; 60, 59; d(146)
3; 60, 59; d(252) d(433) d(243) r(193,323) a(210,467)
4; 60; d(146) r(193,323) a(210,467)
5; 59; d(252) d(433) d(243)
6; 2, 56; d(147) r(400,398) d(154)
7; 2, 56; r(449,274) a(240,287)
8; 2; d(147) r(400,398)
9; 56; r(449,274) a(240,287) d(154)
10; 52; d(442) a(447,442) r(138,374)
11; 0; d(252) d(213) r(449,171)
12; 16; d(146) r(470,29)
13; 55; r(127,350) d(214)
14; 57, 57; d(252) d(433)
15; 57, 57; d(252) d(433) d(370) d(370)
16; 57; d(252) d(433) d(370)
17; 57; d(252) d(433) d(370)
18; 37, 21; r(127,350) r(200,385)
19; 37, 21; d(428) r(231,29) a(398,20)
20; 37; r(127,350) r(200,385)
21; 21; d(428) r(231,29) a(398,20)
22; 59; d(252) d(433) d(243)
23; 12; d(146) d(23) d(215)
24; 8; a(279,303) d(419) d(367)
25; 58; r(449,274) a(240,287) d(326)
26; 28, 42; d(239) d(357) r(133,21) a(227,13)
27; 28, 42; r(200,337) r(2,178) a(231,425)
28; 28; d(239) d(357) r(133,21)
29; 42; r(200,337) r(2,178) a(231,425) a(227,13)
30; 5, 26; d(442)
31; 5, 26; d(239) d(355) d(245) r(213,29) a(293,255)
32; 5; d(442) r(213,29) a(293,255)
33; 26; d(239) d(355) d(245)
34; 0, 49; d(252) d(213)
35; 0, 49; a(121,393) r(119,413) r(377,386) r(449,171)
36; 0; d(252) d(213) r(449,171)
37; 49; a(121,393) r(119,413) r(377,386)
38; 61; d(147) a(231,425) a(399,357)
39; 23; r(2,447) r(175,212) r(434,393)
40; 33, 33; r(111,281)
41; 33, 33; r(111,281) r(184,13) a(182,198) r(121,439) r(184,13) a(182,198) r(121,439)
42; 33; r(111,281) r(184,13) a(182,198) r(121,439)
43; 33; r(111,281) r(184,13) a(182,198) r(121,439)
44; 20, 56; r(111,281) r(184,13) r(132,143) a(240,287) d(154)
45; 20, 56; r(449,274)
46; 20; r(111,281) r(184,13) r(132,143)
47; 56; r(449,274) a(240,287) d(154)
48; 7; d(239) d(419) r(464,400)
49; 48; a(112,29) r(438,355) a(468,323)
50; 31, 27; d(147) a(240,287) a(217,113)
51; 31, 27; r(449,274) d(351) d(214)
52; 31; d(147) d(351) d(214)
53; 27; r(449,274) a(240,287) a(217,113)
54; 13, 25; d(239) d(355) a(240,287) d(355) d(393)
55; 13, 25; r(449,274) r(214,176)
56; 13; d(239) d(355) r(214,176)
57; 25; r(449,274) a(240,287) d(355) d(393)
58; 43, 27; d(147) a(217,113)
59; 43, 27; r(449,274) a(240,287) r(386,462)
60; 43; d(147) r(386,462)
61; 27; r(449,274) a(240,287) a(217,113)
62; 15, 31; r(449,274)
63; 15, 31; d(147) d(351) d(214) a(240,287) d(330)
64; 15; r(449,274) a(240,287) d(330)
65; 31; d(147) d(351) d(214)
--------------------------------------------------------------------------------
Mutation

0; d(239) d(355) r(214,176) a(241,154)
1; d(428) r(231,29) a(398,20) d(416)
2; d(146) d(473)
3; d(252) d(433) d(243) r(193,323) a(210,467) a(458,178)
4; d(146) r(193,323) a(210,467) a(254,254)
5; d(252) d(433) d(243) r(139,434)
6; d(147) r(400,398) d(154) a(204,434)
7; r(449,274) a(240,287) a(472,455)
8; d(147) r(400,398) r(188,323)
9; r(449,274) a(240,287) d(154) r(187,136)
10; d(442) a(447,442) r(138,374) d(232)
11; d(252) d(213) r(449,171) a(205,151)
12; d(146) r(470,29) a(19,35)
13; r(127,350) d(214) a(333,325)
14; d(252) d(433) a(124,131)
15; d(252) d(433) d(370) d(370) r(158,2)
16; d(252) d(433) d(370) a(148,213)
17; d(252) d(433) d(370) a(123,286)
18; r(127,350) r(200,385) d(120)
19; d(428) r(231,29) a(398,20) r(258,245)
20; r(127,350) r(200,385) r(1,281)
21; d(428) r(231,29) a(398,20) a(129,22)
22; d(252) d(433) d(243) d(347)
23; d(146) d(23) d(215) d(275)
24; a(279,303) d(419) d(367) r(172,227)
25; r(449,274) a(240,287) d(326) a(220,323)
26; d(239) d(357) r(133,21) a(227,13) a(118,9)
27; r(200,337) r(2,178) a(231,425) d(142)
28; d(239) d(357) r(133,21) a(201,22)
29; r(200,337) r(2,178) a(231,425) a(227,13) a(142,406)
30; d(442) d(439)
31; d(239) d(355) d(245) r(213,29) a(293,255) a(257,351)
32; d(442) r(213,29) a(293,255) d(249)
33; d(239) d(355) d(245) d(370)
34; d(252) d(213) a(173,393)
35; a(121,393) r(119,413) r(377,386) r(449,171) d(200)
36; d(252) d(213) r(449,171) r(25,413)
37; a(121,393) r(119,413) r(377,386) a(210,272)
38; d(147) a(231,425) a(399,357) r(442,28)
39; r(2,447) r(175,212) r(434,393) r(238,113)
40; r(111,281) d(117)
41; r(111,281) r(184,13) a(182,198) r(121,439) r(184,13) a(182,198) r(121,439) r(255,19)
42; r(111,281) r(184,13) a(182,198) r(121,439) r(377,13)
43; r(111,281) r(184,13) a(182,198) r(121,439) r(273,286)
44; r(111,281) r(184,13) r(132,143) a(240,287) d(154) a(299,258)
45; r(449,274) d(376)
46; r(111,281) r(184,13) r(132,143) a(177,133)
47; r(449,274) a(240,287) d(154) d(210)
48; d(239) d(419) r(464,400) a(135,233)
49; a(112,29) r(438,355) a(468,323) d(385)
50; d(147) a(240,287) a(217,113) d(212)
51; r(449,274) d(351) d(214) a(131,113)
52; d(147) d(351) d(214) d(402)
53; r(449,274) a(240,287) a(217,113) r(356,335)
54; d(239) d(355) a(240,287) d(355) d(393) d(350)
55; r(449,274) r(214,176) r(115,467)
56; d(239) d(355) r(214,176) a(255,448)
57; r(449,274) a(240,287) d(355) d(393) r(147,195)
58; d(147) a(217,113) d(20)
59; r(449,274) a(240,287) r(386,462) d(466)
60; d(147) r(386,462) r(277,381)
61; r(449,274) a(240,287) a(217,113) a(253,246)
62; r(449,274) a(213,208)
63; d(147) d(351) d(214) a(240,287) d(330) d(221)
64; r(449,274) a(240,287) d(330) d(463)
65; d(147) d(351) d(214) a(304,299)
--------------------------------------------------------------------------------
Evaluation

0; 0.
1; 0.
2; 0.
3; 0.
4; 0.
5; 0.
6; 0.
7; 0.
8; 0.
9; 0.
10; 0.
11; 0.
12; 0.
13; 0.
14; 0.
15; 0.
16; 0.
17; 0.
18; 0.
19; 0.
20; 0.
21; 0.
22; 0.
23; 0.
24; 0.
25; 0.
26; 0.
27; 10.
28; 0.
29; 0.
30; 0.
31; 0.
32; 0.
33; 0.
34; 0.
35; 0.
36; 0.
37; 0.
38; 0.
39; 0.
40; 0.
41; 0.
42; 0.
43; 0.
44; 0.
45; 0.
46; 0.
47; 0.
48; 0.
49; 0.
50; 0.
51; 0.
52; 0.
53; 0.
54; 0.
55; 0.
56; 0.
57; 0.
58; 0.
59; 0.
60; 0.
61; 0.
62; 0.
63; 0.
64; 0.
65; 0.
================================================================================
Generation 4

--------------------------------------------------------------------------------
Selection

0; 16
1; 54
2; 45
3; 1
4; 20
5; 23
6; 26
7; 38
8; 4
9; 19
10; 8
11; 25
12; 48
13; 45
14; 48
15; 43
16; 9
17; 34
18; 32
19; 46
20; 11
21; 22
22; 14
23; 61
24; 62
25; 26
26; 12
27; 60
28; 10
29; 45
30; 9
31; 22
32; 32
33; 61
34; 21
35; 62
36; 5
37; 48
38; 58
39; 45
--------------------------------------------------------------------------------
Crossover

0; 5, 16; d(252) d(433) d(243) r(139,434) a(148,213)
1; 5, 16; d(252) d(433) d(370)
2; 5; d(252) d(433) d(243) r(139,434)
3; 16; d(252) d(433) d(370) a(148,213)
4; 43; r(111,281) r(184,13) a(182,198) r(121,439) r(273,286)
5; 54; d(239) d(355) a(240,287) d(355) d(393) d(350)
6; 19, 26; d(428) r(231,29)
7; 19, 26; d(239) d(357) r(133,21) a(227,13) a(118,9) a(398,20) r(258,245)
8; 19; d(428) r(231,29) a(398,20) r(258,245)
9; 26; d(239) d(357) r(133,21) a(227,13) a(118,9)
10; 1, 9; d(428) r(231,29) a(398,20) d(416) d(154) r(187,136)
11; 1, 9; r(449,274) a(240,287)
12; 1; d(428) r(231,29) a(398,20) d(416)
13; 9; r(449,274) a(240,287) d(154) r(187,136)
14; 62; r(449,274) a(213,208)
15; 22; d(252) d(433) d(243) d(347)
16; 61; r(449,274) a(240,287) a(217,113) a(253,246)
17; 61; r(449,274) a(240,287) a(217,113) a(253,246)
18; 48, 22; d(239) d(419) r(464,400) a(135,233) d(243) d(347)
19; 48, 22; d(252) d(433)
20; 48; d(239) d(419) r(464,400) a(135,233)
21; 22; d(252) d(433) d(243) d(347)
22; 45, 20; r(449,274) d(376)
23; 45, 20; r(127,350) r(200,385) r(1,281)
24; 45; r(449,274) d(376)
25; 20; r(127,350) r(200,385) r(1,281)
26; 32; d(442) r(213,29) a(293,255) d(249)
27; 48; d(239) d(419) r(464,400) a(135,233)
28; 45; r(449,274) d(376)
29; 10; d(442) a(447,442) r(138,374) d(232)
30; 34; d(252) d(213) a(173,393)
31; 26; d(239) d(357) r(133,21) a(227,13) a(118,9)
32; 25; r(449,274) a(240,287) d(326) a(220,323)
33; 62; r(449,274) a(213,208)
34; 14, 12; d(252) d(433) a(124,131) r(470,29) a(19,35)
35; 14, 12; d(146)
36; 14; d(252) d(433) a(124,131)
37; 12; d(146) r(470,29) a(19,35)
38; 60, 4; d(147) a(254,254)
39; 60, 4; d(146) r(193,323) a(210,467) r(386,462) r(277,381)
40; 60; d(147) r(386,462) r(277,381)
41; 4; d(146) r(193,323) a(210,467) a(254,254)
42; 46; r(111,281) r(184,13) r(132,143) a(177,133)
43; 23; d(146) d(23) d(215) d(275)
44; 11, 45; d(252)
45; 11, 45; r(449,274) d(376) d(213) r(449,171) a(205,151)
46; 11; d(252) d(213) r(449,171) a(205,151)
47; 45; r(449,274) d(376)
48; 58; d(147) a(217,113) d(20)
49; 21; d(428) r(231,29) a(398,20) a(129,22)
50; 45; r(449,274) d(376)
51; 38; d(147) a(231,425) a(399,357) r(442,28)
52; 8, 9; d(147) r(400,398) r(187,136)
53; 8, 9; r(449,274) a(240,287) d(154) r(188,323)
54; 8; d(147) r(400,398) r(188,323)
55; 9; r(449,274) a(240,287) d(154) r(187,136)
56; 32; d(442) r(213,29) a(293,255) d(249)
57; 48; d(239) d(419) r(464,400) a(135,233)
--------------------------------------------------------------------------------
Mutation

0; d(252) d(433) d(243) r(139,434) a(148,213) d(192)
1; d(252) d(433) d(370) d(236)
2; d(252) d(433) d(243) r(139,434) d(242)
3; d(252) d(433) d(370) a(148,213) d(332)
4; r(111,281) r(184,13) a(182,198) r(121,439) r(273,286) r(22,37)
5; d(239) d(355) a(240,287) d(355) d(393) d(350) a(214,341)
6; d(428) r(231,29) r(334,253)
7; d(239) d(357) r(133,21) a(227,13) a(118,9) a(398,20) r(258,245) r(279,352)
8; d(428) r(231,29) a(398,20) r(258,245) d(394)
9; d(239) d(357) r(133,21) a(227,13) a(118,9) a(192,272)
10; d(428) r(231,29) a(398,20) d(416) d(154) r(187,136) a(9,48)
11; r(449,274) a(240,287) r(23,381)
12; d(428) r(231,29) a(398,20) d(416) a(230,446)
13; r(449,274) a(240,287) d(154) r(187,136) d(251)
14; r(449,274) a(213,208) d(378)
15; d(252) d(433) d(243) d(347) d(328)
16; r(449,274) a(240,287) a(217,113) a(253,246) a(214,146)
17; r(449,274) a(240,287) a(217,113) a(253,246) r(343,247)
18; d(239) d(419) r(464,400) a(135,233) d(243) d(347) a(420,276)
19; d(252) d(433) d(409)
20; d(239) d(419) r(464,400) a(135,233) d(258)
21; d(252) d(433) d(243) d(347) r(1,214)
22; r(449,274) d(376) d(111)
23; r(127,350) r(200,385) r(1,281) a(323,1)
24; r(449,274) d(376) d(471)
25; r(127,350) r(200,385) r(1,281) r(434,136)
26; d(442) r(213,29) a(293,255) d(249) d(462)
27; d(239) d(419) r(464,400) a(135,233) a(212,180)
28; r(449,274) d(376) d(123)
29; d(442) a(447,442) r(138,374) d(232) r(214,337)
30; d(252) d(213) a(173,393) a(388,113)
31; d(239) d(357) r(133,21) a(227,13) a(118,9) a(138,130)
32; r(449,274) a(240,287) d(326) a(220,323) r(130,141)
33; r(449,274) a(213,208) a(451,452)
34; d(252) d(433) a(124,131) r(470,29) a(19,35) r(414,435)
35; d(146) d(368)
36; d(252) d(433) a(124,131) d(277)
37; d(146) r(470,29) a(19,35) d(245)
38; d(147) a(254,254) a(212,445)
39; d(146) r(193,323) a(210,467) r(386,462) r(277,381) d(205)
40; d(147) r(386,462) r(277,381) r(233,228)
41; d(146) r(193,323) a(210,467) a(254,254) d(210)
42; r(111,281) r(184,13) r(132,143) a(177,133) r(180,41)
43; d(146) d(23) d(215) d(275) a(459,455)
44; d(252) d(384)
45; r(449,274) d(376) d(213) r(449,171) a(205,151) r(432,113)
46; d(252) d(213) r(449,171) a(205,151) r(276,245)
47; r(449,274) d(376) d(350)
48; d(147) a(217,113) d(20) d(213)
49; d(428) r(231,29) a(398,20) a(129,22) d(133)
50; r(449,274) d(376) d(330)
51; d(147) a(231,425) a(399,357) r(442,28) r(409,355)
52; d(147) r(400,398) r(187,136) a(346,346)
53; r(449,274) a(240,287) d(154) r(188,323) r(299,139)
54; d(147) r(400,398) r(188,323) r(159,303)
55; r(449,274) a(240,287) d(154) r(187,136) d(148)
56; d(442) r(213,29) a(293,255) d(249) d(258)
57; d(239) d(419) r(464,400) a(135,233) r(110,2)
--------------------------------------------------------------------------------
Evaluation

0; 0.
1; 0.
2; 0.
3; 0.
4; 0.
5; 0.
6; 0.
7; 0.
8; 0.
9; 0.
10; 0.
11; 0.
12; 0.
13; 0.
14; 0.
15; 0.
16; 0.
17; 0.
18; 0.
19; 0.
20; 0.
21; 0.
22; 0.
23; 0.
24; 0.
25; 0.
26; 0.
27; 0.
28; 0.
29; 0.
30; 0.
31; 0.
32; 0.
33; 0.
34; 0.
35; 0.
36; 0.
37; 0.
38; 0.
39; 0.
40; 0.
41; 0.
42; 0.
43; 0.
44; 0.
45; 0.
46; 0.
47; 0.
48; 0.
49; 0.
50; 0.
51; 0.
52; 0.
53; 0.
54; 0.
55; 0.
56; 0.
57; 0.
================================================================================
Generation 5

--------------------------------------------------------------------------------
Selection

0; 5
1; 52
2; 31
3; 41
4; 0
5; 3
6; 29
7; 55
8; 4
9; 31
10; 3
11; 27
12; 55
13; 38
14; 46
15; 32
16; 8
17; 13
18; 18
19; 44
20; 19
21; 53
22; 41
23; 41
24; 49
25; 11
26; 18
27; 49
28; 12
29; 19
30; 4
31; 14
32; 4
33; 8
34; 57
35; 49
36; 8
37; 32
38; 28
39; 49
--------------------------------------------------------------------------------
Crossover

0; 57; d(239) d(419) r(464,400) a(135,233) r(110,2)
1; 13; r(449,274) a(240,287) d(154) r(187,136) d(251)
2; 41; d(146) r(193,323) a(210,467) a(254,254) d(210)
3; 31; d(239) d(357) r(133,21) a(227,13) a(118,9) a(138,130)
4; 44; d(252) d(384)
5; 18; d(239) d(419) r(464,400) a(135,233) d(243) d(347) a(420,276)
6; 19, 49; d(252) d(433) d(409)
7; 19, 49; d(428) r(231,29) a(398,20) a(129,22) d(133)
8; 19; d(252) d(433) d(409)
9; 49; d(428) r(231,29) a(398,20) a(129,22) d(133)
10; 46; d(252) d(213) r(449,171) a(205,151) r(276,245)
11; 14; r(449,274) a(213,208) d(378)
12; 5, 18; d(239) d(355) d(243) d(347) a(420,276)
13; 5, 18; d(239) d(419) r(464,400) a(135,233) a(240,287) d(355) d(393) d(350) a(214,341)
14; 5; d(239) d(355) a(240,287) d(355) d(393) d(350) a(214,341)
15; 18; d(239) d(419) r(464,400) a(135,233) d(243) d(347) a(420,276)
16; 3; d(252) d(433) d(370) a(148,213) d(332)
17; 41; d(146) r(193,323) a(210,467) a(254,254) d(210)
18; 32, 27; r(449,274) a(240,287)
19; 32, 27; d(239) d(419) r(464,400) a(135,233) a(212,180) d(326) a(220,323) r(130,141)
20; 32; r(449,274) a(240,287) d(326) a(220,323) r(130,141)
21; 27; d(239) d(419) r(464,400) a(135,233) a(212,180)
22; 41; d(146) r(193,323) a(210,467) a(254,254) d(210)
23; 52; d(147) r(400,398) r(187,136) a(346,346)
24; 38; d(147) a(254,254) a(212,445)
25; 0; d(252) d(433) d(243) r(139,434) a(148,213) d(192)
26; 4, 55; r(111,281) r(184,13) a(182,198) r(121,439) d(154) r(187,136) d(148)
27; 4, 55; r(449,274) a(240,287) r(273,286) r(22,37)
28; 4; r(111,281) r(184,13) a(182,198) r(121,439) r(273,286) r(22,37)
29; 55; r(449,274) a(240,287) d(154) r(187,136) d(148)
30; 8, 49; d(428) a(398,20) a(129,22) d(133)
31; 8, 49; d(428) r(231,29) r(231,29) a(398,20) r(258,245) d(394)
32; 8; d(428) r(231,29) a(398,20) r(258,245) d(394)
33; 49; d(428) r(231,29) a(398,20) a(129,22) d(133)
34; 31; d(239) d(357) r(133,21) a(227,13) a(118,9) a(138,130)
35; 8; d(428) r(231,29) a(398,20) r(258,245) d(394)
36; 28; r(449,274) d(376) d(123)
37; 4; r(111,281) r(184,13) a(182,198) r(121,439) r(273,286) r(22,37)
38; 11; r(449,274) a(240,287) r(23,381)
39; 29; d(442) a(447,442) r(138,374) d(232) r(214,337)
40; 12; d(428) r(231,29) a(398,20) d(416) a(230,446)
41; 19; d(252) d(433) d(409)
42; 32, 49; r(449,274) a(240,287) d(326) d(133)
43; 32, 49; d(428) r(231,29) a(398,20) a(129,22) a(220,323) r(130,141)
44; 32; r(449,274) a(240,287) d(326) a(220,323) r(130,141)
45; 49; d(428) r(231,29) a(398,20) a(129,22) d(133)
46; 55, 53; r(449,274) a(240,287) d(154) r(187,136)
47; 55, 53; r(449,274) a(240,287) d(154) r(188,323) r(299,139) d(148)
48; 55; r(449,274) a(240,287) d(154) r(187,136) d(148)
49; 53; r(449,274) a(240,287) d(154) r(188,323) r(299,139)
50; 49, 8; d(428) r(231,29) a(398,20) a(129,22) r(258,245) d(394)
51; 49, 8; d(428) r(231,29) a(398,20) d(133)
52; 49; d(428) r(231,29) a(398,20) a(129,22) d(133)
53; 8; d(428) r(231,29) a(398,20) r(258,245) d(394)
54; 3; d(252) d(433) d(370) a(148,213) d(332)
55; 4; r(111,281) r(184,13) a(182,198) r(121,439) r(273,286) r(22,37)
--------------------------------------------------------------------------------
Mutation

0; d(239) d(419) r(464,400) a(135,233) r(110,2) d(213)
1; r(449,274) a(240,287) d(154) r(187,136) d(251) d(475)
2; d(146) r(193,323) a(210,467) a(254,254) d(210) a(159,349)
3; d(239) d(357) r(133,21) a(227,13) a(118,9) a(138,130) r(253,304)
4; d(252) d(384) a(289,357)
5; d(239) d(419) r(464,400) a(135,233) d(243) d(347) a(420,276) a(279,381)
6; d(252) d(433) d(409) d(396)
7; d(428) r(231,29) a(398,20) a(129,22) d(133) a(197,446)
8; d(252) d(433) d(409) d(122)
9; d(428) r(231,29) a(398,20) a(129,22) d(133) d(323)
10; d(252) d(213) r(449,171) a(205,151) r(276,245) a(25,48)
11; r(449,274) a(213,208) d(378) r(343,328)
12; d(239) d(355) d(243) d(347) a(420,276) a(226,20)
13; d(239) d(419) r(464,400) a(135,233) a(240,287) d(355) d(393) d(350) a(214,341) d(197)
14; d(239) d(355) a(240,287) d(355) d(393) d(350) a(214,341) r(382,436)
15; d(239) d(419) r(464,400) a(135,233) d(243) d(347) a(420,276) a(424,133)
16; d(252) d(433) d(370) a(148,213) d(332) a(374,420)
17; d(146) r(193,323) a(210,467) a(254,254) d(210) a(151,228)
18; r(449,274) a(240,287) r(23,294)
19; d(239) d(419) r(464,400) a(135,233) a(212,180) d(326) a(220,323) r(130,141) r(213,37)
20; r(449,274) a(240,287) d(326) a(220,323) r(130,141) d(411)
21; d(239) d(419) r(464,400) a(135,233) a(212,180) d(394)
22; d(146) r(193,323) a(210,467) a(254,254) d(210) r(437,446)
23; d(147) r(400,398) r(187,136) a(346,346) d(121)
24; d(147) a(254,254) a(212,445) d(231)
25; d(252) d(433) d(243) r(139,434) a(148,213) d(192) a(181,192)
26; r(111,281) r(184,13) a(182,198) r(121,439) d(154) r(187,136) d(148) d(210)
27; r(449,274) a(240,287) r(273,286) r(22,37) d(10)
28; r(111,281) r(184,13) a(182,198) r(121,439) r(273,286) r(22,37) r(436,412)
29; r(449,274) a(240,287) d(154) r(187,136) d(148) d(393)
30; d(428) a(398,20) a(129,22) d(133) d(213)
31; d(428) r(231,29) r(231,29) a(398,20) r(258,245) d(394) a(177,358)
32; d(428) r(231,29) a(398,20) r(258,245) d(394) a(360,471)
33; d(428) r(231,29) a(398,20) a(129,22) d(133) d(205)
34; d(239) d(357) r(133,21) a(227,13) a(118,9) a(138,130) r(412,154)
35; d(428) r(231,29) a(398,20) r(258,245) d(394) a(374,386)
36; r(449,274) d(376) d(123) r(213,448)
37; r(111,281) r(184,13) a(182,198) r(121,439) r(273,286) r(22,37) a(133,154)
38; r(449,274) a(240,287) r(23,381) d(138)
39; d(442) a(447,442) r(138,374) d(232) r(214,337) r(463,441)
40; d(428) r(231,29) a(398,20) d(416) a(230,446) a(210,212)
41; d(252) d(433) d(409) r(386,380)
42; r(449,274) a(240,287) d(326) d(133) r(274,22)
43; d(428) r(231,29) a(398,20) a(129,22) a(220,323) r(130,141) a(212,19)
44; r(449,274) a(240,287) d(326) a(220,323) r(130,141) r(137,173)
45; d(428) r(231,29) a(398,20) a(129,22) d(133) d(122)
46; r(449,274) a(240,287) d(154) r(187,136) d(334)
47; r(449,274) a(240,287) d(154) r(188,323) r(299,139) d(148) d(232)
48; r(449,274) a(240,287) d(154) r(187,136) d(148) a(396,162)
49; r(449,274) a(240,287) d(154) r(188,323) r(299,139) a(214,406)
50; d(428) r(231,29) a(398,20) a(129,22) r(258,245) d(394) d(230)
51; d(428) r(231,29) a(398,20) d(133) d(465)
52; d(428) r(231,29) a(398,20) a(129,22) d(133) d(362)
53; d(428) r(231,29) a(398,20) r(258,245) d(394) r(182,183)
54; d(252) d(433) d(370) a(148,213) d(332) r(214,9)
55; r(111,281) r(184,13) a(182,198) r(121,439) r(273,286) r(22,37) a(133,444)
--------------------------------------------------------------------------------
Evaluation

0; 0.
1; 0.
2; 0.
3; 0.
4; 0.
5; 0.
6; 0.
7; 0.
8; 0.
9; 0.
10; 0.
11; 0.
12; 0.
13; 0.
14; 0.
15; 0.
16; 0.
17; 0.
18; 0.
19; 0.
20; 0.
21; 0.
22; 10.
23; 0.
24; 0.
25; 0.
26; 0.
27; 0.
28; 0.
29; 0.
30; 3.
31; 0.
32; 0.
33; 0.
34; 0.
35; 0.
36; 0.
37; 0.
38; 0.
39; 0.
40; 0.
41; 0.
42; 0.
43; 0.
44; 0.
45; 0.
46; 0.
47; 0.
48; 0.
49; 0.
50; 0.
51; 0.
52; 0.
53; 0.
54; 0.
55; 10.
================================================================================
Generation 6

--------------------------------------------------------------------------------
Selection

0; 46
1; 40
2; 35
3; 1
4; 2
5; 23
6; 27
7; 52
8; 53
9; 48
10; 42
11; 1
12; 26
13; 34
14; 25
15; 8
16; 51
17; 8
18; 48
19; 54
20; 15
21; 14
22; 16
23; 48
24; 0
25; 24
26; 1
27; 21
28; 38
29; 51
30; 2
31; 54
32; 11
33; 38
34; 39
35; 4
36; 16
37; 45
38; 41
39; 25
--------------------------------------------------------------------------------
Crossover

0; 41; d(252) d(433) d(409) r(386,380)
1; 4; d(252) d(384) a(289,357)
2; 48; r(449,274) a(240,287) d(154) r(187,136) d(148) a(396,162)
3; 24; d(147) a(254,254) a(212,445) d(231)
4; 48; r(449,274) a(240,287) d(154) r(187,136) d(148) a(396,162)
5; 45; d(428) r(231,29) a(398,20) a(129,22) d(133) d(122)
6; 54, 1; d(252) r(187,136) d(251) d(475)
7; 54, 1; r(449,274) a(240,287) d(154) d(433) d(370) a(148,213) d(332) r(214,9)
8; 54; d(252) d(433) d(370) a(148,213) d(332) r(214,9)
9; 1; r(449,274) a(240,287) d(154) r(187,136) d(251) d(475)
10; 26, 52; r(111,281) r(184,13) a(182,198) r(121,439) d(154) r(187,136) d(148) d(210) r(231,29) a(398,20) a(129,22) d(133) d(362)
11; 26, 52; d(428)
12; 26; r(111,281) r(184,13) a(182,198) r(121,439) d(154) r(187,136) d(148) d(210)
13; 52; d(428) r(231,29) a(398,20) a(129,22) d(133) d(362)
14; 38, 11; r(449,274) a(240,287) r(23,381) d(138) d(378) r(343,328)
15; 38, 11; r(449,274) a(213,208)
16; 38; r(449,274) a(240,287) r(23,381) d(138)
17; 11; r(449,274) a(213,208) d(378) r(343,328)
18; 35; d(428) r(231,29) a(398,20) r(258,245) d(394) a(374,386)
19; 48; r(449,274) a(240,287) d(154) r(187,136) d(148) a(396,162)
20; 27; r(449,274) a(240,287) r(273,286) r(22,37) d(10)
21; 23; d(147) r(400,398) r(187,136) a(346,346) d(121)
22; 39, 51; d(442) a(447,442) r(138,374) d(133) d(465)
23; 39, 51; d(428) r(231,29) a(398,20) d(232) r(214,337) r(463,441)
24; 39; d(442) a(447,442) r(138,374) d(232) r(214,337) r(463,441)
25; 51; d(428) r(231,29) a(398,20) d(133) d(465)
26; 16, 25; d(252) d(433) d(370) a(148,213)
27; 16, 25; d(252) d(433) d(243) r(139,434) a(148,213) d(192) a(181,192) d(332) a(374,420)
28; 16; d(252) d(433) d(370) a(148,213) d(332) a(374,420)
29; 25; d(252) d(433) d(243) r(139,434) a(148,213) d(192) a(181,192)
30; 42; r(449,274) a(240,287) d(326) d(133) r(274,22)
31; 46; r(449,274) a(240,287) d(154) r(187,136) d(334)
32; 25, 1; d(252) d(475)
33; 25, 1; r(449,274) a(240,287) d(154) r(187,136) d(251) d(433) d(243) r(139,434) a(148,213) d(192) a(181,192)
34; 25; d(252) d(433) d(243) r(139,434) a(148,213) d(192) a(181,192)
35; 1; r(449,274) a(240,287) d(154) r(187,136) d(251) d(475)
36; 14; d(239) d(355) a(240,287) d(355) d(393) d(350) a(214,341) r(382,436)
37; 16; d(252) d(433) d(370) a(148,213) d(332) a(374,420)
38; 1, 34; r(449,274) a(240,287) d(154) r(187,136) d(251) d(475) d(357) r(133,21) a(227,13) a(118,9) a(138,130) r(412,154)
39; 1, 34; d(239)
40; 1; r(449,274) a(240,287) d(154) r(187,136) d(251) d(475)
41; 34; d(239) d(357) r(133,21) a(227,13) a(118,9) a(138,130) r(412,154)
42; 2; d(146) r(193,323) a(210,467) a(254,254) d(210) a(159,349)
43; 0; d(239) d(419) r(464,400) a(135,233) r(110,2) d(213)
44; 53; d(428) r(231,29) a(398,20) r(258,245) d(394) r(182,183)
45; 21; d(239) d(419) r(464,400) a(135,233) a(212,180) d(394)
46; 8; d(252) d(433) d(409) d(122)
47; 15; d(239) d(419) r(464,400) a(135,233) d(243) d(347) a(420,276) a(424,133)
48; 40; d(428) r(231,29) a(398,20) d(416) a(230,446) a(210,212)
49; 51; d(428) r(231,29) a(398,20) d(133) d(465)
50; 8, 54; d(252) d(433) r(214,9)
51; 8, 54; d(252) d(433) d(370) a(148,213) d(332) d(409) d(122)
52; 8; d(252) d(433) d(409) d(122)
53; 54; d(252) d(433) d(370) a(148,213) d(332) r(214,9)
54; 2, 38; d(146) r(193,323) a(210,467) a(254,254) d(210) a(159,349) d(138)
55; 2, 38; r(449,274) a(240,287) r(23,381)
56; 2; d(146) r(193,323) a(210,467) a(254,254) d(210) a(159,349)
57; 38; r(449,274) a(240,287) r(23,381) d(138)
--------------------------------------------------------------------------------
Mutation

0; d(252) d(433) d(409) r(386,380) d(161)
1; d(252) d(384) a(289,357) r(332,173)
2; r(449,274) a(240,287) d(154) r(187,136) d(148) a(396,162) r(147,384)
3; d(147) a(254,254) a(212,445) d(231) a(202,31)
4; r(449,274) a(240,287) d(154) r(187,136) d(148) a(396,162) a(129,350)
5; d(428) r(231,29) a(398,20) a(129,22) d(133) d(122) r(378,402)
6; d(252) r(187,136) d(251) d(475) r(404,276)
7; r(449,274) a(240,287) d(154) d(433) d(370) a(148,213) d(332) r(214,9) d(182)
8; d(252) d(433) d(370) a(148,213) d(332) r(214,9) r(225,441)
9; r(449,274) a(240,287) d(154) r(187,136) d(251) d(475) a(138,323)
10; r(111,281) r(184,13) a(182,198) r(121,439) d(154) r(187,136) d(148) d(210) r(231,29) a(398,20) a(129,22) d(133) d(362) a(213,192)
11; d(428) a(249,162)
12; r(111,281) r(184,13) a(182,198) r(121,439) d(154) r(187,136) d(148) d(210) a(188,177)
13; d(428) r(231,29) a(398,20) a(129,22) d(133) d(362) r(204,381)
14; r(449,274) a(240,287) r(23,381) d(138) d(378) r(343,328) d(351)
15; r(449,274) a(213,208) r(423,233)
16; r(449,274) a(240,287) r(23,381) d(138) r(439,227)
17; r(449,274) a(213,208) d(378) r(343,328) a(467,197)
18; d(428) r(231,29) a(398,20) r(258,245) d(394) a(374,386) r(194,330)
19; r(449,274) a(240,287) d(154) r(187,136) d(148) a(396,162) r(447,286)
20; r(449,274) a(240,287) r(273,286) r(22,37) d(10) d(454)
21; d(147) r(400,398) r(187,136) a(346,346) d(121) d(245)
22; d(442) a(447,442) r(138,374) d(133) d(465) d(402)
23; d(428) r(231,29) a(398,20) d(232) r(214,337) r(463,441) d(213)
24; d(442) a(447,442) r(138,374) d(232) r(214,337) r(463,441) a(435,394)
25; d(428) r(231,29) a(398,20) d(133) d(465) r(212,357)
26; d(252) d(433) d(370) a(148,213) d(303)
27; d(252) d(433) d(243) r(139,434) a(148,213) d(192) a(181,192) d(332) a(374,420) a(188,148)
28; d(252) d(433) d(370) a(148,213) d(332) a(374,420) a(127,358)
29; d(252) d(433) d(243) r(139,434) a(148,213) d(192) a(181,192) a(137,303)
30; r(449,274) a(240,287) d(326) d(133) r(274,22) d(410)
31; r(449,274) a(240,287) d(154) r(187,136) d(334) r(210,150)
32; d(252) d(475) d(141)
33; r(449,274) a(240,287) d(154) r(187,136) d(251) d(433) d(243) r(139,434) a(148,213) d(192) a(181,192) r(150,390)
34; d(252) d(433) d(243) r(139,434) a(148,213) d(192) a(181,192) d(381)
35; r(449,274) a(240,287) d(154) r(187,136) d(251) d(475) r(440,471)
36; d(239) d(355) a(240,287) d(355) d(393) d(350) a(214,341) r(382,436) r(441,471)
37; d(252) d(433) d(370) a(148,213) d(332) a(374,420) d(369)
38; r(449,274) a(240,287) d(154) r(187,136) d(251) d(475) d(357) r(133,21) a(227,13) a(118,9) a(138,130) r(412,154) r(148,233)
39; d(239) a(380,429)
40; r(449,274) a(240,287) d(154) r(187,136) d(251) d(475) a(358,120)
41; d(239) d(357) r(133,21) a(227,13) a(118,9) a(138,130) r(412,154) r(143,228)
42; d(146) r(193,323) a(210,467) a(254,254) d(210) a(159,349) r(436,275)
43; d(239) d(419) r(464,400) a(135,233) r(110,2) d(213) r(436,414)
44; d(428) r(231,29) a(398,20) r(258,245) d(394) r(182,183) a(253,352)
45; d(239) d(419) r(464,400) a(135,233) a(212,180) d(394) r(324,291)
46; d(252) d(433) d(409) d(122) a(359,462)
47; d(239) d(419) r(464,400) a(135,233) d(243) d(347) a(420,276) a(424,133) a(138,112)
48; d(428) r(231,29) a(398,20) d(416) a(230,446) a(210,212) r(213,420)
49; d(428) r(231,29) a(398,20) d(133) d(465) d(461)
50; d(252) d(433) r(214,9) a(173,194)
51; d(252) d(433) d(370) a(148,213) d(332) d(409) d(122) d(434)
52; d(252) d(433) d(409) d(122) d(299)
53; d(252) d(433) d(370) a(148,213) d(332) r(214,9) r(213,148)
54; d(146) r(193,323) a(210,467) a(254,254) d(210) a(159,349) d(138) d(213)
55; r(449,274) a(240,287) r(23,381) d(214)
56; d(146) r(193,323) a(210,467) a(254,254) d(210) a(159,349) r(212,146)
57; r(449,274) a(240,287) r(23,381) d(138) a(441,139)
--------------------------------------------------------------------------------
Evaluation

0; 0.
1; 0.
2; 0.
3; 0.
4; 0.
5; 0.
6; 0.
7; 0.
8; 0.
9; 0.
10; 0.
11; 3.
12; 0.
13; 0.
14; 0.
15; 0.
16; 0.
17; 0.
18; 0.
19; 0.
20; 0.
21; 0.
22; 0.
23; 0.
24; 0.
25; 0.
26; 0.
27; 0.
28; 0.
29; 0.
30; 0.
31; 0.
32; 0.
33; 0.
34; 0.
35; 0.
36; 0.
37; 0.
38; 0.
39; 0.
40; 0.
41; 0.
42; 0.
43; 0.
44; 0.
45; 0.
46; 0.
47; 0.
48; 0.
49; 0.
50; 0.
51; 0.
52; 0.
53; 0.
54; 0.
55; 0.
56; 0.
57; 0.
================================================================================
Generation 7

--------------------------------------------------------------------------------
Selection

0; 41
1; 6
2; 3
3; 38
4; 52
5; 44
6; 10
7; 47
8; 52
9; 26
10; 47
11; 42
12; 18
13; 41
14; 16
15; 49
16; 22
17; 24
18; 7
19; 8
20; 45
21; 56
22; 8
23; 35
24; 54
25; 4
26; 13
27; 10
28; 5
29; 25
30; 34
31; 31
32; 53
33; 54
34; 23
35; 48
36; 55
37; 38
38; 31
39; 30
--------------------------------------------------------------------------------
Crossover

0; 54; d(146) r(193,323) a(210,467) a(254,254) d(210) a(159,349) d(138) d(213)
1; 6; d(252) r(187,136) d(251) d(475) r(404,276)
2; 22; d(442) a(447,442) r(138,374) d(133) d(465) d(402)
3; 55; r(449,274) a(240,287) r(23,381) d(214)
4; 10; r(111,281) r(184,13) a(182,198) r(121,439) d(154) r(187,136) d(148) d(210) r(231,29) a(398,20) a(129,22) d(133) d(362) a(213,192)
5; 31; r(449,274) a(240,287) d(154) r(187,136) d(334) r(210,150)
6; 48; d(428) r(231,29) a(398,20) d(416) a(230,446) a(210,212) r(213,420)
7; 16; r(449,274) a(240,287) r(23,381) d(138) r(439,227)
8; 13; d(428) r(231,29) a(398,20) a(129,22) d(133) d(362) r(204,381)
9; 18; d(428) r(231,29) a(398,20) r(258,245) d(394) a(374,386) r(194,330)
10; 56, 30; d(146) r(193,323) d(326) d(133) r(274,22) d(410)
11; 56, 30; r(449,274) a(240,287) a(210,467) a(254,254) d(210) a(159,349) r(212,146)
12; 56; d(146) r(193,323) a(210,467) a(254,254) d(210) a(159,349) r(212,146)
13; 30; r(449,274) a(240,287) d(326) d(133) r(274,22) d(410)
14; 53, 8; d(252) d(433) d(370) a(148,213) d(332) r(214,9) r(225,441)
15; 53, 8; d(252) d(433) d(370) a(148,213) d(332) r(214,9) r(213,148)
16; 53; d(252) d(433) d(370) a(148,213) d(332) r(214,9) r(213,148)
17; 8; d(252) d(433) d(370) a(148,213) d(332) r(214,9) r(225,441)
18; 10; r(111,281) r(184,13) a(182,198) r(121,439) d(154) r(187,136) d(148) d(210) r(231,29) a(398,20) a(129,22) d(133) d(362) a(213,192)
19; 3; d(147) a(254,254) a(212,445) d(231) a(202,31)
20; 45; d(239) d(419) r(464,400) a(135,233) a(212,180) d(394) r(324,291)
21; 5; d(428) r(231,29) a(398,20) a(129,22) d(133) d(122) r(378,402)
22; 31; r(449,274) a(240,287) d(154) r(187,136) d(334) r(210,150)
23; 38; r(449,274) a(240,287) d(154) r(187,136) d(251) d(475) d(357) r(133,21) a(227,13) a(118,9) a(138,130) r(412,154) r(148,233)
24; 44, 35; d(428) r(231,29) a(398,20) r(258,245) d(475) r(440,471)
25; 44, 35; r(449,274) a(240,287) d(154) r(187,136) d(251) d(394) r(182,183) a(253,352)
26; 44; d(428) r(231,29) a(398,20) r(258,245) d(394) r(182,183) a(253,352)
27; 35; r(449,274) a(240,287) d(154) r(187,136) d(251) d(475) r(440,471)
28; 34; d(252) d(433) d(243) r(139,434) a(148,213) d(192) a(181,192) d(381)
29; 41; d(239) d(357) r(133,21) a(227,13) a(118,9) a(138,130) r(412,154) r(143,228)
30; 52, 54; d(252) d(433) d(409) d(122) d(299)
31; 52, 54; d(146) r(193,323) a(210,467) a(254,254) d(210) a(159,349) d(138) d(213)
32; 52; d(252) d(433) d(409) d(122) d(299)
33; 54; d(146) r(193,323) a(210,467) a(254,254) d(210) a(159,349) d(138) d(213)
34; 4, 25; r(449,274) a(240,287) d(154) r(187,136) d(148) a(396,162) a(129,350) d(465) r(212,357)
35; 4, 25; d(428) r(231,29) a(398,20) d(133)
36; 4; r(449,274) a(240,287) d(154) r(187,136) d(148) a(396,162) a(129,350)
37; 25; d(428) r(231,29) a(398,20) d(133) d(465) r(212,357)
38; 24; d(442) a(447,442) r(138,374) d(232) r(214,337) r(463,441) a(435,394)
39; 26; d(252) d(433) d(370) a(148,213) d(303)
40; 23; d(428) r(231,29) a(398,20) d(232) r(214,337) r(463,441) d(213)
41; 52; d(252) d(433) d(409) d(122) d(299)
42; 38; r(449,274) a(240,287) d(154) r(187,136) d(251) d(475) d(357) r(133,21) a(227,13) a(118,9) a(138,130) r(412,154) r(148,233)
43; 41; d(239) d(357) r(133,21) a(227,13) a(118,9) a(138,130) r(412,154) r(143,228)
44; 47; d(239) d(419) r(464,400) a(135,233) d(243) d(347) a(420,276) a(424,133) a(138,112)
45; 8; d(252) d(433) d(370) a(148,213) d(332) r(214,9) r(225,441)
46; 7; r(449,274) a(240,287) d(154) d(433) d(370) a(148,213) d(332) r(214,9) d(182)
47; 49; d(428) r(231,29) a(398,20) d(133) d(465) d(461)
48; 47; d(239) d(419) r(464,400) a(135,233) d(243) d(347) a(420,276) a(424,133) a(138,112)
49; 42; d(146) r(193,323) a(210,467) a(254,254) d(210) a(159,349) r(436,275)
--------------------------------------------------------------------------------
Mutation

0; d(146) r(193,323) a(210,467) a(254,254) d(210) a(159,349) d(138) d(213) r(212,28)
1; d(252) r(187,136) d(251) d(475) r(404,276) d(172)
2; d(442) a(447,442) r(138,374) d(133) d(465) d(402) d(10)
3; r(449,274) a(240,287) r(23,381) d(214) d(115)
4; r(111,281) r(184,13) a(182,198) r(121,439) d(154) r(187,136) d(148) d(210) r(231,29) a(398,20) a(129,22) d(133) d(362) a(213,192) a(404,133)
5; r(449,274) a(240,287) d(154) r(187,136) d(334) r(210,150) r(374,21)
6; d(428) r(231,29) a(398,20) d(416) a(230,446) a(210,212) r(213,420) a(121,141)
7; r(449,274) a(240,287) r(23,381) d(138) r(439,227) d(396)
8; d(428) r(231,29) a(398,20) a(129,22) d(133) d(362) r(204,381) d(465)
9; d(428) r(231,29) a(398,20) r(258,245) d(394) a(374,386) r(194,330) d(188)
10; d(146) r(193,323) d(326) d(133) r(274,22) d(410) d(393)
11; r(449,274) a(240,287) a(210,467) a(254,254) d(210) a(159,349) r(212,146) a(435,369)
12; d(146) r(193,323) a(210,467) a(254,254) d(210) a(159,349) r(212,146) a(123,227)
13; r(449,274) a(240,287) d(326) d(133) r(274,22) d(410) d(377)
14; d(252) d(433) d(370) a(148,213) d(332) r(214,9) r(225,441) a(392,369)
15; d(252) d(433) d(370) a(148,213) d(332) r(214,9) r(213,148) d(293)
16; d(252) d(433) d(370) a(148,213) d(332) r(214,9) r(213,148) r(233,294)
17; d(252) d(433) d(370) a(148,213) d(332) r(214,9) r(225,441) r(210,19)
18; r(111,281) r(184,13) a(182,198) r(121,439) d(154) r(187,136) d(148) d(210) r(231,29) a(398,20) a(129,22) d(133) d(362) a(213,192) a(301,330)
19; d(147) a(254,254) a(212,445) d(231) a(202,31) r(13,323)
20; d(239) d(419) r(464,400) a(135,233) a(212,180) d(394) r(324,291) r(224,337)
21; d(428) r(231,29) a(398,20) a(129,22) d(133) d(122) r(378,402) a(381,439)
22; r(449,274) a(240,287) d(154) r(187,136) d(334) r(210,150) r(251,346)
23; r(449,274) a(240,287) d(154) r(187,136) d(251) d(475) d(357) r(133,21) a(227,13) a(118,9) a(138,130) r(412,154) r(148,233) a(392,397)
24; d(428) r(231,29) a(398,20) r(258,245) d(475) r(440,471) a(213,213)
25; r(449,274) a(240,287) d(154) r(187,136) d(251) d(394) r(182,183) a(253,352) d(181)
26; d(428) r(231,29) a(398,20) r(258,245) d(394) r(182,183) a(253,352) d(332)
27; r(449,274) a(240,287) d(154) r(187,136) d(251) d(475) r(440,471) d(254)
28; d(252) d(433) d(243) r(139,434) a(148,213) d(192) a(181,192) d(381) a(215,2)
29; d(239) d(357) r(133,21) a(227,13) a(118,9) a(138,130) r(412,154) r(143,228) r(210,175)
30; d(252) d(433) d(409) d(122) d(299) r(448,202)
31; d(146) r(193,323) a(210,467) a(254,254) d(210) a(159,349) d(138) d(213) r(406,330)
32; d(252) d(433) d(409) d(122) d(299) r(301,445)
33; d(146) r(193,323) a(210,467) a(254,254) d(210) a(159,349) d(138) d(213) r(165,448)
34; r(449,274) a(240,287) d(154) r(187,136) d(148) a(396,162) a(129,350) d(465) r(212,357) r(22,445)
35; d(428) r(231,29) a(398,20) d(133) a(210,158)
36; r(449,274) a(240,287) d(154) r(187,136) d(148) a(396,162) a(129,350) d(412)
37; d(428) r(231,29) a(398,20) d(133) d(465) r(212,357) d(385)
38; d(442) a(447,442) r(138,374) d(232) r(214,337) r(463,441) a(435,394) d(183)
39; d(252) d(433) d(370) a(148,213) d(303) d(443)
40; d(428) r(231,29) a(398,20) d(232) r(214,337) r(463,441) d(213) r(198,350)
41; d(252) d(433) d(409) d(122) d(299) r(215,449)
42; r(449,274) a(240,287) d(154) r(187,136) d(251) d(475) d(357) r(133,21) a(227,13) a(118,9) a(138,130) r(412,154) r(148,233) d(236)
43; d(239) d(357) r(133,21) a(227,13) a(118,9) a(138,130) r(412,154) r(143,228) a(442,337)
44; d(239) d(419) r(464,400) a(135,233) d(243) d(347) a(420,276) a(424,133) a(138,112) r(455,154)
45; d(252) d(433) d(370) a(148,213) d(332) r(214,9) r(225,441) d(199)
46; r(449,274) a(240,287) d(154) d(433) d(370) a(148,213) d(332) r(214,9) d(182) r(331,272)
47; d(428) r(231,29) a(398,20) d(133) d(465) d(461) r(153,194)
48; d(239) d(419) r(464,400) a(135,233) d(243) d(347) a(420,276) a(424,133) a(138,112) a(110,413)
49; d(146) r(193,323) a(210,467) a(254,254) d(210) a(159,349) r(436,275) a(376,444)
--------------------------------------------------------------------------------
Evaluation

0; 0.
1; 0.
2; 0.
3; 0.
4; 0.
5; 0.
6; 0.
7; 0.
8; 0.
9; 0.
10; 0.
11; 0.
12; 0.
13; 0.
14; 0.
15; 0.
16; 0.
17; 0.
18; 0.
19; 0.
20; 0.
21; 0.
22; 0.
23; 0.
24; 0.
25; 0.
26; 0.
27; 0.
28; 0.
29; 0.
30; 0.
31; 0.
32; 0.
33; 0.
34; 0.
35; 0.
36; 0.
37; 0.
38; 0.
39; 0.
40; 0.
41; 0.
42; 0.
43; 0.
44; 0.
45; 0.
46; 0.
47; 0.
48; 0.
49; 10.
================================================================================
Generation 8

--------------------------------------------------------------------------------
Selection

0; 20
1; 42
2; 42
3; 2
4; 0
5; 13
6; 1
7; 7
8; 31
9; 7
10; 3
11; 31
12; 27
13; 39
14; 0
15; 43
16; 18
17; 5
18; 41
19; 13
20; 7
21; 43
22; 1
23; 29
24; 34
25; 25
26; 15
27; 41
28; 9
29; 40
30; 17
31; 44
32; 11
33; 28
34; 42
35; 30
36; 46
37; 21
38; 7
39; 25
--------------------------------------------------------------------------------
Crossover

0; 25; r(449,274) a(240,287) d(154) r(187,136) d(251) d(394) r(182,183) a(253,352) d(181)
1; 46; r(449,274) a(240,287) d(154) d(433) d(370) a(148,213) d(332) r(214,9) d(182) r(331,272)
2; 0; d(146) r(193,323) a(210,467) a(254,254) d(210) a(159,349) d(138) d(213) r(212,28)
3; 13; r(449,274) a(240,287) d(326) d(133) r(274,22) d(410) d(377)
4; 21, 1; d(428) r(231,29) a(398,20) a(129,22) d(133) d(122) r(378,402) a(381,439) d(251) d(475) r(404,276) d(172)
5; 21, 1; d(252) r(187,136)
6; 21; d(428) r(231,29) a(398,20) a(129,22) d(133) d(122) r(378,402) a(381,439)
7; 1; d(252) r(187,136) d(251) d(475) r(404,276) d(172)
8; 7; r(449,274) a(240,287) r(23,381) d(138) r(439,227) d(396)
9; 15; d(252) d(433) d(370) a(148,213) d(332) r(214,9) r(213,148) d(293)
10; 3; r(449,274) a(240,287) r(23,381) d(214) d(115)
11; 34; r(449,274) a(240,287) d(154) r(187,136) d(148) a(396,162) a(129,350) d(465) r(212,357) r(22,445)
12; 29, 25; d(239) d(394) r(182,183) a(253,352) d(181)
13; 29, 25; r(449,274) a(240,287) d(154) r(187,136) d(251) d(357) r(133,21) a(227,13) a(118,9) a(138,130) r(412,154) r(143,228) r(210,175)
14; 29; d(239) d(357) r(133,21) a(227,13) a(118,9) a(138,130) r(412,154) r(143,228) r(210,175)
15; 25; r(449,274) a(240,287) d(154) r(187,136) d(251) d(394) r(182,183) a(253,352) d(181)
16; 44, 1; d(239)
17; 44, 1; d(252) r(187,136) d(251) d(475) r(404,276) d(172) d(419) r(464,400) a(135,233) d(243) d(347) a(420,276) a(424,133) a(138,112) r(455,154)
18; 44; d(239) d(419) r(464,400) a(135,233) d(243) d(347) a(420,276) a(424,133) a(138,112) r(455,154)
19; 1; d(252) r(187,136) d(251) d(475) r(404,276) d(172)
20; 2; d(442) a(447,442) r(138,374) d(133) d(465) d(402) d(10)
21; 13; r(449,274) a(240,287) d(326) d(133) r(274,22) d(410) d(377)
22; 43, 27; d(239) d(357) r(133,21) a(227,13) a(118,9) a(138,130) r(412,154) a(240,287) d(154) r(187,136) d(251) d(475) r(440,471) d(254)
23; 43, 27; r(449,274) r(143,228) a(442,337)
24; 43; d(239) d(357) r(133,21) a(227,13) a(118,9) a(138,130) r(412,154) r(143,228) a(442,337)
25; 27; r(449,274) a(240,287) d(154) r(187,136) d(251) d(475) r(440,471) d(254)
26; 7, 28; r(449,274) a(240,287) r(23,381) d(138) a(181,192) d(381) a(215,2)
27; 7, 28; d(252) d(433) d(243) r(139,434) a(148,213) d(192) r(439,227) d(396)
28; 7; r(449,274) a(240,287) r(23,381) d(138) r(439,227) d(396)
29; 28; d(252) d(433) d(243) r(139,434) a(148,213) d(192) a(181,192) d(381) a(215,2)
30; 40; d(428) r(231,29) a(398,20) d(232) r(214,337) r(463,441) d(213) r(198,350)
31; 18; r(111,281) r(184,13) a(182,198) r(121,439) d(154) r(187,136) d(148) d(210) r(231,29) a(398,20) a(129,22) d(133) d(362) a(213,192) a(301,330)
32; 41, 7; d(252) d(433) d(409) d(122) d(299) r(215,449) r(439,227) d(396)
33; 41, 7; r(449,274) a(240,287) r(23,381) d(138)
34; 41; d(252) d(433) d(409) d(122) d(299) r(215,449)
35; 7; r(449,274) a(240,287) r(23,381) d(138) r(439,227) d(396)
36; 20, 42; d(239) d(419) r(464,400) a(135,233) d(357) r(133,21) a(227,13) a(118,9) a(138,130) r(412,154) r(148,233) d(236)
37; 20, 42; r(449,274) a(240,287) d(154) r(187,136) d(251) d(475) a(212,180) d(394) r(324,291) r(224,337)
38; 20; d(239) d(419) r(464,400) a(135,233) a(212,180) d(394) r(324,291) r(224,337)
39; 42; r(449,274) a(240,287) d(154) r(187,136) d(251) d(475) d(357) r(133,21) a(227,13) a(118,9) a(138,130) r(412,154) r(148,233) d(236)
40; 0; d(146) r(193,323) a(210,467) a(254,254) d(210) a(159,349) d(138) d(213) r(212,28)
41; 42; r(449,274) a(240,287) d(154) r(187,136) d(251) d(475) d(357) r(133,21) a(227,13) a(118,9) a(138,130) r(412,154) r(148,233) d(236)
42; 17, 30; d(252) d(433) d(409) d(122) d(299) r(448,202)
43; 17, 30; d(252) d(433) d(370) a(148,213) d(332) r(214,9) r(225,441) r(210,19)
44; 17; d(252) d(433) d(370) a(148,213) d(332) r(214,9) r(225,441) r(210,19)
45; 30; d(252) d(433) d(409) d(122) d(299) r(448,202)
46; 31; d(146) r(193,323) a(210,467) a(254,254) d(210) a(159,349) d(138) d(213) r(406,330)
47; 7; r(449,274) a(240,287) r(23,381) d(138) r(439,227) d(396)
48; 42; r(449,274) a(240,287) d(154) r(187,136) d(251) d(475) d(357) r(133,21) a(227,13) a(118,9) a(138,130) r(412,154) r(148,233) d(236)
49; 41; d(252) d(433) d(409) d(122) d(299) r(215,449)
50; 43; d(239) d(357) r(133,21) a(227,13) a(118,9) a(138,130) r(412,154) r(143,228) a(442,337)
51; 11; r(449,274) a(240,287) a(210,467) a(254,254) d(210) a(159,349) r(212,146) a(435,369)
52; 9; d(428) r(231,29) a(398,20) r(258,245) d(394) a(374,386) r(194,330) d(188)
53; 39; d(252) d(433) d(370) a(148,213) d(303) d(443)
54; 5, 31; r(449,274) a(240,287) d(154) r(187,136) d(334) r(193,323) a(210,467) a(254,254) d(210) a(159,349) d(138) d(213) r(406,330)
55; 5, 31; d(146) r(210,150) r(374,21)
56; 5; r(449,274) a(240,287) d(154) r(187,136) d(334) r(210,150) r(374,21)
57; 31; d(146) r(193,323) a(210,467) a(254,254) d(210) a(159,349) d(138) d(213) r(406,330)
--------------------------------------------------------------------------------
Mutation

0; r(449,274) a(240,287) d(154) r(187,136) d(251) d(394) r(182,183) a(253,352) d(181) a(472,281)
1; r(449,274) a(240,287) d(154) d(433) d(370) a(148,213) d(332) r(214,9) d(182) r(331,272) r(393,173)
2; d(146) r(193,323) a(210,467) a(254,254) d(210) a(159,349) d(138) d(213) r(212,28) a(437,275)
3; r(449,274) a(240,287) d(326) d(133) r(274,22) d(410) d(377) a(473,420)
4; d(428) r(231,29) a(398,20) a(129,22) d(133) d(122) r(378,402) a(381,439) d(251) d(475) r(404,276) d(172) a(150,162)
5; d(252) r(187,136) r(325,178)
6; d(428) r(231,29) a(398,20) a(129,22) d(133) d(122) r(378,402) a(381,439) d(303)
7; d(252) r(187,136) d(251) d(475) r(404,276) d(172) r(158,29)
8; r(449,274) a(240,287) r(23,381) d(138) r(439,227) d(396) d(294)
9; d(252) d(433) d(370) a(148,213) d(332) r(214,9) r(213,148) d(293) a(171,156)
10; r(449,274) a(240,287) r(23,381) d(214) d(115) d(379)
11; r(449,274) a(240,287) d(154) r(187,136) d(148) a(396,162) a(129,350) d(465) r(212,357) r(22,445) r(231,360)
12; d(239) d(394) r(182,183) a(253,352) d(181) r(20,11)
13; r(449,274) a(240,287) d(154) r(187,136) d(251) d(357) r(133,21) a(227,13) a(118,9) a(138,130) r(412,154) r(143,228) r(210,175) a(212,294)
14; d(239) d(357) r(133,21) a(227,13) a(118,9) a(138,130) r(412,154) r(143,228) r(210,175) r(193,208)
15; r(449,274) a(240,287) d(154) r(187,136) d(251) d(394) r(182,183) a(253,352) d(181) r(232,331)
16; d(239) d(449)
17; d(252) r(187,136) d(251) d(475) r(404,276) d(172) d(419) r(464,400) a(135,233) d(243) d(347) a(420,276) a(424,133) a(138,112) r(455,154) a(150,187)
18; d(239) d(419) r(464,400) a(135,233) d(243) d(347) a(420,276) a(424,133) a(138,112) r(455,154) r(326,243)
19; d(252) r(187,136) d(251) d(475) r(404,276) d(172) r(173,13)
20; d(442) a(447,442) r(138,374) d(133) d(465) d(402) d(10) r(233,358)
21; r(449,274) a(240,287) d(326) d(133) r(274,22) d(410) d(377) r(212,22)
22; d(239) d(357) r(133,21) a(227,13) a(118,9) a(138,130) r(412,154) a(240,287) d(154) r(187,136) d(251) d(475) r(440,471) d(254) r(349,279)
23; r(449,274) r(143,228) a(442,337) a(192,384)
24; d(239) d(357) r(133,21) a(227,13) a(118,9) a(138,130) r(412,154) r(143,228) a(442,337) d(212)
25; r(449,274) a(240,287) d(154) r(187,136) d(251) d(475) r(440,471) d(254) d(180)
26; r(449,274) a(240,287) r(23,381) d(138) a(181,192) d(381) a(215,2) a(212,350)
27; d(252) d(433) d(243) r(139,434) a(148,213) d(192) r(439,227) d(396) r(289,337)
28; r(449,274) a(240,287) r(23,381) d(138) r(439,227) d(396) r(436,415)
29; d(252) d(433) d(243) r(139,434) a(148,213) d(192) a(181,192) d(381) a(215,2) a(231,331)
30; d(428) r(231,29) a(398,20) d(232) r(214,337) r(463,441) d(213) r(198,350) a(202,192)
31; r(111,281) r(184,13) a(182,198) r(121,439) d(154) r(187,136) d(148) d(210) r(231,29) a(398,20) a(129,22) d(133) d(362) a(213,192) a(301,330) d(213)
32; d(252) d(433) d(409) d(122) d(299) r(215,449) r(439,227) d(396) d(212)
33; r(449,274) a(240,287) r(23,381) d(138) a(448,20)
34; d(252) d(433) d(409) d(122) d(299) r(215,449) d(152)
35; r(449,274) a(240,287) r(23,381) d(138) r(439,227) d(396) r(420,455)
36; d(239) d(419) r(464,400) a(135,233) d(357) r(133,21) a(227,13) a(118,9) a(138,130) r(412,154) r(148,233) d(236) d(334)
37; r(449,274) a(240,287) d(154) r(187,136) d(251) d(475) a(212,180) d(394) r(324,291) r(224,337) d(281)
38; d(239) d(419) r(464,400) a(135,233) a(212,180) d(394) r(324,291) r(224,337) a(214,185)
39; r(449,274) a(240,287) d(154) r(187,136) d(251) d(475) d(357) r(133,21) a(227,13) a(118,9) a(138,130) r(412,154) r(148,233) d(236) r(213,425)
40; d(146) r(193,323) a(210,467) a(254,254) d(210) a(159,349) d(138) d(213) r(212,28) d(418)
41; r(449,274) a(240,287) d(154) r(187,136) d(251) d(475) d(357) r(133,21) a(227,13) a(118,9) a(138,130) r(412,154) r(148,233) d(236) r(253,241)
42; d(252) d(433) d(409) d(122) d(299) r(448,202) a(457,172)
43; d(252) d(433) d(370) a(148,213) d(332) r(214,9) r(225,441) r(210,19) d(129)
44; d(252) d(433) d(370) a(148,213) d(332) r(214,9) r(225,441) r(210,19) d(387)
45; d(252) d(433) d(409) d(122) d(299) r(448,202) a(206,181)
46; d(146) r(193,323) a(210,467) a(254,254) d(210) a(159,349) d(138) d(213) r(406,330) a(438,444)
47; r(449,274) a(240,287) r(23,381) d(138) r(439,227) d(396) r(244,374)
48; r(449,274) a(240,287) d(154) r(187,136) d(251) d(475) d(357) r(133,21) a(227,13) a(118,9) a(138,130) r(412,154) r(148,233) d(236) r(213,195)
49; d(252) d(433) d(409) d(122) d(299) r(215,449) r(370,228)
50; d(239) d(357) r(133,21) a(227,13) a(118,9) a(138,130) r(412,154) r(143,228) a(442,337) r(435,136)
51; r(449,274) a(240,287) a(210,467) a(254,254) d(210) a(159,349) r(212,146) a(435,369) r(213,183)
52; d(428) r(231,29) a(398,20) r(258,245) d(394) a(374,386) r(194,330) d(188) r(23,52)
53; d(252) d(433) d(370) a(148,213) d(303) d(443) d(22)
54; r(449,274) a(240,287) d(154) r(187,136) d(334) r(193,323) a(210,467) a(254,254) d(210) a(159,349) d(138) d(213) r(406,330) d(361)
55; d(146) r(210,150) r(374,21) d(450)
56; r(449,274) a(240,287) d(154) r(187,136) d(334) r(210,150) r(374,21) d(13)
57; d(146) r(193,323) a(210,467) a(254,254) d(210) a(159,349) d(138) d(213) r(406,330) d(257)
--------------------------------------------------------------------------------
Evaluation

0; 0.
1; 0.
2; 0.
3; 0.
4; 0.
5; 0.
6; 0.
7; 0.
8; 0.
9; 0.
10; 0.
11; 0.
12; 0.
13; 0.
14; 0.
15; 0.
16; 0.
17; 0.
18; 0.
19; 0.
20; 0.
21; 0.
22; 0.
23; 10.
24; 0.
25; 0.
26; 0.
27; 0.
28; 0.
29; 0.
30; 0.
31; 0.
32; 0.
33; 0.
34; 0.
35; 0.
36; 0.
37; 0.
38; 0.
39; 0.
40; 0.
41; 0.
42; 0.
43; 0.
44; 0.
45; 0.
46; 0.
47; 0.
48; 0.
49; 0.
50; 0.
51; 0.
52; 0.
53; 0.
54; 0.
55; 0.
56; 0.
57; 0.
================================================================================
Generation 9

--------------------------------------------------------------------------------
Selection

0; 14
1; 47
2; 16
3; 45
4; 19
5; 44
6; 38
7; 55
8; 47
9; 11
10; 46
11; 36
12; 37
13; 11
14; 0
15; 21
16; 5
17; 25
18; 49
19; 24
20; 9
21; 33
22; 26
23; 11
24; 6
25; 1
26; 7
27; 54
28; 16
29; 5
30; 24
31; 37
32; 51
33; 51
34; 21
35; 42
36; 44
37; 29
38; 28
39; 16
--------------------------------------------------------------------------------
Crossover

0; 29; d(252) d(433) d(243) r(139,434) a(148,213) d(192) a(181,192) d(381) a(215,2) a(231,331)
1; 19; d(252) r(187,136) d(251) d(475) r(404,276) d(172) r(173,13)
2; 14, 5; d(239) d(357) r(133,21) a(227,13) a(118,9) a(138,130) r(412,154) r(143,228)
3; 14, 5; d(252) r(187,136) r(325,178) r(210,175) r(193,208)
4; 14; d(239) d(357) r(133,21) a(227,13) a(118,9) a(138,130) r(412,154) r(143,228) r(210,175) r(193,208)
5; 5; d(252) r(187,136) r(325,178)
6; 24, 0; d(239) d(357) r(133,21) a(227,13) a(118,9) a(138,130) r(187,136) d(251) d(394) r(182,183) a(253,352) d(181) a(472,281)
7; 24, 0; r(449,274) a(240,287) d(154) r(412,154) r(143,228) a(442,337) d(212)
8; 24; d(239) d(357) r(133,21) a(227,13) a(118,9) a(138,130) r(412,154) r(143,228) a(442,337) d(212)
9; 0; r(449,274) a(240,287) d(154) r(187,136) d(251) d(394) r(182,183) a(253,352) d(181) a(472,281)
10; 33; r(449,274) a(240,287) r(23,381) d(138) a(448,20)
11; 21; r(449,274) a(240,287) d(326) d(133) r(274,22) d(410) d(377) r(212,22)
12; 9, 5; d(252) d(433) d(370) a(148,213)
13; 9, 5; d(252) r(187,136) r(325,178) d(332) r(214,9) r(213,148) d(293) a(171,156)
14; 9; d(252) d(433) d(370) a(148,213) d(332) r(214,9) r(213,148) d(293) a(171,156)
15; 5; d(252) r(187,136) r(325,178)
16; 7, 51; d(252) r(187,136) d(251) d(475) r(404,276) d(172) r(158,29) a(210,467) a(254,254) d(210) a(159,349) r(212,146) a(435,369) r(213,183)
17; 7, 51; r(449,274) a(240,287)
18; 7; d(252) r(187,136) d(251) d(475) r(404,276) d(172) r(158,29)
19; 51; r(449,274) a(240,287) a(210,467) a(254,254) d(210) a(159,349) r(212,146) a(435,369) r(213,183)
20; 28; r(449,274) a(240,287) r(23,381) d(138) r(439,227) d(396) r(436,415)
21; 11; r(449,274) a(240,287) d(154) r(187,136) d(148) a(396,162) a(129,350) d(465) r(212,357) r(22,445) r(231,360)
22; 49; d(252) d(433) d(409) d(122) d(299) r(215,449) r(370,228)
23; 11; r(449,274) a(240,287) d(154) r(187,136) d(148) a(396,162) a(129,350) d(465) r(212,357) r(22,445) r(231,360)
24; 44, 54; d(252) d(433) d(370) a(148,213) d(332) r(214,9) r(225,441) r(210,19) d(387) a(210,467) a(254,254) d(210) a(159,349) d(138) d(213) r(406,330) d(361)
25; 44, 54; r(449,274) a(240,287) d(154) r(187,136) d(334) r(193,323)
26; 44; d(252) d(433) d(370) a(148,213) d(332) r(214,9) r(225,441) r(210,19) d(387)
27; 54; r(449,274) a(240,287) d(154) r(187,136) d(334) r(193,323) a(210,467) a(254,254) d(210) a(159,349) d(138) d(213) r(406,330) d(361)
28; 44; d(252) d(433) d(370) a(148,213) d(332) r(214,9) r(225,441) r(210,19) d(387)
29; 16; d(239) d(449)
30; 6, 1; d(428) r(231,29) a(398,20) a(129,22) d(133) d(122) r(378,402) r(331,272) r(393,173)
31; 6, 1; r(449,274) a(240,287) d(154) d(433) d(370) a(148,213) d(332) r(214,9) d(182) a(381,439) d(303)
32; 6; d(428) r(231,29) a(398,20) a(129,22) d(133) d(122) r(378,402) a(381,439) d(303)
33; 1; r(449,274) a(240,287) d(154) d(433) d(370) a(148,213) d(332) r(214,9) d(182) r(331,272) r(393,173)
34; 42; d(252) d(433) d(409) d(122) d(299) r(448,202) a(457,172)
35; 47; r(449,274) a(240,287) r(23,381) d(138) r(439,227) d(396) r(244,374)
36; 36; d(239) d(419) r(464,400) a(135,233) d(357) r(133,21) a(227,13) a(118,9) a(138,130) r(412,154) r(148,233) d(236) d(334)
37; 46; d(146) r(193,323) a(210,467) a(254,254) d(210) a(159,349) d(138) d(213) r(406,330) a(438,444)
38; 55; d(146) r(210,150) r(374,21) d(450)
39; 37; r(449,274) a(240,287) d(154) r(187,136) d(251) d(475) a(212,180) d(394) r(324,291) r(224,337) d(281)
40; 11; r(449,274) a(240,287) d(154) r(187,136) d(148) a(396,162) a(129,350) d(465) r(212,357) r(22,445) r(231,360)
41; 37; r(449,274) a(240,287) d(154) r(187,136) d(251) d(475) a(212,180) d(394) r(324,291) r(224,337) d(281)
42; 25; r(449,274) a(240,287) d(154) r(187,136) d(251) d(475) r(440,471) d(254) d(180)
43; 16; d(239) d(449)
44; 45, 24; d(252) d(433) d(409) d(122) d(299) r(448,202)
45; 45, 24; d(239) d(357) r(133,21) a(227,13) a(118,9) a(138,130) r(412,154) r(143,228) a(442,337) d(212) a(206,181)
46; 45; d(252) d(433) d(409) d(122) d(299) r(448,202) a(206,181)
47; 24; d(239) d(357) r(133,21) a(227,13) a(118,9) a(138,130) r(412,154) r(143,228) a(442,337) d(212)
48; 38; d(239) d(419) r(464,400) a(135,233) a(212,180) d(394) r(324,291) r(224,337) a(214,185)
49; 47; r(449,274) a(240,287) r(23,381) d(138) r(439,227) d(396) r(244,374)
50; 16; d(239) d(449)
51; 21; r(449,274) a(240,287) d(326) d(133) r(274,22) d(410) d(377) r(212,22)
52; 26, 51; r(449,274) a(240,287) r(23,381) d(138)
53; 26, 51; r(449,274) a(240,287) a(210,467) a(254,254) d(210) a(159,349) r(212,146) a(435,369) r(213,183) a(181,192) d(381) a(215,2) a(212,350)
54; 26; r(449,274) a(240,287) r(23,381) d(138) a(181,192) d(381) a(215,2) a(212,350)
55; 51; r(449,274) a(240,287) a(210,467) a(254,254) d(210) a(159,349) r(212,146) a(435,369) r(213,183)
--------------------------------------------------------------------------------
Mutation

0; d(252) d(433) d(243) r(139,434) a(148,213) d(192) a(181,192) d(381) a(215,2) a(231,331) r(213,210)
1; d(252) r(187,136) d(251) d(475) r(404,276) d(172) r(173,13) d(391)
2; d(239) d(357) r(133,21) a(227,13) a(118,9) a(138,130) r(412,154) r(143,228) r(241,294)
3; d(252) r(187,136) r(325,178) r(210,175) r(193,208) r(157,337)
4; d(239) d(357) r(133,21) a(227,13) a(118,9) a(138,130) r(412,154) r(143,228) r(210,175) r(193,208) a(166,149)
5; d(252) r(187,136) r(325,178) d(141)
6; d(239) d(357) r(133,21) a(227,13) a(118,9) a(138,130) r(187,136) d(251) d(394) r(182,183) a(253,352) d(181) a(472,281) r(420,406)
7; r(449,274) a(240,287) d(154) r(412,154) r(143,228) a(442,337) d(212) a(213,385)
8; d(239) d(357) r(133,21) a(227,13) a(118,9) a(138,130) r(412,154) r(143,228) a(442,337) d(212) d(419)
9; r(449,274) a(240,287) d(154) r(187,136) d(251) d(394) r(182,183) a(253,352) d(181) a(472,281) r(242,444)
10; r(449,274) a(240,287) r(23,381) d(138) a(448,20) r(213,150)
11; r(449,274) a(240,287) d(326) d(133) r(274,22) d(410) d(377) r(212,22) a(278,250)
12; d(252) d(433) d(370) a(148,213) a(376,403)
13; d(252) r(187,136) r(325,178) d(332) r(214,9) r(213,148) d(293) a(171,156) r(404,396)
14; d(252) d(433) d(370) a(148,213) d(332) r(214,9) r(213,148) d(293) a(171,156) d(210)
15; d(252) r(187,136) r(325,178) a(403,368)
16; d(252) r(187,136) d(251) d(475) r(404,276) d(172) r(158,29) a(210,467) a(254,254) d(210) a(159,349) r(212,146) a(435,369) r(213,183) d(198)
17; r(449,274) a(240,287) a(275,113)
18; d(252) r(187,136) d(251) d(475) r(404,276) d(172) r(158,29) a(204,21)
19; r(449,274) a(240,287) a(210,467) a(254,254) d(210) a(159,349) r(212,146) a(435,369) r(213,183) r(430,368)
20; r(449,274) a(240,287) r(23,381) d(138) r(439,227) d(396) r(436,415) a(214,330)
21; r(449,274) a(240,287) d(154) r(187,136) d(148) a(396,162) a(129,350) d(465) r(212,357) r(22,445) r(231,360) a(425,281)
22; d(252) d(433) d(409) d(122) d(299) r(215,449) r(370,228) r(432,367)
23; r(449,274) a(240,287) d(154) r(187,136) d(148) a(396,162) a(129,350) d(465) r(212,357) r(22,445) r(231,360) a(367,378)
24; d(252) d(433) d(370) a(148,213) d(332) r(214,9) r(225,441) r(210,19) d(387) a(210,467) a(254,254) d(210) a(159,349) d(138) d(213) r(406,330) d(361) d(180)
25; r(449,274) a(240,287) d(154) r(187,136) d(334) r(193,323) a(258,441)
26; d(252) d(433) d(370) a(148,213) d(332) r(214,9) r(225,441) r(210,19) d(387) d(377)
27; r(449,274) a(240,287) d(154) r(187,136) d(334) r(193,323) a(210,467) a(254,254) d(210) a(159,349) d(138) d(213) r(406,330) d(361) r(141,276)
28; d(252) d(433) d(370) a(148,213) d(332) r(214,9) r(225,441) r(210,19) d(387) d(449)
29; d(239) d(449) d(120)
30; d(428) r(231,29) a(398,20) a(129,22) d(133) d(122) r(378,402) r(331,272) r(393,173) a(324,235)
31; r(449,274) a(240,287) d(154) d(433) d(370) a(148,213) d(332) r(214,9) d(182) a(381,439) d(303) a(351,9)
32; d(428) r(231,29) a(398,20) a(129,22) d(133) d(122) r(378,402) a(381,439) d(303) d(417)
33; r(449,274) a(240,287) d(154) d(433) d(370) a(148,213) d(332) r(214,9) d(182) r(331,272) r(393,173) r(369,173)
34; d(252) d(433) d(409) d(122) d(299) r(448,202) a(457,172) a(370,401)
35; r(449,274) a(240,287) r(23,381) d(138) r(439,227) d(396) r(244,374) d(164)
36; d(239) d(419) r(464,400) a(135,233) d(357) r(133,21) a(227,13) a(118,9) a(138,130) r(412,154) r(148,233) d(236) d(334) a(214,19)
37; d(146) r(193,323) a(210,467) a(254,254) d(210) a(159,349) d(138) d(213) r(406,330) a(438,444) r(327,28)
38; d(146) r(210,150) r(374,21) d(450) d(258)
39; r(449,274) a(240,287) d(154) r(187,136) d(251) d(475) a(212,180) d(394) r(324,291) r(224,337) d(281) a(241,349)
40; r(449,274) a(240,287) d(154) r(187,136) d(148) a(396,162) a(129,350) d(465) r(212,357) r(22,445) r(231,360) d(422)
41; r(449,274) a(240,287) d(154) r(187,136) d(251) d(475) a(212,180) d(394) r(324,291) r(224,337) d(281) d(436)
42; r(449,274) a(240,287) d(154) r(187,136) d(251) d(475) r(440,471) d(254) d(180) d(281)
43; d(239) d(449) a(280,350)
44; d(252) d(433) d(409) d(122) d(299) r(448,202) d(254)
45; d(239) d(357) r(133,21) a(227,13) a(118,9) a(138,130) r(412,154) r(143,228) a(442,337) d(212) a(206,181) d(415)
46; d(252) d(433) d(409) d(122) d(299) r(448,202) a(206,181) r(210,275)
47; d(239) d(357) r(133,21) a(227,13) a(118,9) a(138,130) r(412,154) r(143,228) a(442,337) d(212) a(210,358)
48; d(239) d(419) r(464,400) a(135,233) a(212,180) d(394) r(324,291) r(224,337) a(214,185) d(168)
49; r(449,274) a(240,287) r(23,381) d(138) r(439,227) d(396) r(244,374) d(213)
50; d(239) d(449) a(213,202)
51; r(449,274) a(240,287) d(326) d(133) r(274,22) d(410) d(377) r(212,22) r(123,462)
52; r(449,274) a(240,287) r(23,381) d(138) d(238)
53; r(449,274) a(240,287) a(210,467) a(254,254) d(210) a(159,349) r(212,146) a(435,369) r(213,183) a(181,192) d(381) a(215,2) a(212,350) d(225)
54; r(449,274) a(240,287) r(23,381) d(138) a(181,192) d(381) a(215,2) a(212,350) d(382)
55; r(449,274) a(240,287) a(210,467) a(254,254) d(210) a(159,349) r(212,146) a(435,369) r(213,183) a(214,173)
--------------------------------------------------------------------------------
Evaluation

0; 0.
1; 0.
2; 10.
3; 0.
4; 0.
5; 0.
6; 0.
7; 0.
8; 0.
9; 0.
10; 0.
11; 0.
12; 0.
13; 0.
14; 0.
15; 0.
16; 0.
17; 0.
18; 0.
19; 0.
20; 0.
21; 0.
22; 0.
23; 0.
24; 0.
25; 0.
26; 0.
27; 0.
28; 0.
29; 0.
30; 0.
31; 0.
32; 0.
33; 0.
34; 0.
35; 0.
36; 0.
37; 10.
38; 0.
39; 0.
40; 0.
41; 0.
42; 0.
43; 0.
44; 0.
45; 0.
46; 0.
47; 0.
48; 0.
49; 0.
50; 0.
51; 0.
52; 0.
53; 0.
54; 0.
55; 0.
================================================================================
Generation 10

--------------------------------------------------------------------------------
Selection

0; 8
1; 41
2; 5
3; 22
4; 32
5; 7
6; 54
7; 6
8; 5
9; 53
10; 32
11; 52
12; 14
13; 54
14; 39
15; 50
16; 14
17; 3
18; 22
19; 44
20; 9
21; 10
22; 23
23; 35
24; 9
25; 20
26; 40
27; 52
28; 29
29; 43
30; 40
31; 7
32; 53
33; 28
34; 35
35; 19
36; 41
37; 50
38; 23
39; 25
--------------------------------------------------------------------------------
Crossover

0; 10, 3; r(449,274) a(240,287) r(23,381) d(138)
1; 10, 3; d(252) r(187,136) r(325,178) r(210,175) r(193,208) r(157,337) a(448,20) r(213,150)
2; 10; r(449,274) a(240,287) r(23,381) d(138) a(448,20) r(213,150)
3; 3; d(252) r(187,136) r(325,178) r(210,175) r(193,208) r(157,337)
4; 6, 32; d(239) d(357) r(133,21) a(227,13) a(118,9) a(138,130) r(187,136) d(251) d(394) d(122) r(378,402) a(381,439) d(303) d(417)
5; 6, 32; d(428) r(231,29) a(398,20) a(129,22) d(133) r(182,183) a(253,352) d(181) a(472,281) r(420,406)
6; 6; d(239) d(357) r(133,21) a(227,13) a(118,9) a(138,130) r(187,136) d(251) d(394) r(182,183) a(253,352) d(181) a(472,281) r(420,406)
7; 32; d(428) r(231,29) a(398,20) a(129,22) d(133) d(122) r(378,402) a(381,439) d(303) d(417)
8; 43; d(239) d(449) a(280,350)
9; 14; d(252) d(433) d(370) a(148,213) d(332) r(214,9) r(213,148) d(293) a(171,156) d(210)
10; 29; d(239) d(449) d(120)
11; 20; r(449,274) a(240,287) r(23,381) d(138) r(439,227) d(396) r(436,415) a(214,330)
12; 52; r(449,274) a(240,287) r(23,381) d(138) d(238)
13; 22; d(252) d(433) d(409) d(122) d(299) r(215,449) r(370,228) r(432,367)
14; 5; d(252) r(187,136) r(325,178) d(141)
15; 32; d(428) r(231,29) a(398,20) a(129,22) d(133) d(122) r(378,402) a(381,439) d(303) d(417)
16; 35, 52; r(449,274) a(240,287) r(23,381) d(138) r(439,227) d(396)
17; 35, 52; r(449,274) a(240,287) r(23,381) d(138) d(238) r(244,374) d(164)
18; 35; r(449,274) a(240,287) r(23,381) d(138) r(439,227) d(396) r(244,374) d(164)
19; 52; r(449,274) a(240,287) r(23,381) d(138) d(238)
20; 54; r(449,274) a(240,287) r(23,381) d(138) a(181,192) d(381) a(215,2) a(212,350) d(382)
21; 19; r(449,274) a(240,287) a(210,467) a(254,254) d(210) a(159,349) r(212,146) a(435,369) r(213,183) r(430,368)
22; 40, 9; r(449,274) a(240,287) d(154) r(187,136) d(148) a(396,162) a(129,350) d(394) r(182,183) a(253,352) d(181) a(472,281) r(242,444)
23; 40, 9; r(449,274) a(240,287) d(154) r(187,136) d(251) d(465) r(212,357) r(22,445) r(231,360) d(422)
24; 40; r(449,274) a(240,287) d(154) r(187,136) d(148) a(396,162) a(129,350) d(465) r(212,357) r(22,445) r(231,360) d(422)
25; 9; r(449,274) a(240,287) d(154) r(187,136) d(251) d(394) r(182,183) a(253,352) d(181) a(472,281) r(242,444)
26; 7; r(449,274) a(240,287) d(154) r(412,154) r(143,228) a(442,337) d(212) a(213,385)
27; 8; d(239) d(357) r(133,21) a(227,13) a(118,9) a(138,130) r(412,154) r(143,228) a(442,337) d(212) d(419)
28; 28; d(252) d(433) d(370) a(148,213) d(332) r(214,9) r(225,441) r(210,19) d(387) d(449)
29; 50; d(239) d(449) a(213,202)
30; 39; r(449,274) a(240,287) d(154) r(187,136) d(251) d(475) a(212,180) d(394) r(324,291) r(224,337) d(281) a(241,349)
31; 25; r(449,274) a(240,287) d(154) r(187,136) d(334) r(193,323) a(258,441)
32; 22, 23; d(252) a(129,350) d(465) r(212,357) r(22,445) r(231,360) a(367,378)
33; 22, 23; r(449,274) a(240,287) d(154) r(187,136) d(148) a(396,162) d(433) d(409) d(122) d(299) r(215,449) r(370,228) r(432,367)
34; 22; d(252) d(433) d(409) d(122) d(299) r(215,449) r(370,228) r(432,367)
35; 23; r(449,274) a(240,287) d(154) r(187,136) d(148) a(396,162) a(129,350) d(465) r(212,357) r(22,445) r(231,360) a(367,378)
36; 50, 54; d(239) d(449) a(213,202) d(381) a(215,2) a(212,350) d(382)
37; 50, 54; r(449,274) a(240,287) r(23,381) d(138) a(181,192)
38; 50; d(239) d(449) a(213,202)
39; 54; r(449,274) a(240,287) r(23,381) d(138) a(181,192) d(381) a(215,2) a(212,350) d(382)
40; 14, 53; d(252) d(433) d(370) a(148,213) d(332) r(214,9) r(213,148) a(240,287) a(210,467) a(254,254) d(210) a(159,349) r(212,146) a(435,369) r(213,183) a(181,192) d(381) a(215,2) a(212,350) d(225)
41; 14, 53; r(449,274) d(293) a(171,156) d(210)
42; 14; d(252) d(433) d(370) a(148,213) d(332) r(214,9) r(213,148) d(293) a(171,156) d(210)
43; 53; r(449,274) a(240,287) a(210,467) a(254,254) d(210) a(159,349) r(212,146) a(435,369) r(213,183) a(181,192) d(381) a(215,2) a(212,350) d(225)
44; 40; r(449,274) a(240,287) d(154) r(187,136) d(148) a(396,162) a(129,350) d(465) r(212,357) r(22,445) r(231,360) d(422)
45; 5; d(252) r(187,136) r(325,178) d(141)
46; 23; r(449,274) a(240,287) d(154) r(187,136) d(148) a(396,162) a(129,350) d(465) r(212,357) r(22,445) r(231,360) a(367,378)
47; 9; r(449,274) a(240,287) d(154) r(187,136) d(251) d(394) r(182,183) a(253,352) d(181) a(472,281) r(242,444)
48; 41, 35; r(449,274) a(240,287) d(154) r(187,136) d(251) d(475) a(212,180) d(394) r(324,291) r(224,337) d(281) d(396) r(244,374) d(164)
49; 41, 35; r(449,274) a(240,287) r(23,381) d(138) r(439,227) d(436)
50; 41; r(449,274) a(240,287) d(154) r(187,136) d(251) d(475) a(212,180) d(394) r(324,291) r(224,337) d(281) d(436)
51; 35; r(449,274) a(240,287) r(23,381) d(138) r(439,227) d(396) r(244,374) d(164)
52; 53; r(449,274) a(240,287) a(210,467) a(254,254) d(210) a(159,349) r(212,146) a(435,369) r(213,183) a(181,192) d(381) a(215,2) a(212,350) d(225)
53; 7; r(449,274) a(240,287) d(154) r(412,154) r(143,228) a(442,337) d(212) a(213,385)
54; 41, 44; r(449,274) a(240,287) d(154) r(187,136) d(251) d(299) r(448,202) d(254)
55; 41, 44; d(252) d(433) d(409) d(122) d(475) a(212,180) d(394) r(324,291) r(224,337) d(281) d(436)
56; 41; r(449,274) a(240,287) d(154) r(187,136) d(251) d(475) a(212,180) d(394) r(324,291) r(224,337) d(281) d(436)
57; 44; d(252) d(433) d(409) d(122) d(299) r(448,202) d(254)
--------------------------------------------------------------------------------
Mutation

0; r(449,274) a(240,287) r(23,381) d(138) r(418,415)
1; d(252) r(187,136) r(325,178) r(210,175) r(193,208) r(157,337) a(448,20) r(213,150) d(19)
2; r(449,274) a(240,287) r(23,381) d(138) a(448,20) r(213,150) a(294,253)
3; d(252) r(187,136) r(325,178) r(210,175) r(193,208) r(157,337) d(390)
4; d(239) d(357) r(133,21) a(227,13) a(118,9) a(138,130) r(187,136) d(251) d(394) d(122) r(378,402) a(381,439) d(303) d(417) a(138,341)
5; d(428) r(231,29) a(398,20) a(129,22) d(133) r(182,183) a(253,352) d(181) a(472,281) r(420,406) d(461)
6; d(239) d(357) r(133,21) a(227,13) a(118,9) a(138,130) r(187,136) d(251) d(394) r(182,183) a(253,352) d(181) a(472,281) r(420,406) r(2,28)
7; d(428) r(231,29) a(398,20) a(129,22) d(133) d(122) r(378,402) a(381,439) d(303) d(417) a(162,150)
8; d(239) d(449) a(280,350) d(193)
9; d(252) d(433) d(370) a(148,213) d(332) r(214,9) r(213,148) d(293) a(171,156) d(210) d(367)
10; d(239) d(449) d(120) a(214,205)
11; r(449,274) a(240,287) r(23,381) d(138) r(439,227) d(396) r(436,415) a(214,330) a(212,439)
12; r(449,274) a(240,287) r(23,381) d(138) d(238) r(214,393)
13; d(252) d(433) d(409) d(122) d(299) r(215,449) r(370,228) r(432,367) a(181,202)
14; d(252) r(187,136) r(325,178) d(141) d(284)
15; d(428) r(231,29) a(398,20) a(129,22) d(133) d(122) r(378,402) a(381,439) d(303) d(417) r(371,406)
16; r(449,274) a(240,287) r(23,381) d(138) r(439,227) d(396) d(387)
17; r(449,274) a(240,287) r(23,381) d(138) d(238) r(244,374) d(164) r(258,455)
18; r(449,274) a(240,287) r(23,381) d(138) r(439,227) d(396) r(244,374) d(164) a(344,301)
19; r(449,274) a(240,287) r(23,381) d(138) d(238) a(11,22)
20; r(449,274) a(240,287) r(23,381) d(138) a(181,192) d(381) a(215,2) a(212,350) d(382) a(370,28)
21; r(449,274) a(240,287) a(210,467) a(254,254) d(210) a(159,349) r(212,146) a(435,369) r(213,183) r(430,368) r(121,45)
22; r(449,274) a(240,287) d(154) r(187,136) d(148) a(396,162) a(129,350) d(394) r(182,183) a(253,352) d(181) a(472,281) r(242,444) a(213,193)
23; r(449,274) a(240,287) d(154) r(187,136) d(251) d(465) r(212,357) r(22,445) r(231,360) d(422) r(272,362)
24; r(449,274) a(240,287) d(154) r(187,136) d(148) a(396,162) a(129,350) d(465) r(212,357) r(22,445) r(231,360) d(422) d(141)
25; r(449,274) a(240,287) d(154) r(187,136) d(251) d(394) r(182,183) a(253,352) d(181) a(472,281) r(242,444) r(210,400)
26; r(449,274) a(240,287) d(154) r(412,154) r(143,228) a(442,337) d(212) a(213,385) a(387,398)
27; d(239) d(357) r(133,21) a(227,13) a(118,9) a(138,130) r(412,154) r(143,228) a(442,337) d(212) d(419) a(449,120)
28; d(252) d(433) d(370) a(148,213) d(332) r(214,9) r(225,441) r(210,19) d(387) d(449) a(166,158)
29; d(239) d(449) a(213,202) a(351,448)
30; r(449,274) a(240,287) d(154) r(187,136) d(251) d(475) a(212,180) d(394) r(324,291) r(224,337) d(281) a(241,349) d(326)
31; r(449,274) a(240,287) d(154) r(187,136) d(334) r(193,323) a(258,441) a(214,444)
32; d(252) a(129,350) d(465) r(212,357) r(22,445) r(231,360) a(367,378) r(376,281)
33; r(449,274) a(240,287) d(154) r(187,136) d(148) a(396,162) d(433) d(409) d(122) d(299) r(215,449) r(370,228) r(432,367) d(384)
34; d(252) d(433) d(409) d(122) d(299) r(215,449) r(370,228) r(432,367) r(415,390)
35; r(449,274) a(240,287) d(154) r(187,136) d(148) a(396,162) a(129,350) d(465) r(212,357) r(22,445) r(231,360) a(367,378) d(396)
36; d(239) d(449) a(213,202) d(381) a(215,2) a(212,350) d(382) a(352,272)
37; r(449,274) a(240,287) r(23,381) d(138) a(181,192) a(438,136)
38; d(239) d(449) a(213,202) r(212,188)
39; r(449,274) a(240,287) r(23,381) d(138) a(181,192) d(381) a(215,2) a(212,350) d(382) a(174,228)
40; d(252) d(433) d(370) a(148,213) d(332) r(214,9) r(213,148) a(240,287) a(210,467) a(254,254) d(210) a(159,349) r(212,146) a(435,369) r(213,183) a(181,192) d(381) a(215,2) a(212,350) d(225) d(244)
41; r(449,274) d(293) a(171,156) d(210) a(177,183)
42; d(252) d(433) d(370) a(148,213) d(332) r(214,9) r(213,148) d(293) a(171,156) d(210) d(132)
43; r(449,274) a(240,287) a(210,467) a(254,254) d(210) a(159,349) r(212,146) a(435,369) r(213,183) a(181,192) d(381) a(215,2) a(212,350) d(225) d(230)
44; r(449,274) a(240,287) d(154) r(187,136) d(148) a(396,162) a(129,350) d(465) r(212,357) r(22,445) r(231,360) d(422) d(327)
45; d(252) r(187,136) r(325,178) d(141) d(210)
46; r(449,274) a(240,287) d(154) r(187,136) d(148) a(396,162) a(129,350) d(465) r(212,357) r(22,445) r(231,360) a(367,378) d(335)
47; r(449,274) a(240,287) d(154) r(187,136) d(251) d(394) r(182,183) a(253,352) d(181) a(472,281) r(242,444) a(133,19)
48; r(449,274) a(240,287) d(154) r(187,136) d(251) d(475) a(212,180) d(394) r(324,291) r(224,337) d(281) d(396) r(244,374) d(164) d(166)
49; r(449,274) a(240,287) r(23,381) d(138) r(439,227) d(436) r(241,247)
50; r(449,274) a(240,287) d(154) r(187,136) d(251) d(475) a(212,180) d(394) r(324,291) r(224,337) d(281) d(436) d(294)
51; r(449,274) a(240,287) r(23,381) d(138) r(439,227) d(396) r(244,374) d(164) a(461,19)
52; r(449,274) a(240,287) a(210,467) a(254,254) d(210) a(159,349) r(212,146) a(435,369) r(213,183) a(181,192) d(381) a(215,2) a(212,350) d(225) r(434,13)
53; r(449,274) a(240,287) d(154) r(412,154) r(143,228) a(442,337) d(212) a(213,385) a(293,235)
54; r(449,274) a(240,287) d(154) r(187,136) d(251) d(299) r(448,202) d(254) a(386,227)
55; d(252) d(433) d(409) d(122) d(475) a(212,180) d(394) r(324,291) r(224,337) d(281) d(436) a(258,356)
56; r(449,274) a(240,287) d(154) r(187,136) d(251) d(475) a(212,180) d(394) r(324,291) r(224,337) d(281) d(436) d(421)
57; d(252) d(433) d(409) d(122) d(299) r(448,202) d(254) r(350,120)
--------------------------------------------------------------------------------
Evaluation

0; 0.
1; 0.
2; 0.
3; 0.
4; 0.
5; 0.
6; 0.
7; 0.
8; 0.
9; 0.
10; 0.
11; 0.
12; 0.
13; 0.
14; 0.
15; 0.
16; 0.
17; 0.
18; 0.
19; 0.
20; 0.
21; 0.
22; 0.
23; 0.
24; 0.
25; 0.
26; 0.
27; 0.
28; 0.
29; 0.
30; 0.
31; 0.
32; 0.
33; 0.
34; 0.
35; 0.
36; 0.
37; 0.
38; 0.
39; 0.
40; 0.
41; 0.
42; 0.
43; 0.
44; 0.
45; 0.
46; 0.
47; 0.
48; 0.
49; 0.
50; 0.
51; 0.
52; 0.
53; 0.
54; 0.
55; 0.
56; 0.
57; 0.
