================================================================================
Enclosure

1: 0
2: 0
3: 0
4: 3
5: 4
6: 4
7: 4
8: 4
9: 3
10: 0
11: 0
12: 11
13: 11
14: 0
15: 0
16: 15
17: 15
18: 15
19: 15
20: 0
21: 0
22: 0
23: 0
24: 0
25: 0
26: 0
28: 26
29: 0
31: 29
32: 0
33: 0
34: 0
35: 0
37: 35
38: 0
39: 0
40: 39
41: 40
43: 39
45: 43
46: 39
47: 0
48: 0
50: 48
52: 50
53: 0
54: 0
56: 0
58: 56
59: 0
60: 0
61: 0
62: 0
64: 0
65: 0
67: 0
68: 0
69: 0
70: 0
71: 0
72: 71
73: 72
75: 71
76: 71
77: 71
78: 0
79: 78
80: 78
81: 78
82: 78
83: 82
84: 83
86: 82
87: 82
88: 82
89: 78
90: 0
91: 0
92: 0
93: 92
94: 93
95: 93
96: 92
97: 96
98: 96
99: 96
100: 92
101: 100
102: 100
103: 92
104: 92
105: 0
106: 105
107: 105
108: 0
109: 0
110: 0
111: 0
112: 111
113: 112
115: 111
116: 111
117: 0
118: 0
119: 118
120: 118
121: 0
122: 0
123: 0
124: 0
126: 0
127: 126
128: 126
129: 126
130: 126
131: 126
132: 126
133: 126
134: 0
135: 134
136: 134
137: 0
138: 137
139: 137
141: 0
142: 0
143: 0
145: 0
146: 0
147: 0
148: 0
149: 148
150: 149
151: 149
152: 149
153: 152
154: 153
156: 152
157: 152
158: 149
159: 149
160: 149
161: 160
162: 161
164: 160
165: 160
166: 148
167: 166
168: 167
170: 167
171: 166
172: 148
173: 148
174: 0
175: 0
176: 175
177: 175
178: 177
180: 175
181: 175
182: 181
183: 181
184: 181
185: 184
187: 181
188: 181
189: 181
190: 189
192: 189
193: 175
194: 193
195: 193
197: 193
198: 175
199: 0
200: 0
201: 200
202: 201
204: 200
205: 0
206: 205
207: 205
208: 207
210: 207
211: 205
212: 0
213: 0
214: 0
215: 0
216: 0
217: 0
218: 217
219: 217
220: 217
221: 220
223: 217
224: 217
225: 217
226: 225
227: 225
228: 0
229: 0
230: 0
231: 0
232: 231
233: 232
235: 231
236: 231
237: 231
238: 231
239: 231
240: 231
241: 231
242: 231
243: 231
244: 231
245: 231
246: 231
247: 231
248: 231
249: 231
250: 231
251: 231
252: 231
253: 0
254: 0
255: 0
256: 0
257: 0
258: 257
259: 258
260: 258
261: 258
262: 258
263: 262
264: 263
266: 262
268: 266
269: 262
270: 262
271: 262
272: 258
273: 257
274: 257
275: 257
276: 257
277: 0
278: 277
279: 278
280: 279
281: 280
284: 278
286: 277
287: 0
289: 287
290: 0
291: 0
292: 291
293: 292
294: 293
297: 291
298: 291
299: 291
300: 291
301: 291
303: 301
304: 291
305: 304
306: 304
307: 304
308: 304
309: 304
311: 309
312: 304
313: 304
314: 304
315: 304
316: 315
317: 316
319: 315
320: 315
321: 304
323: 304
324: 0
325: 0
326: 0
327: 0
328: 0
330: 328
331: 0
332: 0
333: 0
334: 0
335: 0
337: 335
338: 0
339: 0
340: 339
341: 340
343: 339
344: 339
346: 344
347: 346
349: 347
350: 346
351: 339
352: 351
353: 352
355: 353
356: 352
357: 352
358: 351
359: 339
360: 0
361: 360
362: 360
364: 0
365: 0
367: 0
368: 0
369: 0
370: 369
371: 369
372: 371
373: 371
374: 373
376: 0
377: 376
378: 377
379: 377
380: 379
381: 379
382: 377
384: 377
385: 376
386: 0
387: 386
388: 386
390: 386
391: 0
392: 391
393: 391
394: 0
396: 394
397: 396
398: 396
399: 398
400: 398
401: 396
402: 396
403: 396
404: 403
405: 404
406: 405
409: 403
410: 403
411: 396
412: 411
413: 411
414: 396
415: 396
416: 0
417: 0
418: 0
419: 418
420: 418
421: 0
422: 421
423: 421
424: 421
425: 424
427: 421
428: 0
429: 428
430: 428
431: 0
432: 431
433: 431
434: 431
435: 0
436: 0
437: 0
438: 0
439: 438
440: 438
441: 438
442: 0
443: 0
444: 443
445: 444
446: 444
447: 444
448: 443
449: 443
450: 0
451: 0
452: 0
453: 0
454: 453
455: 454
457: 453
458: 453
459: 453
460: 0
461: 460
462: 460
463: 0
464: 0
465: 0
466: 465
467: 465
468: 0
469: 0
470: 469
471: 469
472: 0
473: 0
474: 473
475: 473
477: 0
478: 0
479: 0
================================================================================
Initialisation

0; r(214,29); 0.
1; a(231,303); 5.
2; d(427); 3.
3; r(175,194); 0.
4; a(213,150); 5.
5; d(443); 0.
6; d(290); 0.
7; d(428); 3.
8; a(177,413); 5.
9; a(405,380); 5.
10; r(361,197); 5.
11; d(117); 0.
12; a(214,120); 5.
13; d(343); 5.
14; r(213,415); 5.
15; a(13,449); 5.
16; a(154,384); 5.
17; a(256,462); 5.
18; a(210,181); 5.
19; r(184,13); 1.
20; a(293,233); 5.
21; d(273); 5.
22; r(213,195); 5.
23; r(205,22); 0.
24; a(206,439); 5.
25; d(213); 5.
26; d(219); 0.
27; d(437); 0.
28; a(24,303); 5.
29; r(22,41); 5.
30; a(193,425); 5.
31; r(11,228); 10.
32; a(332,136); 5.
33; d(192); 5.
34; d(453); 5.
35; d(290); 0.
36; d(132); 5.
37; a(331,406); 5.
38; a(214,358); 5.
39; original; 5.
================================================================================
Generation 1

--------------------------------------------------------------------------------
Selection

0; 27
1; 15
2; 14
3; 3
4; 26
5; 36
6; 34
7; 19
8; 26
9; 22
10; 19
11; 38
12; 26
13; 8
14; 17
15; 38
16; 9
17; 33
18; 18
19; 5
20; 0
21; 36
22; 13
23; 38
24; 39
25; 26
26; 38
27; 22
28; 22
29; 33
30; 12
31; 25
32; 7
33; 0
34; 11
35; 18
36; 11
37; 8
38; 12
39; 15
--------------------------------------------------------------------------------
Crossover

0; 5; d(443)
1; 36; d(132)
2; 38, 22; a(214,358)
3; 38, 22; r(213,195)
4; 38; a(214,358)
5; 22; r(213,195)
6; 15, 15; a(13,449)
7; 15, 15; a(13,449)
8; 15; a(13,449)
9; 15; a(13,449)
10; 0, 26; r(214,29)
11; 0, 26; d(219)
12; 0; r(214,29)
13; 26; d(219)
14; 19; r(184,13)
15; 13; d(343)
16; 33, 17; d(192)
17; 33, 17; a(256,462)
18; 33; d(192)
19; 17; a(256,462)
20; 11, 22; d(117)
21; 11, 22; r(213,195)
22; 11; d(117)
23; 22; r(213,195)
24; 8, 11; a(177,413)
25; 8, 11; d(117)
26; 8; a(177,413)
27; 11; d(117)
28; 36, 27; d(132)
29; 36, 27; d(437)
30; 36; d(132)
31; 27; d(437)
32; 12; a(214,120)
33; 25; d(213)
34; 38; a(214,358)
35; 22; r(213,195)
36; 38; a(214,358)
37; 0; r(214,29)
38; 19; r(184,13)
39; 26; d(219)
40; 26, 38; d(219)
41; 26, 38; a(214,358)
42; 26; d(219)
43; 38; a(214,358)
44; 39; original
45; 12; a(214,120)
46; 7; d(428)
47; 33; d(192)
48; 18, 8; a(210,181)
49; 18, 8; a(177,413)
50; 18; a(210,181)
51; 8; a(177,413)
52; 3; r(175,194)
53; 34; d(453)
54; 9; a(405,380)
55; 14; r(213,415)
56; 18, 26; a(210,181)
57; 18, 26; d(219)
58; 18; a(210,181)
59; 26; d(219)
--------------------------------------------------------------------------------
Mutation

0; d(443) r(213,159)
1; d(132) a(356,9)
2; a(214,358) a(328,406)
3; r(213,195) a(249,406)
4; a(214,358) r(468,1)
5; r(213,195) a(217,218)
6; a(13,449) r(370,425)
7; a(13,449) r(212,400)
8; a(13,449) a(25,390)
9; a(13,449) d(168)
10; r(214,29) a(254,243)
11; d(219) d(236)
12; r(214,29) r(385,341)
13; d(219) d(210)
14; r(184,13) r(328,242)
15; d(343) r(210,172)
16; d(192) r(325,22)
17; a(256,462) d(409)
18; d(192) d(127)
19; a(256,462) a(210,197)
20; d(117) d(351)
21; r(213,195) r(184,52)
22; d(117) r(166,199)
23; r(213,195) a(399,422)
24; a(177,413) r(228,202)
25; d(117) r(199,444)
26; a(177,413) a(380,439)
27; d(117) a(410,430)
28; d(132) a(353,335)
29; d(437) d(213)
30; d(132) d(193)
31; d(437) a(165,289)
32; a(214,120) r(212,273)
33; d(213) r(192,385)
34; a(214,358) a(199,233)
35; r(213,195) r(228,462)
36; a(214,358) r(3,1)
37; r(214,29) d(135)
38; r(184,13) a(216,210)
39; d(219) d(229)
40; d(219) d(224)
41; a(214,358) a(449,330)
42; d(219) d(210)
43; a(214,358) r(214,446)
44; r(357,455)
45; a(214,120) d(242)
46; d(428) a(414,384)
47; d(192) d(417)
48; a(210,181) d(213)
49; a(177,413) d(245)
50; a(210,181) a(174,146)
51; a(177,413) a(212,393)
52; r(175,194) r(220,214)
53; d(453) a(303,13)
54; a(405,380) d(327)
55; r(213,415) d(420)
56; a(210,181) d(367)
57; d(219) d(422)
58; a(210,181) r(178,113)
59; d(219) a(441,400)
--------------------------------------------------------------------------------
Evaluation

0; 0.
1; 5.
2; 5.
3; 5.
4; 0.
5; 5.
6; 0.
7; 5.
8; 5.
9; 0.
10; 0.
11; 0.
12; 0.
13; 0.
14; 1.
15; 5.
16; 0.
17; 5.
18; 0.
19; 5.
20; 0.
21; 1.
22; 0.
23; 5.
24; 0.
25; 0.
26; 5.
27; 0.
28; 0.
29; 0.
30; 0.
31; 0.
32; 15.
33; 5.
34; 5.
35; 0.
36; 5.
37; 0.
38; 1.
39; 0.
40; 0.
41; 5.
42; 0.
43; 15.
44; 5.
45; 0.
46; 3.
47; 0.
48; 5.
49; 5.
50; 5.
51; 5.
52; 0.
53; 5.
54; 0.
55; 5.
56; 0.
57; 0.
58; 5.
59; 0.
================================================================================
Generation 2

--------------------------------------------------------------------------------
Selection

0; 11
1; 21
2; 47
3; 37
4; 20
5; 38
6; 12
7; 57
8; 40
9; 13
10; 48
11; 20
12; 17
13; 57
14; 36
15; 58
16; 25
17; 54
18; 53
19; 59
20; 16
21; 39
22; 42
23; 27
24; 9
25; 5
26; 3
27; 31
28; 56
29; 38
30; 12
31; 37
32; 47
33; 6
34; 9
35; 35
36; 42
37; 5
38; 22
39; 14
--------------------------------------------------------------------------------
Crossover

0; 11; d(219) d(236)
1; 59; d(219) a(441,400)
2; 54; a(405,380) d(327)
3; 39; d(219) d(229)
4; 47, 5; d(192)
5; 47, 5; r(213,195) a(217,218) d(417)
6; 47; d(192) d(417)
7; 5; r(213,195) a(217,218)
8; 47; d(192) d(417)
9; 9; a(13,449) d(168)
10; 21; r(213,195) r(184,52)
11; 22; d(117) r(166,199)
12; 25, 37; d(117) r(199,444)
13; 25, 37; r(214,29) d(135)
14; 25; d(117) r(199,444)
15; 37; r(214,29) d(135)
16; 42; d(219) d(210)
17; 16; d(192) r(325,22)
18; 14, 56; r(184,13) r(328,242)
19; 14, 56; a(210,181) d(367)
20; 14; r(184,13) r(328,242)
21; 56; a(210,181) d(367)
22; 17; a(256,462) d(409)
23; 42; d(219) d(210)
24; 38; r(184,13) a(216,210)
25; 20; d(117) d(351)
26; 12; r(214,29) r(385,341)
27; 38; r(184,13) a(216,210)
28; 9, 3; a(13,449) a(249,406)
29; 9, 3; r(213,195) d(168)
30; 9; a(13,449) d(168)
31; 3; r(213,195) a(249,406)
32; 58; a(210,181) r(178,113)
33; 13; d(219) d(210)
34; 48; a(210,181) d(213)
35; 12; r(214,29) r(385,341)
36; 40, 31; d(219) d(224) a(165,289)
37; 40, 31; d(437)
38; 40; d(219) d(224)
39; 31; d(437) a(165,289)
40; 35, 37; r(213,195)
41; 35, 37; r(214,29) d(135) r(228,462)
42; 35; r(213,195) r(228,462)
43; 37; r(214,29) d(135)
44; 57, 27; d(219)
45; 57, 27; d(117) a(410,430) d(422)
46; 57; d(219) d(422)
47; 27; d(117) a(410,430)
48; 36; a(214,358) r(3,1)
49; 57; d(219) d(422)
50; 6, 53; a(13,449)
51; 6, 53; d(453) a(303,13) r(370,425)
52; 6; a(13,449) r(370,425)
53; 53; d(453) a(303,13)
54; 20, 5; d(117) d(351)
55; 20, 5; r(213,195) a(217,218)
56; 20; d(117) d(351)
57; 5; r(213,195) a(217,218)
--------------------------------------------------------------------------------
Mutation

0; d(219) d(236) d(428)
1; d(219) a(441,400) d(212)
2; a(405,380) d(327) d(204)
3; d(219) d(229) d(204)
4; d(192) d(213)
5; r(213,195) a(217,218) d(417) d(294)
6; d(192) d(417) d(184)
7; r(213,195) a(217,218) d(171)
8; d(192) d(417) d(154)
9; a(13,449) d(168) a(240,280)
10; r(213,195) r(184,52) d(112)
11; d(117) r(166,199) d(200)
12; d(117) r(199,444) a(119,233)
13; r(214,29) d(135) d(457)
14; d(117) r(199,444) r(327,445)
15; r(214,29) d(135) r(367,379)
16; d(219) d(210) d(21)
17; d(192) r(325,22) r(212,139)
18; r(184,13) r(328,242) a(297,286)
19; a(210,181) d(367) d(241)
20; r(184,13) r(328,242) r(177,444)
21; a(210,181) d(367) d(468)
22; a(256,462) d(409) r(213,439)
23; d(219) d(210) a(299,325)
24; r(184,13) a(216,210) d(124)
25; d(117) d(351) d(432)
26; r(214,29) r(385,341) d(434)
27; r(184,13) a(216,210) r(206,455)
28; a(13,449) a(249,406) r(467,272)
29; r(213,195) d(168) d(385)
30; a(13,449) d(168) d(250)
31; r(213,195) a(249,406) r(177,337)
32; a(210,181) r(178,113) r(415,433)
33; d(219) d(210) d(272)
34; a(210,181) d(213) r(212,145)
35; r(214,29) r(385,341) r(213,145)
36; d(219) d(224) a(165,289) d(182)
37; d(437) r(132,52)
38; d(219) d(224) d(204)
39; d(437) a(165,289) d(166)
40; r(213,195) r(212,147)
41; r(214,29) d(135) r(228,462) a(252,291)
42; r(213,195) r(228,462) d(433)
43; r(214,29) d(135) a(385,173)
44; d(219) r(391,394)
45; d(117) a(410,430) d(422) r(420,1)
46; d(219) d(422) d(441)
47; d(117) a(410,430) r(404,401)
48; a(214,358) r(3,1) r(130,185)
49; d(219) d(422) d(419)
50; a(13,449) r(371,423)
51; d(453) a(303,13) r(370,425) r(281,475)
52; a(13,449) r(370,425) r(258,390)
53; d(453) a(303,13) d(349)
54; d(117) d(351) d(294)
55; r(213,195) a(217,218) r(279,1)
56; d(117) d(351) r(427,424)
57; r(213,195) a(217,218) r(356,21)
--------------------------------------------------------------------------------
Evaluation

0; 0.
1; 0.
2; 0.
3; 0.
4; 5.
5; 0.
6; 0.
7; 5.
8; 0.
9; 0.
10; 0.
11; 0.
12; 0.
13; 0.
14; 10.
15; 0.
16; 0.
17; 0.
18; 1.
19; 0.
20; 11.
21; 0.
22; 5.
23; 0.
24; 0.
25; 0.
26; 0.
27; 1.
28; 5.
29; 0.
30; 0.
31; 0.
32; 0.
33; 0.
34; 5.
35; 0.
36; 0.
37; 0.
38; 0.
39; 0.
40; 5.
41; 0.
42; 0.
43; 0.
44; 0.
45; 0.
46; 0.
47; 0.
48; 0.
49; 0.
50; 0.
51; 0.
52; 0.
53; 5.
54; 0.
55; 0.
56; 0.
57; 0.
================================================================================
Generation 3

--------------------------------------------------------------------------------
Selection

0; 33
1; 33
2; 36
3; 6
4; 25
5; 57
6; 17
7; 5
8; 41
9; 15
10; 16
11; 25
12; 21
13; 19
14; 47
15; 30
16; 43
17; 17
18; 30
19; 50
20; 11
21; 49
22; 38
23; 44
24; 38
25; 26
26; 29
27; 12
28; 41
29; 45
30; 24
31; 35
32; 29
33; 10
34; 15
35; 30
36; 56
37; 31
38; 23
39; 51
--------------------------------------------------------------------------------
Crossover

0; 30, 23; a(13,449) d(168) d(210) a(299,325)
1; 30, 23; d(219) d(250)
2; 30; a(13,449) d(168) d(250)
3; 23; d(219) d(210) a(299,325)
4; 51, 41; d(453)
5; 51, 41; r(214,29) d(135) r(228,462) a(252,291) a(303,13) r(370,425) r(281,475)
6; 51; d(453) a(303,13) r(370,425) r(281,475)
7; 41; r(214,29) d(135) r(228,462) a(252,291)
8; 17; d(192) r(325,22) r(212,139)
9; 21; a(210,181) d(367) d(468)
10; 15; r(214,29) d(135) r(367,379)
11; 35; r(214,29) r(385,341) r(213,145)
12; 36; d(219) d(224) a(165,289) d(182)
13; 6; d(192) d(417) d(184)
14; 30; a(13,449) d(168) d(250)
15; 5; r(213,195) a(217,218) d(417) d(294)
16; 12, 29; d(117) r(199,444) a(119,233) d(385)
17; 12, 29; r(213,195) d(168)
18; 12; d(117) r(199,444) a(119,233)
19; 29; r(213,195) d(168) d(385)
20; 24, 11; r(184,13) a(216,210) d(124) d(200)
21; 24, 11; d(117) r(166,199)
22; 24; r(184,13) a(216,210) d(124)
23; 11; d(117) r(166,199) d(200)
24; 26, 33; r(214,29) r(385,341) d(272)
25; 26, 33; d(219) d(210) d(434)
26; 26; r(214,29) r(385,341) d(434)
27; 33; d(219) d(210) d(272)
28; 25, 25; d(117) d(351) d(432)
29; 25, 25; d(117) d(351) d(432)
30; 25; d(117) d(351) d(432)
31; 25; d(117) d(351) d(432)
32; 10; r(213,195) r(184,52) d(112)
33; 17; d(192) r(325,22) r(212,139)
34; 44; d(219) r(391,394)
35; 16; d(219) d(210) d(21)
36; 45, 41; d(117) a(410,430) r(228,462) a(252,291)
37; 45, 41; r(214,29) d(135) d(422) r(420,1)
38; 45; d(117) a(410,430) d(422) r(420,1)
39; 41; r(214,29) d(135) r(228,462) a(252,291)
40; 30, 15; a(13,449) d(168) d(135) r(367,379)
41; 30, 15; r(214,29) d(250)
42; 30; a(13,449) d(168) d(250)
43; 15; r(214,29) d(135) r(367,379)
44; 47; d(117) a(410,430) r(404,401)
45; 33; d(219) d(210) d(272)
46; 49; d(219) d(422) d(419)
47; 50; a(13,449) r(371,423)
48; 29; r(213,195) d(168) d(385)
49; 38; d(219) d(224) d(204)
50; 57; r(213,195) a(217,218) r(356,21)
51; 31; r(213,195) a(249,406) r(177,337)
52; 19; a(210,181) d(367) d(241)
53; 56; d(117) d(351) r(427,424)
54; 43; r(214,29) d(135) a(385,173)
55; 38; d(219) d(224) d(204)
--------------------------------------------------------------------------------
Mutation

0; a(13,449) d(168) d(210) a(299,325) a(293,272)
1; d(219) d(250) r(353,441)
2; a(13,449) d(168) d(250) a(406,393)
3; d(219) d(210) a(299,325) r(462,465)
4; d(453) d(255)
5; r(214,29) d(135) r(228,462) a(252,291) a(303,13) r(370,425) r(281,475) d(210)
6; d(453) a(303,13) r(370,425) r(281,475) d(277)
7; r(214,29) d(135) r(228,462) a(252,291) r(225,214)
8; d(192) r(325,22) r(212,139) d(149)
9; a(210,181) d(367) d(468) d(286)
10; r(214,29) d(135) r(367,379) a(335,133)
11; r(214,29) r(385,341) r(213,145) r(23,34)
12; d(219) d(224) a(165,289) d(182) a(160,281)
13; d(192) d(417) d(184) r(397,418)
14; a(13,449) d(168) d(250) d(159)
15; r(213,195) a(217,218) d(417) d(294) r(14,446)
16; d(117) r(199,444) a(119,233) d(385) a(244,420)
17; r(213,195) d(168) r(452,337)
18; d(117) r(199,444) a(119,233) d(205)
19; r(213,195) d(168) d(385) a(272,445)
20; r(184,13) a(216,210) d(124) d(200) r(210,174)
21; d(117) r(166,199) d(174)
22; r(184,13) a(216,210) d(124) r(127,115)
23; d(117) r(166,199) d(200) a(327,384)
24; r(214,29) r(385,341) d(272) r(161,355)
25; d(219) d(210) d(434) a(253,231)
26; r(214,29) r(385,341) d(434) r(247,253)
27; d(219) d(210) d(272) r(121,21)
28; d(117) d(351) d(432) r(326,197)
29; d(117) d(351) d(432) r(421,221)
30; d(117) d(351) d(432) r(193,154)
31; d(117) d(351) d(432) r(338,352)
32; r(213,195) r(184,52) d(112) r(428,136)
33; d(192) r(325,22) r(212,139) d(176)
34; d(219) r(391,394) d(208)
35; d(219) d(210) d(21) a(468,460)
36; d(117) a(410,430) r(228,462) a(252,291) a(381,445)
37; r(214,29) d(135) d(422) r(420,1) r(241,338)
38; d(117) a(410,430) d(422) r(420,1) a(215,439)
39; r(214,29) d(135) r(228,462) a(252,291) d(217)
40; a(13,449) d(168) d(135) r(367,379) d(200)
41; r(214,29) d(250) r(212,168)
42; a(13,449) d(168) d(250) d(466)
43; r(214,29) d(135) r(367,379) d(2)
44; d(117) a(410,430) r(404,401) d(427)
45; d(219) d(210) d(272) a(401,31)
46; d(219) d(422) d(419) r(393,417)
47; a(13,449) r(371,423) a(247,297)
48; r(213,195) d(168) d(385) d(396)
49; d(219) d(224) d(204) d(230)
50; r(213,195) a(217,218) r(356,21) r(328,297)
51; r(213,195) a(249,406) r(177,337) r(136,475)
52; a(210,181) d(367) d(241) d(399)
53; d(117) d(351) r(427,424) a(440,281)
54; r(214,29) d(135) a(385,173) r(181,467)
55; d(219) d(224) d(204) a(353,351)
--------------------------------------------------------------------------------
Evaluation

0; 0.
1; 0.
2; 0.
3; 0.
4; 5.
5; 0.
6; 0.
7; 0.
8; 0.
9; 0.
10; 0.
11; 0.
12; 0.
13; 0.
14; 0.
15; 10.
16; 0.
17; 0.
18; 0.
19; 0.
20; 0.
21; 0.
22; 0.
23; 0.
24; 0.
25; 0.
26; 0.
27; 0.
28; 0.
29; 0.
30; 0.
31; 0.
32; 0.
33; 0.
34; 0.
35; 0.
36; 0.
37; 0.
38; 0.
39; 0.
40; 0.
41; 0.
42; 0.
43; 0.
44; 0.
45; 0.
46; 0.
47; 0.
48; 0.
49; 0.
50; 0.
51; 0.
52; 0.
53; 0.
54; 0.
55; 0.
================================================================================
Generation 4

--------------------------------------------------------------------------------
Selection

0; 31
1; 33
2; 39
3; 49
4; 53
5; 16
6; 13
7; 1
8; 1
9; 36
10; 54
11; 29
12; 36
13; 24
14; 33
15; 51
16; 28
17; 35
18; 6
19; 32
20; 36
21; 28
22; 27
23; 26
24; 11
25; 19
26; 29
27; 26
28; 16
29; 25
30; 45
31; 29
32; 29
33; 37
34; 45
35; 35
36; 5
37; 28
38; 43
39; 52
--------------------------------------------------------------------------------
Crossover

0; 26, 27; r(214,29) r(385,341) d(434)
1; 26, 27; d(219) d(210) d(272) r(121,21) r(247,253)
2; 26; r(214,29) r(385,341) d(434) r(247,253)
3; 27; d(219) d(210) d(272) r(121,21)
4; 1; d(219) d(250) r(353,441)
5; 35; d(219) d(210) d(21) a(468,460)
6; 29, 49; d(117) d(351) d(432) r(421,221) d(230)
7; 29, 49; d(219) d(224) d(204)
8; 29; d(117) d(351) d(432) r(421,221)
9; 49; d(219) d(224) d(204) d(230)
10; 13; d(192) d(417) d(184) r(397,418)
11; 29; d(117) d(351) d(432) r(421,221)
12; 32; r(213,195) r(184,52) d(112) r(428,136)
13; 45; d(219) d(210) d(272) a(401,31)
14; 29, 1; d(117) d(351) d(432) r(421,221) r(353,441)
15; 29, 1; d(219) d(250)
16; 29; d(117) d(351) d(432) r(421,221)
17; 1; d(219) d(250) r(353,441)
18; 19; r(213,195) d(168) d(385) a(272,445)
19; 29; d(117) d(351) d(432) r(421,221)
20; 36; d(117) a(410,430) r(228,462) a(252,291) a(381,445)
21; 11; r(214,29) r(385,341) r(213,145) r(23,34)
22; 16, 53; d(117) a(440,281)
23; 16, 53; d(117) d(351) r(427,424) r(199,444) a(119,233) d(385) a(244,420)
24; 16; d(117) r(199,444) a(119,233) d(385) a(244,420)
25; 53; d(117) d(351) r(427,424) a(440,281)
26; 31; d(117) d(351) d(432) r(338,352)
27; 39; r(214,29) d(135) r(228,462) a(252,291) d(217)
28; 36, 35; d(117) a(410,430) r(228,462)
29; 36, 35; d(219) d(210) d(21) a(468,460) a(252,291) a(381,445)
30; 36; d(117) a(410,430) r(228,462) a(252,291) a(381,445)
31; 35; d(219) d(210) d(21) a(468,460)
32; 6, 43; d(453) a(303,13) r(370,425) r(281,475) d(2)
33; 6, 43; r(214,29) d(135) r(367,379) d(277)
34; 6; d(453) a(303,13) r(370,425) r(281,475) d(277)
35; 43; r(214,29) d(135) r(367,379) d(2)
36; 33, 52; d(192) r(325,22) r(212,139) d(176) d(367) d(241) d(399)
37; 33, 52; a(210,181)
38; 33; d(192) r(325,22) r(212,139) d(176)
39; 52; a(210,181) d(367) d(241) d(399)
40; 26, 45; r(214,29) r(385,341) d(434) r(247,253) d(210) d(272) a(401,31)
41; 26, 45; d(219)
42; 26; r(214,29) r(385,341) d(434) r(247,253)
43; 45; d(219) d(210) d(272) a(401,31)
44; 5; r(214,29) d(135) r(228,462) a(252,291) a(303,13) r(370,425) r(281,475) d(210)
45; 25; d(219) d(210) d(434) a(253,231)
46; 28; d(117) d(351) d(432) r(326,197)
47; 54; r(214,29) d(135) a(385,173) r(181,467)
48; 37; r(214,29) d(135) d(422) r(420,1) r(241,338)
49; 28; d(117) d(351) d(432) r(326,197)
50; 51, 28; r(213,195)
51; 51, 28; d(117) d(351) d(432) r(326,197) a(249,406) r(177,337) r(136,475)
52; 51; r(213,195) a(249,406) r(177,337) r(136,475)
53; 28; d(117) d(351) d(432) r(326,197)
54; 33, 36; d(192) a(410,430) r(228,462) a(252,291) a(381,445)
55; 33, 36; d(117) r(325,22) r(212,139) d(176)
56; 33; d(192) r(325,22) r(212,139) d(176)
57; 36; d(117) a(410,430) r(228,462) a(252,291) a(381,445)
58; 16; d(117) r(199,444) a(119,233) d(385) a(244,420)
59; 24; r(214,29) r(385,341) d(272) r(161,355)
--------------------------------------------------------------------------------
Mutation

0; r(214,29) r(385,341) d(434) r(258,357)
1; d(219) d(210) d(272) r(121,21) r(247,253) a(337,52)
2; r(214,29) r(385,341) d(434) r(247,253) r(368,423)
3; d(219) d(210) d(272) r(121,21) a(212,449)
4; d(219) d(250) r(353,441) a(380,449)
5; d(219) d(210) d(21) a(468,460) d(109)
6; d(117) d(351) d(432) r(421,221) d(230) d(124)
7; d(219) d(224) d(204) a(384,377)
8; d(117) d(351) d(432) r(421,221) r(440,9)
9; d(219) d(224) d(204) d(230) d(184)
10; d(192) d(417) d(184) r(397,418) d(439)
11; d(117) d(351) d(432) r(421,221) a(451,457)
12; r(213,195) r(184,52) d(112) r(428,136) r(241,355)
13; d(219) d(210) d(272) a(401,31) r(118,210)
14; d(117) d(351) d(432) r(421,221) r(353,441) a(397,434)
15; d(219) d(250) r(459,466)
16; d(117) d(351) d(432) r(421,221) a(180,19)
17; d(219) d(250) r(353,441) r(371,475)
18; r(213,195) d(168) d(385) a(272,445) a(297,237)
19; d(117) d(351) d(432) r(421,221) r(172,41)
20; d(117) a(410,430) r(228,462) a(252,291) a(381,445) a(127,172)
21; r(214,29) r(385,341) r(213,145) r(23,34) r(248,393)
22; d(117) a(440,281) d(472)
23; d(117) d(351) r(427,424) r(199,444) a(119,233) d(385) a(244,420) a(210,37)
24; d(117) r(199,444) a(119,233) d(385) a(244,420) d(387)
25; d(117) d(351) r(427,424) a(440,281) a(127,173)
26; d(117) d(351) d(432) r(338,352) d(214)
27; r(214,29) d(135) r(228,462) a(252,291) d(217) a(213,31)
28; d(117) a(410,430) r(228,462) a(417,227)
29; d(219) d(210) d(21) a(468,460) a(252,291) a(381,445) r(376,2)
30; d(117) a(410,430) r(228,462) a(252,291) a(381,445) a(210,446)
31; d(219) d(210) d(21) a(468,460) d(1)
32; d(453) a(303,13) r(370,425) r(281,475) d(2) r(442,133)
33; r(214,29) d(135) r(367,379) d(277) r(289,297)
34; d(453) a(303,13) r(370,425) r(281,475) d(277) r(394,286)
35; r(214,29) d(135) r(367,379) d(2) d(377)
36; d(192) r(325,22) r(212,139) d(176) d(367) d(241) d(399) r(434,417)
37; a(210,181) d(133)
38; d(192) r(325,22) r(212,139) d(176) r(213,374)
39; a(210,181) d(367) d(241) d(399) r(161,362)
40; r(214,29) r(385,341) d(434) r(247,253) d(210) d(272) a(401,31) r(276,359)
41; d(219) a(3,341)
42; r(214,29) r(385,341) d(434) r(247,253) r(325,358)
43; d(219) d(210) d(272) a(401,31) r(352,324)
44; r(214,29) d(135) r(228,462) a(252,291) a(303,13) r(370,425) r(281,475) d(210) d(22)
45; d(219) d(210) d(434) a(253,231) a(180,434)
46; d(117) d(351) d(432) r(326,197) a(212,133)
47; r(214,29) d(135) a(385,173) r(181,467) d(465)
48; r(214,29) d(135) d(422) r(420,1) r(241,338) r(384,303)
49; d(117) d(351) d(432) r(326,197) r(441,350)
50; r(213,195) r(380,412)
51; d(117) d(351) d(432) r(326,197) a(249,406) r(177,337) r(136,475) r(121,439)
52; r(213,195) a(249,406) r(177,337) r(136,475) d(210)
53; d(117) d(351) d(432) r(326,197) d(213)
54; d(192) a(410,430) r(228,462) a(252,291) a(381,445) r(220,113)
55; d(117) r(325,22) r(212,139) d(176) a(3,337)
56; d(192) r(325,22) r(212,139) d(176) d(425)
57; d(117) a(410,430) r(228,462) a(252,291) a(381,445) r(210,358)
58; d(117) r(199,444) a(119,233) d(385) a(244,420) r(438,113)
59; r(214,29) r(385,341) d(272) r(161,355) a(247,214)
--------------------------------------------------------------------------------
Evaluation

0; 0.
1; 0.
2; 0.
3; 0.
4; 0.
5; 0.
6; 0.
7; 0.
8; 0.
9; 0.
10; 0.
11; 0.
12; 0.
13; 0.
14; 0.
15; 0.
16; 0.
17; 0.
18; 0.
19; 0.
20; 0.
21; 0.
22; 0.
23; 0.
24; 0.
25; 0.
26; 0.
27; 0.
28; 0.
29; 0.
30; 0.
31; 0.
32; 0.
33; 0.
34; 0.
35; 0.
36; 0.
37; 5.
38; 0.
39; 0.
40; 0.
41; 0.
42; 0.
43; 0.
44; 0.
45; 0.
46; 0.
47; 0.
48; 0.
49; 0.
50; 3.
51; 0.
52; 0.
53; 0.
54; 0.
55; 0.
56; 0.
57; 0.
58; 0.
59; 0.
================================================================================
Generation 5

--------------------------------------------------------------------------------
Selection

0; 56
1; 24
2; 46
3; 39
4; 53
5; 53
6; 26
7; 56
8; 29
9; 53
10; 36
11; 12
12; 38
13; 51
14; 35
15; 7
16; 22
17; 33
18; 34
19; 11
20; 55
21; 48
22; 5
23; 9
24; 5
25; 42
26; 23
27; 55
28; 3
29; 24
30; 41
31; 51
32; 5
33; 31
34; 32
35; 36
36; 57
37; 9
38; 47
39; 31
--------------------------------------------------------------------------------
Crossover

0; 41, 11; d(219) a(3,341) a(451,457)
1; 41, 11; d(117) d(351) d(432) r(421,221)
2; 41; d(219) a(3,341)
3; 11; d(117) d(351) d(432) r(421,221) a(451,457)
4; 39, 35; a(210,181) d(367)
5; 39, 35; r(214,29) d(135) r(367,379) d(2) d(377) d(241) d(399) r(161,362)
6; 39; a(210,181) d(367) d(241) d(399) r(161,362)
7; 35; r(214,29) d(135) r(367,379) d(2) d(377)
8; 24, 46; d(117) r(199,444) a(119,233) d(385) a(244,420) d(387) d(351) d(432) r(326,197) a(212,133)
9; 24, 46; d(117)
10; 24; d(117) r(199,444) a(119,233) d(385) a(244,420) d(387)
11; 46; d(117) d(351) d(432) r(326,197) a(212,133)
12; 48; r(214,29) d(135) d(422) r(420,1) r(241,338) r(384,303)
13; 57; d(117) a(410,430) r(228,462) a(252,291) a(381,445) r(210,358)
14; 5, 36; d(219) d(210) d(21) d(176) d(367) d(241) d(399) r(434,417)
15; 5, 36; d(192) r(325,22) r(212,139) a(468,460) d(109)
16; 5; d(219) d(210) d(21) a(468,460) d(109)
17; 36; d(192) r(325,22) r(212,139) d(176) d(367) d(241) d(399) r(434,417)
18; 56; d(192) r(325,22) r(212,139) d(176) d(425)
19; 5; d(219) d(210) d(21) a(468,460) d(109)
20; 22; d(117) a(440,281) d(472)
21; 26; d(117) d(351) d(432) r(338,352) d(214)
22; 33, 47; r(214,29) d(135) r(367,379) d(277) d(135) a(385,173) r(181,467) d(465)
23; 33, 47; r(214,29) r(289,297)
24; 33; r(214,29) d(135) r(367,379) d(277) r(289,297)
25; 47; r(214,29) d(135) a(385,173) r(181,467) d(465)
26; 51; d(117) d(351) d(432) r(326,197) a(249,406) r(177,337) r(136,475) r(121,439)
27; 7; d(219) d(224) d(204) a(384,377)
28; 31, 34; d(219) d(210) d(21) a(468,460) d(1) a(303,13) r(370,425) r(281,475) d(277) r(394,286)
29; 31, 34; d(453)
30; 31; d(219) d(210) d(21) a(468,460) d(1)
31; 34; d(453) a(303,13) r(370,425) r(281,475) d(277) r(394,286)
32; 51, 12; d(117) d(351) d(432) r(326,197) r(428,136) r(241,355)
33; 51, 12; r(213,195) r(184,52) d(112) a(249,406) r(177,337) r(136,475) r(121,439)
34; 51; d(117) d(351) d(432) r(326,197) a(249,406) r(177,337) r(136,475) r(121,439)
35; 12; r(213,195) r(184,52) d(112) r(428,136) r(241,355)
36; 24, 42; d(117) r(199,444) a(119,233) r(247,253) r(325,358)
37; 24, 42; r(214,29) r(385,341) d(434) d(385) a(244,420) d(387)
38; 24; d(117) r(199,444) a(119,233) d(385) a(244,420) d(387)
39; 42; r(214,29) r(385,341) d(434) r(247,253) r(325,358)
40; 3, 53; d(219) d(210) d(272) r(326,197) d(213)
41; 3, 53; d(117) d(351) d(432) r(121,21) a(212,449)
42; 3; d(219) d(210) d(272) r(121,21) a(212,449)
43; 53; d(117) d(351) d(432) r(326,197) d(213)
44; 9; d(219) d(224) d(204) d(230) d(184)
45; 31; d(219) d(210) d(21) a(468,460) d(1)
46; 53, 53; d(117) d(351) d(432) r(326,197) d(213)
47; 53, 53; d(117) d(351) d(432) r(326,197) d(213)
48; 53; d(117) d(351) d(432) r(326,197) d(213)
49; 53; d(117) d(351) d(432) r(326,197) d(213)
50; 36; d(192) r(325,22) r(212,139) d(176) d(367) d(241) d(399) r(434,417)
51; 55; d(117) r(325,22) r(212,139) d(176) a(3,337)
52; 29, 23; d(219) d(210) d(21) a(468,460) a(252,291) r(199,444) a(119,233) d(385) a(244,420) a(210,37)
53; 29, 23; d(117) d(351) r(427,424) a(381,445) r(376,2)
54; 29; d(219) d(210) d(21) a(468,460) a(252,291) a(381,445) r(376,2)
55; 23; d(117) d(351) r(427,424) r(199,444) a(119,233) d(385) a(244,420) a(210,37)
56; 55; d(117) r(325,22) r(212,139) d(176) a(3,337)
57; 9; d(219) d(224) d(204) d(230) d(184)
58; 32, 5; d(453) a(303,13) r(370,425)
59; 32, 5; d(219) d(210) d(21) a(468,460) d(109) r(281,475) d(2) r(442,133)
60; 32; d(453) a(303,13) r(370,425) r(281,475) d(2) r(442,133)
61; 5; d(219) d(210) d(21) a(468,460) d(109)
62; 56, 38; d(192) r(325,22) r(212,139) d(176) d(425) d(176) r(213,374)
63; 56, 38; d(192) r(325,22) r(212,139)
64; 56; d(192) r(325,22) r(212,139) d(176) d(425)
65; 38; d(192) r(325,22) r(212,139) d(176) r(213,374)
--------------------------------------------------------------------------------
Mutation

0; d(219) a(3,341) a(451,457) r(204,165)
1; d(117) d(351) d(432) r(421,221) d(230)
2; d(219) a(3,341) d(177)
3; d(117) d(351) d(432) r(421,221) a(451,457) d(214)
4; a(210,181) d(367) d(415)
5; r(214,29) d(135) r(367,379) d(2) d(377) d(241) d(399) r(161,362) d(188)
6; a(210,181) d(367) d(241) d(399) r(161,362) a(293,279)
7; r(214,29) d(135) r(367,379) d(2) d(377) a(19,21)
8; d(117) r(199,444) a(119,233) d(385) a(244,420) d(387) d(351) d(432) r(326,197) a(212,133) a(286,171)
9; d(117) d(349)
10; d(117) r(199,444) a(119,233) d(385) a(244,420) d(387) d(119)
11; d(117) d(351) d(432) r(326,197) a(212,133) a(424,432)
12; r(214,29) d(135) d(422) r(420,1) r(241,338) r(384,303) a(300,275)
13; d(117) a(410,430) r(228,462) a(252,291) a(381,445) r(210,358) d(341)
14; d(219) d(210) d(21) d(176) d(367) d(241) d(399) r(434,417) d(212)
15; d(192) r(325,22) r(212,139) a(468,460) d(109) a(275,233)
16; d(219) d(210) d(21) a(468,460) d(109) a(406,373)
17; d(192) r(325,22) r(212,139) d(176) d(367) d(241) d(399) r(434,417) d(181)
18; d(192) r(325,22) r(212,139) d(176) d(425) d(213)
19; d(219) d(210) d(21) a(468,460) d(109) r(113,281)
20; d(117) a(440,281) d(472) d(464)
21; d(117) d(351) d(432) r(338,352) d(214) r(213,206)
22; r(214,29) d(135) r(367,379) d(277) d(135) a(385,173) r(181,467) d(465) r(254,444)
23; r(214,29) r(289,297) r(200,275)
24; r(214,29) d(135) r(367,379) d(277) r(289,297) a(120,143)
25; r(214,29) d(135) a(385,173) r(181,467) d(465) a(273,172)
26; d(117) d(351) d(432) r(326,197) a(249,406) r(177,337) r(136,475) r(121,439) r(160,471)
27; d(219) d(224) d(204) a(384,377) d(205)
28; d(219) d(210) d(21) a(468,460) d(1) a(303,13) r(370,425) r(281,475) d(277) r(394,286) a(110,137)
29; d(453) d(1)
30; d(219) d(210) d(21) a(468,460) d(1) d(397)
31; d(453) a(303,13) r(370,425) r(281,475) d(277) r(394,286) d(214)
32; d(117) d(351) d(432) r(326,197) r(428,136) r(241,355) r(413,431)
33; r(213,195) r(184,52) d(112) a(249,406) r(177,337) r(136,475) r(121,439) d(210)
34; d(117) d(351) d(432) r(326,197) a(249,406) r(177,337) r(136,475) r(121,439) d(444)
35; r(213,195) r(184,52) d(112) r(428,136) r(241,355) r(396,467)
36; d(117) r(199,444) a(119,233) r(247,253) r(325,358) r(123,274)
37; r(214,29) r(385,341) d(434) d(385) a(244,420) d(387) d(230)
38; d(117) r(199,444) a(119,233) d(385) a(244,420) d(387) a(174,357)
39; r(214,29) r(385,341) d(434) r(247,253) r(325,358) r(227,406)
40; d(219) d(210) d(272) r(326,197) d(213) d(379)
41; d(117) d(351) d(432) r(121,21) a(212,449) a(379,368)
42; d(219) d(210) d(272) r(121,21) a(212,449) d(438)
43; d(117) d(351) d(432) r(326,197) d(213) a(188,286)
44; d(219) d(224) d(204) d(230) d(184) a(245,353)
45; d(219) d(210) d(21) a(468,460) d(1) a(130,227)
46; d(117) d(351) d(432) r(326,197) d(213) d(214)
47; d(117) d(351) d(432) r(326,197) d(213) r(330,249)
48; d(117) d(351) d(432) r(326,197) d(213) a(332,242)
49; d(117) d(351) d(432) r(326,197) d(213) r(185,204)
50; d(192) r(325,22) r(212,139) d(176) d(367) d(241) d(399) r(434,417) d(253)
51; d(117) r(325,22) r(212,139) d(176) a(3,337) d(431)
52; d(219) d(210) d(21) a(468,460) a(252,291) r(199,444) a(119,233) d(385) a(244,420) a(210,37) r(213,2)
53; d(117) d(351) r(427,424) a(381,445) r(376,2) a(149,188)
54; d(219) d(210) d(21) a(468,460) a(252,291) a(381,445) r(376,2) a(432,37)
55; d(117) d(351) r(427,424) r(199,444) a(119,233) d(385) a(244,420) a(210,37) d(227)
56; d(117) r(325,22) r(212,139) d(176) a(3,337) a(187,400)
57; d(219) d(224) d(204) d(230) d(184) r(281,471)
58; d(453) a(303,13) r(370,425) d(439)
59; d(219) d(210) d(21) a(468,460) d(109) r(281,475) d(2) r(442,133) a(185,154)
60; d(453) a(303,13) r(370,425) r(281,475) d(2) r(442,133) a(213,199)
61; d(219) d(210) d(21) a(468,460) d(109) d(9)
62; d(192) r(325,22) r(212,139) d(176) d(425) d(176) r(213,374) r(214,133)
63; d(192) r(325,22) r(212,139) d(277)
64; d(192) r(325,22) r(212,139) d(176) d(425) d(294)
65; d(192) r(325,22) r(212,139) d(176) r(213,374) d(138)
--------------------------------------------------------------------------------
Evaluation

0; 0.
1; 0.
2; 0.
3; 0.
4; 0.
5; 0.
6; 0.
7; 0.
8; 0.
9; 0.
10; 0.
11; 0.
12; 0.
13; 0.
14; 0.
15; 0.
16; 0.
17; 0.
18; 0.
19; 0.
20; 0.
21; 0.
22; 0.
23; 0.
24; 0.
25; 0.
26; 0.
27; 0.
28; 0.
29; 5.
30; 0.
31; 0.
32; 0.
33; 0.
34; 0.
35; 0.
36; 10.
37; 0.
38; 0.
39; 0.
40; 0.
41; 0.
42; 0.
43; 0.
44; 0.
45; 0.
46; 0.
47; 0.
48; 0.
49; 0.
50; 0.
51; 0.
52; 0.
53; 0.
54; 0.
55; 0.
56; 0.
57; 0.
58; 0.
59; 0.
60; 0.
61; 0.
62; 0.
63; 0.
64; 0.
65; 0.
================================================================================
Generation 6

--------------------------------------------------------------------------------
Selection

0; 35
1; 11
2; 47
3; 1
4; 49
5; 47
6; 41
7; 25
8; 65
9; 12
10; 25
11; 20
12; 40
13; 25
14; 12
15; 18
16; 8
17; 12
18; 50
19; 43
20; 47
21; 28
22; 37
23; 24
24; 60
25; 31
26; 19
27; 58
28; 30
29; 57
30; 49
31; 12
32; 3
33; 22
34; 62
35; 56
36; 32
37; 28
38; 2
39; 65
--------------------------------------------------------------------------------
Crossover

0; 56; d(117) r(325,22) r(212,139) d(176) a(3,337) a(187,400)
1; 41; d(117) d(351) d(432) r(121,21) a(212,449) a(379,368)
2; 11, 8; d(117) d(351) d(432) r(326,197) a(212,133) r(326,197) a(212,133) a(286,171)
3; 11, 8; d(117) r(199,444) a(119,233) d(385) a(244,420) d(387) d(351) d(432) a(424,432)
4; 11; d(117) d(351) d(432) r(326,197) a(212,133) a(424,432)
5; 8; d(117) r(199,444) a(119,233) d(385) a(244,420) d(387) d(351) d(432) r(326,197) a(212,133) a(286,171)
6; 31, 40; d(453) a(303,13) r(370,425) r(281,475) r(326,197) d(213) d(379)
7; 31, 40; d(219) d(210) d(272) d(277) r(394,286) d(214)
8; 31; d(453) a(303,13) r(370,425) r(281,475) d(277) r(394,286) d(214)
9; 40; d(219) d(210) d(272) r(326,197) d(213) d(379)
10; 30, 19; d(219) d(210) d(21) a(468,460) d(1) d(210) d(21) a(468,460) d(109) r(113,281)
11; 30, 19; d(219) d(397)
12; 30; d(219) d(210) d(21) a(468,460) d(1) d(397)
13; 19; d(219) d(210) d(21) a(468,460) d(109) r(113,281)
14; 12, 65; r(214,29) d(135) d(422) r(213,374) d(138)
15; 12, 65; d(192) r(325,22) r(212,139) d(176) r(420,1) r(241,338) r(384,303) a(300,275)
16; 12; r(214,29) d(135) d(422) r(420,1) r(241,338) r(384,303) a(300,275)
17; 65; d(192) r(325,22) r(212,139) d(176) r(213,374) d(138)
18; 12, 60; r(214,29) d(135) d(422) r(420,1) r(241,338) r(384,303) a(300,275) a(303,13) r(370,425) r(281,475) d(2) r(442,133) a(213,199)
19; 12, 60; d(453)
20; 12; r(214,29) d(135) d(422) r(420,1) r(241,338) r(384,303) a(300,275)
21; 60; d(453) a(303,13) r(370,425) r(281,475) d(2) r(442,133) a(213,199)
22; 18, 28; d(192) r(325,22) r(212,139) r(281,475) d(277) r(394,286) a(110,137)
23; 18, 28; d(219) d(210) d(21) a(468,460) d(1) a(303,13) r(370,425) d(176) d(425) d(213)
24; 18; d(192) r(325,22) r(212,139) d(176) d(425) d(213)
25; 28; d(219) d(210) d(21) a(468,460) d(1) a(303,13) r(370,425) r(281,475) d(277) r(394,286) a(110,137)
26; 20; d(117) a(440,281) d(472) d(464)
27; 43; d(117) d(351) d(432) r(326,197) d(213) a(188,286)
28; 1, 47; d(117) d(351) d(432) r(421,221) d(230) d(213) r(330,249)
29; 1, 47; d(117) d(351) d(432) r(326,197)
30; 1; d(117) d(351) d(432) r(421,221) d(230)
31; 47; d(117) d(351) d(432) r(326,197) d(213) r(330,249)
32; 49; d(117) d(351) d(432) r(326,197) d(213) r(185,204)
33; 12; r(214,29) d(135) d(422) r(420,1) r(241,338) r(384,303) a(300,275)
34; 25, 47; r(214,29) r(326,197) d(213) r(330,249)
35; 25, 47; d(117) d(351) d(432) d(135) a(385,173) r(181,467) d(465) a(273,172)
36; 25; r(214,29) d(135) a(385,173) r(181,467) d(465) a(273,172)
37; 47; d(117) d(351) d(432) r(326,197) d(213) r(330,249)
38; 35; r(213,195) r(184,52) d(112) r(428,136) r(241,355) r(396,467)
39; 65; d(192) r(325,22) r(212,139) d(176) r(213,374) d(138)
40; 24; r(214,29) d(135) r(367,379) d(277) r(289,297) a(120,143)
41; 57; d(219) d(224) d(204) d(230) d(184) r(281,471)
42; 2, 49; d(219) a(3,341) d(177) d(432) r(326,197) d(213) r(185,204)
43; 2, 49; d(117) d(351)
44; 2; d(219) a(3,341) d(177)
45; 49; d(117) d(351) d(432) r(326,197) d(213) r(185,204)
46; 25; r(214,29) d(135) a(385,173) r(181,467) d(465) a(273,172)
47; 50; d(192) r(325,22) r(212,139) d(176) d(367) d(241) d(399) r(434,417) d(253)
48; 22, 32; r(214,29) d(135) r(367,379) d(277) d(432) r(326,197) r(428,136) r(241,355) r(413,431)
49; 22, 32; d(117) d(351) d(135) a(385,173) r(181,467) d(465) r(254,444)
50; 22; r(214,29) d(135) r(367,379) d(277) d(135) a(385,173) r(181,467) d(465) r(254,444)
51; 32; d(117) d(351) d(432) r(326,197) r(428,136) r(241,355) r(413,431)
52; 25, 58; r(214,29) d(135) a(385,173) r(181,467) d(465) a(273,172)
53; 25, 58; d(453) a(303,13) r(370,425) d(439)
54; 25; r(214,29) d(135) a(385,173) r(181,467) d(465) a(273,172)
55; 58; d(453) a(303,13) r(370,425) d(439)
56; 47; d(117) d(351) d(432) r(326,197) d(213) r(330,249)
57; 62; d(192) r(325,22) r(212,139) d(176) d(425) d(176) r(213,374) r(214,133)
58; 37; r(214,29) r(385,341) d(434) d(385) a(244,420) d(387) d(230)
59; 28; d(219) d(210) d(21) a(468,460) d(1) a(303,13) r(370,425) r(281,475) d(277) r(394,286) a(110,137)
60; 3, 12; d(117) d(351) d(432) r(421,221) a(451,457) d(214) r(241,338) r(384,303) a(300,275)
61; 3, 12; r(214,29) d(135) d(422) r(420,1)
62; 3; d(117) d(351) d(432) r(421,221) a(451,457) d(214)
63; 12; r(214,29) d(135) d(422) r(420,1) r(241,338) r(384,303) a(300,275)
--------------------------------------------------------------------------------
Mutation

0; d(117) r(325,22) r(212,139) d(176) a(3,337) a(187,400) r(431,412)
1; d(117) d(351) d(432) r(121,21) a(212,449) a(379,368) d(468)
2; d(117) d(351) d(432) r(326,197) a(212,133) r(326,197) a(212,133) a(286,171) r(452,467)
3; d(117) r(199,444) a(119,233) d(385) a(244,420) d(387) d(351) d(432) a(424,432) a(210,273)
4; d(117) d(351) d(432) r(326,197) a(212,133) a(424,432) a(246,254)
5; d(117) r(199,444) a(119,233) d(385) a(244,420) d(387) d(351) d(432) r(326,197) a(212,133) a(286,171) d(325)
6; d(453) a(303,13) r(370,425) r(281,475) r(326,197) d(213) d(379) a(198,182)
7; d(219) d(210) d(272) d(277) r(394,286) d(214) a(327,2)
8; d(453) a(303,13) r(370,425) r(281,475) d(277) r(394,286) d(214) r(247,233)
9; d(219) d(210) d(272) r(326,197) d(213) d(379) d(412)
10; d(219) d(210) d(21) a(468,460) d(1) d(210) d(21) a(468,460) d(109) r(113,281) a(184,441)
11; d(219) d(397) d(212)
12; d(219) d(210) d(21) a(468,460) d(1) d(397) a(212,152)
13; d(219) d(210) d(21) a(468,460) d(109) r(113,281) r(183,193)
14; r(214,29) d(135) d(422) r(213,374) d(138) d(272)
15; d(192) r(325,22) r(212,139) d(176) r(420,1) r(241,338) r(384,303) a(300,275) r(471,464)
16; r(214,29) d(135) d(422) r(420,1) r(241,338) r(384,303) a(300,275) a(397,427)
17; d(192) r(325,22) r(212,139) d(176) r(213,374) d(138) a(410,449)
18; r(214,29) d(135) d(422) r(420,1) r(241,338) r(384,303) a(300,275) a(303,13) r(370,425) r(281,475) d(2) r(442,133) a(213,199) d(475)
19; d(453) r(392,385)
20; r(214,29) d(135) d(422) r(420,1) r(241,338) r(384,303) a(300,275) r(201,449)
21; d(453) a(303,13) r(370,425) r(281,475) d(2) r(442,133) a(213,199) r(24,52)
22; d(192) r(325,22) r(212,139) r(281,475) d(277) r(394,286) a(110,137) r(360,286)
23; d(219) d(210) d(21) a(468,460) d(1) a(303,13) r(370,425) d(176) d(425) d(213) r(273,297)
24; d(192) r(325,22) r(212,139) d(176) d(425) d(213) r(415,394)
25; d(219) d(210) d(21) a(468,460) d(1) a(303,13) r(370,425) r(281,475) d(277) r(394,286) a(110,137) a(256,439)
26; d(117) a(440,281) d(472) d(464) r(172,182)
27; d(117) d(351) d(432) r(326,197) d(213) a(188,286) d(199)
28; d(117) d(351) d(432) r(421,221) d(230) d(213) r(330,249) d(109)
29; d(117) d(351) d(432) r(326,197) d(396)
30; d(117) d(351) d(432) r(421,221) d(230) d(420)
31; d(117) d(351) d(432) r(326,197) d(213) r(330,249) a(397,274)
32; d(117) d(351) d(432) r(326,197) d(213) r(185,204) r(166,45)
33; r(214,29) d(135) d(422) r(420,1) r(241,338) r(384,303) a(300,275) a(141,420)
34; r(214,29) r(326,197) d(213) r(330,249) a(356,327)
35; d(117) d(351) d(432) d(135) a(385,173) r(181,467) d(465) a(273,172) a(427,172)
36; r(214,29) d(135) a(385,173) r(181,467) d(465) a(273,172) d(440)
37; d(117) d(351) d(432) r(326,197) d(213) r(330,249) a(428,417)
38; r(213,195) r(184,52) d(112) r(428,136) r(241,355) r(396,467) a(358,258)
39; d(192) r(325,22) r(212,139) d(176) r(213,374) d(138) d(223)
40; r(214,29) d(135) r(367,379) d(277) r(289,297) a(120,143) r(164,272)
41; d(219) d(224) d(204) d(230) d(184) r(281,471) a(403,19)
42; d(219) a(3,341) d(177) d(432) r(326,197) d(213) r(185,204) d(420)
43; d(117) d(351) r(396,378)
44; d(219) a(3,341) d(177) d(223)
45; d(117) d(351) d(432) r(326,197) d(213) r(185,204) a(471,358)
46; r(214,29) d(135) a(385,173) r(181,467) d(465) a(273,172) r(419,435)
47; d(192) r(325,22) r(212,139) d(176) d(367) d(241) d(399) r(434,417) d(253) r(355,210)
48; r(214,29) d(135) r(367,379) d(277) d(432) r(326,197) r(428,136) r(241,355) r(413,431) r(300,28)
49; d(117) d(351) d(135) a(385,173) r(181,467) d(465) r(254,444) a(327,384)
50; r(214,29) d(135) r(367,379) d(277) d(135) a(385,173) r(181,467) d(465) r(254,444) a(423,428)
51; d(117) d(351) d(432) r(326,197) r(428,136) r(241,355) r(413,431) a(147,349)
52; r(214,29) d(135) a(385,173) r(181,467) d(465) a(273,172) a(475,441)
53; d(453) a(303,13) r(370,425) d(439) d(109)
54; r(214,29) d(135) a(385,173) r(181,467) d(465) a(273,172) d(213)
55; d(453) a(303,13) r(370,425) d(439) d(227)
56; d(117) d(351) d(432) r(326,197) d(213) r(330,249) r(442,185)
57; d(192) r(325,22) r(212,139) d(176) d(425) d(176) r(213,374) r(214,133) d(210)
58; r(214,29) r(385,341) d(434) d(385) a(244,420) d(387) d(230) a(242,252)
59; d(219) d(210) d(21) a(468,460) d(1) a(303,13) r(370,425) r(281,475) d(277) r(394,286) a(110,137) r(287,249)
60; d(117) d(351) d(432) r(421,221) a(451,457) d(214) r(241,338) r(384,303) a(300,275) r(223,210)
61; r(214,29) d(135) d(422) r(420,1) d(154)
62; d(117) d(351) d(432) r(421,221) a(451,457) d(214) a(213,22)
63; r(214,29) d(135) d(422) r(420,1) r(241,338) r(384,303) a(300,275) r(398,399)
--------------------------------------------------------------------------------
Evaluation

0; 0.
1; 0.
2; 0.
3; 0.
4; 0.
5; 0.
6; 0.
7; 0.
8; 0.
9; 0.
10; 0.
11; 0.
12; 0.
13; 0.
14; 0.
15; 0.
16; 0.
17; 0.
18; 0.
19; 3.
20; 0.
21; 0.
22; 0.
23; 0.
24; 0.
25; 0.
26; 0.
27; 0.
28; 0.
29; 0.
30; 0.
31; 0.
32; 0.
33; 0.
34; 0.
35; 0.
36; 0.
37; 0.
38; 0.
39; 0.
40; 0.
41; 0.
42; 0.
43; 0.
44; 0.
45; 0.
46; 0.
47; 0.
48; 0.
49; 0.
50; 0.
51; 0.
52; 0.
53; 0.
54; 0.
55; 0.
56; 0.
57; 0.
58; 0.
59; 0.
60; 0.
61; 0.
62; 0.
63; 0.
================================================================================
Generation 7

--------------------------------------------------------------------------------
Selection

0; 11
1; 58
2; 54
3; 50
4; 60
5; 11
6; 3
7; 29
8; 2
9; 63
10; 14
11; 6
12; 6
13; 45
14; 55
15; 58
16; 63
17; 45
18; 38
19; 54
20; 40
21; 25
22; 36
23; 9
24; 60
25; 33
26; 44
27; 42
28; 24
29; 58
30; 60
31; 49
32; 15
33; 4
34; 40
35; 63
36; 9
37; 29
38; 51
39; 8
--------------------------------------------------------------------------------
Crossover

0; 45; d(117) d(351) d(432) r(326,197) d(213) r(185,204) a(471,358)
1; 54; r(214,29) d(135) a(385,173) r(181,467) d(465) a(273,172) d(213)
2; 55, 8; d(453) a(303,13) r(247,233)
3; 55, 8; d(453) a(303,13) r(370,425) r(281,475) d(277) r(394,286) d(214) r(370,425) d(439) d(227)
4; 55; d(453) a(303,13) r(370,425) d(439) d(227)
5; 8; d(453) a(303,13) r(370,425) r(281,475) d(277) r(394,286) d(214) r(247,233)
6; 51; d(117) d(351) d(432) r(326,197) r(428,136) r(241,355) r(413,431) a(147,349)
7; 15; d(192) r(325,22) r(212,139) d(176) r(420,1) r(241,338) r(384,303) a(300,275) r(471,464)
8; 3, 63; d(117) r(199,444) a(119,233) d(385) a(244,420) d(387) d(351) r(384,303) a(300,275) r(398,399)
9; 3, 63; r(214,29) d(135) d(422) r(420,1) r(241,338) d(432) a(424,432) a(210,273)
10; 3; d(117) r(199,444) a(119,233) d(385) a(244,420) d(387) d(351) d(432) a(424,432) a(210,273)
11; 63; r(214,29) d(135) d(422) r(420,1) r(241,338) r(384,303) a(300,275) r(398,399)
12; 38, 9; r(213,195) r(184,52) d(112) r(428,136) d(272) r(326,197) d(213) d(379) d(412)
13; 38, 9; d(219) d(210) r(241,355) r(396,467) a(358,258)
14; 38; r(213,195) r(184,52) d(112) r(428,136) r(241,355) r(396,467) a(358,258)
15; 9; d(219) d(210) d(272) r(326,197) d(213) d(379) d(412)
16; 24; d(192) r(325,22) r(212,139) d(176) d(425) d(213) r(415,394)
17; 50; r(214,29) d(135) r(367,379) d(277) d(135) a(385,173) r(181,467) d(465) r(254,444) a(423,428)
18; 60, 58; d(117) d(351) d(432) r(421,221) a(451,457) d(214) r(241,338) r(384,303)
19; 60, 58; r(214,29) r(385,341) d(434) d(385) a(244,420) d(387) d(230) a(242,252) a(300,275) r(223,210)
20; 60; d(117) d(351) d(432) r(421,221) a(451,457) d(214) r(241,338) r(384,303) a(300,275) r(223,210)
21; 58; r(214,29) r(385,341) d(434) d(385) a(244,420) d(387) d(230) a(242,252)
22; 49, 33; d(117) d(351) d(135) a(385,173) r(181,467) d(465) r(241,338) r(384,303) a(300,275) a(141,420)
23; 49, 33; r(214,29) d(135) d(422) r(420,1) r(254,444) a(327,384)
24; 49; d(117) d(351) d(135) a(385,173) r(181,467) d(465) r(254,444) a(327,384)
25; 33; r(214,29) d(135) d(422) r(420,1) r(241,338) r(384,303) a(300,275) a(141,420)
26; 9, 11; d(219) d(210)
27; 9, 11; d(219) d(397) d(212) d(272) r(326,197) d(213) d(379) d(412)
28; 9; d(219) d(210) d(272) r(326,197) d(213) d(379) d(412)
29; 11; d(219) d(397) d(212)
30; 4; d(117) d(351) d(432) r(326,197) a(212,133) a(424,432) a(246,254)
31; 44; d(219) a(3,341) d(177) d(223)
32; 42; d(219) a(3,341) d(177) d(432) r(326,197) d(213) r(185,204) d(420)
33; 63; r(214,29) d(135) d(422) r(420,1) r(241,338) r(384,303) a(300,275) r(398,399)
34; 40; r(214,29) d(135) r(367,379) d(277) r(289,297) a(120,143) r(164,272)
35; 2; d(117) d(351) d(432) r(326,197) a(212,133) r(326,197) a(212,133) a(286,171) r(452,467)
36; 6; d(453) a(303,13) r(370,425) r(281,475) r(326,197) d(213) d(379) a(198,182)
37; 29; d(117) d(351) d(432) r(326,197) d(396)
38; 29; d(117) d(351) d(432) r(326,197) d(396)
39; 11; d(219) d(397) d(212)
40; 14, 60; r(214,29) d(135) d(422) r(213,374) d(138) r(241,338) r(384,303) a(300,275) r(223,210)
41; 14, 60; d(117) d(351) d(432) r(421,221) a(451,457) d(214) d(272)
42; 14; r(214,29) d(135) d(422) r(213,374) d(138) d(272)
43; 60; d(117) d(351) d(432) r(421,221) a(451,457) d(214) r(241,338) r(384,303) a(300,275) r(223,210)
44; 54, 58; r(214,29) d(135) a(385,173) r(181,467) d(465) d(434) d(385) a(244,420) d(387) d(230) a(242,252)
45; 54, 58; r(214,29) r(385,341) a(273,172) d(213)
46; 54; r(214,29) d(135) a(385,173) r(181,467) d(465) a(273,172) d(213)
47; 58; r(214,29) r(385,341) d(434) d(385) a(244,420) d(387) d(230) a(242,252)
48; 63, 40; r(214,29) d(135) d(422) r(420,1) r(241,338) r(384,303) a(300,275) r(398,399) r(289,297) a(120,143) r(164,272)
49; 63, 40; r(214,29) d(135) r(367,379) d(277)
50; 63; r(214,29) d(135) d(422) r(420,1) r(241,338) r(384,303) a(300,275) r(398,399)
51; 40; r(214,29) d(135) r(367,379) d(277) r(289,297) a(120,143) r(164,272)
52; 45, 25; d(117) d(351) d(432) r(326,197) r(394,286) a(110,137) a(256,439)
53; 45, 25; d(219) d(210) d(21) a(468,460) d(1) a(303,13) r(370,425) r(281,475) d(277) d(213) r(185,204) a(471,358)
54; 45; d(117) d(351) d(432) r(326,197) d(213) r(185,204) a(471,358)
55; 25; d(219) d(210) d(21) a(468,460) d(1) a(303,13) r(370,425) r(281,475) d(277) r(394,286) a(110,137) a(256,439)
56; 36, 60; r(214,29)
57; 36, 60; d(117) d(351) d(432) r(421,221) a(451,457) d(214) r(241,338) r(384,303) a(300,275) r(223,210) d(135) a(385,173) r(181,467) d(465) a(273,172) d(440)
58; 36; r(214,29) d(135) a(385,173) r(181,467) d(465) a(273,172) d(440)
59; 60; d(117) d(351) d(432) r(421,221) a(451,457) d(214) r(241,338) r(384,303) a(300,275) r(223,210)
60; 6; d(453) a(303,13) r(370,425) r(281,475) r(326,197) d(213) d(379) a(198,182)
61; 58; r(214,29) r(385,341) d(434) d(385) a(244,420) d(387) d(230) a(242,252)
--------------------------------------------------------------------------------
Mutation

0; d(117) d(351) d(432) r(326,197) d(213) r(185,204) a(471,358) a(178,214)
1; r(214,29) d(135) a(385,173) r(181,467) d(465) a(273,172) d(213) a(377,28)
2; d(453) a(303,13) r(247,233) d(142)
3; d(453) a(303,13) r(370,425) r(281,475) d(277) r(394,286) d(214) r(370,425) d(439) d(227) d(473)
4; d(453) a(303,13) r(370,425) d(439) d(227) d(428)
5; d(453) a(303,13) r(370,425) r(281,475) d(277) r(394,286) d(214) r(247,233) r(236,273)
6; d(117) d(351) d(432) r(326,197) r(428,136) r(241,355) r(413,431) a(147,349) r(394,413)
7; d(192) r(325,22) r(212,139) d(176) r(420,1) r(241,338) r(384,303) a(300,275) r(471,464) d(237)
8; d(117) r(199,444) a(119,233) d(385) a(244,420) d(387) d(351) r(384,303) a(300,275) r(398,399) r(361,31)
9; r(214,29) d(135) d(422) r(420,1) r(241,338) d(432) a(424,432) a(210,273) d(463)
10; d(117) r(199,444) a(119,233) d(385) a(244,420) d(387) d(351) d(432) a(424,432) a(210,273) d(418)
11; r(214,29) d(135) d(422) r(420,1) r(241,338) r(384,303) a(300,275) r(398,399) r(187,205)
12; r(213,195) r(184,52) d(112) r(428,136) d(272) r(326,197) d(213) d(379) d(412) r(449,455)
13; d(219) d(210) r(241,355) r(396,467) a(358,258) r(207,233)
14; r(213,195) r(184,52) d(112) r(428,136) r(241,355) r(396,467) a(358,258) d(22)
15; d(219) d(210) d(272) r(326,197) d(213) d(379) d(412) d(291)
16; d(192) r(325,22) r(212,139) d(176) d(425) d(213) r(415,394) d(287)
17; r(214,29) d(135) r(367,379) d(277) d(135) a(385,173) r(181,467) d(465) r(254,444) a(423,428) a(148,37)
18; d(117) d(351) d(432) r(421,221) a(451,457) d(214) r(241,338) r(384,303) r(208,154)
19; r(214,29) r(385,341) d(434) d(385) a(244,420) d(387) d(230) a(242,252) a(300,275) r(223,210) a(427,337)
20; d(117) d(351) d(432) r(421,221) a(451,457) d(214) r(241,338) r(384,303) a(300,275) r(223,210) r(369,403)
21; r(214,29) r(385,341) d(434) d(385) a(244,420) d(387) d(230) a(242,252) a(1,154)
22; d(117) d(351) d(135) a(385,173) r(181,467) d(465) r(241,338) r(384,303) a(300,275) a(141,420) r(376,233)
23; r(214,29) d(135) d(422) r(420,1) r(254,444) a(327,384) d(212)
24; d(117) d(351) d(135) a(385,173) r(181,467) d(465) r(254,444) a(327,384) a(281,357)
25; r(214,29) d(135) d(422) r(420,1) r(241,338) r(384,303) a(300,275) a(141,420) d(403)
26; d(219) d(210) d(157)
27; d(219) d(397) d(212) d(272) r(326,197) d(213) d(379) d(412) a(244,227)
28; d(219) d(210) d(272) r(326,197) d(213) d(379) d(412) a(356,235)
29; d(219) d(397) d(212) r(438,303)
30; d(117) d(351) d(432) r(326,197) a(212,133) a(424,432) a(246,254) d(460)
31; d(219) a(3,341) d(177) d(223) d(291)
32; d(219) a(3,341) d(177) d(432) r(326,197) d(213) r(185,204) d(420) r(116,294)
33; r(214,29) d(135) d(422) r(420,1) r(241,338) r(384,303) a(300,275) r(398,399) d(297)
34; r(214,29) d(135) r(367,379) d(277) r(289,297) a(120,143) r(164,272) a(210,192)
35; d(117) d(351) d(432) r(326,197) a(212,133) r(326,197) a(212,133) a(286,171) r(452,467) a(243,52)
36; d(453) a(303,13) r(370,425) r(281,475) r(326,197) d(213) d(379) a(198,182) d(401)
37; d(117) d(351) d(432) r(326,197) d(396) a(433,388)
38; d(117) d(351) d(432) r(326,197) d(396) a(391,410)
39; d(219) d(397) d(212) a(176,183)
40; r(214,29) d(135) d(422) r(213,374) d(138) r(241,338) r(384,303) a(300,275) r(223,210) d(251)
41; d(117) d(351) d(432) r(421,221) a(451,457) d(214) d(272) a(396,20)
42; r(214,29) d(135) d(422) r(213,374) d(138) d(272) d(411)
43; d(117) d(351) d(432) r(421,221) a(451,457) d(214) r(241,338) r(384,303) a(300,275) r(223,210) r(437,350)
44; r(214,29) d(135) a(385,173) r(181,467) d(465) d(434) d(385) a(244,420) d(387) d(230) a(242,252) r(241,284)
45; r(214,29) r(385,341) a(273,172) d(213) a(194,176)
46; r(214,29) d(135) a(385,173) r(181,467) d(465) a(273,172) d(213) d(166)
47; r(214,29) r(385,341) d(434) d(385) a(244,420) d(387) d(230) a(242,252) a(371,273)
48; r(214,29) d(135) d(422) r(420,1) r(241,338) r(384,303) a(300,275) r(398,399) r(289,297) a(120,143) r(164,272) a(437,425)
49; r(214,29) d(135) r(367,379) d(277) r(470,13)
50; r(214,29) d(135) d(422) r(420,1) r(241,338) r(384,303) a(300,275) r(398,399) r(23,29)
51; r(214,29) d(135) r(367,379) d(277) r(289,297) a(120,143) r(164,272) d(238)
52; d(117) d(351) d(432) r(326,197) r(394,286) a(110,137) a(256,439) d(162)
53; d(219) d(210) d(21) a(468,460) d(1) a(303,13) r(370,425) r(281,475) d(277) d(213) r(185,204) a(471,358) a(401,221)
54; d(117) d(351) d(432) r(326,197) d(213) r(185,204) a(471,358) r(401,113)
55; d(219) d(210) d(21) a(468,460) d(1) a(303,13) r(370,425) r(281,475) d(277) r(394,286) a(110,137) a(256,439) r(227,275)
56; r(214,29) a(210,162)
57; d(117) d(351) d(432) r(421,221) a(451,457) d(214) r(241,338) r(384,303) a(300,275) r(223,210) d(135) a(385,173) r(181,467) d(465) a(273,172) d(440) d(344)
58; r(214,29) d(135) a(385,173) r(181,467) d(465) a(273,172) d(440) r(10,53)
59; d(117) d(351) d(432) r(421,221) a(451,457) d(214) r(241,338) r(384,303) a(300,275) r(223,210) d(253)
60; d(453) a(303,13) r(370,425) r(281,475) r(326,197) d(213) d(379) a(198,182) d(204)
61; r(214,29) r(385,341) d(434) d(385) a(244,420) d(387) d(230) a(242,252) a(11,289)
--------------------------------------------------------------------------------
Evaluation

0; 0.
1; 0.
2; 10.
3; 0.
4; 0.
5; 0.
6; 0.
7; 0.
8; 0.
9; 0.
10; 0.
11; 0.
12; 0.
13; 0.
14; 0.
15; 0.
16; 0.
17; 0.
18; 0.
19; 0.
20; 0.
21; 0.
22; 0.
23; 0.
24; 0.
25; 0.
26; 0.
27; 0.
28; 0.
29; 0.
30; 0.
31; 0.
32; 0.
33; 0.
34; 0.
35; 0.
36; 0.
37; 0.
38; 0.
39; 0.
40; 0.
41; 0.
42; 0.
43; 0.
44; 0.
45; 0.
46; 0.
47; 0.
48; 0.
49; 0.
50; 0.
51; 0.
52; 0.
53; 0.
54; 0.
55; 0.
56; 0.
57; 0.
58; 0.
59; 0.
60; 0.
61; 0.
================================================================================
Generation 8

--------------------------------------------------------------------------------
Selection

0; 33
1; 7
2; 52
3; 34
4; 47
5; 0
6; 28
7; 27
8; 55
9; 46
10; 41
11; 11
12; 20
13; 34
14; 17
15; 48
16; 18
17; 29
18; 29
19; 27
20; 38
21; 40
22; 9
23; 38
24; 22
25; 27
26; 14
27; 20
28; 20
29; 26
30; 58
31; 41
32; 60
33; 59
34; 55
35; 29
36; 55
37; 50
38; 52
39; 44
--------------------------------------------------------------------------------
Crossover

0; 58, 38; r(214,29) d(135) a(385,173) r(181,467) d(351) d(432) r(326,197) d(396) a(391,410)
1; 58, 38; d(117) d(465) a(273,172) d(440) r(10,53)
2; 58; r(214,29) d(135) a(385,173) r(181,467) d(465) a(273,172) d(440) r(10,53)
3; 38; d(117) d(351) d(432) r(326,197) d(396) a(391,410)
4; 55; d(219) d(210) d(21) a(468,460) d(1) a(303,13) r(370,425) r(281,475) d(277) r(394,286) a(110,137) a(256,439) r(227,275)
5; 52; d(117) d(351) d(432) r(326,197) r(394,286) a(110,137) a(256,439) d(162)
6; 7, 9; d(192) r(325,22) r(212,139) d(176) r(420,1) r(241,338) r(384,303) a(300,275) r(471,464) r(420,1) r(241,338) d(432) a(424,432) a(210,273) d(463)
7; 7, 9; r(214,29) d(135) d(422) d(237)
8; 7; d(192) r(325,22) r(212,139) d(176) r(420,1) r(241,338) r(384,303) a(300,275) r(471,464) d(237)
9; 9; r(214,29) d(135) d(422) r(420,1) r(241,338) d(432) a(424,432) a(210,273) d(463)
10; 59, 48; d(117) d(351) d(432) r(421,221) a(451,457) d(214) a(437,425)
11; 59, 48; r(214,29) d(135) d(422) r(420,1) r(241,338) r(384,303) a(300,275) r(398,399) r(289,297) a(120,143) r(164,272) r(241,338) r(384,303) a(300,275) r(223,210) d(253)
12; 59; d(117) d(351) d(432) r(421,221) a(451,457) d(214) r(241,338) r(384,303) a(300,275) r(223,210) d(253)
13; 48; r(214,29) d(135) d(422) r(420,1) r(241,338) r(384,303) a(300,275) r(398,399) r(289,297) a(120,143) r(164,272) a(437,425)
14; 0, 60; d(117) d(351) d(204)
15; 0, 60; d(453) a(303,13) r(370,425) r(281,475) r(326,197) d(213) d(379) a(198,182) d(432) r(326,197) d(213) r(185,204) a(471,358) a(178,214)
16; 0; d(117) d(351) d(432) r(326,197) d(213) r(185,204) a(471,358) a(178,214)
17; 60; d(453) a(303,13) r(370,425) r(281,475) r(326,197) d(213) d(379) a(198,182) d(204)
18; 29; d(219) d(397) d(212) r(438,303)
19; 47; r(214,29) r(385,341) d(434) d(385) a(244,420) d(387) d(230) a(242,252) a(371,273)
20; 38; d(117) d(351) d(432) r(326,197) d(396) a(391,410)
21; 20; d(117) d(351) d(432) r(421,221) a(451,457) d(214) r(241,338) r(384,303) a(300,275) r(223,210) r(369,403)
22; 33; r(214,29) d(135) d(422) r(420,1) r(241,338) r(384,303) a(300,275) r(398,399) d(297)
23; 41; d(117) d(351) d(432) r(421,221) a(451,457) d(214) d(272) a(396,20)
24; 34; r(214,29) d(135) r(367,379) d(277) r(289,297) a(120,143) r(164,272) a(210,192)
25; 44; r(214,29) d(135) a(385,173) r(181,467) d(465) d(434) d(385) a(244,420) d(387) d(230) a(242,252) r(241,284)
26; 46, 34; r(214,29) d(135) a(210,192)
27; 46, 34; r(214,29) d(135) r(367,379) d(277) r(289,297) a(120,143) r(164,272) a(385,173) r(181,467) d(465) a(273,172) d(213) d(166)
28; 46; r(214,29) d(135) a(385,173) r(181,467) d(465) a(273,172) d(213) d(166)
29; 34; r(214,29) d(135) r(367,379) d(277) r(289,297) a(120,143) r(164,272) a(210,192)
30; 52, 26; d(117) d(351) d(157)
31; 52, 26; d(219) d(210) d(432) r(326,197) r(394,286) a(110,137) a(256,439) d(162)
32; 52; d(117) d(351) d(432) r(326,197) r(394,286) a(110,137) a(256,439) d(162)
33; 26; d(219) d(210) d(157)
34; 29, 40; d(219) d(397) d(212) r(438,303) r(241,338) r(384,303) a(300,275) r(223,210) d(251)
35; 29, 40; r(214,29) d(135) d(422) r(213,374) d(138)
36; 29; d(219) d(397) d(212) r(438,303)
37; 40; r(214,29) d(135) d(422) r(213,374) d(138) r(241,338) r(384,303) a(300,275) r(223,210) d(251)
38; 41, 20; d(117) d(351) d(432) r(421,221) a(451,457) r(384,303) a(300,275) r(223,210) r(369,403)
39; 41, 20; d(117) d(351) d(432) r(421,221) a(451,457) d(214) r(241,338) d(214) d(272) a(396,20)
40; 41; d(117) d(351) d(432) r(421,221) a(451,457) d(214) d(272) a(396,20)
41; 20; d(117) d(351) d(432) r(421,221) a(451,457) d(214) r(241,338) r(384,303) a(300,275) r(223,210) r(369,403)
42; 11, 27; r(214,29) d(135) d(422) r(420,1) r(241,338) r(384,303) a(300,275) d(397) d(212) d(272) r(326,197) d(213) d(379) d(412) a(244,227)
43; 11, 27; d(219) r(398,399) r(187,205)
44; 11; r(214,29) d(135) d(422) r(420,1) r(241,338) r(384,303) a(300,275) r(398,399) r(187,205)
45; 27; d(219) d(397) d(212) d(272) r(326,197) d(213) d(379) d(412) a(244,227)
46; 20; d(117) d(351) d(432) r(421,221) a(451,457) d(214) r(241,338) r(384,303) a(300,275) r(223,210) r(369,403)
47; 27; d(219) d(397) d(212) d(272) r(326,197) d(213) d(379) d(412) a(244,227)
48; 28; d(219) d(210) d(272) r(326,197) d(213) d(379) d(412) a(356,235)
49; 18; d(117) d(351) d(432) r(421,221) a(451,457) d(214) r(241,338) r(384,303) r(208,154)
50; 29, 55; d(219) d(397) a(110,137) a(256,439) r(227,275)
51; 29, 55; d(219) d(210) d(21) a(468,460) d(1) a(303,13) r(370,425) r(281,475) d(277) r(394,286) d(212) r(438,303)
52; 29; d(219) d(397) d(212) r(438,303)
53; 55; d(219) d(210) d(21) a(468,460) d(1) a(303,13) r(370,425) r(281,475) d(277) r(394,286) a(110,137) a(256,439) r(227,275)
54; 50, 27; r(214,29) d(135) d(422) r(420,1) r(241,338) r(384,303) d(412) a(244,227)
55; 50, 27; d(219) d(397) d(212) d(272) r(326,197) d(213) d(379) a(300,275) r(398,399) r(23,29)
56; 50; r(214,29) d(135) d(422) r(420,1) r(241,338) r(384,303) a(300,275) r(398,399) r(23,29)
57; 27; d(219) d(397) d(212) d(272) r(326,197) d(213) d(379) d(412) a(244,227)
58; 14, 55; r(213,195) r(184,52) d(112) r(428,136) a(303,13) r(370,425) r(281,475) d(277) r(394,286) a(110,137) a(256,439) r(227,275)
59; 14, 55; d(219) d(210) d(21) a(468,460) d(1) r(241,355) r(396,467) a(358,258) d(22)
60; 14; r(213,195) r(184,52) d(112) r(428,136) r(241,355) r(396,467) a(358,258) d(22)
61; 55; d(219) d(210) d(21) a(468,460) d(1) a(303,13) r(370,425) r(281,475) d(277) r(394,286) a(110,137) a(256,439) r(227,275)
62; 22; d(117) d(351) d(135) a(385,173) r(181,467) d(465) r(241,338) r(384,303) a(300,275) a(141,420) r(376,233)
63; 17; r(214,29) d(135) r(367,379) d(277) d(135) a(385,173) r(181,467) d(465) r(254,444) a(423,428) a(148,37)
--------------------------------------------------------------------------------
Mutation

0; r(214,29) d(135) a(385,173) r(181,467) d(351) d(432) r(326,197) d(396) a(391,410) r(248,385)
1; d(117) d(465) a(273,172) d(440) r(10,53) a(401,31)
2; r(214,29) d(135) a(385,173) r(181,467) d(465) a(273,172) d(440) r(10,53) d(212)
3; d(117) d(351) d(432) r(326,197) d(396) a(391,410) d(213)
4; d(219) d(210) d(21) a(468,460) d(1) a(303,13) r(370,425) r(281,475) d(277) r(394,286) a(110,137) a(256,439) r(227,275) r(213,350)
5; d(117) d(351) d(432) r(326,197) r(394,286) a(110,137) a(256,439) d(162) a(115,124)
6; d(192) r(325,22) r(212,139) d(176) r(420,1) r(241,338) r(384,303) a(300,275) r(471,464) r(420,1) r(241,338) d(432) a(424,432) a(210,273) d(463) d(141)
7; r(214,29) d(135) d(422) d(237) d(205)
8; d(192) r(325,22) r(212,139) d(176) r(420,1) r(241,338) r(384,303) a(300,275) r(471,464) d(237) a(218,362)
9; r(214,29) d(135) d(422) r(420,1) r(241,338) d(432) a(424,432) a(210,273) d(463) a(347,171)
10; d(117) d(351) d(432) r(421,221) a(451,457) d(214) a(437,425) r(9,2)
11; r(214,29) d(135) d(422) r(420,1) r(241,338) r(384,303) a(300,275) r(398,399) r(289,297) a(120,143) r(164,272) r(241,338) r(384,303) a(300,275) r(223,210) d(253) d(425)
12; d(117) d(351) d(432) r(421,221) a(451,457) d(214) r(241,338) r(384,303) a(300,275) r(223,210) d(253) a(213,286)
13; r(214,29) d(135) d(422) r(420,1) r(241,338) r(384,303) a(300,275) r(398,399) r(289,297) a(120,143) r(164,272) a(437,425) d(20)
14; d(117) d(351) d(204) d(387)
15; d(453) a(303,13) r(370,425) r(281,475) r(326,197) d(213) d(379) a(198,182) d(432) r(326,197) d(213) r(185,204) a(471,358) a(178,214) d(214)
16; d(117) d(351) d(432) r(326,197) d(213) r(185,204) a(471,358) a(178,214) r(417,435)
17; d(453) a(303,13) r(370,425) r(281,475) r(326,197) d(213) d(379) a(198,182) d(204) d(173)
18; d(219) d(397) d(212) r(438,303) a(213,233)
19; r(214,29) r(385,341) d(434) d(385) a(244,420) d(387) d(230) a(242,252) a(371,273) r(297,353)
20; d(117) d(351) d(432) r(326,197) d(396) a(391,410) d(331)
21; d(117) d(351) d(432) r(421,221) a(451,457) d(214) r(241,338) r(384,303) a(300,275) r(223,210) r(369,403) a(338,352)
22; r(214,29) d(135) d(422) r(420,1) r(241,338) r(384,303) a(300,275) r(398,399) d(297) d(323)
23; d(117) d(351) d(432) r(421,221) a(451,457) d(214) d(272) a(396,20) r(201,210)
24; r(214,29) d(135) r(367,379) d(277) r(289,297) a(120,143) r(164,272) a(210,192) d(410)
25; r(214,29) d(135) a(385,173) r(181,467) d(465) d(434) d(385) a(244,420) d(387) d(230) a(242,252) r(241,284) r(382,358)
26; r(214,29) d(135) a(210,192) a(444,272)
27; r(214,29) d(135) r(367,379) d(277) r(289,297) a(120,143) r(164,272) a(385,173) r(181,467) d(465) a(273,172) d(213) d(166) d(161)
28; r(214,29) d(135) a(385,173) r(181,467) d(465) a(273,172) d(213) d(166) d(387)
29; r(214,29) d(135) r(367,379) d(277) r(289,297) a(120,143) r(164,272) a(210,192) r(401,376)
30; d(117) d(351) d(157) d(214)
31; d(219) d(210) d(432) r(326,197) r(394,286) a(110,137) a(256,439) d(162) r(334,226)
32; d(117) d(351) d(432) r(326,197) r(394,286) a(110,137) a(256,439) d(162) a(161,162)
33; d(219) d(210) d(157) r(465,19)
34; d(219) d(397) d(212) r(438,303) r(241,338) r(384,303) a(300,275) r(223,210) d(251) a(173,9)
35; r(214,29) d(135) d(422) r(213,374) d(138) d(10)
36; d(219) d(397) d(212) r(438,303) a(240,2)
37; r(214,29) d(135) d(422) r(213,374) d(138) r(241,338) r(384,303) a(300,275) r(223,210) d(251) a(237,413)
38; d(117) d(351) d(432) r(421,221) a(451,457) r(384,303) a(300,275) r(223,210) r(369,403) a(210,425)
39; d(117) d(351) d(432) r(421,221) a(451,457) d(214) r(241,338) d(214) d(272) a(396,20) a(419,412)
40; d(117) d(351) d(432) r(421,221) a(451,457) d(214) d(272) a(396,20) r(147,286)
41; d(117) d(351) d(432) r(421,221) a(451,457) d(214) r(241,338) r(384,303) a(300,275) r(223,210) r(369,403) r(130,210)
42; r(214,29) d(135) d(422) r(420,1) r(241,338) r(384,303) a(300,275) d(397) d(212) d(272) r(326,197) d(213) d(379) d(412) a(244,227) r(404,447)
43; d(219) r(398,399) r(187,205) d(343)
44; r(214,29) d(135) d(422) r(420,1) r(241,338) r(384,303) a(300,275) r(398,399) r(187,205) a(161,162)
45; d(219) d(397) d(212) d(272) r(326,197) d(213) d(379) d(412) a(244,227) d(393)
46; d(117) d(351) d(432) r(421,221) a(451,457) d(214) r(241,338) r(384,303) a(300,275) r(223,210) r(369,403) a(166,221)
47; d(219) d(397) d(212) d(272) r(326,197) d(213) d(379) d(412) a(244,227) r(239,228)
48; d(219) d(210) d(272) r(326,197) d(213) d(379) d(412) a(356,235) d(280)
49; d(117) d(351) d(432) r(421,221) a(451,457) d(214) r(241,338) r(384,303) r(208,154) a(2,447)
50; d(219) d(397) a(110,137) a(256,439) r(227,275) a(299,444)
51; d(219) d(210) d(21) a(468,460) d(1) a(303,13) r(370,425) r(281,475) d(277) r(394,286) d(212) r(438,303) d(228)
52; d(219) d(397) d(212) r(438,303) d(238)
53; d(219) d(210) d(21) a(468,460) d(1) a(303,13) r(370,425) r(281,475) d(277) r(394,286) a(110,137) a(256,439) r(227,275) r(444,274)
54; r(214,29) d(135) d(422) r(420,1) r(241,338) r(384,303) d(412) a(244,227) a(238,300)
55; d(219) d(397) d(212) d(272) r(326,197) d(213) d(379) a(300,275) r(398,399) r(23,29) r(244,352)
56; r(214,29) d(135) d(422) r(420,1) r(241,338) r(384,303) a(300,275) r(398,399) r(23,29) d(113)
57; d(219) d(397) d(212) d(272) r(326,197) d(213) d(379) d(412) a(244,227) r(458,425)
58; r(213,195) r(184,52) d(112) r(428,136) a(303,13) r(370,425) r(281,475) d(277) r(394,286) a(110,137) a(256,439) r(227,275) r(212,151)
59; d(219) d(210) d(21) a(468,460) d(1) r(241,355) r(396,467) a(358,258) d(22) a(133,28)
60; r(213,195) r(184,52) d(112) r(428,136) r(241,355) r(396,467) a(358,258) d(22) r(368,286)
61; d(219) d(210) d(21) a(468,460) d(1) a(303,13) r(370,425) r(281,475) d(277) r(394,286) a(110,137) a(256,439) r(227,275) r(213,381)
62; d(117) d(351) d(135) a(385,173) r(181,467) d(465) r(241,338) r(384,303) a(300,275) a(141,420) r(376,233) a(439,37)
63; r(214,29) d(135) r(367,379) d(277) d(135) a(385,173) r(181,467) d(465) r(254,444) a(423,428) a(148,37) d(443)
--------------------------------------------------------------------------------
Evaluation

0; 0.
1; 0.
2; 0.
3; 0.
4; 0.
5; 0.
6; 0.
7; 0.
8; 0.
9; 0.
10; 0.
11; 0.
12; 0.
13; 0.
14; 0.
15; 0.
16; 0.
17; 0.
18; 0.
19; 0.
20; 0.
21; 0.
22; 0.
23; 0.
24; 0.
25; 0.
26; 0.
27; 0.
28; 0.
29; 0.
30; 0.
31; 0.
32; 0.
33; 0.
34; 0.
35; 0.
36; 0.
37; 0.
38; 0.
39; 0.
40; 0.
41; 0.
42; 0.
43; 0.
44; 0.
45; 0.
46; 0.
47; 0.
48; 0.
49; 0.
50; 0.
51; 0.
52; 0.
53; 0.
54; 0.
55; 0.
56; 0.
57; 0.
58; 0.
59; 0.
60; 0.
61; 0.
62; 0.
63; 0.
================================================================================
Generation 9

--------------------------------------------------------------------------------
Selection

0; 40
1; 2
2; 17
3; 40
4; 37
5; 21
6; 33
7; 39
8; 60
9; 47
10; 15
11; 11
12; 9
13; 20
14; 34
15; 61
16; 21
17; 52
18; 12
19; 18
20; 13
21; 22
22; 33
23; 50
24; 60
25; 54
26; 43
27; 26
28; 30
29; 44
30; 58
31; 6
32; 39
33; 17
34; 2
35; 47
36; 49
37; 38
38; 45
39; 28
--------------------------------------------------------------------------------
Crossover

0; 43, 17; d(219) r(398,399) r(187,205) d(343) a(303,13) r(370,425) r(281,475) r(326,197) d(213) d(379) a(198,182) d(204) d(173)
1; 43, 17; d(453)
2; 43; d(219) r(398,399) r(187,205) d(343)
3; 17; d(453) a(303,13) r(370,425) r(281,475) r(326,197) d(213) d(379) a(198,182) d(204) d(173)
4; 2, 58; r(214,29) d(135) a(385,173) r(370,425) r(281,475) d(277) r(394,286) a(110,137) a(256,439) r(227,275) r(212,151)
5; 2, 58; r(213,195) r(184,52) d(112) r(428,136) a(303,13) r(181,467) d(465) a(273,172) d(440) r(10,53) d(212)
6; 2; r(214,29) d(135) a(385,173) r(181,467) d(465) a(273,172) d(440) r(10,53) d(212)
7; 58; r(213,195) r(184,52) d(112) r(428,136) a(303,13) r(370,425) r(281,475) d(277) r(394,286) a(110,137) a(256,439) r(227,275) r(212,151)
8; 52, 18; d(219) d(397) r(438,303) a(213,233)
9; 52, 18; d(219) d(397) d(212) d(212) r(438,303) d(238)
10; 52; d(219) d(397) d(212) r(438,303) d(238)
11; 18; d(219) d(397) d(212) r(438,303) a(213,233)
12; 11; r(214,29) d(135) d(422) r(420,1) r(241,338) r(384,303) a(300,275) r(398,399) r(289,297) a(120,143) r(164,272) r(241,338) r(384,303) a(300,275) r(223,210) d(253) d(425)
13; 39; d(117) d(351) d(432) r(421,221) a(451,457) d(214) r(241,338) d(214) d(272) a(396,20) a(419,412)
14; 9; r(214,29) d(135) d(422) r(420,1) r(241,338) d(432) a(424,432) a(210,273) d(463) a(347,171)
15; 26; r(214,29) d(135) a(210,192) a(444,272)
16; 20, 60; d(117) d(351) d(432) r(428,136) r(241,355) r(396,467) a(358,258) d(22) r(368,286)
17; 20, 60; r(213,195) r(184,52) d(112) r(326,197) d(396) a(391,410) d(331)
18; 20; d(117) d(351) d(432) r(326,197) d(396) a(391,410) d(331)
19; 60; r(213,195) r(184,52) d(112) r(428,136) r(241,355) r(396,467) a(358,258) d(22) r(368,286)
20; 15; d(453) a(303,13) r(370,425) r(281,475) r(326,197) d(213) d(379) a(198,182) d(432) r(326,197) d(213) r(185,204) a(471,358) a(178,214) d(214)
21; 13; r(214,29) d(135) d(422) r(420,1) r(241,338) r(384,303) a(300,275) r(398,399) r(289,297) a(120,143) r(164,272) a(437,425) d(20)
22; 2; r(214,29) d(135) a(385,173) r(181,467) d(465) a(273,172) d(440) r(10,53) d(212)
23; 44; r(214,29) d(135) d(422) r(420,1) r(241,338) r(384,303) a(300,275) r(398,399) r(187,205) a(161,162)
24; 28, 39; r(214,29) d(135) a(396,20) a(419,412)
25; 28, 39; d(117) d(351) d(432) r(421,221) a(451,457) d(214) r(241,338) d(214) d(272) a(385,173) r(181,467) d(465) a(273,172) d(213) d(166) d(387)
26; 28; r(214,29) d(135) a(385,173) r(181,467) d(465) a(273,172) d(213) d(166) d(387)
27; 39; d(117) d(351) d(432) r(421,221) a(451,457) d(214) r(241,338) d(214) d(272) a(396,20) a(419,412)
28; 54; r(214,29) d(135) d(422) r(420,1) r(241,338) r(384,303) d(412) a(244,227) a(238,300)
29; 45; d(219) d(397) d(212) d(272) r(326,197) d(213) d(379) d(412) a(244,227) d(393)
30; 6; d(192) r(325,22) r(212,139) d(176) r(420,1) r(241,338) r(384,303) a(300,275) r(471,464) r(420,1) r(241,338) d(432) a(424,432) a(210,273) d(463) d(141)
31; 21; d(117) d(351) d(432) r(421,221) a(451,457) d(214) r(241,338) r(384,303) a(300,275) r(223,210) r(369,403) a(338,352)
32; 61; d(219) d(210) d(21) a(468,460) d(1) a(303,13) r(370,425) r(281,475) d(277) r(394,286) a(110,137) a(256,439) r(227,275) r(213,381)
33; 40; d(117) d(351) d(432) r(421,221) a(451,457) d(214) d(272) a(396,20) r(147,286)
34; 40; d(117) d(351) d(432) r(421,221) a(451,457) d(214) d(272) a(396,20) r(147,286)
35; 60; r(213,195) r(184,52) d(112) r(428,136) r(241,355) r(396,467) a(358,258) d(22) r(368,286)
36; 33; d(219) d(210) d(157) r(465,19)
37; 50; d(219) d(397) a(110,137) a(256,439) r(227,275) a(299,444)
38; 21; d(117) d(351) d(432) r(421,221) a(451,457) d(214) r(241,338) r(384,303) a(300,275) r(223,210) r(369,403) a(338,352)
39; 30; d(117) d(351) d(157) d(214)
40; 49, 38; d(117) d(351) d(432) r(421,221) a(451,457) d(214) r(384,303) a(300,275) r(223,210) r(369,403) a(210,425)
41; 49, 38; d(117) d(351) d(432) r(421,221) a(451,457) r(241,338) r(384,303) r(208,154) a(2,447)
42; 49; d(117) d(351) d(432) r(421,221) a(451,457) d(214) r(241,338) r(384,303) r(208,154) a(2,447)
43; 38; d(117) d(351) d(432) r(421,221) a(451,457) r(384,303) a(300,275) r(223,210) r(369,403) a(210,425)
44; 17, 33; d(453) a(303,13) r(370,425) r(281,475) r(326,197) d(213) d(379) d(210) d(157) r(465,19)
45; 17, 33; d(219) a(198,182) d(204) d(173)
46; 17; d(453) a(303,13) r(370,425) r(281,475) r(326,197) d(213) d(379) a(198,182) d(204) d(173)
47; 33; d(219) d(210) d(157) r(465,19)
48; 37; r(214,29) d(135) d(422) r(213,374) d(138) r(241,338) r(384,303) a(300,275) r(223,210) d(251) a(237,413)
49; 22; r(214,29) d(135) d(422) r(420,1) r(241,338) r(384,303) a(300,275) r(398,399) d(297) d(323)
50; 47, 12; d(219) d(397) d(212) d(272) r(326,197) d(213) d(379) d(412) a(244,227) d(214) r(241,338) r(384,303) a(300,275) r(223,210) d(253) a(213,286)
51; 47, 12; d(117) d(351) d(432) r(421,221) a(451,457) r(239,228)
52; 47; d(219) d(397) d(212) d(272) r(326,197) d(213) d(379) d(412) a(244,227) r(239,228)
53; 12; d(117) d(351) d(432) r(421,221) a(451,457) d(214) r(241,338) r(384,303) a(300,275) r(223,210) d(253) a(213,286)
54; 34, 47; d(219) d(397) d(212) r(438,303) r(241,338) r(384,303) a(300,275) r(223,210) d(251) r(239,228)
55; 34, 47; d(219) d(397) d(212) d(272) r(326,197) d(213) d(379) d(412) a(244,227) a(173,9)
56; 34; d(219) d(397) d(212) r(438,303) r(241,338) r(384,303) a(300,275) r(223,210) d(251) a(173,9)
57; 47; d(219) d(397) d(212) d(272) r(326,197) d(213) d(379) d(412) a(244,227) r(239,228)
--------------------------------------------------------------------------------
Mutation

0; d(219) r(398,399) r(187,205) d(343) a(303,13) r(370,425) r(281,475) r(326,197) d(213) d(379) a(198,182) d(204) d(173) d(214)
1; d(453) r(214,1)
2; d(219) r(398,399) r(187,205) d(343) a(332,172)
3; d(453) a(303,13) r(370,425) r(281,475) r(326,197) d(213) d(379) a(198,182) d(204) d(173) a(330,273)
4; r(214,29) d(135) a(385,173) r(370,425) r(281,475) d(277) r(394,286) a(110,137) a(256,439) r(227,275) r(212,151) d(242)
5; r(213,195) r(184,52) d(112) r(428,136) a(303,13) r(181,467) d(465) a(273,172) d(440) r(10,53) d(212) r(9,26)
6; r(214,29) d(135) a(385,173) r(181,467) d(465) a(273,172) d(440) r(10,53) d(212) r(175,199)
7; r(213,195) r(184,52) d(112) r(428,136) a(303,13) r(370,425) r(281,475) d(277) r(394,286) a(110,137) a(256,439) r(227,275) r(212,151) r(423,214)
8; d(219) d(397) r(438,303) a(213,233) d(1)
9; d(219) d(397) d(212) d(212) r(438,303) d(238) a(176,177)
10; d(219) d(397) d(212) r(438,303) d(238) r(374,441)
11; d(219) d(397) d(212) r(438,303) a(213,233) d(199)
12; r(214,29) d(135) d(422) r(420,1) r(241,338) r(384,303) a(300,275) r(398,399) r(289,297) a(120,143) r(164,272) r(241,338) r(384,303) a(300,275) r(223,210) d(253) d(425) a(141,131)
13; d(117) d(351) d(432) r(421,221) a(451,457) d(214) r(241,338) d(214) d(272) a(396,20) a(419,412) d(292)
14; r(214,29) d(135) d(422) r(420,1) r(241,338) d(432) a(424,432) a(210,273) d(463) a(347,171) d(146)
15; r(214,29) d(135) a(210,192) a(444,272) a(224,374)
16; d(117) d(351) d(432) r(428,136) r(241,355) r(396,467) a(358,258) d(22) r(368,286) r(214,420)
17; r(213,195) r(184,52) d(112) r(326,197) d(396) a(391,410) d(331) d(142)
18; d(117) d(351) d(432) r(326,197) d(396) a(391,410) d(331) r(435,385)
19; r(213,195) r(184,52) d(112) r(428,136) r(241,355) r(396,467) a(358,258) d(22) r(368,286) d(237)
20; d(453) a(303,13) r(370,425) r(281,475) r(326,197) d(213) d(379) a(198,182) d(432) r(326,197) d(213) r(185,204) a(471,358) a(178,214) d(214) a(151,31)
21; r(214,29) d(135) d(422) r(420,1) r(241,338) r(384,303) a(300,275) r(398,399) r(289,297) a(120,143) r(164,272) a(437,425) d(20) d(25)
22; r(214,29) d(135) a(385,173) r(181,467) d(465) a(273,172) d(440) r(10,53) d(212) d(335)
23; r(214,29) d(135) d(422) r(420,1) r(241,338) r(384,303) a(300,275) r(398,399) r(187,205) a(161,162) d(353)
24; r(214,29) d(135) a(396,20) a(419,412) a(249,330)
25; d(117) d(351) d(432) r(421,221) a(451,457) d(214) r(241,338) d(214) d(272) a(385,173) r(181,467) d(465) a(273,172) d(213) d(166) d(387) a(199,168)
26; r(214,29) d(135) a(385,173) r(181,467) d(465) a(273,172) d(213) d(166) d(387) r(448,471)
27; d(117) d(351) d(432) r(421,221) a(451,457) d(214) r(241,338) d(214) d(272) a(396,20) a(419,412) a(228,358)
28; r(214,29) d(135) d(422) r(420,1) r(241,338) r(384,303) d(412) a(244,227) a(238,300) r(337,448)
29; d(219) d(397) d(212) d(272) r(326,197) d(213) d(379) d(412) a(244,227) d(393) a(13,38)
30; d(192) r(325,22) r(212,139) d(176) r(420,1) r(241,338) r(384,303) a(300,275) r(471,464) r(420,1) r(241,338) d(432) a(424,432) a(210,273) d(463) d(141) r(368,423)
31; d(117) d(351) d(432) r(421,221) a(451,457) d(214) r(241,338) r(384,303) a(300,275) r(223,210) r(369,403) a(338,352) a(291,344)
32; d(219) d(210) d(21) a(468,460) d(1) a(303,13) r(370,425) r(281,475) d(277) r(394,286) a(110,137) a(256,439) r(227,275) r(213,381) a(183,162)
33; d(117) d(351) d(432) r(421,221) a(451,457) d(214) d(272) a(396,20) r(147,286) d(200)
34; d(117) d(351) d(432) r(421,221) a(451,457) d(214) d(272) a(396,20) r(147,286) r(279,331)
35; r(213,195) r(184,52) d(112) r(428,136) r(241,355) r(396,467) a(358,258) d(22) r(368,286) r(284,291)
36; d(219) d(210) d(157) r(465,19) a(399,422)
37; d(219) d(397) a(110,137) a(256,439) r(227,275) a(299,444) r(425,380)
38; d(117) d(351) d(432) r(421,221) a(451,457) d(214) r(241,338) r(384,303) a(300,275) r(223,210) r(369,403) a(338,352) a(378,430)
39; d(117) d(351) d(157) d(214) d(158)
40; d(117) d(351) d(432) r(421,221) a(451,457) d(214) r(384,303) a(300,275) r(223,210) r(369,403) a(210,425) r(182,189)
41; d(117) d(351) d(432) r(421,221) a(451,457) r(241,338) r(384,303) r(208,154) a(2,447) r(13,475)
42; d(117) d(351) d(432) r(421,221) a(451,457) d(214) r(241,338) r(384,303) r(208,154) a(2,447) r(473,463)
43; d(117) d(351) d(432) r(421,221) a(451,457) r(384,303) a(300,275) r(223,210) r(369,403) a(210,425) d(414)
44; d(453) a(303,13) r(370,425) r(281,475) r(326,197) d(213) d(379) d(210) d(157) r(465,19) a(13,50)
45; d(219) a(198,182) d(204) d(173) r(210,420)
46; d(453) a(303,13) r(370,425) r(281,475) r(326,197) d(213) d(379) a(198,182) d(204) d(173) r(171,337)
47; d(219) d(210) d(157) r(465,19) a(367,444)
48; r(214,29) d(135) d(422) r(213,374) d(138) r(241,338) r(384,303) a(300,275) r(223,210) d(251) a(237,413) r(9,210)
49; r(214,29) d(135) d(422) r(420,1) r(241,338) r(384,303) a(300,275) r(398,399) d(297) d(323) r(425,286)
50; d(219) d(397) d(212) d(272) r(326,197) d(213) d(379) d(412) a(244,227) d(214) r(241,338) r(384,303) a(300,275) r(223,210) d(253) a(213,286) a(177,228)
51; d(117) d(351) d(432) r(421,221) a(451,457) r(239,228) r(194,390)
52; d(219) d(397) d(212) d(272) r(326,197) d(213) d(379) d(412) a(244,227) r(239,228) a(293,9)
53; d(117) d(351) d(432) r(421,221) a(451,457) d(214) r(241,338) r(384,303) a(300,275) r(223,210) d(253) a(213,286) a(212,349)
54; d(219) d(397) d(212) r(438,303) r(241,338) r(384,303) a(300,275) r(223,210) d(251) r(239,228) a(129,286)
55; d(219) d(397) d(212) d(272) r(326,197) d(213) d(379) d(412) a(244,227) a(173,9) r(393,172)
56; d(219) d(397) d(212) r(438,303) r(241,338) r(384,303) a(300,275) r(223,210) d(251) a(173,9) r(351,413)
57; d(219) d(397) d(212) d(272) r(326,197) d(213) d(379) d(412) a(244,227) r(239,228) a(468,228)
--------------------------------------------------------------------------------
Evaluation

0; 0.
1; 5.
2; 0.
3; 0.
4; 0.
5; 0.
6; 0.
7; 0.
8; 0.
9; 0.
10; 0.
11; 0.
12; 0.
13; 0.
14; 0.
15; 0.
16; 0.
17; 0.
18; 0.
19; 0.
20; 0.
21; 0.
22; 0.
23; 0.
24; 0.
25; 0.
26; 0.
27; 0.
28; 0.
29; 0.
30; 0.
31; 0.
32; 0.
33; 0.
34; 0.
35; 0.
36; 0.
37; 0.
38; 0.
39; 0.
40; 0.
41; 0.
42; 0.
43; 0.
44; 0.
45; 0.
46; 0.
47; 0.
48; 0.
49; 0.
50; 0.
51; 0.
52; 0.
53; 0.
54; 0.
55; 0.
56; 0.
57; 0.
================================================================================
Generation 10

--------------------------------------------------------------------------------
Selection

0; 25
1; 30
2; 29
3; 46
4; 47
5; 15
6; 20
7; 46
8; 9
9; 36
10; 6
11; 52
12; 4
13; 42
14; 57
15; 44
16; 41
17; 20
18; 50
19; 27
20; 30
21; 11
22; 6
23; 57
24; 21
25; 45
26; 17
27; 5
28; 21
29; 25
30; 31
31; 24
32; 26
33; 9
34; 42
35; 45
36; 14
37; 35
38; 30
39; 12
--------------------------------------------------------------------------------
Crossover

0; 6, 6; r(214,29) d(135) a(385,173) r(181,467) a(385,173) r(181,467) d(465) a(273,172) d(440) r(10,53) d(212) r(175,199)
1; 6, 6; r(214,29) d(135) d(465) a(273,172) d(440) r(10,53) d(212) r(175,199)
2; 6; r(214,29) d(135) a(385,173) r(181,467) d(465) a(273,172) d(440) r(10,53) d(212) r(175,199)
3; 6; r(214,29) d(135) a(385,173) r(181,467) d(465) a(273,172) d(440) r(10,53) d(212) r(175,199)
4; 57, 21; d(219)
5; 57, 21; r(214,29) d(135) d(422) r(420,1) r(241,338) r(384,303) a(300,275) r(398,399) r(289,297) a(120,143) r(164,272) a(437,425) d(20) d(25) d(397) d(212) d(272) r(326,197) d(213) d(379) d(412) a(244,227) r(239,228) a(468,228)
6; 57; d(219) d(397) d(212) d(272) r(326,197) d(213) d(379) d(412) a(244,227) r(239,228) a(468,228)
7; 21; r(214,29) d(135) d(422) r(420,1) r(241,338) r(384,303) a(300,275) r(398,399) r(289,297) a(120,143) r(164,272) a(437,425) d(20) d(25)
8; 36, 30; d(219) d(210) d(157) r(465,19) a(399,422) a(300,275) r(471,464) r(420,1) r(241,338) d(432) a(424,432) a(210,273) d(463) d(141) r(368,423)
9; 36, 30; d(192) r(325,22) r(212,139) d(176) r(420,1) r(241,338) r(384,303)
10; 36; d(219) d(210) d(157) r(465,19) a(399,422)
11; 30; d(192) r(325,22) r(212,139) d(176) r(420,1) r(241,338) r(384,303) a(300,275) r(471,464) r(420,1) r(241,338) d(432) a(424,432) a(210,273) d(463) d(141) r(368,423)
12; 29, 20; d(219) d(397) d(212) d(272) r(326,197) d(213) d(379) d(412) a(244,227) r(281,475) r(326,197) d(213) d(379) a(198,182) d(432) r(326,197) d(213) r(185,204) a(471,358) a(178,214) d(214) a(151,31)
13; 29, 20; d(453) a(303,13) r(370,425) d(393) a(13,38)
14; 29; d(219) d(397) d(212) d(272) r(326,197) d(213) d(379) d(412) a(244,227) d(393) a(13,38)
15; 20; d(453) a(303,13) r(370,425) r(281,475) r(326,197) d(213) d(379) a(198,182) d(432) r(326,197) d(213) r(185,204) a(471,358) a(178,214) d(214) a(151,31)
16; 46, 45; d(453) a(303,13) r(370,425) r(281,475) r(326,197)
17; 46, 45; d(219) a(198,182) d(204) d(173) r(210,420) d(213) d(379) a(198,182) d(204) d(173) r(171,337)
18; 46; d(453) a(303,13) r(370,425) r(281,475) r(326,197) d(213) d(379) a(198,182) d(204) d(173) r(171,337)
19; 45; d(219) a(198,182) d(204) d(173) r(210,420)
20; 14, 57; r(214,29) d(397) d(212) d(272) r(326,197) d(213) d(379) d(412) a(244,227) r(239,228) a(468,228)
21; 14, 57; d(219) d(135) d(422) r(420,1) r(241,338) d(432) a(424,432) a(210,273) d(463) a(347,171) d(146)
22; 14; r(214,29) d(135) d(422) r(420,1) r(241,338) d(432) a(424,432) a(210,273) d(463) a(347,171) d(146)
23; 57; d(219) d(397) d(212) d(272) r(326,197) d(213) d(379) d(412) a(244,227) r(239,228) a(468,228)
24; 27, 15; d(117) d(351) d(432) r(421,221) a(451,457) d(214) r(241,338) d(214) a(224,374)
25; 27, 15; r(214,29) d(135) a(210,192) a(444,272) d(272) a(396,20) a(419,412) a(228,358)
26; 27; d(117) d(351) d(432) r(421,221) a(451,457) d(214) r(241,338) d(214) d(272) a(396,20) a(419,412) a(228,358)
27; 15; r(214,29) d(135) a(210,192) a(444,272) a(224,374)
28; 41; d(117) d(351) d(432) r(421,221) a(451,457) r(241,338) r(384,303) r(208,154) a(2,447) r(13,475)
29; 12; r(214,29) d(135) d(422) r(420,1) r(241,338) r(384,303) a(300,275) r(398,399) r(289,297) a(120,143) r(164,272) r(241,338) r(384,303) a(300,275) r(223,210) d(253) d(425) a(141,131)
30; 9; d(219) d(397) d(212) d(212) r(438,303) d(238) a(176,177)
31; 47; d(219) d(210) d(157) r(465,19) a(367,444)
32; 44, 4; d(453) d(135) a(385,173) r(370,425) r(281,475) d(277) r(394,286) a(110,137) a(256,439) r(227,275) r(212,151) d(242)
33; 44, 4; r(214,29) a(303,13) r(370,425) r(281,475) r(326,197) d(213) d(379) d(210) d(157) r(465,19) a(13,50)
34; 44; d(453) a(303,13) r(370,425) r(281,475) r(326,197) d(213) d(379) d(210) d(157) r(465,19) a(13,50)
35; 4; r(214,29) d(135) a(385,173) r(370,425) r(281,475) d(277) r(394,286) a(110,137) a(256,439) r(227,275) r(212,151) d(242)
36; 35, 46; r(213,195) r(184,52) d(112) r(428,136) r(326,197) d(213) d(379) a(198,182) d(204) d(173) r(171,337)
37; 35, 46; d(453) a(303,13) r(370,425) r(281,475) r(241,355) r(396,467) a(358,258) d(22) r(368,286) r(284,291)
38; 35; r(213,195) r(184,52) d(112) r(428,136) r(241,355) r(396,467) a(358,258) d(22) r(368,286) r(284,291)
39; 46; d(453) a(303,13) r(370,425) r(281,475) r(326,197) d(213) d(379) a(198,182) d(204) d(173) r(171,337)
40; 11; d(219) d(397) d(212) r(438,303) a(213,233) d(199)
41; 45; d(219) a(198,182) d(204) d(173) r(210,420)
42; 21; r(214,29) d(135) d(422) r(420,1) r(241,338) r(384,303) a(300,275) r(398,399) r(289,297) a(120,143) r(164,272) a(437,425) d(20) d(25)
43; 25; d(117) d(351) d(432) r(421,221) a(451,457) d(214) r(241,338) d(214) d(272) a(385,173) r(181,467) d(465) a(273,172) d(213) d(166) d(387) a(199,168)
44; 20, 9; d(453) a(303,13) r(370,425) r(281,475) r(326,197) d(213) d(379) a(198,182) d(432) r(326,197) d(213) r(185,204) a(471,358) a(178,214) d(214) d(212) r(438,303) d(238) a(176,177)
45; 20, 9; d(219) d(397) d(212) a(151,31)
46; 20; d(453) a(303,13) r(370,425) r(281,475) r(326,197) d(213) d(379) a(198,182) d(432) r(326,197) d(213) r(185,204) a(471,358) a(178,214) d(214) a(151,31)
47; 9; d(219) d(397) d(212) d(212) r(438,303) d(238) a(176,177)
48; 30, 30; d(192) a(210,273) d(463) d(141) r(368,423)
49; 30, 30; d(192) r(325,22) r(212,139) d(176) r(420,1) r(241,338) r(384,303) a(300,275) r(471,464) r(420,1) r(241,338) d(432) a(424,432) r(325,22) r(212,139) d(176) r(420,1) r(241,338) r(384,303) a(300,275) r(471,464) r(420,1) r(241,338) d(432) a(424,432) a(210,273) d(463) d(141) r(368,423)
50; 30; d(192) r(325,22) r(212,139) d(176) r(420,1) r(241,338) r(384,303) a(300,275) r(471,464) r(420,1) r(241,338) d(432) a(424,432) a(210,273) d(463) d(141) r(368,423)
51; 30; d(192) r(325,22) r(212,139) d(176) r(420,1) r(241,338) r(384,303) a(300,275) r(471,464) r(420,1) r(241,338) d(432) a(424,432) a(210,273) d(463) d(141) r(368,423)
52; 42, 50; d(117) d(351) d(432) r(421,221) a(451,457) d(214) r(241,338) r(384,303) a(300,275) r(223,210) d(253) a(213,286) a(177,228)
53; 42, 50; d(219) d(397) d(212) d(272) r(326,197) d(213) d(379) d(412) a(244,227) d(214) r(241,338) r(384,303) r(208,154) a(2,447) r(473,463)
54; 42; d(117) d(351) d(432) r(421,221) a(451,457) d(214) r(241,338) r(384,303) r(208,154) a(2,447) r(473,463)
55; 50; d(219) d(397) d(212) d(272) r(326,197) d(213) d(379) d(412) a(244,227) d(214) r(241,338) r(384,303) a(300,275) r(223,210) d(253) a(213,286) a(177,228)
56; 52, 17; d(219) d(397) d(212) d(272) r(326,197) d(142)
57; 52, 17; r(213,195) r(184,52) d(112) r(326,197) d(396) a(391,410) d(331) d(213) d(379) d(412) a(244,227) r(239,228) a(293,9)
58; 52; d(219) d(397) d(212) d(272) r(326,197) d(213) d(379) d(412) a(244,227) r(239,228) a(293,9)
59; 17; r(213,195) r(184,52) d(112) r(326,197) d(396) a(391,410) d(331) d(142)
60; 24; r(214,29) d(135) a(396,20) a(419,412) a(249,330)
61; 31; d(117) d(351) d(432) r(421,221) a(451,457) d(214) r(241,338) r(384,303) a(300,275) r(223,210) r(369,403) a(338,352) a(291,344)
62; 5; r(213,195) r(184,52) d(112) r(428,136) a(303,13) r(181,467) d(465) a(273,172) d(440) r(10,53) d(212) r(9,26)
63; 26; r(214,29) d(135) a(385,173) r(181,467) d(465) a(273,172) d(213) d(166) d(387) r(448,471)
64; 25, 42; d(117) d(351) d(432) r(421,221) a(451,457) d(214) r(241,338) d(214) d(272) a(385,173) r(181,467) d(465) a(273,172) d(213) d(166) r(241,338) r(384,303) r(208,154) a(2,447) r(473,463)
65; 25, 42; d(117) d(351) d(432) r(421,221) a(451,457) d(214) d(387) a(199,168)
66; 25; d(117) d(351) d(432) r(421,221) a(451,457) d(214) r(241,338) d(214) d(272) a(385,173) r(181,467) d(465) a(273,172) d(213) d(166) d(387) a(199,168)
67; 42; d(117) d(351) d(432) r(421,221) a(451,457) d(214) r(241,338) r(384,303) r(208,154) a(2,447) r(473,463)
--------------------------------------------------------------------------------
Mutation

0; r(214,29) d(135) a(385,173) r(181,467) a(385,173) r(181,467) d(465) a(273,172) d(440) r(10,53) d(212) r(175,199) d(172)
1; r(214,29) d(135) d(465) a(273,172) d(440) r(10,53) d(212) r(175,199) d(376)
2; r(214,29) d(135) a(385,173) r(181,467) d(465) a(273,172) d(440) r(10,53) d(212) r(175,199) d(437)
3; r(214,29) d(135) a(385,173) r(181,467) d(465) a(273,172) d(440) r(10,53) d(212) r(175,199) d(109)
4; d(219) r(274,304)
5; r(214,29) d(135) d(422) r(420,1) r(241,338) r(384,303) a(300,275) r(398,399) r(289,297) a(120,143) r(164,272) a(437,425) d(20) d(25) d(397) d(212) d(272) r(326,197) d(213) d(379) d(412) a(244,227) r(239,228) a(468,228) d(123)
6; d(219) d(397) d(212) d(272) r(326,197) d(213) d(379) d(412) a(244,227) r(239,228) a(468,228) r(421,323)
7; r(214,29) d(135) d(422) r(420,1) r(241,338) r(384,303) a(300,275) r(398,399) r(289,297) a(120,143) r(164,272) a(437,425) d(20) d(25) d(373)
8; d(219) d(210) d(157) r(465,19) a(399,422) a(300,275) r(471,464) r(420,1) r(241,338) d(432) a(424,432) a(210,273) d(463) d(141) r(368,423) d(412)
9; d(192) r(325,22) r(212,139) d(176) r(420,1) r(241,338) r(384,303) r(377,273)
10; d(219) d(210) d(157) r(465,19) a(399,422) r(398,29)
11; d(192) r(325,22) r(212,139) d(176) r(420,1) r(241,338) r(384,303) a(300,275) r(471,464) r(420,1) r(241,338) d(432) a(424,432) a(210,273) d(463) d(141) r(368,423) a(159,214)
12; d(219) d(397) d(212) d(272) r(326,197) d(213) d(379) d(412) a(244,227) r(281,475) r(326,197) d(213) d(379) a(198,182) d(432) r(326,197) d(213) r(185,204) a(471,358) a(178,214) d(214) a(151,31) r(409,462)
13; d(453) a(303,13) r(370,425) d(393) a(13,38) d(210)
14; d(219) d(397) d(212) d(272) r(326,197) d(213) d(379) d(412) a(244,227) d(393) a(13,38) a(210,9)
15; d(453) a(303,13) r(370,425) r(281,475) r(326,197) d(213) d(379) a(198,182) d(432) r(326,197) d(213) r(185,204) a(471,358) a(178,214) d(214) a(151,31) d(347)
16; d(453) a(303,13) r(370,425) r(281,475) r(326,197) d(146)
17; d(219) a(198,182) d(204) d(173) r(210,420) d(213) d(379) a(198,182) d(204) d(173) r(171,337) a(139,29)
18; d(453) a(303,13) r(370,425) r(281,475) r(326,197) d(213) d(379) a(198,182) d(204) d(173) r(171,337) d(396)
19; d(219) a(198,182) d(204) d(173) r(210,420) a(174,390)
20; r(214,29) d(397) d(212) d(272) r(326,197) d(213) d(379) d(412) a(244,227) r(239,228) a(468,228) a(385,435)
21; d(219) d(135) d(422) r(420,1) r(241,338) d(432) a(424,432) a(210,273) d(463) a(347,171) d(146) d(301)
22; r(214,29) d(135) d(422) r(420,1) r(241,338) d(432) a(424,432) a(210,273) d(463) a(347,171) d(146) a(14,54)
23; d(219) d(397) d(212) d(272) r(326,197) d(213) d(379) d(412) a(244,227) r(239,228) a(468,228) r(279,276)
24; d(117) d(351) d(432) r(421,221) a(451,457) d(214) r(241,338) d(214) a(224,374) d(376)
25; r(214,29) d(135) a(210,192) a(444,272) d(272) a(396,20) a(419,412) a(228,358) a(174,20)
26; d(117) d(351) d(432) r(421,221) a(451,457) d(214) r(241,338) d(214) d(272) a(396,20) a(419,412) a(228,358) r(174,448)
27; r(214,29) d(135) a(210,192) a(444,272) a(224,374) d(166)
28; d(117) d(351) d(432) r(421,221) a(451,457) r(241,338) r(384,303) r(208,154) a(2,447) r(13,475) r(141,323)
29; r(214,29) d(135) d(422) r(420,1) r(241,338) r(384,303) a(300,275) r(398,399) r(289,297) a(120,143) r(164,272) r(241,338) r(384,303) a(300,275) r(223,210) d(253) d(425) a(141,131) a(330,358)
30; d(219) d(397) d(212) d(212) r(438,303) d(238) a(176,177) d(210)
31; d(219) d(210) d(157) r(465,19) a(367,444) r(251,297)
32; d(453) d(135) a(385,173) r(370,425) r(281,475) d(277) r(394,286) a(110,137) a(256,439) r(227,275) r(212,151) d(242) a(323,455)
33; r(214,29) a(303,13) r(370,425) r(281,475) r(326,197) d(213) d(379) d(210) d(157) r(465,19) a(13,50) a(406,171)
34; d(453) a(303,13) r(370,425) r(281,475) r(326,197) d(213) d(379) d(210) d(157) r(465,19) a(13,50) a(221,273)
35; r(214,29) d(135) a(385,173) r(370,425) r(281,475) d(277) r(394,286) a(110,137) a(256,439) r(227,275) r(212,151) d(242) r(165,145)
36; r(213,195) r(184,52) d(112) r(428,136) r(326,197) d(213) d(379) a(198,182) d(204) d(173) r(171,337) d(152)
37; d(453) a(303,13) r(370,425) r(281,475) r(241,355) r(396,467) a(358,258) d(22) r(368,286) r(284,291) r(3,447)
38; r(213,195) r(184,52) d(112) r(428,136) r(241,355) r(396,467) a(358,258) d(22) r(368,286) r(284,291) a(121,173)
39; d(453) a(303,13) r(370,425) r(281,475) r(326,197) d(213) d(379) a(198,182) d(204) d(173) r(171,337) d(176)
40; d(219) d(397) d(212) r(438,303) a(213,233) d(199) r(387,41)
41; d(219) a(198,182) d(204) d(173) r(210,420) d(417)
42; r(214,29) d(135) d(422) r(420,1) r(241,338) r(384,303) a(300,275) r(398,399) r(289,297) a(120,143) r(164,272) a(437,425) d(20) d(25) r(292,420)
43; d(117) d(351) d(432) r(421,221) a(451,457) d(214) r(241,338) d(214) d(272) a(385,173) r(181,467) d(465) a(273,172) d(213) d(166) d(387) a(199,168) a(208,349)
44; d(453) a(303,13) r(370,425) r(281,475) r(326,197) d(213) d(379) a(198,182) d(432) r(326,197) d(213) r(185,204) a(471,358) a(178,214) d(214) d(212) r(438,303) d(238) a(176,177) d(129)
45; d(219) d(397) d(212) a(151,31) d(215)
46; d(453) a(303,13) r(370,425) r(281,475) r(326,197) d(213) d(379) a(198,182) d(432) r(326,197) d(213) r(185,204) a(471,358) a(178,214) d(214) a(151,31) d(339)
47; d(219) d(397) d(212) d(212) r(438,303) d(238) a(176,177) r(468,463)
48; d(192) a(210,273) d(463) d(141) r(368,423) a(333,1)
49; d(192) r(325,22) r(212,139) d(176) r(420,1) r(241,338) r(384,303) a(300,275) r(471,464) r(420,1) r(241,338) d(432) a(424,432) r(325,22) r(212,139) d(176) r(420,1) r(241,338) r(384,303) a(300,275) r(471,464) r(420,1) r(241,338) d(432) a(424,432) a(210,273) d(463) d(141) r(368,423) r(403,21)
50; d(192) r(325,22) r(212,139) d(176) r(420,1) r(241,338) r(384,303) a(300,275) r(471,464) r(420,1) r(241,338) d(432) a(424,432) a(210,273) d(463) d(141) r(368,423) r(418,37)
51; d(192) r(325,22) r(212,139) d(176) r(420,1) r(241,338) r(384,303) a(300,275) r(471,464) r(420,1) r(241,338) d(432) a(424,432) a(210,273) d(463) d(141) r(368,423) d(373)
52; d(117) d(351) d(432) r(421,221) a(451,457) d(214) r(241,338) r(384,303) a(300,275) r(223,210) d(253) a(213,286) a(177,228) a(133,127)
53; d(219) d(397) d(212) d(272) r(326,197) d(213) d(379) d(412) a(244,227) d(214) r(241,338) r(384,303) r(208,154) a(2,447) r(473,463) a(468,276)
54; d(117) d(351) d(432) r(421,221) a(451,457) d(214) r(241,338) r(384,303) r(208,154) a(2,447) r(473,463) a(278,173)
55; d(219) d(397) d(212) d(272) r(326,197) d(213) d(379) d(412) a(244,227) d(214) r(241,338) r(384,303) a(300,275) r(223,210) d(253) a(213,286) a(177,228) r(334,246)
56; d(219) d(397) d(212) d(272) r(326,197) d(142) r(214,145)
57; r(213,195) r(184,52) d(112) r(326,197) d(396) a(391,410) d(331) d(213) d(379) d(412) a(244,227) r(239,228) a(293,9) d(422)
58; d(219) d(397) d(212) d(272) r(326,197) d(213) d(379) d(412) a(244,227) r(239,228) a(293,9) r(390,418)
59; r(213,195) r(184,52) d(112) r(326,197) d(396) a(391,410) d(331) d(142) a(253,343)
60; r(214,29) d(135) a(396,20) a(419,412) a(249,330) r(467,471)
61; d(117) d(351) d(432) r(421,221) a(451,457) d(214) r(241,338) r(384,303) a(300,275) r(223,210) r(369,403) a(338,352) a(291,344) r(251,303)
62; r(213,195) r(184,52) d(112) r(428,136) a(303,13) r(181,467) d(465) a(273,172) d(440) r(10,53) d(212) r(9,26) a(433,414)
63; r(214,29) d(135) a(385,173) r(181,467) d(465) a(273,172) d(213) d(166) d(387) r(448,471) a(393,386)
64; d(117) d(351) d(432) r(421,221) a(451,457) d(214) r(241,338) d(214) d(272) a(385,173) r(181,467) d(465) a(273,172) d(213) d(166) r(241,338) r(384,303) r(208,154) a(2,447) r(473,463) r(382,273)
65; d(117) d(351) d(432) r(421,221) a(451,457) d(214) d(387) a(199,168) d(210)
66; d(117) d(351) d(432) r(421,221) a(451,457) d(214) r(241,338) d(214) d(272) a(385,173) r(181,467) d(465) a(273,172) d(213) d(166) d(387) a(199,168) a(401,441)
67; d(117) d(351) d(432) r(421,221) a(451,457) d(214) r(241,338) r(384,303) r(208,154) a(2,447) r(473,463) r(236,21)
--------------------------------------------------------------------------------
Evaluation

0; 0.
1; 0.
2; 0.
3; 0.
4; 0.
5; 0.
6; 0.
7; 0.
8; 0.
9; 0.
10; 0.
11; 0.
12; 0.
13; 0.
14; 0.
15; 0.
16; 0.
17; 0.
18; 0.
19; 0.
20; 0.
21; 0.
22; 0.
23; 0.
24; 0.
25; 0.
26; 0.
27; 0.
28; 0.
29; 0.
30; 0.
31; 0.
32; 0.
33; 0.
34; 0.
35; 0.
36; 0.
37; 0.
38; 0.
39; 0.
40; 0.
41; 0.
42; 0.
43; 0.
44; 0.
45; 0.
46; 0.
47; 0.
48; 0.
49; 0.
50; 0.
51; 0.
52; 0.
53; 0.
54; 0.
55; 0.
56; 10.
57; 0.
58; 0.
59; 0.
60; 0.
61; 0.
62; 0.
63; 0.
64; 0.
65; 0.
66; 0.
67; 0.
