================================================================================
Enclosure

1: 0
2: 0
3: 0
4: 3
5: 4
6: 4
7: 4
8: 4
9: 3
10: 0
11: 0
12: 11
13: 11
14: 0
15: 0
16: 15
17: 15
18: 15
19: 15
20: 0
21: 0
22: 0
23: 0
24: 0
25: 0
26: 0
28: 26
29: 0
31: 29
32: 0
33: 0
34: 0
35: 0
37: 35
38: 0
39: 0
40: 39
41: 40
43: 39
45: 43
46: 39
47: 0
48: 0
50: 48
52: 50
53: 0
54: 0
56: 0
58: 56
59: 0
60: 0
61: 0
62: 0
64: 0
65: 0
67: 0
68: 0
69: 0
70: 0
71: 0
72: 71
73: 72
75: 71
76: 71
77: 71
78: 0
79: 78
80: 78
81: 78
82: 78
83: 82
84: 83
86: 82
87: 82
88: 82
89: 78
90: 0
91: 0
92: 0
93: 92
94: 93
95: 93
96: 92
97: 96
98: 96
99: 96
100: 92
101: 100
102: 100
103: 92
104: 92
105: 0
106: 105
107: 105
108: 0
109: 0
110: 0
111: 0
112: 111
113: 112
115: 111
116: 111
117: 0
118: 0
119: 118
120: 118
121: 0
122: 0
123: 0
124: 0
126: 0
127: 126
128: 126
129: 126
130: 126
131: 126
132: 126
133: 126
134: 0
135: 134
136: 134
137: 0
138: 137
139: 137
141: 0
142: 0
143: 0
145: 0
146: 0
147: 0
148: 0
149: 148
150: 149
151: 149
152: 149
153: 152
154: 153
156: 152
157: 152
158: 149
159: 149
160: 149
161: 160
162: 161
164: 160
165: 160
166: 148
167: 166
168: 167
170: 167
171: 166
172: 148
173: 148
174: 0
175: 0
176: 175
177: 175
178: 177
180: 175
181: 175
182: 181
183: 181
184: 181
185: 184
187: 181
188: 181
189: 181
190: 189
192: 189
193: 175
194: 193
195: 193
197: 193
198: 175
199: 0
200: 0
201: 200
202: 201
204: 200
205: 0
206: 205
207: 205
208: 207
210: 207
211: 205
212: 0
213: 0
214: 0
215: 0
216: 0
217: 0
218: 217
219: 217
220: 217
221: 220
223: 217
224: 217
225: 217
226: 225
227: 225
228: 0
229: 0
230: 0
231: 0
232: 231
233: 232
235: 231
236: 231
237: 231
238: 231
239: 231
240: 231
241: 231
242: 231
243: 231
244: 231
245: 231
246: 231
247: 231
248: 231
249: 231
250: 231
251: 231
252: 231
253: 0
254: 0
255: 0
256: 0
257: 0
258: 257
259: 258
260: 258
261: 258
262: 258
263: 262
264: 263
266: 262
268: 266
269: 262
270: 262
271: 262
272: 258
273: 257
274: 257
275: 257
276: 257
277: 0
278: 277
279: 278
280: 279
281: 280
284: 278
286: 277
287: 0
289: 287
290: 0
291: 0
292: 291
293: 292
294: 293
297: 291
298: 291
299: 291
300: 291
301: 291
303: 301
304: 291
305: 304
306: 304
307: 304
308: 304
309: 304
311: 309
312: 304
313: 304
314: 304
315: 304
316: 315
317: 316
319: 315
320: 315
321: 304
323: 304
324: 0
325: 0
326: 0
327: 0
328: 0
330: 328
331: 0
332: 0
333: 0
334: 0
335: 0
337: 335
338: 0
339: 0
340: 339
341: 340
343: 339
344: 339
346: 344
347: 346
349: 347
350: 346
351: 339
352: 351
353: 352
355: 353
356: 352
357: 352
358: 351
359: 339
360: 0
361: 360
362: 360
364: 0
365: 0
367: 0
368: 0
369: 0
370: 369
371: 369
372: 371
373: 371
374: 373
376: 0
377: 376
378: 377
379: 377
380: 379
381: 379
382: 377
384: 377
385: 376
386: 0
387: 386
388: 386
390: 386
391: 0
392: 391
393: 391
394: 0
396: 394
397: 396
398: 396
399: 398
400: 398
401: 396
402: 396
403: 396
404: 403
405: 404
406: 405
409: 403
410: 403
411: 396
412: 411
413: 411
414: 396
415: 396
416: 0
417: 0
418: 0
419: 418
420: 418
421: 0
422: 421
423: 421
424: 421
425: 424
427: 421
428: 0
429: 428
430: 428
431: 0
432: 431
433: 431
434: 431
435: 0
436: 0
437: 0
438: 0
439: 438
440: 438
441: 438
442: 0
443: 0
444: 443
445: 444
446: 444
447: 444
448: 443
449: 443
450: 0
451: 0
452: 0
453: 0
454: 453
455: 454
457: 453
458: 453
459: 453
460: 0
461: 460
462: 460
463: 0
464: 0
465: 0
466: 465
467: 465
468: 0
469: 0
470: 469
471: 469
472: 0
473: 0
474: 473
475: 473
477: 0
478: 0
479: 0
================================================================================
Initialisation

0; r(452,272); 0.
1; r(443,385); 0.
2; d(221); 5.
3; a(442,475); 5.
4; a(210,22); 5.
5; r(2,444); 5.
6; d(453); 5.
7; d(212); 5.
8; d(374); 5.
9; d(228); 0.
10; a(473,350); 5.
11; r(353,343); 5.
12; a(111,28); 5.
13; a(391,429); 2.
14; d(212); 5.
15; d(111); 0.
16; r(235,245); 0.
17; r(25,154); 0.
18; d(178); 5.
19; r(402,471); 0.
20; a(189,22); 5.
21; d(297); 0.
22; r(212,165); 5.
23; a(332,471); 5.
24; a(273,258); 5.
25; a(197,184); 0.
26; r(192,176); 0.
27; r(205,152); 0.
28; d(214); 5.
29; a(455,210); 5.
30; d(470); 0.
31; r(136,37); 5.
32; a(115,127); 5.
33; r(272,239); 5.
34; a(21,341); 5.
35; d(212); 5.
36; a(423,424); 5.
37; a(350,351); 0.
38; d(410); 0.
39; original; 5.
================================================================================
Generation 1

--------------------------------------------------------------------------------
Selection

0; 1
1; 16
2; 38
3; 25
4; 37
5; 27
6; 35
7; 35
8; 0
9; 25
10; 38
11; 27
12; 21
13; 14
14; 33
15; 30
16; 6
17; 3
18; 14
19; 29
20; 11
21; 26
22; 0
23; 19
24; 17
25; 36
26; 27
27; 1
28; 21
29; 16
30; 29
31; 15
32; 12
33; 21
34; 4
35; 25
36; 4
37; 15
38; 21
39; 2
--------------------------------------------------------------------------------
Crossover

0; 2, 12; d(221)
1; 2, 12; a(111,28)
2; 2; d(221)
3; 12; a(111,28)
4; 21, 15; d(297)
5; 21, 15; d(111)
6; 21; d(297)
7; 15; d(111)
8; 38, 27; d(410)
9; 38, 27; r(205,152)
10; 38; d(410)
11; 27; r(205,152)
12; 3, 1; a(442,475)
13; 3, 1; r(443,385)
14; 3; a(442,475)
15; 1; r(443,385)
16; 29; a(455,210)
17; 25; a(197,184)
18; 37; a(350,351)
19; 4; a(210,22)
20; 26; r(192,176)
21; 38; d(410)
22; 36, 21; a(423,424)
23; 36, 21; d(297)
24; 36; a(423,424)
25; 21; d(297)
26; 16; r(235,245)
27; 4; a(210,22)
28; 27; r(205,152)
29; 25; a(197,184)
30; 25, 29; a(197,184)
31; 25, 29; a(455,210)
32; 25; a(197,184)
33; 29; a(455,210)
34; 16, 35; r(235,245)
35; 16, 35; d(212)
36; 16; r(235,245)
37; 35; d(212)
38; 11; r(353,343)
39; 27; r(205,152)
40; 21; d(297)
41; 14; d(212)
42; 35, 33; d(212)
43; 35, 33; r(272,239)
44; 35; d(212)
45; 33; r(272,239)
46; 6, 19; d(453)
47; 6, 19; r(402,471)
48; 6; d(453)
49; 19; r(402,471)
50; 15, 1; d(111)
51; 15, 1; r(443,385)
52; 15; d(111)
53; 1; r(443,385)
54; 0, 21; r(452,272)
55; 0, 21; d(297)
56; 0; r(452,272)
57; 21; d(297)
58; 30, 0; d(470)
59; 30, 0; r(452,272)
60; 30; d(470)
61; 0; r(452,272)
62; 17, 14; r(25,154)
63; 17, 14; d(212)
64; 17; r(25,154)
65; 14; d(212)
--------------------------------------------------------------------------------
Mutation

0; d(221) d(436)
1; a(111,28) r(225,202)
2; d(221) r(447,136)
3; a(111,28) d(11)
4; d(297) r(174,176)
5; d(111) a(290,323)
6; d(297) d(335)
7; d(111) r(122,197)
8; d(410) r(416,13)
9; r(205,152) a(340,120)
10; d(410) a(148,160)
11; r(205,152) a(24,471)
12; a(442,475) r(210,45)
13; r(443,385) d(392)
14; a(442,475) d(339)
15; r(443,385) r(152,156)
16; a(455,210) a(233,393)
17; a(197,184) r(129,413)
18; a(350,351) r(450,384)
19; a(210,22) a(469,19)
20; r(192,176) d(204)
21; d(410) d(452)
22; a(423,424) r(432,185)
23; d(297) r(406,390)
24; a(423,424) r(219,448)
25; d(297) d(373)
26; r(235,245) d(1)
27; a(210,22) d(204)
28; r(205,152) r(174,449)
29; a(197,184) r(9,393)
30; a(197,184) a(424,28)
31; a(455,210) d(10)
32; a(197,184) r(396,197)
33; a(455,210) r(433,382)
34; r(235,245) r(189,204)
35; d(212) r(398,1)
36; r(235,245) r(393,402)
37; d(212) d(258)
38; r(353,343) d(120)
39; r(205,152) d(374)
40; d(297) r(136,2)
41; d(212) r(127,173)
42; d(212) r(428,429)
43; r(272,239) d(117)
44; d(212) d(373)
45; r(272,239) r(230,246)
46; d(453) r(359,449)
47; r(402,471) a(439,162)
48; d(453) r(438,294)
49; r(402,471) d(434)
50; d(111) d(10)
51; r(443,385) a(325,171)
52; d(111) a(465,472)
53; r(443,385) d(192)
54; r(452,272) a(212,384)
55; d(297) a(153,145)
56; r(452,272) r(210,350)
57; d(297) d(470)
58; d(470) a(391,358)
59; r(452,272) r(247,294)
60; d(470) a(219,52)
61; r(452,272) d(442)
62; r(25,154) d(11)
63; d(212) r(225,357)
64; r(25,154) r(132,286)
65; d(212) d(119)
--------------------------------------------------------------------------------
Evaluation

0; 0.
1; 0.
2; 5.
3; 5.
4; 0.
5; 0.
6; 0.
7; 0.
8; 0.
9; 0.
10; 0.
11; 0.
12; 5.
13; 0.
14; 5.
15; 0.
16; 5.
17; 0.
18; 0.
19; 5.
20; 0.
21; 0.
22; 0.
23; 0.
24; 0.
25; 10.
26; 0.
27; 0.
28; 0.
29; 0.
30; 0.
31; 0.
32; 0.
33; 4.
34; 0.
35; 5.
36; 0.
37; 5.
38; 5.
39; 0.
40; 0.
41; 0.
42; 3.
43; 0.
44; 0.
45; 0.
46; 0.
47; 0.
48; 0.
49; 0.
50; 0.
51; 0.
52; 0.
53; 0.
54; 0.
55; 0.
56; 0.
57; 0.
58; 0.
59; 0.
60; 0.
61; 0.
62; 0.
63; 0.
64; 0.
65; 0.
================================================================================
Generation 2

--------------------------------------------------------------------------------
Selection

0; 48
1; 43
2; 12
3; 5
4; 63
5; 42
6; 21
7; 48
8; 59
9; 43
10; 61
11; 55
12; 55
13; 58
14; 27
15; 5
16; 58
17; 8
18; 39
19; 61
20; 11
21; 53
22; 30
23; 60
24; 32
25; 53
26; 12
27; 36
28; 27
29; 64
30; 60
31; 4
32; 0
33; 35
34; 28
35; 39
36; 17
37; 62
38; 15
39; 45
--------------------------------------------------------------------------------
Crossover

0; 35; d(212) r(398,1)
1; 43; r(272,239) d(117)
2; 61; r(452,272) d(442)
3; 8; d(410) r(416,13)
4; 60; d(470) a(219,52)
5; 58; d(470) a(391,358)
6; 5; d(111) a(290,323)
7; 60; d(470) a(219,52)
8; 53, 17; r(443,385)
9; 53, 17; a(197,184) r(129,413) d(192)
10; 53; r(443,385) d(192)
11; 17; a(197,184) r(129,413)
12; 61; r(452,272) d(442)
13; 43; r(272,239) d(117)
14; 32; a(197,184) r(396,197)
15; 15; r(443,385) r(152,156)
16; 42, 55; d(212)
17; 42, 55; d(297) a(153,145) r(428,429)
18; 42; d(212) r(428,429)
19; 55; d(297) a(153,145)
20; 27, 48; a(210,22) d(204) r(438,294)
21; 27, 48; d(453)
22; 27; a(210,22) d(204)
23; 48; d(453) r(438,294)
24; 12; a(442,475) r(210,45)
25; 36; r(235,245) r(393,402)
26; 39; r(205,152) d(374)
27; 30; a(197,184) a(424,28)
28; 0, 59; d(221) d(436)
29; 0, 59; r(452,272) r(247,294)
30; 0; d(221) d(436)
31; 59; r(452,272) r(247,294)
32; 27; a(210,22) d(204)
33; 39; r(205,152) d(374)
34; 48, 53; d(453) r(438,294)
35; 48, 53; r(443,385) d(192)
36; 48; d(453) r(438,294)
37; 53; r(443,385) d(192)
38; 5, 11; d(111) a(24,471)
39; 5, 11; r(205,152) a(290,323)
40; 5; d(111) a(290,323)
41; 11; r(205,152) a(24,471)
42; 64, 12; r(25,154) r(210,45)
43; 64, 12; a(442,475) r(132,286)
44; 64; r(25,154) r(132,286)
45; 12; a(442,475) r(210,45)
46; 62, 4; r(25,154)
47; 62, 4; d(297) r(174,176) d(11)
48; 62; r(25,154) d(11)
49; 4; d(297) r(174,176)
50; 55, 28; d(297) a(153,145)
51; 55, 28; r(205,152) r(174,449)
52; 55; d(297) a(153,145)
53; 28; r(205,152) r(174,449)
54; 63, 45; d(212)
55; 63, 45; r(272,239) r(230,246) r(225,357)
56; 63; d(212) r(225,357)
57; 45; r(272,239) r(230,246)
58; 21, 58; d(410) d(452)
59; 21, 58; d(470) a(391,358)
60; 21; d(410) d(452)
61; 58; d(470) a(391,358)
--------------------------------------------------------------------------------
Mutation

0; d(212) r(398,1) d(435)
1; r(272,239) d(117) r(1,43)
2; r(452,272) d(442) r(346,360)
3; d(410) r(416,13) r(291,297)
4; d(470) a(219,52) a(225,22)
5; d(470) a(391,358) r(368,400)
6; d(111) a(290,323) r(119,350)
7; d(470) a(219,52) d(214)
8; r(443,385) d(257)
9; a(197,184) r(129,413) d(192) a(466,210)
10; r(443,385) d(192) a(210,350)
11; a(197,184) r(129,413) r(330,286)
12; r(452,272) d(442) a(380,227)
13; r(272,239) d(117) a(432,349)
14; a(197,184) r(396,197) d(204)
15; r(443,385) r(152,156) a(437,467)
16; d(212) d(411)
17; d(297) a(153,145) r(428,429) d(210)
18; d(212) r(428,429) r(159,197)
19; d(297) a(153,145) r(441,450)
20; a(210,22) d(204) r(438,294) a(122,19)
21; d(453) r(471,28)
22; a(210,22) d(204) r(213,471)
23; d(453) r(438,294) r(237,227)
24; a(442,475) r(210,45) d(232)
25; r(235,245) r(393,402) d(411)
26; r(205,152) d(374) r(213,145)
27; a(197,184) a(424,28) d(214)
28; d(221) d(436) a(335,236)
29; r(452,272) r(247,294) a(228,462)
30; d(221) d(436) r(298,192)
31; r(452,272) r(247,294) a(475,45)
32; a(210,22) d(204) d(324)
33; r(205,152) d(374) a(472,37)
34; d(453) r(438,294) a(451,468)
35; r(443,385) d(192) d(149)
36; d(453) r(438,294) d(116)
37; r(443,385) d(192) a(136,111)
38; d(111) a(24,471) d(437)
39; r(205,152) a(290,323) d(173)
40; d(111) a(290,323) d(278)
41; r(205,152) a(24,471) a(145,475)
42; r(25,154) r(210,45) a(1,9)
43; a(442,475) r(132,286) a(113,420)
44; r(25,154) r(132,286) d(212)
45; a(442,475) r(210,45) a(449,330)
46; r(25,154) r(335,19)
47; d(297) r(174,176) d(11) r(326,231)
48; r(25,154) d(11) a(159,164)
49; d(297) r(174,176) a(116,132)
50; d(297) a(153,145) a(13,26)
51; r(205,152) r(174,449) a(1,22)
52; d(297) a(153,145) r(338,9)
53; r(205,152) r(174,449) a(213,467)
54; d(212) a(424,475)
55; r(272,239) r(230,246) r(225,357) a(244,113)
56; d(212) r(225,357) d(457)
57; r(272,239) r(230,246) a(210,381)
58; d(410) d(452) d(213)
59; d(470) a(391,358) r(214,2)
60; d(410) d(452) a(182,233)
61; d(470) a(391,358) r(213,41)
--------------------------------------------------------------------------------
Evaluation

0; 0.
1; 0.
2; 0.
3; 0.
4; 0.
5; 0.
6; 0.
7; 0.
8; 0.
9; 0.
10; 0.
11; 0.
12; 0.
13; 0.
14; 0.
15; 0.
16; 5.
17; 0.
18; 3.
19; 0.
20; 0.
21; 5.
22; 0.
23; 0.
24; 0.
25; 0.
26; 2.
27; 0.
28; 0.
29; 0.
30; 0.
31; 0.
32; 0.
33; 0.
34; 0.
35; 0.
36; 0.
37; 0.
38; 0.
39; 0.
40; 0.
41; 0.
42; 0.
43; 5.
44; 0.
45; 5.
46; 0.
47; 0.
48; 0.
49; 0.
50; 0.
51; 0.
52; 0.
53; 0.
54; 5.
55; 0.
56; 0.
57; 0.
58; 0.
59; 0.
60; 0.
61; 0.
================================================================================
Generation 3

--------------------------------------------------------------------------------
Selection

0; 10
1; 55
2; 52
3; 50
4; 44
5; 30
6; 58
7; 23
8; 38
9; 11
10; 50
11; 0
12; 58
13; 44
14; 47
15; 53
16; 5
17; 1
18; 58
19; 49
20; 29
21; 24
22; 13
23; 36
24; 6
25; 41
26; 28
27; 32
28; 15
29; 13
30; 59
31; 44
32; 5
33; 23
34; 56
35; 12
36; 56
37; 14
38; 17
39; 24
--------------------------------------------------------------------------------
Crossover

0; 44, 58; r(25,154) r(132,286) d(212) d(213)
1; 44, 58; d(410) d(452)
2; 44; r(25,154) r(132,286) d(212)
3; 58; d(410) d(452) d(213)
4; 52, 58; d(297) a(153,145) d(452) d(213)
5; 52, 58; d(410) r(338,9)
6; 52; d(297) a(153,145) r(338,9)
7; 58; d(410) d(452) d(213)
8; 47; d(297) r(174,176) d(11) r(326,231)
9; 23; d(453) r(438,294) r(237,227)
10; 38, 53; d(111) r(174,449) a(213,467)
11; 38, 53; r(205,152) a(24,471) d(437)
12; 38; d(111) a(24,471) d(437)
13; 53; r(205,152) r(174,449) a(213,467)
14; 14; a(197,184) r(396,197) d(204)
15; 44; r(25,154) r(132,286) d(212)
16; 59; d(470) a(391,358) r(214,2)
17; 12; r(452,272) d(442) a(380,227)
18; 32; a(210,22) d(204) d(324)
19; 29; r(452,272) r(247,294) a(228,462)
20; 55; r(272,239) r(230,246) r(225,357) a(244,113)
21; 56; d(212) r(225,357) d(457)
22; 41, 1; r(205,152) a(24,471) r(1,43)
23; 41, 1; r(272,239) d(117) a(145,475)
24; 41; r(205,152) a(24,471) a(145,475)
25; 1; r(272,239) d(117) r(1,43)
26; 56, 49; d(212) r(225,357)
27; 56, 49; d(297) r(174,176) a(116,132) d(457)
28; 56; d(212) r(225,357) d(457)
29; 49; d(297) r(174,176) a(116,132)
30; 13; r(272,239) d(117) a(432,349)
31; 23; d(453) r(438,294) r(237,227)
32; 15; r(443,385) r(152,156) a(437,467)
33; 44; r(25,154) r(132,286) d(212)
34; 50; d(297) a(153,145) a(13,26)
35; 28; d(221) d(436) a(335,236)
36; 11; a(197,184) r(129,413) r(330,286)
37; 24; a(442,475) r(210,45) d(232)
38; 24; a(442,475) r(210,45) d(232)
39; 17; d(297) a(153,145) r(428,429) d(210)
40; 5, 58; d(470) d(452) d(213)
41; 5, 58; d(410) a(391,358) r(368,400)
42; 5; d(470) a(391,358) r(368,400)
43; 58; d(410) d(452) d(213)
44; 5, 30; d(470) a(391,358) r(368,400)
45; 5, 30; d(221) d(436) r(298,192)
46; 5; d(470) a(391,358) r(368,400)
47; 30; d(221) d(436) r(298,192)
48; 6, 50; d(111) a(290,323) a(13,26)
49; 6, 50; d(297) a(153,145) r(119,350)
50; 6; d(111) a(290,323) r(119,350)
51; 50; d(297) a(153,145) a(13,26)
52; 36, 0; d(453) r(438,294) d(435)
53; 36, 0; d(212) r(398,1) d(116)
54; 36; d(453) r(438,294) d(116)
55; 0; d(212) r(398,1) d(435)
56; 10, 13; r(443,385)
57; 10, 13; r(272,239) d(117) a(432,349) d(192) a(210,350)
58; 10; r(443,385) d(192) a(210,350)
59; 13; r(272,239) d(117) a(432,349)
--------------------------------------------------------------------------------
Mutation

0; r(25,154) r(132,286) d(212) d(213) d(449)
1; d(410) d(452) r(213,446)
2; r(25,154) r(132,286) d(212) a(258,13)
3; d(410) d(452) d(213) d(338)
4; d(297) a(153,145) d(452) d(213) r(195,164)
5; d(410) r(338,9) d(396)
6; d(297) a(153,145) r(338,9) r(115,289)
7; d(410) d(452) d(213) a(228,390)
8; d(297) r(174,176) d(11) r(326,231) d(276)
9; d(453) r(438,294) r(237,227) d(402)
10; d(111) r(174,449) a(213,467) d(420)
11; r(205,152) a(24,471) d(437) r(393,447)
12; d(111) a(24,471) d(437) d(332)
13; r(205,152) r(174,449) a(213,467) a(362,22)
14; a(197,184) r(396,197) d(204) a(248,445)
15; r(25,154) r(132,286) d(212) r(384,390)
16; d(470) a(391,358) r(214,2) a(210,341)
17; r(452,272) d(442) a(380,227) r(167,113)
18; a(210,22) d(204) d(324) r(210,37)
19; r(452,272) r(247,294) a(228,462) a(145,206)
20; r(272,239) r(230,246) r(225,357) a(244,113) d(148)
21; d(212) r(225,357) d(457) r(161,182)
22; r(205,152) a(24,471) r(1,43) r(22,358)
23; r(272,239) d(117) a(145,475) r(162,22)
24; r(205,152) a(24,471) a(145,475) d(132)
25; r(272,239) d(117) r(1,43) d(213)
26; d(212) r(225,357) d(297)
27; d(297) r(174,176) a(116,132) d(457) a(376,374)
28; d(212) r(225,357) d(457) a(391,393)
29; d(297) r(174,176) a(116,132) a(14,441)
30; r(272,239) d(117) a(432,349) a(156,139)
31; d(453) r(438,294) r(237,227) d(401)
32; r(443,385) r(152,156) a(437,467) d(207)
33; r(25,154) r(132,286) d(212) a(156,192)
34; d(297) a(153,145) a(13,26) a(252,357)
35; d(221) d(436) a(335,236) a(208,199)
36; a(197,184) r(129,413) r(330,286) r(386,369)
37; a(442,475) r(210,45) d(232) a(201,228)
38; a(442,475) r(210,45) d(232) a(439,172)
39; d(297) a(153,145) r(428,429) d(210) r(134,289)
40; d(470) d(452) d(213) a(255,446)
41; d(410) a(391,358) r(368,400) r(115,9)
42; d(470) a(391,358) r(368,400) d(197)
43; d(410) d(452) d(213) r(387,455)
44; d(470) a(391,358) r(368,400) r(165,197)
45; d(221) d(436) r(298,192) a(230,341)
46; d(470) a(391,358) r(368,400) r(228,178)
47; d(221) d(436) r(298,192) d(402)
48; d(111) a(290,323) a(13,26) r(338,301)
49; d(297) a(153,145) r(119,350) r(464,467)
50; d(111) a(290,323) r(119,350) d(21)
51; d(297) a(153,145) a(13,26) a(432,154)
52; d(453) r(438,294) d(435) d(429)
53; d(212) r(398,1) d(116) r(165,189)
54; d(453) r(438,294) d(116) d(378)
55; d(212) r(398,1) d(435) d(162)
56; r(443,385) r(249,19)
57; r(272,239) d(117) a(432,349) d(192) a(210,350) r(227,289)
58; r(443,385) d(192) a(210,350) r(377,475)
59; r(272,239) d(117) a(432,349) r(199,294)
--------------------------------------------------------------------------------
Evaluation

0; 0.
1; 10.
2; 0.
3; 0.
4; 0.
5; 0.
6; 0.
7; 0.
8; 0.
9; 0.
10; 0.
11; 0.
12; 0.
13; 0.
14; 0.
15; 0.
16; 0.
17; 0.
18; 0.
19; 0.
20; 0.
21; 0.
22; 0.
23; 0.
24; 0.
25; 0.
26; 0.
27; 0.
28; 0.
29; 0.
30; 0.
31; 0.
32; 0.
33; 0.
34; 0.
35; 0.
36; 0.
37; 0.
38; 0.
39; 0.
40; 10.
41; 0.
42; 0.
43; 0.
44; 0.
45; 0.
46; 0.
47; 0.
48; 0.
49; 0.
50; 0.
51; 0.
52; 0.
53; 0.
54; 0.
55; 0.
56; 0.
57; 0.
58; 0.
59; 0.
================================================================================
Generation 4

--------------------------------------------------------------------------------
Selection

0; 30
1; 20
2; 39
3; 58
4; 31
5; 31
6; 35
7; 32
8; 41
9; 57
10; 27
11; 3
12; 59
13; 11
14; 11
15; 51
16; 36
17; 13
18; 12
19; 19
20; 43
21; 57
22; 56
23; 51
24; 23
25; 46
26; 14
27; 7
28; 54
29; 3
30; 56
31; 48
32; 6
33; 50
34; 29
35; 45
36; 47
37; 58
38; 10
39; 9
--------------------------------------------------------------------------------
Crossover

0; 59, 45; r(272,239) d(117) r(298,192) a(230,341)
1; 59, 45; d(221) d(436) a(432,349) r(199,294)
2; 59; r(272,239) d(117) a(432,349) r(199,294)
3; 45; d(221) d(436) r(298,192) a(230,341)
4; 51; d(297) a(153,145) a(13,26) a(432,154)
5; 10; d(111) r(174,449) a(213,467) d(420)
6; 32, 46; r(443,385) r(228,178)
7; 32, 46; d(470) a(391,358) r(368,400) r(152,156) a(437,467) d(207)
8; 32; r(443,385) r(152,156) a(437,467) d(207)
9; 46; d(470) a(391,358) r(368,400) r(228,178)
10; 39; d(297) a(153,145) r(428,429) d(210) r(134,289)
11; 11; r(205,152) a(24,471) d(437) r(393,447)
12; 58; r(443,385) d(192) a(210,350) r(377,475)
13; 23; r(272,239) d(117) a(145,475) r(162,22)
14; 14, 57; a(197,184) r(396,197) d(117) a(432,349) d(192) a(210,350) r(227,289)
15; 14, 57; r(272,239) d(204) a(248,445)
16; 14; a(197,184) r(396,197) d(204) a(248,445)
17; 57; r(272,239) d(117) a(432,349) d(192) a(210,350) r(227,289)
18; 58; r(443,385) d(192) a(210,350) r(377,475)
19; 54; d(453) r(438,294) d(116) d(378)
20; 9, 50; d(453) r(438,294) r(237,227) d(402)
21; 9, 50; d(111) a(290,323) r(119,350) d(21)
22; 9; d(453) r(438,294) r(237,227) d(402)
23; 50; d(111) a(290,323) r(119,350) d(21)
24; 41; d(410) a(391,358) r(368,400) r(115,9)
25; 43; d(410) d(452) d(213) r(387,455)
26; 3; d(410) d(452) d(213) d(338)
27; 11; r(205,152) a(24,471) d(437) r(393,447)
28; 36, 6; a(197,184) r(129,413) r(330,286) r(386,369) a(153,145) r(338,9) r(115,289)
29; 36, 6; d(297)
30; 36; a(197,184) r(129,413) r(330,286) r(386,369)
31; 6; d(297) a(153,145) r(338,9) r(115,289)
32; 57; r(272,239) d(117) a(432,349) d(192) a(210,350) r(227,289)
33; 31; d(453) r(438,294) r(237,227) d(401)
34; 47; d(221) d(436) r(298,192) d(402)
35; 29; d(297) r(174,176) a(116,132) a(14,441)
36; 3; d(410) d(452) d(213) d(338)
37; 7; d(410) d(452) d(213) a(228,390)
38; 13; r(205,152) r(174,449) a(213,467) a(362,22)
39; 31; d(453) r(438,294) r(237,227) d(401)
40; 56; r(443,385) r(249,19)
41; 51; d(297) a(153,145) a(13,26) a(432,154)
42; 35, 19; d(221) d(436) a(335,236) a(145,206)
43; 35, 19; r(452,272) r(247,294) a(228,462) a(208,199)
44; 35; d(221) d(436) a(335,236) a(208,199)
45; 19; r(452,272) r(247,294) a(228,462) a(145,206)
46; 30, 48; r(272,239) d(117)
47; 30, 48; d(111) a(290,323) a(13,26) r(338,301) a(432,349) a(156,139)
48; 30; r(272,239) d(117) a(432,349) a(156,139)
49; 48; d(111) a(290,323) a(13,26) r(338,301)
50; 20, 27; r(272,239) r(230,246) r(225,357) a(244,113) r(174,176) a(116,132) d(457) a(376,374)
51; 20, 27; d(297) d(148)
52; 20; r(272,239) r(230,246) r(225,357) a(244,113) d(148)
53; 27; d(297) r(174,176) a(116,132) d(457) a(376,374)
54; 12, 56; d(111)
55; 12, 56; r(443,385) r(249,19) a(24,471) d(437) d(332)
56; 12; d(111) a(24,471) d(437) d(332)
57; 56; r(443,385) r(249,19)
--------------------------------------------------------------------------------
Mutation

0; r(272,239) d(117) r(298,192) a(230,341) d(286)
1; d(221) d(436) a(432,349) r(199,294) d(463)
2; r(272,239) d(117) a(432,349) r(199,294) a(214,151)
3; d(221) d(436) r(298,192) a(230,341) r(214,29)
4; d(297) a(153,145) a(13,26) a(432,154) r(236,330)
5; d(111) r(174,449) a(213,467) d(420) a(257,235)
6; r(443,385) r(228,178) r(412,411)
7; d(470) a(391,358) r(368,400) r(152,156) a(437,467) d(207) r(110,294)
8; r(443,385) r(152,156) a(437,467) d(207) r(290,455)
9; d(470) a(391,358) r(368,400) r(228,178) a(297,441)
10; d(297) a(153,145) r(428,429) d(210) r(134,289) r(286,330)
11; r(205,152) a(24,471) d(437) r(393,447) d(402)
12; r(443,385) d(192) a(210,350) r(377,475) d(350)
13; r(272,239) d(117) a(145,475) r(162,22) d(473)
14; a(197,184) r(396,197) d(117) a(432,349) d(192) a(210,350) r(227,289) a(212,175)
15; r(272,239) d(204) a(248,445) d(1)
16; a(197,184) r(396,197) d(204) a(248,445) a(120,178)
17; r(272,239) d(117) a(432,349) d(192) a(210,350) r(227,289) a(184,177)
18; r(443,385) d(192) a(210,350) r(377,475) r(219,294)
19; d(453) r(438,294) d(116) d(378) a(245,133)
20; d(453) r(438,294) r(237,227) d(402) d(178)
21; d(111) a(290,323) r(119,350) d(21) r(2,303)
22; d(453) r(438,294) r(237,227) d(402) a(145,136)
23; d(111) a(290,323) r(119,350) d(21) d(380)
24; d(410) a(391,358) r(368,400) r(115,9) d(207)
25; d(410) d(452) d(213) r(387,455) a(182,162)
26; d(410) d(452) d(213) d(338) a(128,445)
27; r(205,152) a(24,471) d(437) r(393,447) d(257)
28; a(197,184) r(129,413) r(330,286) r(386,369) a(153,145) r(338,9) r(115,289) d(185)
29; d(297) d(228)
30; a(197,184) r(129,413) r(330,286) r(386,369) r(212,139)
31; d(297) a(153,145) r(338,9) r(115,289) r(180,330)
32; r(272,239) d(117) a(432,349) d(192) a(210,350) r(227,289) r(175,358)
33; d(453) r(438,294) r(237,227) d(401) a(278,444)
34; d(221) d(436) r(298,192) d(402) a(238,233)
35; d(297) r(174,176) a(116,132) a(14,441) r(397,471)
36; d(410) d(452) d(213) d(338) a(439,228)
37; d(410) d(452) d(213) a(228,390) a(417,396)
38; r(205,152) r(174,449) a(213,467) a(362,22) a(332,239)
39; d(453) r(438,294) r(237,227) d(401) a(212,449)
40; r(443,385) r(249,19) d(451)
41; d(297) a(153,145) a(13,26) a(432,154) r(394,162)
42; d(221) d(436) a(335,236) a(145,206) d(411)
43; r(452,272) r(247,294) a(228,462) a(208,199) r(328,475)
44; d(221) d(436) a(335,236) a(208,199) r(132,374)
45; r(452,272) r(247,294) a(228,462) a(145,206) r(451,455)
46; r(272,239) d(117) d(457)
47; d(111) a(290,323) a(13,26) r(338,301) a(432,349) a(156,139) r(373,387)
48; r(272,239) d(117) a(432,349) a(156,139) r(158,182)
49; d(111) a(290,323) a(13,26) r(338,301) d(176)
50; r(272,239) r(230,246) r(225,357) a(244,113) r(174,176) a(116,132) d(457) a(376,374) r(213,19)
51; d(297) d(148) a(434,185)
52; r(272,239) r(230,246) r(225,357) a(244,113) d(148) d(257)
53; d(297) r(174,176) a(116,132) d(457) a(376,374) a(252,350)
54; d(111) a(468,468)
55; r(443,385) r(249,19) a(24,471) d(437) d(332) r(212,274)
56; d(111) a(24,471) d(437) d(332) a(168,471)
57; r(443,385) r(249,19) r(464,441)
--------------------------------------------------------------------------------
Evaluation

0; 0.
1; 0.
2; 0.
3; 0.
4; 0.
5; 0.
6; 0.
7; 0.
8; 0.
9; 0.
10; 0.
11; 0.
12; 0.
13; 0.
14; 0.
15; 0.
16; 0.
17; 0.
18; 0.
19; 0.
20; 0.
21; 0.
22; 0.
23; 0.
24; 0.
25; 0.
26; 0.
27; 0.
28; 0.
29; 0.
30; 0.
31; 0.
32; 0.
33; 0.
34; 0.
35; 0.
36; 0.
37; 0.
38; 0.
39; 0.
40; 0.
41; 0.
42; 0.
43; 0.
44; 0.
45; 0.
46; 0.
47; 0.
48; 0.
49; 0.
50; 0.
51; 0.
52; 0.
53; 0.
54; 0.
55; 0.
56; 0.
57; 0.
================================================================================
Generation 5

--------------------------------------------------------------------------------
Selection

0; 25
1; 45
2; 51
3; 38
4; 53
5; 45
6; 45
7; 7
8; 41
9; 44
10; 3
11; 37
12; 31
13; 33
14; 14
15; 49
16; 11
17; 37
18; 13
19; 20
20; 25
21; 11
22; 9
23; 37
24; 26
25; 37
26; 16
27; 50
28; 8
29; 14
30; 2
31; 17
32; 41
33; 13
34; 40
35; 48
36; 56
37; 48
38; 57
39; 41
--------------------------------------------------------------------------------
Crossover

0; 40; r(443,385) r(249,19) d(451)
1; 44; d(221) d(436) a(335,236) a(208,199) r(132,374)
2; 16, 14; a(197,184)
3; 16, 14; a(197,184) r(396,197) d(117) a(432,349) d(192) a(210,350) r(227,289) a(212,175) r(396,197) d(204) a(248,445) a(120,178)
4; 16; a(197,184) r(396,197) d(204) a(248,445) a(120,178)
5; 14; a(197,184) r(396,197) d(117) a(432,349) d(192) a(210,350) r(227,289) a(212,175)
6; 31; d(297) a(153,145) r(338,9) r(115,289) r(180,330)
7; 45; r(452,272) r(247,294) a(228,462) a(145,206) r(451,455)
8; 14, 41; a(197,184) r(396,197) d(117) a(432,349) d(192) a(210,350) a(153,145) a(13,26) a(432,154) r(394,162)
9; 14, 41; d(297) r(227,289) a(212,175)
10; 14; a(197,184) r(396,197) d(117) a(432,349) d(192) a(210,350) r(227,289) a(212,175)
11; 41; d(297) a(153,145) a(13,26) a(432,154) r(394,162)
12; 37, 17; d(410) d(192) a(210,350) r(227,289) a(184,177)
13; 37, 17; r(272,239) d(117) a(432,349) d(452) d(213) a(228,390) a(417,396)
14; 37; d(410) d(452) d(213) a(228,390) a(417,396)
15; 17; r(272,239) d(117) a(432,349) d(192) a(210,350) r(227,289) a(184,177)
16; 8; r(443,385) r(152,156) a(437,467) d(207) r(290,455)
17; 2; r(272,239) d(117) a(432,349) r(199,294) a(214,151)
18; 50; r(272,239) r(230,246) r(225,357) a(244,113) r(174,176) a(116,132) d(457) a(376,374) r(213,19)
19; 51; d(297) d(148) a(434,185)
20; 33, 48; d(453) r(438,294) r(237,227)
21; 33, 48; r(272,239) d(117) a(432,349) a(156,139) r(158,182) d(401) a(278,444)
22; 33; d(453) r(438,294) r(237,227) d(401) a(278,444)
23; 48; r(272,239) d(117) a(432,349) a(156,139) r(158,182)
24; 11; r(205,152) a(24,471) d(437) r(393,447) d(402)
25; 45; r(452,272) r(247,294) a(228,462) a(145,206) r(451,455)
26; 49, 37; d(111) a(290,323) d(452) d(213) a(228,390) a(417,396)
27; 49, 37; d(410) a(13,26) r(338,301) d(176)
28; 49; d(111) a(290,323) a(13,26) r(338,301) d(176)
29; 37; d(410) d(452) d(213) a(228,390) a(417,396)
30; 25, 13; d(410) d(452) d(213) r(387,455) a(182,162) a(145,475) r(162,22) d(473)
31; 25, 13; r(272,239) d(117)
32; 25; d(410) d(452) d(213) r(387,455) a(182,162)
33; 13; r(272,239) d(117) a(145,475) r(162,22) d(473)
34; 11; r(205,152) a(24,471) d(437) r(393,447) d(402)
35; 41; d(297) a(153,145) a(13,26) a(432,154) r(394,162)
36; 37; d(410) d(452) d(213) a(228,390) a(417,396)
37; 57; r(443,385) r(249,19) r(464,441)
38; 37; d(410) d(452) d(213) a(228,390) a(417,396)
39; 3; d(221) d(436) r(298,192) a(230,341) r(214,29)
40; 45; r(452,272) r(247,294) a(228,462) a(145,206) r(451,455)
41; 38; r(205,152) r(174,449) a(213,467) a(362,22) a(332,239)
42; 53; d(297) r(174,176) a(116,132) d(457) a(376,374) a(252,350)
43; 7; d(470) a(391,358) r(368,400) r(152,156) a(437,467) d(207) r(110,294)
44; 20, 25; d(453) r(438,294) r(237,227) d(402) d(178) d(213) r(387,455) a(182,162)
45; 20, 25; d(410) d(452)
46; 20; d(453) r(438,294) r(237,227) d(402) d(178)
47; 25; d(410) d(452) d(213) r(387,455) a(182,162)
48; 48, 13; r(272,239) d(117) a(432,349) a(156,139) r(162,22) d(473)
49; 48, 13; r(272,239) d(117) a(145,475) r(158,182)
50; 48; r(272,239) d(117) a(432,349) a(156,139) r(158,182)
51; 13; r(272,239) d(117) a(145,475) r(162,22) d(473)
52; 56, 41; d(111) a(13,26) a(432,154) r(394,162)
53; 56, 41; d(297) a(153,145) a(24,471) d(437) d(332) a(168,471)
54; 56; d(111) a(24,471) d(437) d(332) a(168,471)
55; 41; d(297) a(153,145) a(13,26) a(432,154) r(394,162)
56; 26; d(410) d(452) d(213) d(338) a(128,445)
57; 9; d(470) a(391,358) r(368,400) r(228,178) a(297,441)
--------------------------------------------------------------------------------
Mutation

0; r(443,385) r(249,19) d(451) a(418,380)
1; d(221) d(436) a(335,236) a(208,199) r(132,374) r(251,340)
2; a(197,184) d(150)
3; a(197,184) r(396,197) d(117) a(432,349) d(192) a(210,350) r(227,289) a(212,175) r(396,197) d(204) a(248,445) a(120,178) a(212,448)
4; a(197,184) r(396,197) d(204) a(248,445) a(120,178) d(212)
5; a(197,184) r(396,197) d(117) a(432,349) d(192) a(210,350) r(227,289) a(212,175) a(349,361)
6; d(297) a(153,145) r(338,9) r(115,289) r(180,330) d(339)
7; r(452,272) r(247,294) a(228,462) a(145,206) r(451,455) a(412,418)
8; a(197,184) r(396,197) d(117) a(432,349) d(192) a(210,350) a(153,145) a(13,26) a(432,154) r(394,162) d(207)
9; d(297) r(227,289) a(212,175) r(248,455)
10; a(197,184) r(396,197) d(117) a(432,349) d(192) a(210,350) r(227,289) a(212,175) a(220,303)
11; d(297) a(153,145) a(13,26) a(432,154) r(394,162) r(359,253)
12; d(410) d(192) a(210,350) r(227,289) a(184,177) d(201)
13; r(272,239) d(117) a(432,349) d(452) d(213) a(228,390) a(417,396) a(390,401)
14; d(410) d(452) d(213) a(228,390) a(417,396) a(384,410)
15; r(272,239) d(117) a(432,349) d(192) a(210,350) r(227,289) a(184,177) d(193)
16; r(443,385) r(152,156) a(437,467) d(207) r(290,455) d(360)
17; r(272,239) d(117) a(432,349) r(199,294) a(214,151) r(435,233)
18; r(272,239) r(230,246) r(225,357) a(244,113) r(174,176) a(116,132) d(457) a(376,374) r(213,19) r(361,299)
19; d(297) d(148) a(434,185) r(417,384)
20; d(453) r(438,294) r(237,227) a(334,258)
21; r(272,239) d(117) a(432,349) a(156,139) r(158,182) d(401) a(278,444) d(387)
22; d(453) r(438,294) r(237,227) d(401) a(278,444) a(174,113)
23; r(272,239) d(117) a(432,349) a(156,139) r(158,182) r(416,444)
24; r(205,152) a(24,471) d(437) r(393,447) d(402) a(161,151)
25; r(452,272) r(247,294) a(228,462) a(145,206) r(451,455) a(475,463)
26; d(111) a(290,323) d(452) d(213) a(228,390) a(417,396) a(438,449)
27; d(410) a(13,26) r(338,301) d(176) d(3)
28; d(111) a(290,323) a(13,26) r(338,301) d(176) r(398,303)
29; d(410) d(452) d(213) a(228,390) a(417,396) a(214,415)
30; d(410) d(452) d(213) r(387,455) a(182,162) a(145,475) r(162,22) d(473) a(374,133)
31; r(272,239) d(117) r(254,133)
32; d(410) d(452) d(213) r(387,455) a(182,162) d(162)
33; r(272,239) d(117) a(145,475) r(162,22) d(473) r(212,446)
34; r(205,152) a(24,471) d(437) r(393,447) d(402) r(238,37)
35; d(297) a(153,145) a(13,26) a(432,154) r(394,162) a(355,384)
36; d(410) d(452) d(213) a(228,390) a(417,396) d(273)
37; r(443,385) r(249,19) r(464,441) a(189,182)
38; d(410) d(452) d(213) a(228,390) a(417,396) r(255,227)
39; d(221) d(436) r(298,192) a(230,341) r(214,29) a(404,403)
40; r(452,272) r(247,294) a(228,462) a(145,206) r(451,455) a(243,406)
41; r(205,152) r(174,449) a(213,467) a(362,22) a(332,239) a(213,272)
42; d(297) r(174,176) a(116,132) d(457) a(376,374) a(252,350) d(129)
43; d(470) a(391,358) r(368,400) r(152,156) a(437,467) d(207) r(110,294) r(182,341)
44; d(453) r(438,294) r(237,227) d(402) d(178) d(213) r(387,455) a(182,162) r(214,195)
45; d(410) d(452) d(142)
46; d(453) r(438,294) r(237,227) d(402) d(178) a(25,136)
47; d(410) d(452) d(213) r(387,455) a(182,162) r(379,233)
48; r(272,239) d(117) a(432,349) a(156,139) r(162,22) d(473) d(396)
49; r(272,239) d(117) a(145,475) r(158,182) d(213)
50; r(272,239) d(117) a(432,349) a(156,139) r(158,182) r(210,166)
51; r(272,239) d(117) a(145,475) r(162,22) d(473) a(333,434)
52; d(111) a(13,26) a(432,154) r(394,162) r(257,239)
53; d(297) a(153,145) a(24,471) d(437) d(332) a(168,471) a(444,13)
54; d(111) a(24,471) d(437) d(332) a(168,471) d(415)
55; d(297) a(153,145) a(13,26) a(432,154) r(394,162) r(293,292)
56; d(410) d(452) d(213) d(338) a(128,445) d(435)
57; d(470) a(391,358) r(368,400) r(228,178) a(297,441) r(198,182)
--------------------------------------------------------------------------------
Evaluation

0; 0.
1; 0.
2; 0.
3; 0.
4; 0.
5; 0.
6; 0.
7; 0.
8; 0.
9; 0.
10; 0.
11; 0.
12; 0.
13; 0.
14; 0.
15; 0.
16; 0.
17; 0.
18; 0.
19; 0.
20; 0.
21; 0.
22; 0.
23; 0.
24; 0.
25; 0.
26; 0.
27; 0.
28; 0.
29; 0.
30; 0.
31; 0.
32; 0.
33; 10.
34; 0.
35; 0.
36; 0.
37; 0.
38; 0.
39; 0.
40; 0.
41; 0.
42; 0.
43; 0.
44; 0.
45; 0.
46; 0.
47; 0.
48; 0.
49; 0.
50; 0.
51; 0.
52; 0.
53; 0.
54; 0.
55; 0.
56; 0.
57; 0.
================================================================================
Generation 6

--------------------------------------------------------------------------------
Selection

0; 11
1; 41
2; 57
3; 18
4; 5
5; 9
6; 31
7; 6
8; 20
9; 57
10; 1
11; 4
12; 38
13; 2
14; 52
15; 10
16; 52
17; 6
18; 16
19; 29
20; 36
21; 29
22; 56
23; 8
24; 42
25; 44
26; 43
27; 27
28; 23
29; 54
30; 17
31; 19
32; 50
33; 6
34; 22
35; 48
36; 35
37; 49
38; 34
39; 5
--------------------------------------------------------------------------------
Crossover

0; 10, 5; a(197,184) r(396,197) d(117) a(432,349) d(192) a(210,350) r(227,289) a(212,175) a(212,175) a(349,361)
1; 10, 5; a(197,184) r(396,197) d(117) a(432,349) d(192) a(210,350) r(227,289) a(220,303)
2; 10; a(197,184) r(396,197) d(117) a(432,349) d(192) a(210,350) r(227,289) a(212,175) a(220,303)
3; 5; a(197,184) r(396,197) d(117) a(432,349) d(192) a(210,350) r(227,289) a(212,175) a(349,361)
4; 16, 20; r(443,385) r(152,156) a(437,467) r(438,294) r(237,227) a(334,258)
5; 16, 20; d(453) d(207) r(290,455) d(360)
6; 16; r(443,385) r(152,156) a(437,467) d(207) r(290,455) d(360)
7; 20; d(453) r(438,294) r(237,227) a(334,258)
8; 23, 1; r(272,239) d(117) a(432,349) r(251,340)
9; 23, 1; d(221) d(436) a(335,236) a(208,199) r(132,374) a(156,139) r(158,182) r(416,444)
10; 23; r(272,239) d(117) a(432,349) a(156,139) r(158,182) r(416,444)
11; 1; d(221) d(436) a(335,236) a(208,199) r(132,374) r(251,340)
12; 42, 31; d(297) r(174,176) a(116,132) d(457) a(376,374) d(117) r(254,133)
13; 42, 31; r(272,239) a(252,350) d(129)
14; 42; d(297) r(174,176) a(116,132) d(457) a(376,374) a(252,350) d(129)
15; 31; r(272,239) d(117) r(254,133)
16; 29; d(410) d(452) d(213) a(228,390) a(417,396) a(214,415)
17; 4; a(197,184) r(396,197) d(204) a(248,445) a(120,178) d(212)
18; 8, 52; a(197,184) r(257,239)
19; 8, 52; d(111) a(13,26) a(432,154) r(394,162) r(396,197) d(117) a(432,349) d(192) a(210,350) a(153,145) a(13,26) a(432,154) r(394,162) d(207)
20; 8; a(197,184) r(396,197) d(117) a(432,349) d(192) a(210,350) a(153,145) a(13,26) a(432,154) r(394,162) d(207)
21; 52; d(111) a(13,26) a(432,154) r(394,162) r(257,239)
22; 34, 5; r(205,152) a(24,471) d(437) d(192) a(210,350) r(227,289) a(212,175) a(349,361)
23; 34, 5; a(197,184) r(396,197) d(117) a(432,349) r(393,447) d(402) r(238,37)
24; 34; r(205,152) a(24,471) d(437) r(393,447) d(402) r(238,37)
25; 5; a(197,184) r(396,197) d(117) a(432,349) d(192) a(210,350) r(227,289) a(212,175) a(349,361)
26; 22, 57; d(453) a(391,358) r(368,400) r(228,178) a(297,441) r(198,182)
27; 22, 57; d(470) r(438,294) r(237,227) d(401) a(278,444) a(174,113)
28; 22; d(453) r(438,294) r(237,227) d(401) a(278,444) a(174,113)
29; 57; d(470) a(391,358) r(368,400) r(228,178) a(297,441) r(198,182)
30; 48, 17; r(272,239) d(117) a(432,349) a(156,139) r(162,22) d(473)
31; 48, 17; r(272,239) d(117) a(432,349) r(199,294) a(214,151) r(435,233) d(396)
32; 48; r(272,239) d(117) a(432,349) a(156,139) r(162,22) d(473) d(396)
33; 17; r(272,239) d(117) a(432,349) r(199,294) a(214,151) r(435,233)
34; 35; d(297) a(153,145) a(13,26) a(432,154) r(394,162) a(355,384)
35; 57; d(470) a(391,358) r(368,400) r(228,178) a(297,441) r(198,182)
36; 9; d(297) r(227,289) a(212,175) r(248,455)
37; 19; d(297) d(148) a(434,185) r(417,384)
38; 18; r(272,239) r(230,246) r(225,357) a(244,113) r(174,176) a(116,132) d(457) a(376,374) r(213,19) r(361,299)
39; 38; d(410) d(452) d(213) a(228,390) a(417,396) r(255,227)
40; 44; d(453) r(438,294) r(237,227) d(402) d(178) d(213) r(387,455) a(182,162) r(214,195)
41; 29; d(410) d(452) d(213) a(228,390) a(417,396) a(214,415)
42; 6; d(297) a(153,145) r(338,9) r(115,289) r(180,330) d(339)
43; 11; d(297) a(153,145) a(13,26) a(432,154) r(394,162) r(359,253)
44; 41; r(205,152) r(174,449) a(213,467) a(362,22) a(332,239) a(213,272)
45; 56; d(410) d(452) d(213) d(338) a(128,445) d(435)
46; 52; d(111) a(13,26) a(432,154) r(394,162) r(257,239)
47; 50; r(272,239) d(117) a(432,349) a(156,139) r(158,182) r(210,166)
48; 43, 49; d(470) a(391,358) r(368,400) r(152,156) a(437,467) d(207) r(110,294) r(182,341) r(158,182) d(213)
49; 43, 49; r(272,239) d(117) a(145,475)
50; 43; d(470) a(391,358) r(368,400) r(152,156) a(437,467) d(207) r(110,294) r(182,341)
51; 49; r(272,239) d(117) a(145,475) r(158,182) d(213)
52; 36; d(410) d(452) d(213) a(228,390) a(417,396) d(273)
53; 6; d(297) a(153,145) r(338,9) r(115,289) r(180,330) d(339)
54; 6; d(297) a(153,145) r(338,9) r(115,289) r(180,330) d(339)
55; 27; d(410) a(13,26) r(338,301) d(176) d(3)
56; 2, 54; a(197,184)
57; 2, 54; d(111) a(24,471) d(437) d(332) a(168,471) d(415) d(150)
58; 2; a(197,184) d(150)
59; 54; d(111) a(24,471) d(437) d(332) a(168,471) d(415)
--------------------------------------------------------------------------------
Mutation

0; a(197,184) r(396,197) d(117) a(432,349) d(192) a(210,350) r(227,289) a(212,175) a(212,175) a(349,361) d(452)
1; a(197,184) r(396,197) d(117) a(432,349) d(192) a(210,350) r(227,289) a(220,303) r(149,471)
2; a(197,184) r(396,197) d(117) a(432,349) d(192) a(210,350) r(227,289) a(212,175) a(220,303) a(337,246)
3; a(197,184) r(396,197) d(117) a(432,349) d(192) a(210,350) r(227,289) a(212,175) a(349,361) a(236,276)
4; r(443,385) r(152,156) a(437,467) r(438,294) r(237,227) a(334,258) a(424,197)
5; d(453) d(207) r(290,455) d(360) a(402,449)
6; r(443,385) r(152,156) a(437,467) d(207) r(290,455) d(360) a(465,469)
7; d(453) r(438,294) r(237,227) a(334,258) r(421,471)
8; r(272,239) d(117) a(432,349) r(251,340) r(215,471)
9; d(221) d(436) a(335,236) a(208,199) r(132,374) a(156,139) r(158,182) r(416,444) d(154)
10; r(272,239) d(117) a(432,349) a(156,139) r(158,182) r(416,444) a(14,341)
11; d(221) d(436) a(335,236) a(208,199) r(132,374) r(251,340) r(249,237)
12; d(297) r(174,176) a(116,132) d(457) a(376,374) d(117) r(254,133) r(133,21)
13; r(272,239) a(252,350) d(129) a(436,367)
14; d(297) r(174,176) a(116,132) d(457) a(376,374) a(252,350) d(129) a(212,446)
15; r(272,239) d(117) r(254,133) d(403)
16; d(410) d(452) d(213) a(228,390) a(417,396) a(214,415) d(344)
17; a(197,184) r(396,197) d(204) a(248,445) a(120,178) d(212) a(236,324)
18; a(197,184) r(257,239) r(116,139)
19; d(111) a(13,26) a(432,154) r(394,162) r(396,197) d(117) a(432,349) d(192) a(210,350) a(153,145) a(13,26) a(432,154) r(394,162) d(207) a(185,171)
20; a(197,184) r(396,197) d(117) a(432,349) d(192) a(210,350) a(153,145) a(13,26) a(432,154) r(394,162) d(207) r(332,221)
21; d(111) a(13,26) a(432,154) r(394,162) r(257,239) d(138)
22; r(205,152) a(24,471) d(437) d(192) a(210,350) r(227,289) a(212,175) a(349,361) d(397)
23; a(197,184) r(396,197) d(117) a(432,349) r(393,447) d(402) r(238,37) a(227,202)
24; r(205,152) a(24,471) d(437) r(393,447) d(402) r(238,37) r(272,335)
25; a(197,184) r(396,197) d(117) a(432,349) d(192) a(210,350) r(227,289) a(212,175) a(349,361) r(293,286)
26; d(453) a(391,358) r(368,400) r(228,178) a(297,441) r(198,182) a(224,28)
27; d(470) r(438,294) r(237,227) d(401) a(278,444) a(174,113) r(136,214)
28; d(453) r(438,294) r(237,227) d(401) a(278,444) a(174,113) a(130,445)
29; d(470) a(391,358) r(368,400) r(228,178) a(297,441) r(198,182) a(441,172)
30; r(272,239) d(117) a(432,349) a(156,139) r(162,22) d(473) a(411,172)
31; r(272,239) d(117) a(432,349) r(199,294) a(214,151) r(435,233) d(396) d(367)
32; r(272,239) d(117) a(432,349) a(156,139) r(162,22) d(473) d(396) d(277)
33; r(272,239) d(117) a(432,349) r(199,294) a(214,151) r(435,233) d(212)
34; d(297) a(153,145) a(13,26) a(432,154) r(394,162) a(355,384) d(240)
35; d(470) a(391,358) r(368,400) r(228,178) a(297,441) r(198,182) d(188)
36; d(297) r(227,289) a(212,175) r(248,455) a(373,387)
37; d(297) d(148) a(434,185) r(417,384) r(374,367)
38; r(272,239) r(230,246) r(225,357) a(244,113) r(174,176) a(116,132) d(457) a(376,374) r(213,19) r(361,299) r(390,275)
39; d(410) d(452) d(213) a(228,390) a(417,396) r(255,227) a(187,273)
40; d(453) r(438,294) r(237,227) d(402) d(178) d(213) r(387,455) a(182,162) r(214,195) a(210,52)
41; d(410) d(452) d(213) a(228,390) a(417,396) a(214,415) d(286)
42; d(297) a(153,145) r(338,9) r(115,289) r(180,330) d(339) d(216)
43; d(297) a(153,145) a(13,26) a(432,154) r(394,162) r(359,253) d(473)
44; r(205,152) r(174,449) a(213,467) a(362,22) a(332,239) a(213,272) r(404,417)
45; d(410) d(452) d(213) d(338) a(128,445) d(435) r(251,173)
46; d(111) a(13,26) a(432,154) r(394,162) r(257,239) d(201)
47; r(272,239) d(117) a(432,349) a(156,139) r(158,182) r(210,166) d(447)
48; d(470) a(391,358) r(368,400) r(152,156) a(437,467) d(207) r(110,294) r(182,341) r(158,182) d(213) d(205)
49; r(272,239) d(117) a(145,475) r(255,192)
50; d(470) a(391,358) r(368,400) r(152,156) a(437,467) d(207) r(110,294) r(182,341) a(300,120)
51; r(272,239) d(117) a(145,475) r(158,182) d(213) a(392,341)
52; d(410) d(452) d(213) a(228,390) a(417,396) d(273) a(214,455)
53; d(297) a(153,145) r(338,9) r(115,289) r(180,330) d(339) r(185,439)
54; d(297) a(153,145) r(338,9) r(115,289) r(180,330) d(339) r(136,139)
55; d(410) a(13,26) r(338,301) d(176) d(3) d(434)
56; a(197,184) r(112,162)
57; d(111) a(24,471) d(437) d(332) a(168,471) d(415) d(150) d(247)
58; a(197,184) d(150) d(304)
59; d(111) a(24,471) d(437) d(332) a(168,471) d(415) a(373,462)
--------------------------------------------------------------------------------
Evaluation

0; 0.
1; 0.
2; 0.
3; 0.
4; 0.
5; 0.
6; 0.
7; 0.
8; 0.
9; 10.
10; 0.
11; 0.
12; 0.
13; 0.
14; 10.
15; 0.
16; 0.
17; 0.
18; 0.
19; 0.
20; 0.
21; 0.
22; 0.
23; 0.
24; 0.
25; 0.
26; 0.
27; 0.
28; 0.
29; 0.
30; 0.
31; 0.
32; 0.
33; 0.
34; 0.
35; 0.
36; 0.
37; 0.
38; 0.
39; 0.
40; 0.
41; 0.
42; 0.
43; 0.
44; 0.
45; 0.
46; 0.
47; 0.
48; 0.
49; 0.
50; 0.
51; 0.
52; 0.
53; 0.
54; 0.
55; 0.
56; 0.
57; 0.
58; 0.
59; 0.
================================================================================
Generation 7

--------------------------------------------------------------------------------
Selection

0; 10
1; 44
2; 35
3; 48
4; 58
5; 16
6; 48
7; 4
8; 43
9; 20
10; 49
11; 33
12; 46
13; 36
14; 5
15; 20
16; 27
17; 4
18; 4
19; 46
20; 52
21; 44
22; 30
23; 51
24; 34
25; 22
26; 22
27; 48
28; 47
29; 35
30; 50
31; 31
32; 25
33; 53
34; 1
35; 37
36; 48
37; 59
38; 17
39; 13
--------------------------------------------------------------------------------
Crossover

0; 33, 16; r(272,239) d(117) a(432,349) r(199,294) a(214,415) d(344)
1; 33, 16; d(410) d(452) d(213) a(228,390) a(417,396) a(214,151) r(435,233) d(212)
2; 33; r(272,239) d(117) a(432,349) r(199,294) a(214,151) r(435,233) d(212)
3; 16; d(410) d(452) d(213) a(228,390) a(417,396) a(214,415) d(344)
4; 4; r(443,385) r(152,156) a(437,467) r(438,294) r(237,227) a(334,258) a(424,197)
5; 31; r(272,239) d(117) a(432,349) r(199,294) a(214,151) r(435,233) d(396) d(367)
6; 48; d(470) a(391,358) r(368,400) r(152,156) a(437,467) d(207) r(110,294) r(182,341) r(158,182) d(213) d(205)
7; 49; r(272,239) d(117) a(145,475) r(255,192)
8; 5, 34; d(453) d(207) a(13,26) a(432,154) r(394,162) a(355,384) d(240)
9; 5, 34; d(297) a(153,145) r(290,455) d(360) a(402,449)
10; 5; d(453) d(207) r(290,455) d(360) a(402,449)
11; 34; d(297) a(153,145) a(13,26) a(432,154) r(394,162) a(355,384) d(240)
12; 48; d(470) a(391,358) r(368,400) r(152,156) a(437,467) d(207) r(110,294) r(182,341) r(158,182) d(213) d(205)
13; 59; d(111) a(24,471) d(437) d(332) a(168,471) d(415) a(373,462)
14; 44; r(205,152) r(174,449) a(213,467) a(362,22) a(332,239) a(213,272) r(404,417)
15; 52; d(410) d(452) d(213) a(228,390) a(417,396) d(273) a(214,455)
16; 10; r(272,239) d(117) a(432,349) a(156,139) r(158,182) r(416,444) a(14,341)
17; 20; a(197,184) r(396,197) d(117) a(432,349) d(192) a(210,350) a(153,145) a(13,26) a(432,154) r(394,162) d(207) r(332,221)
18; 48, 48; d(470) r(152,156) a(437,467) d(207) r(110,294) r(182,341) r(158,182) d(213) d(205)
19; 48, 48; d(470) a(391,358) r(368,400) a(391,358) r(368,400) r(152,156) a(437,467) d(207) r(110,294) r(182,341) r(158,182) d(213) d(205)
20; 48; d(470) a(391,358) r(368,400) r(152,156) a(437,467) d(207) r(110,294) r(182,341) r(158,182) d(213) d(205)
21; 48; d(470) a(391,358) r(368,400) r(152,156) a(437,467) d(207) r(110,294) r(182,341) r(158,182) d(213) d(205)
22; 1, 43; a(197,184) r(396,197) d(117) a(432,349) d(192) a(210,350) r(227,289) a(220,303) a(13,26) a(432,154) r(394,162) r(359,253) d(473)
23; 1, 43; d(297) a(153,145) r(149,471)
24; 1; a(197,184) r(396,197) d(117) a(432,349) d(192) a(210,350) r(227,289) a(220,303) r(149,471)
25; 43; d(297) a(153,145) a(13,26) a(432,154) r(394,162) r(359,253) d(473)
26; 17, 51; a(197,184) r(396,197) r(158,182) d(213) a(392,341)
27; 17, 51; r(272,239) d(117) a(145,475) d(204) a(248,445) a(120,178) d(212) a(236,324)
28; 17; a(197,184) r(396,197) d(204) a(248,445) a(120,178) d(212) a(236,324)
29; 51; r(272,239) d(117) a(145,475) r(158,182) d(213) a(392,341)
30; 46, 22; d(111) d(437) d(192) a(210,350) r(227,289) a(212,175) a(349,361) d(397)
31; 46, 22; r(205,152) a(24,471) a(13,26) a(432,154) r(394,162) r(257,239) d(201)
32; 46; d(111) a(13,26) a(432,154) r(394,162) r(257,239) d(201)
33; 22; r(205,152) a(24,471) d(437) d(192) a(210,350) r(227,289) a(212,175) a(349,361) d(397)
34; 25, 22; a(197,184) r(396,197) d(192) a(210,350) r(227,289) a(212,175) a(349,361) d(397)
35; 25, 22; r(205,152) a(24,471) d(437) d(117) a(432,349) d(192) a(210,350) r(227,289) a(212,175) a(349,361) r(293,286)
36; 25; a(197,184) r(396,197) d(117) a(432,349) d(192) a(210,350) r(227,289) a(212,175) a(349,361) r(293,286)
37; 22; r(205,152) a(24,471) d(437) d(192) a(210,350) r(227,289) a(212,175) a(349,361) d(397)
38; 50; d(470) a(391,358) r(368,400) r(152,156) a(437,467) d(207) r(110,294) r(182,341) a(300,120)
39; 13; r(272,239) a(252,350) d(129) a(436,367)
40; 58; a(197,184) d(150) d(304)
41; 35; d(470) a(391,358) r(368,400) r(228,178) a(297,441) r(198,182) d(188)
42; 4, 30; r(443,385) r(152,156) a(437,467) r(438,294) r(237,227) a(432,349) a(156,139) r(162,22) d(473) a(411,172)
43; 4, 30; r(272,239) d(117) a(334,258) a(424,197)
44; 4; r(443,385) r(152,156) a(437,467) r(438,294) r(237,227) a(334,258) a(424,197)
45; 30; r(272,239) d(117) a(432,349) a(156,139) r(162,22) d(473) a(411,172)
46; 46, 27; d(111) a(13,26) a(432,154) r(394,162) r(257,239) d(201) r(237,227) d(401) a(278,444) a(174,113) r(136,214)
47; 46, 27; d(470) r(438,294)
48; 46; d(111) a(13,26) a(432,154) r(394,162) r(257,239) d(201)
49; 27; d(470) r(438,294) r(237,227) d(401) a(278,444) a(174,113) r(136,214)
50; 37, 44; d(297) r(174,449) a(213,467) a(362,22) a(332,239) a(213,272) r(404,417)
51; 37, 44; r(205,152) d(148) a(434,185) r(417,384) r(374,367)
52; 37; d(297) d(148) a(434,185) r(417,384) r(374,367)
53; 44; r(205,152) r(174,449) a(213,467) a(362,22) a(332,239) a(213,272) r(404,417)
54; 47; r(272,239) d(117) a(432,349) a(156,139) r(158,182) r(210,166) d(447)
55; 35; d(470) a(391,358) r(368,400) r(228,178) a(297,441) r(198,182) d(188)
56; 20, 36; a(197,184) r(396,197) d(117) a(432,349) d(192) a(210,350) a(153,145) a(13,26) a(432,154) r(394,162) d(207) r(332,221) a(373,387)
57; 20, 36; d(297) r(227,289) a(212,175) r(248,455)
58; 20; a(197,184) r(396,197) d(117) a(432,349) d(192) a(210,350) a(153,145) a(13,26) a(432,154) r(394,162) d(207) r(332,221)
59; 36; d(297) r(227,289) a(212,175) r(248,455) a(373,387)
60; 53, 4; d(297) a(153,145) r(152,156) a(437,467) r(438,294) r(237,227) a(334,258) a(424,197)
61; 53, 4; r(443,385) r(338,9) r(115,289) r(180,330) d(339) r(185,439)
62; 53; d(297) a(153,145) r(338,9) r(115,289) r(180,330) d(339) r(185,439)
63; 4; r(443,385) r(152,156) a(437,467) r(438,294) r(237,227) a(334,258) a(424,197)
--------------------------------------------------------------------------------
Mutation

0; r(272,239) d(117) a(432,349) r(199,294) a(214,415) d(344) d(448)
1; d(410) d(452) d(213) a(228,390) a(417,396) a(214,151) r(435,233) d(212) d(214)
2; r(272,239) d(117) a(432,349) r(199,294) a(214,151) r(435,233) d(212) d(253)
3; d(410) d(452) d(213) a(228,390) a(417,396) a(214,415) d(344) d(214)
4; r(443,385) r(152,156) a(437,467) r(438,294) r(237,227) a(334,258) a(424,197) d(442)
5; r(272,239) d(117) a(432,349) r(199,294) a(214,151) r(435,233) d(396) d(367) r(227,337)
6; d(470) a(391,358) r(368,400) r(152,156) a(437,467) d(207) r(110,294) r(182,341) r(158,182) d(213) d(205) a(250,171)
7; r(272,239) d(117) a(145,475) r(255,192) r(24,274)
8; d(453) d(207) a(13,26) a(432,154) r(394,162) a(355,384) d(240) r(128,420)
9; d(297) a(153,145) r(290,455) d(360) a(402,449) d(381)
10; d(453) d(207) r(290,455) d(360) a(402,449) r(136,286)
11; d(297) a(153,145) a(13,26) a(432,154) r(394,162) a(355,384) d(240) a(130,116)
12; d(470) a(391,358) r(368,400) r(152,156) a(437,467) d(207) r(110,294) r(182,341) r(158,182) d(213) d(205) d(272)
13; d(111) a(24,471) d(437) d(332) a(168,471) d(415) a(373,462) a(462,227)
14; r(205,152) r(174,449) a(213,467) a(362,22) a(332,239) a(213,272) r(404,417) r(212,168)
15; d(410) d(452) d(213) a(228,390) a(417,396) d(273) a(214,455) r(193,355)
16; r(272,239) d(117) a(432,349) a(156,139) r(158,182) r(416,444) a(14,341) r(246,337)
17; a(197,184) r(396,197) d(117) a(432,349) d(192) a(210,350) a(153,145) a(13,26) a(432,154) r(394,162) d(207) r(332,221) r(393,21)
18; d(470) r(152,156) a(437,467) d(207) r(110,294) r(182,341) r(158,182) d(213) d(205) a(258,331)
19; d(470) a(391,358) r(368,400) a(391,358) r(368,400) r(152,156) a(437,467) d(207) r(110,294) r(182,341) r(158,182) d(213) d(205) r(415,447)
20; d(470) a(391,358) r(368,400) r(152,156) a(437,467) d(207) r(110,294) r(182,341) r(158,182) d(213) d(205) r(405,392)
21; d(470) a(391,358) r(368,400) r(152,156) a(437,467) d(207) r(110,294) r(182,341) r(158,182) d(213) d(205) d(194)
22; a(197,184) r(396,197) d(117) a(432,349) d(192) a(210,350) r(227,289) a(220,303) a(13,26) a(432,154) r(394,162) r(359,253) d(473) r(441,406)
23; d(297) a(153,145) r(149,471) d(355)
24; a(197,184) r(396,197) d(117) a(432,349) d(192) a(210,350) r(227,289) a(220,303) r(149,471) d(213)
25; d(297) a(153,145) a(13,26) a(432,154) r(394,162) r(359,253) d(473) a(1,14)
26; a(197,184) r(396,197) r(158,182) d(213) a(392,341) r(280,9)
27; r(272,239) d(117) a(145,475) d(204) a(248,445) a(120,178) d(212) a(236,324) r(293,301)
28; a(197,184) r(396,197) d(204) a(248,445) a(120,178) d(212) a(236,324) d(213)
29; r(272,239) d(117) a(145,475) r(158,182) d(213) a(392,341) r(212,415)
30; d(111) d(437) d(192) a(210,350) r(227,289) a(212,175) a(349,361) d(397) a(431,415)
31; r(205,152) a(24,471) a(13,26) a(432,154) r(394,162) r(257,239) d(201) d(213)
32; d(111) a(13,26) a(432,154) r(394,162) r(257,239) d(201) a(223,355)
33; r(205,152) a(24,471) d(437) d(192) a(210,350) r(227,289) a(212,175) a(349,361) d(397) d(134)
34; a(197,184) r(396,197) d(192) a(210,350) r(227,289) a(212,175) a(349,361) d(397) r(352,136)
35; r(205,152) a(24,471) d(437) d(117) a(432,349) d(192) a(210,350) r(227,289) a(212,175) a(349,361) r(293,286) r(226,215)
36; a(197,184) r(396,197) d(117) a(432,349) d(192) a(210,350) r(227,289) a(212,175) a(349,361) r(293,286) r(214,449)
37; r(205,152) a(24,471) d(437) d(192) a(210,350) r(227,289) a(212,175) a(349,361) d(397) a(159,228)
38; d(470) a(391,358) r(368,400) r(152,156) a(437,467) d(207) r(110,294) r(182,341) a(300,120) d(232)
39; r(272,239) a(252,350) d(129) a(436,367) d(165)
40; a(197,184) d(150) d(304) a(404,358)
41; d(470) a(391,358) r(368,400) r(228,178) a(297,441) r(198,182) d(188) d(393)
42; r(443,385) r(152,156) a(437,467) r(438,294) r(237,227) a(432,349) a(156,139) r(162,22) d(473) a(411,172) r(214,159)
43; r(272,239) d(117) a(334,258) a(424,197) d(21)
44; r(443,385) r(152,156) a(437,467) r(438,294) r(237,227) a(334,258) a(424,197) r(362,243)
45; r(272,239) d(117) a(432,349) a(156,139) r(162,22) d(473) a(411,172) a(402,37)
46; d(111) a(13,26) a(432,154) r(394,162) r(257,239) d(201) r(237,227) d(401) a(278,444) a(174,113) r(136,214) a(213,425)
47; d(470) r(438,294) d(330)
48; d(111) a(13,26) a(432,154) r(394,162) r(257,239) d(201) d(255)
49; d(470) r(438,294) r(237,227) d(401) a(278,444) a(174,113) r(136,214) a(188,175)
50; d(297) r(174,449) a(213,467) a(362,22) a(332,239) a(213,272) r(404,417) d(23)
51; r(205,152) d(148) a(434,185) r(417,384) r(374,367) r(358,230)
52; d(297) d(148) a(434,185) r(417,384) r(374,367) d(323)
53; r(205,152) r(174,449) a(213,467) a(362,22) a(332,239) a(213,272) r(404,417) d(453)
54; r(272,239) d(117) a(432,349) a(156,139) r(158,182) r(210,166) d(447) r(392,227)
55; d(470) a(391,358) r(368,400) r(228,178) a(297,441) r(198,182) d(188) r(15,53)
56; a(197,184) r(396,197) d(117) a(432,349) d(192) a(210,350) a(153,145) a(13,26) a(432,154) r(394,162) d(207) r(332,221) a(373,387) a(152,425)
57; d(297) r(227,289) a(212,175) r(248,455) d(220)
58; a(197,184) r(396,197) d(117) a(432,349) d(192) a(210,350) a(153,145) a(13,26) a(432,154) r(394,162) d(207) r(332,221) r(145,349)
59; d(297) r(227,289) a(212,175) r(248,455) a(373,387) r(338,185)
60; d(297) a(153,145) r(152,156) a(437,467) r(438,294) r(237,227) a(334,258) a(424,197) d(437)
61; r(443,385) r(338,9) r(115,289) r(180,330) d(339) r(185,439) a(246,349)
62; d(297) a(153,145) r(338,9) r(115,289) r(180,330) d(339) r(185,439) d(333)
63; r(443,385) r(152,156) a(437,467) r(438,294) r(237,227) a(334,258) a(424,197) r(404,376)
--------------------------------------------------------------------------------
Evaluation

0; 0.
1; 0.
2; 0.
3; 0.
4; 0.
5; 0.
6; 0.
7; 0.
8; 0.
9; 0.
10; 0.
11; 0.
12; 0.
13; 0.
14; 0.
15; 0.
16; 0.
17; 0.
18; 0.
19; 0.
20; 0.
21; 0.
22; 0.
23; 0.
24; 0.
25; 0.
26; 0.
27; 0.
28; 0.
29; 0.
30; 0.
31; 0.
32; 0.
33; 0.
34; 0.
35; 0.
36; 0.
37; 0.
38; 0.
39; 0.
40; 0.
41; 0.
42; 0.
43; 0.
44; 0.
45; 0.
46; 0.
47; 0.
48; 0.
49; 0.
50; 0.
51; 0.
52; 0.
53; 0.
54; 0.
55; 0.
56; 0.
57; 0.
58; 0.
59; 0.
60; 0.
61; 0.
62; 0.
63; 0.
================================================================================
Generation 8

--------------------------------------------------------------------------------
Selection

0; 34
1; 20
2; 18
3; 33
4; 48
5; 5
6; 4
7; 55
8; 61
9; 1
10; 35
11; 25
12; 39
13; 23
14; 1
15; 42
16; 43
17; 6
18; 27
19; 55
20; 39
21; 14
22; 22
23; 29
24; 10
25; 50
26; 55
27; 56
28; 51
29; 30
30; 16
31; 24
32; 58
33; 60
34; 49
35; 25
36; 4
37; 36
38; 11
39; 29
--------------------------------------------------------------------------------
Crossover

0; 55; d(470) a(391,358) r(368,400) r(228,178) a(297,441) r(198,182) d(188) r(15,53)
1; 39; r(272,239) a(252,350) d(129) a(436,367) d(165)
2; 23; d(297) a(153,145) r(149,471) d(355)
3; 42; r(443,385) r(152,156) a(437,467) r(438,294) r(237,227) a(432,349) a(156,139) r(162,22) d(473) a(411,172) r(214,159)
4; 36; a(197,184) r(396,197) d(117) a(432,349) d(192) a(210,350) r(227,289) a(212,175) a(349,361) r(293,286) r(214,449)
5; 58; a(197,184) r(396,197) d(117) a(432,349) d(192) a(210,350) a(153,145) a(13,26) a(432,154) r(394,162) d(207) r(332,221) r(145,349)
6; 29; r(272,239) d(117) a(145,475) r(158,182) d(213) a(392,341) r(212,415)
7; 30; d(111) d(437) d(192) a(210,350) r(227,289) a(212,175) a(349,361) d(397) a(431,415)
8; 18; d(470) r(152,156) a(437,467) d(207) r(110,294) r(182,341) r(158,182) d(213) d(205) a(258,331)
9; 4; r(443,385) r(152,156) a(437,467) r(438,294) r(237,227) a(334,258) a(424,197) d(442)
10; 25; d(297) a(153,145) a(13,26) a(432,154) r(394,162) r(359,253) d(473) a(1,14)
11; 24; a(197,184) r(396,197) d(117) a(432,349) d(192) a(210,350) r(227,289) a(220,303) r(149,471) d(213)
12; 34; a(197,184) r(396,197) d(192) a(210,350) r(227,289) a(212,175) a(349,361) d(397) r(352,136)
13; 51; r(205,152) d(148) a(434,185) r(417,384) r(374,367) r(358,230)
14; 60, 50; d(297) a(153,145) r(152,156) a(437,467) r(438,294) r(237,227) a(334,258) a(424,197) d(437) a(332,239) a(213,272) r(404,417) d(23)
15; 60, 50; d(297) r(174,449) a(213,467) a(362,22)
16; 60; d(297) a(153,145) r(152,156) a(437,467) r(438,294) r(237,227) a(334,258) a(424,197) d(437)
17; 50; d(297) r(174,449) a(213,467) a(362,22) a(332,239) a(213,272) r(404,417) d(23)
18; 35, 61; r(205,152) a(24,471) d(437) d(117) a(432,349) r(338,9) r(115,289) r(180,330) d(339) r(185,439) a(246,349)
19; 35, 61; r(443,385) d(192) a(210,350) r(227,289) a(212,175) a(349,361) r(293,286) r(226,215)
20; 35; r(205,152) a(24,471) d(437) d(117) a(432,349) d(192) a(210,350) r(227,289) a(212,175) a(349,361) r(293,286) r(226,215)
21; 61; r(443,385) r(338,9) r(115,289) r(180,330) d(339) r(185,439) a(246,349)
22; 29; r(272,239) d(117) a(145,475) r(158,182) d(213) a(392,341) r(212,415)
23; 25; d(297) a(153,145) a(13,26) a(432,154) r(394,162) r(359,253) d(473) a(1,14)
24; 27; r(272,239) d(117) a(145,475) d(204) a(248,445) a(120,178) d(212) a(236,324) r(293,301)
25; 33; r(205,152) a(24,471) d(437) d(192) a(210,350) r(227,289) a(212,175) a(349,361) d(397) d(134)
26; 22; a(197,184) r(396,197) d(117) a(432,349) d(192) a(210,350) r(227,289) a(220,303) a(13,26) a(432,154) r(394,162) r(359,253) d(473) r(441,406)
27; 55; d(470) a(391,358) r(368,400) r(228,178) a(297,441) r(198,182) d(188) r(15,53)
28; 6; d(470) a(391,358) r(368,400) r(152,156) a(437,467) d(207) r(110,294) r(182,341) r(158,182) d(213) d(205) a(250,171)
29; 5; r(272,239) d(117) a(432,349) r(199,294) a(214,151) r(435,233) d(396) d(367) r(227,337)
30; 4; r(443,385) r(152,156) a(437,467) r(438,294) r(237,227) a(334,258) a(424,197) d(442)
31; 16; r(272,239) d(117) a(432,349) a(156,139) r(158,182) r(416,444) a(14,341) r(246,337)
32; 39; r(272,239) a(252,350) d(129) a(436,367) d(165)
33; 10; d(453) d(207) r(290,455) d(360) a(402,449) r(136,286)
34; 1, 14; d(410) d(452) d(213) a(228,390) r(174,449) a(213,467) a(362,22) a(332,239) a(213,272) r(404,417) r(212,168)
35; 1, 14; r(205,152) a(417,396) a(214,151) r(435,233) d(212) d(214)
36; 1; d(410) d(452) d(213) a(228,390) a(417,396) a(214,151) r(435,233) d(212) d(214)
37; 14; r(205,152) r(174,449) a(213,467) a(362,22) a(332,239) a(213,272) r(404,417) r(212,168)
38; 55, 43; d(470)
39; 55, 43; r(272,239) d(117) a(334,258) a(424,197) d(21) a(391,358) r(368,400) r(228,178) a(297,441) r(198,182) d(188) r(15,53)
40; 55; d(470) a(391,358) r(368,400) r(228,178) a(297,441) r(198,182) d(188) r(15,53)
41; 43; r(272,239) d(117) a(334,258) a(424,197) d(21)
42; 56; a(197,184) r(396,197) d(117) a(432,349) d(192) a(210,350) a(153,145) a(13,26) a(432,154) r(394,162) d(207) r(332,221) a(373,387) a(152,425)
43; 1; d(410) d(452) d(213) a(228,390) a(417,396) a(214,151) r(435,233) d(212) d(214)
44; 49, 11; d(470) r(438,294) r(237,227) d(401) a(278,444) a(174,113) r(136,214) a(188,175) d(240) a(130,116)
45; 49, 11; d(297) a(153,145) a(13,26) a(432,154) r(394,162) a(355,384)
46; 49; d(470) r(438,294) r(237,227) d(401) a(278,444) a(174,113) r(136,214) a(188,175)
47; 11; d(297) a(153,145) a(13,26) a(432,154) r(394,162) a(355,384) d(240) a(130,116)
48; 48; d(111) a(13,26) a(432,154) r(394,162) r(257,239) d(201) d(255)
49; 20; d(470) a(391,358) r(368,400) r(152,156) a(437,467) d(207) r(110,294) r(182,341) r(158,182) d(213) d(205) r(405,392)
--------------------------------------------------------------------------------
Mutation

0; d(470) a(391,358) r(368,400) r(228,178) a(297,441) r(198,182) d(188) r(15,53) r(422,414)
1; r(272,239) a(252,350) d(129) a(436,367) d(165) a(289,355)
2; d(297) a(153,145) r(149,471) d(355) d(438)
3; r(443,385) r(152,156) a(437,467) r(438,294) r(237,227) a(432,349) a(156,139) r(162,22) d(473) a(411,172) r(214,159) r(457,452)
4; a(197,184) r(396,197) d(117) a(432,349) d(192) a(210,350) r(227,289) a(212,175) a(349,361) r(293,286) r(214,449) a(359,447)
5; a(197,184) r(396,197) d(117) a(432,349) d(192) a(210,350) a(153,145) a(13,26) a(432,154) r(394,162) d(207) r(332,221) r(145,349) a(212,425)
6; r(272,239) d(117) a(145,475) r(158,182) d(213) a(392,341) r(212,415) a(176,441)
7; d(111) d(437) d(192) a(210,350) r(227,289) a(212,175) a(349,361) d(397) a(431,415) d(303)
8; d(470) r(152,156) a(437,467) d(207) r(110,294) r(182,341) r(158,182) d(213) d(205) a(258,331) r(235,467)
9; r(443,385) r(152,156) a(437,467) r(438,294) r(237,227) a(334,258) a(424,197) d(442) d(158)
10; d(297) a(153,145) a(13,26) a(432,154) r(394,162) r(359,253) d(473) a(1,14) d(258)
11; a(197,184) r(396,197) d(117) a(432,349) d(192) a(210,350) r(227,289) a(220,303) r(149,471) d(213) d(441)
12; a(197,184) r(396,197) d(192) a(210,350) r(227,289) a(212,175) a(349,361) d(397) r(352,136) a(214,446)
13; r(205,152) d(148) a(434,185) r(417,384) r(374,367) r(358,230) d(381)
14; d(297) a(153,145) r(152,156) a(437,467) r(438,294) r(237,227) a(334,258) a(424,197) d(437) a(332,239) a(213,272) r(404,417) d(23) r(180,146)
15; d(297) r(174,449) a(213,467) a(362,22) d(213)
16; d(297) a(153,145) r(152,156) a(437,467) r(438,294) r(237,227) a(334,258) a(424,197) d(437) a(161,2)
17; d(297) r(174,449) a(213,467) a(362,22) a(332,239) a(213,272) r(404,417) d(23) r(161,20)
18; r(205,152) a(24,471) d(437) d(117) a(432,349) r(338,9) r(115,289) r(180,330) d(339) r(185,439) a(246,349) d(289)
19; r(443,385) d(192) a(210,350) r(227,289) a(212,175) a(349,361) r(293,286) r(226,215) d(341)
20; r(205,152) a(24,471) d(437) d(117) a(432,349) d(192) a(210,350) r(227,289) a(212,175) a(349,361) r(293,286) r(226,215) r(419,323)
21; r(443,385) r(338,9) r(115,289) r(180,330) d(339) r(185,439) a(246,349) d(409)
22; r(272,239) d(117) a(145,475) r(158,182) d(213) a(392,341) r(212,415) r(215,449)
23; d(297) a(153,145) a(13,26) a(432,154) r(394,162) r(359,253) d(473) a(1,14) r(356,210)
24; r(272,239) d(117) a(145,475) d(204) a(248,445) a(120,178) d(212) a(236,324) r(293,301) r(159,19)
25; r(205,152) a(24,471) d(437) d(192) a(210,350) r(227,289) a(212,175) a(349,361) d(397) d(134) d(138)
26; a(197,184) r(396,197) d(117) a(432,349) d(192) a(210,350) r(227,289) a(220,303) a(13,26) a(432,154) r(394,162) r(359,253) d(473) r(441,406) d(228)
27; d(470) a(391,358) r(368,400) r(228,178) a(297,441) r(198,182) d(188) r(15,53) r(166,374)
28; d(470) a(391,358) r(368,400) r(152,156) a(437,467) d(207) r(110,294) r(182,341) r(158,182) d(213) d(205) a(250,171) d(214)
29; r(272,239) d(117) a(432,349) r(199,294) a(214,151) r(435,233) d(396) d(367) r(227,337) d(239)
30; r(443,385) r(152,156) a(437,467) r(438,294) r(237,227) a(334,258) a(424,197) d(442) r(200,434)
31; r(272,239) d(117) a(432,349) a(156,139) r(158,182) r(416,444) a(14,341) r(246,337) r(121,28)
32; r(272,239) a(252,350) d(129) a(436,367) d(165) d(328)
33; d(453) d(207) r(290,455) d(360) a(402,449) r(136,286) a(180,136)
34; d(410) d(452) d(213) a(228,390) r(174,449) a(213,467) a(362,22) a(332,239) a(213,272) r(404,417) r(212,168) a(113,133)
35; r(205,152) a(417,396) a(214,151) r(435,233) d(212) d(214) r(297,353)
36; d(410) d(452) d(213) a(228,390) a(417,396) a(214,151) r(435,233) d(212) d(214) a(153,193)
37; r(205,152) r(174,449) a(213,467) a(362,22) a(332,239) a(213,272) r(404,417) r(212,168) r(339,441)
38; d(470) a(204,21)
39; r(272,239) d(117) a(334,258) a(424,197) d(21) a(391,358) r(368,400) r(228,178) a(297,441) r(198,182) d(188) r(15,53) d(360)
40; d(470) a(391,358) r(368,400) r(228,178) a(297,441) r(198,182) d(188) r(15,53) a(279,274)
41; r(272,239) d(117) a(334,258) a(424,197) d(21) a(420,417)
42; a(197,184) r(396,197) d(117) a(432,349) d(192) a(210,350) a(153,145) a(13,26) a(432,154) r(394,162) d(207) r(332,221) a(373,387) a(152,425) d(347)
43; d(410) d(452) d(213) a(228,390) a(417,396) a(214,151) r(435,233) d(212) d(214) r(236,52)
44; d(470) r(438,294) r(237,227) d(401) a(278,444) a(174,113) r(136,214) a(188,175) d(240) a(130,116) d(332)
45; d(297) a(153,145) a(13,26) a(432,154) r(394,162) a(355,384) a(333,303)
46; d(470) r(438,294) r(237,227) d(401) a(278,444) a(174,113) r(136,214) a(188,175) d(298)
47; d(297) a(153,145) a(13,26) a(432,154) r(394,162) a(355,384) d(240) a(130,116) a(367,427)
48; d(111) a(13,26) a(432,154) r(394,162) r(257,239) d(201) d(255) d(240)
49; d(470) a(391,358) r(368,400) r(152,156) a(437,467) d(207) r(110,294) r(182,341) r(158,182) d(213) d(205) r(405,392) r(240,113)
--------------------------------------------------------------------------------
Evaluation

0; 0.
1; 0.
2; 0.
3; 0.
4; 0.
5; 0.
6; 0.
7; 0.
8; 0.
9; 0.
10; 0.
11; 0.
12; 0.
13; 0.
14; 0.
15; 0.
16; 0.
17; 0.
18; 0.
19; 0.
20; 0.
21; 0.
22; 0.
23; 0.
24; 0.
25; 0.
26; 0.
27; 0.
28; 0.
29; 0.
30; 0.
31; 0.
32; 0.
33; 0.
34; 0.
35; 0.
36; 0.
37; 0.
38; 0.
39; 0.
40; 0.
41; 0.
42; 0.
43; 0.
44; 0.
45; 0.
46; 0.
47; 0.
48; 0.
49; 0.
================================================================================
Generation 9

--------------------------------------------------------------------------------
Selection

0; 8
1; 5
2; 35
3; 7
4; 6
5; 6
6; 21
7; 26
8; 14
9; 28
10; 31
11; 38
12; 36
13; 49
14; 36
15; 34
16; 23
17; 2
18; 4
19; 27
20; 21
21; 1
22; 39
23; 18
24; 13
25; 25
26; 16
27; 26
28; 30
29; 47
30; 4
31; 4
32; 12
33; 44
34; 18
35; 30
36; 28
37; 44
38; 34
39; 6
--------------------------------------------------------------------------------
Crossover

0; 5, 8; a(197,184) r(396,197) d(117) a(432,349) d(192) a(210,350) a(153,145) a(13,26) a(432,154) r(394,162) d(207) r(332,221) r(145,349) a(437,467) d(207) r(110,294) r(182,341) r(158,182) d(213) d(205) a(258,331) r(235,467)
1; 5, 8; d(470) r(152,156) a(212,425)
2; 5; a(197,184) r(396,197) d(117) a(432,349) d(192) a(210,350) a(153,145) a(13,26) a(432,154) r(394,162) d(207) r(332,221) r(145,349) a(212,425)
3; 8; d(470) r(152,156) a(437,467) d(207) r(110,294) r(182,341) r(158,182) d(213) d(205) a(258,331) r(235,467)
4; 4, 27; a(197,184) r(396,197) d(117) a(432,349) d(192) a(210,350) r(227,289) a(212,175) r(166,374)
5; 4, 27; d(470) a(391,358) r(368,400) r(228,178) a(297,441) r(198,182) d(188) r(15,53) a(349,361) r(293,286) r(214,449) a(359,447)
6; 4; a(197,184) r(396,197) d(117) a(432,349) d(192) a(210,350) r(227,289) a(212,175) a(349,361) r(293,286) r(214,449) a(359,447)
7; 27; d(470) a(391,358) r(368,400) r(228,178) a(297,441) r(198,182) d(188) r(15,53) r(166,374)
8; 44; d(470) r(438,294) r(237,227) d(401) a(278,444) a(174,113) r(136,214) a(188,175) d(240) a(130,116) d(332)
9; 25; r(205,152) a(24,471) d(437) d(192) a(210,350) r(227,289) a(212,175) a(349,361) d(397) d(134) d(138)
10; 34, 36; d(410) d(452) d(213) a(228,390) r(174,449) a(213,467) a(362,22) a(332,239) a(213,272) r(404,417) r(212,168) a(214,151) r(435,233) d(212) d(214) a(153,193)
11; 34, 36; d(410) d(452) d(213) a(228,390) a(417,396) a(113,133)
12; 34; d(410) d(452) d(213) a(228,390) r(174,449) a(213,467) a(362,22) a(332,239) a(213,272) r(404,417) r(212,168) a(113,133)
13; 36; d(410) d(452) d(213) a(228,390) a(417,396) a(214,151) r(435,233) d(212) d(214) a(153,193)
14; 18; r(205,152) a(24,471) d(437) d(117) a(432,349) r(338,9) r(115,289) r(180,330) d(339) r(185,439) a(246,349) d(289)
15; 6; r(272,239) d(117) a(145,475) r(158,182) d(213) a(392,341) r(212,415) a(176,441)
16; 44; d(470) r(438,294) r(237,227) d(401) a(278,444) a(174,113) r(136,214) a(188,175) d(240) a(130,116) d(332)
17; 28; d(470) a(391,358) r(368,400) r(152,156) a(437,467) d(207) r(110,294) r(182,341) r(158,182) d(213) d(205) a(250,171) d(214)
18; 4, 49; a(197,184) r(396,197) d(117) a(432,349) d(192) a(210,350) r(182,341) r(158,182) d(213) d(205) r(405,392) r(240,113)
19; 4, 49; d(470) a(391,358) r(368,400) r(152,156) a(437,467) d(207) r(110,294) r(227,289) a(212,175) a(349,361) r(293,286) r(214,449) a(359,447)
20; 4; a(197,184) r(396,197) d(117) a(432,349) d(192) a(210,350) r(227,289) a(212,175) a(349,361) r(293,286) r(214,449) a(359,447)
21; 49; d(470) a(391,358) r(368,400) r(152,156) a(437,467) d(207) r(110,294) r(182,341) r(158,182) d(213) d(205) r(405,392) r(240,113)
22; 6; r(272,239) d(117) a(145,475) r(158,182) d(213) a(392,341) r(212,415) a(176,441)
23; 38; d(470) a(204,21)
24; 4, 36; a(197,184) r(396,197) d(117) a(432,349) d(192) a(210,350) d(212) d(214) a(153,193)
25; 4, 36; d(410) d(452) d(213) a(228,390) a(417,396) a(214,151) r(435,233) r(227,289) a(212,175) a(349,361) r(293,286) r(214,449) a(359,447)
26; 4; a(197,184) r(396,197) d(117) a(432,349) d(192) a(210,350) r(227,289) a(212,175) a(349,361) r(293,286) r(214,449) a(359,447)
27; 36; d(410) d(452) d(213) a(228,390) a(417,396) a(214,151) r(435,233) d(212) d(214) a(153,193)
28; 6; r(272,239) d(117) a(145,475) r(158,182) d(213) a(392,341) r(212,415) a(176,441)
29; 26; a(197,184) r(396,197) d(117) a(432,349) d(192) a(210,350) r(227,289) a(220,303) a(13,26) a(432,154) r(394,162) r(359,253) d(473) r(441,406) d(228)
30; 21; r(443,385) r(338,9) r(115,289) r(180,330) d(339) r(185,439) a(246,349) d(409)
31; 34; d(410) d(452) d(213) a(228,390) r(174,449) a(213,467) a(362,22) a(332,239) a(213,272) r(404,417) r(212,168) a(113,133)
32; 35, 26; r(205,152) a(210,350) r(227,289) a(220,303) a(13,26) a(432,154) r(394,162) r(359,253) d(473) r(441,406) d(228)
33; 35, 26; a(197,184) r(396,197) d(117) a(432,349) d(192) a(417,396) a(214,151) r(435,233) d(212) d(214) r(297,353)
34; 35; r(205,152) a(417,396) a(214,151) r(435,233) d(212) d(214) r(297,353)
35; 26; a(197,184) r(396,197) d(117) a(432,349) d(192) a(210,350) r(227,289) a(220,303) a(13,26) a(432,154) r(394,162) r(359,253) d(473) r(441,406) d(228)
36; 12; a(197,184) r(396,197) d(192) a(210,350) r(227,289) a(212,175) a(349,361) d(397) r(352,136) a(214,446)
37; 30; r(443,385) r(152,156) a(437,467) r(438,294) r(237,227) a(334,258) a(424,197) d(442) r(200,434)
38; 31, 23; r(272,239) d(117) a(432,349) a(156,139) r(158,182) r(416,444) a(14,341) r(246,337) r(121,28) a(1,14) r(356,210)
39; 31, 23; d(297) a(153,145) a(13,26) a(432,154) r(394,162) r(359,253) d(473)
40; 31; r(272,239) d(117) a(432,349) a(156,139) r(158,182) r(416,444) a(14,341) r(246,337) r(121,28)
41; 23; d(297) a(153,145) a(13,26) a(432,154) r(394,162) r(359,253) d(473) a(1,14) r(356,210)
42; 18, 7; r(205,152) a(24,471) d(437) d(117) a(432,349) r(338,9) d(397) a(431,415) d(303)
43; 18, 7; d(111) d(437) d(192) a(210,350) r(227,289) a(212,175) a(349,361) r(115,289) r(180,330) d(339) r(185,439) a(246,349) d(289)
44; 18; r(205,152) a(24,471) d(437) d(117) a(432,349) r(338,9) r(115,289) r(180,330) d(339) r(185,439) a(246,349) d(289)
45; 7; d(111) d(437) d(192) a(210,350) r(227,289) a(212,175) a(349,361) d(397) a(431,415) d(303)
46; 2; d(297) a(153,145) r(149,471) d(355) d(438)
47; 21; r(443,385) r(338,9) r(115,289) r(180,330) d(339) r(185,439) a(246,349) d(409)
48; 30, 47; r(443,385) a(130,116) a(367,427)
49; 30, 47; d(297) a(153,145) a(13,26) a(432,154) r(394,162) a(355,384) d(240) r(152,156) a(437,467) r(438,294) r(237,227) a(334,258) a(424,197) d(442) r(200,434)
50; 30; r(443,385) r(152,156) a(437,467) r(438,294) r(237,227) a(334,258) a(424,197) d(442) r(200,434)
51; 47; d(297) a(153,145) a(13,26) a(432,154) r(394,162) a(355,384) d(240) a(130,116) a(367,427)
52; 16; d(297) a(153,145) r(152,156) a(437,467) r(438,294) r(237,227) a(334,258) a(424,197) d(437) a(161,2)
53; 1; r(272,239) a(252,350) d(129) a(436,367) d(165) a(289,355)
54; 14; d(297) a(153,145) r(152,156) a(437,467) r(438,294) r(237,227) a(334,258) a(424,197) d(437) a(332,239) a(213,272) r(404,417) d(23) r(180,146)
55; 39; r(272,239) d(117) a(334,258) a(424,197) d(21) a(391,358) r(368,400) r(228,178) a(297,441) r(198,182) d(188) r(15,53) d(360)
56; 13; r(205,152) d(148) a(434,185) r(417,384) r(374,367) r(358,230) d(381)
57; 28; d(470) a(391,358) r(368,400) r(152,156) a(437,467) d(207) r(110,294) r(182,341) r(158,182) d(213) d(205) a(250,171) d(214)
--------------------------------------------------------------------------------
Mutation

0; a(197,184) r(396,197) d(117) a(432,349) d(192) a(210,350) a(153,145) a(13,26) a(432,154) r(394,162) d(207) r(332,221) r(145,349) a(437,467) d(207) r(110,294) r(182,341) r(158,182) d(213) d(205) a(258,331) r(235,467) d(473)
1; d(470) r(152,156) a(212,425) r(198,175)
2; a(197,184) r(396,197) d(117) a(432,349) d(192) a(210,350) a(153,145) a(13,26) a(432,154) r(394,162) d(207) r(332,221) r(145,349) a(212,425) d(355)
3; d(470) r(152,156) a(437,467) d(207) r(110,294) r(182,341) r(158,182) d(213) d(205) a(258,331) r(235,467) d(219)
4; a(197,184) r(396,197) d(117) a(432,349) d(192) a(210,350) r(227,289) a(212,175) r(166,374) r(393,369)
5; d(470) a(391,358) r(368,400) r(228,178) a(297,441) r(198,182) d(188) r(15,53) a(349,361) r(293,286) r(214,449) a(359,447) d(391)
6; a(197,184) r(396,197) d(117) a(432,349) d(192) a(210,350) r(227,289) a(212,175) a(349,361) r(293,286) r(214,449) a(359,447) r(472,461)
7; d(470) a(391,358) r(368,400) r(228,178) a(297,441) r(198,182) d(188) r(15,53) r(166,374) r(213,188)
8; d(470) r(438,294) r(237,227) d(401) a(278,444) a(174,113) r(136,214) a(188,175) d(240) a(130,116) d(332) a(149,381)
9; r(205,152) a(24,471) d(437) d(192) a(210,350) r(227,289) a(212,175) a(349,361) d(397) d(134) d(138) d(232)
10; d(410) d(452) d(213) a(228,390) r(174,449) a(213,467) a(362,22) a(332,239) a(213,272) r(404,417) r(212,168) a(214,151) r(435,233) d(212) d(214) a(153,193) r(238,277)
11; d(410) d(452) d(213) a(228,390) a(417,396) a(113,133) d(230)
12; d(410) d(452) d(213) a(228,390) r(174,449) a(213,467) a(362,22) a(332,239) a(213,272) r(404,417) r(212,168) a(113,133) d(180)
13; d(410) d(452) d(213) a(228,390) a(417,396) a(214,151) r(435,233) d(212) d(214) a(153,193) r(413,462)
14; r(205,152) a(24,471) d(437) d(117) a(432,349) r(338,9) r(115,289) r(180,330) d(339) r(185,439) a(246,349) d(289) a(439,185)
15; r(272,239) d(117) a(145,475) r(158,182) d(213) a(392,341) r(212,415) a(176,441) a(424,370)
16; d(470) r(438,294) r(237,227) d(401) a(278,444) a(174,113) r(136,214) a(188,175) d(240) a(130,116) d(332) d(427)
17; d(470) a(391,358) r(368,400) r(152,156) a(437,467) d(207) r(110,294) r(182,341) r(158,182) d(213) d(205) a(250,171) d(214) d(161)
18; a(197,184) r(396,197) d(117) a(432,349) d(192) a(210,350) r(182,341) r(158,182) d(213) d(205) r(405,392) r(240,113) d(473)
19; d(470) a(391,358) r(368,400) r(152,156) a(437,467) d(207) r(110,294) r(227,289) a(212,175) a(349,361) r(293,286) r(214,449) a(359,447) r(256,136)
20; a(197,184) r(396,197) d(117) a(432,349) d(192) a(210,350) r(227,289) a(212,175) a(349,361) r(293,286) r(214,449) a(359,447) a(120,273)
21; d(470) a(391,358) r(368,400) r(152,156) a(437,467) d(207) r(110,294) r(182,341) r(158,182) d(213) d(205) r(405,392) r(240,113) r(469,136)
22; r(272,239) d(117) a(145,475) r(158,182) d(213) a(392,341) r(212,415) a(176,441) d(411)
23; d(470) a(204,21) d(210)
24; a(197,184) r(396,197) d(117) a(432,349) d(192) a(210,350) d(212) d(214) a(153,193) r(226,224)
25; d(410) d(452) d(213) a(228,390) a(417,396) a(214,151) r(435,233) r(227,289) a(212,175) a(349,361) r(293,286) r(214,449) a(359,447) r(418,9)
26; a(197,184) r(396,197) d(117) a(432,349) d(192) a(210,350) r(227,289) a(212,175) a(349,361) r(293,286) r(214,449) a(359,447) a(457,458)
27; d(410) d(452) d(213) a(228,390) a(417,396) a(214,151) r(435,233) d(212) d(214) a(153,193) d(361)
28; r(272,239) d(117) a(145,475) r(158,182) d(213) a(392,341) r(212,415) a(176,441) r(232,471)
29; a(197,184) r(396,197) d(117) a(432,349) d(192) a(210,350) r(227,289) a(220,303) a(13,26) a(432,154) r(394,162) r(359,253) d(473) r(441,406) d(228) a(360,22)
30; r(443,385) r(338,9) r(115,289) r(180,330) d(339) r(185,439) a(246,349) d(409) a(225,358)
31; d(410) d(452) d(213) a(228,390) r(174,449) a(213,467) a(362,22) a(332,239) a(213,272) r(404,417) r(212,168) a(113,133) a(156,171)
32; r(205,152) a(210,350) r(227,289) a(220,303) a(13,26) a(432,154) r(394,162) r(359,253) d(473) r(441,406) d(228) a(241,413)
33; a(197,184) r(396,197) d(117) a(432,349) d(192) a(417,396) a(214,151) r(435,233) d(212) d(214) r(297,353) a(423,289)
34; r(205,152) a(417,396) a(214,151) r(435,233) d(212) d(214) r(297,353) d(3)
35; a(197,184) r(396,197) d(117) a(432,349) d(192) a(210,350) r(227,289) a(220,303) a(13,26) a(432,154) r(394,162) r(359,253) d(473) r(441,406) d(228) d(303)
36; a(197,184) r(396,197) d(192) a(210,350) r(227,289) a(212,175) a(349,361) d(397) r(352,136) a(214,446) r(208,29)
37; r(443,385) r(152,156) a(437,467) r(438,294) r(237,227) a(334,258) a(424,197) d(442) r(200,434) r(374,1)
38; r(272,239) d(117) a(432,349) a(156,139) r(158,182) r(416,444) a(14,341) r(246,337) r(121,28) a(1,14) r(356,210) a(284,332)
39; d(297) a(153,145) a(13,26) a(432,154) r(394,162) r(359,253) d(473) a(213,420)
40; r(272,239) d(117) a(432,349) a(156,139) r(158,182) r(416,444) a(14,341) r(246,337) r(121,28) d(275)
41; d(297) a(153,145) a(13,26) a(432,154) r(394,162) r(359,253) d(473) a(1,14) r(356,210) r(210,45)
42; r(205,152) a(24,471) d(437) d(117) a(432,349) r(338,9) d(397) a(431,415) d(303) r(443,202)
43; d(111) d(437) d(192) a(210,350) r(227,289) a(212,175) a(349,361) r(115,289) r(180,330) d(339) r(185,439) a(246,349) d(289) d(153)
44; r(205,152) a(24,471) d(437) d(117) a(432,349) r(338,9) r(115,289) r(180,330) d(339) r(185,439) a(246,349) d(289) d(244)
45; d(111) d(437) d(192) a(210,350) r(227,289) a(212,175) a(349,361) d(397) a(431,415) d(303) a(337,347)
46; d(297) a(153,145) r(149,471) d(355) d(438) r(210,195)
47; r(443,385) r(338,9) r(115,289) r(180,330) d(339) r(185,439) a(246,349) d(409) d(249)
48; r(443,385) a(130,116) a(367,427) a(210,147)
49; d(297) a(153,145) a(13,26) a(432,154) r(394,162) a(355,384) d(240) r(152,156) a(437,467) r(438,294) r(237,227) a(334,258) a(424,197) d(442) r(200,434) a(353,243)
50; r(443,385) r(152,156) a(437,467) r(438,294) r(237,227) a(334,258) a(424,197) d(442) r(200,434) d(164)
51; d(297) a(153,145) a(13,26) a(432,154) r(394,162) a(355,384) d(240) a(130,116) a(367,427) d(422)
52; d(297) a(153,145) r(152,156) a(437,467) r(438,294) r(237,227) a(334,258) a(424,197) d(437) a(161,2) d(223)
53; r(272,239) a(252,350) d(129) a(436,367) d(165) a(289,355) a(182,41)
54; d(297) a(153,145) r(152,156) a(437,467) r(438,294) r(237,227) a(334,258) a(424,197) d(437) a(332,239) a(213,272) r(404,417) d(23) r(180,146) a(112,110)
55; r(272,239) d(117) a(334,258) a(424,197) d(21) a(391,358) r(368,400) r(228,178) a(297,441) r(198,182) d(188) r(15,53) d(360) r(353,351)
56; r(205,152) d(148) a(434,185) r(417,384) r(374,367) r(358,230) d(381) r(301,197)
57; d(470) a(391,358) r(368,400) r(152,156) a(437,467) d(207) r(110,294) r(182,341) r(158,182) d(213) d(205) a(250,171) d(214) r(361,246)
--------------------------------------------------------------------------------
Evaluation

0; 0.
1; 0.
2; 0.
3; 0.
4; 0.
5; 0.
6; 0.
7; 0.
8; 0.
9; 0.
10; 0.
11; 0.
12; 0.
13; 0.
14; 0.
15; 0.
16; 0.
17; 0.
18; 0.
19; 0.
20; 0.
21; 0.
22; 0.
23; 0.
24; 0.
25; 0.
26; 0.
27; 0.
28; 0.
29; 0.
30; 0.
31; 0.
32; 0.
33; 0.
34; 0.
35; 0.
36; 0.
37; 0.
38; 0.
39; 0.
40; 0.
41; 0.
42; 0.
43; 0.
44; 0.
45; 0.
46; 0.
47; 0.
48; 0.
49; 0.
50; 0.
51; 0.
52; 0.
53; 0.
54; 0.
55; 0.
56; 0.
57; 0.
================================================================================
Generation 10

--------------------------------------------------------------------------------
Selection

0; 35
1; 22
2; 17
3; 21
4; 47
5; 31
6; 53
7; 22
8; 16
9; 15
10; 9
11; 23
12; 23
13; 9
14; 55
15; 20
16; 32
17; 40
18; 6
19; 46
20; 49
21; 35
22; 12
23; 0
24; 16
25; 15
26; 28
27; 38
28; 57
29; 36
30; 2
31; 47
32; 55
33; 46
34; 25
35; 19
36; 10
37; 13
38; 24
39; 26
--------------------------------------------------------------------------------
Crossover

0; 53; r(272,239) a(252,350) d(129) a(436,367) d(165) a(289,355) a(182,41)
1; 23; d(470) a(204,21) d(210)
2; 16; d(470) r(438,294) r(237,227) d(401) a(278,444) a(174,113) r(136,214) a(188,175) d(240) a(130,116) d(332) d(427)
3; 16; d(470) r(438,294) r(237,227) d(401) a(278,444) a(174,113) r(136,214) a(188,175) d(240) a(130,116) d(332) d(427)
4; 19; d(470) a(391,358) r(368,400) r(152,156) a(437,467) d(207) r(110,294) r(227,289) a(212,175) a(349,361) r(293,286) r(214,449) a(359,447) r(256,136)
5; 22; r(272,239) d(117) a(145,475) r(158,182) d(213) a(392,341) r(212,415) a(176,441) d(411)
6; 36; a(197,184) r(396,197) d(192) a(210,350) r(227,289) a(212,175) a(349,361) d(397) r(352,136) a(214,446) r(208,29)
7; 25; d(410) d(452) d(213) a(228,390) a(417,396) a(214,151) r(435,233) r(227,289) a(212,175) a(349,361) r(293,286) r(214,449) a(359,447) r(418,9)
8; 9, 55; r(205,152) a(24,471) d(437) d(192) a(210,350) r(227,289) a(212,175) r(15,53) d(360) r(353,351)
9; 9, 55; r(272,239) d(117) a(334,258) a(424,197) d(21) a(391,358) r(368,400) r(228,178) a(297,441) r(198,182) d(188) a(349,361) d(397) d(134) d(138) d(232)
10; 9; r(205,152) a(24,471) d(437) d(192) a(210,350) r(227,289) a(212,175) a(349,361) d(397) d(134) d(138) d(232)
11; 55; r(272,239) d(117) a(334,258) a(424,197) d(21) a(391,358) r(368,400) r(228,178) a(297,441) r(198,182) d(188) r(15,53) d(360) r(353,351)
12; 55, 17; r(272,239) d(117) a(334,258) a(424,197) d(21) a(391,358) r(368,400) r(228,178) a(297,441)
13; 55, 17; d(470) a(391,358) r(368,400) r(152,156) a(437,467) d(207) r(110,294) r(182,341) r(158,182) d(213) d(205) a(250,171) d(214) d(161) r(198,182) d(188) r(15,53) d(360) r(353,351)
14; 55; r(272,239) d(117) a(334,258) a(424,197) d(21) a(391,358) r(368,400) r(228,178) a(297,441) r(198,182) d(188) r(15,53) d(360) r(353,351)
15; 17; d(470) a(391,358) r(368,400) r(152,156) a(437,467) d(207) r(110,294) r(182,341) r(158,182) d(213) d(205) a(250,171) d(214) d(161)
16; 22, 35; r(272,239) d(117) a(145,475) r(359,253) d(473) r(441,406) d(228) d(303)
17; 22, 35; a(197,184) r(396,197) d(117) a(432,349) d(192) a(210,350) r(227,289) a(220,303) a(13,26) a(432,154) r(394,162) r(158,182) d(213) a(392,341) r(212,415) a(176,441) d(411)
18; 22; r(272,239) d(117) a(145,475) r(158,182) d(213) a(392,341) r(212,415) a(176,441) d(411)
19; 35; a(197,184) r(396,197) d(117) a(432,349) d(192) a(210,350) r(227,289) a(220,303) a(13,26) a(432,154) r(394,162) r(359,253) d(473) r(441,406) d(228) d(303)
20; 26; a(197,184) r(396,197) d(117) a(432,349) d(192) a(210,350) r(227,289) a(212,175) a(349,361) r(293,286) r(214,449) a(359,447) a(457,458)
21; 6; a(197,184) r(396,197) d(117) a(432,349) d(192) a(210,350) r(227,289) a(212,175) a(349,361) r(293,286) r(214,449) a(359,447) r(472,461)
22; 32, 46; r(205,152) a(210,350) r(227,289) d(438) r(210,195)
23; 32, 46; d(297) a(153,145) r(149,471) d(355) a(220,303) a(13,26) a(432,154) r(394,162) r(359,253) d(473) r(441,406) d(228) a(241,413)
24; 32; r(205,152) a(210,350) r(227,289) a(220,303) a(13,26) a(432,154) r(394,162) r(359,253) d(473) r(441,406) d(228) a(241,413)
25; 46; d(297) a(153,145) r(149,471) d(355) d(438) r(210,195)
26; 2; a(197,184) r(396,197) d(117) a(432,349) d(192) a(210,350) a(153,145) a(13,26) a(432,154) r(394,162) d(207) r(332,221) r(145,349) a(212,425) d(355)
27; 9; r(205,152) a(24,471) d(437) d(192) a(210,350) r(227,289) a(212,175) a(349,361) d(397) d(134) d(138) d(232)
28; 0, 35; a(197,184) r(396,197) d(117) r(396,197) d(117) a(432,349) d(192) a(210,350) r(227,289) a(220,303) a(13,26) a(432,154) r(394,162) r(359,253) d(473) r(441,406) d(228) d(303)
29; 0, 35; a(197,184) a(432,349) d(192) a(210,350) a(153,145) a(13,26) a(432,154) r(394,162) d(207) r(332,221) r(145,349) a(437,467) d(207) r(110,294) r(182,341) r(158,182) d(213) d(205) a(258,331) r(235,467) d(473)
30; 0; a(197,184) r(396,197) d(117) a(432,349) d(192) a(210,350) a(153,145) a(13,26) a(432,154) r(394,162) d(207) r(332,221) r(145,349) a(437,467) d(207) r(110,294) r(182,341) r(158,182) d(213) d(205) a(258,331) r(235,467) d(473)
31; 35; a(197,184) r(396,197) d(117) a(432,349) d(192) a(210,350) r(227,289) a(220,303) a(13,26) a(432,154) r(394,162) r(359,253) d(473) r(441,406) d(228) d(303)
32; 15; r(272,239) d(117) a(145,475) r(158,182) d(213) a(392,341) r(212,415) a(176,441) a(424,370)
33; 15; r(272,239) d(117) a(145,475) r(158,182) d(213) a(392,341) r(212,415) a(176,441) a(424,370)
34; 31; d(410) d(452) d(213) a(228,390) r(174,449) a(213,467) a(362,22) a(332,239) a(213,272) r(404,417) r(212,168) a(113,133) a(156,171)
35; 49; d(297) a(153,145) a(13,26) a(432,154) r(394,162) a(355,384) d(240) r(152,156) a(437,467) r(438,294) r(237,227) a(334,258) a(424,197) d(442) r(200,434) a(353,243)
36; 47; r(443,385) r(338,9) r(115,289) r(180,330) d(339) r(185,439) a(246,349) d(409) d(249)
37; 13; d(410) d(452) d(213) a(228,390) a(417,396) a(214,151) r(435,233) d(212) d(214) a(153,193) r(413,462)
38; 57; d(470) a(391,358) r(368,400) r(152,156) a(437,467) d(207) r(110,294) r(182,341) r(158,182) d(213) d(205) a(250,171) d(214) r(361,246)
39; 40; r(272,239) d(117) a(432,349) a(156,139) r(158,182) r(416,444) a(14,341) r(246,337) r(121,28) d(275)
40; 24, 20; a(197,184) a(212,175) a(349,361) r(293,286) r(214,449) a(359,447) a(120,273)
41; 24, 20; a(197,184) r(396,197) d(117) a(432,349) d(192) a(210,350) r(227,289) r(396,197) d(117) a(432,349) d(192) a(210,350) d(212) d(214) a(153,193) r(226,224)
42; 24; a(197,184) r(396,197) d(117) a(432,349) d(192) a(210,350) d(212) d(214) a(153,193) r(226,224)
43; 20; a(197,184) r(396,197) d(117) a(432,349) d(192) a(210,350) r(227,289) a(212,175) a(349,361) r(293,286) r(214,449) a(359,447) a(120,273)
44; 12, 21; d(410) d(452) d(213) a(228,390) r(174,449) a(213,467) a(362,22) a(332,239) r(152,156) a(437,467) d(207) r(110,294) r(182,341) r(158,182) d(213) d(205) r(405,392) r(240,113) r(469,136)
45; 12, 21; d(470) a(391,358) r(368,400) a(213,272) r(404,417) r(212,168) a(113,133) d(180)
46; 12; d(410) d(452) d(213) a(228,390) r(174,449) a(213,467) a(362,22) a(332,239) a(213,272) r(404,417) r(212,168) a(113,133) d(180)
47; 21; d(470) a(391,358) r(368,400) r(152,156) a(437,467) d(207) r(110,294) r(182,341) r(158,182) d(213) d(205) r(405,392) r(240,113) r(469,136)
48; 38; r(272,239) d(117) a(432,349) a(156,139) r(158,182) r(416,444) a(14,341) r(246,337) r(121,28) a(1,14) r(356,210) a(284,332)
49; 23; d(470) a(204,21) d(210)
50; 28, 10; r(272,239) d(117) a(145,475) r(158,182) d(213) a(213,467) a(362,22) a(332,239) a(213,272) r(404,417) r(212,168) a(214,151) r(435,233) d(212) d(214) a(153,193) r(238,277)
51; 28, 10; d(410) d(452) d(213) a(228,390) r(174,449) a(392,341) r(212,415) a(176,441) r(232,471)
52; 28; r(272,239) d(117) a(145,475) r(158,182) d(213) a(392,341) r(212,415) a(176,441) r(232,471)
53; 10; d(410) d(452) d(213) a(228,390) r(174,449) a(213,467) a(362,22) a(332,239) a(213,272) r(404,417) r(212,168) a(214,151) r(435,233) d(212) d(214) a(153,193) r(238,277)
54; 47, 46; r(443,385) r(338,9) r(115,289) r(180,330) d(339) r(185,439) d(438) r(210,195)
55; 47, 46; d(297) a(153,145) r(149,471) d(355) a(246,349) d(409) d(249)
56; 47; r(443,385) r(338,9) r(115,289) r(180,330) d(339) r(185,439) a(246,349) d(409) d(249)
57; 46; d(297) a(153,145) r(149,471) d(355) d(438) r(210,195)
--------------------------------------------------------------------------------
Mutation

0; r(272,239) a(252,350) d(129) a(436,367) d(165) a(289,355) a(182,41) r(411,185)
1; d(470) a(204,21) d(210) r(244,441)
2; d(470) r(438,294) r(237,227) d(401) a(278,444) a(174,113) r(136,214) a(188,175) d(240) a(130,116) d(332) d(427) r(15,445)
3; d(470) r(438,294) r(237,227) d(401) a(278,444) a(174,113) r(136,214) a(188,175) d(240) a(130,116) d(332) d(427) d(323)
4; d(470) a(391,358) r(368,400) r(152,156) a(437,467) d(207) r(110,294) r(227,289) a(212,175) a(349,361) r(293,286) r(214,449) a(359,447) r(256,136) d(359)
5; r(272,239) d(117) a(145,475) r(158,182) d(213) a(392,341) r(212,415) a(176,441) d(411) r(24,286)
6; a(197,184) r(396,197) d(192) a(210,350) r(227,289) a(212,175) a(349,361) d(397) r(352,136) a(214,446) r(208,29) r(250,445)
7; d(410) d(452) d(213) a(228,390) a(417,396) a(214,151) r(435,233) r(227,289) a(212,175) a(349,361) r(293,286) r(214,449) a(359,447) r(418,9) r(177,475)
8; r(205,152) a(24,471) d(437) d(192) a(210,350) r(227,289) a(212,175) r(15,53) d(360) r(353,351) d(444)
9; r(272,239) d(117) a(334,258) a(424,197) d(21) a(391,358) r(368,400) r(228,178) a(297,441) r(198,182) d(188) a(349,361) d(397) d(134) d(138) d(232) r(245,360)
10; r(205,152) a(24,471) d(437) d(192) a(210,350) r(227,289) a(212,175) a(349,361) d(397) d(134) d(138) d(232) d(324)
11; r(272,239) d(117) a(334,258) a(424,197) d(21) a(391,358) r(368,400) r(228,178) a(297,441) r(198,182) d(188) r(15,53) d(360) r(353,351) r(443,385)
12; r(272,239) d(117) a(334,258) a(424,197) d(21) a(391,358) r(368,400) r(228,178) a(297,441) r(201,393)
13; d(470) a(391,358) r(368,400) r(152,156) a(437,467) d(207) r(110,294) r(182,341) r(158,182) d(213) d(205) a(250,171) d(214) d(161) r(198,182) d(188) r(15,53) d(360) r(353,351) d(185)
14; r(272,239) d(117) a(334,258) a(424,197) d(21) a(391,358) r(368,400) r(228,178) a(297,441) r(198,182) d(188) r(15,53) d(360) r(353,351) d(150)
15; d(470) a(391,358) r(368,400) r(152,156) a(437,467) d(207) r(110,294) r(182,341) r(158,182) d(213) d(205) a(250,171) d(214) d(161) a(369,281)
16; r(272,239) d(117) a(145,475) r(359,253) d(473) r(441,406) d(228) d(303) a(388,21)
17; a(197,184) r(396,197) d(117) a(432,349) d(192) a(210,350) r(227,289) a(220,303) a(13,26) a(432,154) r(394,162) r(158,182) d(213) a(392,341) r(212,415) a(176,441) d(411) a(371,387)
18; r(272,239) d(117) a(145,475) r(158,182) d(213) a(392,341) r(212,415) a(176,441) d(411) a(226,400)
19; a(197,184) r(396,197) d(117) a(432,349) d(192) a(210,350) r(227,289) a(220,303) a(13,26) a(432,154) r(394,162) r(359,253) d(473) r(441,406) d(228) d(303) d(166)
20; a(197,184) r(396,197) d(117) a(432,349) d(192) a(210,350) r(227,289) a(212,175) a(349,361) r(293,286) r(214,449) a(359,447) a(457,458) a(254,247)
21; a(197,184) r(396,197) d(117) a(432,349) d(192) a(210,350) r(227,289) a(212,175) a(349,361) r(293,286) r(214,449) a(359,447) r(472,461) r(290,415)
22; r(205,152) a(210,350) r(227,289) d(438) r(210,195) a(164,448)
23; d(297) a(153,145) r(149,471) d(355) a(220,303) a(13,26) a(432,154) r(394,162) r(359,253) d(473) r(441,406) d(228) a(241,413) d(326)
24; r(205,152) a(210,350) r(227,289) a(220,303) a(13,26) a(432,154) r(394,162) r(359,253) d(473) r(441,406) d(228) a(241,413) r(416,462)
25; d(297) a(153,145) r(149,471) d(355) d(438) r(210,195) a(206,281)
26; a(197,184) r(396,197) d(117) a(432,349) d(192) a(210,350) a(153,145) a(13,26) a(432,154) r(394,162) d(207) r(332,221) r(145,349) a(212,425) d(355) r(214,204)
27; r(205,152) a(24,471) d(437) d(192) a(210,350) r(227,289) a(212,175) a(349,361) d(397) d(134) d(138) d(232) a(334,278)
28; a(197,184) r(396,197) d(117) r(396,197) d(117) a(432,349) d(192) a(210,350) r(227,289) a(220,303) a(13,26) a(432,154) r(394,162) r(359,253) d(473) r(441,406) d(228) d(303) a(214,171)
29; a(197,184) a(432,349) d(192) a(210,350) a(153,145) a(13,26) a(432,154) r(394,162) d(207) r(332,221) r(145,349) a(437,467) d(207) r(110,294) r(182,341) r(158,182) d(213) d(205) a(258,331) r(235,467) d(473) r(434,381)
30; a(197,184) r(396,197) d(117) a(432,349) d(192) a(210,350) a(153,145) a(13,26) a(432,154) r(394,162) d(207) r(332,221) r(145,349) a(437,467) d(207) r(110,294) r(182,341) r(158,182) d(213) d(205) a(258,331) r(235,467) d(473) d(177)
31; a(197,184) r(396,197) d(117) a(432,349) d(192) a(210,350) r(227,289) a(220,303) a(13,26) a(432,154) r(394,162) r(359,253) d(473) r(441,406) d(228) d(303) a(129,406)
32; r(272,239) d(117) a(145,475) r(158,182) d(213) a(392,341) r(212,415) a(176,441) a(424,370) r(148,28)
33; r(272,239) d(117) a(145,475) r(158,182) d(213) a(392,341) r(212,415) a(176,441) a(424,370) a(371,172)
34; d(410) d(452) d(213) a(228,390) r(174,449) a(213,467) a(362,22) a(332,239) a(213,272) r(404,417) r(212,168) a(113,133) a(156,171) r(214,204)
35; d(297) a(153,145) a(13,26) a(432,154) r(394,162) a(355,384) d(240) r(152,156) a(437,467) r(438,294) r(237,227) a(334,258) a(424,197) d(442) r(200,434) a(353,243) r(145,45)
36; r(443,385) r(338,9) r(115,289) r(180,330) d(339) r(185,439) a(246,349) d(409) d(249) d(176)
37; d(410) d(452) d(213) a(228,390) a(417,396) a(214,151) r(435,233) d(212) d(214) a(153,193) r(413,462) a(335,353)
38; d(470) a(391,358) r(368,400) r(152,156) a(437,467) d(207) r(110,294) r(182,341) r(158,182) d(213) d(205) a(250,171) d(214) r(361,246) a(195,449)
39; r(272,239) d(117) a(432,349) a(156,139) r(158,182) r(416,444) a(14,341) r(246,337) r(121,28) d(275) a(453,357)
40; a(197,184) a(212,175) a(349,361) r(293,286) r(214,449) a(359,447) a(120,273) r(452,350)
41; a(197,184) r(396,197) d(117) a(432,349) d(192) a(210,350) r(227,289) r(396,197) d(117) a(432,349) d(192) a(210,350) d(212) d(214) a(153,193) r(226,224) d(471)
42; a(197,184) r(396,197) d(117) a(432,349) d(192) a(210,350) d(212) d(214) a(153,193) r(226,224) a(197,471)
43; a(197,184) r(396,197) d(117) a(432,349) d(192) a(210,350) r(227,289) a(212,175) a(349,361) r(293,286) r(214,449) a(359,447) a(120,273) a(202,274)
44; d(410) d(452) d(213) a(228,390) r(174,449) a(213,467) a(362,22) a(332,239) r(152,156) a(437,467) d(207) r(110,294) r(182,341) r(158,182) d(213) d(205) r(405,392) r(240,113) r(469,136) a(167,45)
45; d(470) a(391,358) r(368,400) a(213,272) r(404,417) r(212,168) a(113,133) d(180) a(185,449)
46; d(410) d(452) d(213) a(228,390) r(174,449) a(213,467) a(362,22) a(332,239) a(213,272) r(404,417) r(212,168) a(113,133) d(180) a(162,213)
47; d(470) a(391,358) r(368,400) r(152,156) a(437,467) d(207) r(110,294) r(182,341) r(158,182) d(213) d(205) r(405,392) r(240,113) r(469,136) r(411,323)
48; r(272,239) d(117) a(432,349) a(156,139) r(158,182) r(416,444) a(14,341) r(246,337) r(121,28) a(1,14) r(356,210) a(284,332) r(24,272)
49; d(470) a(204,21) d(210) a(122,384)
50; r(272,239) d(117) a(145,475) r(158,182) d(213) a(213,467) a(362,22) a(332,239) a(213,272) r(404,417) r(212,168) a(214,151) r(435,233) d(212) d(214) a(153,193) r(238,277) a(250,238)
51; d(410) d(452) d(213) a(228,390) r(174,449) a(392,341) r(212,415) a(176,441) r(232,471) a(145,330)
52; r(272,239) d(117) a(145,475) r(158,182) d(213) a(392,341) r(212,415) a(176,441) r(232,471) d(255)
53; d(410) d(452) d(213) a(228,390) r(174,449) a(213,467) a(362,22) a(332,239) a(213,272) r(404,417) r(212,168) a(214,151) r(435,233) d(212) d(214) a(153,193) r(238,277) a(9,29)
54; r(443,385) r(338,9) r(115,289) r(180,330) d(339) r(185,439) d(438) r(210,195) r(199,207)
55; d(297) a(153,145) r(149,471) d(355) a(246,349) d(409) d(249) r(214,213)
56; r(443,385) r(338,9) r(115,289) r(180,330) d(339) r(185,439) a(246,349) d(409) d(249) d(253)
57; d(297) a(153,145) r(149,471) d(355) d(438) r(210,195) a(338,326)
--------------------------------------------------------------------------------
Evaluation

0; 0.
1; 0.
2; 0.
3; 0.
4; 0.
5; 0.
6; 0.
7; 0.
8; 0.
9; 0.
10; 0.
11; 0.
12; 0.
13; 0.
14; 0.
15; 0.
16; 0.
17; 0.
18; 0.
19; 0.
20; 0.
21; 0.
22; 0.
23; 0.
24; 0.
25; 0.
26; 0.
27; 0.
28; 0.
29; 0.
30; 0.
31; 0.
32; 0.
33; 0.
34; 0.
35; 0.
36; 0.
37; 0.
38; 0.
39; 0.
40; 0.
41; 0.
42; 0.
43; 0.
44; 0.
45; 0.
46; 0.
47; 0.
48; 0.
49; 0.
50; 0.
51; 0.
52; 0.
53; 0.
54; 0.
55; 0.
56; 0.
57; 0.
