================================================================================
Enclosure

1: 0
2: 0
3: 0
4: 3
5: 4
6: 4
7: 4
8: 4
9: 3
10: 0
11: 0
12: 11
13: 11
14: 0
15: 0
16: 15
17: 15
18: 15
19: 15
20: 0
21: 0
22: 0
23: 0
24: 0
25: 0
26: 0
28: 26
29: 0
31: 29
32: 0
33: 0
34: 0
35: 0
37: 35
38: 0
39: 0
40: 39
41: 40
43: 39
45: 43
46: 39
47: 0
48: 0
50: 48
52: 50
53: 0
54: 0
56: 0
58: 56
59: 0
60: 0
61: 0
62: 0
64: 0
65: 0
67: 0
68: 0
69: 0
70: 0
71: 0
72: 71
73: 72
75: 71
76: 71
77: 71
78: 0
79: 78
80: 78
81: 78
82: 78
83: 82
84: 83
86: 82
87: 82
88: 82
89: 78
90: 0
91: 0
92: 0
93: 92
94: 93
95: 93
96: 92
97: 96
98: 96
99: 96
100: 92
101: 100
102: 100
103: 92
104: 92
105: 0
106: 105
107: 105
108: 0
109: 0
110: 0
111: 0
112: 111
113: 112
115: 111
116: 111
117: 0
118: 0
119: 118
120: 118
121: 0
122: 0
123: 0
124: 0
126: 0
127: 126
128: 126
129: 126
130: 126
131: 126
132: 126
133: 126
134: 0
135: 134
136: 134
137: 0
138: 137
139: 137
141: 0
142: 0
143: 0
145: 0
146: 0
147: 0
148: 0
149: 148
150: 149
151: 149
152: 149
153: 152
154: 153
156: 152
157: 152
158: 149
159: 149
160: 149
161: 160
162: 161
164: 160
165: 160
166: 148
167: 166
168: 167
170: 167
171: 166
172: 148
173: 148
174: 0
175: 0
176: 175
177: 175
178: 177
180: 175
181: 175
182: 181
183: 181
184: 181
185: 184
187: 181
188: 181
189: 181
190: 189
192: 189
193: 175
194: 193
195: 193
197: 193
198: 175
199: 0
200: 0
201: 200
202: 201
204: 200
205: 0
206: 205
207: 205
208: 207
210: 207
211: 205
212: 0
213: 0
214: 0
215: 0
216: 0
217: 0
218: 217
219: 217
220: 217
221: 220
223: 217
224: 217
225: 217
226: 225
227: 225
228: 0
229: 0
230: 0
231: 0
232: 231
233: 232
235: 231
236: 231
237: 231
238: 231
239: 231
240: 231
241: 231
242: 231
243: 231
244: 231
245: 231
246: 231
247: 231
248: 231
249: 231
250: 231
251: 231
252: 231
253: 0
254: 0
255: 0
256: 0
257: 0
258: 257
259: 258
260: 258
261: 258
262: 258
263: 262
264: 263
266: 262
268: 266
269: 262
270: 262
271: 262
272: 258
273: 257
274: 257
275: 257
276: 257
277: 0
278: 277
279: 278
280: 279
281: 280
284: 278
286: 277
287: 0
289: 287
290: 0
291: 0
292: 291
293: 292
294: 293
297: 291
298: 291
299: 291
300: 291
301: 291
303: 301
304: 291
305: 304
306: 304
307: 304
308: 304
309: 304
311: 309
312: 304
313: 304
314: 304
315: 304
316: 315
317: 316
319: 315
320: 315
321: 304
323: 304
324: 0
325: 0
326: 0
327: 0
328: 0
330: 328
331: 0
332: 0
333: 0
334: 0
335: 0
337: 335
338: 0
339: 0
340: 339
341: 340
343: 339
344: 339
346: 344
347: 346
349: 347
350: 346
351: 339
352: 351
353: 352
355: 353
356: 352
357: 352
358: 351
359: 339
360: 0
361: 360
362: 360
364: 0
365: 0
367: 0
368: 0
369: 0
370: 369
371: 369
372: 371
373: 371
374: 373
376: 0
377: 376
378: 377
379: 377
380: 379
381: 379
382: 377
384: 377
385: 376
386: 0
387: 386
388: 386
390: 386
391: 0
392: 391
393: 391
394: 0
396: 394
397: 396
398: 396
399: 398
400: 398
401: 396
402: 396
403: 396
404: 403
405: 404
406: 405
409: 403
410: 403
411: 396
412: 411
413: 411
414: 396
415: 396
416: 0
417: 0
418: 0
419: 418
420: 418
421: 0
422: 421
423: 421
424: 421
425: 424
427: 421
428: 0
429: 428
430: 428
431: 0
432: 431
433: 431
434: 431
435: 0
436: 0
437: 0
438: 0
439: 438
440: 438
441: 438
442: 0
443: 0
444: 443
445: 444
446: 444
447: 444
448: 443
449: 443
450: 0
451: 0
452: 0
453: 0
454: 453
455: 454
457: 453
458: 453
459: 453
460: 0
461: 460
462: 460
463: 0
464: 0
465: 0
466: 465
467: 465
468: 0
469: 0
470: 469
471: 469
472: 0
473: 0
474: 473
475: 473
477: 0
478: 0
479: 0
================================================================================
Initialisation

0; d(235); 0.
1; r(325,299); 0.
2; a(352,221); 5.
3; r(402,162); 0.
4; d(410); 0.
5; d(20); 5.
6; d(210); 5.
7; r(417,355); 0.
8; a(290,351); 0.
9; d(120); 5.
10; r(227,390); 5.
11; a(330,328); 0.
12; d(253); 0.
13; r(231,210); 0.
14; d(120); 5.
15; d(210); 5.
16; d(450); 5.
17; d(214); 5.
18; a(459,281); 5.
19; a(134,127); 5.
20; a(201,330); 5.
21; d(210); 5.
22; a(304,171); 5.
23; d(15); 5.
24; r(330,291); 0.
25; a(198,197); 5.
26; a(439,171); 5.
27; r(131,121); 0.
28; d(213); 5.
29; a(422,441); 5.
30; d(468); 0.
31; d(210); 5.
32; r(397,120); 5.
33; d(344); 5.
34; d(1); 5.
35; a(121,434); 5.
36; a(159,445); 0.
37; d(214); 5.
38; r(214,174); 5.
39; original; 5.
================================================================================
Generation 1

--------------------------------------------------------------------------------
Selection

0; 13
1; 28
2; 11
3; 27
4; 13
5; 24
6; 16
7; 7
8; 37
9; 12
10; 22
11; 36
12; 11
13; 36
14; 27
15; 29
16; 37
17; 22
18; 21
19; 12
20; 10
21; 5
22; 36
23; 39
24; 8
25; 32
26; 21
27; 20
28; 1
29; 34
30; 3
31; 5
32; 22
33; 0
34; 1
35; 36
36; 36
37; 15
38; 3
39; 17
--------------------------------------------------------------------------------
Crossover

0; 36, 32; a(159,445)
1; 36, 32; r(397,120)
2; 36; a(159,445)
3; 32; r(397,120)
4; 11, 36; a(330,328)
5; 11, 36; a(159,445)
6; 11; a(330,328)
7; 36; a(159,445)
8; 12, 5; d(253)
9; 12, 5; d(20)
10; 12; d(253)
11; 5; d(20)
12; 13; r(231,210)
13; 22; a(304,171)
14; 21; d(210)
15; 8; a(290,351)
16; 39, 36; original
17; 39, 36; a(159,445)
18; 39; original
19; 36; a(159,445)
20; 29, 22; a(422,441)
21; 29, 22; a(304,171)
22; 29; a(422,441)
23; 22; a(304,171)
24; 27, 1; r(131,121)
25; 27, 1; r(325,299)
26; 27; r(131,121)
27; 1; r(325,299)
28; 1, 10; r(325,299)
29; 1, 10; r(227,390)
30; 1; r(325,299)
31; 10; r(227,390)
32; 28; d(213)
33; 11; a(330,328)
34; 21, 20; d(210)
35; 21, 20; a(201,330)
36; 21; d(210)
37; 20; a(201,330)
38; 12, 16; d(253)
39; 12, 16; d(450)
40; 12; d(253)
41; 16; d(450)
42; 0, 17; d(235)
43; 0, 17; d(214)
44; 0; d(235)
45; 17; d(214)
46; 27, 15; r(131,121)
47; 27, 15; d(210)
48; 27; r(131,121)
49; 15; d(210)
50; 3; r(402,162)
51; 37; d(214)
52; 36, 3; a(159,445)
53; 36, 3; r(402,162)
54; 36; a(159,445)
55; 3; r(402,162)
56; 37, 34; d(214)
57; 37, 34; d(1)
58; 37; d(214)
59; 34; d(1)
60; 5; d(20)
61; 7; r(417,355)
62; 22; a(304,171)
63; 13; r(231,210)
64; 36; a(159,445)
65; 24; r(330,291)
--------------------------------------------------------------------------------
Mutation

0; a(159,445) d(182)
1; r(397,120) d(213)
2; a(159,445) a(455,434)
3; r(397,120) r(210,205)
4; a(330,328) r(154,446)
5; a(159,445) r(145,22)
6; a(330,328) d(213)
7; a(159,445) a(228,400)
8; d(253) r(200,136)
9; d(20) r(410,421)
10; d(253) d(362)
11; d(20) d(281)
12; r(231,210) d(225)
13; a(304,171) a(246,356)
14; d(210) a(207,275)
15; a(290,351) d(217)
16; d(405)
17; a(159,445) d(334)
18; r(397,274)
19; a(159,445) d(330)
20; a(422,441) r(161,199)
21; a(304,171) a(435,369)
22; a(422,441) d(431)
23; a(304,171) d(202)
24; r(131,121) r(400,382)
25; r(325,299) r(448,154)
26; r(131,121) d(226)
27; r(325,299) d(116)
28; r(325,299) r(246,343)
29; r(227,390) d(231)
30; r(325,299) d(368)
31; r(227,390) a(149,150)
32; d(213) r(141,123)
33; a(330,328) a(399,120)
34; d(210) r(158,52)
35; a(201,330) r(224,385)
36; d(210) r(458,178)
37; a(201,330) d(380)
38; d(253) a(294,385)
39; d(450) r(384,430)
40; d(253) d(286)
41; d(450) d(112)
42; d(235) d(217)
43; d(214) d(339)
44; d(235) a(122,127)
45; d(214) d(459)
46; r(131,121) r(206,337)
47; d(210) r(122,143)
48; r(131,121) a(467,1)
49; d(210) r(381,446)
50; r(402,162) r(441,362)
51; d(214) d(220)
52; a(159,445) r(9,139)
53; r(402,162) r(278,236)
54; a(159,445) d(276)
55; r(402,162) d(159)
56; d(214) a(213,136)
57; d(1) r(240,374)
58; d(214) d(171)
59; d(1) r(145,362)
60; d(20) r(200,462)
61; r(417,355) r(254,249)
62; a(304,171) r(340,323)
63; r(231,210) d(277)
64; a(159,445) a(367,31)
65; r(330,291) a(360,9)
--------------------------------------------------------------------------------
Evaluation

0; 0.
1; 5.
2; 0.
3; 0.
4; 0.
5; 0.
6; 0.
7; 0.
8; 0.
9; 0.
10; 0.
11; 5.
12; 0.
13; 5.
14; 5.
15; 0.
16; 5.
17; 0.
18; 0.
19; 0.
20; 0.
21; 0.
22; 0.
23; 5.
24; 0.
25; 0.
26; 0.
27; 0.
28; 0.
29; 0.
30; 0.
31; 0.
32; 0.
33; 0.
34; 0.
35; 0.
36; 0.
37; 3.
38; 0.
39; 0.
40; 0.
41; 0.
42; 0.
43; 5.
44; 0.
45; 5.
46; 0.
47; 0.
48; 0.
49; 10.
50; 0.
51; 0.
52; 0.
53; 0.
54; 0.
55; 0.
56; 5.
57; 0.
58; 5.
59; 0.
60; 0.
61; 0.
62; 5.
63; 0.
64; 0.
65; 0.
================================================================================
Generation 2

--------------------------------------------------------------------------------
Selection

0; 40
1; 42
2; 19
3; 47
4; 52
5; 50
6; 50
7; 29
8; 39
9; 48
10; 32
11; 47
12; 34
13; 44
14; 35
15; 2
16; 25
17; 36
18; 18
19; 29
20; 40
21; 18
22; 8
23; 2
24; 12
25; 24
26; 24
27; 41
28; 42
29; 31
30; 54
31; 28
32; 5
33; 47
34; 24
35; 20
36; 29
37; 24
38; 24
39; 52
--------------------------------------------------------------------------------
Crossover

0; 48, 52; r(131,121)
1; 48, 52; a(159,445) r(9,139) a(467,1)
2; 48; r(131,121) a(467,1)
3; 52; a(159,445) r(9,139)
4; 12; r(231,210) d(225)
5; 18; r(397,274)
6; 34, 24; d(210) r(158,52) r(400,382)
7; 34, 24; r(131,121)
8; 34; d(210) r(158,52)
9; 24; r(131,121) r(400,382)
10; 39, 32; d(450) r(384,430)
11; 39, 32; d(213) r(141,123)
12; 39; d(450) r(384,430)
13; 32; d(213) r(141,123)
14; 25; r(325,299) r(448,154)
15; 47; d(210) r(122,143)
16; 35; a(201,330) r(224,385)
17; 36; d(210) r(458,178)
18; 2; a(159,445) a(455,434)
19; 42; d(235) d(217)
20; 29, 50; r(227,390)
21; 29, 50; r(402,162) r(441,362) d(231)
22; 29; r(227,390) d(231)
23; 50; r(402,162) r(441,362)
24; 40, 28; d(253) r(246,343)
25; 40, 28; r(325,299) d(286)
26; 40; d(253) d(286)
27; 28; r(325,299) r(246,343)
28; 29, 24; r(227,390) r(400,382)
29; 29, 24; r(131,121) d(231)
30; 29; r(227,390) d(231)
31; 24; r(131,121) r(400,382)
32; 50, 18; r(402,162) r(441,362)
33; 50, 18; r(397,274)
34; 50; r(402,162) r(441,362)
35; 18; r(397,274)
36; 40, 24; d(253)
37; 40, 24; r(131,121) r(400,382) d(286)
38; 40; d(253) d(286)
39; 24; r(131,121) r(400,382)
40; 41, 20; d(450) d(112) r(161,199)
41; 41, 20; a(422,441)
42; 41; d(450) d(112)
43; 20; a(422,441) r(161,199)
44; 8, 47; d(253) r(122,143)
45; 8, 47; d(210) r(200,136)
46; 8; d(253) r(200,136)
47; 47; d(210) r(122,143)
48; 24; r(131,121) r(400,382)
49; 47; d(210) r(122,143)
50; 42; d(235) d(217)
51; 2; a(159,445) a(455,434)
52; 31, 24; r(227,390) a(149,150)
53; 31, 24; r(131,121) r(400,382)
54; 31; r(227,390) a(149,150)
55; 24; r(131,121) r(400,382)
56; 29, 54; r(227,390)
57; 29, 54; a(159,445) d(276) d(231)
58; 29; r(227,390) d(231)
59; 54; a(159,445) d(276)
60; 19, 52; a(159,445) r(9,139)
61; 19, 52; a(159,445) d(330)
62; 19; a(159,445) d(330)
63; 52; a(159,445) r(9,139)
64; 5, 44; a(159,445) r(145,22) a(122,127)
65; 5, 44; d(235)
66; 5; a(159,445) r(145,22)
67; 44; d(235) a(122,127)
--------------------------------------------------------------------------------
Mutation

0; r(131,121) r(349,446)
1; a(159,445) r(9,139) a(467,1) r(240,356)
2; r(131,121) a(467,1) a(139,420)
3; a(159,445) r(9,139) d(145)
4; r(231,210) d(225) r(229,360)
5; r(397,274) r(387,52)
6; d(210) r(158,52) r(400,382) r(448,350)
7; r(131,121) r(214,180)
8; d(210) r(158,52) a(148,181)
9; r(131,121) r(400,382) r(182,441)
10; d(450) r(384,430) a(213,29)
11; d(213) r(141,123) d(425)
12; d(450) r(384,430) a(240,258)
13; d(213) r(141,123) r(249,445)
14; r(325,299) r(448,154) r(15,41)
15; d(210) r(122,143) r(460,214)
16; a(201,330) r(224,385) a(334,210)
17; d(210) r(458,178) a(129,111)
18; a(159,445) a(455,434) d(153)
19; d(235) d(217) r(421,396)
20; r(227,390) d(117)
21; r(402,162) r(441,362) d(231) a(401,411)
22; r(227,390) d(231) d(396)
23; r(402,162) r(441,362) r(428,362)
24; d(253) r(246,343) r(298,173)
25; r(325,299) d(286) d(213)
26; d(253) d(286) a(432,221)
27; r(325,299) r(246,343) r(202,147)
28; r(227,390) r(400,382) d(184)
29; r(131,121) d(231) d(136)
30; r(227,390) d(231) r(297,304)
31; r(131,121) r(400,382) a(275,444)
32; r(402,162) r(441,362) d(14)
33; r(397,274) d(293)
34; r(402,162) r(441,362) r(256,29)
35; r(397,274) d(343)
36; d(253) d(412)
37; r(131,121) r(400,382) d(286) a(232,337)
38; d(253) d(286) r(463,445)
39; r(131,121) r(400,382) d(187)
40; d(450) d(112) r(161,199) r(415,28)
41; a(422,441) d(130)
42; d(450) d(112) d(367)
43; a(422,441) r(161,199) a(212,151)
44; d(253) r(122,143) d(411)
45; d(210) r(200,136) a(182,205)
46; d(253) r(200,136) a(231,278)
47; d(210) r(122,143) r(109,117)
48; r(131,121) r(400,382) r(158,149)
49; d(210) r(122,143) a(442,439)
50; d(235) d(217) d(180)
51; a(159,445) a(455,434) d(454)
52; r(227,390) a(149,150) r(15,227)
53; r(131,121) r(400,382) a(215,185)
54; r(227,390) a(149,150) d(417)
55; r(131,121) r(400,382) r(192,161)
56; r(227,390) r(444,384)
57; a(159,445) d(276) d(231) a(457,350)
58; r(227,390) d(231) d(361)
59; a(159,445) d(276) a(132,337)
60; a(159,445) r(9,139) a(156,195)
61; a(159,445) d(330) r(214,415)
62; a(159,445) d(330) a(212,202)
63; a(159,445) r(9,139) d(210)
64; a(159,445) r(145,22) a(122,127) r(210,199)
65; d(235) r(233,221)
66; a(159,445) r(145,22) d(287)
67; d(235) a(122,127) d(330)
--------------------------------------------------------------------------------
Evaluation

0; 0.
1; 0.
2; 0.
3; 0.
4; 0.
5; 0.
6; 0.
7; 0.
8; 0.
9; 0.
10; 0.
11; 0.
12; 0.
13; 0.
14; 0.
15; 0.
16; 0.
17; 0.
18; 0.
19; 0.
20; 0.
21; 0.
22; 0.
23; 0.
24; 0.
25; 0.
26; 0.
27; 0.
28; 1.
29; 0.
30; 0.
31; 0.
32; 0.
33; 0.
34; 0.
35; 0.
36; 0.
37; 0.
38; 0.
39; 0.
40; 0.
41; 0.
42; 0.
43; 0.
44; 0.
45; 0.
46; 0.
47; 0.
48; 0.
49; 0.
50; 0.
51; 0.
52; 0.
53; 0.
54; 0.
55; 0.
56; 0.
57; 0.
58; 0.
59; 0.
60; 0.
61; 0.
62; 0.
63; 0.
64; 0.
65; 0.
66; 0.
67; 0.
================================================================================
Generation 3

--------------------------------------------------------------------------------
Selection

0; 1
1; 43
2; 25
3; 51
4; 10
5; 41
6; 11
7; 23
8; 16
9; 7
10; 47
11; 51
12; 29
13; 44
14; 52
15; 34
16; 24
17; 56
18; 43
19; 54
20; 40
21; 21
22; 41
23; 7
24; 22
25; 19
26; 35
27; 61
28; 14
29; 32
30; 61
31; 55
32; 17
33; 23
34; 0
35; 9
36; 63
37; 27
38; 39
39; 16
--------------------------------------------------------------------------------
Crossover

0; 22, 9; r(227,390) d(231) r(400,382) r(182,441)
1; 22, 9; r(131,121) d(396)
2; 22; r(227,390) d(231) d(396)
3; 9; r(131,121) r(400,382) r(182,441)
4; 21; r(402,162) r(441,362) d(231) a(401,411)
5; 24; d(253) r(246,343) r(298,173)
6; 43, 0; a(422,441) r(161,199)
7; 43, 0; r(131,121) r(349,446) a(212,151)
8; 43; a(422,441) r(161,199) a(212,151)
9; 0; r(131,121) r(349,446)
10; 16, 52; a(201,330) r(224,385) a(334,210) a(149,150) r(15,227)
11; 16, 52; r(227,390)
12; 16; a(201,330) r(224,385) a(334,210)
13; 52; r(227,390) a(149,150) r(15,227)
14; 40, 7; d(450) d(112) r(161,199) r(415,28)
15; 40, 7; r(131,121) r(214,180)
16; 40; d(450) d(112) r(161,199) r(415,28)
17; 7; r(131,121) r(214,180)
18; 47, 10; d(210) r(384,430) a(213,29)
19; 47, 10; d(450) r(122,143) r(109,117)
20; 47; d(210) r(122,143) r(109,117)
21; 10; d(450) r(384,430) a(213,29)
22; 54; r(227,390) a(149,150) d(417)
23; 1; a(159,445) r(9,139) a(467,1) r(240,356)
24; 61; a(159,445) d(330) r(214,415)
25; 41; a(422,441) d(130)
26; 29; r(131,121) d(231) d(136)
27; 44; d(253) r(122,143) d(411)
28; 14; r(325,299) r(448,154) r(15,41)
29; 23; r(402,162) r(441,362) r(428,362)
30; 56; r(227,390) r(444,384)
31; 32; r(402,162) r(441,362) d(14)
32; 23, 51; r(402,162) r(441,362) r(428,362) a(455,434) d(454)
33; 23, 51; a(159,445)
34; 23; r(402,162) r(441,362) r(428,362)
35; 51; a(159,445) a(455,434) d(454)
36; 7, 35; r(131,121)
37; 7, 35; r(397,274) d(343) r(214,180)
38; 7; r(131,121) r(214,180)
39; 35; r(397,274) d(343)
40; 55, 11; r(131,121) r(400,382) r(192,161) r(141,123) d(425)
41; 55, 11; d(213)
42; 55; r(131,121) r(400,382) r(192,161)
43; 11; d(213) r(141,123) d(425)
44; 39, 17; r(131,121) r(400,382) d(187) a(129,111)
45; 39, 17; d(210) r(458,178)
46; 39; r(131,121) r(400,382) d(187)
47; 17; d(210) r(458,178) a(129,111)
48; 51; a(159,445) a(455,434) d(454)
49; 61; a(159,445) d(330) r(214,415)
50; 43, 25; a(422,441) r(161,199) d(286) d(213)
51; 43, 25; r(325,299) a(212,151)
52; 43; a(422,441) r(161,199) a(212,151)
53; 25; r(325,299) d(286) d(213)
54; 41, 27; a(422,441) d(130) r(246,343) r(202,147)
55; 41, 27; r(325,299)
56; 41; a(422,441) d(130)
57; 27; r(325,299) r(246,343) r(202,147)
58; 16; a(201,330) r(224,385) a(334,210)
59; 63; a(159,445) r(9,139) d(210)
60; 34, 19; r(402,162) r(441,362) r(256,29) d(217) r(421,396)
61; 34, 19; d(235)
62; 34; r(402,162) r(441,362) r(256,29)
63; 19; d(235) d(217) r(421,396)
--------------------------------------------------------------------------------
Mutation

0; r(227,390) d(231) r(400,382) r(182,441) a(3,28)
1; r(131,121) d(396) a(443,276)
2; r(227,390) d(231) d(396) d(225)
3; r(131,121) r(400,382) r(182,441) r(351,171)
4; r(402,162) r(441,362) d(231) a(401,411) a(214,462)
5; d(253) r(246,343) r(298,173) d(438)
6; a(422,441) r(161,199) d(374)
7; r(131,121) r(349,446) a(212,151) r(241,332)
8; a(422,441) r(161,199) a(212,151) d(449)
9; r(131,121) r(349,446) a(254,278)
10; a(201,330) r(224,385) a(334,210) a(149,150) r(15,227) a(254,139)
11; r(227,390) r(413,289)
12; a(201,330) r(224,385) a(334,210) a(399,273)
13; r(227,390) a(149,150) r(15,227) a(346,258)
14; d(450) d(112) r(161,199) r(415,28) d(294)
15; r(131,121) r(214,180) a(129,362)
16; d(450) d(112) r(161,199) r(415,28) d(435)
17; r(131,121) r(214,180) r(324,249)
18; d(210) r(384,430) a(213,29) d(123)
19; d(450) r(122,143) r(109,117) a(388,272)
20; d(210) r(122,143) r(109,117) r(232,185)
21; d(450) r(384,430) a(213,29) r(339,276)
22; r(227,390) a(149,150) d(417) d(245)
23; a(159,445) r(9,139) a(467,1) r(240,356) d(223)
24; a(159,445) d(330) r(214,415) r(468,337)
25; a(422,441) d(130) r(173,444)
26; r(131,121) d(231) d(136) r(399,429)
27; d(253) r(122,143) d(411) a(461,357)
28; r(325,299) r(448,154) r(15,41) r(212,441)
29; r(402,162) r(441,362) r(428,362) r(116,233)
30; r(227,390) r(444,384) d(212)
31; r(402,162) r(441,362) d(14) r(466,275)
32; r(402,162) r(441,362) r(428,362) a(455,434) d(454) d(458)
33; a(159,445) r(388,228)
34; r(402,162) r(441,362) r(428,362) a(414,349)
35; a(159,445) a(455,434) d(454) a(121,445)
36; r(131,121) a(120,349)
37; r(397,274) d(343) r(214,180) r(469,393)
38; r(131,121) r(214,180) a(368,435)
39; r(397,274) d(343) a(454,349)
40; r(131,121) r(400,382) r(192,161) r(141,123) d(425) r(210,273)
41; d(213) a(243,449)
42; r(131,121) r(400,382) r(192,161) d(117)
43; d(213) r(141,123) d(425) a(350,330)
44; r(131,121) r(400,382) d(187) a(129,111) r(436,197)
45; d(210) r(458,178) a(213,289)
46; r(131,121) r(400,382) d(187) d(242)
47; d(210) r(458,178) a(129,111) a(233,304)
48; a(159,445) a(455,434) d(454) d(120)
49; a(159,445) d(330) r(214,415) a(248,347)
50; a(422,441) r(161,199) d(286) d(213) r(382,274)
51; r(325,299) a(212,151) d(204)
52; a(422,441) r(161,199) a(212,151) a(253,439)
53; r(325,299) d(286) d(213) r(109,413)
54; a(422,441) d(130) r(246,343) r(202,147) d(22)
55; r(325,299) d(164)
56; a(422,441) d(130) d(449)
57; r(325,299) r(246,343) r(202,147) d(23)
58; a(201,330) r(224,385) a(334,210) r(243,257)
59; a(159,445) r(9,139) d(210) r(399,471)
60; r(402,162) r(441,362) r(256,29) d(217) r(421,396) d(359)
61; d(235) a(413,355)
62; r(402,162) r(441,362) r(256,29) d(427)
63; d(235) d(217) r(421,396) a(324,471)
--------------------------------------------------------------------------------
Evaluation

0; 0.
1; 0.
2; 0.
3; 0.
4; 0.
5; 0.
6; 0.
7; 0.
8; 0.
9; 0.
10; 0.
11; 5.
12; 0.
13; 0.
14; 0.
15; 0.
16; 0.
17; 0.
18; 0.
19; 0.
20; 0.
21; 0.
22; 0.
23; 0.
24; 0.
25; 10.
26; 0.
27; 0.
28; 0.
29; 0.
30; 0.
31; 0.
32; 0.
33; 0.
34; 0.
35; 0.
36; 0.
37; 0.
38; 0.
39; 0.
40; 0.
41; 5.
42; 0.
43; 0.
44; 0.
45; 0.
46; 0.
47; 0.
48; 0.
49; 0.
50; 0.
51; 0.
52; 0.
53; 0.
54; 0.
55; 0.
56; 0.
57; 0.
58; 0.
59; 0.
60; 0.
61; 0.
62; 0.
63; 0.
================================================================================
Generation 4

--------------------------------------------------------------------------------
Selection

0; 26
1; 48
2; 1
3; 36
4; 36
5; 57
6; 9
7; 0
8; 45
9; 59
10; 48
11; 35
12; 26
13; 21
14; 1
15; 3
16; 52
17; 35
18; 12
19; 4
20; 62
21; 43
22; 55
23; 57
24; 26
25; 21
26; 55
27; 33
28; 18
29; 59
30; 45
31; 50
32; 33
33; 0
34; 39
35; 36
36; 48
37; 22
38; 1
39; 18
--------------------------------------------------------------------------------
Crossover

0; 1; r(131,121) d(396) a(443,276)
1; 36; r(131,121) a(120,349)
2; 0, 62; r(227,390) d(231) r(400,382) d(427)
3; 0, 62; r(402,162) r(441,362) r(256,29) r(182,441) a(3,28)
4; 0; r(227,390) d(231) r(400,382) r(182,441) a(3,28)
5; 62; r(402,162) r(441,362) r(256,29) d(427)
6; 26, 48; r(131,121) d(231) d(136) d(120)
7; 26, 48; a(159,445) a(455,434) d(454) r(399,429)
8; 26; r(131,121) d(231) d(136) r(399,429)
9; 48; a(159,445) a(455,434) d(454) d(120)
10; 21, 35; d(450) r(384,430) a(213,29) r(339,276) a(455,434) d(454) a(121,445)
11; 21, 35; a(159,445)
12; 21; d(450) r(384,430) a(213,29) r(339,276)
13; 35; a(159,445) a(455,434) d(454) a(121,445)
14; 1; r(131,121) d(396) a(443,276)
15; 12; a(201,330) r(224,385) a(334,210) a(399,273)
16; 57; r(325,299) r(246,343) r(202,147) d(23)
17; 18; d(210) r(384,430) a(213,29) d(123)
18; 43; d(213) r(141,123) d(425) a(350,330)
19; 35; a(159,445) a(455,434) d(454) a(121,445)
20; 33, 45; a(159,445)
21; 33, 45; d(210) r(458,178) a(213,289) r(388,228)
22; 33; a(159,445) r(388,228)
23; 45; d(210) r(458,178) a(213,289)
24; 39, 33; r(397,274) d(343) a(454,349)
25; 39, 33; a(159,445) r(388,228)
26; 39; r(397,274) d(343) a(454,349)
27; 33; a(159,445) r(388,228)
28; 3, 9; r(131,121) r(400,382) r(182,441)
29; 3, 9; r(131,121) r(349,446) a(254,278) r(351,171)
30; 3; r(131,121) r(400,382) r(182,441) r(351,171)
31; 9; r(131,121) r(349,446) a(254,278)
32; 36, 48; r(131,121) d(120)
33; 36, 48; a(159,445) a(455,434) d(454) a(120,349)
34; 36; r(131,121) a(120,349)
35; 48; a(159,445) a(455,434) d(454) d(120)
36; 59, 18; a(159,445) r(9,139) r(384,430) a(213,29) d(123)
37; 59, 18; d(210) d(210) r(399,471)
38; 59; a(159,445) r(9,139) d(210) r(399,471)
39; 18; d(210) r(384,430) a(213,29) d(123)
40; 26; r(131,121) d(231) d(136) r(399,429)
41; 55; r(325,299) d(164)
42; 59, 22; a(159,445) r(9,139) d(210) d(245)
43; 59, 22; r(227,390) a(149,150) d(417) r(399,471)
44; 59; a(159,445) r(9,139) d(210) r(399,471)
45; 22; r(227,390) a(149,150) d(417) d(245)
46; 50; a(422,441) r(161,199) d(286) d(213) r(382,274)
47; 57; r(325,299) r(246,343) r(202,147) d(23)
48; 4, 55; r(402,162) r(441,362) d(231) a(401,411) d(164)
49; 4, 55; r(325,299) a(214,462)
50; 4; r(402,162) r(441,362) d(231) a(401,411) a(214,462)
51; 55; r(325,299) d(164)
52; 1; r(131,121) d(396) a(443,276)
53; 26; r(131,121) d(231) d(136) r(399,429)
54; 36, 48; r(131,121)
55; 36, 48; a(159,445) a(455,434) d(454) d(120) a(120,349)
56; 36; r(131,121) a(120,349)
57; 48; a(159,445) a(455,434) d(454) d(120)
58; 45, 52; d(210) r(458,178) a(253,439)
59; 45, 52; a(422,441) r(161,199) a(212,151) a(213,289)
60; 45; d(210) r(458,178) a(213,289)
61; 52; a(422,441) r(161,199) a(212,151) a(253,439)
62; 21, 0; d(450) r(384,430) r(400,382) r(182,441) a(3,28)
63; 21, 0; r(227,390) d(231) a(213,29) r(339,276)
64; 21; d(450) r(384,430) a(213,29) r(339,276)
65; 0; r(227,390) d(231) r(400,382) r(182,441) a(3,28)
--------------------------------------------------------------------------------
Mutation

0; r(131,121) d(396) a(443,276) d(462)
1; r(131,121) a(120,349) a(392,13)
2; r(227,390) d(231) r(400,382) d(427) a(132,444)
3; r(402,162) r(441,362) r(256,29) r(182,441) a(3,28) r(403,402)
4; r(227,390) d(231) r(400,382) r(182,441) a(3,28) r(378,397)
5; r(402,162) r(441,362) r(256,29) d(427) d(212)
6; r(131,121) d(231) d(136) d(120) d(327)
7; a(159,445) a(455,434) d(454) r(399,429) a(353,327)
8; r(131,121) d(231) d(136) r(399,429) d(287)
9; a(159,445) a(455,434) d(454) d(120) a(373,390)
10; d(450) r(384,430) a(213,29) r(339,276) a(455,434) d(454) a(121,445) a(150,1)
11; a(159,445) a(116,118)
12; d(450) r(384,430) a(213,29) r(339,276) d(435)
13; a(159,445) a(455,434) d(454) a(121,445) r(213,349)
14; r(131,121) d(396) a(443,276) d(25)
15; a(201,330) r(224,385) a(334,210) a(399,273) d(210)
16; r(325,299) r(246,343) r(202,147) d(23) r(121,390)
17; d(210) r(384,430) a(213,29) d(123) r(415,374)
18; d(213) r(141,123) d(425) a(350,330) a(273,210)
19; a(159,445) a(455,434) d(454) a(121,445) a(19,192)
20; a(159,445) d(470)
21; d(210) r(458,178) a(213,289) r(388,228) r(228,202)
22; a(159,445) r(388,228) d(356)
23; d(210) r(458,178) a(213,289) r(172,148)
24; r(397,274) d(343) a(454,349) a(429,197)
25; a(159,445) r(388,228) a(472,13)
26; r(397,274) d(343) a(454,349) d(425)
27; a(159,445) r(388,228) d(344)
28; r(131,121) r(400,382) r(182,441) d(468)
29; r(131,121) r(349,446) a(254,278) r(351,171) d(298)
30; r(131,121) r(400,382) r(182,441) r(351,171) r(297,233)
31; r(131,121) r(349,446) a(254,278) d(185)
32; r(131,121) d(120) r(213,206)
33; a(159,445) a(455,434) d(454) a(120,349) a(333,154)
34; r(131,121) a(120,349) r(443,434)
35; a(159,445) a(455,434) d(454) d(120) a(440,1)
36; a(159,445) r(9,139) r(384,430) a(213,29) d(123) r(344,221)
37; d(210) d(210) r(399,471) d(374)
38; a(159,445) r(9,139) d(210) r(399,471) a(160,400)
39; d(210) r(384,430) a(213,29) d(123) r(201,31)
40; r(131,121) d(231) d(136) r(399,429) d(355)
41; r(325,299) d(164) a(204,212)
42; a(159,445) r(9,139) d(210) d(245) r(386,374)
43; r(227,390) a(149,150) d(417) r(399,471) d(416)
44; a(159,445) r(9,139) d(210) r(399,471) d(214)
45; r(227,390) a(149,150) d(417) d(245) r(225,233)
46; a(422,441) r(161,199) d(286) d(213) r(382,274) r(472,154)
47; r(325,299) r(246,343) r(202,147) d(23) r(241,357)
48; r(402,162) r(441,362) d(231) a(401,411) d(164) a(388,444)
49; r(325,299) a(214,462) d(457)
50; r(402,162) r(441,362) d(231) a(401,411) a(214,462) a(357,471)
51; r(325,299) d(164) a(399,358)
52; r(131,121) d(396) a(443,276) a(251,415)
53; r(131,121) d(231) d(136) r(399,429) d(351)
54; r(131,121) d(213)
55; a(159,445) a(455,434) d(454) d(120) a(120,349) d(214)
56; r(131,121) a(120,349) r(200,393)
57; a(159,445) a(455,434) d(454) d(120) d(341)
58; d(210) r(458,178) a(253,439) a(255,235)
59; a(422,441) r(161,199) a(212,151) a(213,289) r(22,178)
60; d(210) r(458,178) a(213,289) a(332,444)
61; a(422,441) r(161,199) a(212,151) a(253,439) d(210)
62; d(450) r(384,430) r(400,382) r(182,441) a(3,28) d(197)
63; r(227,390) d(231) a(213,29) r(339,276) r(219,374)
64; d(450) r(384,430) a(213,29) r(339,276) a(252,292)
65; r(227,390) d(231) r(400,382) r(182,441) a(3,28) r(223,362)
--------------------------------------------------------------------------------
Evaluation

0; 0.
1; 0.
2; 10.
3; 0.
4; 0.
5; 0.
6; 0.
7; 0.
8; 0.
9; 0.
10; 0.
11; 0.
12; 0.
13; 0.
14; 0.
15; 0.
16; 0.
17; 0.
18; 0.
19; 0.
20; 0.
21; 0.
22; 0.
23; 0.
24; 0.
25; 0.
26; 0.
27; 0.
28; 0.
29; 0.
30; 0.
31; 0.
32; 0.
33; 0.
34; 0.
35; 0.
36; 0.
37; 5.
38; 0.
39; 0.
40; 0.
41; 0.
42; 0.
43; 0.
44; 0.
45; 0.
46; 0.
47; 0.
48; 0.
49; 0.
50; 0.
51; 0.
52; 0.
53; 0.
54; 0.
55; 0.
56; 0.
57; 0.
58; 0.
59; 0.
60; 0.
61; 0.
62; 0.
63; 0.
64; 0.
65; 0.
================================================================================
Generation 5

--------------------------------------------------------------------------------
Selection

0; 41
1; 33
2; 35
3; 51
4; 16
5; 55
6; 6
7; 11
8; 8
9; 33
10; 53
11; 9
12; 20
13; 8
14; 58
15; 49
16; 62
17; 27
18; 62
19; 42
20; 22
21; 62
22; 28
23; 12
24; 14
25; 54
26; 39
27; 44
28; 12
29; 18
30; 46
31; 14
32; 29
33; 65
34; 40
35; 58
36; 62
37; 39
38; 21
39; 59
--------------------------------------------------------------------------------
Crossover

0; 35, 6; a(159,445) a(455,434) d(454) d(120) a(440,1) d(136) d(120) d(327)
1; 35, 6; r(131,121) d(231)
2; 35; a(159,445) a(455,434) d(454) d(120) a(440,1)
3; 6; r(131,121) d(231) d(136) d(120) d(327)
4; 62; d(450) r(384,430) r(400,382) r(182,441) a(3,28) d(197)
5; 39; d(210) r(384,430) a(213,29) d(123) r(201,31)
6; 29, 65; r(131,121) r(349,446) a(254,278) r(351,171) d(298)
7; 29, 65; r(227,390) d(231) r(400,382) r(182,441) a(3,28) r(223,362)
8; 29; r(131,121) r(349,446) a(254,278) r(351,171) d(298)
9; 65; r(227,390) d(231) r(400,382) r(182,441) a(3,28) r(223,362)
10; 62; d(450) r(384,430) r(400,382) r(182,441) a(3,28) d(197)
11; 54; r(131,121) d(213)
12; 39; d(210) r(384,430) a(213,29) d(123) r(201,31)
13; 49; r(325,299) a(214,462) d(457)
14; 22; a(159,445) r(388,228) d(356)
15; 42; a(159,445) r(9,139) d(210) d(245) r(386,374)
16; 58; d(210) r(458,178) a(253,439) a(255,235)
17; 18; d(213) r(141,123) d(425) a(350,330) a(273,210)
18; 59, 41; a(422,441) a(204,212)
19; 59, 41; r(325,299) d(164) r(161,199) a(212,151) a(213,289) r(22,178)
20; 59; a(422,441) r(161,199) a(212,151) a(213,289) r(22,178)
21; 41; r(325,299) d(164) a(204,212)
22; 58; d(210) r(458,178) a(253,439) a(255,235)
23; 12; d(450) r(384,430) a(213,29) r(339,276) d(435)
24; 33, 27; a(159,445)
25; 33, 27; a(159,445) r(388,228) d(344) a(455,434) d(454) a(120,349) a(333,154)
26; 33; a(159,445) a(455,434) d(454) a(120,349) a(333,154)
27; 27; a(159,445) r(388,228) d(344)
28; 28, 14; r(131,121) r(400,382) d(25)
29; 28, 14; r(131,121) d(396) a(443,276) r(182,441) d(468)
30; 28; r(131,121) r(400,382) r(182,441) d(468)
31; 14; r(131,121) d(396) a(443,276) d(25)
32; 20, 53; a(159,445) d(470) r(399,429) d(351)
33; 20, 53; r(131,121) d(231) d(136)
34; 20; a(159,445) d(470)
35; 53; r(131,121) d(231) d(136) r(399,429) d(351)
36; 8, 55; r(131,121) d(231) d(214)
37; 8, 55; a(159,445) a(455,434) d(454) d(120) a(120,349) d(136) r(399,429) d(287)
38; 8; r(131,121) d(231) d(136) r(399,429) d(287)
39; 55; a(159,445) a(455,434) d(454) d(120) a(120,349) d(214)
40; 46, 21; a(422,441) r(161,199) d(286) r(388,228) r(228,202)
41; 46, 21; d(210) r(458,178) a(213,289) d(213) r(382,274) r(472,154)
42; 46; a(422,441) r(161,199) d(286) d(213) r(382,274) r(472,154)
43; 21; d(210) r(458,178) a(213,289) r(388,228) r(228,202)
44; 62, 14; d(450) r(384,430) r(400,382) r(182,441) a(3,28) d(396) a(443,276) d(25)
45; 62, 14; r(131,121) d(197)
46; 62; d(450) r(384,430) r(400,382) r(182,441) a(3,28) d(197)
47; 14; r(131,121) d(396) a(443,276) d(25)
48; 44; a(159,445) r(9,139) d(210) r(399,471) d(214)
49; 12; d(450) r(384,430) a(213,29) r(339,276) d(435)
50; 51, 62; r(325,299) a(3,28) d(197)
51; 51, 62; d(450) r(384,430) r(400,382) r(182,441) d(164) a(399,358)
52; 51; r(325,299) d(164) a(399,358)
53; 62; d(450) r(384,430) r(400,382) r(182,441) a(3,28) d(197)
54; 16, 9; r(325,299) a(455,434) d(454) d(120) a(373,390)
55; 16, 9; a(159,445) r(246,343) r(202,147) d(23) r(121,390)
56; 16; r(325,299) r(246,343) r(202,147) d(23) r(121,390)
57; 9; a(159,445) a(455,434) d(454) d(120) a(373,390)
58; 40, 33; r(131,121) a(333,154)
59; 40, 33; a(159,445) a(455,434) d(454) a(120,349) d(231) d(136) r(399,429) d(355)
60; 40; r(131,121) d(231) d(136) r(399,429) d(355)
61; 33; a(159,445) a(455,434) d(454) a(120,349) a(333,154)
62; 8, 11; r(131,121) d(231) d(136) r(399,429) d(287) a(116,118)
63; 8, 11; a(159,445)
64; 8; r(131,121) d(231) d(136) r(399,429) d(287)
65; 11; a(159,445) a(116,118)
--------------------------------------------------------------------------------
Mutation

0; a(159,445) a(455,434) d(454) d(120) a(440,1) d(136) d(120) d(327) a(280,467)
1; r(131,121) d(231) d(279)
2; a(159,445) a(455,434) d(454) d(120) a(440,1) d(297)
3; r(131,121) d(231) d(136) d(120) d(327) r(397,37)
4; d(450) r(384,430) r(400,382) r(182,441) a(3,28) d(197) a(334,1)
5; d(210) r(384,430) a(213,29) d(123) r(201,31) r(147,150)
6; r(131,121) r(349,446) a(254,278) r(351,171) d(298) d(370)
7; r(227,390) d(231) r(400,382) r(182,441) a(3,28) r(223,362) a(390,449)
8; r(131,121) r(349,446) a(254,278) r(351,171) d(298) r(208,145)
9; r(227,390) d(231) r(400,382) r(182,441) a(3,28) r(223,362) r(303,45)
10; d(450) r(384,430) r(400,382) r(182,441) a(3,28) d(197) d(347)
11; r(131,121) d(213) r(214,467)
12; d(210) r(384,430) a(213,29) d(123) r(201,31) r(214,227)
13; r(325,299) a(214,462) d(457) a(257,393)
14; a(159,445) r(388,228) d(356) d(167)
15; a(159,445) r(9,139) d(210) d(245) r(386,374) a(464,276)
16; d(210) r(458,178) a(253,439) a(255,235) r(323,254)
17; d(213) r(141,123) d(425) a(350,330) a(273,210) d(210)
18; a(422,441) a(204,212) r(213,45)
19; r(325,299) d(164) r(161,199) a(212,151) a(213,289) r(22,178) d(245)
20; a(422,441) r(161,199) a(212,151) a(213,289) r(22,178) d(409)
21; r(325,299) d(164) a(204,212) a(257,252)
22; d(210) r(458,178) a(253,439) a(255,235) a(127,31)
23; d(450) r(384,430) a(213,29) r(339,276) d(435) r(378,227)
24; a(159,445) a(258,241)
25; a(159,445) r(388,228) d(344) a(455,434) d(454) a(120,349) a(333,154) a(326,381)
26; a(159,445) a(455,434) d(454) a(120,349) a(333,154) d(467)
27; a(159,445) r(388,228) d(344) r(419,409)
28; r(131,121) r(400,382) d(25) a(387,385)
29; r(131,121) d(396) a(443,276) r(182,441) d(468) d(231)
30; r(131,121) r(400,382) r(182,441) d(468) r(273,227)
31; r(131,121) d(396) a(443,276) d(25) d(189)
32; a(159,445) d(470) r(399,429) d(351) d(246)
33; r(131,121) d(231) d(136) a(212,156)
34; a(159,445) d(470) r(225,323)
35; r(131,121) d(231) d(136) r(399,429) d(351) a(405,20)
36; r(131,121) d(231) d(214) d(172)
37; a(159,445) a(455,434) d(454) d(120) a(120,349) d(136) r(399,429) d(287) r(438,448)
38; r(131,121) d(231) d(136) r(399,429) d(287) d(450)
39; a(159,445) a(455,434) d(454) d(120) a(120,349) d(214) a(340,406)
40; a(422,441) r(161,199) d(286) r(388,228) r(228,202) r(442,467)
41; d(210) r(458,178) a(213,289) d(213) r(382,274) r(472,154) d(402)
42; a(422,441) r(161,199) d(286) d(213) r(382,274) r(472,154) d(210)
43; d(210) r(458,178) a(213,289) r(388,228) r(228,202) d(194)
44; d(450) r(384,430) r(400,382) r(182,441) a(3,28) d(396) a(443,276) d(25) d(276)
45; r(131,121) d(197) r(431,274)
46; d(450) r(384,430) r(400,382) r(182,441) a(3,28) d(197) a(212,164)
47; r(131,121) d(396) a(443,276) d(25) d(387)
48; a(159,445) r(9,139) d(210) r(399,471) d(214) r(475,425)
49; d(450) r(384,430) a(213,29) r(339,276) d(435) r(213,212)
50; r(325,299) a(3,28) d(197) r(392,369)
51; d(450) r(384,430) r(400,382) r(182,441) d(164) a(399,358) d(212)
52; r(325,299) d(164) a(399,358) r(416,341)
53; d(450) r(384,430) r(400,382) r(182,441) a(3,28) d(197) r(442,438)
54; r(325,299) a(455,434) d(454) d(120) a(373,390) d(198)
55; a(159,445) r(246,343) r(202,147) d(23) r(121,390) r(444,226)
56; r(325,299) r(246,343) r(202,147) d(23) r(121,390) a(410,433)
57; a(159,445) a(455,434) d(454) d(120) a(373,390) r(213,212)
58; r(131,121) a(333,154) r(215,20)
59; a(159,445) a(455,434) d(454) a(120,349) d(231) d(136) r(399,429) d(355) a(210,400)
60; r(131,121) d(231) d(136) r(399,429) d(355) a(274,297)
61; a(159,445) a(455,434) d(454) a(120,349) a(333,154) a(289,434)
62; r(131,121) d(231) d(136) r(399,429) d(287) a(116,118) r(143,109)
63; a(159,445) a(252,41)
64; r(131,121) d(231) d(136) r(399,429) d(287) d(165)
65; a(159,445) a(116,118) a(138,475)
--------------------------------------------------------------------------------
Evaluation

0; 0.
1; 0.
2; 0.
3; 0.
4; 0.
5; 0.
6; 0.
7; 0.
8; 0.
9; 0.
10; 0.
11; 0.
12; 0.
13; 0.
14; 0.
15; 0.
16; 0.
17; 0.
18; 5.
19; 0.
20; 0.
21; 0.
22; 0.
23; 0.
24; 0.
25; 0.
26; 0.
27; 0.
28; 0.
29; 0.
30; 0.
31; 0.
32; 0.
33; 0.
34; 0.
35; 0.
36; 0.
37; 0.
38; 0.
39; 0.
40; 0.
41; 0.
42; 0.
43; 0.
44; 0.
45; 0.
46; 0.
47; 0.
48; 0.
49; 0.
50; 0.
51; 0.
52; 0.
53; 0.
54; 0.
55; 0.
56; 0.
57; 0.
58; 0.
59; 0.
60; 0.
61; 0.
62; 0.
63; 0.
64; 0.
65; 0.
================================================================================
Generation 6

--------------------------------------------------------------------------------
Selection

0; 62
1; 2
2; 23
3; 26
4; 21
5; 51
6; 48
7; 27
8; 52
9; 21
10; 58
11; 25
12; 34
13; 60
14; 45
15; 58
16; 50
17; 15
18; 32
19; 38
20; 27
21; 36
22; 39
23; 8
24; 52
25; 42
26; 46
27; 13
28; 46
29; 58
30; 45
31; 38
32; 30
33; 26
34; 26
35; 26
36; 42
37; 26
38; 41
39; 7
--------------------------------------------------------------------------------
Crossover

0; 52, 21; r(325,299) d(164) a(399,358) r(416,341) a(204,212) a(257,252)
1; 52, 21; r(325,299) d(164)
2; 52; r(325,299) d(164) a(399,358) r(416,341)
3; 21; r(325,299) d(164) a(204,212) a(257,252)
4; 26, 27; a(159,445) a(455,434) d(454) a(120,349) a(333,154) r(419,409)
5; 26, 27; a(159,445) r(388,228) d(344) d(467)
6; 26; a(159,445) a(455,434) d(454) a(120,349) a(333,154) d(467)
7; 27; a(159,445) r(388,228) d(344) r(419,409)
8; 41; d(210) r(458,178) a(213,289) d(213) r(382,274) r(472,154) d(402)
9; 39; a(159,445) a(455,434) d(454) d(120) a(120,349) d(214) a(340,406)
10; 38, 58; r(131,121)
11; 38, 58; r(131,121) a(333,154) r(215,20) d(231) d(136) r(399,429) d(287) d(450)
12; 38; r(131,121) d(231) d(136) r(399,429) d(287) d(450)
13; 58; r(131,121) a(333,154) r(215,20)
14; 48; a(159,445) r(9,139) d(210) r(399,471) d(214) r(475,425)
15; 52; r(325,299) d(164) a(399,358) r(416,341)
16; 42, 58; a(422,441) r(161,199) d(286) d(213) r(382,274) r(472,154) d(210)
17; 42, 58; r(131,121) a(333,154) r(215,20)
18; 42; a(422,441) r(161,199) d(286) d(213) r(382,274) r(472,154) d(210)
19; 58; r(131,121) a(333,154) r(215,20)
20; 26, 23; a(159,445) a(455,434) d(454) a(120,349) a(333,154) d(435) r(378,227)
21; 26, 23; d(450) r(384,430) a(213,29) r(339,276) d(467)
22; 26; a(159,445) a(455,434) d(454) a(120,349) a(333,154) d(467)
23; 23; d(450) r(384,430) a(213,29) r(339,276) d(435) r(378,227)
24; 38; r(131,121) d(231) d(136) r(399,429) d(287) d(450)
25; 15; a(159,445) r(9,139) d(210) d(245) r(386,374) a(464,276)
26; 13, 26; r(325,299) a(214,462) d(457) a(257,393)
27; 13, 26; a(159,445) a(455,434) d(454) a(120,349) a(333,154) d(467)
28; 13; r(325,299) a(214,462) d(457) a(257,393)
29; 26; a(159,445) a(455,434) d(454) a(120,349) a(333,154) d(467)
30; 45; r(131,121) d(197) r(431,274)
31; 2; a(159,445) a(455,434) d(454) d(120) a(440,1) d(297)
32; 45; r(131,121) d(197) r(431,274)
33; 26; a(159,445) a(455,434) d(454) a(120,349) a(333,154) d(467)
34; 46; d(450) r(384,430) r(400,382) r(182,441) a(3,28) d(197) a(212,164)
35; 34; a(159,445) d(470) r(225,323)
36; 62, 50; r(131,121) d(197) r(392,369)
37; 62, 50; r(325,299) a(3,28) d(231) d(136) r(399,429) d(287) a(116,118) r(143,109)
38; 62; r(131,121) d(231) d(136) r(399,429) d(287) a(116,118) r(143,109)
39; 50; r(325,299) a(3,28) d(197) r(392,369)
40; 27; a(159,445) r(388,228) d(344) r(419,409)
41; 51; d(450) r(384,430) r(400,382) r(182,441) d(164) a(399,358) d(212)
42; 32; a(159,445) d(470) r(399,429) d(351) d(246)
43; 8; r(131,121) r(349,446) a(254,278) r(351,171) d(298) r(208,145)
44; 58; r(131,121) a(333,154) r(215,20)
45; 60; r(131,121) d(231) d(136) r(399,429) d(355) a(274,297)
46; 30; r(131,121) r(400,382) r(182,441) d(468) r(273,227)
47; 7; r(227,390) d(231) r(400,382) r(182,441) a(3,28) r(223,362) a(390,449)
48; 25; a(159,445) r(388,228) d(344) a(455,434) d(454) a(120,349) a(333,154) a(326,381)
49; 46; d(450) r(384,430) r(400,382) r(182,441) a(3,28) d(197) a(212,164)
50; 42; a(422,441) r(161,199) d(286) d(213) r(382,274) r(472,154) d(210)
51; 36; r(131,121) d(231) d(214) d(172)
52; 26, 21; a(159,445) a(455,434) d(164) a(204,212) a(257,252)
53; 26, 21; r(325,299) d(454) a(120,349) a(333,154) d(467)
54; 26; a(159,445) a(455,434) d(454) a(120,349) a(333,154) d(467)
55; 21; r(325,299) d(164) a(204,212) a(257,252)
--------------------------------------------------------------------------------
Mutation

0; r(325,299) d(164) a(399,358) r(416,341) a(204,212) a(257,252) d(256)
1; r(325,299) d(164) r(281,178)
2; r(325,299) d(164) a(399,358) r(416,341) r(275,420)
3; r(325,299) d(164) a(204,212) a(257,252) r(218,274)
4; a(159,445) a(455,434) d(454) a(120,349) a(333,154) r(419,409) a(159,120)
5; a(159,445) r(388,228) d(344) d(467) d(193)
6; a(159,445) a(455,434) d(454) a(120,349) a(333,154) d(467) a(213,29)
7; a(159,445) r(388,228) d(344) r(419,409) a(133,455)
8; d(210) r(458,178) a(213,289) d(213) r(382,274) r(472,154) d(402) a(212,467)
9; a(159,445) a(455,434) d(454) d(120) a(120,349) d(214) a(340,406) d(425)
10; r(131,121) a(13,400)
11; r(131,121) a(333,154) r(215,20) d(231) d(136) r(399,429) d(287) d(450) a(338,272)
12; r(131,121) d(231) d(136) r(399,429) d(287) d(450) r(205,120)
13; r(131,121) a(333,154) r(215,20) a(413,400)
14; a(159,445) r(9,139) d(210) r(399,471) d(214) r(475,425) d(431)
15; r(325,299) d(164) a(399,358) r(416,341) d(214)
16; a(422,441) r(161,199) d(286) d(213) r(382,274) r(472,154) d(210) a(351,284)
17; r(131,121) a(333,154) r(215,20) a(335,113)
18; a(422,441) r(161,199) d(286) d(213) r(382,274) r(472,154) d(210) d(459)
19; r(131,121) a(333,154) r(215,20) d(471)
20; a(159,445) a(455,434) d(454) a(120,349) a(333,154) d(435) r(378,227) a(23,33)
21; d(450) r(384,430) a(213,29) r(339,276) d(467) a(373,113)
22; a(159,445) a(455,434) d(454) a(120,349) a(333,154) d(467) d(450)
23; d(450) r(384,430) a(213,29) r(339,276) d(435) r(378,227) d(113)
24; r(131,121) d(231) d(136) r(399,429) d(287) d(450) r(335,172)
25; a(159,445) r(9,139) d(210) d(245) r(386,374) a(464,276) r(277,185)
26; r(325,299) a(214,462) d(457) a(257,393) d(146)
27; a(159,445) a(455,434) d(454) a(120,349) a(333,154) d(467) d(347)
28; r(325,299) a(214,462) d(457) a(257,393) r(387,381)
29; a(159,445) a(455,434) d(454) a(120,349) a(333,154) d(467) a(436,398)
30; r(131,121) d(197) r(431,274) a(248,292)
31; a(159,445) a(455,434) d(454) d(120) a(440,1) d(297) d(434)
32; r(131,121) d(197) r(431,274) a(240,287)
33; a(159,445) a(455,434) d(454) a(120,349) a(333,154) d(467) r(287,276)
34; d(450) r(384,430) r(400,382) r(182,441) a(3,28) d(197) a(212,164) a(174,355)
35; a(159,445) d(470) r(225,323) d(210)
36; r(131,121) d(197) r(392,369) a(467,472)
37; r(325,299) a(3,28) d(231) d(136) r(399,429) d(287) a(116,118) r(143,109) a(214,205)
38; r(131,121) d(231) d(136) r(399,429) d(287) a(116,118) r(143,109) r(350,434)
39; r(325,299) a(3,28) d(197) r(392,369) r(156,19)
40; a(159,445) r(388,228) d(344) r(419,409) a(468,323)
41; d(450) r(384,430) r(400,382) r(182,441) d(164) a(399,358) d(212) a(150,41)
42; a(159,445) d(470) r(399,429) d(351) d(246) a(229,274)
43; r(131,121) r(349,446) a(254,278) r(351,171) d(298) r(208,145) d(335)
44; r(131,121) a(333,154) r(215,20) r(454,446)
45; r(131,121) d(231) d(136) r(399,429) d(355) a(274,297) d(178)
46; r(131,121) r(400,382) r(182,441) d(468) r(273,227) r(343,341)
47; r(227,390) d(231) r(400,382) r(182,441) a(3,28) r(223,362) a(390,449) d(197)
48; a(159,445) r(388,228) d(344) a(455,434) d(454) a(120,349) a(333,154) a(326,381) a(325,400)
49; d(450) r(384,430) r(400,382) r(182,441) a(3,28) d(197) a(212,164) r(233,239)
50; a(422,441) r(161,199) d(286) d(213) r(382,274) r(472,154) d(210) a(303,233)
51; r(131,121) d(231) d(214) d(172) a(304,350)
52; a(159,445) a(455,434) d(164) a(204,212) a(257,252) a(278,420)
53; r(325,299) d(454) a(120,349) a(333,154) d(467) r(335,349)
54; a(159,445) a(455,434) d(454) a(120,349) a(333,154) d(467) a(231,303)
55; r(325,299) d(164) a(204,212) a(257,252) a(225,113)
--------------------------------------------------------------------------------
Evaluation

0; 0.
1; 0.
2; 0.
3; 0.
4; 0.
5; 0.
6; 0.
7; 0.
8; 0.
9; 0.
10; 0.
11; 0.
12; 0.
13; 0.
14; 0.
15; 0.
16; 0.
17; 0.
18; 0.
19; 0.
20; 0.
21; 0.
22; 0.
23; 0.
24; 0.
25; 0.
26; 0.
27; 0.
28; 0.
29; 0.
30; 0.
31; 0.
32; 0.
33; 0.
34; 0.
35; 0.
36; 0.
37; 0.
38; 0.
39; 0.
40; 0.
41; 0.
42; 0.
43; 0.
44; 10.
45; 0.
46; 0.
47; 0.
48; 0.
49; 0.
50; 0.
51; 0.
52; 0.
53; 0.
54; 0.
55; 0.
================================================================================
Generation 7

--------------------------------------------------------------------------------
Selection

0; 27
1; 31
2; 7
3; 11
4; 48
5; 24
6; 26
7; 55
8; 25
9; 43
10; 25
11; 41
12; 25
13; 11
14; 19
15; 19
16; 36
17; 17
18; 30
19; 0
20; 4
21; 34
22; 40
23; 21
24; 17
25; 36
26; 45
27; 29
28; 42
29; 16
30; 27
31; 40
32; 47
33; 17
34; 3
35; 0
36; 24
37; 28
38; 36
39; 10
--------------------------------------------------------------------------------
Crossover

0; 41, 4; d(450) r(384,430) r(400,382) r(182,441) d(164) a(455,434) d(454) a(120,349) a(333,154) r(419,409) a(159,120)
1; 41, 4; a(159,445) a(399,358) d(212) a(150,41)
2; 41; d(450) r(384,430) r(400,382) r(182,441) d(164) a(399,358) d(212) a(150,41)
3; 4; a(159,445) a(455,434) d(454) a(120,349) a(333,154) r(419,409) a(159,120)
4; 40, 25; a(159,445) r(388,228) r(386,374) a(464,276) r(277,185)
5; 40, 25; a(159,445) r(9,139) d(210) d(245) d(344) r(419,409) a(468,323)
6; 40; a(159,445) r(388,228) d(344) r(419,409) a(468,323)
7; 25; a(159,445) r(9,139) d(210) d(245) r(386,374) a(464,276) r(277,185)
8; 45; r(131,121) d(231) d(136) r(399,429) d(355) a(274,297) d(178)
9; 3; r(325,299) d(164) a(204,212) a(257,252) r(218,274)
10; 27; a(159,445) a(455,434) d(454) a(120,349) a(333,154) d(467) d(347)
11; 17; r(131,121) a(333,154) r(215,20) a(335,113)
12; 48, 34; a(159,445) r(388,228) d(344) a(455,434) d(454) a(120,349) r(400,382) r(182,441) a(3,28) d(197) a(212,164) a(174,355)
13; 48, 34; d(450) r(384,430) a(333,154) a(326,381) a(325,400)
14; 48; a(159,445) r(388,228) d(344) a(455,434) d(454) a(120,349) a(333,154) a(326,381) a(325,400)
15; 34; d(450) r(384,430) r(400,382) r(182,441) a(3,28) d(197) a(212,164) a(174,355)
16; 25, 26; a(159,445) r(9,139) d(210) d(245) d(457) a(257,393) d(146)
17; 25, 26; r(325,299) a(214,462) r(386,374) a(464,276) r(277,185)
18; 25; a(159,445) r(9,139) d(210) d(245) r(386,374) a(464,276) r(277,185)
19; 26; r(325,299) a(214,462) d(457) a(257,393) d(146)
20; 21; d(450) r(384,430) a(213,29) r(339,276) d(467) a(373,113)
21; 19; r(131,121) a(333,154) r(215,20) d(471)
22; 43, 40; r(131,121) r(349,446) a(254,278) r(351,171) r(388,228) d(344) r(419,409) a(468,323)
23; 43, 40; a(159,445) d(298) r(208,145) d(335)
24; 43; r(131,121) r(349,446) a(254,278) r(351,171) d(298) r(208,145) d(335)
25; 40; a(159,445) r(388,228) d(344) r(419,409) a(468,323)
26; 17, 55; r(131,121) a(333,154) r(215,20) a(335,113) d(164) a(204,212) a(257,252) a(225,113)
27; 17, 55; r(325,299)
28; 17; r(131,121) a(333,154) r(215,20) a(335,113)
29; 55; r(325,299) d(164) a(204,212) a(257,252) a(225,113)
30; 24, 7; r(131,121) d(231) d(136) r(399,429) d(287) d(450) r(335,172)
31; 24, 7; a(159,445) r(388,228) d(344) r(419,409) a(133,455)
32; 24; r(131,121) d(231) d(136) r(399,429) d(287) d(450) r(335,172)
33; 7; a(159,445) r(388,228) d(344) r(419,409) a(133,455)
34; 28, 30; r(325,299) a(214,462)
35; 28, 30; r(131,121) d(197) r(431,274) a(248,292) d(457) a(257,393) r(387,381)
36; 28; r(325,299) a(214,462) d(457) a(257,393) r(387,381)
37; 30; r(131,121) d(197) r(431,274) a(248,292)
38; 25, 36; a(159,445) r(9,139) d(210) d(245) r(392,369) a(467,472)
39; 25, 36; r(131,121) d(197) r(386,374) a(464,276) r(277,185)
40; 25; a(159,445) r(9,139) d(210) d(245) r(386,374) a(464,276) r(277,185)
41; 36; r(131,121) d(197) r(392,369) a(467,472)
42; 16; a(422,441) r(161,199) d(286) d(213) r(382,274) r(472,154) d(210) a(351,284)
43; 10; r(131,121) a(13,400)
44; 19, 42; r(131,121) a(333,154) d(351) d(246) a(229,274)
45; 19, 42; a(159,445) d(470) r(399,429) r(215,20) d(471)
46; 19; r(131,121) a(333,154) r(215,20) d(471)
47; 42; a(159,445) d(470) r(399,429) d(351) d(246) a(229,274)
48; 29; a(159,445) a(455,434) d(454) a(120,349) a(333,154) d(467) a(436,398)
49; 0; r(325,299) d(164) a(399,358) r(416,341) a(204,212) a(257,252) d(256)
50; 31, 47; a(159,445) a(455,434) d(454) d(120) r(182,441) a(3,28) r(223,362) a(390,449) d(197)
51; 31, 47; r(227,390) d(231) r(400,382) a(440,1) d(297) d(434)
52; 31; a(159,445) a(455,434) d(454) d(120) a(440,1) d(297) d(434)
53; 47; r(227,390) d(231) r(400,382) r(182,441) a(3,28) r(223,362) a(390,449) d(197)
54; 27; a(159,445) a(455,434) d(454) a(120,349) a(333,154) d(467) d(347)
55; 17; r(131,121) a(333,154) r(215,20) a(335,113)
56; 11, 11; r(131,121) a(333,154) r(215,20) a(338,272)
57; 11, 11; r(131,121) a(333,154) r(215,20) d(231) d(136) r(399,429) d(287) d(450) d(231) d(136) r(399,429) d(287) d(450) a(338,272)
58; 11; r(131,121) a(333,154) r(215,20) d(231) d(136) r(399,429) d(287) d(450) a(338,272)
59; 11; r(131,121) a(333,154) r(215,20) d(231) d(136) r(399,429) d(287) d(450) a(338,272)
60; 36; r(131,121) d(197) r(392,369) a(467,472)
61; 24; r(131,121) d(231) d(136) r(399,429) d(287) d(450) r(335,172)
62; 0; r(325,299) d(164) a(399,358) r(416,341) a(204,212) a(257,252) d(256)
63; 36; r(131,121) d(197) r(392,369) a(467,472)
--------------------------------------------------------------------------------
Mutation

0; d(450) r(384,430) r(400,382) r(182,441) d(164) a(455,434) d(454) a(120,349) a(333,154) r(419,409) a(159,120) r(334,246)
1; a(159,445) a(399,358) d(212) a(150,41) d(256)
2; d(450) r(384,430) r(400,382) r(182,441) d(164) a(399,358) d(212) a(150,41) d(213)
3; a(159,445) a(455,434) d(454) a(120,349) a(333,154) r(419,409) a(159,120) d(206)
4; a(159,445) r(388,228) r(386,374) a(464,276) r(277,185) d(430)
5; a(159,445) r(9,139) d(210) d(245) d(344) r(419,409) a(468,323) r(422,386)
6; a(159,445) r(388,228) d(344) r(419,409) a(468,323) d(385)
7; a(159,445) r(9,139) d(210) d(245) r(386,374) a(464,276) r(277,185) d(328)
8; r(131,121) d(231) d(136) r(399,429) d(355) a(274,297) d(178) r(213,187)
9; r(325,299) d(164) a(204,212) a(257,252) r(218,274) r(207,358)
10; a(159,445) a(455,434) d(454) a(120,349) a(333,154) d(467) d(347) d(116)
11; r(131,121) a(333,154) r(215,20) a(335,113) d(422)
12; a(159,445) r(388,228) d(344) a(455,434) d(454) a(120,349) r(400,382) r(182,441) a(3,28) d(197) a(212,164) a(174,355) r(134,52)
13; d(450) r(384,430) a(333,154) a(326,381) a(325,400) d(149)
14; a(159,445) r(388,228) d(344) a(455,434) d(454) a(120,349) a(333,154) a(326,381) a(325,400) a(181,286)
15; d(450) r(384,430) r(400,382) r(182,441) a(3,28) d(197) a(212,164) a(174,355) r(25,374)
16; a(159,445) r(9,139) d(210) d(245) d(457) a(257,393) d(146) r(376,410)
17; r(325,299) a(214,462) r(386,374) a(464,276) r(277,185) a(229,243)
18; a(159,445) r(9,139) d(210) d(245) r(386,374) a(464,276) r(277,185) d(187)
19; r(325,299) a(214,462) d(457) a(257,393) d(146) r(396,379)
20; d(450) r(384,430) a(213,29) r(339,276) d(467) a(373,113) a(427,9)
21; r(131,121) a(333,154) r(215,20) d(471) d(113)
22; r(131,121) r(349,446) a(254,278) r(351,171) r(388,228) d(344) r(419,409) a(468,323) a(390,276)
23; a(159,445) d(298) r(208,145) d(335) d(279)
24; r(131,121) r(349,446) a(254,278) r(351,171) d(298) r(208,145) d(335) d(212)
25; a(159,445) r(388,228) d(344) r(419,409) a(468,323) r(173,272)
26; r(131,121) a(333,154) r(215,20) a(335,113) d(164) a(204,212) a(257,252) a(225,113) r(134,214)
27; r(325,299) d(382)
28; r(131,121) a(333,154) r(215,20) a(335,113) r(438,350)
29; r(325,299) d(164) a(204,212) a(257,252) a(225,113) r(370,374)
30; r(131,121) d(231) d(136) r(399,429) d(287) d(450) r(335,172) r(159,133)
31; a(159,445) r(388,228) d(344) r(419,409) a(133,455) d(425)
32; r(131,121) d(231) d(136) r(399,429) d(287) d(450) r(335,172) a(138,137)
33; a(159,445) r(388,228) d(344) r(419,409) a(133,455) a(210,341)
34; r(325,299) a(214,462) r(382,136)
35; r(131,121) d(197) r(431,274) a(248,292) d(457) a(257,393) r(387,381) a(115,406)
36; r(325,299) a(214,462) d(457) a(257,393) r(387,381) r(199,120)
37; r(131,121) d(197) r(431,274) a(248,292) r(202,475)
38; a(159,445) r(9,139) d(210) d(245) r(392,369) a(467,472) d(443)
39; r(131,121) d(197) r(386,374) a(464,276) r(277,185) a(178,323)
40; a(159,445) r(9,139) d(210) d(245) r(386,374) a(464,276) r(277,185) d(275)
41; r(131,121) d(197) r(392,369) a(467,472) r(184,330)
42; a(422,441) r(161,199) d(286) d(213) r(382,274) r(472,154) d(210) a(351,284) a(221,445)
43; r(131,121) a(13,400) r(279,290)
44; r(131,121) a(333,154) d(351) d(246) a(229,274) d(361)
45; a(159,445) d(470) r(399,429) r(215,20) d(471) a(121,110)
46; r(131,121) a(333,154) r(215,20) d(471) a(210,2)
47; a(159,445) d(470) r(399,429) d(351) d(246) a(229,274) a(447,227)
48; a(159,445) a(455,434) d(454) a(120,349) a(333,154) d(467) a(436,398) d(119)
49; r(325,299) d(164) a(399,358) r(416,341) a(204,212) a(257,252) d(256) a(413,172)
50; a(159,445) a(455,434) d(454) d(120) r(182,441) a(3,28) r(223,362) a(390,449) d(197) r(210,150)
51; r(227,390) d(231) r(400,382) a(440,1) d(297) d(434) r(391,428)
52; a(159,445) a(455,434) d(454) d(120) a(440,1) d(297) d(434) d(11)
53; r(227,390) d(231) r(400,382) r(182,441) a(3,28) r(223,362) a(390,449) d(197) d(176)
54; a(159,445) a(455,434) d(454) a(120,349) a(333,154) d(467) d(347) d(371)
55; r(131,121) a(333,154) r(215,20) a(335,113) r(258,299)
56; r(131,121) a(333,154) r(215,20) a(338,272) d(212)
57; r(131,121) a(333,154) r(215,20) d(231) d(136) r(399,429) d(287) d(450) d(231) d(136) r(399,429) d(287) d(450) a(338,272) a(419,202)
58; r(131,121) a(333,154) r(215,20) d(231) d(136) r(399,429) d(287) d(450) a(338,272) a(168,52)
59; r(131,121) a(333,154) r(215,20) d(231) d(136) r(399,429) d(287) d(450) a(338,272) d(394)
60; r(131,121) d(197) r(392,369) a(467,472) d(369)
61; r(131,121) d(231) d(136) r(399,429) d(287) d(450) r(335,172) r(13,52)
62; r(325,299) d(164) a(399,358) r(416,341) a(204,212) a(257,252) d(256) d(212)
63; r(131,121) d(197) r(392,369) a(467,472) d(414)
--------------------------------------------------------------------------------
Evaluation

0; 0.
1; 0.
2; 0.
3; 0.
4; 0.
5; 0.
6; 0.
7; 0.
8; 0.
9; 0.
10; 0.
11; 0.
12; 0.
13; 0.
14; 0.
15; 0.
16; 0.
17; 0.
18; 0.
19; 0.
20; 0.
21; 0.
22; 0.
23; 0.
24; 0.
25; 0.
26; 0.
27; 0.
28; 0.
29; 0.
30; 0.
31; 0.
32; 0.
33; 0.
34; 0.
35; 0.
36; 0.
37; 0.
38; 0.
39; 0.
40; 0.
41; 0.
42; 0.
43; 0.
44; 0.
45; 0.
46; 0.
47; 0.
48; 0.
49; 0.
50; 0.
51; 0.
52; 0.
53; 0.
54; 0.
55; 0.
56; 0.
57; 0.
58; 0.
59; 0.
60; 0.
61; 0.
62; 0.
63; 0.
================================================================================
Generation 8

--------------------------------------------------------------------------------
Selection

0; 31
1; 59
2; 21
3; 2
4; 45
5; 8
6; 29
7; 36
8; 45
9; 17
10; 17
11; 23
12; 52
13; 20
14; 34
15; 18
16; 39
17; 61
18; 13
19; 33
20; 61
21; 59
22; 0
23; 14
24; 2
25; 53
26; 59
27; 18
28; 47
29; 52
30; 49
31; 36
32; 49
33; 10
34; 26
35; 5
36; 22
37; 14
38; 7
39; 30
--------------------------------------------------------------------------------
Crossover

0; 33; a(159,445) r(388,228) d(344) r(419,409) a(133,455) a(210,341)
1; 39; r(131,121) d(197) r(386,374) a(464,276) r(277,185) a(178,323)
2; 13, 8; d(450) r(384,430) r(213,187)
3; 13, 8; r(131,121) d(231) d(136) r(399,429) d(355) a(274,297) d(178) a(333,154) a(326,381) a(325,400) d(149)
4; 13; d(450) r(384,430) a(333,154) a(326,381) a(325,400) d(149)
5; 8; r(131,121) d(231) d(136) r(399,429) d(355) a(274,297) d(178) r(213,187)
6; 18, 34; a(159,445) r(9,139) d(210) d(245) r(382,136)
7; 18, 34; r(325,299) a(214,462) r(386,374) a(464,276) r(277,185) d(187)
8; 18; a(159,445) r(9,139) d(210) d(245) r(386,374) a(464,276) r(277,185) d(187)
9; 34; r(325,299) a(214,462) r(382,136)
10; 18; a(159,445) r(9,139) d(210) d(245) r(386,374) a(464,276) r(277,185) d(187)
11; 53; r(227,390) d(231) r(400,382) r(182,441) a(3,28) r(223,362) a(390,449) d(197) d(176)
12; 17; r(325,299) a(214,462) r(386,374) a(464,276) r(277,185) a(229,243)
13; 26; r(131,121) a(333,154) r(215,20) a(335,113) d(164) a(204,212) a(257,252) a(225,113) r(134,214)
14; 31; a(159,445) r(388,228) d(344) r(419,409) a(133,455) d(425)
15; 17; r(325,299) a(214,462) r(386,374) a(464,276) r(277,185) a(229,243)
16; 59; r(131,121) a(333,154) r(215,20) d(231) d(136) r(399,429) d(287) d(450) a(338,272) d(394)
17; 45; a(159,445) d(470) r(399,429) r(215,20) d(471) a(121,110)
18; 23; a(159,445) d(298) r(208,145) d(335) d(279)
19; 20; d(450) r(384,430) a(213,29) r(339,276) d(467) a(373,113) a(427,9)
20; 52; a(159,445) a(455,434) d(454) d(120) a(440,1) d(297) d(434) d(11)
21; 2; d(450) r(384,430) r(400,382) r(182,441) d(164) a(399,358) d(212) a(150,41) d(213)
22; 59, 47; r(131,121) a(333,154) r(215,20) d(231) d(136) r(399,429) d(287) d(470) r(399,429) d(351) d(246) a(229,274) a(447,227)
23; 59, 47; a(159,445) d(450) a(338,272) d(394)
24; 59; r(131,121) a(333,154) r(215,20) d(231) d(136) r(399,429) d(287) d(450) a(338,272) d(394)
25; 47; a(159,445) d(470) r(399,429) d(351) d(246) a(229,274) a(447,227)
26; 21; r(131,121) a(333,154) r(215,20) d(471) d(113)
27; 45; a(159,445) d(470) r(399,429) r(215,20) d(471) a(121,110)
28; 10, 36; a(159,445) a(455,434) a(257,393) r(387,381) r(199,120)
29; 10, 36; r(325,299) a(214,462) d(457) d(454) a(120,349) a(333,154) d(467) d(347) d(116)
30; 10; a(159,445) a(455,434) d(454) a(120,349) a(333,154) d(467) d(347) d(116)
31; 36; r(325,299) a(214,462) d(457) a(257,393) r(387,381) r(199,120)
32; 14, 49; a(159,445) r(388,228) d(344) a(455,434) d(454) a(120,349) a(333,154) a(326,381) a(325,400) a(181,286) a(413,172)
33; 14, 49; r(325,299) d(164) a(399,358) r(416,341) a(204,212) a(257,252) d(256)
34; 14; a(159,445) r(388,228) d(344) a(455,434) d(454) a(120,349) a(333,154) a(326,381) a(325,400) a(181,286)
35; 49; r(325,299) d(164) a(399,358) r(416,341) a(204,212) a(257,252) d(256) a(413,172)
36; 36; r(325,299) a(214,462) d(457) a(257,393) r(387,381) r(199,120)
37; 61; r(131,121) d(231) d(136) r(399,429) d(287) d(450) r(335,172) r(13,52)
38; 30; r(131,121) d(231) d(136) r(399,429) d(287) d(450) r(335,172) r(159,133)
39; 49; r(325,299) d(164) a(399,358) r(416,341) a(204,212) a(257,252) d(256) a(413,172)
40; 52; a(159,445) a(455,434) d(454) d(120) a(440,1) d(297) d(434) d(11)
41; 2; d(450) r(384,430) r(400,382) r(182,441) d(164) a(399,358) d(212) a(150,41) d(213)
42; 22; r(131,121) r(349,446) a(254,278) r(351,171) r(388,228) d(344) r(419,409) a(468,323) a(390,276)
43; 59; r(131,121) a(333,154) r(215,20) d(231) d(136) r(399,429) d(287) d(450) a(338,272) d(394)
44; 29, 5; r(325,299) d(164) a(204,212) a(257,252) a(225,113) r(370,374) r(419,409) a(468,323) r(422,386)
45; 29, 5; a(159,445) r(9,139) d(210) d(245) d(344)
46; 29; r(325,299) d(164) a(204,212) a(257,252) a(225,113) r(370,374)
47; 5; a(159,445) r(9,139) d(210) d(245) d(344) r(419,409) a(468,323) r(422,386)
48; 0, 7; d(450) a(464,276) r(277,185) d(328)
49; 0, 7; a(159,445) r(9,139) d(210) d(245) r(386,374) r(384,430) r(400,382) r(182,441) d(164) a(455,434) d(454) a(120,349) a(333,154) r(419,409) a(159,120) r(334,246)
50; 0; d(450) r(384,430) r(400,382) r(182,441) d(164) a(455,434) d(454) a(120,349) a(333,154) r(419,409) a(159,120) r(334,246)
51; 7; a(159,445) r(9,139) d(210) d(245) r(386,374) a(464,276) r(277,185) d(328)
52; 14, 61; a(159,445) r(388,228) d(344) a(455,434) d(454) a(120,349) a(333,154) a(326,381) a(325,400) a(181,286) d(450) r(335,172) r(13,52)
53; 14, 61; r(131,121) d(231) d(136) r(399,429) d(287)
54; 14; a(159,445) r(388,228) d(344) a(455,434) d(454) a(120,349) a(333,154) a(326,381) a(325,400) a(181,286)
55; 61; r(131,121) d(231) d(136) r(399,429) d(287) d(450) r(335,172) r(13,52)
--------------------------------------------------------------------------------
Mutation

0; a(159,445) r(388,228) d(344) r(419,409) a(133,455) a(210,341) a(471,233)
1; r(131,121) d(197) r(386,374) a(464,276) r(277,185) a(178,323) d(406)
2; d(450) r(384,430) r(213,187) d(425)
3; r(131,121) d(231) d(136) r(399,429) d(355) a(274,297) d(178) a(333,154) a(326,381) a(325,400) d(149) r(292,45)
4; d(450) r(384,430) a(333,154) a(326,381) a(325,400) d(149) d(434)
5; r(131,121) d(231) d(136) r(399,429) d(355) a(274,297) d(178) r(213,187) r(172,413)
6; a(159,445) r(9,139) d(210) d(245) r(382,136) a(381,379)
7; r(325,299) a(214,462) r(386,374) a(464,276) r(277,185) d(187) a(415,436)
8; a(159,445) r(9,139) d(210) d(245) r(386,374) a(464,276) r(277,185) d(187) r(418,382)
9; r(325,299) a(214,462) r(382,136) d(352)
10; a(159,445) r(9,139) d(210) d(245) r(386,374) a(464,276) r(277,185) d(187) a(362,239)
11; r(227,390) d(231) r(400,382) r(182,441) a(3,28) r(223,362) a(390,449) d(197) d(176) a(213,275)
12; r(325,299) a(214,462) r(386,374) a(464,276) r(277,185) a(229,243) a(192,178)
13; r(131,121) a(333,154) r(215,20) a(335,113) d(164) a(204,212) a(257,252) a(225,113) r(134,214) d(244)
14; a(159,445) r(388,228) d(344) r(419,409) a(133,455) d(425) d(228)
15; r(325,299) a(214,462) r(386,374) a(464,276) r(277,185) a(229,243) r(10,202)
16; r(131,121) a(333,154) r(215,20) d(231) d(136) r(399,429) d(287) d(450) a(338,272) d(394) r(447,385)
17; a(159,445) d(470) r(399,429) r(215,20) d(471) a(121,110) a(324,332)
18; a(159,445) d(298) r(208,145) d(335) d(279) d(210)
19; d(450) r(384,430) a(213,29) r(339,276) d(467) a(373,113) a(427,9) d(428)
20; a(159,445) a(455,434) d(454) d(120) a(440,1) d(297) d(434) d(11) r(277,284)
21; d(450) r(384,430) r(400,382) r(182,441) d(164) a(399,358) d(212) a(150,41) d(213) d(166)
22; r(131,121) a(333,154) r(215,20) d(231) d(136) r(399,429) d(287) d(470) r(399,429) d(351) d(246) a(229,274) a(447,227) a(206,434)
23; a(159,445) d(450) a(338,272) d(394) r(276,467)
24; r(131,121) a(333,154) r(215,20) d(231) d(136) r(399,429) d(287) d(450) a(338,272) d(394) a(129,355)
25; a(159,445) d(470) r(399,429) d(351) d(246) a(229,274) a(447,227) a(3,139)
26; r(131,121) a(333,154) r(215,20) d(471) d(113) d(244)
27; a(159,445) d(470) r(399,429) r(215,20) d(471) a(121,110) a(134,123)
28; a(159,445) a(455,434) a(257,393) r(387,381) r(199,120) a(352,358)
29; r(325,299) a(214,462) d(457) d(454) a(120,349) a(333,154) d(467) d(347) d(116) d(253)
30; a(159,445) a(455,434) d(454) a(120,349) a(333,154) d(467) d(347) d(116) r(205,195)
31; r(325,299) a(214,462) d(457) a(257,393) r(387,381) r(199,120) a(361,299)
32; a(159,445) r(388,228) d(344) a(455,434) d(454) a(120,349) a(333,154) a(326,381) a(325,400) a(181,286) a(413,172) a(460,1)
33; r(325,299) d(164) a(399,358) r(416,341) a(204,212) a(257,252) d(256) d(237)
34; a(159,445) r(388,228) d(344) a(455,434) d(454) a(120,349) a(333,154) a(326,381) a(325,400) a(181,286) a(462,434)
35; r(325,299) d(164) a(399,358) r(416,341) a(204,212) a(257,252) d(256) a(413,172) r(403,382)
36; r(325,299) a(214,462) d(457) a(257,393) r(387,381) r(199,120) d(174)
37; r(131,121) d(231) d(136) r(399,429) d(287) d(450) r(335,172) r(13,52) r(396,447)
38; r(131,121) d(231) d(136) r(399,429) d(287) d(450) r(335,172) r(159,133) a(210,393)
39; r(325,299) d(164) a(399,358) r(416,341) a(204,212) a(257,252) d(256) a(413,172) d(150)
40; a(159,445) a(455,434) d(454) d(120) a(440,1) d(297) d(434) d(11) d(422)
41; d(450) r(384,430) r(400,382) r(182,441) d(164) a(399,358) d(212) a(150,41) d(213) d(184)
42; r(131,121) r(349,446) a(254,278) r(351,171) r(388,228) d(344) r(419,409) a(468,323) a(390,276) r(21,29)
43; r(131,121) a(333,154) r(215,20) d(231) d(136) r(399,429) d(287) d(450) a(338,272) d(394) a(387,202)
44; r(325,299) d(164) a(204,212) a(257,252) a(225,113) r(370,374) r(419,409) a(468,323) r(422,386) r(188,227)
45; a(159,445) r(9,139) d(210) d(245) d(344) d(122)
46; r(325,299) d(164) a(204,212) a(257,252) a(225,113) r(370,374) r(275,289)
47; a(159,445) r(9,139) d(210) d(245) d(344) r(419,409) a(468,323) r(422,386) a(22,341)
48; d(450) a(464,276) r(277,185) d(328) a(274,192)
49; a(159,445) r(9,139) d(210) d(245) r(386,374) r(384,430) r(400,382) r(182,441) d(164) a(455,434) d(454) a(120,349) a(333,154) r(419,409) a(159,120) r(334,246) r(224,446)
50; d(450) r(384,430) r(400,382) r(182,441) d(164) a(455,434) d(454) a(120,349) a(333,154) r(419,409) a(159,120) r(334,246) d(129)
51; a(159,445) r(9,139) d(210) d(245) r(386,374) a(464,276) r(277,185) d(328) r(475,464)
52; a(159,445) r(388,228) d(344) a(455,434) d(454) a(120,349) a(333,154) a(326,381) a(325,400) a(181,286) d(450) r(335,172) r(13,52) d(403)
53; r(131,121) d(231) d(136) r(399,429) d(287) d(405)
54; a(159,445) r(388,228) d(344) a(455,434) d(454) a(120,349) a(333,154) a(326,381) a(325,400) a(181,286) d(20)
55; r(131,121) d(231) d(136) r(399,429) d(287) d(450) r(335,172) r(13,52) d(467)
--------------------------------------------------------------------------------
Evaluation

0; 0.
1; 0.
2; 0.
3; 0.
4; 0.
5; 0.
6; 0.
7; 0.
8; 0.
9; 0.
10; 0.
11; 0.
12; 0.
13; 0.
14; 0.
15; 0.
16; 0.
17; 0.
18; 0.
19; 0.
20; 0.
21; 0.
22; 0.
23; 0.
24; 0.
25; 0.
26; 0.
27; 0.
28; 0.
29; 0.
30; 0.
31; 0.
32; 0.
33; 0.
34; 0.
35; 0.
36; 0.
37; 0.
38; 0.
39; 0.
40; 0.
41; 0.
42; 0.
43; 0.
44; 0.
45; 0.
46; 0.
47; 0.
48; 0.
49; 0.
50; 0.
51; 0.
52; 0.
53; 0.
54; 0.
55; 0.
================================================================================
Generation 9

--------------------------------------------------------------------------------
Selection

0; 46
1; 42
2; 21
3; 52
4; 27
5; 6
6; 37
7; 4
8; 23
9; 32
10; 20
11; 45
12; 30
13; 13
14; 12
15; 8
16; 15
17; 8
18; 49
19; 41
20; 23
21; 53
22; 16
23; 17
24; 48
25; 53
26; 18
27; 55
28; 0
29; 25
30; 3
31; 32
32; 52
33; 11
34; 52
35; 13
36; 40
37; 50
38; 2
39; 34
--------------------------------------------------------------------------------
Crossover

0; 52; a(159,445) r(388,228) d(344) a(455,434) d(454) a(120,349) a(333,154) a(326,381) a(325,400) a(181,286) d(450) r(335,172) r(13,52) d(403)
1; 13; r(131,121) a(333,154) r(215,20) a(335,113) d(164) a(204,212) a(257,252) a(225,113) r(134,214) d(244)
2; 20, 0; a(159,445) a(455,434) d(454) d(120) a(440,1) a(210,341) a(471,233)
3; 20, 0; a(159,445) r(388,228) d(344) r(419,409) a(133,455) d(297) d(434) d(11) r(277,284)
4; 20; a(159,445) a(455,434) d(454) d(120) a(440,1) d(297) d(434) d(11) r(277,284)
5; 0; a(159,445) r(388,228) d(344) r(419,409) a(133,455) a(210,341) a(471,233)
6; 37; r(131,121) d(231) d(136) r(399,429) d(287) d(450) r(335,172) r(13,52) r(396,447)
7; 30; a(159,445) a(455,434) d(454) a(120,349) a(333,154) d(467) d(347) d(116) r(205,195)
8; 45; a(159,445) r(9,139) d(210) d(245) d(344) d(122)
9; 52; a(159,445) r(388,228) d(344) a(455,434) d(454) a(120,349) a(333,154) a(326,381) a(325,400) a(181,286) d(450) r(335,172) r(13,52) d(403)
10; 53; r(131,121) d(231) d(136) r(399,429) d(287) d(405)
11; 50; d(450) r(384,430) r(400,382) r(182,441) d(164) a(455,434) d(454) a(120,349) a(333,154) r(419,409) a(159,120) r(334,246) d(129)
12; 46; r(325,299) d(164) a(204,212) a(257,252) a(225,113) r(370,374) r(275,289)
13; 8; a(159,445) r(9,139) d(210) d(245) r(386,374) a(464,276) r(277,185) d(187) r(418,382)
14; 8; a(159,445) r(9,139) d(210) d(245) r(386,374) a(464,276) r(277,185) d(187) r(418,382)
15; 41; d(450) r(384,430) r(400,382) r(182,441) d(164) a(399,358) d(212) a(150,41) d(213) d(184)
16; 18, 34; a(159,445) a(326,381) a(325,400) a(181,286) a(462,434)
17; 18, 34; a(159,445) r(388,228) d(344) a(455,434) d(454) a(120,349) a(333,154) d(298) r(208,145) d(335) d(279) d(210)
18; 18; a(159,445) d(298) r(208,145) d(335) d(279) d(210)
19; 34; a(159,445) r(388,228) d(344) a(455,434) d(454) a(120,349) a(333,154) a(326,381) a(325,400) a(181,286) a(462,434)
20; 52, 42; a(159,445) r(388,228) d(344) a(455,434) d(454) a(120,349) a(333,154) a(326,381) a(325,400) a(181,286) d(450) r(335,172) r(13,52) d(403) a(390,276) r(21,29)
21; 52, 42; r(131,121) r(349,446) a(254,278) r(351,171) r(388,228) d(344) r(419,409) a(468,323)
22; 52; a(159,445) r(388,228) d(344) a(455,434) d(454) a(120,349) a(333,154) a(326,381) a(325,400) a(181,286) d(450) r(335,172) r(13,52) d(403)
23; 42; r(131,121) r(349,446) a(254,278) r(351,171) r(388,228) d(344) r(419,409) a(468,323) a(390,276) r(21,29)
24; 23; a(159,445) d(450) a(338,272) d(394) r(276,467)
25; 25; a(159,445) d(470) r(399,429) d(351) d(246) a(229,274) a(447,227) a(3,139)
26; 3, 21; r(131,121) d(212) a(150,41) d(213) d(166)
27; 3, 21; d(450) r(384,430) r(400,382) r(182,441) d(164) a(399,358) d(231) d(136) r(399,429) d(355) a(274,297) d(178) a(333,154) a(326,381) a(325,400) d(149) r(292,45)
28; 3; r(131,121) d(231) d(136) r(399,429) d(355) a(274,297) d(178) a(333,154) a(326,381) a(325,400) d(149) r(292,45)
29; 21; d(450) r(384,430) r(400,382) r(182,441) d(164) a(399,358) d(212) a(150,41) d(213) d(166)
30; 53, 49; r(131,121) d(231) d(136) a(455,434) d(454) a(120,349) a(333,154) r(419,409) a(159,120) r(334,246) r(224,446)
31; 53, 49; a(159,445) r(9,139) d(210) d(245) r(386,374) r(384,430) r(400,382) r(182,441) d(164) r(399,429) d(287) d(405)
32; 53; r(131,121) d(231) d(136) r(399,429) d(287) d(405)
33; 49; a(159,445) r(9,139) d(210) d(245) r(386,374) r(384,430) r(400,382) r(182,441) d(164) a(455,434) d(454) a(120,349) a(333,154) r(419,409) a(159,120) r(334,246) r(224,446)
34; 17; a(159,445) d(470) r(399,429) r(215,20) d(471) a(121,110) a(324,332)
35; 32; a(159,445) r(388,228) d(344) a(455,434) d(454) a(120,349) a(333,154) a(326,381) a(325,400) a(181,286) a(413,172) a(460,1)
36; 48, 11; d(450) a(464,276) r(277,185) d(328) a(274,192) r(223,362) a(390,449) d(197) d(176) a(213,275)
37; 48, 11; r(227,390) d(231) r(400,382) r(182,441) a(3,28)
38; 48; d(450) a(464,276) r(277,185) d(328) a(274,192)
39; 11; r(227,390) d(231) r(400,382) r(182,441) a(3,28) r(223,362) a(390,449) d(197) d(176) a(213,275)
40; 23, 16; a(159,445) d(450) a(338,272) d(231) d(136) r(399,429) d(287) d(450) a(338,272) d(394) r(447,385)
41; 23, 16; r(131,121) a(333,154) r(215,20) d(394) r(276,467)
42; 23; a(159,445) d(450) a(338,272) d(394) r(276,467)
43; 16; r(131,121) a(333,154) r(215,20) d(231) d(136) r(399,429) d(287) d(450) a(338,272) d(394) r(447,385)
44; 13, 55; r(131,121) a(333,154) r(215,20) a(335,113) d(231) d(136) r(399,429) d(287) d(450) r(335,172) r(13,52) d(467)
45; 13, 55; r(131,121) d(164) a(204,212) a(257,252) a(225,113) r(134,214) d(244)
46; 13; r(131,121) a(333,154) r(215,20) a(335,113) d(164) a(204,212) a(257,252) a(225,113) r(134,214) d(244)
47; 55; r(131,121) d(231) d(136) r(399,429) d(287) d(450) r(335,172) r(13,52) d(467)
48; 2; d(450) r(384,430) r(213,187) d(425)
49; 27; a(159,445) d(470) r(399,429) r(215,20) d(471) a(121,110) a(134,123)
50; 4, 15; d(450) a(214,462) r(386,374) a(464,276) r(277,185) a(229,243) r(10,202)
51; 4, 15; r(325,299) r(384,430) a(333,154) a(326,381) a(325,400) d(149) d(434)
52; 4; d(450) r(384,430) a(333,154) a(326,381) a(325,400) d(149) d(434)
53; 15; r(325,299) a(214,462) r(386,374) a(464,276) r(277,185) a(229,243) r(10,202)
54; 6, 12; a(159,445) r(9,139) d(210) d(245) r(382,136) a(214,462) r(386,374) a(464,276) r(277,185) a(229,243) a(192,178)
55; 6, 12; r(325,299) a(381,379)
56; 6; a(159,445) r(9,139) d(210) d(245) r(382,136) a(381,379)
57; 12; r(325,299) a(214,462) r(386,374) a(464,276) r(277,185) a(229,243) a(192,178)
58; 40, 32; a(159,445) a(325,400) a(181,286) a(413,172) a(460,1)
59; 40, 32; a(159,445) r(388,228) d(344) a(455,434) d(454) a(120,349) a(333,154) a(326,381) a(455,434) d(454) d(120) a(440,1) d(297) d(434) d(11) d(422)
60; 40; a(159,445) a(455,434) d(454) d(120) a(440,1) d(297) d(434) d(11) d(422)
61; 32; a(159,445) r(388,228) d(344) a(455,434) d(454) a(120,349) a(333,154) a(326,381) a(325,400) a(181,286) a(413,172) a(460,1)
--------------------------------------------------------------------------------
Mutation

0; a(159,445) r(388,228) d(344) a(455,434) d(454) a(120,349) a(333,154) a(326,381) a(325,400) a(181,286) d(450) r(335,172) r(13,52) d(403) a(112,162)
1; r(131,121) a(333,154) r(215,20) a(335,113) d(164) a(204,212) a(257,252) a(225,113) r(134,214) d(244) a(120,210)
2; a(159,445) a(455,434) d(454) d(120) a(440,1) a(210,341) a(471,233) a(215,455)
3; a(159,445) r(388,228) d(344) r(419,409) a(133,455) d(297) d(434) d(11) r(277,284) a(149,194)
4; a(159,445) a(455,434) d(454) d(120) a(440,1) d(297) d(434) d(11) r(277,284) r(193,182)
5; a(159,445) r(388,228) d(344) r(419,409) a(133,455) a(210,341) a(471,233) r(453,233)
6; r(131,121) d(231) d(136) r(399,429) d(287) d(450) r(335,172) r(13,52) r(396,447) d(109)
7; a(159,445) a(455,434) d(454) a(120,349) a(333,154) d(467) d(347) d(116) r(205,195) r(416,172)
8; a(159,445) r(9,139) d(210) d(245) d(344) d(122) r(202,448)
9; a(159,445) r(388,228) d(344) a(455,434) d(454) a(120,349) a(333,154) a(326,381) a(325,400) a(181,286) d(450) r(335,172) r(13,52) d(403) a(193,171)
10; r(131,121) d(231) d(136) r(399,429) d(287) d(405) r(154,157)
11; d(450) r(384,430) r(400,382) r(182,441) d(164) a(455,434) d(454) a(120,349) a(333,154) r(419,409) a(159,120) r(334,246) d(129) r(210,157)
12; r(325,299) d(164) a(204,212) a(257,252) a(225,113) r(370,374) r(275,289) r(151,475)
13; a(159,445) r(9,139) d(210) d(245) r(386,374) a(464,276) r(277,185) d(187) r(418,382) d(382)
14; a(159,445) r(9,139) d(210) d(245) r(386,374) a(464,276) r(277,185) d(187) r(418,382) d(22)
15; d(450) r(384,430) r(400,382) r(182,441) d(164) a(399,358) d(212) a(150,41) d(213) d(184) r(436,433)
16; a(159,445) a(326,381) a(325,400) a(181,286) a(462,434) d(409)
17; a(159,445) r(388,228) d(344) a(455,434) d(454) a(120,349) a(333,154) d(298) r(208,145) d(335) d(279) d(210) d(256)
18; a(159,445) d(298) r(208,145) d(335) d(279) d(210) d(438)
19; a(159,445) r(388,228) d(344) a(455,434) d(454) a(120,349) a(333,154) a(326,381) a(325,400) a(181,286) a(462,434) a(292,272)
20; a(159,445) r(388,228) d(344) a(455,434) d(454) a(120,349) a(333,154) a(326,381) a(325,400) a(181,286) d(450) r(335,172) r(13,52) d(403) a(390,276) r(21,29) d(111)
21; r(131,121) r(349,446) a(254,278) r(351,171) r(388,228) d(344) r(419,409) a(468,323) a(187,202)
22; a(159,445) r(388,228) d(344) a(455,434) d(454) a(120,349) a(333,154) a(326,381) a(325,400) a(181,286) d(450) r(335,172) r(13,52) d(403) r(151,289)
23; r(131,121) r(349,446) a(254,278) r(351,171) r(388,228) d(344) r(419,409) a(468,323) a(390,276) r(21,29) d(246)
24; a(159,445) d(450) a(338,272) d(394) r(276,467) a(220,120)
25; a(159,445) d(470) r(399,429) d(351) d(246) a(229,274) a(447,227) a(3,139) a(378,439)
26; r(131,121) d(212) a(150,41) d(213) d(166) d(189)
27; d(450) r(384,430) r(400,382) r(182,441) d(164) a(399,358) d(231) d(136) r(399,429) d(355) a(274,297) d(178) a(333,154) a(326,381) a(325,400) d(149) r(292,45) r(350,446)
28; r(131,121) d(231) d(136) r(399,429) d(355) a(274,297) d(178) a(333,154) a(326,381) a(325,400) d(149) r(292,45) a(397,386)
29; d(450) r(384,430) r(400,382) r(182,441) d(164) a(399,358) d(212) a(150,41) d(213) d(166) r(216,171)
30; r(131,121) d(231) d(136) a(455,434) d(454) a(120,349) a(333,154) r(419,409) a(159,120) r(334,246) r(224,446) d(156)
31; a(159,445) r(9,139) d(210) d(245) r(386,374) r(384,430) r(400,382) r(182,441) d(164) r(399,429) d(287) d(405) r(213,175)
32; r(131,121) d(231) d(136) r(399,429) d(287) d(405) r(333,41)
33; a(159,445) r(9,139) d(210) d(245) r(386,374) r(384,430) r(400,382) r(182,441) d(164) a(455,434) d(454) a(120,349) a(333,154) r(419,409) a(159,120) r(334,246) r(224,446) a(412,455)
34; a(159,445) d(470) r(399,429) r(215,20) d(471) a(121,110) a(324,332) a(197,194)
35; a(159,445) r(388,228) d(344) a(455,434) d(454) a(120,349) a(333,154) a(326,381) a(325,400) a(181,286) a(413,172) a(460,1) a(162,384)
36; d(450) a(464,276) r(277,185) d(328) a(274,192) r(223,362) a(390,449) d(197) d(176) a(213,275) r(369,171)
37; r(227,390) d(231) r(400,382) r(182,441) a(3,28) a(213,164)
38; d(450) a(464,276) r(277,185) d(328) a(274,192) r(332,230)
39; r(227,390) d(231) r(400,382) r(182,441) a(3,28) r(223,362) a(390,449) d(197) d(176) a(213,275) r(221,19)
40; a(159,445) d(450) a(338,272) d(231) d(136) r(399,429) d(287) d(450) a(338,272) d(394) r(447,385) d(432)
41; r(131,121) a(333,154) r(215,20) d(394) r(276,467) a(178,172)
42; a(159,445) d(450) a(338,272) d(394) r(276,467) a(241,400)
43; r(131,121) a(333,154) r(215,20) d(231) d(136) r(399,429) d(287) d(450) a(338,272) d(394) r(447,385) d(204)
44; r(131,121) a(333,154) r(215,20) a(335,113) d(231) d(136) r(399,429) d(287) d(450) r(335,172) r(13,52) d(467) d(332)
45; r(131,121) d(164) a(204,212) a(257,252) a(225,113) r(134,214) d(244) d(432)
46; r(131,121) a(333,154) r(215,20) a(335,113) d(164) a(204,212) a(257,252) a(225,113) r(134,214) d(244) a(431,273)
47; r(131,121) d(231) d(136) r(399,429) d(287) d(450) r(335,172) r(13,52) d(467) d(145)
48; d(450) r(384,430) r(213,187) d(425) r(201,189)
49; a(159,445) d(470) r(399,429) r(215,20) d(471) a(121,110) a(134,123) r(344,447)
50; d(450) a(214,462) r(386,374) a(464,276) r(277,185) a(229,243) r(10,202) d(352)
51; r(325,299) r(384,430) a(333,154) a(326,381) a(325,400) d(149) d(434) r(404,202)
52; d(450) r(384,430) a(333,154) a(326,381) a(325,400) d(149) d(434) d(131)
53; r(325,299) a(214,462) r(386,374) a(464,276) r(277,185) a(229,243) r(10,202) r(167,185)
54; a(159,445) r(9,139) d(210) d(245) r(382,136) a(214,462) r(386,374) a(464,276) r(277,185) a(229,243) a(192,178) d(157)
55; r(325,299) a(381,379) r(440,226)
56; a(159,445) r(9,139) d(210) d(245) r(382,136) a(381,379) a(472,192)
57; r(325,299) a(214,462) r(386,374) a(464,276) r(277,185) a(229,243) a(192,178) r(214,158)
58; a(159,445) a(325,400) a(181,286) a(413,172) a(460,1) a(376,349)
59; a(159,445) r(388,228) d(344) a(455,434) d(454) a(120,349) a(333,154) a(326,381) a(455,434) d(454) d(120) a(440,1) d(297) d(434) d(11) d(422) d(468)
60; a(159,445) a(455,434) d(454) d(120) a(440,1) d(297) d(434) d(11) d(422) a(331,235)
61; a(159,445) r(388,228) d(344) a(455,434) d(454) a(120,349) a(333,154) a(326,381) a(325,400) a(181,286) a(413,172) a(460,1) r(213,355)
--------------------------------------------------------------------------------
Evaluation

0; 0.
1; 0.
2; 0.
3; 0.
4; 0.
5; 0.
6; 0.
7; 0.
8; 0.
9; 0.
10; 0.
11; 0.
12; 0.
13; 0.
14; 0.
15; 0.
16; 0.
17; 0.
18; 0.
19; 0.
20; 0.
21; 0.
22; 0.
23; 0.
24; 0.
25; 0.
26; 0.
27; 0.
28; 0.
29; 0.
30; 0.
31; 0.
32; 0.
33; 0.
34; 0.
35; 0.
36; 0.
37; 0.
38; 0.
39; 0.
40; 0.
41; 0.
42; 0.
43; 0.
44; 0.
45; 0.
46; 0.
47; 0.
48; 0.
49; 0.
50; 0.
51; 0.
52; 0.
53; 0.
54; 0.
55; 0.
56; 0.
57; 0.
58; 0.
59; 0.
60; 0.
61; 0.
================================================================================
Generation 10

--------------------------------------------------------------------------------
Selection

0; 10
1; 11
2; 60
3; 28
4; 5
5; 21
6; 31
7; 31
8; 17
9; 9
10; 54
11; 51
12; 45
13; 45
14; 44
15; 46
16; 6
17; 25
18; 60
19; 44
20; 27
21; 60
22; 47
23; 53
24; 15
25; 44
26; 42
27; 25
28; 51
29; 45
30; 1
31; 20
32; 6
33; 34
34; 45
35; 22
36; 23
37; 29
38; 4
39; 4
--------------------------------------------------------------------------------
Crossover

0; 60; a(159,445) a(455,434) d(454) d(120) a(440,1) d(297) d(434) d(11) d(422) a(331,235)
1; 29; d(450) r(384,430) r(400,382) r(182,441) d(164) a(399,358) d(212) a(150,41) d(213) d(166) r(216,171)
2; 11, 9; d(450) r(384,430) r(400,382) r(182,441) d(164) a(455,434) d(454) a(120,349) a(333,154) r(419,409) d(454) a(120,349) a(333,154) a(326,381) a(325,400) a(181,286) d(450) r(335,172) r(13,52) d(403) a(193,171)
3; 11, 9; a(159,445) r(388,228) d(344) a(455,434) a(159,120) r(334,246) d(129) r(210,157)
4; 11; d(450) r(384,430) r(400,382) r(182,441) d(164) a(455,434) d(454) a(120,349) a(333,154) r(419,409) a(159,120) r(334,246) d(129) r(210,157)
5; 9; a(159,445) r(388,228) d(344) a(455,434) d(454) a(120,349) a(333,154) a(326,381) a(325,400) a(181,286) d(450) r(335,172) r(13,52) d(403) a(193,171)
6; 44, 45; r(131,121) a(333,154) d(164) a(204,212) a(257,252) a(225,113) r(134,214) d(244) d(432)
7; 44, 45; r(131,121) r(215,20) a(335,113) d(231) d(136) r(399,429) d(287) d(450) r(335,172) r(13,52) d(467) d(332)
8; 44; r(131,121) a(333,154) r(215,20) a(335,113) d(231) d(136) r(399,429) d(287) d(450) r(335,172) r(13,52) d(467) d(332)
9; 45; r(131,121) d(164) a(204,212) a(257,252) a(225,113) r(134,214) d(244) d(432)
10; 46, 27; r(131,121) a(333,154) r(215,20) a(335,113) d(164) a(204,212) a(257,252) a(225,113) r(134,214) d(244) a(325,400) d(149) r(292,45) r(350,446)
11; 46, 27; d(450) r(384,430) r(400,382) r(182,441) d(164) a(399,358) d(231) d(136) r(399,429) d(355) a(274,297) d(178) a(333,154) a(326,381) a(431,273)
12; 46; r(131,121) a(333,154) r(215,20) a(335,113) d(164) a(204,212) a(257,252) a(225,113) r(134,214) d(244) a(431,273)
13; 27; d(450) r(384,430) r(400,382) r(182,441) d(164) a(399,358) d(231) d(136) r(399,429) d(355) a(274,297) d(178) a(333,154) a(326,381) a(325,400) d(149) r(292,45) r(350,446)
14; 31; a(159,445) r(9,139) d(210) d(245) r(386,374) r(384,430) r(400,382) r(182,441) d(164) r(399,429) d(287) d(405) r(213,175)
15; 47; r(131,121) d(231) d(136) r(399,429) d(287) d(450) r(335,172) r(13,52) d(467) d(145)
16; 51, 4; r(325,299) r(384,430) a(333,154) d(120) a(440,1) d(297) d(434) d(11) r(277,284) r(193,182)
17; 51, 4; a(159,445) a(455,434) d(454) a(326,381) a(325,400) d(149) d(434) r(404,202)
18; 51; r(325,299) r(384,430) a(333,154) a(326,381) a(325,400) d(149) d(434) r(404,202)
19; 4; a(159,445) a(455,434) d(454) d(120) a(440,1) d(297) d(434) d(11) r(277,284) r(193,182)
20; 25; a(159,445) d(470) r(399,429) d(351) d(246) a(229,274) a(447,227) a(3,139) a(378,439)
21; 20; a(159,445) r(388,228) d(344) a(455,434) d(454) a(120,349) a(333,154) a(326,381) a(325,400) a(181,286) d(450) r(335,172) r(13,52) d(403) a(390,276) r(21,29) d(111)
22; 6, 6; r(131,121) d(231) d(136) r(399,429) d(287) d(450) r(335,172) r(13,52) r(396,447) d(109)
23; 6, 6; r(131,121) d(231) d(136) r(399,429) d(287) d(450) r(335,172) r(13,52) r(396,447) d(109)
24; 6; r(131,121) d(231) d(136) r(399,429) d(287) d(450) r(335,172) r(13,52) r(396,447) d(109)
25; 6; r(131,121) d(231) d(136) r(399,429) d(287) d(450) r(335,172) r(13,52) r(396,447) d(109)
26; 23; r(131,121) r(349,446) a(254,278) r(351,171) r(388,228) d(344) r(419,409) a(468,323) a(390,276) r(21,29) d(246)
27; 4; a(159,445) a(455,434) d(454) d(120) a(440,1) d(297) d(434) d(11) r(277,284) r(193,182)
28; 28; r(131,121) d(231) d(136) r(399,429) d(355) a(274,297) d(178) a(333,154) a(326,381) a(325,400) d(149) r(292,45) a(397,386)
29; 5; a(159,445) r(388,228) d(344) r(419,409) a(133,455) a(210,341) a(471,233) r(453,233)
30; 54, 45; a(159,445) r(9,139) d(210) d(432)
31; 54, 45; r(131,121) d(164) a(204,212) a(257,252) a(225,113) r(134,214) d(244) d(245) r(382,136) a(214,462) r(386,374) a(464,276) r(277,185) a(229,243) a(192,178) d(157)
32; 54; a(159,445) r(9,139) d(210) d(245) r(382,136) a(214,462) r(386,374) a(464,276) r(277,185) a(229,243) a(192,178) d(157)
33; 45; r(131,121) d(164) a(204,212) a(257,252) a(225,113) r(134,214) d(244) d(432)
34; 51; r(325,299) r(384,430) a(333,154) a(326,381) a(325,400) d(149) d(434) r(404,202)
35; 34; a(159,445) d(470) r(399,429) r(215,20) d(471) a(121,110) a(324,332) a(197,194)
36; 45; r(131,121) d(164) a(204,212) a(257,252) a(225,113) r(134,214) d(244) d(432)
37; 21; r(131,121) r(349,446) a(254,278) r(351,171) r(388,228) d(344) r(419,409) a(468,323) a(187,202)
38; 10, 45; r(131,121) d(231) d(244) d(432)
39; 10, 45; r(131,121) d(164) a(204,212) a(257,252) a(225,113) r(134,214) d(136) r(399,429) d(287) d(405) r(154,157)
40; 10; r(131,121) d(231) d(136) r(399,429) d(287) d(405) r(154,157)
41; 45; r(131,121) d(164) a(204,212) a(257,252) a(225,113) r(134,214) d(244) d(432)
42; 60; a(159,445) a(455,434) d(454) d(120) a(440,1) d(297) d(434) d(11) d(422) a(331,235)
43; 42; a(159,445) d(450) a(338,272) d(394) r(276,467) a(241,400)
44; 60; a(159,445) a(455,434) d(454) d(120) a(440,1) d(297) d(434) d(11) d(422) a(331,235)
45; 17; a(159,445) r(388,228) d(344) a(455,434) d(454) a(120,349) a(333,154) d(298) r(208,145) d(335) d(279) d(210) d(256)
46; 22; a(159,445) r(388,228) d(344) a(455,434) d(454) a(120,349) a(333,154) a(326,381) a(325,400) a(181,286) d(450) r(335,172) r(13,52) d(403) r(151,289)
47; 1; r(131,121) a(333,154) r(215,20) a(335,113) d(164) a(204,212) a(257,252) a(225,113) r(134,214) d(244) a(120,210)
48; 44; r(131,121) a(333,154) r(215,20) a(335,113) d(231) d(136) r(399,429) d(287) d(450) r(335,172) r(13,52) d(467) d(332)
49; 15; d(450) r(384,430) r(400,382) r(182,441) d(164) a(399,358) d(212) a(150,41) d(213) d(184) r(436,433)
50; 44, 53; r(131,121) a(333,154) r(215,20) a(335,113) d(231) d(136) r(399,429) d(287) d(450) r(335,172) a(214,462) r(386,374) a(464,276) r(277,185) a(229,243) r(10,202) r(167,185)
51; 44, 53; r(325,299) r(13,52) d(467) d(332)
52; 44; r(131,121) a(333,154) r(215,20) a(335,113) d(231) d(136) r(399,429) d(287) d(450) r(335,172) r(13,52) d(467) d(332)
53; 53; r(325,299) a(214,462) r(386,374) a(464,276) r(277,185) a(229,243) r(10,202) r(167,185)
54; 31; a(159,445) r(9,139) d(210) d(245) r(386,374) r(384,430) r(400,382) r(182,441) d(164) r(399,429) d(287) d(405) r(213,175)
55; 25; a(159,445) d(470) r(399,429) d(351) d(246) a(229,274) a(447,227) a(3,139) a(378,439)
--------------------------------------------------------------------------------
Mutation

0; a(159,445) a(455,434) d(454) d(120) a(440,1) d(297) d(434) d(11) d(422) a(331,235) d(214)
1; d(450) r(384,430) r(400,382) r(182,441) d(164) a(399,358) d(212) a(150,41) d(213) d(166) r(216,171) r(284,413)
2; d(450) r(384,430) r(400,382) r(182,441) d(164) a(455,434) d(454) a(120,349) a(333,154) r(419,409) d(454) a(120,349) a(333,154) a(326,381) a(325,400) a(181,286) d(450) r(335,172) r(13,52) d(403) a(193,171) a(224,374)
3; a(159,445) r(388,228) d(344) a(455,434) a(159,120) r(334,246) d(129) r(210,157) r(301,298)
4; d(450) r(384,430) r(400,382) r(182,441) d(164) a(455,434) d(454) a(120,349) a(333,154) r(419,409) a(159,120) r(334,246) d(129) r(210,157) d(192)
5; a(159,445) r(388,228) d(344) a(455,434) d(454) a(120,349) a(333,154) a(326,381) a(325,400) a(181,286) d(450) r(335,172) r(13,52) d(403) a(193,171) d(294)
6; r(131,121) a(333,154) d(164) a(204,212) a(257,252) a(225,113) r(134,214) d(244) d(432) d(213)
7; r(131,121) r(215,20) a(335,113) d(231) d(136) r(399,429) d(287) d(450) r(335,172) r(13,52) d(467) d(332) a(414,52)
8; r(131,121) a(333,154) r(215,20) a(335,113) d(231) d(136) r(399,429) d(287) d(450) r(335,172) r(13,52) d(467) d(332) a(210,200)
9; r(131,121) d(164) a(204,212) a(257,252) a(225,113) r(134,214) d(244) d(432) d(287)
10; r(131,121) a(333,154) r(215,20) a(335,113) d(164) a(204,212) a(257,252) a(225,113) r(134,214) d(244) a(325,400) d(149) r(292,45) r(350,446) d(110)
11; d(450) r(384,430) r(400,382) r(182,441) d(164) a(399,358) d(231) d(136) r(399,429) d(355) a(274,297) d(178) a(333,154) a(326,381) a(431,273) r(229,446)
12; r(131,121) a(333,154) r(215,20) a(335,113) d(164) a(204,212) a(257,252) a(225,113) r(134,214) d(244) a(431,273) d(334)
13; d(450) r(384,430) r(400,382) r(182,441) d(164) a(399,358) d(231) d(136) r(399,429) d(355) a(274,297) d(178) a(333,154) a(326,381) a(325,400) d(149) r(292,45) r(350,446) r(192,294)
14; a(159,445) r(9,139) d(210) d(245) r(386,374) r(384,430) r(400,382) r(182,441) d(164) r(399,429) d(287) d(405) r(213,175) d(212)
15; r(131,121) d(231) d(136) r(399,429) d(287) d(450) r(335,172) r(13,52) d(467) d(145) d(382)
16; r(325,299) r(384,430) a(333,154) d(120) a(440,1) d(297) d(434) d(11) r(277,284) r(193,182) a(362,242)
17; a(159,445) a(455,434) d(454) a(326,381) a(325,400) d(149) d(434) r(404,202) r(13,23)
18; r(325,299) r(384,430) a(333,154) a(326,381) a(325,400) d(149) d(434) r(404,202) r(324,228)
19; a(159,445) a(455,434) d(454) d(120) a(440,1) d(297) d(434) d(11) r(277,284) r(193,182) r(218,220)
20; a(159,445) d(470) r(399,429) d(351) d(246) a(229,274) a(447,227) a(3,139) a(378,439) d(432)
21; a(159,445) r(388,228) d(344) a(455,434) d(454) a(120,349) a(333,154) a(326,381) a(325,400) a(181,286) d(450) r(335,172) r(13,52) d(403) a(390,276) r(21,29) d(111) a(279,258)
22; r(131,121) d(231) d(136) r(399,429) d(287) d(450) r(335,172) r(13,52) r(396,447) d(109) r(147,192)
23; r(131,121) d(231) d(136) r(399,429) d(287) d(450) r(335,172) r(13,52) r(396,447) d(109) d(352)
24; r(131,121) d(231) d(136) r(399,429) d(287) d(450) r(335,172) r(13,52) r(396,447) d(109) d(472)
25; r(131,121) d(231) d(136) r(399,429) d(287) d(450) r(335,172) r(13,52) r(396,447) d(109) d(281)
26; r(131,121) r(349,446) a(254,278) r(351,171) r(388,228) d(344) r(419,409) a(468,323) a(390,276) r(21,29) d(246) a(212,21)
27; a(159,445) a(455,434) d(454) d(120) a(440,1) d(297) d(434) d(11) r(277,284) r(193,182) a(387,415)
28; r(131,121) d(231) d(136) r(399,429) d(355) a(274,297) d(178) a(333,154) a(326,381) a(325,400) d(149) r(292,45) a(397,386) r(422,139)
29; a(159,445) r(388,228) d(344) r(419,409) a(133,455) a(210,341) a(471,233) r(453,233) r(214,213)
30; a(159,445) r(9,139) d(210) d(432) d(455)
31; r(131,121) d(164) a(204,212) a(257,252) a(225,113) r(134,214) d(244) d(245) r(382,136) a(214,462) r(386,374) a(464,276) r(277,185) a(229,243) a(192,178) d(157) d(215)
32; a(159,445) r(9,139) d(210) d(245) r(382,136) a(214,462) r(386,374) a(464,276) r(277,185) a(229,243) a(192,178) d(157) r(291,28)
33; r(131,121) d(164) a(204,212) a(257,252) a(225,113) r(134,214) d(244) d(432) d(353)
34; r(325,299) r(384,430) a(333,154) a(326,381) a(325,400) d(149) d(434) r(404,202) a(210,113)
35; a(159,445) d(470) r(399,429) r(215,20) d(471) a(121,110) a(324,332) a(197,194) a(213,341)
36; r(131,121) d(164) a(204,212) a(257,252) a(225,113) r(134,214) d(244) d(432) r(438,171)
37; r(131,121) r(349,446) a(254,278) r(351,171) r(388,228) d(344) r(419,409) a(468,323) a(187,202) a(22,13)
38; r(131,121) d(231) d(244) d(432) a(396,393)
39; r(131,121) d(164) a(204,212) a(257,252) a(225,113) r(134,214) d(136) r(399,429) d(287) d(405) r(154,157) a(162,208)
40; r(131,121) d(231) d(136) r(399,429) d(287) d(405) r(154,157) d(435)
41; r(131,121) d(164) a(204,212) a(257,252) a(225,113) r(134,214) d(244) d(432) d(249)
42; a(159,445) a(455,434) d(454) d(120) a(440,1) d(297) d(434) d(11) d(422) a(331,235) r(350,214)
43; a(159,445) d(450) a(338,272) d(394) r(276,467) a(241,400) a(223,226)
44; a(159,445) a(455,434) d(454) d(120) a(440,1) d(297) d(434) d(11) d(422) a(331,235) d(370)
45; a(159,445) r(388,228) d(344) a(455,434) d(454) a(120,349) a(333,154) d(298) r(208,145) d(335) d(279) d(210) d(256) r(212,150)
46; a(159,445) r(388,228) d(344) a(455,434) d(454) a(120,349) a(333,154) a(326,381) a(325,400) a(181,286) d(450) r(335,172) r(13,52) d(403) r(151,289) d(419)
47; r(131,121) a(333,154) r(215,20) a(335,113) d(164) a(204,212) a(257,252) a(225,113) r(134,214) d(244) a(120,210) a(230,304)
48; r(131,121) a(333,154) r(215,20) a(335,113) d(231) d(136) r(399,429) d(287) d(450) r(335,172) r(13,52) d(467) d(332) a(116,143)
49; d(450) r(384,430) r(400,382) r(182,441) d(164) a(399,358) d(212) a(150,41) d(213) d(184) r(436,433) a(138,384)
50; r(131,121) a(333,154) r(215,20) a(335,113) d(231) d(136) r(399,429) d(287) d(450) r(335,172) a(214,462) r(386,374) a(464,276) r(277,185) a(229,243) r(10,202) r(167,185) d(227)
51; r(325,299) r(13,52) d(467) d(332) a(371,120)
52; r(131,121) a(333,154) r(215,20) a(335,113) d(231) d(136) r(399,429) d(287) d(450) r(335,172) r(13,52) d(467) d(332) d(291)
53; r(325,299) a(214,462) r(386,374) a(464,276) r(277,185) a(229,243) r(10,202) r(167,185) r(116,274)
54; a(159,445) r(9,139) d(210) d(245) r(386,374) r(384,430) r(400,382) r(182,441) d(164) r(399,429) d(287) d(405) r(213,175) d(277)
55; a(159,445) d(470) r(399,429) d(351) d(246) a(229,274) a(447,227) a(3,139) a(378,439) r(22,38)
--------------------------------------------------------------------------------
Evaluation

0; 0.
1; 0.
2; 0.
3; 0.
4; 0.
5; 0.
6; 0.
7; 0.
8; 0.
9; 0.
10; 0.
11; 10.
12; 0.
13; 0.
14; 0.
15; 0.
16; 0.
17; 0.
18; 0.
19; 0.
20; 0.
21; 0.
22; 0.
23; 0.
24; 0.
25; 0.
26; 0.
27; 0.
28; 0.
29; 0.
30; 0.
31; 0.
32; 0.
33; 0.
34; 0.
35; 0.
36; 0.
37; 0.
38; 0.
39; 0.
40; 0.
41; 0.
42; 0.
43; 0.
44; 0.
45; 0.
46; 0.
47; 0.
48; 0.
49; 0.
50; 0.
51; 0.
52; 0.
53; 0.
54; 0.
55; 0.
