================================================================================
Enclosure

1: 0
2: 0
3: 0
4: 3
5: 4
6: 4
7: 4
8: 4
9: 3
10: 0
11: 0
12: 11
13: 11
14: 0
15: 0
16: 15
17: 15
18: 15
19: 15
20: 0
21: 0
22: 0
23: 0
24: 0
25: 0
26: 0
28: 26
29: 0
31: 29
32: 0
33: 0
34: 0
35: 0
37: 35
38: 0
39: 0
40: 39
41: 40
43: 39
45: 43
46: 39
47: 0
48: 0
50: 48
52: 50
53: 0
54: 0
56: 0
58: 56
59: 0
60: 0
61: 0
62: 0
64: 0
65: 0
67: 0
68: 0
69: 0
70: 0
71: 0
72: 71
73: 72
75: 71
76: 71
77: 71
78: 0
79: 78
80: 78
81: 78
82: 78
83: 82
84: 83
86: 82
87: 82
88: 82
89: 78
90: 0
91: 0
92: 0
93: 92
94: 93
95: 93
96: 92
97: 96
98: 96
99: 96
100: 92
101: 100
102: 100
103: 92
104: 92
105: 0
106: 105
107: 105
108: 0
109: 0
110: 0
111: 0
112: 111
113: 112
115: 111
116: 111
117: 0
118: 0
119: 118
120: 118
121: 0
122: 0
123: 0
124: 0
126: 0
127: 126
128: 126
129: 126
130: 126
131: 126
132: 126
133: 126
134: 0
135: 134
136: 134
137: 0
138: 137
139: 137
141: 0
142: 0
143: 0
145: 0
146: 0
147: 0
148: 0
149: 148
150: 149
151: 149
152: 149
153: 152
154: 153
156: 152
157: 152
158: 149
159: 149
160: 149
161: 160
162: 161
164: 160
165: 160
166: 148
167: 166
168: 167
170: 167
171: 166
172: 148
173: 148
174: 0
175: 0
176: 175
177: 175
178: 177
180: 175
181: 175
182: 181
183: 181
184: 181
185: 184
187: 181
188: 181
189: 181
190: 189
192: 189
193: 175
194: 193
195: 193
197: 193
198: 175
199: 0
200: 0
201: 200
202: 201
204: 200
205: 0
206: 205
207: 205
208: 207
210: 207
211: 205
212: 0
213: 0
214: 0
215: 0
216: 0
217: 0
218: 217
219: 217
220: 217
221: 220
223: 217
224: 217
225: 217
226: 225
227: 225
228: 0
229: 0
230: 0
231: 0
232: 231
233: 232
235: 231
236: 231
237: 231
238: 231
239: 231
240: 231
241: 231
242: 231
243: 231
244: 231
245: 231
246: 231
247: 231
248: 231
249: 231
250: 231
251: 231
252: 231
253: 0
254: 0
255: 0
256: 0
257: 0
258: 257
259: 258
260: 258
261: 258
262: 258
263: 262
264: 263
266: 262
268: 266
269: 262
270: 262
271: 262
272: 258
273: 257
274: 257
275: 257
276: 257
277: 0
278: 277
279: 278
280: 279
281: 280
284: 278
286: 277
287: 0
289: 287
290: 0
291: 0
292: 291
293: 292
294: 293
297: 291
298: 291
299: 291
300: 291
301: 291
303: 301
304: 291
305: 304
306: 304
307: 304
308: 304
309: 304
311: 309
312: 304
313: 304
314: 304
315: 304
316: 315
317: 316
319: 315
320: 315
321: 304
323: 304
324: 0
325: 0
326: 0
327: 0
328: 0
330: 328
331: 0
332: 0
333: 0
334: 0
335: 0
337: 335
338: 0
339: 0
340: 339
341: 340
343: 339
344: 339
346: 344
347: 346
349: 347
350: 346
351: 339
352: 351
353: 352
355: 353
356: 352
357: 352
358: 351
359: 339
360: 0
361: 360
362: 360
364: 0
365: 0
367: 0
368: 0
369: 0
370: 369
371: 369
372: 371
373: 371
374: 373
376: 0
377: 376
378: 377
379: 377
380: 379
381: 379
382: 377
384: 377
385: 376
386: 0
387: 386
388: 386
390: 386
391: 0
392: 391
393: 391
394: 0
396: 394
397: 396
398: 396
399: 398
400: 398
401: 396
402: 396
403: 396
404: 403
405: 404
406: 405
409: 403
410: 403
411: 396
412: 411
413: 411
414: 396
415: 396
416: 0
417: 0
418: 0
419: 418
420: 418
421: 0
422: 421
423: 421
424: 421
425: 424
427: 421
428: 0
429: 428
430: 428
431: 0
432: 431
433: 431
434: 431
435: 0
436: 0
437: 0
438: 0
439: 438
440: 438
441: 438
442: 0
443: 0
444: 443
445: 444
446: 444
447: 444
448: 443
449: 443
450: 0
451: 0
452: 0
453: 0
454: 453
455: 454
457: 453
458: 453
459: 453
460: 0
461: 460
462: 460
463: 0
464: 0
465: 0
466: 465
467: 465
468: 0
469: 0
470: 469
471: 469
472: 0
473: 0
474: 473
475: 473
477: 0
478: 0
479: 0
================================================================================
Initialisation

0; r(159,136); 5.
1; d(220); 0.
2; a(280,1); 5.
3; r(442,437); 0.
4; r(181,160); 0.
5; r(415,227); 5.
6; a(403,2); 5.
7; r(404,272); 0.
8; r(201,148); 0.
9; r(231,41); 0.
10; a(128,111); 5.
11; r(11,133); 5.
12; r(202,149); 2.
13; a(200,393); 5.
14; a(371,422); 5.
15; a(371,173); 5.
16; r(212,286); 5.
17; d(210); 5.
18; a(272,162); 5.
19; d(362); 5.
20; a(465,464); 0.
21; r(118,281); 0.
22; a(23,173); 5.
23; d(214); 5.
24; d(143); 0.
25; a(335,471); 5.
26; r(116,393); 0.
27; d(424); 0.
28; a(227,192); 5.
29; r(210,455); 5.
30; d(184); 1.
31; a(273,304); 0.
32; d(382); 0.
33; d(14); 0.
34; d(214); 5.
35; a(210,210); 5.
36; r(449,210); 5.
37; a(472,113); 5.
38; r(175,349); 0.
39; original; 5.
================================================================================
Generation 1

--------------------------------------------------------------------------------
Selection

0; 16
1; 9
2; 9
3; 27
4; 8
5; 23
6; 6
7; 25
8; 7
9; 24
10; 32
11; 23
12; 36
13; 22
14; 31
15; 4
16; 1
17; 32
18; 8
19; 26
20; 37
21; 3
22; 9
23; 1
24; 39
25; 26
26; 26
27; 30
28; 26
29; 26
30; 26
31; 20
32; 39
33; 21
34; 4
35; 20
36; 5
37; 21
38; 32
39; 8
--------------------------------------------------------------------------------
Crossover

0; 3, 26; r(442,437)
1; 3, 26; r(116,393)
2; 3; r(442,437)
3; 26; r(116,393)
4; 5; r(415,227)
5; 8; r(201,148)
6; 30, 32; d(184)
7; 30, 32; d(382)
8; 30; d(184)
9; 32; d(382)
10; 23; d(214)
11; 24; d(143)
12; 31; a(273,304)
13; 32; d(382)
14; 6, 7; a(403,2)
15; 6, 7; r(404,272)
16; 6; a(403,2)
17; 7; r(404,272)
18; 26, 4; r(116,393)
19; 26, 4; r(181,160)
20; 26; r(116,393)
21; 4; r(181,160)
22; 26; r(116,393)
23; 26; r(116,393)
24; 23, 20; d(214)
25; 23, 20; a(465,464)
26; 23; d(214)
27; 20; a(465,464)
28; 9, 25; r(231,41)
29; 9, 25; a(335,471)
30; 9; r(231,41)
31; 25; a(335,471)
32; 36; r(449,210)
33; 32; d(382)
34; 21; r(118,281)
35; 20; a(465,464)
36; 1; d(220)
37; 9; r(231,41)
38; 16; r(212,286)
39; 22; a(23,173)
40; 37, 8; a(472,113)
41; 37, 8; r(201,148)
42; 37; a(472,113)
43; 8; r(201,148)
44; 27; d(424)
45; 21; r(118,281)
46; 9, 26; r(231,41)
47; 9, 26; r(116,393)
48; 9; r(231,41)
49; 26; r(116,393)
50; 4, 39; r(181,160)
51; 4, 39; original
52; 4; r(181,160)
53; 39; original
54; 8; r(201,148)
55; 39; original
56; 1; d(220)
57; 26; r(116,393)
--------------------------------------------------------------------------------
Mutation

0; r(442,437) r(472,21)
1; r(116,393) d(258)
2; r(442,437) d(451)
3; r(116,393) a(297,362)
4; r(415,227) d(293)
5; r(201,148) a(471,349)
6; d(184) d(355)
7; d(382) a(130,210)
8; d(184) r(465,197)
9; d(382) a(249,339)
10; d(214) d(213)
11; d(143) d(357)
12; a(273,304) d(340)
13; d(382) r(402,31)
14; a(403,2) r(238,29)
15; r(404,272) d(173)
16; a(403,2) a(385,446)
17; r(404,272) d(124)
18; r(116,393) a(233,462)
19; r(181,160) r(132,358)
20; r(116,393) r(9,337)
21; r(181,160) r(215,446)
22; r(116,393) a(291,41)
23; r(116,393) d(425)
24; d(214) a(339,28)
25; a(465,464) d(248)
26; d(214) a(303,239)
27; a(465,464) d(439)
28; r(231,41) a(451,133)
29; a(335,471) a(454,52)
30; r(231,41) a(25,24)
31; a(335,471) a(278,236)
32; r(449,210) a(113,210)
33; d(382) d(361)
34; r(118,281) d(142)
35; a(465,464) a(379,448)
36; d(220) r(254,331)
37; r(231,41) a(145,205)
38; r(212,286) a(340,248)
39; a(23,173) a(440,385)
40; a(472,113) d(390)
41; r(201,148) a(189,337)
42; a(472,113) r(455,461)
43; r(201,148) r(200,221)
44; d(424) d(343)
45; r(118,281) r(199,28)
46; r(231,41) r(120,445)
47; r(116,393) r(210,455)
48; r(231,41) r(382,227)
49; r(116,393) d(327)
50; r(181,160) a(382,376)
51; r(254,113)
52; r(181,160) r(146,374)
53; r(396,37)
54; r(201,148) r(213,202)
55; d(405)
56; d(220) r(442,197)
57; r(116,393) a(420,444)
--------------------------------------------------------------------------------
Evaluation

0; 0.
1; 0.
2; 0.
3; 0.
4; 0.
5; 0.
6; 1.
7; 0.
8; 0.
9; 0.
10; 5.
11; 0.
12; 0.
13; 0.
14; 0.
15; 0.
16; 10.
17; 0.
18; 0.
19; 0.
20; 0.
21; 10.
22; 0.
23; 0.
24; 5.
25; 0.
26; 5.
27; 0.
28; 0.
29; 5.
30; 0.
31; 5.
32; 5.
33; 0.
34; 10.
35; 0.
36; 0.
37; 0.
38; 5.
39; 5.
40; 5.
41; 0.
42; 5.
43; 0.
44; 0.
45; 0.
46; 0.
47; 0.
48; 0.
49; 0.
50; 0.
51; 5.
52; 0.
53; 0.
54; 0.
55; 5.
56; 0.
57; 0.
================================================================================
Generation 2

--------------------------------------------------------------------------------
Selection

0; 49
1; 52
2; 45
3; 53
4; 18
5; 18
6; 41
7; 7
8; 15
9; 53
10; 11
11; 0
12; 28
13; 2
14; 48
15; 15
16; 0
17; 19
18; 11
19; 2
20; 35
21; 22
22; 3
23; 49
24; 50
25; 50
26; 13
27; 43
28; 41
29; 6
30; 3
31; 41
32; 15
33; 47
34; 56
35; 13
36; 57
37; 12
38; 7
39; 33
--------------------------------------------------------------------------------
Crossover

0; 3, 52; r(116,393) a(297,362)
1; 3, 52; r(181,160) r(146,374)
2; 3; r(116,393) a(297,362)
3; 52; r(181,160) r(146,374)
4; 45; r(118,281) r(199,28)
5; 2; r(442,437) d(451)
6; 47; r(116,393) r(210,455)
7; 49; r(116,393) d(327)
8; 56, 48; d(220) r(442,197) r(382,227)
9; 56, 48; r(231,41)
10; 56; d(220) r(442,197)
11; 48; r(231,41) r(382,227)
12; 0; r(442,437) r(472,21)
13; 7; d(382) a(130,210)
14; 15; r(404,272) d(173)
15; 50; r(181,160) a(382,376)
16; 19, 49; r(181,160) r(132,358) d(327)
17; 19, 49; r(116,393)
18; 19; r(181,160) r(132,358)
19; 49; r(116,393) d(327)
20; 2; r(442,437) d(451)
21; 15; r(404,272) d(173)
22; 18, 7; r(116,393) a(233,462) a(130,210)
23; 18, 7; d(382)
24; 18; r(116,393) a(233,462)
25; 7; d(382) a(130,210)
26; 33; d(382) d(361)
27; 15; r(404,272) d(173)
28; 43, 13; r(201,148) r(200,221) r(402,31)
29; 43, 13; d(382)
30; 43; r(201,148) r(200,221)
31; 13; d(382) r(402,31)
32; 41; r(201,148) a(189,337)
33; 13; d(382) r(402,31)
34; 12; a(273,304) d(340)
35; 53; r(396,37)
36; 11; d(143) d(357)
37; 41; r(201,148) a(189,337)
38; 3, 50; r(116,393) a(297,362)
39; 3, 50; r(181,160) a(382,376)
40; 3; r(116,393) a(297,362)
41; 50; r(181,160) a(382,376)
42; 53; r(396,37)
43; 0; r(442,437) r(472,21)
44; 41, 22; r(201,148)
45; 41, 22; r(116,393) a(291,41) a(189,337)
46; 41; r(201,148) a(189,337)
47; 22; r(116,393) a(291,41)
48; 6; d(184) d(355)
49; 28; r(231,41) a(451,133)
50; 35; a(465,464) a(379,448)
51; 57; r(116,393) a(420,444)
52; 18, 11; r(116,393)
53; 18, 11; d(143) d(357) a(233,462)
54; 18; r(116,393) a(233,462)
55; 11; d(143) d(357)
--------------------------------------------------------------------------------
Mutation

0; r(116,393) a(297,362) a(174,136)
1; r(181,160) r(146,374) a(139,226)
2; r(116,393) a(297,362) a(228,172)
3; r(181,160) r(146,374) a(230,197)
4; r(118,281) r(199,28) d(294)
5; r(442,437) d(451) a(227,223)
6; r(116,393) r(210,455) a(3,227)
7; r(116,393) d(327) d(119)
8; d(220) r(442,197) r(382,227) r(381,435)
9; r(231,41) d(391)
10; d(220) r(442,197) d(213)
11; r(231,41) r(382,227) r(441,447)
12; r(442,437) r(472,21) d(422)
13; d(382) a(130,210) d(463)
14; r(404,272) d(173) d(212)
15; r(181,160) a(382,376) a(399,9)
16; r(181,160) r(132,358) d(327) d(214)
17; r(116,393) r(472,473)
18; r(181,160) r(132,358) d(286)
19; r(116,393) d(327) a(369,381)
20; r(442,437) d(451) r(118,130)
21; r(404,272) d(173) d(440)
22; r(116,393) a(233,462) a(130,210) d(391)
23; d(382) d(171)
24; r(116,393) a(233,462) r(399,385)
25; d(382) a(130,210) a(111,281)
26; d(382) d(361) r(258,298)
27; r(404,272) d(173) r(241,352)
28; r(201,148) r(200,221) r(402,31) d(410)
29; d(382) a(338,381)
30; r(201,148) r(200,221) d(453)
31; d(382) r(402,31) r(468,357)
32; r(201,148) a(189,337) a(453,172)
33; d(382) r(402,31) a(377,475)
34; a(273,304) d(340) a(475,172)
35; r(396,37) d(467)
36; d(143) d(357) a(379,303)
37; r(201,148) a(189,337) a(472,233)
38; r(116,393) a(297,362) r(192,171)
39; r(181,160) a(382,376) r(197,22)
40; r(116,393) a(297,362) r(213,165)
41; r(181,160) a(382,376) a(24,349)
42; r(396,37) r(356,328)
43; r(442,437) r(472,21) d(429)
44; r(201,148) a(214,226)
45; r(116,393) a(291,41) a(189,337) r(214,204)
46; r(201,148) a(189,337) d(210)
47; r(116,393) a(291,41) r(439,446)
48; d(184) d(355) a(25,113)
49; r(231,41) a(451,133) r(428,446)
50; a(465,464) a(379,448) d(206)
51; r(116,393) a(420,444) d(176)
52; r(116,393) d(200)
53; d(143) d(357) a(233,462) a(257,385)
54; r(116,393) a(233,462) d(292)
55; d(143) d(357) a(346,352)
--------------------------------------------------------------------------------
Evaluation

0; 0.
1; 0.
2; 0.
3; 0.
4; 0.
5; 0.
6; 0.
7; 0.
8; 0.
9; 0.
10; 0.
11; 0.
12; 0.
13; 0.
14; 0.
15; 0.
16; 0.
17; 0.
18; 0.
19; 0.
20; 0.
21; 0.
22; 0.
23; 0.
24; 0.
25; 0.
26; 0.
27; 0.
28; 0.
29; 0.
30; 0.
31; 0.
32; 0.
33; 0.
34; 0.
35; 0.
36; 0.
37; 0.
38; 0.
39; 0.
40; 0.
41; 0.
42; 0.
43; 0.
44; 0.
45; 0.
46; 0.
47; 0.
48; 1.
49; 10.
50; 0.
51; 0.
52; 0.
53; 0.
54; 0.
55; 0.
================================================================================
Generation 3

--------------------------------------------------------------------------------
Selection

0; 50
1; 21
2; 50
3; 54
4; 21
5; 33
6; 21
7; 28
8; 35
9; 22
10; 27
11; 44
12; 20
13; 55
14; 17
15; 40
16; 19
17; 26
18; 19
19; 16
20; 36
21; 50
22; 3
23; 31
24; 44
25; 23
26; 47
27; 29
28; 45
29; 54
30; 23
31; 9
32; 16
33; 23
34; 35
35; 9
36; 6
37; 9
38; 27
39; 35
--------------------------------------------------------------------------------
Crossover

0; 26; d(382) d(361) r(258,298)
1; 17; r(116,393) r(472,473)
2; 23; d(382) d(171)
3; 3; r(181,160) r(146,374) a(230,197)
4; 35; r(396,37) d(467)
5; 21; r(404,272) d(173) d(440)
6; 20; r(442,437) d(451) r(118,130)
7; 27; r(404,272) d(173) r(241,352)
8; 27; r(404,272) d(173) r(241,352)
9; 33; d(382) r(402,31) a(377,475)
10; 9, 19; r(231,41)
11; 9, 19; r(116,393) d(327) a(369,381) d(391)
12; 9; r(231,41) d(391)
13; 19; r(116,393) d(327) a(369,381)
14; 16, 31; r(181,160) r(468,357)
15; 16, 31; d(382) r(402,31) r(132,358) d(327) d(214)
16; 16; r(181,160) r(132,358) d(327) d(214)
17; 31; d(382) r(402,31) r(468,357)
18; 9, 28; r(231,41) d(391) r(200,221) r(402,31) d(410)
19; 9, 28; r(201,148)
20; 9; r(231,41) d(391)
21; 28; r(201,148) r(200,221) r(402,31) d(410)
22; 54, 54; r(116,393) d(292)
23; 54, 54; r(116,393) a(233,462) a(233,462) d(292)
24; 54; r(116,393) a(233,462) d(292)
25; 54; r(116,393) a(233,462) d(292)
26; 44; r(201,148) a(214,226)
27; 50; a(465,464) a(379,448) d(206)
28; 50; a(465,464) a(379,448) d(206)
29; 36; d(143) d(357) a(379,303)
30; 23, 21; d(382) d(171)
31; 23, 21; r(404,272) d(173) d(440)
32; 23; d(382) d(171)
33; 21; r(404,272) d(173) d(440)
34; 44; r(201,148) a(214,226)
35; 50; a(465,464) a(379,448) d(206)
36; 23, 16; d(382) d(171) d(214)
37; 23, 16; r(181,160) r(132,358) d(327)
38; 23; d(382) d(171)
39; 16; r(181,160) r(132,358) d(327) d(214)
40; 55, 45; d(143) d(357) a(346,352)
41; 55, 45; r(116,393) a(291,41) a(189,337) r(214,204)
42; 55; d(143) d(357) a(346,352)
43; 45; r(116,393) a(291,41) a(189,337) r(214,204)
44; 6; r(116,393) r(210,455) a(3,227)
45; 40; r(116,393) a(297,362) r(213,165)
46; 47; r(116,393) a(291,41) r(439,446)
47; 9; r(231,41) d(391)
48; 29; d(382) a(338,381)
49; 21; r(404,272) d(173) d(440)
50; 35, 22; r(396,37) d(467) a(130,210) d(391)
51; 35, 22; r(116,393) a(233,462)
52; 35; r(396,37) d(467)
53; 22; r(116,393) a(233,462) a(130,210) d(391)
54; 19, 35; r(116,393) d(467)
55; 19, 35; r(396,37) d(327) a(369,381)
56; 19; r(116,393) d(327) a(369,381)
57; 35; r(396,37) d(467)
--------------------------------------------------------------------------------
Mutation

0; d(382) d(361) r(258,298) d(129)
1; r(116,393) r(472,473) d(433)
2; d(382) d(171) a(458,441)
3; r(181,160) r(146,374) a(230,197) a(471,214)
4; r(396,37) d(467) a(213,475)
5; r(404,272) d(173) d(440) r(135,113)
6; r(442,437) d(451) r(118,130) d(205)
7; r(404,272) d(173) r(241,352) d(453)
8; r(404,272) d(173) r(241,352) a(226,330)
9; d(382) r(402,31) a(377,475) r(376,120)
10; r(231,41) a(450,323)
11; r(116,393) d(327) a(369,381) d(391) r(197,181)
12; r(231,41) d(391) d(442)
13; r(116,393) d(327) a(369,381) d(212)
14; r(181,160) r(468,357) a(339,133)
15; d(382) r(402,31) r(132,358) d(327) d(214) r(386,467)
16; r(181,160) r(132,358) d(327) d(214) a(257,250)
17; d(382) r(402,31) r(468,357) d(133)
18; r(231,41) d(391) r(200,221) r(402,31) d(410) r(287,332)
19; r(201,148) a(192,194)
20; r(231,41) d(391) r(374,228)
21; r(201,148) r(200,221) r(402,31) d(410) a(172,41)
22; r(116,393) d(292) a(346,120)
23; r(116,393) a(233,462) a(233,462) d(292) r(121,115)
24; r(116,393) a(233,462) d(292) d(168)
25; r(116,393) a(233,462) d(292) r(230,298)
26; r(201,148) a(214,226) d(217)
27; a(465,464) a(379,448) d(206) a(422,430)
28; a(465,464) a(379,448) d(206) r(382,377)
29; d(143) d(357) a(379,303) a(343,290)
30; d(382) d(171) r(281,352)
31; r(404,272) d(173) d(440) d(449)
32; d(382) d(171) r(168,413)
33; r(404,272) d(173) d(440) d(200)
34; r(201,148) a(214,226) r(340,202)
35; a(465,464) a(379,448) d(206) d(411)
36; d(382) d(171) d(214) r(402,197)
37; r(181,160) r(132,358) d(327) d(468)
38; d(382) d(171) r(156,445)
39; r(181,160) r(132,358) d(327) d(214) r(394,37)
40; d(143) d(357) a(346,352) d(232)
41; r(116,393) a(291,41) a(189,337) r(214,204) r(136,286)
42; d(143) d(357) a(346,352) d(192)
43; r(116,393) a(291,41) a(189,337) r(214,204) a(303,355)
44; r(116,393) r(210,455) a(3,227) d(117)
45; r(116,393) a(297,362) r(213,165) d(376)
46; r(116,393) a(291,41) r(439,446) d(2)
47; r(231,41) d(391) a(224,221)
48; d(382) a(338,381) d(217)
49; r(404,272) d(173) d(440) a(225,22)
50; r(396,37) d(467) a(130,210) d(391) r(167,2)
51; r(116,393) a(233,462) d(250)
52; r(396,37) d(467) a(171,139)
53; r(116,393) a(233,462) a(130,210) d(391) d(210)
54; r(116,393) d(467) d(410)
55; r(396,37) d(327) a(369,381) d(230)
56; r(116,393) d(327) a(369,381) a(154,168)
57; r(396,37) d(467) d(390)
--------------------------------------------------------------------------------
Evaluation

0; 0.
1; 0.
2; 0.
3; 0.
4; 0.
5; 0.
6; 0.
7; 0.
8; 0.
9; 0.
10; 0.
11; 0.
12; 0.
13; 0.
14; 0.
15; 0.
16; 0.
17; 0.
18; 0.
19; 0.
20; 0.
21; 0.
22; 0.
23; 0.
24; 0.
25; 0.
26; 0.
27; 0.
28; 0.
29; 0.
30; 0.
31; 0.
32; 0.
33; 0.
34; 0.
35; 0.
36; 0.
37; 0.
38; 0.
39; 0.
40; 0.
41; 0.
42; 0.
43; 0.
44; 0.
45; 0.
46; 0.
47; 0.
48; 0.
49; 0.
50; 0.
51; 0.
52; 0.
53; 0.
54; 0.
55; 0.
56; 0.
57; 0.
================================================================================
Generation 4

--------------------------------------------------------------------------------
Selection

0; 0
1; 30
2; 3
3; 1
4; 52
5; 46
6; 0
7; 22
8; 48
9; 52
10; 30
11; 9
12; 34
13; 29
14; 57
15; 12
16; 13
17; 6
18; 2
19; 20
20; 40
21; 48
22; 27
23; 51
24; 18
25; 6
26; 1
27; 16
28; 43
29; 6
30; 36
31; 41
32; 48
33; 11
34; 0
35; 54
36; 30
37; 56
38; 3
39; 45
--------------------------------------------------------------------------------
Crossover

0; 2; d(382) d(171) a(458,441)
1; 46; r(116,393) a(291,41) r(439,446) d(2)
2; 3, 56; r(181,160) r(146,374) a(154,168)
3; 3, 56; r(116,393) d(327) a(369,381) a(230,197) a(471,214)
4; 3; r(181,160) r(146,374) a(230,197) a(471,214)
5; 56; r(116,393) d(327) a(369,381) a(154,168)
6; 41, 54; r(116,393) d(467) d(410)
7; 41, 54; r(116,393) a(291,41) a(189,337) r(214,204) r(136,286)
8; 41; r(116,393) a(291,41) a(189,337) r(214,204) r(136,286)
9; 54; r(116,393) d(467) d(410)
10; 13; r(116,393) d(327) a(369,381) d(212)
11; 18; r(231,41) d(391) r(200,221) r(402,31) d(410) r(287,332)
12; 6, 52; r(442,437) d(451) r(118,130) d(467) a(171,139)
13; 6, 52; r(396,37) d(205)
14; 6; r(442,437) d(451) r(118,130) d(205)
15; 52; r(396,37) d(467) a(171,139)
16; 20; r(231,41) d(391) r(374,228)
17; 16; r(181,160) r(132,358) d(327) d(214) a(257,250)
18; 1; r(116,393) r(472,473) d(433)
19; 36; d(382) d(171) d(214) r(402,197)
20; 0, 27; d(382) d(361) d(206) a(422,430)
21; 0, 27; a(465,464) a(379,448) r(258,298) d(129)
22; 0; d(382) d(361) r(258,298) d(129)
23; 27; a(465,464) a(379,448) d(206) a(422,430)
24; 11; r(116,393) d(327) a(369,381) d(391) r(197,181)
25; 43; r(116,393) a(291,41) a(189,337) r(214,204) a(303,355)
26; 29; d(143) d(357) a(379,303) a(343,290)
27; 34; r(201,148) a(214,226) r(340,202)
28; 40; d(143) d(357) a(346,352) d(232)
29; 48; d(382) a(338,381) d(217)
30; 6; r(442,437) d(451) r(118,130) d(205)
31; 48; d(382) a(338,381) d(217)
32; 52; r(396,37) d(467) a(171,139)
33; 6; r(442,437) d(451) r(118,130) d(205)
34; 1, 3; r(116,393) r(472,473) a(230,197) a(471,214)
35; 1, 3; r(181,160) r(146,374) d(433)
36; 1; r(116,393) r(472,473) d(433)
37; 3; r(181,160) r(146,374) a(230,197) a(471,214)
38; 9, 0; d(382) d(361) r(258,298) d(129)
39; 9, 0; d(382) r(402,31) a(377,475) r(376,120)
40; 9; d(382) r(402,31) a(377,475) r(376,120)
41; 0; d(382) d(361) r(258,298) d(129)
42; 30, 30; d(382) d(171) r(281,352) d(171) r(281,352)
43; 30, 30; d(382)
44; 30; d(382) d(171) r(281,352)
45; 30; d(382) d(171) r(281,352)
46; 51; r(116,393) a(233,462) d(250)
47; 0; d(382) d(361) r(258,298) d(129)
48; 30; d(382) d(171) r(281,352)
49; 22; r(116,393) d(292) a(346,120)
50; 12; r(231,41) d(391) d(442)
51; 45; r(116,393) a(297,362) r(213,165) d(376)
52; 48, 57; d(382) a(338,381) d(390)
53; 48, 57; r(396,37) d(467) d(217)
54; 48; d(382) a(338,381) d(217)
55; 57; r(396,37) d(467) d(390)
--------------------------------------------------------------------------------
Mutation

0; d(382) d(171) a(458,441) a(210,173)
1; r(116,393) a(291,41) r(439,446) d(2) r(370,139)
2; r(181,160) r(146,374) a(154,168) a(214,400)
3; r(116,393) d(327) a(369,381) a(230,197) a(471,214) r(23,120)
4; r(181,160) r(146,374) a(230,197) a(471,214) d(172)
5; r(116,393) d(327) a(369,381) a(154,168) a(14,34)
6; r(116,393) d(467) d(410) d(427)
7; r(116,393) a(291,41) a(189,337) r(214,204) r(136,286) d(294)
8; r(116,393) a(291,41) a(189,337) r(214,204) r(136,286) r(257,332)
9; r(116,393) d(467) d(410) a(110,385)
10; r(116,393) d(327) a(369,381) d(212) a(162,192)
11; r(231,41) d(391) r(200,221) r(402,31) d(410) r(287,332) d(361)
12; r(442,437) d(451) r(118,130) d(467) a(171,139) d(223)
13; r(396,37) d(205) d(13)
14; r(442,437) d(451) r(118,130) d(205) r(159,193)
15; r(396,37) d(467) a(171,139) r(226,228)
16; r(231,41) d(391) r(374,228) a(167,445)
17; r(181,160) r(132,358) d(327) d(214) a(257,250) r(291,445)
18; r(116,393) r(472,473) d(433) r(428,429)
19; d(382) d(171) d(214) r(402,197) d(466)
20; d(382) d(361) d(206) a(422,430) r(151,289)
21; a(465,464) a(379,448) r(258,298) d(129) a(277,185)
22; d(382) d(361) r(258,298) d(129) a(130,289)
23; a(465,464) a(379,448) d(206) a(422,430) d(378)
24; r(116,393) d(327) a(369,381) d(391) r(197,181) d(470)
25; r(116,393) a(291,41) a(189,337) r(214,204) a(303,355) d(176)
26; d(143) d(357) a(379,303) a(343,290) a(443,341)
27; r(201,148) a(214,226) r(340,202) d(10)
28; d(143) d(357) a(346,352) d(232) r(213,31)
29; d(382) a(338,381) d(217) r(252,446)
30; r(442,437) d(451) r(118,130) d(205) d(431)
31; d(382) a(338,381) d(217) a(303,247)
32; r(396,37) d(467) a(171,139) r(161,192)
33; r(442,437) d(451) r(118,130) d(205) d(131)
34; r(116,393) r(472,473) a(230,197) a(471,214) r(272,332)
35; r(181,160) r(146,374) d(433) a(297,172)
36; r(116,393) r(472,473) d(433) d(197)
37; r(181,160) r(146,374) a(230,197) a(471,214) a(462,471)
38; d(382) d(361) r(258,298) d(129) a(414,370)
39; d(382) r(402,31) a(377,475) r(376,120) a(11,323)
40; d(382) r(402,31) a(377,475) r(376,120) d(117)
41; d(382) d(361) r(258,298) d(129) d(242)
42; d(382) d(171) r(281,352) d(171) r(281,352) r(346,360)
43; d(382) r(171,199)
44; d(382) d(171) r(281,352) d(175)
45; d(382) d(171) r(281,352) a(184,439)
46; r(116,393) a(233,462) d(250) a(325,286)
47; d(382) d(361) r(258,298) d(129) d(341)
48; d(382) d(171) r(281,352) d(324)
49; r(116,393) d(292) a(346,120) r(214,448)
50; r(231,41) d(391) d(442) r(284,393)
51; r(116,393) a(297,362) r(213,165) d(376) a(185,22)
52; d(382) a(338,381) d(390) r(284,273)
53; r(396,37) d(467) d(217) a(292,361)
54; d(382) a(338,381) d(217) d(371)
55; r(396,37) d(467) d(390) r(294,347)
--------------------------------------------------------------------------------
Evaluation

0; 0.
1; 0.
2; 0.
3; 0.
4; 0.
5; 0.
6; 0.
7; 0.
8; 0.
9; 0.
10; 0.
11; 0.
12; 0.
13; 0.
14; 0.
15; 0.
16; 0.
17; 0.
18; 0.
19; 0.
20; 0.
21; 0.
22; 0.
23; 0.
24; 0.
25; 0.
26; 0.
27; 0.
28; 0.
29; 10.
30; 0.
31; 0.
32; 0.
33; 0.
34; 0.
35; 0.
36; 0.
37; 0.
38; 0.
39; 0.
40; 0.
41; 0.
42; 0.
43; 0.
44; 0.
45; 0.
46; 0.
47; 0.
48; 0.
49; 0.
50; 0.
51; 0.
52; 0.
53; 0.
54; 0.
55; 0.
================================================================================
Generation 5

--------------------------------------------------------------------------------
Selection

0; 33
1; 10
2; 27
3; 23
4; 42
5; 32
6; 49
7; 31
8; 19
9; 53
10; 21
11; 23
12; 9
13; 20
14; 19
15; 1
16; 42
17; 14
18; 43
19; 19
20; 39
21; 31
22; 30
23; 0
24; 43
25; 30
26; 48
27; 11
28; 34
29; 49
30; 54
31; 21
32; 18
33; 3
34; 35
35; 2
36; 1
37; 35
38; 30
39; 44
--------------------------------------------------------------------------------
Crossover

0; 35, 23; r(181,160) r(146,374) a(379,448) d(206) a(422,430) d(378)
1; 35, 23; a(465,464) d(433) a(297,172)
2; 35; r(181,160) r(146,374) d(433) a(297,172)
3; 23; a(465,464) a(379,448) d(206) a(422,430) d(378)
4; 19; d(382) d(171) d(214) r(402,197) d(466)
5; 21; a(465,464) a(379,448) r(258,298) d(129) a(277,185)
6; 35; r(181,160) r(146,374) d(433) a(297,172)
7; 39; d(382) r(402,31) a(377,475) r(376,120) a(11,323)
8; 34, 11; r(116,393) r(402,31) d(410) r(287,332) d(361)
9; 34, 11; r(231,41) d(391) r(200,221) r(472,473) a(230,197) a(471,214) r(272,332)
10; 34; r(116,393) r(472,473) a(230,197) a(471,214) r(272,332)
11; 11; r(231,41) d(391) r(200,221) r(402,31) d(410) r(287,332) d(361)
12; 3; r(116,393) d(327) a(369,381) a(230,197) a(471,214) r(23,120)
13; 2; r(181,160) r(146,374) a(154,168) a(214,400)
14; 20, 54; d(382) d(361) d(371)
15; 20, 54; d(382) a(338,381) d(217) d(206) a(422,430) r(151,289)
16; 20; d(382) d(361) d(206) a(422,430) r(151,289)
17; 54; d(382) a(338,381) d(217) d(371)
18; 9; r(116,393) d(467) d(410) a(110,385)
19; 19; d(382) d(171) d(214) r(402,197) d(466)
20; 32; r(396,37) d(467) a(171,139) r(161,192)
21; 1; r(116,393) a(291,41) r(439,446) d(2) r(370,139)
22; 14, 21; r(442,437) d(451) a(277,185)
23; 14, 21; a(465,464) a(379,448) r(258,298) d(129) r(118,130) d(205) r(159,193)
24; 14; r(442,437) d(451) r(118,130) d(205) r(159,193)
25; 21; a(465,464) a(379,448) r(258,298) d(129) a(277,185)
26; 31, 33; d(382) a(338,381) d(217) r(118,130) d(205) d(131)
27; 31, 33; r(442,437) d(451) a(303,247)
28; 31; d(382) a(338,381) d(217) a(303,247)
29; 33; r(442,437) d(451) r(118,130) d(205) d(131)
30; 42; d(382) d(171) r(281,352) d(171) r(281,352) r(346,360)
31; 43; d(382) r(171,199)
32; 10; r(116,393) d(327) a(369,381) d(212) a(162,192)
33; 42; d(382) d(171) r(281,352) d(171) r(281,352) r(346,360)
34; 49, 0; r(116,393) d(292) a(346,120) r(214,448) a(210,173)
35; 49, 0; d(382) d(171) a(458,441)
36; 49; r(116,393) d(292) a(346,120) r(214,448)
37; 0; d(382) d(171) a(458,441) a(210,173)
38; 18; r(116,393) r(472,473) d(433) r(428,429)
39; 31; d(382) a(338,381) d(217) a(303,247)
40; 30, 49; r(442,437) d(451) d(292) a(346,120) r(214,448)
41; 30, 49; r(116,393) r(118,130) d(205) d(431)
42; 30; r(442,437) d(451) r(118,130) d(205) d(431)
43; 49; r(116,393) d(292) a(346,120) r(214,448)
44; 44; d(382) d(171) r(281,352) d(175)
45; 1; r(116,393) a(291,41) r(439,446) d(2) r(370,139)
46; 43, 53; d(382) d(467) d(217) a(292,361)
47; 43, 53; r(396,37) r(171,199)
48; 43; d(382) r(171,199)
49; 53; r(396,37) d(467) d(217) a(292,361)
50; 23; a(465,464) a(379,448) d(206) a(422,430) d(378)
51; 19; d(382) d(171) d(214) r(402,197) d(466)
52; 48, 30; d(382) d(171) r(281,352) d(324) d(431)
53; 48, 30; r(442,437) d(451) r(118,130) d(205)
54; 48; d(382) d(171) r(281,352) d(324)
55; 30; r(442,437) d(451) r(118,130) d(205) d(431)
56; 27, 30; r(201,148) a(214,226)
57; 27, 30; r(442,437) d(451) r(118,130) d(205) d(431) r(340,202) d(10)
58; 27; r(201,148) a(214,226) r(340,202) d(10)
59; 30; r(442,437) d(451) r(118,130) d(205) d(431)
--------------------------------------------------------------------------------
Mutation

0; r(181,160) r(146,374) a(379,448) d(206) a(422,430) d(378) r(388,20)
1; a(465,464) d(433) a(297,172) d(213)
2; r(181,160) r(146,374) d(433) a(297,172) d(358)
3; a(465,464) a(379,448) d(206) a(422,430) d(378) d(461)
4; d(382) d(171) d(214) r(402,197) d(466) d(123)
5; a(465,464) a(379,448) r(258,298) d(129) a(277,185) a(214,192)
6; r(181,160) r(146,374) d(433) a(297,172) d(406)
7; d(382) r(402,31) a(377,475) r(376,120) a(11,323) a(459,473)
8; r(116,393) r(402,31) d(410) r(287,332) d(361) a(239,258)
9; r(231,41) d(391) r(200,221) r(472,473) a(230,197) a(471,214) r(272,332) d(439)
10; r(116,393) r(472,473) a(230,197) a(471,214) r(272,332) a(298,274)
11; r(231,41) d(391) r(200,221) r(402,31) d(410) r(287,332) d(361) r(178,195)
12; r(116,393) d(327) a(369,381) a(230,197) a(471,214) r(23,120) r(450,197)
13; r(181,160) r(146,374) a(154,168) a(214,400) r(116,29)
14; d(382) d(361) d(371) r(213,446)
15; d(382) a(338,381) d(217) d(206) a(422,430) r(151,289) d(396)
16; d(382) d(361) d(206) a(422,430) r(151,289) a(23,425)
17; d(382) a(338,381) d(217) d(371) d(429)
18; r(116,393) d(467) d(410) a(110,385) r(154,303)
19; d(382) d(171) d(214) r(402,197) d(466) a(411,13)
20; r(396,37) d(467) a(171,139) r(161,192) d(141)
21; r(116,393) a(291,41) r(439,446) d(2) r(370,139) a(142,425)
22; r(442,437) d(451) a(277,185) r(214,175)
23; a(465,464) a(379,448) r(258,298) d(129) r(118,130) d(205) r(159,193) r(346,238)
24; r(442,437) d(451) r(118,130) d(205) r(159,193) d(154)
25; a(465,464) a(379,448) r(258,298) d(129) a(277,185) r(184,357)
26; d(382) a(338,381) d(217) r(118,130) d(205) d(131) d(110)
27; r(442,437) d(451) a(303,247) d(238)
28; d(382) a(338,381) d(217) a(303,247) d(212)
29; r(442,437) d(451) r(118,130) d(205) d(131) r(371,341)
30; d(382) d(171) r(281,352) d(171) r(281,352) r(346,360) d(337)
31; d(382) r(171,199) a(396,403)
32; r(116,393) d(327) a(369,381) d(212) a(162,192) d(210)
33; d(382) d(171) r(281,352) d(171) r(281,352) r(346,360) a(464,274)
34; r(116,393) d(292) a(346,120) r(214,448) a(210,173) r(344,293)
35; d(382) d(171) a(458,441) r(210,227)
36; r(116,393) d(292) a(346,120) r(214,448) r(327,243)
37; d(382) d(171) a(458,441) a(210,173) a(210,228)
38; r(116,393) r(472,473) d(433) r(428,429) r(277,425)
39; d(382) a(338,381) d(217) a(303,247) a(23,39)
40; r(442,437) d(451) d(292) a(346,120) r(214,448) a(193,157)
41; r(116,393) r(118,130) d(205) d(431) r(450,355)
42; r(442,437) d(451) r(118,130) d(205) d(431) a(214,133)
43; r(116,393) d(292) a(346,120) r(214,448) r(239,341)
44; d(382) d(171) r(281,352) d(175) a(225,413)
45; r(116,393) a(291,41) r(439,446) d(2) r(370,139) a(145,167)
46; d(382) d(467) d(217) a(292,361) a(24,11)
47; r(396,37) r(171,199) r(167,276)
48; d(382) r(171,199) r(253,331)
49; r(396,37) d(467) d(217) a(292,361) d(213)
50; a(465,464) a(379,448) d(206) a(422,430) d(378) r(242,287)
51; d(382) d(171) d(214) r(402,197) d(466) d(110)
52; d(382) d(171) r(281,352) d(324) d(431) r(10,273)
53; r(442,437) d(451) r(118,130) d(205) d(243)
54; d(382) d(171) r(281,352) d(324) a(160,274)
55; r(442,437) d(451) r(118,130) d(205) d(431) r(425,139)
56; r(201,148) a(214,226) r(218,215)
57; r(442,437) d(451) r(118,130) d(205) d(431) r(340,202) d(10) r(121,434)
58; r(201,148) a(214,226) r(340,202) d(10) r(214,420)
59; r(442,437) d(451) r(118,130) d(205) d(431) a(462,472)
--------------------------------------------------------------------------------
Evaluation

0; 0.
1; 0.
2; 0.
3; 0.
4; 0.
5; 0.
6; 0.
7; 0.
8; 0.
9; 0.
10; 0.
11; 0.
12; 0.
13; 0.
14; 0.
15; 0.
16; 0.
17; 0.
18; 0.
19; 0.
20; 0.
21; 0.
22; 0.
23; 0.
24; 0.
25; 0.
26; 0.
27; 0.
28; 0.
29; 0.
30; 0.
31; 0.
32; 0.
33; 0.
34; 0.
35; 0.
36; 0.
37; 0.
38; 0.
39; 0.
40; 0.
41; 0.
42; 0.
43; 0.
44; 0.
45; 0.
46; 0.
47; 0.
48; 0.
49; 0.
50; 0.
51; 0.
52; 0.
53; 0.
54; 0.
55; 0.
56; 0.
57; 0.
58; 0.
59; 0.
================================================================================
Generation 6

--------------------------------------------------------------------------------
Selection

0; 36
1; 8
2; 31
3; 18
4; 16
5; 43
6; 20
7; 52
8; 6
9; 28
10; 8
11; 21
12; 35
13; 1
14; 30
15; 6
16; 22
17; 14
18; 33
19; 39
20; 40
21; 59
22; 5
23; 17
24; 36
25; 12
26; 35
27; 59
28; 8
29; 11
30; 32
31; 14
32; 40
33; 4
34; 0
35; 33
36; 27
37; 31
38; 4
39; 32
--------------------------------------------------------------------------------
Crossover

0; 28; d(382) a(338,381) d(217) a(303,247) d(212)
1; 32; r(116,393) d(327) a(369,381) d(212) a(162,192) d(210)
2; 33; d(382) d(171) r(281,352) d(171) r(281,352) r(346,360) a(464,274)
3; 4; d(382) d(171) d(214) r(402,197) d(466) d(123)
4; 11, 43; r(231,41) d(391) r(200,221) r(402,31) d(410)
5; 11, 43; r(116,393) d(292) a(346,120) r(214,448) r(239,341) r(287,332) d(361) r(178,195)
6; 11; r(231,41) d(391) r(200,221) r(402,31) d(410) r(287,332) d(361) r(178,195)
7; 43; r(116,393) d(292) a(346,120) r(214,448) r(239,341)
8; 1; a(465,464) d(433) a(297,172) d(213)
9; 18; r(116,393) d(467) d(410) a(110,385) r(154,303)
10; 40, 12; r(442,437) d(451) d(292) d(327) a(369,381) a(230,197) a(471,214) r(23,120) r(450,197)
11; 40, 12; r(116,393) a(346,120) r(214,448) a(193,157)
12; 40; r(442,437) d(451) d(292) a(346,120) r(214,448) a(193,157)
13; 12; r(116,393) d(327) a(369,381) a(230,197) a(471,214) r(23,120) r(450,197)
14; 35; d(382) d(171) a(458,441) r(210,227)
15; 17; d(382) a(338,381) d(217) d(371) d(429)
16; 22; r(442,437) d(451) a(277,185) r(214,175)
17; 8; r(116,393) r(402,31) d(410) r(287,332) d(361) a(239,258)
18; 39, 52; d(382) a(338,381) r(281,352) d(324) d(431) r(10,273)
19; 39, 52; d(382) d(171) d(217) a(303,247) a(23,39)
20; 39; d(382) a(338,381) d(217) a(303,247) a(23,39)
21; 52; d(382) d(171) r(281,352) d(324) d(431) r(10,273)
22; 16; d(382) d(361) d(206) a(422,430) r(151,289) a(23,425)
23; 5; a(465,464) a(379,448) r(258,298) d(129) a(277,185) a(214,192)
24; 4; d(382) d(171) d(214) r(402,197) d(466) d(123)
25; 27; r(442,437) d(451) a(303,247) d(238)
26; 59; r(442,437) d(451) r(118,130) d(205) d(431) a(462,472)
27; 31; d(382) r(171,199) a(396,403)
28; 8, 33; r(116,393) r(402,31) d(410) r(287,332) a(464,274)
29; 8, 33; d(382) d(171) r(281,352) d(171) r(281,352) r(346,360) d(361) a(239,258)
30; 8; r(116,393) r(402,31) d(410) r(287,332) d(361) a(239,258)
31; 33; d(382) d(171) r(281,352) d(171) r(281,352) r(346,360) a(464,274)
32; 6, 30; r(181,160) r(146,374) d(433) a(297,172) d(171) r(281,352) d(171) r(281,352) r(346,360) d(337)
33; 6, 30; d(382) d(406)
34; 6; r(181,160) r(146,374) d(433) a(297,172) d(406)
35; 30; d(382) d(171) r(281,352) d(171) r(281,352) r(346,360) d(337)
36; 14; d(382) d(361) d(371) r(213,446)
37; 40; r(442,437) d(451) d(292) a(346,120) r(214,448) a(193,157)
38; 32, 14; r(116,393) d(327) a(369,381) d(212) a(162,192) r(213,446)
39; 32, 14; d(382) d(361) d(371) d(210)
40; 32; r(116,393) d(327) a(369,381) d(212) a(162,192) d(210)
41; 14; d(382) d(361) d(371) r(213,446)
42; 35, 0; d(382) r(388,20)
43; 35, 0; r(181,160) r(146,374) a(379,448) d(206) a(422,430) d(378) d(171) a(458,441) r(210,227)
44; 35; d(382) d(171) a(458,441) r(210,227)
45; 0; r(181,160) r(146,374) a(379,448) d(206) a(422,430) d(378) r(388,20)
46; 36; r(116,393) d(292) a(346,120) r(214,448) r(327,243)
47; 36; r(116,393) d(292) a(346,120) r(214,448) r(327,243)
48; 6, 31; r(181,160) r(146,374) d(433) r(171,199) a(396,403)
49; 6, 31; d(382) a(297,172) d(406)
50; 6; r(181,160) r(146,374) d(433) a(297,172) d(406)
51; 31; d(382) r(171,199) a(396,403)
52; 20; r(396,37) d(467) a(171,139) r(161,192) d(141)
53; 8; r(116,393) r(402,31) d(410) r(287,332) d(361) a(239,258)
54; 21; r(116,393) a(291,41) r(439,446) d(2) r(370,139) a(142,425)
55; 59; r(442,437) d(451) r(118,130) d(205) d(431) a(462,472)
--------------------------------------------------------------------------------
Mutation

0; d(382) a(338,381) d(217) a(303,247) d(212) d(124)
1; r(116,393) d(327) a(369,381) d(212) a(162,192) d(210) d(239)
2; d(382) d(171) r(281,352) d(171) r(281,352) r(346,360) a(464,274) d(138)
3; d(382) d(171) d(214) r(402,197) d(466) d(123) a(398,349)
4; r(231,41) d(391) r(200,221) r(402,31) d(410) d(166)
5; r(116,393) d(292) a(346,120) r(214,448) r(239,341) r(287,332) d(361) r(178,195) a(401,387)
6; r(231,41) d(391) r(200,221) r(402,31) d(410) r(287,332) d(361) r(178,195) a(404,171)
7; r(116,393) d(292) a(346,120) r(214,448) r(239,341) d(128)
8; a(465,464) d(433) a(297,172) d(213) d(212)
9; r(116,393) d(467) d(410) a(110,385) r(154,303) r(112,136)
10; r(442,437) d(451) d(292) d(327) a(369,381) a(230,197) a(471,214) r(23,120) r(450,197) r(330,242)
11; r(116,393) a(346,120) r(214,448) a(193,157) r(206,1)
12; r(442,437) d(451) d(292) a(346,120) r(214,448) a(193,157) d(272)
13; r(116,393) d(327) a(369,381) a(230,197) a(471,214) r(23,120) r(450,197) a(278,332)
14; d(382) d(171) a(458,441) r(210,227) r(204,197)
15; d(382) a(338,381) d(217) d(371) d(429) d(199)
16; r(442,437) d(451) a(277,185) r(214,175) r(443,41)
17; r(116,393) r(402,31) d(410) r(287,332) d(361) a(239,258) d(162)
18; d(382) a(338,381) r(281,352) d(324) d(431) r(10,273) d(212)
19; d(382) d(171) d(217) a(303,247) a(23,39) d(25)
20; d(382) a(338,381) d(217) a(303,247) a(23,39) d(355)
21; d(382) d(171) r(281,352) d(324) d(431) r(10,273) r(158,136)
22; d(382) d(361) d(206) a(422,430) r(151,289) a(23,425) r(275,178)
23; a(465,464) a(379,448) r(258,298) d(129) a(277,185) a(214,192) r(332,447)
24; d(382) d(171) d(214) r(402,197) d(466) d(123) a(374,21)
25; r(442,437) d(451) a(303,247) d(238) a(388,289)
26; r(442,437) d(451) r(118,130) d(205) d(431) a(462,472) d(121)
27; d(382) r(171,199) a(396,403) a(153,303)
28; r(116,393) r(402,31) d(410) r(287,332) a(464,274) a(11,227)
29; d(382) d(171) r(281,352) d(171) r(281,352) r(346,360) d(361) a(239,258) d(233)
30; r(116,393) r(402,31) d(410) r(287,332) d(361) a(239,258) d(257)
31; d(382) d(171) r(281,352) d(171) r(281,352) r(346,360) a(464,274) r(195,154)
32; r(181,160) r(146,374) d(433) a(297,172) d(171) r(281,352) d(171) r(281,352) r(346,360) d(337) d(420)
33; d(382) d(406) d(454)
34; r(181,160) r(146,374) d(433) a(297,172) d(406) d(223)
35; d(382) d(171) r(281,352) d(171) r(281,352) r(346,360) d(337) a(250,334)
36; d(382) d(361) d(371) r(213,446) d(142)
37; r(442,437) d(451) d(292) a(346,120) r(214,448) a(193,157) d(14)
38; r(116,393) d(327) a(369,381) d(212) a(162,192) r(213,446) r(454,337)
39; d(382) d(361) d(371) d(210) r(218,272)
40; r(116,393) d(327) a(369,381) d(212) a(162,192) d(210) r(251,292)
41; d(382) d(361) d(371) r(213,446) a(161,159)
42; d(382) r(388,20) d(412)
43; r(181,160) r(146,374) a(379,448) d(206) a(422,430) d(378) d(171) a(458,441) r(210,227) r(216,2)
44; d(382) d(171) a(458,441) r(210,227) d(241)
45; r(181,160) r(146,374) a(379,448) d(206) a(422,430) d(378) r(388,20) a(197,471)
46; r(116,393) d(292) a(346,120) r(214,448) r(327,243) r(382,414)
47; r(116,393) d(292) a(346,120) r(214,448) r(327,243) r(455,446)
48; r(181,160) r(146,374) d(433) r(171,199) a(396,403) r(210,167)
49; d(382) a(297,172) d(406) r(422,435)
50; r(181,160) r(146,374) d(433) a(297,172) d(406) a(223,41)
51; d(382) r(171,199) a(396,403) d(212)
52; r(396,37) d(467) a(171,139) r(161,192) d(141) d(471)
53; r(116,393) r(402,31) d(410) r(287,332) d(361) a(239,258) d(210)
54; r(116,393) a(291,41) r(439,446) d(2) r(370,139) a(142,425) d(462)
55; r(442,437) d(451) r(118,130) d(205) d(431) a(462,472) r(195,390)
--------------------------------------------------------------------------------
Evaluation

0; 0.
1; 0.
2; 0.
3; 0.
4; 0.
5; 0.
6; 0.
7; 0.
8; 0.
9; 0.
10; 0.
11; 0.
12; 0.
13; 0.
14; 0.
15; 0.
16; 0.
17; 0.
18; 0.
19; 0.
20; 0.
21; 0.
22; 0.
23; 0.
24; 0.
25; 0.
26; 0.
27; 0.
28; 0.
29; 0.
30; 0.
31; 0.
32; 0.
33; 0.
34; 0.
35; 0.
36; 0.
37; 0.
38; 0.
39; 0.
40; 0.
41; 0.
42; 0.
43; 0.
44; 0.
45; 0.
46; 0.
47; 10.
48; 0.
49; 0.
50; 0.
51; 0.
52; 0.
53; 0.
54; 0.
55; 0.
================================================================================
Generation 7

--------------------------------------------------------------------------------
Selection

0; 13
1; 23
2; 28
3; 20
4; 44
5; 14
6; 7
7; 16
8; 40
9; 8
10; 26
11; 29
12; 51
13; 44
14; 30
15; 21
16; 1
17; 51
18; 27
19; 35
20; 41
21; 45
22; 50
23; 52
24; 50
25; 30
26; 43
27; 26
28; 46
29; 19
30; 51
31; 38
32; 36
33; 7
34; 9
35; 20
36; 42
37; 35
38; 42
39; 41
--------------------------------------------------------------------------------
Crossover

0; 16; r(442,437) d(451) a(277,185) r(214,175) r(443,41)
1; 28; r(116,393) r(402,31) d(410) r(287,332) a(464,274) a(11,227)
2; 42, 14; d(382) r(388,20) a(458,441) r(210,227) r(204,197)
3; 42, 14; d(382) d(171) d(412)
4; 42; d(382) r(388,20) d(412)
5; 14; d(382) d(171) a(458,441) r(210,227) r(204,197)
6; 26; r(442,437) d(451) r(118,130) d(205) d(431) a(462,472) d(121)
7; 30; r(116,393) r(402,31) d(410) r(287,332) d(361) a(239,258) d(257)
8; 43, 38; r(181,160) r(146,374) a(379,448) d(206) a(422,430) d(378) d(171) a(162,192) r(213,446) r(454,337)
9; 43, 38; r(116,393) d(327) a(369,381) d(212) a(458,441) r(210,227) r(216,2)
10; 43; r(181,160) r(146,374) a(379,448) d(206) a(422,430) d(378) d(171) a(458,441) r(210,227) r(216,2)
11; 38; r(116,393) d(327) a(369,381) d(212) a(162,192) r(213,446) r(454,337)
12; 7, 50; r(116,393) d(292) a(346,120) r(214,448) r(239,341) a(223,41)
13; 7, 50; r(181,160) r(146,374) d(433) a(297,172) d(406) d(128)
14; 7; r(116,393) d(292) a(346,120) r(214,448) r(239,341) d(128)
15; 50; r(181,160) r(146,374) d(433) a(297,172) d(406) a(223,41)
16; 46; r(116,393) d(292) a(346,120) r(214,448) r(327,243) r(382,414)
17; 45; r(181,160) r(146,374) a(379,448) d(206) a(422,430) d(378) r(388,20) a(197,471)
18; 41, 20; d(382) d(361) d(371) a(23,39) d(355)
19; 41, 20; d(382) a(338,381) d(217) a(303,247) r(213,446) a(161,159)
20; 41; d(382) d(361) d(371) r(213,446) a(161,159)
21; 20; d(382) a(338,381) d(217) a(303,247) a(23,39) d(355)
22; 1; r(116,393) d(327) a(369,381) d(212) a(162,192) d(210) d(239)
23; 41; d(382) d(361) d(371) r(213,446) a(161,159)
24; 20; d(382) a(338,381) d(217) a(303,247) a(23,39) d(355)
25; 23; a(465,464) a(379,448) r(258,298) d(129) a(277,185) a(214,192) r(332,447)
26; 7; r(116,393) d(292) a(346,120) r(214,448) r(239,341) d(128)
27; 51; d(382) r(171,199) a(396,403) d(212)
28; 44; d(382) d(171) a(458,441) r(210,227) d(241)
29; 44; d(382) d(171) a(458,441) r(210,227) d(241)
30; 51; d(382) r(171,199) a(396,403) d(212)
31; 42; d(382) r(388,20) d(412)
32; 27; d(382) r(171,199) a(396,403) a(153,303)
33; 50; r(181,160) r(146,374) d(433) a(297,172) d(406) a(223,41)
34; 35, 36; d(382) d(171) r(281,352) d(171)
35; 35, 36; d(382) d(361) d(371) r(213,446) d(142) r(281,352) r(346,360) d(337) a(250,334)
36; 35; d(382) d(171) r(281,352) d(171) r(281,352) r(346,360) d(337) a(250,334)
37; 36; d(382) d(361) d(371) r(213,446) d(142)
38; 51, 9; d(382) r(171,199) d(410) a(110,385) r(154,303) r(112,136)
39; 51, 9; r(116,393) d(467) a(396,403) d(212)
40; 51; d(382) r(171,199) a(396,403) d(212)
41; 9; r(116,393) d(467) d(410) a(110,385) r(154,303) r(112,136)
42; 29, 26; d(382) d(171) r(281,352) d(171) r(281,352) r(346,360) d(361) a(239,258) d(451) r(118,130) d(205) d(431) a(462,472) d(121)
43; 29, 26; r(442,437) d(233)
44; 29; d(382) d(171) r(281,352) d(171) r(281,352) r(346,360) d(361) a(239,258) d(233)
45; 26; r(442,437) d(451) r(118,130) d(205) d(431) a(462,472) d(121)
46; 8, 19; a(465,464) d(171) d(217) a(303,247) a(23,39) d(25)
47; 8, 19; d(382) d(433) a(297,172) d(213) d(212)
48; 8; a(465,464) d(433) a(297,172) d(213) d(212)
49; 19; d(382) d(171) d(217) a(303,247) a(23,39) d(25)
50; 13; r(116,393) d(327) a(369,381) a(230,197) a(471,214) r(23,120) r(450,197) a(278,332)
51; 40; r(116,393) d(327) a(369,381) d(212) a(162,192) d(210) r(251,292)
52; 30; r(116,393) r(402,31) d(410) r(287,332) d(361) a(239,258) d(257)
53; 21; d(382) d(171) r(281,352) d(324) d(431) r(10,273) r(158,136)
54; 35; d(382) d(171) r(281,352) d(171) r(281,352) r(346,360) d(337) a(250,334)
55; 52; r(396,37) d(467) a(171,139) r(161,192) d(141) d(471)
--------------------------------------------------------------------------------
Mutation

0; r(442,437) d(451) a(277,185) r(214,175) r(443,41) a(398,403)
1; r(116,393) r(402,31) d(410) r(287,332) a(464,274) a(11,227) a(254,462)
2; d(382) r(388,20) a(458,441) r(210,227) r(204,197) a(166,439)
3; d(382) d(171) d(412) d(213)
4; d(382) r(388,20) d(412) a(471,463)
5; d(382) d(171) a(458,441) r(210,227) r(204,197) a(136,52)
6; r(442,437) d(451) r(118,130) d(205) d(431) a(462,472) d(121) d(350)
7; r(116,393) r(402,31) d(410) r(287,332) d(361) a(239,258) d(257) d(440)
8; r(181,160) r(146,374) a(379,448) d(206) a(422,430) d(378) d(171) a(162,192) r(213,446) r(454,337) d(281)
9; r(116,393) d(327) a(369,381) d(212) a(458,441) r(210,227) r(216,2) d(223)
10; r(181,160) r(146,374) a(379,448) d(206) a(422,430) d(378) d(171) a(458,441) r(210,227) r(216,2) r(242,136)
11; r(116,393) d(327) a(369,381) d(212) a(162,192) r(213,446) r(454,337) d(465)
12; r(116,393) d(292) a(346,120) r(214,448) r(239,341) a(223,41) d(9)
13; r(181,160) r(146,374) d(433) a(297,172) d(406) d(128) d(393)
14; r(116,393) d(292) a(346,120) r(214,448) r(239,341) d(128) r(206,439)
15; r(181,160) r(146,374) d(433) a(297,172) d(406) a(223,41) a(166,415)
16; r(116,393) d(292) a(346,120) r(214,448) r(327,243) r(382,414) a(431,172)
17; r(181,160) r(146,374) a(379,448) d(206) a(422,430) d(378) r(388,20) a(197,471) r(250,256)
18; d(382) d(361) d(371) a(23,39) d(355) r(185,446)
19; d(382) a(338,381) d(217) a(303,247) r(213,446) a(161,159) d(208)
20; d(382) d(361) d(371) r(213,446) a(161,159) r(112,276)
21; d(382) a(338,381) d(217) a(303,247) a(23,39) d(355) r(198,193)
22; r(116,393) d(327) a(369,381) d(212) a(162,192) d(210) d(239) d(449)
23; d(382) d(361) d(371) r(213,446) a(161,159) a(215,400)
24; d(382) a(338,381) d(217) a(303,247) a(23,39) d(355) r(172,330)
25; a(465,464) a(379,448) r(258,298) d(129) a(277,185) a(214,192) r(332,447) a(277,245)
26; r(116,393) d(292) a(346,120) r(214,448) r(239,341) d(128) r(240,400)
27; d(382) r(171,199) a(396,403) d(212) d(217)
28; d(382) d(171) a(458,441) r(210,227) d(241) a(397,289)
29; d(382) d(171) a(458,441) r(210,227) d(241) r(116,413)
30; d(382) r(171,199) a(396,403) d(212) d(373)
31; d(382) r(388,20) d(412) d(221)
32; d(382) r(171,199) a(396,403) a(153,303) d(214)
33; r(181,160) r(146,374) d(433) a(297,172) d(406) a(223,41) d(393)
34; d(382) d(171) r(281,352) d(171) r(381,418)
35; d(382) d(361) d(371) r(213,446) d(142) r(281,352) r(346,360) d(337) a(250,334) a(429,171)
36; d(382) d(171) r(281,352) d(171) r(281,352) r(346,360) d(337) a(250,334) d(304)
37; d(382) d(361) d(371) r(213,446) d(142) a(210,197)
38; d(382) r(171,199) d(410) a(110,385) r(154,303) r(112,136) r(352,393)
39; r(116,393) d(467) a(396,403) d(212) d(156)
40; d(382) r(171,199) a(396,403) d(212) d(115)
41; r(116,393) d(467) d(410) a(110,385) r(154,303) r(112,136) r(214,195)
42; d(382) d(171) r(281,352) d(171) r(281,352) r(346,360) d(361) a(239,258) d(451) r(118,130) d(205) d(431) a(462,472) d(121) d(189)
43; r(442,437) d(233) d(184)
44; d(382) d(171) r(281,352) d(171) r(281,352) r(346,360) d(361) a(239,258) d(233) a(21,192)
45; r(442,437) d(451) r(118,130) d(205) d(431) a(462,472) d(121) r(299,346)
46; a(465,464) d(171) d(217) a(303,247) a(23,39) d(25) r(210,183)
47; d(382) d(433) a(297,172) d(213) d(212) a(402,349)
48; a(465,464) d(433) a(297,172) d(213) d(212) d(204)
49; d(382) d(171) d(217) a(303,247) a(23,39) d(25) d(230)
50; r(116,393) d(327) a(369,381) a(230,197) a(471,214) r(23,120) r(450,197) a(278,332) r(212,194)
51; r(116,393) d(327) a(369,381) d(212) a(162,192) d(210) r(251,292) a(241,286)
52; r(116,393) r(402,31) d(410) r(287,332) d(361) a(239,258) d(257) d(128)
53; d(382) d(171) r(281,352) d(324) d(431) r(10,273) r(158,136) r(371,430)
54; d(382) d(171) r(281,352) d(171) r(281,352) r(346,360) d(337) a(250,334) d(463)
55; r(396,37) d(467) a(171,139) r(161,192) d(141) d(471) r(251,228)
--------------------------------------------------------------------------------
Evaluation

0; 0.
1; 0.
2; 0.
3; 0.
4; 0.
5; 0.
6; 0.
7; 0.
8; 0.
9; 0.
10; 0.
11; 0.
12; 0.
13; 0.
14; 0.
15; 0.
16; 0.
17; 0.
18; 0.
19; 10.
20; 0.
21; 0.
22; 0.
23; 0.
24; 0.
25; 0.
26; 0.
27; 0.
28; 0.
29; 0.
30; 0.
31; 0.
32; 0.
33; 0.
34; 0.
35; 0.
36; 0.
37; 0.
38; 0.
39; 0.
40; 0.
41; 0.
42; 0.
43; 0.
44; 0.
45; 0.
46; 0.
47; 0.
48; 0.
49; 0.
50; 0.
51; 0.
52; 0.
53; 0.
54; 0.
55; 0.
================================================================================
Generation 8

--------------------------------------------------------------------------------
Selection

0; 54
1; 41
2; 44
3; 51
4; 39
5; 5
6; 53
7; 21
8; 6
9; 15
10; 54
11; 52
12; 9
13; 7
14; 46
15; 28
16; 49
17; 43
18; 28
19; 8
20; 40
21; 1
22; 13
23; 46
24; 29
25; 44
26; 53
27; 31
28; 49
29; 50
30; 0
31; 55
32; 20
33; 15
34; 30
35; 30
36; 25
37; 38
38; 3
39; 3
--------------------------------------------------------------------------------
Crossover

0; 13; r(181,160) r(146,374) d(433) a(297,172) d(406) d(128) d(393)
1; 8; r(181,160) r(146,374) a(379,448) d(206) a(422,430) d(378) d(171) a(162,192) r(213,446) r(454,337) d(281)
2; 39, 6; r(116,393) d(467) a(396,403) d(212) a(462,472) d(121) d(350)
3; 39, 6; r(442,437) d(451) r(118,130) d(205) d(431) d(156)
4; 39; r(116,393) d(467) a(396,403) d(212) d(156)
5; 6; r(442,437) d(451) r(118,130) d(205) d(431) a(462,472) d(121) d(350)
6; 7, 1; r(116,393) r(402,31) d(410) r(287,332) a(464,274) a(11,227) a(254,462)
7; 7, 1; r(116,393) r(402,31) d(410) r(287,332) d(361) a(239,258) d(257) d(440)
8; 7; r(116,393) r(402,31) d(410) r(287,332) d(361) a(239,258) d(257) d(440)
9; 1; r(116,393) r(402,31) d(410) r(287,332) a(464,274) a(11,227) a(254,462)
10; 50, 30; r(116,393) d(327) r(171,199) a(396,403) d(212) d(373)
11; 50, 30; d(382) a(369,381) a(230,197) a(471,214) r(23,120) r(450,197) a(278,332) r(212,194)
12; 50; r(116,393) d(327) a(369,381) a(230,197) a(471,214) r(23,120) r(450,197) a(278,332) r(212,194)
13; 30; d(382) r(171,199) a(396,403) d(212) d(373)
14; 5, 28; d(382) d(171) a(458,441) r(210,227) d(241) a(397,289)
15; 5, 28; d(382) d(171) a(458,441) r(210,227) r(204,197) a(136,52)
16; 5; d(382) d(171) a(458,441) r(210,227) r(204,197) a(136,52)
17; 28; d(382) d(171) a(458,441) r(210,227) d(241) a(397,289)
18; 3, 9; d(382) d(171) d(412) d(213) r(216,2) d(223)
19; 3, 9; r(116,393) d(327) a(369,381) d(212) a(458,441) r(210,227)
20; 3; d(382) d(171) d(412) d(213)
21; 9; r(116,393) d(327) a(369,381) d(212) a(458,441) r(210,227) r(216,2) d(223)
22; 53, 28; d(382) d(171) r(281,352) d(324) d(431) d(171) a(458,441) r(210,227) d(241) a(397,289)
23; 53, 28; d(382) r(10,273) r(158,136) r(371,430)
24; 53; d(382) d(171) r(281,352) d(324) d(431) r(10,273) r(158,136) r(371,430)
25; 28; d(382) d(171) a(458,441) r(210,227) d(241) a(397,289)
26; 30; d(382) r(171,199) a(396,403) d(212) d(373)
27; 40; d(382) r(171,199) a(396,403) d(212) d(115)
28; 46, 38; a(465,464) d(171) d(217) a(303,247) a(23,39) d(25) r(154,303) r(112,136) r(352,393)
29; 46, 38; d(382) r(171,199) d(410) a(110,385) r(210,183)
30; 46; a(465,464) d(171) d(217) a(303,247) a(23,39) d(25) r(210,183)
31; 38; d(382) r(171,199) d(410) a(110,385) r(154,303) r(112,136) r(352,393)
32; 51, 44; r(116,393) d(327) a(369,381) d(212) d(171) r(281,352) r(346,360) d(361) a(239,258) d(233) a(21,192)
33; 51, 44; d(382) d(171) r(281,352) a(162,192) d(210) r(251,292) a(241,286)
34; 51; r(116,393) d(327) a(369,381) d(212) a(162,192) d(210) r(251,292) a(241,286)
35; 44; d(382) d(171) r(281,352) d(171) r(281,352) r(346,360) d(361) a(239,258) d(233) a(21,192)
36; 15; r(181,160) r(146,374) d(433) a(297,172) d(406) a(223,41) a(166,415)
37; 49; d(382) d(171) d(217) a(303,247) a(23,39) d(25) d(230)
38; 31; d(382) r(388,20) d(412) d(221)
39; 25; a(465,464) a(379,448) r(258,298) d(129) a(277,185) a(214,192) r(332,447) a(277,245)
40; 49; d(382) d(171) d(217) a(303,247) a(23,39) d(25) d(230)
41; 54; d(382) d(171) r(281,352) d(171) r(281,352) r(346,360) d(337) a(250,334) d(463)
42; 43; r(442,437) d(233) d(184)
43; 46; a(465,464) d(171) d(217) a(303,247) a(23,39) d(25) r(210,183)
44; 52; r(116,393) r(402,31) d(410) r(287,332) d(361) a(239,258) d(257) d(128)
45; 29; d(382) d(171) a(458,441) r(210,227) d(241) r(116,413)
46; 20, 44; d(382) d(361) r(281,352) d(171) r(281,352) r(346,360) d(361) a(239,258) d(233) a(21,192)
47; 20, 44; d(382) d(171) d(371) r(213,446) a(161,159) r(112,276)
48; 20; d(382) d(361) d(371) r(213,446) a(161,159) r(112,276)
49; 44; d(382) d(171) r(281,352) d(171) r(281,352) r(346,360) d(361) a(239,258) d(233) a(21,192)
50; 55, 3; r(396,37) d(467) a(171,139) r(161,192)
51; 55, 3; d(382) d(171) d(412) d(213) d(141) d(471) r(251,228)
52; 55; r(396,37) d(467) a(171,139) r(161,192) d(141) d(471) r(251,228)
53; 3; d(382) d(171) d(412) d(213)
54; 21, 15; d(382) a(338,381) d(217) a(303,247) a(297,172) d(406) a(223,41) a(166,415)
55; 21, 15; r(181,160) r(146,374) d(433) a(23,39) d(355) r(198,193)
56; 21; d(382) a(338,381) d(217) a(303,247) a(23,39) d(355) r(198,193)
57; 15; r(181,160) r(146,374) d(433) a(297,172) d(406) a(223,41) a(166,415)
58; 41, 54; r(116,393) d(467) d(410) a(110,385) r(154,303) r(112,136) r(214,195) d(337) a(250,334) d(463)
59; 41, 54; d(382) d(171) r(281,352) d(171) r(281,352) r(346,360)
60; 41; r(116,393) d(467) d(410) a(110,385) r(154,303) r(112,136) r(214,195)
61; 54; d(382) d(171) r(281,352) d(171) r(281,352) r(346,360) d(337) a(250,334) d(463)
62; 0; r(442,437) d(451) a(277,185) r(214,175) r(443,41) a(398,403)
63; 53; d(382) d(171) r(281,352) d(324) d(431) r(10,273) r(158,136) r(371,430)
--------------------------------------------------------------------------------
Mutation

0; r(181,160) r(146,374) d(433) a(297,172) d(406) d(128) d(393) a(214,146)
1; r(181,160) r(146,374) a(379,448) d(206) a(422,430) d(378) d(171) a(162,192) r(213,446) r(454,337) d(281) d(381)
2; r(116,393) d(467) a(396,403) d(212) a(462,472) d(121) d(350) a(300,291)
3; r(442,437) d(451) r(118,130) d(205) d(431) d(156) r(21,172)
4; r(116,393) d(467) a(396,403) d(212) d(156) d(195)
5; r(442,437) d(451) r(118,130) d(205) d(431) a(462,472) d(121) d(350) r(359,455)
6; r(116,393) r(402,31) d(410) r(287,332) a(464,274) a(11,227) a(254,462) d(150)
7; r(116,393) r(402,31) d(410) r(287,332) d(361) a(239,258) d(257) d(440) r(359,249)
8; r(116,393) r(402,31) d(410) r(287,332) d(361) a(239,258) d(257) d(440) a(397,434)
9; r(116,393) r(402,31) d(410) r(287,332) a(464,274) a(11,227) a(254,462) a(331,9)
10; r(116,393) d(327) r(171,199) a(396,403) d(212) d(373) d(214)
11; d(382) a(369,381) a(230,197) a(471,214) r(23,120) r(450,197) a(278,332) r(212,194) a(299,441)
12; r(116,393) d(327) a(369,381) a(230,197) a(471,214) r(23,120) r(450,197) a(278,332) r(212,194) r(382,418)
13; d(382) r(171,199) a(396,403) d(212) d(373) a(180,425)
14; d(382) d(171) a(458,441) r(210,227) d(241) a(397,289) r(232,202)
15; d(382) d(171) a(458,441) r(210,227) r(204,197) a(136,52) a(373,197)
16; d(382) d(171) a(458,441) r(210,227) r(204,197) a(136,52) a(455,457)
17; d(382) d(171) a(458,441) r(210,227) d(241) a(397,289) a(465,420)
18; d(382) d(171) d(412) d(213) r(216,2) d(223) a(392,441)
19; r(116,393) d(327) a(369,381) d(212) a(458,441) r(210,227) r(303,425)
20; d(382) d(171) d(412) d(213) a(130,444)
21; r(116,393) d(327) a(369,381) d(212) a(458,441) r(210,227) r(216,2) d(223) r(192,20)
22; d(382) d(171) r(281,352) d(324) d(431) d(171) a(458,441) r(210,227) d(241) a(397,289) a(176,400)
23; d(382) r(10,273) r(158,136) r(371,430) a(122,337)
24; d(382) d(171) r(281,352) d(324) d(431) r(10,273) r(158,136) r(371,430) a(212,29)
25; d(382) d(171) a(458,441) r(210,227) d(241) a(397,289) a(184,413)
26; d(382) r(171,199) a(396,403) d(212) d(373) r(230,406)
27; d(382) r(171,199) a(396,403) d(212) d(115) r(225,218)
28; a(465,464) d(171) d(217) a(303,247) a(23,39) d(25) r(154,303) r(112,136) r(352,393) d(371)
29; d(382) r(171,199) d(410) a(110,385) r(210,183) a(192,171)
30; a(465,464) d(171) d(217) a(303,247) a(23,39) d(25) r(210,183) a(173,226)
31; d(382) r(171,199) d(410) a(110,385) r(154,303) r(112,136) r(352,393) d(444)
32; r(116,393) d(327) a(369,381) d(212) d(171) r(281,352) r(346,360) d(361) a(239,258) d(233) a(21,192) d(240)
33; d(382) d(171) r(281,352) a(162,192) d(210) r(251,292) a(241,286) r(229,439)
34; r(116,393) d(327) a(369,381) d(212) a(162,192) d(210) r(251,292) a(241,286) a(216,448)
35; d(382) d(171) r(281,352) d(171) r(281,352) r(346,360) d(361) a(239,258) d(233) a(21,192) d(374)
36; r(181,160) r(146,374) d(433) a(297,172) d(406) a(223,41) a(166,415) r(466,20)
37; d(382) d(171) d(217) a(303,247) a(23,39) d(25) d(230) a(238,243)
38; d(382) r(388,20) d(412) d(221) a(353,353)
39; a(465,464) a(379,448) r(258,298) d(129) a(277,185) a(214,192) r(332,447) a(277,245) r(206,337)
40; d(382) d(171) d(217) a(303,247) a(23,39) d(25) d(230) d(459)
41; d(382) d(171) r(281,352) d(171) r(281,352) r(346,360) d(337) a(250,334) d(463) r(284,255)
42; r(442,437) d(233) d(184) d(244)
43; a(465,464) d(171) d(217) a(303,247) a(23,39) d(25) r(210,183) d(200)
44; r(116,393) r(402,31) d(410) r(287,332) d(361) a(239,258) d(257) d(128) a(422,420)
45; d(382) d(171) a(458,441) r(210,227) d(241) r(116,413) a(463,133)
46; d(382) d(361) r(281,352) d(171) r(281,352) r(346,360) d(361) a(239,258) d(233) a(21,192) d(367)
47; d(382) d(171) d(371) r(213,446) a(161,159) r(112,276) a(384,294)
48; d(382) d(361) d(371) r(213,446) a(161,159) r(112,276) a(251,120)
49; d(382) d(171) r(281,352) d(171) r(281,352) r(346,360) d(361) a(239,258) d(233) a(21,192) r(452,434)
50; r(396,37) d(467) a(171,139) r(161,192) d(213)
51; d(382) d(171) d(412) d(213) d(141) d(471) r(251,228) r(137,400)
52; r(396,37) d(467) a(171,139) r(161,192) d(141) d(471) r(251,228) a(373,412)
53; d(382) d(171) d(412) d(213) r(397,401)
54; d(382) a(338,381) d(217) a(303,247) a(297,172) d(406) a(223,41) a(166,415) d(156)
55; r(181,160) r(146,374) d(433) a(23,39) d(355) r(198,193) d(258)
56; d(382) a(338,381) d(217) a(303,247) a(23,39) d(355) r(198,193) r(421,19)
57; r(181,160) r(146,374) d(433) a(297,172) d(406) a(223,41) a(166,415) d(258)
58; r(116,393) d(467) d(410) a(110,385) r(154,303) r(112,136) r(214,195) d(337) a(250,334) d(463) r(258,448)
59; d(382) d(171) r(281,352) d(171) r(281,352) r(346,360) a(233,290)
60; r(116,393) d(467) d(410) a(110,385) r(154,303) r(112,136) r(214,195) r(213,226)
61; d(382) d(171) r(281,352) d(171) r(281,352) r(346,360) d(337) a(250,334) d(463) r(175,206)
62; r(442,437) d(451) a(277,185) r(214,175) r(443,41) a(398,403) a(177,207)
63; d(382) d(171) r(281,352) d(324) d(431) r(10,273) r(158,136) r(371,430) d(131)
--------------------------------------------------------------------------------
Evaluation

0; 0.
1; 0.
2; 0.
3; 10.
4; 0.
5; 0.
6; 0.
7; 0.
8; 0.
9; 0.
10; 0.
11; 0.
12; 0.
13; 0.
14; 0.
15; 0.
16; 0.
17; 0.
18; 0.
19; 0.
20; 0.
21; 0.
22; 0.
23; 0.
24; 0.
25; 0.
26; 0.
27; 0.
28; 0.
29; 0.
30; 0.
31; 0.
32; 0.
33; 0.
34; 0.
35; 0.
36; 0.
37; 0.
38; 0.
39; 0.
40; 0.
41; 0.
42; 0.
43; 0.
44; 0.
45; 0.
46; 0.
47; 0.
48; 0.
49; 0.
50; 0.
51; 0.
52; 0.
53; 0.
54; 0.
55; 0.
56; 0.
57; 0.
58; 0.
59; 0.
60; 0.
61; 0.
62; 0.
63; 0.
================================================================================
Generation 9

--------------------------------------------------------------------------------
Selection

0; 22
1; 62
2; 46
3; 31
4; 33
5; 24
6; 0
7; 49
8; 9
9; 16
10; 55
11; 54
12; 21
13; 54
14; 19
15; 30
16; 0
17; 28
18; 54
19; 33
20; 48
21; 15
22; 23
23; 19
24; 24
25; 39
26; 13
27; 33
28; 1
29; 51
30; 12
31; 39
32; 8
33; 25
34; 9
35; 7
36; 12
37; 23
38; 43
39; 12
--------------------------------------------------------------------------------
Crossover

0; 19; r(116,393) d(327) a(369,381) d(212) a(458,441) r(210,227) r(303,425)
1; 55; r(181,160) r(146,374) d(433) a(23,39) d(355) r(198,193) d(258)
2; 33; d(382) d(171) r(281,352) a(162,192) d(210) r(251,292) a(241,286) r(229,439)
3; 62; r(442,437) d(451) a(277,185) r(214,175) r(443,41) a(398,403) a(177,207)
4; 24, 0; d(382) d(171) r(281,352) d(324) d(431) r(10,273) r(158,136) r(371,430) a(297,172) d(406) d(128) d(393) a(214,146)
5; 24, 0; r(181,160) r(146,374) d(433) a(212,29)
6; 24; d(382) d(171) r(281,352) d(324) d(431) r(10,273) r(158,136) r(371,430) a(212,29)
7; 0; r(181,160) r(146,374) d(433) a(297,172) d(406) d(128) d(393) a(214,146)
8; 12, 23; r(116,393) d(327) a(369,381) a(230,197) a(471,214) r(23,120) r(158,136) r(371,430) a(122,337)
9; 12, 23; d(382) r(10,273) r(450,197) a(278,332) r(212,194) r(382,418)
10; 12; r(116,393) d(327) a(369,381) a(230,197) a(471,214) r(23,120) r(450,197) a(278,332) r(212,194) r(382,418)
11; 23; d(382) r(10,273) r(158,136) r(371,430) a(122,337)
12; 54; d(382) a(338,381) d(217) a(303,247) a(297,172) d(406) a(223,41) a(166,415) d(156)
13; 25; d(382) d(171) a(458,441) r(210,227) d(241) a(397,289) a(184,413)
14; 33, 1; d(382) d(171) r(281,352) a(162,192) d(206) a(422,430) d(378) d(171) a(162,192) r(213,446) r(454,337) d(281) d(381)
15; 33, 1; r(181,160) r(146,374) a(379,448) d(210) r(251,292) a(241,286) r(229,439)
16; 33; d(382) d(171) r(281,352) a(162,192) d(210) r(251,292) a(241,286) r(229,439)
17; 1; r(181,160) r(146,374) a(379,448) d(206) a(422,430) d(378) d(171) a(162,192) r(213,446) r(454,337) d(281) d(381)
18; 43, 15; a(465,464) d(171) d(217) r(210,227) r(204,197) a(136,52) a(373,197)
19; 43, 15; d(382) d(171) a(458,441) a(303,247) a(23,39) d(25) r(210,183) d(200)
20; 43; a(465,464) d(171) d(217) a(303,247) a(23,39) d(25) r(210,183) d(200)
21; 15; d(382) d(171) a(458,441) r(210,227) r(204,197) a(136,52) a(373,197)
22; 39, 28; a(465,464) a(379,448) r(258,298) d(129) a(23,39) d(25) r(154,303) r(112,136) r(352,393) d(371)
23; 39, 28; a(465,464) d(171) d(217) a(303,247) a(277,185) a(214,192) r(332,447) a(277,245) r(206,337)
24; 39; a(465,464) a(379,448) r(258,298) d(129) a(277,185) a(214,192) r(332,447) a(277,245) r(206,337)
25; 28; a(465,464) d(171) d(217) a(303,247) a(23,39) d(25) r(154,303) r(112,136) r(352,393) d(371)
26; 39, 33; a(465,464) a(379,448) r(258,298) d(129) a(277,185) a(214,192) r(332,447) a(277,245) r(229,439)
27; 39, 33; d(382) d(171) r(281,352) a(162,192) d(210) r(251,292) a(241,286) r(206,337)
28; 39; a(465,464) a(379,448) r(258,298) d(129) a(277,185) a(214,192) r(332,447) a(277,245) r(206,337)
29; 33; d(382) d(171) r(281,352) a(162,192) d(210) r(251,292) a(241,286) r(229,439)
30; 7, 54; r(116,393) r(402,31) d(410) r(287,332)
31; 7, 54; d(382) a(338,381) d(217) a(303,247) a(297,172) d(406) a(223,41) a(166,415) d(156) d(361) a(239,258) d(257) d(440) r(359,249)
32; 7; r(116,393) r(402,31) d(410) r(287,332) d(361) a(239,258) d(257) d(440) r(359,249)
33; 54; d(382) a(338,381) d(217) a(303,247) a(297,172) d(406) a(223,41) a(166,415) d(156)
34; 9; r(116,393) r(402,31) d(410) r(287,332) a(464,274) a(11,227) a(254,462) a(331,9)
35; 16; d(382) d(171) a(458,441) r(210,227) r(204,197) a(136,52) a(455,457)
36; 8, 12; r(116,393) r(402,31) d(410) r(287,332) d(361) a(239,258) d(327) a(369,381) a(230,197) a(471,214) r(23,120) r(450,197) a(278,332) r(212,194) r(382,418)
37; 8, 12; r(116,393) d(257) d(440) a(397,434)
38; 8; r(116,393) r(402,31) d(410) r(287,332) d(361) a(239,258) d(257) d(440) a(397,434)
39; 12; r(116,393) d(327) a(369,381) a(230,197) a(471,214) r(23,120) r(450,197) a(278,332) r(212,194) r(382,418)
40; 19; r(116,393) d(327) a(369,381) d(212) a(458,441) r(210,227) r(303,425)
41; 22; d(382) d(171) r(281,352) d(324) d(431) d(171) a(458,441) r(210,227) d(241) a(397,289) a(176,400)
42; 49, 23; d(382) d(171) r(281,352) d(171) r(281,352) r(346,360) d(361) a(239,258) d(233) a(21,192) r(371,430) a(122,337)
43; 49, 23; d(382) r(10,273) r(158,136) r(452,434)
44; 49; d(382) d(171) r(281,352) d(171) r(281,352) r(346,360) d(361) a(239,258) d(233) a(21,192) r(452,434)
45; 23; d(382) r(10,273) r(158,136) r(371,430) a(122,337)
46; 24; d(382) d(171) r(281,352) d(324) d(431) r(10,273) r(158,136) r(371,430) a(212,29)
47; 54; d(382) a(338,381) d(217) a(303,247) a(297,172) d(406) a(223,41) a(166,415) d(156)
48; 30, 13; a(465,464) d(171) d(217) a(303,247) a(23,39) d(25) r(210,183) a(173,226) r(171,199) a(396,403) d(212) d(373) a(180,425)
49; 30, 13; d(382)
50; 30; a(465,464) d(171) d(217) a(303,247) a(23,39) d(25) r(210,183) a(173,226)
51; 13; d(382) r(171,199) a(396,403) d(212) d(373) a(180,425)
52; 48, 51; d(382) d(361) d(371) r(213,446) d(141) d(471) r(251,228) r(137,400)
53; 48, 51; d(382) d(171) d(412) d(213) a(161,159) r(112,276) a(251,120)
54; 48; d(382) d(361) d(371) r(213,446) a(161,159) r(112,276) a(251,120)
55; 51; d(382) d(171) d(412) d(213) d(141) d(471) r(251,228) r(137,400)
56; 46; d(382) d(361) r(281,352) d(171) r(281,352) r(346,360) d(361) a(239,258) d(233) a(21,192) d(367)
57; 0; r(181,160) r(146,374) d(433) a(297,172) d(406) d(128) d(393) a(214,146)
58; 9, 12; r(116,393) r(402,31) d(410) r(287,332) a(278,332) r(212,194) r(382,418)
59; 9, 12; r(116,393) d(327) a(369,381) a(230,197) a(471,214) r(23,120) r(450,197) a(464,274) a(11,227) a(254,462) a(331,9)
60; 9; r(116,393) r(402,31) d(410) r(287,332) a(464,274) a(11,227) a(254,462) a(331,9)
61; 12; r(116,393) d(327) a(369,381) a(230,197) a(471,214) r(23,120) r(450,197) a(278,332) r(212,194) r(382,418)
62; 31; d(382) r(171,199) d(410) a(110,385) r(154,303) r(112,136) r(352,393) d(444)
63; 21; r(116,393) d(327) a(369,381) d(212) a(458,441) r(210,227) r(216,2) d(223) r(192,20)
--------------------------------------------------------------------------------
Mutation

0; r(116,393) d(327) a(369,381) d(212) a(458,441) r(210,227) r(303,425) r(330,446)
1; r(181,160) r(146,374) d(433) a(23,39) d(355) r(198,193) d(258) d(475)
2; d(382) d(171) r(281,352) a(162,192) d(210) r(251,292) a(241,286) r(229,439) a(437,471)
3; r(442,437) d(451) a(277,185) r(214,175) r(443,41) a(398,403) a(177,207) a(142,143)
4; d(382) d(171) r(281,352) d(324) d(431) r(10,273) r(158,136) r(371,430) a(297,172) d(406) d(128) d(393) a(214,146) a(453,381)
5; r(181,160) r(146,374) d(433) a(212,29) r(131,28)
6; d(382) d(171) r(281,352) d(324) d(431) r(10,273) r(158,136) r(371,430) a(212,29) a(178,174)
7; r(181,160) r(146,374) d(433) a(297,172) d(406) d(128) d(393) a(214,146) r(457,448)
8; r(116,393) d(327) a(369,381) a(230,197) a(471,214) r(23,120) r(158,136) r(371,430) a(122,337) r(249,162)
9; d(382) r(10,273) r(450,197) a(278,332) r(212,194) r(382,418) a(217,224)
10; r(116,393) d(327) a(369,381) a(230,197) a(471,214) r(23,120) r(450,197) a(278,332) r(212,194) r(382,418) r(439,45)
11; d(382) r(10,273) r(158,136) r(371,430) a(122,337) d(401)
12; d(382) a(338,381) d(217) a(303,247) a(297,172) d(406) a(223,41) a(166,415) d(156) r(137,374)
13; d(382) d(171) a(458,441) r(210,227) d(241) a(397,289) a(184,413) d(347)
14; d(382) d(171) r(281,352) a(162,192) d(206) a(422,430) d(378) d(171) a(162,192) r(213,446) r(454,337) d(281) d(381) r(210,133)
15; r(181,160) r(146,374) a(379,448) d(210) r(251,292) a(241,286) r(229,439) a(390,431)
16; d(382) d(171) r(281,352) a(162,192) d(210) r(251,292) a(241,286) r(229,439) d(432)
17; r(181,160) r(146,374) a(379,448) d(206) a(422,430) d(378) d(171) a(162,192) r(213,446) r(454,337) d(281) d(381) a(357,328)
18; a(465,464) d(171) d(217) r(210,227) r(204,197) a(136,52) a(373,197) r(427,202)
19; d(382) d(171) a(458,441) a(303,247) a(23,39) d(25) r(210,183) d(200) d(377)
20; a(465,464) d(171) d(217) a(303,247) a(23,39) d(25) r(210,183) d(200) r(181,1)
21; d(382) d(171) a(458,441) r(210,227) r(204,197) a(136,52) a(373,197) a(404,371)
22; a(465,464) a(379,448) r(258,298) d(129) a(23,39) d(25) r(154,303) r(112,136) r(352,393) d(371) r(368,432)
23; a(465,464) d(171) d(217) a(303,247) a(277,185) a(214,192) r(332,447) a(277,245) r(206,337) r(116,117)
24; a(465,464) a(379,448) r(258,298) d(129) a(277,185) a(214,192) r(332,447) a(277,245) r(206,337) d(471)
25; a(465,464) d(171) d(217) a(303,247) a(23,39) d(25) r(154,303) r(112,136) r(352,393) d(371) r(205,350)
26; a(465,464) a(379,448) r(258,298) d(129) a(277,185) a(214,192) r(332,447) a(277,245) r(229,439) a(118,19)
27; d(382) d(171) r(281,352) a(162,192) d(210) r(251,292) a(241,286) r(206,337) r(300,243)
28; a(465,464) a(379,448) r(258,298) d(129) a(277,185) a(214,192) r(332,447) a(277,245) r(206,337) r(292,240)
29; d(382) d(171) r(281,352) a(162,192) d(210) r(251,292) a(241,286) r(229,439) d(415)
30; r(116,393) r(402,31) d(410) r(287,332) d(210)
31; d(382) a(338,381) d(217) a(303,247) a(297,172) d(406) a(223,41) a(166,415) d(156) d(361) a(239,258) d(257) d(440) r(359,249) r(239,210)
32; r(116,393) r(402,31) d(410) r(287,332) d(361) a(239,258) d(257) d(440) r(359,249) a(416,172)
33; d(382) a(338,381) d(217) a(303,247) a(297,172) d(406) a(223,41) a(166,415) d(156) a(212,160)
34; r(116,393) r(402,31) d(410) r(287,332) a(464,274) a(11,227) a(254,462) a(331,9) a(344,447)
35; d(382) d(171) a(458,441) r(210,227) r(204,197) a(136,52) a(455,457) a(422,413)
36; r(116,393) r(402,31) d(410) r(287,332) d(361) a(239,258) d(327) a(369,381) a(230,197) a(471,214) r(23,120) r(450,197) a(278,332) r(212,194) r(382,418) a(299,445)
37; r(116,393) d(257) d(440) a(397,434) a(442,358)
38; r(116,393) r(402,31) d(410) r(287,332) d(361) a(239,258) d(257) d(440) a(397,434) a(382,386)
39; r(116,393) d(327) a(369,381) a(230,197) a(471,214) r(23,120) r(450,197) a(278,332) r(212,194) r(382,418) d(113)
40; r(116,393) d(327) a(369,381) d(212) a(458,441) r(210,227) r(303,425) r(380,185)
41; d(382) d(171) r(281,352) d(324) d(431) d(171) a(458,441) r(210,227) d(241) a(397,289) a(176,400) r(117,22)
42; d(382) d(171) r(281,352) d(171) r(281,352) r(346,360) d(361) a(239,258) d(233) a(21,192) r(371,430) a(122,337) d(411)
43; d(382) r(10,273) r(158,136) r(452,434) a(427,227)
44; d(382) d(171) r(281,352) d(171) r(281,352) r(346,360) d(361) a(239,258) d(233) a(21,192) r(452,434) d(430)
45; d(382) r(10,273) r(158,136) r(371,430) a(122,337) a(134,385)
46; d(382) d(171) r(281,352) d(324) d(431) r(10,273) r(158,136) r(371,430) a(212,29) a(210,157)
47; d(382) a(338,381) d(217) a(303,247) a(297,172) d(406) a(223,41) a(166,415) d(156) d(198)
48; a(465,464) d(171) d(217) a(303,247) a(23,39) d(25) r(210,183) a(173,226) r(171,199) a(396,403) d(212) d(373) a(180,425) a(293,228)
49; d(382) r(167,41)
50; a(465,464) d(171) d(217) a(303,247) a(23,39) d(25) r(210,183) a(173,226) a(424,430)
51; d(382) r(171,199) a(396,403) d(212) d(373) a(180,425) r(401,441)
52; d(382) d(361) d(371) r(213,446) d(141) d(471) r(251,228) r(137,400) a(177,449)
53; d(382) d(171) d(412) d(213) a(161,159) r(112,276) a(251,120) d(239)
54; d(382) d(361) d(371) r(213,446) a(161,159) r(112,276) a(251,120) r(339,444)
55; d(382) d(171) d(412) d(213) d(141) d(471) r(251,228) r(137,400) r(455,460)
56; d(382) d(361) r(281,352) d(171) r(281,352) r(346,360) d(361) a(239,258) d(233) a(21,192) d(367) r(429,214)
57; r(181,160) r(146,374) d(433) a(297,172) d(406) d(128) d(393) a(214,146) r(472,459)
58; r(116,393) r(402,31) d(410) r(287,332) a(278,332) r(212,194) r(382,418) a(205,204)
59; r(116,393) d(327) a(369,381) a(230,197) a(471,214) r(23,120) r(450,197) a(464,274) a(11,227) a(254,462) a(331,9) d(160)
60; r(116,393) r(402,31) d(410) r(287,332) a(464,274) a(11,227) a(254,462) a(331,9) r(457,475)
61; r(116,393) d(327) a(369,381) a(230,197) a(471,214) r(23,120) r(450,197) a(278,332) r(212,194) r(382,418) a(230,22)
62; d(382) r(171,199) d(410) a(110,385) r(154,303) r(112,136) r(352,393) d(444) a(349,2)
63; r(116,393) d(327) a(369,381) d(212) a(458,441) r(210,227) r(216,2) d(223) r(192,20) r(337,297)
--------------------------------------------------------------------------------
Evaluation

0; 0.
1; 0.
2; 0.
3; 0.
4; 0.
5; 0.
6; 0.
7; 0.
8; 0.
9; 0.
10; 0.
11; 0.
12; 0.
13; 0.
14; 0.
15; 0.
16; 0.
17; 0.
18; 0.
19; 0.
20; 0.
21; 0.
22; 0.
23; 0.
24; 0.
25; 0.
26; 0.
27; 0.
28; 0.
29; 0.
30; 0.
31; 0.
32; 0.
33; 0.
34; 0.
35; 0.
36; 0.
37; 0.
38; 0.
39; 0.
40; 0.
41; 0.
42; 0.
43; 0.
44; 0.
45; 0.
46; 0.
47; 0.
48; 0.
49; 0.
50; 0.
51; 0.
52; 0.
53; 0.
54; 0.
55; 0.
56; 0.
57; 0.
58; 0.
59; 10.
60; 0.
61; 0.
62; 0.
63; 0.
================================================================================
Generation 10

--------------------------------------------------------------------------------
Selection

0; 27
1; 25
2; 63
3; 21
4; 19
5; 10
6; 7
7; 48
8; 53
9; 49
10; 40
11; 39
12; 12
13; 25
14; 52
15; 25
16; 18
17; 9
18; 19
19; 0
20; 4
21; 57
22; 29
23; 33
24; 42
25; 4
26; 14
27; 44
28; 13
29; 62
30; 9
31; 32
32; 11
33; 14
34; 50
35; 61
36; 63
37; 31
38; 9
39; 34
--------------------------------------------------------------------------------
Crossover

0; 61; r(116,393) d(327) a(369,381) a(230,197) a(471,214) r(23,120) r(450,197) a(278,332) r(212,194) r(382,418) a(230,22)
1; 13; d(382) d(171) a(458,441) r(210,227) d(241) a(397,289) a(184,413) d(347)
2; 34, 25; r(116,393) r(402,31) d(410) r(287,332) a(464,274) a(11,227) a(254,462) a(331,9) a(344,447) d(171) d(217) a(303,247) a(23,39) d(25) r(154,303) r(112,136) r(352,393) d(371) r(205,350)
3; 34, 25; a(465,464)
4; 34; r(116,393) r(402,31) d(410) r(287,332) a(464,274) a(11,227) a(254,462) a(331,9) a(344,447)
5; 25; a(465,464) d(171) d(217) a(303,247) a(23,39) d(25) r(154,303) r(112,136) r(352,393) d(371) r(205,350)
6; 9; d(382) r(10,273) r(450,197) a(278,332) r(212,194) r(382,418) a(217,224)
7; 4; d(382) d(171) r(281,352) d(324) d(431) r(10,273) r(158,136) r(371,430) a(297,172) d(406) d(128) d(393) a(214,146) a(453,381)
8; 40, 62; r(116,393) d(327) a(369,381) d(212) a(458,441) r(112,136) r(352,393) d(444) a(349,2)
9; 40, 62; d(382) r(171,199) d(410) a(110,385) r(154,303) r(210,227) r(303,425) r(380,185)
10; 40; r(116,393) d(327) a(369,381) d(212) a(458,441) r(210,227) r(303,425) r(380,185)
11; 62; d(382) r(171,199) d(410) a(110,385) r(154,303) r(112,136) r(352,393) d(444) a(349,2)
12; 14, 44; d(382) d(171) r(281,352) a(162,192) d(206) a(422,430) d(378) d(171) a(162,192) a(239,258) d(233) a(21,192) r(452,434) d(430)
13; 14, 44; d(382) d(171) r(281,352) d(171) r(281,352) r(346,360) d(361) r(213,446) r(454,337) d(281) d(381) r(210,133)
14; 14; d(382) d(171) r(281,352) a(162,192) d(206) a(422,430) d(378) d(171) a(162,192) r(213,446) r(454,337) d(281) d(381) r(210,133)
15; 44; d(382) d(171) r(281,352) d(171) r(281,352) r(346,360) d(361) a(239,258) d(233) a(21,192) r(452,434) d(430)
16; 33, 29; d(382) a(338,381) d(217) a(303,247) a(297,172) d(406) a(223,41) r(251,292) a(241,286) r(229,439) d(415)
17; 33, 29; d(382) d(171) r(281,352) a(162,192) d(210) a(166,415) d(156) a(212,160)
18; 33; d(382) a(338,381) d(217) a(303,247) a(297,172) d(406) a(223,41) a(166,415) d(156) a(212,160)
19; 29; d(382) d(171) r(281,352) a(162,192) d(210) r(251,292) a(241,286) r(229,439) d(415)
20; 53, 31; d(382) d(171) d(412) d(213) r(239,210)
21; 53, 31; d(382) a(338,381) d(217) a(303,247) a(297,172) d(406) a(223,41) a(166,415) d(156) d(361) a(239,258) d(257) d(440) r(359,249) a(161,159) r(112,276) a(251,120) d(239)
22; 53; d(382) d(171) d(412) d(213) a(161,159) r(112,276) a(251,120) d(239)
23; 31; d(382) a(338,381) d(217) a(303,247) a(297,172) d(406) a(223,41) a(166,415) d(156) d(361) a(239,258) d(257) d(440) r(359,249) r(239,210)
24; 14; d(382) d(171) r(281,352) a(162,192) d(206) a(422,430) d(378) d(171) a(162,192) r(213,446) r(454,337) d(281) d(381) r(210,133)
25; 9; d(382) r(10,273) r(450,197) a(278,332) r(212,194) r(382,418) a(217,224)
26; 57, 25; r(181,160) a(23,39) d(25) r(154,303) r(112,136) r(352,393) d(371) r(205,350)
27; 57, 25; a(465,464) d(171) d(217) a(303,247) r(146,374) d(433) a(297,172) d(406) d(128) d(393) a(214,146) r(472,459)
28; 57; r(181,160) r(146,374) d(433) a(297,172) d(406) d(128) d(393) a(214,146) r(472,459)
29; 25; a(465,464) d(171) d(217) a(303,247) a(23,39) d(25) r(154,303) r(112,136) r(352,393) d(371) r(205,350)
30; 11, 42; d(382) r(10,273) r(158,136) r(371,430) a(122,337) d(401) r(346,360) d(361) a(239,258) d(233) a(21,192) r(371,430) a(122,337) d(411)
31; 11, 42; d(382) d(171) r(281,352) d(171) r(281,352)
32; 11; d(382) r(10,273) r(158,136) r(371,430) a(122,337) d(401)
33; 42; d(382) d(171) r(281,352) d(171) r(281,352) r(346,360) d(361) a(239,258) d(233) a(21,192) r(371,430) a(122,337) d(411)
34; 19; d(382) d(171) a(458,441) a(303,247) a(23,39) d(25) r(210,183) d(200) d(377)
35; 32; r(116,393) r(402,31) d(410) r(287,332) d(361) a(239,258) d(257) d(440) r(359,249) a(416,172)
36; 4; d(382) d(171) r(281,352) d(324) d(431) r(10,273) r(158,136) r(371,430) a(297,172) d(406) d(128) d(393) a(214,146) a(453,381)
37; 63; r(116,393) d(327) a(369,381) d(212) a(458,441) r(210,227) r(216,2) d(223) r(192,20) r(337,297)
38; 9; d(382) r(10,273) r(450,197) a(278,332) r(212,194) r(382,418) a(217,224)
39; 50; a(465,464) d(171) d(217) a(303,247) a(23,39) d(25) r(210,183) a(173,226) a(424,430)
40; 19, 12; d(382) a(338,381) d(217) a(303,247) a(297,172) d(406) a(223,41) a(166,415) d(156) r(137,374)
41; 19, 12; d(382) d(171) a(458,441) a(303,247) a(23,39) d(25) r(210,183) d(200) d(377)
42; 19; d(382) d(171) a(458,441) a(303,247) a(23,39) d(25) r(210,183) d(200) d(377)
43; 12; d(382) a(338,381) d(217) a(303,247) a(297,172) d(406) a(223,41) a(166,415) d(156) r(137,374)
44; 18; a(465,464) d(171) d(217) r(210,227) r(204,197) a(136,52) a(373,197) r(427,202)
45; 27; d(382) d(171) r(281,352) a(162,192) d(210) r(251,292) a(241,286) r(206,337) r(300,243)
46; 48, 52; a(465,464) d(171) d(217) a(303,247) d(141) d(471) r(251,228) r(137,400) a(177,449)
47; 48, 52; d(382) d(361) d(371) r(213,446) a(23,39) d(25) r(210,183) a(173,226) r(171,199) a(396,403) d(212) d(373) a(180,425) a(293,228)
48; 48; a(465,464) d(171) d(217) a(303,247) a(23,39) d(25) r(210,183) a(173,226) r(171,199) a(396,403) d(212) d(373) a(180,425) a(293,228)
49; 52; d(382) d(361) d(371) r(213,446) d(141) d(471) r(251,228) r(137,400) a(177,449)
50; 10, 49; r(116,393) d(327) a(369,381) a(230,197) a(471,214)
51; 10, 49; d(382) r(167,41) r(23,120) r(450,197) a(278,332) r(212,194) r(382,418) r(439,45)
52; 10; r(116,393) d(327) a(369,381) a(230,197) a(471,214) r(23,120) r(450,197) a(278,332) r(212,194) r(382,418) r(439,45)
53; 49; d(382) r(167,41)
54; 39; r(116,393) d(327) a(369,381) a(230,197) a(471,214) r(23,120) r(450,197) a(278,332) r(212,194) r(382,418) d(113)
55; 0; r(116,393) d(327) a(369,381) d(212) a(458,441) r(210,227) r(303,425) r(330,446)
56; 7; r(181,160) r(146,374) d(433) a(297,172) d(406) d(128) d(393) a(214,146) r(457,448)
57; 63; r(116,393) d(327) a(369,381) d(212) a(458,441) r(210,227) r(216,2) d(223) r(192,20) r(337,297)
58; 21; d(382) d(171) a(458,441) r(210,227) r(204,197) a(136,52) a(373,197) a(404,371)
59; 25; a(465,464) d(171) d(217) a(303,247) a(23,39) d(25) r(154,303) r(112,136) r(352,393) d(371) r(205,350)
--------------------------------------------------------------------------------
Mutation

0; r(116,393) d(327) a(369,381) a(230,197) a(471,214) r(23,120) r(450,197) a(278,332) r(212,194) r(382,418) a(230,22) d(218)
1; d(382) d(171) a(458,441) r(210,227) d(241) a(397,289) a(184,413) d(347) d(147)
2; r(116,393) r(402,31) d(410) r(287,332) a(464,274) a(11,227) a(254,462) a(331,9) a(344,447) d(171) d(217) a(303,247) a(23,39) d(25) r(154,303) r(112,136) r(352,393) d(371) r(205,350) r(442,172)
3; a(465,464) r(214,198)
4; r(116,393) r(402,31) d(410) r(287,332) a(464,274) a(11,227) a(254,462) a(331,9) a(344,447) d(463)
5; a(465,464) d(171) d(217) a(303,247) a(23,39) d(25) r(154,303) r(112,136) r(352,393) d(371) r(205,350) r(399,378)
6; d(382) r(10,273) r(450,197) a(278,332) r(212,194) r(382,418) a(217,224) r(110,303)
7; d(382) d(171) r(281,352) d(324) d(431) r(10,273) r(158,136) r(371,430) a(297,172) d(406) d(128) d(393) a(214,146) a(453,381) a(194,194)
8; r(116,393) d(327) a(369,381) d(212) a(458,441) r(112,136) r(352,393) d(444) a(349,2) d(397)
9; d(382) r(171,199) d(410) a(110,385) r(154,303) r(210,227) r(303,425) r(380,185) r(207,156)
10; r(116,393) d(327) a(369,381) d(212) a(458,441) r(210,227) r(303,425) r(380,185) r(353,415)
11; d(382) r(171,199) d(410) a(110,385) r(154,303) r(112,136) r(352,393) d(444) a(349,2) r(159,214)
12; d(382) d(171) r(281,352) a(162,192) d(206) a(422,430) d(378) d(171) a(162,192) a(239,258) d(233) a(21,192) r(452,434) d(430) a(218,446)
13; d(382) d(171) r(281,352) d(171) r(281,352) r(346,360) d(361) r(213,446) r(454,337) d(281) d(381) r(210,133) a(145,148)
14; d(382) d(171) r(281,352) a(162,192) d(206) a(422,430) d(378) d(171) a(162,192) r(213,446) r(454,337) d(281) d(381) r(210,133) a(165,400)
15; d(382) d(171) r(281,352) d(171) r(281,352) r(346,360) d(361) a(239,258) d(233) a(21,192) r(452,434) d(430) a(286,243)
16; d(382) a(338,381) d(217) a(303,247) a(297,172) d(406) a(223,41) r(251,292) a(241,286) r(229,439) d(415) d(356)
17; d(382) d(171) r(281,352) a(162,192) d(210) a(166,415) d(156) a(212,160) r(280,297)
18; d(382) a(338,381) d(217) a(303,247) a(297,172) d(406) a(223,41) a(166,415) d(156) a(212,160) d(192)
19; d(382) d(171) r(281,352) a(162,192) d(210) r(251,292) a(241,286) r(229,439) d(415) d(416)
20; d(382) d(171) d(412) d(213) r(239,210) a(294,242)
21; d(382) a(338,381) d(217) a(303,247) a(297,172) d(406) a(223,41) a(166,415) d(156) d(361) a(239,258) d(257) d(440) r(359,249) a(161,159) r(112,276) a(251,120) d(239) d(341)
22; d(382) d(171) d(412) d(213) a(161,159) r(112,276) a(251,120) d(239) d(370)
23; d(382) a(338,381) d(217) a(303,247) a(297,172) d(406) a(223,41) a(166,415) d(156) d(361) a(239,258) d(257) d(440) r(359,249) r(239,210) r(210,471)
24; d(382) d(171) r(281,352) a(162,192) d(206) a(422,430) d(378) d(171) a(162,192) r(213,446) r(454,337) d(281) d(381) r(210,133) r(417,400)
25; d(382) r(10,273) r(450,197) a(278,332) r(212,194) r(382,418) a(217,224) d(272)
26; r(181,160) a(23,39) d(25) r(154,303) r(112,136) r(352,393) d(371) r(205,350) a(122,173)
27; a(465,464) d(171) d(217) a(303,247) r(146,374) d(433) a(297,172) d(406) d(128) d(393) a(214,146) r(472,459) a(243,230)
28; r(181,160) r(146,374) d(433) a(297,172) d(406) d(128) d(393) a(214,146) r(472,459) r(124,29)
29; a(465,464) d(171) d(217) a(303,247) a(23,39) d(25) r(154,303) r(112,136) r(352,393) d(371) r(205,350) a(455,171)
30; d(382) r(10,273) r(158,136) r(371,430) a(122,337) d(401) r(346,360) d(361) a(239,258) d(233) a(21,192) r(371,430) a(122,337) d(411) r(183,276)
31; d(382) d(171) r(281,352) d(171) r(281,352) r(359,301)
32; d(382) r(10,273) r(158,136) r(371,430) a(122,337) d(401) r(115,142)
33; d(382) d(171) r(281,352) d(171) r(281,352) r(346,360) d(361) a(239,258) d(233) a(21,192) r(371,430) a(122,337) d(411) d(172)
34; d(382) d(171) a(458,441) a(303,247) a(23,39) d(25) r(210,183) d(200) d(377) r(455,294)
35; r(116,393) r(402,31) d(410) r(287,332) d(361) a(239,258) d(257) d(440) r(359,249) a(416,172) d(158)
36; d(382) d(171) r(281,352) d(324) d(431) r(10,273) r(158,136) r(371,430) a(297,172) d(406) d(128) d(393) a(214,146) a(453,381) d(353)
37; r(116,393) d(327) a(369,381) d(212) a(458,441) r(210,227) r(216,2) d(223) r(192,20) r(337,297) d(405)
38; d(382) r(10,273) r(450,197) a(278,332) r(212,194) r(382,418) a(217,224) d(197)
39; a(465,464) d(171) d(217) a(303,247) a(23,39) d(25) r(210,183) a(173,226) a(424,430) a(286,350)
40; d(382) a(338,381) d(217) a(303,247) a(297,172) d(406) a(223,41) a(166,415) d(156) r(137,374) d(164)
41; d(382) d(171) a(458,441) a(303,247) a(23,39) d(25) r(210,183) d(200) d(377) r(212,374)
42; d(382) d(171) a(458,441) a(303,247) a(23,39) d(25) r(210,183) d(200) d(377) r(214,198)
43; d(382) a(338,381) d(217) a(303,247) a(297,172) d(406) a(223,41) a(166,415) d(156) r(137,374) r(284,337)
44; a(465,464) d(171) d(217) r(210,227) r(204,197) a(136,52) a(373,197) r(427,202) a(14,400)
45; d(382) d(171) r(281,352) a(162,192) d(210) r(251,292) a(241,286) r(206,337) r(300,243) d(351)
46; a(465,464) d(171) d(217) a(303,247) d(141) d(471) r(251,228) r(137,400) a(177,449) d(213)
47; d(382) d(361) d(371) r(213,446) a(23,39) d(25) r(210,183) a(173,226) r(171,199) a(396,403) d(212) d(373) a(180,425) a(293,228) r(223,173)
48; a(465,464) d(171) d(217) a(303,247) a(23,39) d(25) r(210,183) a(173,226) r(171,199) a(396,403) d(212) d(373) a(180,425) a(293,228) r(158,28)
49; d(382) d(361) d(371) r(213,446) d(141) d(471) r(251,228) r(137,400) a(177,449) r(420,210)
50; r(116,393) d(327) a(369,381) a(230,197) a(471,214) r(471,462)
51; d(382) r(167,41) r(23,120) r(450,197) a(278,332) r(212,194) r(382,418) r(439,45) d(451)
52; r(116,393) d(327) a(369,381) a(230,197) a(471,214) r(23,120) r(450,197) a(278,332) r(212,194) r(382,418) r(439,45) r(369,422)
53; d(382) r(167,41) a(141,274)
54; r(116,393) d(327) a(369,381) a(230,197) a(471,214) r(23,120) r(450,197) a(278,332) r(212,194) r(382,418) d(113) d(272)
55; r(116,393) d(327) a(369,381) d(212) a(458,441) r(210,227) r(303,425) r(330,446) r(132,178)
56; r(181,160) r(146,374) d(433) a(297,172) d(406) d(128) d(393) a(214,146) r(457,448) d(113)
57; r(116,393) d(327) a(369,381) d(212) a(458,441) r(210,227) r(216,2) d(223) r(192,20) r(337,297) r(386,133)
58; d(382) d(171) a(458,441) r(210,227) r(204,197) a(136,52) a(373,197) a(404,371) d(216)
59; a(465,464) d(171) d(217) a(303,247) a(23,39) d(25) r(154,303) r(112,136) r(352,393) d(371) r(205,350) d(326)
--------------------------------------------------------------------------------
Evaluation

0; 0.
1; 0.
2; 0.
3; 0.
4; 0.
5; 0.
6; 0.
7; 0.
8; 0.
9; 0.
10; 0.
11; 0.
12; 0.
13; 0.
14; 0.
15; 0.
16; 0.
17; 0.
18; 0.
19; 0.
20; 0.
21; 0.
22; 0.
23; 0.
24; 0.
25; 0.
26; 0.
27; 0.
28; 0.
29; 0.
30; 0.
31; 0.
32; 0.
33; 0.
34; 0.
35; 0.
36; 0.
37; 0.
38; 0.
39; 0.
40; 0.
41; 0.
42; 0.
43; 0.
44; 0.
45; 0.
46; 0.
47; 0.
48; 0.
49; 0.
50; 0.
51; 0.
52; 0.
53; 0.
54; 0.
55; 0.
56; 0.
57; 0.
58; 0.
59; 0.
