================================================================================
Enclosure

1: 0
2: 0
3: 0
4: 3
5: 4
6: 4
7: 4
8: 4
9: 3
10: 0
11: 0
12: 11
13: 11
14: 0
15: 0
16: 15
17: 15
18: 15
19: 15
20: 0
21: 0
22: 0
23: 0
24: 0
25: 0
26: 0
28: 26
29: 0
31: 29
32: 0
33: 0
34: 0
35: 0
37: 35
38: 0
39: 0
40: 39
41: 40
43: 39
45: 43
46: 39
47: 0
48: 0
50: 48
52: 50
53: 0
54: 0
56: 0
58: 56
59: 0
60: 0
61: 0
62: 0
64: 0
65: 0
67: 0
68: 0
69: 0
70: 0
71: 0
72: 71
73: 72
75: 71
76: 71
77: 71
78: 0
79: 78
80: 78
81: 78
82: 78
83: 82
84: 83
86: 82
87: 82
88: 82
89: 78
90: 0
91: 0
92: 0
93: 92
94: 93
95: 93
96: 92
97: 96
98: 96
99: 96
100: 92
101: 100
102: 100
103: 92
104: 92
105: 0
106: 105
107: 105
108: 0
109: 0
110: 0
111: 0
112: 111
113: 112
115: 111
116: 111
117: 0
118: 0
119: 118
120: 118
121: 0
122: 0
123: 0
124: 0
126: 0
127: 126
128: 126
129: 126
130: 126
131: 126
132: 126
133: 126
134: 0
135: 134
136: 134
137: 0
138: 137
139: 137
141: 0
142: 0
143: 0
145: 0
146: 0
147: 0
148: 0
149: 148
150: 149
151: 149
152: 149
153: 152
154: 153
156: 152
157: 152
158: 149
159: 149
160: 149
161: 160
162: 161
164: 160
165: 160
166: 148
167: 166
168: 167
170: 167
171: 166
172: 148
173: 148
174: 0
175: 0
176: 175
177: 175
178: 177
180: 175
181: 175
182: 181
183: 181
184: 181
185: 184
187: 181
188: 181
189: 181
190: 189
192: 189
193: 175
194: 193
195: 193
197: 193
198: 175
199: 0
200: 0
201: 200
202: 201
204: 200
205: 0
206: 205
207: 205
208: 207
210: 207
211: 205
212: 0
213: 0
214: 0
215: 0
216: 0
217: 0
218: 217
219: 217
220: 217
221: 220
223: 217
224: 217
225: 217
226: 225
227: 225
228: 0
229: 0
230: 0
231: 0
232: 231
233: 232
235: 231
236: 231
237: 231
238: 231
239: 231
240: 231
241: 231
242: 231
243: 231
244: 231
245: 231
246: 231
247: 231
248: 231
249: 231
250: 231
251: 231
252: 231
253: 0
254: 0
255: 0
256: 0
257: 0
258: 257
259: 258
260: 258
261: 258
262: 258
263: 262
264: 263
266: 262
268: 266
269: 262
270: 262
271: 262
272: 258
273: 257
274: 257
275: 257
276: 257
277: 0
278: 277
279: 278
280: 279
281: 280
284: 278
286: 277
287: 0
289: 287
290: 0
291: 0
292: 291
293: 292
294: 293
297: 291
298: 291
299: 291
300: 291
301: 291
303: 301
304: 291
305: 304
306: 304
307: 304
308: 304
309: 304
311: 309
312: 304
313: 304
314: 304
315: 304
316: 315
317: 316
319: 315
320: 315
321: 304
323: 304
324: 0
325: 0
326: 0
327: 0
328: 0
330: 328
331: 0
332: 0
333: 0
334: 0
335: 0
337: 335
338: 0
339: 0
340: 339
341: 340
343: 339
344: 339
346: 344
347: 346
349: 347
350: 346
351: 339
352: 351
353: 352
355: 353
356: 352
357: 352
358: 351
359: 339
360: 0
361: 360
362: 360
364: 0
365: 0
367: 0
368: 0
369: 0
370: 369
371: 369
372: 371
373: 371
374: 373
376: 0
377: 376
378: 377
379: 377
380: 379
381: 379
382: 377
384: 377
385: 376
386: 0
387: 386
388: 386
390: 386
391: 0
392: 391
393: 391
394: 0
396: 394
397: 396
398: 396
399: 398
400: 398
401: 396
402: 396
403: 396
404: 403
405: 404
406: 405
409: 403
410: 403
411: 396
412: 411
413: 411
414: 396
415: 396
416: 0
417: 0
418: 0
419: 418
420: 418
421: 0
422: 421
423: 421
424: 421
425: 424
427: 421
428: 0
429: 428
430: 428
431: 0
432: 431
433: 431
434: 431
435: 0
436: 0
437: 0
438: 0
439: 438
440: 438
441: 438
442: 0
443: 0
444: 443
445: 444
446: 444
447: 444
448: 443
449: 443
450: 0
451: 0
452: 0
453: 0
454: 453
455: 454
457: 453
458: 453
459: 453
460: 0
461: 460
462: 460
463: 0
464: 0
465: 0
466: 465
467: 465
468: 0
469: 0
470: 469
471: 469
472: 0
473: 0
474: 473
475: 473
477: 0
478: 0
479: 0
================================================================================
Initialisation

0; r(442,448); 0.
1; d(175); 0.
2; a(210,37); 5.
3; a(333,120); 5.
4; d(213); 5.
5; d(376); 0.
6; r(278,277); 0.
7; r(332,343); 0.
8; d(459); 5.
9; d(362); 5.
10; r(171,420); 5.
11; d(341); 5.
12; d(341); 5.
13; d(464); 0.
14; d(458); 0.
15; a(250,277); 0.
16; r(453,472); 5.
17; d(429); 5.
18; r(210,174); 5.
19; d(410); 0.
20; a(197,390); 5.
21; r(451,337); 0.
22; a(251,171); 5.
23; d(440); 0.
24; d(166); 4.
25; r(301,172); 0.
26; a(137,130); 5.
27; a(425,386); 0.
28; r(201,446); 10.
29; a(213,444); 15.
30; d(331); 0.
31; d(210); 5.
32; r(284,400); 0.
33; a(397,349); 5.
34; d(178); 5.
35; d(246); 0.
36; d(400); 5.
37; a(419,387); 5.
38; r(293,178); 0.
39; original; 5.
================================================================================
Generation 1

--------------------------------------------------------------------------------
Selection

0; 19
1; 1
2; 15
3; 27
4; 1
5; 6
6; 35
7; 36
8; 34
9; 31
10; 7
11; 1
12; 0
13; 30
14; 32
15; 10
16; 21
17; 16
18; 21
19; 31
20; 35
21; 17
22; 25
23; 25
24; 21
25; 15
26; 15
27; 38
28; 11
29; 21
30; 2
31; 14
32; 18
33; 9
34; 38
35; 6
36; 24
37; 14
38; 25
39; 16
--------------------------------------------------------------------------------
Crossover

0; 21, 10; r(451,337)
1; 21, 10; r(171,420)
2; 21; r(451,337)
3; 10; r(171,420)
4; 15; a(250,277)
5; 21; r(451,337)
6; 35, 27; d(246)
7; 35, 27; a(425,386)
8; 35; d(246)
9; 27; a(425,386)
10; 31; d(210)
11; 32; r(284,400)
12; 38, 25; r(293,178)
13; 38, 25; r(301,172)
14; 38; r(293,178)
15; 25; r(301,172)
16; 34; d(178)
17; 31; d(210)
18; 16, 36; r(453,472)
19; 16, 36; d(400)
20; 16; r(453,472)
21; 36; d(400)
22; 1; d(175)
23; 14; d(458)
24; 21, 6; r(451,337)
25; 21, 6; r(278,277)
26; 21; r(451,337)
27; 6; r(278,277)
28; 2, 35; a(210,37)
29; 2, 35; d(246)
30; 2; a(210,37)
31; 35; d(246)
32; 1; d(175)
33; 21; r(451,337)
34; 16, 15; r(453,472)
35; 16, 15; a(250,277)
36; 16; r(453,472)
37; 15; a(250,277)
38; 0, 24; r(442,448)
39; 0, 24; d(166)
40; 0; r(442,448)
41; 24; d(166)
42; 1, 9; d(175)
43; 1, 9; d(362)
44; 1; d(175)
45; 9; d(362)
46; 15, 19; a(250,277)
47; 15, 19; d(410)
48; 15; a(250,277)
49; 19; d(410)
50; 38, 25; r(293,178)
51; 38, 25; r(301,172)
52; 38; r(293,178)
53; 25; r(301,172)
54; 18, 7; r(210,174)
55; 18, 7; r(332,343)
56; 18; r(210,174)
57; 7; r(332,343)
58; 30; d(331)
59; 6; r(278,277)
60; 25, 17; r(301,172)
61; 25, 17; d(429)
62; 25; r(301,172)
63; 17; d(429)
64; 14; d(458)
65; 11; d(341)
--------------------------------------------------------------------------------
Mutation

0; r(451,337) d(210)
1; r(171,420) d(213)
2; r(451,337) a(205,350)
3; r(171,420) a(167,272)
4; a(250,277) r(128,455)
5; r(451,337) r(210,150)
6; d(246) d(430)
7; a(425,386) d(430)
8; d(246) d(465)
9; a(425,386) a(401,162)
10; d(210) a(241,45)
11; r(284,400) r(276,358)
12; r(293,178) r(373,436)
13; r(301,172) d(219)
14; r(293,178) a(119,113)
15; r(301,172) a(455,463)
16; d(178) a(239,172)
17; d(210) a(167,228)
18; r(453,472) r(220,439)
19; d(400) d(121)
20; r(453,472) d(212)
21; d(400) r(344,235)
22; d(175) r(1,425)
23; d(458) a(367,22)
24; r(451,337) a(391,436)
25; r(278,277) d(210)
26; r(451,337) d(293)
27; r(278,277) d(428)
28; a(210,37) r(249,21)
29; d(246) d(343)
30; a(210,37) d(178)
31; d(246) r(355,162)
32; d(175) r(148,22)
33; r(451,337) a(337,467)
34; r(453,472) d(117)
35; a(250,277) r(160,434)
36; r(453,472) r(385,403)
37; a(250,277) a(461,22)
38; r(442,448) d(291)
39; d(166) a(400,444)
40; r(442,448) r(242,351)
41; d(166) r(334,245)
42; d(175) d(214)
43; d(362) r(214,467)
44; d(175) d(145)
45; d(362) r(398,423)
46; a(250,277) r(338,258)
47; d(410) r(210,188)
48; a(250,277) a(324,246)
49; d(410) d(400)
50; r(293,178) r(403,31)
51; r(301,172) r(189,181)
52; r(293,178) r(212,303)
53; r(301,172) r(132,447)
54; r(210,174) r(462,185)
55; r(332,343) r(177,357)
56; r(210,174) d(392)
57; r(332,343) r(119,303)
58; d(331) r(214,183)
59; r(278,277) r(461,413)
60; r(301,172) a(376,272)
61; d(429) a(338,390)
62; r(301,172) r(449,281)
63; d(429) r(152,20)
64; d(458) r(369,289)
65; d(341) d(249)
--------------------------------------------------------------------------------
Evaluation

0; 0.
1; 5.
2; 0.
3; 5.
4; 0.
5; 0.
6; 0.
7; 0.
8; 0.
9; 0.
10; 5.
11; 0.
12; 0.
13; 0.
14; 0.
15; 0.
16; 0.
17; 5.
18; 0.
19; 0.
20; 5.
21; 5.
22; 0.
23; 0.
24; 0.
25; 0.
26; 0.
27; 0.
28; 0.
29; 0.
30; 5.
31; 0.
32; 0.
33; 0.
34; 0.
35; 0.
36; 5.
37; 0.
38; 0.
39; 4.
40; 0.
41; 4.
42; 0.
43; 5.
44; 0.
45; 5.
46; 0.
47; 0.
48; 0.
49; 0.
50; 0.
51; 0.
52; 0.
53; 0.
54; 5.
55; 0.
56; 3.
57; 0.
58; 0.
59; 0.
60; 0.
61; 5.
62; 0.
63; 5.
64; 0.
65; 0.
================================================================================
Generation 2

--------------------------------------------------------------------------------
Selection

0; 13
1; 38
2; 49
3; 55
4; 18
5; 22
6; 57
7; 42
8; 51
9; 48
10; 8
11; 14
12; 0
13; 41
14; 31
15; 30
16; 42
17; 57
18; 31
19; 7
20; 19
21; 5
22; 37
23; 6
24; 19
25; 6
26; 16
27; 16
28; 51
29; 62
30; 0
31; 44
32; 42
33; 51
34; 41
35; 9
36; 27
37; 5
38; 33
39; 38
--------------------------------------------------------------------------------
Crossover

0; 0, 62; r(451,337)
1; 0, 62; r(301,172) r(449,281) d(210)
2; 0; r(451,337) d(210)
3; 62; r(301,172) r(449,281)
4; 44, 0; d(175) d(210)
5; 44, 0; r(451,337) d(145)
6; 44; d(175) d(145)
7; 0; r(451,337) d(210)
8; 31; d(246) r(355,162)
9; 55; r(332,343) r(177,357)
10; 41, 41; d(166) r(334,245)
11; 41, 41; d(166) r(334,245)
12; 41; d(166) r(334,245)
13; 41; d(166) r(334,245)
14; 30; a(210,37) d(178)
15; 42; d(175) d(214)
16; 33; r(451,337) a(337,467)
17; 6; d(246) d(430)
18; 31; d(246) r(355,162)
19; 16; d(178) a(239,172)
20; 38, 19; r(442,448) d(291)
21; 38, 19; d(400) d(121)
22; 38; r(442,448) d(291)
23; 19; d(400) d(121)
24; 38, 51; r(442,448)
25; 38, 51; r(301,172) r(189,181) d(291)
26; 38; r(442,448) d(291)
27; 51; r(301,172) r(189,181)
28; 51; r(301,172) r(189,181)
29; 6; d(246) d(430)
30; 49; d(410) d(400)
31; 14; r(293,178) a(119,113)
32; 5, 48; r(451,337) r(210,150) a(324,246)
33; 5, 48; a(250,277)
34; 5; r(451,337) r(210,150)
35; 48; a(250,277) a(324,246)
36; 19; d(400) d(121)
37; 5; r(451,337) r(210,150)
38; 37, 42; a(250,277) d(214)
39; 37, 42; d(175) a(461,22)
40; 37; a(250,277) a(461,22)
41; 42; d(175) d(214)
42; 18; r(453,472) r(220,439)
43; 57; r(332,343) r(119,303)
44; 16, 57; d(178) a(239,172) r(119,303)
45; 16, 57; r(332,343)
46; 16; d(178) a(239,172)
47; 57; r(332,343) r(119,303)
48; 22; d(175) r(1,425)
49; 27; r(278,277) d(428)
50; 13, 9; r(301,172) d(219) a(401,162)
51; 13, 9; a(425,386)
52; 13; r(301,172) d(219)
53; 9; a(425,386) a(401,162)
54; 8; d(246) d(465)
55; 7; a(425,386) d(430)
56; 51; r(301,172) r(189,181)
57; 42; d(175) d(214)
--------------------------------------------------------------------------------
Mutation

0; r(451,337) d(171)
1; r(301,172) r(449,281) d(210) r(326,355)
2; r(451,337) d(210) r(403,367)
3; r(301,172) r(449,281) a(461,45)
4; d(175) d(210) d(461)
5; r(451,337) d(145) d(198)
6; d(175) d(145) d(439)
7; r(451,337) d(210) r(200,434)
8; d(246) r(355,162) d(287)
9; r(332,343) r(177,357) d(300)
10; d(166) r(334,245) d(130)
11; d(166) r(334,245) d(235)
12; d(166) r(334,245) a(294,297)
13; d(166) r(334,245) a(273,257)
14; a(210,37) d(178) d(294)
15; d(175) d(214) a(246,192)
16; r(451,337) a(337,467) a(213,447)
17; d(246) d(430) r(180,193)
18; d(246) r(355,162) a(134,444)
19; d(178) a(239,172) a(394,416)
20; r(442,448) d(291) d(378)
21; d(400) d(121) d(413)
22; r(442,448) d(291) a(420,413)
23; d(400) d(121) d(334)
24; r(442,448) d(398)
25; r(301,172) r(189,181) d(291) r(376,303)
26; r(442,448) d(291) a(382,435)
27; r(301,172) r(189,181) a(459,276)
28; r(301,172) r(189,181) d(374)
29; d(246) d(430) d(195)
30; d(410) d(400) r(469,337)
31; r(293,178) a(119,113) a(457,275)
32; r(451,337) r(210,150) a(324,246) a(325,52)
33; a(250,277) a(326,449)
34; r(451,337) r(210,150) d(10)
35; a(250,277) a(324,246) a(458,337)
36; d(400) d(121) d(157)
37; r(451,337) r(210,150) a(205,166)
38; a(250,277) d(214) r(215,31)
39; d(175) a(461,22) a(418,192)
40; a(250,277) a(461,22) r(212,227)
41; d(175) d(214) d(132)
42; r(453,472) r(220,439) r(11,355)
43; r(332,343) r(119,303) a(340,339)
44; d(178) a(239,172) r(119,303) r(214,165)
45; r(332,343) a(244,276)
46; d(178) a(239,172) a(369,197)
47; r(332,343) r(119,303) r(166,192)
48; d(175) r(1,425) d(214)
49; r(278,277) d(428) a(374,388)
50; r(301,172) d(219) a(401,162) d(396)
51; a(425,386) a(438,202)
52; r(301,172) d(219) a(403,393)
53; a(425,386) a(401,162) d(344)
54; d(246) d(465) r(435,113)
55; a(425,386) d(430) r(351,133)
56; r(301,172) r(189,181) r(242,233)
57; d(175) d(214) d(213)
--------------------------------------------------------------------------------
Evaluation

0; 0.
1; 0.
2; 0.
3; 0.
4; 0.
5; 0.
6; 0.
7; 0.
8; 0.
9; 0.
10; 0.
11; 0.
12; 4.
13; 0.
14; 5.
15; 0.
16; 0.
17; 0.
18; 10.
19; 0.
20; 0.
21; 0.
22; 0.
23; 0.
24; 0.
25; 0.
26; 0.
27; 0.
28; 0.
29; 0.
30; 0.
31; 0.
32; 0.
33; 0.
34; 0.
35; 0.
36; 0.
37; 0.
38; 0.
39; 0.
40; 0.
41; 0.
42; 0.
43; 0.
44; 0.
45; 0.
46; 0.
47; 0.
48; 0.
49; 0.
50; 0.
51; 0.
52; 0.
53; 0.
54; 0.
55; 0.
56; 0.
57; 5.
================================================================================
Generation 3

--------------------------------------------------------------------------------
Selection

0; 31
1; 2
2; 3
3; 46
4; 39
5; 2
6; 15
7; 44
8; 41
9; 44
10; 47
11; 38
12; 2
13; 4
14; 20
15; 30
16; 22
17; 38
18; 30
19; 9
20; 17
21; 47
22; 41
23; 20
24; 10
25; 6
26; 1
27; 45
28; 36
29; 15
30; 0
31; 26
32; 22
33; 25
34; 0
35; 19
36; 10
37; 38
38; 46
39; 29
--------------------------------------------------------------------------------
Crossover

0; 1; r(301,172) r(449,281) d(210) r(326,355)
1; 15; d(175) d(214) a(246,192)
2; 38; a(250,277) d(214) r(215,31)
3; 47; r(332,343) r(119,303) r(166,192)
4; 3; r(301,172) r(449,281) a(461,45)
5; 36; d(400) d(121) d(157)
6; 29, 19; d(246) d(430) d(195) a(239,172) a(394,416)
7; 29, 19; d(178)
8; 29; d(246) d(430) d(195)
9; 19; d(178) a(239,172) a(394,416)
10; 26; r(442,448) d(291) a(382,435)
11; 20; r(442,448) d(291) d(378)
12; 31, 25; r(293,178) r(189,181) d(291) r(376,303)
13; 31, 25; r(301,172) a(119,113) a(457,275)
14; 31; r(293,178) a(119,113) a(457,275)
15; 25; r(301,172) r(189,181) d(291) r(376,303)
16; 30, 41; d(410) d(400) r(469,337) d(132)
17; 30, 41; d(175) d(214)
18; 30; d(410) d(400) r(469,337)
19; 41; d(175) d(214) d(132)
20; 4; d(175) d(210) d(461)
21; 17; d(246) d(430) r(180,193)
22; 0; r(451,337) d(171)
23; 44; d(178) a(239,172) r(119,303) r(214,165)
24; 15; d(175) d(214) a(246,192)
25; 2; r(451,337) d(210) r(403,367)
26; 46; d(178) a(239,172) a(369,197)
27; 0; r(451,337) d(171)
28; 6; d(175) d(145) d(439)
29; 45; r(332,343) a(244,276)
30; 47; r(332,343) r(119,303) r(166,192)
31; 44; d(178) a(239,172) r(119,303) r(214,165)
32; 9, 38; r(332,343) r(177,357) d(300) d(214) r(215,31)
33; 9, 38; a(250,277)
34; 9; r(332,343) r(177,357) d(300)
35; 38; a(250,277) d(214) r(215,31)
36; 10, 10; d(166)
37; 10, 10; d(166) r(334,245) d(130) r(334,245) d(130)
38; 10; d(166) r(334,245) d(130)
39; 10; d(166) r(334,245) d(130)
40; 30; d(410) d(400) r(469,337)
41; 22; r(442,448) d(291) a(420,413)
42; 22, 2; r(442,448) d(291) a(420,413) d(210) r(403,367)
43; 22, 2; r(451,337)
44; 22; r(442,448) d(291) a(420,413)
45; 2; r(451,337) d(210) r(403,367)
46; 20; r(442,448) d(291) d(378)
47; 2; r(451,337) d(210) r(403,367)
48; 39, 41; d(175)
49; 39, 41; d(175) d(214) d(132) a(461,22) a(418,192)
50; 39; d(175) a(461,22) a(418,192)
51; 41; d(175) d(214) d(132)
52; 46, 38; d(178) a(239,172) r(215,31)
53; 46, 38; a(250,277) d(214) a(369,197)
54; 46; d(178) a(239,172) a(369,197)
55; 38; a(250,277) d(214) r(215,31)
--------------------------------------------------------------------------------
Mutation

0; r(301,172) r(449,281) d(210) r(326,355) a(400,369)
1; d(175) d(214) a(246,192) r(361,29)
2; a(250,277) d(214) r(215,31) d(284)
3; r(332,343) r(119,303) r(166,192) a(199,19)
4; r(301,172) r(449,281) a(461,45) r(333,384)
5; d(400) d(121) d(157) r(255,120)
6; d(246) d(430) d(195) a(239,172) a(394,416) a(214,441)
7; d(178) r(475,444)
8; d(246) d(430) d(195) a(423,448)
9; d(178) a(239,172) a(394,416) r(417,289)
10; r(442,448) d(291) a(382,435) a(13,43)
11; r(442,448) d(291) d(378) r(119,455)
12; r(293,178) r(189,181) d(291) r(376,303) a(343,251)
13; r(301,172) a(119,113) a(457,275) d(424)
14; r(293,178) a(119,113) a(457,275) r(370,136)
15; r(301,172) r(189,181) d(291) r(376,303) a(152,149)
16; d(410) d(400) r(469,337) d(132) d(290)
17; d(175) d(214) r(223,221)
18; d(410) d(400) r(469,337) r(245,467)
19; d(175) d(214) d(132) a(424,471)
20; d(175) d(210) d(461) a(278,256)
21; d(246) d(430) r(180,193) a(274,278)
22; r(451,337) d(171) a(215,374)
23; d(178) a(239,172) r(119,303) r(214,165) r(213,425)
24; d(175) d(214) a(246,192) a(166,171)
25; r(451,337) d(210) r(403,367) d(212)
26; d(178) a(239,172) a(369,197) a(355,356)
27; r(451,337) d(171) d(403)
28; d(175) d(145) d(439) d(381)
29; r(332,343) a(244,276) d(150)
30; r(332,343) r(119,303) r(166,192) r(386,415)
31; d(178) a(239,172) r(119,303) r(214,165) d(174)
32; r(332,343) r(177,357) d(300) d(214) r(215,31) a(188,113)
33; a(250,277) a(332,447)
34; r(332,343) r(177,357) d(300) r(423,445)
35; a(250,277) d(214) r(215,31) a(128,45)
36; d(166) r(224,219)
37; d(166) r(334,245) d(130) r(334,245) d(130) d(405)
38; d(166) r(334,245) d(130) a(210,337)
39; d(166) r(334,245) d(130) a(113,294)
40; d(410) d(400) r(469,337) d(192)
41; r(442,448) d(291) a(420,413) r(273,239)
42; r(442,448) d(291) a(420,413) d(210) r(403,367) a(214,439)
43; r(451,337) r(420,475)
44; r(442,448) d(291) a(420,413) r(343,326)
45; r(451,337) d(210) r(403,367) d(194)
46; r(442,448) d(291) d(378) a(386,467)
47; r(451,337) d(210) r(403,367) r(189,357)
48; d(175) d(244)
49; d(175) d(214) d(132) a(461,22) a(418,192) r(356,327)
50; d(175) a(461,22) a(418,192) a(252,444)
51; d(175) d(214) d(132) a(460,452)
52; d(178) a(239,172) r(215,31) a(212,213)
53; a(250,277) d(214) a(369,197) r(216,276)
54; d(178) a(239,172) a(369,197) a(213,420)
55; a(250,277) d(214) r(215,31) r(212,29)
--------------------------------------------------------------------------------
Evaluation

0; 0.
1; 0.
2; 0.
3; 0.
4; 0.
5; 0.
6; 0.
7; 13.
8; 0.
9; 0.
10; 0.
11; 0.
12; 0.
13; 0.
14; 0.
15; 0.
16; 0.
17; 0.
18; 0.
19; 0.
20; 0.
21; 0.
22; 0.
23; 0.
24; 0.
25; 0.
26; 0.
27; 0.
28; 0.
29; 0.
30; 0.
31; 0.
32; 0.
33; 0.
34; 0.
35; 0.
36; 0.
37; 0.
38; 0.
39; 0.
40; 0.
41; 0.
42; 0.
43; 0.
44; 0.
45; 0.
46; 0.
47; 0.
48; 0.
49; 0.
50; 0.
51; 0.
52; 0.
53; 0.
54; 0.
55; 0.
================================================================================
Generation 4

--------------------------------------------------------------------------------
Selection

0; 2
1; 16
2; 49
3; 32
4; 38
5; 34
6; 35
7; 24
8; 47
9; 20
10; 32
11; 40
12; 54
13; 5
14; 22
15; 50
16; 48
17; 1
18; 10
19; 11
20; 54
21; 15
22; 19
23; 2
24; 5
25; 10
26; 49
27; 9
28; 36
29; 21
30; 48
31; 29
32; 29
33; 9
34; 34
35; 22
36; 38
37; 13
38; 1
39; 53
--------------------------------------------------------------------------------
Crossover

0; 1, 2; d(175)
1; 1, 2; a(250,277) d(214) r(215,31) d(284) d(214) a(246,192) r(361,29)
2; 1; d(175) d(214) a(246,192) r(361,29)
3; 2; a(250,277) d(214) r(215,31) d(284)
4; 32, 21; r(332,343)
5; 32, 21; d(246) d(430) r(180,193) a(274,278) r(177,357) d(300) d(214) r(215,31) a(188,113)
6; 32; r(332,343) r(177,357) d(300) d(214) r(215,31) a(188,113)
7; 21; d(246) d(430) r(180,193) a(274,278)
8; 24, 11; d(175) d(214) a(246,192) d(378) r(119,455)
9; 24, 11; r(442,448) d(291) a(166,171)
10; 24; d(175) d(214) a(246,192) a(166,171)
11; 11; r(442,448) d(291) d(378) r(119,455)
12; 38; d(166) r(334,245) d(130) a(210,337)
13; 13; r(301,172) a(119,113) a(457,275) d(424)
14; 35; a(250,277) d(214) r(215,31) a(128,45)
15; 53; a(250,277) d(214) a(369,197) r(216,276)
16; 49, 40; d(175) d(214) d(132) a(461,22) r(469,337) d(192)
17; 49, 40; d(410) d(400) a(418,192) r(356,327)
18; 49; d(175) d(214) d(132) a(461,22) a(418,192) r(356,327)
19; 40; d(410) d(400) r(469,337) d(192)
20; 10; r(442,448) d(291) a(382,435) a(13,43)
21; 22; r(451,337) d(171) a(215,374)
22; 34, 34; r(332,343) r(177,357) d(300) r(423,445) r(177,357) d(300) r(423,445)
23; 34, 34; r(332,343)
24; 34; r(332,343) r(177,357) d(300) r(423,445)
25; 34; r(332,343) r(177,357) d(300) r(423,445)
26; 16, 38; d(410) d(400) r(469,337) d(132)
27; 16, 38; d(166) r(334,245) d(130) a(210,337) d(290)
28; 16; d(410) d(400) r(469,337) d(132) d(290)
29; 38; d(166) r(334,245) d(130) a(210,337)
30; 15; r(301,172) r(189,181) d(291) r(376,303) a(152,149)
31; 29; r(332,343) a(244,276) d(150)
32; 29; r(332,343) a(244,276) d(150)
33; 5; d(400) d(121) d(157) r(255,120)
34; 5, 50; d(400) d(121) d(157)
35; 5, 50; d(175) a(461,22) a(418,192) a(252,444) r(255,120)
36; 5; d(400) d(121) d(157) r(255,120)
37; 50; d(175) a(461,22) a(418,192) a(252,444)
38; 9; d(178) a(239,172) a(394,416) r(417,289)
39; 54; d(178) a(239,172) a(369,197) a(213,420)
40; 47; r(451,337) d(210) r(403,367) r(189,357)
41; 48; d(175) d(244)
42; 48; d(175) d(244)
43; 10; r(442,448) d(291) a(382,435) a(13,43)
44; 36; d(166) r(224,219)
45; 20; d(175) d(210) d(461) a(278,256)
46; 22; r(451,337) d(171) a(215,374)
47; 54; d(178) a(239,172) a(369,197) a(213,420)
48; 2; a(250,277) d(214) r(215,31) d(284)
49; 49; d(175) d(214) d(132) a(461,22) a(418,192) r(356,327)
50; 9; d(178) a(239,172) a(394,416) r(417,289)
51; 1; d(175) d(214) a(246,192) r(361,29)
52; 19, 32; d(175)
53; 19, 32; r(332,343) r(177,357) d(300) d(214) r(215,31) a(188,113) d(214) d(132) a(424,471)
54; 19; d(175) d(214) d(132) a(424,471)
55; 32; r(332,343) r(177,357) d(300) d(214) r(215,31) a(188,113)
--------------------------------------------------------------------------------
Mutation

0; d(175) r(206,31)
1; a(250,277) d(214) r(215,31) d(284) d(214) a(246,192) r(361,29) r(421,427)
2; d(175) d(214) a(246,192) r(361,29) r(255,2)
3; a(250,277) d(214) r(215,31) d(284) a(392,420)
4; r(332,343) d(401)
5; d(246) d(430) r(180,193) a(274,278) r(177,357) d(300) d(214) r(215,31) a(188,113) r(212,193)
6; r(332,343) r(177,357) d(300) d(214) r(215,31) a(188,113) d(346)
7; d(246) d(430) r(180,193) a(274,278) d(210)
8; d(175) d(214) a(246,192) d(378) r(119,455) r(232,257)
9; r(442,448) d(291) a(166,171) a(167,358)
10; d(175) d(214) a(246,192) a(166,171) d(212)
11; r(442,448) d(291) d(378) r(119,455) d(276)
12; d(166) r(334,245) d(130) a(210,337) d(457)
13; r(301,172) a(119,113) a(457,275) d(424) d(142)
14; a(250,277) d(214) r(215,31) a(128,45) a(423,382)
15; a(250,277) d(214) a(369,197) r(216,276) a(230,20)
16; d(175) d(214) d(132) a(461,22) r(469,337) d(192) d(297)
17; d(410) d(400) a(418,192) r(356,327) d(373)
18; d(175) d(214) d(132) a(461,22) a(418,192) r(356,327) r(225,28)
19; d(410) d(400) r(469,337) d(192) d(401)
20; r(442,448) d(291) a(382,435) a(13,43) r(382,419)
21; r(451,337) d(171) a(215,374) r(182,439)
22; r(332,343) r(177,357) d(300) r(423,445) r(177,357) d(300) r(423,445) r(390,475)
23; r(332,343) a(131,109)
24; r(332,343) r(177,357) d(300) r(423,445) a(255,243)
25; r(332,343) r(177,357) d(300) r(423,445) a(149,31)
26; d(410) d(400) r(469,337) d(132) r(194,276)
27; d(166) r(334,245) d(130) a(210,337) d(290) r(459,303)
28; d(410) d(400) r(469,337) d(132) d(290) d(248)
29; d(166) r(334,245) d(130) a(210,337) r(253,258)
30; r(301,172) r(189,181) d(291) r(376,303) a(152,149) a(470,21)
31; r(332,343) a(244,276) d(150) a(351,328)
32; r(332,343) a(244,276) d(150) a(206,212)
33; d(400) d(121) d(157) r(255,120) r(447,415)
34; d(400) d(121) d(157) r(441,1)
35; d(175) a(461,22) a(418,192) a(252,444) r(255,120) d(369)
36; d(400) d(121) d(157) r(255,120) a(459,420)
37; d(175) a(461,22) a(418,192) a(252,444) r(289,247)
38; d(178) a(239,172) a(394,416) r(417,289) d(281)
39; d(178) a(239,172) a(369,197) a(213,420) a(417,275)
40; r(451,337) d(210) r(403,367) r(189,357) a(423,416)
41; d(175) d(244) r(212,9)
42; d(175) d(244) a(432,396)
43; r(442,448) d(291) a(382,435) a(13,43) r(359,390)
44; d(166) r(224,219) a(215,273)
45; d(175) d(210) d(461) a(278,256) a(214,221)
46; r(451,337) d(171) a(215,374) a(371,410)
47; d(178) a(239,172) a(369,197) a(213,420) a(391,428)
48; a(250,277) d(214) r(215,31) d(284) r(400,22)
49; d(175) d(214) d(132) a(461,22) a(418,192) r(356,327) a(159,174)
50; d(178) a(239,172) a(394,416) r(417,289) a(419,113)
51; d(175) d(214) a(246,192) r(361,29) r(219,393)
52; d(175) r(230,21)
53; r(332,343) r(177,357) d(300) d(214) r(215,31) a(188,113) d(214) d(132) a(424,471) a(452,275)
54; d(175) d(214) d(132) a(424,471) r(137,455)
55; r(332,343) r(177,357) d(300) d(214) r(215,31) a(188,113) r(429,432)
--------------------------------------------------------------------------------
Evaluation

0; 0.
1; 0.
2; 0.
3; 0.
4; 0.
5; 0.
6; 0.
7; 0.
8; 0.
9; 0.
10; 5.
11; 0.
12; 0.
13; 0.
14; 0.
15; 0.
16; 0.
17; 0.
18; 0.
19; 0.
20; 0.
21; 0.
22; 0.
23; 0.
24; 0.
25; 0.
26; 0.
27; 0.
28; 0.
29; 0.
30; 0.
31; 0.
32; 0.
33; 0.
34; 0.
35; 0.
36; 0.
37; 0.
38; 0.
39; 0.
40; 0.
41; 5.
42; 0.
43; 0.
44; 0.
45; 0.
46; 0.
47; 0.
48; 0.
49; 0.
50; 0.
51; 0.
52; 0.
53; 0.
54; 0.
55; 0.
================================================================================
Generation 5

--------------------------------------------------------------------------------
Selection

0; 2
1; 47
2; 46
3; 2
4; 29
5; 36
6; 29
7; 29
8; 2
9; 5
10; 48
11; 14
12; 40
13; 1
14; 43
15; 55
16; 4
17; 29
18; 0
19; 4
20; 49
21; 5
22; 16
23; 53
24; 12
25; 33
26; 13
27; 55
28; 14
29; 20
30; 6
31; 5
32; 1
33; 39
34; 24
35; 29
36; 16
37; 27
38; 11
39; 52
--------------------------------------------------------------------------------
Crossover

0; 36, 5; d(400) d(121) d(300) d(214) r(215,31) a(188,113) r(212,193)
1; 36, 5; d(246) d(430) r(180,193) a(274,278) r(177,357) d(157) r(255,120) a(459,420)
2; 36; d(400) d(121) d(157) r(255,120) a(459,420)
3; 5; d(246) d(430) r(180,193) a(274,278) r(177,357) d(300) d(214) r(215,31) a(188,113) r(212,193)
4; 29; d(166) r(334,245) d(130) a(210,337) r(253,258)
5; 14; a(250,277) d(214) r(215,31) a(128,45) a(423,382)
6; 49, 16; d(175) d(214) d(132) a(461,22) a(418,192) d(192) d(297)
7; 49, 16; d(175) d(214) d(132) a(461,22) r(469,337) r(356,327) a(159,174)
8; 49; d(175) d(214) d(132) a(461,22) a(418,192) r(356,327) a(159,174)
9; 16; d(175) d(214) d(132) a(461,22) r(469,337) d(192) d(297)
10; 47; d(178) a(239,172) a(369,197) a(213,420) a(391,428)
11; 46; r(451,337) d(171) a(215,374) a(371,410)
12; 55, 29; r(332,343) r(177,357) d(300) d(214) d(130) a(210,337) r(253,258)
13; 55, 29; d(166) r(334,245) r(215,31) a(188,113) r(429,432)
14; 55; r(332,343) r(177,357) d(300) d(214) r(215,31) a(188,113) r(429,432)
15; 29; d(166) r(334,245) d(130) a(210,337) r(253,258)
16; 53, 16; r(332,343) r(177,357) d(300) d(132) a(461,22) r(469,337) d(192) d(297)
17; 53, 16; d(175) d(214) d(214) r(215,31) a(188,113) d(214) d(132) a(424,471) a(452,275)
18; 53; r(332,343) r(177,357) d(300) d(214) r(215,31) a(188,113) d(214) d(132) a(424,471) a(452,275)
19; 16; d(175) d(214) d(132) a(461,22) r(469,337) d(192) d(297)
20; 13; r(301,172) a(119,113) a(457,275) d(424) d(142)
21; 40; r(451,337) d(210) r(403,367) r(189,357) a(423,416)
22; 20, 5; r(442,448) d(291) a(382,435) a(13,43) r(382,419) a(188,113) r(212,193)
23; 20, 5; d(246) d(430) r(180,193) a(274,278) r(177,357) d(300) d(214) r(215,31)
24; 20; r(442,448) d(291) a(382,435) a(13,43) r(382,419)
25; 5; d(246) d(430) r(180,193) a(274,278) r(177,357) d(300) d(214) r(215,31) a(188,113) r(212,193)
26; 24; r(332,343) r(177,357) d(300) r(423,445) a(255,243)
27; 4; r(332,343) d(401)
28; 0, 12; d(175) d(130) a(210,337) d(457)
29; 0, 12; d(166) r(334,245) r(206,31)
30; 0; d(175) r(206,31)
31; 12; d(166) r(334,245) d(130) a(210,337) d(457)
32; 14; a(250,277) d(214) r(215,31) a(128,45) a(423,382)
33; 55; r(332,343) r(177,357) d(300) d(214) r(215,31) a(188,113) r(429,432)
34; 1, 2; a(250,277) d(214) r(215,31) d(284) d(214) a(246,192) r(361,29) r(421,427) r(255,2)
35; 1, 2; d(175) d(214) a(246,192) r(361,29)
36; 1; a(250,277) d(214) r(215,31) d(284) d(214) a(246,192) r(361,29) r(421,427)
37; 2; d(175) d(214) a(246,192) r(361,29) r(255,2)
38; 29, 2; d(166) r(334,245) d(130) a(210,337) r(253,258) a(246,192) r(361,29) r(255,2)
39; 29, 2; d(175) d(214)
40; 29; d(166) r(334,245) d(130) a(210,337) r(253,258)
41; 2; d(175) d(214) a(246,192) r(361,29) r(255,2)
42; 4, 5; r(332,343) r(177,357) d(300) d(214) r(215,31) a(188,113) r(212,193)
43; 4, 5; d(246) d(430) r(180,193) a(274,278) d(401)
44; 4; r(332,343) d(401)
45; 5; d(246) d(430) r(180,193) a(274,278) r(177,357) d(300) d(214) r(215,31) a(188,113) r(212,193)
46; 48; a(250,277) d(214) r(215,31) d(284) r(400,22)
47; 43; r(442,448) d(291) a(382,435) a(13,43) r(359,390)
48; 33; d(400) d(121) d(157) r(255,120) r(447,415)
49; 11; r(442,448) d(291) d(378) r(119,455) d(276)
50; 6, 29; r(332,343) r(177,357) d(300) d(214) r(215,31) a(188,113) d(130) a(210,337) r(253,258)
51; 6, 29; d(166) r(334,245) d(346)
52; 6; r(332,343) r(177,357) d(300) d(214) r(215,31) a(188,113) d(346)
53; 29; d(166) r(334,245) d(130) a(210,337) r(253,258)
54; 39; d(178) a(239,172) a(369,197) a(213,420) a(417,275)
55; 29; d(166) r(334,245) d(130) a(210,337) r(253,258)
56; 2, 52; d(175) d(214) a(246,192) r(361,29) r(255,2) r(230,21)
57; 2, 52; d(175)
58; 2; d(175) d(214) a(246,192) r(361,29) r(255,2)
59; 52; d(175) r(230,21)
60; 27; d(166) r(334,245) d(130) a(210,337) d(290) r(459,303)
61; 1; a(250,277) d(214) r(215,31) d(284) d(214) a(246,192) r(361,29) r(421,427)
--------------------------------------------------------------------------------
Mutation

0; d(400) d(121) d(300) d(214) r(215,31) a(188,113) r(212,193) d(147)
1; d(246) d(430) r(180,193) a(274,278) r(177,357) d(157) r(255,120) a(459,420) r(119,384)
2; d(400) d(121) d(157) r(255,120) a(459,420) a(213,227)
3; d(246) d(430) r(180,193) a(274,278) r(177,357) d(300) d(214) r(215,31) a(188,113) r(212,193) r(373,221)
4; d(166) r(334,245) d(130) a(210,337) r(253,258) a(416,21)
5; a(250,277) d(214) r(215,31) a(128,45) a(423,382) a(415,362)
6; d(175) d(214) d(132) a(461,22) a(418,192) d(192) d(297) r(362,226)
7; d(175) d(214) d(132) a(461,22) r(469,337) r(356,327) a(159,174) a(301,1)
8; d(175) d(214) d(132) a(461,22) a(418,192) r(356,327) a(159,174) r(461,210)
9; d(175) d(214) d(132) a(461,22) r(469,337) d(192) d(297) a(291,281)
10; d(178) a(239,172) a(369,197) a(213,420) a(391,428) r(212,158)
11; r(451,337) d(171) a(215,374) a(371,410) d(173)
12; r(332,343) r(177,357) d(300) d(214) d(130) a(210,337) r(253,258) a(371,355)
13; d(166) r(334,245) r(215,31) a(188,113) r(429,432) r(151,156)
14; r(332,343) r(177,357) d(300) d(214) r(215,31) a(188,113) r(429,432) a(471,31)
15; d(166) r(334,245) d(130) a(210,337) r(253,258) a(441,439)
16; r(332,343) r(177,357) d(300) d(132) a(461,22) r(469,337) d(192) d(297) a(182,151)
17; d(175) d(214) d(214) r(215,31) a(188,113) d(214) d(132) a(424,471) a(452,275) a(258,351)
18; r(332,343) r(177,357) d(300) d(214) r(215,31) a(188,113) d(214) d(132) a(424,471) a(452,275) d(292)
19; d(175) d(214) d(132) a(461,22) r(469,337) d(192) d(297) a(154,188)
20; r(301,172) a(119,113) a(457,275) d(424) d(142) a(220,178)
21; r(451,337) d(210) r(403,367) r(189,357) a(423,416) r(200,136)
22; r(442,448) d(291) a(382,435) a(13,43) r(382,419) a(188,113) r(212,193) d(214)
23; d(246) d(430) r(180,193) a(274,278) r(177,357) d(300) d(214) r(215,31) r(459,425)
24; r(442,448) d(291) a(382,435) a(13,43) r(382,419) a(289,171)
25; d(246) d(430) r(180,193) a(274,278) r(177,357) d(300) d(214) r(215,31) a(188,113) r(212,193) a(346,9)
26; r(332,343) r(177,357) d(300) r(423,445) a(255,243) r(444,185)
27; r(332,343) d(401) r(376,133)
28; d(175) d(130) a(210,337) d(457) d(146)
29; d(166) r(334,245) r(206,31) d(116)
30; d(175) r(206,31) d(210)
31; d(166) r(334,245) d(130) a(210,337) d(457) r(436,418)
32; a(250,277) d(214) r(215,31) a(128,45) a(423,382) a(378,274)
33; r(332,343) r(177,357) d(300) d(214) r(215,31) a(188,113) r(429,432) d(213)
34; a(250,277) d(214) r(215,31) d(284) d(214) a(246,192) r(361,29) r(421,427) r(255,2) r(175,323)
35; d(175) d(214) a(246,192) r(361,29) d(21)
36; a(250,277) d(214) r(215,31) d(284) d(214) a(246,192) r(361,29) r(421,427) r(335,289)
37; d(175) d(214) a(246,192) r(361,29) r(255,2) r(458,226)
38; d(166) r(334,245) d(130) a(210,337) r(253,258) a(246,192) r(361,29) r(255,2) a(414,52)
39; d(175) d(214) d(257)
40; d(166) r(334,245) d(130) a(210,337) r(253,258) r(113,162)
41; d(175) d(214) a(246,192) r(361,29) r(255,2) a(330,252)
42; r(332,343) r(177,357) d(300) d(214) r(215,31) a(188,113) r(212,193) r(443,45)
43; d(246) d(430) r(180,193) a(274,278) d(401) r(210,384)
44; r(332,343) d(401) r(212,148)
45; d(246) d(430) r(180,193) a(274,278) r(177,357) d(300) d(214) r(215,31) a(188,113) r(212,193) d(119)
46; a(250,277) d(214) r(215,31) d(284) r(400,22) d(471)
47; r(442,448) d(291) a(382,435) a(13,43) r(359,390) r(242,230)
48; d(400) d(121) d(157) r(255,120) r(447,415) d(213)
49; r(442,448) d(291) d(378) r(119,455) d(276) a(339,236)
50; r(332,343) r(177,357) d(300) d(214) r(215,31) a(188,113) d(130) a(210,337) r(253,258) d(337)
51; d(166) r(334,245) d(346) r(249,444)
52; r(332,343) r(177,357) d(300) d(214) r(215,31) a(188,113) d(346) d(210)
53; d(166) r(334,245) d(130) a(210,337) r(253,258) d(213)
54; d(178) a(239,172) a(369,197) a(213,420) a(417,275) d(25)
55; d(166) r(334,245) d(130) a(210,337) r(253,258) d(210)
56; d(175) d(214) a(246,192) r(361,29) r(255,2) r(230,21) r(398,434)
57; d(175) a(351,173)
58; d(175) d(214) a(246,192) r(361,29) r(255,2) r(151,420)
59; d(175) r(230,21) r(413,392)
60; d(166) r(334,245) d(130) a(210,337) d(290) r(459,303) d(233)
61; a(250,277) d(214) r(215,31) d(284) d(214) a(246,192) r(361,29) r(421,427) d(464)
--------------------------------------------------------------------------------
Evaluation

0; 0.
1; 0.
2; 0.
3; 0.
4; 0.
5; 0.
6; 0.
7; 0.
8; 0.
9; 0.
10; 0.
11; 0.
12; 0.
13; 0.
14; 0.
15; 0.
16; 0.
17; 0.
18; 0.
19; 0.
20; 0.
21; 0.
22; 0.
23; 0.
24; 0.
25; 0.
26; 0.
27; 0.
28; 0.
29; 0.
30; 0.
31; 0.
32; 0.
33; 0.
34; 0.
35; 0.
36; 0.
37; 0.
38; 0.
39; 0.
40; 0.
41; 0.
42; 0.
43; 0.
44; 0.
45; 0.
46; 0.
47; 0.
48; 0.
49; 0.
50; 0.
51; 0.
52; 0.
53; 0.
54; 0.
55; 0.
56; 0.
57; 0.
58; 0.
59; 0.
60; 0.
61; 0.
================================================================================
Generation 6

--------------------------------------------------------------------------------
Selection

0; 56
1; 57
2; 59
3; 28
4; 11
5; 27
6; 47
7; 3
8; 53
9; 27
10; 33
11; 28
12; 12
13; 1
14; 7
15; 51
16; 38
17; 10
18; 58
19; 20
20; 39
21; 23
22; 53
23; 17
24; 1
25; 20
26; 11
27; 15
28; 2
29; 55
30; 37
31; 13
32; 22
33; 20
34; 9
35; 0
36; 42
37; 5
38; 14
39; 15
--------------------------------------------------------------------------------
Crossover

0; 3; d(246) d(430) r(180,193) a(274,278) r(177,357) d(300) d(214) r(215,31) a(188,113) r(212,193) r(373,221)
1; 37; d(175) d(214) a(246,192) r(361,29) r(255,2) r(458,226)
2; 27, 15; r(332,343) d(401) r(376,133) r(334,245) d(130) a(210,337) r(253,258) a(441,439)
3; 27, 15; d(166)
4; 27; r(332,343) d(401) r(376,133)
5; 15; d(166) r(334,245) d(130) a(210,337) r(253,258) a(441,439)
6; 53, 47; d(166) r(334,245) d(130) a(210,337) r(253,258) d(291) a(382,435) a(13,43) r(359,390) r(242,230)
7; 53, 47; r(442,448) d(213)
8; 53; d(166) r(334,245) d(130) a(210,337) r(253,258) d(213)
9; 47; r(442,448) d(291) a(382,435) a(13,43) r(359,390) r(242,230)
10; 27; r(332,343) d(401) r(376,133)
11; 33; r(332,343) r(177,357) d(300) d(214) r(215,31) a(188,113) r(429,432) d(213)
12; 14, 55; r(332,343) r(177,357) d(300) d(214) r(215,31) a(188,113) r(429,432) a(471,31) d(210)
13; 14, 55; d(166) r(334,245) d(130) a(210,337) r(253,258)
14; 14; r(332,343) r(177,357) d(300) d(214) r(215,31) a(188,113) r(429,432) a(471,31)
15; 55; d(166) r(334,245) d(130) a(210,337) r(253,258) d(210)
16; 42; r(332,343) r(177,357) d(300) d(214) r(215,31) a(188,113) r(212,193) r(443,45)
17; 11; r(451,337) d(171) a(215,374) a(371,410) d(173)
18; 12, 1; r(332,343) r(177,357) d(300) d(214) d(130) a(210,337) r(255,120) a(459,420) r(119,384)
19; 12, 1; d(246) d(430) r(180,193) a(274,278) r(177,357) d(157) r(253,258) a(371,355)
20; 12; r(332,343) r(177,357) d(300) d(214) d(130) a(210,337) r(253,258) a(371,355)
21; 1; d(246) d(430) r(180,193) a(274,278) r(177,357) d(157) r(255,120) a(459,420) r(119,384)
22; 39; d(175) d(214) d(257)
23; 5; a(250,277) d(214) r(215,31) a(128,45) a(423,382) a(415,362)
24; 17, 51; d(175) r(249,444)
25; 17, 51; d(166) r(334,245) d(346) d(214) d(214) r(215,31) a(188,113) d(214) d(132) a(424,471) a(452,275) a(258,351)
26; 17; d(175) d(214) d(214) r(215,31) a(188,113) d(214) d(132) a(424,471) a(452,275) a(258,351)
27; 51; d(166) r(334,245) d(346) r(249,444)
28; 10; d(178) a(239,172) a(369,197) a(213,420) a(391,428) r(212,158)
29; 38; d(166) r(334,245) d(130) a(210,337) r(253,258) a(246,192) r(361,29) r(255,2) a(414,52)
30; 53; d(166) r(334,245) d(130) a(210,337) r(253,258) d(213)
31; 22; r(442,448) d(291) a(382,435) a(13,43) r(382,419) a(188,113) r(212,193) d(214)
32; 9, 20; d(175) d(214) d(132) a(461,22) r(469,337) d(192) d(297) d(424) d(142) a(220,178)
33; 9, 20; r(301,172) a(119,113) a(457,275) a(291,281)
34; 9; d(175) d(214) d(132) a(461,22) r(469,337) d(192) d(297) a(291,281)
35; 20; r(301,172) a(119,113) a(457,275) d(424) d(142) a(220,178)
36; 11, 1; r(451,337) d(171) a(215,374) a(371,410) d(173) a(459,420) r(119,384)
37; 11, 1; d(246) d(430) r(180,193) a(274,278) r(177,357) d(157) r(255,120)
38; 11; r(451,337) d(171) a(215,374) a(371,410) d(173)
39; 1; d(246) d(430) r(180,193) a(274,278) r(177,357) d(157) r(255,120) a(459,420) r(119,384)
40; 7, 59; d(175) d(214) r(413,392)
41; 7, 59; d(175) r(230,21) d(132) a(461,22) r(469,337) r(356,327) a(159,174) a(301,1)
42; 7; d(175) d(214) d(132) a(461,22) r(469,337) r(356,327) a(159,174) a(301,1)
43; 59; d(175) r(230,21) r(413,392)
44; 20; r(301,172) a(119,113) a(457,275) d(424) d(142) a(220,178)
45; 15; d(166) r(334,245) d(130) a(210,337) r(253,258) a(441,439)
46; 57; d(175) a(351,173)
47; 0; d(400) d(121) d(300) d(214) r(215,31) a(188,113) r(212,193) d(147)
48; 23, 20; d(246) d(430) r(180,193) a(274,278) r(177,357) d(300) d(214) a(457,275) d(424) d(142) a(220,178)
49; 23, 20; r(301,172) a(119,113) r(215,31) r(459,425)
50; 23; d(246) d(430) r(180,193) a(274,278) r(177,357) d(300) d(214) r(215,31) r(459,425)
51; 20; r(301,172) a(119,113) a(457,275) d(424) d(142) a(220,178)
52; 58, 2; d(175) d(214) a(246,192) a(213,227)
53; 58, 2; d(400) d(121) d(157) r(255,120) a(459,420) r(361,29) r(255,2) r(151,420)
54; 58; d(175) d(214) a(246,192) r(361,29) r(255,2) r(151,420)
55; 2; d(400) d(121) d(157) r(255,120) a(459,420) a(213,227)
56; 13; d(166) r(334,245) r(215,31) a(188,113) r(429,432) r(151,156)
57; 28; d(175) d(130) a(210,337) d(457) d(146)
58; 28; d(175) d(130) a(210,337) d(457) d(146)
59; 56; d(175) d(214) a(246,192) r(361,29) r(255,2) r(230,21) r(398,434)
--------------------------------------------------------------------------------
Mutation

0; d(246) d(430) r(180,193) a(274,278) r(177,357) d(300) d(214) r(215,31) a(188,113) r(212,193) r(373,221) d(23)
1; d(175) d(214) a(246,192) r(361,29) r(255,2) r(458,226) d(373)
2; r(332,343) d(401) r(376,133) r(334,245) d(130) a(210,337) r(253,258) a(441,439) a(167,167)
3; d(166) d(132)
4; r(332,343) d(401) r(376,133) a(151,183)
5; d(166) r(334,245) d(130) a(210,337) r(253,258) a(441,439) a(425,178)
6; d(166) r(334,245) d(130) a(210,337) r(253,258) d(291) a(382,435) a(13,43) r(359,390) r(242,230) a(213,113)
7; r(442,448) d(213) a(441,467)
8; d(166) r(334,245) d(130) a(210,337) r(253,258) d(213) r(25,467)
9; r(442,448) d(291) a(382,435) a(13,43) r(359,390) r(242,230) a(198,439)
10; r(332,343) d(401) r(376,133) a(213,444)
11; r(332,343) r(177,357) d(300) d(214) r(215,31) a(188,113) r(429,432) d(213) d(137)
12; r(332,343) r(177,357) d(300) d(214) r(215,31) a(188,113) r(429,432) a(471,31) d(210) r(371,449)
13; d(166) r(334,245) d(130) a(210,337) r(253,258) a(416,37)
14; r(332,343) r(177,357) d(300) d(214) r(215,31) a(188,113) r(429,432) a(471,31) d(176)
15; d(166) r(334,245) d(130) a(210,337) r(253,258) d(210) r(388,393)
16; r(332,343) r(177,357) d(300) d(214) r(215,31) a(188,113) r(212,193) r(443,45) d(440)
17; r(451,337) d(171) a(215,374) a(371,410) d(173) r(112,289)
18; r(332,343) r(177,357) d(300) d(214) d(130) a(210,337) r(255,120) a(459,420) r(119,384) d(437)
19; d(246) d(430) r(180,193) a(274,278) r(177,357) d(157) r(253,258) a(371,355) a(368,37)
20; r(332,343) r(177,357) d(300) d(214) d(130) a(210,337) r(253,258) a(371,355) d(171)
21; d(246) d(430) r(180,193) a(274,278) r(177,357) d(157) r(255,120) a(459,420) r(119,384) r(210,187)
22; d(175) d(214) d(257) d(325)
23; a(250,277) d(214) r(215,31) a(128,45) a(423,382) a(415,362) a(171,187)
24; d(175) r(249,444) d(298)
25; d(166) r(334,245) d(346) d(214) d(214) r(215,31) a(188,113) d(214) d(132) a(424,471) a(452,275) a(258,351) d(471)
26; d(175) d(214) d(214) r(215,31) a(188,113) d(214) d(132) a(424,471) a(452,275) a(258,351) a(341,237)
27; d(166) r(334,245) d(346) r(249,444) a(447,438)
28; d(178) a(239,172) a(369,197) a(213,420) a(391,428) r(212,158) d(394)
29; d(166) r(334,245) d(130) a(210,337) r(253,258) a(246,192) r(361,29) r(255,2) a(414,52) r(2,3)
30; d(166) r(334,245) d(130) a(210,337) r(253,258) d(213) a(212,167)
31; r(442,448) d(291) a(382,435) a(13,43) r(382,419) a(188,113) r(212,193) d(214) d(213)
32; d(175) d(214) d(132) a(461,22) r(469,337) d(192) d(297) d(424) d(142) a(220,178) a(121,350)
33; r(301,172) a(119,113) a(457,275) a(291,281) r(249,351)
34; d(175) d(214) d(132) a(461,22) r(469,337) d(192) d(297) a(291,281) d(350)
35; r(301,172) a(119,113) a(457,275) d(424) d(142) a(220,178) d(166)
36; r(451,337) d(171) a(215,374) a(371,410) d(173) a(459,420) r(119,384) a(220,330)
37; d(246) d(430) r(180,193) a(274,278) r(177,357) d(157) r(255,120) d(214)
38; r(451,337) d(171) a(215,374) a(371,410) d(173) a(381,276)
39; d(246) d(430) r(180,193) a(274,278) r(177,357) d(157) r(255,120) a(459,420) r(119,384) r(326,230)
40; d(175) d(214) r(413,392) d(353)
41; d(175) r(230,21) d(132) a(461,22) r(469,337) r(356,327) a(159,174) a(301,1) a(432,416)
42; d(175) d(214) d(132) a(461,22) r(469,337) r(356,327) a(159,174) a(301,1) r(346,362)
43; d(175) r(230,21) r(413,392) a(212,174)
44; r(301,172) a(119,113) a(457,275) d(424) d(142) a(220,178) d(442)
45; d(166) r(334,245) d(130) a(210,337) r(253,258) a(441,439) d(236)
46; d(175) a(351,173) a(405,154)
47; d(400) d(121) d(300) d(214) r(215,31) a(188,113) r(212,193) d(147) a(188,406)
48; d(246) d(430) r(180,193) a(274,278) r(177,357) d(300) d(214) a(457,275) d(424) d(142) a(220,178) r(279,133)
49; r(301,172) a(119,113) r(215,31) r(459,425) r(405,362)
50; d(246) d(430) r(180,193) a(274,278) r(177,357) d(300) d(214) r(215,31) r(459,425) r(242,374)
51; r(301,172) a(119,113) a(457,275) d(424) d(142) a(220,178) r(160,188)
52; d(175) d(214) a(246,192) a(213,227) d(128)
53; d(400) d(121) d(157) r(255,120) a(459,420) r(361,29) r(255,2) r(151,420) a(394,28)
54; d(175) d(214) a(246,192) r(361,29) r(255,2) r(151,420) a(470,452)
55; d(400) d(121) d(157) r(255,120) a(459,420) a(213,227) a(454,197)
56; d(166) r(334,245) r(215,31) a(188,113) r(429,432) r(151,156) d(462)
57; d(175) d(130) a(210,337) d(457) d(146) d(148)
58; d(175) d(130) a(210,337) d(457) d(146) r(213,195)
59; d(175) d(214) a(246,192) r(361,29) r(255,2) r(230,21) r(398,434) a(357,31)
--------------------------------------------------------------------------------
Evaluation

0; 0.
1; 0.
2; 0.
3; 4.
4; 0.
5; 0.
6; 0.
7; 0.
8; 0.
9; 0.
10; 10.
11; 0.
12; 0.
13; 0.
14; 0.
15; 0.
16; 0.
17; 0.
18; 0.
19; 0.
20; 0.
21; 0.
22; 0.
23; 0.
24; 0.
25; 0.
26; 0.
27; 0.
28; 0.
29; 0.
30; 0.
31; 0.
32; 0.
33; 0.
34; 0.
35; 0.
36; 0.
37; 0.
38; 0.
39; 0.
40; 0.
41; 0.
42; 0.
43; 0.
44; 0.
45; 0.
46; 0.
47; 0.
48; 0.
49; 0.
50; 0.
51; 0.
52; 0.
53; 0.
54; 0.
55; 0.
56; 0.
57; 0.
58; 0.
59; 0.
================================================================================
Generation 7

--------------------------------------------------------------------------------
Selection

0; 27
1; 35
2; 52
3; 9
4; 46
5; 49
6; 13
7; 48
8; 20
9; 21
10; 7
11; 5
12; 15
13; 31
14; 59
15; 39
16; 43
17; 29
18; 20
19; 32
20; 11
21; 27
22; 24
23; 31
24; 40
25; 1
26; 59
27; 0
28; 33
29; 2
30; 52
31; 41
32; 31
33; 58
34; 22
35; 46
36; 7
37; 32
38; 33
39; 50
--------------------------------------------------------------------------------
Crossover

0; 33; r(301,172) a(119,113) a(457,275) a(291,281) r(249,351)
1; 27; d(166) r(334,245) d(346) r(249,444) a(447,438)
2; 31, 41; r(442,448) d(291) a(382,435) a(13,43) r(382,419) a(301,1) a(432,416)
3; 31, 41; d(175) r(230,21) d(132) a(461,22) r(469,337) r(356,327) a(159,174) a(188,113) r(212,193) d(214) d(213)
4; 31; r(442,448) d(291) a(382,435) a(13,43) r(382,419) a(188,113) r(212,193) d(214) d(213)
5; 41; d(175) r(230,21) d(132) a(461,22) r(469,337) r(356,327) a(159,174) a(301,1) a(432,416)
6; 7; r(442,448) d(213) a(441,467)
7; 29; d(166) r(334,245) d(130) a(210,337) r(253,258) a(246,192) r(361,29) r(255,2) a(414,52) r(2,3)
8; 48; d(246) d(430) r(180,193) a(274,278) r(177,357) d(300) d(214) a(457,275) d(424) d(142) a(220,178) r(279,133)
9; 59; d(175) d(214) a(246,192) r(361,29) r(255,2) r(230,21) r(398,434) a(357,31)
10; 39, 5; d(246) d(430) r(180,193) a(274,278) r(177,357) d(157) r(255,120)
11; 39, 5; d(166) r(334,245) d(130) a(210,337) r(253,258) a(441,439) a(425,178) a(459,420) r(119,384) r(326,230)
12; 39; d(246) d(430) r(180,193) a(274,278) r(177,357) d(157) r(255,120) a(459,420) r(119,384) r(326,230)
13; 5; d(166) r(334,245) d(130) a(210,337) r(253,258) a(441,439) a(425,178)
14; 46, 59; d(175) r(230,21) r(398,434) a(357,31)
15; 46, 59; d(175) d(214) a(246,192) r(361,29) r(255,2) a(351,173) a(405,154)
16; 46; d(175) a(351,173) a(405,154)
17; 59; d(175) d(214) a(246,192) r(361,29) r(255,2) r(230,21) r(398,434) a(357,31)
18; 20; r(332,343) r(177,357) d(300) d(214) d(130) a(210,337) r(253,258) a(371,355) d(171)
19; 50; d(246) d(430) r(180,193) a(274,278) r(177,357) d(300) d(214) r(215,31) r(459,425) r(242,374)
20; 20; r(332,343) r(177,357) d(300) d(214) d(130) a(210,337) r(253,258) a(371,355) d(171)
21; 27; d(166) r(334,245) d(346) r(249,444) a(447,438)
22; 32, 31; d(175) d(214) d(132) a(382,435) a(13,43) r(382,419) a(188,113) r(212,193) d(214) d(213)
23; 32, 31; r(442,448) d(291) a(461,22) r(469,337) d(192) d(297) d(424) d(142) a(220,178) a(121,350)
24; 32; d(175) d(214) d(132) a(461,22) r(469,337) d(192) d(297) d(424) d(142) a(220,178) a(121,350)
25; 31; r(442,448) d(291) a(382,435) a(13,43) r(382,419) a(188,113) r(212,193) d(214) d(213)
26; 0; d(246) d(430) r(180,193) a(274,278) r(177,357) d(300) d(214) r(215,31) a(188,113) r(212,193) r(373,221) d(23)
27; 58; d(175) d(130) a(210,337) d(457) d(146) r(213,195)
28; 49; r(301,172) a(119,113) r(215,31) r(459,425) r(405,362)
29; 32; d(175) d(214) d(132) a(461,22) r(469,337) d(192) d(297) d(424) d(142) a(220,178) a(121,350)
30; 11, 31; r(332,343) r(177,357) d(300) d(214) r(382,419) a(188,113) r(212,193) d(214) d(213)
31; 11, 31; r(442,448) d(291) a(382,435) a(13,43) r(215,31) a(188,113) r(429,432) d(213) d(137)
32; 11; r(332,343) r(177,357) d(300) d(214) r(215,31) a(188,113) r(429,432) d(213) d(137)
33; 31; r(442,448) d(291) a(382,435) a(13,43) r(382,419) a(188,113) r(212,193) d(214) d(213)
34; 22, 35; d(175) d(214) d(257) d(325) d(424) d(142) a(220,178) d(166)
35; 22, 35; r(301,172) a(119,113) a(457,275)
36; 22; d(175) d(214) d(257) d(325)
37; 35; r(301,172) a(119,113) a(457,275) d(424) d(142) a(220,178) d(166)
38; 24; d(175) r(249,444) d(298)
39; 52; d(175) d(214) a(246,192) a(213,227) d(128)
40; 1; d(175) d(214) a(246,192) r(361,29) r(255,2) r(458,226) d(373)
41; 46; d(175) a(351,173) a(405,154)
42; 15; d(166) r(334,245) d(130) a(210,337) r(253,258) d(210) r(388,393)
43; 43; d(175) r(230,21) r(413,392) a(212,174)
44; 7, 52; r(442,448) a(246,192) a(213,227) d(128)
45; 7, 52; d(175) d(214) d(213) a(441,467)
46; 7; r(442,448) d(213) a(441,467)
47; 52; d(175) d(214) a(246,192) a(213,227) d(128)
48; 33; r(301,172) a(119,113) a(457,275) a(291,281) r(249,351)
49; 2; r(332,343) d(401) r(376,133) r(334,245) d(130) a(210,337) r(253,258) a(441,439) a(167,167)
50; 13; d(166) r(334,245) d(130) a(210,337) r(253,258) a(416,37)
51; 9; r(442,448) d(291) a(382,435) a(13,43) r(359,390) r(242,230) a(198,439)
52; 21, 40; d(246)
53; 21, 40; d(175) d(214) r(413,392) d(353) d(430) r(180,193) a(274,278) r(177,357) d(157) r(255,120) a(459,420) r(119,384) r(210,187)
54; 21; d(246) d(430) r(180,193) a(274,278) r(177,357) d(157) r(255,120) a(459,420) r(119,384) r(210,187)
55; 40; d(175) d(214) r(413,392) d(353)
--------------------------------------------------------------------------------
Mutation

0; r(301,172) a(119,113) a(457,275) a(291,281) r(249,351) r(212,168)
1; d(166) r(334,245) d(346) r(249,444) a(447,438) d(290)
2; r(442,448) d(291) a(382,435) a(13,43) r(382,419) a(301,1) a(432,416) d(214)
3; d(175) r(230,21) d(132) a(461,22) r(469,337) r(356,327) a(159,174) a(188,113) r(212,193) d(214) d(213) a(152,183)
4; r(442,448) d(291) a(382,435) a(13,43) r(382,419) a(188,113) r(212,193) d(214) d(213) d(353)
5; d(175) r(230,21) d(132) a(461,22) r(469,337) r(356,327) a(159,174) a(301,1) a(432,416) d(362)
6; r(442,448) d(213) a(441,467) d(212)
7; d(166) r(334,245) d(130) a(210,337) r(253,258) a(246,192) r(361,29) r(255,2) a(414,52) r(2,3) d(13)
8; d(246) d(430) r(180,193) a(274,278) r(177,357) d(300) d(214) a(457,275) d(424) d(142) a(220,178) r(279,133) a(304,214)
9; d(175) d(214) a(246,192) r(361,29) r(255,2) r(230,21) r(398,434) a(357,31) r(367,303)
10; d(246) d(430) r(180,193) a(274,278) r(177,357) d(157) r(255,120) d(182)
11; d(166) r(334,245) d(130) a(210,337) r(253,258) a(441,439) a(425,178) a(459,420) r(119,384) r(326,230) r(466,393)
12; d(246) d(430) r(180,193) a(274,278) r(177,357) d(157) r(255,120) a(459,420) r(119,384) r(326,230) r(397,429)
13; d(166) r(334,245) d(130) a(210,337) r(253,258) a(441,439) a(425,178) r(450,390)
14; d(175) r(230,21) r(398,434) a(357,31) r(299,13)
15; d(175) d(214) a(246,192) r(361,29) r(255,2) a(351,173) a(405,154) a(341,274)
16; d(175) a(351,173) a(405,154) a(340,21)
17; d(175) d(214) a(246,192) r(361,29) r(255,2) r(230,21) r(398,434) a(357,31) d(133)
18; r(332,343) r(177,357) d(300) d(214) d(130) a(210,337) r(253,258) a(371,355) d(171) r(142,31)
19; d(246) d(430) r(180,193) a(274,278) r(177,357) d(300) d(214) r(215,31) r(459,425) r(242,374) d(212)
20; r(332,343) r(177,357) d(300) d(214) d(130) a(210,337) r(253,258) a(371,355) d(171) r(246,300)
21; d(166) r(334,245) d(346) r(249,444) a(447,438) r(212,444)
22; d(175) d(214) d(132) a(382,435) a(13,43) r(382,419) a(188,113) r(212,193) d(214) d(213) d(353)
23; r(442,448) d(291) a(461,22) r(469,337) d(192) d(297) d(424) d(142) a(220,178) a(121,350) d(401)
24; d(175) d(214) d(132) a(461,22) r(469,337) d(192) d(297) d(424) d(142) a(220,178) a(121,350) d(1)
25; r(442,448) d(291) a(382,435) a(13,43) r(382,419) a(188,113) r(212,193) d(214) d(213) d(459)
26; d(246) d(430) r(180,193) a(274,278) r(177,357) d(300) d(214) r(215,31) a(188,113) r(212,193) r(373,221) d(23) a(436,416)
27; d(175) d(130) a(210,337) d(457) d(146) r(213,195) r(161,164)
28; r(301,172) a(119,113) r(215,31) r(459,425) r(405,362) a(258,352)
29; d(175) d(214) d(132) a(461,22) r(469,337) d(192) d(297) d(424) d(142) a(220,178) a(121,350) r(224,228)
30; r(332,343) r(177,357) d(300) d(214) r(382,419) a(188,113) r(212,193) d(214) d(213) r(235,462)
31; r(442,448) d(291) a(382,435) a(13,43) r(215,31) a(188,113) r(429,432) d(213) d(137) a(233,359)
32; r(332,343) r(177,357) d(300) d(214) r(215,31) a(188,113) r(429,432) d(213) d(137) a(112,275)
33; r(442,448) d(291) a(382,435) a(13,43) r(382,419) a(188,113) r(212,193) d(214) d(213) a(330,290)
34; d(175) d(214) d(257) d(325) d(424) d(142) a(220,178) d(166) d(331)
35; r(301,172) a(119,113) a(457,275) d(213)
36; d(175) d(214) d(257) d(325) a(475,45)
37; r(301,172) a(119,113) a(457,275) d(424) d(142) a(220,178) d(166) d(112)
38; d(175) r(249,444) d(298) d(437)
39; d(175) d(214) a(246,192) a(213,227) d(128) d(123)
40; d(175) d(214) a(246,192) r(361,29) r(255,2) r(458,226) d(373) a(213,174)
41; d(175) a(351,173) a(405,154) a(171,415)
42; d(166) r(334,245) d(130) a(210,337) r(253,258) d(210) r(388,393) r(433,382)
43; d(175) r(230,21) r(413,392) a(212,174) a(402,475)
44; r(442,448) a(246,192) a(213,227) d(128) a(368,294)
45; d(175) d(214) d(213) a(441,467) r(293,240)
46; r(442,448) d(213) a(441,467) d(15)
47; d(175) d(214) a(246,192) a(213,227) d(128) a(149,197)
48; r(301,172) a(119,113) a(457,275) a(291,281) r(249,351) a(413,434)
49; r(332,343) d(401) r(376,133) r(334,245) d(130) a(210,337) r(253,258) a(441,439) a(167,167) a(111,120)
50; d(166) r(334,245) d(130) a(210,337) r(253,258) a(416,37) r(417,221)
51; r(442,448) d(291) a(382,435) a(13,43) r(359,390) r(242,230) a(198,439) d(239)
52; d(246) a(213,158)
53; d(175) d(214) r(413,392) d(353) d(430) r(180,193) a(274,278) r(177,357) d(157) r(255,120) a(459,420) r(119,384) r(210,187) d(367)
54; d(246) d(430) r(180,193) a(274,278) r(177,357) d(157) r(255,120) a(459,420) r(119,384) r(210,187) d(272)
55; d(175) d(214) r(413,392) d(353) d(402)
--------------------------------------------------------------------------------
Evaluation

0; 0.
1; 0.
2; 0.
3; 0.
4; 0.
5; 0.
6; 0.
7; 0.
8; 0.
9; 0.
10; 0.
11; 0.
12; 0.
13; 0.
14; 0.
15; 0.
16; 0.
17; 0.
18; 0.
19; 0.
20; 0.
21; 0.
22; 0.
23; 0.
24; 0.
25; 0.
26; 0.
27; 0.
28; 0.
29; 0.
30; 0.
31; 0.
32; 0.
33; 0.
34; 0.
35; 0.
36; 0.
37; 0.
38; 0.
39; 0.
40; 0.
41; 0.
42; 0.
43; 0.
44; 0.
45; 0.
46; 0.
47; 0.
48; 0.
49; 0.
50; 0.
51; 0.
52; 0.
53; 0.
54; 0.
55; 0.
================================================================================
Generation 8

--------------------------------------------------------------------------------
Selection

0; 35
1; 26
2; 34
3; 31
4; 4
5; 2
6; 14
7; 35
8; 38
9; 37
10; 33
11; 8
12; 34
13; 19
14; 32
15; 34
16; 9
17; 30
18; 17
19; 12
20; 49
21; 0
22; 55
23; 9
24; 39
25; 46
26; 40
27; 30
28; 36
29; 42
30; 23
31; 48
32; 41
33; 13
34; 31
35; 33
36; 41
37; 40
38; 6
39; 4
--------------------------------------------------------------------------------
Crossover

0; 36; d(175) d(214) d(257) d(325) a(475,45)
1; 34; d(175) d(214) d(257) d(325) d(424) d(142) a(220,178) d(166) d(331)
2; 2; r(442,448) d(291) a(382,435) a(13,43) r(382,419) a(301,1) a(432,416) d(214)
3; 34; d(175) d(214) d(257) d(325) d(424) d(142) a(220,178) d(166) d(331)
4; 9; d(175) d(214) a(246,192) r(361,29) r(255,2) r(230,21) r(398,434) a(357,31) r(367,303)
5; 32; r(332,343) r(177,357) d(300) d(214) r(215,31) a(188,113) r(429,432) d(213) d(137) a(112,275)
6; 31; r(442,448) d(291) a(382,435) a(13,43) r(215,31) a(188,113) r(429,432) d(213) d(137) a(233,359)
7; 46; r(442,448) d(213) a(441,467) d(15)
8; 49; r(332,343) d(401) r(376,133) r(334,245) d(130) a(210,337) r(253,258) a(441,439) a(167,167) a(111,120)
9; 4; r(442,448) d(291) a(382,435) a(13,43) r(382,419) a(188,113) r(212,193) d(214) d(213) d(353)
10; 31; r(442,448) d(291) a(382,435) a(13,43) r(215,31) a(188,113) r(429,432) d(213) d(137) a(233,359)
11; 12; d(246) d(430) r(180,193) a(274,278) r(177,357) d(157) r(255,120) a(459,420) r(119,384) r(326,230) r(397,429)
12; 13; d(166) r(334,245) d(130) a(210,337) r(253,258) a(441,439) a(425,178) r(450,390)
13; 41; d(175) a(351,173) a(405,154) a(171,415)
14; 41, 33; d(175) a(351,173) a(405,154) a(171,415) d(214) d(213) a(330,290)
15; 41, 33; r(442,448) d(291) a(382,435) a(13,43) r(382,419) a(188,113) r(212,193)
16; 41; d(175) a(351,173) a(405,154) a(171,415)
17; 33; r(442,448) d(291) a(382,435) a(13,43) r(382,419) a(188,113) r(212,193) d(214) d(213) a(330,290)
18; 40; d(175) d(214) a(246,192) r(361,29) r(255,2) r(458,226) d(373) a(213,174)
19; 19; d(246) d(430) r(180,193) a(274,278) r(177,357) d(300) d(214) r(215,31) r(459,425) r(242,374) d(212)
20; 38; d(175) r(249,444) d(298) d(437)
21; 9; d(175) d(214) a(246,192) r(361,29) r(255,2) r(230,21) r(398,434) a(357,31) r(367,303)
22; 48, 35; r(301,172) a(119,113) a(457,275) d(213)
23; 48, 35; r(301,172) a(119,113) a(457,275) a(291,281) r(249,351) a(413,434)
24; 48; r(301,172) a(119,113) a(457,275) a(291,281) r(249,351) a(413,434)
25; 35; r(301,172) a(119,113) a(457,275) d(213)
26; 26, 42; d(246) d(430) r(180,193) d(210) r(388,393) r(433,382)
27; 26, 42; d(166) r(334,245) d(130) a(210,337) r(253,258) a(274,278) r(177,357) d(300) d(214) r(215,31) a(188,113) r(212,193) r(373,221) d(23) a(436,416)
28; 26; d(246) d(430) r(180,193) a(274,278) r(177,357) d(300) d(214) r(215,31) a(188,113) r(212,193) r(373,221) d(23) a(436,416)
29; 42; d(166) r(334,245) d(130) a(210,337) r(253,258) d(210) r(388,393) r(433,382)
30; 8; d(246) d(430) r(180,193) a(274,278) r(177,357) d(300) d(214) a(457,275) d(424) d(142) a(220,178) r(279,133) a(304,214)
31; 37; r(301,172) a(119,113) a(457,275) d(424) d(142) a(220,178) d(166) d(112)
32; 6, 17; r(442,448) d(213) a(441,467) d(212) d(133)
33; 6, 17; d(175) d(214) a(246,192) r(361,29) r(255,2) r(230,21) r(398,434) a(357,31)
34; 6; r(442,448) d(213) a(441,467) d(212)
35; 17; d(175) d(214) a(246,192) r(361,29) r(255,2) r(230,21) r(398,434) a(357,31) d(133)
36; 14; d(175) r(230,21) r(398,434) a(357,31) r(299,13)
37; 30; r(332,343) r(177,357) d(300) d(214) r(382,419) a(188,113) r(212,193) d(214) d(213) r(235,462)
38; 40; d(175) d(214) a(246,192) r(361,29) r(255,2) r(458,226) d(373) a(213,174)
39; 35; r(301,172) a(119,113) a(457,275) d(213)
40; 0, 55; r(301,172) a(119,113) a(457,275) d(402)
41; 0, 55; d(175) d(214) r(413,392) d(353) a(291,281) r(249,351) r(212,168)
42; 0; r(301,172) a(119,113) a(457,275) a(291,281) r(249,351) r(212,168)
43; 55; d(175) d(214) r(413,392) d(353) d(402)
44; 33, 4; r(442,448) d(291) a(188,113) r(212,193) d(214) d(213) d(353)
45; 33, 4; r(442,448) d(291) a(382,435) a(13,43) r(382,419) a(382,435) a(13,43) r(382,419) a(188,113) r(212,193) d(214) d(213) a(330,290)
46; 33; r(442,448) d(291) a(382,435) a(13,43) r(382,419) a(188,113) r(212,193) d(214) d(213) a(330,290)
47; 4; r(442,448) d(291) a(382,435) a(13,43) r(382,419) a(188,113) r(212,193) d(214) d(213) d(353)
48; 23; r(442,448) d(291) a(461,22) r(469,337) d(192) d(297) d(424) d(142) a(220,178) a(121,350) d(401)
49; 34; d(175) d(214) d(257) d(325) d(424) d(142) a(220,178) d(166) d(331)
50; 39; d(175) d(214) a(246,192) a(213,227) d(128) d(123)
51; 30; r(332,343) r(177,357) d(300) d(214) r(382,419) a(188,113) r(212,193) d(214) d(213) r(235,462)
--------------------------------------------------------------------------------
Mutation

0; d(175) d(214) d(257) d(325) a(475,45) a(344,346)
1; d(175) d(214) d(257) d(325) d(424) d(142) a(220,178) d(166) d(331) a(279,344)
2; r(442,448) d(291) a(382,435) a(13,43) r(382,419) a(301,1) a(432,416) d(214) r(15,171)
3; d(175) d(214) d(257) d(325) d(424) d(142) a(220,178) d(166) d(331) d(243)
4; d(175) d(214) a(246,192) r(361,29) r(255,2) r(230,21) r(398,434) a(357,31) r(367,303) r(432,406)
5; r(332,343) r(177,357) d(300) d(214) r(215,31) a(188,113) r(429,432) d(213) d(137) a(112,275) r(359,334)
6; r(442,448) d(291) a(382,435) a(13,43) r(215,31) a(188,113) r(429,432) d(213) d(137) a(233,359) d(346)
7; r(442,448) d(213) a(441,467) d(15) a(227,281)
8; r(332,343) d(401) r(376,133) r(334,245) d(130) a(210,337) r(253,258) a(441,439) a(167,167) a(111,120) d(230)
9; r(442,448) d(291) a(382,435) a(13,43) r(382,419) a(188,113) r(212,193) d(214) d(213) d(353) d(381)
10; r(442,448) d(291) a(382,435) a(13,43) r(215,31) a(188,113) r(429,432) d(213) d(137) a(233,359) a(370,439)
11; d(246) d(430) r(180,193) a(274,278) r(177,357) d(157) r(255,120) a(459,420) r(119,384) r(326,230) r(397,429) d(343)
12; d(166) r(334,245) d(130) a(210,337) r(253,258) a(441,439) a(425,178) r(450,390) a(353,343)
13; d(175) a(351,173) a(405,154) a(171,415) d(167)
14; d(175) a(351,173) a(405,154) a(171,415) d(214) d(213) a(330,290) d(424)
15; r(442,448) d(291) a(382,435) a(13,43) r(382,419) a(188,113) r(212,193) a(417,376)
16; d(175) a(351,173) a(405,154) a(171,415) d(298)
17; r(442,448) d(291) a(382,435) a(13,43) r(382,419) a(188,113) r(212,193) d(214) d(213) a(330,290) d(156)
18; d(175) d(214) a(246,192) r(361,29) r(255,2) r(458,226) d(373) a(213,174) d(253)
19; d(246) d(430) r(180,193) a(274,278) r(177,357) d(300) d(214) r(215,31) r(459,425) r(242,374) d(212) r(152,467)
20; d(175) r(249,444) d(298) d(437) r(210,406)
21; d(175) d(214) a(246,192) r(361,29) r(255,2) r(230,21) r(398,434) a(357,31) r(367,303) a(210,415)
22; r(301,172) a(119,113) a(457,275) d(213) r(370,455)
23; r(301,172) a(119,113) a(457,275) a(291,281) r(249,351) a(413,434) r(135,119)
24; r(301,172) a(119,113) a(457,275) a(291,281) r(249,351) a(413,434) d(410)
25; r(301,172) a(119,113) a(457,275) d(213) d(441)
26; d(246) d(430) r(180,193) d(210) r(388,393) r(433,382) a(204,214)
27; d(166) r(334,245) d(130) a(210,337) r(253,258) a(274,278) r(177,357) d(300) d(214) r(215,31) a(188,113) r(212,193) r(373,221) d(23) a(436,416) d(339)
28; d(246) d(430) r(180,193) a(274,278) r(177,357) d(300) d(214) r(215,31) a(188,113) r(212,193) r(373,221) d(23) a(436,416) a(297,351)
29; d(166) r(334,245) d(130) a(210,337) r(253,258) d(210) r(388,393) r(433,382) d(254)
30; d(246) d(430) r(180,193) a(274,278) r(177,357) d(300) d(214) a(457,275) d(424) d(142) a(220,178) r(279,133) a(304,214) a(436,445)
31; r(301,172) a(119,113) a(457,275) d(424) d(142) a(220,178) d(166) d(112) a(278,192)
32; r(442,448) d(213) a(441,467) d(212) d(133) d(469)
33; d(175) d(214) a(246,192) r(361,29) r(255,2) r(230,21) r(398,434) a(357,31) d(1)
34; r(442,448) d(213) a(441,467) d(212) d(400)
35; d(175) d(214) a(246,192) r(361,29) r(255,2) r(230,21) r(398,434) a(357,31) d(133) a(210,475)
36; d(175) r(230,21) r(398,434) a(357,31) r(299,13) d(346)
37; r(332,343) r(177,357) d(300) d(214) r(382,419) a(188,113) r(212,193) d(214) d(213) r(235,462) r(221,154)
38; d(175) d(214) a(246,192) r(361,29) r(255,2) r(458,226) d(373) a(213,174) r(287,337)
39; r(301,172) a(119,113) a(457,275) d(213) d(178)
40; r(301,172) a(119,113) a(457,275) d(402) a(213,22)
41; d(175) d(214) r(413,392) d(353) a(291,281) r(249,351) r(212,168) d(150)
42; r(301,172) a(119,113) a(457,275) a(291,281) r(249,351) r(212,168) a(199,303)
43; d(175) d(214) r(413,392) d(353) d(402) r(164,199)
44; r(442,448) d(291) a(188,113) r(212,193) d(214) d(213) d(353) r(9,41)
45; r(442,448) d(291) a(382,435) a(13,43) r(382,419) a(382,435) a(13,43) r(382,419) a(188,113) r(212,193) d(214) d(213) a(330,290) a(2,28)
46; r(442,448) d(291) a(382,435) a(13,43) r(382,419) a(188,113) r(212,193) d(214) d(213) a(330,290) a(429,202)
47; r(442,448) d(291) a(382,435) a(13,43) r(382,419) a(188,113) r(212,193) d(214) d(213) d(353) d(243)
48; r(442,448) d(291) a(461,22) r(469,337) d(192) d(297) d(424) d(142) a(220,178) a(121,350) d(401) r(164,275)
49; d(175) d(214) d(257) d(325) d(424) d(142) a(220,178) d(166) d(331) a(202,174)
50; d(175) d(214) a(246,192) a(213,227) d(128) d(123) a(465,355)
51; r(332,343) r(177,357) d(300) d(214) r(382,419) a(188,113) r(212,193) d(214) d(213) r(235,462) a(472,45)
--------------------------------------------------------------------------------
Evaluation

0; 0.
1; 0.
2; 0.
3; 0.
4; 0.
5; 0.
6; 0.
7; 0.
8; 0.
9; 0.
10; 0.
11; 0.
12; 0.
13; 0.
14; 0.
15; 0.
16; 0.
17; 0.
18; 0.
19; 0.
20; 0.
21; 0.
22; 0.
23; 0.
24; 0.
25; 0.
26; 0.
27; 0.
28; 0.
29; 0.
30; 0.
31; 0.
32; 0.
33; 0.
34; 0.
35; 0.
36; 0.
37; 0.
38; 0.
39; 0.
40; 0.
41; 0.
42; 0.
43; 0.
44; 0.
45; 0.
46; 0.
47; 0.
48; 0.
49; 0.
50; 0.
51; 0.
================================================================================
Generation 9

--------------------------------------------------------------------------------
Selection

0; 18
1; 32
2; 50
3; 39
4; 23
5; 32
6; 39
7; 8
8; 12
9; 28
10; 49
11; 8
12; 0
13; 16
14; 48
15; 7
16; 48
17; 26
18; 22
19; 1
20; 20
21; 13
22; 4
23; 11
24; 49
25; 27
26; 20
27; 51
28; 36
29; 24
30; 11
31; 1
32; 5
33; 13
34; 37
35; 42
36; 45
37; 2
38; 51
39; 10
--------------------------------------------------------------------------------
Crossover

0; 26; d(246) d(430) r(180,193) d(210) r(388,393) r(433,382) a(204,214)
1; 45; r(442,448) d(291) a(382,435) a(13,43) r(382,419) a(382,435) a(13,43) r(382,419) a(188,113) r(212,193) d(214) d(213) a(330,290) a(2,28)
2; 28, 16; d(246) d(430) r(180,193) a(274,278) r(177,357) d(300) d(214) r(215,31) a(188,113) r(212,193) r(373,221) d(23) a(436,416) a(297,351) a(351,173) a(405,154) a(171,415) d(298)
3; 28, 16; d(175)
4; 28; d(246) d(430) r(180,193) a(274,278) r(177,357) d(300) d(214) r(215,31) a(188,113) r(212,193) r(373,221) d(23) a(436,416) a(297,351)
5; 16; d(175) a(351,173) a(405,154) a(171,415) d(298)
6; 32; r(442,448) d(213) a(441,467) d(212) d(133) d(469)
7; 20; d(175) r(249,444) d(298) d(437) r(210,406)
8; 0; d(175) d(214) d(257) d(325) a(475,45) a(344,346)
9; 18; d(175) d(214) a(246,192) r(361,29) r(255,2) r(458,226) d(373) a(213,174) d(253)
10; 51; r(332,343) r(177,357) d(300) d(214) r(382,419) a(188,113) r(212,193) d(214) d(213) r(235,462) a(472,45)
11; 27; d(166) r(334,245) d(130) a(210,337) r(253,258) a(274,278) r(177,357) d(300) d(214) r(215,31) a(188,113) r(212,193) r(373,221) d(23) a(436,416) d(339)
12; 22; r(301,172) a(119,113) a(457,275) d(213) r(370,455)
13; 51; r(332,343) r(177,357) d(300) d(214) r(382,419) a(188,113) r(212,193) d(214) d(213) r(235,462) a(472,45)
14; 39, 8; r(301,172) a(111,120) d(230)
15; 39, 8; r(332,343) d(401) r(376,133) r(334,245) d(130) a(210,337) r(253,258) a(441,439) a(167,167) a(119,113) a(457,275) d(213) d(178)
16; 39; r(301,172) a(119,113) a(457,275) d(213) d(178)
17; 8; r(332,343) d(401) r(376,133) r(334,245) d(130) a(210,337) r(253,258) a(441,439) a(167,167) a(111,120) d(230)
18; 13, 11; d(175) a(351,173) a(405,154) a(171,415) a(459,420) r(119,384) r(326,230) r(397,429) d(343)
19; 13, 11; d(246) d(430) r(180,193) a(274,278) r(177,357) d(157) r(255,120) d(167)
20; 13; d(175) a(351,173) a(405,154) a(171,415) d(167)
21; 11; d(246) d(430) r(180,193) a(274,278) r(177,357) d(157) r(255,120) a(459,420) r(119,384) r(326,230) r(397,429) d(343)
22; 8, 36; r(332,343) d(401) r(230,21) r(398,434) a(357,31) r(299,13) d(346)
23; 8, 36; d(175) r(376,133) r(334,245) d(130) a(210,337) r(253,258) a(441,439) a(167,167) a(111,120) d(230)
24; 8; r(332,343) d(401) r(376,133) r(334,245) d(130) a(210,337) r(253,258) a(441,439) a(167,167) a(111,120) d(230)
25; 36; d(175) r(230,21) r(398,434) a(357,31) r(299,13) d(346)
26; 1; d(175) d(214) d(257) d(325) d(424) d(142) a(220,178) d(166) d(331) a(279,344)
27; 24; r(301,172) a(119,113) a(457,275) a(291,281) r(249,351) a(413,434) d(410)
28; 48; r(442,448) d(291) a(461,22) r(469,337) d(192) d(297) d(424) d(142) a(220,178) a(121,350) d(401) r(164,275)
29; 37; r(332,343) r(177,357) d(300) d(214) r(382,419) a(188,113) r(212,193) d(214) d(213) r(235,462) r(221,154)
30; 48, 49; r(442,448) d(291) a(461,22) r(469,337) d(192) d(297) d(424) d(142) d(257) d(325) d(424) d(142) a(220,178) d(166) d(331) a(202,174)
31; 48, 49; d(175) d(214) a(220,178) a(121,350) d(401) r(164,275)
32; 48; r(442,448) d(291) a(461,22) r(469,337) d(192) d(297) d(424) d(142) a(220,178) a(121,350) d(401) r(164,275)
33; 49; d(175) d(214) d(257) d(325) d(424) d(142) a(220,178) d(166) d(331) a(202,174)
34; 5, 1; r(332,343) r(177,357) d(300) d(214) r(215,31) a(188,113) a(279,344)
35; 5, 1; d(175) d(214) d(257) d(325) d(424) d(142) a(220,178) d(166) d(331) r(429,432) d(213) d(137) a(112,275) r(359,334)
36; 5; r(332,343) r(177,357) d(300) d(214) r(215,31) a(188,113) r(429,432) d(213) d(137) a(112,275) r(359,334)
37; 1; d(175) d(214) d(257) d(325) d(424) d(142) a(220,178) d(166) d(331) a(279,344)
38; 11; d(246) d(430) r(180,193) a(274,278) r(177,357) d(157) r(255,120) a(459,420) r(119,384) r(326,230) r(397,429) d(343)
39; 49; d(175) d(214) d(257) d(325) d(424) d(142) a(220,178) d(166) d(331) a(202,174)
40; 39, 7; r(301,172) a(119,113)
41; 39, 7; r(442,448) d(213) a(441,467) d(15) a(227,281) a(457,275) d(213) d(178)
42; 39; r(301,172) a(119,113) a(457,275) d(213) d(178)
43; 7; r(442,448) d(213) a(441,467) d(15) a(227,281)
44; 2, 23; r(442,448) d(291) a(382,435) a(13,43)
45; 2, 23; r(301,172) a(119,113) a(457,275) a(291,281) r(249,351) a(413,434) r(135,119) r(382,419) a(301,1) a(432,416) d(214) r(15,171)
46; 2; r(442,448) d(291) a(382,435) a(13,43) r(382,419) a(301,1) a(432,416) d(214) r(15,171)
47; 23; r(301,172) a(119,113) a(457,275) a(291,281) r(249,351) a(413,434) r(135,119)
48; 42; r(301,172) a(119,113) a(457,275) a(291,281) r(249,351) r(212,168) a(199,303)
49; 13; d(175) a(351,173) a(405,154) a(171,415) d(167)
50; 50, 10; d(175) d(214) a(246,192) a(213,227) d(128) d(123) a(465,355) r(429,432) d(213) d(137) a(233,359) a(370,439)
51; 50, 10; r(442,448) d(291) a(382,435) a(13,43) r(215,31) a(188,113)
52; 50; d(175) d(214) a(246,192) a(213,227) d(128) d(123) a(465,355)
53; 10; r(442,448) d(291) a(382,435) a(13,43) r(215,31) a(188,113) r(429,432) d(213) d(137) a(233,359) a(370,439)
54; 12, 4; d(166) r(334,245) d(130) a(210,337) r(253,258) a(441,439) a(425,178) r(450,390) a(353,343) a(246,192) r(361,29) r(255,2) r(230,21) r(398,434) a(357,31) r(367,303) r(432,406)
55; 12, 4; d(175) d(214)
56; 12; d(166) r(334,245) d(130) a(210,337) r(253,258) a(441,439) a(425,178) r(450,390) a(353,343)
57; 4; d(175) d(214) a(246,192) r(361,29) r(255,2) r(230,21) r(398,434) a(357,31) r(367,303) r(432,406)
58; 20, 32; d(175) r(249,444) d(133) d(469)
59; 20, 32; r(442,448) d(213) a(441,467) d(212) d(298) d(437) r(210,406)
60; 20; d(175) r(249,444) d(298) d(437) r(210,406)
61; 32; r(442,448) d(213) a(441,467) d(212) d(133) d(469)
--------------------------------------------------------------------------------
Mutation

0; d(246) d(430) r(180,193) d(210) r(388,393) r(433,382) a(204,214) a(183,226)
1; r(442,448) d(291) a(382,435) a(13,43) r(382,419) a(382,435) a(13,43) r(382,419) a(188,113) r(212,193) d(214) d(213) a(330,290) a(2,28) a(255,273)
2; d(246) d(430) r(180,193) a(274,278) r(177,357) d(300) d(214) r(215,31) a(188,113) r(212,193) r(373,221) d(23) a(436,416) a(297,351) a(351,173) a(405,154) a(171,415) d(298) a(132,1)
3; d(175) d(293)
4; d(246) d(430) r(180,193) a(274,278) r(177,357) d(300) d(214) r(215,31) a(188,113) r(212,193) r(373,221) d(23) a(436,416) a(297,351) a(181,185)
5; d(175) a(351,173) a(405,154) a(171,415) d(298) r(10,362)
6; r(442,448) d(213) a(441,467) d(212) d(133) d(469) a(356,192)
7; d(175) r(249,444) d(298) d(437) r(210,406) r(289,325)
8; d(175) d(214) d(257) d(325) a(475,45) a(344,346) d(199)
9; d(175) d(214) a(246,192) r(361,29) r(255,2) r(458,226) d(373) a(213,174) d(253) r(452,197)
10; r(332,343) r(177,357) d(300) d(214) r(382,419) a(188,113) r(212,193) d(214) d(213) r(235,462) a(472,45) r(189,471)
11; d(166) r(334,245) d(130) a(210,337) r(253,258) a(274,278) r(177,357) d(300) d(214) r(215,31) a(188,113) r(212,193) r(373,221) d(23) a(436,416) d(339) r(297,349)
12; r(301,172) a(119,113) a(457,275) d(213) r(370,455) d(115)
13; r(332,343) r(177,357) d(300) d(214) r(382,419) a(188,113) r(212,193) d(214) d(213) r(235,462) a(472,45) r(154,350)
14; r(301,172) a(111,120) d(230) r(24,374)
15; r(332,343) d(401) r(376,133) r(334,245) d(130) a(210,337) r(253,258) a(441,439) a(167,167) a(119,113) a(457,275) d(213) d(178) r(244,9)
16; r(301,172) a(119,113) a(457,275) d(213) d(178) r(207,294)
17; r(332,343) d(401) r(376,133) r(334,245) d(130) a(210,337) r(253,258) a(441,439) a(167,167) a(111,120) d(230) a(212,158)
18; d(175) a(351,173) a(405,154) a(171,415) a(459,420) r(119,384) r(326,230) r(397,429) d(343) d(403)
19; d(246) d(430) r(180,193) a(274,278) r(177,357) d(157) r(255,120) d(167) r(225,224)
20; d(175) a(351,173) a(405,154) a(171,415) d(167) d(323)
21; d(246) d(430) r(180,193) a(274,278) r(177,357) d(157) r(255,120) a(459,420) r(119,384) r(326,230) r(397,429) d(343) d(210)
22; r(332,343) d(401) r(230,21) r(398,434) a(357,31) r(299,13) d(346) a(380,192)
23; d(175) r(376,133) r(334,245) d(130) a(210,337) r(253,258) a(441,439) a(167,167) a(111,120) d(230) a(223,337)
24; r(332,343) d(401) r(376,133) r(334,245) d(130) a(210,337) r(253,258) a(441,439) a(167,167) a(111,120) d(230) a(213,445)
25; d(175) r(230,21) r(398,434) a(357,31) r(299,13) d(346) a(284,171)
26; d(175) d(214) d(257) d(325) d(424) d(142) a(220,178) d(166) d(331) a(279,344) d(161)
27; r(301,172) a(119,113) a(457,275) a(291,281) r(249,351) a(413,434) d(410) a(247,244)
28; r(442,448) d(291) a(461,22) r(469,337) d(192) d(297) d(424) d(142) a(220,178) a(121,350) d(401) r(164,275) a(180,425)
29; r(332,343) r(177,357) d(300) d(214) r(382,419) a(188,113) r(212,193) d(214) d(213) r(235,462) r(221,154) d(202)
30; r(442,448) d(291) a(461,22) r(469,337) d(192) d(297) d(424) d(142) d(257) d(325) d(424) d(142) a(220,178) d(166) d(331) a(202,174) a(214,272)
31; d(175) d(214) a(220,178) a(121,350) d(401) r(164,275) a(275,139)
32; r(442,448) d(291) a(461,22) r(469,337) d(192) d(297) d(424) d(142) a(220,178) a(121,350) d(401) r(164,275) a(214,175)
33; d(175) d(214) d(257) d(325) d(424) d(142) a(220,178) d(166) d(331) a(202,174) a(236,249)
34; r(332,343) r(177,357) d(300) d(214) r(215,31) a(188,113) a(279,344) r(468,384)
35; d(175) d(214) d(257) d(325) d(424) d(142) a(220,178) d(166) d(331) r(429,432) d(213) d(137) a(112,275) r(359,334) d(374)
36; r(332,343) r(177,357) d(300) d(214) r(215,31) a(188,113) r(429,432) d(213) d(137) a(112,275) r(359,334) a(240,293)
37; d(175) d(214) d(257) d(325) d(424) d(142) a(220,178) d(166) d(331) a(279,344) r(444,385)
38; d(246) d(430) r(180,193) a(274,278) r(177,357) d(157) r(255,120) a(459,420) r(119,384) r(326,230) r(397,429) d(343) a(207,158)
39; d(175) d(214) d(257) d(325) d(424) d(142) a(220,178) d(166) d(331) a(202,174) a(212,213)
40; r(301,172) a(119,113) d(384)
41; r(442,448) d(213) a(441,467) d(15) a(227,281) a(457,275) d(213) d(178) d(332)
42; r(301,172) a(119,113) a(457,275) d(213) d(178) a(406,420)
43; r(442,448) d(213) a(441,467) d(15) a(227,281) r(421,162)
44; r(442,448) d(291) a(382,435) a(13,43) a(178,153)
45; r(301,172) a(119,113) a(457,275) a(291,281) r(249,351) a(413,434) r(135,119) r(382,419) a(301,1) a(432,416) d(214) r(15,171) d(386)
46; r(442,448) d(291) a(382,435) a(13,43) r(382,419) a(301,1) a(432,416) d(214) r(15,171) a(13,178)
47; r(301,172) a(119,113) a(457,275) a(291,281) r(249,351) a(413,434) r(135,119) d(360)
48; r(301,172) a(119,113) a(457,275) a(291,281) r(249,351) r(212,168) a(199,303) a(401,52)
49; d(175) a(351,173) a(405,154) a(171,415) d(167) a(453,275)
50; d(175) d(214) a(246,192) a(213,227) d(128) d(123) a(465,355) r(429,432) d(213) d(137) a(233,359) a(370,439) a(436,52)
51; r(442,448) d(291) a(382,435) a(13,43) r(215,31) a(188,113) r(437,413)
52; d(175) d(214) a(246,192) a(213,227) d(128) d(123) a(465,355) a(287,447)
53; r(442,448) d(291) a(382,435) a(13,43) r(215,31) a(188,113) r(429,432) d(213) d(137) a(233,359) a(370,439) r(475,221)
54; d(166) r(334,245) d(130) a(210,337) r(253,258) a(441,439) a(425,178) r(450,390) a(353,343) a(246,192) r(361,29) r(255,2) r(230,21) r(398,434) a(357,31) r(367,303) r(432,406) d(226)
55; d(175) d(214) d(448)
56; d(166) r(334,245) d(130) a(210,337) r(253,258) a(441,439) a(425,178) r(450,390) a(353,343) r(359,446)
57; d(175) d(214) a(246,192) r(361,29) r(255,2) r(230,21) r(398,434) a(357,31) r(367,303) r(432,406) d(199)
58; d(175) r(249,444) d(133) d(469) d(121)
59; r(442,448) d(213) a(441,467) d(212) d(298) d(437) r(210,406) d(344)
60; d(175) r(249,444) d(298) d(437) r(210,406) d(430)
61; r(442,448) d(213) a(441,467) d(212) d(133) d(469) d(241)
--------------------------------------------------------------------------------
Evaluation

0; 0.
1; 0.
2; 0.
3; 0.
4; 0.
5; 0.
6; 0.
7; 0.
8; 0.
9; 0.
10; 0.
11; 0.
12; 0.
13; 0.
14; 0.
15; 0.
16; 0.
17; 0.
18; 0.
19; 0.
20; 0.
21; 0.
22; 0.
23; 0.
24; 0.
25; 0.
26; 0.
27; 0.
28; 0.
29; 0.
30; 0.
31; 0.
32; 0.
33; 0.
34; 0.
35; 0.
36; 0.
37; 0.
38; 0.
39; 0.
40; 0.
41; 0.
42; 0.
43; 0.
44; 0.
45; 0.
46; 0.
47; 0.
48; 0.
49; 0.
50; 0.
51; 0.
52; 0.
53; 0.
54; 0.
55; 0.
56; 10.
57; 0.
58; 0.
59; 0.
60; 0.
61; 0.
================================================================================
Generation 10

--------------------------------------------------------------------------------
Selection

0; 59
1; 3
2; 55
3; 8
4; 6
5; 35
6; 4
7; 15
8; 51
9; 12
10; 45
11; 54
12; 58
13; 40
14; 24
15; 15
16; 52
17; 22
18; 1
19; 52
20; 8
21; 58
22; 36
23; 61
24; 24
25; 8
26; 58
27; 6
28; 30
29; 61
30; 36
31; 61
32; 4
33; 48
34; 51
35; 40
36; 2
37; 50
38; 42
39; 40
--------------------------------------------------------------------------------
Crossover

0; 58, 59; d(175) d(212) d(298) d(437) r(210,406) d(344)
1; 58, 59; r(442,448) d(213) a(441,467) r(249,444) d(133) d(469) d(121)
2; 58; d(175) r(249,444) d(133) d(469) d(121)
3; 59; r(442,448) d(213) a(441,467) d(212) d(298) d(437) r(210,406) d(344)
4; 15; r(332,343) d(401) r(376,133) r(334,245) d(130) a(210,337) r(253,258) a(441,439) a(167,167) a(119,113) a(457,275) d(213) d(178) r(244,9)
5; 36; r(332,343) r(177,357) d(300) d(214) r(215,31) a(188,113) r(429,432) d(213) d(137) a(112,275) r(359,334) a(240,293)
6; 1; r(442,448) d(291) a(382,435) a(13,43) r(382,419) a(382,435) a(13,43) r(382,419) a(188,113) r(212,193) d(214) d(213) a(330,290) a(2,28) a(255,273)
7; 50; d(175) d(214) a(246,192) a(213,227) d(128) d(123) a(465,355) r(429,432) d(213) d(137) a(233,359) a(370,439) a(436,52)
8; 61; r(442,448) d(213) a(441,467) d(212) d(133) d(469) d(241)
9; 42; r(301,172) a(119,113) a(457,275) d(213) d(178) a(406,420)
10; 61, 4; r(442,448) d(213) a(441,467) d(212) d(133) d(469) d(241) d(430) r(180,193) a(274,278) r(177,357) d(300) d(214) r(215,31) a(188,113) r(212,193) r(373,221) d(23) a(436,416) a(297,351) a(181,185)
11; 61, 4; d(246)
12; 61; r(442,448) d(213) a(441,467) d(212) d(133) d(469) d(241)
13; 4; d(246) d(430) r(180,193) a(274,278) r(177,357) d(300) d(214) r(215,31) a(188,113) r(212,193) r(373,221) d(23) a(436,416) a(297,351) a(181,185)
14; 61, 55; r(442,448) d(214) d(448)
15; 61, 55; d(175) d(213) a(441,467) d(212) d(133) d(469) d(241)
16; 61; r(442,448) d(213) a(441,467) d(212) d(133) d(469) d(241)
17; 55; d(175) d(214) d(448)
18; 54; d(166) r(334,245) d(130) a(210,337) r(253,258) a(441,439) a(425,178) r(450,390) a(353,343) a(246,192) r(361,29) r(255,2) r(230,21) r(398,434) a(357,31) r(367,303) r(432,406) d(226)
19; 8; d(175) d(214) d(257) d(325) a(475,45) a(344,346) d(199)
20; 40, 51; r(301,172) a(119,113) d(384) r(437,413)
21; 40, 51; r(442,448) d(291) a(382,435) a(13,43) r(215,31) a(188,113)
22; 40; r(301,172) a(119,113) d(384)
23; 51; r(442,448) d(291) a(382,435) a(13,43) r(215,31) a(188,113) r(437,413)
24; 2, 15; d(246) d(430) r(180,193) a(274,278) r(177,357) d(300) d(214) r(215,31) a(188,113) r(212,193) r(373,221) d(23) a(436,416) a(297,351) a(351,173) a(405,154) r(376,133) r(334,245) d(130) a(210,337) r(253,258) a(441,439) a(167,167) a(119,113) a(457,275) d(213) d(178) r(244,9)
25; 2, 15; r(332,343) d(401) a(171,415) d(298) a(132,1)
26; 2; d(246) d(430) r(180,193) a(274,278) r(177,357) d(300) d(214) r(215,31) a(188,113) r(212,193) r(373,221) d(23) a(436,416) a(297,351) a(351,173) a(405,154) a(171,415) d(298) a(132,1)
27; 15; r(332,343) d(401) r(376,133) r(334,245) d(130) a(210,337) r(253,258) a(441,439) a(167,167) a(119,113) a(457,275) d(213) d(178) r(244,9)
28; 58, 45; d(175) r(249,444) d(133) a(413,434) r(135,119) r(382,419) a(301,1) a(432,416) d(214) r(15,171) d(386)
29; 58, 45; r(301,172) a(119,113) a(457,275) a(291,281) r(249,351) d(469) d(121)
30; 58; d(175) r(249,444) d(133) d(469) d(121)
31; 45; r(301,172) a(119,113) a(457,275) a(291,281) r(249,351) a(413,434) r(135,119) r(382,419) a(301,1) a(432,416) d(214) r(15,171) d(386)
32; 52, 52; d(175) a(465,355) a(287,447)
33; 52, 52; d(175) d(214) a(246,192) a(213,227) d(128) d(123) d(214) a(246,192) a(213,227) d(128) d(123) a(465,355) a(287,447)
34; 52; d(175) d(214) a(246,192) a(213,227) d(128) d(123) a(465,355) a(287,447)
35; 52; d(175) d(214) a(246,192) a(213,227) d(128) d(123) a(465,355) a(287,447)
36; 6, 58; r(442,448) d(213) a(441,467) d(212) d(133) d(469) a(356,192)
37; 6, 58; d(175) r(249,444) d(133) d(469) d(121)
38; 6; r(442,448) d(213) a(441,467) d(212) d(133) d(469) a(356,192)
39; 58; d(175) r(249,444) d(133) d(469) d(121)
40; 8; d(175) d(214) d(257) d(325) a(475,45) a(344,346) d(199)
41; 8; d(175) d(214) d(257) d(325) a(475,45) a(344,346) d(199)
42; 40; r(301,172) a(119,113) d(384)
43; 51; r(442,448) d(291) a(382,435) a(13,43) r(215,31) a(188,113) r(437,413)
44; 35; d(175) d(214) d(257) d(325) d(424) d(142) a(220,178) d(166) d(331) r(429,432) d(213) d(137) a(112,275) r(359,334) d(374)
45; 24; r(332,343) d(401) r(376,133) r(334,245) d(130) a(210,337) r(253,258) a(441,439) a(167,167) a(111,120) d(230) a(213,445)
46; 30; r(442,448) d(291) a(461,22) r(469,337) d(192) d(297) d(424) d(142) d(257) d(325) d(424) d(142) a(220,178) d(166) d(331) a(202,174) a(214,272)
47; 36; r(332,343) r(177,357) d(300) d(214) r(215,31) a(188,113) r(429,432) d(213) d(137) a(112,275) r(359,334) a(240,293)
48; 48; r(301,172) a(119,113) a(457,275) a(291,281) r(249,351) r(212,168) a(199,303) a(401,52)
49; 22; r(332,343) d(401) r(230,21) r(398,434) a(357,31) r(299,13) d(346) a(380,192)
50; 24, 6; r(332,343) d(401) r(376,133) r(334,245) d(130) a(210,337) r(253,258) a(441,439) a(167,167) a(111,120) d(230) d(469) a(356,192)
51; 24, 6; r(442,448) d(213) a(441,467) d(212) d(133) a(213,445)
52; 24; r(332,343) d(401) r(376,133) r(334,245) d(130) a(210,337) r(253,258) a(441,439) a(167,167) a(111,120) d(230) a(213,445)
53; 6; r(442,448) d(213) a(441,467) d(212) d(133) d(469) a(356,192)
54; 12, 40; r(301,172) a(119,113) a(457,275) d(213) r(370,455) d(384)
55; 12, 40; r(301,172) a(119,113) d(115)
56; 12; r(301,172) a(119,113) a(457,275) d(213) r(370,455) d(115)
57; 40; r(301,172) a(119,113) d(384)
58; 4, 3; d(246) d(430) r(180,193) a(274,278) d(293)
59; 4, 3; d(175) r(177,357) d(300) d(214) r(215,31) a(188,113) r(212,193) r(373,221) d(23) a(436,416) a(297,351) a(181,185)
60; 4; d(246) d(430) r(180,193) a(274,278) r(177,357) d(300) d(214) r(215,31) a(188,113) r(212,193) r(373,221) d(23) a(436,416) a(297,351) a(181,185)
61; 3; d(175) d(293)
--------------------------------------------------------------------------------
Mutation

0; d(175) d(212) d(298) d(437) r(210,406) d(344) d(393)
1; r(442,448) d(213) a(441,467) r(249,444) d(133) d(469) d(121) d(412)
2; d(175) r(249,444) d(133) d(469) d(121) a(118,384)
3; r(442,448) d(213) a(441,467) d(212) d(298) d(437) r(210,406) d(344) r(417,415)
4; r(332,343) d(401) r(376,133) r(334,245) d(130) a(210,337) r(253,258) a(441,439) a(167,167) a(119,113) a(457,275) d(213) d(178) r(244,9) d(214)
5; r(332,343) r(177,357) d(300) d(214) r(215,31) a(188,113) r(429,432) d(213) d(137) a(112,275) r(359,334) a(240,293) a(430,28)
6; r(442,448) d(291) a(382,435) a(13,43) r(382,419) a(382,435) a(13,43) r(382,419) a(188,113) r(212,193) d(214) d(213) a(330,290) a(2,28) a(255,273) d(194)
7; d(175) d(214) a(246,192) a(213,227) d(128) d(123) a(465,355) r(429,432) d(213) d(137) a(233,359) a(370,439) a(436,52) r(440,357)
8; r(442,448) d(213) a(441,467) d(212) d(133) d(469) d(241) r(422,368)
9; r(301,172) a(119,113) a(457,275) d(213) d(178) a(406,420) a(168,192)
10; r(442,448) d(213) a(441,467) d(212) d(133) d(469) d(241) d(430) r(180,193) a(274,278) r(177,357) d(300) d(214) r(215,31) a(188,113) r(212,193) r(373,221) d(23) a(436,416) a(297,351) a(181,185) r(278,467)
11; d(246) a(249,244)
12; r(442,448) d(213) a(441,467) d(212) d(133) d(469) d(241) d(192)
13; d(246) d(430) r(180,193) a(274,278) r(177,357) d(300) d(214) r(215,31) a(188,113) r(212,193) r(373,221) d(23) a(436,416) a(297,351) a(181,185) a(245,247)
14; r(442,448) d(214) d(448) d(247)
15; d(175) d(213) a(441,467) d(212) d(133) d(469) d(241) d(225)
16; r(442,448) d(213) a(441,467) d(212) d(133) d(469) d(241) r(339,237)
17; d(175) d(214) d(448) d(420)
18; d(166) r(334,245) d(130) a(210,337) r(253,258) a(441,439) a(425,178) r(450,390) a(353,343) a(246,192) r(361,29) r(255,2) r(230,21) r(398,434) a(357,31) r(367,303) r(432,406) d(226) a(159,151)
19; d(175) d(214) d(257) d(325) a(475,45) a(344,346) d(199) r(402,409)
20; r(301,172) a(119,113) d(384) r(437,413) r(341,162)
21; r(442,448) d(291) a(382,435) a(13,43) r(215,31) a(188,113) r(214,272)
22; r(301,172) a(119,113) d(384) a(150,390)
23; r(442,448) d(291) a(382,435) a(13,43) r(215,31) a(188,113) r(437,413) d(212)
24; d(246) d(430) r(180,193) a(274,278) r(177,357) d(300) d(214) r(215,31) a(188,113) r(212,193) r(373,221) d(23) a(436,416) a(297,351) a(351,173) a(405,154) r(376,133) r(334,245) d(130) a(210,337) r(253,258) a(441,439) a(167,167) a(119,113) a(457,275) d(213) d(178) r(244,9) d(286)
25; r(332,343) d(401) a(171,415) d(298) a(132,1) a(214,475)
26; d(246) d(430) r(180,193) a(274,278) r(177,357) d(300) d(214) r(215,31) a(188,113) r(212,193) r(373,221) d(23) a(436,416) a(297,351) a(351,173) a(405,154) a(171,415) d(298) a(132,1) a(455,444)
27; r(332,343) d(401) r(376,133) r(334,245) d(130) a(210,337) r(253,258) a(441,439) a(167,167) a(119,113) a(457,275) d(213) d(178) r(244,9) a(257,390)
28; d(175) r(249,444) d(133) a(413,434) r(135,119) r(382,419) a(301,1) a(432,416) d(214) r(15,171) d(386) a(220,420)
29; r(301,172) a(119,113) a(457,275) a(291,281) r(249,351) d(469) d(121) d(443)
30; d(175) r(249,444) d(133) d(469) d(121) r(130,446)
31; r(301,172) a(119,113) a(457,275) a(291,281) r(249,351) a(413,434) r(135,119) r(382,419) a(301,1) a(432,416) d(214) r(15,171) d(386) a(116,124)
32; d(175) a(465,355) a(287,447) a(473,467)
33; d(175) d(214) a(246,192) a(213,227) d(128) d(123) d(214) a(246,192) a(213,227) d(128) d(123) a(465,355) a(287,447) r(332,133)
34; d(175) d(214) a(246,192) a(213,227) d(128) d(123) a(465,355) a(287,447) r(418,13)
35; d(175) d(214) a(246,192) a(213,227) d(128) d(123) a(465,355) a(287,447) r(238,448)
36; r(442,448) d(213) a(441,467) d(212) d(133) d(469) a(356,192) a(192,172)
37; d(175) r(249,444) d(133) d(469) d(121) d(228)
38; r(442,448) d(213) a(441,467) d(212) d(133) d(469) a(356,192) d(194)
39; d(175) r(249,444) d(133) d(469) d(121) d(165)
40; d(175) d(214) d(257) d(325) a(475,45) a(344,346) d(199) r(330,441)
41; d(175) d(214) d(257) d(325) a(475,45) a(344,346) d(199) d(433)
42; r(301,172) a(119,113) d(384) d(212)
43; r(442,448) d(291) a(382,435) a(13,43) r(215,31) a(188,113) r(437,413) d(393)
44; d(175) d(214) d(257) d(325) d(424) d(142) a(220,178) d(166) d(331) r(429,432) d(213) d(137) a(112,275) r(359,334) d(374) r(464,467)
45; r(332,343) d(401) r(376,133) r(334,245) d(130) a(210,337) r(253,258) a(441,439) a(167,167) a(111,120) d(230) a(213,445) d(9)
46; r(442,448) d(291) a(461,22) r(469,337) d(192) d(297) d(424) d(142) d(257) d(325) d(424) d(142) a(220,178) d(166) d(331) a(202,174) a(214,272) d(391)
47; r(332,343) r(177,357) d(300) d(214) r(215,31) a(188,113) r(429,432) d(213) d(137) a(112,275) r(359,334) a(240,293) r(159,226)
48; r(301,172) a(119,113) a(457,275) a(291,281) r(249,351) r(212,168) a(199,303) a(401,52) a(133,475)
49; r(332,343) d(401) r(230,21) r(398,434) a(357,31) r(299,13) d(346) a(380,192) r(337,455)
50; r(332,343) d(401) r(376,133) r(334,245) d(130) a(210,337) r(253,258) a(441,439) a(167,167) a(111,120) d(230) d(469) a(356,192) a(403,281)
51; r(442,448) d(213) a(441,467) d(212) d(133) a(213,445) r(250,31)
52; r(332,343) d(401) r(376,133) r(334,245) d(130) a(210,337) r(253,258) a(441,439) a(167,167) a(111,120) d(230) a(213,445) r(172,2)
53; r(442,448) d(213) a(441,467) d(212) d(133) d(469) a(356,192) d(136)
54; r(301,172) a(119,113) a(457,275) d(213) r(370,455) d(384) d(410)
55; r(301,172) a(119,113) d(115) d(224)
56; r(301,172) a(119,113) a(457,275) d(213) r(370,455) d(115) r(341,332)
57; r(301,172) a(119,113) d(384) r(459,362)
58; d(246) d(430) r(180,193) a(274,278) d(293) a(257,324)
59; d(175) r(177,357) d(300) d(214) r(215,31) a(188,113) r(212,193) r(373,221) d(23) a(436,416) a(297,351) a(181,185) a(400,227)
60; d(246) d(430) r(180,193) a(274,278) r(177,357) d(300) d(214) r(215,31) a(188,113) r(212,193) r(373,221) d(23) a(436,416) a(297,351) a(181,185) d(132)
61; d(175) d(293) d(232)
--------------------------------------------------------------------------------
Evaluation

0; 0.
1; 0.
2; 0.
3; 0.
4; 0.
5; 0.
6; 0.
7; 0.
8; 0.
9; 0.
10; 0.
11; 0.
12; 0.
13; 0.
14; 0.
15; 0.
16; 0.
17; 0.
18; 0.
19; 0.
20; 0.
21; 0.
22; 0.
23; 0.
24; 0.
25; 0.
26; 0.
27; 0.
28; 0.
29; 0.
30; 10.
31; 0.
32; 0.
33; 0.
34; 0.
35; 0.
36; 0.
37; 0.
38; 0.
39; 0.
40; 0.
41; 0.
42; 0.
43; 0.
44; 0.
45; 0.
46; 0.
47; 0.
48; 0.
49; 0.
50; 0.
51; 0.
52; 0.
53; 0.
54; 0.
55; 0.
56; 0.
57; 0.
58; 0.
59; 0.
60; 0.
61; 0.
